2025-03-19 14:28:15 - INFO - train data: 13259
2025-03-19 14:28:15 - INFO - train unqiue data: 13259
2025-03-19 14:28:15 - INFO - valid data: 1474
2025-03-19 14:28:15 - INFO - valid unqiue data: 1474
2025-03-19 14:33:09 - INFO - epoch-0, train_mse_loss-0.0003892, train_kl_loss-0.0017635, val_mse_loss-0.0008864, val_kl_loss-0.0000434
2025-03-19 14:37:28 - INFO - epoch-1, train_mse_loss-0.0003323, train_kl_loss-0.0000159, val_mse_loss-0.0004033, val_kl_loss-0.0000046
2025-03-19 14:41:47 - INFO - epoch-2, train_mse_loss-0.0003316, train_kl_loss-0.0000018, val_mse_loss-0.0003442, val_kl_loss-0.0000005
2025-03-19 14:41:55 - INFO - Saved new best model at epoch 2 with validation loss 0.0003447
2025-03-19 14:46:14 - INFO - epoch-3, train_mse_loss-0.0003328, train_kl_loss-0.0000001, val_mse_loss-0.0004100, val_kl_loss-0.0000000
2025-03-19 14:50:33 - INFO - epoch-4, train_mse_loss-0.0003344, train_kl_loss-0.0000000, val_mse_loss-0.0003590, val_kl_loss-0.0000000
2025-03-19 14:54:52 - INFO - epoch-5, train_mse_loss-0.0003345, train_kl_loss--0.0000000, val_mse_loss-0.0005374, val_kl_loss--0.0000000
2025-03-19 14:59:09 - INFO - epoch-6, train_mse_loss-0.0003344, train_kl_loss--0.0000000, val_mse_loss-0.0003326, val_kl_loss--0.0000000
2025-03-19 14:59:17 - INFO - Saved new best model at epoch 6 with validation loss 0.0003326
2025-03-19 15:03:35 - INFO - epoch-7, train_mse_loss-0.0003342, train_kl_loss--0.0000000, val_mse_loss-0.0003733, val_kl_loss--0.0000000
2025-03-19 15:07:53 - INFO - epoch-8, train_mse_loss-0.0003345, train_kl_loss--0.0000000, val_mse_loss-0.0004124, val_kl_loss-0.0000000
2025-03-19 15:12:12 - INFO - epoch-9, train_mse_loss-0.0003421, train_kl_loss-0.0000000, val_mse_loss-0.0004209, val_kl_loss-0.0000000
2025-03-19 15:16:29 - INFO - epoch-10, train_mse_loss-0.0003332, train_kl_loss-0.0000000, val_mse_loss-0.0004166, val_kl_loss-0.0000000
2025-03-19 15:20:47 - INFO - epoch-11, train_mse_loss-0.0003328, train_kl_loss-0.0000000, val_mse_loss-0.0004453, val_kl_loss-0.0000000
2025-03-19 15:25:06 - INFO - epoch-12, train_mse_loss-0.0003318, train_kl_loss-0.0000000, val_mse_loss-0.0004961, val_kl_loss-0.0000000
2025-03-19 15:29:24 - INFO - epoch-13, train_mse_loss-0.0003310, train_kl_loss-0.0000000, val_mse_loss-0.0005272, val_kl_loss-0.0000000
2025-03-19 15:33:42 - INFO - epoch-14, train_mse_loss-0.0003299, train_kl_loss-0.0000000, val_mse_loss-0.0005459, val_kl_loss-0.0000000
2025-03-19 15:38:03 - INFO - epoch-15, train_mse_loss-0.0003292, train_kl_loss-0.0000000, val_mse_loss-0.0005528, val_kl_loss-0.0000000
2025-03-19 15:42:21 - INFO - epoch-16, train_mse_loss-0.0003287, train_kl_loss-0.0000000, val_mse_loss-0.0005547, val_kl_loss-0.0000000
2025-03-19 15:46:39 - INFO - epoch-17, train_mse_loss-0.0003283, train_kl_loss-0.0000000, val_mse_loss-0.0005530, val_kl_loss-0.0000000
2025-03-19 15:50:58 - INFO - epoch-18, train_mse_loss-0.0003281, train_kl_loss-0.0000000, val_mse_loss-0.0005491, val_kl_loss-0.0000000
2025-03-19 15:55:16 - INFO - epoch-19, train_mse_loss-0.0003277, train_kl_loss-0.0000000, val_mse_loss-0.0005402, val_kl_loss-0.0000000
2025-03-19 15:59:35 - INFO - epoch-20, train_mse_loss-0.0003273, train_kl_loss-0.0000000, val_mse_loss-0.0005254, val_kl_loss-0.0000000
2025-03-19 16:03:53 - INFO - epoch-21, train_mse_loss-0.0003270, train_kl_loss-0.0000000, val_mse_loss-0.0005000, val_kl_loss-0.0000000
2025-03-19 16:08:12 - INFO - epoch-22, train_mse_loss-0.0003264, train_kl_loss-0.0000000, val_mse_loss-0.0004759, val_kl_loss-0.0000000
2025-03-19 16:12:31 - INFO - epoch-23, train_mse_loss-0.0003261, train_kl_loss-0.0000000, val_mse_loss-0.0004406, val_kl_loss-0.0000000
2025-03-19 16:16:50 - INFO - epoch-24, train_mse_loss-0.0003258, train_kl_loss-0.0000000, val_mse_loss-0.0004028, val_kl_loss-0.0000000
2025-03-19 16:21:08 - INFO - epoch-25, train_mse_loss-0.0003255, train_kl_loss-0.0000000, val_mse_loss-0.0003760, val_kl_loss-0.0000000
2025-03-19 16:25:29 - INFO - epoch-26, train_mse_loss-0.0003254, train_kl_loss-0.0000000, val_mse_loss-0.0003712, val_kl_loss-0.0000000
2025-03-19 16:29:48 - INFO - epoch-27, train_mse_loss-0.0003252, train_kl_loss-0.0000000, val_mse_loss-0.0003651, val_kl_loss-0.0000000
2025-03-19 16:34:07 - INFO - epoch-28, train_mse_loss-0.0003251, train_kl_loss-0.0000000, val_mse_loss-0.0003609, val_kl_loss-0.0000000
2025-03-19 16:38:26 - INFO - epoch-29, train_mse_loss-0.0003250, train_kl_loss-0.0000000, val_mse_loss-0.0003578, val_kl_loss-0.0000000
2025-03-19 16:42:46 - INFO - epoch-30, train_mse_loss-0.0003248, train_kl_loss-0.0000000, val_mse_loss-0.0003550, val_kl_loss-0.0000000
2025-03-19 16:47:04 - INFO - epoch-31, train_mse_loss-0.0003247, train_kl_loss-0.0000000, val_mse_loss-0.0003517, val_kl_loss-0.0000000
2025-03-19 16:51:23 - INFO - epoch-32, train_mse_loss-0.0003246, train_kl_loss-0.0000000, val_mse_loss-0.0003507, val_kl_loss-0.0000000
2025-03-19 16:55:42 - INFO - epoch-33, train_mse_loss-0.0003245, train_kl_loss-0.0000000, val_mse_loss-0.0003484, val_kl_loss-0.0000000
2025-03-19 17:00:02 - INFO - epoch-34, train_mse_loss-0.0003244, train_kl_loss-0.0000000, val_mse_loss-0.0003466, val_kl_loss-0.0000000
2025-03-19 17:04:21 - INFO - epoch-35, train_mse_loss-0.0003243, train_kl_loss-0.0000000, val_mse_loss-0.0003456, val_kl_loss-0.0000000
2025-03-19 17:08:40 - INFO - epoch-36, train_mse_loss-0.0003241, train_kl_loss-0.0000000, val_mse_loss-0.0003442, val_kl_loss-0.0000000
2025-03-19 17:12:59 - INFO - epoch-37, train_mse_loss-0.0003240, train_kl_loss-0.0000000, val_mse_loss-0.0003397, val_kl_loss-0.0000000
2025-03-19 17:17:18 - INFO - epoch-38, train_mse_loss-0.0003239, train_kl_loss-0.0000000, val_mse_loss-0.0003354, val_kl_loss-0.0000000
2025-03-19 17:21:37 - INFO - epoch-39, train_mse_loss-0.0003238, train_kl_loss-0.0000000, val_mse_loss-0.0003314, val_kl_loss-0.0000000
2025-03-19 17:21:45 - INFO - Saved new best model at epoch 39 with validation loss 0.0003314
2025-03-19 17:26:07 - INFO - epoch-40, train_mse_loss-0.0003238, train_kl_loss-0.0000000, val_mse_loss-0.0003311, val_kl_loss-0.0000000
2025-03-19 17:26:15 - INFO - Saved new best model at epoch 40 with validation loss 0.0003311
2025-03-19 17:30:36 - INFO - epoch-41, train_mse_loss-0.0003237, train_kl_loss-0.0000000, val_mse_loss-0.0003303, val_kl_loss-0.0000000
2025-03-19 17:30:43 - INFO - Saved new best model at epoch 41 with validation loss 0.0003303
2025-03-19 17:35:03 - INFO - epoch-42, train_mse_loss-0.0003236, train_kl_loss-0.0000000, val_mse_loss-0.0003321, val_kl_loss-0.0000000
2025-03-19 17:39:23 - INFO - epoch-43, train_mse_loss-0.0003236, train_kl_loss-0.0000000, val_mse_loss-0.0003319, val_kl_loss-0.0000000
2025-03-19 17:43:43 - INFO - epoch-44, train_mse_loss-0.0003236, train_kl_loss-0.0000000, val_mse_loss-0.0003312, val_kl_loss-0.0000000
2025-03-19 17:48:02 - INFO - epoch-45, train_mse_loss-0.0003236, train_kl_loss-0.0000000, val_mse_loss-0.0003302, val_kl_loss-0.0000000
2025-03-19 17:48:10 - INFO - Saved new best model at epoch 45 with validation loss 0.0003302
2025-03-19 17:52:30 - INFO - epoch-46, train_mse_loss-0.0003235, train_kl_loss-0.0000000, val_mse_loss-0.0003301, val_kl_loss-0.0000000
2025-03-19 17:52:38 - INFO - Saved new best model at epoch 46 with validation loss 0.0003301
2025-03-19 17:56:58 - INFO - epoch-47, train_mse_loss-0.0003235, train_kl_loss-0.0000000, val_mse_loss-0.0003300, val_kl_loss-0.0000000
2025-03-19 17:57:06 - INFO - Saved new best model at epoch 47 with validation loss 0.0003300
2025-03-19 18:01:26 - INFO - epoch-48, train_mse_loss-0.0003235, train_kl_loss-0.0000000, val_mse_loss-0.0003292, val_kl_loss-0.0000000
2025-03-19 18:01:34 - INFO - Saved new best model at epoch 48 with validation loss 0.0003292
2025-03-19 18:05:55 - INFO - epoch-49, train_mse_loss-0.0003235, train_kl_loss-0.0000000, val_mse_loss-0.0003288, val_kl_loss-0.0000000
2025-03-19 18:06:02 - INFO - Saved new best model at epoch 49 with validation loss 0.0003288
2025-03-19 18:10:22 - INFO - epoch-50, train_mse_loss-0.0003234, train_kl_loss-0.0000000, val_mse_loss-0.0003284, val_kl_loss-0.0000000
2025-03-19 18:10:29 - INFO - Saved new best model at epoch 50 with validation loss 0.0003284
2025-03-19 18:14:48 - INFO - epoch-51, train_mse_loss-0.0003234, train_kl_loss-0.0000000, val_mse_loss-0.0003280, val_kl_loss-0.0000000
2025-03-19 18:14:56 - INFO - Saved new best model at epoch 51 with validation loss 0.0003280
2025-03-19 18:19:14 - INFO - epoch-52, train_mse_loss-0.0003234, train_kl_loss-0.0000000, val_mse_loss-0.0003284, val_kl_loss-0.0000000
2025-03-19 18:23:32 - INFO - epoch-53, train_mse_loss-0.0003233, train_kl_loss-0.0000000, val_mse_loss-0.0003289, val_kl_loss-0.0000000
2025-03-19 18:27:51 - INFO - epoch-54, train_mse_loss-0.0003233, train_kl_loss-0.0000000, val_mse_loss-0.0003290, val_kl_loss-0.0000000
2025-03-19 18:32:10 - INFO - epoch-55, train_mse_loss-0.0003233, train_kl_loss-0.0000000, val_mse_loss-0.0003292, val_kl_loss-0.0000000
2025-03-19 18:36:29 - INFO - epoch-56, train_mse_loss-0.0003233, train_kl_loss-0.0000000, val_mse_loss-0.0003292, val_kl_loss-0.0000000
2025-03-19 18:40:47 - INFO - epoch-57, train_mse_loss-0.0003232, train_kl_loss-0.0000000, val_mse_loss-0.0003290, val_kl_loss-0.0000000
2025-03-19 18:45:06 - INFO - epoch-58, train_mse_loss-0.0003232, train_kl_loss-0.0000000, val_mse_loss-0.0003291, val_kl_loss-0.0000000
2025-03-19 18:49:25 - INFO - epoch-59, train_mse_loss-0.0003232, train_kl_loss-0.0000000, val_mse_loss-0.0003290, val_kl_loss-0.0000000
2025-03-19 18:53:47 - INFO - epoch-60, train_mse_loss-0.0003232, train_kl_loss-0.0000000, val_mse_loss-0.0003286, val_kl_loss-0.0000000
2025-03-19 18:58:06 - INFO - epoch-61, train_mse_loss-0.0003232, train_kl_loss-0.0000000, val_mse_loss-0.0003287, val_kl_loss-0.0000000
2025-03-19 19:02:24 - INFO - epoch-62, train_mse_loss-0.0003232, train_kl_loss-0.0000000, val_mse_loss-0.0003285, val_kl_loss-0.0000000
2025-03-19 19:06:43 - INFO - epoch-63, train_mse_loss-0.0003232, train_kl_loss-0.0000000, val_mse_loss-0.0003286, val_kl_loss-0.0000000
2025-03-19 19:11:02 - INFO - epoch-64, train_mse_loss-0.0003232, train_kl_loss-0.0000000, val_mse_loss-0.0003286, val_kl_loss-0.0000000
2025-03-19 19:15:20 - INFO - epoch-65, train_mse_loss-0.0003232, train_kl_loss-0.0000000, val_mse_loss-0.0003285, val_kl_loss-0.0000000
2025-03-19 19:19:38 - INFO - epoch-66, train_mse_loss-0.0003232, train_kl_loss-0.0000000, val_mse_loss-0.0003284, val_kl_loss-0.0000000
2025-03-19 19:23:56 - INFO - epoch-67, train_mse_loss-0.0003232, train_kl_loss-0.0000000, val_mse_loss-0.0003288, val_kl_loss-0.0000000
2025-03-19 19:28:14 - INFO - epoch-68, train_mse_loss-0.0003232, train_kl_loss-0.0000000, val_mse_loss-0.0003286, val_kl_loss-0.0000000
2025-03-19 19:32:32 - INFO - epoch-69, train_mse_loss-0.0003232, train_kl_loss-0.0000000, val_mse_loss-0.0003284, val_kl_loss-0.0000000
2025-03-19 19:36:50 - INFO - epoch-70, train_mse_loss-0.0003232, train_kl_loss-0.0000000, val_mse_loss-0.0003287, val_kl_loss-0.0000000
2025-03-19 19:41:08 - INFO - epoch-71, train_mse_loss-0.0003232, train_kl_loss-0.0000000, val_mse_loss-0.0003285, val_kl_loss-0.0000000
2025-03-19 19:45:26 - INFO - epoch-72, train_mse_loss-0.0003232, train_kl_loss-0.0000000, val_mse_loss-0.0003286, val_kl_loss-0.0000000
2025-03-19 19:49:45 - INFO - epoch-73, train_mse_loss-0.0003232, train_kl_loss-0.0000000, val_mse_loss-0.0003285, val_kl_loss-0.0000000
2025-03-19 19:54:04 - INFO - epoch-74, train_mse_loss-0.0003232, train_kl_loss-0.0000000, val_mse_loss-0.0003285, val_kl_loss-0.0000000
2025-03-19 19:58:22 - INFO - epoch-75, train_mse_loss-0.0003231, train_kl_loss-0.0000000, val_mse_loss-0.0003285, val_kl_loss-0.0000000
2025-03-19 20:02:41 - INFO - epoch-76, train_mse_loss-0.0003231, train_kl_loss-0.0000000, val_mse_loss-0.0003280, val_kl_loss-0.0000000
2025-03-19 20:07:00 - INFO - epoch-77, train_mse_loss-0.0003231, train_kl_loss-0.0000000, val_mse_loss-0.0003282, val_kl_loss-0.0000000
2025-03-19 20:11:19 - INFO - epoch-78, train_mse_loss-0.0003231, train_kl_loss-0.0000000, val_mse_loss-0.0003282, val_kl_loss-0.0000000
2025-03-19 20:15:37 - INFO - epoch-79, train_mse_loss-0.0003231, train_kl_loss-0.0000000, val_mse_loss-0.0003284, val_kl_loss-0.0000000
2025-03-19 20:19:56 - INFO - epoch-80, train_mse_loss-0.0003231, train_kl_loss-0.0000000, val_mse_loss-0.0003284, val_kl_loss-0.0000000
2025-03-19 20:24:14 - INFO - epoch-81, train_mse_loss-0.0003231, train_kl_loss-0.0000000, val_mse_loss-0.0003282, val_kl_loss-0.0000000
2025-03-19 20:28:33 - INFO - epoch-82, train_mse_loss-0.0003231, train_kl_loss-0.0000000, val_mse_loss-0.0003284, val_kl_loss-0.0000000
2025-03-19 20:32:51 - INFO - epoch-83, train_mse_loss-0.0003231, train_kl_loss-0.0000000, val_mse_loss-0.0003280, val_kl_loss-0.0000000
2025-03-19 20:37:09 - INFO - epoch-84, train_mse_loss-0.0003231, train_kl_loss-0.0000000, val_mse_loss-0.0003280, val_kl_loss-0.0000000
2025-03-19 20:37:17 - INFO - Saved new best model at epoch 84 with validation loss 0.0003280
2025-03-19 20:41:36 - INFO - epoch-85, train_mse_loss-0.0003231, train_kl_loss-0.0000000, val_mse_loss-0.0003281, val_kl_loss-0.0000000
2025-03-19 20:45:54 - INFO - epoch-86, train_mse_loss-0.0003231, train_kl_loss-0.0000000, val_mse_loss-0.0003280, val_kl_loss-0.0000000
2025-03-19 20:46:01 - INFO - Saved new best model at epoch 86 with validation loss 0.0003280
2025-03-19 20:50:19 - INFO - epoch-87, train_mse_loss-0.0003231, train_kl_loss-0.0000000, val_mse_loss-0.0003282, val_kl_loss-0.0000000
2025-03-19 20:54:37 - INFO - epoch-88, train_mse_loss-0.0003231, train_kl_loss-0.0000000, val_mse_loss-0.0003280, val_kl_loss-0.0000000
2025-03-19 20:58:55 - INFO - epoch-89, train_mse_loss-0.0003231, train_kl_loss-0.0000000, val_mse_loss-0.0003280, val_kl_loss-0.0000000
2025-03-19 21:03:15 - INFO - epoch-90, train_mse_loss-0.0003231, train_kl_loss-0.0000000, val_mse_loss-0.0003283, val_kl_loss-0.0000000
2025-03-19 21:07:33 - INFO - epoch-91, train_mse_loss-0.0003231, train_kl_loss-0.0000000, val_mse_loss-0.0003279, val_kl_loss-0.0000000
2025-03-19 21:07:41 - INFO - Saved new best model at epoch 91 with validation loss 0.0003279
2025-03-19 21:11:59 - INFO - epoch-92, train_mse_loss-0.0003231, train_kl_loss-0.0000000, val_mse_loss-0.0003282, val_kl_loss-0.0000000
2025-03-19 21:16:18 - INFO - epoch-93, train_mse_loss-0.0003231, train_kl_loss-0.0000000, val_mse_loss-0.0003280, val_kl_loss-0.0000000
2025-03-19 21:20:36 - INFO - epoch-94, train_mse_loss-0.0003231, train_kl_loss-0.0000000, val_mse_loss-0.0003281, val_kl_loss-0.0000000
2025-03-19 21:24:54 - INFO - epoch-95, train_mse_loss-0.0003231, train_kl_loss-0.0000000, val_mse_loss-0.0003277, val_kl_loss-0.0000000
2025-03-19 21:25:02 - INFO - Saved new best model at epoch 95 with validation loss 0.0003277
2025-03-19 21:29:21 - INFO - epoch-96, train_mse_loss-0.0003231, train_kl_loss-0.0000000, val_mse_loss-0.0003278, val_kl_loss-0.0000000
2025-03-19 21:33:39 - INFO - epoch-97, train_mse_loss-0.0003231, train_kl_loss-0.0000000, val_mse_loss-0.0003280, val_kl_loss-0.0000000
2025-03-19 21:37:57 - INFO - epoch-98, train_mse_loss-0.0003231, train_kl_loss-0.0000000, val_mse_loss-0.0003277, val_kl_loss-0.0000000
2025-03-19 21:42:16 - INFO - epoch-99, train_mse_loss-0.0003231, train_kl_loss-0.0000000, val_mse_loss-0.0003278, val_kl_loss-0.0000000
2025-03-19 21:46:34 - INFO - epoch-100, train_mse_loss-0.0003231, train_kl_loss-0.0000000, val_mse_loss-0.0003281, val_kl_loss-0.0000000
2025-03-19 21:50:54 - INFO - epoch-101, train_mse_loss-0.0003231, train_kl_loss-0.0000000, val_mse_loss-0.0003278, val_kl_loss-0.0000000
2025-03-19 21:55:12 - INFO - epoch-102, train_mse_loss-0.0003231, train_kl_loss-0.0000000, val_mse_loss-0.0003280, val_kl_loss-0.0000000
2025-03-19 21:59:31 - INFO - epoch-103, train_mse_loss-0.0003231, train_kl_loss-0.0000000, val_mse_loss-0.0003280, val_kl_loss-0.0000000
2025-03-19 22:03:49 - INFO - epoch-104, train_mse_loss-0.0003231, train_kl_loss-0.0000000, val_mse_loss-0.0003277, val_kl_loss-0.0000000
2025-03-19 22:03:56 - INFO - Saved new best model at epoch 104 with validation loss 0.0003277
2025-03-19 22:08:15 - INFO - epoch-105, train_mse_loss-0.0003231, train_kl_loss-0.0000000, val_mse_loss-0.0003279, val_kl_loss-0.0000000
2025-03-19 22:12:33 - INFO - epoch-106, train_mse_loss-0.0003231, train_kl_loss-0.0000000, val_mse_loss-0.0003278, val_kl_loss-0.0000000
2025-03-19 22:16:52 - INFO - epoch-107, train_mse_loss-0.0003231, train_kl_loss-0.0000000, val_mse_loss-0.0003282, val_kl_loss-0.0000000
2025-03-19 22:21:10 - INFO - epoch-108, train_mse_loss-0.0003231, train_kl_loss-0.0000000, val_mse_loss-0.0003278, val_kl_loss-0.0000000
2025-03-19 22:25:29 - INFO - epoch-109, train_mse_loss-0.0003231, train_kl_loss-0.0000000, val_mse_loss-0.0003278, val_kl_loss-0.0000000
2025-03-19 22:29:48 - INFO - epoch-110, train_mse_loss-0.0003231, train_kl_loss-0.0000000, val_mse_loss-0.0003278, val_kl_loss-0.0000000
2025-03-19 22:34:06 - INFO - epoch-111, train_mse_loss-0.0003231, train_kl_loss-0.0000000, val_mse_loss-0.0003278, val_kl_loss-0.0000000
2025-03-19 22:38:24 - INFO - epoch-112, train_mse_loss-0.0003231, train_kl_loss-0.0000000, val_mse_loss-0.0003279, val_kl_loss-0.0000000
2025-03-19 22:42:43 - INFO - epoch-113, train_mse_loss-0.0003231, train_kl_loss-0.0000000, val_mse_loss-0.0003278, val_kl_loss-0.0000000
2025-03-19 22:47:01 - INFO - epoch-114, train_mse_loss-0.0003231, train_kl_loss-0.0000000, val_mse_loss-0.0003279, val_kl_loss-0.0000000
2025-03-19 22:51:19 - INFO - epoch-115, train_mse_loss-0.0003231, train_kl_loss-0.0000000, val_mse_loss-0.0003277, val_kl_loss-0.0000000
2025-03-19 22:55:38 - INFO - epoch-116, train_mse_loss-0.0003231, train_kl_loss-0.0000000, val_mse_loss-0.0003278, val_kl_loss-0.0000000
2025-03-19 22:59:56 - INFO - epoch-117, train_mse_loss-0.0003231, train_kl_loss-0.0000000, val_mse_loss-0.0003280, val_kl_loss-0.0000000
2025-03-19 23:04:14 - INFO - epoch-118, train_mse_loss-0.0003230, train_kl_loss-0.0000000, val_mse_loss-0.0003278, val_kl_loss-0.0000000
2025-03-19 23:08:32 - INFO - epoch-119, train_mse_loss-0.0003231, train_kl_loss-0.0000000, val_mse_loss-0.0003279, val_kl_loss-0.0000000
2025-03-19 23:12:50 - INFO - epoch-120, train_mse_loss-0.0003231, train_kl_loss-0.0000000, val_mse_loss-0.0003279, val_kl_loss-0.0000000
2025-03-19 23:17:09 - INFO - epoch-121, train_mse_loss-0.0003230, train_kl_loss-0.0000000, val_mse_loss-0.0003278, val_kl_loss-0.0000000
2025-03-19 23:21:27 - INFO - epoch-122, train_mse_loss-0.0003231, train_kl_loss-0.0000000, val_mse_loss-0.0003279, val_kl_loss-0.0000000
2025-03-19 23:25:45 - INFO - epoch-123, train_mse_loss-0.0003231, train_kl_loss-0.0000000, val_mse_loss-0.0003277, val_kl_loss-0.0000000
2025-03-19 23:30:05 - INFO - epoch-124, train_mse_loss-0.0003231, train_kl_loss-0.0000000, val_mse_loss-0.0003278, val_kl_loss-0.0000000
2025-03-19 23:34:22 - INFO - epoch-125, train_mse_loss-0.0003231, train_kl_loss-0.0000000, val_mse_loss-0.0003278, val_kl_loss-0.0000000
2025-03-19 23:38:41 - INFO - epoch-126, train_mse_loss-0.0003231, train_kl_loss-0.0000000, val_mse_loss-0.0003277, val_kl_loss-0.0000000
2025-03-19 23:42:59 - INFO - epoch-127, train_mse_loss-0.0003231, train_kl_loss-0.0000000, val_mse_loss-0.0003276, val_kl_loss-0.0000000
2025-03-19 23:43:07 - INFO - Saved new best model at epoch 127 with validation loss 0.0003276
2025-03-19 23:47:26 - INFO - epoch-128, train_mse_loss-0.0003231, train_kl_loss-0.0000000, val_mse_loss-0.0003276, val_kl_loss-0.0000000
2025-03-19 23:47:34 - INFO - Saved new best model at epoch 128 with validation loss 0.0003276
2025-03-19 23:51:53 - INFO - epoch-129, train_mse_loss-0.0003231, train_kl_loss-0.0000000, val_mse_loss-0.0003277, val_kl_loss-0.0000000
2025-03-19 23:56:11 - INFO - epoch-130, train_mse_loss-0.0003231, train_kl_loss-0.0000000, val_mse_loss-0.0003277, val_kl_loss-0.0000000
2025-03-20 00:00:30 - INFO - epoch-131, train_mse_loss-0.0003231, train_kl_loss-0.0000000, val_mse_loss-0.0003277, val_kl_loss-0.0000000
2025-03-20 00:04:48 - INFO - epoch-132, train_mse_loss-0.0003231, train_kl_loss-0.0000000, val_mse_loss-0.0003277, val_kl_loss-0.0000000
2025-03-20 00:09:06 - INFO - epoch-133, train_mse_loss-0.0003231, train_kl_loss-0.0000000, val_mse_loss-0.0003278, val_kl_loss-0.0000000
2025-03-20 00:13:24 - INFO - epoch-134, train_mse_loss-0.0003231, train_kl_loss-0.0000000, val_mse_loss-0.0003279, val_kl_loss-0.0000000
2025-03-20 00:17:43 - INFO - epoch-135, train_mse_loss-0.0003231, train_kl_loss-0.0000000, val_mse_loss-0.0003278, val_kl_loss-0.0000000
2025-03-20 00:22:03 - INFO - epoch-136, train_mse_loss-0.0003231, train_kl_loss-0.0000000, val_mse_loss-0.0003279, val_kl_loss-0.0000000
2025-03-20 00:26:22 - INFO - epoch-137, train_mse_loss-0.0003231, train_kl_loss-0.0000000, val_mse_loss-0.0003280, val_kl_loss-0.0000000
2025-03-20 00:30:40 - INFO - epoch-138, train_mse_loss-0.0003231, train_kl_loss-0.0000000, val_mse_loss-0.0003280, val_kl_loss-0.0000000
2025-03-20 00:34:57 - INFO - epoch-139, train_mse_loss-0.0003231, train_kl_loss-0.0000000, val_mse_loss-0.0003280, val_kl_loss-0.0000000
2025-03-20 00:39:15 - INFO - epoch-140, train_mse_loss-0.0003231, train_kl_loss-0.0000000, val_mse_loss-0.0003280, val_kl_loss-0.0000000
2025-03-20 00:43:33 - INFO - epoch-141, train_mse_loss-0.0003231, train_kl_loss-0.0000000, val_mse_loss-0.0003280, val_kl_loss-0.0000000
2025-03-20 00:47:51 - INFO - epoch-142, train_mse_loss-0.0003231, train_kl_loss-0.0000000, val_mse_loss-0.0003282, val_kl_loss-0.0000000
2025-03-20 00:52:09 - INFO - epoch-143, train_mse_loss-0.0003231, train_kl_loss-0.0000000, val_mse_loss-0.0003280, val_kl_loss-0.0000000
2025-03-20 00:56:26 - INFO - epoch-144, train_mse_loss-0.0003231, train_kl_loss-0.0000000, val_mse_loss-0.0003280, val_kl_loss-0.0000000
2025-03-20 01:00:44 - INFO - epoch-145, train_mse_loss-0.0003231, train_kl_loss-0.0000000, val_mse_loss-0.0003280, val_kl_loss-0.0000000
2025-03-20 01:05:03 - INFO - epoch-146, train_mse_loss-0.0003231, train_kl_loss-0.0000000, val_mse_loss-0.0003280, val_kl_loss-0.0000000
2025-03-20 01:09:21 - INFO - epoch-147, train_mse_loss-0.0003231, train_kl_loss-0.0000000, val_mse_loss-0.0003279, val_kl_loss-0.0000000
2025-03-20 01:13:38 - INFO - epoch-148, train_mse_loss-0.0003231, train_kl_loss-0.0000000, val_mse_loss-0.0003280, val_kl_loss-0.0000000
2025-03-20 01:17:58 - INFO - epoch-149, train_mse_loss-0.0003231, train_kl_loss-0.0000000, val_mse_loss-0.0003281, val_kl_loss-0.0000000
2025-03-20 01:22:17 - INFO - epoch-150, train_mse_loss-0.0003231, train_kl_loss-0.0000000, val_mse_loss-0.0003281, val_kl_loss-0.0000000
2025-03-20 01:26:35 - INFO - epoch-151, train_mse_loss-0.0003231, train_kl_loss-0.0000000, val_mse_loss-0.0003280, val_kl_loss-0.0000000
2025-03-20 01:30:54 - INFO - epoch-152, train_mse_loss-0.0003231, train_kl_loss-0.0000000, val_mse_loss-0.0003280, val_kl_loss-0.0000000
2025-03-20 01:35:13 - INFO - epoch-153, train_mse_loss-0.0003231, train_kl_loss-0.0000000, val_mse_loss-0.0003282, val_kl_loss-0.0000000
2025-03-20 01:39:31 - INFO - epoch-154, train_mse_loss-0.0003231, train_kl_loss-0.0000000, val_mse_loss-0.0003281, val_kl_loss-0.0000000
2025-03-20 01:43:48 - INFO - epoch-155, train_mse_loss-0.0003231, train_kl_loss-0.0000000, val_mse_loss-0.0003280, val_kl_loss-0.0000000
2025-03-20 01:48:06 - INFO - epoch-156, train_mse_loss-0.0003231, train_kl_loss-0.0000000, val_mse_loss-0.0003280, val_kl_loss-0.0000000
2025-03-20 01:52:25 - INFO - epoch-157, train_mse_loss-0.0003231, train_kl_loss-0.0000000, val_mse_loss-0.0003282, val_kl_loss-0.0000000
2025-03-20 01:56:42 - INFO - epoch-158, train_mse_loss-0.0003231, train_kl_loss-0.0000000, val_mse_loss-0.0003283, val_kl_loss-0.0000000
2025-03-20 02:01:01 - INFO - epoch-159, train_mse_loss-0.0003231, train_kl_loss-0.0000000, val_mse_loss-0.0003281, val_kl_loss-0.0000000
2025-03-20 02:05:20 - INFO - epoch-160, train_mse_loss-0.0003231, train_kl_loss-0.0000000, val_mse_loss-0.0003284, val_kl_loss-0.0000000
2025-03-20 02:09:39 - INFO - epoch-161, train_mse_loss-0.0003231, train_kl_loss-0.0000000, val_mse_loss-0.0003283, val_kl_loss-0.0000000
2025-03-20 02:13:57 - INFO - epoch-162, train_mse_loss-0.0003231, train_kl_loss-0.0000000, val_mse_loss-0.0003282, val_kl_loss-0.0000000
2025-03-20 02:18:15 - INFO - epoch-163, train_mse_loss-0.0003231, train_kl_loss-0.0000000, val_mse_loss-0.0003283, val_kl_loss-0.0000000
2025-03-20 02:22:33 - INFO - epoch-164, train_mse_loss-0.0003231, train_kl_loss-0.0000000, val_mse_loss-0.0003283, val_kl_loss-0.0000000
2025-03-20 02:26:52 - INFO - epoch-165, train_mse_loss-0.0003231, train_kl_loss-0.0000000, val_mse_loss-0.0003282, val_kl_loss-0.0000000
2025-03-20 02:31:11 - INFO - epoch-166, train_mse_loss-0.0003231, train_kl_loss-0.0000000, val_mse_loss-0.0003283, val_kl_loss-0.0000000
2025-03-20 02:35:31 - INFO - epoch-167, train_mse_loss-0.0003231, train_kl_loss-0.0000000, val_mse_loss-0.0003283, val_kl_loss-0.0000000
2025-03-20 02:39:50 - INFO - epoch-168, train_mse_loss-0.0003231, train_kl_loss-0.0000000, val_mse_loss-0.0003282, val_kl_loss-0.0000000
2025-03-20 02:44:10 - INFO - epoch-169, train_mse_loss-0.0003231, train_kl_loss-0.0000000, val_mse_loss-0.0003283, val_kl_loss-0.0000000
2025-03-20 02:48:28 - INFO - epoch-170, train_mse_loss-0.0003231, train_kl_loss-0.0000000, val_mse_loss-0.0003285, val_kl_loss-0.0000000
2025-03-20 02:52:47 - INFO - epoch-171, train_mse_loss-0.0003231, train_kl_loss-0.0000000, val_mse_loss-0.0003282, val_kl_loss-0.0000000
2025-03-20 02:57:06 - INFO - epoch-172, train_mse_loss-0.0003231, train_kl_loss-0.0000000, val_mse_loss-0.0003284, val_kl_loss-0.0000000
2025-03-20 03:01:25 - INFO - epoch-173, train_mse_loss-0.0003231, train_kl_loss-0.0000000, val_mse_loss-0.0003285, val_kl_loss-0.0000000
2025-03-20 03:05:43 - INFO - epoch-174, train_mse_loss-0.0003231, train_kl_loss-0.0000000, val_mse_loss-0.0003284, val_kl_loss-0.0000000
2025-03-20 03:10:03 - INFO - epoch-175, train_mse_loss-0.0003231, train_kl_loss-0.0000000, val_mse_loss-0.0003287, val_kl_loss-0.0000000
2025-03-20 03:14:21 - INFO - epoch-176, train_mse_loss-0.0003231, train_kl_loss-0.0000000, val_mse_loss-0.0003284, val_kl_loss-0.0000000
2025-03-20 03:18:40 - INFO - epoch-177, train_mse_loss-0.0003231, train_kl_loss-0.0000000, val_mse_loss-0.0003286, val_kl_loss-0.0000000
2025-03-20 03:22:58 - INFO - epoch-178, train_mse_loss-0.0003231, train_kl_loss-0.0000000, val_mse_loss-0.0003288, val_kl_loss-0.0000000
2025-03-20 03:27:17 - INFO - epoch-179, train_mse_loss-0.0003231, train_kl_loss-0.0000000, val_mse_loss-0.0003286, val_kl_loss-0.0000000
2025-03-20 03:31:37 - INFO - epoch-180, train_mse_loss-0.0003231, train_kl_loss-0.0000000, val_mse_loss-0.0003287, val_kl_loss-0.0000000
2025-03-20 03:35:57 - INFO - epoch-181, train_mse_loss-0.0003231, train_kl_loss-0.0000000, val_mse_loss-0.0003288, val_kl_loss-0.0000000
2025-03-20 03:40:16 - INFO - epoch-182, train_mse_loss-0.0003231, train_kl_loss-0.0000000, val_mse_loss-0.0003290, val_kl_loss-0.0000000
2025-03-20 03:44:35 - INFO - epoch-183, train_mse_loss-0.0003230, train_kl_loss-0.0000000, val_mse_loss-0.0003289, val_kl_loss-0.0000000
2025-03-20 03:48:54 - INFO - epoch-184, train_mse_loss-0.0003231, train_kl_loss-0.0000000, val_mse_loss-0.0003289, val_kl_loss-0.0000000
2025-03-20 03:53:13 - INFO - epoch-185, train_mse_loss-0.0003230, train_kl_loss-0.0000000, val_mse_loss-0.0003291, val_kl_loss-0.0000000
2025-03-20 03:57:32 - INFO - epoch-186, train_mse_loss-0.0003231, train_kl_loss-0.0000000, val_mse_loss-0.0003290, val_kl_loss-0.0000000
2025-03-20 04:01:51 - INFO - epoch-187, train_mse_loss-0.0003230, train_kl_loss-0.0000000, val_mse_loss-0.0003290, val_kl_loss-0.0000000
2025-03-20 04:06:10 - INFO - epoch-188, train_mse_loss-0.0003231, train_kl_loss-0.0000000, val_mse_loss-0.0003289, val_kl_loss-0.0000000
2025-03-20 04:10:28 - INFO - epoch-189, train_mse_loss-0.0003231, train_kl_loss-0.0000000, val_mse_loss-0.0003289, val_kl_loss-0.0000000
2025-03-20 04:14:47 - INFO - epoch-190, train_mse_loss-0.0003231, train_kl_loss-0.0000000, val_mse_loss-0.0003293, val_kl_loss-0.0000000
2025-03-20 04:19:07 - INFO - epoch-191, train_mse_loss-0.0003231, train_kl_loss-0.0000000, val_mse_loss-0.0003292, val_kl_loss-0.0000000
2025-03-20 04:23:26 - INFO - epoch-192, train_mse_loss-0.0003231, train_kl_loss-0.0000000, val_mse_loss-0.0003292, val_kl_loss-0.0000000
2025-03-20 04:27:44 - INFO - epoch-193, train_mse_loss-0.0003231, train_kl_loss-0.0000000, val_mse_loss-0.0003296, val_kl_loss-0.0000000
2025-03-20 04:32:04 - INFO - epoch-194, train_mse_loss-0.0003231, train_kl_loss-0.0000000, val_mse_loss-0.0003293, val_kl_loss-0.0000000
2025-03-20 04:36:21 - INFO - epoch-195, train_mse_loss-0.0003231, train_kl_loss-0.0000000, val_mse_loss-0.0003293, val_kl_loss-0.0000000
2025-03-20 04:40:41 - INFO - epoch-196, train_mse_loss-0.0003231, train_kl_loss-0.0000000, val_mse_loss-0.0003293, val_kl_loss-0.0000000
2025-03-20 04:45:03 - INFO - epoch-197, train_mse_loss-0.0003231, train_kl_loss-0.0000000, val_mse_loss-0.0003295, val_kl_loss-0.0000000
2025-03-20 04:49:23 - INFO - epoch-198, train_mse_loss-0.0003231, train_kl_loss-0.0000000, val_mse_loss-0.0003296, val_kl_loss-0.0000000
2025-03-20 04:53:41 - INFO - epoch-199, train_mse_loss-0.0003231, train_kl_loss-0.0000000, val_mse_loss-0.0003295, val_kl_loss-0.0000000
2025-03-20 04:58:00 - INFO - epoch-200, train_mse_loss-0.0003231, train_kl_loss-0.0000000, val_mse_loss-0.0003298, val_kl_loss-0.0000000
2025-03-20 05:02:20 - INFO - epoch-201, train_mse_loss-0.0003231, train_kl_loss-0.0000000, val_mse_loss-0.0003298, val_kl_loss-0.0000000
2025-03-20 05:06:38 - INFO - epoch-202, train_mse_loss-0.0003231, train_kl_loss-0.0000000, val_mse_loss-0.0003300, val_kl_loss-0.0000000
2025-03-20 05:10:56 - INFO - epoch-203, train_mse_loss-0.0003231, train_kl_loss-0.0000000, val_mse_loss-0.0003300, val_kl_loss-0.0000000
2025-03-20 05:15:15 - INFO - epoch-204, train_mse_loss-0.0003231, train_kl_loss-0.0000000, val_mse_loss-0.0003299, val_kl_loss-0.0000000
2025-03-20 05:19:34 - INFO - epoch-205, train_mse_loss-0.0003231, train_kl_loss-0.0000000, val_mse_loss-0.0003305, val_kl_loss-0.0000000
2025-03-20 05:23:52 - INFO - epoch-206, train_mse_loss-0.0003231, train_kl_loss-0.0000000, val_mse_loss-0.0003305, val_kl_loss-0.0000000
2025-03-20 05:28:10 - INFO - epoch-207, train_mse_loss-0.0003231, train_kl_loss-0.0000000, val_mse_loss-0.0003303, val_kl_loss-0.0000000
2025-03-20 05:32:29 - INFO - epoch-208, train_mse_loss-0.0003231, train_kl_loss-0.0000000, val_mse_loss-0.0003305, val_kl_loss-0.0000000
2025-03-20 05:36:48 - INFO - epoch-209, train_mse_loss-0.0003231, train_kl_loss-0.0000000, val_mse_loss-0.0003312, val_kl_loss-0.0000000
2025-03-20 05:41:07 - INFO - epoch-210, train_mse_loss-0.0003231, train_kl_loss-0.0000000, val_mse_loss-0.0003307, val_kl_loss-0.0000000
2025-03-20 05:45:26 - INFO - epoch-211, train_mse_loss-0.0003231, train_kl_loss-0.0000000, val_mse_loss-0.0003306, val_kl_loss-0.0000000
2025-03-20 05:49:45 - INFO - epoch-212, train_mse_loss-0.0003231, train_kl_loss-0.0000000, val_mse_loss-0.0003307, val_kl_loss-0.0000000
2025-03-20 05:54:03 - INFO - epoch-213, train_mse_loss-0.0003231, train_kl_loss-0.0000000, val_mse_loss-0.0003310, val_kl_loss-0.0000000
2025-03-20 05:58:21 - INFO - epoch-214, train_mse_loss-0.0003231, train_kl_loss-0.0000000, val_mse_loss-0.0003308, val_kl_loss-0.0000000
2025-03-20 06:02:40 - INFO - epoch-215, train_mse_loss-0.0003231, train_kl_loss-0.0000000, val_mse_loss-0.0003304, val_kl_loss-0.0000000
2025-03-20 06:06:59 - INFO - epoch-216, train_mse_loss-0.0003231, train_kl_loss-0.0000000, val_mse_loss-0.0003308, val_kl_loss-0.0000000
2025-03-20 06:11:17 - INFO - epoch-217, train_mse_loss-0.0003231, train_kl_loss-0.0000000, val_mse_loss-0.0003307, val_kl_loss-0.0000000
2025-03-20 06:15:36 - INFO - epoch-218, train_mse_loss-0.0003231, train_kl_loss-0.0000000, val_mse_loss-0.0003308, val_kl_loss-0.0000000
2025-03-20 06:19:54 - INFO - epoch-219, train_mse_loss-0.0003231, train_kl_loss-0.0000000, val_mse_loss-0.0003312, val_kl_loss-0.0000000
2025-03-20 06:24:13 - INFO - epoch-220, train_mse_loss-0.0003231, train_kl_loss-0.0000000, val_mse_loss-0.0003314, val_kl_loss-0.0000000
2025-03-20 06:28:32 - INFO - epoch-221, train_mse_loss-0.0003231, train_kl_loss-0.0000000, val_mse_loss-0.0003312, val_kl_loss-0.0000000
2025-03-20 06:32:51 - INFO - epoch-222, train_mse_loss-0.0003231, train_kl_loss-0.0000000, val_mse_loss-0.0003316, val_kl_loss-0.0000000
2025-03-20 06:37:12 - INFO - epoch-223, train_mse_loss-0.0003231, train_kl_loss-0.0000000, val_mse_loss-0.0003318, val_kl_loss-0.0000000
2025-03-20 06:41:31 - INFO - epoch-224, train_mse_loss-0.0003231, train_kl_loss-0.0000000, val_mse_loss-0.0003311, val_kl_loss-0.0000000
2025-03-20 06:45:51 - INFO - epoch-225, train_mse_loss-0.0003231, train_kl_loss-0.0000000, val_mse_loss-0.0003311, val_kl_loss-0.0000000
2025-03-20 06:50:10 - INFO - epoch-226, train_mse_loss-0.0003231, train_kl_loss-0.0000000, val_mse_loss-0.0003307, val_kl_loss-0.0000000
2025-03-20 06:54:27 - INFO - epoch-227, train_mse_loss-0.0003231, train_kl_loss-0.0000000, val_mse_loss-0.0003306, val_kl_loss-0.0000000
2025-03-20 06:58:46 - INFO - epoch-228, train_mse_loss-0.0003231, train_kl_loss-0.0000000, val_mse_loss-0.0003305, val_kl_loss-0.0000000
2025-03-20 07:03:06 - INFO - epoch-229, train_mse_loss-0.0003231, train_kl_loss-0.0000000, val_mse_loss-0.0003263, val_kl_loss-0.0000000
2025-03-20 07:03:14 - INFO - Saved new best model at epoch 229 with validation loss 0.0003263
2025-03-20 07:07:33 - INFO - epoch-230, train_mse_loss-0.0003231, train_kl_loss-0.0000000, val_mse_loss-0.0003269, val_kl_loss-0.0000000
2025-03-20 07:11:51 - INFO - epoch-231, train_mse_loss-0.0003231, train_kl_loss-0.0000000, val_mse_loss-0.0003270, val_kl_loss-0.0000000
2025-03-20 07:16:09 - INFO - epoch-232, train_mse_loss-0.0003231, train_kl_loss-0.0000000, val_mse_loss-0.0003272, val_kl_loss-0.0000000
2025-03-20 07:20:28 - INFO - epoch-233, train_mse_loss-0.0003231, train_kl_loss-0.0000000, val_mse_loss-0.0003275, val_kl_loss-0.0000000
2025-03-20 07:24:46 - INFO - epoch-234, train_mse_loss-0.0003231, train_kl_loss-0.0000000, val_mse_loss-0.0003273, val_kl_loss-0.0000000
2025-03-20 07:29:04 - INFO - epoch-235, train_mse_loss-0.0003231, train_kl_loss-0.0000000, val_mse_loss-0.0003276, val_kl_loss-0.0000000
2025-03-20 07:33:23 - INFO - epoch-236, train_mse_loss-0.0003231, train_kl_loss-0.0000000, val_mse_loss-0.0003276, val_kl_loss-0.0000000
2025-03-20 07:37:41 - INFO - epoch-237, train_mse_loss-0.0003231, train_kl_loss-0.0000000, val_mse_loss-0.0003274, val_kl_loss-0.0000000
2025-03-20 07:42:00 - INFO - epoch-238, train_mse_loss-0.0003231, train_kl_loss-0.0000000, val_mse_loss-0.0003276, val_kl_loss-0.0000000
2025-03-20 07:46:19 - INFO - epoch-239, train_mse_loss-0.0003231, train_kl_loss-0.0000000, val_mse_loss-0.0003275, val_kl_loss-0.0000000
2025-03-20 07:50:37 - INFO - epoch-240, train_mse_loss-0.0003231, train_kl_loss-0.0000000, val_mse_loss-0.0003275, val_kl_loss-0.0000000
2025-03-20 07:54:56 - INFO - epoch-241, train_mse_loss-0.0003231, train_kl_loss-0.0000000, val_mse_loss-0.0003271, val_kl_loss-0.0000000
2025-03-20 07:59:17 - INFO - epoch-242, train_mse_loss-0.0003231, train_kl_loss-0.0000000, val_mse_loss-0.0003273, val_kl_loss-0.0000000
2025-03-20 08:03:36 - INFO - epoch-243, train_mse_loss-0.0003231, train_kl_loss-0.0000000, val_mse_loss-0.0003270, val_kl_loss-0.0000000
2025-03-20 08:07:54 - INFO - epoch-244, train_mse_loss-0.0003231, train_kl_loss-0.0000000, val_mse_loss-0.0003269, val_kl_loss-0.0000000
2025-03-20 08:12:12 - INFO - epoch-245, train_mse_loss-0.0003231, train_kl_loss-0.0000000, val_mse_loss-0.0003272, val_kl_loss-0.0000000
2025-03-20 08:16:31 - INFO - epoch-246, train_mse_loss-0.0003231, train_kl_loss-0.0000000, val_mse_loss-0.0003270, val_kl_loss-0.0000000
2025-03-20 08:20:49 - INFO - epoch-247, train_mse_loss-0.0003231, train_kl_loss-0.0000000, val_mse_loss-0.0003270, val_kl_loss-0.0000000
2025-03-20 08:25:08 - INFO - epoch-248, train_mse_loss-0.0003231, train_kl_loss-0.0000000, val_mse_loss-0.0003271, val_kl_loss-0.0000000
2025-03-20 08:29:26 - INFO - epoch-249, train_mse_loss-0.0003231, train_kl_loss-0.0000000, val_mse_loss-0.0003271, val_kl_loss-0.0000000
2025-03-20 08:33:45 - INFO - epoch-250, train_mse_loss-0.0003231, train_kl_loss-0.0000000, val_mse_loss-0.0003271, val_kl_loss-0.0000000
2025-03-20 08:38:03 - INFO - epoch-251, train_mse_loss-0.0003231, train_kl_loss-0.0000000, val_mse_loss-0.0003270, val_kl_loss-0.0000000
2025-03-20 08:42:21 - INFO - epoch-252, train_mse_loss-0.0003231, train_kl_loss-0.0000000, val_mse_loss-0.0003270, val_kl_loss-0.0000000
2025-03-20 08:46:40 - INFO - epoch-253, train_mse_loss-0.0003231, train_kl_loss-0.0000000, val_mse_loss-0.0003266, val_kl_loss-0.0000000
2025-03-20 08:51:00 - INFO - epoch-254, train_mse_loss-0.0003231, train_kl_loss-0.0000000, val_mse_loss-0.0003269, val_kl_loss-0.0000000
2025-03-20 08:55:19 - INFO - epoch-255, train_mse_loss-0.0003231, train_kl_loss-0.0000000, val_mse_loss-0.0003268, val_kl_loss-0.0000000
2025-03-20 08:59:39 - INFO - epoch-256, train_mse_loss-0.0003231, train_kl_loss-0.0000000, val_mse_loss-0.0003269, val_kl_loss-0.0000000
2025-03-20 09:03:58 - INFO - epoch-257, train_mse_loss-0.0003231, train_kl_loss-0.0000000, val_mse_loss-0.0003269, val_kl_loss-0.0000000
2025-03-20 09:08:18 - INFO - epoch-258, train_mse_loss-0.0003231, train_kl_loss-0.0000000, val_mse_loss-0.0003267, val_kl_loss-0.0000000
2025-03-20 09:12:37 - INFO - epoch-259, train_mse_loss-0.0003231, train_kl_loss-0.0000000, val_mse_loss-0.0003268, val_kl_loss-0.0000000
2025-03-20 09:16:57 - INFO - epoch-260, train_mse_loss-0.0003231, train_kl_loss-0.0000000, val_mse_loss-0.0003267, val_kl_loss-0.0000000
2025-03-20 09:21:17 - INFO - epoch-261, train_mse_loss-0.0003231, train_kl_loss-0.0000000, val_mse_loss-0.0003265, val_kl_loss-0.0000000
2025-03-20 09:25:38 - INFO - epoch-262, train_mse_loss-0.0003231, train_kl_loss-0.0000000, val_mse_loss-0.0003266, val_kl_loss-0.0000000
2025-03-20 09:29:59 - INFO - epoch-263, train_mse_loss-0.0003231, train_kl_loss-0.0000000, val_mse_loss-0.0003266, val_kl_loss-0.0000000
2025-03-20 09:34:21 - INFO - epoch-264, train_mse_loss-0.0003231, train_kl_loss-0.0000000, val_mse_loss-0.0003265, val_kl_loss-0.0000000
2025-03-20 09:38:43 - INFO - epoch-265, train_mse_loss-0.0003231, train_kl_loss-0.0000000, val_mse_loss-0.0003264, val_kl_loss-0.0000000
2025-03-20 09:43:03 - INFO - epoch-266, train_mse_loss-0.0003231, train_kl_loss-0.0000000, val_mse_loss-0.0003264, val_kl_loss-0.0000000
2025-03-20 09:47:25 - INFO - epoch-267, train_mse_loss-0.0003231, train_kl_loss-0.0000000, val_mse_loss-0.0003264, val_kl_loss-0.0000000
2025-03-20 09:51:46 - INFO - epoch-268, train_mse_loss-0.0003231, train_kl_loss-0.0000000, val_mse_loss-0.0003264, val_kl_loss-0.0000000
2025-03-20 09:56:08 - INFO - epoch-269, train_mse_loss-0.0003231, train_kl_loss-0.0000000, val_mse_loss-0.0003263, val_kl_loss-0.0000000
2025-03-20 10:00:28 - INFO - epoch-270, train_mse_loss-0.0003231, train_kl_loss-0.0000000, val_mse_loss-0.0003262, val_kl_loss-0.0000000
2025-03-20 10:00:36 - INFO - Saved new best model at epoch 270 with validation loss 0.0003262
2025-03-20 10:04:56 - INFO - epoch-271, train_mse_loss-0.0003231, train_kl_loss-0.0000000, val_mse_loss-0.0003262, val_kl_loss-0.0000000
2025-03-20 10:05:05 - INFO - Saved new best model at epoch 271 with validation loss 0.0003262
2025-03-20 10:09:24 - INFO - epoch-272, train_mse_loss-0.0003231, train_kl_loss-0.0000000, val_mse_loss-0.0003263, val_kl_loss-0.0000000
2025-03-20 10:13:45 - INFO - epoch-273, train_mse_loss-0.0003231, train_kl_loss-0.0000000, val_mse_loss-0.0003264, val_kl_loss-0.0000000
2025-03-20 10:18:06 - INFO - epoch-274, train_mse_loss-0.0003231, train_kl_loss-0.0000000, val_mse_loss-0.0003263, val_kl_loss-0.0000000
2025-03-20 10:22:27 - INFO - epoch-275, train_mse_loss-0.0003231, train_kl_loss-0.0000000, val_mse_loss-0.0003264, val_kl_loss-0.0000000
2025-03-20 10:26:48 - INFO - epoch-276, train_mse_loss-0.0003231, train_kl_loss-0.0000000, val_mse_loss-0.0003263, val_kl_loss-0.0000000
2025-03-20 10:31:08 - INFO - epoch-277, train_mse_loss-0.0003231, train_kl_loss-0.0000000, val_mse_loss-0.0003261, val_kl_loss-0.0000000
2025-03-20 10:31:16 - INFO - Saved new best model at epoch 277 with validation loss 0.0003261
2025-03-20 10:35:37 - INFO - epoch-278, train_mse_loss-0.0003231, train_kl_loss-0.0000000, val_mse_loss-0.0003264, val_kl_loss-0.0000000
2025-03-20 10:39:58 - INFO - epoch-279, train_mse_loss-0.0003231, train_kl_loss-0.0000000, val_mse_loss-0.0003261, val_kl_loss-0.0000000
2025-03-20 10:44:19 - INFO - epoch-280, train_mse_loss-0.0003231, train_kl_loss-0.0000000, val_mse_loss-0.0003262, val_kl_loss-0.0000000
2025-03-20 10:48:40 - INFO - epoch-281, train_mse_loss-0.0003231, train_kl_loss-0.0000000, val_mse_loss-0.0003260, val_kl_loss-0.0000000
2025-03-20 10:48:48 - INFO - Saved new best model at epoch 281 with validation loss 0.0003260
2025-03-20 10:53:08 - INFO - epoch-282, train_mse_loss-0.0003231, train_kl_loss-0.0000000, val_mse_loss-0.0003260, val_kl_loss-0.0000000
2025-03-20 10:53:16 - INFO - Saved new best model at epoch 282 with validation loss 0.0003260
2025-03-20 10:57:37 - INFO - epoch-283, train_mse_loss-0.0003231, train_kl_loss-0.0000000, val_mse_loss-0.0003260, val_kl_loss-0.0000000
2025-03-20 11:01:57 - INFO - epoch-284, train_mse_loss-0.0003231, train_kl_loss-0.0000000, val_mse_loss-0.0003262, val_kl_loss-0.0000000
2025-03-20 11:06:20 - INFO - epoch-285, train_mse_loss-0.0003231, train_kl_loss-0.0000000, val_mse_loss-0.0003261, val_kl_loss-0.0000000
2025-03-20 11:10:40 - INFO - epoch-286, train_mse_loss-0.0003231, train_kl_loss-0.0000000, val_mse_loss-0.0003261, val_kl_loss-0.0000000
2025-03-20 11:15:00 - INFO - epoch-287, train_mse_loss-0.0003231, train_kl_loss-0.0000000, val_mse_loss-0.0003264, val_kl_loss-0.0000000
2025-03-20 11:19:23 - INFO - epoch-288, train_mse_loss-0.0003231, train_kl_loss-0.0000000, val_mse_loss-0.0003262, val_kl_loss-0.0000000
2025-03-20 11:23:44 - INFO - epoch-289, train_mse_loss-0.0003231, train_kl_loss-0.0000000, val_mse_loss-0.0003264, val_kl_loss-0.0000000
2025-03-20 11:28:05 - INFO - epoch-290, train_mse_loss-0.0003231, train_kl_loss-0.0000000, val_mse_loss-0.0003259, val_kl_loss-0.0000000
2025-03-20 11:28:13 - INFO - Saved new best model at epoch 290 with validation loss 0.0003259
2025-03-20 11:32:33 - INFO - epoch-291, train_mse_loss-0.0003231, train_kl_loss-0.0000000, val_mse_loss-0.0003262, val_kl_loss-0.0000000
2025-03-20 11:36:54 - INFO - epoch-292, train_mse_loss-0.0003231, train_kl_loss-0.0000000, val_mse_loss-0.0003262, val_kl_loss-0.0000000
2025-03-20 11:41:14 - INFO - epoch-293, train_mse_loss-0.0003231, train_kl_loss-0.0000000, val_mse_loss-0.0003260, val_kl_loss-0.0000000
2025-03-20 11:45:35 - INFO - epoch-294, train_mse_loss-0.0003231, train_kl_loss-0.0000000, val_mse_loss-0.0003260, val_kl_loss-0.0000000
2025-03-20 11:49:56 - INFO - epoch-295, train_mse_loss-0.0003231, train_kl_loss-0.0000000, val_mse_loss-0.0003262, val_kl_loss-0.0000000
2025-03-20 11:54:17 - INFO - epoch-296, train_mse_loss-0.0003231, train_kl_loss-0.0000000, val_mse_loss-0.0003261, val_kl_loss-0.0000000
2025-03-20 11:58:38 - INFO - epoch-297, train_mse_loss-0.0003231, train_kl_loss-0.0000000, val_mse_loss-0.0003262, val_kl_loss-0.0000000
2025-03-20 12:02:59 - INFO - epoch-298, train_mse_loss-0.0003231, train_kl_loss-0.0000000, val_mse_loss-0.0003264, val_kl_loss-0.0000000
2025-03-20 12:07:20 - INFO - epoch-299, train_mse_loss-0.0003231, train_kl_loss-0.0000000, val_mse_loss-0.0003261, val_kl_loss-0.0000000
2025-03-20 12:11:43 - INFO - epoch-300, train_mse_loss-0.0003231, train_kl_loss-0.0000000, val_mse_loss-0.0003263, val_kl_loss-0.0000000
2025-03-20 12:16:03 - INFO - epoch-301, train_mse_loss-0.0003231, train_kl_loss-0.0000000, val_mse_loss-0.0003262, val_kl_loss-0.0000000
2025-03-20 12:20:26 - INFO - epoch-302, train_mse_loss-0.0003231, train_kl_loss-0.0000000, val_mse_loss-0.0003262, val_kl_loss-0.0000000
2025-03-20 12:24:47 - INFO - epoch-303, train_mse_loss-0.0003231, train_kl_loss-0.0000000, val_mse_loss-0.0003263, val_kl_loss-0.0000000
2025-03-20 12:29:09 - INFO - epoch-304, train_mse_loss-0.0003231, train_kl_loss-0.0000000, val_mse_loss-0.0003262, val_kl_loss-0.0000000
2025-03-20 12:33:29 - INFO - epoch-305, train_mse_loss-0.0003231, train_kl_loss-0.0000000, val_mse_loss-0.0003261, val_kl_loss-0.0000000
2025-03-20 12:37:51 - INFO - epoch-306, train_mse_loss-0.0003231, train_kl_loss-0.0000000, val_mse_loss-0.0003264, val_kl_loss-0.0000000
2025-03-20 12:42:13 - INFO - epoch-307, train_mse_loss-0.0003231, train_kl_loss-0.0000000, val_mse_loss-0.0003263, val_kl_loss-0.0000000
2025-03-20 12:46:34 - INFO - epoch-308, train_mse_loss-0.0003231, train_kl_loss-0.0000000, val_mse_loss-0.0003264, val_kl_loss-0.0000000
2025-03-20 12:50:55 - INFO - epoch-309, train_mse_loss-0.0003231, train_kl_loss-0.0000000, val_mse_loss-0.0003264, val_kl_loss-0.0000000
2025-03-20 12:55:22 - INFO - epoch-310, train_mse_loss-0.0003231, train_kl_loss-0.0000000, val_mse_loss-0.0003263, val_kl_loss-0.0000000
2025-03-20 12:59:47 - INFO - epoch-311, train_mse_loss-0.0003231, train_kl_loss-0.0000000, val_mse_loss-0.0003263, val_kl_loss-0.0000000
2025-03-20 13:04:11 - INFO - epoch-312, train_mse_loss-0.0003231, train_kl_loss-0.0000000, val_mse_loss-0.0003263, val_kl_loss-0.0000000
2025-03-20 13:08:32 - INFO - epoch-313, train_mse_loss-0.0003231, train_kl_loss-0.0000000, val_mse_loss-0.0003261, val_kl_loss-0.0000000
2025-03-20 13:12:54 - INFO - epoch-314, train_mse_loss-0.0003231, train_kl_loss-0.0000000, val_mse_loss-0.0003262, val_kl_loss-0.0000000
2025-03-20 13:17:16 - INFO - epoch-315, train_mse_loss-0.0003231, train_kl_loss-0.0000000, val_mse_loss-0.0003263, val_kl_loss-0.0000000
2025-03-20 13:21:37 - INFO - epoch-316, train_mse_loss-0.0003231, train_kl_loss-0.0000000, val_mse_loss-0.0003262, val_kl_loss-0.0000000
2025-03-20 13:25:58 - INFO - epoch-317, train_mse_loss-0.0003231, train_kl_loss-0.0000000, val_mse_loss-0.0003264, val_kl_loss-0.0000000
2025-03-20 13:30:20 - INFO - epoch-318, train_mse_loss-0.0003231, train_kl_loss-0.0000000, val_mse_loss-0.0003263, val_kl_loss-0.0000000
2025-03-20 13:34:41 - INFO - epoch-319, train_mse_loss-0.0003231, train_kl_loss-0.0000000, val_mse_loss-0.0003263, val_kl_loss-0.0000000
2025-03-20 13:39:02 - INFO - epoch-320, train_mse_loss-0.0003231, train_kl_loss-0.0000000, val_mse_loss-0.0003262, val_kl_loss-0.0000000
2025-03-20 13:43:22 - INFO - epoch-321, train_mse_loss-0.0003231, train_kl_loss-0.0000000, val_mse_loss-0.0003264, val_kl_loss-0.0000000
2025-03-20 13:47:43 - INFO - epoch-322, train_mse_loss-0.0003231, train_kl_loss-0.0000000, val_mse_loss-0.0003263, val_kl_loss-0.0000000
2025-03-20 13:52:05 - INFO - epoch-323, train_mse_loss-0.0003231, train_kl_loss-0.0000000, val_mse_loss-0.0003265, val_kl_loss-0.0000000
2025-03-20 13:56:28 - INFO - epoch-324, train_mse_loss-0.0003231, train_kl_loss-0.0000000, val_mse_loss-0.0003262, val_kl_loss-0.0000000
2025-03-20 14:00:51 - INFO - epoch-325, train_mse_loss-0.0003231, train_kl_loss-0.0000000, val_mse_loss-0.0003264, val_kl_loss-0.0000000
2025-03-20 14:05:14 - INFO - epoch-326, train_mse_loss-0.0003231, train_kl_loss-0.0000000, val_mse_loss-0.0003263, val_kl_loss-0.0000000
2025-03-20 14:09:35 - INFO - epoch-327, train_mse_loss-0.0003231, train_kl_loss-0.0000000, val_mse_loss-0.0003264, val_kl_loss-0.0000000
2025-03-20 14:13:56 - INFO - epoch-328, train_mse_loss-0.0003231, train_kl_loss-0.0000000, val_mse_loss-0.0003264, val_kl_loss-0.0000000
2025-03-20 14:18:16 - INFO - epoch-329, train_mse_loss-0.0003231, train_kl_loss-0.0000000, val_mse_loss-0.0003265, val_kl_loss-0.0000000
2025-03-20 14:22:37 - INFO - epoch-330, train_mse_loss-0.0003231, train_kl_loss-0.0000000, val_mse_loss-0.0003264, val_kl_loss-0.0000000
2025-03-20 14:26:58 - INFO - epoch-331, train_mse_loss-0.0003231, train_kl_loss-0.0000000, val_mse_loss-0.0003263, val_kl_loss-0.0000000
2025-03-20 14:31:21 - INFO - epoch-332, train_mse_loss-0.0003231, train_kl_loss-0.0000000, val_mse_loss-0.0003267, val_kl_loss-0.0000000
2025-03-20 14:35:44 - INFO - epoch-333, train_mse_loss-0.0003231, train_kl_loss-0.0000000, val_mse_loss-0.0003262, val_kl_loss-0.0000000
2025-03-20 14:40:05 - INFO - epoch-334, train_mse_loss-0.0003231, train_kl_loss-0.0000000, val_mse_loss-0.0003264, val_kl_loss-0.0000000
2025-03-20 14:44:28 - INFO - epoch-335, train_mse_loss-0.0003231, train_kl_loss-0.0000000, val_mse_loss-0.0003264, val_kl_loss-0.0000000
2025-03-20 14:48:50 - INFO - epoch-336, train_mse_loss-0.0003231, train_kl_loss-0.0000000, val_mse_loss-0.0003265, val_kl_loss-0.0000000
2025-03-20 14:53:11 - INFO - epoch-337, train_mse_loss-0.0003231, train_kl_loss-0.0000000, val_mse_loss-0.0003264, val_kl_loss-0.0000000
2025-03-20 14:57:34 - INFO - epoch-338, train_mse_loss-0.0003231, train_kl_loss-0.0000000, val_mse_loss-0.0003265, val_kl_loss-0.0000000
2025-03-20 15:01:54 - INFO - epoch-339, train_mse_loss-0.0003231, train_kl_loss-0.0000000, val_mse_loss-0.0003262, val_kl_loss-0.0000000
2025-03-20 15:06:15 - INFO - epoch-340, train_mse_loss-0.0003231, train_kl_loss-0.0000000, val_mse_loss-0.0003262, val_kl_loss-0.0000000
2025-03-20 15:10:41 - INFO - epoch-341, train_mse_loss-0.0003231, train_kl_loss-0.0000000, val_mse_loss-0.0003265, val_kl_loss-0.0000000
2025-03-20 15:15:02 - INFO - epoch-342, train_mse_loss-0.0003231, train_kl_loss-0.0000000, val_mse_loss-0.0003264, val_kl_loss-0.0000000
2025-03-20 15:19:23 - INFO - epoch-343, train_mse_loss-0.0003231, train_kl_loss-0.0000000, val_mse_loss-0.0003264, val_kl_loss-0.0000000
2025-03-20 15:23:45 - INFO - epoch-344, train_mse_loss-0.0003231, train_kl_loss-0.0000000, val_mse_loss-0.0003262, val_kl_loss-0.0000000
2025-03-20 15:28:06 - INFO - epoch-345, train_mse_loss-0.0003231, train_kl_loss-0.0000000, val_mse_loss-0.0003265, val_kl_loss-0.0000000
2025-03-20 15:32:27 - INFO - epoch-346, train_mse_loss-0.0003231, train_kl_loss-0.0000000, val_mse_loss-0.0003264, val_kl_loss-0.0000000
2025-03-20 15:36:48 - INFO - epoch-347, train_mse_loss-0.0003231, train_kl_loss-0.0000000, val_mse_loss-0.0003262, val_kl_loss-0.0000000
2025-03-20 15:41:09 - INFO - epoch-348, train_mse_loss-0.0003231, train_kl_loss-0.0000000, val_mse_loss-0.0003262, val_kl_loss-0.0000000
2025-03-20 15:45:31 - INFO - epoch-349, train_mse_loss-0.0003231, train_kl_loss-0.0000000, val_mse_loss-0.0003265, val_kl_loss-0.0000000
2025-03-20 15:49:53 - INFO - epoch-350, train_mse_loss-0.0003231, train_kl_loss-0.0000000, val_mse_loss-0.0003264, val_kl_loss-0.0000000
2025-03-20 15:54:17 - INFO - epoch-351, train_mse_loss-0.0003231, train_kl_loss-0.0000000, val_mse_loss-0.0003262, val_kl_loss-0.0000000
2025-03-20 15:58:38 - INFO - epoch-352, train_mse_loss-0.0003231, train_kl_loss-0.0000000, val_mse_loss-0.0003264, val_kl_loss-0.0000000
2025-03-20 16:03:00 - INFO - epoch-353, train_mse_loss-0.0003231, train_kl_loss-0.0000000, val_mse_loss-0.0003265, val_kl_loss-0.0000000
2025-03-20 16:07:21 - INFO - epoch-354, train_mse_loss-0.0003231, train_kl_loss-0.0000000, val_mse_loss-0.0003264, val_kl_loss-0.0000000
2025-03-20 16:11:43 - INFO - epoch-355, train_mse_loss-0.0003231, train_kl_loss-0.0000000, val_mse_loss-0.0003265, val_kl_loss-0.0000000
2025-03-20 16:16:05 - INFO - epoch-356, train_mse_loss-0.0003231, train_kl_loss-0.0000000, val_mse_loss-0.0003264, val_kl_loss-0.0000000
2025-03-20 16:20:25 - INFO - epoch-357, train_mse_loss-0.0003231, train_kl_loss-0.0000000, val_mse_loss-0.0003265, val_kl_loss-0.0000000
2025-03-20 16:24:47 - INFO - epoch-358, train_mse_loss-0.0003231, train_kl_loss-0.0000000, val_mse_loss-0.0003263, val_kl_loss-0.0000000
2025-03-20 16:29:08 - INFO - epoch-359, train_mse_loss-0.0003231, train_kl_loss-0.0000000, val_mse_loss-0.0003266, val_kl_loss-0.0000000
2025-03-20 16:33:29 - INFO - epoch-360, train_mse_loss-0.0003231, train_kl_loss-0.0000000, val_mse_loss-0.0003262, val_kl_loss-0.0000000
2025-03-20 16:37:50 - INFO - epoch-361, train_mse_loss-0.0003231, train_kl_loss-0.0000000, val_mse_loss-0.0003263, val_kl_loss-0.0000000
2025-03-20 16:42:11 - INFO - epoch-362, train_mse_loss-0.0003231, train_kl_loss-0.0000000, val_mse_loss-0.0003266, val_kl_loss-0.0000000
2025-03-20 16:46:33 - INFO - epoch-363, train_mse_loss-0.0003231, train_kl_loss-0.0000000, val_mse_loss-0.0003267, val_kl_loss-0.0000000
2025-03-20 16:50:55 - INFO - epoch-364, train_mse_loss-0.0003231, train_kl_loss-0.0000000, val_mse_loss-0.0003263, val_kl_loss-0.0000000
2025-03-20 16:55:17 - INFO - epoch-365, train_mse_loss-0.0003231, train_kl_loss-0.0000000, val_mse_loss-0.0003263, val_kl_loss-0.0000000
2025-03-20 16:59:37 - INFO - epoch-366, train_mse_loss-0.0003231, train_kl_loss-0.0000000, val_mse_loss-0.0003264, val_kl_loss-0.0000000
2025-03-20 17:03:58 - INFO - epoch-367, train_mse_loss-0.0003231, train_kl_loss-0.0000000, val_mse_loss-0.0003264, val_kl_loss-0.0000000
2025-03-20 17:08:19 - INFO - epoch-368, train_mse_loss-0.0003231, train_kl_loss-0.0000000, val_mse_loss-0.0003264, val_kl_loss-0.0000000
2025-03-20 17:12:39 - INFO - epoch-369, train_mse_loss-0.0003231, train_kl_loss-0.0000000, val_mse_loss-0.0003266, val_kl_loss-0.0000000
2025-03-20 17:17:00 - INFO - epoch-370, train_mse_loss-0.0003231, train_kl_loss-0.0000000, val_mse_loss-0.0003264, val_kl_loss-0.0000000
2025-03-20 17:21:19 - INFO - epoch-371, train_mse_loss-0.0003231, train_kl_loss-0.0000000, val_mse_loss-0.0003263, val_kl_loss-0.0000000
2025-03-20 17:25:41 - INFO - epoch-372, train_mse_loss-0.0003231, train_kl_loss-0.0000000, val_mse_loss-0.0003261, val_kl_loss-0.0000000
2025-03-20 17:30:03 - INFO - epoch-373, train_mse_loss-0.0003231, train_kl_loss-0.0000000, val_mse_loss-0.0003263, val_kl_loss-0.0000000
2025-03-20 17:34:23 - INFO - epoch-374, train_mse_loss-0.0003231, train_kl_loss-0.0000000, val_mse_loss-0.0003263, val_kl_loss-0.0000000
2025-03-20 17:38:43 - INFO - epoch-375, train_mse_loss-0.0003231, train_kl_loss-0.0000000, val_mse_loss-0.0003263, val_kl_loss-0.0000000
2025-03-20 17:43:04 - INFO - epoch-376, train_mse_loss-0.0003231, train_kl_loss-0.0000000, val_mse_loss-0.0003264, val_kl_loss-0.0000000
2025-03-20 17:47:24 - INFO - epoch-377, train_mse_loss-0.0003231, train_kl_loss-0.0000000, val_mse_loss-0.0003263, val_kl_loss-0.0000000
2025-03-20 17:51:46 - INFO - epoch-378, train_mse_loss-0.0003231, train_kl_loss-0.0000000, val_mse_loss-0.0003264, val_kl_loss-0.0000000
2025-03-20 17:56:06 - INFO - epoch-379, train_mse_loss-0.0003231, train_kl_loss-0.0000000, val_mse_loss-0.0003264, val_kl_loss-0.0000000
2025-03-20 18:00:26 - INFO - epoch-380, train_mse_loss-0.0003231, train_kl_loss-0.0000000, val_mse_loss-0.0003264, val_kl_loss-0.0000000
2025-03-20 18:04:51 - INFO - epoch-381, train_mse_loss-0.0003231, train_kl_loss-0.0000000, val_mse_loss-0.0003263, val_kl_loss-0.0000000
2025-03-20 18:09:11 - INFO - epoch-382, train_mse_loss-0.0003231, train_kl_loss-0.0000000, val_mse_loss-0.0003263, val_kl_loss-0.0000000
2025-03-20 18:13:30 - INFO - epoch-383, train_mse_loss-0.0003231, train_kl_loss-0.0000000, val_mse_loss-0.0003262, val_kl_loss-0.0000000
2025-03-20 18:17:51 - INFO - epoch-384, train_mse_loss-0.0003231, train_kl_loss-0.0000000, val_mse_loss-0.0003264, val_kl_loss-0.0000000
2025-03-20 18:22:11 - INFO - epoch-385, train_mse_loss-0.0003231, train_kl_loss-0.0000000, val_mse_loss-0.0003263, val_kl_loss-0.0000000
2025-03-20 18:26:32 - INFO - epoch-386, train_mse_loss-0.0003231, train_kl_loss-0.0000000, val_mse_loss-0.0003265, val_kl_loss-0.0000000
2025-03-20 18:30:52 - INFO - epoch-387, train_mse_loss-0.0003231, train_kl_loss-0.0000000, val_mse_loss-0.0003264, val_kl_loss-0.0000000
2025-03-20 18:35:12 - INFO - epoch-388, train_mse_loss-0.0003231, train_kl_loss-0.0000000, val_mse_loss-0.0003264, val_kl_loss-0.0000000
2025-03-20 18:39:32 - INFO - epoch-389, train_mse_loss-0.0003232, train_kl_loss-0.0000000, val_mse_loss-0.0003265, val_kl_loss-0.0000000
2025-03-20 18:43:52 - INFO - epoch-390, train_mse_loss-0.0003231, train_kl_loss-0.0000000, val_mse_loss-0.0003262, val_kl_loss-0.0000000
2025-03-20 18:48:11 - INFO - epoch-391, train_mse_loss-0.0003231, train_kl_loss-0.0000000, val_mse_loss-0.0003264, val_kl_loss-0.0000000
2025-03-20 18:52:31 - INFO - epoch-392, train_mse_loss-0.0003231, train_kl_loss-0.0000000, val_mse_loss-0.0003265, val_kl_loss-0.0000000
2025-03-20 18:56:52 - INFO - epoch-393, train_mse_loss-0.0003231, train_kl_loss-0.0000000, val_mse_loss-0.0003264, val_kl_loss-0.0000000
2025-03-20 19:01:11 - INFO - epoch-394, train_mse_loss-0.0003231, train_kl_loss-0.0000000, val_mse_loss-0.0003263, val_kl_loss-0.0000000
2025-03-20 19:05:31 - INFO - epoch-395, train_mse_loss-0.0003231, train_kl_loss-0.0000000, val_mse_loss-0.0003262, val_kl_loss-0.0000000
2025-03-20 19:09:51 - INFO - epoch-396, train_mse_loss-0.0003231, train_kl_loss-0.0000000, val_mse_loss-0.0003264, val_kl_loss-0.0000000
2025-03-20 19:14:10 - INFO - epoch-397, train_mse_loss-0.0003231, train_kl_loss-0.0000000, val_mse_loss-0.0003264, val_kl_loss-0.0000000
2025-03-20 19:18:30 - INFO - epoch-398, train_mse_loss-0.0003231, train_kl_loss-0.0000000, val_mse_loss-0.0003266, val_kl_loss-0.0000000
2025-03-20 19:22:49 - INFO - epoch-399, train_mse_loss-0.0003231, train_kl_loss-0.0000000, val_mse_loss-0.0003265, val_kl_loss-0.0000000
2025-03-20 19:27:08 - INFO - epoch-400, train_mse_loss-0.0003231, train_kl_loss-0.0000000, val_mse_loss-0.0003261, val_kl_loss-0.0000000
2025-03-20 19:31:27 - INFO - epoch-401, train_mse_loss-0.0003232, train_kl_loss-0.0000000, val_mse_loss-0.0003263, val_kl_loss-0.0000000
2025-03-20 19:35:47 - INFO - epoch-402, train_mse_loss-0.0003231, train_kl_loss-0.0000000, val_mse_loss-0.0003265, val_kl_loss-0.0000000
2025-03-20 19:40:08 - INFO - epoch-403, train_mse_loss-0.0003231, train_kl_loss-0.0000000, val_mse_loss-0.0003263, val_kl_loss-0.0000000
2025-03-20 19:44:28 - INFO - epoch-404, train_mse_loss-0.0003231, train_kl_loss-0.0000000, val_mse_loss-0.0003264, val_kl_loss-0.0000000
2025-03-20 19:48:47 - INFO - epoch-405, train_mse_loss-0.0003232, train_kl_loss-0.0000000, val_mse_loss-0.0003263, val_kl_loss-0.0000000
2025-03-20 19:53:06 - INFO - epoch-406, train_mse_loss-0.0003231, train_kl_loss-0.0000000, val_mse_loss-0.0003263, val_kl_loss-0.0000000
2025-03-20 19:57:26 - INFO - epoch-407, train_mse_loss-0.0003232, train_kl_loss-0.0000000, val_mse_loss-0.0003263, val_kl_loss-0.0000000
2025-03-20 20:01:48 - INFO - epoch-408, train_mse_loss-0.0003231, train_kl_loss-0.0000000, val_mse_loss-0.0003264, val_kl_loss-0.0000000
2025-03-20 20:06:07 - INFO - epoch-409, train_mse_loss-0.0003231, train_kl_loss-0.0000000, val_mse_loss-0.0003264, val_kl_loss-0.0000000
2025-03-20 20:10:27 - INFO - epoch-410, train_mse_loss-0.0003231, train_kl_loss-0.0000000, val_mse_loss-0.0003265, val_kl_loss-0.0000000
2025-03-20 20:14:47 - INFO - epoch-411, train_mse_loss-0.0003231, train_kl_loss-0.0000000, val_mse_loss-0.0003266, val_kl_loss-0.0000000
2025-03-20 20:19:06 - INFO - epoch-412, train_mse_loss-0.0003231, train_kl_loss-0.0000000, val_mse_loss-0.0003264, val_kl_loss-0.0000000
2025-03-20 20:23:26 - INFO - epoch-413, train_mse_loss-0.0003231, train_kl_loss-0.0000000, val_mse_loss-0.0003264, val_kl_loss-0.0000000
2025-03-20 20:27:46 - INFO - epoch-414, train_mse_loss-0.0003231, train_kl_loss-0.0000000, val_mse_loss-0.0003264, val_kl_loss-0.0000000
2025-03-20 20:32:06 - INFO - epoch-415, train_mse_loss-0.0003231, train_kl_loss-0.0000000, val_mse_loss-0.0003266, val_kl_loss-0.0000000
2025-03-20 20:36:26 - INFO - epoch-416, train_mse_loss-0.0003231, train_kl_loss-0.0000000, val_mse_loss-0.0003266, val_kl_loss-0.0000000
2025-03-20 20:40:44 - INFO - epoch-417, train_mse_loss-0.0003231, train_kl_loss-0.0000000, val_mse_loss-0.0003264, val_kl_loss-0.0000000
2025-03-20 20:45:03 - INFO - epoch-418, train_mse_loss-0.0003231, train_kl_loss-0.0000000, val_mse_loss-0.0003262, val_kl_loss-0.0000000
2025-03-20 20:49:23 - INFO - epoch-419, train_mse_loss-0.0003231, train_kl_loss-0.0000000, val_mse_loss-0.0003263, val_kl_loss-0.0000000
2025-03-20 20:53:43 - INFO - epoch-420, train_mse_loss-0.0003231, train_kl_loss-0.0000000, val_mse_loss-0.0003263, val_kl_loss-0.0000000
2025-03-20 20:58:02 - INFO - epoch-421, train_mse_loss-0.0003231, train_kl_loss-0.0000000, val_mse_loss-0.0003267, val_kl_loss-0.0000000
2025-03-20 21:02:20 - INFO - epoch-422, train_mse_loss-0.0003231, train_kl_loss-0.0000000, val_mse_loss-0.0003265, val_kl_loss-0.0000000
2025-03-20 21:06:40 - INFO - epoch-423, train_mse_loss-0.0003231, train_kl_loss-0.0000000, val_mse_loss-0.0003265, val_kl_loss-0.0000000
2025-03-20 21:10:59 - INFO - epoch-424, train_mse_loss-0.0003231, train_kl_loss-0.0000000, val_mse_loss-0.0003265, val_kl_loss-0.0000000
2025-03-20 21:15:17 - INFO - epoch-425, train_mse_loss-0.0003231, train_kl_loss-0.0000000, val_mse_loss-0.0003264, val_kl_loss-0.0000000
2025-03-20 21:19:37 - INFO - epoch-426, train_mse_loss-0.0003231, train_kl_loss-0.0000000, val_mse_loss-0.0003264, val_kl_loss-0.0000000
2025-03-20 21:23:57 - INFO - epoch-427, train_mse_loss-0.0003231, train_kl_loss-0.0000000, val_mse_loss-0.0003265, val_kl_loss-0.0000000
2025-03-20 21:28:15 - INFO - epoch-428, train_mse_loss-0.0003231, train_kl_loss-0.0000000, val_mse_loss-0.0003266, val_kl_loss-0.0000000
2025-03-20 21:32:34 - INFO - epoch-429, train_mse_loss-0.0003231, train_kl_loss-0.0000000, val_mse_loss-0.0003263, val_kl_loss-0.0000000
2025-03-20 21:36:53 - INFO - epoch-430, train_mse_loss-0.0003231, train_kl_loss-0.0000000, val_mse_loss-0.0003264, val_kl_loss-0.0000000
2025-03-20 21:41:12 - INFO - epoch-431, train_mse_loss-0.0003231, train_kl_loss-0.0000000, val_mse_loss-0.0003265, val_kl_loss-0.0000000
2025-03-20 21:45:32 - INFO - epoch-432, train_mse_loss-0.0003231, train_kl_loss-0.0000000, val_mse_loss-0.0003264, val_kl_loss-0.0000000
2025-03-20 21:49:51 - INFO - epoch-433, train_mse_loss-0.0003231, train_kl_loss-0.0000000, val_mse_loss-0.0003263, val_kl_loss-0.0000000
2025-03-20 21:54:10 - INFO - epoch-434, train_mse_loss-0.0003231, train_kl_loss-0.0000000, val_mse_loss-0.0003264, val_kl_loss-0.0000000
2025-03-20 21:58:29 - INFO - epoch-435, train_mse_loss-0.0003231, train_kl_loss-0.0000000, val_mse_loss-0.0003265, val_kl_loss-0.0000000
2025-03-20 22:02:48 - INFO - epoch-436, train_mse_loss-0.0003231, train_kl_loss-0.0000000, val_mse_loss-0.0003265, val_kl_loss-0.0000000
2025-03-20 22:07:07 - INFO - epoch-437, train_mse_loss-0.0003231, train_kl_loss-0.0000000, val_mse_loss-0.0003263, val_kl_loss-0.0000000
2025-03-20 22:11:27 - INFO - epoch-438, train_mse_loss-0.0003231, train_kl_loss-0.0000000, val_mse_loss-0.0003263, val_kl_loss-0.0000000
2025-03-20 22:15:46 - INFO - epoch-439, train_mse_loss-0.0003231, train_kl_loss-0.0000000, val_mse_loss-0.0003264, val_kl_loss-0.0000000
2025-03-20 22:20:05 - INFO - epoch-440, train_mse_loss-0.0003231, train_kl_loss-0.0000000, val_mse_loss-0.0003265, val_kl_loss-0.0000000
2025-03-20 22:24:25 - INFO - epoch-441, train_mse_loss-0.0003231, train_kl_loss-0.0000000, val_mse_loss-0.0003263, val_kl_loss-0.0000000
2025-03-20 22:28:44 - INFO - epoch-442, train_mse_loss-0.0003231, train_kl_loss-0.0000000, val_mse_loss-0.0003265, val_kl_loss-0.0000000
2025-03-20 22:33:03 - INFO - epoch-443, train_mse_loss-0.0003231, train_kl_loss-0.0000000, val_mse_loss-0.0003262, val_kl_loss-0.0000000
2025-03-20 22:37:23 - INFO - epoch-444, train_mse_loss-0.0003231, train_kl_loss-0.0000000, val_mse_loss-0.0003263, val_kl_loss-0.0000000
2025-03-20 22:41:42 - INFO - epoch-445, train_mse_loss-0.0003231, train_kl_loss-0.0000000, val_mse_loss-0.0003263, val_kl_loss-0.0000000
2025-03-20 22:46:02 - INFO - epoch-446, train_mse_loss-0.0003231, train_kl_loss-0.0000000, val_mse_loss-0.0003262, val_kl_loss-0.0000000
2025-03-20 22:50:21 - INFO - epoch-447, train_mse_loss-0.0003231, train_kl_loss-0.0000000, val_mse_loss-0.0003263, val_kl_loss-0.0000000
2025-03-20 22:54:42 - INFO - epoch-448, train_mse_loss-0.0003231, train_kl_loss-0.0000000, val_mse_loss-0.0003264, val_kl_loss-0.0000000
2025-03-20 22:59:02 - INFO - epoch-449, train_mse_loss-0.0003231, train_kl_loss-0.0000000, val_mse_loss-0.0003263, val_kl_loss-0.0000000
2025-03-20 23:03:22 - INFO - epoch-450, train_mse_loss-0.0003231, train_kl_loss-0.0000000, val_mse_loss-0.0003264, val_kl_loss-0.0000000
2025-03-20 23:07:41 - INFO - epoch-451, train_mse_loss-0.0003231, train_kl_loss-0.0000000, val_mse_loss-0.0003263, val_kl_loss-0.0000000
2025-03-20 23:12:01 - INFO - epoch-452, train_mse_loss-0.0003231, train_kl_loss-0.0000000, val_mse_loss-0.0003265, val_kl_loss-0.0000000
2025-03-20 23:16:20 - INFO - epoch-453, train_mse_loss-0.0003231, train_kl_loss-0.0000000, val_mse_loss-0.0003265, val_kl_loss-0.0000000
2025-03-20 23:20:39 - INFO - epoch-454, train_mse_loss-0.0003231, train_kl_loss-0.0000000, val_mse_loss-0.0003264, val_kl_loss-0.0000000
2025-03-20 23:24:59 - INFO - epoch-455, train_mse_loss-0.0003231, train_kl_loss-0.0000000, val_mse_loss-0.0003264, val_kl_loss-0.0000000
2025-03-20 23:29:18 - INFO - epoch-456, train_mse_loss-0.0003231, train_kl_loss-0.0000000, val_mse_loss-0.0003264, val_kl_loss-0.0000000
2025-03-20 23:33:38 - INFO - epoch-457, train_mse_loss-0.0003231, train_kl_loss-0.0000000, val_mse_loss-0.0003268, val_kl_loss-0.0000000
2025-03-20 23:37:58 - INFO - epoch-458, train_mse_loss-0.0003231, train_kl_loss-0.0000000, val_mse_loss-0.0003265, val_kl_loss-0.0000000
2025-03-20 23:42:17 - INFO - epoch-459, train_mse_loss-0.0003231, train_kl_loss-0.0000000, val_mse_loss-0.0003265, val_kl_loss-0.0000000
2025-03-20 23:46:37 - INFO - epoch-460, train_mse_loss-0.0003231, train_kl_loss-0.0000000, val_mse_loss-0.0003266, val_kl_loss-0.0000000
2025-03-20 23:50:56 - INFO - epoch-461, train_mse_loss-0.0003231, train_kl_loss-0.0000000, val_mse_loss-0.0003263, val_kl_loss-0.0000000
2025-03-20 23:55:16 - INFO - epoch-462, train_mse_loss-0.0003231, train_kl_loss-0.0000000, val_mse_loss-0.0003266, val_kl_loss-0.0000000
2025-03-20 23:59:36 - INFO - epoch-463, train_mse_loss-0.0003231, train_kl_loss-0.0000000, val_mse_loss-0.0003263, val_kl_loss-0.0000000
2025-03-21 00:03:55 - INFO - epoch-464, train_mse_loss-0.0003231, train_kl_loss-0.0000000, val_mse_loss-0.0003263, val_kl_loss-0.0000000
2025-03-21 00:08:14 - INFO - epoch-465, train_mse_loss-0.0003231, train_kl_loss-0.0000000, val_mse_loss-0.0003264, val_kl_loss-0.0000000
2025-03-21 00:12:33 - INFO - epoch-466, train_mse_loss-0.0003231, train_kl_loss-0.0000000, val_mse_loss-0.0003264, val_kl_loss-0.0000000
2025-03-21 00:16:52 - INFO - epoch-467, train_mse_loss-0.0003231, train_kl_loss-0.0000000, val_mse_loss-0.0003264, val_kl_loss-0.0000000
2025-03-21 00:21:12 - INFO - epoch-468, train_mse_loss-0.0003231, train_kl_loss-0.0000000, val_mse_loss-0.0003263, val_kl_loss-0.0000000
2025-03-21 00:25:31 - INFO - epoch-469, train_mse_loss-0.0003231, train_kl_loss-0.0000000, val_mse_loss-0.0003267, val_kl_loss-0.0000000
2025-03-21 00:29:51 - INFO - epoch-470, train_mse_loss-0.0003232, train_kl_loss-0.0000000, val_mse_loss-0.0003263, val_kl_loss-0.0000000
2025-03-21 00:34:10 - INFO - epoch-471, train_mse_loss-0.0003231, train_kl_loss-0.0000000, val_mse_loss-0.0003263, val_kl_loss-0.0000000
2025-03-21 00:38:29 - INFO - epoch-472, train_mse_loss-0.0003231, train_kl_loss-0.0000000, val_mse_loss-0.0003262, val_kl_loss-0.0000000
2025-03-21 00:42:48 - INFO - epoch-473, train_mse_loss-0.0003231, train_kl_loss-0.0000000, val_mse_loss-0.0003263, val_kl_loss-0.0000000
2025-03-21 00:47:06 - INFO - epoch-474, train_mse_loss-0.0003231, train_kl_loss-0.0000000, val_mse_loss-0.0003262, val_kl_loss-0.0000000
2025-03-21 00:51:25 - INFO - epoch-475, train_mse_loss-0.0003231, train_kl_loss-0.0000000, val_mse_loss-0.0003263, val_kl_loss-0.0000000
2025-03-21 00:55:43 - INFO - epoch-476, train_mse_loss-0.0003231, train_kl_loss-0.0000000, val_mse_loss-0.0003266, val_kl_loss-0.0000000
2025-03-21 01:00:02 - INFO - epoch-477, train_mse_loss-0.0003231, train_kl_loss-0.0000000, val_mse_loss-0.0003264, val_kl_loss-0.0000000
2025-03-21 01:04:21 - INFO - epoch-478, train_mse_loss-0.0003231, train_kl_loss-0.0000000, val_mse_loss-0.0003263, val_kl_loss-0.0000000
2025-03-21 01:08:41 - INFO - epoch-479, train_mse_loss-0.0003231, train_kl_loss-0.0000000, val_mse_loss-0.0003263, val_kl_loss-0.0000000
2025-03-21 01:12:59 - INFO - epoch-480, train_mse_loss-0.0003231, train_kl_loss-0.0000000, val_mse_loss-0.0003266, val_kl_loss-0.0000000
2025-03-21 01:17:18 - INFO - epoch-481, train_mse_loss-0.0003231, train_kl_loss-0.0000000, val_mse_loss-0.0003265, val_kl_loss-0.0000000
2025-03-21 01:21:37 - INFO - epoch-482, train_mse_loss-0.0003231, train_kl_loss-0.0000000, val_mse_loss-0.0003263, val_kl_loss-0.0000000
2025-03-21 01:25:55 - INFO - epoch-483, train_mse_loss-0.0003231, train_kl_loss-0.0000000, val_mse_loss-0.0003264, val_kl_loss-0.0000000
2025-03-21 01:30:14 - INFO - epoch-484, train_mse_loss-0.0003231, train_kl_loss-0.0000000, val_mse_loss-0.0003263, val_kl_loss-0.0000000
2025-03-21 01:34:32 - INFO - epoch-485, train_mse_loss-0.0003231, train_kl_loss-0.0000000, val_mse_loss-0.0003264, val_kl_loss-0.0000000
2025-03-21 01:38:52 - INFO - epoch-486, train_mse_loss-0.0003231, train_kl_loss-0.0000000, val_mse_loss-0.0003264, val_kl_loss-0.0000000
2025-03-21 01:43:10 - INFO - epoch-487, train_mse_loss-0.0003231, train_kl_loss-0.0000000, val_mse_loss-0.0003263, val_kl_loss-0.0000000
2025-03-21 01:47:29 - INFO - epoch-488, train_mse_loss-0.0003231, train_kl_loss-0.0000000, val_mse_loss-0.0003264, val_kl_loss-0.0000000
2025-03-21 01:51:48 - INFO - epoch-489, train_mse_loss-0.0003231, train_kl_loss-0.0000000, val_mse_loss-0.0003266, val_kl_loss-0.0000000
2025-03-21 01:56:07 - INFO - epoch-490, train_mse_loss-0.0003231, train_kl_loss-0.0000000, val_mse_loss-0.0003264, val_kl_loss-0.0000000
2025-03-21 02:00:25 - INFO - epoch-491, train_mse_loss-0.0003231, train_kl_loss-0.0000000, val_mse_loss-0.0003266, val_kl_loss-0.0000000
2025-03-21 02:04:44 - INFO - epoch-492, train_mse_loss-0.0003231, train_kl_loss-0.0000000, val_mse_loss-0.0003263, val_kl_loss-0.0000000
2025-03-21 02:09:03 - INFO - epoch-493, train_mse_loss-0.0003232, train_kl_loss-0.0000000, val_mse_loss-0.0003263, val_kl_loss-0.0000000
2025-03-21 02:13:21 - INFO - epoch-494, train_mse_loss-0.0003231, train_kl_loss-0.0000000, val_mse_loss-0.0003266, val_kl_loss-0.0000000
2025-03-21 02:17:40 - INFO - epoch-495, train_mse_loss-0.0003231, train_kl_loss-0.0000000, val_mse_loss-0.0003266, val_kl_loss-0.0000000
2025-03-21 02:21:59 - INFO - epoch-496, train_mse_loss-0.0003231, train_kl_loss-0.0000000, val_mse_loss-0.0003267, val_kl_loss-0.0000000
2025-03-21 02:26:18 - INFO - epoch-497, train_mse_loss-0.0003231, train_kl_loss-0.0000000, val_mse_loss-0.0003264, val_kl_loss-0.0000000
2025-03-21 02:30:37 - INFO - epoch-498, train_mse_loss-0.0003231, train_kl_loss-0.0000000, val_mse_loss-0.0003265, val_kl_loss-0.0000000
2025-03-21 02:34:57 - INFO - epoch-499, train_mse_loss-0.0003231, train_kl_loss-0.0000000, val_mse_loss-0.0003264, val_kl_loss-0.0000000
