2024-12-18 17:39:36 - INFO - /mnt/cephfs/projects/2023110101_Ligand_fitting_to_EM_maps/My_Code/CryoLigate_Github/CryoLigate/GIGN/GIGN_EM/For_Elisei_Nov_2024/CryoLigate_GIGN_Unet/train_example.py
2024-12-18 17:39:36 - INFO - train data: 6806
2024-12-18 17:39:36 - INFO - valid data: 757
2024-12-18 17:42:31 - INFO - Initial_train_loss-0.0050512  Initial_val_loss-0.0050739
2024-12-18 17:42:57 - INFO - epoch-0, train_loss-0.0230342, val_loss-0.0015060
2024-12-18 17:43:20 - INFO - epoch-1, train_loss-0.0007015, val_loss-0.0015385
2024-12-18 17:43:44 - INFO - epoch-2, train_loss-0.0006797, val_loss-0.0022562
2024-12-18 17:44:07 - INFO - epoch-3, train_loss-0.0006722, val_loss-0.0019967
2024-12-18 17:44:31 - INFO - epoch-4, train_loss-0.0006685, val_loss-0.0021364
2024-12-18 17:44:54 - INFO - epoch-5, train_loss-0.0006649, val_loss-0.0017306
2024-12-18 17:45:18 - INFO - epoch-6, train_loss-0.0006640, val_loss-0.0015464
2024-12-18 17:45:41 - INFO - epoch-7, train_loss-0.0006628, val_loss-0.0014490
2024-12-18 17:46:05 - INFO - epoch-8, train_loss-0.0006615, val_loss-0.0014609
2024-12-18 17:46:29 - INFO - epoch-9, train_loss-0.0006609, val_loss-0.0015251
2024-12-18 17:46:53 - INFO - epoch-10, train_loss-0.0006595, val_loss-0.0015112
2024-12-18 17:47:16 - INFO - epoch-11, train_loss-0.0006596, val_loss-0.0013993
2024-12-18 17:47:41 - INFO - epoch-12, train_loss-0.0006591, val_loss-0.0017122
2024-12-18 17:48:05 - INFO - epoch-13, train_loss-0.0006592, val_loss-0.0017159
2024-12-18 17:48:29 - INFO - epoch-14, train_loss-0.0006584, val_loss-0.0011658
2024-12-18 17:48:52 - INFO - epoch-15, train_loss-0.0006587, val_loss-0.0012853
2024-12-18 17:49:15 - INFO - epoch-16, train_loss-0.0006583, val_loss-0.0010527
2024-12-18 17:49:39 - INFO - epoch-17, train_loss-0.0006581, val_loss-0.0013970
2024-12-18 17:50:03 - INFO - epoch-18, train_loss-0.0006578, val_loss-0.0014920
2024-12-18 17:50:26 - INFO - epoch-19, train_loss-0.0006578, val_loss-0.0012310
2024-12-18 17:50:50 - INFO - epoch-20, train_loss-0.0006576, val_loss-0.0015976
2024-12-18 17:51:13 - INFO - epoch-21, train_loss-0.0006575, val_loss-0.0014359
2024-12-18 17:51:37 - INFO - epoch-22, train_loss-0.0006576, val_loss-0.0014621
2024-12-18 17:52:01 - INFO - epoch-23, train_loss-0.0006577, val_loss-0.0022191
2024-12-18 17:52:25 - INFO - epoch-24, train_loss-0.0006579, val_loss-0.0018710
2024-12-18 17:52:48 - INFO - epoch-25, train_loss-0.0006576, val_loss-0.0011907
2024-12-18 17:53:11 - INFO - epoch-26, train_loss-0.0006572, val_loss-0.0012228
2024-12-18 17:53:35 - INFO - epoch-27, train_loss-0.0006571, val_loss-0.0019464
2024-12-18 17:53:59 - INFO - epoch-28, train_loss-0.0006573, val_loss-0.0018791
2024-12-18 17:54:23 - INFO - epoch-29, train_loss-0.0006569, val_loss-0.0018750
2024-12-18 17:54:46 - INFO - epoch-30, train_loss-0.0006566, val_loss-0.0021757
2024-12-18 17:55:09 - INFO - epoch-31, train_loss-0.0006564, val_loss-0.0033473
2024-12-18 17:55:33 - INFO - epoch-32, train_loss-0.0006566, val_loss-0.0018193
2024-12-18 17:55:56 - INFO - epoch-33, train_loss-0.0006563, val_loss-0.0015735
2024-12-18 17:56:20 - INFO - epoch-34, train_loss-0.0006573, val_loss-0.0021841
2024-12-18 17:56:43 - INFO - epoch-35, train_loss-0.0006561, val_loss-0.0014953
2024-12-18 17:57:07 - INFO - epoch-36, train_loss-0.0006574, val_loss-0.0072864
2024-12-18 17:57:30 - INFO - epoch-37, train_loss-0.0006563, val_loss-0.0032907
2024-12-18 17:57:54 - INFO - epoch-38, train_loss-0.0006562, val_loss-0.0016323
2024-12-18 17:58:17 - INFO - epoch-39, train_loss-0.0006561, val_loss-0.0022658
2024-12-18 17:58:41 - INFO - epoch-40, train_loss-0.0006569, val_loss-0.0018732
2024-12-18 17:59:04 - INFO - epoch-41, train_loss-0.0006564, val_loss-0.0021690
2024-12-18 17:59:27 - INFO - epoch-42, train_loss-0.0006555, val_loss-0.0011856
2024-12-18 17:59:52 - INFO - epoch-43, train_loss-0.0006625, val_loss-0.0017638
2024-12-18 18:00:16 - INFO - epoch-44, train_loss-0.0006682, val_loss-0.0014997
2024-12-18 18:00:40 - INFO - epoch-45, train_loss-0.0006571, val_loss-0.0016525
2024-12-18 18:01:04 - INFO - epoch-46, train_loss-0.0006568, val_loss-0.0018455
2024-12-18 18:01:28 - INFO - epoch-47, train_loss-0.0006566, val_loss-0.0015536
2024-12-18 18:01:52 - INFO - epoch-48, train_loss-0.0006564, val_loss-0.0014479
2024-12-18 18:02:16 - INFO - epoch-49, train_loss-0.0006567, val_loss-0.0013620
2024-12-18 18:02:39 - INFO - epoch-50, train_loss-0.0006569, val_loss-0.0013739
2024-12-18 18:03:02 - INFO - epoch-51, train_loss-0.0006567, val_loss-0.0014753
2024-12-18 18:03:26 - INFO - epoch-52, train_loss-0.0006570, val_loss-0.0015258
2024-12-18 18:03:49 - INFO - epoch-53, train_loss-0.0006565, val_loss-0.0013440
2024-12-18 18:04:12 - INFO - epoch-54, train_loss-0.0006564, val_loss-0.0013800
2024-12-18 18:04:36 - INFO - epoch-55, train_loss-0.0006570, val_loss-0.0022931
2024-12-18 18:04:59 - INFO - epoch-56, train_loss-0.0006560, val_loss-0.0024461
2024-12-18 18:05:23 - INFO - epoch-57, train_loss-0.0006558, val_loss-0.0057010
2024-12-18 18:05:46 - INFO - epoch-58, train_loss-0.0006561, val_loss-0.0025491
2024-12-18 18:06:09 - INFO - epoch-59, train_loss-0.0006566, val_loss-0.0017663
2024-12-18 18:06:33 - INFO - epoch-60, train_loss-0.0006576, val_loss-0.0070667
2024-12-18 18:06:56 - INFO - epoch-61, train_loss-0.0006615, val_loss-0.0029490
2024-12-18 18:07:20 - INFO - epoch-62, train_loss-0.0006562, val_loss-0.0013195
2024-12-18 18:07:43 - INFO - epoch-63, train_loss-0.0006559, val_loss-0.0012519
2024-12-18 18:08:06 - INFO - epoch-64, train_loss-0.0006560, val_loss-0.0105274
2024-12-18 18:08:30 - INFO - epoch-65, train_loss-0.0006561, val_loss-0.0009667
2024-12-18 18:08:53 - INFO - epoch-66, train_loss-0.0006555, val_loss-0.0009482
2024-12-18 18:09:16 - INFO - epoch-67, train_loss-0.0006556, val_loss-0.0009638
2024-12-18 18:09:40 - INFO - epoch-68, train_loss-0.0006564, val_loss-0.0009281
2024-12-18 18:10:03 - INFO - epoch-69, train_loss-0.0006555, val_loss-0.0010781
2024-12-18 18:10:27 - INFO - epoch-70, train_loss-0.0006559, val_loss-0.0009298
2024-12-18 18:10:50 - INFO - epoch-71, train_loss-0.0006555, val_loss-0.0008749
2024-12-18 18:11:14 - INFO - epoch-72, train_loss-0.0006580, val_loss-0.0009949
2024-12-18 18:11:37 - INFO - epoch-73, train_loss-0.0006554, val_loss-0.0009006
2024-12-18 18:12:00 - INFO - epoch-74, train_loss-0.0006555, val_loss-0.0009314
2024-12-18 18:12:25 - INFO - epoch-75, train_loss-0.0006551, val_loss-0.0010229
2024-12-18 18:12:48 - INFO - epoch-76, train_loss-0.0006553, val_loss-0.0008776
2024-12-18 18:13:13 - INFO - epoch-77, train_loss-0.0006554, val_loss-0.0009466
2024-12-18 18:13:36 - INFO - epoch-78, train_loss-0.0006552, val_loss-0.0008948
2024-12-18 18:14:00 - INFO - epoch-79, train_loss-0.0006555, val_loss-0.0008570
2024-12-18 18:14:24 - INFO - epoch-80, train_loss-0.0006567, val_loss-0.0009235
2024-12-18 18:14:48 - INFO - epoch-81, train_loss-0.0006634, val_loss-0.0007044
2024-12-18 18:15:11 - INFO - epoch-82, train_loss-0.0006567, val_loss-0.0007002
2024-12-18 18:15:35 - INFO - epoch-83, train_loss-0.0006566, val_loss-0.0007144
2024-12-18 18:15:59 - INFO - epoch-84, train_loss-0.0006558, val_loss-0.0007184
2024-12-18 18:16:24 - INFO - epoch-85, train_loss-0.0006558, val_loss-0.0006999
2024-12-18 18:16:47 - INFO - epoch-86, train_loss-0.0006554, val_loss-0.0006991
2024-12-18 18:17:10 - INFO - epoch-87, train_loss-0.0006554, val_loss-0.0007158
2024-12-18 18:17:34 - INFO - epoch-88, train_loss-0.0006552, val_loss-0.0007141
2024-12-18 18:17:57 - INFO - epoch-89, train_loss-0.0006555, val_loss-0.0007181
2024-12-18 18:18:21 - INFO - epoch-90, train_loss-0.0006559, val_loss-0.0007303
2024-12-18 18:18:44 - INFO - epoch-91, train_loss-0.0006560, val_loss-0.0008117
2024-12-18 18:19:07 - INFO - epoch-92, train_loss-0.0006553, val_loss-0.0007114
2024-12-18 18:19:31 - INFO - epoch-93, train_loss-0.0006549, val_loss-0.0007071
2024-12-18 18:19:54 - INFO - epoch-94, train_loss-0.0006550, val_loss-0.0007109
2024-12-18 18:20:18 - INFO - epoch-95, train_loss-0.0006552, val_loss-0.0007234
2024-12-18 18:20:41 - INFO - epoch-96, train_loss-0.0006548, val_loss-0.0007093
2024-12-18 18:21:06 - INFO - epoch-97, train_loss-0.0006549, val_loss-0.0007090
2024-12-18 18:21:29 - INFO - epoch-98, train_loss-0.0006551, val_loss-0.0007149
2024-12-18 18:21:54 - INFO - epoch-99, train_loss-0.0006546, val_loss-0.0007084
2024-12-18 18:22:18 - INFO - epoch-100, train_loss-0.0006546, val_loss-0.0007071
2024-12-18 18:22:41 - INFO - epoch-101, train_loss-0.0006548, val_loss-0.0007196
2024-12-18 18:23:05 - INFO - epoch-102, train_loss-0.0006549, val_loss-0.0007087
2024-12-18 18:23:28 - INFO - epoch-103, train_loss-0.0006549, val_loss-0.0007071
2024-12-18 18:23:52 - INFO - epoch-104, train_loss-0.0006552, val_loss-0.0007124
2024-12-18 18:24:16 - INFO - epoch-105, train_loss-0.0006547, val_loss-0.0007107
2024-12-18 18:24:39 - INFO - epoch-106, train_loss-0.0006548, val_loss-0.0007046
2024-12-18 18:25:03 - INFO - epoch-107, train_loss-0.0006547, val_loss-0.0007067
2024-12-18 18:25:26 - INFO - epoch-108, train_loss-0.0006545, val_loss-0.0007064
2024-12-18 18:25:49 - INFO - epoch-109, train_loss-0.0006549, val_loss-0.0007256
2024-12-18 18:26:13 - INFO - epoch-110, train_loss-0.0006549, val_loss-0.0007026
2024-12-18 18:26:36 - INFO - epoch-111, train_loss-0.0006546, val_loss-0.0007143
2024-12-18 18:27:00 - INFO - epoch-112, train_loss-0.0006546, val_loss-0.0007174
2024-12-18 18:27:23 - INFO - epoch-113, train_loss-0.0006552, val_loss-0.0007237
2024-12-18 18:27:47 - INFO - epoch-114, train_loss-0.0006547, val_loss-0.0007260
2024-12-18 18:28:10 - INFO - epoch-115, train_loss-0.0006546, val_loss-0.0007223
2024-12-18 18:28:34 - INFO - epoch-116, train_loss-0.0006545, val_loss-0.0007254
2024-12-18 18:28:57 - INFO - epoch-117, train_loss-0.0006546, val_loss-0.0007197
2024-12-18 18:29:21 - INFO - epoch-118, train_loss-0.0006552, val_loss-0.0007134
2024-12-18 18:30:42 - INFO - epoch-119, train_loss-0.0006549, val_loss-0.0007275
2024-12-18 18:32:45 - INFO - epoch-120, train_loss-0.0006546, val_loss-0.0007278
2024-12-18 18:33:09 - INFO - epoch-121, train_loss-0.0006548, val_loss-0.0007361
2024-12-18 18:33:32 - INFO - epoch-122, train_loss-0.0006546, val_loss-0.0007234
2024-12-18 18:33:56 - INFO - epoch-123, train_loss-0.0006546, val_loss-0.0007457
2024-12-18 18:34:19 - INFO - epoch-124, train_loss-0.0006549, val_loss-0.0007262
2024-12-18 18:34:42 - INFO - epoch-125, train_loss-0.0006542, val_loss-0.0007395
2024-12-18 18:35:06 - INFO - epoch-126, train_loss-0.0006547, val_loss-0.0007497
2024-12-18 18:35:29 - INFO - epoch-127, train_loss-0.0006546, val_loss-0.0007574
2024-12-18 18:35:52 - INFO - epoch-128, train_loss-0.0006543, val_loss-0.0007239
2024-12-18 18:36:16 - INFO - epoch-129, train_loss-0.0006541, val_loss-0.0007221
2024-12-18 18:36:39 - INFO - epoch-130, train_loss-0.0006545, val_loss-0.0007717
2024-12-18 18:37:02 - INFO - epoch-131, train_loss-0.0006546, val_loss-0.0007987
2024-12-18 18:37:26 - INFO - epoch-132, train_loss-0.0006549, val_loss-0.0007242
2024-12-18 18:37:49 - INFO - epoch-133, train_loss-0.0006548, val_loss-0.0007406
2024-12-18 18:38:12 - INFO - epoch-134, train_loss-0.0006544, val_loss-0.0007408
2024-12-18 18:38:36 - INFO - epoch-135, train_loss-0.0006543, val_loss-0.0007703
2024-12-18 18:38:59 - INFO - epoch-136, train_loss-0.0006554, val_loss-0.0011186
2024-12-18 18:39:23 - INFO - epoch-137, train_loss-0.0006565, val_loss-0.0007218
2024-12-18 18:39:47 - INFO - epoch-138, train_loss-0.0006551, val_loss-0.0007158
2024-12-18 18:40:10 - INFO - epoch-139, train_loss-0.0006547, val_loss-0.0007659
2024-12-18 18:40:35 - INFO - epoch-140, train_loss-0.0006548, val_loss-0.0007502
2024-12-18 18:40:58 - INFO - epoch-141, train_loss-0.0006548, val_loss-0.0008599
2024-12-18 18:41:21 - INFO - epoch-142, train_loss-0.0006545, val_loss-0.0008461
2024-12-18 18:41:45 - INFO - epoch-143, train_loss-0.0006544, val_loss-0.0007942
2024-12-18 18:42:08 - INFO - epoch-144, train_loss-0.0006543, val_loss-0.0008020
2024-12-18 18:42:31 - INFO - epoch-145, train_loss-0.0006545, val_loss-0.0010062
2024-12-18 18:42:54 - INFO - epoch-146, train_loss-0.0006546, val_loss-0.0008506
2024-12-18 18:43:18 - INFO - epoch-147, train_loss-0.0006548, val_loss-0.0008347
2024-12-18 18:43:42 - INFO - epoch-148, train_loss-0.0006545, val_loss-0.0008684
2024-12-18 18:44:06 - INFO - epoch-149, train_loss-0.0006547, val_loss-0.0008068
2024-12-18 18:44:29 - INFO - epoch-150, train_loss-0.0006542, val_loss-0.0007611
2024-12-18 18:44:52 - INFO - epoch-151, train_loss-0.0006545, val_loss-0.0008172
2024-12-18 18:45:17 - INFO - epoch-152, train_loss-0.0006544, val_loss-0.0008379
2024-12-18 18:45:40 - INFO - epoch-153, train_loss-0.0006541, val_loss-0.0007751
2024-12-18 18:46:03 - INFO - epoch-154, train_loss-0.0006545, val_loss-0.0007840
2024-12-18 18:46:28 - INFO - epoch-155, train_loss-0.0006547, val_loss-0.0007916
2024-12-18 18:46:52 - INFO - epoch-156, train_loss-0.0006541, val_loss-0.0011984
2024-12-18 18:47:16 - INFO - epoch-157, train_loss-0.0006548, val_loss-0.0008377
2024-12-18 18:47:39 - INFO - epoch-158, train_loss-0.0006547, val_loss-0.0008706
2024-12-18 18:48:02 - INFO - epoch-159, train_loss-0.0006548, val_loss-0.0012389
2024-12-18 18:48:26 - INFO - epoch-160, train_loss-0.0006546, val_loss-0.0008575
2024-12-18 18:48:49 - INFO - epoch-161, train_loss-0.0006546, val_loss-0.0008763
2024-12-18 18:49:12 - INFO - epoch-162, train_loss-0.0006544, val_loss-0.0023718
2024-12-18 18:49:36 - INFO - epoch-163, train_loss-0.0006541, val_loss-0.0009507
2024-12-18 18:49:59 - INFO - epoch-164, train_loss-0.0006545, val_loss-0.0009142
2024-12-18 18:50:23 - INFO - epoch-165, train_loss-0.0006543, val_loss-0.0010637
2024-12-18 18:50:47 - INFO - epoch-166, train_loss-0.0006547, val_loss-0.0008760
2024-12-18 18:51:10 - INFO - epoch-167, train_loss-0.0006547, val_loss-0.0008966
2024-12-18 18:51:34 - INFO - epoch-168, train_loss-0.0006544, val_loss-0.0009256
2024-12-18 18:51:57 - INFO - epoch-169, train_loss-0.0006546, val_loss-0.0010950
2024-12-18 18:52:22 - INFO - epoch-170, train_loss-0.0006544, val_loss-0.0009992
2024-12-18 18:52:45 - INFO - epoch-171, train_loss-0.0006543, val_loss-0.0008689
2024-12-18 18:53:08 - INFO - epoch-172, train_loss-0.0006545, val_loss-0.0010188
2024-12-18 18:53:32 - INFO - epoch-173, train_loss-0.0006544, val_loss-0.0011038
2024-12-18 18:53:55 - INFO - epoch-174, train_loss-0.0006544, val_loss-0.0010397
2024-12-18 18:54:20 - INFO - epoch-175, train_loss-0.0006545, val_loss-0.0009558
2024-12-18 18:54:44 - INFO - epoch-176, train_loss-0.0006544, val_loss-0.0010840
2024-12-18 18:55:07 - INFO - epoch-177, train_loss-0.0006541, val_loss-0.0012935
2024-12-18 18:55:31 - INFO - epoch-178, train_loss-0.0006538, val_loss-0.0008896
2024-12-18 18:55:54 - INFO - epoch-179, train_loss-0.0006543, val_loss-0.0010083
2024-12-18 18:56:18 - INFO - epoch-180, train_loss-0.0006541, val_loss-0.0010392
2024-12-18 18:56:41 - INFO - epoch-181, train_loss-0.0006540, val_loss-0.0013203
2024-12-18 18:57:05 - INFO - epoch-182, train_loss-0.0006545, val_loss-0.0013082
2024-12-18 18:57:28 - INFO - epoch-183, train_loss-0.0006544, val_loss-0.0017301
2024-12-18 18:57:51 - INFO - epoch-184, train_loss-0.0006544, val_loss-0.0011198
2024-12-18 18:58:15 - INFO - epoch-185, train_loss-0.0006543, val_loss-0.0013771
2024-12-18 18:58:39 - INFO - epoch-186, train_loss-0.0006542, val_loss-0.0012021
2024-12-18 18:59:03 - INFO - epoch-187, train_loss-0.0006542, val_loss-0.0013580
2024-12-18 18:59:26 - INFO - epoch-188, train_loss-0.0006541, val_loss-0.0013759
2024-12-18 18:59:50 - INFO - epoch-189, train_loss-0.0006542, val_loss-0.0011925
2024-12-18 19:00:13 - INFO - epoch-190, train_loss-0.0006539, val_loss-0.0012999
2024-12-18 19:00:36 - INFO - epoch-191, train_loss-0.0006541, val_loss-0.0012668
2024-12-18 19:01:00 - INFO - epoch-192, train_loss-0.0006539, val_loss-0.0016396
2024-12-18 19:01:23 - INFO - epoch-193, train_loss-0.0006542, val_loss-0.0011709
2024-12-18 19:01:48 - INFO - epoch-194, train_loss-0.0006542, val_loss-0.0013892
2024-12-18 19:02:11 - INFO - epoch-195, train_loss-0.0006541, val_loss-0.0016521
2024-12-18 19:02:36 - INFO - epoch-196, train_loss-0.0006538, val_loss-0.0010992
2024-12-18 19:02:59 - INFO - epoch-197, train_loss-0.0006537, val_loss-0.0015719
2024-12-18 19:03:22 - INFO - epoch-198, train_loss-0.0006543, val_loss-0.0021333
2024-12-18 19:03:46 - INFO - epoch-199, train_loss-0.0006540, val_loss-0.0012641
2024-12-18 19:04:09 - INFO - epoch-200, train_loss-0.0006541, val_loss-0.0011562
2024-12-18 19:04:33 - INFO - epoch-201, train_loss-0.0006543, val_loss-0.0013668
2024-12-18 19:04:56 - INFO - epoch-202, train_loss-0.0006540, val_loss-0.0014925
2024-12-18 19:05:19 - INFO - epoch-203, train_loss-0.0006538, val_loss-0.0014711
2024-12-18 19:05:43 - INFO - epoch-204, train_loss-0.0006537, val_loss-0.0009126
2024-12-18 19:06:06 - INFO - epoch-205, train_loss-0.0006542, val_loss-0.0008398
2024-12-18 19:06:30 - INFO - epoch-206, train_loss-0.0006539, val_loss-0.0013020
2024-12-18 19:06:53 - INFO - epoch-207, train_loss-0.0006542, val_loss-0.0017707
2024-12-18 19:07:17 - INFO - epoch-208, train_loss-0.0006540, val_loss-0.0016991
2024-12-18 19:07:42 - INFO - epoch-209, train_loss-0.0006535, val_loss-0.0016080
2024-12-18 19:08:05 - INFO - epoch-210, train_loss-0.0006538, val_loss-0.0017101
2024-12-18 19:08:29 - INFO - epoch-211, train_loss-0.0006542, val_loss-0.0017998
2024-12-18 19:08:52 - INFO - epoch-212, train_loss-0.0006541, val_loss-0.0012095
2024-12-18 19:09:16 - INFO - epoch-213, train_loss-0.0006534, val_loss-0.0009768
2024-12-18 19:09:39 - INFO - epoch-214, train_loss-0.0006540, val_loss-0.0023291
2024-12-18 19:10:02 - INFO - epoch-215, train_loss-0.0006536, val_loss-0.0017168
2024-12-18 19:10:26 - INFO - epoch-216, train_loss-0.0006536, val_loss-0.0017214
2024-12-18 19:10:49 - INFO - epoch-217, train_loss-0.0006540, val_loss-0.0030772
2024-12-18 19:11:13 - INFO - epoch-218, train_loss-0.0006536, val_loss-0.0022378
2024-12-18 19:11:36 - INFO - epoch-219, train_loss-0.0006536, val_loss-0.0021837
2024-12-18 19:12:00 - INFO - epoch-220, train_loss-0.0006535, val_loss-0.0015886
2024-12-18 19:12:23 - INFO - epoch-221, train_loss-0.0006535, val_loss-0.0010371
2024-12-18 19:12:46 - INFO - epoch-222, train_loss-0.0006536, val_loss-0.0010953
2024-12-18 19:13:10 - INFO - epoch-223, train_loss-0.0006540, val_loss-0.0009444
2024-12-18 19:13:33 - INFO - epoch-224, train_loss-0.0006535, val_loss-0.0013258
2024-12-18 19:13:56 - INFO - epoch-225, train_loss-0.0006538, val_loss-0.0011889
2024-12-18 19:14:21 - INFO - epoch-226, train_loss-0.0006531, val_loss-0.0007628
2024-12-18 19:14:44 - INFO - epoch-227, train_loss-0.0006536, val_loss-0.0011994
2024-12-18 19:15:08 - INFO - epoch-228, train_loss-0.0006536, val_loss-0.0008678
2024-12-18 19:15:31 - INFO - epoch-229, train_loss-0.0006536, val_loss-0.0011074
2024-12-18 19:15:54 - INFO - epoch-230, train_loss-0.0006535, val_loss-0.0011028
2024-12-18 19:16:18 - INFO - epoch-231, train_loss-0.0006536, val_loss-0.0009916
2024-12-18 19:16:41 - INFO - epoch-232, train_loss-0.0006532, val_loss-0.0011777
2024-12-18 19:17:05 - INFO - epoch-233, train_loss-0.0006534, val_loss-0.0013460
2024-12-18 19:17:28 - INFO - epoch-234, train_loss-0.0006536, val_loss-0.0019798
2024-12-18 19:17:51 - INFO - epoch-235, train_loss-0.0006535, val_loss-0.0012917
2024-12-18 19:18:15 - INFO - epoch-236, train_loss-0.0006534, val_loss-0.0007728
2024-12-18 19:18:39 - INFO - epoch-237, train_loss-0.0006535, val_loss-0.0017955
2024-12-18 19:19:03 - INFO - epoch-238, train_loss-0.0006531, val_loss-0.0024166
2024-12-18 19:19:26 - INFO - epoch-239, train_loss-0.0006535, val_loss-0.0010091
2024-12-18 19:19:49 - INFO - epoch-240, train_loss-0.0006528, val_loss-0.0008139
2024-12-18 19:20:13 - INFO - epoch-241, train_loss-0.0006531, val_loss-0.0043012
2024-12-18 19:20:36 - INFO - epoch-242, train_loss-0.0006532, val_loss-0.0009905
2024-12-18 19:21:00 - INFO - epoch-243, train_loss-0.0006532, val_loss-0.0019013
2024-12-18 19:21:24 - INFO - epoch-244, train_loss-0.0006533, val_loss-0.0009717
2024-12-18 19:21:49 - INFO - epoch-245, train_loss-0.0006530, val_loss-0.0018004
2024-12-18 19:22:13 - INFO - epoch-246, train_loss-0.0006528, val_loss-0.0014802
2024-12-18 19:22:37 - INFO - epoch-247, train_loss-0.0006529, val_loss-0.0012240
2024-12-18 19:23:45 - INFO - epoch-248, train_loss-0.0006532, val_loss-0.0016704
2024-12-18 19:25:44 - INFO - epoch-249, train_loss-0.0006531, val_loss-0.0012684
2024-12-18 19:26:08 - INFO - epoch-250, train_loss-0.0006526, val_loss-0.0016772
2024-12-18 19:26:31 - INFO - epoch-251, train_loss-0.0006527, val_loss-0.0017385
2024-12-18 19:26:55 - INFO - epoch-252, train_loss-0.0006530, val_loss-0.0015062
2024-12-18 19:27:18 - INFO - epoch-253, train_loss-0.0006529, val_loss-0.0012618
2024-12-18 19:27:41 - INFO - epoch-254, train_loss-0.0006527, val_loss-0.0019514
2024-12-18 19:28:06 - INFO - epoch-255, train_loss-0.0006524, val_loss-0.0030703
2024-12-18 19:28:29 - INFO - epoch-256, train_loss-0.0006524, val_loss-0.0015859
2024-12-18 19:28:52 - INFO - epoch-257, train_loss-0.0006524, val_loss-0.0018979
2024-12-18 19:29:16 - INFO - epoch-258, train_loss-0.0006529, val_loss-0.0030726
2024-12-18 19:29:39 - INFO - epoch-259, train_loss-0.0006523, val_loss-0.0013059
2024-12-18 19:30:03 - INFO - epoch-260, train_loss-0.0006523, val_loss-0.0028983
2024-12-18 19:30:27 - INFO - epoch-261, train_loss-0.0006521, val_loss-0.0016748
2024-12-18 19:30:51 - INFO - epoch-262, train_loss-0.0006523, val_loss-0.0012863
2024-12-18 19:31:14 - INFO - epoch-263, train_loss-0.0006521, val_loss-0.0009407
2024-12-18 19:31:37 - INFO - epoch-264, train_loss-0.0006515, val_loss-0.0007776
2024-12-18 19:32:01 - INFO - epoch-265, train_loss-0.0006521, val_loss-0.0009183
2024-12-18 19:32:24 - INFO - epoch-266, train_loss-0.0006515, val_loss-0.0009602
2024-12-18 19:32:48 - INFO - epoch-267, train_loss-0.0006517, val_loss-0.0010501
2024-12-18 19:33:11 - INFO - epoch-268, train_loss-0.0006520, val_loss-0.0009557
2024-12-18 19:33:34 - INFO - epoch-269, train_loss-0.0006517, val_loss-0.0007937
2024-12-18 19:33:58 - INFO - epoch-270, train_loss-0.0006518, val_loss-0.0009972
2024-12-18 19:34:21 - INFO - epoch-271, train_loss-0.0006511, val_loss-0.0018569
2024-12-18 19:34:45 - INFO - epoch-272, train_loss-0.0006518, val_loss-0.0009818
2024-12-18 19:35:08 - INFO - epoch-273, train_loss-0.0006516, val_loss-0.0013473
2024-12-18 19:35:31 - INFO - epoch-274, train_loss-0.0006515, val_loss-0.0013310
2024-12-18 19:35:55 - INFO - epoch-275, train_loss-0.0006516, val_loss-0.0012494
2024-12-18 19:36:18 - INFO - epoch-276, train_loss-0.0006509, val_loss-0.0011367
2024-12-18 19:36:42 - INFO - epoch-277, train_loss-0.0006516, val_loss-0.0014198
2024-12-18 19:37:05 - INFO - epoch-278, train_loss-0.0006517, val_loss-0.0015252
2024-12-18 19:37:29 - INFO - epoch-279, train_loss-0.0006514, val_loss-0.0011383
2024-12-18 19:37:52 - INFO - epoch-280, train_loss-0.0006510, val_loss-0.0014844
2024-12-18 19:38:15 - INFO - epoch-281, train_loss-0.0006510, val_loss-0.0012521
2024-12-18 19:38:39 - INFO - epoch-282, train_loss-0.0006504, val_loss-0.0010358
2024-12-18 19:39:02 - INFO - epoch-283, train_loss-0.0006501, val_loss-0.0017626
2024-12-18 19:39:26 - INFO - epoch-284, train_loss-0.0006506, val_loss-0.0022709
2024-12-18 19:39:50 - INFO - epoch-285, train_loss-0.0006508, val_loss-0.0012491
2024-12-18 19:40:14 - INFO - epoch-286, train_loss-0.0006500, val_loss-0.0012206
2024-12-18 19:40:37 - INFO - epoch-287, train_loss-0.0006501, val_loss-0.0013894
2024-12-18 19:41:00 - INFO - epoch-288, train_loss-0.0006501, val_loss-0.0015497
2024-12-18 19:41:24 - INFO - epoch-289, train_loss-0.0006494, val_loss-0.0016264
2024-12-18 19:41:47 - INFO - epoch-290, train_loss-0.0006502, val_loss-0.0014317
2024-12-18 19:42:12 - INFO - epoch-291, train_loss-0.0006496, val_loss-0.0015188
2024-12-18 19:42:35 - INFO - epoch-292, train_loss-0.0006494, val_loss-0.0016748
2024-12-18 19:42:58 - INFO - epoch-293, train_loss-0.0006493, val_loss-0.0017031
2024-12-18 19:43:22 - INFO - epoch-294, train_loss-0.0006496, val_loss-0.0017724
2024-12-18 19:43:45 - INFO - epoch-295, train_loss-0.0006489, val_loss-0.0017455
2024-12-18 19:44:10 - INFO - epoch-296, train_loss-0.0006486, val_loss-0.0020291
2024-12-18 19:44:34 - INFO - epoch-297, train_loss-0.0006488, val_loss-0.0015141
2024-12-18 19:44:58 - INFO - epoch-298, train_loss-0.0006488, val_loss-0.0015554
2024-12-18 19:45:21 - INFO - epoch-299, train_loss-0.0006484, val_loss-0.0017423
2024-12-18 19:45:44 - INFO - epoch-300, train_loss-0.0006486, val_loss-0.0018591
2024-12-18 19:46:08 - INFO - epoch-301, train_loss-0.0006478, val_loss-0.0014486
2024-12-18 19:46:31 - INFO - epoch-302, train_loss-0.0006480, val_loss-0.0014991
2024-12-18 19:46:56 - INFO - epoch-303, train_loss-0.0006479, val_loss-0.0015234
2024-12-18 19:47:20 - INFO - epoch-304, train_loss-0.0006484, val_loss-0.0013909
2024-12-18 19:47:44 - INFO - epoch-305, train_loss-0.0006472, val_loss-0.0017206
2024-12-18 19:48:07 - INFO - epoch-306, train_loss-0.0006476, val_loss-0.0015945
2024-12-18 19:48:32 - INFO - epoch-307, train_loss-0.0006479, val_loss-0.0015032
2024-12-18 19:48:56 - INFO - epoch-308, train_loss-0.0006471, val_loss-0.0017260
2024-12-18 19:49:20 - INFO - epoch-309, train_loss-0.0006474, val_loss-0.0016744
2024-12-18 19:49:43 - INFO - epoch-310, train_loss-0.0006479, val_loss-0.0009594
2024-12-18 19:50:06 - INFO - epoch-311, train_loss-0.0006473, val_loss-0.0009782
2024-12-18 19:50:30 - INFO - epoch-312, train_loss-0.0006472, val_loss-0.0008106
2024-12-18 19:50:54 - INFO - epoch-313, train_loss-0.0006468, val_loss-0.0007317
2024-12-18 19:51:18 - INFO - epoch-314, train_loss-0.0006469, val_loss-0.0008280
2024-12-18 19:51:41 - INFO - epoch-315, train_loss-0.0006459, val_loss-0.0009523
2024-12-18 19:52:04 - INFO - epoch-316, train_loss-0.0006463, val_loss-0.0013270
2024-12-18 19:52:28 - INFO - epoch-317, train_loss-0.0006468, val_loss-0.0015280
2024-12-18 19:52:51 - INFO - epoch-318, train_loss-0.0006468, val_loss-0.0017731
2024-12-18 19:53:15 - INFO - epoch-319, train_loss-0.0006458, val_loss-0.0018441
2024-12-18 19:53:39 - INFO - epoch-320, train_loss-0.0006466, val_loss-0.0020632
2024-12-18 19:54:02 - INFO - epoch-321, train_loss-0.0006465, val_loss-0.0016200
2024-12-18 19:54:26 - INFO - epoch-322, train_loss-0.0006461, val_loss-0.0015142
2024-12-18 19:54:49 - INFO - epoch-323, train_loss-0.0006455, val_loss-0.0020815
2024-12-18 19:55:13 - INFO - epoch-324, train_loss-0.0006454, val_loss-0.0020633
2024-12-18 19:55:36 - INFO - epoch-325, train_loss-0.0006455, val_loss-0.0017447
2024-12-18 19:55:59 - INFO - epoch-326, train_loss-0.0006458, val_loss-0.0017464
2024-12-18 19:56:24 - INFO - epoch-327, train_loss-0.0006451, val_loss-0.0023328
2024-12-18 19:56:47 - INFO - epoch-328, train_loss-0.0006452, val_loss-0.0028098
2024-12-18 19:57:12 - INFO - epoch-329, train_loss-0.0006452, val_loss-0.0032094
2024-12-18 19:57:35 - INFO - epoch-330, train_loss-0.0006450, val_loss-0.0011869
2024-12-18 19:57:58 - INFO - epoch-331, train_loss-0.0006447, val_loss-0.0009291
2024-12-18 19:58:22 - INFO - epoch-332, train_loss-0.0006439, val_loss-0.0009510
2024-12-18 19:58:45 - INFO - epoch-333, train_loss-0.0006441, val_loss-0.0008433
2024-12-18 19:59:09 - INFO - epoch-334, train_loss-0.0006438, val_loss-0.0008368
2024-12-18 19:59:32 - INFO - epoch-335, train_loss-0.0006441, val_loss-0.0009838
2024-12-18 19:59:55 - INFO - epoch-336, train_loss-0.0006447, val_loss-0.0009519
2024-12-18 20:00:19 - INFO - epoch-337, train_loss-0.0006439, val_loss-0.0008051
2024-12-18 20:00:43 - INFO - epoch-338, train_loss-0.0006450, val_loss-0.0009405
2024-12-18 20:01:07 - INFO - epoch-339, train_loss-0.0006445, val_loss-0.0009283
2024-12-18 20:01:31 - INFO - epoch-340, train_loss-0.0006440, val_loss-0.0010877
2024-12-18 20:01:55 - INFO - epoch-341, train_loss-0.0006443, val_loss-0.0008012
2024-12-18 20:02:18 - INFO - epoch-342, train_loss-0.0006443, val_loss-0.0008376
2024-12-18 20:02:42 - INFO - epoch-343, train_loss-0.0006433, val_loss-0.0007848
2024-12-18 20:03:05 - INFO - epoch-344, train_loss-0.0006443, val_loss-0.0007590
2024-12-18 20:03:28 - INFO - epoch-345, train_loss-0.0006434, val_loss-0.0008360
2024-12-18 20:03:52 - INFO - epoch-346, train_loss-0.0006438, val_loss-0.0007303
2024-12-18 20:04:15 - INFO - epoch-347, train_loss-0.0006430, val_loss-0.0007041
2024-12-18 20:04:39 - INFO - epoch-348, train_loss-0.0006428, val_loss-0.0007428
2024-12-18 20:05:02 - INFO - epoch-349, train_loss-0.0006432, val_loss-0.0007291
2024-12-18 20:05:26 - INFO - epoch-350, train_loss-0.0006429, val_loss-0.0009341
2024-12-18 20:05:50 - INFO - epoch-351, train_loss-0.0006426, val_loss-0.0008192
2024-12-18 20:06:13 - INFO - epoch-352, train_loss-0.0006430, val_loss-0.0008730
2024-12-18 20:06:37 - INFO - epoch-353, train_loss-0.0006429, val_loss-0.0007904
2024-12-18 20:07:00 - INFO - epoch-354, train_loss-0.0006438, val_loss-0.0007887
2024-12-18 20:07:23 - INFO - epoch-355, train_loss-0.0006425, val_loss-0.0007687
2024-12-18 20:07:47 - INFO - epoch-356, train_loss-0.0006425, val_loss-0.0006919
2024-12-18 20:08:10 - INFO - epoch-357, train_loss-0.0006418, val_loss-0.0006992
2024-12-18 20:08:34 - INFO - epoch-358, train_loss-0.0006423, val_loss-0.0007704
2024-12-18 20:08:57 - INFO - epoch-359, train_loss-0.0006415, val_loss-0.0007157
2024-12-18 20:09:21 - INFO - epoch-360, train_loss-0.0006419, val_loss-0.0007037
2024-12-18 20:09:44 - INFO - epoch-361, train_loss-0.0006423, val_loss-0.0007525
2024-12-18 20:10:07 - INFO - epoch-362, train_loss-0.0006419, val_loss-0.0007869
2024-12-18 20:10:31 - INFO - epoch-363, train_loss-0.0006428, val_loss-0.0007921
2024-12-18 20:10:54 - INFO - epoch-364, train_loss-0.0006419, val_loss-0.0008558
2024-12-18 20:11:18 - INFO - epoch-365, train_loss-0.0006417, val_loss-0.0007140
2024-12-18 20:11:41 - INFO - epoch-366, train_loss-0.0006415, val_loss-0.0006948
2024-12-18 20:12:05 - INFO - epoch-367, train_loss-0.0006413, val_loss-0.0007156
2024-12-18 20:12:28 - INFO - epoch-368, train_loss-0.0006406, val_loss-0.0006999
2024-12-18 20:12:51 - INFO - epoch-369, train_loss-0.0006417, val_loss-0.0007171
2024-12-18 20:13:15 - INFO - epoch-370, train_loss-0.0006413, val_loss-0.0007826
2024-12-18 20:13:38 - INFO - epoch-371, train_loss-0.0006408, val_loss-0.0007954
2024-12-18 20:14:01 - INFO - epoch-372, train_loss-0.0006410, val_loss-0.0007605
2024-12-18 20:14:25 - INFO - epoch-373, train_loss-0.0006408, val_loss-0.0008205
2024-12-18 20:14:48 - INFO - epoch-374, train_loss-0.0006405, val_loss-0.0007352
2024-12-18 20:15:13 - INFO - epoch-375, train_loss-0.0006402, val_loss-0.0007691
2024-12-18 20:15:36 - INFO - epoch-376, train_loss-0.0006401, val_loss-0.0006960
2024-12-18 20:15:59 - INFO - epoch-377, train_loss-0.0006405, val_loss-0.0006996
2024-12-18 20:18:39 - INFO - epoch-378, train_loss-0.0006403, val_loss-0.0007642
2024-12-18 20:19:02 - INFO - epoch-379, train_loss-0.0006401, val_loss-0.0017174
2024-12-18 20:19:26 - INFO - epoch-380, train_loss-0.0006402, val_loss-0.0021751
2024-12-18 20:19:49 - INFO - epoch-381, train_loss-0.0006400, val_loss-0.0023815
2024-12-18 20:20:12 - INFO - epoch-382, train_loss-0.0006398, val_loss-0.0021432
2024-12-18 20:20:36 - INFO - epoch-383, train_loss-0.0006401, val_loss-0.0024985
2024-12-18 20:21:00 - INFO - epoch-384, train_loss-0.0006397, val_loss-0.0027720
2024-12-18 20:21:24 - INFO - epoch-385, train_loss-0.0006394, val_loss-0.0023947
2024-12-18 20:21:47 - INFO - epoch-386, train_loss-0.0006390, val_loss-0.0024229
2024-12-18 20:22:11 - INFO - epoch-387, train_loss-0.0006401, val_loss-0.0022829
2024-12-18 20:22:34 - INFO - epoch-388, train_loss-0.0006392, val_loss-0.0025731
2024-12-18 20:22:57 - INFO - epoch-389, train_loss-0.0006387, val_loss-0.0023388
2024-12-18 20:23:21 - INFO - epoch-390, train_loss-0.0006404, val_loss-0.0019078
2024-12-18 20:23:45 - INFO - epoch-391, train_loss-0.0006393, val_loss-0.0024253
2024-12-18 20:24:09 - INFO - epoch-392, train_loss-0.0006391, val_loss-0.0015244
2024-12-18 20:24:32 - INFO - epoch-393, train_loss-0.0006386, val_loss-0.0021828
2024-12-18 20:24:55 - INFO - epoch-394, train_loss-0.0006403, val_loss-0.0023108
2024-12-18 20:25:19 - INFO - epoch-395, train_loss-0.0006390, val_loss-0.0027358
2024-12-18 20:25:42 - INFO - epoch-396, train_loss-0.0006387, val_loss-0.0031334
2024-12-18 20:26:06 - INFO - epoch-397, train_loss-0.0006386, val_loss-0.0027736
2024-12-18 20:26:30 - INFO - epoch-398, train_loss-0.0006386, val_loss-0.0025063
2024-12-18 20:26:54 - INFO - epoch-399, train_loss-0.0006386, val_loss-0.0019400
2024-12-18 20:27:17 - INFO - epoch-400, train_loss-0.0006385, val_loss-0.0025307
2024-12-18 20:27:40 - INFO - epoch-401, train_loss-0.0006386, val_loss-0.0031009
2024-12-18 20:28:04 - INFO - epoch-402, train_loss-0.0006374, val_loss-0.0023246
2024-12-18 20:28:27 - INFO - epoch-403, train_loss-0.0006379, val_loss-0.0022059
2024-12-18 20:28:50 - INFO - epoch-404, train_loss-0.0006388, val_loss-0.0021644
2024-12-18 20:29:14 - INFO - epoch-405, train_loss-0.0006382, val_loss-0.0020549
2024-12-18 20:29:38 - INFO - epoch-406, train_loss-0.0006379, val_loss-0.0021187
2024-12-18 20:30:03 - INFO - epoch-407, train_loss-0.0006378, val_loss-0.0021677
2024-12-18 20:30:26 - INFO - epoch-408, train_loss-0.0006386, val_loss-0.0020768
2024-12-18 20:30:50 - INFO - epoch-409, train_loss-0.0006377, val_loss-0.0027969
2024-12-18 20:31:13 - INFO - epoch-410, train_loss-0.0006376, val_loss-0.0021571
2024-12-18 20:31:37 - INFO - epoch-411, train_loss-0.0006376, val_loss-0.0020871
2024-12-18 20:32:00 - INFO - epoch-412, train_loss-0.0006368, val_loss-0.0026718
2024-12-18 20:32:25 - INFO - epoch-413, train_loss-0.0006373, val_loss-0.0019943
2024-12-18 20:32:48 - INFO - epoch-414, train_loss-0.0006373, val_loss-0.0021254
2024-12-18 20:33:11 - INFO - epoch-415, train_loss-0.0006371, val_loss-0.0020603
2024-12-18 20:33:35 - INFO - epoch-416, train_loss-0.0006385, val_loss-0.0021409
2024-12-18 20:33:59 - INFO - epoch-417, train_loss-0.0006369, val_loss-0.0019184
2024-12-18 20:34:24 - INFO - epoch-418, train_loss-0.0006370, val_loss-0.0023295
2024-12-18 20:34:47 - INFO - epoch-419, train_loss-0.0006376, val_loss-0.0019339
2024-12-18 20:35:11 - INFO - epoch-420, train_loss-0.0006374, val_loss-0.0020014
2024-12-18 20:35:34 - INFO - epoch-421, train_loss-0.0006371, val_loss-0.0011278
2024-12-18 20:35:58 - INFO - epoch-422, train_loss-0.0006366, val_loss-0.0012981
2024-12-18 20:36:21 - INFO - epoch-423, train_loss-0.0006366, val_loss-0.0015451
2024-12-18 20:36:44 - INFO - epoch-424, train_loss-0.0006369, val_loss-0.0013667
2024-12-18 20:37:08 - INFO - epoch-425, train_loss-0.0006358, val_loss-0.0012964
2024-12-18 20:37:31 - INFO - epoch-426, train_loss-0.0006359, val_loss-0.0016420
2024-12-18 20:37:54 - INFO - epoch-427, train_loss-0.0006368, val_loss-0.0014160
2024-12-18 20:38:18 - INFO - epoch-428, train_loss-0.0006361, val_loss-0.0015195
2024-12-18 20:38:41 - INFO - epoch-429, train_loss-0.0006354, val_loss-0.0016030
2024-12-18 20:39:05 - INFO - epoch-430, train_loss-0.0006365, val_loss-0.0013680
2024-12-18 20:39:28 - INFO - epoch-431, train_loss-0.0006362, val_loss-0.0014616
2024-12-18 20:39:52 - INFO - epoch-432, train_loss-0.0006361, val_loss-0.0017326
2024-12-18 20:40:15 - INFO - epoch-433, train_loss-0.0006358, val_loss-0.0016729
2024-12-18 20:40:38 - INFO - epoch-434, train_loss-0.0006353, val_loss-0.0017106
2024-12-18 20:41:02 - INFO - epoch-435, train_loss-0.0006362, val_loss-0.0011744
2024-12-18 20:41:25 - INFO - epoch-436, train_loss-0.0006363, val_loss-0.0017454
2024-12-18 20:41:49 - INFO - epoch-437, train_loss-0.0006360, val_loss-0.0014270
2024-12-18 20:42:13 - INFO - epoch-438, train_loss-0.0006358, val_loss-0.0015523
2024-12-18 20:42:38 - INFO - epoch-439, train_loss-0.0006363, val_loss-0.0009666
2024-12-18 20:43:01 - INFO - epoch-440, train_loss-0.0006355, val_loss-0.0012429
2024-12-18 20:43:25 - INFO - epoch-441, train_loss-0.0006356, val_loss-0.0029512
2024-12-18 20:43:49 - INFO - epoch-442, train_loss-0.0006378, val_loss-0.0029110
2024-12-18 20:44:12 - INFO - epoch-443, train_loss-0.0006348, val_loss-0.0037233
2024-12-18 20:44:35 - INFO - epoch-444, train_loss-0.0006359, val_loss-0.0023276
2024-12-18 20:44:59 - INFO - epoch-445, train_loss-0.0006351, val_loss-0.0016325
2024-12-18 20:45:22 - INFO - epoch-446, train_loss-0.0006341, val_loss-0.0016558
2024-12-18 20:45:47 - INFO - epoch-447, train_loss-0.0006345, val_loss-0.0018879
2024-12-18 20:46:11 - INFO - epoch-448, train_loss-0.0006343, val_loss-0.0011957
2024-12-18 20:46:35 - INFO - epoch-449, train_loss-0.0006345, val_loss-0.0017326
2024-12-18 20:46:58 - INFO - epoch-450, train_loss-0.0006346, val_loss-0.0013483
2024-12-18 20:47:21 - INFO - epoch-451, train_loss-0.0006347, val_loss-0.0016897
2024-12-18 20:47:45 - INFO - epoch-452, train_loss-0.0006349, val_loss-0.0016349
2024-12-18 20:48:08 - INFO - epoch-453, train_loss-0.0006348, val_loss-0.0016806
2024-12-18 20:48:32 - INFO - epoch-454, train_loss-0.0006345, val_loss-0.0007202
2024-12-18 20:48:55 - INFO - epoch-455, train_loss-0.0006350, val_loss-0.0008216
2024-12-18 20:49:18 - INFO - epoch-456, train_loss-0.0006350, val_loss-0.0006925
2024-12-18 20:49:42 - INFO - epoch-457, train_loss-0.0006345, val_loss-0.0007929
2024-12-18 20:50:06 - INFO - epoch-458, train_loss-0.0006333, val_loss-0.0008305
2024-12-18 20:50:29 - INFO - epoch-459, train_loss-0.0006343, val_loss-0.0007152
2024-12-18 20:50:54 - INFO - epoch-460, train_loss-0.0006349, val_loss-0.0012600
2024-12-18 20:51:17 - INFO - epoch-461, train_loss-0.0006343, val_loss-0.0017215
2024-12-18 20:51:40 - INFO - epoch-462, train_loss-0.0006333, val_loss-0.0015415
2024-12-18 20:52:04 - INFO - epoch-463, train_loss-0.0006338, val_loss-0.0027011
2024-12-18 20:52:27 - INFO - epoch-464, train_loss-0.0006338, val_loss-0.0022554
2024-12-18 20:52:50 - INFO - epoch-465, train_loss-0.0006336, val_loss-0.0024350
2024-12-18 20:53:14 - INFO - epoch-466, train_loss-0.0006336, val_loss-0.0028362
2024-12-18 20:53:37 - INFO - epoch-467, train_loss-0.0006338, val_loss-0.0018879
2024-12-18 20:54:02 - INFO - epoch-468, train_loss-0.0006335, val_loss-0.0024214
2024-12-18 20:54:26 - INFO - epoch-469, train_loss-0.0006340, val_loss-0.0016268
2024-12-18 20:54:50 - INFO - epoch-470, train_loss-0.0006338, val_loss-0.0016066
2024-12-18 20:55:14 - INFO - epoch-471, train_loss-0.0006338, val_loss-0.0022314
2024-12-18 20:55:38 - INFO - epoch-472, train_loss-0.0006334, val_loss-0.0017922
2024-12-18 20:56:02 - INFO - epoch-473, train_loss-0.0006344, val_loss-0.0019028
2024-12-18 20:56:25 - INFO - epoch-474, train_loss-0.0006321, val_loss-0.0023300
2024-12-18 20:56:49 - INFO - epoch-475, train_loss-0.0006332, val_loss-0.0022808
2024-12-18 20:57:12 - INFO - epoch-476, train_loss-0.0006327, val_loss-0.0015713
2024-12-18 20:57:37 - INFO - epoch-477, train_loss-0.0006323, val_loss-0.0014672
2024-12-18 20:58:00 - INFO - epoch-478, train_loss-0.0006332, val_loss-0.0024779
2024-12-18 20:58:24 - INFO - epoch-479, train_loss-0.0006333, val_loss-0.0016722
2024-12-18 20:58:47 - INFO - epoch-480, train_loss-0.0006324, val_loss-0.0026006
2024-12-18 20:59:11 - INFO - epoch-481, train_loss-0.0006334, val_loss-0.0026860
2024-12-18 20:59:34 - INFO - epoch-482, train_loss-0.0006321, val_loss-0.0014505
2024-12-18 20:59:57 - INFO - epoch-483, train_loss-0.0006330, val_loss-0.0025263
2024-12-18 21:00:21 - INFO - epoch-484, train_loss-0.0006315, val_loss-0.0017645
2024-12-18 21:00:44 - INFO - epoch-485, train_loss-0.0006326, val_loss-0.0017804
2024-12-18 21:01:08 - INFO - epoch-486, train_loss-0.0006313, val_loss-0.0019227
2024-12-18 21:01:31 - INFO - epoch-487, train_loss-0.0006324, val_loss-0.0025010
2024-12-18 21:01:54 - INFO - epoch-488, train_loss-0.0006321, val_loss-0.0019775
2024-12-18 21:02:18 - INFO - epoch-489, train_loss-0.0006319, val_loss-0.0014264
2024-12-18 21:02:41 - INFO - epoch-490, train_loss-0.0006324, val_loss-0.0013945
2024-12-18 21:03:05 - INFO - epoch-491, train_loss-0.0006321, val_loss-0.0019897
2024-12-18 21:03:28 - INFO - epoch-492, train_loss-0.0006321, val_loss-0.0022555
2024-12-18 21:03:52 - INFO - epoch-493, train_loss-0.0006324, val_loss-0.0016637
2024-12-18 21:04:15 - INFO - epoch-494, train_loss-0.0006319, val_loss-0.0031477
2024-12-18 21:04:38 - INFO - epoch-495, train_loss-0.0006315, val_loss-0.0037484
2024-12-18 21:05:03 - INFO - epoch-496, train_loss-0.0006316, val_loss-0.0034053
2024-12-18 21:05:26 - INFO - epoch-497, train_loss-0.0006317, val_loss-0.0028928
2024-12-18 21:05:50 - INFO - epoch-498, train_loss-0.0006319, val_loss-0.0023785
2024-12-18 21:06:13 - INFO - epoch-499, train_loss-0.0006311, val_loss-0.0044443
2024-12-18 21:06:36 - INFO - epoch-500, train_loss-0.0006315, val_loss-0.0042166
2024-12-18 21:07:00 - INFO - epoch-501, train_loss-0.0006310, val_loss-0.0049436
2024-12-18 21:07:23 - INFO - epoch-502, train_loss-0.0006314, val_loss-0.0050325
2024-12-18 21:07:48 - INFO - epoch-503, train_loss-0.0006307, val_loss-0.0056648
2024-12-18 21:08:11 - INFO - epoch-504, train_loss-0.0006315, val_loss-0.0054120
2024-12-18 21:08:35 - INFO - epoch-505, train_loss-0.0006302, val_loss-0.0055569
2024-12-18 21:11:52 - INFO - epoch-506, train_loss-0.0006308, val_loss-0.0050343
2024-12-18 21:12:15 - INFO - epoch-507, train_loss-0.0006312, val_loss-0.0051614
2024-12-18 21:12:39 - INFO - epoch-508, train_loss-0.0006302, val_loss-0.0051192
2024-12-18 21:13:02 - INFO - epoch-509, train_loss-0.0006302, val_loss-0.0047966
2024-12-18 21:13:26 - INFO - epoch-510, train_loss-0.0006316, val_loss-0.0052260
2024-12-18 21:13:49 - INFO - epoch-511, train_loss-0.0006308, val_loss-0.0065769
2024-12-18 21:14:12 - INFO - epoch-512, train_loss-0.0006306, val_loss-0.0056048
2024-12-18 21:14:36 - INFO - epoch-513, train_loss-0.0006303, val_loss-0.0068217
2024-12-18 21:14:59 - INFO - epoch-514, train_loss-0.0006306, val_loss-0.0062456
2024-12-18 21:15:22 - INFO - epoch-515, train_loss-0.0006306, val_loss-0.0051691
2024-12-18 21:15:46 - INFO - epoch-516, train_loss-0.0006310, val_loss-0.0059207
2024-12-18 21:16:09 - INFO - epoch-517, train_loss-0.0006293, val_loss-0.0074128
2024-12-18 21:16:33 - INFO - epoch-518, train_loss-0.0006300, val_loss-0.0060942
2024-12-18 21:16:56 - INFO - epoch-519, train_loss-0.0006303, val_loss-0.0043130
2024-12-18 21:17:19 - INFO - epoch-520, train_loss-0.0006304, val_loss-0.0085086
2024-12-18 21:17:43 - INFO - epoch-521, train_loss-0.0006306, val_loss-0.0064422
2024-12-18 21:18:07 - INFO - epoch-522, train_loss-0.0006306, val_loss-0.0069870
2024-12-18 21:18:31 - INFO - epoch-523, train_loss-0.0006297, val_loss-0.0077576
2024-12-18 21:18:54 - INFO - epoch-524, train_loss-0.0006307, val_loss-0.0093361
2024-12-18 21:19:17 - INFO - epoch-525, train_loss-0.0006302, val_loss-0.0082906
2024-12-18 21:19:41 - INFO - epoch-526, train_loss-0.0006298, val_loss-0.0069843
2024-12-18 21:20:05 - INFO - epoch-527, train_loss-0.0006293, val_loss-0.0070674
2024-12-18 21:20:29 - INFO - epoch-528, train_loss-0.0006297, val_loss-0.0068955
2024-12-18 21:20:52 - INFO - epoch-529, train_loss-0.0006294, val_loss-0.0052138
2024-12-18 21:21:16 - INFO - epoch-530, train_loss-0.0006296, val_loss-0.0058988
2024-12-18 21:21:39 - INFO - epoch-531, train_loss-0.0006298, val_loss-0.0070044
2024-12-18 21:22:02 - INFO - epoch-532, train_loss-0.0006295, val_loss-0.0078604
2024-12-18 21:22:26 - INFO - epoch-533, train_loss-0.0006296, val_loss-0.0050137
2024-12-18 21:22:49 - INFO - epoch-534, train_loss-0.0006282, val_loss-0.0071149
2024-12-18 21:23:13 - INFO - epoch-535, train_loss-0.0006289, val_loss-0.0045653
2024-12-18 21:23:36 - INFO - epoch-536, train_loss-0.0006308, val_loss-0.0067802
2024-12-18 21:23:59 - INFO - epoch-537, train_loss-0.0006306, val_loss-0.0073563
2024-12-18 21:24:23 - INFO - epoch-538, train_loss-0.0006293, val_loss-0.0054559
2024-12-18 21:24:46 - INFO - epoch-539, train_loss-0.0006283, val_loss-0.0050789
2024-12-18 21:25:11 - INFO - epoch-540, train_loss-0.0006297, val_loss-0.0078533
2024-12-18 21:25:35 - INFO - epoch-541, train_loss-0.0006299, val_loss-0.0071822
2024-12-18 21:25:59 - INFO - epoch-542, train_loss-0.0006279, val_loss-0.0059089
2024-12-18 21:26:23 - INFO - epoch-543, train_loss-0.0006286, val_loss-0.0061369
2024-12-18 21:26:48 - INFO - epoch-544, train_loss-0.0006285, val_loss-0.0065996
2024-12-18 21:27:11 - INFO - epoch-545, train_loss-0.0006294, val_loss-0.0072757
2024-12-18 21:27:34 - INFO - epoch-546, train_loss-0.0006290, val_loss-0.0060322
2024-12-18 21:27:58 - INFO - epoch-547, train_loss-0.0006293, val_loss-0.0075449
2024-12-18 21:28:21 - INFO - epoch-548, train_loss-0.0006301, val_loss-0.0131823
2024-12-18 21:28:44 - INFO - epoch-549, train_loss-0.0006283, val_loss-0.0080720
2024-12-18 21:29:08 - INFO - epoch-550, train_loss-0.0006285, val_loss-0.0074483
2024-12-18 21:29:31 - INFO - epoch-551, train_loss-0.0006288, val_loss-0.0065008
2024-12-18 21:29:56 - INFO - epoch-552, train_loss-0.0006288, val_loss-0.0061485
2024-12-18 21:30:20 - INFO - epoch-553, train_loss-0.0006285, val_loss-0.0070691
2024-12-18 21:30:44 - INFO - epoch-554, train_loss-0.0006296, val_loss-0.0055260
2024-12-18 21:31:07 - INFO - epoch-555, train_loss-0.0006277, val_loss-0.0068286
2024-12-18 21:31:31 - INFO - epoch-556, train_loss-0.0006284, val_loss-0.0058114
2024-12-18 21:31:54 - INFO - epoch-557, train_loss-0.0006283, val_loss-0.0067771
2024-12-18 21:32:17 - INFO - epoch-558, train_loss-0.0006294, val_loss-0.0094139
2024-12-18 21:32:41 - INFO - epoch-559, train_loss-0.0006270, val_loss-0.0091015
2024-12-18 21:33:04 - INFO - epoch-560, train_loss-0.0006277, val_loss-0.0078070
2024-12-18 21:33:28 - INFO - epoch-561, train_loss-0.0006284, val_loss-0.0106283
2024-12-18 21:33:51 - INFO - epoch-562, train_loss-0.0006284, val_loss-0.0070446
2024-12-18 21:34:15 - INFO - epoch-563, train_loss-0.0006282, val_loss-0.0119554
2024-12-18 21:34:38 - INFO - epoch-564, train_loss-0.0006282, val_loss-0.0073366
2024-12-18 21:35:01 - INFO - epoch-565, train_loss-0.0006279, val_loss-0.0071948
2024-12-18 21:35:25 - INFO - epoch-566, train_loss-0.0006279, val_loss-0.0097562
2024-12-18 21:35:48 - INFO - epoch-567, train_loss-0.0006271, val_loss-0.0095034
2024-12-18 21:36:12 - INFO - epoch-568, train_loss-0.0006286, val_loss-0.0095843
2024-12-18 21:36:35 - INFO - epoch-569, train_loss-0.0006286, val_loss-0.0108562
2024-12-18 21:36:58 - INFO - epoch-570, train_loss-0.0006281, val_loss-0.0096766
2024-12-18 21:37:22 - INFO - epoch-571, train_loss-0.0006277, val_loss-0.0120042
2024-12-18 21:37:45 - INFO - epoch-572, train_loss-0.0006268, val_loss-0.0097584
2024-12-18 21:38:08 - INFO - epoch-573, train_loss-0.0006272, val_loss-0.0104243
2024-12-18 21:38:32 - INFO - epoch-574, train_loss-0.0006277, val_loss-0.0085875
2024-12-18 21:38:55 - INFO - epoch-575, train_loss-0.0006271, val_loss-0.0065606
2024-12-18 21:39:18 - INFO - epoch-576, train_loss-0.0006276, val_loss-0.0078690
2024-12-18 21:39:42 - INFO - epoch-577, train_loss-0.0006269, val_loss-0.0117606
2024-12-18 21:40:05 - INFO - epoch-578, train_loss-0.0006266, val_loss-0.0112901
2024-12-18 21:40:30 - INFO - epoch-579, train_loss-0.0006270, val_loss-0.0096471
2024-12-18 21:40:53 - INFO - epoch-580, train_loss-0.0006282, val_loss-0.0112961
2024-12-18 21:41:17 - INFO - epoch-581, train_loss-0.0006265, val_loss-0.0099347
2024-12-18 21:41:41 - INFO - epoch-582, train_loss-0.0006271, val_loss-0.0112391
2024-12-18 21:42:05 - INFO - epoch-583, train_loss-0.0006269, val_loss-0.0132627
2024-12-18 21:42:28 - INFO - epoch-584, train_loss-0.0006271, val_loss-0.0096120
2024-12-18 21:42:52 - INFO - epoch-585, train_loss-0.0006261, val_loss-0.0085553
2024-12-18 21:43:17 - INFO - epoch-586, train_loss-0.0006267, val_loss-0.0119856
2024-12-18 21:43:40 - INFO - epoch-587, train_loss-0.0006275, val_loss-0.0139102
2024-12-18 21:44:04 - INFO - epoch-588, train_loss-0.0006271, val_loss-0.0103136
2024-12-18 21:44:28 - INFO - epoch-589, train_loss-0.0006270, val_loss-0.0073054
2024-12-18 21:44:52 - INFO - epoch-590, train_loss-0.0006256, val_loss-0.0116350
2024-12-18 21:45:16 - INFO - epoch-591, train_loss-0.0006258, val_loss-0.0117630
2024-12-18 21:45:39 - INFO - epoch-592, train_loss-0.0006270, val_loss-0.0080835
2024-12-18 21:46:03 - INFO - epoch-593, train_loss-0.0006260, val_loss-0.0134565
2024-12-18 21:46:27 - INFO - epoch-594, train_loss-0.0006265, val_loss-0.0131991
2024-12-18 21:46:52 - INFO - epoch-595, train_loss-0.0006253, val_loss-0.0094324
2024-12-18 21:47:15 - INFO - epoch-596, train_loss-0.0006256, val_loss-0.0117662
2024-12-18 21:47:40 - INFO - epoch-597, train_loss-0.0006279, val_loss-0.0125200
2024-12-18 21:48:04 - INFO - epoch-598, train_loss-0.0006266, val_loss-0.0120806
2024-12-18 21:48:27 - INFO - epoch-599, train_loss-0.0006272, val_loss-0.0131336
2024-12-18 21:48:51 - INFO - epoch-600, train_loss-0.0006273, val_loss-0.0138972
2024-12-18 21:49:15 - INFO - epoch-601, train_loss-0.0006262, val_loss-0.0135071
2024-12-18 21:49:39 - INFO - epoch-602, train_loss-0.0006263, val_loss-0.0116602
2024-12-18 21:50:02 - INFO - epoch-603, train_loss-0.0006264, val_loss-0.0120564
2024-12-18 21:50:27 - INFO - epoch-604, train_loss-0.0006269, val_loss-0.0155871
2024-12-18 21:50:50 - INFO - epoch-605, train_loss-0.0006258, val_loss-0.0157930
2024-12-18 21:51:14 - INFO - epoch-606, train_loss-0.0006259, val_loss-0.0138213
2024-12-18 21:51:38 - INFO - epoch-607, train_loss-0.0006257, val_loss-0.0111400
2024-12-18 21:52:01 - INFO - epoch-608, train_loss-0.0006252, val_loss-0.0146847
2024-12-18 21:52:25 - INFO - epoch-609, train_loss-0.0006254, val_loss-0.0209213
2024-12-18 21:52:48 - INFO - epoch-610, train_loss-0.0006270, val_loss-0.0193488
2024-12-18 21:53:11 - INFO - epoch-611, train_loss-0.0006258, val_loss-0.0236683
2024-12-18 21:53:35 - INFO - epoch-612, train_loss-0.0006255, val_loss-0.0141065
2024-12-18 21:53:58 - INFO - epoch-613, train_loss-0.0006252, val_loss-0.0190576
2024-12-18 21:54:21 - INFO - epoch-614, train_loss-0.0006254, val_loss-0.0205511
2024-12-18 21:54:45 - INFO - epoch-615, train_loss-0.0006252, val_loss-0.0147614
2024-12-18 21:55:08 - INFO - epoch-616, train_loss-0.0006252, val_loss-0.0204503
2024-12-18 21:55:31 - INFO - epoch-617, train_loss-0.0006241, val_loss-0.0235731
2024-12-18 21:55:55 - INFO - epoch-618, train_loss-0.0006251, val_loss-0.0203716
2024-12-18 21:56:18 - INFO - epoch-619, train_loss-0.0006257, val_loss-0.0196735
2024-12-18 21:56:42 - INFO - epoch-620, train_loss-0.0006250, val_loss-0.0212343
2024-12-18 21:57:06 - INFO - epoch-621, train_loss-0.0006261, val_loss-0.0242767
2024-12-18 21:57:30 - INFO - epoch-622, train_loss-0.0006263, val_loss-0.0302402
2024-12-18 21:57:53 - INFO - epoch-623, train_loss-0.0006256, val_loss-0.0231980
2024-12-18 21:58:16 - INFO - epoch-624, train_loss-0.0006253, val_loss-0.0240059
2024-12-18 21:58:41 - INFO - epoch-625, train_loss-0.0006274, val_loss-0.0148211
2024-12-18 21:59:04 - INFO - epoch-626, train_loss-0.0006248, val_loss-0.0150317
2024-12-18 21:59:28 - INFO - epoch-627, train_loss-0.0006242, val_loss-0.0183403
2024-12-18 21:59:51 - INFO - epoch-628, train_loss-0.0006241, val_loss-0.0250355
2024-12-18 22:00:15 - INFO - epoch-629, train_loss-0.0006265, val_loss-0.0107731
2024-12-18 22:00:38 - INFO - epoch-630, train_loss-0.0006253, val_loss-0.0105649
2024-12-18 22:01:01 - INFO - epoch-631, train_loss-0.0006246, val_loss-0.0108335
2024-12-18 22:01:25 - INFO - epoch-632, train_loss-0.0006244, val_loss-0.0107745
2024-12-18 22:03:35 - INFO - epoch-633, train_loss-0.0006239, val_loss-0.0087689
2024-12-18 22:04:47 - INFO - epoch-634, train_loss-0.0006243, val_loss-0.0089035
2024-12-18 22:05:11 - INFO - epoch-635, train_loss-0.0006247, val_loss-0.0122802
2024-12-18 22:05:34 - INFO - epoch-636, train_loss-0.0006249, val_loss-0.0109295
2024-12-18 22:05:58 - INFO - epoch-637, train_loss-0.0006234, val_loss-0.0073046
2024-12-18 22:06:21 - INFO - epoch-638, train_loss-0.0006237, val_loss-0.0104208
2024-12-18 22:06:44 - INFO - epoch-639, train_loss-0.0006236, val_loss-0.0101661
2024-12-18 22:07:08 - INFO - epoch-640, train_loss-0.0006242, val_loss-0.0118360
2024-12-18 22:07:32 - INFO - epoch-641, train_loss-0.0006250, val_loss-0.0087518
2024-12-18 22:07:56 - INFO - epoch-642, train_loss-0.0006249, val_loss-0.0107810
2024-12-18 22:08:19 - INFO - epoch-643, train_loss-0.0006234, val_loss-0.0144545
2024-12-18 22:08:42 - INFO - epoch-644, train_loss-0.0006237, val_loss-0.0123344
2024-12-18 22:09:06 - INFO - epoch-645, train_loss-0.0006240, val_loss-0.0082030
2024-12-18 22:09:29 - INFO - epoch-646, train_loss-0.0006233, val_loss-0.0139667
2024-12-18 22:09:52 - INFO - epoch-647, train_loss-0.0006244, val_loss-0.0122534
2024-12-18 22:10:16 - INFO - epoch-648, train_loss-0.0006227, val_loss-0.0147801
2024-12-18 22:10:39 - INFO - epoch-649, train_loss-0.0006240, val_loss-0.0119432
2024-12-18 22:11:02 - INFO - epoch-650, train_loss-0.0006230, val_loss-0.0178912
2024-12-18 22:11:27 - INFO - epoch-651, train_loss-0.0006237, val_loss-0.0149647
2024-12-18 22:11:50 - INFO - epoch-652, train_loss-0.0006229, val_loss-0.0071634
2024-12-18 22:12:14 - INFO - epoch-653, train_loss-0.0006245, val_loss-0.0107851
2024-12-18 22:12:37 - INFO - epoch-654, train_loss-0.0006227, val_loss-0.0086755
2024-12-18 22:13:00 - INFO - epoch-655, train_loss-0.0006238, val_loss-0.0143266
2024-12-18 22:13:24 - INFO - epoch-656, train_loss-0.0006240, val_loss-0.0127866
2024-12-18 22:13:47 - INFO - epoch-657, train_loss-0.0006234, val_loss-0.0219653
2024-12-18 22:14:11 - INFO - epoch-658, train_loss-0.0006229, val_loss-0.0118955
2024-12-18 22:14:34 - INFO - epoch-659, train_loss-0.0006232, val_loss-0.0119981
2024-12-18 22:14:58 - INFO - epoch-660, train_loss-0.0006229, val_loss-0.0179157
2024-12-18 22:15:21 - INFO - epoch-661, train_loss-0.0006226, val_loss-0.0155513
2024-12-18 22:15:44 - INFO - epoch-662, train_loss-0.0006230, val_loss-0.0104585
2024-12-18 22:16:08 - INFO - epoch-663, train_loss-0.0006244, val_loss-0.0089789
2024-12-18 22:16:31 - INFO - epoch-664, train_loss-0.0006230, val_loss-0.0162353
2024-12-18 22:16:54 - INFO - epoch-665, train_loss-0.0006228, val_loss-0.0073448
2024-12-18 22:17:18 - INFO - epoch-666, train_loss-0.0006239, val_loss-0.0137078
2024-12-18 22:17:41 - INFO - epoch-667, train_loss-0.0006239, val_loss-0.0091309
2024-12-18 22:18:04 - INFO - epoch-668, train_loss-0.0006230, val_loss-0.0085449
2024-12-18 22:18:28 - INFO - epoch-669, train_loss-0.0006229, val_loss-0.0102539
2024-12-18 22:18:51 - INFO - epoch-670, train_loss-0.0006236, val_loss-0.0118936
2024-12-18 22:19:15 - INFO - epoch-671, train_loss-0.0006249, val_loss-0.0112674
2024-12-18 22:19:39 - INFO - epoch-672, train_loss-0.0006228, val_loss-0.0126294
2024-12-18 22:20:04 - INFO - epoch-673, train_loss-0.0006225, val_loss-0.0095816
2024-12-18 22:20:27 - INFO - epoch-674, train_loss-0.0006222, val_loss-0.0108909
2024-12-18 22:20:51 - INFO - epoch-675, train_loss-0.0006235, val_loss-0.0176875
2024-12-18 22:21:14 - INFO - epoch-676, train_loss-0.0006221, val_loss-0.0296953
2024-12-18 22:21:39 - INFO - epoch-677, train_loss-0.0006235, val_loss-0.0158555
2024-12-18 22:22:02 - INFO - epoch-678, train_loss-0.0006236, val_loss-0.0184151
2024-12-18 22:22:25 - INFO - epoch-679, train_loss-0.0006226, val_loss-0.0252473
2024-12-18 22:22:49 - INFO - epoch-680, train_loss-0.0006233, val_loss-0.0251505
2024-12-18 22:23:13 - INFO - epoch-681, train_loss-0.0006215, val_loss-0.0261936
2024-12-18 22:23:38 - INFO - epoch-682, train_loss-0.0006231, val_loss-0.0205064
2024-12-18 22:24:01 - INFO - epoch-683, train_loss-0.0006222, val_loss-0.0216928
2024-12-18 22:24:26 - INFO - epoch-684, train_loss-0.0006230, val_loss-0.0253051
2024-12-18 22:24:49 - INFO - epoch-685, train_loss-0.0006220, val_loss-0.0264501
2024-12-18 22:25:12 - INFO - epoch-686, train_loss-0.0006219, val_loss-0.0293348
2024-12-18 22:25:36 - INFO - epoch-687, train_loss-0.0006229, val_loss-0.0254800
2024-12-18 22:25:59 - INFO - epoch-688, train_loss-0.0006237, val_loss-0.0233763
2024-12-18 22:26:22 - INFO - epoch-689, train_loss-0.0006221, val_loss-0.0322901
2024-12-18 22:26:46 - INFO - epoch-690, train_loss-0.0006218, val_loss-0.0267188
2024-12-18 22:27:09 - INFO - epoch-691, train_loss-0.0006220, val_loss-0.0226463
2024-12-18 22:27:32 - INFO - epoch-692, train_loss-0.0006214, val_loss-0.0327568
2024-12-18 22:27:56 - INFO - epoch-693, train_loss-0.0006213, val_loss-0.0227940
2024-12-18 22:28:19 - INFO - epoch-694, train_loss-0.0006218, val_loss-0.0240764
2024-12-18 22:28:42 - INFO - epoch-695, train_loss-0.0006220, val_loss-0.0352349
2024-12-18 22:29:07 - INFO - epoch-696, train_loss-0.0006218, val_loss-0.0410191
2024-12-18 22:29:31 - INFO - epoch-697, train_loss-0.0006222, val_loss-0.0459118
2024-12-18 22:29:55 - INFO - epoch-698, train_loss-0.0006222, val_loss-0.0709456
2024-12-18 22:30:18 - INFO - epoch-699, train_loss-0.0006203, val_loss-0.0715658
2024-12-18 22:30:41 - INFO - epoch-700, train_loss-0.0006224, val_loss-0.0526259
2024-12-18 22:31:05 - INFO - epoch-701, train_loss-0.0006225, val_loss-0.0509879
2024-12-18 22:31:28 - INFO - epoch-702, train_loss-0.0006219, val_loss-0.0620991
2024-12-18 22:31:51 - INFO - epoch-703, train_loss-0.0006227, val_loss-0.0656271
2024-12-18 22:32:16 - INFO - epoch-704, train_loss-0.0006209, val_loss-0.0586628
2024-12-18 22:32:39 - INFO - epoch-705, train_loss-0.0006204, val_loss-0.0487203
2024-12-18 22:33:03 - INFO - epoch-706, train_loss-0.0006206, val_loss-0.0584485
2024-12-18 22:33:27 - INFO - epoch-707, train_loss-0.0006215, val_loss-0.0592290
2024-12-18 22:33:50 - INFO - epoch-708, train_loss-0.0006208, val_loss-0.0708004
2024-12-18 22:34:14 - INFO - epoch-709, train_loss-0.0006212, val_loss-0.0614794
2024-12-18 22:34:37 - INFO - epoch-710, train_loss-0.0006215, val_loss-0.0576631
2024-12-18 22:35:00 - INFO - epoch-711, train_loss-0.0006207, val_loss-0.0668334
2024-12-18 22:35:24 - INFO - epoch-712, train_loss-0.0006200, val_loss-0.0473144
2024-12-18 22:35:47 - INFO - epoch-713, train_loss-0.0006211, val_loss-0.0509933
2024-12-18 22:36:11 - INFO - epoch-714, train_loss-0.0006214, val_loss-0.0713070
2024-12-18 22:36:34 - INFO - epoch-715, train_loss-0.0006215, val_loss-0.0832875
2024-12-18 22:36:57 - INFO - epoch-716, train_loss-0.0006215, val_loss-0.0790199
2024-12-18 22:37:20 - INFO - epoch-717, train_loss-0.0006217, val_loss-0.0906606
2024-12-18 22:37:44 - INFO - epoch-718, train_loss-0.0006198, val_loss-0.1011657
2024-12-18 22:38:07 - INFO - epoch-719, train_loss-0.0006214, val_loss-0.0740638
2024-12-18 22:38:31 - INFO - epoch-720, train_loss-0.0006217, val_loss-0.0700042
2024-12-18 22:38:54 - INFO - epoch-721, train_loss-0.0006198, val_loss-0.0593050
2024-12-18 22:39:17 - INFO - epoch-722, train_loss-0.0006216, val_loss-0.0802282
2024-12-18 22:39:41 - INFO - epoch-723, train_loss-0.0006222, val_loss-0.0706563
2024-12-18 22:40:04 - INFO - epoch-724, train_loss-0.0006211, val_loss-0.0797666
2024-12-18 22:40:28 - INFO - epoch-725, train_loss-0.0006202, val_loss-0.0724928
2024-12-18 22:40:51 - INFO - epoch-726, train_loss-0.0006199, val_loss-0.0723818
2024-12-18 22:41:14 - INFO - epoch-727, train_loss-0.0006191, val_loss-0.0887280
2024-12-18 22:41:38 - INFO - epoch-728, train_loss-0.0006204, val_loss-0.0788291
2024-12-18 22:42:02 - INFO - epoch-729, train_loss-0.0006195, val_loss-0.0694858
2024-12-18 22:42:25 - INFO - epoch-730, train_loss-0.0006206, val_loss-0.0658705
2024-12-18 22:42:48 - INFO - epoch-731, train_loss-0.0006200, val_loss-0.0753140
2024-12-18 22:43:12 - INFO - epoch-732, train_loss-0.0006205, val_loss-0.0776099
2024-12-18 22:43:35 - INFO - epoch-733, train_loss-0.0006202, val_loss-0.0695943
2024-12-18 22:43:58 - INFO - epoch-734, train_loss-0.0006211, val_loss-0.0642564
2024-12-18 22:44:22 - INFO - epoch-735, train_loss-0.0006204, val_loss-0.0883437
2024-12-18 22:44:46 - INFO - epoch-736, train_loss-0.0006203, val_loss-0.0825515
2024-12-18 22:45:09 - INFO - epoch-737, train_loss-0.0006200, val_loss-0.0985581
2024-12-18 22:45:34 - INFO - epoch-738, train_loss-0.0006206, val_loss-0.1123839
2024-12-18 22:45:57 - INFO - epoch-739, train_loss-0.0006201, val_loss-0.0830318
2024-12-18 22:46:21 - INFO - epoch-740, train_loss-0.0006206, val_loss-0.0859006
2024-12-18 22:46:44 - INFO - epoch-741, train_loss-0.0006206, val_loss-0.1068083
2024-12-18 22:47:07 - INFO - epoch-742, train_loss-0.0006198, val_loss-0.1070863
2024-12-18 22:47:31 - INFO - epoch-743, train_loss-0.0006201, val_loss-0.1247170
2024-12-18 22:47:55 - INFO - epoch-744, train_loss-0.0006206, val_loss-0.1200793
2024-12-18 22:48:18 - INFO - epoch-745, train_loss-0.0006195, val_loss-0.0986713
2024-12-18 22:48:42 - INFO - epoch-746, train_loss-0.0006191, val_loss-0.1040402
2024-12-18 22:49:05 - INFO - epoch-747, train_loss-0.0006203, val_loss-0.1010769
2024-12-18 22:49:29 - INFO - epoch-748, train_loss-0.0006203, val_loss-0.0948055
2024-12-18 22:49:52 - INFO - epoch-749, train_loss-0.0006192, val_loss-0.1179030
2024-12-18 22:50:15 - INFO - epoch-750, train_loss-0.0006192, val_loss-0.1074217
2024-12-18 22:50:39 - INFO - epoch-751, train_loss-0.0006212, val_loss-0.1447246
2024-12-18 22:51:02 - INFO - epoch-752, train_loss-0.0006206, val_loss-0.1510488
2024-12-18 22:51:25 - INFO - epoch-753, train_loss-0.0006199, val_loss-0.1323489
2024-12-18 22:51:49 - INFO - epoch-754, train_loss-0.0006195, val_loss-0.1506750
2024-12-18 22:52:12 - INFO - epoch-755, train_loss-0.0006183, val_loss-0.1486104
2024-12-18 22:52:36 - INFO - epoch-756, train_loss-0.0006185, val_loss-0.1554380
2024-12-18 22:52:59 - INFO - epoch-757, train_loss-0.0006196, val_loss-0.1117364
2024-12-18 22:53:22 - INFO - epoch-758, train_loss-0.0006193, val_loss-0.1299506
2024-12-18 22:53:46 - INFO - epoch-759, train_loss-0.0006185, val_loss-0.1373942
2024-12-18 22:54:09 - INFO - epoch-760, train_loss-0.0006189, val_loss-0.1585651
2024-12-18 22:54:34 - INFO - epoch-761, train_loss-0.0006226, val_loss-0.1562071
2024-12-18 22:54:57 - INFO - epoch-762, train_loss-0.0006195, val_loss-0.1821234
2024-12-18 22:58:38 - INFO - epoch-763, train_loss-0.0006195, val_loss-0.1314661
2024-12-18 22:59:02 - INFO - epoch-764, train_loss-0.0006193, val_loss-0.1397714
2024-12-18 22:59:25 - INFO - epoch-765, train_loss-0.0006182, val_loss-0.1314903
2024-12-18 22:59:49 - INFO - epoch-766, train_loss-0.0006188, val_loss-0.1477020
2024-12-18 23:00:12 - INFO - epoch-767, train_loss-0.0006184, val_loss-0.1523019
2024-12-18 23:00:35 - INFO - epoch-768, train_loss-0.0006176, val_loss-0.1142339
2024-12-18 23:00:59 - INFO - epoch-769, train_loss-0.0006194, val_loss-0.0881553
2024-12-18 23:01:22 - INFO - epoch-770, train_loss-0.0006192, val_loss-0.1057994
2024-12-18 23:01:45 - INFO - epoch-771, train_loss-0.0006193, val_loss-0.0878137
2024-12-18 23:02:09 - INFO - epoch-772, train_loss-0.0006188, val_loss-0.1104049
2024-12-18 23:02:33 - INFO - epoch-773, train_loss-0.0006182, val_loss-0.1038332
2024-12-18 23:02:57 - INFO - epoch-774, train_loss-0.0006186, val_loss-0.1182376
2024-12-18 23:03:20 - INFO - epoch-775, train_loss-0.0006186, val_loss-0.0869388
2024-12-18 23:03:44 - INFO - epoch-776, train_loss-0.0006194, val_loss-0.0830089
2024-12-18 23:04:07 - INFO - epoch-777, train_loss-0.0006182, val_loss-0.1039008
2024-12-18 23:04:30 - INFO - epoch-778, train_loss-0.0006184, val_loss-0.0842591
2024-12-18 23:04:55 - INFO - epoch-779, train_loss-0.0006198, val_loss-0.1093063
2024-12-18 23:05:18 - INFO - epoch-780, train_loss-0.0006194, val_loss-0.0918509
2024-12-18 23:05:41 - INFO - epoch-781, train_loss-0.0006174, val_loss-0.1070102
2024-12-18 23:06:05 - INFO - epoch-782, train_loss-0.0006188, val_loss-0.0916459
2024-12-18 23:06:28 - INFO - epoch-783, train_loss-0.0006178, val_loss-0.0895383
2024-12-18 23:06:52 - INFO - epoch-784, train_loss-0.0006173, val_loss-0.1056388
2024-12-18 23:07:15 - INFO - epoch-785, train_loss-0.0006193, val_loss-0.1063989
2024-12-18 23:07:38 - INFO - epoch-786, train_loss-0.0006191, val_loss-0.1199235
2024-12-18 23:08:02 - INFO - epoch-787, train_loss-0.0006187, val_loss-0.0924224
2024-12-18 23:08:26 - INFO - epoch-788, train_loss-0.0006182, val_loss-0.1199304
2024-12-18 23:08:50 - INFO - epoch-789, train_loss-0.0006169, val_loss-0.1092072
2024-12-18 23:09:14 - INFO - epoch-790, train_loss-0.0006174, val_loss-0.0923633
2024-12-18 23:09:37 - INFO - epoch-791, train_loss-0.0006180, val_loss-0.0933850
2024-12-18 23:10:01 - INFO - epoch-792, train_loss-0.0006203, val_loss-0.0966615
2024-12-18 23:10:24 - INFO - epoch-793, train_loss-0.0006178, val_loss-0.1072528
2024-12-18 23:10:47 - INFO - epoch-794, train_loss-0.0006180, val_loss-0.1040557
2024-12-18 23:11:10 - INFO - epoch-795, train_loss-0.0006181, val_loss-0.0943217
2024-12-18 23:11:35 - INFO - epoch-796, train_loss-0.0006185, val_loss-0.1190233
2024-12-18 23:11:59 - INFO - epoch-797, train_loss-0.0006174, val_loss-0.1382999
2024-12-18 23:12:23 - INFO - epoch-798, train_loss-0.0006171, val_loss-0.1352120
2024-12-18 23:12:46 - INFO - epoch-799, train_loss-0.0006172, val_loss-0.1642196
2024-12-18 23:13:09 - INFO - epoch-800, train_loss-0.0006170, val_loss-0.1327893
2024-12-18 23:13:33 - INFO - epoch-801, train_loss-0.0006176, val_loss-0.1222170
2024-12-18 23:13:56 - INFO - epoch-802, train_loss-0.0006181, val_loss-0.1096739
2024-12-18 23:14:21 - INFO - epoch-803, train_loss-0.0006180, val_loss-0.1500978
2024-12-18 23:14:44 - INFO - epoch-804, train_loss-0.0006171, val_loss-0.1545514
2024-12-18 23:15:07 - INFO - epoch-805, train_loss-0.0006182, val_loss-0.1335175
2024-12-18 23:15:31 - INFO - epoch-806, train_loss-0.0006169, val_loss-0.1499888
2024-12-18 23:15:54 - INFO - epoch-807, train_loss-0.0006177, val_loss-0.1316816
2024-12-18 23:16:19 - INFO - epoch-808, train_loss-0.0006171, val_loss-0.1396818
2024-12-18 23:16:42 - INFO - epoch-809, train_loss-0.0006174, val_loss-0.1318116
2024-12-18 23:17:05 - INFO - epoch-810, train_loss-0.0006176, val_loss-0.1118617
2024-12-18 23:17:29 - INFO - epoch-811, train_loss-0.0006171, val_loss-0.1396473
2024-12-18 23:17:52 - INFO - epoch-812, train_loss-0.0006168, val_loss-0.0982484
2024-12-18 23:18:16 - INFO - epoch-813, train_loss-0.0006171, val_loss-0.1600141
2024-12-18 23:18:40 - INFO - epoch-814, train_loss-0.0006175, val_loss-0.1489593
2024-12-18 23:19:03 - INFO - epoch-815, train_loss-0.0006177, val_loss-0.1743841
2024-12-18 23:19:27 - INFO - epoch-816, train_loss-0.0006172, val_loss-0.1732834
2024-12-18 23:19:50 - INFO - epoch-817, train_loss-0.0006174, val_loss-0.1422848
2024-12-18 23:20:14 - INFO - epoch-818, train_loss-0.0006173, val_loss-0.1554562
2024-12-18 23:20:38 - INFO - epoch-819, train_loss-0.0006157, val_loss-0.1555061
2024-12-18 23:21:01 - INFO - epoch-820, train_loss-0.0006172, val_loss-0.1385434
2024-12-18 23:21:25 - INFO - epoch-821, train_loss-0.0006172, val_loss-0.1293316
2024-12-18 23:21:48 - INFO - epoch-822, train_loss-0.0006176, val_loss-0.1129594
2024-12-18 23:22:12 - INFO - epoch-823, train_loss-0.0006166, val_loss-0.1423443
2024-12-18 23:22:35 - INFO - epoch-824, train_loss-0.0006184, val_loss-0.1474289
2024-12-18 23:22:58 - INFO - epoch-825, train_loss-0.0006171, val_loss-0.1503388
2024-12-18 23:23:22 - INFO - epoch-826, train_loss-0.0006166, val_loss-0.1732855
2024-12-18 23:23:46 - INFO - epoch-827, train_loss-0.0006170, val_loss-0.1181274
2024-12-18 23:24:09 - INFO - epoch-828, train_loss-0.0006160, val_loss-0.1502728
2024-12-18 23:24:33 - INFO - epoch-829, train_loss-0.0006165, val_loss-0.1652233
2024-12-18 23:24:57 - INFO - epoch-830, train_loss-0.0006165, val_loss-0.1369128
2024-12-18 23:25:20 - INFO - epoch-831, train_loss-0.0006165, val_loss-0.1656718
2024-12-18 23:25:43 - INFO - epoch-832, train_loss-0.0006166, val_loss-0.1904032
2024-12-18 23:26:07 - INFO - epoch-833, train_loss-0.0006156, val_loss-0.1807077
2024-12-18 23:26:30 - INFO - epoch-834, train_loss-0.0006165, val_loss-0.2219390
2024-12-18 23:26:53 - INFO - epoch-835, train_loss-0.0006167, val_loss-0.2013358
2024-12-18 23:27:17 - INFO - epoch-836, train_loss-0.0006162, val_loss-0.2047324
2024-12-18 23:27:40 - INFO - epoch-837, train_loss-0.0006153, val_loss-0.1999595
2024-12-18 23:28:03 - INFO - epoch-838, train_loss-0.0006157, val_loss-0.2334618
2024-12-18 23:28:27 - INFO - epoch-839, train_loss-0.0006158, val_loss-0.1955375
2024-12-18 23:28:50 - INFO - epoch-840, train_loss-0.0006152, val_loss-0.1900978
2024-12-18 23:29:13 - INFO - epoch-841, train_loss-0.0006163, val_loss-0.2262796
2024-12-18 23:29:37 - INFO - epoch-842, train_loss-0.0006167, val_loss-0.2297825
2024-12-18 23:30:01 - INFO - epoch-843, train_loss-0.0006155, val_loss-0.2894122
2024-12-18 23:30:26 - INFO - epoch-844, train_loss-0.0006160, val_loss-0.2601458
2024-12-18 23:30:50 - INFO - epoch-845, train_loss-0.0006162, val_loss-0.2451964
2024-12-18 23:31:15 - INFO - epoch-846, train_loss-0.0006165, val_loss-0.2522070
2024-12-18 23:31:38 - INFO - epoch-847, train_loss-0.0006146, val_loss-0.3343478
2024-12-18 23:32:01 - INFO - epoch-848, train_loss-0.0006149, val_loss-0.3304617
2024-12-18 23:32:25 - INFO - epoch-849, train_loss-0.0006149, val_loss-0.2929476
2024-12-18 23:32:48 - INFO - epoch-850, train_loss-0.0006160, val_loss-0.2779652
2024-12-18 23:33:12 - INFO - epoch-851, train_loss-0.0006157, val_loss-0.2674928
2024-12-18 23:33:35 - INFO - epoch-852, train_loss-0.0006149, val_loss-0.2471658
2024-12-18 23:33:58 - INFO - epoch-853, train_loss-0.0006162, val_loss-0.3251645
2024-12-18 23:34:22 - INFO - epoch-854, train_loss-0.0006161, val_loss-0.3324703
2024-12-18 23:34:46 - INFO - epoch-855, train_loss-0.0006159, val_loss-0.3094343
2024-12-18 23:35:09 - INFO - epoch-856, train_loss-0.0006156, val_loss-0.3270603
2024-12-18 23:35:33 - INFO - epoch-857, train_loss-0.0006151, val_loss-0.3094866
2024-12-18 23:35:56 - INFO - epoch-858, train_loss-0.0006151, val_loss-0.3269142
2024-12-18 23:36:19 - INFO - epoch-859, train_loss-0.0006156, val_loss-0.2543923
2024-12-18 23:36:43 - INFO - epoch-860, train_loss-0.0006153, val_loss-0.2591782
2024-12-18 23:37:06 - INFO - epoch-861, train_loss-0.0006158, val_loss-0.2631290
2024-12-18 23:37:29 - INFO - epoch-862, train_loss-0.0006153, val_loss-0.2420337
2024-12-18 23:37:53 - INFO - epoch-863, train_loss-0.0006145, val_loss-0.3311882
2024-12-18 23:38:16 - INFO - epoch-864, train_loss-0.0006156, val_loss-0.2952717
2024-12-18 23:38:40 - INFO - epoch-865, train_loss-0.0006151, val_loss-0.3779469
2024-12-18 23:39:03 - INFO - epoch-866, train_loss-0.0006158, val_loss-0.2954429
2024-12-18 23:39:26 - INFO - epoch-867, train_loss-0.0006149, val_loss-0.2818112
2024-12-18 23:39:50 - INFO - epoch-868, train_loss-0.0006142, val_loss-0.3383964
2024-12-18 23:40:14 - INFO - epoch-869, train_loss-0.0006145, val_loss-0.3156757
2024-12-18 23:40:39 - INFO - epoch-870, train_loss-0.0006144, val_loss-0.2912945
2024-12-18 23:41:02 - INFO - epoch-871, train_loss-0.0006141, val_loss-0.2981225
2024-12-18 23:41:25 - INFO - epoch-872, train_loss-0.0006158, val_loss-0.2357794
2024-12-18 23:41:48 - INFO - epoch-873, train_loss-0.0006143, val_loss-0.2281811
2024-12-18 23:42:12 - INFO - epoch-874, train_loss-0.0006146, val_loss-0.2613553
2024-12-18 23:42:35 - INFO - epoch-875, train_loss-0.0006148, val_loss-0.2481293
2024-12-18 23:42:59 - INFO - epoch-876, train_loss-0.0006157, val_loss-0.3421849
2024-12-18 23:43:23 - INFO - epoch-877, train_loss-0.0006153, val_loss-0.2452130
2024-12-18 23:43:46 - INFO - epoch-878, train_loss-0.0006150, val_loss-0.2927267
2024-12-18 23:44:10 - INFO - epoch-879, train_loss-0.0006140, val_loss-0.2980954
2024-12-18 23:44:33 - INFO - epoch-880, train_loss-0.0006155, val_loss-0.2699047
2024-12-18 23:44:57 - INFO - epoch-881, train_loss-0.0006152, val_loss-0.2863593
2024-12-18 23:45:20 - INFO - epoch-882, train_loss-0.0006140, val_loss-0.3092579
2024-12-18 23:45:43 - INFO - epoch-883, train_loss-0.0006142, val_loss-0.3142398
2024-12-18 23:46:07 - INFO - epoch-884, train_loss-0.0006134, val_loss-0.2545651
2024-12-18 23:46:30 - INFO - epoch-885, train_loss-0.0006137, val_loss-0.2870215
2024-12-18 23:46:53 - INFO - epoch-886, train_loss-0.0006135, val_loss-0.3036950
2024-12-18 23:47:17 - INFO - epoch-887, train_loss-0.0006154, val_loss-0.2383319
2024-12-18 23:47:40 - INFO - epoch-888, train_loss-0.0006151, val_loss-0.2572658
2024-12-18 23:48:03 - INFO - epoch-889, train_loss-0.0006142, val_loss-0.2363288
2024-12-18 23:48:28 - INFO - epoch-890, train_loss-0.0006137, val_loss-0.2591158
2024-12-18 23:48:51 - INFO - epoch-891, train_loss-0.0006142, val_loss-0.3145949
2024-12-18 23:51:26 - INFO - epoch-892, train_loss-0.0006134, val_loss-0.2887656
2024-12-18 23:52:26 - INFO - epoch-893, train_loss-0.0006140, val_loss-0.2154909
2024-12-18 23:52:50 - INFO - epoch-894, train_loss-0.0006148, val_loss-0.2459766
2024-12-18 23:53:13 - INFO - epoch-895, train_loss-0.0006147, val_loss-0.3191082
2024-12-18 23:53:37 - INFO - epoch-896, train_loss-0.0006150, val_loss-0.2939245
2024-12-18 23:54:01 - INFO - epoch-897, train_loss-0.0006151, val_loss-0.3133134
2024-12-18 23:54:25 - INFO - epoch-898, train_loss-0.0006132, val_loss-0.2855111
2024-12-18 23:54:48 - INFO - epoch-899, train_loss-0.0006134, val_loss-0.3310181
2024-12-18 23:55:11 - INFO - epoch-900, train_loss-0.0006130, val_loss-0.2852577
2024-12-18 23:55:35 - INFO - epoch-901, train_loss-0.0006129, val_loss-0.3242463
2024-12-18 23:55:58 - INFO - epoch-902, train_loss-0.0006141, val_loss-0.2896097
2024-12-18 23:56:23 - INFO - epoch-903, train_loss-0.0006133, val_loss-0.2995099
2024-12-18 23:56:47 - INFO - epoch-904, train_loss-0.0006123, val_loss-0.2963503
2024-12-18 23:57:11 - INFO - epoch-905, train_loss-0.0006130, val_loss-0.2802019
2024-12-18 23:57:34 - INFO - epoch-906, train_loss-0.0006157, val_loss-0.3353737
2024-12-18 23:57:57 - INFO - epoch-907, train_loss-0.0006141, val_loss-0.3509156
2024-12-18 23:58:22 - INFO - epoch-908, train_loss-0.0006128, val_loss-0.3226447
2024-12-18 23:58:45 - INFO - epoch-909, train_loss-0.0006141, val_loss-0.3306280
2024-12-18 23:59:09 - INFO - epoch-910, train_loss-0.0006147, val_loss-0.3447672
2024-12-18 23:59:32 - INFO - epoch-911, train_loss-0.0006145, val_loss-0.3655500
2024-12-18 23:59:55 - INFO - epoch-912, train_loss-0.0006127, val_loss-0.3760360
2024-12-19 00:00:19 - INFO - epoch-913, train_loss-0.0006135, val_loss-0.4002527
2024-12-19 00:00:42 - INFO - epoch-914, train_loss-0.0006134, val_loss-0.3461330
2024-12-19 00:01:05 - INFO - epoch-915, train_loss-0.0006129, val_loss-0.3802504
2024-12-19 00:01:29 - INFO - epoch-916, train_loss-0.0006127, val_loss-0.3516167
2024-12-19 00:01:52 - INFO - epoch-917, train_loss-0.0006141, val_loss-0.3384323
2024-12-19 00:02:16 - INFO - epoch-918, train_loss-0.0006143, val_loss-0.3959175
2024-12-19 00:02:39 - INFO - epoch-919, train_loss-0.0006133, val_loss-0.3657238
2024-12-19 00:03:02 - INFO - epoch-920, train_loss-0.0006147, val_loss-0.3902650
2024-12-19 00:03:26 - INFO - epoch-921, train_loss-0.0006127, val_loss-0.4501763
2024-12-19 00:03:49 - INFO - epoch-922, train_loss-0.0006131, val_loss-0.4373503
2024-12-19 00:04:12 - INFO - epoch-923, train_loss-0.0006121, val_loss-0.3601395
2024-12-19 00:04:37 - INFO - epoch-924, train_loss-0.0006126, val_loss-0.3378278
2024-12-19 00:05:00 - INFO - epoch-925, train_loss-0.0006133, val_loss-0.3585902
2024-12-19 00:05:24 - INFO - epoch-926, train_loss-0.0006133, val_loss-0.3667470
2024-12-19 00:05:47 - INFO - epoch-927, train_loss-0.0006138, val_loss-0.3599232
2024-12-19 00:06:10 - INFO - epoch-928, train_loss-0.0006131, val_loss-0.3750535
2024-12-19 00:06:35 - INFO - epoch-929, train_loss-0.0006138, val_loss-0.4188257
2024-12-19 00:06:59 - INFO - epoch-930, train_loss-0.0006126, val_loss-0.3416170
2024-12-19 00:07:23 - INFO - epoch-931, train_loss-0.0006119, val_loss-0.3125528
2024-12-19 00:07:46 - INFO - epoch-932, train_loss-0.0006121, val_loss-0.4439813
2024-12-19 00:08:10 - INFO - epoch-933, train_loss-0.0006118, val_loss-0.4286678
2024-12-19 00:08:35 - INFO - epoch-934, train_loss-0.0006122, val_loss-0.4061455
2024-12-19 00:08:58 - INFO - epoch-935, train_loss-0.0006116, val_loss-0.4111070
2024-12-19 00:09:22 - INFO - epoch-936, train_loss-0.0006142, val_loss-0.3739912
2024-12-19 00:09:46 - INFO - epoch-937, train_loss-0.0006121, val_loss-0.4814646
2024-12-19 00:10:10 - INFO - epoch-938, train_loss-0.0006128, val_loss-0.4105409
2024-12-19 00:10:33 - INFO - epoch-939, train_loss-0.0006122, val_loss-0.3957594
2024-12-19 00:10:58 - INFO - epoch-940, train_loss-0.0006117, val_loss-0.4508032
2024-12-19 00:11:22 - INFO - epoch-941, train_loss-0.0006133, val_loss-0.4158938
2024-12-19 00:11:45 - INFO - epoch-942, train_loss-0.0006124, val_loss-0.4009096
2024-12-19 00:12:09 - INFO - epoch-943, train_loss-0.0006119, val_loss-0.4537943
2024-12-19 00:12:32 - INFO - epoch-944, train_loss-0.0006107, val_loss-0.3599629
2024-12-19 00:12:55 - INFO - epoch-945, train_loss-0.0006127, val_loss-0.4595986
2024-12-19 00:13:20 - INFO - epoch-946, train_loss-0.0006115, val_loss-0.4087549
2024-12-19 00:13:44 - INFO - epoch-947, train_loss-0.0006145, val_loss-0.4647875
2024-12-19 00:14:08 - INFO - epoch-948, train_loss-0.0006113, val_loss-0.4046933
2024-12-19 00:14:31 - INFO - epoch-949, train_loss-0.0006113, val_loss-0.4177984
2024-12-19 00:14:55 - INFO - epoch-950, train_loss-0.0006132, val_loss-0.4693932
2024-12-19 00:15:18 - INFO - epoch-951, train_loss-0.0006120, val_loss-0.4861924
2024-12-19 00:15:41 - INFO - epoch-952, train_loss-0.0006120, val_loss-0.4762867
2024-12-19 00:16:05 - INFO - epoch-953, train_loss-0.0006131, val_loss-0.4221202
2024-12-19 00:16:28 - INFO - epoch-954, train_loss-0.0006123, val_loss-0.4322079
2024-12-19 00:16:52 - INFO - epoch-955, train_loss-0.0006117, val_loss-0.4456561
2024-12-19 00:17:15 - INFO - epoch-956, train_loss-0.0006124, val_loss-0.3753372
2024-12-19 00:17:38 - INFO - epoch-957, train_loss-0.0006132, val_loss-0.3970492
2024-12-19 00:18:02 - INFO - epoch-958, train_loss-0.0006124, val_loss-0.3118243
2024-12-19 00:18:25 - INFO - epoch-959, train_loss-0.0006100, val_loss-0.3751635
2024-12-19 00:18:48 - INFO - epoch-960, train_loss-0.0006108, val_loss-0.3458653
2024-12-19 00:19:12 - INFO - epoch-961, train_loss-0.0006116, val_loss-0.3878097
2024-12-19 00:19:35 - INFO - epoch-962, train_loss-0.0006126, val_loss-0.3730619
2024-12-19 00:19:59 - INFO - epoch-963, train_loss-0.0006126, val_loss-0.3562492
2024-12-19 00:20:23 - INFO - epoch-964, train_loss-0.0006136, val_loss-0.4357319
2024-12-19 00:20:48 - INFO - epoch-965, train_loss-0.0006111, val_loss-0.3732623
2024-12-19 00:21:12 - INFO - epoch-966, train_loss-0.0006109, val_loss-0.3866311
2024-12-19 00:21:35 - INFO - epoch-967, train_loss-0.0006119, val_loss-0.4250990
2024-12-19 00:21:59 - INFO - epoch-968, train_loss-0.0006112, val_loss-0.4098789
2024-12-19 00:22:22 - INFO - epoch-969, train_loss-0.0006113, val_loss-0.3602094
2024-12-19 00:22:46 - INFO - epoch-970, train_loss-0.0006115, val_loss-0.3882879
2024-12-19 00:23:09 - INFO - epoch-971, train_loss-0.0006119, val_loss-0.4212936
2024-12-19 00:23:34 - INFO - epoch-972, train_loss-0.0006117, val_loss-0.3872958
2024-12-19 00:23:57 - INFO - epoch-973, train_loss-0.0006124, val_loss-0.3572237
2024-12-19 00:24:20 - INFO - epoch-974, train_loss-0.0006105, val_loss-0.3863435
2024-12-19 00:24:44 - INFO - epoch-975, train_loss-0.0006114, val_loss-0.4476391
2024-12-19 00:25:07 - INFO - epoch-976, train_loss-0.0006100, val_loss-0.4275479
2024-12-19 00:25:31 - INFO - epoch-977, train_loss-0.0006106, val_loss-0.3952696
2024-12-19 00:25:54 - INFO - epoch-978, train_loss-0.0006107, val_loss-0.3419509
2024-12-19 00:26:19 - INFO - epoch-979, train_loss-0.0006121, val_loss-0.3503421
2024-12-19 00:26:43 - INFO - epoch-980, train_loss-0.0006113, val_loss-0.3500485
2024-12-19 00:27:07 - INFO - epoch-981, train_loss-0.0006106, val_loss-0.3895704
2024-12-19 00:27:30 - INFO - epoch-982, train_loss-0.0006109, val_loss-0.3293850
2024-12-19 00:27:53 - INFO - epoch-983, train_loss-0.0006119, val_loss-0.4260638
2024-12-19 00:28:18 - INFO - epoch-984, train_loss-0.0006108, val_loss-0.4320528
2024-12-19 00:28:41 - INFO - epoch-985, train_loss-0.0006121, val_loss-0.4346207
2024-12-19 00:29:06 - INFO - epoch-986, train_loss-0.0006103, val_loss-0.3710681
2024-12-19 00:29:29 - INFO - epoch-987, train_loss-0.0006119, val_loss-0.4083222
2024-12-19 00:29:53 - INFO - epoch-988, train_loss-0.0006115, val_loss-0.4545719
2024-12-19 00:30:17 - INFO - epoch-989, train_loss-0.0006101, val_loss-0.4459549
2024-12-19 00:30:42 - INFO - epoch-990, train_loss-0.0006099, val_loss-0.4081520
2024-12-19 00:31:06 - INFO - epoch-991, train_loss-0.0006094, val_loss-0.4097306
2024-12-19 00:31:31 - INFO - epoch-992, train_loss-0.0006126, val_loss-0.4013906
2024-12-19 00:31:54 - INFO - epoch-993, train_loss-0.0006105, val_loss-0.4940348
2024-12-19 00:32:17 - INFO - epoch-994, train_loss-0.0006116, val_loss-0.5085664
2024-12-19 00:32:41 - INFO - epoch-995, train_loss-0.0006095, val_loss-0.3835975
2024-12-19 00:33:04 - INFO - epoch-996, train_loss-0.0006109, val_loss-0.5244071
2024-12-19 00:33:28 - INFO - epoch-997, train_loss-0.0006111, val_loss-0.4628676
2024-12-19 00:33:51 - INFO - epoch-998, train_loss-0.0006112, val_loss-0.4779853
2024-12-19 00:34:15 - INFO - epoch-999, train_loss-0.0006089, val_loss-0.3685929
