2025-03-05 08:50:54 - INFO - train data: 13259
2025-03-05 08:50:55 - INFO - train unqiue data: 13259
2025-03-05 08:50:55 - INFO - valid data: 1474
2025-03-05 08:50:55 - INFO - valid unqiue data: 1474
2025-03-05 08:55:56 - INFO - epoch-0, train_mse_loss-0.0003604, train_kl_loss-0.0017086, val_mse_loss-0.0004524, val_kl_loss-0.0000416
2025-03-05 09:00:22 - INFO - epoch-1, train_mse_loss-0.0003335, train_kl_loss-0.0000149, val_mse_loss-0.0004219, val_kl_loss-0.0000044
2025-03-05 09:04:47 - INFO - epoch-2, train_mse_loss-0.0003340, train_kl_loss-0.0000016, val_mse_loss-0.0006256, val_kl_loss-0.0000004
2025-03-05 09:04:57 - INFO - Saved new best model at epoch 2 with validation loss 0.0006260
2025-03-05 09:09:22 - INFO - epoch-3, train_mse_loss-0.0003347, train_kl_loss-0.0000001, val_mse_loss-0.0009037, val_kl_loss-0.0000000
2025-03-05 09:13:47 - INFO - epoch-4, train_mse_loss-0.0003342, train_kl_loss-0.0000000, val_mse_loss-0.0008679, val_kl_loss-0.0000000
2025-03-05 09:18:12 - INFO - epoch-5, train_mse_loss-0.0003337, train_kl_loss--0.0000000, val_mse_loss-0.0010519, val_kl_loss--0.0000000
2025-03-05 09:22:38 - INFO - epoch-6, train_mse_loss-0.0003341, train_kl_loss--0.0000000, val_mse_loss-0.0004013, val_kl_loss--0.0000000
2025-03-05 09:22:49 - INFO - Saved new best model at epoch 6 with validation loss 0.0004013
2025-03-05 09:27:15 - INFO - epoch-7, train_mse_loss-0.0003344, train_kl_loss--0.0000000, val_mse_loss-0.0003844, val_kl_loss--0.0000000
2025-03-05 09:27:26 - INFO - Saved new best model at epoch 7 with validation loss 0.0003844
2025-03-05 09:31:42 - INFO - epoch-8, train_mse_loss-0.0003340, train_kl_loss--0.0000000, val_mse_loss-0.0005331, val_kl_loss-0.0000000
2025-03-05 09:35:59 - INFO - epoch-9, train_mse_loss-0.0003341, train_kl_loss-0.0000000, val_mse_loss-0.0005426, val_kl_loss-0.0000000
2025-03-05 09:40:18 - INFO - epoch-10, train_mse_loss-0.0003334, train_kl_loss-0.0000000, val_mse_loss-0.0003514, val_kl_loss-0.0000000
2025-03-05 09:40:27 - INFO - Saved new best model at epoch 10 with validation loss 0.0003514
2025-03-05 09:44:49 - INFO - epoch-11, train_mse_loss-0.0003333, train_kl_loss-0.0000000, val_mse_loss-0.0003703, val_kl_loss-0.0000000
2025-03-05 09:49:07 - INFO - epoch-12, train_mse_loss-0.0003325, train_kl_loss-0.0000000, val_mse_loss-0.0004433, val_kl_loss-0.0000000
2025-03-05 09:53:26 - INFO - epoch-13, train_mse_loss-0.0003316, train_kl_loss-0.0000000, val_mse_loss-0.0005097, val_kl_loss-0.0000000
2025-03-05 09:57:45 - INFO - epoch-14, train_mse_loss-0.0003304, train_kl_loss-0.0000000, val_mse_loss-0.0005499, val_kl_loss-0.0000000
2025-03-05 10:02:02 - INFO - epoch-15, train_mse_loss-0.0003297, train_kl_loss-0.0000000, val_mse_loss-0.0005607, val_kl_loss-0.0000000
2025-03-05 10:06:21 - INFO - epoch-16, train_mse_loss-0.0003291, train_kl_loss-0.0000000, val_mse_loss-0.0005637, val_kl_loss-0.0000000
2025-03-05 10:10:38 - INFO - epoch-17, train_mse_loss-0.0003288, train_kl_loss-0.0000000, val_mse_loss-0.0005647, val_kl_loss-0.0000000
2025-03-05 10:14:55 - INFO - epoch-18, train_mse_loss-0.0003284, train_kl_loss-0.0000000, val_mse_loss-0.0005652, val_kl_loss-0.0000000
2025-03-05 10:19:13 - INFO - epoch-19, train_mse_loss-0.0003281, train_kl_loss-0.0000000, val_mse_loss-0.0005620, val_kl_loss-0.0000000
2025-03-05 10:23:31 - INFO - epoch-20, train_mse_loss-0.0003279, train_kl_loss-0.0000000, val_mse_loss-0.0005575, val_kl_loss-0.0000000
2025-03-05 10:27:47 - INFO - epoch-21, train_mse_loss-0.0003277, train_kl_loss-0.0000000, val_mse_loss-0.0005497, val_kl_loss-0.0000000
2025-03-05 10:32:04 - INFO - epoch-22, train_mse_loss-0.0003275, train_kl_loss-0.0000000, val_mse_loss-0.0005361, val_kl_loss-0.0000000
2025-03-05 10:36:23 - INFO - epoch-23, train_mse_loss-0.0003273, train_kl_loss-0.0000000, val_mse_loss-0.0005176, val_kl_loss-0.0000000
2025-03-05 10:40:41 - INFO - epoch-24, train_mse_loss-0.0003273, train_kl_loss-0.0000000, val_mse_loss-0.0004862, val_kl_loss-0.0000000
2025-03-05 10:44:57 - INFO - epoch-25, train_mse_loss-0.0003271, train_kl_loss-0.0000000, val_mse_loss-0.0004638, val_kl_loss-0.0000000
2025-03-05 10:49:14 - INFO - epoch-26, train_mse_loss-0.0003267, train_kl_loss-0.0000000, val_mse_loss-0.0004366, val_kl_loss-0.0000000
2025-03-05 10:53:30 - INFO - epoch-27, train_mse_loss-0.0003265, train_kl_loss-0.0000000, val_mse_loss-0.0004097, val_kl_loss-0.0000000
2025-03-05 10:57:47 - INFO - epoch-28, train_mse_loss-0.0003263, train_kl_loss-0.0000000, val_mse_loss-0.0003862, val_kl_loss-0.0000000
2025-03-05 11:02:03 - INFO - epoch-29, train_mse_loss-0.0003260, train_kl_loss-0.0000000, val_mse_loss-0.0003622, val_kl_loss-0.0000000
2025-03-05 11:06:22 - INFO - epoch-30, train_mse_loss-0.0003258, train_kl_loss-0.0000000, val_mse_loss-0.0003590, val_kl_loss-0.0000000
2025-03-05 11:10:40 - INFO - epoch-31, train_mse_loss-0.0003257, train_kl_loss-0.0000000, val_mse_loss-0.0003384, val_kl_loss-0.0000000
2025-03-05 11:10:47 - INFO - Saved new best model at epoch 31 with validation loss 0.0003384
2025-03-05 11:15:03 - INFO - epoch-32, train_mse_loss-0.0003256, train_kl_loss-0.0000000, val_mse_loss-0.0003375, val_kl_loss-0.0000000
2025-03-05 11:15:11 - INFO - Saved new best model at epoch 32 with validation loss 0.0003375
2025-03-05 11:19:29 - INFO - epoch-33, train_mse_loss-0.0003255, train_kl_loss-0.0000000, val_mse_loss-0.0003286, val_kl_loss-0.0000000
2025-03-05 11:19:37 - INFO - Saved new best model at epoch 33 with validation loss 0.0003286
2025-03-05 11:23:54 - INFO - epoch-34, train_mse_loss-0.0003253, train_kl_loss-0.0000000, val_mse_loss-0.0003276, val_kl_loss-0.0000000
2025-03-05 11:24:02 - INFO - Saved new best model at epoch 34 with validation loss 0.0003276
2025-03-05 11:28:18 - INFO - epoch-35, train_mse_loss-0.0003252, train_kl_loss-0.0000000, val_mse_loss-0.0003253, val_kl_loss-0.0000000
2025-03-05 11:28:26 - INFO - Saved new best model at epoch 35 with validation loss 0.0003253
2025-03-05 11:32:44 - INFO - epoch-36, train_mse_loss-0.0003251, train_kl_loss-0.0000000, val_mse_loss-0.0003356, val_kl_loss-0.0000000
2025-03-05 11:37:01 - INFO - epoch-37, train_mse_loss-0.0003249, train_kl_loss-0.0000000, val_mse_loss-0.0003469, val_kl_loss-0.0000000
2025-03-05 11:41:17 - INFO - epoch-38, train_mse_loss-0.0003247, train_kl_loss-0.0000000, val_mse_loss-0.0003570, val_kl_loss-0.0000000
2025-03-05 11:45:34 - INFO - epoch-39, train_mse_loss-0.0003246, train_kl_loss-0.0000000, val_mse_loss-0.0003564, val_kl_loss-0.0000000
2025-03-05 11:49:50 - INFO - epoch-40, train_mse_loss-0.0003246, train_kl_loss-0.0000000, val_mse_loss-0.0003577, val_kl_loss-0.0000000
2025-03-05 11:54:07 - INFO - epoch-41, train_mse_loss-0.0003245, train_kl_loss-0.0000000, val_mse_loss-0.0003598, val_kl_loss-0.0000000
2025-03-05 11:58:24 - INFO - epoch-42, train_mse_loss-0.0003245, train_kl_loss-0.0000000, val_mse_loss-0.0003601, val_kl_loss-0.0000000
2025-03-05 12:02:41 - INFO - epoch-43, train_mse_loss-0.0003245, train_kl_loss-0.0000000, val_mse_loss-0.0003591, val_kl_loss-0.0000000
2025-03-05 12:06:58 - INFO - epoch-44, train_mse_loss-0.0003245, train_kl_loss-0.0000000, val_mse_loss-0.0003608, val_kl_loss-0.0000000
2025-03-05 12:11:15 - INFO - epoch-45, train_mse_loss-0.0003244, train_kl_loss-0.0000000, val_mse_loss-0.0003580, val_kl_loss-0.0000000
2025-03-05 12:15:33 - INFO - epoch-46, train_mse_loss-0.0003244, train_kl_loss-0.0000000, val_mse_loss-0.0003598, val_kl_loss-0.0000000
2025-03-05 12:19:52 - INFO - epoch-47, train_mse_loss-0.0003244, train_kl_loss-0.0000000, val_mse_loss-0.0003617, val_kl_loss-0.0000000
2025-03-05 12:24:11 - INFO - epoch-48, train_mse_loss-0.0003244, train_kl_loss-0.0000000, val_mse_loss-0.0003628, val_kl_loss-0.0000000
2025-03-05 12:28:32 - INFO - epoch-49, train_mse_loss-0.0003244, train_kl_loss-0.0000000, val_mse_loss-0.0003599, val_kl_loss-0.0000000
2025-03-05 12:32:52 - INFO - epoch-50, train_mse_loss-0.0003244, train_kl_loss-0.0000000, val_mse_loss-0.0003601, val_kl_loss-0.0000000
2025-03-05 12:37:11 - INFO - epoch-51, train_mse_loss-0.0003244, train_kl_loss-0.0000000, val_mse_loss-0.0003584, val_kl_loss-0.0000000
2025-03-05 12:41:30 - INFO - epoch-52, train_mse_loss-0.0003244, train_kl_loss-0.0000000, val_mse_loss-0.0003594, val_kl_loss-0.0000000
2025-03-05 12:45:48 - INFO - epoch-53, train_mse_loss-0.0003244, train_kl_loss-0.0000000, val_mse_loss-0.0003620, val_kl_loss-0.0000000
2025-03-05 12:50:06 - INFO - epoch-54, train_mse_loss-0.0003244, train_kl_loss-0.0000000, val_mse_loss-0.0003583, val_kl_loss-0.0000000
2025-03-05 12:54:24 - INFO - epoch-55, train_mse_loss-0.0003244, train_kl_loss-0.0000000, val_mse_loss-0.0003600, val_kl_loss-0.0000000
2025-03-05 12:58:43 - INFO - epoch-56, train_mse_loss-0.0003243, train_kl_loss-0.0000000, val_mse_loss-0.0003567, val_kl_loss-0.0000000
2025-03-05 13:03:00 - INFO - epoch-57, train_mse_loss-0.0003243, train_kl_loss-0.0000000, val_mse_loss-0.0003580, val_kl_loss-0.0000000
2025-03-05 13:07:17 - INFO - epoch-58, train_mse_loss-0.0003243, train_kl_loss-0.0000000, val_mse_loss-0.0003558, val_kl_loss-0.0000000
2025-03-05 13:11:35 - INFO - epoch-59, train_mse_loss-0.0003243, train_kl_loss-0.0000000, val_mse_loss-0.0003587, val_kl_loss-0.0000000
2025-03-05 13:15:52 - INFO - epoch-60, train_mse_loss-0.0003243, train_kl_loss-0.0000000, val_mse_loss-0.0003564, val_kl_loss-0.0000000
2025-03-05 13:20:10 - INFO - epoch-61, train_mse_loss-0.0003243, train_kl_loss-0.0000000, val_mse_loss-0.0003577, val_kl_loss-0.0000000
2025-03-05 13:24:29 - INFO - epoch-62, train_mse_loss-0.0003243, train_kl_loss-0.0000000, val_mse_loss-0.0003586, val_kl_loss-0.0000000
2025-03-05 13:28:49 - INFO - epoch-63, train_mse_loss-0.0003243, train_kl_loss-0.0000000, val_mse_loss-0.0003565, val_kl_loss-0.0000000
2025-03-05 13:33:05 - INFO - epoch-64, train_mse_loss-0.0003243, train_kl_loss-0.0000000, val_mse_loss-0.0003577, val_kl_loss-0.0000000
2025-03-05 13:37:21 - INFO - epoch-65, train_mse_loss-0.0003243, train_kl_loss-0.0000000, val_mse_loss-0.0003604, val_kl_loss-0.0000000
2025-03-05 13:41:43 - INFO - epoch-66, train_mse_loss-0.0003243, train_kl_loss-0.0000000, val_mse_loss-0.0003614, val_kl_loss-0.0000000
2025-03-05 13:46:01 - INFO - epoch-67, train_mse_loss-0.0003243, train_kl_loss-0.0000000, val_mse_loss-0.0003572, val_kl_loss-0.0000000
2025-03-05 13:50:26 - INFO - epoch-68, train_mse_loss-0.0003243, train_kl_loss-0.0000000, val_mse_loss-0.0003598, val_kl_loss-0.0000000
2025-03-05 13:55:20 - INFO - epoch-69, train_mse_loss-0.0003243, train_kl_loss-0.0000000, val_mse_loss-0.0003608, val_kl_loss-0.0000000
2025-03-05 13:59:44 - INFO - epoch-70, train_mse_loss-0.0003243, train_kl_loss-0.0000000, val_mse_loss-0.0003614, val_kl_loss-0.0000000
2025-03-05 14:04:10 - INFO - epoch-71, train_mse_loss-0.0003243, train_kl_loss-0.0000000, val_mse_loss-0.0003585, val_kl_loss-0.0000000
2025-03-05 14:09:04 - INFO - epoch-72, train_mse_loss-0.0003243, train_kl_loss-0.0000000, val_mse_loss-0.0003603, val_kl_loss-0.0000000
2025-03-05 14:14:33 - INFO - epoch-73, train_mse_loss-0.0003243, train_kl_loss-0.0000000, val_mse_loss-0.0003564, val_kl_loss-0.0000000
2025-03-05 14:20:22 - INFO - epoch-74, train_mse_loss-0.0003243, train_kl_loss-0.0000000, val_mse_loss-0.0003635, val_kl_loss-0.0000000
2025-03-05 14:25:18 - INFO - epoch-75, train_mse_loss-0.0003243, train_kl_loss-0.0000000, val_mse_loss-0.0003611, val_kl_loss-0.0000000
2025-03-05 14:30:23 - INFO - epoch-76, train_mse_loss-0.0003243, train_kl_loss-0.0000000, val_mse_loss-0.0003616, val_kl_loss-0.0000000
2025-03-05 14:35:18 - INFO - epoch-77, train_mse_loss-0.0003243, train_kl_loss-0.0000000, val_mse_loss-0.0003589, val_kl_loss-0.0000000
2025-03-05 14:41:36 - INFO - epoch-78, train_mse_loss-0.0003243, train_kl_loss-0.0000000, val_mse_loss-0.0003638, val_kl_loss-0.0000000
2025-03-05 14:46:57 - INFO - epoch-79, train_mse_loss-0.0003243, train_kl_loss-0.0000000, val_mse_loss-0.0003610, val_kl_loss-0.0000000
2025-03-05 14:51:35 - INFO - epoch-80, train_mse_loss-0.0003243, train_kl_loss-0.0000000, val_mse_loss-0.0003614, val_kl_loss-0.0000000
2025-03-05 14:56:01 - INFO - epoch-81, train_mse_loss-0.0003243, train_kl_loss-0.0000000, val_mse_loss-0.0003640, val_kl_loss-0.0000000
2025-03-05 15:00:37 - INFO - epoch-82, train_mse_loss-0.0003242, train_kl_loss-0.0000000, val_mse_loss-0.0003618, val_kl_loss-0.0000000
2025-03-05 15:05:38 - INFO - epoch-83, train_mse_loss-0.0003242, train_kl_loss-0.0000000, val_mse_loss-0.0003683, val_kl_loss-0.0000000
2025-03-05 15:11:40 - INFO - epoch-84, train_mse_loss-0.0003242, train_kl_loss-0.0000000, val_mse_loss-0.0003673, val_kl_loss-0.0000000
2025-03-05 15:16:58 - INFO - epoch-85, train_mse_loss-0.0003242, train_kl_loss-0.0000000, val_mse_loss-0.0003682, val_kl_loss-0.0000000
2025-03-05 15:21:56 - INFO - epoch-86, train_mse_loss-0.0003242, train_kl_loss-0.0000000, val_mse_loss-0.0003667, val_kl_loss-0.0000000
2025-03-05 15:26:57 - INFO - epoch-87, train_mse_loss-0.0003242, train_kl_loss-0.0000000, val_mse_loss-0.0003714, val_kl_loss-0.0000000
2025-03-05 15:32:03 - INFO - epoch-88, train_mse_loss-0.0003242, train_kl_loss-0.0000000, val_mse_loss-0.0003723, val_kl_loss-0.0000000
2025-03-05 15:38:01 - INFO - epoch-89, train_mse_loss-0.0003242, train_kl_loss-0.0000000, val_mse_loss-0.0003694, val_kl_loss-0.0000000
2025-03-05 15:43:33 - INFO - epoch-90, train_mse_loss-0.0003242, train_kl_loss-0.0000000, val_mse_loss-0.0003674, val_kl_loss-0.0000000
2025-03-05 15:48:09 - INFO - epoch-91, train_mse_loss-0.0003242, train_kl_loss-0.0000000, val_mse_loss-0.0003697, val_kl_loss-0.0000000
2025-03-05 15:52:40 - INFO - epoch-92, train_mse_loss-0.0003242, train_kl_loss-0.0000000, val_mse_loss-0.0003722, val_kl_loss-0.0000000
2025-03-05 15:57:20 - INFO - epoch-93, train_mse_loss-0.0003242, train_kl_loss-0.0000000, val_mse_loss-0.0003771, val_kl_loss-0.0000000
2025-03-05 16:02:07 - INFO - epoch-94, train_mse_loss-0.0003242, train_kl_loss-0.0000000, val_mse_loss-0.0003740, val_kl_loss-0.0000000
2025-03-05 16:08:06 - INFO - epoch-95, train_mse_loss-0.0003242, train_kl_loss-0.0000000, val_mse_loss-0.0003664, val_kl_loss-0.0000000
2025-03-05 16:13:26 - INFO - epoch-96, train_mse_loss-0.0003242, train_kl_loss-0.0000000, val_mse_loss-0.0003673, val_kl_loss-0.0000000
2025-03-05 16:18:25 - INFO - epoch-97, train_mse_loss-0.0003242, train_kl_loss-0.0000000, val_mse_loss-0.0003676, val_kl_loss-0.0000000
2025-03-05 16:23:29 - INFO - epoch-98, train_mse_loss-0.0003242, train_kl_loss-0.0000000, val_mse_loss-0.0003728, val_kl_loss-0.0000000
2025-03-05 16:28:29 - INFO - epoch-99, train_mse_loss-0.0003242, train_kl_loss-0.0000000, val_mse_loss-0.0003697, val_kl_loss-0.0000000
2025-03-05 16:34:25 - INFO - epoch-100, train_mse_loss-0.0003242, train_kl_loss-0.0000000, val_mse_loss-0.0003640, val_kl_loss-0.0000000
2025-03-05 16:40:06 - INFO - epoch-101, train_mse_loss-0.0003242, train_kl_loss-0.0000000, val_mse_loss-0.0003660, val_kl_loss-0.0000000
2025-03-05 16:44:47 - INFO - epoch-102, train_mse_loss-0.0003242, train_kl_loss-0.0000000, val_mse_loss-0.0003704, val_kl_loss-0.0000000
2025-03-05 16:49:15 - INFO - epoch-103, train_mse_loss-0.0003242, train_kl_loss-0.0000000, val_mse_loss-0.0003780, val_kl_loss-0.0000000
2025-03-05 16:53:41 - INFO - epoch-104, train_mse_loss-0.0003242, train_kl_loss-0.0000000, val_mse_loss-0.0003658, val_kl_loss-0.0000000
2025-03-05 16:58:38 - INFO - epoch-105, train_mse_loss-0.0003242, train_kl_loss-0.0000000, val_mse_loss-0.0003769, val_kl_loss-0.0000000
2025-03-05 17:04:31 - INFO - epoch-106, train_mse_loss-0.0003242, train_kl_loss-0.0000000, val_mse_loss-0.0003669, val_kl_loss-0.0000000
2025-03-05 17:09:59 - INFO - epoch-107, train_mse_loss-0.0003242, train_kl_loss-0.0000000, val_mse_loss-0.0003544, val_kl_loss-0.0000000
2025-03-05 17:15:05 - INFO - epoch-108, train_mse_loss-0.0003242, train_kl_loss-0.0000000, val_mse_loss-0.0003645, val_kl_loss-0.0000000
2025-03-05 17:20:10 - INFO - epoch-109, train_mse_loss-0.0003242, train_kl_loss-0.0000000, val_mse_loss-0.0003725, val_kl_loss-0.0000000
2025-03-05 17:25:17 - INFO - epoch-110, train_mse_loss-0.0003242, train_kl_loss-0.0000000, val_mse_loss-0.0003704, val_kl_loss-0.0000000
2025-03-05 17:31:07 - INFO - epoch-111, train_mse_loss-0.0003242, train_kl_loss-0.0000000, val_mse_loss-0.0003731, val_kl_loss-0.0000000
2025-03-05 17:36:36 - INFO - epoch-112, train_mse_loss-0.0003242, train_kl_loss-0.0000000, val_mse_loss-0.0003755, val_kl_loss-0.0000000
2025-03-05 17:41:29 - INFO - epoch-113, train_mse_loss-0.0003242, train_kl_loss-0.0000000, val_mse_loss-0.0003744, val_kl_loss-0.0000000
2025-03-05 17:46:02 - INFO - epoch-114, train_mse_loss-0.0003242, train_kl_loss-0.0000000, val_mse_loss-0.0003802, val_kl_loss-0.0000000
2025-03-05 17:50:51 - INFO - epoch-115, train_mse_loss-0.0003242, train_kl_loss-0.0000000, val_mse_loss-0.0003698, val_kl_loss-0.0000000
2025-03-05 17:56:23 - INFO - epoch-116, train_mse_loss-0.0003242, train_kl_loss-0.0000000, val_mse_loss-0.0003714, val_kl_loss-0.0000000
2025-03-05 18:02:16 - INFO - epoch-117, train_mse_loss-0.0003242, train_kl_loss-0.0000000, val_mse_loss-0.0003747, val_kl_loss-0.0000000
2025-03-05 18:07:45 - INFO - epoch-118, train_mse_loss-0.0003242, train_kl_loss-0.0000000, val_mse_loss-0.0003748, val_kl_loss-0.0000000
2025-03-05 18:12:50 - INFO - epoch-119, train_mse_loss-0.0003242, train_kl_loss-0.0000000, val_mse_loss-0.0003735, val_kl_loss-0.0000000
2025-03-05 18:18:02 - INFO - epoch-120, train_mse_loss-0.0003242, train_kl_loss-0.0000000, val_mse_loss-0.0003420, val_kl_loss-0.0000000
2025-03-05 18:23:12 - INFO - epoch-121, train_mse_loss-0.0003242, train_kl_loss-0.0000000, val_mse_loss-0.0003433, val_kl_loss-0.0000000
2025-03-05 18:28:00 - INFO - epoch-122, train_mse_loss-0.0003242, train_kl_loss-0.0000000, val_mse_loss-0.0003536, val_kl_loss-0.0000000
2025-03-05 18:34:06 - INFO - epoch-123, train_mse_loss-0.0003241, train_kl_loss-0.0000000, val_mse_loss-0.0003670, val_kl_loss-0.0000000
2025-03-05 18:38:59 - INFO - epoch-124, train_mse_loss-0.0003241, train_kl_loss-0.0000000, val_mse_loss-0.0003672, val_kl_loss-0.0000000
2025-03-05 18:43:19 - INFO - epoch-125, train_mse_loss-0.0003242, train_kl_loss-0.0000000, val_mse_loss-0.0003588, val_kl_loss-0.0000000
2025-03-05 18:47:37 - INFO - epoch-126, train_mse_loss-0.0003241, train_kl_loss-0.0000000, val_mse_loss-0.0003724, val_kl_loss-0.0000000
2025-03-05 18:51:56 - INFO - epoch-127, train_mse_loss-0.0003241, train_kl_loss-0.0000000, val_mse_loss-0.0003730, val_kl_loss-0.0000000
2025-03-05 18:56:17 - INFO - epoch-128, train_mse_loss-0.0003241, train_kl_loss-0.0000000, val_mse_loss-0.0003714, val_kl_loss-0.0000000
2025-03-05 19:00:51 - INFO - epoch-129, train_mse_loss-0.0003241, train_kl_loss-0.0000000, val_mse_loss-0.0003726, val_kl_loss-0.0000000
2025-03-05 19:05:11 - INFO - epoch-130, train_mse_loss-0.0003241, train_kl_loss-0.0000000, val_mse_loss-0.0003797, val_kl_loss-0.0000000
2025-03-05 19:09:30 - INFO - epoch-131, train_mse_loss-0.0003241, train_kl_loss-0.0000000, val_mse_loss-0.0003716, val_kl_loss-0.0000000
2025-03-05 19:13:50 - INFO - epoch-132, train_mse_loss-0.0003241, train_kl_loss-0.0000000, val_mse_loss-0.0003685, val_kl_loss-0.0000000
2025-03-05 19:18:10 - INFO - epoch-133, train_mse_loss-0.0003241, train_kl_loss-0.0000000, val_mse_loss-0.0003729, val_kl_loss-0.0000000
2025-03-05 19:22:32 - INFO - epoch-134, train_mse_loss-0.0003241, train_kl_loss-0.0000000, val_mse_loss-0.0003742, val_kl_loss-0.0000000
2025-03-05 19:26:51 - INFO - epoch-135, train_mse_loss-0.0003241, train_kl_loss-0.0000000, val_mse_loss-0.0003714, val_kl_loss-0.0000000
2025-03-05 19:31:13 - INFO - epoch-136, train_mse_loss-0.0003241, train_kl_loss-0.0000000, val_mse_loss-0.0003762, val_kl_loss-0.0000000
2025-03-05 19:35:33 - INFO - epoch-137, train_mse_loss-0.0003241, train_kl_loss-0.0000000, val_mse_loss-0.0003816, val_kl_loss-0.0000000
2025-03-05 19:39:55 - INFO - epoch-138, train_mse_loss-0.0003241, train_kl_loss-0.0000000, val_mse_loss-0.0003778, val_kl_loss-0.0000000
2025-03-05 19:44:17 - INFO - epoch-139, train_mse_loss-0.0003241, train_kl_loss-0.0000000, val_mse_loss-0.0003831, val_kl_loss-0.0000000
2025-03-05 19:48:35 - INFO - epoch-140, train_mse_loss-0.0003241, train_kl_loss-0.0000000, val_mse_loss-0.0003782, val_kl_loss-0.0000000
2025-03-05 19:52:54 - INFO - epoch-141, train_mse_loss-0.0003241, train_kl_loss-0.0000000, val_mse_loss-0.0003760, val_kl_loss-0.0000000
2025-03-05 19:57:12 - INFO - epoch-142, train_mse_loss-0.0003241, train_kl_loss-0.0000000, val_mse_loss-0.0003738, val_kl_loss-0.0000000
2025-03-05 20:01:32 - INFO - epoch-143, train_mse_loss-0.0003241, train_kl_loss-0.0000000, val_mse_loss-0.0003746, val_kl_loss-0.0000000
2025-03-05 20:05:51 - INFO - epoch-144, train_mse_loss-0.0003241, train_kl_loss-0.0000000, val_mse_loss-0.0003761, val_kl_loss-0.0000000
2025-03-05 20:10:10 - INFO - epoch-145, train_mse_loss-0.0003241, train_kl_loss-0.0000000, val_mse_loss-0.0003864, val_kl_loss-0.0000000
2025-03-05 20:14:30 - INFO - epoch-146, train_mse_loss-0.0003241, train_kl_loss-0.0000000, val_mse_loss-0.0003811, val_kl_loss-0.0000000
2025-03-05 20:18:49 - INFO - epoch-147, train_mse_loss-0.0003241, train_kl_loss-0.0000000, val_mse_loss-0.0003754, val_kl_loss-0.0000000
2025-03-05 20:23:07 - INFO - epoch-148, train_mse_loss-0.0003241, train_kl_loss-0.0000000, val_mse_loss-0.0003841, val_kl_loss-0.0000000
2025-03-05 20:27:25 - INFO - epoch-149, train_mse_loss-0.0003241, train_kl_loss-0.0000000, val_mse_loss-0.0003822, val_kl_loss-0.0000000
2025-03-05 20:31:46 - INFO - epoch-150, train_mse_loss-0.0003241, train_kl_loss-0.0000000, val_mse_loss-0.0003777, val_kl_loss-0.0000000
2025-03-05 20:36:05 - INFO - epoch-151, train_mse_loss-0.0003241, train_kl_loss-0.0000000, val_mse_loss-0.0003804, val_kl_loss-0.0000000
2025-03-05 20:40:24 - INFO - epoch-152, train_mse_loss-0.0003241, train_kl_loss-0.0000000, val_mse_loss-0.0003798, val_kl_loss-0.0000000
2025-03-05 20:44:42 - INFO - epoch-153, train_mse_loss-0.0003241, train_kl_loss-0.0000000, val_mse_loss-0.0003728, val_kl_loss-0.0000000
2025-03-05 20:49:02 - INFO - epoch-154, train_mse_loss-0.0003241, train_kl_loss-0.0000000, val_mse_loss-0.0003767, val_kl_loss-0.0000000
2025-03-05 20:53:21 - INFO - epoch-155, train_mse_loss-0.0003241, train_kl_loss-0.0000000, val_mse_loss-0.0003766, val_kl_loss-0.0000000
2025-03-05 20:57:38 - INFO - epoch-156, train_mse_loss-0.0003241, train_kl_loss-0.0000000, val_mse_loss-0.0003808, val_kl_loss-0.0000000
2025-03-05 21:01:58 - INFO - epoch-157, train_mse_loss-0.0003241, train_kl_loss-0.0000000, val_mse_loss-0.0003759, val_kl_loss-0.0000000
2025-03-05 21:06:19 - INFO - epoch-158, train_mse_loss-0.0003241, train_kl_loss-0.0000000, val_mse_loss-0.0003713, val_kl_loss-0.0000000
2025-03-05 21:10:40 - INFO - epoch-159, train_mse_loss-0.0003241, train_kl_loss-0.0000000, val_mse_loss-0.0003838, val_kl_loss-0.0000000
2025-03-05 21:15:01 - INFO - epoch-160, train_mse_loss-0.0003241, train_kl_loss-0.0000000, val_mse_loss-0.0003684, val_kl_loss-0.0000000
2025-03-05 21:19:19 - INFO - epoch-161, train_mse_loss-0.0003241, train_kl_loss-0.0000000, val_mse_loss-0.0003811, val_kl_loss-0.0000000
2025-03-05 21:23:38 - INFO - epoch-162, train_mse_loss-0.0003241, train_kl_loss-0.0000000, val_mse_loss-0.0003714, val_kl_loss-0.0000000
2025-03-05 21:27:57 - INFO - epoch-163, train_mse_loss-0.0003241, train_kl_loss-0.0000000, val_mse_loss-0.0003811, val_kl_loss-0.0000000
2025-03-05 21:32:16 - INFO - epoch-164, train_mse_loss-0.0003241, train_kl_loss-0.0000000, val_mse_loss-0.0003756, val_kl_loss-0.0000000
2025-03-05 21:36:34 - INFO - epoch-165, train_mse_loss-0.0003241, train_kl_loss-0.0000000, val_mse_loss-0.0003751, val_kl_loss-0.0000000
2025-03-05 21:40:52 - INFO - epoch-166, train_mse_loss-0.0003241, train_kl_loss-0.0000000, val_mse_loss-0.0003769, val_kl_loss-0.0000000
2025-03-05 21:45:11 - INFO - epoch-167, train_mse_loss-0.0003241, train_kl_loss-0.0000000, val_mse_loss-0.0003758, val_kl_loss-0.0000000
2025-03-05 21:49:32 - INFO - epoch-168, train_mse_loss-0.0003241, train_kl_loss-0.0000000, val_mse_loss-0.0003788, val_kl_loss-0.0000000
2025-03-05 21:53:52 - INFO - epoch-169, train_mse_loss-0.0003241, train_kl_loss-0.0000000, val_mse_loss-0.0003730, val_kl_loss-0.0000000
2025-03-05 21:58:15 - INFO - epoch-170, train_mse_loss-0.0003241, train_kl_loss-0.0000000, val_mse_loss-0.0003820, val_kl_loss-0.0000000
2025-03-05 22:02:38 - INFO - epoch-171, train_mse_loss-0.0003241, train_kl_loss-0.0000000, val_mse_loss-0.0003811, val_kl_loss-0.0000000
2025-03-05 22:07:01 - INFO - epoch-172, train_mse_loss-0.0003241, train_kl_loss-0.0000000, val_mse_loss-0.0003768, val_kl_loss-0.0000000
2025-03-05 22:11:25 - INFO - epoch-173, train_mse_loss-0.0003241, train_kl_loss-0.0000000, val_mse_loss-0.0003787, val_kl_loss-0.0000000
2025-03-05 22:15:51 - INFO - epoch-174, train_mse_loss-0.0003241, train_kl_loss-0.0000000, val_mse_loss-0.0003802, val_kl_loss-0.0000000
2025-03-05 22:20:15 - INFO - epoch-175, train_mse_loss-0.0003241, train_kl_loss-0.0000000, val_mse_loss-0.0003839, val_kl_loss-0.0000000
2025-03-05 22:24:42 - INFO - epoch-176, train_mse_loss-0.0003241, train_kl_loss-0.0000000, val_mse_loss-0.0003822, val_kl_loss-0.0000000
2025-03-05 22:29:03 - INFO - epoch-177, train_mse_loss-0.0003241, train_kl_loss-0.0000000, val_mse_loss-0.0003787, val_kl_loss-0.0000000
2025-03-05 22:33:21 - INFO - epoch-178, train_mse_loss-0.0003241, train_kl_loss-0.0000000, val_mse_loss-0.0003843, val_kl_loss-0.0000000
2025-03-05 22:37:39 - INFO - epoch-179, train_mse_loss-0.0003242, train_kl_loss-0.0000000, val_mse_loss-0.0003847, val_kl_loss-0.0000000
2025-03-05 22:41:55 - INFO - epoch-180, train_mse_loss-0.0003242, train_kl_loss-0.0000000, val_mse_loss-0.0003837, val_kl_loss-0.0000000
2025-03-05 22:46:12 - INFO - epoch-181, train_mse_loss-0.0003242, train_kl_loss-0.0000000, val_mse_loss-0.0003867, val_kl_loss-0.0000000
2025-03-05 22:50:29 - INFO - epoch-182, train_mse_loss-0.0003242, train_kl_loss-0.0000000, val_mse_loss-0.0003761, val_kl_loss-0.0000000
2025-03-05 22:54:45 - INFO - epoch-183, train_mse_loss-0.0003242, train_kl_loss-0.0000000, val_mse_loss-0.0003827, val_kl_loss-0.0000000
2025-03-05 22:59:02 - INFO - epoch-184, train_mse_loss-0.0003242, train_kl_loss-0.0000000, val_mse_loss-0.0003782, val_kl_loss-0.0000000
2025-03-05 23:03:20 - INFO - epoch-185, train_mse_loss-0.0003242, train_kl_loss-0.0000000, val_mse_loss-0.0003849, val_kl_loss-0.0000000
2025-03-05 23:07:41 - INFO - epoch-186, train_mse_loss-0.0003242, train_kl_loss-0.0000000, val_mse_loss-0.0003747, val_kl_loss-0.0000000
2025-03-05 23:12:02 - INFO - epoch-187, train_mse_loss-0.0003242, train_kl_loss-0.0000000, val_mse_loss-0.0003771, val_kl_loss-0.0000000
2025-03-05 23:16:22 - INFO - epoch-188, train_mse_loss-0.0003242, train_kl_loss-0.0000000, val_mse_loss-0.0003760, val_kl_loss-0.0000000
2025-03-05 23:20:42 - INFO - epoch-189, train_mse_loss-0.0003242, train_kl_loss-0.0000000, val_mse_loss-0.0003798, val_kl_loss-0.0000000
2025-03-05 23:25:02 - INFO - epoch-190, train_mse_loss-0.0003242, train_kl_loss-0.0000000, val_mse_loss-0.0003780, val_kl_loss-0.0000000
2025-03-05 23:29:21 - INFO - epoch-191, train_mse_loss-0.0003242, train_kl_loss-0.0000000, val_mse_loss-0.0003471, val_kl_loss-0.0000000
2025-03-05 23:33:39 - INFO - epoch-192, train_mse_loss-0.0003242, train_kl_loss-0.0000000, val_mse_loss-0.0003498, val_kl_loss-0.0000000
2025-03-05 23:37:58 - INFO - epoch-193, train_mse_loss-0.0003242, train_kl_loss-0.0000000, val_mse_loss-0.0003690, val_kl_loss-0.0000000
2025-03-05 23:42:15 - INFO - epoch-194, train_mse_loss-0.0003242, train_kl_loss-0.0000000, val_mse_loss-0.0003875, val_kl_loss-0.0000000
2025-03-05 23:46:33 - INFO - epoch-195, train_mse_loss-0.0003242, train_kl_loss-0.0000000, val_mse_loss-0.0003739, val_kl_loss-0.0000000
2025-03-05 23:50:51 - INFO - epoch-196, train_mse_loss-0.0003242, train_kl_loss-0.0000000, val_mse_loss-0.0003728, val_kl_loss-0.0000000
2025-03-05 23:55:09 - INFO - epoch-197, train_mse_loss-0.0003242, train_kl_loss-0.0000000, val_mse_loss-0.0003750, val_kl_loss-0.0000000
2025-03-05 23:59:26 - INFO - epoch-198, train_mse_loss-0.0003242, train_kl_loss-0.0000000, val_mse_loss-0.0003699, val_kl_loss-0.0000000
2025-03-06 00:03:43 - INFO - epoch-199, train_mse_loss-0.0003242, train_kl_loss-0.0000000, val_mse_loss-0.0003849, val_kl_loss-0.0000000
2025-03-06 00:08:01 - INFO - epoch-200, train_mse_loss-0.0003242, train_kl_loss-0.0000000, val_mse_loss-0.0003723, val_kl_loss-0.0000000
2025-03-06 00:12:18 - INFO - epoch-201, train_mse_loss-0.0003242, train_kl_loss-0.0000000, val_mse_loss-0.0003790, val_kl_loss-0.0000000
2025-03-06 00:16:35 - INFO - epoch-202, train_mse_loss-0.0003242, train_kl_loss-0.0000000, val_mse_loss-0.0003828, val_kl_loss-0.0000000
2025-03-06 00:20:52 - INFO - epoch-203, train_mse_loss-0.0003242, train_kl_loss-0.0000000, val_mse_loss-0.0003775, val_kl_loss-0.0000000
2025-03-06 00:25:09 - INFO - epoch-204, train_mse_loss-0.0003242, train_kl_loss-0.0000000, val_mse_loss-0.0003724, val_kl_loss-0.0000000
2025-03-06 00:29:27 - INFO - epoch-205, train_mse_loss-0.0003242, train_kl_loss-0.0000000, val_mse_loss-0.0003761, val_kl_loss-0.0000000
2025-03-06 00:33:45 - INFO - epoch-206, train_mse_loss-0.0003242, train_kl_loss-0.0000000, val_mse_loss-0.0003742, val_kl_loss-0.0000000
2025-03-06 00:38:04 - INFO - epoch-207, train_mse_loss-0.0003242, train_kl_loss-0.0000000, val_mse_loss-0.0003746, val_kl_loss-0.0000000
2025-03-06 00:42:21 - INFO - epoch-208, train_mse_loss-0.0003242, train_kl_loss-0.0000000, val_mse_loss-0.0003769, val_kl_loss-0.0000000
2025-03-06 00:46:39 - INFO - epoch-209, train_mse_loss-0.0003242, train_kl_loss-0.0000000, val_mse_loss-0.0003712, val_kl_loss-0.0000000
2025-03-06 00:50:55 - INFO - epoch-210, train_mse_loss-0.0003242, train_kl_loss-0.0000000, val_mse_loss-0.0003768, val_kl_loss-0.0000000
2025-03-06 00:55:12 - INFO - epoch-211, train_mse_loss-0.0003242, train_kl_loss-0.0000000, val_mse_loss-0.0003768, val_kl_loss-0.0000000
2025-03-06 00:59:29 - INFO - epoch-212, train_mse_loss-0.0003242, train_kl_loss-0.0000000, val_mse_loss-0.0003753, val_kl_loss-0.0000000
2025-03-06 01:03:47 - INFO - epoch-213, train_mse_loss-0.0003242, train_kl_loss-0.0000000, val_mse_loss-0.0003727, val_kl_loss-0.0000000
2025-03-06 01:08:05 - INFO - epoch-214, train_mse_loss-0.0003242, train_kl_loss-0.0000000, val_mse_loss-0.0003770, val_kl_loss-0.0000000
2025-03-06 01:12:22 - INFO - epoch-215, train_mse_loss-0.0003242, train_kl_loss-0.0000000, val_mse_loss-0.0003773, val_kl_loss-0.0000000
2025-03-06 01:16:40 - INFO - epoch-216, train_mse_loss-0.0003242, train_kl_loss-0.0000000, val_mse_loss-0.0003712, val_kl_loss-0.0000000
2025-03-06 01:20:56 - INFO - epoch-217, train_mse_loss-0.0003242, train_kl_loss-0.0000000, val_mse_loss-0.0003807, val_kl_loss-0.0000000
2025-03-06 01:25:13 - INFO - epoch-218, train_mse_loss-0.0003242, train_kl_loss-0.0000000, val_mse_loss-0.0003732, val_kl_loss-0.0000000
2025-03-06 01:29:30 - INFO - epoch-219, train_mse_loss-0.0003242, train_kl_loss-0.0000000, val_mse_loss-0.0003788, val_kl_loss-0.0000000
2025-03-06 01:33:46 - INFO - epoch-220, train_mse_loss-0.0003242, train_kl_loss-0.0000000, val_mse_loss-0.0003742, val_kl_loss-0.0000000
2025-03-06 01:38:03 - INFO - epoch-221, train_mse_loss-0.0003242, train_kl_loss-0.0000000, val_mse_loss-0.0003735, val_kl_loss-0.0000000
2025-03-06 01:42:21 - INFO - epoch-222, train_mse_loss-0.0003242, train_kl_loss-0.0000000, val_mse_loss-0.0003710, val_kl_loss-0.0000000
2025-03-06 01:46:39 - INFO - epoch-223, train_mse_loss-0.0003242, train_kl_loss-0.0000000, val_mse_loss-0.0003720, val_kl_loss-0.0000000
2025-03-06 01:50:56 - INFO - epoch-224, train_mse_loss-0.0003242, train_kl_loss-0.0000000, val_mse_loss-0.0003788, val_kl_loss-0.0000000
2025-03-06 01:55:13 - INFO - epoch-225, train_mse_loss-0.0003242, train_kl_loss-0.0000000, val_mse_loss-0.0003820, val_kl_loss-0.0000000
2025-03-06 01:59:30 - INFO - epoch-226, train_mse_loss-0.0003242, train_kl_loss-0.0000000, val_mse_loss-0.0003741, val_kl_loss-0.0000000
2025-03-06 02:03:46 - INFO - epoch-227, train_mse_loss-0.0003242, train_kl_loss-0.0000000, val_mse_loss-0.0003765, val_kl_loss-0.0000000
2025-03-06 02:08:02 - INFO - epoch-228, train_mse_loss-0.0003242, train_kl_loss-0.0000000, val_mse_loss-0.0003752, val_kl_loss-0.0000000
2025-03-06 02:12:19 - INFO - epoch-229, train_mse_loss-0.0003242, train_kl_loss-0.0000000, val_mse_loss-0.0003697, val_kl_loss-0.0000000
2025-03-06 02:16:35 - INFO - epoch-230, train_mse_loss-0.0003242, train_kl_loss-0.0000000, val_mse_loss-0.0003721, val_kl_loss-0.0000000
2025-03-06 02:20:51 - INFO - epoch-231, train_mse_loss-0.0003242, train_kl_loss-0.0000000, val_mse_loss-0.0003755, val_kl_loss-0.0000000
2025-03-06 02:25:08 - INFO - epoch-232, train_mse_loss-0.0003242, train_kl_loss-0.0000000, val_mse_loss-0.0003666, val_kl_loss-0.0000000
2025-03-06 02:29:25 - INFO - epoch-233, train_mse_loss-0.0003242, train_kl_loss-0.0000000, val_mse_loss-0.0003709, val_kl_loss-0.0000000
2025-03-06 02:33:41 - INFO - epoch-234, train_mse_loss-0.0003242, train_kl_loss-0.0000000, val_mse_loss-0.0003722, val_kl_loss-0.0000000
2025-03-06 02:37:58 - INFO - epoch-235, train_mse_loss-0.0003242, train_kl_loss-0.0000000, val_mse_loss-0.0003734, val_kl_loss-0.0000000
2025-03-06 02:42:16 - INFO - epoch-236, train_mse_loss-0.0003242, train_kl_loss-0.0000000, val_mse_loss-0.0003737, val_kl_loss-0.0000000
2025-03-06 02:46:32 - INFO - epoch-237, train_mse_loss-0.0003242, train_kl_loss-0.0000000, val_mse_loss-0.0003709, val_kl_loss-0.0000000
2025-03-06 02:50:51 - INFO - epoch-238, train_mse_loss-0.0003242, train_kl_loss-0.0000000, val_mse_loss-0.0003706, val_kl_loss-0.0000000
2025-03-06 02:55:09 - INFO - epoch-239, train_mse_loss-0.0003242, train_kl_loss-0.0000000, val_mse_loss-0.0003814, val_kl_loss-0.0000000
2025-03-06 02:59:25 - INFO - epoch-240, train_mse_loss-0.0003242, train_kl_loss-0.0000000, val_mse_loss-0.0003729, val_kl_loss-0.0000000
2025-03-06 03:03:44 - INFO - epoch-241, train_mse_loss-0.0003242, train_kl_loss-0.0000000, val_mse_loss-0.0003756, val_kl_loss-0.0000000
2025-03-06 03:08:00 - INFO - epoch-242, train_mse_loss-0.0003242, train_kl_loss-0.0000000, val_mse_loss-0.0003795, val_kl_loss-0.0000000
2025-03-06 03:12:16 - INFO - epoch-243, train_mse_loss-0.0003242, train_kl_loss-0.0000000, val_mse_loss-0.0003756, val_kl_loss-0.0000000
2025-03-06 03:16:32 - INFO - epoch-244, train_mse_loss-0.0003242, train_kl_loss-0.0000000, val_mse_loss-0.0003732, val_kl_loss-0.0000000
2025-03-06 03:20:51 - INFO - epoch-245, train_mse_loss-0.0003242, train_kl_loss-0.0000000, val_mse_loss-0.0003758, val_kl_loss-0.0000000
2025-03-06 03:25:07 - INFO - epoch-246, train_mse_loss-0.0003242, train_kl_loss-0.0000000, val_mse_loss-0.0003736, val_kl_loss-0.0000000
2025-03-06 03:29:24 - INFO - epoch-247, train_mse_loss-0.0003242, train_kl_loss-0.0000000, val_mse_loss-0.0003759, val_kl_loss-0.0000000
2025-03-06 03:33:41 - INFO - epoch-248, train_mse_loss-0.0003242, train_kl_loss-0.0000000, val_mse_loss-0.0003753, val_kl_loss-0.0000000
2025-03-06 03:37:57 - INFO - epoch-249, train_mse_loss-0.0003242, train_kl_loss-0.0000000, val_mse_loss-0.0003738, val_kl_loss-0.0000000
2025-03-06 03:42:14 - INFO - epoch-250, train_mse_loss-0.0003242, train_kl_loss-0.0000000, val_mse_loss-0.0003786, val_kl_loss-0.0000000
2025-03-06 03:46:30 - INFO - epoch-251, train_mse_loss-0.0003242, train_kl_loss-0.0000000, val_mse_loss-0.0003767, val_kl_loss-0.0000000
2025-03-06 03:50:46 - INFO - epoch-252, train_mse_loss-0.0003242, train_kl_loss-0.0000000, val_mse_loss-0.0003707, val_kl_loss-0.0000000
2025-03-06 03:55:03 - INFO - epoch-253, train_mse_loss-0.0003242, train_kl_loss-0.0000000, val_mse_loss-0.0003681, val_kl_loss-0.0000000
2025-03-06 03:59:21 - INFO - epoch-254, train_mse_loss-0.0003242, train_kl_loss-0.0000000, val_mse_loss-0.0003746, val_kl_loss-0.0000000
2025-03-06 04:03:39 - INFO - epoch-255, train_mse_loss-0.0003242, train_kl_loss-0.0000000, val_mse_loss-0.0003761, val_kl_loss-0.0000000
2025-03-06 04:07:56 - INFO - epoch-256, train_mse_loss-0.0003242, train_kl_loss-0.0000000, val_mse_loss-0.0003713, val_kl_loss-0.0000000
2025-03-06 04:12:13 - INFO - epoch-257, train_mse_loss-0.0003242, train_kl_loss-0.0000000, val_mse_loss-0.0003840, val_kl_loss-0.0000000
2025-03-06 04:16:30 - INFO - epoch-258, train_mse_loss-0.0003242, train_kl_loss-0.0000000, val_mse_loss-0.0003696, val_kl_loss-0.0000000
2025-03-06 04:20:46 - INFO - epoch-259, train_mse_loss-0.0003242, train_kl_loss-0.0000000, val_mse_loss-0.0003745, val_kl_loss-0.0000000
2025-03-06 04:25:03 - INFO - epoch-260, train_mse_loss-0.0003242, train_kl_loss-0.0000000, val_mse_loss-0.0003718, val_kl_loss-0.0000000
2025-03-06 04:29:19 - INFO - epoch-261, train_mse_loss-0.0003242, train_kl_loss-0.0000000, val_mse_loss-0.0003737, val_kl_loss-0.0000000
2025-03-06 04:33:36 - INFO - epoch-262, train_mse_loss-0.0003242, train_kl_loss-0.0000000, val_mse_loss-0.0003711, val_kl_loss-0.0000000
2025-03-06 04:37:52 - INFO - epoch-263, train_mse_loss-0.0003242, train_kl_loss-0.0000000, val_mse_loss-0.0003727, val_kl_loss-0.0000000
2025-03-06 04:42:08 - INFO - epoch-264, train_mse_loss-0.0003242, train_kl_loss-0.0000000, val_mse_loss-0.0003752, val_kl_loss-0.0000000
2025-03-06 04:46:24 - INFO - epoch-265, train_mse_loss-0.0003242, train_kl_loss-0.0000000, val_mse_loss-0.0003725, val_kl_loss-0.0000000
2025-03-06 04:50:40 - INFO - epoch-266, train_mse_loss-0.0003242, train_kl_loss-0.0000000, val_mse_loss-0.0003722, val_kl_loss-0.0000000
2025-03-06 04:54:57 - INFO - epoch-267, train_mse_loss-0.0003242, train_kl_loss-0.0000000, val_mse_loss-0.0003694, val_kl_loss-0.0000000
2025-03-06 04:59:14 - INFO - epoch-268, train_mse_loss-0.0003242, train_kl_loss-0.0000000, val_mse_loss-0.0003756, val_kl_loss-0.0000000
2025-03-06 05:03:32 - INFO - epoch-269, train_mse_loss-0.0003242, train_kl_loss-0.0000000, val_mse_loss-0.0003733, val_kl_loss-0.0000000
2025-03-06 05:07:50 - INFO - epoch-270, train_mse_loss-0.0003242, train_kl_loss-0.0000000, val_mse_loss-0.0003710, val_kl_loss-0.0000000
2025-03-06 05:12:08 - INFO - epoch-271, train_mse_loss-0.0003242, train_kl_loss-0.0000000, val_mse_loss-0.0003713, val_kl_loss-0.0000000
2025-03-06 05:16:25 - INFO - epoch-272, train_mse_loss-0.0003242, train_kl_loss-0.0000000, val_mse_loss-0.0003731, val_kl_loss-0.0000000
2025-03-06 05:20:42 - INFO - epoch-273, train_mse_loss-0.0003242, train_kl_loss-0.0000000, val_mse_loss-0.0003718, val_kl_loss-0.0000000
2025-03-06 05:24:59 - INFO - epoch-274, train_mse_loss-0.0003242, train_kl_loss-0.0000000, val_mse_loss-0.0003774, val_kl_loss-0.0000000
2025-03-06 05:29:16 - INFO - epoch-275, train_mse_loss-0.0003242, train_kl_loss-0.0000000, val_mse_loss-0.0003781, val_kl_loss-0.0000000
2025-03-06 05:33:33 - INFO - epoch-276, train_mse_loss-0.0003242, train_kl_loss-0.0000000, val_mse_loss-0.0003685, val_kl_loss-0.0000000
2025-03-06 05:37:51 - INFO - epoch-277, train_mse_loss-0.0003242, train_kl_loss-0.0000000, val_mse_loss-0.0003685, val_kl_loss-0.0000000
2025-03-06 05:42:09 - INFO - epoch-278, train_mse_loss-0.0003242, train_kl_loss-0.0000000, val_mse_loss-0.0003737, val_kl_loss-0.0000000
2025-03-06 05:46:28 - INFO - epoch-279, train_mse_loss-0.0003242, train_kl_loss-0.0000000, val_mse_loss-0.0003674, val_kl_loss-0.0000000
2025-03-06 05:50:45 - INFO - epoch-280, train_mse_loss-0.0003242, train_kl_loss-0.0000000, val_mse_loss-0.0003802, val_kl_loss-0.0000000
2025-03-06 05:55:03 - INFO - epoch-281, train_mse_loss-0.0003242, train_kl_loss-0.0000000, val_mse_loss-0.0003747, val_kl_loss-0.0000000
2025-03-06 05:59:21 - INFO - epoch-282, train_mse_loss-0.0003242, train_kl_loss-0.0000000, val_mse_loss-0.0003719, val_kl_loss-0.0000000
2025-03-06 06:03:37 - INFO - epoch-283, train_mse_loss-0.0003242, train_kl_loss-0.0000000, val_mse_loss-0.0003729, val_kl_loss-0.0000000
2025-03-06 06:07:55 - INFO - epoch-284, train_mse_loss-0.0003242, train_kl_loss-0.0000000, val_mse_loss-0.0003676, val_kl_loss-0.0000000
2025-03-06 06:12:11 - INFO - epoch-285, train_mse_loss-0.0003242, train_kl_loss-0.0000000, val_mse_loss-0.0003749, val_kl_loss-0.0000000
2025-03-06 06:16:29 - INFO - epoch-286, train_mse_loss-0.0003242, train_kl_loss-0.0000000, val_mse_loss-0.0003735, val_kl_loss-0.0000000
2025-03-06 06:20:46 - INFO - epoch-287, train_mse_loss-0.0003242, train_kl_loss-0.0000000, val_mse_loss-0.0003693, val_kl_loss-0.0000000
2025-03-06 06:25:03 - INFO - epoch-288, train_mse_loss-0.0003242, train_kl_loss-0.0000000, val_mse_loss-0.0003761, val_kl_loss-0.0000000
2025-03-06 06:29:20 - INFO - epoch-289, train_mse_loss-0.0003242, train_kl_loss-0.0000000, val_mse_loss-0.0003712, val_kl_loss-0.0000000
2025-03-06 06:33:37 - INFO - epoch-290, train_mse_loss-0.0003242, train_kl_loss-0.0000000, val_mse_loss-0.0003664, val_kl_loss-0.0000000
2025-03-06 06:37:55 - INFO - epoch-291, train_mse_loss-0.0003242, train_kl_loss-0.0000000, val_mse_loss-0.0003685, val_kl_loss-0.0000000
2025-03-06 06:42:11 - INFO - epoch-292, train_mse_loss-0.0003242, train_kl_loss-0.0000000, val_mse_loss-0.0003664, val_kl_loss-0.0000000
2025-03-06 06:46:28 - INFO - epoch-293, train_mse_loss-0.0003242, train_kl_loss-0.0000000, val_mse_loss-0.0003721, val_kl_loss-0.0000000
2025-03-06 06:50:45 - INFO - epoch-294, train_mse_loss-0.0003242, train_kl_loss-0.0000000, val_mse_loss-0.0003681, val_kl_loss-0.0000000
2025-03-06 06:55:03 - INFO - epoch-295, train_mse_loss-0.0003242, train_kl_loss-0.0000000, val_mse_loss-0.0003712, val_kl_loss-0.0000000
2025-03-06 06:59:20 - INFO - epoch-296, train_mse_loss-0.0003242, train_kl_loss-0.0000000, val_mse_loss-0.0003729, val_kl_loss-0.0000000
2025-03-06 07:03:37 - INFO - epoch-297, train_mse_loss-0.0003242, train_kl_loss-0.0000000, val_mse_loss-0.0003730, val_kl_loss-0.0000000
2025-03-06 07:07:53 - INFO - epoch-298, train_mse_loss-0.0003242, train_kl_loss-0.0000000, val_mse_loss-0.0003756, val_kl_loss-0.0000000
2025-03-06 07:12:11 - INFO - epoch-299, train_mse_loss-0.0003242, train_kl_loss-0.0000000, val_mse_loss-0.0003759, val_kl_loss-0.0000000
2025-03-06 07:16:29 - INFO - epoch-300, train_mse_loss-0.0003242, train_kl_loss-0.0000000, val_mse_loss-0.0003759, val_kl_loss-0.0000000
2025-03-06 07:20:46 - INFO - epoch-301, train_mse_loss-0.0003242, train_kl_loss-0.0000000, val_mse_loss-0.0003766, val_kl_loss-0.0000000
2025-03-06 07:25:05 - INFO - epoch-302, train_mse_loss-0.0003242, train_kl_loss-0.0000000, val_mse_loss-0.0003670, val_kl_loss-0.0000000
2025-03-06 07:29:23 - INFO - epoch-303, train_mse_loss-0.0003242, train_kl_loss-0.0000000, val_mse_loss-0.0003732, val_kl_loss-0.0000000
2025-03-06 07:33:41 - INFO - epoch-304, train_mse_loss-0.0003242, train_kl_loss-0.0000000, val_mse_loss-0.0003737, val_kl_loss-0.0000000
2025-03-06 07:37:59 - INFO - epoch-305, train_mse_loss-0.0003242, train_kl_loss-0.0000000, val_mse_loss-0.0003702, val_kl_loss-0.0000000
2025-03-06 07:42:16 - INFO - epoch-306, train_mse_loss-0.0003242, train_kl_loss-0.0000000, val_mse_loss-0.0003708, val_kl_loss-0.0000000
2025-03-06 07:46:33 - INFO - epoch-307, train_mse_loss-0.0003242, train_kl_loss-0.0000000, val_mse_loss-0.0003711, val_kl_loss-0.0000000
2025-03-06 07:50:50 - INFO - epoch-308, train_mse_loss-0.0003242, train_kl_loss-0.0000000, val_mse_loss-0.0003708, val_kl_loss-0.0000000
2025-03-06 07:55:07 - INFO - epoch-309, train_mse_loss-0.0003242, train_kl_loss-0.0000000, val_mse_loss-0.0003683, val_kl_loss-0.0000000
2025-03-06 07:59:25 - INFO - epoch-310, train_mse_loss-0.0003242, train_kl_loss-0.0000000, val_mse_loss-0.0003805, val_kl_loss-0.0000000
2025-03-06 08:03:41 - INFO - epoch-311, train_mse_loss-0.0003242, train_kl_loss-0.0000000, val_mse_loss-0.0003740, val_kl_loss-0.0000000
2025-03-06 08:07:58 - INFO - epoch-312, train_mse_loss-0.0003242, train_kl_loss-0.0000000, val_mse_loss-0.0003691, val_kl_loss-0.0000000
2025-03-06 08:12:15 - INFO - epoch-313, train_mse_loss-0.0003242, train_kl_loss-0.0000000, val_mse_loss-0.0003783, val_kl_loss-0.0000000
2025-03-06 08:16:32 - INFO - epoch-314, train_mse_loss-0.0003242, train_kl_loss-0.0000000, val_mse_loss-0.0003692, val_kl_loss-0.0000000
2025-03-06 08:20:49 - INFO - epoch-315, train_mse_loss-0.0003242, train_kl_loss-0.0000000, val_mse_loss-0.0003771, val_kl_loss-0.0000000
2025-03-06 08:25:06 - INFO - epoch-316, train_mse_loss-0.0003242, train_kl_loss-0.0000000, val_mse_loss-0.0003723, val_kl_loss-0.0000000
2025-03-06 08:29:23 - INFO - epoch-317, train_mse_loss-0.0003242, train_kl_loss-0.0000000, val_mse_loss-0.0003751, val_kl_loss-0.0000000
2025-03-06 08:33:42 - INFO - epoch-318, train_mse_loss-0.0003242, train_kl_loss-0.0000000, val_mse_loss-0.0003712, val_kl_loss-0.0000000
2025-03-06 08:38:00 - INFO - epoch-319, train_mse_loss-0.0003242, train_kl_loss-0.0000000, val_mse_loss-0.0003722, val_kl_loss-0.0000000
2025-03-06 08:42:18 - INFO - epoch-320, train_mse_loss-0.0003242, train_kl_loss-0.0000000, val_mse_loss-0.0003748, val_kl_loss-0.0000000
2025-03-06 08:46:36 - INFO - epoch-321, train_mse_loss-0.0003242, train_kl_loss-0.0000000, val_mse_loss-0.0003743, val_kl_loss-0.0000000
2025-03-06 08:50:54 - INFO - epoch-322, train_mse_loss-0.0003242, train_kl_loss-0.0000000, val_mse_loss-0.0003732, val_kl_loss-0.0000000
2025-03-06 08:55:12 - INFO - epoch-323, train_mse_loss-0.0003242, train_kl_loss-0.0000000, val_mse_loss-0.0003720, val_kl_loss-0.0000000
2025-03-06 08:59:29 - INFO - epoch-324, train_mse_loss-0.0003242, train_kl_loss-0.0000000, val_mse_loss-0.0003701, val_kl_loss-0.0000000
2025-03-06 09:03:47 - INFO - epoch-325, train_mse_loss-0.0003242, train_kl_loss-0.0000000, val_mse_loss-0.0003748, val_kl_loss-0.0000000
2025-03-06 09:08:05 - INFO - epoch-326, train_mse_loss-0.0003242, train_kl_loss-0.0000000, val_mse_loss-0.0003693, val_kl_loss-0.0000000
2025-03-06 09:12:23 - INFO - epoch-327, train_mse_loss-0.0003242, train_kl_loss-0.0000000, val_mse_loss-0.0003732, val_kl_loss-0.0000000
2025-03-06 09:16:41 - INFO - epoch-328, train_mse_loss-0.0003242, train_kl_loss-0.0000000, val_mse_loss-0.0003726, val_kl_loss-0.0000000
2025-03-06 09:20:59 - INFO - epoch-329, train_mse_loss-0.0003242, train_kl_loss-0.0000000, val_mse_loss-0.0003765, val_kl_loss-0.0000000
2025-03-06 09:25:16 - INFO - epoch-330, train_mse_loss-0.0003242, train_kl_loss-0.0000000, val_mse_loss-0.0003680, val_kl_loss-0.0000000
2025-03-06 09:29:33 - INFO - epoch-331, train_mse_loss-0.0003242, train_kl_loss-0.0000000, val_mse_loss-0.0003716, val_kl_loss-0.0000000
2025-03-06 09:33:50 - INFO - epoch-332, train_mse_loss-0.0003242, train_kl_loss-0.0000000, val_mse_loss-0.0003750, val_kl_loss-0.0000000
2025-03-06 09:38:08 - INFO - epoch-333, train_mse_loss-0.0003242, train_kl_loss-0.0000000, val_mse_loss-0.0003723, val_kl_loss-0.0000000
2025-03-06 09:42:28 - INFO - epoch-334, train_mse_loss-0.0003242, train_kl_loss-0.0000000, val_mse_loss-0.0003771, val_kl_loss-0.0000000
2025-03-06 09:46:47 - INFO - epoch-335, train_mse_loss-0.0003242, train_kl_loss-0.0000000, val_mse_loss-0.0003683, val_kl_loss-0.0000000
2025-03-06 09:51:05 - INFO - epoch-336, train_mse_loss-0.0003242, train_kl_loss-0.0000000, val_mse_loss-0.0003688, val_kl_loss-0.0000000
2025-03-06 09:55:23 - INFO - epoch-337, train_mse_loss-0.0003242, train_kl_loss-0.0000000, val_mse_loss-0.0003709, val_kl_loss-0.0000000
2025-03-06 09:59:41 - INFO - epoch-338, train_mse_loss-0.0003242, train_kl_loss-0.0000000, val_mse_loss-0.0003754, val_kl_loss-0.0000000
2025-03-06 10:03:59 - INFO - epoch-339, train_mse_loss-0.0003242, train_kl_loss-0.0000000, val_mse_loss-0.0003706, val_kl_loss-0.0000000
2025-03-06 10:08:17 - INFO - epoch-340, train_mse_loss-0.0003242, train_kl_loss-0.0000000, val_mse_loss-0.0003726, val_kl_loss-0.0000000
2025-03-06 10:12:35 - INFO - epoch-341, train_mse_loss-0.0003242, train_kl_loss-0.0000000, val_mse_loss-0.0003745, val_kl_loss-0.0000000
2025-03-06 10:16:53 - INFO - epoch-342, train_mse_loss-0.0003242, train_kl_loss-0.0000000, val_mse_loss-0.0003762, val_kl_loss-0.0000000
2025-03-06 10:21:10 - INFO - epoch-343, train_mse_loss-0.0003242, train_kl_loss-0.0000000, val_mse_loss-0.0003780, val_kl_loss-0.0000000
2025-03-06 10:25:27 - INFO - epoch-344, train_mse_loss-0.0003242, train_kl_loss-0.0000000, val_mse_loss-0.0003688, val_kl_loss-0.0000000
2025-03-06 10:29:45 - INFO - epoch-345, train_mse_loss-0.0003242, train_kl_loss-0.0000000, val_mse_loss-0.0003705, val_kl_loss-0.0000000
2025-03-06 10:34:02 - INFO - epoch-346, train_mse_loss-0.0003242, train_kl_loss-0.0000000, val_mse_loss-0.0003720, val_kl_loss-0.0000000
2025-03-06 10:38:20 - INFO - epoch-347, train_mse_loss-0.0003242, train_kl_loss-0.0000000, val_mse_loss-0.0003777, val_kl_loss-0.0000000
2025-03-06 10:42:37 - INFO - epoch-348, train_mse_loss-0.0003242, train_kl_loss-0.0000000, val_mse_loss-0.0003804, val_kl_loss-0.0000000
2025-03-06 10:46:54 - INFO - epoch-349, train_mse_loss-0.0003242, train_kl_loss-0.0000000, val_mse_loss-0.0003762, val_kl_loss-0.0000000
2025-03-06 10:51:13 - INFO - epoch-350, train_mse_loss-0.0003242, train_kl_loss-0.0000000, val_mse_loss-0.0003731, val_kl_loss-0.0000000
2025-03-06 10:55:32 - INFO - epoch-351, train_mse_loss-0.0003242, train_kl_loss-0.0000000, val_mse_loss-0.0003756, val_kl_loss-0.0000000
2025-03-06 10:59:49 - INFO - epoch-352, train_mse_loss-0.0003242, train_kl_loss-0.0000000, val_mse_loss-0.0003694, val_kl_loss-0.0000000
2025-03-06 11:04:07 - INFO - epoch-353, train_mse_loss-0.0003242, train_kl_loss-0.0000000, val_mse_loss-0.0003785, val_kl_loss-0.0000000
2025-03-06 11:08:24 - INFO - epoch-354, train_mse_loss-0.0003242, train_kl_loss-0.0000000, val_mse_loss-0.0003708, val_kl_loss-0.0000000
2025-03-06 11:12:41 - INFO - epoch-355, train_mse_loss-0.0003242, train_kl_loss-0.0000000, val_mse_loss-0.0003725, val_kl_loss-0.0000000
2025-03-06 11:16:59 - INFO - epoch-356, train_mse_loss-0.0003242, train_kl_loss-0.0000000, val_mse_loss-0.0003702, val_kl_loss-0.0000000
2025-03-06 11:21:16 - INFO - epoch-357, train_mse_loss-0.0003242, train_kl_loss-0.0000000, val_mse_loss-0.0003716, val_kl_loss-0.0000000
2025-03-06 11:25:34 - INFO - epoch-358, train_mse_loss-0.0003242, train_kl_loss-0.0000000, val_mse_loss-0.0003756, val_kl_loss-0.0000000
2025-03-06 11:29:52 - INFO - epoch-359, train_mse_loss-0.0003242, train_kl_loss-0.0000000, val_mse_loss-0.0003692, val_kl_loss-0.0000000
2025-03-06 11:34:10 - INFO - epoch-360, train_mse_loss-0.0003242, train_kl_loss-0.0000000, val_mse_loss-0.0003705, val_kl_loss-0.0000000
2025-03-06 11:38:27 - INFO - epoch-361, train_mse_loss-0.0003242, train_kl_loss-0.0000000, val_mse_loss-0.0003757, val_kl_loss-0.0000000
2025-03-06 11:42:45 - INFO - epoch-362, train_mse_loss-0.0003242, train_kl_loss-0.0000000, val_mse_loss-0.0003750, val_kl_loss-0.0000000
2025-03-06 11:47:02 - INFO - epoch-363, train_mse_loss-0.0003242, train_kl_loss-0.0000000, val_mse_loss-0.0003758, val_kl_loss-0.0000000
2025-03-06 11:51:20 - INFO - epoch-364, train_mse_loss-0.0003242, train_kl_loss-0.0000000, val_mse_loss-0.0003728, val_kl_loss-0.0000000
2025-03-06 11:55:38 - INFO - epoch-365, train_mse_loss-0.0003242, train_kl_loss-0.0000000, val_mse_loss-0.0003674, val_kl_loss-0.0000000
2025-03-06 11:59:58 - INFO - epoch-366, train_mse_loss-0.0003242, train_kl_loss-0.0000000, val_mse_loss-0.0003718, val_kl_loss-0.0000000
2025-03-06 12:04:17 - INFO - epoch-367, train_mse_loss-0.0003242, train_kl_loss-0.0000000, val_mse_loss-0.0003720, val_kl_loss-0.0000000
2025-03-06 12:08:36 - INFO - epoch-368, train_mse_loss-0.0003242, train_kl_loss-0.0000000, val_mse_loss-0.0003759, val_kl_loss-0.0000000
2025-03-06 12:12:55 - INFO - epoch-369, train_mse_loss-0.0003242, train_kl_loss-0.0000000, val_mse_loss-0.0003730, val_kl_loss-0.0000000
2025-03-06 12:17:13 - INFO - epoch-370, train_mse_loss-0.0003242, train_kl_loss-0.0000000, val_mse_loss-0.0003694, val_kl_loss-0.0000000
2025-03-06 12:21:33 - INFO - epoch-371, train_mse_loss-0.0003242, train_kl_loss-0.0000000, val_mse_loss-0.0003727, val_kl_loss-0.0000000
2025-03-06 12:25:51 - INFO - epoch-372, train_mse_loss-0.0003242, train_kl_loss-0.0000000, val_mse_loss-0.0003734, val_kl_loss-0.0000000
2025-03-06 12:30:09 - INFO - epoch-373, train_mse_loss-0.0003242, train_kl_loss-0.0000000, val_mse_loss-0.0003687, val_kl_loss-0.0000000
2025-03-06 12:34:28 - INFO - epoch-374, train_mse_loss-0.0003242, train_kl_loss-0.0000000, val_mse_loss-0.0003715, val_kl_loss-0.0000000
2025-03-06 12:38:47 - INFO - epoch-375, train_mse_loss-0.0003242, train_kl_loss-0.0000000, val_mse_loss-0.0003706, val_kl_loss-0.0000000
2025-03-06 12:43:05 - INFO - epoch-376, train_mse_loss-0.0003242, train_kl_loss-0.0000000, val_mse_loss-0.0003762, val_kl_loss-0.0000000
2025-03-06 12:47:23 - INFO - epoch-377, train_mse_loss-0.0003242, train_kl_loss-0.0000000, val_mse_loss-0.0003740, val_kl_loss-0.0000000
2025-03-06 12:51:41 - INFO - epoch-378, train_mse_loss-0.0003242, train_kl_loss-0.0000000, val_mse_loss-0.0003703, val_kl_loss-0.0000000
2025-03-06 12:55:58 - INFO - epoch-379, train_mse_loss-0.0003242, train_kl_loss-0.0000000, val_mse_loss-0.0003691, val_kl_loss-0.0000000
2025-03-06 13:00:16 - INFO - epoch-380, train_mse_loss-0.0003242, train_kl_loss-0.0000000, val_mse_loss-0.0003714, val_kl_loss-0.0000000
2025-03-06 13:04:33 - INFO - epoch-381, train_mse_loss-0.0003242, train_kl_loss-0.0000000, val_mse_loss-0.0003737, val_kl_loss-0.0000000
2025-03-06 13:08:53 - INFO - epoch-382, train_mse_loss-0.0003242, train_kl_loss-0.0000000, val_mse_loss-0.0003719, val_kl_loss-0.0000000
2025-03-06 13:13:12 - INFO - epoch-383, train_mse_loss-0.0003242, train_kl_loss-0.0000000, val_mse_loss-0.0003738, val_kl_loss-0.0000000
2025-03-06 13:17:31 - INFO - epoch-384, train_mse_loss-0.0003242, train_kl_loss-0.0000000, val_mse_loss-0.0003714, val_kl_loss-0.0000000
2025-03-06 13:21:50 - INFO - epoch-385, train_mse_loss-0.0003242, train_kl_loss-0.0000000, val_mse_loss-0.0003732, val_kl_loss-0.0000000
2025-03-06 13:26:10 - INFO - epoch-386, train_mse_loss-0.0003242, train_kl_loss-0.0000000, val_mse_loss-0.0003707, val_kl_loss-0.0000000
2025-03-06 13:30:27 - INFO - epoch-387, train_mse_loss-0.0003242, train_kl_loss-0.0000000, val_mse_loss-0.0003713, val_kl_loss-0.0000000
2025-03-06 13:34:45 - INFO - epoch-388, train_mse_loss-0.0003242, train_kl_loss-0.0000000, val_mse_loss-0.0003770, val_kl_loss-0.0000000
2025-03-06 13:39:02 - INFO - epoch-389, train_mse_loss-0.0003242, train_kl_loss-0.0000000, val_mse_loss-0.0003734, val_kl_loss-0.0000000
2025-03-06 13:43:20 - INFO - epoch-390, train_mse_loss-0.0003242, train_kl_loss-0.0000000, val_mse_loss-0.0003685, val_kl_loss-0.0000000
2025-03-06 13:47:40 - INFO - epoch-391, train_mse_loss-0.0003242, train_kl_loss-0.0000000, val_mse_loss-0.0003754, val_kl_loss-0.0000000
2025-03-06 13:51:59 - INFO - epoch-392, train_mse_loss-0.0003242, train_kl_loss-0.0000000, val_mse_loss-0.0003753, val_kl_loss-0.0000000
2025-03-06 13:56:17 - INFO - epoch-393, train_mse_loss-0.0003242, train_kl_loss-0.0000000, val_mse_loss-0.0003762, val_kl_loss-0.0000000
2025-03-06 14:00:35 - INFO - epoch-394, train_mse_loss-0.0003242, train_kl_loss-0.0000000, val_mse_loss-0.0003698, val_kl_loss-0.0000000
2025-03-06 14:04:53 - INFO - epoch-395, train_mse_loss-0.0003242, train_kl_loss-0.0000000, val_mse_loss-0.0003732, val_kl_loss-0.0000000
2025-03-06 14:09:10 - INFO - epoch-396, train_mse_loss-0.0003242, train_kl_loss-0.0000000, val_mse_loss-0.0003720, val_kl_loss-0.0000000
2025-03-06 14:13:29 - INFO - epoch-397, train_mse_loss-0.0003242, train_kl_loss-0.0000000, val_mse_loss-0.0003733, val_kl_loss-0.0000000
2025-03-06 14:17:49 - INFO - epoch-398, train_mse_loss-0.0003242, train_kl_loss-0.0000000, val_mse_loss-0.0003731, val_kl_loss-0.0000000
2025-03-06 14:22:07 - INFO - epoch-399, train_mse_loss-0.0003242, train_kl_loss-0.0000000, val_mse_loss-0.0003695, val_kl_loss-0.0000000
2025-03-06 14:26:25 - INFO - epoch-400, train_mse_loss-0.0003242, train_kl_loss-0.0000000, val_mse_loss-0.0003743, val_kl_loss-0.0000000
2025-03-06 14:30:47 - INFO - epoch-401, train_mse_loss-0.0003242, train_kl_loss-0.0000000, val_mse_loss-0.0003705, val_kl_loss-0.0000000
2025-03-06 14:35:12 - INFO - epoch-402, train_mse_loss-0.0003242, train_kl_loss-0.0000000, val_mse_loss-0.0003722, val_kl_loss-0.0000000
2025-03-06 14:39:31 - INFO - epoch-403, train_mse_loss-0.0003242, train_kl_loss-0.0000000, val_mse_loss-0.0003723, val_kl_loss-0.0000000
2025-03-06 14:43:52 - INFO - epoch-404, train_mse_loss-0.0003242, train_kl_loss-0.0000000, val_mse_loss-0.0003751, val_kl_loss-0.0000000
2025-03-06 14:48:10 - INFO - epoch-405, train_mse_loss-0.0003242, train_kl_loss-0.0000000, val_mse_loss-0.0003715, val_kl_loss-0.0000000
2025-03-06 14:52:29 - INFO - epoch-406, train_mse_loss-0.0003242, train_kl_loss-0.0000000, val_mse_loss-0.0003712, val_kl_loss-0.0000000
2025-03-06 14:56:47 - INFO - epoch-407, train_mse_loss-0.0003242, train_kl_loss-0.0000000, val_mse_loss-0.0003715, val_kl_loss-0.0000000
2025-03-06 15:01:05 - INFO - epoch-408, train_mse_loss-0.0003242, train_kl_loss-0.0000000, val_mse_loss-0.0003690, val_kl_loss-0.0000000
2025-03-06 15:05:22 - INFO - epoch-409, train_mse_loss-0.0003242, train_kl_loss-0.0000000, val_mse_loss-0.0003689, val_kl_loss-0.0000000
2025-03-06 15:09:41 - INFO - epoch-410, train_mse_loss-0.0003242, train_kl_loss-0.0000000, val_mse_loss-0.0003685, val_kl_loss-0.0000000
2025-03-06 15:14:00 - INFO - epoch-411, train_mse_loss-0.0003242, train_kl_loss-0.0000000, val_mse_loss-0.0003733, val_kl_loss-0.0000000
2025-03-06 15:18:17 - INFO - epoch-412, train_mse_loss-0.0003242, train_kl_loss-0.0000000, val_mse_loss-0.0003746, val_kl_loss-0.0000000
2025-03-06 15:22:35 - INFO - epoch-413, train_mse_loss-0.0003242, train_kl_loss-0.0000000, val_mse_loss-0.0003710, val_kl_loss-0.0000000
2025-03-06 15:26:53 - INFO - epoch-414, train_mse_loss-0.0003242, train_kl_loss-0.0000000, val_mse_loss-0.0003759, val_kl_loss-0.0000000
2025-03-06 15:31:11 - INFO - epoch-415, train_mse_loss-0.0003242, train_kl_loss-0.0000000, val_mse_loss-0.0003699, val_kl_loss-0.0000000
2025-03-06 15:35:28 - INFO - epoch-416, train_mse_loss-0.0003242, train_kl_loss-0.0000000, val_mse_loss-0.0003721, val_kl_loss-0.0000000
2025-03-06 15:39:47 - INFO - epoch-417, train_mse_loss-0.0003242, train_kl_loss-0.0000000, val_mse_loss-0.0003729, val_kl_loss-0.0000000
2025-03-06 15:44:04 - INFO - epoch-418, train_mse_loss-0.0003242, train_kl_loss-0.0000000, val_mse_loss-0.0003715, val_kl_loss-0.0000000
2025-03-06 15:48:20 - INFO - epoch-419, train_mse_loss-0.0003242, train_kl_loss-0.0000000, val_mse_loss-0.0003711, val_kl_loss-0.0000000
2025-03-06 15:52:37 - INFO - epoch-420, train_mse_loss-0.0003242, train_kl_loss-0.0000000, val_mse_loss-0.0003739, val_kl_loss-0.0000000
2025-03-06 15:56:54 - INFO - epoch-421, train_mse_loss-0.0003242, train_kl_loss-0.0000000, val_mse_loss-0.0003699, val_kl_loss-0.0000000
2025-03-06 16:01:11 - INFO - epoch-422, train_mse_loss-0.0003242, train_kl_loss-0.0000000, val_mse_loss-0.0003704, val_kl_loss-0.0000000
2025-03-06 16:05:29 - INFO - epoch-423, train_mse_loss-0.0003242, train_kl_loss-0.0000000, val_mse_loss-0.0003712, val_kl_loss-0.0000000
2025-03-06 16:09:46 - INFO - epoch-424, train_mse_loss-0.0003242, train_kl_loss-0.0000000, val_mse_loss-0.0003667, val_kl_loss-0.0000000
2025-03-06 16:14:03 - INFO - epoch-425, train_mse_loss-0.0003242, train_kl_loss-0.0000000, val_mse_loss-0.0003761, val_kl_loss-0.0000000
2025-03-06 16:18:20 - INFO - epoch-426, train_mse_loss-0.0003242, train_kl_loss-0.0000000, val_mse_loss-0.0003699, val_kl_loss-0.0000000
2025-03-06 16:22:38 - INFO - epoch-427, train_mse_loss-0.0003242, train_kl_loss-0.0000000, val_mse_loss-0.0003708, val_kl_loss-0.0000000
2025-03-06 16:26:56 - INFO - epoch-428, train_mse_loss-0.0003242, train_kl_loss-0.0000000, val_mse_loss-0.0003723, val_kl_loss-0.0000000
2025-03-06 16:31:12 - INFO - epoch-429, train_mse_loss-0.0003242, train_kl_loss-0.0000000, val_mse_loss-0.0003705, val_kl_loss-0.0000000
2025-03-06 16:35:31 - INFO - epoch-430, train_mse_loss-0.0003242, train_kl_loss-0.0000000, val_mse_loss-0.0003681, val_kl_loss-0.0000000
2025-03-06 16:39:49 - INFO - epoch-431, train_mse_loss-0.0003242, train_kl_loss-0.0000000, val_mse_loss-0.0003679, val_kl_loss-0.0000000
2025-03-06 16:44:07 - INFO - epoch-432, train_mse_loss-0.0003242, train_kl_loss-0.0000000, val_mse_loss-0.0003679, val_kl_loss-0.0000000
2025-03-06 16:48:25 - INFO - epoch-433, train_mse_loss-0.0003242, train_kl_loss-0.0000000, val_mse_loss-0.0003786, val_kl_loss-0.0000000
2025-03-06 16:52:42 - INFO - epoch-434, train_mse_loss-0.0003242, train_kl_loss-0.0000000, val_mse_loss-0.0003707, val_kl_loss-0.0000000
2025-03-06 16:56:59 - INFO - epoch-435, train_mse_loss-0.0003242, train_kl_loss-0.0000000, val_mse_loss-0.0003713, val_kl_loss-0.0000000
2025-03-06 17:01:16 - INFO - epoch-436, train_mse_loss-0.0003242, train_kl_loss-0.0000000, val_mse_loss-0.0003683, val_kl_loss-0.0000000
2025-03-06 17:05:33 - INFO - epoch-437, train_mse_loss-0.0003242, train_kl_loss-0.0000000, val_mse_loss-0.0003709, val_kl_loss-0.0000000
2025-03-06 17:09:50 - INFO - epoch-438, train_mse_loss-0.0003242, train_kl_loss-0.0000000, val_mse_loss-0.0003725, val_kl_loss-0.0000000
2025-03-06 17:14:06 - INFO - epoch-439, train_mse_loss-0.0003242, train_kl_loss-0.0000000, val_mse_loss-0.0003722, val_kl_loss-0.0000000
2025-03-06 17:18:23 - INFO - epoch-440, train_mse_loss-0.0003242, train_kl_loss-0.0000000, val_mse_loss-0.0003740, val_kl_loss-0.0000000
2025-03-06 17:22:40 - INFO - epoch-441, train_mse_loss-0.0003242, train_kl_loss-0.0000000, val_mse_loss-0.0003750, val_kl_loss-0.0000000
2025-03-06 17:26:56 - INFO - epoch-442, train_mse_loss-0.0003242, train_kl_loss-0.0000000, val_mse_loss-0.0003746, val_kl_loss-0.0000000
2025-03-06 17:31:13 - INFO - epoch-443, train_mse_loss-0.0003242, train_kl_loss-0.0000000, val_mse_loss-0.0003769, val_kl_loss-0.0000000
2025-03-06 17:35:30 - INFO - epoch-444, train_mse_loss-0.0003242, train_kl_loss-0.0000000, val_mse_loss-0.0003733, val_kl_loss-0.0000000
2025-03-06 17:39:48 - INFO - epoch-445, train_mse_loss-0.0003242, train_kl_loss-0.0000000, val_mse_loss-0.0003717, val_kl_loss-0.0000000
2025-03-06 17:44:07 - INFO - epoch-446, train_mse_loss-0.0003242, train_kl_loss-0.0000000, val_mse_loss-0.0003799, val_kl_loss-0.0000000
2025-03-06 17:48:24 - INFO - epoch-447, train_mse_loss-0.0003242, train_kl_loss-0.0000000, val_mse_loss-0.0003726, val_kl_loss-0.0000000
2025-03-06 17:52:41 - INFO - epoch-448, train_mse_loss-0.0003242, train_kl_loss-0.0000000, val_mse_loss-0.0003693, val_kl_loss-0.0000000
2025-03-06 17:56:58 - INFO - epoch-449, train_mse_loss-0.0003242, train_kl_loss-0.0000000, val_mse_loss-0.0003781, val_kl_loss-0.0000000
2025-03-06 18:01:15 - INFO - epoch-450, train_mse_loss-0.0003242, train_kl_loss-0.0000000, val_mse_loss-0.0003779, val_kl_loss-0.0000000
2025-03-06 18:05:33 - INFO - epoch-451, train_mse_loss-0.0003242, train_kl_loss-0.0000000, val_mse_loss-0.0003759, val_kl_loss-0.0000000
2025-03-06 18:09:50 - INFO - epoch-452, train_mse_loss-0.0003242, train_kl_loss-0.0000000, val_mse_loss-0.0003702, val_kl_loss-0.0000000
2025-03-06 18:14:07 - INFO - epoch-453, train_mse_loss-0.0003242, train_kl_loss-0.0000000, val_mse_loss-0.0003814, val_kl_loss-0.0000000
2025-03-06 18:18:24 - INFO - epoch-454, train_mse_loss-0.0003242, train_kl_loss-0.0000000, val_mse_loss-0.0003677, val_kl_loss-0.0000000
2025-03-06 18:22:41 - INFO - epoch-455, train_mse_loss-0.0003242, train_kl_loss-0.0000000, val_mse_loss-0.0003701, val_kl_loss-0.0000000
2025-03-06 18:26:58 - INFO - epoch-456, train_mse_loss-0.0003242, train_kl_loss-0.0000000, val_mse_loss-0.0003719, val_kl_loss-0.0000000
2025-03-06 18:31:14 - INFO - epoch-457, train_mse_loss-0.0003242, train_kl_loss-0.0000000, val_mse_loss-0.0003706, val_kl_loss-0.0000000
2025-03-06 18:35:30 - INFO - epoch-458, train_mse_loss-0.0003242, train_kl_loss-0.0000000, val_mse_loss-0.0003710, val_kl_loss-0.0000000
2025-03-06 18:39:47 - INFO - epoch-459, train_mse_loss-0.0003242, train_kl_loss-0.0000000, val_mse_loss-0.0003721, val_kl_loss-0.0000000
2025-03-06 18:44:04 - INFO - epoch-460, train_mse_loss-0.0003242, train_kl_loss-0.0000000, val_mse_loss-0.0003748, val_kl_loss-0.0000000
2025-03-06 18:48:21 - INFO - epoch-461, train_mse_loss-0.0003242, train_kl_loss-0.0000000, val_mse_loss-0.0003767, val_kl_loss-0.0000000
2025-03-06 18:52:39 - INFO - epoch-462, train_mse_loss-0.0003242, train_kl_loss-0.0000000, val_mse_loss-0.0003696, val_kl_loss-0.0000000
2025-03-06 18:56:57 - INFO - epoch-463, train_mse_loss-0.0003242, train_kl_loss-0.0000000, val_mse_loss-0.0003723, val_kl_loss-0.0000000
2025-03-06 19:01:14 - INFO - epoch-464, train_mse_loss-0.0003242, train_kl_loss-0.0000000, val_mse_loss-0.0003703, val_kl_loss-0.0000000
2025-03-06 19:05:32 - INFO - epoch-465, train_mse_loss-0.0003242, train_kl_loss-0.0000000, val_mse_loss-0.0003725, val_kl_loss-0.0000000
2025-03-06 19:09:48 - INFO - epoch-466, train_mse_loss-0.0003242, train_kl_loss-0.0000000, val_mse_loss-0.0003727, val_kl_loss-0.0000000
2025-03-06 19:14:05 - INFO - epoch-467, train_mse_loss-0.0003242, train_kl_loss-0.0000000, val_mse_loss-0.0003766, val_kl_loss-0.0000000
2025-03-06 19:18:22 - INFO - epoch-468, train_mse_loss-0.0003242, train_kl_loss-0.0000000, val_mse_loss-0.0003738, val_kl_loss-0.0000000
2025-03-06 19:22:39 - INFO - epoch-469, train_mse_loss-0.0003242, train_kl_loss-0.0000000, val_mse_loss-0.0003846, val_kl_loss-0.0000000
2025-03-06 19:26:56 - INFO - epoch-470, train_mse_loss-0.0003242, train_kl_loss-0.0000000, val_mse_loss-0.0003728, val_kl_loss-0.0000000
2025-03-06 19:31:13 - INFO - epoch-471, train_mse_loss-0.0003242, train_kl_loss-0.0000000, val_mse_loss-0.0003723, val_kl_loss-0.0000000
2025-03-06 19:35:29 - INFO - epoch-472, train_mse_loss-0.0003242, train_kl_loss-0.0000000, val_mse_loss-0.0003750, val_kl_loss-0.0000000
2025-03-06 19:39:46 - INFO - epoch-473, train_mse_loss-0.0003242, train_kl_loss-0.0000000, val_mse_loss-0.0003696, val_kl_loss-0.0000000
2025-03-06 19:44:03 - INFO - epoch-474, train_mse_loss-0.0003242, train_kl_loss-0.0000000, val_mse_loss-0.0003749, val_kl_loss-0.0000000
2025-03-06 19:48:19 - INFO - epoch-475, train_mse_loss-0.0003242, train_kl_loss-0.0000000, val_mse_loss-0.0003674, val_kl_loss-0.0000000
2025-03-06 19:52:36 - INFO - epoch-476, train_mse_loss-0.0003242, train_kl_loss-0.0000000, val_mse_loss-0.0003754, val_kl_loss-0.0000000
2025-03-06 19:56:52 - INFO - epoch-477, train_mse_loss-0.0003242, train_kl_loss-0.0000000, val_mse_loss-0.0003725, val_kl_loss-0.0000000
2025-03-06 20:01:10 - INFO - epoch-478, train_mse_loss-0.0003242, train_kl_loss-0.0000000, val_mse_loss-0.0003695, val_kl_loss-0.0000000
2025-03-06 20:05:28 - INFO - epoch-479, train_mse_loss-0.0003242, train_kl_loss-0.0000000, val_mse_loss-0.0003703, val_kl_loss-0.0000000
2025-03-06 20:09:45 - INFO - epoch-480, train_mse_loss-0.0003242, train_kl_loss-0.0000000, val_mse_loss-0.0003715, val_kl_loss-0.0000000
2025-03-06 20:14:02 - INFO - epoch-481, train_mse_loss-0.0003242, train_kl_loss-0.0000000, val_mse_loss-0.0003732, val_kl_loss-0.0000000
2025-03-06 20:18:18 - INFO - epoch-482, train_mse_loss-0.0003242, train_kl_loss-0.0000000, val_mse_loss-0.0003722, val_kl_loss-0.0000000
2025-03-06 20:22:35 - INFO - epoch-483, train_mse_loss-0.0003242, train_kl_loss-0.0000000, val_mse_loss-0.0003717, val_kl_loss-0.0000000
2025-03-06 20:26:51 - INFO - epoch-484, train_mse_loss-0.0003242, train_kl_loss-0.0000000, val_mse_loss-0.0003763, val_kl_loss-0.0000000
2025-03-06 20:31:07 - INFO - epoch-485, train_mse_loss-0.0003242, train_kl_loss-0.0000000, val_mse_loss-0.0003738, val_kl_loss-0.0000000
2025-03-06 20:35:24 - INFO - epoch-486, train_mse_loss-0.0003242, train_kl_loss-0.0000000, val_mse_loss-0.0003736, val_kl_loss-0.0000000
2025-03-06 20:39:41 - INFO - epoch-487, train_mse_loss-0.0003242, train_kl_loss-0.0000000, val_mse_loss-0.0003765, val_kl_loss-0.0000000
2025-03-06 20:43:58 - INFO - epoch-488, train_mse_loss-0.0003242, train_kl_loss-0.0000000, val_mse_loss-0.0003750, val_kl_loss-0.0000000
2025-03-06 20:48:15 - INFO - epoch-489, train_mse_loss-0.0003242, train_kl_loss-0.0000000, val_mse_loss-0.0003731, val_kl_loss-0.0000000
2025-03-06 20:52:32 - INFO - epoch-490, train_mse_loss-0.0003242, train_kl_loss-0.0000000, val_mse_loss-0.0003686, val_kl_loss-0.0000000
2025-03-06 20:56:48 - INFO - epoch-491, train_mse_loss-0.0003242, train_kl_loss-0.0000000, val_mse_loss-0.0003708, val_kl_loss-0.0000000
2025-03-06 21:01:05 - INFO - epoch-492, train_mse_loss-0.0003242, train_kl_loss-0.0000000, val_mse_loss-0.0003728, val_kl_loss-0.0000000
2025-03-06 21:05:22 - INFO - epoch-493, train_mse_loss-0.0003242, train_kl_loss-0.0000000, val_mse_loss-0.0003747, val_kl_loss-0.0000000
2025-03-06 21:09:39 - INFO - epoch-494, train_mse_loss-0.0003242, train_kl_loss-0.0000000, val_mse_loss-0.0003697, val_kl_loss-0.0000000
2025-03-06 21:13:57 - INFO - epoch-495, train_mse_loss-0.0003242, train_kl_loss-0.0000000, val_mse_loss-0.0003671, val_kl_loss-0.0000000
2025-03-06 21:18:14 - INFO - epoch-496, train_mse_loss-0.0003242, train_kl_loss-0.0000000, val_mse_loss-0.0003728, val_kl_loss-0.0000000
2025-03-06 21:22:31 - INFO - epoch-497, train_mse_loss-0.0003242, train_kl_loss-0.0000000, val_mse_loss-0.0003731, val_kl_loss-0.0000000
2025-03-06 21:26:48 - INFO - epoch-498, train_mse_loss-0.0003242, train_kl_loss-0.0000000, val_mse_loss-0.0003737, val_kl_loss-0.0000000
2025-03-06 21:31:04 - INFO - epoch-499, train_mse_loss-0.0003242, train_kl_loss-0.0000000, val_mse_loss-0.0003673, val_kl_loss-0.0000000
