2025-03-04 16:41:33 - INFO - train data: 13259
2025-03-04 16:41:33 - INFO - train unqiue data: 13259
2025-03-04 16:41:33 - INFO - valid data: 1474
2025-03-04 16:41:33 - INFO - valid unqiue data: 1474
2025-03-04 16:46:21 - INFO - epoch-0, train_mse_loss-0.0004107, train_kl_loss-0.0660423, val_mse_loss-0.0025964, val_kl_loss-0.0003345
2025-03-04 16:50:36 - INFO - epoch-1, train_mse_loss-0.0003404, train_kl_loss-0.0009082, val_mse_loss-0.0011354, val_kl_loss-0.0011613
2025-03-04 16:54:51 - INFO - epoch-2, train_mse_loss-0.0003577, train_kl_loss-1.7015518, val_mse_loss-0.0007372, val_kl_loss-3.7273904
2025-03-04 16:54:59 - INFO - Saved new best model at epoch 2 with validation loss 3.7281275
2025-03-04 16:59:15 - INFO - epoch-3, train_mse_loss-0.0003570, train_kl_loss-3.7268172, val_mse_loss-0.0006847, val_kl_loss-3.7266858
2025-03-04 16:59:22 - INFO - Saved new best model at epoch 3 with validation loss 3.7273705
2025-03-04 17:03:36 - INFO - epoch-4, train_mse_loss-0.0003520, train_kl_loss-3.7266940, val_mse_loss-0.0021350, val_kl_loss-3.7266341
2025-03-04 17:07:51 - INFO - epoch-5, train_mse_loss-0.0003478, train_kl_loss-3.7280085, val_mse_loss-0.0008777, val_kl_loss-3.7269146
2025-03-04 17:12:06 - INFO - epoch-6, train_mse_loss-0.0004070, train_kl_loss-4.0264823, val_mse_loss-0.0005550, val_kl_loss-4.4131529
2025-03-04 17:16:19 - INFO - epoch-7, train_mse_loss-0.0004607, train_kl_loss-4.4126013, val_mse_loss-0.0006249, val_kl_loss-4.4124007
2025-03-04 17:20:34 - INFO - epoch-8, train_mse_loss-0.0004033, train_kl_loss-4.4160145, val_mse_loss-0.0006995, val_kl_loss-4.4127328
2025-03-04 17:24:49 - INFO - epoch-9, train_mse_loss-0.0003925, train_kl_loss-4.4280467, val_mse_loss-0.0009744, val_kl_loss-4.4298876
2025-03-04 17:29:03 - INFO - epoch-10, train_mse_loss-0.0004366, train_kl_loss-4.5298867, val_mse_loss-0.0005118, val_kl_loss-4.4826704
2025-03-04 17:33:17 - INFO - epoch-11, train_mse_loss-0.0004049, train_kl_loss-4.5386251, val_mse_loss-0.0005557, val_kl_loss-4.4847826
2025-03-04 17:37:32 - INFO - epoch-12, train_mse_loss-0.0004182, train_kl_loss-4.5368442, val_mse_loss-0.0004821, val_kl_loss-4.4750584
2025-03-04 17:41:46 - INFO - epoch-13, train_mse_loss-0.0004250, train_kl_loss-4.4791334, val_mse_loss-0.0005372, val_kl_loss-4.4644639
2025-03-04 17:46:01 - INFO - epoch-14, train_mse_loss-0.0003994, train_kl_loss-4.4664850, val_mse_loss-0.0004574, val_kl_loss-4.4298535
2025-03-04 17:50:17 - INFO - epoch-15, train_mse_loss-0.0003897, train_kl_loss-4.4839100, val_mse_loss-0.0005218, val_kl_loss-4.5227095
2025-03-04 17:54:31 - INFO - epoch-16, train_mse_loss-0.0004078, train_kl_loss-4.5164755, val_mse_loss-0.0006433, val_kl_loss-4.4648934
2025-03-04 17:58:46 - INFO - epoch-17, train_mse_loss-0.0004678, train_kl_loss-4.5388493, val_mse_loss-0.0005789, val_kl_loss-4.4649128
2025-03-04 18:03:00 - INFO - epoch-18, train_mse_loss-0.0003980, train_kl_loss-4.4703767, val_mse_loss-0.0005324, val_kl_loss-4.4652693
2025-03-04 18:07:13 - INFO - epoch-19, train_mse_loss-0.0003977, train_kl_loss-4.5070422, val_mse_loss-0.0005485, val_kl_loss-4.4319458
2025-03-04 18:11:29 - INFO - epoch-20, train_mse_loss-0.0003806, train_kl_loss-4.4368400, val_mse_loss-0.0005346, val_kl_loss-4.3945578
2025-03-04 18:15:43 - INFO - epoch-21, train_mse_loss-0.0003662, train_kl_loss-4.3396793, val_mse_loss-0.0005486, val_kl_loss-4.3242512
2025-03-04 18:19:58 - INFO - epoch-22, train_mse_loss-0.0003591, train_kl_loss-4.2210398, val_mse_loss-0.0005358, val_kl_loss-4.1664040
2025-03-04 18:24:13 - INFO - epoch-23, train_mse_loss-0.0003485, train_kl_loss-4.1143828, val_mse_loss-0.0005192, val_kl_loss-4.0962184
2025-03-04 18:28:27 - INFO - epoch-24, train_mse_loss-0.0003452, train_kl_loss-4.0347802, val_mse_loss-0.0005303, val_kl_loss-3.9726982
2025-03-04 18:32:42 - INFO - epoch-25, train_mse_loss-0.0003506, train_kl_loss-4.0360078, val_mse_loss-0.0005793, val_kl_loss-4.0433129
2025-03-04 18:36:57 - INFO - epoch-26, train_mse_loss-0.0003620, train_kl_loss-4.0431024, val_mse_loss-0.0005613, val_kl_loss-4.0430437
2025-03-04 18:41:12 - INFO - epoch-27, train_mse_loss-0.0003574, train_kl_loss-4.0534236, val_mse_loss-0.0005673, val_kl_loss-4.0610187
2025-03-04 18:45:27 - INFO - epoch-28, train_mse_loss-0.0003656, train_kl_loss-4.0475444, val_mse_loss-0.0005180, val_kl_loss-4.0428229
2025-03-04 18:49:42 - INFO - epoch-29, train_mse_loss-0.0003539, train_kl_loss-3.9920625, val_mse_loss-0.0004979, val_kl_loss-3.9557977
2025-03-04 18:53:58 - INFO - epoch-30, train_mse_loss-0.0003881, train_kl_loss-3.6008102, val_mse_loss-0.0005795, val_kl_loss-2.3582970
2025-03-04 18:54:05 - INFO - Saved new best model at epoch 30 with validation loss 2.3588765
2025-03-04 18:58:22 - INFO - epoch-31, train_mse_loss-0.0005490, train_kl_loss-1.5095247, val_mse_loss-0.0005791, val_kl_loss-1.0751049
2025-03-04 18:58:30 - INFO - Saved new best model at epoch 31 with validation loss 1.0756840
2025-03-04 19:02:44 - INFO - epoch-32, train_mse_loss-0.0005395, train_kl_loss-0.5028726, val_mse_loss-0.0005740, val_kl_loss-0.0061360
2025-03-04 19:02:52 - INFO - Saved new best model at epoch 32 with validation loss 0.0067100
2025-03-04 19:07:06 - INFO - epoch-33, train_mse_loss-0.0005173, train_kl_loss-0.0026289, val_mse_loss-0.0005767, val_kl_loss-0.0019807
2025-03-04 19:07:14 - INFO - Saved new best model at epoch 33 with validation loss 0.0025574
2025-03-04 19:11:29 - INFO - epoch-34, train_mse_loss-0.0004994, train_kl_loss-0.0016756, val_mse_loss-0.0005794, val_kl_loss-0.0022032
2025-03-04 19:15:44 - INFO - epoch-35, train_mse_loss-0.0004782, train_kl_loss-0.0015967, val_mse_loss-0.0005795, val_kl_loss-0.0024117
2025-03-04 19:19:59 - INFO - epoch-36, train_mse_loss-0.0004542, train_kl_loss-0.0014568, val_mse_loss-0.0005795, val_kl_loss-0.0016481
2025-03-04 19:20:06 - INFO - Saved new best model at epoch 36 with validation loss 0.0022275
2025-03-04 19:24:22 - INFO - epoch-37, train_mse_loss-0.0004284, train_kl_loss-0.0014606, val_mse_loss-0.0005794, val_kl_loss-0.0012564
2025-03-04 19:24:29 - INFO - Saved new best model at epoch 37 with validation loss 0.0018359
2025-03-04 19:28:44 - INFO - epoch-38, train_mse_loss-0.0004083, train_kl_loss-0.0013867, val_mse_loss-0.0005794, val_kl_loss-0.0020160
2025-03-04 19:32:58 - INFO - epoch-39, train_mse_loss-0.0003963, train_kl_loss-0.0012988, val_mse_loss-0.0005768, val_kl_loss-0.0023607
2025-03-04 19:37:13 - INFO - epoch-40, train_mse_loss-0.0003886, train_kl_loss-0.0012755, val_mse_loss-0.0005782, val_kl_loss-0.0008953
2025-03-04 19:37:21 - INFO - Saved new best model at epoch 40 with validation loss 0.0014735
2025-03-04 19:41:36 - INFO - epoch-41, train_mse_loss-0.0003828, train_kl_loss-0.0008169, val_mse_loss-0.0005686, val_kl_loss-0.0005474
2025-03-04 19:41:44 - INFO - Saved new best model at epoch 41 with validation loss 0.0011160
2025-03-04 19:45:58 - INFO - epoch-42, train_mse_loss-0.0003759, train_kl_loss-0.0004821, val_mse_loss-0.0005579, val_kl_loss-0.0002506
2025-03-04 19:46:06 - INFO - Saved new best model at epoch 42 with validation loss 0.0008084
2025-03-04 19:50:22 - INFO - epoch-43, train_mse_loss-0.0003708, train_kl_loss-0.0003043, val_mse_loss-0.0005558, val_kl_loss-0.0003855
2025-03-04 19:54:38 - INFO - epoch-44, train_mse_loss-0.0003613, train_kl_loss-0.0001948, val_mse_loss-0.0005479, val_kl_loss-0.0000623
2025-03-04 19:54:46 - INFO - Saved new best model at epoch 44 with validation loss 0.0006103
2025-03-04 19:59:00 - INFO - epoch-45, train_mse_loss-0.0003611, train_kl_loss-0.0003554, val_mse_loss-0.0005430, val_kl_loss-0.0000158
2025-03-04 19:59:07 - INFO - Saved new best model at epoch 45 with validation loss 0.0005588
2025-03-04 20:03:26 - INFO - epoch-46, train_mse_loss-0.0003461, train_kl_loss-0.0000459, val_mse_loss-0.0005344, val_kl_loss-0.0000188
2025-03-04 20:03:33 - INFO - Saved new best model at epoch 46 with validation loss 0.0005532
2025-03-04 20:07:48 - INFO - epoch-47, train_mse_loss-0.0003401, train_kl_loss-0.0000415, val_mse_loss-0.0005473, val_kl_loss-0.0000283
2025-03-04 20:12:03 - INFO - epoch-48, train_mse_loss-0.0003362, train_kl_loss-0.0000383, val_mse_loss-0.0005246, val_kl_loss-0.0000379
2025-03-04 20:16:17 - INFO - epoch-49, train_mse_loss-0.0005167, train_kl_loss-1.3294279, val_mse_loss-0.0005738, val_kl_loss-1.1606121
2025-03-04 20:20:32 - INFO - epoch-50, train_mse_loss-0.0004852, train_kl_loss-1.1605611, val_mse_loss-0.0005483, val_kl_loss-1.1610384
2025-03-04 20:24:46 - INFO - epoch-51, train_mse_loss-0.0004428, train_kl_loss-1.1491265, val_mse_loss-0.0005296, val_kl_loss-1.1454220
2025-03-04 20:29:01 - INFO - epoch-52, train_mse_loss-0.0004214, train_kl_loss-1.1438944, val_mse_loss-0.0005552, val_kl_loss-1.1428057
2025-03-04 20:33:16 - INFO - epoch-53, train_mse_loss-0.0004105, train_kl_loss-1.1442561, val_mse_loss-0.0005774, val_kl_loss-1.1429792
2025-03-04 20:37:30 - INFO - epoch-54, train_mse_loss-0.0004025, train_kl_loss-1.1411008, val_mse_loss-0.0005767, val_kl_loss-1.1274233
2025-03-04 20:41:44 - INFO - epoch-55, train_mse_loss-0.0003945, train_kl_loss-1.1050114, val_mse_loss-0.0005733, val_kl_loss-1.0548788
2025-03-04 20:45:59 - INFO - epoch-56, train_mse_loss-0.0003867, train_kl_loss-1.0585720, val_mse_loss-0.0005740, val_kl_loss-1.0195971
2025-03-04 20:50:13 - INFO - epoch-57, train_mse_loss-0.0003789, train_kl_loss-1.0160276, val_mse_loss-0.0005700, val_kl_loss-1.0020111
2025-03-04 20:54:27 - INFO - epoch-58, train_mse_loss-0.0003714, train_kl_loss-1.0701583, val_mse_loss-0.0005676, val_kl_loss-0.4352914
2025-03-04 20:58:42 - INFO - epoch-59, train_mse_loss-0.0003580, train_kl_loss-0.0582310, val_mse_loss-0.0005575, val_kl_loss-0.0006981
2025-03-04 21:02:56 - INFO - epoch-60, train_mse_loss-0.0003467, train_kl_loss-0.0003197, val_mse_loss-0.0005330, val_kl_loss-0.0001873
2025-03-04 21:07:11 - INFO - epoch-61, train_mse_loss-0.0003417, train_kl_loss-0.0002025, val_mse_loss-0.0005187, val_kl_loss-0.0002450
2025-03-04 21:11:26 - INFO - epoch-62, train_mse_loss-0.0003397, train_kl_loss-0.0001706, val_mse_loss-0.0005084, val_kl_loss-0.0002300
2025-03-04 21:15:40 - INFO - epoch-63, train_mse_loss-0.0003379, train_kl_loss-0.0002248, val_mse_loss-0.0005072, val_kl_loss-0.0002130
2025-03-04 21:19:54 - INFO - epoch-64, train_mse_loss-0.0003366, train_kl_loss-0.0002605, val_mse_loss-0.0005250, val_kl_loss-0.0000867
2025-03-04 21:24:09 - INFO - epoch-65, train_mse_loss-0.0003356, train_kl_loss-0.0002295, val_mse_loss-0.0005262, val_kl_loss-0.0000866
2025-03-04 21:28:23 - INFO - epoch-66, train_mse_loss-0.0003346, train_kl_loss-0.0002059, val_mse_loss-0.0005283, val_kl_loss-0.0000294
2025-03-04 21:32:38 - INFO - epoch-67, train_mse_loss-0.0003332, train_kl_loss-0.0001582, val_mse_loss-0.0005093, val_kl_loss-0.0000368
2025-03-04 21:32:45 - INFO - Saved new best model at epoch 67 with validation loss 0.0005461
2025-03-04 21:37:00 - INFO - epoch-68, train_mse_loss-0.0003322, train_kl_loss-0.0001103, val_mse_loss-0.0004992, val_kl_loss-0.0003086
2025-03-04 21:41:15 - INFO - epoch-69, train_mse_loss-0.0003312, train_kl_loss-0.0000806, val_mse_loss-0.0005414, val_kl_loss-0.0000156
2025-03-04 21:45:30 - INFO - epoch-70, train_mse_loss-0.0003301, train_kl_loss-0.0000544, val_mse_loss-0.0005508, val_kl_loss-0.0000544
2025-03-04 21:49:46 - INFO - epoch-71, train_mse_loss-0.0003703, train_kl_loss-0.0195707, val_mse_loss-0.0005362, val_kl_loss-0.0000222
2025-03-04 21:54:00 - INFO - epoch-72, train_mse_loss-0.0003547, train_kl_loss-0.0000256, val_mse_loss-0.0005306, val_kl_loss-0.0000052
2025-03-04 21:54:07 - INFO - Saved new best model at epoch 72 with validation loss 0.0005358
2025-03-04 21:58:22 - INFO - epoch-73, train_mse_loss-0.0003450, train_kl_loss-0.0000132, val_mse_loss-0.0005321, val_kl_loss-0.0000047
2025-03-04 22:02:36 - INFO - epoch-74, train_mse_loss-0.0003383, train_kl_loss-0.0000091, val_mse_loss-0.0005064, val_kl_loss-0.0000106
2025-03-04 22:02:44 - INFO - Saved new best model at epoch 74 with validation loss 0.0005170
2025-03-04 22:06:58 - INFO - epoch-75, train_mse_loss-0.0003342, train_kl_loss-0.0000087, val_mse_loss-0.0005163, val_kl_loss-0.0000058
2025-03-04 22:11:13 - INFO - epoch-76, train_mse_loss-0.0003321, train_kl_loss-0.0000124, val_mse_loss-0.0005248, val_kl_loss-0.0000031
2025-03-04 22:15:31 - INFO - epoch-77, train_mse_loss-0.0003306, train_kl_loss-0.0000130, val_mse_loss-0.0004901, val_kl_loss-0.0000106
2025-03-04 22:15:38 - INFO - Saved new best model at epoch 77 with validation loss 0.0005006
2025-03-04 22:19:54 - INFO - epoch-78, train_mse_loss-0.0003297, train_kl_loss-0.0000088, val_mse_loss-0.0004900, val_kl_loss-0.0000005
2025-03-04 22:20:01 - INFO - Saved new best model at epoch 78 with validation loss 0.0004904
2025-03-04 22:24:16 - INFO - epoch-79, train_mse_loss-0.0003291, train_kl_loss-0.0000045, val_mse_loss-0.0005386, val_kl_loss-0.0000007
2025-03-04 22:28:32 - INFO - epoch-80, train_mse_loss-0.0003282, train_kl_loss-0.0000024, val_mse_loss-0.0005322, val_kl_loss-0.0000052
2025-03-04 22:32:47 - INFO - epoch-81, train_mse_loss-0.0003316, train_kl_loss-0.0070507, val_mse_loss-0.0004877, val_kl_loss-0.0000944
2025-03-04 22:37:01 - INFO - epoch-82, train_mse_loss-0.0003330, train_kl_loss-0.0000815, val_mse_loss-0.0004949, val_kl_loss-0.0000247
2025-03-04 22:41:16 - INFO - epoch-83, train_mse_loss-0.0003315, train_kl_loss-0.0000166, val_mse_loss-0.0004966, val_kl_loss-0.0000061
2025-03-04 22:45:31 - INFO - epoch-84, train_mse_loss-0.0003303, train_kl_loss-0.0000071, val_mse_loss-0.0004983, val_kl_loss-0.0000028
2025-03-04 22:49:45 - INFO - epoch-85, train_mse_loss-0.0003295, train_kl_loss-0.0000087, val_mse_loss-0.0004800, val_kl_loss-0.0000405
2025-03-04 22:54:00 - INFO - epoch-86, train_mse_loss-0.0003290, train_kl_loss-0.0000124, val_mse_loss-0.0004775, val_kl_loss-0.0000136
2025-03-04 22:58:15 - INFO - epoch-87, train_mse_loss-0.0003296, train_kl_loss-0.0000203, val_mse_loss-0.0004719, val_kl_loss-0.0000007
2025-03-04 22:58:23 - INFO - Saved new best model at epoch 87 with validation loss 0.0004726
2025-03-04 23:02:37 - INFO - epoch-88, train_mse_loss-0.0003292, train_kl_loss-0.0000114, val_mse_loss-0.0004558, val_kl_loss-0.0000003
2025-03-04 23:02:45 - INFO - Saved new best model at epoch 88 with validation loss 0.0004561
2025-03-04 23:07:00 - INFO - epoch-89, train_mse_loss-0.0003291, train_kl_loss-0.0000006, val_mse_loss-0.0004467, val_kl_loss-0.0000000
2025-03-04 23:07:07 - INFO - Saved new best model at epoch 89 with validation loss 0.0004467
2025-03-04 23:11:21 - INFO - epoch-90, train_mse_loss-0.0003288, train_kl_loss-0.0000004, val_mse_loss-0.0004316, val_kl_loss-0.0000000
2025-03-04 23:11:29 - INFO - Saved new best model at epoch 90 with validation loss 0.0004316
2025-03-04 23:15:44 - INFO - epoch-91, train_mse_loss-0.0003286, train_kl_loss-0.0000000, val_mse_loss-0.0003920, val_kl_loss-0.0000000
2025-03-04 23:15:52 - INFO - Saved new best model at epoch 91 with validation loss 0.0003920
2025-03-04 23:20:06 - INFO - epoch-92, train_mse_loss-0.0003281, train_kl_loss-0.0000000, val_mse_loss-0.0003699, val_kl_loss-0.0000000
2025-03-04 23:20:14 - INFO - Saved new best model at epoch 92 with validation loss 0.0003699
2025-03-04 23:24:28 - INFO - epoch-93, train_mse_loss-0.0003275, train_kl_loss--0.0000000, val_mse_loss-0.0003509, val_kl_loss-0.0000000
2025-03-04 23:24:35 - INFO - Saved new best model at epoch 93 with validation loss 0.0003509
2025-03-04 23:28:49 - INFO - epoch-94, train_mse_loss-0.0003273, train_kl_loss-0.0000000, val_mse_loss-0.0003404, val_kl_loss-0.0000000
2025-03-04 23:28:57 - INFO - Saved new best model at epoch 94 with validation loss 0.0003404
2025-03-04 23:33:11 - INFO - epoch-95, train_mse_loss-0.0003270, train_kl_loss-0.0000000, val_mse_loss-0.0003520, val_kl_loss-0.0000000
2025-03-04 23:37:26 - INFO - epoch-96, train_mse_loss-0.0003265, train_kl_loss-0.0000000, val_mse_loss-0.0003567, val_kl_loss-0.0000000
2025-03-04 23:41:40 - INFO - epoch-97, train_mse_loss-0.0003262, train_kl_loss-0.0000000, val_mse_loss-0.0003468, val_kl_loss-0.0000000
2025-03-04 23:45:54 - INFO - epoch-98, train_mse_loss-0.0003261, train_kl_loss-0.0000000, val_mse_loss-0.0003429, val_kl_loss-0.0000000
2025-03-04 23:50:08 - INFO - epoch-99, train_mse_loss-0.0003259, train_kl_loss-0.0000000, val_mse_loss-0.0003312, val_kl_loss-0.0000000
2025-03-04 23:50:15 - INFO - Saved new best model at epoch 99 with validation loss 0.0003312
2025-03-04 23:54:30 - INFO - epoch-100, train_mse_loss-0.0003257, train_kl_loss-0.0000000, val_mse_loss-0.0003288, val_kl_loss-0.0000000
2025-03-04 23:54:38 - INFO - Saved new best model at epoch 100 with validation loss 0.0003288
2025-03-04 23:58:52 - INFO - epoch-101, train_mse_loss-0.0003256, train_kl_loss-0.0000000, val_mse_loss-0.0003298, val_kl_loss-0.0000000
2025-03-05 00:03:07 - INFO - epoch-102, train_mse_loss-0.0003255, train_kl_loss-0.0000000, val_mse_loss-0.0003315, val_kl_loss-0.0000000
2025-03-05 00:07:22 - INFO - epoch-103, train_mse_loss-0.0003254, train_kl_loss-0.0000000, val_mse_loss-0.0003321, val_kl_loss-0.0000000
2025-03-05 00:11:37 - INFO - epoch-104, train_mse_loss-0.0003254, train_kl_loss-0.0000000, val_mse_loss-0.0003339, val_kl_loss-0.0000000
2025-03-05 00:15:51 - INFO - epoch-105, train_mse_loss-0.0003253, train_kl_loss-0.0000000, val_mse_loss-0.0003356, val_kl_loss-0.0000000
2025-03-05 00:20:05 - INFO - epoch-106, train_mse_loss-0.0003252, train_kl_loss-0.0000000, val_mse_loss-0.0003370, val_kl_loss-0.0000000
2025-03-05 00:24:19 - INFO - epoch-107, train_mse_loss-0.0003251, train_kl_loss-0.0000000, val_mse_loss-0.0003372, val_kl_loss-0.0000000
2025-03-05 00:28:34 - INFO - epoch-108, train_mse_loss-0.0003249, train_kl_loss-0.0000000, val_mse_loss-0.0003358, val_kl_loss-0.0000000
2025-03-05 00:32:48 - INFO - epoch-109, train_mse_loss-0.0003248, train_kl_loss-0.0000000, val_mse_loss-0.0003364, val_kl_loss-0.0000000
2025-03-05 00:37:02 - INFO - epoch-110, train_mse_loss-0.0003246, train_kl_loss-0.0000000, val_mse_loss-0.0003342, val_kl_loss-0.0000000
2025-03-05 00:41:16 - INFO - epoch-111, train_mse_loss-0.0003245, train_kl_loss-0.0000000, val_mse_loss-0.0003330, val_kl_loss-0.0000000
2025-03-05 00:45:31 - INFO - epoch-112, train_mse_loss-0.0003244, train_kl_loss-0.0000000, val_mse_loss-0.0003321, val_kl_loss-0.0000000
2025-03-05 00:49:44 - INFO - epoch-113, train_mse_loss-0.0003243, train_kl_loss-0.0000000, val_mse_loss-0.0003316, val_kl_loss-0.0000000
2025-03-05 00:53:59 - INFO - epoch-114, train_mse_loss-0.0003242, train_kl_loss-0.0000000, val_mse_loss-0.0003313, val_kl_loss-0.0000000
2025-03-05 00:58:13 - INFO - epoch-115, train_mse_loss-0.0003240, train_kl_loss-0.0000000, val_mse_loss-0.0003332, val_kl_loss-0.0000000
2025-03-05 01:02:27 - INFO - epoch-116, train_mse_loss-0.0003239, train_kl_loss-0.0000000, val_mse_loss-0.0003361, val_kl_loss-0.0000000
2025-03-05 01:06:41 - INFO - epoch-117, train_mse_loss-0.0003238, train_kl_loss-0.0000000, val_mse_loss-0.0003393, val_kl_loss-0.0000000
2025-03-05 01:10:56 - INFO - epoch-118, train_mse_loss-0.0003236, train_kl_loss-0.0000000, val_mse_loss-0.0003419, val_kl_loss-0.0000000
2025-03-05 01:15:11 - INFO - epoch-119, train_mse_loss-0.0003235, train_kl_loss-0.0000000, val_mse_loss-0.0003466, val_kl_loss-0.0000000
2025-03-05 01:19:27 - INFO - epoch-120, train_mse_loss-0.0003234, train_kl_loss-0.0000000, val_mse_loss-0.0003481, val_kl_loss-0.0000000
2025-03-05 01:23:42 - INFO - epoch-121, train_mse_loss-0.0003234, train_kl_loss-0.0000000, val_mse_loss-0.0003468, val_kl_loss-0.0000000
2025-03-05 01:27:56 - INFO - epoch-122, train_mse_loss-0.0003233, train_kl_loss-0.0000000, val_mse_loss-0.0003459, val_kl_loss-0.0000000
2025-03-05 01:32:11 - INFO - epoch-123, train_mse_loss-0.0003232, train_kl_loss-0.0000000, val_mse_loss-0.0003484, val_kl_loss-0.0000000
2025-03-05 01:36:26 - INFO - epoch-124, train_mse_loss-0.0003232, train_kl_loss-0.0000000, val_mse_loss-0.0003492, val_kl_loss-0.0000000
2025-03-05 01:40:41 - INFO - epoch-125, train_mse_loss-0.0003231, train_kl_loss-0.0000000, val_mse_loss-0.0003514, val_kl_loss-0.0000000
2025-03-05 01:44:55 - INFO - epoch-126, train_mse_loss-0.0003230, train_kl_loss-0.0000000, val_mse_loss-0.0003564, val_kl_loss-0.0000000
2025-03-05 01:49:10 - INFO - epoch-127, train_mse_loss-0.0003229, train_kl_loss-0.0000000, val_mse_loss-0.0003586, val_kl_loss-0.0000000
2025-03-05 01:53:25 - INFO - epoch-128, train_mse_loss-0.0003229, train_kl_loss-0.0000000, val_mse_loss-0.0003605, val_kl_loss-0.0000000
2025-03-05 01:57:39 - INFO - epoch-129, train_mse_loss-0.0003228, train_kl_loss-0.0000000, val_mse_loss-0.0003609, val_kl_loss-0.0000000
2025-03-05 02:01:54 - INFO - epoch-130, train_mse_loss-0.0003227, train_kl_loss-0.0000000, val_mse_loss-0.0003592, val_kl_loss-0.0000000
2025-03-05 02:06:08 - INFO - epoch-131, train_mse_loss-0.0003227, train_kl_loss-0.0000000, val_mse_loss-0.0003597, val_kl_loss-0.0000000
2025-03-05 02:10:23 - INFO - epoch-132, train_mse_loss-0.0003227, train_kl_loss-0.0000000, val_mse_loss-0.0003587, val_kl_loss-0.0000000
2025-03-05 02:14:37 - INFO - epoch-133, train_mse_loss-0.0003226, train_kl_loss-0.0000000, val_mse_loss-0.0003570, val_kl_loss-0.0000000
2025-03-05 02:18:51 - INFO - epoch-134, train_mse_loss-0.0003226, train_kl_loss-0.0000000, val_mse_loss-0.0003555, val_kl_loss-0.0000000
2025-03-05 02:23:06 - INFO - epoch-135, train_mse_loss-0.0003226, train_kl_loss-0.0000000, val_mse_loss-0.0003525, val_kl_loss-0.0000000
2025-03-05 02:27:20 - INFO - epoch-136, train_mse_loss-0.0003226, train_kl_loss-0.0000000, val_mse_loss-0.0003498, val_kl_loss-0.0000000
2025-03-05 02:31:34 - INFO - epoch-137, train_mse_loss-0.0003226, train_kl_loss-0.0000000, val_mse_loss-0.0003510, val_kl_loss-0.0000000
2025-03-05 02:35:48 - INFO - epoch-138, train_mse_loss-0.0003226, train_kl_loss-0.0000000, val_mse_loss-0.0003490, val_kl_loss-0.0000000
2025-03-05 02:40:02 - INFO - epoch-139, train_mse_loss-0.0003226, train_kl_loss-0.0000000, val_mse_loss-0.0003469, val_kl_loss-0.0000000
2025-03-05 02:44:16 - INFO - epoch-140, train_mse_loss-0.0003225, train_kl_loss-0.0000000, val_mse_loss-0.0003476, val_kl_loss-0.0000000
2025-03-05 02:48:30 - INFO - epoch-141, train_mse_loss-0.0003225, train_kl_loss-0.0000000, val_mse_loss-0.0003478, val_kl_loss-0.0000000
2025-03-05 02:52:44 - INFO - epoch-142, train_mse_loss-0.0003225, train_kl_loss-0.0000000, val_mse_loss-0.0003482, val_kl_loss-0.0000000
2025-03-05 02:56:59 - INFO - epoch-143, train_mse_loss-0.0003225, train_kl_loss-0.0000000, val_mse_loss-0.0003475, val_kl_loss-0.0000000
2025-03-05 03:01:14 - INFO - epoch-144, train_mse_loss-0.0003225, train_kl_loss-0.0000000, val_mse_loss-0.0003474, val_kl_loss-0.0000000
2025-03-05 03:05:29 - INFO - epoch-145, train_mse_loss-0.0003225, train_kl_loss-0.0000000, val_mse_loss-0.0003476, val_kl_loss-0.0000000
2025-03-05 03:09:43 - INFO - epoch-146, train_mse_loss-0.0003225, train_kl_loss-0.0000000, val_mse_loss-0.0003480, val_kl_loss-0.0000000
2025-03-05 03:13:58 - INFO - epoch-147, train_mse_loss-0.0003225, train_kl_loss-0.0000000, val_mse_loss-0.0003476, val_kl_loss-0.0000000
2025-03-05 03:18:13 - INFO - epoch-148, train_mse_loss-0.0003225, train_kl_loss-0.0000000, val_mse_loss-0.0003479, val_kl_loss-0.0000000
2025-03-05 03:22:28 - INFO - epoch-149, train_mse_loss-0.0003225, train_kl_loss-0.0000000, val_mse_loss-0.0003469, val_kl_loss-0.0000000
2025-03-05 03:26:43 - INFO - epoch-150, train_mse_loss-0.0003225, train_kl_loss-0.0000000, val_mse_loss-0.0003464, val_kl_loss-0.0000000
2025-03-05 03:30:58 - INFO - epoch-151, train_mse_loss-0.0003225, train_kl_loss-0.0000000, val_mse_loss-0.0003462, val_kl_loss-0.0000000
2025-03-05 03:35:12 - INFO - epoch-152, train_mse_loss-0.0003225, train_kl_loss-0.0000000, val_mse_loss-0.0003472, val_kl_loss-0.0000000
2025-03-05 03:39:27 - INFO - epoch-153, train_mse_loss-0.0003225, train_kl_loss-0.0000000, val_mse_loss-0.0003475, val_kl_loss-0.0000000
2025-03-05 03:43:41 - INFO - epoch-154, train_mse_loss-0.0003225, train_kl_loss-0.0000000, val_mse_loss-0.0003468, val_kl_loss-0.0000000
2025-03-05 03:47:56 - INFO - epoch-155, train_mse_loss-0.0003225, train_kl_loss-0.0000000, val_mse_loss-0.0003467, val_kl_loss-0.0000000
2025-03-05 03:52:11 - INFO - epoch-156, train_mse_loss-0.0003225, train_kl_loss-0.0000000, val_mse_loss-0.0003465, val_kl_loss-0.0000000
2025-03-05 03:56:25 - INFO - epoch-157, train_mse_loss-0.0003225, train_kl_loss-0.0000000, val_mse_loss-0.0003475, val_kl_loss-0.0000000
2025-03-05 04:00:41 - INFO - epoch-158, train_mse_loss-0.0003225, train_kl_loss-0.0000000, val_mse_loss-0.0003475, val_kl_loss-0.0000000
2025-03-05 04:04:55 - INFO - epoch-159, train_mse_loss-0.0003225, train_kl_loss-0.0000000, val_mse_loss-0.0003481, val_kl_loss-0.0000000
2025-03-05 04:09:10 - INFO - epoch-160, train_mse_loss-0.0003225, train_kl_loss-0.0000000, val_mse_loss-0.0003480, val_kl_loss-0.0000000
2025-03-05 04:13:25 - INFO - epoch-161, train_mse_loss-0.0003225, train_kl_loss-0.0000000, val_mse_loss-0.0003472, val_kl_loss-0.0000000
2025-03-05 04:17:39 - INFO - epoch-162, train_mse_loss-0.0003225, train_kl_loss-0.0000000, val_mse_loss-0.0003467, val_kl_loss-0.0000000
2025-03-05 04:21:53 - INFO - epoch-163, train_mse_loss-0.0003225, train_kl_loss-0.0000000, val_mse_loss-0.0003478, val_kl_loss-0.0000000
2025-03-05 04:26:07 - INFO - epoch-164, train_mse_loss-0.0003225, train_kl_loss-0.0000000, val_mse_loss-0.0003464, val_kl_loss-0.0000000
2025-03-05 04:30:22 - INFO - epoch-165, train_mse_loss-0.0003225, train_kl_loss-0.0000000, val_mse_loss-0.0003461, val_kl_loss-0.0000000
2025-03-05 04:34:38 - INFO - epoch-166, train_mse_loss-0.0003225, train_kl_loss-0.0000000, val_mse_loss-0.0003455, val_kl_loss-0.0000000
2025-03-05 04:38:53 - INFO - epoch-167, train_mse_loss-0.0003225, train_kl_loss-0.0000000, val_mse_loss-0.0003470, val_kl_loss-0.0000000
2025-03-05 04:43:08 - INFO - epoch-168, train_mse_loss-0.0003225, train_kl_loss-0.0000000, val_mse_loss-0.0003477, val_kl_loss-0.0000000
2025-03-05 04:47:23 - INFO - epoch-169, train_mse_loss-0.0003225, train_kl_loss-0.0000000, val_mse_loss-0.0003456, val_kl_loss-0.0000000
2025-03-05 04:51:38 - INFO - epoch-170, train_mse_loss-0.0003225, train_kl_loss-0.0000000, val_mse_loss-0.0003465, val_kl_loss-0.0000000
2025-03-05 04:55:56 - INFO - epoch-171, train_mse_loss-0.0003225, train_kl_loss-0.0000000, val_mse_loss-0.0003473, val_kl_loss-0.0000000
2025-03-05 05:00:12 - INFO - epoch-172, train_mse_loss-0.0003225, train_kl_loss-0.0000000, val_mse_loss-0.0003471, val_kl_loss-0.0000000
2025-03-05 05:04:28 - INFO - epoch-173, train_mse_loss-0.0003225, train_kl_loss-0.0000000, val_mse_loss-0.0003467, val_kl_loss-0.0000000
2025-03-05 05:08:42 - INFO - epoch-174, train_mse_loss-0.0003225, train_kl_loss-0.0000000, val_mse_loss-0.0003471, val_kl_loss-0.0000000
2025-03-05 05:12:57 - INFO - epoch-175, train_mse_loss-0.0003225, train_kl_loss-0.0000000, val_mse_loss-0.0003477, val_kl_loss-0.0000000
2025-03-05 05:17:11 - INFO - epoch-176, train_mse_loss-0.0003225, train_kl_loss-0.0000000, val_mse_loss-0.0003470, val_kl_loss-0.0000000
2025-03-05 05:21:27 - INFO - epoch-177, train_mse_loss-0.0003225, train_kl_loss-0.0000000, val_mse_loss-0.0003497, val_kl_loss-0.0000000
2025-03-05 05:25:41 - INFO - epoch-178, train_mse_loss-0.0003225, train_kl_loss-0.0000000, val_mse_loss-0.0003496, val_kl_loss-0.0000000
2025-03-05 05:29:56 - INFO - epoch-179, train_mse_loss-0.0003225, train_kl_loss-0.0000000, val_mse_loss-0.0003486, val_kl_loss-0.0000000
2025-03-05 05:34:11 - INFO - epoch-180, train_mse_loss-0.0003225, train_kl_loss-0.0000000, val_mse_loss-0.0003501, val_kl_loss-0.0000000
2025-03-05 05:38:26 - INFO - epoch-181, train_mse_loss-0.0003225, train_kl_loss-0.0000000, val_mse_loss-0.0003494, val_kl_loss-0.0000000
2025-03-05 05:42:40 - INFO - epoch-182, train_mse_loss-0.0003225, train_kl_loss-0.0000000, val_mse_loss-0.0003494, val_kl_loss-0.0000000
2025-03-05 05:46:56 - INFO - epoch-183, train_mse_loss-0.0003225, train_kl_loss-0.0000000, val_mse_loss-0.0003498, val_kl_loss-0.0000000
2025-03-05 05:51:11 - INFO - epoch-184, train_mse_loss-0.0003225, train_kl_loss-0.0000000, val_mse_loss-0.0003496, val_kl_loss-0.0000000
2025-03-05 05:55:26 - INFO - epoch-185, train_mse_loss-0.0003225, train_kl_loss-0.0000000, val_mse_loss-0.0003484, val_kl_loss-0.0000000
2025-03-05 05:59:41 - INFO - epoch-186, train_mse_loss-0.0003225, train_kl_loss-0.0000000, val_mse_loss-0.0003484, val_kl_loss-0.0000000
2025-03-05 06:03:56 - INFO - epoch-187, train_mse_loss-0.0003225, train_kl_loss-0.0000000, val_mse_loss-0.0003498, val_kl_loss-0.0000000
2025-03-05 06:08:10 - INFO - epoch-188, train_mse_loss-0.0003225, train_kl_loss-0.0000000, val_mse_loss-0.0003491, val_kl_loss-0.0000000
2025-03-05 06:12:25 - INFO - epoch-189, train_mse_loss-0.0003225, train_kl_loss-0.0000000, val_mse_loss-0.0003495, val_kl_loss-0.0000000
2025-03-05 06:16:38 - INFO - epoch-190, train_mse_loss-0.0003225, train_kl_loss-0.0000000, val_mse_loss-0.0003502, val_kl_loss-0.0000000
2025-03-05 06:20:53 - INFO - epoch-191, train_mse_loss-0.0003225, train_kl_loss-0.0000000, val_mse_loss-0.0003510, val_kl_loss-0.0000000
2025-03-05 06:25:07 - INFO - epoch-192, train_mse_loss-0.0003225, train_kl_loss-0.0000000, val_mse_loss-0.0003503, val_kl_loss-0.0000000
2025-03-05 06:29:23 - INFO - epoch-193, train_mse_loss-0.0003225, train_kl_loss-0.0000000, val_mse_loss-0.0003504, val_kl_loss-0.0000000
2025-03-05 06:33:37 - INFO - epoch-194, train_mse_loss-0.0003225, train_kl_loss-0.0000000, val_mse_loss-0.0003514, val_kl_loss-0.0000000
2025-03-05 06:37:51 - INFO - epoch-195, train_mse_loss-0.0003225, train_kl_loss-0.0000000, val_mse_loss-0.0003523, val_kl_loss-0.0000000
2025-03-05 06:42:06 - INFO - epoch-196, train_mse_loss-0.0003225, train_kl_loss-0.0000000, val_mse_loss-0.0003523, val_kl_loss-0.0000000
2025-03-05 06:46:20 - INFO - epoch-197, train_mse_loss-0.0003225, train_kl_loss-0.0000000, val_mse_loss-0.0003516, val_kl_loss-0.0000000
2025-03-05 06:50:34 - INFO - epoch-198, train_mse_loss-0.0003225, train_kl_loss-0.0000000, val_mse_loss-0.0003535, val_kl_loss-0.0000000
2025-03-05 06:54:50 - INFO - epoch-199, train_mse_loss-0.0003225, train_kl_loss-0.0000000, val_mse_loss-0.0003531, val_kl_loss-0.0000000
2025-03-05 06:59:05 - INFO - epoch-200, train_mse_loss-0.0003225, train_kl_loss-0.0000000, val_mse_loss-0.0003537, val_kl_loss-0.0000000
2025-03-05 07:03:20 - INFO - epoch-201, train_mse_loss-0.0003225, train_kl_loss-0.0000000, val_mse_loss-0.0003536, val_kl_loss-0.0000000
2025-03-05 07:07:37 - INFO - epoch-202, train_mse_loss-0.0003225, train_kl_loss-0.0000000, val_mse_loss-0.0003530, val_kl_loss-0.0000000
2025-03-05 07:11:51 - INFO - epoch-203, train_mse_loss-0.0003225, train_kl_loss-0.0000000, val_mse_loss-0.0003534, val_kl_loss-0.0000000
2025-03-05 07:16:05 - INFO - epoch-204, train_mse_loss-0.0003225, train_kl_loss-0.0000000, val_mse_loss-0.0003549, val_kl_loss-0.0000000
2025-03-05 07:20:18 - INFO - epoch-205, train_mse_loss-0.0003225, train_kl_loss-0.0000000, val_mse_loss-0.0003549, val_kl_loss-0.0000000
2025-03-05 07:24:33 - INFO - epoch-206, train_mse_loss-0.0003225, train_kl_loss-0.0000000, val_mse_loss-0.0003537, val_kl_loss-0.0000000
2025-03-05 07:28:47 - INFO - epoch-207, train_mse_loss-0.0003225, train_kl_loss-0.0000000, val_mse_loss-0.0003546, val_kl_loss-0.0000000
2025-03-05 07:33:03 - INFO - epoch-208, train_mse_loss-0.0003225, train_kl_loss-0.0000000, val_mse_loss-0.0003550, val_kl_loss-0.0000000
2025-03-05 07:37:16 - INFO - epoch-209, train_mse_loss-0.0003225, train_kl_loss-0.0000000, val_mse_loss-0.0003550, val_kl_loss-0.0000000
2025-03-05 07:41:31 - INFO - epoch-210, train_mse_loss-0.0003225, train_kl_loss-0.0000000, val_mse_loss-0.0003546, val_kl_loss-0.0000000
2025-03-05 07:45:45 - INFO - epoch-211, train_mse_loss-0.0003225, train_kl_loss-0.0000000, val_mse_loss-0.0003545, val_kl_loss-0.0000000
2025-03-05 07:49:59 - INFO - epoch-212, train_mse_loss-0.0003225, train_kl_loss-0.0000000, val_mse_loss-0.0003560, val_kl_loss-0.0000000
2025-03-05 07:54:13 - INFO - epoch-213, train_mse_loss-0.0003225, train_kl_loss-0.0000000, val_mse_loss-0.0003550, val_kl_loss-0.0000000
2025-03-05 07:58:27 - INFO - epoch-214, train_mse_loss-0.0003225, train_kl_loss-0.0000000, val_mse_loss-0.0003553, val_kl_loss-0.0000000
2025-03-05 08:02:40 - INFO - epoch-215, train_mse_loss-0.0003225, train_kl_loss-0.0000000, val_mse_loss-0.0003551, val_kl_loss-0.0000000
2025-03-05 08:06:53 - INFO - epoch-216, train_mse_loss-0.0003225, train_kl_loss-0.0000000, val_mse_loss-0.0003547, val_kl_loss-0.0000000
2025-03-05 08:11:08 - INFO - epoch-217, train_mse_loss-0.0003225, train_kl_loss-0.0000000, val_mse_loss-0.0003548, val_kl_loss-0.0000000
2025-03-05 08:15:26 - INFO - epoch-218, train_mse_loss-0.0003225, train_kl_loss-0.0000000, val_mse_loss-0.0003553, val_kl_loss-0.0000000
2025-03-05 08:19:43 - INFO - epoch-219, train_mse_loss-0.0003225, train_kl_loss-0.0000000, val_mse_loss-0.0003555, val_kl_loss-0.0000000
2025-03-05 08:23:58 - INFO - epoch-220, train_mse_loss-0.0003225, train_kl_loss-0.0000000, val_mse_loss-0.0003556, val_kl_loss-0.0000000
2025-03-05 08:28:16 - INFO - epoch-221, train_mse_loss-0.0003225, train_kl_loss-0.0000000, val_mse_loss-0.0003563, val_kl_loss-0.0000000
2025-03-05 08:32:36 - INFO - epoch-222, train_mse_loss-0.0003225, train_kl_loss-0.0000000, val_mse_loss-0.0003554, val_kl_loss-0.0000000
2025-03-05 08:36:55 - INFO - epoch-223, train_mse_loss-0.0003225, train_kl_loss-0.0000000, val_mse_loss-0.0003549, val_kl_loss-0.0000000
2025-03-05 08:41:14 - INFO - epoch-224, train_mse_loss-0.0003225, train_kl_loss-0.0000000, val_mse_loss-0.0003564, val_kl_loss-0.0000000
2025-03-05 08:45:33 - INFO - epoch-225, train_mse_loss-0.0003225, train_kl_loss-0.0000000, val_mse_loss-0.0003559, val_kl_loss-0.0000000
2025-03-05 08:49:51 - INFO - epoch-226, train_mse_loss-0.0003225, train_kl_loss-0.0000000, val_mse_loss-0.0003558, val_kl_loss-0.0000000
2025-03-05 08:54:11 - INFO - epoch-227, train_mse_loss-0.0003225, train_kl_loss-0.0000000, val_mse_loss-0.0003564, val_kl_loss-0.0000000
2025-03-05 08:58:29 - INFO - epoch-228, train_mse_loss-0.0003225, train_kl_loss-0.0000000, val_mse_loss-0.0003557, val_kl_loss-0.0000000
2025-03-05 09:02:48 - INFO - epoch-229, train_mse_loss-0.0003225, train_kl_loss-0.0000000, val_mse_loss-0.0003566, val_kl_loss-0.0000000
2025-03-05 09:07:07 - INFO - epoch-230, train_mse_loss-0.0003225, train_kl_loss-0.0000000, val_mse_loss-0.0003573, val_kl_loss-0.0000000
2025-03-05 09:11:26 - INFO - epoch-231, train_mse_loss-0.0003225, train_kl_loss-0.0000000, val_mse_loss-0.0003580, val_kl_loss-0.0000000
2025-03-05 09:15:44 - INFO - epoch-232, train_mse_loss-0.0003225, train_kl_loss-0.0000000, val_mse_loss-0.0003583, val_kl_loss-0.0000000
2025-03-05 09:20:03 - INFO - epoch-233, train_mse_loss-0.0003225, train_kl_loss-0.0000000, val_mse_loss-0.0003580, val_kl_loss-0.0000000
2025-03-05 09:24:20 - INFO - epoch-234, train_mse_loss-0.0003225, train_kl_loss-0.0000000, val_mse_loss-0.0003581, val_kl_loss-0.0000000
2025-03-05 09:28:35 - INFO - epoch-235, train_mse_loss-0.0003225, train_kl_loss-0.0000000, val_mse_loss-0.0003572, val_kl_loss-0.0000000
2025-03-05 09:32:50 - INFO - epoch-236, train_mse_loss-0.0003225, train_kl_loss-0.0000000, val_mse_loss-0.0003583, val_kl_loss-0.0000000
2025-03-05 09:37:04 - INFO - epoch-237, train_mse_loss-0.0003225, train_kl_loss-0.0000000, val_mse_loss-0.0003580, val_kl_loss-0.0000000
2025-03-05 09:41:20 - INFO - epoch-238, train_mse_loss-0.0003225, train_kl_loss-0.0000000, val_mse_loss-0.0003580, val_kl_loss-0.0000000
2025-03-05 09:45:35 - INFO - epoch-239, train_mse_loss-0.0003225, train_kl_loss-0.0000000, val_mse_loss-0.0003572, val_kl_loss-0.0000000
2025-03-05 09:49:53 - INFO - epoch-240, train_mse_loss-0.0003225, train_kl_loss-0.0000000, val_mse_loss-0.0003567, val_kl_loss-0.0000000
2025-03-05 09:54:08 - INFO - epoch-241, train_mse_loss-0.0003225, train_kl_loss-0.0000000, val_mse_loss-0.0003566, val_kl_loss-0.0000000
2025-03-05 09:58:23 - INFO - epoch-242, train_mse_loss-0.0003225, train_kl_loss-0.0000000, val_mse_loss-0.0003562, val_kl_loss-0.0000000
2025-03-05 10:02:38 - INFO - epoch-243, train_mse_loss-0.0003225, train_kl_loss-0.0000000, val_mse_loss-0.0003568, val_kl_loss-0.0000000
2025-03-05 10:06:54 - INFO - epoch-244, train_mse_loss-0.0003225, train_kl_loss-0.0000000, val_mse_loss-0.0003573, val_kl_loss-0.0000000
2025-03-05 10:11:09 - INFO - epoch-245, train_mse_loss-0.0003225, train_kl_loss-0.0000000, val_mse_loss-0.0003575, val_kl_loss-0.0000000
2025-03-05 10:15:25 - INFO - epoch-246, train_mse_loss-0.0003225, train_kl_loss-0.0000000, val_mse_loss-0.0003574, val_kl_loss-0.0000000
2025-03-05 10:19:41 - INFO - epoch-247, train_mse_loss-0.0003225, train_kl_loss-0.0000000, val_mse_loss-0.0003569, val_kl_loss-0.0000000
2025-03-05 10:23:55 - INFO - epoch-248, train_mse_loss-0.0003225, train_kl_loss-0.0000000, val_mse_loss-0.0003568, val_kl_loss-0.0000000
2025-03-05 10:28:09 - INFO - epoch-249, train_mse_loss-0.0003225, train_kl_loss-0.0000000, val_mse_loss-0.0003573, val_kl_loss-0.0000000
2025-03-05 10:32:25 - INFO - epoch-250, train_mse_loss-0.0003225, train_kl_loss-0.0000000, val_mse_loss-0.0003571, val_kl_loss-0.0000000
2025-03-05 10:36:41 - INFO - epoch-251, train_mse_loss-0.0003225, train_kl_loss-0.0000000, val_mse_loss-0.0003559, val_kl_loss-0.0000000
2025-03-05 10:40:57 - INFO - epoch-252, train_mse_loss-0.0003225, train_kl_loss-0.0000000, val_mse_loss-0.0003566, val_kl_loss-0.0000000
2025-03-05 10:45:12 - INFO - epoch-253, train_mse_loss-0.0003225, train_kl_loss-0.0000000, val_mse_loss-0.0003564, val_kl_loss-0.0000000
2025-03-05 10:49:28 - INFO - epoch-254, train_mse_loss-0.0003225, train_kl_loss-0.0000000, val_mse_loss-0.0003554, val_kl_loss-0.0000000
2025-03-05 10:53:43 - INFO - epoch-255, train_mse_loss-0.0003225, train_kl_loss-0.0000000, val_mse_loss-0.0003552, val_kl_loss-0.0000000
2025-03-05 10:57:57 - INFO - epoch-256, train_mse_loss-0.0003225, train_kl_loss-0.0000000, val_mse_loss-0.0003559, val_kl_loss-0.0000000
2025-03-05 11:02:13 - INFO - epoch-257, train_mse_loss-0.0003225, train_kl_loss-0.0000000, val_mse_loss-0.0003548, val_kl_loss-0.0000000
2025-03-05 11:06:28 - INFO - epoch-258, train_mse_loss-0.0003225, train_kl_loss-0.0000000, val_mse_loss-0.0003527, val_kl_loss-0.0000000
2025-03-05 11:10:43 - INFO - epoch-259, train_mse_loss-0.0003225, train_kl_loss-0.0000000, val_mse_loss-0.0003526, val_kl_loss-0.0000000
2025-03-05 11:14:58 - INFO - epoch-260, train_mse_loss-0.0003225, train_kl_loss-0.0000000, val_mse_loss-0.0003557, val_kl_loss-0.0000000
2025-03-05 11:19:12 - INFO - epoch-261, train_mse_loss-0.0003225, train_kl_loss-0.0000000, val_mse_loss-0.0003540, val_kl_loss-0.0000000
2025-03-05 11:23:27 - INFO - epoch-262, train_mse_loss-0.0003225, train_kl_loss-0.0000000, val_mse_loss-0.0003507, val_kl_loss-0.0000000
2025-03-05 11:27:41 - INFO - epoch-263, train_mse_loss-0.0003225, train_kl_loss-0.0000000, val_mse_loss-0.0003538, val_kl_loss-0.0000000
2025-03-05 11:31:56 - INFO - epoch-264, train_mse_loss-0.0003225, train_kl_loss-0.0000000, val_mse_loss-0.0003532, val_kl_loss-0.0000000
2025-03-05 11:36:11 - INFO - epoch-265, train_mse_loss-0.0003225, train_kl_loss-0.0000000, val_mse_loss-0.0003529, val_kl_loss-0.0000000
2025-03-05 11:40:27 - INFO - epoch-266, train_mse_loss-0.0003225, train_kl_loss-0.0000000, val_mse_loss-0.0003532, val_kl_loss-0.0000000
2025-03-05 11:44:41 - INFO - epoch-267, train_mse_loss-0.0003225, train_kl_loss-0.0000000, val_mse_loss-0.0003532, val_kl_loss-0.0000000
2025-03-05 11:48:56 - INFO - epoch-268, train_mse_loss-0.0003225, train_kl_loss-0.0000000, val_mse_loss-0.0003524, val_kl_loss-0.0000000
2025-03-05 11:53:11 - INFO - epoch-269, train_mse_loss-0.0003225, train_kl_loss-0.0000000, val_mse_loss-0.0003522, val_kl_loss-0.0000000
2025-03-05 11:57:26 - INFO - epoch-270, train_mse_loss-0.0003225, train_kl_loss-0.0000000, val_mse_loss-0.0003520, val_kl_loss-0.0000000
2025-03-05 12:01:41 - INFO - epoch-271, train_mse_loss-0.0003226, train_kl_loss-0.0000000, val_mse_loss-0.0003524, val_kl_loss-0.0000000
2025-03-05 12:05:57 - INFO - epoch-272, train_mse_loss-0.0003226, train_kl_loss-0.0000000, val_mse_loss-0.0003525, val_kl_loss-0.0000000
2025-03-05 12:10:12 - INFO - epoch-273, train_mse_loss-0.0003226, train_kl_loss-0.0000000, val_mse_loss-0.0003533, val_kl_loss-0.0000000
2025-03-05 12:14:26 - INFO - epoch-274, train_mse_loss-0.0003226, train_kl_loss-0.0000000, val_mse_loss-0.0003524, val_kl_loss-0.0000000
2025-03-05 12:18:40 - INFO - epoch-275, train_mse_loss-0.0003226, train_kl_loss-0.0000000, val_mse_loss-0.0003501, val_kl_loss-0.0000000
2025-03-05 12:22:55 - INFO - epoch-276, train_mse_loss-0.0003226, train_kl_loss-0.0000000, val_mse_loss-0.0003518, val_kl_loss-0.0000000
2025-03-05 12:27:11 - INFO - epoch-277, train_mse_loss-0.0003226, train_kl_loss-0.0000000, val_mse_loss-0.0003523, val_kl_loss-0.0000000
2025-03-05 12:31:26 - INFO - epoch-278, train_mse_loss-0.0003226, train_kl_loss-0.0000000, val_mse_loss-0.0003507, val_kl_loss-0.0000000
2025-03-05 12:35:42 - INFO - epoch-279, train_mse_loss-0.0003226, train_kl_loss-0.0000000, val_mse_loss-0.0003500, val_kl_loss-0.0000000
2025-03-05 12:39:57 - INFO - epoch-280, train_mse_loss-0.0003226, train_kl_loss-0.0000000, val_mse_loss-0.0003480, val_kl_loss-0.0000000
2025-03-05 12:44:16 - INFO - epoch-281, train_mse_loss-0.0003226, train_kl_loss-0.0000000, val_mse_loss-0.0003491, val_kl_loss-0.0000000
2025-03-05 12:48:32 - INFO - epoch-282, train_mse_loss-0.0003226, train_kl_loss-0.0000000, val_mse_loss-0.0003485, val_kl_loss-0.0000000
2025-03-05 12:52:47 - INFO - epoch-283, train_mse_loss-0.0003226, train_kl_loss-0.0000000, val_mse_loss-0.0003489, val_kl_loss-0.0000000
2025-03-05 12:57:01 - INFO - epoch-284, train_mse_loss-0.0003226, train_kl_loss-0.0000000, val_mse_loss-0.0003481, val_kl_loss-0.0000000
2025-03-05 13:01:16 - INFO - epoch-285, train_mse_loss-0.0003226, train_kl_loss-0.0000000, val_mse_loss-0.0003486, val_kl_loss-0.0000000
2025-03-05 13:05:31 - INFO - epoch-286, train_mse_loss-0.0003226, train_kl_loss-0.0000000, val_mse_loss-0.0003469, val_kl_loss-0.0000000
2025-03-05 13:09:47 - INFO - epoch-287, train_mse_loss-0.0003226, train_kl_loss-0.0000000, val_mse_loss-0.0003471, val_kl_loss-0.0000000
2025-03-05 13:14:02 - INFO - epoch-288, train_mse_loss-0.0003226, train_kl_loss-0.0000000, val_mse_loss-0.0003452, val_kl_loss-0.0000000
2025-03-05 13:18:18 - INFO - epoch-289, train_mse_loss-0.0003226, train_kl_loss-0.0000000, val_mse_loss-0.0003457, val_kl_loss-0.0000000
2025-03-05 13:22:33 - INFO - epoch-290, train_mse_loss-0.0003226, train_kl_loss-0.0000000, val_mse_loss-0.0003450, val_kl_loss-0.0000000
2025-03-05 13:26:49 - INFO - epoch-291, train_mse_loss-0.0003226, train_kl_loss-0.0000000, val_mse_loss-0.0003471, val_kl_loss-0.0000000
2025-03-05 13:31:04 - INFO - epoch-292, train_mse_loss-0.0003226, train_kl_loss-0.0000000, val_mse_loss-0.0003458, val_kl_loss-0.0000000
2025-03-05 13:35:18 - INFO - epoch-293, train_mse_loss-0.0003226, train_kl_loss-0.0000000, val_mse_loss-0.0003468, val_kl_loss-0.0000000
2025-03-05 13:39:32 - INFO - epoch-294, train_mse_loss-0.0003226, train_kl_loss-0.0000000, val_mse_loss-0.0003463, val_kl_loss-0.0000000
2025-03-05 13:43:48 - INFO - epoch-295, train_mse_loss-0.0003226, train_kl_loss-0.0000000, val_mse_loss-0.0003451, val_kl_loss-0.0000000
2025-03-05 13:48:04 - INFO - epoch-296, train_mse_loss-0.0003226, train_kl_loss-0.0000000, val_mse_loss-0.0003447, val_kl_loss-0.0000000
2025-03-05 13:52:20 - INFO - epoch-297, train_mse_loss-0.0003226, train_kl_loss-0.0000000, val_mse_loss-0.0003434, val_kl_loss-0.0000000
2025-03-05 13:56:51 - INFO - epoch-298, train_mse_loss-0.0003226, train_kl_loss-0.0000000, val_mse_loss-0.0003442, val_kl_loss-0.0000000
2025-03-05 14:01:08 - INFO - epoch-299, train_mse_loss-0.0003226, train_kl_loss-0.0000000, val_mse_loss-0.0003447, val_kl_loss-0.0000000
2025-03-05 14:05:30 - INFO - epoch-300, train_mse_loss-0.0003226, train_kl_loss-0.0000000, val_mse_loss-0.0003444, val_kl_loss-0.0000000
2025-03-05 14:09:49 - INFO - epoch-301, train_mse_loss-0.0003226, train_kl_loss-0.0000000, val_mse_loss-0.0003434, val_kl_loss-0.0000000
2025-03-05 14:17:12 - INFO - epoch-302, train_mse_loss-0.0003226, train_kl_loss-0.0000000, val_mse_loss-0.0003442, val_kl_loss-0.0000000
2025-03-05 14:23:15 - INFO - epoch-303, train_mse_loss-0.0003226, train_kl_loss-0.0000000, val_mse_loss-0.0003425, val_kl_loss-0.0000000
2025-03-05 14:28:43 - INFO - epoch-304, train_mse_loss-0.0003226, train_kl_loss-0.0000000, val_mse_loss-0.0003444, val_kl_loss-0.0000000
2025-03-05 14:34:28 - INFO - epoch-305, train_mse_loss-0.0003226, train_kl_loss-0.0000000, val_mse_loss-0.0003420, val_kl_loss-0.0000000
2025-03-05 14:43:41 - INFO - epoch-306, train_mse_loss-0.0003226, train_kl_loss-0.0000000, val_mse_loss-0.0003404, val_kl_loss-0.0000000
2025-03-05 14:48:57 - INFO - epoch-307, train_mse_loss-0.0003226, train_kl_loss-0.0000000, val_mse_loss-0.0003434, val_kl_loss-0.0000000
2025-03-05 14:53:23 - INFO - epoch-308, train_mse_loss-0.0003226, train_kl_loss-0.0000000, val_mse_loss-0.0003430, val_kl_loss-0.0000000
2025-03-05 14:57:46 - INFO - epoch-309, train_mse_loss-0.0003226, train_kl_loss-0.0000000, val_mse_loss-0.0003432, val_kl_loss-0.0000000
2025-03-05 15:03:19 - INFO - epoch-310, train_mse_loss-0.0003226, train_kl_loss-0.0000000, val_mse_loss-0.0003428, val_kl_loss-0.0000000
2025-03-05 15:08:35 - INFO - epoch-311, train_mse_loss-0.0003226, train_kl_loss-0.0000000, val_mse_loss-0.0003437, val_kl_loss-0.0000000
2025-03-05 15:15:43 - INFO - epoch-312, train_mse_loss-0.0003226, train_kl_loss-0.0000000, val_mse_loss-0.0003427, val_kl_loss-0.0000000
2025-03-05 15:20:37 - INFO - epoch-313, train_mse_loss-0.0003226, train_kl_loss-0.0000000, val_mse_loss-0.0003423, val_kl_loss-0.0000000
2025-03-05 15:25:41 - INFO - epoch-314, train_mse_loss-0.0003226, train_kl_loss-0.0000000, val_mse_loss-0.0003401, val_kl_loss-0.0000000
2025-03-05 15:30:24 - INFO - epoch-315, train_mse_loss-0.0003226, train_kl_loss-0.0000000, val_mse_loss-0.0003426, val_kl_loss-0.0000000
2025-03-05 15:38:42 - INFO - epoch-316, train_mse_loss-0.0003226, train_kl_loss-0.0000000, val_mse_loss-0.0003426, val_kl_loss-0.0000000
2025-03-05 15:43:25 - INFO - epoch-317, train_mse_loss-0.0003226, train_kl_loss-0.0000000, val_mse_loss-0.0003416, val_kl_loss-0.0000000
2025-03-05 15:47:43 - INFO - epoch-318, train_mse_loss-0.0003226, train_kl_loss-0.0000000, val_mse_loss-0.0003407, val_kl_loss-0.0000000
2025-03-05 15:52:01 - INFO - epoch-319, train_mse_loss-0.0003226, train_kl_loss-0.0000000, val_mse_loss-0.0003436, val_kl_loss-0.0000000
2025-03-05 15:56:21 - INFO - epoch-320, train_mse_loss-0.0003226, train_kl_loss-0.0000000, val_mse_loss-0.0003428, val_kl_loss-0.0000000
2025-03-05 16:00:42 - INFO - epoch-321, train_mse_loss-0.0003226, train_kl_loss-0.0000000, val_mse_loss-0.0003418, val_kl_loss-0.0000000
2025-03-05 16:06:16 - INFO - epoch-322, train_mse_loss-0.0003226, train_kl_loss-0.0000000, val_mse_loss-0.0003430, val_kl_loss-0.0000000
2025-03-05 16:12:06 - INFO - epoch-323, train_mse_loss-0.0003226, train_kl_loss-0.0000000, val_mse_loss-0.0003434, val_kl_loss-0.0000000
2025-03-05 16:16:52 - INFO - epoch-324, train_mse_loss-0.0003226, train_kl_loss-0.0000000, val_mse_loss-0.0003401, val_kl_loss-0.0000000
2025-03-05 16:21:15 - INFO - epoch-325, train_mse_loss-0.0003226, train_kl_loss-0.0000000, val_mse_loss-0.0003404, val_kl_loss-0.0000000
2025-03-05 16:25:36 - INFO - epoch-326, train_mse_loss-0.0003226, train_kl_loss-0.0000000, val_mse_loss-0.0003384, val_kl_loss-0.0000000
2025-03-05 16:33:45 - INFO - epoch-327, train_mse_loss-0.0003226, train_kl_loss-0.0000000, val_mse_loss-0.0003395, val_kl_loss-0.0000000
2025-03-05 16:38:49 - INFO - epoch-328, train_mse_loss-0.0003226, train_kl_loss-0.0000000, val_mse_loss-0.0003403, val_kl_loss-0.0000000
2025-03-05 16:43:15 - INFO - epoch-329, train_mse_loss-0.0003226, train_kl_loss-0.0000000, val_mse_loss-0.0003382, val_kl_loss-0.0000000
2025-03-05 16:47:31 - INFO - epoch-330, train_mse_loss-0.0003226, train_kl_loss-0.0000000, val_mse_loss-0.0003386, val_kl_loss-0.0000000
2025-03-05 16:51:48 - INFO - epoch-331, train_mse_loss-0.0003226, train_kl_loss-0.0000000, val_mse_loss-0.0003375, val_kl_loss-0.0000000
2025-03-05 16:56:31 - INFO - epoch-332, train_mse_loss-0.0003226, train_kl_loss-0.0000000, val_mse_loss-0.0003392, val_kl_loss-0.0000000
2025-03-05 17:03:09 - INFO - epoch-333, train_mse_loss-0.0003226, train_kl_loss-0.0000000, val_mse_loss-0.0003390, val_kl_loss-0.0000000
2025-03-05 17:08:18 - INFO - epoch-334, train_mse_loss-0.0003226, train_kl_loss-0.0000000, val_mse_loss-0.0003394, val_kl_loss-0.0000000
2025-03-05 17:16:14 - INFO - epoch-335, train_mse_loss-0.0003226, train_kl_loss-0.0000000, val_mse_loss-0.0003389, val_kl_loss-0.0000000
2025-03-05 17:22:43 - INFO - epoch-336, train_mse_loss-0.0003226, train_kl_loss-0.0000000, val_mse_loss-0.0003381, val_kl_loss-0.0000000
2025-03-05 17:27:43 - INFO - epoch-337, train_mse_loss-0.0003226, train_kl_loss-0.0000000, val_mse_loss-0.0003392, val_kl_loss-0.0000000
2025-03-05 17:32:04 - INFO - epoch-338, train_mse_loss-0.0003226, train_kl_loss-0.0000000, val_mse_loss-0.0003381, val_kl_loss-0.0000000
2025-03-05 17:36:35 - INFO - epoch-339, train_mse_loss-0.0003226, train_kl_loss-0.0000000, val_mse_loss-0.0003380, val_kl_loss-0.0000000
2025-03-05 17:40:54 - INFO - epoch-340, train_mse_loss-0.0003226, train_kl_loss-0.0000000, val_mse_loss-0.0003376, val_kl_loss-0.0000000
2025-03-05 17:45:14 - INFO - epoch-341, train_mse_loss-0.0003226, train_kl_loss-0.0000000, val_mse_loss-0.0003380, val_kl_loss-0.0000000
2025-03-05 17:49:34 - INFO - epoch-342, train_mse_loss-0.0003226, train_kl_loss-0.0000000, val_mse_loss-0.0003386, val_kl_loss-0.0000000
2025-03-05 17:53:51 - INFO - epoch-343, train_mse_loss-0.0003226, train_kl_loss-0.0000000, val_mse_loss-0.0003374, val_kl_loss-0.0000000
2025-03-05 17:58:11 - INFO - epoch-344, train_mse_loss-0.0003226, train_kl_loss-0.0000000, val_mse_loss-0.0003363, val_kl_loss-0.0000000
2025-03-05 18:02:28 - INFO - epoch-345, train_mse_loss-0.0003226, train_kl_loss-0.0000000, val_mse_loss-0.0003376, val_kl_loss-0.0000000
2025-03-05 18:06:46 - INFO - epoch-346, train_mse_loss-0.0003226, train_kl_loss-0.0000000, val_mse_loss-0.0003360, val_kl_loss-0.0000000
2025-03-05 18:11:09 - INFO - epoch-347, train_mse_loss-0.0003226, train_kl_loss-0.0000000, val_mse_loss-0.0003368, val_kl_loss-0.0000000
2025-03-05 18:15:29 - INFO - epoch-348, train_mse_loss-0.0003226, train_kl_loss-0.0000000, val_mse_loss-0.0003374, val_kl_loss-0.0000000
2025-03-05 18:19:49 - INFO - epoch-349, train_mse_loss-0.0003226, train_kl_loss-0.0000000, val_mse_loss-0.0003361, val_kl_loss-0.0000000
2025-03-05 18:24:07 - INFO - epoch-350, train_mse_loss-0.0003226, train_kl_loss-0.0000000, val_mse_loss-0.0003358, val_kl_loss-0.0000000
2025-03-05 18:28:26 - INFO - epoch-351, train_mse_loss-0.0003226, train_kl_loss-0.0000000, val_mse_loss-0.0003360, val_kl_loss-0.0000000
2025-03-05 18:32:43 - INFO - epoch-352, train_mse_loss-0.0003226, train_kl_loss-0.0000000, val_mse_loss-0.0003349, val_kl_loss-0.0000000
2025-03-05 18:36:59 - INFO - epoch-353, train_mse_loss-0.0003226, train_kl_loss-0.0000000, val_mse_loss-0.0003353, val_kl_loss-0.0000000
2025-03-05 18:41:15 - INFO - epoch-354, train_mse_loss-0.0003226, train_kl_loss-0.0000000, val_mse_loss-0.0003357, val_kl_loss-0.0000000
2025-03-05 18:45:31 - INFO - epoch-355, train_mse_loss-0.0003226, train_kl_loss-0.0000000, val_mse_loss-0.0003360, val_kl_loss-0.0000000
2025-03-05 18:49:46 - INFO - epoch-356, train_mse_loss-0.0003226, train_kl_loss-0.0000000, val_mse_loss-0.0003359, val_kl_loss-0.0000000
2025-03-05 18:54:03 - INFO - epoch-357, train_mse_loss-0.0003226, train_kl_loss-0.0000000, val_mse_loss-0.0003361, val_kl_loss-0.0000000
2025-03-05 18:58:20 - INFO - epoch-358, train_mse_loss-0.0003226, train_kl_loss-0.0000000, val_mse_loss-0.0003351, val_kl_loss-0.0000000
2025-03-05 19:02:37 - INFO - epoch-359, train_mse_loss-0.0003226, train_kl_loss-0.0000000, val_mse_loss-0.0003359, val_kl_loss-0.0000000
2025-03-05 19:06:53 - INFO - epoch-360, train_mse_loss-0.0003226, train_kl_loss-0.0000000, val_mse_loss-0.0003368, val_kl_loss-0.0000000
2025-03-05 19:11:08 - INFO - epoch-361, train_mse_loss-0.0003226, train_kl_loss-0.0000000, val_mse_loss-0.0003362, val_kl_loss-0.0000000
2025-03-05 19:15:25 - INFO - epoch-362, train_mse_loss-0.0003226, train_kl_loss-0.0000000, val_mse_loss-0.0003356, val_kl_loss-0.0000000
2025-03-05 19:19:40 - INFO - epoch-363, train_mse_loss-0.0003226, train_kl_loss-0.0000000, val_mse_loss-0.0003357, val_kl_loss-0.0000000
2025-03-05 19:23:56 - INFO - epoch-364, train_mse_loss-0.0003226, train_kl_loss-0.0000000, val_mse_loss-0.0003367, val_kl_loss-0.0000000
2025-03-05 19:28:11 - INFO - epoch-365, train_mse_loss-0.0003226, train_kl_loss-0.0000000, val_mse_loss-0.0003363, val_kl_loss-0.0000000
2025-03-05 19:32:28 - INFO - epoch-366, train_mse_loss-0.0003226, train_kl_loss-0.0000000, val_mse_loss-0.0003359, val_kl_loss-0.0000000
2025-03-05 19:36:43 - INFO - epoch-367, train_mse_loss-0.0003226, train_kl_loss-0.0000000, val_mse_loss-0.0003365, val_kl_loss-0.0000000
2025-03-05 19:41:05 - INFO - epoch-368, train_mse_loss-0.0003226, train_kl_loss-0.0000000, val_mse_loss-0.0003358, val_kl_loss-0.0000000
2025-03-05 19:45:30 - INFO - epoch-369, train_mse_loss-0.0003226, train_kl_loss-0.0000000, val_mse_loss-0.0003365, val_kl_loss-0.0000000
2025-03-05 19:49:49 - INFO - epoch-370, train_mse_loss-0.0003226, train_kl_loss-0.0000000, val_mse_loss-0.0003367, val_kl_loss-0.0000000
2025-03-05 19:54:04 - INFO - epoch-371, train_mse_loss-0.0003226, train_kl_loss-0.0000000, val_mse_loss-0.0003365, val_kl_loss-0.0000000
2025-03-05 19:58:21 - INFO - epoch-372, train_mse_loss-0.0003226, train_kl_loss-0.0000000, val_mse_loss-0.0003379, val_kl_loss-0.0000000
2025-03-05 20:02:36 - INFO - epoch-373, train_mse_loss-0.0003226, train_kl_loss-0.0000000, val_mse_loss-0.0003378, val_kl_loss-0.0000000
2025-03-05 20:06:52 - INFO - epoch-374, train_mse_loss-0.0003226, train_kl_loss-0.0000000, val_mse_loss-0.0003379, val_kl_loss-0.0000000
2025-03-05 20:11:11 - INFO - epoch-375, train_mse_loss-0.0003226, train_kl_loss-0.0000000, val_mse_loss-0.0003392, val_kl_loss-0.0000000
2025-03-05 20:15:26 - INFO - epoch-376, train_mse_loss-0.0003226, train_kl_loss-0.0000000, val_mse_loss-0.0003385, val_kl_loss-0.0000000
2025-03-05 20:19:42 - INFO - epoch-377, train_mse_loss-0.0003226, train_kl_loss-0.0000000, val_mse_loss-0.0003392, val_kl_loss-0.0000000
2025-03-05 20:23:57 - INFO - epoch-378, train_mse_loss-0.0003226, train_kl_loss-0.0000000, val_mse_loss-0.0003388, val_kl_loss-0.0000000
2025-03-05 20:28:13 - INFO - epoch-379, train_mse_loss-0.0003226, train_kl_loss-0.0000000, val_mse_loss-0.0003450, val_kl_loss-0.0000000
2025-03-05 20:32:29 - INFO - epoch-380, train_mse_loss-0.0003226, train_kl_loss-0.0000000, val_mse_loss-0.0003497, val_kl_loss-0.0000000
2025-03-05 20:36:45 - INFO - epoch-381, train_mse_loss-0.0003226, train_kl_loss-0.0000000, val_mse_loss-0.0003536, val_kl_loss-0.0000000
2025-03-05 20:41:01 - INFO - epoch-382, train_mse_loss-0.0003226, train_kl_loss-0.0000000, val_mse_loss-0.0003556, val_kl_loss-0.0000000
2025-03-05 20:45:17 - INFO - epoch-383, train_mse_loss-0.0003226, train_kl_loss-0.0000000, val_mse_loss-0.0003517, val_kl_loss-0.0000000
2025-03-05 20:49:33 - INFO - epoch-384, train_mse_loss-0.0003226, train_kl_loss-0.0000000, val_mse_loss-0.0003533, val_kl_loss-0.0000000
2025-03-05 20:53:49 - INFO - epoch-385, train_mse_loss-0.0003226, train_kl_loss-0.0000000, val_mse_loss-0.0003538, val_kl_loss-0.0000000
2025-03-05 20:58:05 - INFO - epoch-386, train_mse_loss-0.0003226, train_kl_loss-0.0000000, val_mse_loss-0.0003526, val_kl_loss-0.0000000
2025-03-05 21:02:21 - INFO - epoch-387, train_mse_loss-0.0003226, train_kl_loss-0.0000000, val_mse_loss-0.0003567, val_kl_loss-0.0000000
2025-03-05 21:06:36 - INFO - epoch-388, train_mse_loss-0.0003226, train_kl_loss-0.0000000, val_mse_loss-0.0003546, val_kl_loss-0.0000000
2025-03-05 21:10:51 - INFO - epoch-389, train_mse_loss-0.0003226, train_kl_loss-0.0000000, val_mse_loss-0.0003539, val_kl_loss-0.0000000
2025-03-05 21:15:07 - INFO - epoch-390, train_mse_loss-0.0003226, train_kl_loss-0.0000000, val_mse_loss-0.0003523, val_kl_loss-0.0000000
2025-03-05 21:19:23 - INFO - epoch-391, train_mse_loss-0.0003226, train_kl_loss-0.0000000, val_mse_loss-0.0003559, val_kl_loss-0.0000000
2025-03-05 21:23:40 - INFO - epoch-392, train_mse_loss-0.0003226, train_kl_loss-0.0000000, val_mse_loss-0.0003543, val_kl_loss-0.0000000
2025-03-05 21:27:57 - INFO - epoch-393, train_mse_loss-0.0003226, train_kl_loss-0.0000000, val_mse_loss-0.0003556, val_kl_loss-0.0000000
2025-03-05 21:32:11 - INFO - epoch-394, train_mse_loss-0.0003226, train_kl_loss-0.0000000, val_mse_loss-0.0003527, val_kl_loss-0.0000000
2025-03-05 21:36:27 - INFO - epoch-395, train_mse_loss-0.0003226, train_kl_loss-0.0000000, val_mse_loss-0.0003570, val_kl_loss-0.0000000
2025-03-05 21:40:42 - INFO - epoch-396, train_mse_loss-0.0003226, train_kl_loss-0.0000000, val_mse_loss-0.0003576, val_kl_loss-0.0000000
2025-03-05 21:44:57 - INFO - epoch-397, train_mse_loss-0.0003226, train_kl_loss-0.0000000, val_mse_loss-0.0003521, val_kl_loss-0.0000000
2025-03-05 21:49:14 - INFO - epoch-398, train_mse_loss-0.0003226, train_kl_loss-0.0000000, val_mse_loss-0.0003565, val_kl_loss-0.0000000
2025-03-05 21:53:41 - INFO - epoch-399, train_mse_loss-0.0003226, train_kl_loss-0.0000000, val_mse_loss-0.0003542, val_kl_loss-0.0000000
2025-03-05 21:58:02 - INFO - epoch-400, train_mse_loss-0.0003226, train_kl_loss-0.0000000, val_mse_loss-0.0003601, val_kl_loss-0.0000000
2025-03-05 22:02:23 - INFO - epoch-401, train_mse_loss-0.0003226, train_kl_loss-0.0000000, val_mse_loss-0.0003546, val_kl_loss-0.0000000
2025-03-05 22:06:51 - INFO - epoch-402, train_mse_loss-0.0003226, train_kl_loss-0.0000000, val_mse_loss-0.0003565, val_kl_loss-0.0000000
2025-03-05 22:11:12 - INFO - epoch-403, train_mse_loss-0.0003226, train_kl_loss-0.0000000, val_mse_loss-0.0003578, val_kl_loss-0.0000000
2025-03-05 22:15:35 - INFO - epoch-404, train_mse_loss-0.0003226, train_kl_loss-0.0000000, val_mse_loss-0.0003545, val_kl_loss-0.0000000
2025-03-05 22:20:02 - INFO - epoch-405, train_mse_loss-0.0003226, train_kl_loss-0.0000000, val_mse_loss-0.0003529, val_kl_loss-0.0000000
2025-03-05 22:24:25 - INFO - epoch-406, train_mse_loss-0.0003226, train_kl_loss-0.0000000, val_mse_loss-0.0003560, val_kl_loss-0.0000000
2025-03-05 22:28:48 - INFO - epoch-407, train_mse_loss-0.0003226, train_kl_loss-0.0000000, val_mse_loss-0.0003552, val_kl_loss-0.0000000
2025-03-05 22:33:12 - INFO - epoch-408, train_mse_loss-0.0003226, train_kl_loss-0.0000000, val_mse_loss-0.0003547, val_kl_loss-0.0000000
2025-03-05 22:37:34 - INFO - epoch-409, train_mse_loss-0.0003226, train_kl_loss-0.0000000, val_mse_loss-0.0003570, val_kl_loss-0.0000000
2025-03-05 22:41:58 - INFO - epoch-410, train_mse_loss-0.0003226, train_kl_loss-0.0000000, val_mse_loss-0.0003540, val_kl_loss-0.0000000
2025-03-05 22:46:22 - INFO - epoch-411, train_mse_loss-0.0003226, train_kl_loss-0.0000000, val_mse_loss-0.0003564, val_kl_loss-0.0000000
2025-03-05 22:50:43 - INFO - epoch-412, train_mse_loss-0.0003226, train_kl_loss-0.0000000, val_mse_loss-0.0003560, val_kl_loss-0.0000000
2025-03-05 22:55:05 - INFO - epoch-413, train_mse_loss-0.0003226, train_kl_loss-0.0000000, val_mse_loss-0.0003585, val_kl_loss-0.0000000
2025-03-05 22:59:30 - INFO - epoch-414, train_mse_loss-0.0003226, train_kl_loss-0.0000000, val_mse_loss-0.0003587, val_kl_loss-0.0000000
2025-03-05 23:03:47 - INFO - epoch-415, train_mse_loss-0.0003226, train_kl_loss-0.0000000, val_mse_loss-0.0003563, val_kl_loss-0.0000000
2025-03-05 23:08:02 - INFO - epoch-416, train_mse_loss-0.0003226, train_kl_loss-0.0000000, val_mse_loss-0.0003524, val_kl_loss-0.0000000
2025-03-05 23:12:18 - INFO - epoch-417, train_mse_loss-0.0003226, train_kl_loss-0.0000000, val_mse_loss-0.0003571, val_kl_loss-0.0000000
2025-03-05 23:16:33 - INFO - epoch-418, train_mse_loss-0.0003226, train_kl_loss-0.0000000, val_mse_loss-0.0003600, val_kl_loss-0.0000000
2025-03-05 23:20:47 - INFO - epoch-419, train_mse_loss-0.0003226, train_kl_loss-0.0000000, val_mse_loss-0.0003545, val_kl_loss-0.0000000
2025-03-05 23:25:03 - INFO - epoch-420, train_mse_loss-0.0003226, train_kl_loss-0.0000000, val_mse_loss-0.0003580, val_kl_loss-0.0000000
2025-03-05 23:29:18 - INFO - epoch-421, train_mse_loss-0.0003226, train_kl_loss-0.0000000, val_mse_loss-0.0003595, val_kl_loss-0.0000000
2025-03-05 23:33:33 - INFO - epoch-422, train_mse_loss-0.0003226, train_kl_loss-0.0000000, val_mse_loss-0.0003586, val_kl_loss-0.0000000
2025-03-05 23:37:47 - INFO - epoch-423, train_mse_loss-0.0003226, train_kl_loss-0.0000000, val_mse_loss-0.0003582, val_kl_loss-0.0000000
2025-03-05 23:42:01 - INFO - epoch-424, train_mse_loss-0.0003226, train_kl_loss-0.0000000, val_mse_loss-0.0003576, val_kl_loss-0.0000000
2025-03-05 23:46:16 - INFO - epoch-425, train_mse_loss-0.0003226, train_kl_loss-0.0000000, val_mse_loss-0.0003572, val_kl_loss-0.0000000
2025-03-05 23:50:31 - INFO - epoch-426, train_mse_loss-0.0003226, train_kl_loss-0.0000000, val_mse_loss-0.0003575, val_kl_loss-0.0000000
2025-03-05 23:54:47 - INFO - epoch-427, train_mse_loss-0.0003226, train_kl_loss-0.0000000, val_mse_loss-0.0003594, val_kl_loss-0.0000000
2025-03-05 23:59:02 - INFO - epoch-428, train_mse_loss-0.0003226, train_kl_loss-0.0000000, val_mse_loss-0.0003622, val_kl_loss-0.0000000
2025-03-06 00:03:16 - INFO - epoch-429, train_mse_loss-0.0003226, train_kl_loss-0.0000000, val_mse_loss-0.0003627, val_kl_loss-0.0000000
2025-03-06 00:07:31 - INFO - epoch-430, train_mse_loss-0.0003226, train_kl_loss-0.0000000, val_mse_loss-0.0003664, val_kl_loss-0.0000000
2025-03-06 00:11:47 - INFO - epoch-431, train_mse_loss-0.0003226, train_kl_loss-0.0000000, val_mse_loss-0.0003613, val_kl_loss-0.0000000
2025-03-06 00:16:02 - INFO - epoch-432, train_mse_loss-0.0003226, train_kl_loss-0.0000000, val_mse_loss-0.0003654, val_kl_loss-0.0000000
2025-03-06 00:20:18 - INFO - epoch-433, train_mse_loss-0.0003226, train_kl_loss-0.0000000, val_mse_loss-0.0003645, val_kl_loss-0.0000000
2025-03-06 00:24:33 - INFO - epoch-434, train_mse_loss-0.0003226, train_kl_loss-0.0000000, val_mse_loss-0.0003687, val_kl_loss-0.0000000
2025-03-06 00:28:49 - INFO - epoch-435, train_mse_loss-0.0003226, train_kl_loss-0.0000000, val_mse_loss-0.0003661, val_kl_loss-0.0000000
2025-03-06 00:33:04 - INFO - epoch-436, train_mse_loss-0.0003226, train_kl_loss-0.0000000, val_mse_loss-0.0003727, val_kl_loss-0.0000000
2025-03-06 00:37:20 - INFO - epoch-437, train_mse_loss-0.0003225, train_kl_loss-0.0000000, val_mse_loss-0.0003761, val_kl_loss-0.0000000
2025-03-06 00:41:35 - INFO - epoch-438, train_mse_loss-0.0003225, train_kl_loss-0.0000000, val_mse_loss-0.0003742, val_kl_loss-0.0000000
2025-03-06 00:45:50 - INFO - epoch-439, train_mse_loss-0.0003225, train_kl_loss-0.0000000, val_mse_loss-0.0003762, val_kl_loss-0.0000000
2025-03-06 00:50:06 - INFO - epoch-440, train_mse_loss-0.0003225, train_kl_loss-0.0000000, val_mse_loss-0.0003817, val_kl_loss-0.0000000
2025-03-06 00:54:21 - INFO - epoch-441, train_mse_loss-0.0003225, train_kl_loss-0.0000000, val_mse_loss-0.0003817, val_kl_loss-0.0000000
2025-03-06 00:58:39 - INFO - epoch-442, train_mse_loss-0.0003225, train_kl_loss-0.0000000, val_mse_loss-0.0003783, val_kl_loss-0.0000000
2025-03-06 01:02:54 - INFO - epoch-443, train_mse_loss-0.0003225, train_kl_loss-0.0000000, val_mse_loss-0.0003794, val_kl_loss-0.0000000
2025-03-06 01:07:09 - INFO - epoch-444, train_mse_loss-0.0003225, train_kl_loss-0.0000000, val_mse_loss-0.0003825, val_kl_loss-0.0000000
2025-03-06 01:11:24 - INFO - epoch-445, train_mse_loss-0.0003225, train_kl_loss-0.0000000, val_mse_loss-0.0003838, val_kl_loss-0.0000000
2025-03-06 01:15:38 - INFO - epoch-446, train_mse_loss-0.0003225, train_kl_loss-0.0000000, val_mse_loss-0.0003802, val_kl_loss-0.0000000
2025-03-06 01:19:54 - INFO - epoch-447, train_mse_loss-0.0003225, train_kl_loss-0.0000000, val_mse_loss-0.0003794, val_kl_loss-0.0000000
2025-03-06 01:24:09 - INFO - epoch-448, train_mse_loss-0.0003225, train_kl_loss-0.0000000, val_mse_loss-0.0003854, val_kl_loss-0.0000000
2025-03-06 01:28:24 - INFO - epoch-449, train_mse_loss-0.0003225, train_kl_loss-0.0000000, val_mse_loss-0.0003797, val_kl_loss-0.0000000
2025-03-06 01:32:39 - INFO - epoch-450, train_mse_loss-0.0003225, train_kl_loss-0.0000000, val_mse_loss-0.0003825, val_kl_loss-0.0000000
2025-03-06 01:36:53 - INFO - epoch-451, train_mse_loss-0.0003225, train_kl_loss-0.0000000, val_mse_loss-0.0003838, val_kl_loss-0.0000000
2025-03-06 01:41:08 - INFO - epoch-452, train_mse_loss-0.0003225, train_kl_loss-0.0000000, val_mse_loss-0.0003738, val_kl_loss-0.0000000
2025-03-06 01:45:23 - INFO - epoch-453, train_mse_loss-0.0003225, train_kl_loss-0.0000000, val_mse_loss-0.0003832, val_kl_loss-0.0000000
2025-03-06 01:49:38 - INFO - epoch-454, train_mse_loss-0.0003225, train_kl_loss-0.0000000, val_mse_loss-0.0003849, val_kl_loss-0.0000000
2025-03-06 01:53:53 - INFO - epoch-455, train_mse_loss-0.0003225, train_kl_loss-0.0000000, val_mse_loss-0.0003846, val_kl_loss-0.0000000
2025-03-06 01:58:08 - INFO - epoch-456, train_mse_loss-0.0003225, train_kl_loss-0.0000000, val_mse_loss-0.0003828, val_kl_loss-0.0000000
2025-03-06 02:02:22 - INFO - epoch-457, train_mse_loss-0.0003225, train_kl_loss-0.0000000, val_mse_loss-0.0003783, val_kl_loss-0.0000000
2025-03-06 02:06:41 - INFO - epoch-458, train_mse_loss-0.0003225, train_kl_loss-0.0000000, val_mse_loss-0.0003809, val_kl_loss-0.0000000
2025-03-06 02:10:56 - INFO - epoch-459, train_mse_loss-0.0003225, train_kl_loss-0.0000000, val_mse_loss-0.0003798, val_kl_loss-0.0000000
2025-03-06 02:15:12 - INFO - epoch-460, train_mse_loss-0.0003225, train_kl_loss-0.0000000, val_mse_loss-0.0003801, val_kl_loss-0.0000000
2025-03-06 02:19:26 - INFO - epoch-461, train_mse_loss-0.0003225, train_kl_loss-0.0000000, val_mse_loss-0.0003814, val_kl_loss-0.0000000
2025-03-06 02:23:41 - INFO - epoch-462, train_mse_loss-0.0003225, train_kl_loss-0.0000000, val_mse_loss-0.0003801, val_kl_loss-0.0000000
2025-03-06 02:27:56 - INFO - epoch-463, train_mse_loss-0.0003225, train_kl_loss-0.0000000, val_mse_loss-0.0003801, val_kl_loss-0.0000000
2025-03-06 02:32:11 - INFO - epoch-464, train_mse_loss-0.0003225, train_kl_loss-0.0000000, val_mse_loss-0.0003833, val_kl_loss-0.0000000
2025-03-06 02:36:26 - INFO - epoch-465, train_mse_loss-0.0003225, train_kl_loss-0.0000000, val_mse_loss-0.0003838, val_kl_loss-0.0000000
2025-03-06 02:40:41 - INFO - epoch-466, train_mse_loss-0.0003225, train_kl_loss-0.0000000, val_mse_loss-0.0003828, val_kl_loss-0.0000000
2025-03-06 02:44:56 - INFO - epoch-467, train_mse_loss-0.0003225, train_kl_loss-0.0000000, val_mse_loss-0.0003818, val_kl_loss-0.0000000
2025-03-06 02:49:11 - INFO - epoch-468, train_mse_loss-0.0003225, train_kl_loss-0.0000000, val_mse_loss-0.0003856, val_kl_loss-0.0000000
2025-03-06 02:53:26 - INFO - epoch-469, train_mse_loss-0.0003225, train_kl_loss-0.0000000, val_mse_loss-0.0003836, val_kl_loss-0.0000000
2025-03-06 02:57:41 - INFO - epoch-470, train_mse_loss-0.0003225, train_kl_loss-0.0000000, val_mse_loss-0.0003814, val_kl_loss-0.0000000
2025-03-06 03:01:57 - INFO - epoch-471, train_mse_loss-0.0003225, train_kl_loss-0.0000000, val_mse_loss-0.0003812, val_kl_loss-0.0000000
2025-03-06 03:06:12 - INFO - epoch-472, train_mse_loss-0.0003225, train_kl_loss-0.0000000, val_mse_loss-0.0003830, val_kl_loss-0.0000000
2025-03-06 03:10:27 - INFO - epoch-473, train_mse_loss-0.0003225, train_kl_loss-0.0000000, val_mse_loss-0.0003785, val_kl_loss-0.0000000
2025-03-06 03:14:46 - INFO - epoch-474, train_mse_loss-0.0003225, train_kl_loss-0.0000000, val_mse_loss-0.0003777, val_kl_loss-0.0000000
2025-03-06 03:19:02 - INFO - epoch-475, train_mse_loss-0.0003225, train_kl_loss-0.0000000, val_mse_loss-0.0003793, val_kl_loss-0.0000000
2025-03-06 03:23:17 - INFO - epoch-476, train_mse_loss-0.0003225, train_kl_loss-0.0000000, val_mse_loss-0.0003823, val_kl_loss-0.0000000
2025-03-06 03:27:35 - INFO - epoch-477, train_mse_loss-0.0003225, train_kl_loss-0.0000000, val_mse_loss-0.0003844, val_kl_loss-0.0000000
2025-03-06 03:31:52 - INFO - epoch-478, train_mse_loss-0.0003225, train_kl_loss-0.0000000, val_mse_loss-0.0003816, val_kl_loss-0.0000000
2025-03-06 03:36:08 - INFO - epoch-479, train_mse_loss-0.0003225, train_kl_loss-0.0000000, val_mse_loss-0.0003830, val_kl_loss-0.0000000
2025-03-06 03:40:23 - INFO - epoch-480, train_mse_loss-0.0003225, train_kl_loss-0.0000000, val_mse_loss-0.0003848, val_kl_loss-0.0000000
2025-03-06 03:44:38 - INFO - epoch-481, train_mse_loss-0.0003225, train_kl_loss-0.0000000, val_mse_loss-0.0003839, val_kl_loss-0.0000000
2025-03-06 03:48:54 - INFO - epoch-482, train_mse_loss-0.0003225, train_kl_loss-0.0000000, val_mse_loss-0.0003825, val_kl_loss-0.0000000
2025-03-06 03:53:13 - INFO - epoch-483, train_mse_loss-0.0003225, train_kl_loss-0.0000000, val_mse_loss-0.0003840, val_kl_loss-0.0000000
2025-03-06 03:57:30 - INFO - epoch-484, train_mse_loss-0.0003225, train_kl_loss-0.0000000, val_mse_loss-0.0003770, val_kl_loss-0.0000000
2025-03-06 04:01:46 - INFO - epoch-485, train_mse_loss-0.0003225, train_kl_loss-0.0000000, val_mse_loss-0.0003871, val_kl_loss-0.0000000
2025-03-06 04:06:01 - INFO - epoch-486, train_mse_loss-0.0003225, train_kl_loss-0.0000000, val_mse_loss-0.0003901, val_kl_loss-0.0000000
2025-03-06 04:10:21 - INFO - epoch-487, train_mse_loss-0.0003225, train_kl_loss-0.0000000, val_mse_loss-0.0003883, val_kl_loss-0.0000000
2025-03-06 04:14:40 - INFO - epoch-488, train_mse_loss-0.0003225, train_kl_loss-0.0000000, val_mse_loss-0.0003829, val_kl_loss-0.0000000
2025-03-06 04:18:57 - INFO - epoch-489, train_mse_loss-0.0003225, train_kl_loss-0.0000000, val_mse_loss-0.0003874, val_kl_loss-0.0000000
2025-03-06 04:23:13 - INFO - epoch-490, train_mse_loss-0.0003225, train_kl_loss-0.0000000, val_mse_loss-0.0003835, val_kl_loss-0.0000000
2025-03-06 04:27:32 - INFO - epoch-491, train_mse_loss-0.0003225, train_kl_loss-0.0000000, val_mse_loss-0.0003880, val_kl_loss-0.0000000
2025-03-06 04:31:49 - INFO - epoch-492, train_mse_loss-0.0003225, train_kl_loss-0.0000000, val_mse_loss-0.0003857, val_kl_loss-0.0000000
2025-03-06 04:36:10 - INFO - epoch-493, train_mse_loss-0.0003225, train_kl_loss-0.0000000, val_mse_loss-0.0003868, val_kl_loss-0.0000000
2025-03-06 04:40:28 - INFO - epoch-494, train_mse_loss-0.0003225, train_kl_loss-0.0000000, val_mse_loss-0.0003939, val_kl_loss-0.0000000
2025-03-06 04:44:47 - INFO - epoch-495, train_mse_loss-0.0003225, train_kl_loss-0.0000000, val_mse_loss-0.0003856, val_kl_loss-0.0000000
2025-03-06 04:49:02 - INFO - epoch-496, train_mse_loss-0.0003225, train_kl_loss-0.0000000, val_mse_loss-0.0003869, val_kl_loss-0.0000000
2025-03-06 04:53:20 - INFO - epoch-497, train_mse_loss-0.0003225, train_kl_loss-0.0000000, val_mse_loss-0.0003868, val_kl_loss-0.0000000
2025-03-06 04:57:35 - INFO - epoch-498, train_mse_loss-0.0003225, train_kl_loss-0.0000000, val_mse_loss-0.0003880, val_kl_loss-0.0000000
2025-03-06 05:01:52 - INFO - epoch-499, train_mse_loss-0.0003225, train_kl_loss-0.0000000, val_mse_loss-0.0003880, val_kl_loss-0.0000000
