2025-03-19 15:07:07 - INFO - train data: 13259
2025-03-19 15:07:07 - INFO - train unqiue data: 13259
2025-03-19 15:07:07 - INFO - valid data: 1474
2025-03-19 15:07:07 - INFO - valid unqiue data: 1474
<<<<<<< HEAD
2025-03-19 15:11:51 - INFO - epoch-0, train_mse_loss-0.0003479, train_kl_loss-0.0044632, train_diff_loss-0.9132875, val_mse_loss-0.0003595, val_kl_loss-0.0024560, val_diff_loss-0.8034748
2025-03-19 15:16:11 - INFO - epoch-1, train_mse_loss-0.0003367, train_kl_loss-0.0048396, train_diff_loss-0.7155250, val_mse_loss-0.0003538, val_kl_loss-0.0072918, val_diff_loss-0.6370381
2025-03-19 15:20:31 - INFO - epoch-2, train_mse_loss-0.0003343, train_kl_loss-0.0098572, train_diff_loss-0.5734073, val_mse_loss-0.0003354, val_kl_loss-0.0135856, val_diff_loss-0.5115591
2025-03-19 15:20:52 - INFO - Saved new best model at epoch 2 with validation loss 0.5254801
2025-03-19 15:25:11 - INFO - epoch-3, train_mse_loss-0.0003347, train_kl_loss-0.0169559, train_diff_loss-0.4774548, val_mse_loss-0.0003663, val_kl_loss-0.0200118, val_diff_loss-0.4531033
2025-03-19 15:25:22 - INFO - Saved new best model at epoch 3 with validation loss 0.4734814
2025-03-19 15:29:43 - INFO - epoch-4, train_mse_loss-0.0003341, train_kl_loss-0.0241574, train_diff_loss-0.4165933, val_mse_loss-0.0005577, val_kl_loss-0.0287344, val_diff_loss-0.3957013
2025-03-19 15:29:50 - INFO - Saved new best model at epoch 4 with validation loss 0.4249934
2025-03-19 15:34:10 - INFO - epoch-5, train_mse_loss-0.0003333, train_kl_loss-0.0312141, train_diff_loss-0.3836147, val_mse_loss-0.0003540, val_kl_loss-0.0364246, val_diff_loss-0.3839225
2025-03-19 15:34:17 - INFO - Saved new best model at epoch 5 with validation loss 0.4207011
2025-03-19 15:38:37 - INFO - epoch-6, train_mse_loss-0.0003325, train_kl_loss-0.0370540, train_diff_loss-0.3671319, val_mse_loss-0.0006773, val_kl_loss-0.0351225, val_diff_loss-0.3789832
2025-03-19 15:38:44 - INFO - Saved new best model at epoch 6 with validation loss 0.4147831
2025-03-19 15:43:04 - INFO - epoch-7, train_mse_loss-0.0003310, train_kl_loss-0.0379696, train_diff_loss-0.3550392, val_mse_loss-0.0004957, val_kl_loss-0.0414407, val_diff_loss-0.3511747
2025-03-19 15:43:12 - INFO - Saved new best model at epoch 7 with validation loss 0.3931112
2025-03-19 15:47:32 - INFO - epoch-8, train_mse_loss-0.0003304, train_kl_loss-0.0400451, train_diff_loss-0.3472095, val_mse_loss-0.0009307, val_kl_loss-0.0380740, val_diff_loss-0.3527066
2025-03-19 15:47:39 - INFO - Saved new best model at epoch 8 with validation loss 0.3917113
2025-03-19 15:51:59 - INFO - epoch-9, train_mse_loss-0.0003303, train_kl_loss-0.0407995, train_diff_loss-0.3392437, val_mse_loss-0.0008137, val_kl_loss-0.0396051, val_diff_loss-0.3632887
2025-03-19 15:56:19 - INFO - epoch-10, train_mse_loss-0.0003297, train_kl_loss-0.0427092, train_diff_loss-0.3438924, val_mse_loss-0.0011415, val_kl_loss-0.0455393, val_diff_loss-0.3523145
2025-03-19 16:00:39 - INFO - epoch-11, train_mse_loss-0.0003294, train_kl_loss-0.0417315, train_diff_loss-0.3356522, val_mse_loss-0.0007704, val_kl_loss-0.0432208, val_diff_loss-0.3276600
2025-03-19 16:00:46 - INFO - Saved new best model at epoch 11 with validation loss 0.3716511
2025-03-19 16:05:07 - INFO - epoch-12, train_mse_loss-0.0003285, train_kl_loss-0.0426982, train_diff_loss-0.3373737, val_mse_loss-0.0006803, val_kl_loss-0.0446431, val_diff_loss-0.3421491
2025-03-19 16:09:26 - INFO - epoch-13, train_mse_loss-0.0003280, train_kl_loss-0.0415521, train_diff_loss-0.3279136, val_mse_loss-0.0003397, val_kl_loss-0.0416700, val_diff_loss-0.3351386
2025-03-19 16:13:47 - INFO - epoch-14, train_mse_loss-0.0003275, train_kl_loss-0.0434493, train_diff_loss-0.3328116, val_mse_loss-0.0003956, val_kl_loss-0.0411885, val_diff_loss-0.3125532
2025-03-19 16:13:55 - INFO - Saved new best model at epoch 14 with validation loss 0.3541374
2025-03-19 16:18:15 - INFO - epoch-15, train_mse_loss-0.0003272, train_kl_loss-0.0420683, train_diff_loss-0.3223002, val_mse_loss-0.0004315, val_kl_loss-0.0432856, val_diff_loss-0.3117481
2025-03-19 16:22:36 - INFO - epoch-16, train_mse_loss-0.0003267, train_kl_loss-0.0428238, train_diff_loss-0.3242574, val_mse_loss-0.0003439, val_kl_loss-0.0423251, val_diff_loss-0.3225790
2025-03-19 16:26:55 - INFO - epoch-17, train_mse_loss-0.0003265, train_kl_loss-0.0419902, train_diff_loss-0.3217642, val_mse_loss-0.0003464, val_kl_loss-0.0431125, val_diff_loss-0.3185386
2025-03-19 16:31:17 - INFO - epoch-18, train_mse_loss-0.0003263, train_kl_loss-0.0426080, train_diff_loss-0.3191677, val_mse_loss-0.0003420, val_kl_loss-0.0433158, val_diff_loss-0.3273841
2025-03-19 16:35:38 - INFO - epoch-19, train_mse_loss-0.0003260, train_kl_loss-0.0423962, train_diff_loss-0.3165588, val_mse_loss-0.0003429, val_kl_loss-0.0452004, val_diff_loss-0.3096022
2025-03-19 16:39:59 - INFO - epoch-20, train_mse_loss-0.0003259, train_kl_loss-0.0436999, train_diff_loss-0.3188739, val_mse_loss-0.0003374, val_kl_loss-0.0394301, val_diff_loss-0.3211522
2025-03-19 16:44:20 - INFO - epoch-21, train_mse_loss-0.0003255, train_kl_loss-0.0434806, train_diff_loss-0.3171955, val_mse_loss-0.0003889, val_kl_loss-0.0425812, val_diff_loss-0.3225805
2025-03-19 16:48:41 - INFO - epoch-22, train_mse_loss-0.0003255, train_kl_loss-0.0425785, train_diff_loss-0.3101600, val_mse_loss-0.0003924, val_kl_loss-0.0467768, val_diff_loss-0.2978641
2025-03-19 16:48:49 - INFO - Saved new best model at epoch 22 with validation loss 0.3450334
2025-03-19 16:53:10 - INFO - epoch-23, train_mse_loss-0.0003253, train_kl_loss-0.0443740, train_diff_loss-0.3160365, val_mse_loss-0.0003639, val_kl_loss-0.0477378, val_diff_loss-0.3089569
2025-03-19 16:57:31 - INFO - epoch-24, train_mse_loss-0.0003249, train_kl_loss-0.0433050, train_diff_loss-0.3059126, val_mse_loss-0.0003577, val_kl_loss-0.0407948, val_diff_loss-0.3150245
2025-03-19 17:01:52 - INFO - epoch-25, train_mse_loss-0.0003246, train_kl_loss-0.0434430, train_diff_loss-0.3104088, val_mse_loss-0.0003442, val_kl_loss-0.0464683, val_diff_loss-0.3280253
2025-03-19 17:06:13 - INFO - epoch-26, train_mse_loss-0.0003244, train_kl_loss-0.0437712, train_diff_loss-0.3086623, val_mse_loss-0.0003351, val_kl_loss-0.0436978, val_diff_loss-0.3105463
2025-03-19 17:10:34 - INFO - epoch-27, train_mse_loss-0.0003239, train_kl_loss-0.0431398, train_diff_loss-0.3055844, val_mse_loss-0.0003327, val_kl_loss-0.0471432, val_diff_loss-0.3024322
2025-03-19 17:14:54 - INFO - epoch-28, train_mse_loss-0.0003237, train_kl_loss-0.0453946, train_diff_loss-0.3099274, val_mse_loss-0.0003256, val_kl_loss-0.0438985, val_diff_loss-0.3012859
2025-03-19 17:19:16 - INFO - epoch-29, train_mse_loss-0.0003236, train_kl_loss-0.0436688, train_diff_loss-0.3054786, val_mse_loss-0.0003232, val_kl_loss-0.0410634, val_diff_loss-0.3120897
2025-03-19 17:23:37 - INFO - epoch-30, train_mse_loss-0.0003236, train_kl_loss-0.0442920, train_diff_loss-0.3070405, val_mse_loss-0.0003221, val_kl_loss-0.0469071, val_diff_loss-0.2960010
2025-03-19 17:23:45 - INFO - Saved new best model at epoch 30 with validation loss 0.3432302
2025-03-19 17:28:06 - INFO - epoch-31, train_mse_loss-0.0003235, train_kl_loss-0.0441719, train_diff_loss-0.3016541, val_mse_loss-0.0003223, val_kl_loss-0.0415560, val_diff_loss-0.2885272
2025-03-19 17:28:14 - INFO - Saved new best model at epoch 31 with validation loss 0.3304056
2025-03-19 17:32:34 - INFO - epoch-32, train_mse_loss-0.0003235, train_kl_loss-0.0440244, train_diff_loss-0.3027112, val_mse_loss-0.0003256, val_kl_loss-0.0454683, val_diff_loss-0.2932457
2025-03-19 17:36:54 - INFO - epoch-33, train_mse_loss-0.0003235, train_kl_loss-0.0448619, train_diff_loss-0.3056453, val_mse_loss-0.0003297, val_kl_loss-0.0396202, val_diff_loss-0.2927601
2025-03-19 17:41:15 - INFO - epoch-34, train_mse_loss-0.0003235, train_kl_loss-0.0445393, train_diff_loss-0.3070336, val_mse_loss-0.0003451, val_kl_loss-0.0354790, val_diff_loss-0.3064002
2025-03-19 17:45:35 - INFO - epoch-35, train_mse_loss-0.0003235, train_kl_loss-0.0450805, train_diff_loss-0.3031717, val_mse_loss-0.0003513, val_kl_loss-0.0388840, val_diff_loss-0.3015883
2025-03-19 17:49:55 - INFO - epoch-36, train_mse_loss-0.0003233, train_kl_loss-0.0436545, train_diff_loss-0.2971152, val_mse_loss-0.0003533, val_kl_loss-0.0429193, val_diff_loss-0.3048394
2025-03-19 17:54:16 - INFO - epoch-37, train_mse_loss-0.0003233, train_kl_loss-0.0447159, train_diff_loss-0.2999366, val_mse_loss-0.0003524, val_kl_loss-0.0437769, val_diff_loss-0.3031384
2025-03-19 17:58:46 - INFO - epoch-38, train_mse_loss-0.0003233, train_kl_loss-0.0463810, train_diff_loss-0.3074834, val_mse_loss-0.0003518, val_kl_loss-0.0535451, val_diff_loss-0.2994854
2025-03-19 18:03:29 - INFO - epoch-39, train_mse_loss-0.0003233, train_kl_loss-0.0459880, train_diff_loss-0.3030226, val_mse_loss-0.0003510, val_kl_loss-0.0502773, val_diff_loss-0.3084646
2025-03-19 18:07:59 - INFO - epoch-40, train_mse_loss-0.0003234, train_kl_loss-0.0455838, train_diff_loss-0.3001238, val_mse_loss-0.0003500, val_kl_loss-0.0426008, val_diff_loss-0.2944719
2025-03-19 18:12:23 - INFO - epoch-41, train_mse_loss-0.0003234, train_kl_loss-0.0453552, train_diff_loss-0.3009117, val_mse_loss-0.0003557, val_kl_loss-0.0467051, val_diff_loss-0.2929810
2025-03-19 18:16:58 - INFO - epoch-42, train_mse_loss-0.0003233, train_kl_loss-0.0471102, train_diff_loss-0.3082968, val_mse_loss-0.0003668, val_kl_loss-0.0461621, val_diff_loss-0.3058943
2025-03-19 18:21:20 - INFO - epoch-43, train_mse_loss-0.0003233, train_kl_loss-0.0459809, train_diff_loss-0.3005793, val_mse_loss-0.0003747, val_kl_loss-0.0422501, val_diff_loss-0.2951983
2025-03-19 18:25:44 - INFO - epoch-44, train_mse_loss-0.0003232, train_kl_loss-0.0446346, train_diff_loss-0.2972152, val_mse_loss-0.0003856, val_kl_loss-0.0260514, val_diff_loss-0.3257039
2025-03-19 18:30:18 - INFO - epoch-45, train_mse_loss-0.0003232, train_kl_loss-0.0460608, train_diff_loss-0.3015779, val_mse_loss-0.0003881, val_kl_loss-0.0445579, val_diff_loss-0.3031659
2025-03-19 18:35:00 - INFO - epoch-46, train_mse_loss-0.0003232, train_kl_loss-0.0456222, train_diff_loss-0.3001775, val_mse_loss-0.0003846, val_kl_loss-0.0495836, val_diff_loss-0.2924826
2025-03-19 18:39:19 - INFO - epoch-47, train_mse_loss-0.0003232, train_kl_loss-0.0448844, train_diff_loss-0.2951621, val_mse_loss-0.0003916, val_kl_loss-0.0484261, val_diff_loss-0.2996364
2025-03-19 18:43:39 - INFO - epoch-48, train_mse_loss-0.0003231, train_kl_loss-0.0454098, train_diff_loss-0.2964360, val_mse_loss-0.0003926, val_kl_loss-0.0460378, val_diff_loss-0.2896489
2025-03-19 18:47:58 - INFO - epoch-49, train_mse_loss-0.0003231, train_kl_loss-0.0456587, train_diff_loss-0.2985300, val_mse_loss-0.0003875, val_kl_loss-0.0458977, val_diff_loss-0.2954481
2025-03-19 18:52:20 - INFO - epoch-50, train_mse_loss-0.0003231, train_kl_loss-0.0459688, train_diff_loss-0.2963845, val_mse_loss-0.0003884, val_kl_loss-0.0455184, val_diff_loss-0.3083820
2025-03-19 18:56:42 - INFO - epoch-51, train_mse_loss-0.0003231, train_kl_loss-0.0455248, train_diff_loss-0.2962315, val_mse_loss-0.0003901, val_kl_loss-0.0432719, val_diff_loss-0.2888660
2025-03-19 19:01:02 - INFO - epoch-52, train_mse_loss-0.0003231, train_kl_loss-0.0457434, train_diff_loss-0.2984846, val_mse_loss-0.0003823, val_kl_loss-0.0476700, val_diff_loss-0.2960781
2025-03-19 19:05:22 - INFO - epoch-53, train_mse_loss-0.0003231, train_kl_loss-0.0464942, train_diff_loss-0.3010227, val_mse_loss-0.0003836, val_kl_loss-0.0490200, val_diff_loss-0.2962266
2025-03-19 19:09:42 - INFO - epoch-54, train_mse_loss-0.0003231, train_kl_loss-0.0456621, train_diff_loss-0.2989653, val_mse_loss-0.0003861, val_kl_loss-0.0481935, val_diff_loss-0.2938133
2025-03-19 19:14:01 - INFO - epoch-55, train_mse_loss-0.0003232, train_kl_loss-0.0445418, train_diff_loss-0.2909682, val_mse_loss-0.0003769, val_kl_loss-0.0444310, val_diff_loss-0.2967430
2025-03-19 19:18:20 - INFO - epoch-56, train_mse_loss-0.0003232, train_kl_loss-0.0463028, train_diff_loss-0.2987687, val_mse_loss-0.0003771, val_kl_loss-0.0437287, val_diff_loss-0.3029676
2025-03-19 19:22:39 - INFO - epoch-57, train_mse_loss-0.0003232, train_kl_loss-0.0453571, train_diff_loss-0.2977129, val_mse_loss-0.0003750, val_kl_loss-0.0485983, val_diff_loss-0.2853396
2025-03-19 19:26:59 - INFO - epoch-58, train_mse_loss-0.0003232, train_kl_loss-0.0451029, train_diff_loss-0.2935012, val_mse_loss-0.0003729, val_kl_loss-0.0457899, val_diff_loss-0.3005131
2025-03-19 19:31:20 - INFO - epoch-59, train_mse_loss-0.0003232, train_kl_loss-0.0471151, train_diff_loss-0.3007398, val_mse_loss-0.0003554, val_kl_loss-0.0448051, val_diff_loss-0.3060673
2025-03-19 19:35:40 - INFO - epoch-60, train_mse_loss-0.0003232, train_kl_loss-0.0454459, train_diff_loss-0.2975139, val_mse_loss-0.0003579, val_kl_loss-0.0481704, val_diff_loss-0.3100531
2025-03-19 19:40:00 - INFO - epoch-61, train_mse_loss-0.0003232, train_kl_loss-0.0453838, train_diff_loss-0.2940999, val_mse_loss-0.0003586, val_kl_loss-0.0438443, val_diff_loss-0.2860302
2025-03-19 19:40:16 - INFO - Saved new best model at epoch 61 with validation loss 0.3302331
2025-03-19 19:44:36 - INFO - epoch-62, train_mse_loss-0.0003232, train_kl_loss-0.0461332, train_diff_loss-0.2966326, val_mse_loss-0.0003583, val_kl_loss-0.0485708, val_diff_loss-0.2869648
2025-03-19 19:48:56 - INFO - epoch-63, train_mse_loss-0.0003232, train_kl_loss-0.0454006, train_diff_loss-0.2924202, val_mse_loss-0.0003621, val_kl_loss-0.0465086, val_diff_loss-0.3012598
2025-03-19 19:53:17 - INFO - epoch-64, train_mse_loss-0.0003233, train_kl_loss-0.0461885, train_diff_loss-0.2953077, val_mse_loss-0.0003538, val_kl_loss-0.0442163, val_diff_loss-0.3156554
2025-03-19 19:57:37 - INFO - epoch-65, train_mse_loss-0.0003233, train_kl_loss-0.0459044, train_diff_loss-0.2976350, val_mse_loss-0.0003556, val_kl_loss-0.0433622, val_diff_loss-0.2977185
2025-03-19 20:01:56 - INFO - epoch-66, train_mse_loss-0.0003233, train_kl_loss-0.0458988, train_diff_loss-0.2971866, val_mse_loss-0.0003507, val_kl_loss-0.0474573, val_diff_loss-0.2848223
2025-03-19 20:06:18 - INFO - epoch-67, train_mse_loss-0.0003232, train_kl_loss-0.0462275, train_diff_loss-0.2963578, val_mse_loss-0.0003629, val_kl_loss-0.0475379, val_diff_loss-0.2982441
2025-03-19 20:10:37 - INFO - epoch-68, train_mse_loss-0.0003232, train_kl_loss-0.0470273, train_diff_loss-0.3001485, val_mse_loss-0.0003638, val_kl_loss-0.0486074, val_diff_loss-0.3053944
2025-03-19 20:14:57 - INFO - epoch-69, train_mse_loss-0.0003232, train_kl_loss-0.0458499, train_diff_loss-0.2953359, val_mse_loss-0.0003645, val_kl_loss-0.0458520, val_diff_loss-0.3034737
2025-03-19 20:19:17 - INFO - epoch-70, train_mse_loss-0.0003232, train_kl_loss-0.0465556, train_diff_loss-0.2993838, val_mse_loss-0.0003567, val_kl_loss-0.0499335, val_diff_loss-0.3082155
2025-03-19 20:23:38 - INFO - epoch-71, train_mse_loss-0.0003231, train_kl_loss-0.0459006, train_diff_loss-0.2945982, val_mse_loss-0.0003593, val_kl_loss-0.0484647, val_diff_loss-0.2759173
2025-03-19 20:23:46 - INFO - Saved new best model at epoch 71 with validation loss 0.3247412
2025-03-19 20:28:06 - INFO - epoch-72, train_mse_loss-0.0003231, train_kl_loss-0.0461965, train_diff_loss-0.2974400, val_mse_loss-0.0003561, val_kl_loss-0.0481986, val_diff_loss-0.2969897
2025-03-19 20:32:27 - INFO - epoch-73, train_mse_loss-0.0003231, train_kl_loss-0.0458393, train_diff_loss-0.2992068, val_mse_loss-0.0003555, val_kl_loss-0.0489984, val_diff_loss-0.3062431
2025-03-19 20:36:47 - INFO - epoch-74, train_mse_loss-0.0003231, train_kl_loss-0.0459861, train_diff_loss-0.2975876, val_mse_loss-0.0003576, val_kl_loss-0.0461490, val_diff_loss-0.2952481
2025-03-19 20:41:07 - INFO - epoch-75, train_mse_loss-0.0003231, train_kl_loss-0.0455447, train_diff_loss-0.2908360, val_mse_loss-0.0003535, val_kl_loss-0.0412987, val_diff_loss-0.3004465
2025-03-19 20:45:28 - INFO - epoch-76, train_mse_loss-0.0003231, train_kl_loss-0.0472318, train_diff_loss-0.2984152, val_mse_loss-0.0003549, val_kl_loss-0.0450292, val_diff_loss-0.2957695
2025-03-19 20:49:48 - INFO - epoch-77, train_mse_loss-0.0003231, train_kl_loss-0.0459490, train_diff_loss-0.2949032, val_mse_loss-0.0003583, val_kl_loss-0.0399073, val_diff_loss-0.2852159
2025-03-19 20:54:07 - INFO - epoch-78, train_mse_loss-0.0003231, train_kl_loss-0.0466150, train_diff_loss-0.2990342, val_mse_loss-0.0003624, val_kl_loss-0.0484800, val_diff_loss-0.2885926
2025-03-19 20:58:27 - INFO - epoch-79, train_mse_loss-0.0003231, train_kl_loss-0.0456995, train_diff_loss-0.2943094, val_mse_loss-0.0003594, val_kl_loss-0.0413241, val_diff_loss-0.2942903
2025-03-19 21:02:47 - INFO - epoch-80, train_mse_loss-0.0003230, train_kl_loss-0.0465016, train_diff_loss-0.3013412, val_mse_loss-0.0003673, val_kl_loss-0.0447786, val_diff_loss-0.2825914
2025-03-19 21:07:07 - INFO - epoch-81, train_mse_loss-0.0003231, train_kl_loss-0.0448575, train_diff_loss-0.2899343, val_mse_loss-0.0003625, val_kl_loss-0.0383445, val_diff_loss-0.3039868
2025-03-19 21:11:27 - INFO - epoch-82, train_mse_loss-0.0003231, train_kl_loss-0.0465913, train_diff_loss-0.2973653, val_mse_loss-0.0003569, val_kl_loss-0.0410701, val_diff_loss-0.3011685
2025-03-19 21:15:47 - INFO - epoch-83, train_mse_loss-0.0003231, train_kl_loss-0.0461138, train_diff_loss-0.2985134, val_mse_loss-0.0003599, val_kl_loss-0.0519435, val_diff_loss-0.2969165
2025-03-19 21:20:07 - INFO - epoch-84, train_mse_loss-0.0003231, train_kl_loss-0.0470243, train_diff_loss-0.2973422, val_mse_loss-0.0003543, val_kl_loss-0.0477986, val_diff_loss-0.3038965
2025-03-19 21:24:27 - INFO - epoch-85, train_mse_loss-0.0003231, train_kl_loss-0.0456636, train_diff_loss-0.2937635, val_mse_loss-0.0003459, val_kl_loss-0.0492978, val_diff_loss-0.2809063
2025-03-19 21:28:47 - INFO - epoch-86, train_mse_loss-0.0003231, train_kl_loss-0.0452601, train_diff_loss-0.2922559, val_mse_loss-0.0003506, val_kl_loss-0.0492325, val_diff_loss-0.3002500
2025-03-19 21:33:07 - INFO - epoch-87, train_mse_loss-0.0003231, train_kl_loss-0.0460326, train_diff_loss-0.2935866, val_mse_loss-0.0003536, val_kl_loss-0.0414398, val_diff_loss-0.2895021
2025-03-19 21:37:28 - INFO - epoch-88, train_mse_loss-0.0003230, train_kl_loss-0.0451119, train_diff_loss-0.2923036, val_mse_loss-0.0003676, val_kl_loss-0.0415651, val_diff_loss-0.2900263
2025-03-19 21:41:47 - INFO - epoch-89, train_mse_loss-0.0003230, train_kl_loss-0.0469516, train_diff_loss-0.2982695, val_mse_loss-0.0003718, val_kl_loss-0.0477473, val_diff_loss-0.2957248
2025-03-19 21:46:08 - INFO - epoch-90, train_mse_loss-0.0003230, train_kl_loss-0.0458344, train_diff_loss-0.2941792, val_mse_loss-0.0003794, val_kl_loss-0.0470807, val_diff_loss-0.2914515
2025-03-19 21:50:28 - INFO - epoch-91, train_mse_loss-0.0003230, train_kl_loss-0.0461026, train_diff_loss-0.2980001, val_mse_loss-0.0003785, val_kl_loss-0.0417264, val_diff_loss-0.2993983
2025-03-19 21:54:48 - INFO - epoch-92, train_mse_loss-0.0003230, train_kl_loss-0.0471123, train_diff_loss-0.3007900, val_mse_loss-0.0003880, val_kl_loss-0.0490366, val_diff_loss-0.2959229
2025-03-19 21:59:09 - INFO - epoch-93, train_mse_loss-0.0003230, train_kl_loss-0.0468763, train_diff_loss-0.3008111, val_mse_loss-0.0004017, val_kl_loss-0.0510647, val_diff_loss-0.2793626
2025-03-19 22:03:29 - INFO - epoch-94, train_mse_loss-0.0003230, train_kl_loss-0.0470875, train_diff_loss-0.2995202, val_mse_loss-0.0003855, val_kl_loss-0.0505763, val_diff_loss-0.2811236
2025-03-19 22:07:48 - INFO - epoch-95, train_mse_loss-0.0003230, train_kl_loss-0.0471493, train_diff_loss-0.3030308, val_mse_loss-0.0004133, val_kl_loss-0.0526519, val_diff_loss-0.2820804
2025-03-19 22:12:07 - INFO - epoch-96, train_mse_loss-0.0003230, train_kl_loss-0.0468974, train_diff_loss-0.2987862, val_mse_loss-0.0004036, val_kl_loss-0.0455475, val_diff_loss-0.3090694
2025-03-19 22:16:27 - INFO - epoch-97, train_mse_loss-0.0003230, train_kl_loss-0.0460998, train_diff_loss-0.2968585, val_mse_loss-0.0004195, val_kl_loss-0.0467911, val_diff_loss-0.2829515
2025-03-19 22:20:47 - INFO - epoch-98, train_mse_loss-0.0003230, train_kl_loss-0.0465694, train_diff_loss-0.2960114, val_mse_loss-0.0004214, val_kl_loss-0.0448369, val_diff_loss-0.3094456
2025-03-19 22:25:06 - INFO - epoch-99, train_mse_loss-0.0003230, train_kl_loss-0.0461019, train_diff_loss-0.2956581, val_mse_loss-0.0004118, val_kl_loss-0.0436566, val_diff_loss-0.3091885
2025-03-19 22:29:27 - INFO - epoch-100, train_mse_loss-0.0003230, train_kl_loss-0.0467175, train_diff_loss-0.2994467, val_mse_loss-0.0004151, val_kl_loss-0.0424220, val_diff_loss-0.2830876
2025-03-19 22:33:46 - INFO - epoch-101, train_mse_loss-0.0003230, train_kl_loss-0.0463410, train_diff_loss-0.2965921, val_mse_loss-0.0004156, val_kl_loss-0.0462343, val_diff_loss-0.2826503
2025-03-19 22:38:06 - INFO - epoch-102, train_mse_loss-0.0003231, train_kl_loss-0.0464547, train_diff_loss-0.2968840, val_mse_loss-0.0004288, val_kl_loss-0.0432739, val_diff_loss-0.3161496
2025-03-19 22:42:25 - INFO - epoch-103, train_mse_loss-0.0003230, train_kl_loss-0.0455754, train_diff_loss-0.2963503, val_mse_loss-0.0004219, val_kl_loss-0.0430249, val_diff_loss-0.2819627
2025-03-19 22:46:46 - INFO - epoch-104, train_mse_loss-0.0003230, train_kl_loss-0.0458501, train_diff_loss-0.2954401, val_mse_loss-0.0004293, val_kl_loss-0.0471330, val_diff_loss-0.3060378
2025-03-19 22:51:05 - INFO - epoch-105, train_mse_loss-0.0003230, train_kl_loss-0.0467259, train_diff_loss-0.2979970, val_mse_loss-0.0004377, val_kl_loss-0.0460064, val_diff_loss-0.3119836
2025-03-19 22:55:25 - INFO - epoch-106, train_mse_loss-0.0003230, train_kl_loss-0.0452837, train_diff_loss-0.2938935, val_mse_loss-0.0004239, val_kl_loss-0.0422407, val_diff_loss-0.2848456
2025-03-19 22:59:45 - INFO - epoch-107, train_mse_loss-0.0003230, train_kl_loss-0.0465141, train_diff_loss-0.2955783, val_mse_loss-0.0004168, val_kl_loss-0.0453840, val_diff_loss-0.3022728
2025-03-19 23:04:05 - INFO - epoch-108, train_mse_loss-0.0003230, train_kl_loss-0.0463001, train_diff_loss-0.2945860, val_mse_loss-0.0004124, val_kl_loss-0.0423398, val_diff_loss-0.2929780
2025-03-19 23:08:25 - INFO - epoch-109, train_mse_loss-0.0003230, train_kl_loss-0.0462985, train_diff_loss-0.2975878, val_mse_loss-0.0004241, val_kl_loss-0.0472216, val_diff_loss-0.2810307
2025-03-19 23:12:44 - INFO - epoch-110, train_mse_loss-0.0003230, train_kl_loss-0.0464717, train_diff_loss-0.2962480, val_mse_loss-0.0004329, val_kl_loss-0.0511049, val_diff_loss-0.2853676
2025-03-19 23:17:03 - INFO - epoch-111, train_mse_loss-0.0003230, train_kl_loss-0.0459032, train_diff_loss-0.2937691, val_mse_loss-0.0004277, val_kl_loss-0.0453038, val_diff_loss-0.3036515
2025-03-19 23:21:23 - INFO - epoch-112, train_mse_loss-0.0003230, train_kl_loss-0.0465384, train_diff_loss-0.2969585, val_mse_loss-0.0004076, val_kl_loss-0.0473411, val_diff_loss-0.3046051
2025-03-19 23:25:42 - INFO - epoch-113, train_mse_loss-0.0003230, train_kl_loss-0.0458701, train_diff_loss-0.2956352, val_mse_loss-0.0004278, val_kl_loss-0.0478041, val_diff_loss-0.2961337
2025-03-19 23:30:02 - INFO - epoch-114, train_mse_loss-0.0003230, train_kl_loss-0.0466778, train_diff_loss-0.2974176, val_mse_loss-0.0004223, val_kl_loss-0.0488568, val_diff_loss-0.3024220
2025-03-19 23:34:21 - INFO - epoch-115, train_mse_loss-0.0003230, train_kl_loss-0.0472157, train_diff_loss-0.2997410, val_mse_loss-0.0004311, val_kl_loss-0.0483716, val_diff_loss-0.2837023
2025-03-19 23:38:40 - INFO - epoch-116, train_mse_loss-0.0003230, train_kl_loss-0.0460552, train_diff_loss-0.2960279, val_mse_loss-0.0004206, val_kl_loss-0.0474908, val_diff_loss-0.2990755
2025-03-19 23:43:00 - INFO - epoch-117, train_mse_loss-0.0003230, train_kl_loss-0.0464830, train_diff_loss-0.2974936, val_mse_loss-0.0004279, val_kl_loss-0.0439445, val_diff_loss-0.2937035
2025-03-19 23:47:19 - INFO - epoch-118, train_mse_loss-0.0003230, train_kl_loss-0.0457669, train_diff_loss-0.2958511, val_mse_loss-0.0004223, val_kl_loss-0.0443893, val_diff_loss-0.3091778
2025-03-19 23:51:39 - INFO - epoch-119, train_mse_loss-0.0003230, train_kl_loss-0.0458572, train_diff_loss-0.2974422, val_mse_loss-0.0004209, val_kl_loss-0.0486026, val_diff_loss-0.2941485
2025-03-19 23:55:58 - INFO - epoch-120, train_mse_loss-0.0003230, train_kl_loss-0.0461866, train_diff_loss-0.2931992, val_mse_loss-0.0004259, val_kl_loss-0.0431449, val_diff_loss-0.2995998
2025-03-20 00:00:18 - INFO - epoch-121, train_mse_loss-0.0003230, train_kl_loss-0.0464393, train_diff_loss-0.2962209, val_mse_loss-0.0004408, val_kl_loss-0.0472435, val_diff_loss-0.2999180
2025-03-20 00:04:37 - INFO - epoch-122, train_mse_loss-0.0003230, train_kl_loss-0.0472724, train_diff_loss-0.3009533, val_mse_loss-0.0004379, val_kl_loss-0.0505762, val_diff_loss-0.3025978
2025-03-20 00:08:57 - INFO - epoch-123, train_mse_loss-0.0003230, train_kl_loss-0.0470404, train_diff_loss-0.2988573, val_mse_loss-0.0004326, val_kl_loss-0.0431898, val_diff_loss-0.2877105
2025-03-20 00:13:16 - INFO - epoch-124, train_mse_loss-0.0003230, train_kl_loss-0.0468128, train_diff_loss-0.2988030, val_mse_loss-0.0004316, val_kl_loss-0.0516171, val_diff_loss-0.3012318
2025-03-20 00:17:35 - INFO - epoch-125, train_mse_loss-0.0003230, train_kl_loss-0.0475089, train_diff_loss-0.2995818, val_mse_loss-0.0004349, val_kl_loss-0.0485344, val_diff_loss-0.3093833
2025-03-20 00:21:54 - INFO - epoch-126, train_mse_loss-0.0003230, train_kl_loss-0.0464556, train_diff_loss-0.2944158, val_mse_loss-0.0004410, val_kl_loss-0.0450804, val_diff_loss-0.3055640
2025-03-20 00:26:14 - INFO - epoch-127, train_mse_loss-0.0003230, train_kl_loss-0.0470226, train_diff_loss-0.2993303, val_mse_loss-0.0004282, val_kl_loss-0.0484932, val_diff_loss-0.2851259
2025-03-20 00:30:33 - INFO - epoch-128, train_mse_loss-0.0003230, train_kl_loss-0.0475711, train_diff_loss-0.3018916, val_mse_loss-0.0004423, val_kl_loss-0.0453702, val_diff_loss-0.3161101
2025-03-20 00:34:53 - INFO - epoch-129, train_mse_loss-0.0003230, train_kl_loss-0.0472405, train_diff_loss-0.2986428, val_mse_loss-0.0004334, val_kl_loss-0.0442281, val_diff_loss-0.3022777
2025-03-20 00:39:13 - INFO - epoch-130, train_mse_loss-0.0003230, train_kl_loss-0.0460176, train_diff_loss-0.2957250, val_mse_loss-0.0004545, val_kl_loss-0.0454617, val_diff_loss-0.2920601
2025-03-20 00:43:33 - INFO - epoch-131, train_mse_loss-0.0003230, train_kl_loss-0.0464319, train_diff_loss-0.2979516, val_mse_loss-0.0004340, val_kl_loss-0.0420269, val_diff_loss-0.3091360
2025-03-20 00:47:52 - INFO - epoch-132, train_mse_loss-0.0003230, train_kl_loss-0.0455438, train_diff_loss-0.2944401, val_mse_loss-0.0004452, val_kl_loss-0.0475735, val_diff_loss-0.2952459
2025-03-20 00:52:11 - INFO - epoch-133, train_mse_loss-0.0003230, train_kl_loss-0.0450983, train_diff_loss-0.2938812, val_mse_loss-0.0004445, val_kl_loss-0.0462528, val_diff_loss-0.3154524
2025-03-20 00:56:30 - INFO - epoch-134, train_mse_loss-0.0003230, train_kl_loss-0.0467032, train_diff_loss-0.2953953, val_mse_loss-0.0004317, val_kl_loss-0.0496322, val_diff_loss-0.3062087
2025-03-20 01:00:51 - INFO - epoch-135, train_mse_loss-0.0003230, train_kl_loss-0.0464851, train_diff_loss-0.2944324, val_mse_loss-0.0004408, val_kl_loss-0.0488726, val_diff_loss-0.2971074
2025-03-20 01:05:11 - INFO - epoch-136, train_mse_loss-0.0003230, train_kl_loss-0.0470375, train_diff_loss-0.2992198, val_mse_loss-0.0004540, val_kl_loss-0.0481575, val_diff_loss-0.3025906
2025-03-20 01:09:31 - INFO - epoch-137, train_mse_loss-0.0003230, train_kl_loss-0.0460405, train_diff_loss-0.2947033, val_mse_loss-0.0004625, val_kl_loss-0.0460961, val_diff_loss-0.3007152
2025-03-20 01:13:50 - INFO - epoch-138, train_mse_loss-0.0003230, train_kl_loss-0.0459415, train_diff_loss-0.2954645, val_mse_loss-0.0004565, val_kl_loss-0.0441802, val_diff_loss-0.2970752
2025-03-20 01:18:10 - INFO - epoch-139, train_mse_loss-0.0003230, train_kl_loss-0.0482964, train_diff_loss-0.3022679, val_mse_loss-0.0004442, val_kl_loss-0.0458505, val_diff_loss-0.3112041
2025-03-20 01:22:29 - INFO - epoch-140, train_mse_loss-0.0003230, train_kl_loss-0.0472183, train_diff_loss-0.2999905, val_mse_loss-0.0004548, val_kl_loss-0.0479342, val_diff_loss-0.2937710
2025-03-20 01:26:49 - INFO - epoch-141, train_mse_loss-0.0003230, train_kl_loss-0.0468603, train_diff_loss-0.2991227, val_mse_loss-0.0004512, val_kl_loss-0.0447775, val_diff_loss-0.3048472
2025-03-20 01:31:09 - INFO - epoch-142, train_mse_loss-0.0003230, train_kl_loss-0.0460609, train_diff_loss-0.2970188, val_mse_loss-0.0004386, val_kl_loss-0.0482540, val_diff_loss-0.2824969
2025-03-20 01:35:29 - INFO - epoch-143, train_mse_loss-0.0003230, train_kl_loss-0.0472880, train_diff_loss-0.3002258, val_mse_loss-0.0004467, val_kl_loss-0.0485402, val_diff_loss-0.2816103
2025-03-20 01:39:48 - INFO - epoch-144, train_mse_loss-0.0003230, train_kl_loss-0.0460435, train_diff_loss-0.2981773, val_mse_loss-0.0004378, val_kl_loss-0.0410010, val_diff_loss-0.3026443
2025-03-20 01:44:08 - INFO - epoch-145, train_mse_loss-0.0003230, train_kl_loss-0.0467558, train_diff_loss-0.2972975, val_mse_loss-0.0004683, val_kl_loss-0.0400083, val_diff_loss-0.3084187
2025-03-20 01:48:27 - INFO - epoch-146, train_mse_loss-0.0003230, train_kl_loss-0.0461143, train_diff_loss-0.2985378, val_mse_loss-0.0004504, val_kl_loss-0.0473674, val_diff_loss-0.2945200
2025-03-20 01:52:47 - INFO - epoch-147, train_mse_loss-0.0003230, train_kl_loss-0.0458754, train_diff_loss-0.2928748, val_mse_loss-0.0004496, val_kl_loss-0.0441067, val_diff_loss-0.2969278
2025-03-20 01:57:06 - INFO - epoch-148, train_mse_loss-0.0003230, train_kl_loss-0.0458967, train_diff_loss-0.2961834, val_mse_loss-0.0004618, val_kl_loss-0.0443951, val_diff_loss-0.3054915
2025-03-20 02:01:25 - INFO - epoch-149, train_mse_loss-0.0003230, train_kl_loss-0.0466813, train_diff_loss-0.2967955, val_mse_loss-0.0004500, val_kl_loss-0.0480784, val_diff_loss-0.2842749
2025-03-20 02:05:45 - INFO - epoch-150, train_mse_loss-0.0003230, train_kl_loss-0.0469520, train_diff_loss-0.2971716, val_mse_loss-0.0004548, val_kl_loss-0.0470601, val_diff_loss-0.3000106
2025-03-20 02:10:06 - INFO - epoch-151, train_mse_loss-0.0003230, train_kl_loss-0.0462843, train_diff_loss-0.2952494, val_mse_loss-0.0004488, val_kl_loss-0.0477658, val_diff_loss-0.3053913
2025-03-20 02:14:25 - INFO - epoch-152, train_mse_loss-0.0003230, train_kl_loss-0.0476065, train_diff_loss-0.3037414, val_mse_loss-0.0004557, val_kl_loss-0.0524969, val_diff_loss-0.2996183
2025-03-20 02:18:44 - INFO - epoch-153, train_mse_loss-0.0003230, train_kl_loss-0.0461918, train_diff_loss-0.2985157, val_mse_loss-0.0004400, val_kl_loss-0.0482265, val_diff_loss-0.2883358
2025-03-20 02:23:03 - INFO - epoch-154, train_mse_loss-0.0003230, train_kl_loss-0.0477510, train_diff_loss-0.2997294, val_mse_loss-0.0004756, val_kl_loss-0.0458756, val_diff_loss-0.3099056
2025-03-20 02:27:21 - INFO - epoch-155, train_mse_loss-0.0003230, train_kl_loss-0.0457706, train_diff_loss-0.2954178, val_mse_loss-0.0004484, val_kl_loss-0.0466159, val_diff_loss-0.3017884
2025-03-20 02:31:40 - INFO - epoch-156, train_mse_loss-0.0003230, train_kl_loss-0.0463191, train_diff_loss-0.2992197, val_mse_loss-0.0004740, val_kl_loss-0.0509684, val_diff_loss-0.3041470
2025-03-20 02:35:59 - INFO - epoch-157, train_mse_loss-0.0003230, train_kl_loss-0.0458797, train_diff_loss-0.2965424, val_mse_loss-0.0004703, val_kl_loss-0.0497330, val_diff_loss-0.3048425
2025-03-20 02:40:18 - INFO - epoch-158, train_mse_loss-0.0003230, train_kl_loss-0.0460183, train_diff_loss-0.2945326, val_mse_loss-0.0004619, val_kl_loss-0.0485897, val_diff_loss-0.3085460
2025-03-20 02:44:37 - INFO - epoch-159, train_mse_loss-0.0003230, train_kl_loss-0.0474593, train_diff_loss-0.2998237, val_mse_loss-0.0004484, val_kl_loss-0.0506171, val_diff_loss-0.2813225
2025-03-20 02:48:58 - INFO - epoch-160, train_mse_loss-0.0003230, train_kl_loss-0.0466523, train_diff_loss-0.2982086, val_mse_loss-0.0004548, val_kl_loss-0.0469949, val_diff_loss-0.3069615
2025-03-20 02:53:18 - INFO - epoch-161, train_mse_loss-0.0003230, train_kl_loss-0.0468578, train_diff_loss-0.2977718, val_mse_loss-0.0004491, val_kl_loss-0.0449758, val_diff_loss-0.2929179
2025-03-20 02:58:03 - INFO - epoch-162, train_mse_loss-0.0003230, train_kl_loss-0.0457586, train_diff_loss-0.2956750, val_mse_loss-0.0004523, val_kl_loss-0.0413822, val_diff_loss-0.3012342
2025-03-20 03:03:46 - INFO - epoch-163, train_mse_loss-0.0003230, train_kl_loss-0.0471406, train_diff_loss-0.2974400, val_mse_loss-0.0004616, val_kl_loss-0.0457067, val_diff_loss-0.2928827
2025-03-20 03:09:22 - INFO - epoch-164, train_mse_loss-0.0003230, train_kl_loss-0.0456749, train_diff_loss-0.2956812, val_mse_loss-0.0004580, val_kl_loss-0.0445680, val_diff_loss-0.2980451
2025-03-20 03:13:50 - INFO - epoch-165, train_mse_loss-0.0003230, train_kl_loss-0.0458843, train_diff_loss-0.2946431, val_mse_loss-0.0004504, val_kl_loss-0.0409430, val_diff_loss-0.2973872
2025-03-20 03:18:23 - INFO - epoch-166, train_mse_loss-0.0003230, train_kl_loss-0.0461691, train_diff_loss-0.2959978, val_mse_loss-0.0004735, val_kl_loss-0.0459635, val_diff_loss-0.2879261
2025-03-20 03:23:02 - INFO - epoch-167, train_mse_loss-0.0003230, train_kl_loss-0.0467641, train_diff_loss-0.2977874, val_mse_loss-0.0004535, val_kl_loss-0.0457332, val_diff_loss-0.2978600
2025-03-20 03:28:32 - INFO - epoch-168, train_mse_loss-0.0003230, train_kl_loss-0.0472053, train_diff_loss-0.2994391, val_mse_loss-0.0004483, val_kl_loss-0.0489693, val_diff_loss-0.2887355
2025-03-20 03:33:19 - INFO - epoch-169, train_mse_loss-0.0003230, train_kl_loss-0.0471208, train_diff_loss-0.2974787, val_mse_loss-0.0004429, val_kl_loss-0.0452363, val_diff_loss-0.2963707
2025-03-20 03:38:05 - INFO - epoch-170, train_mse_loss-0.0003230, train_kl_loss-0.0458456, train_diff_loss-0.2945503, val_mse_loss-0.0004611, val_kl_loss-0.0466148, val_diff_loss-0.2866598
2025-03-20 03:43:00 - INFO - epoch-171, train_mse_loss-0.0003230, train_kl_loss-0.0477814, train_diff_loss-0.2990575, val_mse_loss-0.0004452, val_kl_loss-0.0430745, val_diff_loss-0.3058725
2025-03-20 03:47:25 - INFO - epoch-172, train_mse_loss-0.0003230, train_kl_loss-0.0468911, train_diff_loss-0.2983319, val_mse_loss-0.0004683, val_kl_loss-0.0474590, val_diff_loss-0.2870197
2025-03-20 03:51:46 - INFO - epoch-173, train_mse_loss-0.0003230, train_kl_loss-0.0465326, train_diff_loss-0.2966688, val_mse_loss-0.0004483, val_kl_loss-0.0502818, val_diff_loss-0.2872521
2025-03-20 03:56:05 - INFO - epoch-174, train_mse_loss-0.0003230, train_kl_loss-0.0463641, train_diff_loss-0.2943379, val_mse_loss-0.0004696, val_kl_loss-0.0437043, val_diff_loss-0.3018497
2025-03-20 04:00:24 - INFO - epoch-175, train_mse_loss-0.0003229, train_kl_loss-0.0460745, train_diff_loss-0.2971272, val_mse_loss-0.0004500, val_kl_loss-0.0424924, val_diff_loss-0.2858381
2025-03-20 04:04:44 - INFO - epoch-176, train_mse_loss-0.0003230, train_kl_loss-0.0460216, train_diff_loss-0.2972505, val_mse_loss-0.0004388, val_kl_loss-0.0542128, val_diff_loss-0.2917617
2025-03-20 04:09:03 - INFO - epoch-177, train_mse_loss-0.0003230, train_kl_loss-0.0469305, train_diff_loss-0.2992952, val_mse_loss-0.0004627, val_kl_loss-0.0465186, val_diff_loss-0.2962670
2025-03-20 04:13:22 - INFO - epoch-178, train_mse_loss-0.0003229, train_kl_loss-0.0465116, train_diff_loss-0.2991468, val_mse_loss-0.0004607, val_kl_loss-0.0532618, val_diff_loss-0.2899907
2025-03-20 04:17:41 - INFO - epoch-179, train_mse_loss-0.0003230, train_kl_loss-0.0462519, train_diff_loss-0.2928574, val_mse_loss-0.0004612, val_kl_loss-0.0436049, val_diff_loss-0.2970361
2025-03-20 04:22:00 - INFO - epoch-180, train_mse_loss-0.0003229, train_kl_loss-0.0467797, train_diff_loss-0.2958691, val_mse_loss-0.0004385, val_kl_loss-0.0490582, val_diff_loss-0.2867530
2025-03-20 04:26:20 - INFO - epoch-181, train_mse_loss-0.0003230, train_kl_loss-0.0464574, train_diff_loss-0.2970959, val_mse_loss-0.0004503, val_kl_loss-0.0494300, val_diff_loss-0.2876559
2025-03-20 04:30:39 - INFO - epoch-182, train_mse_loss-0.0003230, train_kl_loss-0.0470000, train_diff_loss-0.2987614, val_mse_loss-0.0004477, val_kl_loss-0.0519424, val_diff_loss-0.2897846
2025-03-20 04:34:58 - INFO - epoch-183, train_mse_loss-0.0003230, train_kl_loss-0.0470445, train_diff_loss-0.3009740, val_mse_loss-0.0004606, val_kl_loss-0.0529892, val_diff_loss-0.2940694
2025-03-20 04:39:19 - INFO - epoch-184, train_mse_loss-0.0003229, train_kl_loss-0.0468551, train_diff_loss-0.2979970, val_mse_loss-0.0004748, val_kl_loss-0.0476917, val_diff_loss-0.2919413
2025-03-20 04:43:38 - INFO - epoch-185, train_mse_loss-0.0003230, train_kl_loss-0.0459885, train_diff_loss-0.2948088, val_mse_loss-0.0004477, val_kl_loss-0.0452488, val_diff_loss-0.3043568
2025-03-20 04:47:57 - INFO - epoch-186, train_mse_loss-0.0003229, train_kl_loss-0.0460904, train_diff_loss-0.2963105, val_mse_loss-0.0004723, val_kl_loss-0.0461122, val_diff_loss-0.2940808
2025-03-20 04:52:17 - INFO - epoch-187, train_mse_loss-0.0003229, train_kl_loss-0.0451040, train_diff_loss-0.2900543, val_mse_loss-0.0004555, val_kl_loss-0.0465538, val_diff_loss-0.2964973
2025-03-20 04:56:36 - INFO - epoch-188, train_mse_loss-0.0003230, train_kl_loss-0.0470624, train_diff_loss-0.3002725, val_mse_loss-0.0004630, val_kl_loss-0.0448955, val_diff_loss-0.3002602
2025-03-20 05:00:59 - INFO - epoch-189, train_mse_loss-0.0003229, train_kl_loss-0.0459863, train_diff_loss-0.2953453, val_mse_loss-0.0004417, val_kl_loss-0.0473966, val_diff_loss-0.2944729
2025-03-20 05:05:19 - INFO - epoch-190, train_mse_loss-0.0003229, train_kl_loss-0.0466556, train_diff_loss-0.2972113, val_mse_loss-0.0004417, val_kl_loss-0.0467189, val_diff_loss-0.2720665
2025-03-20 05:05:27 - INFO - Saved new best model at epoch 190 with validation loss 0.3192272
2025-03-20 05:09:48 - INFO - epoch-191, train_mse_loss-0.0003230, train_kl_loss-0.0455983, train_diff_loss-0.2946942, val_mse_loss-0.0004444, val_kl_loss-0.0460809, val_diff_loss-0.2864377
2025-03-20 05:14:07 - INFO - epoch-192, train_mse_loss-0.0003230, train_kl_loss-0.0472208, train_diff_loss-0.2986601, val_mse_loss-0.0004605, val_kl_loss-0.0446049, val_diff_loss-0.3024290
2025-03-20 05:18:26 - INFO - epoch-193, train_mse_loss-0.0003230, train_kl_loss-0.0456858, train_diff_loss-0.2966077, val_mse_loss-0.0004488, val_kl_loss-0.0515884, val_diff_loss-0.3074944
2025-03-20 05:22:48 - INFO - epoch-194, train_mse_loss-0.0003230, train_kl_loss-0.0469554, train_diff_loss-0.2968859, val_mse_loss-0.0004742, val_kl_loss-0.0377378, val_diff_loss-0.3089074
2025-03-20 05:27:11 - INFO - epoch-195, train_mse_loss-0.0003229, train_kl_loss-0.0471951, train_diff_loss-0.2991192, val_mse_loss-0.0004891, val_kl_loss-0.0451776, val_diff_loss-0.2946626
2025-03-20 05:31:31 - INFO - epoch-196, train_mse_loss-0.0003229, train_kl_loss-0.0470056, train_diff_loss-0.2992539, val_mse_loss-0.0004712, val_kl_loss-0.0482262, val_diff_loss-0.3017936
2025-03-20 05:35:50 - INFO - epoch-197, train_mse_loss-0.0003229, train_kl_loss-0.0465194, train_diff_loss-0.2968890, val_mse_loss-0.0004613, val_kl_loss-0.0450496, val_diff_loss-0.3015039
2025-03-20 05:40:10 - INFO - epoch-198, train_mse_loss-0.0003230, train_kl_loss-0.0464460, train_diff_loss-0.2963032, val_mse_loss-0.0004635, val_kl_loss-0.0431686, val_diff_loss-0.2970077
2025-03-20 05:44:31 - INFO - epoch-199, train_mse_loss-0.0003230, train_kl_loss-0.0475615, train_diff_loss-0.3029405, val_mse_loss-0.0004550, val_kl_loss-0.0465599, val_diff_loss-0.2910784
2025-03-20 05:48:50 - INFO - epoch-200, train_mse_loss-0.0003229, train_kl_loss-0.0457173, train_diff_loss-0.2948464, val_mse_loss-0.0004524, val_kl_loss-0.0440131, val_diff_loss-0.2955466
2025-03-20 05:53:09 - INFO - epoch-201, train_mse_loss-0.0003229, train_kl_loss-0.0472002, train_diff_loss-0.3014120, val_mse_loss-0.0004816, val_kl_loss-0.0498657, val_diff_loss-0.2845555
2025-03-20 05:57:28 - INFO - epoch-202, train_mse_loss-0.0003229, train_kl_loss-0.0459348, train_diff_loss-0.2933314, val_mse_loss-0.0004526, val_kl_loss-0.0478110, val_diff_loss-0.3121516
2025-03-20 06:01:48 - INFO - epoch-203, train_mse_loss-0.0003229, train_kl_loss-0.0461924, train_diff_loss-0.2949373, val_mse_loss-0.0004731, val_kl_loss-0.0460105, val_diff_loss-0.2955211
2025-03-20 06:06:09 - INFO - epoch-204, train_mse_loss-0.0003229, train_kl_loss-0.0457449, train_diff_loss-0.2922252, val_mse_loss-0.0004558, val_kl_loss-0.0477902, val_diff_loss-0.2777053
2025-03-20 06:10:29 - INFO - epoch-205, train_mse_loss-0.0003229, train_kl_loss-0.0481976, train_diff_loss-0.3018689, val_mse_loss-0.0004827, val_kl_loss-0.0481892, val_diff_loss-0.3008438
2025-03-20 06:14:49 - INFO - epoch-206, train_mse_loss-0.0003230, train_kl_loss-0.0454147, train_diff_loss-0.2909593, val_mse_loss-0.0004473, val_kl_loss-0.0459787, val_diff_loss-0.2885637
2025-03-20 06:19:08 - INFO - epoch-207, train_mse_loss-0.0003229, train_kl_loss-0.0472243, train_diff_loss-0.3004805, val_mse_loss-0.0004460, val_kl_loss-0.0462091, val_diff_loss-0.2978697
2025-03-20 06:23:27 - INFO - epoch-208, train_mse_loss-0.0003229, train_kl_loss-0.0477016, train_diff_loss-0.3006227, val_mse_loss-0.0004760, val_kl_loss-0.0494590, val_diff_loss-0.2924660
2025-03-20 06:27:46 - INFO - epoch-209, train_mse_loss-0.0003229, train_kl_loss-0.0461451, train_diff_loss-0.2935073, val_mse_loss-0.0004722, val_kl_loss-0.0456815, val_diff_loss-0.2944187
2025-03-20 06:32:06 - INFO - epoch-210, train_mse_loss-0.0003230, train_kl_loss-0.0455994, train_diff_loss-0.2965145, val_mse_loss-0.0004796, val_kl_loss-0.0486026, val_diff_loss-0.2872522
2025-03-20 06:36:25 - INFO - epoch-211, train_mse_loss-0.0003229, train_kl_loss-0.0452642, train_diff_loss-0.2909185, val_mse_loss-0.0004470, val_kl_loss-0.0453732, val_diff_loss-0.2940673
2025-03-20 06:40:45 - INFO - epoch-212, train_mse_loss-0.0003229, train_kl_loss-0.0472366, train_diff_loss-0.2999021, val_mse_loss-0.0004514, val_kl_loss-0.0493786, val_diff_loss-0.2777769
2025-03-20 06:45:06 - INFO - epoch-213, train_mse_loss-0.0003229, train_kl_loss-0.0461171, train_diff_loss-0.2971619, val_mse_loss-0.0004528, val_kl_loss-0.0430334, val_diff_loss-0.3037966
2025-03-20 06:49:25 - INFO - epoch-214, train_mse_loss-0.0003229, train_kl_loss-0.0467025, train_diff_loss-0.2990593, val_mse_loss-0.0004616, val_kl_loss-0.0489009, val_diff_loss-0.3075413
2025-03-20 06:53:45 - INFO - epoch-215, train_mse_loss-0.0003229, train_kl_loss-0.0475535, train_diff_loss-0.3015393, val_mse_loss-0.0004629, val_kl_loss-0.0464119, val_diff_loss-0.2978675
2025-03-20 06:58:05 - INFO - epoch-216, train_mse_loss-0.0003229, train_kl_loss-0.0468962, train_diff_loss-0.3000220, val_mse_loss-0.0004522, val_kl_loss-0.0473718, val_diff_loss-0.2841405
2025-03-20 07:02:24 - INFO - epoch-217, train_mse_loss-0.0003229, train_kl_loss-0.0459246, train_diff_loss-0.2966869, val_mse_loss-0.0004811, val_kl_loss-0.0486661, val_diff_loss-0.3026812
2025-03-20 07:06:44 - INFO - epoch-218, train_mse_loss-0.0003229, train_kl_loss-0.0456500, train_diff_loss-0.2930404, val_mse_loss-0.0004818, val_kl_loss-0.0420966, val_diff_loss-0.3007635
2025-03-20 07:11:03 - INFO - epoch-219, train_mse_loss-0.0003229, train_kl_loss-0.0469547, train_diff_loss-0.2992590, val_mse_loss-0.0004921, val_kl_loss-0.0464684, val_diff_loss-0.2938673
2025-03-20 07:15:23 - INFO - epoch-220, train_mse_loss-0.0003229, train_kl_loss-0.0464085, train_diff_loss-0.2964659, val_mse_loss-0.0004563, val_kl_loss-0.0468658, val_diff_loss-0.3160044
2025-03-20 07:19:43 - INFO - epoch-221, train_mse_loss-0.0003229, train_kl_loss-0.0465861, train_diff_loss-0.2980033, val_mse_loss-0.0004764, val_kl_loss-0.0463947, val_diff_loss-0.3174649
2025-03-20 07:24:02 - INFO - epoch-222, train_mse_loss-0.0003229, train_kl_loss-0.0451007, train_diff_loss-0.2955890, val_mse_loss-0.0004529, val_kl_loss-0.0487105, val_diff_loss-0.2936814
2025-03-20 07:28:23 - INFO - epoch-223, train_mse_loss-0.0003229, train_kl_loss-0.0458839, train_diff_loss-0.2920281, val_mse_loss-0.0004945, val_kl_loss-0.0444056, val_diff_loss-0.3175374
2025-03-20 07:32:44 - INFO - epoch-224, train_mse_loss-0.0003229, train_kl_loss-0.0459409, train_diff_loss-0.2940125, val_mse_loss-0.0004635, val_kl_loss-0.0468131, val_diff_loss-0.2932218
2025-03-20 07:37:04 - INFO - epoch-225, train_mse_loss-0.0003229, train_kl_loss-0.0464885, train_diff_loss-0.2961519, val_mse_loss-0.0004607, val_kl_loss-0.0468654, val_diff_loss-0.2994196
2025-03-20 07:41:28 - INFO - epoch-226, train_mse_loss-0.0003229, train_kl_loss-0.0467819, train_diff_loss-0.2961743, val_mse_loss-0.0004735, val_kl_loss-0.0438184, val_diff_loss-0.3098729
2025-03-20 07:45:48 - INFO - epoch-227, train_mse_loss-0.0003229, train_kl_loss-0.0451077, train_diff_loss-0.2940257, val_mse_loss-0.0004916, val_kl_loss-0.0437473, val_diff_loss-0.2953559
2025-03-20 07:50:08 - INFO - epoch-228, train_mse_loss-0.0003229, train_kl_loss-0.0461939, train_diff_loss-0.2986270, val_mse_loss-0.0004496, val_kl_loss-0.0464555, val_diff_loss-0.3072011
2025-03-20 07:54:28 - INFO - epoch-229, train_mse_loss-0.0003229, train_kl_loss-0.0456176, train_diff_loss-0.2922192, val_mse_loss-0.0004682, val_kl_loss-0.0475224, val_diff_loss-0.2830442
2025-03-20 07:58:48 - INFO - epoch-230, train_mse_loss-0.0003229, train_kl_loss-0.0466999, train_diff_loss-0.2954039, val_mse_loss-0.0005050, val_kl_loss-0.0497161, val_diff_loss-0.2984895
2025-03-20 08:03:08 - INFO - epoch-231, train_mse_loss-0.0003229, train_kl_loss-0.0463640, train_diff_loss-0.2941343, val_mse_loss-0.0004643, val_kl_loss-0.0463601, val_diff_loss-0.3037844
2025-03-20 08:07:29 - INFO - epoch-232, train_mse_loss-0.0003229, train_kl_loss-0.0458539, train_diff_loss-0.2930933, val_mse_loss-0.0004713, val_kl_loss-0.0436500, val_diff_loss-0.3156621
2025-03-20 08:11:47 - INFO - epoch-233, train_mse_loss-0.0003229, train_kl_loss-0.0469091, train_diff_loss-0.2985449, val_mse_loss-0.0004634, val_kl_loss-0.0473063, val_diff_loss-0.2973258
2025-03-20 08:16:07 - INFO - epoch-234, train_mse_loss-0.0003229, train_kl_loss-0.0455184, train_diff_loss-0.2940386, val_mse_loss-0.0004709, val_kl_loss-0.0424083, val_diff_loss-0.2917463
2025-03-20 08:20:27 - INFO - epoch-235, train_mse_loss-0.0003230, train_kl_loss-0.0459702, train_diff_loss-0.2937110, val_mse_loss-0.0004601, val_kl_loss-0.0461167, val_diff_loss-0.2976874
2025-03-20 08:24:48 - INFO - epoch-236, train_mse_loss-0.0003229, train_kl_loss-0.0453930, train_diff_loss-0.2932307, val_mse_loss-0.0004712, val_kl_loss-0.0477588, val_diff_loss-0.2896330
2025-03-20 08:29:07 - INFO - epoch-237, train_mse_loss-0.0003229, train_kl_loss-0.0462318, train_diff_loss-0.2927634, val_mse_loss-0.0004920, val_kl_loss-0.0452230, val_diff_loss-0.2951644
2025-03-20 08:33:28 - INFO - epoch-238, train_mse_loss-0.0003229, train_kl_loss-0.0479101, train_diff_loss-0.3007842, val_mse_loss-0.0004682, val_kl_loss-0.0439367, val_diff_loss-0.3057964
2025-03-20 08:37:48 - INFO - epoch-239, train_mse_loss-0.0003229, train_kl_loss-0.0451659, train_diff_loss-0.2921053, val_mse_loss-0.0004615, val_kl_loss-0.0465926, val_diff_loss-0.3089980
2025-03-20 08:42:08 - INFO - epoch-240, train_mse_loss-0.0003229, train_kl_loss-0.0469155, train_diff_loss-0.2962885, val_mse_loss-0.0004766, val_kl_loss-0.0488788, val_diff_loss-0.3006761
2025-03-20 08:46:28 - INFO - epoch-241, train_mse_loss-0.0003229, train_kl_loss-0.0469826, train_diff_loss-0.2985088, val_mse_loss-0.0004756, val_kl_loss-0.0498290, val_diff_loss-0.2890296
2025-03-20 08:50:50 - INFO - epoch-242, train_mse_loss-0.0003229, train_kl_loss-0.0473481, train_diff_loss-0.2964423, val_mse_loss-0.0005052, val_kl_loss-0.0445105, val_diff_loss-0.3003669
2025-03-20 08:55:11 - INFO - epoch-243, train_mse_loss-0.0003229, train_kl_loss-0.0467806, train_diff_loss-0.2996249, val_mse_loss-0.0004580, val_kl_loss-0.0483117, val_diff_loss-0.2918702
2025-03-20 08:59:32 - INFO - epoch-244, train_mse_loss-0.0003229, train_kl_loss-0.0460423, train_diff_loss-0.2974251, val_mse_loss-0.0004631, val_kl_loss-0.0414786, val_diff_loss-0.3033752
2025-03-20 09:03:53 - INFO - epoch-245, train_mse_loss-0.0003230, train_kl_loss-0.0469245, train_diff_loss-0.2959226, val_mse_loss-0.0004648, val_kl_loss-0.0434614, val_diff_loss-0.2951737
2025-03-20 09:08:14 - INFO - epoch-246, train_mse_loss-0.0003230, train_kl_loss-0.0459114, train_diff_loss-0.2950063, val_mse_loss-0.0004587, val_kl_loss-0.0470998, val_diff_loss-0.2913270
2025-03-20 09:12:34 - INFO - epoch-247, train_mse_loss-0.0003230, train_kl_loss-0.0461077, train_diff_loss-0.2936009, val_mse_loss-0.0004747, val_kl_loss-0.0455609, val_diff_loss-0.2981881
2025-03-20 09:16:56 - INFO - epoch-248, train_mse_loss-0.0003230, train_kl_loss-0.0463882, train_diff_loss-0.2939623, val_mse_loss-0.0004551, val_kl_loss-0.0438795, val_diff_loss-0.3114337
2025-03-20 09:21:17 - INFO - epoch-249, train_mse_loss-0.0003229, train_kl_loss-0.0463279, train_diff_loss-0.2964801, val_mse_loss-0.0004806, val_kl_loss-0.0441896, val_diff_loss-0.2939236
2025-03-20 09:25:39 - INFO - epoch-250, train_mse_loss-0.0003229, train_kl_loss-0.0462493, train_diff_loss-0.2973268, val_mse_loss-0.0004501, val_kl_loss-0.0487998, val_diff_loss-0.3072271
2025-03-20 09:30:00 - INFO - epoch-251, train_mse_loss-0.0003229, train_kl_loss-0.0466281, train_diff_loss-0.2960297, val_mse_loss-0.0004863, val_kl_loss-0.0452973, val_diff_loss-0.3017821
2025-03-20 09:34:21 - INFO - epoch-252, train_mse_loss-0.0003229, train_kl_loss-0.0459323, train_diff_loss-0.2938386, val_mse_loss-0.0004956, val_kl_loss-0.0454400, val_diff_loss-0.3134494
2025-03-20 09:38:43 - INFO - epoch-253, train_mse_loss-0.0003229, train_kl_loss-0.0468354, train_diff_loss-0.2985382, val_mse_loss-0.0004823, val_kl_loss-0.0495655, val_diff_loss-0.3096593
2025-03-20 09:43:04 - INFO - epoch-254, train_mse_loss-0.0003229, train_kl_loss-0.0467325, train_diff_loss-0.2982382, val_mse_loss-0.0004729, val_kl_loss-0.0477086, val_diff_loss-0.2946126
2025-03-20 09:47:25 - INFO - epoch-255, train_mse_loss-0.0003229, train_kl_loss-0.0466163, train_diff_loss-0.2959926, val_mse_loss-0.0004752, val_kl_loss-0.0455500, val_diff_loss-0.2682114
2025-03-20 09:47:34 - INFO - Saved new best model at epoch 255 with validation loss 0.3142366
2025-03-20 09:51:57 - INFO - epoch-256, train_mse_loss-0.0003229, train_kl_loss-0.0466628, train_diff_loss-0.3002741, val_mse_loss-0.0004600, val_kl_loss-0.0476599, val_diff_loss-0.2938751
2025-03-20 09:56:18 - INFO - epoch-257, train_mse_loss-0.0003229, train_kl_loss-0.0451163, train_diff_loss-0.2916826, val_mse_loss-0.0004705, val_kl_loss-0.0446773, val_diff_loss-0.2989409
2025-03-20 10:00:40 - INFO - epoch-258, train_mse_loss-0.0003229, train_kl_loss-0.0460816, train_diff_loss-0.2967502, val_mse_loss-0.0004579, val_kl_loss-0.0438769, val_diff_loss-0.2929094
2025-03-20 10:05:02 - INFO - epoch-259, train_mse_loss-0.0003229, train_kl_loss-0.0451921, train_diff_loss-0.2947981, val_mse_loss-0.0004497, val_kl_loss-0.0537126, val_diff_loss-0.2966513
2025-03-20 10:09:23 - INFO - epoch-260, train_mse_loss-0.0003229, train_kl_loss-0.0495912, train_diff_loss-0.3091586, val_mse_loss-0.0004695, val_kl_loss-0.0461506, val_diff_loss-0.2839117
2025-03-20 10:13:45 - INFO - epoch-261, train_mse_loss-0.0003229, train_kl_loss-0.0460633, train_diff_loss-0.2970820, val_mse_loss-0.0004701, val_kl_loss-0.0499752, val_diff_loss-0.2883733
2025-03-20 10:18:06 - INFO - epoch-262, train_mse_loss-0.0003229, train_kl_loss-0.0466127, train_diff_loss-0.2963188, val_mse_loss-0.0004655, val_kl_loss-0.0421711, val_diff_loss-0.2976924
2025-03-20 10:22:28 - INFO - epoch-263, train_mse_loss-0.0003229, train_kl_loss-0.0475621, train_diff_loss-0.3016876, val_mse_loss-0.0004676, val_kl_loss-0.0495004, val_diff_loss-0.2840693
2025-03-20 10:26:51 - INFO - epoch-264, train_mse_loss-0.0003230, train_kl_loss-0.0477384, train_diff_loss-0.3014470, val_mse_loss-0.0004575, val_kl_loss-0.0482664, val_diff_loss-0.2940599
2025-03-20 10:31:12 - INFO - epoch-265, train_mse_loss-0.0003229, train_kl_loss-0.0458817, train_diff_loss-0.2955493, val_mse_loss-0.0004780, val_kl_loss-0.0439752, val_diff_loss-0.2942153
2025-03-20 10:35:35 - INFO - epoch-266, train_mse_loss-0.0003229, train_kl_loss-0.0464074, train_diff_loss-0.2956557, val_mse_loss-0.0004977, val_kl_loss-0.0452696, val_diff_loss-0.3014394
2025-03-20 10:39:56 - INFO - epoch-267, train_mse_loss-0.0003229, train_kl_loss-0.0473112, train_diff_loss-0.2989922, val_mse_loss-0.0004929, val_kl_loss-0.0465445, val_diff_loss-0.2916966
2025-03-20 10:44:19 - INFO - epoch-268, train_mse_loss-0.0003229, train_kl_loss-0.0453707, train_diff_loss-0.2918949, val_mse_loss-0.0004631, val_kl_loss-0.0478994, val_diff_loss-0.2967185
2025-03-20 10:48:40 - INFO - epoch-269, train_mse_loss-0.0003229, train_kl_loss-0.0467613, train_diff_loss-0.2956094, val_mse_loss-0.0004636, val_kl_loss-0.0438788, val_diff_loss-0.3112492
2025-03-20 10:53:01 - INFO - epoch-270, train_mse_loss-0.0003229, train_kl_loss-0.0458542, train_diff_loss-0.3003877, val_mse_loss-0.0004730, val_kl_loss-0.0459724, val_diff_loss-0.3037707
2025-03-20 10:57:23 - INFO - epoch-271, train_mse_loss-0.0003229, train_kl_loss-0.0460178, train_diff_loss-0.2956956, val_mse_loss-0.0004974, val_kl_loss-0.0482416, val_diff_loss-0.3108630
2025-03-20 11:01:43 - INFO - epoch-272, train_mse_loss-0.0003229, train_kl_loss-0.0476710, train_diff_loss-0.3010304, val_mse_loss-0.0004545, val_kl_loss-0.0487450, val_diff_loss-0.2965662
2025-03-20 11:06:05 - INFO - epoch-273, train_mse_loss-0.0003229, train_kl_loss-0.0461174, train_diff_loss-0.2953776, val_mse_loss-0.0004447, val_kl_loss-0.0458422, val_diff_loss-0.2757955
2025-03-20 11:10:26 - INFO - epoch-274, train_mse_loss-0.0003229, train_kl_loss-0.0453071, train_diff_loss-0.2920719, val_mse_loss-0.0004629, val_kl_loss-0.0463368, val_diff_loss-0.2940559
2025-03-20 11:14:48 - INFO - epoch-275, train_mse_loss-0.0003229, train_kl_loss-0.0468085, train_diff_loss-0.2976313, val_mse_loss-0.0004629, val_kl_loss-0.0467622, val_diff_loss-0.2933046
2025-03-20 11:19:09 - INFO - epoch-276, train_mse_loss-0.0003229, train_kl_loss-0.0468534, train_diff_loss-0.3001461, val_mse_loss-0.0004495, val_kl_loss-0.0493249, val_diff_loss-0.2839699
2025-03-20 11:23:30 - INFO - epoch-277, train_mse_loss-0.0003229, train_kl_loss-0.0462054, train_diff_loss-0.2956202, val_mse_loss-0.0004593, val_kl_loss-0.0465913, val_diff_loss-0.3080181
2025-03-20 11:27:52 - INFO - epoch-278, train_mse_loss-0.0003230, train_kl_loss-0.0458514, train_diff_loss-0.2963553, val_mse_loss-0.0004980, val_kl_loss-0.0474690, val_diff_loss-0.2967296
2025-03-20 11:32:14 - INFO - epoch-279, train_mse_loss-0.0003229, train_kl_loss-0.0469253, train_diff_loss-0.3016354, val_mse_loss-0.0004704, val_kl_loss-0.0514136, val_diff_loss-0.2933478
2025-03-20 11:36:35 - INFO - epoch-280, train_mse_loss-0.0003229, train_kl_loss-0.0469539, train_diff_loss-0.2984121, val_mse_loss-0.0004712, val_kl_loss-0.0461095, val_diff_loss-0.2998502
2025-03-20 11:40:58 - INFO - epoch-281, train_mse_loss-0.0003229, train_kl_loss-0.0469131, train_diff_loss-0.2966745, val_mse_loss-0.0004484, val_kl_loss-0.0409850, val_diff_loss-0.3149368
2025-03-20 11:45:19 - INFO - epoch-282, train_mse_loss-0.0003229, train_kl_loss-0.0459419, train_diff_loss-0.2979890, val_mse_loss-0.0004524, val_kl_loss-0.0484172, val_diff_loss-0.2785213
2025-03-20 11:49:40 - INFO - epoch-283, train_mse_loss-0.0003229, train_kl_loss-0.0469077, train_diff_loss-0.2992700, val_mse_loss-0.0004495, val_kl_loss-0.0486436, val_diff_loss-0.2886123
2025-03-20 11:54:01 - INFO - epoch-284, train_mse_loss-0.0003229, train_kl_loss-0.0461110, train_diff_loss-0.2945287, val_mse_loss-0.0004512, val_kl_loss-0.0441885, val_diff_loss-0.2979089
2025-03-20 11:58:23 - INFO - epoch-285, train_mse_loss-0.0003229, train_kl_loss-0.0468574, train_diff_loss-0.2978279, val_mse_loss-0.0004515, val_kl_loss-0.0460769, val_diff_loss-0.3059039
2025-03-20 12:02:45 - INFO - epoch-286, train_mse_loss-0.0003229, train_kl_loss-0.0468248, train_diff_loss-0.2985340, val_mse_loss-0.0004805, val_kl_loss-0.0477182, val_diff_loss-0.2919048
2025-03-20 12:07:06 - INFO - epoch-287, train_mse_loss-0.0003229, train_kl_loss-0.0464120, train_diff_loss-0.2965524, val_mse_loss-0.0005259, val_kl_loss-0.0377657, val_diff_loss-0.3061242
2025-03-20 12:11:26 - INFO - epoch-288, train_mse_loss-0.0003229, train_kl_loss-0.0465779, train_diff_loss-0.2989907, val_mse_loss-0.0004716, val_kl_loss-0.0486703, val_diff_loss-0.2901010
2025-03-20 12:15:48 - INFO - epoch-289, train_mse_loss-0.0003229, train_kl_loss-0.0462637, train_diff_loss-0.2949182, val_mse_loss-0.0004705, val_kl_loss-0.0461727, val_diff_loss-0.2780295
2025-03-20 12:20:09 - INFO - epoch-290, train_mse_loss-0.0003229, train_kl_loss-0.0463071, train_diff_loss-0.2973382, val_mse_loss-0.0004810, val_kl_loss-0.0459750, val_diff_loss-0.3059181
2025-03-20 12:24:31 - INFO - epoch-291, train_mse_loss-0.0003229, train_kl_loss-0.0462801, train_diff_loss-0.2951717, val_mse_loss-0.0004594, val_kl_loss-0.0459194, val_diff_loss-0.3105932
2025-03-20 12:28:53 - INFO - epoch-292, train_mse_loss-0.0003229, train_kl_loss-0.0470007, train_diff_loss-0.2981532, val_mse_loss-0.0004720, val_kl_loss-0.0454673, val_diff_loss-0.2956957
2025-03-20 12:33:15 - INFO - epoch-293, train_mse_loss-0.0003229, train_kl_loss-0.0445915, train_diff_loss-0.2910770, val_mse_loss-0.0004616, val_kl_loss-0.0460100, val_diff_loss-0.2918592
2025-03-20 12:37:36 - INFO - epoch-294, train_mse_loss-0.0003229, train_kl_loss-0.0471304, train_diff_loss-0.2984129, val_mse_loss-0.0004678, val_kl_loss-0.0465658, val_diff_loss-0.2953773
2025-03-20 12:41:58 - INFO - epoch-295, train_mse_loss-0.0003229, train_kl_loss-0.0469422, train_diff_loss-0.2968092, val_mse_loss-0.0004656, val_kl_loss-0.0436979, val_diff_loss-0.3061142
2025-03-20 12:46:20 - INFO - epoch-296, train_mse_loss-0.0003229, train_kl_loss-0.0444763, train_diff_loss-0.2932502, val_mse_loss-0.0004768, val_kl_loss-0.0457164, val_diff_loss-0.2934706
2025-03-20 12:50:42 - INFO - epoch-297, train_mse_loss-0.0003229, train_kl_loss-0.0469738, train_diff_loss-0.2953780, val_mse_loss-0.0004773, val_kl_loss-0.0467779, val_diff_loss-0.2852426
2025-03-20 12:55:04 - INFO - epoch-298, train_mse_loss-0.0003229, train_kl_loss-0.0465774, train_diff_loss-0.2981980, val_mse_loss-0.0004808, val_kl_loss-0.0485526, val_diff_loss-0.3109196
2025-03-20 12:59:25 - INFO - epoch-299, train_mse_loss-0.0003229, train_kl_loss-0.0461359, train_diff_loss-0.2930184, val_mse_loss-0.0004642, val_kl_loss-0.0469554, val_diff_loss-0.2939276
2025-03-20 13:03:48 - INFO - epoch-300, train_mse_loss-0.0003229, train_kl_loss-0.0462555, train_diff_loss-0.2950979, val_mse_loss-0.0004633, val_kl_loss-0.0480477, val_diff_loss-0.2982803
2025-03-20 13:08:09 - INFO - epoch-301, train_mse_loss-0.0003229, train_kl_loss-0.0463659, train_diff_loss-0.2940271, val_mse_loss-0.0004744, val_kl_loss-0.0457664, val_diff_loss-0.3050723
2025-03-20 13:12:30 - INFO - epoch-302, train_mse_loss-0.0003229, train_kl_loss-0.0465672, train_diff_loss-0.2963092, val_mse_loss-0.0004805, val_kl_loss-0.0468123, val_diff_loss-0.2965222
2025-03-20 13:16:52 - INFO - epoch-303, train_mse_loss-0.0003229, train_kl_loss-0.0463183, train_diff_loss-0.2945493, val_mse_loss-0.0004714, val_kl_loss-0.0457676, val_diff_loss-0.2811040
2025-03-20 13:21:14 - INFO - epoch-304, train_mse_loss-0.0003229, train_kl_loss-0.0466296, train_diff_loss-0.2981727, val_mse_loss-0.0004684, val_kl_loss-0.0490376, val_diff_loss-0.3059293
2025-03-20 13:25:35 - INFO - epoch-305, train_mse_loss-0.0003229, train_kl_loss-0.0461104, train_diff_loss-0.2971523, val_mse_loss-0.0004602, val_kl_loss-0.0460177, val_diff_loss-0.2789838
2025-03-20 13:29:56 - INFO - epoch-306, train_mse_loss-0.0003229, train_kl_loss-0.0474664, train_diff_loss-0.3000115, val_mse_loss-0.0004511, val_kl_loss-0.0462341, val_diff_loss-0.3010131
2025-03-20 13:34:17 - INFO - epoch-307, train_mse_loss-0.0003230, train_kl_loss-0.0474978, train_diff_loss-0.3003118, val_mse_loss-0.0004704, val_kl_loss-0.0469061, val_diff_loss-0.2935685
2025-03-20 13:38:39 - INFO - epoch-308, train_mse_loss-0.0003229, train_kl_loss-0.0452871, train_diff_loss-0.2937272, val_mse_loss-0.0004691, val_kl_loss-0.0490745, val_diff_loss-0.2971979
2025-03-20 13:43:01 - INFO - epoch-309, train_mse_loss-0.0003229, train_kl_loss-0.0466791, train_diff_loss-0.2990664, val_mse_loss-0.0004891, val_kl_loss-0.0512469, val_diff_loss-0.2983482
2025-03-20 13:47:22 - INFO - epoch-310, train_mse_loss-0.0003229, train_kl_loss-0.0470529, train_diff_loss-0.2972867, val_mse_loss-0.0004774, val_kl_loss-0.0458854, val_diff_loss-0.3005860
2025-03-20 13:51:44 - INFO - epoch-311, train_mse_loss-0.0003229, train_kl_loss-0.0464708, train_diff_loss-0.2950638, val_mse_loss-0.0004633, val_kl_loss-0.0454443, val_diff_loss-0.2940332
2025-03-20 13:56:06 - INFO - epoch-312, train_mse_loss-0.0003229, train_kl_loss-0.0464045, train_diff_loss-0.2970769, val_mse_loss-0.0004532, val_kl_loss-0.0465806, val_diff_loss-0.3136636
2025-03-20 14:00:27 - INFO - epoch-313, train_mse_loss-0.0003229, train_kl_loss-0.0462484, train_diff_loss-0.2979025, val_mse_loss-0.0004678, val_kl_loss-0.0514363, val_diff_loss-0.3117602
2025-03-20 14:04:48 - INFO - epoch-314, train_mse_loss-0.0003229, train_kl_loss-0.0475351, train_diff_loss-0.3007616, val_mse_loss-0.0004669, val_kl_loss-0.0493261, val_diff_loss-0.2870805
2025-03-20 14:09:09 - INFO - epoch-315, train_mse_loss-0.0003229, train_kl_loss-0.0465176, train_diff_loss-0.2973804, val_mse_loss-0.0004684, val_kl_loss-0.0462653, val_diff_loss-0.2888114
2025-03-20 14:13:30 - INFO - epoch-316, train_mse_loss-0.0003229, train_kl_loss-0.0469139, train_diff_loss-0.2991288, val_mse_loss-0.0004552, val_kl_loss-0.0487402, val_diff_loss-0.2831581
2025-03-20 14:17:51 - INFO - epoch-317, train_mse_loss-0.0003229, train_kl_loss-0.0452978, train_diff_loss-0.2923396, val_mse_loss-0.0004819, val_kl_loss-0.0436856, val_diff_loss-0.3057282
2025-03-20 14:22:12 - INFO - epoch-318, train_mse_loss-0.0003229, train_kl_loss-0.0456153, train_diff_loss-0.2946322, val_mse_loss-0.0005074, val_kl_loss-0.0451043, val_diff_loss-0.3198374
2025-03-20 14:26:33 - INFO - epoch-319, train_mse_loss-0.0003229, train_kl_loss-0.0460570, train_diff_loss-0.2977804, val_mse_loss-0.0004684, val_kl_loss-0.0332230, val_diff_loss-0.3061938
2025-03-20 14:30:54 - INFO - epoch-320, train_mse_loss-0.0003229, train_kl_loss-0.0459976, train_diff_loss-0.2932627, val_mse_loss-0.0004704, val_kl_loss-0.0453012, val_diff_loss-0.2802546
2025-03-20 14:35:16 - INFO - epoch-321, train_mse_loss-0.0003229, train_kl_loss-0.0460778, train_diff_loss-0.2940009, val_mse_loss-0.0005006, val_kl_loss-0.0465231, val_diff_loss-0.2923590
2025-03-20 14:39:37 - INFO - epoch-322, train_mse_loss-0.0003229, train_kl_loss-0.0462235, train_diff_loss-0.2973611, val_mse_loss-0.0004531, val_kl_loss-0.0513452, val_diff_loss-0.2949196
2025-03-20 14:43:58 - INFO - epoch-323, train_mse_loss-0.0003229, train_kl_loss-0.0460544, train_diff_loss-0.2942227, val_mse_loss-0.0004503, val_kl_loss-0.0477004, val_diff_loss-0.2952382
2025-03-20 14:48:19 - INFO - epoch-324, train_mse_loss-0.0003229, train_kl_loss-0.0465186, train_diff_loss-0.2932093, val_mse_loss-0.0004645, val_kl_loss-0.0453813, val_diff_loss-0.2961236
2025-03-20 14:52:40 - INFO - epoch-325, train_mse_loss-0.0003229, train_kl_loss-0.0471135, train_diff_loss-0.3002693, val_mse_loss-0.0004633, val_kl_loss-0.0490163, val_diff_loss-0.3053213
2025-03-20 14:57:01 - INFO - epoch-326, train_mse_loss-0.0003229, train_kl_loss-0.0466405, train_diff_loss-0.2970425, val_mse_loss-0.0004656, val_kl_loss-0.0442704, val_diff_loss-0.3044198
2025-03-20 15:01:22 - INFO - epoch-327, train_mse_loss-0.0003229, train_kl_loss-0.0466064, train_diff_loss-0.2985193, val_mse_loss-0.0004754, val_kl_loss-0.0466105, val_diff_loss-0.2967352
2025-03-20 15:05:44 - INFO - epoch-328, train_mse_loss-0.0003229, train_kl_loss-0.0453530, train_diff_loss-0.2913902, val_mse_loss-0.0004584, val_kl_loss-0.0481441, val_diff_loss-0.3066746
2025-03-20 15:10:06 - INFO - epoch-329, train_mse_loss-0.0003229, train_kl_loss-0.0476612, train_diff_loss-0.2991528, val_mse_loss-0.0004997, val_kl_loss-0.0486573, val_diff_loss-0.2935434
2025-03-20 15:14:27 - INFO - epoch-330, train_mse_loss-0.0003229, train_kl_loss-0.0475115, train_diff_loss-0.3001729, val_mse_loss-0.0004678, val_kl_loss-0.0464604, val_diff_loss-0.2836754
2025-03-20 15:18:49 - INFO - epoch-331, train_mse_loss-0.0003229, train_kl_loss-0.0472996, train_diff_loss-0.3003186, val_mse_loss-0.0004578, val_kl_loss-0.0489656, val_diff_loss-0.2881359
2025-03-20 15:23:10 - INFO - epoch-332, train_mse_loss-0.0003229, train_kl_loss-0.0471792, train_diff_loss-0.3012133, val_mse_loss-0.0004534, val_kl_loss-0.0497737, val_diff_loss-0.3012492
2025-03-20 15:27:32 - INFO - epoch-333, train_mse_loss-0.0003229, train_kl_loss-0.0462733, train_diff_loss-0.2946478, val_mse_loss-0.0004527, val_kl_loss-0.0456009, val_diff_loss-0.2909263
2025-03-20 15:31:52 - INFO - epoch-334, train_mse_loss-0.0003229, train_kl_loss-0.0463245, train_diff_loss-0.2962987, val_mse_loss-0.0004829, val_kl_loss-0.0424045, val_diff_loss-0.2978316
2025-03-20 15:36:14 - INFO - epoch-335, train_mse_loss-0.0003229, train_kl_loss-0.0468216, train_diff_loss-0.2987284, val_mse_loss-0.0004756, val_kl_loss-0.0458579, val_diff_loss-0.3090735
2025-03-20 15:40:34 - INFO - epoch-336, train_mse_loss-0.0003229, train_kl_loss-0.0454775, train_diff_loss-0.2940179, val_mse_loss-0.0004685, val_kl_loss-0.0486908, val_diff_loss-0.3039239
2025-03-20 15:44:55 - INFO - epoch-337, train_mse_loss-0.0003229, train_kl_loss-0.0475461, train_diff_loss-0.2997929, val_mse_loss-0.0004558, val_kl_loss-0.0454835, val_diff_loss-0.3056977
2025-03-20 15:49:17 - INFO - epoch-338, train_mse_loss-0.0003229, train_kl_loss-0.0481436, train_diff_loss-0.3022113, val_mse_loss-0.0004812, val_kl_loss-0.0454578, val_diff_loss-0.2817265
2025-03-20 15:53:38 - INFO - epoch-339, train_mse_loss-0.0003229, train_kl_loss-0.0467151, train_diff_loss-0.2984335, val_mse_loss-0.0004655, val_kl_loss-0.0454460, val_diff_loss-0.2899517
2025-03-20 15:57:59 - INFO - epoch-340, train_mse_loss-0.0003229, train_kl_loss-0.0455666, train_diff_loss-0.2944953, val_mse_loss-0.0004654, val_kl_loss-0.0481397, val_diff_loss-0.2954625
2025-03-20 16:02:21 - INFO - epoch-341, train_mse_loss-0.0003229, train_kl_loss-0.0462381, train_diff_loss-0.2942720, val_mse_loss-0.0004617, val_kl_loss-0.0461975, val_diff_loss-0.3030987
2025-03-20 16:06:42 - INFO - epoch-342, train_mse_loss-0.0003229, train_kl_loss-0.0456687, train_diff_loss-0.2936933, val_mse_loss-0.0005011, val_kl_loss-0.0474009, val_diff_loss-0.2979244
2025-03-20 16:11:05 - INFO - epoch-343, train_mse_loss-0.0003229, train_kl_loss-0.0465067, train_diff_loss-0.2992150, val_mse_loss-0.0004655, val_kl_loss-0.0529084, val_diff_loss-0.2910685
2025-03-20 16:15:26 - INFO - epoch-344, train_mse_loss-0.0003229, train_kl_loss-0.0469359, train_diff_loss-0.2970073, val_mse_loss-0.0005118, val_kl_loss-0.0484242, val_diff_loss-0.2856918
2025-03-20 16:19:47 - INFO - epoch-345, train_mse_loss-0.0003229, train_kl_loss-0.0465593, train_diff_loss-0.2961321, val_mse_loss-0.0004504, val_kl_loss-0.0459369, val_diff_loss-0.3115851
2025-03-20 16:24:08 - INFO - epoch-346, train_mse_loss-0.0003229, train_kl_loss-0.0465667, train_diff_loss-0.2977142, val_mse_loss-0.0004688, val_kl_loss-0.0448237, val_diff_loss-0.2933002
2025-03-20 16:28:29 - INFO - epoch-347, train_mse_loss-0.0003229, train_kl_loss-0.0456225, train_diff_loss-0.2930757, val_mse_loss-0.0004556, val_kl_loss-0.0461255, val_diff_loss-0.2918439
2025-03-20 16:32:51 - INFO - epoch-348, train_mse_loss-0.0003229, train_kl_loss-0.0462820, train_diff_loss-0.2969582, val_mse_loss-0.0004498, val_kl_loss-0.0471315, val_diff_loss-0.2944863
2025-03-20 16:37:12 - INFO - epoch-349, train_mse_loss-0.0003229, train_kl_loss-0.0467909, train_diff_loss-0.2976617, val_mse_loss-0.0004603, val_kl_loss-0.0504578, val_diff_loss-0.3118154
2025-03-20 16:41:35 - INFO - epoch-350, train_mse_loss-0.0003229, train_kl_loss-0.0474883, train_diff_loss-0.2992461, val_mse_loss-0.0004769, val_kl_loss-0.0472026, val_diff_loss-0.2892690
2025-03-20 16:45:57 - INFO - epoch-351, train_mse_loss-0.0003229, train_kl_loss-0.0469518, train_diff_loss-0.2996812, val_mse_loss-0.0004848, val_kl_loss-0.0477437, val_diff_loss-0.3080863
2025-03-20 16:50:18 - INFO - epoch-352, train_mse_loss-0.0003229, train_kl_loss-0.0469887, train_diff_loss-0.2986177, val_mse_loss-0.0004667, val_kl_loss-0.0479398, val_diff_loss-0.2969684
2025-03-20 16:54:39 - INFO - epoch-353, train_mse_loss-0.0003229, train_kl_loss-0.0478334, train_diff_loss-0.3017380, val_mse_loss-0.0004774, val_kl_loss-0.0458612, val_diff_loss-0.3041844
2025-03-20 16:59:00 - INFO - epoch-354, train_mse_loss-0.0003229, train_kl_loss-0.0469155, train_diff_loss-0.2987696, val_mse_loss-0.0004611, val_kl_loss-0.0461952, val_diff_loss-0.3100448
2025-03-20 17:03:20 - INFO - epoch-355, train_mse_loss-0.0003229, train_kl_loss-0.0477532, train_diff_loss-0.3041306, val_mse_loss-0.0004504, val_kl_loss-0.0499411, val_diff_loss-0.3189662
2025-03-20 17:07:43 - INFO - epoch-356, train_mse_loss-0.0003229, train_kl_loss-0.0478419, train_diff_loss-0.3006984, val_mse_loss-0.0004634, val_kl_loss-0.0473983, val_diff_loss-0.3178854
2025-03-20 17:12:05 - INFO - epoch-357, train_mse_loss-0.0003229, train_kl_loss-0.0455828, train_diff_loss-0.2946455, val_mse_loss-0.0004718, val_kl_loss-0.0469432, val_diff_loss-0.3091564
2025-03-20 17:16:27 - INFO - epoch-358, train_mse_loss-0.0003229, train_kl_loss-0.0472145, train_diff_loss-0.3023372, val_mse_loss-0.0004664, val_kl_loss-0.0468318, val_diff_loss-0.2753650
2025-03-20 17:20:50 - INFO - epoch-359, train_mse_loss-0.0003229, train_kl_loss-0.0461387, train_diff_loss-0.2947158, val_mse_loss-0.0004621, val_kl_loss-0.0450544, val_diff_loss-0.2979481
2025-03-20 17:25:11 - INFO - epoch-360, train_mse_loss-0.0003229, train_kl_loss-0.0463287, train_diff_loss-0.2970045, val_mse_loss-0.0004693, val_kl_loss-0.0450584, val_diff_loss-0.3078073
2025-03-20 17:29:33 - INFO - epoch-361, train_mse_loss-0.0003229, train_kl_loss-0.0465016, train_diff_loss-0.2962553, val_mse_loss-0.0004645, val_kl_loss-0.0462550, val_diff_loss-0.3065160
2025-03-20 17:33:57 - INFO - epoch-362, train_mse_loss-0.0003229, train_kl_loss-0.0476277, train_diff_loss-0.3026223, val_mse_loss-0.0004870, val_kl_loss-0.0475342, val_diff_loss-0.2872196
2025-03-20 17:38:18 - INFO - epoch-363, train_mse_loss-0.0003229, train_kl_loss-0.0467626, train_diff_loss-0.2971989, val_mse_loss-0.0004886, val_kl_loss-0.0468206, val_diff_loss-0.2954263
2025-03-20 17:42:43 - INFO - epoch-364, train_mse_loss-0.0003229, train_kl_loss-0.0464915, train_diff_loss-0.2991250, val_mse_loss-0.0004883, val_kl_loss-0.0496847, val_diff_loss-0.3106979
2025-03-20 17:47:04 - INFO - epoch-365, train_mse_loss-0.0003229, train_kl_loss-0.0462840, train_diff_loss-0.2979403, val_mse_loss-0.0004854, val_kl_loss-0.0444106, val_diff_loss-0.2916382
2025-03-20 17:51:25 - INFO - epoch-366, train_mse_loss-0.0003229, train_kl_loss-0.0457602, train_diff_loss-0.2930117, val_mse_loss-0.0004563, val_kl_loss-0.0401393, val_diff_loss-0.2893288
2025-03-20 17:55:46 - INFO - epoch-367, train_mse_loss-0.0003229, train_kl_loss-0.0456891, train_diff_loss-0.2947900, val_mse_loss-0.0004603, val_kl_loss-0.0434162, val_diff_loss-0.2834129
2025-03-20 18:00:06 - INFO - epoch-368, train_mse_loss-0.0003229, train_kl_loss-0.0464253, train_diff_loss-0.2977541, val_mse_loss-0.0004582, val_kl_loss-0.0465766, val_diff_loss-0.2823151
2025-03-20 18:04:27 - INFO - epoch-369, train_mse_loss-0.0003229, train_kl_loss-0.0458830, train_diff_loss-0.2932952, val_mse_loss-0.0004498, val_kl_loss-0.0452595, val_diff_loss-0.3191854
2025-03-20 18:08:48 - INFO - epoch-370, train_mse_loss-0.0003229, train_kl_loss-0.0476796, train_diff_loss-0.3009622, val_mse_loss-0.0004547, val_kl_loss-0.0470705, val_diff_loss-0.2775802
2025-03-20 18:13:10 - INFO - epoch-371, train_mse_loss-0.0003229, train_kl_loss-0.0460264, train_diff_loss-0.2931525, val_mse_loss-0.0004619, val_kl_loss-0.0451007, val_diff_loss-0.3061065
2025-03-20 18:17:30 - INFO - epoch-372, train_mse_loss-0.0003229, train_kl_loss-0.0464603, train_diff_loss-0.2967557, val_mse_loss-0.0004677, val_kl_loss-0.0450103, val_diff_loss-0.2836714
2025-03-20 18:21:50 - INFO - epoch-373, train_mse_loss-0.0003229, train_kl_loss-0.0468991, train_diff_loss-0.3010965, val_mse_loss-0.0004504, val_kl_loss-0.0446952, val_diff_loss-0.3297562
2025-03-20 18:26:10 - INFO - epoch-374, train_mse_loss-0.0003229, train_kl_loss-0.0460201, train_diff_loss-0.2981407, val_mse_loss-0.0004556, val_kl_loss-0.0447029, val_diff_loss-0.3135328
2025-03-20 18:30:30 - INFO - epoch-375, train_mse_loss-0.0003229, train_kl_loss-0.0456194, train_diff_loss-0.2930035, val_mse_loss-0.0004567, val_kl_loss-0.0454581, val_diff_loss-0.2948478
2025-03-20 18:34:50 - INFO - epoch-376, train_mse_loss-0.0003229, train_kl_loss-0.0452477, train_diff_loss-0.2907764, val_mse_loss-0.0004656, val_kl_loss-0.0462323, val_diff_loss-0.2831687
2025-03-20 18:39:10 - INFO - epoch-377, train_mse_loss-0.0003229, train_kl_loss-0.0467224, train_diff_loss-0.2960396, val_mse_loss-0.0004755, val_kl_loss-0.0474624, val_diff_loss-0.2874142
2025-03-20 18:43:29 - INFO - epoch-378, train_mse_loss-0.0003229, train_kl_loss-0.0456198, train_diff_loss-0.2963717, val_mse_loss-0.0004654, val_kl_loss-0.0476096, val_diff_loss-0.2974635
2025-03-20 18:47:49 - INFO - epoch-379, train_mse_loss-0.0003229, train_kl_loss-0.0486680, train_diff_loss-0.3030581, val_mse_loss-0.0004680, val_kl_loss-0.0469987, val_diff_loss-0.2957334
2025-03-20 18:52:08 - INFO - epoch-380, train_mse_loss-0.0003229, train_kl_loss-0.0464318, train_diff_loss-0.2967924, val_mse_loss-0.0004758, val_kl_loss-0.0463137, val_diff_loss-0.2861102
2025-03-20 18:56:28 - INFO - epoch-381, train_mse_loss-0.0003229, train_kl_loss-0.0463685, train_diff_loss-0.2960773, val_mse_loss-0.0004654, val_kl_loss-0.0461680, val_diff_loss-0.3039914
2025-03-20 19:00:47 - INFO - epoch-382, train_mse_loss-0.0003229, train_kl_loss-0.0466197, train_diff_loss-0.2980028, val_mse_loss-0.0004651, val_kl_loss-0.0457110, val_diff_loss-0.2969218
2025-03-20 19:05:07 - INFO - epoch-383, train_mse_loss-0.0003229, train_kl_loss-0.0467164, train_diff_loss-0.2975816, val_mse_loss-0.0004953, val_kl_loss-0.0488340, val_diff_loss-0.3002571
2025-03-20 19:09:26 - INFO - epoch-384, train_mse_loss-0.0003229, train_kl_loss-0.0470302, train_diff_loss-0.2997855, val_mse_loss-0.0004631, val_kl_loss-0.0469855, val_diff_loss-0.2866620
2025-03-20 19:13:45 - INFO - epoch-385, train_mse_loss-0.0003229, train_kl_loss-0.0471047, train_diff_loss-0.3008536, val_mse_loss-0.0004753, val_kl_loss-0.0503290, val_diff_loss-0.2875012
2025-03-20 19:18:05 - INFO - epoch-386, train_mse_loss-0.0003229, train_kl_loss-0.0469019, train_diff_loss-0.2986495, val_mse_loss-0.0004579, val_kl_loss-0.0499377, val_diff_loss-0.2848924
2025-03-20 19:22:24 - INFO - epoch-387, train_mse_loss-0.0003229, train_kl_loss-0.0458811, train_diff_loss-0.2925123, val_mse_loss-0.0004691, val_kl_loss-0.0456397, val_diff_loss-0.2933280
2025-03-20 19:26:42 - INFO - epoch-388, train_mse_loss-0.0003229, train_kl_loss-0.0458585, train_diff_loss-0.2930941, val_mse_loss-0.0004536, val_kl_loss-0.0475935, val_diff_loss-0.3017812
2025-03-20 19:31:02 - INFO - epoch-389, train_mse_loss-0.0003229, train_kl_loss-0.0468092, train_diff_loss-0.2964277, val_mse_loss-0.0004519, val_kl_loss-0.0464040, val_diff_loss-0.2908721
2025-03-20 19:35:21 - INFO - epoch-390, train_mse_loss-0.0003229, train_kl_loss-0.0442673, train_diff_loss-0.2903506, val_mse_loss-0.0004732, val_kl_loss-0.0435852, val_diff_loss-0.3045949
2025-03-20 19:39:40 - INFO - epoch-391, train_mse_loss-0.0003229, train_kl_loss-0.0473701, train_diff_loss-0.2978080, val_mse_loss-0.0004614, val_kl_loss-0.0482233, val_diff_loss-0.2825344
2025-03-20 19:44:00 - INFO - epoch-392, train_mse_loss-0.0003229, train_kl_loss-0.0468909, train_diff_loss-0.2976543, val_mse_loss-0.0004976, val_kl_loss-0.0461393, val_diff_loss-0.2944959
2025-03-20 19:48:19 - INFO - epoch-393, train_mse_loss-0.0003229, train_kl_loss-0.0475617, train_diff_loss-0.3016122, val_mse_loss-0.0004422, val_kl_loss-0.0464252, val_diff_loss-0.2887769
2025-03-20 19:52:38 - INFO - epoch-394, train_mse_loss-0.0003229, train_kl_loss-0.0455393, train_diff_loss-0.2935939, val_mse_loss-0.0004666, val_kl_loss-0.0457974, val_diff_loss-0.2906229
2025-03-20 19:56:57 - INFO - epoch-395, train_mse_loss-0.0003229, train_kl_loss-0.0464956, train_diff_loss-0.2980100, val_mse_loss-0.0004616, val_kl_loss-0.0482238, val_diff_loss-0.2949973
2025-03-20 20:01:16 - INFO - epoch-396, train_mse_loss-0.0003229, train_kl_loss-0.0466286, train_diff_loss-0.2933386, val_mse_loss-0.0004485, val_kl_loss-0.0448120, val_diff_loss-0.3021259
2025-03-20 20:05:35 - INFO - epoch-397, train_mse_loss-0.0003229, train_kl_loss-0.0465458, train_diff_loss-0.2987088, val_mse_loss-0.0004555, val_kl_loss-0.0462646, val_diff_loss-0.2830347
2025-03-20 20:09:54 - INFO - epoch-398, train_mse_loss-0.0003229, train_kl_loss-0.0470205, train_diff_loss-0.2996304, val_mse_loss-0.0004582, val_kl_loss-0.0466258, val_diff_loss-0.2875761
2025-03-20 20:14:12 - INFO - epoch-399, train_mse_loss-0.0003229, train_kl_loss-0.0464845, train_diff_loss-0.2973884, val_mse_loss-0.0004523, val_kl_loss-0.0458833, val_diff_loss-0.2834527
2025-03-20 20:18:33 - INFO - epoch-400, train_mse_loss-0.0003229, train_kl_loss-0.0463944, train_diff_loss-0.2984997, val_mse_loss-0.0004522, val_kl_loss-0.0471816, val_diff_loss-0.2985496
2025-03-20 20:22:55 - INFO - epoch-401, train_mse_loss-0.0003229, train_kl_loss-0.0465140, train_diff_loss-0.2936801, val_mse_loss-0.0004714, val_kl_loss-0.0453710, val_diff_loss-0.3003788
2025-03-20 20:27:16 - INFO - epoch-402, train_mse_loss-0.0003229, train_kl_loss-0.0454423, train_diff_loss-0.2934591, val_mse_loss-0.0004835, val_kl_loss-0.0448080, val_diff_loss-0.3037115
2025-03-20 20:31:34 - INFO - epoch-403, train_mse_loss-0.0003229, train_kl_loss-0.0462225, train_diff_loss-0.2956779, val_mse_loss-0.0004971, val_kl_loss-0.0469755, val_diff_loss-0.2875535
2025-03-20 20:35:54 - INFO - epoch-404, train_mse_loss-0.0003229, train_kl_loss-0.0458833, train_diff_loss-0.2942398, val_mse_loss-0.0004680, val_kl_loss-0.0463322, val_diff_loss-0.3171991
2025-03-20 20:40:13 - INFO - epoch-405, train_mse_loss-0.0003229, train_kl_loss-0.0454494, train_diff_loss-0.2940522, val_mse_loss-0.0004645, val_kl_loss-0.0461141, val_diff_loss-0.2773510
2025-03-20 20:44:33 - INFO - epoch-406, train_mse_loss-0.0003229, train_kl_loss-0.0458730, train_diff_loss-0.2961210, val_mse_loss-0.0004766, val_kl_loss-0.0458116, val_diff_loss-0.3031494
2025-03-20 20:48:52 - INFO - epoch-407, train_mse_loss-0.0003229, train_kl_loss-0.0467617, train_diff_loss-0.2960385, val_mse_loss-0.0004436, val_kl_loss-0.0460658, val_diff_loss-0.2930372
2025-03-20 20:53:11 - INFO - epoch-408, train_mse_loss-0.0003229, train_kl_loss-0.0467671, train_diff_loss-0.2988853, val_mse_loss-0.0004589, val_kl_loss-0.0457682, val_diff_loss-0.3073337
2025-03-20 20:57:30 - INFO - epoch-409, train_mse_loss-0.0003229, train_kl_loss-0.0467817, train_diff_loss-0.2983760, val_mse_loss-0.0004898, val_kl_loss-0.0446663, val_diff_loss-0.3038037
2025-03-20 21:01:49 - INFO - epoch-410, train_mse_loss-0.0003229, train_kl_loss-0.0463336, train_diff_loss-0.2955490, val_mse_loss-0.0004746, val_kl_loss-0.0474309, val_diff_loss-0.2771127
2025-03-20 21:06:08 - INFO - epoch-411, train_mse_loss-0.0003229, train_kl_loss-0.0465736, train_diff_loss-0.2980409, val_mse_loss-0.0004543, val_kl_loss-0.0509370, val_diff_loss-0.2848475
2025-03-20 21:10:26 - INFO - epoch-412, train_mse_loss-0.0003229, train_kl_loss-0.0473297, train_diff_loss-0.2989880, val_mse_loss-0.0004650, val_kl_loss-0.0483733, val_diff_loss-0.3073378
2025-03-20 21:14:45 - INFO - epoch-413, train_mse_loss-0.0003229, train_kl_loss-0.0467212, train_diff_loss-0.2978699, val_mse_loss-0.0004781, val_kl_loss-0.0451470, val_diff_loss-0.2924824
2025-03-20 21:19:04 - INFO - epoch-414, train_mse_loss-0.0003229, train_kl_loss-0.0455641, train_diff_loss-0.2946117, val_mse_loss-0.0004673, val_kl_loss-0.0475016, val_diff_loss-0.2826598
2025-03-20 21:23:23 - INFO - epoch-415, train_mse_loss-0.0003229, train_kl_loss-0.0469788, train_diff_loss-0.2995420, val_mse_loss-0.0004609, val_kl_loss-0.0474199, val_diff_loss-0.2905253
2025-03-20 21:27:43 - INFO - epoch-416, train_mse_loss-0.0003229, train_kl_loss-0.0459844, train_diff_loss-0.2929301, val_mse_loss-0.0004715, val_kl_loss-0.0470309, val_diff_loss-0.2947757
2025-03-20 21:32:01 - INFO - epoch-417, train_mse_loss-0.0003229, train_kl_loss-0.0467019, train_diff_loss-0.2979937, val_mse_loss-0.0004553, val_kl_loss-0.0449821, val_diff_loss-0.2906300
2025-03-20 21:36:20 - INFO - epoch-418, train_mse_loss-0.0003229, train_kl_loss-0.0462715, train_diff_loss-0.2965084, val_mse_loss-0.0004760, val_kl_loss-0.0461970, val_diff_loss-0.3023867
2025-03-20 21:40:39 - INFO - epoch-419, train_mse_loss-0.0003230, train_kl_loss-0.0452250, train_diff_loss-0.2915598, val_mse_loss-0.0004794, val_kl_loss-0.0400938, val_diff_loss-0.3165803
2025-03-20 21:44:59 - INFO - epoch-420, train_mse_loss-0.0003229, train_kl_loss-0.0468209, train_diff_loss-0.2985364, val_mse_loss-0.0004462, val_kl_loss-0.0467542, val_diff_loss-0.2941531
2025-03-20 21:49:21 - INFO - epoch-421, train_mse_loss-0.0003229, train_kl_loss-0.0448365, train_diff_loss-0.2874264, val_mse_loss-0.0004721, val_kl_loss-0.0455106, val_diff_loss-0.3170923
2025-03-20 21:53:39 - INFO - epoch-422, train_mse_loss-0.0003229, train_kl_loss-0.0464685, train_diff_loss-0.2970778, val_mse_loss-0.0004659, val_kl_loss-0.0465242, val_diff_loss-0.3053853
2025-03-20 21:57:58 - INFO - epoch-423, train_mse_loss-0.0003229, train_kl_loss-0.0451745, train_diff_loss-0.2917360, val_mse_loss-0.0004763, val_kl_loss-0.0473256, val_diff_loss-0.2998256
2025-03-20 22:02:17 - INFO - epoch-424, train_mse_loss-0.0003229, train_kl_loss-0.0463160, train_diff_loss-0.2995002, val_mse_loss-0.0004545, val_kl_loss-0.0498511, val_diff_loss-0.2999595
2025-03-20 22:06:37 - INFO - epoch-425, train_mse_loss-0.0003229, train_kl_loss-0.0453781, train_diff_loss-0.2899407, val_mse_loss-0.0004563, val_kl_loss-0.0433115, val_diff_loss-0.3070232
2025-03-20 22:10:56 - INFO - epoch-426, train_mse_loss-0.0003229, train_kl_loss-0.0455053, train_diff_loss-0.2913057, val_mse_loss-0.0004846, val_kl_loss-0.0434201, val_diff_loss-0.2976134
2025-03-20 22:15:16 - INFO - epoch-427, train_mse_loss-0.0003229, train_kl_loss-0.0473242, train_diff_loss-0.3013853, val_mse_loss-0.0004641, val_kl_loss-0.0472943, val_diff_loss-0.2942871
2025-03-20 22:19:36 - INFO - epoch-428, train_mse_loss-0.0003229, train_kl_loss-0.0463956, train_diff_loss-0.2991419, val_mse_loss-0.0004870, val_kl_loss-0.0463605, val_diff_loss-0.2982795
2025-03-20 22:23:56 - INFO - epoch-429, train_mse_loss-0.0003229, train_kl_loss-0.0463389, train_diff_loss-0.2976781, val_mse_loss-0.0004611, val_kl_loss-0.0475739, val_diff_loss-0.2920115
2025-03-20 22:28:16 - INFO - epoch-430, train_mse_loss-0.0003229, train_kl_loss-0.0454224, train_diff_loss-0.2935971, val_mse_loss-0.0004838, val_kl_loss-0.0515964, val_diff_loss-0.2869783
2025-03-20 22:32:35 - INFO - epoch-431, train_mse_loss-0.0003229, train_kl_loss-0.0479033, train_diff_loss-0.3001102, val_mse_loss-0.0004555, val_kl_loss-0.0453192, val_diff_loss-0.3005474
2025-03-20 22:36:55 - INFO - epoch-432, train_mse_loss-0.0003229, train_kl_loss-0.0455923, train_diff_loss-0.2947018, val_mse_loss-0.0004678, val_kl_loss-0.0463270, val_diff_loss-0.2887824
2025-03-20 22:41:14 - INFO - epoch-433, train_mse_loss-0.0003229, train_kl_loss-0.0466772, train_diff_loss-0.2965323, val_mse_loss-0.0004665, val_kl_loss-0.0473591, val_diff_loss-0.2926123
2025-03-20 22:45:33 - INFO - epoch-434, train_mse_loss-0.0003229, train_kl_loss-0.0471322, train_diff_loss-0.2999296, val_mse_loss-0.0004653, val_kl_loss-0.0476857, val_diff_loss-0.3154503
2025-03-20 22:49:53 - INFO - epoch-435, train_mse_loss-0.0003229, train_kl_loss-0.0458631, train_diff_loss-0.2948090, val_mse_loss-0.0004692, val_kl_loss-0.0446626, val_diff_loss-0.2896230
2025-03-20 22:54:12 - INFO - epoch-436, train_mse_loss-0.0003229, train_kl_loss-0.0465334, train_diff_loss-0.2958479, val_mse_loss-0.0004881, val_kl_loss-0.0475500, val_diff_loss-0.2934721
2025-03-20 22:58:31 - INFO - epoch-437, train_mse_loss-0.0003229, train_kl_loss-0.0465815, train_diff_loss-0.2979377, val_mse_loss-0.0004799, val_kl_loss-0.0462131, val_diff_loss-0.3002742
2025-03-20 23:02:51 - INFO - epoch-438, train_mse_loss-0.0003229, train_kl_loss-0.0458945, train_diff_loss-0.2966443, val_mse_loss-0.0004704, val_kl_loss-0.0445899, val_diff_loss-0.3005685
2025-03-20 23:07:10 - INFO - epoch-439, train_mse_loss-0.0003229, train_kl_loss-0.0465218, train_diff_loss-0.2964872, val_mse_loss-0.0004725, val_kl_loss-0.0471734, val_diff_loss-0.2916075
2025-03-20 23:11:29 - INFO - epoch-440, train_mse_loss-0.0003229, train_kl_loss-0.0463000, train_diff_loss-0.2955971, val_mse_loss-0.0004615, val_kl_loss-0.0461385, val_diff_loss-0.2997179
2025-03-20 23:15:49 - INFO - epoch-441, train_mse_loss-0.0003229, train_kl_loss-0.0456126, train_diff_loss-0.2953671, val_mse_loss-0.0004732, val_kl_loss-0.0466401, val_diff_loss-0.2791621
2025-03-20 23:20:08 - INFO - epoch-442, train_mse_loss-0.0003229, train_kl_loss-0.0471075, train_diff_loss-0.3007093, val_mse_loss-0.0004809, val_kl_loss-0.0500177, val_diff_loss-0.3079697
2025-03-20 23:24:28 - INFO - epoch-443, train_mse_loss-0.0003230, train_kl_loss-0.0461044, train_diff_loss-0.2948685, val_mse_loss-0.0004551, val_kl_loss-0.0474400, val_diff_loss-0.2945940
2025-03-20 23:28:48 - INFO - epoch-444, train_mse_loss-0.0003229, train_kl_loss-0.0460902, train_diff_loss-0.2957205, val_mse_loss-0.0004709, val_kl_loss-0.0467513, val_diff_loss-0.2918087
2025-03-20 23:33:07 - INFO - epoch-445, train_mse_loss-0.0003229, train_kl_loss-0.0470086, train_diff_loss-0.2991830, val_mse_loss-0.0004768, val_kl_loss-0.0475636, val_diff_loss-0.2926362
2025-03-20 23:37:26 - INFO - epoch-446, train_mse_loss-0.0003229, train_kl_loss-0.0469866, train_diff_loss-0.2982943, val_mse_loss-0.0004631, val_kl_loss-0.0467926, val_diff_loss-0.3068723
2025-03-20 23:41:44 - INFO - epoch-447, train_mse_loss-0.0003229, train_kl_loss-0.0467631, train_diff_loss-0.2980776, val_mse_loss-0.0004852, val_kl_loss-0.0456036, val_diff_loss-0.2977922
2025-03-20 23:46:03 - INFO - epoch-448, train_mse_loss-0.0003229, train_kl_loss-0.0465764, train_diff_loss-0.2997215, val_mse_loss-0.0004547, val_kl_loss-0.0471909, val_diff_loss-0.3021996
2025-03-20 23:50:23 - INFO - epoch-449, train_mse_loss-0.0003229, train_kl_loss-0.0463600, train_diff_loss-0.2993988, val_mse_loss-0.0004740, val_kl_loss-0.0171507, val_diff_loss-0.3232448
2025-03-20 23:54:43 - INFO - epoch-450, train_mse_loss-0.0003229, train_kl_loss-0.0465278, train_diff_loss-0.2985660, val_mse_loss-0.0004809, val_kl_loss-0.0483184, val_diff_loss-0.2880200
2025-03-20 23:59:02 - INFO - epoch-451, train_mse_loss-0.0003229, train_kl_loss-0.0469542, train_diff_loss-0.2979488, val_mse_loss-0.0004587, val_kl_loss-0.0476386, val_diff_loss-0.3058201
2025-03-21 00:03:22 - INFO - epoch-452, train_mse_loss-0.0003229, train_kl_loss-0.0474629, train_diff_loss-0.3008662, val_mse_loss-0.0004554, val_kl_loss-0.0473682, val_diff_loss-0.3112090
2025-03-21 00:07:42 - INFO - epoch-453, train_mse_loss-0.0003229, train_kl_loss-0.0463686, train_diff_loss-0.2957847, val_mse_loss-0.0004606, val_kl_loss-0.0461599, val_diff_loss-0.2844018
2025-03-21 00:12:00 - INFO - epoch-454, train_mse_loss-0.0003229, train_kl_loss-0.0458171, train_diff_loss-0.2963436, val_mse_loss-0.0004850, val_kl_loss-0.0465698, val_diff_loss-0.2946244
2025-03-21 00:16:19 - INFO - epoch-455, train_mse_loss-0.0003229, train_kl_loss-0.0470029, train_diff_loss-0.2965179, val_mse_loss-0.0004702, val_kl_loss-0.0444335, val_diff_loss-0.3056013
2025-03-21 00:20:37 - INFO - epoch-456, train_mse_loss-0.0003229, train_kl_loss-0.0458435, train_diff_loss-0.3005910, val_mse_loss-0.0004510, val_kl_loss-0.0490474, val_diff_loss-0.2877500
2025-03-21 00:24:58 - INFO - epoch-457, train_mse_loss-0.0003229, train_kl_loss-0.0457717, train_diff_loss-0.2949942, val_mse_loss-0.0004572, val_kl_loss-0.0429180, val_diff_loss-0.2924066
2025-03-21 00:29:16 - INFO - epoch-458, train_mse_loss-0.0003229, train_kl_loss-0.0463391, train_diff_loss-0.2978012, val_mse_loss-0.0004681, val_kl_loss-0.0497891, val_diff_loss-0.2976449
2025-03-21 00:33:34 - INFO - epoch-459, train_mse_loss-0.0003229, train_kl_loss-0.0481998, train_diff_loss-0.3016306, val_mse_loss-0.0004599, val_kl_loss-0.0476520, val_diff_loss-0.2893978
2025-03-21 00:37:53 - INFO - epoch-460, train_mse_loss-0.0003229, train_kl_loss-0.0462704, train_diff_loss-0.2964734, val_mse_loss-0.0004545, val_kl_loss-0.0487075, val_diff_loss-0.2975660
2025-03-21 00:42:12 - INFO - epoch-461, train_mse_loss-0.0003229, train_kl_loss-0.0469457, train_diff_loss-0.2984836, val_mse_loss-0.0004740, val_kl_loss-0.0460579, val_diff_loss-0.2874047
2025-03-21 00:46:30 - INFO - epoch-462, train_mse_loss-0.0003229, train_kl_loss-0.0464115, train_diff_loss-0.2981355, val_mse_loss-0.0004702, val_kl_loss-0.0462980, val_diff_loss-0.3019991
2025-03-21 00:50:49 - INFO - epoch-463, train_mse_loss-0.0003229, train_kl_loss-0.0469813, train_diff_loss-0.2994469, val_mse_loss-0.0004700, val_kl_loss-0.0461758, val_diff_loss-0.3013140
2025-03-21 00:55:07 - INFO - epoch-464, train_mse_loss-0.0003229, train_kl_loss-0.0461651, train_diff_loss-0.2977636, val_mse_loss-0.0004644, val_kl_loss-0.0475531, val_diff_loss-0.2998856
2025-03-21 00:59:25 - INFO - epoch-465, train_mse_loss-0.0003229, train_kl_loss-0.0454705, train_diff_loss-0.2939708, val_mse_loss-0.0004428, val_kl_loss-0.0460555, val_diff_loss-0.2973542
2025-03-21 01:03:43 - INFO - epoch-466, train_mse_loss-0.0003229, train_kl_loss-0.0463441, train_diff_loss-0.2920222, val_mse_loss-0.0004687, val_kl_loss-0.0452906, val_diff_loss-0.2943917
2025-03-21 01:08:01 - INFO - epoch-467, train_mse_loss-0.0003229, train_kl_loss-0.0470954, train_diff_loss-0.2978918, val_mse_loss-0.0004807, val_kl_loss-0.0459551, val_diff_loss-0.3115762
2025-03-21 01:12:19 - INFO - epoch-468, train_mse_loss-0.0003229, train_kl_loss-0.0477160, train_diff_loss-0.3019717, val_mse_loss-0.0004794, val_kl_loss-0.0464145, val_diff_loss-0.3011004
2025-03-21 01:16:37 - INFO - epoch-469, train_mse_loss-0.0003229, train_kl_loss-0.0464205, train_diff_loss-0.3000315, val_mse_loss-0.0004682, val_kl_loss-0.0438412, val_diff_loss-0.3182076
2025-03-21 01:20:57 - INFO - epoch-470, train_mse_loss-0.0003229, train_kl_loss-0.0474778, train_diff_loss-0.2978544, val_mse_loss-0.0004580, val_kl_loss-0.0456462, val_diff_loss-0.2916045
2025-03-21 01:25:15 - INFO - epoch-471, train_mse_loss-0.0003229, train_kl_loss-0.0462632, train_diff_loss-0.2972756, val_mse_loss-0.0004559, val_kl_loss-0.0467303, val_diff_loss-0.2943649
2025-03-21 01:29:34 - INFO - epoch-472, train_mse_loss-0.0003229, train_kl_loss-0.0470035, train_diff_loss-0.2998642, val_mse_loss-0.0004717, val_kl_loss-0.0479285, val_diff_loss-0.2808910
2025-03-21 01:33:52 - INFO - epoch-473, train_mse_loss-0.0003229, train_kl_loss-0.0470678, train_diff_loss-0.3032207, val_mse_loss-0.0004659, val_kl_loss-0.0481939, val_diff_loss-0.3020037
2025-03-21 01:38:10 - INFO - epoch-474, train_mse_loss-0.0003229, train_kl_loss-0.0465457, train_diff_loss-0.2974198, val_mse_loss-0.0004833, val_kl_loss-0.0465319, val_diff_loss-0.2882467
2025-03-21 01:42:28 - INFO - epoch-475, train_mse_loss-0.0003229, train_kl_loss-0.0469482, train_diff_loss-0.2978992, val_mse_loss-0.0004497, val_kl_loss-0.0460957, val_diff_loss-0.2919050
2025-03-21 01:46:47 - INFO - epoch-476, train_mse_loss-0.0003229, train_kl_loss-0.0450326, train_diff_loss-0.2921995, val_mse_loss-0.0004730, val_kl_loss-0.0437524, val_diff_loss-0.3188828
2025-03-21 01:51:05 - INFO - epoch-477, train_mse_loss-0.0003229, train_kl_loss-0.0459664, train_diff_loss-0.2943142, val_mse_loss-0.0004695, val_kl_loss-0.0453371, val_diff_loss-0.3169416
2025-03-21 01:55:23 - INFO - epoch-478, train_mse_loss-0.0003229, train_kl_loss-0.0464258, train_diff_loss-0.2958129, val_mse_loss-0.0004734, val_kl_loss-0.0462235, val_diff_loss-0.3134048
2025-03-21 01:59:42 - INFO - epoch-479, train_mse_loss-0.0003229, train_kl_loss-0.0464890, train_diff_loss-0.2974315, val_mse_loss-0.0004642, val_kl_loss-0.0452549, val_diff_loss-0.2926587
2025-03-21 02:04:00 - INFO - epoch-480, train_mse_loss-0.0003229, train_kl_loss-0.0465375, train_diff_loss-0.2996638, val_mse_loss-0.0004617, val_kl_loss-0.0464091, val_diff_loss-0.2958066
2025-03-21 02:08:20 - INFO - epoch-481, train_mse_loss-0.0003229, train_kl_loss-0.0473382, train_diff_loss-0.3002512, val_mse_loss-0.0004735, val_kl_loss-0.0478526, val_diff_loss-0.2753748
2025-03-21 02:12:39 - INFO - epoch-482, train_mse_loss-0.0003229, train_kl_loss-0.0469565, train_diff_loss-0.3029433, val_mse_loss-0.0004856, val_kl_loss-0.0474378, val_diff_loss-0.3091686
2025-03-21 02:16:58 - INFO - epoch-483, train_mse_loss-0.0003229, train_kl_loss-0.0461970, train_diff_loss-0.2938611, val_mse_loss-0.0004458, val_kl_loss-0.0496976, val_diff_loss-0.2983139
2025-03-21 02:21:16 - INFO - epoch-484, train_mse_loss-0.0003229, train_kl_loss-0.0462711, train_diff_loss-0.2951531, val_mse_loss-0.0004485, val_kl_loss-0.0447243, val_diff_loss-0.2896903
2025-03-21 02:25:35 - INFO - epoch-485, train_mse_loss-0.0003229, train_kl_loss-0.0465361, train_diff_loss-0.2984936, val_mse_loss-0.0004581, val_kl_loss-0.0459620, val_diff_loss-0.2883303
2025-03-21 02:29:54 - INFO - epoch-486, train_mse_loss-0.0003230, train_kl_loss-0.0461959, train_diff_loss-0.2939330, val_mse_loss-0.0004857, val_kl_loss-0.0456088, val_diff_loss-0.3138024
2025-03-21 02:34:12 - INFO - epoch-487, train_mse_loss-0.0003229, train_kl_loss-0.0466842, train_diff_loss-0.2976879, val_mse_loss-0.0004713, val_kl_loss-0.0468792, val_diff_loss-0.3026657
2025-03-21 02:38:30 - INFO - epoch-488, train_mse_loss-0.0003229, train_kl_loss-0.0460516, train_diff_loss-0.2956823, val_mse_loss-0.0004572, val_kl_loss-0.0451792, val_diff_loss-0.2901075
2025-03-21 02:42:48 - INFO - epoch-489, train_mse_loss-0.0003229, train_kl_loss-0.0463001, train_diff_loss-0.2965566, val_mse_loss-0.0004553, val_kl_loss-0.0465738, val_diff_loss-0.2995630
2025-03-21 02:47:06 - INFO - epoch-490, train_mse_loss-0.0003229, train_kl_loss-0.0461331, train_diff_loss-0.2946048, val_mse_loss-0.0004596, val_kl_loss-0.0466013, val_diff_loss-0.2961594
2025-03-21 02:51:24 - INFO - epoch-491, train_mse_loss-0.0003229, train_kl_loss-0.0464755, train_diff_loss-0.2957350, val_mse_loss-0.0004668, val_kl_loss-0.0473124, val_diff_loss-0.2968131
2025-03-21 02:55:42 - INFO - epoch-492, train_mse_loss-0.0003229, train_kl_loss-0.0468592, train_diff_loss-0.2986206, val_mse_loss-0.0004640, val_kl_loss-0.0469077, val_diff_loss-0.2979603
2025-03-21 03:00:01 - INFO - epoch-493, train_mse_loss-0.0003229, train_kl_loss-0.0463418, train_diff_loss-0.2956743, val_mse_loss-0.0004687, val_kl_loss-0.0463051, val_diff_loss-0.3136952
2025-03-21 03:04:19 - INFO - epoch-494, train_mse_loss-0.0003229, train_kl_loss-0.0458011, train_diff_loss-0.2967931, val_mse_loss-0.0004437, val_kl_loss-0.0473614, val_diff_loss-0.2948889
2025-03-21 03:08:38 - INFO - epoch-495, train_mse_loss-0.0003229, train_kl_loss-0.0471195, train_diff_loss-0.2996418, val_mse_loss-0.0004514, val_kl_loss-0.0486398, val_diff_loss-0.2887992
2025-03-21 03:12:56 - INFO - epoch-496, train_mse_loss-0.0003229, train_kl_loss-0.0477529, train_diff_loss-0.3014785, val_mse_loss-0.0004542, val_kl_loss-0.0470904, val_diff_loss-0.2921821
2025-03-21 03:17:16 - INFO - epoch-497, train_mse_loss-0.0003229, train_kl_loss-0.0469521, train_diff_loss-0.2983176, val_mse_loss-0.0004851, val_kl_loss-0.0458982, val_diff_loss-0.3082616
2025-03-21 03:21:35 - INFO - epoch-498, train_mse_loss-0.0003229, train_kl_loss-0.0429542, train_diff_loss-0.2888783, val_mse_loss-0.0004652, val_kl_loss-0.0411988, val_diff_loss-0.3018461
2025-03-21 03:25:54 - INFO - epoch-499, train_mse_loss-0.0003229, train_kl_loss-0.0479987, train_diff_loss-0.3021223, val_mse_loss-0.0004745, val_kl_loss-0.0477430, val_diff_loss-0.2910932
=======
>>>>>>> 276e8a8d297e2d3032d43656c072e4505f40cf1d
