2024-12-21 14:58:48 - INFO - /mnt/cephfs/projects/2023110101_Ligand_fitting_to_EM_maps/My_Code/CryoLigate_Github/CryoLigate/GIGN/GIGN_EM/For_Elisei_Nov_2024/CryoLigate_GIGN_Unet/train_example.py
2024-12-21 14:58:48 - INFO - train data: 6809
2024-12-21 14:58:48 - INFO - valid data: 757
2024-12-21 14:59:13 - INFO - Initial_train_loss-0.0154006  Initial_val_loss-0.0153929
2024-12-21 15:00:18 - INFO - epoch-0, train_loss-0.0295972, val_loss-0.0909021
2024-12-21 15:01:24 - INFO - epoch-1, train_loss-0.0010097, val_loss-0.0713279
2024-12-21 15:02:30 - INFO - epoch-2, train_loss-0.0008374, val_loss-0.0622699
2024-12-21 15:03:35 - INFO - epoch-3, train_loss-0.0007798, val_loss-0.0594699
2024-12-21 15:04:41 - INFO - epoch-4, train_loss-0.0007441, val_loss-0.0618071
2024-12-21 15:05:47 - INFO - epoch-5, train_loss-0.0007258, val_loss-0.0601259
2024-12-21 15:06:52 - INFO - epoch-6, train_loss-0.0007117, val_loss-0.0538085
2024-12-21 15:07:59 - INFO - epoch-7, train_loss-0.0007046, val_loss-0.0557617
2024-12-21 15:09:04 - INFO - epoch-8, train_loss-0.0006944, val_loss-0.0578928
2024-12-21 15:10:10 - INFO - epoch-9, train_loss-0.0006904, val_loss-0.0643758
2024-12-21 15:11:15 - INFO - epoch-10, train_loss-0.0006835, val_loss-0.0641634
2024-12-21 15:12:22 - INFO - epoch-11, train_loss-0.0006807, val_loss-0.0842575
2024-12-21 15:13:28 - INFO - epoch-12, train_loss-0.0006800, val_loss-0.0532357
2024-12-21 15:14:33 - INFO - epoch-13, train_loss-0.0006790, val_loss-0.0783249
2024-12-21 15:15:40 - INFO - epoch-14, train_loss-0.0006752, val_loss-0.1772998
2024-12-21 15:16:46 - INFO - epoch-15, train_loss-0.0006766, val_loss-0.0805880
2024-12-21 15:17:52 - INFO - epoch-16, train_loss-0.0006713, val_loss-0.0748053
2024-12-21 15:18:57 - INFO - epoch-17, train_loss-0.0006706, val_loss-0.0705592
2024-12-21 15:20:04 - INFO - epoch-18, train_loss-0.0006680, val_loss-0.0999090
2024-12-21 15:21:10 - INFO - epoch-19, train_loss-0.0006653, val_loss-0.1090451
2024-12-21 15:22:15 - INFO - epoch-20, train_loss-0.0006938, val_loss-0.0305779
2024-12-21 15:23:21 - INFO - epoch-21, train_loss-0.0006841, val_loss-0.0278230
2024-12-21 15:24:27 - INFO - epoch-22, train_loss-0.0006694, val_loss-0.0698268
2024-12-21 15:25:32 - INFO - epoch-23, train_loss-0.0006697, val_loss-0.0314202
2024-12-21 15:26:38 - INFO - epoch-24, train_loss-0.0006631, val_loss-0.0333160
2024-12-21 15:27:44 - INFO - epoch-25, train_loss-0.0006611, val_loss-0.0324739
2024-12-21 15:28:49 - INFO - epoch-26, train_loss-0.0006602, val_loss-0.0302795
2024-12-21 15:29:55 - INFO - epoch-27, train_loss-0.0006603, val_loss-0.0308843
2024-12-21 15:31:01 - INFO - epoch-28, train_loss-0.0006585, val_loss-0.0296808
2024-12-21 15:32:06 - INFO - epoch-29, train_loss-0.0006585, val_loss-0.0287992
2024-12-21 15:33:12 - INFO - epoch-30, train_loss-0.0006589, val_loss-0.0337543
2024-12-21 15:34:17 - INFO - epoch-31, train_loss-0.0006570, val_loss-0.1558035
2024-12-21 15:35:23 - INFO - epoch-32, train_loss-0.0006632, val_loss-0.0208552
2024-12-21 15:36:28 - INFO - epoch-33, train_loss-0.0006568, val_loss-0.0198139
2024-12-21 15:37:34 - INFO - epoch-34, train_loss-0.0006548, val_loss-0.0200023
2024-12-21 15:38:40 - INFO - epoch-35, train_loss-0.0006542, val_loss-0.0195675
2024-12-21 15:39:45 - INFO - epoch-36, train_loss-0.0006550, val_loss-0.0191070
2024-12-21 15:40:51 - INFO - epoch-37, train_loss-0.0006528, val_loss-0.0191379
2024-12-21 15:41:56 - INFO - epoch-38, train_loss-0.0006526, val_loss-0.0186758
2024-12-21 15:43:02 - INFO - epoch-39, train_loss-0.0006522, val_loss-0.0178651
2024-12-21 15:44:07 - INFO - epoch-40, train_loss-0.0006535, val_loss-0.0179479
2024-12-21 15:45:13 - INFO - epoch-41, train_loss-0.0006524, val_loss-0.0176436
2024-12-21 15:46:19 - INFO - epoch-42, train_loss-0.0006514, val_loss-0.0177718
2024-12-21 15:47:25 - INFO - epoch-43, train_loss-0.0006502, val_loss-0.0171673
2024-12-21 15:48:30 - INFO - epoch-44, train_loss-0.0006506, val_loss-0.0150720
2024-12-21 15:49:36 - INFO - epoch-45, train_loss-0.0006522, val_loss-0.0151642
2024-12-21 15:50:41 - INFO - epoch-46, train_loss-0.0006520, val_loss-0.0147551
2024-12-21 15:51:47 - INFO - epoch-47, train_loss-0.0006515, val_loss-0.0128286
2024-12-21 15:52:52 - INFO - epoch-48, train_loss-0.0006508, val_loss-0.0132739
2024-12-21 15:53:57 - INFO - epoch-49, train_loss-0.0006500, val_loss-0.0129890
2024-12-21 15:55:59 - INFO - epoch-50, train_loss-0.0006504, val_loss-0.0142725
2024-12-21 15:59:13 - INFO - epoch-51, train_loss-0.0006491, val_loss-0.0130398
2024-12-21 16:00:20 - INFO - epoch-52, train_loss-0.0006479, val_loss-0.0132010
2024-12-21 16:01:25 - INFO - epoch-53, train_loss-0.0006475, val_loss-0.0128415
2024-12-21 16:02:31 - INFO - epoch-54, train_loss-0.0006480, val_loss-0.0092209
2024-12-21 16:03:36 - INFO - epoch-55, train_loss-0.0006469, val_loss-0.0093339
2024-12-21 16:04:42 - INFO - epoch-56, train_loss-0.0006471, val_loss-0.0088865
2024-12-21 16:05:48 - INFO - epoch-57, train_loss-0.0006467, val_loss-0.0086224
2024-12-21 16:06:54 - INFO - epoch-58, train_loss-0.0006469, val_loss-0.0078115
2024-12-21 16:07:59 - INFO - epoch-59, train_loss-0.0006467, val_loss-0.0075274
2024-12-21 16:09:05 - INFO - epoch-60, train_loss-0.0006465, val_loss-0.0072088
2024-12-21 16:10:10 - INFO - epoch-61, train_loss-0.0006470, val_loss-0.0073756
2024-12-21 16:11:15 - INFO - epoch-62, train_loss-0.0006460, val_loss-0.0071136
2024-12-21 16:12:21 - INFO - epoch-63, train_loss-0.0006465, val_loss-0.0070549
2024-12-21 16:13:26 - INFO - epoch-64, train_loss-0.0006465, val_loss-0.0063536
2024-12-21 16:14:32 - INFO - epoch-65, train_loss-0.0006470, val_loss-0.0057256
2024-12-21 16:15:38 - INFO - epoch-66, train_loss-0.0006479, val_loss-0.0080828
2024-12-21 16:16:44 - INFO - epoch-67, train_loss-0.0006453, val_loss-0.0048063
2024-12-21 16:17:49 - INFO - epoch-68, train_loss-0.0006451, val_loss-0.0046394
2024-12-21 16:18:54 - INFO - epoch-69, train_loss-0.0006446, val_loss-0.0043008
2024-12-21 16:19:59 - INFO - epoch-70, train_loss-0.0006444, val_loss-0.0039369
2024-12-21 16:21:05 - INFO - epoch-71, train_loss-0.0006457, val_loss-0.0033629
2024-12-21 16:22:10 - INFO - epoch-72, train_loss-0.0006438, val_loss-0.0035373
2024-12-21 16:23:15 - INFO - epoch-73, train_loss-0.0006437, val_loss-0.0029843
2024-12-21 16:24:20 - INFO - epoch-74, train_loss-0.0006443, val_loss-0.0024152
2024-12-21 16:25:25 - INFO - epoch-75, train_loss-0.0006424, val_loss-0.0026200
2024-12-21 16:26:30 - INFO - epoch-76, train_loss-0.0006428, val_loss-0.0025496
2024-12-21 16:27:35 - INFO - epoch-77, train_loss-0.0006444, val_loss-0.0021801
2024-12-21 16:28:40 - INFO - epoch-78, train_loss-0.0006432, val_loss-0.0019580
2024-12-21 16:29:46 - INFO - epoch-79, train_loss-0.0006419, val_loss-0.0019771
2024-12-21 16:30:51 - INFO - epoch-80, train_loss-0.0006423, val_loss-0.0017555
2024-12-21 16:31:56 - INFO - epoch-81, train_loss-0.0006426, val_loss-0.0016165
2024-12-21 16:33:01 - INFO - epoch-82, train_loss-0.0006431, val_loss-0.0014829
2024-12-21 16:34:06 - INFO - epoch-83, train_loss-0.0006438, val_loss-0.0014283
2024-12-21 16:35:12 - INFO - epoch-84, train_loss-0.0006414, val_loss-0.0012610
2024-12-21 16:36:17 - INFO - epoch-85, train_loss-0.0006417, val_loss-0.0011294
2024-12-21 16:37:22 - INFO - epoch-86, train_loss-0.0006412, val_loss-0.0010125
2024-12-21 16:38:28 - INFO - epoch-87, train_loss-0.0006412, val_loss-0.0009522
2024-12-21 16:39:32 - INFO - epoch-88, train_loss-0.0006411, val_loss-0.0008754
2024-12-21 16:40:37 - INFO - epoch-89, train_loss-0.0006407, val_loss-0.0008369
2024-12-21 16:41:42 - INFO - epoch-90, train_loss-0.0006406, val_loss-0.0007502
2024-12-21 16:42:48 - INFO - epoch-91, train_loss-0.0006398, val_loss-0.0007360
2024-12-21 16:43:53 - INFO - epoch-92, train_loss-0.0006395, val_loss-0.0008016
2024-12-21 16:44:58 - INFO - epoch-93, train_loss-0.0006395, val_loss-0.0007908
2024-12-21 16:46:04 - INFO - epoch-94, train_loss-0.0006401, val_loss-0.0007399
2024-12-21 16:47:09 - INFO - epoch-95, train_loss-0.0006402, val_loss-0.0006717
2024-12-21 16:48:14 - INFO - epoch-96, train_loss-0.0006409, val_loss-0.0006668
2024-12-21 16:49:18 - INFO - epoch-97, train_loss-0.0006398, val_loss-0.0006599
2024-12-21 16:50:23 - INFO - epoch-98, train_loss-0.0006395, val_loss-0.0006571
2024-12-21 16:51:28 - INFO - epoch-99, train_loss-0.0006380, val_loss-0.0006619
2024-12-21 16:52:33 - INFO - epoch-100, train_loss-0.0006385, val_loss-0.0006556
2024-12-21 16:53:38 - INFO - epoch-101, train_loss-0.0006397, val_loss-0.0006638
2024-12-21 16:54:42 - INFO - epoch-102, train_loss-0.0006388, val_loss-0.0006554
2024-12-21 16:55:47 - INFO - epoch-103, train_loss-0.0006386, val_loss-0.0006533
2024-12-21 16:56:52 - INFO - epoch-104, train_loss-0.0006375, val_loss-0.0006565
2024-12-21 16:57:57 - INFO - epoch-105, train_loss-0.0006384, val_loss-0.0006715
2024-12-21 16:59:01 - INFO - epoch-106, train_loss-0.0006407, val_loss-0.0008098
2024-12-21 17:00:06 - INFO - epoch-107, train_loss-0.0006384, val_loss-0.0006628
2024-12-21 17:01:11 - INFO - epoch-108, train_loss-0.0006374, val_loss-0.0006735
2024-12-21 17:02:16 - INFO - epoch-109, train_loss-0.0006393, val_loss-0.0006632
2024-12-21 17:03:20 - INFO - epoch-110, train_loss-0.0006379, val_loss-0.0006531
2024-12-21 17:04:25 - INFO - epoch-111, train_loss-0.0006379, val_loss-0.0006602
2024-12-21 17:05:31 - INFO - epoch-112, train_loss-0.0006366, val_loss-0.0006674
2024-12-21 17:06:36 - INFO - epoch-113, train_loss-0.0006368, val_loss-0.0006786
2024-12-21 17:07:40 - INFO - epoch-114, train_loss-0.0006371, val_loss-0.0006639
2024-12-21 17:08:45 - INFO - epoch-115, train_loss-0.0006679, val_loss-0.0007253
2024-12-21 17:09:50 - INFO - epoch-116, train_loss-0.0006443, val_loss-0.0006554
2024-12-21 17:10:55 - INFO - epoch-117, train_loss-0.0006342, val_loss-0.0006570
2024-12-21 17:12:00 - INFO - epoch-118, train_loss-0.0006352, val_loss-0.0006549
2024-12-21 17:13:06 - INFO - epoch-119, train_loss-0.0006422, val_loss-0.0006576
2024-12-21 17:14:10 - INFO - epoch-120, train_loss-0.0006331, val_loss-0.0006525
2024-12-21 17:15:15 - INFO - epoch-121, train_loss-0.0006375, val_loss-0.0006560
2024-12-21 17:16:20 - INFO - epoch-122, train_loss-0.0006383, val_loss-0.0006569
2024-12-21 17:17:24 - INFO - epoch-123, train_loss-0.0006358, val_loss-0.0006608
2024-12-21 17:18:29 - INFO - epoch-124, train_loss-0.0006360, val_loss-0.0006670
2024-12-21 17:19:33 - INFO - epoch-125, train_loss-0.0006380, val_loss-0.0006598
2024-12-21 17:20:39 - INFO - epoch-126, train_loss-0.0006340, val_loss-0.0006651
2024-12-21 17:21:43 - INFO - epoch-127, train_loss-0.0006342, val_loss-0.0006546
2024-12-21 17:23:23 - INFO - epoch-128, train_loss-0.0006341, val_loss-0.0006611
2024-12-21 17:26:18 - INFO - epoch-129, train_loss-0.0006355, val_loss-0.0006664
2024-12-21 17:27:23 - INFO - epoch-130, train_loss-0.0006364, val_loss-0.0006611
2024-12-21 17:28:27 - INFO - epoch-131, train_loss-0.0006356, val_loss-0.0006628
2024-12-21 17:29:32 - INFO - epoch-132, train_loss-0.0006329, val_loss-0.0006590
2024-12-21 17:30:36 - INFO - epoch-133, train_loss-0.0006318, val_loss-0.0006569
2024-12-21 17:31:41 - INFO - epoch-134, train_loss-0.0006317, val_loss-0.0006646
2024-12-21 17:32:45 - INFO - epoch-135, train_loss-0.0006338, val_loss-0.0006599
2024-12-21 17:33:51 - INFO - epoch-136, train_loss-0.0006336, val_loss-0.0006601
2024-12-21 17:34:55 - INFO - epoch-137, train_loss-0.0006317, val_loss-0.0006637
2024-12-21 17:36:00 - INFO - epoch-138, train_loss-0.0006340, val_loss-0.0006588
2024-12-21 17:37:05 - INFO - epoch-139, train_loss-0.0006308, val_loss-0.0006580
2024-12-21 17:38:09 - INFO - epoch-140, train_loss-0.0006310, val_loss-0.0006633
2024-12-21 17:39:14 - INFO - epoch-141, train_loss-0.0006313, val_loss-0.0006769
2024-12-21 17:40:18 - INFO - epoch-142, train_loss-0.0006296, val_loss-0.0006581
2024-12-21 17:41:23 - INFO - epoch-143, train_loss-0.0006383, val_loss-0.0006661
2024-12-21 17:42:27 - INFO - epoch-144, train_loss-0.0006274, val_loss-0.0006662
2024-12-21 17:43:32 - INFO - epoch-145, train_loss-0.0006271, val_loss-0.0006692
2024-12-21 17:44:36 - INFO - epoch-146, train_loss-0.0006272, val_loss-0.0006697
2024-12-21 17:45:40 - INFO - epoch-147, train_loss-0.0006263, val_loss-0.0006673
2024-12-21 17:46:45 - INFO - epoch-148, train_loss-0.0006273, val_loss-0.0006712
2024-12-21 17:47:49 - INFO - epoch-149, train_loss-0.0006298, val_loss-0.0006674
2024-12-21 17:48:53 - INFO - epoch-150, train_loss-0.0006272, val_loss-0.0006838
2024-12-21 17:49:58 - INFO - epoch-151, train_loss-0.0006266, val_loss-0.0006803
2024-12-21 17:51:02 - INFO - epoch-152, train_loss-0.0006276, val_loss-0.0006803
2024-12-21 17:52:06 - INFO - epoch-153, train_loss-0.0006253, val_loss-0.0006768
2024-12-21 17:53:11 - INFO - epoch-154, train_loss-0.0006265, val_loss-0.0006795
2024-12-21 17:54:15 - INFO - epoch-155, train_loss-0.0006266, val_loss-0.0006725
2024-12-21 17:55:19 - INFO - epoch-156, train_loss-0.0006266, val_loss-0.0006780
2024-12-21 17:56:23 - INFO - epoch-157, train_loss-0.0006249, val_loss-0.0007062
2024-12-21 17:57:28 - INFO - epoch-158, train_loss-0.0006232, val_loss-0.0006680
2024-12-21 17:58:32 - INFO - epoch-159, train_loss-0.0006221, val_loss-0.0006973
2024-12-21 17:59:36 - INFO - epoch-160, train_loss-0.0006219, val_loss-0.0006822
2024-12-21 18:00:41 - INFO - epoch-161, train_loss-0.0006223, val_loss-0.0007004
2024-12-21 18:01:45 - INFO - epoch-162, train_loss-0.0006210, val_loss-0.0006737
2024-12-21 18:02:49 - INFO - epoch-163, train_loss-0.0006204, val_loss-0.0006817
2024-12-21 18:03:53 - INFO - epoch-164, train_loss-0.0006215, val_loss-0.0006932
2024-12-21 18:04:58 - INFO - epoch-165, train_loss-0.0006207, val_loss-0.0007480
2024-12-21 18:06:02 - INFO - epoch-166, train_loss-0.0006200, val_loss-0.0007046
2024-12-21 18:07:07 - INFO - epoch-167, train_loss-0.0006187, val_loss-0.0006888
2024-12-21 18:08:12 - INFO - epoch-168, train_loss-0.0006185, val_loss-0.0006783
2024-12-21 18:09:16 - INFO - epoch-169, train_loss-0.0006194, val_loss-0.0007011
2024-12-21 18:10:20 - INFO - epoch-170, train_loss-0.0006212, val_loss-0.0006826
2024-12-21 18:11:25 - INFO - epoch-171, train_loss-0.0006187, val_loss-0.0006894
2024-12-21 18:12:29 - INFO - epoch-172, train_loss-0.0006176, val_loss-0.0006730
2024-12-21 18:13:34 - INFO - epoch-173, train_loss-0.0006165, val_loss-0.0006743
2024-12-21 18:14:39 - INFO - epoch-174, train_loss-0.0006152, val_loss-0.0006791
2024-12-21 18:15:43 - INFO - epoch-175, train_loss-0.0006156, val_loss-0.0006918
2024-12-21 18:16:47 - INFO - epoch-176, train_loss-0.0006166, val_loss-0.0006965
2024-12-21 18:17:51 - INFO - epoch-177, train_loss-0.0006139, val_loss-0.0006772
2024-12-21 18:18:55 - INFO - epoch-178, train_loss-0.0006133, val_loss-0.0006849
2024-12-21 18:20:01 - INFO - epoch-179, train_loss-0.0006132, val_loss-0.0006747
2024-12-21 18:21:05 - INFO - epoch-180, train_loss-0.0006132, val_loss-0.0006975
2024-12-21 18:22:10 - INFO - epoch-181, train_loss-0.0006139, val_loss-0.0006918
2024-12-21 18:23:14 - INFO - epoch-182, train_loss-0.0006126, val_loss-0.0006927
2024-12-21 18:24:18 - INFO - epoch-183, train_loss-0.0006129, val_loss-0.0006953
2024-12-21 18:25:22 - INFO - epoch-184, train_loss-0.0006117, val_loss-0.0006747
2024-12-21 18:26:26 - INFO - epoch-185, train_loss-0.0006091, val_loss-0.0006742
2024-12-21 18:27:32 - INFO - epoch-186, train_loss-0.0006091, val_loss-0.0006768
2024-12-21 18:28:36 - INFO - epoch-187, train_loss-0.0006100, val_loss-0.0006711
2024-12-21 18:29:40 - INFO - epoch-188, train_loss-0.0006087, val_loss-0.0006807
2024-12-21 18:30:44 - INFO - epoch-189, train_loss-0.0006127, val_loss-0.0006705
2024-12-21 18:31:49 - INFO - epoch-190, train_loss-0.0006132, val_loss-0.0007096
2024-12-21 18:32:54 - INFO - epoch-191, train_loss-0.0006075, val_loss-0.0006857
2024-12-21 18:36:29 - INFO - epoch-192, train_loss-0.0006055, val_loss-0.0006904
2024-12-21 18:37:34 - INFO - epoch-193, train_loss-0.0006082, val_loss-0.0006741
2024-12-21 18:38:39 - INFO - epoch-194, train_loss-0.0006075, val_loss-0.0006722
2024-12-21 18:39:44 - INFO - epoch-195, train_loss-0.0006065, val_loss-0.0006720
2024-12-21 18:40:48 - INFO - epoch-196, train_loss-0.0006072, val_loss-0.0006738
2024-12-21 18:41:53 - INFO - epoch-197, train_loss-0.0006057, val_loss-0.0006715
2024-12-21 18:42:57 - INFO - epoch-198, train_loss-0.0006058, val_loss-0.0006722
2024-12-21 18:44:01 - INFO - epoch-199, train_loss-0.0006062, val_loss-0.0006743
2024-12-21 18:45:06 - INFO - epoch-200, train_loss-0.0006068, val_loss-0.0006688
2024-12-21 18:46:11 - INFO - epoch-201, train_loss-0.0006064, val_loss-0.0006708
2024-12-21 18:47:15 - INFO - epoch-202, train_loss-0.0006040, val_loss-0.0006613
2024-12-21 18:48:21 - INFO - epoch-203, train_loss-0.0006028, val_loss-0.0006581
2024-12-21 18:49:26 - INFO - epoch-204, train_loss-0.0006011, val_loss-0.0006558
2024-12-21 18:50:30 - INFO - epoch-205, train_loss-0.0006005, val_loss-0.0006785
2024-12-21 18:51:34 - INFO - epoch-206, train_loss-0.0006011, val_loss-0.0006900
2024-12-21 18:52:40 - INFO - epoch-207, train_loss-0.0006017, val_loss-0.0007011
2024-12-21 18:53:44 - INFO - epoch-208, train_loss-0.0006000, val_loss-0.0007611
2024-12-21 18:54:48 - INFO - epoch-209, train_loss-0.0006014, val_loss-0.0007612
2024-12-21 18:55:53 - INFO - epoch-210, train_loss-0.0006002, val_loss-0.0007002
2024-12-21 18:56:58 - INFO - epoch-211, train_loss-0.0006038, val_loss-0.0006846
2024-12-21 18:58:02 - INFO - epoch-212, train_loss-0.0006021, val_loss-0.0006882
2024-12-21 18:59:07 - INFO - epoch-213, train_loss-0.0006008, val_loss-0.0007093
2024-12-21 19:00:11 - INFO - epoch-214, train_loss-0.0005996, val_loss-0.0007540
2024-12-21 19:01:16 - INFO - epoch-215, train_loss-0.0005990, val_loss-0.0007606
2024-12-21 19:02:20 - INFO - epoch-216, train_loss-0.0005959, val_loss-0.0006810
2024-12-21 19:03:25 - INFO - epoch-217, train_loss-0.0005985, val_loss-0.0007032
2024-12-21 19:04:29 - INFO - epoch-218, train_loss-0.0005962, val_loss-0.0006891
2024-12-21 19:05:34 - INFO - epoch-219, train_loss-0.0005961, val_loss-0.0006689
2024-12-21 19:06:38 - INFO - epoch-220, train_loss-0.0005934, val_loss-0.0006817
2024-12-21 19:07:42 - INFO - epoch-221, train_loss-0.0005932, val_loss-0.0006778
2024-12-21 19:08:47 - INFO - epoch-222, train_loss-0.0005917, val_loss-0.0006879
2024-12-21 19:09:51 - INFO - epoch-223, train_loss-0.0005932, val_loss-0.0006863
2024-12-21 19:10:55 - INFO - epoch-224, train_loss-0.0005912, val_loss-0.0007184
2024-12-21 19:11:59 - INFO - epoch-225, train_loss-0.0005898, val_loss-0.0007176
2024-12-21 19:13:04 - INFO - epoch-226, train_loss-0.0005869, val_loss-0.0007309
2024-12-21 19:14:08 - INFO - epoch-227, train_loss-0.0005882, val_loss-0.0007923
2024-12-21 19:15:12 - INFO - epoch-228, train_loss-0.0005901, val_loss-0.0007174
2024-12-21 19:16:16 - INFO - epoch-229, train_loss-0.0005892, val_loss-0.0007076
2024-12-21 19:17:20 - INFO - epoch-230, train_loss-0.0005862, val_loss-0.0007204
2024-12-21 19:18:24 - INFO - epoch-231, train_loss-0.0005881, val_loss-0.0008765
2024-12-21 19:19:28 - INFO - epoch-232, train_loss-0.0005851, val_loss-0.0008512
2024-12-21 19:20:33 - INFO - epoch-233, train_loss-0.0005858, val_loss-0.0007644
2024-12-21 19:21:38 - INFO - epoch-234, train_loss-0.0005868, val_loss-0.0007620
2024-12-21 19:22:42 - INFO - epoch-235, train_loss-0.0005849, val_loss-0.0007257
2024-12-21 19:23:46 - INFO - epoch-236, train_loss-0.0005851, val_loss-0.0007961
2024-12-21 19:24:51 - INFO - epoch-237, train_loss-0.0005850, val_loss-0.0008023
2024-12-21 19:25:55 - INFO - epoch-238, train_loss-0.0005829, val_loss-0.0007167
2024-12-21 19:26:59 - INFO - epoch-239, train_loss-0.0005823, val_loss-0.0007491
2024-12-21 19:28:03 - INFO - epoch-240, train_loss-0.0005846, val_loss-0.0008340
2024-12-21 19:29:07 - INFO - epoch-241, train_loss-0.0005858, val_loss-0.0007234
2024-12-21 19:30:12 - INFO - epoch-242, train_loss-0.0005863, val_loss-0.0007780
2024-12-21 19:31:16 - INFO - epoch-243, train_loss-0.0005845, val_loss-0.0006901
2024-12-21 19:32:20 - INFO - epoch-244, train_loss-0.0005824, val_loss-0.0006957
2024-12-21 19:33:24 - INFO - epoch-245, train_loss-0.0005815, val_loss-0.0007582
2024-12-21 19:34:29 - INFO - epoch-246, train_loss-0.0005815, val_loss-0.0007108
2024-12-21 19:35:34 - INFO - epoch-247, train_loss-0.0005790, val_loss-0.0007228
2024-12-21 19:36:38 - INFO - epoch-248, train_loss-0.0005790, val_loss-0.0009176
2024-12-21 19:37:43 - INFO - epoch-249, train_loss-0.0005811, val_loss-0.0008411
2024-12-21 19:38:47 - INFO - epoch-250, train_loss-0.0005803, val_loss-0.0008291
2024-12-21 19:39:53 - INFO - epoch-251, train_loss-0.0005761, val_loss-0.0007409
2024-12-21 19:40:57 - INFO - epoch-252, train_loss-0.0005751, val_loss-0.0007635
2024-12-21 19:43:29 - INFO - epoch-253, train_loss-0.0005744, val_loss-0.0010573
2024-12-21 19:45:30 - INFO - epoch-254, train_loss-0.0005762, val_loss-0.0008863
2024-12-21 19:46:34 - INFO - epoch-255, train_loss-0.0005767, val_loss-0.0008043
2024-12-21 19:47:39 - INFO - epoch-256, train_loss-0.0005750, val_loss-0.0010031
2024-12-21 19:48:43 - INFO - epoch-257, train_loss-0.0005749, val_loss-0.0008716
2024-12-21 19:49:47 - INFO - epoch-258, train_loss-0.0005730, val_loss-0.0008692
2024-12-21 19:50:51 - INFO - epoch-259, train_loss-0.0005722, val_loss-0.0008474
2024-12-21 19:51:55 - INFO - epoch-260, train_loss-0.0005725, val_loss-0.0008975
2024-12-21 19:53:00 - INFO - epoch-261, train_loss-0.0005706, val_loss-0.0008244
2024-12-21 19:54:04 - INFO - epoch-262, train_loss-0.0005699, val_loss-0.0008029
2024-12-21 19:55:08 - INFO - epoch-263, train_loss-0.0005714, val_loss-0.0008625
2024-12-21 19:56:12 - INFO - epoch-264, train_loss-0.0005706, val_loss-0.0007636
2024-12-21 19:57:16 - INFO - epoch-265, train_loss-0.0005714, val_loss-0.0007356
2024-12-21 19:58:20 - INFO - epoch-266, train_loss-0.0005707, val_loss-0.0008011
2024-12-21 19:59:26 - INFO - epoch-267, train_loss-0.0005715, val_loss-0.0008827
2024-12-21 20:00:30 - INFO - epoch-268, train_loss-0.0005693, val_loss-0.0009473
2024-12-21 20:01:34 - INFO - epoch-269, train_loss-0.0005688, val_loss-0.0008911
2024-12-21 20:02:38 - INFO - epoch-270, train_loss-0.0005676, val_loss-0.0008260
2024-12-21 20:03:44 - INFO - epoch-271, train_loss-0.0005678, val_loss-0.0007832
2024-12-21 20:04:48 - INFO - epoch-272, train_loss-0.0005691, val_loss-0.0008119
2024-12-21 20:05:53 - INFO - epoch-273, train_loss-0.0005681, val_loss-0.0008905
2024-12-21 20:06:57 - INFO - epoch-274, train_loss-0.0005669, val_loss-0.0009847
2024-12-21 20:08:01 - INFO - epoch-275, train_loss-0.0005634, val_loss-0.0007667
2024-12-21 20:09:05 - INFO - epoch-276, train_loss-0.0005631, val_loss-0.0009144
2024-12-21 20:10:09 - INFO - epoch-277, train_loss-0.0005639, val_loss-0.0008151
2024-12-21 20:11:14 - INFO - epoch-278, train_loss-0.0005626, val_loss-0.0009633
2024-12-21 20:12:18 - INFO - epoch-279, train_loss-0.0005612, val_loss-0.0008344
2024-12-21 20:13:22 - INFO - epoch-280, train_loss-0.0005596, val_loss-0.0008528
2024-12-21 20:14:26 - INFO - epoch-281, train_loss-0.0005591, val_loss-0.0008735
2024-12-21 20:15:30 - INFO - epoch-282, train_loss-0.0005592, val_loss-0.0007772
2024-12-21 20:16:34 - INFO - epoch-283, train_loss-0.0005589, val_loss-0.0007302
2024-12-21 20:17:38 - INFO - epoch-284, train_loss-0.0005589, val_loss-0.0007472
2024-12-21 20:18:43 - INFO - epoch-285, train_loss-0.0005572, val_loss-0.0008829
2024-12-21 20:19:47 - INFO - epoch-286, train_loss-0.0005558, val_loss-0.0007482
2024-12-21 20:20:51 - INFO - epoch-287, train_loss-0.0005550, val_loss-0.0007668
2024-12-21 20:21:55 - INFO - epoch-288, train_loss-0.0005564, val_loss-0.0009366
2024-12-21 20:22:59 - INFO - epoch-289, train_loss-0.0005563, val_loss-0.0008450
2024-12-21 20:24:03 - INFO - epoch-290, train_loss-0.0005556, val_loss-0.0008419
2024-12-21 20:25:08 - INFO - epoch-291, train_loss-0.0005551, val_loss-0.0008905
2024-12-21 20:26:12 - INFO - epoch-292, train_loss-0.0005523, val_loss-0.0008019
2024-12-21 20:27:16 - INFO - epoch-293, train_loss-0.0005509, val_loss-0.0007708
2024-12-21 20:28:20 - INFO - epoch-294, train_loss-0.0005512, val_loss-0.0008031
2024-12-21 20:29:25 - INFO - epoch-295, train_loss-0.0005517, val_loss-0.0007741
2024-12-21 20:30:29 - INFO - epoch-296, train_loss-0.0005503, val_loss-0.0007185
2024-12-21 20:31:33 - INFO - epoch-297, train_loss-0.0005490, val_loss-0.0007928
2024-12-21 20:32:37 - INFO - epoch-298, train_loss-0.0005493, val_loss-0.0008392
2024-12-21 20:33:41 - INFO - epoch-299, train_loss-0.0005485, val_loss-0.0008173
