2025-03-04 17:10:45 - INFO - train data: 13259
2025-03-04 17:10:45 - INFO - train unqiue data: 13259
2025-03-04 17:10:45 - INFO - valid data: 1474
2025-03-04 17:10:45 - INFO - valid unqiue data: 1474
2025-03-04 17:15:06 - INFO - epoch-0, train_mse_loss-0.0006719, train_kl_loss-0.0685845, val_mse_loss-0.0104424, val_kl_loss-0.0004235
2025-03-04 17:19:22 - INFO - epoch-1, train_mse_loss-0.0003610, train_kl_loss-0.0013931, val_mse_loss-0.0090244, val_kl_loss-0.0185808
2025-03-04 17:23:36 - INFO - epoch-2, train_mse_loss-0.0004355, train_kl_loss-1.4999701, val_mse_loss-0.0021100, val_kl_loss-2.1621981
2025-03-04 17:23:42 - INFO - Saved new best model at epoch 2 with validation loss 2.1643081
2025-03-04 17:27:57 - INFO - epoch-3, train_mse_loss-0.0003876, train_kl_loss-2.1622004, val_mse_loss-0.0046786, val_kl_loss-2.1621592
2025-03-04 17:32:12 - INFO - epoch-4, train_mse_loss-0.0003708, train_kl_loss-2.1666387, val_mse_loss-0.0066312, val_kl_loss-2.1800802
2025-03-04 17:36:27 - INFO - epoch-5, train_mse_loss-0.0004569, train_kl_loss-2.0854941, val_mse_loss-0.0009312, val_kl_loss-1.5575624
2025-03-04 17:36:33 - INFO - Saved new best model at epoch 5 with validation loss 1.5584936
2025-03-04 17:40:48 - INFO - epoch-6, train_mse_loss-0.0005357, train_kl_loss-1.4667822, val_mse_loss-0.0026288, val_kl_loss-1.1599445
2025-03-04 17:40:54 - INFO - Saved new best model at epoch 6 with validation loss 1.1625733
2025-03-04 17:45:09 - INFO - epoch-7, train_mse_loss-0.0005621, train_kl_loss-1.1877546, val_mse_loss-0.0022286, val_kl_loss-1.0726387
2025-03-04 17:45:16 - INFO - Saved new best model at epoch 7 with validation loss 1.0748673
2025-03-04 17:49:31 - INFO - epoch-8, train_mse_loss-0.0005214, train_kl_loss-1.1065933, val_mse_loss-0.0012423, val_kl_loss-1.0213546
2025-03-04 17:49:37 - INFO - Saved new best model at epoch 8 with validation loss 1.0225969
2025-03-04 17:53:52 - INFO - epoch-9, train_mse_loss-0.0004790, train_kl_loss-1.1749245, val_mse_loss-0.0008407, val_kl_loss-1.0935722
2025-03-04 17:58:08 - INFO - epoch-10, train_mse_loss-0.0004643, train_kl_loss-0.8135667, val_mse_loss-0.0010858, val_kl_loss-1.6507464
2025-03-04 18:02:23 - INFO - epoch-11, train_mse_loss-0.0004667, train_kl_loss-0.4222831, val_mse_loss-0.0005701, val_kl_loss-0.6293330
2025-03-04 18:02:29 - INFO - Saved new best model at epoch 11 with validation loss 0.6299032
2025-03-04 18:06:44 - INFO - epoch-12, train_mse_loss-0.0004637, train_kl_loss-0.4470183, val_mse_loss-0.0006021, val_kl_loss-0.3875539
2025-03-04 18:06:50 - INFO - Saved new best model at epoch 12 with validation loss 0.3881560
2025-03-04 18:11:06 - INFO - epoch-13, train_mse_loss-0.0004681, train_kl_loss-0.4774659, val_mse_loss-0.0005795, val_kl_loss-2.0026273
2025-03-04 18:15:20 - INFO - epoch-14, train_mse_loss-0.0004368, train_kl_loss-0.4267857, val_mse_loss-0.0005795, val_kl_loss-2.5194371
2025-03-04 18:19:37 - INFO - epoch-15, train_mse_loss-0.0004092, train_kl_loss-0.0735220, val_mse_loss-0.0005743, val_kl_loss-1.5140426
2025-03-04 18:23:52 - INFO - epoch-16, train_mse_loss-0.0003966, train_kl_loss-0.0010961, val_mse_loss-0.0005511, val_kl_loss-0.3141618
2025-03-04 18:23:58 - INFO - Saved new best model at epoch 16 with validation loss 0.3147128
2025-03-04 18:28:15 - INFO - epoch-17, train_mse_loss-0.0003810, train_kl_loss-0.0009058, val_mse_loss-0.0004955, val_kl_loss-0.0386508
2025-03-04 18:28:21 - INFO - Saved new best model at epoch 17 with validation loss 0.0391463
2025-03-04 18:32:36 - INFO - epoch-18, train_mse_loss-0.0003704, train_kl_loss-0.0011133, val_mse_loss-0.0004230, val_kl_loss-0.0299665
2025-03-04 18:32:42 - INFO - Saved new best model at epoch 18 with validation loss 0.0303895
2025-03-04 18:36:57 - INFO - epoch-19, train_mse_loss-0.0003739, train_kl_loss-0.0100992, val_mse_loss-0.0005687, val_kl_loss-0.0004758
2025-03-04 18:37:03 - INFO - Saved new best model at epoch 19 with validation loss 0.0010444
2025-03-04 18:41:18 - INFO - epoch-20, train_mse_loss-0.0003710, train_kl_loss-0.0001380, val_mse_loss-0.0005564, val_kl_loss-0.0004054
2025-03-04 18:41:24 - INFO - Saved new best model at epoch 20 with validation loss 0.0009618
2025-03-04 18:45:39 - INFO - epoch-21, train_mse_loss-0.0003583, train_kl_loss-0.0002182, val_mse_loss-0.0005272, val_kl_loss-0.0006533
2025-03-04 18:49:54 - INFO - epoch-22, train_mse_loss-0.0003499, train_kl_loss-0.0002408, val_mse_loss-0.0005152, val_kl_loss-0.0003093
2025-03-04 18:50:01 - INFO - Saved new best model at epoch 22 with validation loss 0.0008245
2025-03-04 18:54:15 - INFO - epoch-23, train_mse_loss-0.0003441, train_kl_loss-0.0003341, val_mse_loss-0.0005491, val_kl_loss-0.0002332
2025-03-04 18:54:22 - INFO - Saved new best model at epoch 23 with validation loss 0.0007823
2025-03-04 18:58:37 - INFO - epoch-24, train_mse_loss-0.0003419, train_kl_loss-0.0000502, val_mse_loss-0.0005502, val_kl_loss-0.0000734
2025-03-04 18:58:44 - INFO - Saved new best model at epoch 24 with validation loss 0.0006236
2025-03-04 19:02:59 - INFO - epoch-25, train_mse_loss-0.0003361, train_kl_loss-0.0001218, val_mse_loss-0.0005515, val_kl_loss-0.0001304
2025-03-04 19:07:14 - INFO - epoch-26, train_mse_loss-0.0003324, train_kl_loss-0.0000176, val_mse_loss-0.0005578, val_kl_loss-0.0000519
2025-03-04 19:07:20 - INFO - Saved new best model at epoch 26 with validation loss 0.0006098
2025-03-04 19:11:35 - INFO - epoch-27, train_mse_loss-0.0003946, train_kl_loss-0.1044569, val_mse_loss-0.0005795, val_kl_loss-0.0128665
2025-03-04 19:15:51 - INFO - epoch-28, train_mse_loss-0.0004192, train_kl_loss-0.0036167, val_mse_loss-0.0005795, val_kl_loss-0.0009750
2025-03-04 19:20:06 - INFO - epoch-29, train_mse_loss-0.0003854, train_kl_loss-0.0007052, val_mse_loss-0.0005795, val_kl_loss-0.0006951
2025-03-04 19:24:21 - INFO - epoch-30, train_mse_loss-0.0003713, train_kl_loss-0.0005261, val_mse_loss-0.0004538, val_kl_loss-0.0007923
2025-03-04 19:28:36 - INFO - epoch-31, train_mse_loss-0.0003542, train_kl_loss-0.0005624, val_mse_loss-0.0005670, val_kl_loss-0.0005936
2025-03-04 19:32:50 - INFO - epoch-32, train_mse_loss-0.0003469, train_kl_loss-0.0004043, val_mse_loss-0.0005508, val_kl_loss-0.0007656
2025-03-04 19:37:06 - INFO - epoch-33, train_mse_loss-0.0003423, train_kl_loss-0.0004135, val_mse_loss-0.0005403, val_kl_loss-0.0003371
2025-03-04 19:41:21 - INFO - epoch-34, train_mse_loss-0.0003392, train_kl_loss-0.0002772, val_mse_loss-0.0005624, val_kl_loss-0.0001569
2025-03-04 19:45:36 - INFO - epoch-35, train_mse_loss-0.0003396, train_kl_loss-0.0002980, val_mse_loss-0.0005361, val_kl_loss-0.0002866
2025-03-04 19:49:51 - INFO - epoch-36, train_mse_loss-0.0003356, train_kl_loss-0.0000890, val_mse_loss-0.0005503, val_kl_loss-0.0000234
2025-03-04 19:49:57 - INFO - Saved new best model at epoch 36 with validation loss 0.0005737
2025-03-04 19:54:12 - INFO - epoch-37, train_mse_loss-0.0003329, train_kl_loss-0.0000932, val_mse_loss-0.0005689, val_kl_loss-0.0011803
2025-03-04 19:58:27 - INFO - epoch-38, train_mse_loss-0.0003312, train_kl_loss-0.0000375, val_mse_loss-0.0005425, val_kl_loss-0.0000193
2025-03-04 19:58:33 - INFO - Saved new best model at epoch 38 with validation loss 0.0005619
2025-03-04 20:02:48 - INFO - epoch-39, train_mse_loss-0.0003305, train_kl_loss-0.0000163, val_mse_loss-0.0005648, val_kl_loss-0.0000019
2025-03-04 20:07:03 - INFO - epoch-40, train_mse_loss-0.0003298, train_kl_loss-0.0000305, val_mse_loss-0.0005500, val_kl_loss-0.0000003
2025-03-04 20:07:10 - INFO - Saved new best model at epoch 40 with validation loss 0.0005503
2025-03-04 20:11:24 - INFO - epoch-41, train_mse_loss-0.0003400, train_kl_loss-0.0172225, val_mse_loss-0.0005726, val_kl_loss-0.0001443
2025-03-04 20:15:40 - INFO - epoch-42, train_mse_loss-0.0003428, train_kl_loss-0.0001416, val_mse_loss-0.0005628, val_kl_loss-0.0000522
2025-03-04 20:19:54 - INFO - epoch-43, train_mse_loss-0.0003387, train_kl_loss-0.0000443, val_mse_loss-0.0005581, val_kl_loss-0.0000290
2025-03-04 20:24:13 - INFO - epoch-44, train_mse_loss-0.0003368, train_kl_loss-0.0000209, val_mse_loss-0.0005548, val_kl_loss-0.0000220
2025-03-04 20:28:28 - INFO - epoch-45, train_mse_loss-0.0003341, train_kl_loss-0.0000131, val_mse_loss-0.0005688, val_kl_loss-0.0000116
2025-03-04 20:32:43 - INFO - epoch-46, train_mse_loss-0.0003327, train_kl_loss-0.0000098, val_mse_loss-0.0005642, val_kl_loss-0.0000067
2025-03-04 20:36:59 - INFO - epoch-47, train_mse_loss-0.0003315, train_kl_loss-0.0000062, val_mse_loss-0.0005638, val_kl_loss-0.0000040
2025-03-04 20:41:14 - INFO - epoch-48, train_mse_loss-0.0003306, train_kl_loss-0.0000043, val_mse_loss-0.0005438, val_kl_loss-0.0000014
2025-03-04 20:41:20 - INFO - Saved new best model at epoch 48 with validation loss 0.0005451
2025-03-04 20:45:35 - INFO - epoch-49, train_mse_loss-0.0003297, train_kl_loss-0.0000035, val_mse_loss-0.0005621, val_kl_loss-0.0000014
2025-03-04 20:49:51 - INFO - epoch-50, train_mse_loss-0.0003290, train_kl_loss-0.0000042, val_mse_loss-0.0005211, val_kl_loss-0.0000006
2025-03-04 20:49:57 - INFO - Saved new best model at epoch 50 with validation loss 0.0005217
2025-03-04 20:54:12 - INFO - epoch-51, train_mse_loss-0.0003287, train_kl_loss-0.0000100, val_mse_loss-0.0005217, val_kl_loss-0.0000002
2025-03-04 20:58:27 - INFO - epoch-52, train_mse_loss-0.0003285, train_kl_loss-0.0000010, val_mse_loss-0.0004609, val_kl_loss-0.0000001
2025-03-04 20:58:34 - INFO - Saved new best model at epoch 52 with validation loss 0.0004610
2025-03-04 21:02:49 - INFO - epoch-53, train_mse_loss-0.0003315, train_kl_loss-0.0070384, val_mse_loss-0.0005572, val_kl_loss-0.0004609
2025-03-04 21:07:04 - INFO - epoch-54, train_mse_loss-0.0003360, train_kl_loss-0.0000302, val_mse_loss-0.0005636, val_kl_loss-0.0000164
2025-03-04 21:11:20 - INFO - epoch-55, train_mse_loss-0.0003307, train_kl_loss-0.0000065, val_mse_loss-0.0005376, val_kl_loss-0.0000012
2025-03-04 21:15:36 - INFO - epoch-56, train_mse_loss-0.0003293, train_kl_loss-0.0000022, val_mse_loss-0.0004733, val_kl_loss-0.0000004
2025-03-04 21:19:51 - INFO - epoch-57, train_mse_loss-0.0003284, train_kl_loss-0.0000005, val_mse_loss-0.0004768, val_kl_loss-0.0000001
2025-03-04 21:24:06 - INFO - epoch-58, train_mse_loss-0.0003280, train_kl_loss-0.0000002, val_mse_loss-0.0004634, val_kl_loss-0.0000001
2025-03-04 21:28:22 - INFO - epoch-59, train_mse_loss-0.0003276, train_kl_loss-0.0000000, val_mse_loss-0.0004310, val_kl_loss-0.0000000
2025-03-04 21:28:28 - INFO - Saved new best model at epoch 59 with validation loss 0.0004310
2025-03-04 21:32:44 - INFO - epoch-60, train_mse_loss-0.0003272, train_kl_loss-0.0000000, val_mse_loss-0.0004212, val_kl_loss-0.0000000
2025-03-04 21:32:50 - INFO - Saved new best model at epoch 60 with validation loss 0.0004212
2025-03-04 21:37:07 - INFO - epoch-61, train_mse_loss-0.0003268, train_kl_loss-0.0000000, val_mse_loss-0.0003995, val_kl_loss-0.0000000
2025-03-04 21:37:14 - INFO - Saved new best model at epoch 61 with validation loss 0.0003995
2025-03-04 21:41:44 - INFO - epoch-62, train_mse_loss-0.0003265, train_kl_loss-0.0000000, val_mse_loss-0.0003463, val_kl_loss-0.0000000
2025-03-04 21:41:50 - INFO - Saved new best model at epoch 62 with validation loss 0.0003463
2025-03-04 21:46:04 - INFO - epoch-63, train_mse_loss-0.0003262, train_kl_loss-0.0000000, val_mse_loss-0.0003307, val_kl_loss-0.0000000
2025-03-04 21:46:10 - INFO - Saved new best model at epoch 63 with validation loss 0.0003307
2025-03-04 21:50:25 - INFO - epoch-64, train_mse_loss-0.0003260, train_kl_loss--0.0000000, val_mse_loss-0.0003274, val_kl_loss-0.0000000
2025-03-04 21:50:31 - INFO - Saved new best model at epoch 64 with validation loss 0.0003274
2025-03-04 21:54:45 - INFO - epoch-65, train_mse_loss-0.0003258, train_kl_loss-0.0000000, val_mse_loss-0.0003329, val_kl_loss-0.0000000
2025-03-04 21:58:59 - INFO - epoch-66, train_mse_loss-0.0003258, train_kl_loss-0.0000000, val_mse_loss-0.0003338, val_kl_loss-0.0000000
2025-03-04 22:03:14 - INFO - epoch-67, train_mse_loss-0.0003255, train_kl_loss-0.0000000, val_mse_loss-0.0003354, val_kl_loss-0.0000000
2025-03-04 22:07:28 - INFO - epoch-68, train_mse_loss-0.0003251, train_kl_loss-0.0000000, val_mse_loss-0.0003416, val_kl_loss-0.0000000
2025-03-04 22:11:43 - INFO - epoch-69, train_mse_loss-0.0003250, train_kl_loss-0.0000000, val_mse_loss-0.0003521, val_kl_loss-0.0000000
2025-03-04 22:15:57 - INFO - epoch-70, train_mse_loss-0.0003249, train_kl_loss-0.0000000, val_mse_loss-0.0003588, val_kl_loss-0.0000000
2025-03-04 22:20:12 - INFO - epoch-71, train_mse_loss-0.0003249, train_kl_loss-0.0000000, val_mse_loss-0.0003528, val_kl_loss-0.0000000
2025-03-04 22:24:26 - INFO - epoch-72, train_mse_loss-0.0003248, train_kl_loss-0.0000000, val_mse_loss-0.0003503, val_kl_loss-0.0000000
2025-03-04 22:28:41 - INFO - epoch-73, train_mse_loss-0.0003248, train_kl_loss-0.0000000, val_mse_loss-0.0003490, val_kl_loss-0.0000000
2025-03-04 22:32:55 - INFO - epoch-74, train_mse_loss-0.0003247, train_kl_loss-0.0000000, val_mse_loss-0.0003459, val_kl_loss-0.0000000
2025-03-04 22:37:14 - INFO - epoch-75, train_mse_loss-0.0003247, train_kl_loss-0.0000000, val_mse_loss-0.0003471, val_kl_loss-0.0000000
2025-03-04 22:41:28 - INFO - epoch-76, train_mse_loss-0.0003247, train_kl_loss-0.0000000, val_mse_loss-0.0003475, val_kl_loss-0.0000000
2025-03-04 22:45:42 - INFO - epoch-77, train_mse_loss-0.0003247, train_kl_loss-0.0000000, val_mse_loss-0.0003472, val_kl_loss-0.0000000
2025-03-04 22:49:57 - INFO - epoch-78, train_mse_loss-0.0003247, train_kl_loss-0.0000000, val_mse_loss-0.0003467, val_kl_loss-0.0000000
2025-03-04 22:54:11 - INFO - epoch-79, train_mse_loss-0.0003247, train_kl_loss-0.0000000, val_mse_loss-0.0003447, val_kl_loss-0.0000000
2025-03-04 22:58:26 - INFO - epoch-80, train_mse_loss-0.0003247, train_kl_loss-0.0000000, val_mse_loss-0.0003445, val_kl_loss-0.0000000
2025-03-04 23:02:40 - INFO - epoch-81, train_mse_loss-0.0003247, train_kl_loss-0.0000000, val_mse_loss-0.0003450, val_kl_loss-0.0000000
2025-03-04 23:06:53 - INFO - epoch-82, train_mse_loss-0.0003246, train_kl_loss-0.0000000, val_mse_loss-0.0003440, val_kl_loss-0.0000000
2025-03-04 23:11:07 - INFO - epoch-83, train_mse_loss-0.0003246, train_kl_loss-0.0000000, val_mse_loss-0.0003461, val_kl_loss-0.0000000
2025-03-04 23:15:22 - INFO - epoch-84, train_mse_loss-0.0003246, train_kl_loss-0.0000000, val_mse_loss-0.0003472, val_kl_loss-0.0000000
2025-03-04 23:19:36 - INFO - epoch-85, train_mse_loss-0.0003246, train_kl_loss-0.0000000, val_mse_loss-0.0003455, val_kl_loss-0.0000000
2025-03-04 23:23:50 - INFO - epoch-86, train_mse_loss-0.0003246, train_kl_loss-0.0000000, val_mse_loss-0.0003477, val_kl_loss-0.0000000
2025-03-04 23:28:04 - INFO - epoch-87, train_mse_loss-0.0003245, train_kl_loss-0.0000000, val_mse_loss-0.0003468, val_kl_loss-0.0000000
2025-03-04 23:32:18 - INFO - epoch-88, train_mse_loss-0.0003245, train_kl_loss-0.0000000, val_mse_loss-0.0003503, val_kl_loss-0.0000000
2025-03-04 23:36:32 - INFO - epoch-89, train_mse_loss-0.0003245, train_kl_loss-0.0000000, val_mse_loss-0.0003455, val_kl_loss-0.0000000
2025-03-04 23:40:47 - INFO - epoch-90, train_mse_loss-0.0003245, train_kl_loss-0.0000000, val_mse_loss-0.0003433, val_kl_loss-0.0000000
2025-03-04 23:45:00 - INFO - epoch-91, train_mse_loss-0.0003244, train_kl_loss-0.0000000, val_mse_loss-0.0003408, val_kl_loss-0.0000000
2025-03-04 23:49:13 - INFO - epoch-92, train_mse_loss-0.0003243, train_kl_loss-0.0000000, val_mse_loss-0.0003362, val_kl_loss-0.0000000
2025-03-04 23:53:27 - INFO - epoch-93, train_mse_loss-0.0003242, train_kl_loss-0.0000000, val_mse_loss-0.0003357, val_kl_loss-0.0000000
2025-03-04 23:57:42 - INFO - epoch-94, train_mse_loss-0.0003242, train_kl_loss-0.0000000, val_mse_loss-0.0003344, val_kl_loss-0.0000000
2025-03-05 00:01:56 - INFO - epoch-95, train_mse_loss-0.0003242, train_kl_loss-0.0000000, val_mse_loss-0.0003338, val_kl_loss-0.0000000
2025-03-05 00:06:11 - INFO - epoch-96, train_mse_loss-0.0003242, train_kl_loss-0.0000000, val_mse_loss-0.0003350, val_kl_loss-0.0000000
2025-03-05 00:10:24 - INFO - epoch-97, train_mse_loss-0.0003242, train_kl_loss-0.0000000, val_mse_loss-0.0003336, val_kl_loss-0.0000000
2025-03-05 00:14:38 - INFO - epoch-98, train_mse_loss-0.0003242, train_kl_loss-0.0000000, val_mse_loss-0.0003335, val_kl_loss-0.0000000
2025-03-05 00:18:52 - INFO - epoch-99, train_mse_loss-0.0003241, train_kl_loss-0.0000000, val_mse_loss-0.0003338, val_kl_loss-0.0000000
2025-03-05 00:23:06 - INFO - epoch-100, train_mse_loss-0.0003241, train_kl_loss-0.0000000, val_mse_loss-0.0003340, val_kl_loss-0.0000000
2025-03-05 00:27:21 - INFO - epoch-101, train_mse_loss-0.0003241, train_kl_loss-0.0000000, val_mse_loss-0.0003341, val_kl_loss-0.0000000
2025-03-05 00:31:35 - INFO - epoch-102, train_mse_loss-0.0003241, train_kl_loss-0.0000000, val_mse_loss-0.0003339, val_kl_loss-0.0000000
2025-03-05 00:35:49 - INFO - epoch-103, train_mse_loss-0.0003241, train_kl_loss-0.0000000, val_mse_loss-0.0003347, val_kl_loss-0.0000000
2025-03-05 00:40:03 - INFO - epoch-104, train_mse_loss-0.0003241, train_kl_loss-0.0000000, val_mse_loss-0.0003333, val_kl_loss-0.0000000
2025-03-05 00:44:17 - INFO - epoch-105, train_mse_loss-0.0003241, train_kl_loss-0.0000000, val_mse_loss-0.0003338, val_kl_loss-0.0000000
2025-03-05 00:48:35 - INFO - epoch-106, train_mse_loss-0.0003241, train_kl_loss-0.0000000, val_mse_loss-0.0003344, val_kl_loss-0.0000000
2025-03-05 00:52:49 - INFO - epoch-107, train_mse_loss-0.0003241, train_kl_loss-0.0000000, val_mse_loss-0.0003345, val_kl_loss-0.0000000
2025-03-05 00:57:03 - INFO - epoch-108, train_mse_loss-0.0003241, train_kl_loss-0.0000000, val_mse_loss-0.0003344, val_kl_loss-0.0000000
2025-03-05 01:01:19 - INFO - epoch-109, train_mse_loss-0.0003241, train_kl_loss-0.0000000, val_mse_loss-0.0003351, val_kl_loss-0.0000000
2025-03-05 01:05:34 - INFO - epoch-110, train_mse_loss-0.0003241, train_kl_loss-0.0000000, val_mse_loss-0.0003344, val_kl_loss-0.0000000
2025-03-05 01:09:48 - INFO - epoch-111, train_mse_loss-0.0003241, train_kl_loss-0.0000000, val_mse_loss-0.0003341, val_kl_loss-0.0000000
2025-03-05 01:14:02 - INFO - epoch-112, train_mse_loss-0.0003241, train_kl_loss-0.0000000, val_mse_loss-0.0003339, val_kl_loss-0.0000000
2025-03-05 01:18:18 - INFO - epoch-113, train_mse_loss-0.0003241, train_kl_loss-0.0000000, val_mse_loss-0.0003338, val_kl_loss-0.0000000
2025-03-05 01:22:32 - INFO - epoch-114, train_mse_loss-0.0003241, train_kl_loss-0.0000000, val_mse_loss-0.0003337, val_kl_loss-0.0000000
2025-03-05 01:26:46 - INFO - epoch-115, train_mse_loss-0.0003241, train_kl_loss-0.0000000, val_mse_loss-0.0003331, val_kl_loss-0.0000000
2025-03-05 01:31:01 - INFO - epoch-116, train_mse_loss-0.0003241, train_kl_loss-0.0000000, val_mse_loss-0.0003335, val_kl_loss-0.0000000
2025-03-05 01:35:15 - INFO - epoch-117, train_mse_loss-0.0003241, train_kl_loss-0.0000000, val_mse_loss-0.0003341, val_kl_loss-0.0000000
2025-03-05 01:39:29 - INFO - epoch-118, train_mse_loss-0.0003241, train_kl_loss-0.0000000, val_mse_loss-0.0003335, val_kl_loss-0.0000000
2025-03-05 01:43:44 - INFO - epoch-119, train_mse_loss-0.0003240, train_kl_loss-0.0000000, val_mse_loss-0.0003338, val_kl_loss-0.0000000
2025-03-05 01:47:59 - INFO - epoch-120, train_mse_loss-0.0003241, train_kl_loss-0.0000000, val_mse_loss-0.0003344, val_kl_loss-0.0000000
2025-03-05 01:52:14 - INFO - epoch-121, train_mse_loss-0.0003241, train_kl_loss-0.0000000, val_mse_loss-0.0003346, val_kl_loss-0.0000000
2025-03-05 01:56:28 - INFO - epoch-122, train_mse_loss-0.0003241, train_kl_loss-0.0000000, val_mse_loss-0.0003338, val_kl_loss-0.0000000
2025-03-05 02:00:42 - INFO - epoch-123, train_mse_loss-0.0003241, train_kl_loss-0.0000000, val_mse_loss-0.0003326, val_kl_loss-0.0000000
2025-03-05 02:04:56 - INFO - epoch-124, train_mse_loss-0.0003241, train_kl_loss-0.0000000, val_mse_loss-0.0003332, val_kl_loss-0.0000000
2025-03-05 02:09:10 - INFO - epoch-125, train_mse_loss-0.0003241, train_kl_loss-0.0000000, val_mse_loss-0.0003338, val_kl_loss-0.0000000
2025-03-05 02:13:25 - INFO - epoch-126, train_mse_loss-0.0003241, train_kl_loss-0.0000000, val_mse_loss-0.0003324, val_kl_loss-0.0000000
2025-03-05 02:17:39 - INFO - epoch-127, train_mse_loss-0.0003241, train_kl_loss-0.0000000, val_mse_loss-0.0003316, val_kl_loss-0.0000000
2025-03-05 02:21:53 - INFO - epoch-128, train_mse_loss-0.0003240, train_kl_loss-0.0000000, val_mse_loss-0.0003317, val_kl_loss-0.0000000
2025-03-05 02:26:07 - INFO - epoch-129, train_mse_loss-0.0003241, train_kl_loss-0.0000000, val_mse_loss-0.0003354, val_kl_loss-0.0000000
2025-03-05 02:30:21 - INFO - epoch-130, train_mse_loss-0.0003240, train_kl_loss-0.0000000, val_mse_loss-0.0003379, val_kl_loss-0.0000000
2025-03-05 02:34:36 - INFO - epoch-131, train_mse_loss-0.0003240, train_kl_loss-0.0000000, val_mse_loss-0.0003375, val_kl_loss-0.0000000
2025-03-05 02:38:51 - INFO - epoch-132, train_mse_loss-0.0003241, train_kl_loss-0.0000000, val_mse_loss-0.0003360, val_kl_loss-0.0000000
2025-03-05 02:43:06 - INFO - epoch-133, train_mse_loss-0.0003241, train_kl_loss-0.0000000, val_mse_loss-0.0003374, val_kl_loss-0.0000000
2025-03-05 02:47:21 - INFO - epoch-134, train_mse_loss-0.0003241, train_kl_loss-0.0000000, val_mse_loss-0.0003354, val_kl_loss-0.0000000
2025-03-05 02:51:36 - INFO - epoch-135, train_mse_loss-0.0003241, train_kl_loss-0.0000000, val_mse_loss-0.0003385, val_kl_loss-0.0000000
2025-03-05 02:55:51 - INFO - epoch-136, train_mse_loss-0.0003241, train_kl_loss-0.0000000, val_mse_loss-0.0003358, val_kl_loss-0.0000000
2025-03-05 03:00:09 - INFO - epoch-137, train_mse_loss-0.0003242, train_kl_loss-0.0000000, val_mse_loss-0.0003339, val_kl_loss-0.0000000
2025-03-05 03:04:23 - INFO - epoch-138, train_mse_loss-0.0003241, train_kl_loss-0.0000000, val_mse_loss-0.0003411, val_kl_loss-0.0000000
2025-03-05 03:08:38 - INFO - epoch-139, train_mse_loss-0.0003241, train_kl_loss-0.0000000, val_mse_loss-0.0003362, val_kl_loss-0.0000000
2025-03-05 03:12:52 - INFO - epoch-140, train_mse_loss-0.0003242, train_kl_loss-0.0000000, val_mse_loss-0.0003335, val_kl_loss-0.0000000
2025-03-05 03:17:06 - INFO - epoch-141, train_mse_loss-0.0003242, train_kl_loss-0.0000000, val_mse_loss-0.0003329, val_kl_loss-0.0000000
2025-03-05 03:21:21 - INFO - epoch-142, train_mse_loss-0.0003241, train_kl_loss-0.0000000, val_mse_loss-0.0003317, val_kl_loss-0.0000000
2025-03-05 03:25:36 - INFO - epoch-143, train_mse_loss-0.0003241, train_kl_loss-0.0000000, val_mse_loss-0.0003315, val_kl_loss-0.0000000
2025-03-05 03:29:51 - INFO - epoch-144, train_mse_loss-0.0003241, train_kl_loss-0.0000000, val_mse_loss-0.0003315, val_kl_loss-0.0000000
2025-03-05 03:34:05 - INFO - epoch-145, train_mse_loss-0.0003241, train_kl_loss-0.0000000, val_mse_loss-0.0003313, val_kl_loss-0.0000000
2025-03-05 03:38:19 - INFO - epoch-146, train_mse_loss-0.0003241, train_kl_loss-0.0000000, val_mse_loss-0.0003315, val_kl_loss-0.0000000
2025-03-05 03:42:33 - INFO - epoch-147, train_mse_loss-0.0003241, train_kl_loss-0.0000000, val_mse_loss-0.0003317, val_kl_loss-0.0000000
2025-03-05 03:46:48 - INFO - epoch-148, train_mse_loss-0.0003241, train_kl_loss-0.0000000, val_mse_loss-0.0003311, val_kl_loss-0.0000000
2025-03-05 03:51:03 - INFO - epoch-149, train_mse_loss-0.0003241, train_kl_loss-0.0000000, val_mse_loss-0.0003317, val_kl_loss-0.0000000
2025-03-05 03:55:17 - INFO - epoch-150, train_mse_loss-0.0003241, train_kl_loss-0.0000000, val_mse_loss-0.0003318, val_kl_loss-0.0000000
2025-03-05 03:59:33 - INFO - epoch-151, train_mse_loss-0.0003241, train_kl_loss-0.0000000, val_mse_loss-0.0003312, val_kl_loss-0.0000000
2025-03-05 04:03:47 - INFO - epoch-152, train_mse_loss-0.0003241, train_kl_loss-0.0000000, val_mse_loss-0.0003330, val_kl_loss-0.0000000
2025-03-05 04:08:02 - INFO - epoch-153, train_mse_loss-0.0003241, train_kl_loss-0.0000000, val_mse_loss-0.0003323, val_kl_loss-0.0000000
2025-03-05 04:12:16 - INFO - epoch-154, train_mse_loss-0.0003241, train_kl_loss-0.0000000, val_mse_loss-0.0003325, val_kl_loss-0.0000000
2025-03-05 04:16:30 - INFO - epoch-155, train_mse_loss-0.0003242, train_kl_loss-0.0000000, val_mse_loss-0.0003321, val_kl_loss-0.0000000
2025-03-05 04:20:44 - INFO - epoch-156, train_mse_loss-0.0003241, train_kl_loss-0.0000000, val_mse_loss-0.0003381, val_kl_loss-0.0000000
2025-03-05 04:24:59 - INFO - epoch-157, train_mse_loss-0.0003241, train_kl_loss-0.0000000, val_mse_loss-0.0003339, val_kl_loss-0.0000000
2025-03-05 04:29:14 - INFO - epoch-158, train_mse_loss-0.0003241, train_kl_loss-0.0000000, val_mse_loss-0.0003363, val_kl_loss-0.0000000
2025-03-05 04:33:29 - INFO - epoch-159, train_mse_loss-0.0003241, train_kl_loss-0.0000000, val_mse_loss-0.0003344, val_kl_loss-0.0000000
2025-03-05 04:37:43 - INFO - epoch-160, train_mse_loss-0.0003241, train_kl_loss-0.0000000, val_mse_loss-0.0003384, val_kl_loss-0.0000000
2025-03-05 04:41:58 - INFO - epoch-161, train_mse_loss-0.0003242, train_kl_loss-0.0000000, val_mse_loss-0.0003328, val_kl_loss-0.0000000
2025-03-05 04:46:12 - INFO - epoch-162, train_mse_loss-0.0003241, train_kl_loss-0.0000000, val_mse_loss-0.0003401, val_kl_loss-0.0000000
2025-03-05 04:50:28 - INFO - epoch-163, train_mse_loss-0.0003242, train_kl_loss-0.0000000, val_mse_loss-0.0003333, val_kl_loss-0.0000000
2025-03-05 04:54:42 - INFO - epoch-164, train_mse_loss-0.0003242, train_kl_loss-0.0000000, val_mse_loss-0.0003444, val_kl_loss-0.0000000
2025-03-05 04:58:56 - INFO - epoch-165, train_mse_loss-0.0003242, train_kl_loss-0.0000000, val_mse_loss-0.0003386, val_kl_loss-0.0000000
2025-03-05 05:03:11 - INFO - epoch-166, train_mse_loss-0.0003242, train_kl_loss-0.0000000, val_mse_loss-0.0003345, val_kl_loss-0.0000000
2025-03-05 05:07:26 - INFO - epoch-167, train_mse_loss-0.0003242, train_kl_loss-0.0000000, val_mse_loss-0.0003365, val_kl_loss-0.0000000
2025-03-05 05:11:41 - INFO - epoch-168, train_mse_loss-0.0003242, train_kl_loss-0.0000000, val_mse_loss-0.0003350, val_kl_loss-0.0000000
2025-03-05 05:15:56 - INFO - epoch-169, train_mse_loss-0.0003243, train_kl_loss-0.0000000, val_mse_loss-0.0003329, val_kl_loss-0.0000000
2025-03-05 05:20:11 - INFO - epoch-170, train_mse_loss-0.0003242, train_kl_loss-0.0000000, val_mse_loss-0.0003340, val_kl_loss-0.0000000
2025-03-05 05:24:25 - INFO - epoch-171, train_mse_loss-0.0003243, train_kl_loss-0.0000000, val_mse_loss-0.0003335, val_kl_loss-0.0000000
2025-03-05 05:28:40 - INFO - epoch-172, train_mse_loss-0.0003243, train_kl_loss-0.0000000, val_mse_loss-0.0003360, val_kl_loss-0.0000000
2025-03-05 05:32:54 - INFO - epoch-173, train_mse_loss-0.0003243, train_kl_loss-0.0000000, val_mse_loss-0.0003358, val_kl_loss-0.0000000
2025-03-05 05:37:08 - INFO - epoch-174, train_mse_loss-0.0003243, train_kl_loss-0.0000000, val_mse_loss-0.0003361, val_kl_loss-0.0000000
2025-03-05 05:41:23 - INFO - epoch-175, train_mse_loss-0.0003243, train_kl_loss-0.0000000, val_mse_loss-0.0003366, val_kl_loss-0.0000000
2025-03-05 05:45:38 - INFO - epoch-176, train_mse_loss-0.0003243, train_kl_loss-0.0000000, val_mse_loss-0.0003352, val_kl_loss-0.0000000
2025-03-05 05:49:52 - INFO - epoch-177, train_mse_loss-0.0003243, train_kl_loss-0.0000000, val_mse_loss-0.0003356, val_kl_loss-0.0000000
2025-03-05 05:54:07 - INFO - epoch-178, train_mse_loss-0.0003243, train_kl_loss-0.0000000, val_mse_loss-0.0003348, val_kl_loss-0.0000000
2025-03-05 05:58:22 - INFO - epoch-179, train_mse_loss-0.0003243, train_kl_loss-0.0000000, val_mse_loss-0.0003366, val_kl_loss-0.0000000
2025-03-05 06:02:36 - INFO - epoch-180, train_mse_loss-0.0003243, train_kl_loss-0.0000000, val_mse_loss-0.0003364, val_kl_loss-0.0000000
2025-03-05 06:06:51 - INFO - epoch-181, train_mse_loss-0.0003242, train_kl_loss-0.0000000, val_mse_loss-0.0003366, val_kl_loss-0.0000000
2025-03-05 06:11:05 - INFO - epoch-182, train_mse_loss-0.0003243, train_kl_loss-0.0000000, val_mse_loss-0.0003396, val_kl_loss-0.0000000
2025-03-05 06:15:20 - INFO - epoch-183, train_mse_loss-0.0003242, train_kl_loss-0.0000000, val_mse_loss-0.0003371, val_kl_loss-0.0000000
2025-03-05 06:19:35 - INFO - epoch-184, train_mse_loss-0.0003243, train_kl_loss-0.0000000, val_mse_loss-0.0003366, val_kl_loss-0.0000000
2025-03-05 06:23:50 - INFO - epoch-185, train_mse_loss-0.0003243, train_kl_loss-0.0000000, val_mse_loss-0.0003382, val_kl_loss-0.0000000
2025-03-05 06:28:04 - INFO - epoch-186, train_mse_loss-0.0003242, train_kl_loss-0.0000000, val_mse_loss-0.0003355, val_kl_loss-0.0000000
2025-03-05 06:32:18 - INFO - epoch-187, train_mse_loss-0.0003242, train_kl_loss-0.0000000, val_mse_loss-0.0003375, val_kl_loss-0.0000000
2025-03-05 06:36:33 - INFO - epoch-188, train_mse_loss-0.0003242, train_kl_loss-0.0000000, val_mse_loss-0.0003339, val_kl_loss-0.0000000
2025-03-05 06:40:46 - INFO - epoch-189, train_mse_loss-0.0003242, train_kl_loss-0.0000000, val_mse_loss-0.0003338, val_kl_loss-0.0000000
2025-03-05 06:45:02 - INFO - epoch-190, train_mse_loss-0.0003242, train_kl_loss-0.0000000, val_mse_loss-0.0003359, val_kl_loss-0.0000000
2025-03-05 06:49:17 - INFO - epoch-191, train_mse_loss-0.0003242, train_kl_loss-0.0000000, val_mse_loss-0.0003347, val_kl_loss-0.0000000
2025-03-05 06:53:38 - INFO - epoch-192, train_mse_loss-0.0003242, train_kl_loss-0.0000000, val_mse_loss-0.0003361, val_kl_loss-0.0000000
2025-03-05 06:57:56 - INFO - epoch-193, train_mse_loss-0.0003242, train_kl_loss-0.0000000, val_mse_loss-0.0003365, val_kl_loss-0.0000000
2025-03-05 07:02:14 - INFO - epoch-194, train_mse_loss-0.0003242, train_kl_loss-0.0000000, val_mse_loss-0.0003342, val_kl_loss-0.0000000
2025-03-05 07:06:31 - INFO - epoch-195, train_mse_loss-0.0003243, train_kl_loss-0.0000000, val_mse_loss-0.0003341, val_kl_loss-0.0000000
2025-03-05 07:10:48 - INFO - epoch-196, train_mse_loss-0.0003242, train_kl_loss-0.0000000, val_mse_loss-0.0003347, val_kl_loss-0.0000000
2025-03-05 07:15:07 - INFO - epoch-197, train_mse_loss-0.0003242, train_kl_loss-0.0000000, val_mse_loss-0.0003341, val_kl_loss-0.0000000
2025-03-05 07:19:26 - INFO - epoch-198, train_mse_loss-0.0003243, train_kl_loss-0.0000000, val_mse_loss-0.0003344, val_kl_loss-0.0000000
2025-03-05 07:23:44 - INFO - epoch-199, train_mse_loss-0.0003242, train_kl_loss-0.0000000, val_mse_loss-0.0003344, val_kl_loss-0.0000000
2025-03-05 07:28:06 - INFO - epoch-200, train_mse_loss-0.0003242, train_kl_loss-0.0000000, val_mse_loss-0.0003345, val_kl_loss-0.0000000
2025-03-05 07:32:24 - INFO - epoch-201, train_mse_loss-0.0003242, train_kl_loss-0.0000000, val_mse_loss-0.0003344, val_kl_loss-0.0000000
2025-03-05 07:36:44 - INFO - epoch-202, train_mse_loss-0.0003242, train_kl_loss-0.0000000, val_mse_loss-0.0003343, val_kl_loss-0.0000000
2025-03-05 07:41:03 - INFO - epoch-203, train_mse_loss-0.0003242, train_kl_loss-0.0000000, val_mse_loss-0.0003350, val_kl_loss-0.0000000
2025-03-05 07:45:22 - INFO - epoch-204, train_mse_loss-0.0003242, train_kl_loss-0.0000000, val_mse_loss-0.0003345, val_kl_loss-0.0000000
2025-03-05 07:49:40 - INFO - epoch-205, train_mse_loss-0.0003242, train_kl_loss-0.0000000, val_mse_loss-0.0003346, val_kl_loss-0.0000000
2025-03-05 07:53:59 - INFO - epoch-206, train_mse_loss-0.0003242, train_kl_loss-0.0000000, val_mse_loss-0.0003344, val_kl_loss-0.0000000
2025-03-05 07:58:18 - INFO - epoch-207, train_mse_loss-0.0003242, train_kl_loss-0.0000000, val_mse_loss-0.0003348, val_kl_loss-0.0000000
2025-03-05 08:02:35 - INFO - epoch-208, train_mse_loss-0.0003242, train_kl_loss-0.0000000, val_mse_loss-0.0003363, val_kl_loss-0.0000000
2025-03-05 08:06:53 - INFO - epoch-209, train_mse_loss-0.0003242, train_kl_loss-0.0000000, val_mse_loss-0.0003353, val_kl_loss-0.0000000
2025-03-05 08:11:11 - INFO - epoch-210, train_mse_loss-0.0003243, train_kl_loss-0.0000000, val_mse_loss-0.0003363, val_kl_loss-0.0000000
2025-03-05 08:15:29 - INFO - epoch-211, train_mse_loss-0.0003242, train_kl_loss-0.0000000, val_mse_loss-0.0003358, val_kl_loss-0.0000000
2025-03-05 08:19:47 - INFO - epoch-212, train_mse_loss-0.0003242, train_kl_loss-0.0000000, val_mse_loss-0.0003360, val_kl_loss-0.0000000
2025-03-05 08:24:05 - INFO - epoch-213, train_mse_loss-0.0003242, train_kl_loss-0.0000000, val_mse_loss-0.0003360, val_kl_loss-0.0000000
2025-03-05 08:28:23 - INFO - epoch-214, train_mse_loss-0.0003242, train_kl_loss-0.0000000, val_mse_loss-0.0003344, val_kl_loss-0.0000000
2025-03-05 08:32:42 - INFO - epoch-215, train_mse_loss-0.0003242, train_kl_loss-0.0000000, val_mse_loss-0.0003350, val_kl_loss-0.0000000
2025-03-05 08:37:01 - INFO - epoch-216, train_mse_loss-0.0003242, train_kl_loss-0.0000000, val_mse_loss-0.0003346, val_kl_loss-0.0000000
2025-03-05 08:41:18 - INFO - epoch-217, train_mse_loss-0.0003242, train_kl_loss-0.0000000, val_mse_loss-0.0003350, val_kl_loss-0.0000000
2025-03-05 08:45:37 - INFO - epoch-218, train_mse_loss-0.0003243, train_kl_loss-0.0000000, val_mse_loss-0.0003348, val_kl_loss-0.0000000
2025-03-05 08:49:54 - INFO - epoch-219, train_mse_loss-0.0003242, train_kl_loss-0.0000000, val_mse_loss-0.0003365, val_kl_loss-0.0000000
2025-03-05 08:54:11 - INFO - epoch-220, train_mse_loss-0.0003242, train_kl_loss-0.0000000, val_mse_loss-0.0003369, val_kl_loss-0.0000000
2025-03-05 08:58:29 - INFO - epoch-221, train_mse_loss-0.0003242, train_kl_loss-0.0000000, val_mse_loss-0.0003350, val_kl_loss-0.0000000
2025-03-05 09:02:45 - INFO - epoch-222, train_mse_loss-0.0003243, train_kl_loss-0.0000000, val_mse_loss-0.0003361, val_kl_loss-0.0000000
2025-03-05 09:07:03 - INFO - epoch-223, train_mse_loss-0.0003242, train_kl_loss-0.0000000, val_mse_loss-0.0003361, val_kl_loss-0.0000000
2025-03-05 09:11:19 - INFO - epoch-224, train_mse_loss-0.0003242, train_kl_loss-0.0000000, val_mse_loss-0.0003356, val_kl_loss-0.0000000
2025-03-05 09:15:34 - INFO - epoch-225, train_mse_loss-0.0003242, train_kl_loss-0.0000000, val_mse_loss-0.0003342, val_kl_loss-0.0000000
2025-03-05 09:19:48 - INFO - epoch-226, train_mse_loss-0.0003242, train_kl_loss-0.0000000, val_mse_loss-0.0003354, val_kl_loss-0.0000000
2025-03-05 09:24:02 - INFO - epoch-227, train_mse_loss-0.0003242, train_kl_loss-0.0000000, val_mse_loss-0.0003372, val_kl_loss-0.0000000
2025-03-05 09:28:16 - INFO - epoch-228, train_mse_loss-0.0003242, train_kl_loss-0.0000000, val_mse_loss-0.0003348, val_kl_loss-0.0000000
2025-03-05 09:32:30 - INFO - epoch-229, train_mse_loss-0.0003242, train_kl_loss-0.0000000, val_mse_loss-0.0003361, val_kl_loss-0.0000000
2025-03-05 09:36:45 - INFO - epoch-230, train_mse_loss-0.0003242, train_kl_loss-0.0000000, val_mse_loss-0.0003360, val_kl_loss-0.0000000
2025-03-05 09:41:03 - INFO - epoch-231, train_mse_loss-0.0003242, train_kl_loss-0.0000000, val_mse_loss-0.0003346, val_kl_loss-0.0000000
2025-03-05 09:45:17 - INFO - epoch-232, train_mse_loss-0.0003242, train_kl_loss-0.0000000, val_mse_loss-0.0003359, val_kl_loss-0.0000000
2025-03-05 09:49:32 - INFO - epoch-233, train_mse_loss-0.0003242, train_kl_loss-0.0000000, val_mse_loss-0.0003358, val_kl_loss-0.0000000
2025-03-05 09:53:45 - INFO - epoch-234, train_mse_loss-0.0003242, train_kl_loss-0.0000000, val_mse_loss-0.0003377, val_kl_loss-0.0000000
2025-03-05 09:58:00 - INFO - epoch-235, train_mse_loss-0.0003242, train_kl_loss-0.0000000, val_mse_loss-0.0003357, val_kl_loss-0.0000000
2025-03-05 10:02:15 - INFO - epoch-236, train_mse_loss-0.0003242, train_kl_loss-0.0000000, val_mse_loss-0.0003351, val_kl_loss-0.0000000
2025-03-05 10:06:34 - INFO - epoch-237, train_mse_loss-0.0003242, train_kl_loss-0.0000000, val_mse_loss-0.0003347, val_kl_loss-0.0000000
2025-03-05 10:10:49 - INFO - epoch-238, train_mse_loss-0.0003242, train_kl_loss-0.0000000, val_mse_loss-0.0003347, val_kl_loss-0.0000000
2025-03-05 10:15:04 - INFO - epoch-239, train_mse_loss-0.0003242, train_kl_loss-0.0000000, val_mse_loss-0.0003358, val_kl_loss-0.0000000
2025-03-05 10:19:19 - INFO - epoch-240, train_mse_loss-0.0003242, train_kl_loss-0.0000000, val_mse_loss-0.0003360, val_kl_loss-0.0000000
2025-03-05 10:23:34 - INFO - epoch-241, train_mse_loss-0.0003242, train_kl_loss-0.0000000, val_mse_loss-0.0003346, val_kl_loss-0.0000000
2025-03-05 10:27:49 - INFO - epoch-242, train_mse_loss-0.0003242, train_kl_loss-0.0000000, val_mse_loss-0.0003358, val_kl_loss-0.0000000
2025-03-05 10:32:04 - INFO - epoch-243, train_mse_loss-0.0003242, train_kl_loss-0.0000000, val_mse_loss-0.0003361, val_kl_loss-0.0000000
2025-03-05 10:36:23 - INFO - epoch-244, train_mse_loss-0.0003242, train_kl_loss-0.0000000, val_mse_loss-0.0003357, val_kl_loss-0.0000000
2025-03-05 10:40:38 - INFO - epoch-245, train_mse_loss-0.0003242, train_kl_loss-0.0000000, val_mse_loss-0.0003364, val_kl_loss-0.0000000
2025-03-05 10:44:52 - INFO - epoch-246, train_mse_loss-0.0003242, train_kl_loss-0.0000000, val_mse_loss-0.0003370, val_kl_loss-0.0000000
2025-03-05 10:49:07 - INFO - epoch-247, train_mse_loss-0.0003242, train_kl_loss-0.0000000, val_mse_loss-0.0003369, val_kl_loss-0.0000000
2025-03-05 10:53:22 - INFO - epoch-248, train_mse_loss-0.0003242, train_kl_loss-0.0000000, val_mse_loss-0.0003354, val_kl_loss-0.0000000
2025-03-05 10:57:36 - INFO - epoch-249, train_mse_loss-0.0003242, train_kl_loss-0.0000000, val_mse_loss-0.0003358, val_kl_loss-0.0000000
2025-03-05 11:01:51 - INFO - epoch-250, train_mse_loss-0.0003242, train_kl_loss-0.0000000, val_mse_loss-0.0003368, val_kl_loss-0.0000000
2025-03-05 11:06:05 - INFO - epoch-251, train_mse_loss-0.0003242, train_kl_loss-0.0000000, val_mse_loss-0.0003362, val_kl_loss-0.0000000
2025-03-05 11:10:19 - INFO - epoch-252, train_mse_loss-0.0003242, train_kl_loss-0.0000000, val_mse_loss-0.0003377, val_kl_loss-0.0000000
2025-03-05 11:14:34 - INFO - epoch-253, train_mse_loss-0.0003242, train_kl_loss-0.0000000, val_mse_loss-0.0003357, val_kl_loss-0.0000000
2025-03-05 11:18:48 - INFO - epoch-254, train_mse_loss-0.0003242, train_kl_loss-0.0000000, val_mse_loss-0.0003374, val_kl_loss-0.0000000
2025-03-05 11:23:03 - INFO - epoch-255, train_mse_loss-0.0003242, train_kl_loss-0.0000000, val_mse_loss-0.0003359, val_kl_loss-0.0000000
2025-03-05 11:27:18 - INFO - epoch-256, train_mse_loss-0.0003242, train_kl_loss-0.0000000, val_mse_loss-0.0003346, val_kl_loss-0.0000000
2025-03-05 11:31:32 - INFO - epoch-257, train_mse_loss-0.0003243, train_kl_loss-0.0000000, val_mse_loss-0.0003380, val_kl_loss-0.0000000
2025-03-05 11:35:47 - INFO - epoch-258, train_mse_loss-0.0003242, train_kl_loss-0.0000000, val_mse_loss-0.0003357, val_kl_loss-0.0000000
2025-03-05 11:40:01 - INFO - epoch-259, train_mse_loss-0.0003242, train_kl_loss-0.0000000, val_mse_loss-0.0003353, val_kl_loss-0.0000000
2025-03-05 11:44:15 - INFO - epoch-260, train_mse_loss-0.0003243, train_kl_loss-0.0000000, val_mse_loss-0.0003347, val_kl_loss-0.0000000
2025-03-05 11:48:30 - INFO - epoch-261, train_mse_loss-0.0003243, train_kl_loss-0.0000000, val_mse_loss-0.0003347, val_kl_loss-0.0000000
2025-03-05 11:52:49 - INFO - epoch-262, train_mse_loss-0.0003242, train_kl_loss-0.0000000, val_mse_loss-0.0003371, val_kl_loss-0.0000000
2025-03-05 11:57:04 - INFO - epoch-263, train_mse_loss-0.0003242, train_kl_loss-0.0000000, val_mse_loss-0.0003351, val_kl_loss-0.0000000
2025-03-05 12:01:18 - INFO - epoch-264, train_mse_loss-0.0003242, train_kl_loss-0.0000000, val_mse_loss-0.0003374, val_kl_loss-0.0000000
2025-03-05 12:05:33 - INFO - epoch-265, train_mse_loss-0.0003242, train_kl_loss-0.0000000, val_mse_loss-0.0003351, val_kl_loss-0.0000000
2025-03-05 12:09:49 - INFO - epoch-266, train_mse_loss-0.0003242, train_kl_loss-0.0000000, val_mse_loss-0.0003374, val_kl_loss-0.0000000
2025-03-05 12:14:03 - INFO - epoch-267, train_mse_loss-0.0003242, train_kl_loss-0.0000000, val_mse_loss-0.0003359, val_kl_loss-0.0000000
2025-03-05 12:18:17 - INFO - epoch-268, train_mse_loss-0.0003242, train_kl_loss-0.0000000, val_mse_loss-0.0003378, val_kl_loss-0.0000000
2025-03-05 12:22:31 - INFO - epoch-269, train_mse_loss-0.0003242, train_kl_loss-0.0000000, val_mse_loss-0.0003342, val_kl_loss-0.0000000
2025-03-05 12:26:46 - INFO - epoch-270, train_mse_loss-0.0003242, train_kl_loss-0.0000000, val_mse_loss-0.0003366, val_kl_loss-0.0000000
2025-03-05 12:31:01 - INFO - epoch-271, train_mse_loss-0.0003242, train_kl_loss-0.0000000, val_mse_loss-0.0003375, val_kl_loss-0.0000000
2025-03-05 12:35:16 - INFO - epoch-272, train_mse_loss-0.0003242, train_kl_loss-0.0000000, val_mse_loss-0.0003368, val_kl_loss-0.0000000
2025-03-05 12:39:32 - INFO - epoch-273, train_mse_loss-0.0003242, train_kl_loss-0.0000000, val_mse_loss-0.0003363, val_kl_loss-0.0000000
2025-03-05 12:43:46 - INFO - epoch-274, train_mse_loss-0.0003242, train_kl_loss-0.0000000, val_mse_loss-0.0003361, val_kl_loss-0.0000000
2025-03-05 12:48:02 - INFO - epoch-275, train_mse_loss-0.0003242, train_kl_loss-0.0000000, val_mse_loss-0.0003361, val_kl_loss-0.0000000
2025-03-05 12:52:16 - INFO - epoch-276, train_mse_loss-0.0003242, train_kl_loss-0.0000000, val_mse_loss-0.0003368, val_kl_loss-0.0000000
2025-03-05 12:56:31 - INFO - epoch-277, train_mse_loss-0.0003242, train_kl_loss-0.0000000, val_mse_loss-0.0003347, val_kl_loss-0.0000000
2025-03-05 13:00:45 - INFO - epoch-278, train_mse_loss-0.0003242, train_kl_loss-0.0000000, val_mse_loss-0.0003367, val_kl_loss-0.0000000
2025-03-05 13:04:59 - INFO - epoch-279, train_mse_loss-0.0003242, train_kl_loss-0.0000000, val_mse_loss-0.0003367, val_kl_loss-0.0000000
2025-03-05 13:09:14 - INFO - epoch-280, train_mse_loss-0.0003242, train_kl_loss-0.0000000, val_mse_loss-0.0003360, val_kl_loss-0.0000000
2025-03-05 13:13:28 - INFO - epoch-281, train_mse_loss-0.0003242, train_kl_loss-0.0000000, val_mse_loss-0.0003362, val_kl_loss-0.0000000
2025-03-05 13:17:43 - INFO - epoch-282, train_mse_loss-0.0003242, train_kl_loss-0.0000000, val_mse_loss-0.0003362, val_kl_loss-0.0000000
2025-03-05 13:21:58 - INFO - epoch-283, train_mse_loss-0.0003242, train_kl_loss-0.0000000, val_mse_loss-0.0003364, val_kl_loss-0.0000000
2025-03-05 13:26:13 - INFO - epoch-284, train_mse_loss-0.0003242, train_kl_loss-0.0000000, val_mse_loss-0.0003368, val_kl_loss-0.0000000
2025-03-05 13:30:26 - INFO - epoch-285, train_mse_loss-0.0003242, train_kl_loss-0.0000000, val_mse_loss-0.0003365, val_kl_loss-0.0000000
2025-03-05 13:34:41 - INFO - epoch-286, train_mse_loss-0.0003242, train_kl_loss-0.0000000, val_mse_loss-0.0003367, val_kl_loss-0.0000000
2025-03-05 13:38:55 - INFO - epoch-287, train_mse_loss-0.0003242, train_kl_loss-0.0000000, val_mse_loss-0.0003386, val_kl_loss-0.0000000
2025-03-05 13:43:10 - INFO - epoch-288, train_mse_loss-0.0003242, train_kl_loss-0.0000000, val_mse_loss-0.0003361, val_kl_loss-0.0000000
2025-03-05 13:47:28 - INFO - epoch-289, train_mse_loss-0.0003242, train_kl_loss-0.0000000, val_mse_loss-0.0003361, val_kl_loss-0.0000000
2025-03-05 13:51:44 - INFO - epoch-290, train_mse_loss-0.0003242, train_kl_loss-0.0000000, val_mse_loss-0.0003387, val_kl_loss-0.0000000
2025-03-05 13:56:02 - INFO - epoch-291, train_mse_loss-0.0003242, train_kl_loss-0.0000000, val_mse_loss-0.0003360, val_kl_loss-0.0000000
2025-03-05 14:00:17 - INFO - epoch-292, train_mse_loss-0.0003242, train_kl_loss-0.0000000, val_mse_loss-0.0003370, val_kl_loss-0.0000000
2025-03-05 14:04:36 - INFO - epoch-293, train_mse_loss-0.0003242, train_kl_loss-0.0000000, val_mse_loss-0.0003373, val_kl_loss-0.0000000
2025-03-05 14:08:52 - INFO - epoch-294, train_mse_loss-0.0003242, train_kl_loss-0.0000000, val_mse_loss-0.0003379, val_kl_loss-0.0000000
2025-03-05 14:13:08 - INFO - epoch-295, train_mse_loss-0.0003242, train_kl_loss-0.0000000, val_mse_loss-0.0003374, val_kl_loss-0.0000000
2025-03-05 14:17:26 - INFO - epoch-296, train_mse_loss-0.0003242, train_kl_loss-0.0000000, val_mse_loss-0.0003361, val_kl_loss-0.0000000
2025-03-05 14:21:43 - INFO - epoch-297, train_mse_loss-0.0003242, train_kl_loss-0.0000000, val_mse_loss-0.0003370, val_kl_loss-0.0000000
2025-03-05 14:26:01 - INFO - epoch-298, train_mse_loss-0.0003242, train_kl_loss-0.0000000, val_mse_loss-0.0003368, val_kl_loss-0.0000000
2025-03-05 14:30:15 - INFO - epoch-299, train_mse_loss-0.0003242, train_kl_loss-0.0000000, val_mse_loss-0.0003365, val_kl_loss-0.0000000
2025-03-05 14:34:30 - INFO - epoch-300, train_mse_loss-0.0003242, train_kl_loss-0.0000000, val_mse_loss-0.0003357, val_kl_loss-0.0000000
2025-03-05 14:38:45 - INFO - epoch-301, train_mse_loss-0.0003242, train_kl_loss-0.0000000, val_mse_loss-0.0003362, val_kl_loss-0.0000000
2025-03-05 14:43:06 - INFO - epoch-302, train_mse_loss-0.0003242, train_kl_loss-0.0000000, val_mse_loss-0.0003373, val_kl_loss-0.0000000
2025-03-05 14:47:30 - INFO - epoch-303, train_mse_loss-0.0003242, train_kl_loss-0.0000000, val_mse_loss-0.0003366, val_kl_loss-0.0000000
2025-03-05 14:51:50 - INFO - epoch-304, train_mse_loss-0.0003242, train_kl_loss-0.0000000, val_mse_loss-0.0003365, val_kl_loss-0.0000000
2025-03-05 14:56:04 - INFO - epoch-305, train_mse_loss-0.0003242, train_kl_loss-0.0000000, val_mse_loss-0.0003357, val_kl_loss-0.0000000
2025-03-05 15:00:19 - INFO - epoch-306, train_mse_loss-0.0003242, train_kl_loss-0.0000000, val_mse_loss-0.0003381, val_kl_loss-0.0000000
2025-03-05 15:04:35 - INFO - epoch-307, train_mse_loss-0.0003242, train_kl_loss-0.0000000, val_mse_loss-0.0003352, val_kl_loss-0.0000000
2025-03-05 15:08:50 - INFO - epoch-308, train_mse_loss-0.0003242, train_kl_loss-0.0000000, val_mse_loss-0.0003354, val_kl_loss-0.0000000
2025-03-05 15:13:06 - INFO - epoch-309, train_mse_loss-0.0003243, train_kl_loss-0.0000000, val_mse_loss-0.0003359, val_kl_loss-0.0000000
2025-03-05 15:17:25 - INFO - epoch-310, train_mse_loss-0.0003242, train_kl_loss-0.0000000, val_mse_loss-0.0003364, val_kl_loss-0.0000000
2025-03-05 15:21:43 - INFO - epoch-311, train_mse_loss-0.0003242, train_kl_loss-0.0000000, val_mse_loss-0.0003375, val_kl_loss-0.0000000
2025-03-05 15:25:58 - INFO - epoch-312, train_mse_loss-0.0003242, train_kl_loss-0.0000000, val_mse_loss-0.0003374, val_kl_loss-0.0000000
2025-03-05 15:30:12 - INFO - epoch-313, train_mse_loss-0.0003242, train_kl_loss-0.0000000, val_mse_loss-0.0003396, val_kl_loss-0.0000000
2025-03-05 15:34:27 - INFO - epoch-314, train_mse_loss-0.0003242, train_kl_loss-0.0000000, val_mse_loss-0.0003367, val_kl_loss-0.0000000
2025-03-05 15:38:43 - INFO - epoch-315, train_mse_loss-0.0003242, train_kl_loss-0.0000000, val_mse_loss-0.0003384, val_kl_loss-0.0000000
2025-03-05 15:43:01 - INFO - epoch-316, train_mse_loss-0.0003242, train_kl_loss-0.0000000, val_mse_loss-0.0003368, val_kl_loss-0.0000000
2025-03-05 15:47:18 - INFO - epoch-317, train_mse_loss-0.0003242, train_kl_loss-0.0000000, val_mse_loss-0.0003367, val_kl_loss-0.0000000
2025-03-05 15:51:33 - INFO - epoch-318, train_mse_loss-0.0003242, train_kl_loss-0.0000000, val_mse_loss-0.0003366, val_kl_loss-0.0000000
2025-03-05 15:55:49 - INFO - epoch-319, train_mse_loss-0.0003242, train_kl_loss-0.0000000, val_mse_loss-0.0003372, val_kl_loss-0.0000000
2025-03-05 16:00:05 - INFO - epoch-320, train_mse_loss-0.0003242, train_kl_loss-0.0000000, val_mse_loss-0.0003383, val_kl_loss-0.0000000
2025-03-05 16:04:21 - INFO - epoch-321, train_mse_loss-0.0003242, train_kl_loss-0.0000000, val_mse_loss-0.0003387, val_kl_loss-0.0000000
2025-03-05 16:08:37 - INFO - epoch-322, train_mse_loss-0.0003242, train_kl_loss-0.0000000, val_mse_loss-0.0003383, val_kl_loss-0.0000000
2025-03-05 16:12:52 - INFO - epoch-323, train_mse_loss-0.0003242, train_kl_loss-0.0000000, val_mse_loss-0.0003384, val_kl_loss-0.0000000
2025-03-05 16:17:11 - INFO - epoch-324, train_mse_loss-0.0003242, train_kl_loss-0.0000000, val_mse_loss-0.0003385, val_kl_loss-0.0000000
2025-03-05 16:21:26 - INFO - epoch-325, train_mse_loss-0.0003242, train_kl_loss-0.0000000, val_mse_loss-0.0003386, val_kl_loss-0.0000000
2025-03-05 16:25:41 - INFO - epoch-326, train_mse_loss-0.0003242, train_kl_loss-0.0000000, val_mse_loss-0.0003389, val_kl_loss-0.0000000
2025-03-05 16:29:56 - INFO - epoch-327, train_mse_loss-0.0003242, train_kl_loss-0.0000000, val_mse_loss-0.0003378, val_kl_loss-0.0000000
2025-03-05 16:34:11 - INFO - epoch-328, train_mse_loss-0.0003242, train_kl_loss-0.0000000, val_mse_loss-0.0003368, val_kl_loss-0.0000000
2025-03-05 16:38:26 - INFO - epoch-329, train_mse_loss-0.0003242, train_kl_loss-0.0000000, val_mse_loss-0.0003359, val_kl_loss-0.0000000
2025-03-05 16:42:41 - INFO - epoch-330, train_mse_loss-0.0003242, train_kl_loss-0.0000000, val_mse_loss-0.0003369, val_kl_loss-0.0000000
2025-03-05 16:46:55 - INFO - epoch-331, train_mse_loss-0.0003242, train_kl_loss-0.0000000, val_mse_loss-0.0003379, val_kl_loss-0.0000000
2025-03-05 16:51:11 - INFO - epoch-332, train_mse_loss-0.0003242, train_kl_loss-0.0000000, val_mse_loss-0.0003367, val_kl_loss-0.0000000
2025-03-05 16:55:26 - INFO - epoch-333, train_mse_loss-0.0003242, train_kl_loss-0.0000000, val_mse_loss-0.0003381, val_kl_loss-0.0000000
2025-03-05 16:59:41 - INFO - epoch-334, train_mse_loss-0.0003242, train_kl_loss-0.0000000, val_mse_loss-0.0003373, val_kl_loss-0.0000000
2025-03-05 17:03:56 - INFO - epoch-335, train_mse_loss-0.0003242, train_kl_loss-0.0000000, val_mse_loss-0.0003362, val_kl_loss-0.0000000
2025-03-05 17:08:11 - INFO - epoch-336, train_mse_loss-0.0003242, train_kl_loss-0.0000000, val_mse_loss-0.0003350, val_kl_loss-0.0000000
2025-03-05 17:12:26 - INFO - epoch-337, train_mse_loss-0.0003242, train_kl_loss-0.0000000, val_mse_loss-0.0003396, val_kl_loss-0.0000000
2025-03-05 17:16:42 - INFO - epoch-338, train_mse_loss-0.0003242, train_kl_loss-0.0000000, val_mse_loss-0.0003383, val_kl_loss-0.0000000
2025-03-05 17:20:56 - INFO - epoch-339, train_mse_loss-0.0003242, train_kl_loss-0.0000000, val_mse_loss-0.0003367, val_kl_loss-0.0000000
2025-03-05 17:25:11 - INFO - epoch-340, train_mse_loss-0.0003242, train_kl_loss-0.0000000, val_mse_loss-0.0003405, val_kl_loss-0.0000000
2025-03-05 17:29:26 - INFO - epoch-341, train_mse_loss-0.0003242, train_kl_loss-0.0000000, val_mse_loss-0.0003408, val_kl_loss-0.0000000
2025-03-05 17:33:41 - INFO - epoch-342, train_mse_loss-0.0003242, train_kl_loss-0.0000000, val_mse_loss-0.0003425, val_kl_loss-0.0000000
2025-03-05 17:37:55 - INFO - epoch-343, train_mse_loss-0.0003242, train_kl_loss-0.0000000, val_mse_loss-0.0003428, val_kl_loss-0.0000000
2025-03-05 17:42:11 - INFO - epoch-344, train_mse_loss-0.0003242, train_kl_loss-0.0000000, val_mse_loss-0.0003400, val_kl_loss-0.0000000
2025-03-05 17:46:26 - INFO - epoch-345, train_mse_loss-0.0003242, train_kl_loss-0.0000000, val_mse_loss-0.0003404, val_kl_loss-0.0000000
2025-03-05 17:50:41 - INFO - epoch-346, train_mse_loss-0.0003242, train_kl_loss-0.0000000, val_mse_loss-0.0003370, val_kl_loss-0.0000000
2025-03-05 17:54:57 - INFO - epoch-347, train_mse_loss-0.0003242, train_kl_loss-0.0000000, val_mse_loss-0.0003421, val_kl_loss-0.0000000
2025-03-05 17:59:12 - INFO - epoch-348, train_mse_loss-0.0003242, train_kl_loss-0.0000000, val_mse_loss-0.0003422, val_kl_loss-0.0000000
2025-03-05 18:03:29 - INFO - epoch-349, train_mse_loss-0.0003242, train_kl_loss-0.0000000, val_mse_loss-0.0003432, val_kl_loss-0.0000000
2025-03-05 18:07:47 - INFO - epoch-350, train_mse_loss-0.0003242, train_kl_loss-0.0000000, val_mse_loss-0.0003372, val_kl_loss-0.0000000
2025-03-05 18:12:02 - INFO - epoch-351, train_mse_loss-0.0003242, train_kl_loss-0.0000000, val_mse_loss-0.0003376, val_kl_loss-0.0000000
2025-03-05 18:16:17 - INFO - epoch-352, train_mse_loss-0.0003242, train_kl_loss-0.0000000, val_mse_loss-0.0003396, val_kl_loss-0.0000000
2025-03-05 18:20:32 - INFO - epoch-353, train_mse_loss-0.0003242, train_kl_loss-0.0000000, val_mse_loss-0.0003378, val_kl_loss-0.0000000
2025-03-05 18:24:48 - INFO - epoch-354, train_mse_loss-0.0003242, train_kl_loss-0.0000000, val_mse_loss-0.0003419, val_kl_loss-0.0000000
2025-03-05 18:29:04 - INFO - epoch-355, train_mse_loss-0.0003242, train_kl_loss-0.0000000, val_mse_loss-0.0003373, val_kl_loss-0.0000000
2025-03-05 18:33:21 - INFO - epoch-356, train_mse_loss-0.0003242, train_kl_loss-0.0000000, val_mse_loss-0.0003398, val_kl_loss-0.0000000
2025-03-05 18:37:44 - INFO - epoch-357, train_mse_loss-0.0003242, train_kl_loss-0.0000000, val_mse_loss-0.0003385, val_kl_loss-0.0000000
2025-03-05 18:42:11 - INFO - epoch-358, train_mse_loss-0.0003242, train_kl_loss-0.0000000, val_mse_loss-0.0003399, val_kl_loss-0.0000000
2025-03-05 18:46:33 - INFO - epoch-359, train_mse_loss-0.0003242, train_kl_loss-0.0000000, val_mse_loss-0.0003382, val_kl_loss-0.0000000
2025-03-05 18:51:18 - INFO - epoch-360, train_mse_loss-0.0003242, train_kl_loss-0.0000000, val_mse_loss-0.0003380, val_kl_loss-0.0000000
2025-03-05 18:56:06 - INFO - epoch-361, train_mse_loss-0.0003242, train_kl_loss-0.0000000, val_mse_loss-0.0003363, val_kl_loss-0.0000000
2025-03-05 19:03:33 - INFO - epoch-362, train_mse_loss-0.0003242, train_kl_loss-0.0000000, val_mse_loss-0.0003369, val_kl_loss-0.0000000
2025-03-05 19:08:37 - INFO - epoch-363, train_mse_loss-0.0003242, train_kl_loss-0.0000000, val_mse_loss-0.0003360, val_kl_loss-0.0000000
2025-03-05 19:13:28 - INFO - epoch-364, train_mse_loss-0.0003242, train_kl_loss-0.0000000, val_mse_loss-0.0003368, val_kl_loss-0.0000000
2025-03-05 19:18:27 - INFO - epoch-365, train_mse_loss-0.0003242, train_kl_loss-0.0000000, val_mse_loss-0.0003384, val_kl_loss-0.0000000
2025-03-05 19:22:53 - INFO - epoch-366, train_mse_loss-0.0003242, train_kl_loss-0.0000000, val_mse_loss-0.0003362, val_kl_loss-0.0000000
2025-03-05 19:27:08 - INFO - epoch-367, train_mse_loss-0.0003242, train_kl_loss-0.0000000, val_mse_loss-0.0003370, val_kl_loss-0.0000000
2025-03-05 19:31:23 - INFO - epoch-368, train_mse_loss-0.0003242, train_kl_loss-0.0000000, val_mse_loss-0.0003382, val_kl_loss-0.0000000
2025-03-05 19:35:42 - INFO - epoch-369, train_mse_loss-0.0003242, train_kl_loss-0.0000000, val_mse_loss-0.0003394, val_kl_loss-0.0000000
2025-03-05 19:39:56 - INFO - epoch-370, train_mse_loss-0.0003242, train_kl_loss-0.0000000, val_mse_loss-0.0003379, val_kl_loss-0.0000000
2025-03-05 19:44:11 - INFO - epoch-371, train_mse_loss-0.0003242, train_kl_loss-0.0000000, val_mse_loss-0.0003350, val_kl_loss-0.0000000
2025-03-05 19:48:26 - INFO - epoch-372, train_mse_loss-0.0003242, train_kl_loss-0.0000000, val_mse_loss-0.0003349, val_kl_loss-0.0000000
2025-03-05 19:52:43 - INFO - epoch-373, train_mse_loss-0.0003242, train_kl_loss-0.0000000, val_mse_loss-0.0003387, val_kl_loss-0.0000000
2025-03-05 19:56:59 - INFO - epoch-374, train_mse_loss-0.0003243, train_kl_loss-0.0000000, val_mse_loss-0.0003349, val_kl_loss-0.0000000
2025-03-05 20:01:14 - INFO - epoch-375, train_mse_loss-0.0003242, train_kl_loss-0.0000000, val_mse_loss-0.0003381, val_kl_loss-0.0000000
2025-03-05 20:05:28 - INFO - epoch-376, train_mse_loss-0.0003242, train_kl_loss-0.0000000, val_mse_loss-0.0003360, val_kl_loss-0.0000000
2025-03-05 20:09:43 - INFO - epoch-377, train_mse_loss-0.0003242, train_kl_loss-0.0000000, val_mse_loss-0.0003367, val_kl_loss-0.0000000
2025-03-05 20:13:59 - INFO - epoch-378, train_mse_loss-0.0003242, train_kl_loss-0.0000000, val_mse_loss-0.0003380, val_kl_loss-0.0000000
2025-03-05 20:18:14 - INFO - epoch-379, train_mse_loss-0.0003242, train_kl_loss-0.0000000, val_mse_loss-0.0003402, val_kl_loss-0.0000000
2025-03-05 20:22:28 - INFO - epoch-380, train_mse_loss-0.0003242, train_kl_loss-0.0000000, val_mse_loss-0.0003364, val_kl_loss-0.0000000
2025-03-05 20:26:43 - INFO - epoch-381, train_mse_loss-0.0003242, train_kl_loss-0.0000000, val_mse_loss-0.0003364, val_kl_loss-0.0000000
2025-03-05 20:30:58 - INFO - epoch-382, train_mse_loss-0.0003242, train_kl_loss-0.0000000, val_mse_loss-0.0003382, val_kl_loss-0.0000000
2025-03-05 20:35:14 - INFO - epoch-383, train_mse_loss-0.0003243, train_kl_loss-0.0000000, val_mse_loss-0.0003337, val_kl_loss-0.0000000
2025-03-05 20:39:27 - INFO - epoch-384, train_mse_loss-0.0003242, train_kl_loss-0.0000000, val_mse_loss-0.0003376, val_kl_loss-0.0000000
2025-03-05 20:43:40 - INFO - epoch-385, train_mse_loss-0.0003242, train_kl_loss-0.0000000, val_mse_loss-0.0003367, val_kl_loss-0.0000000
2025-03-05 20:47:54 - INFO - epoch-386, train_mse_loss-0.0003242, train_kl_loss-0.0000000, val_mse_loss-0.0003362, val_kl_loss-0.0000000
2025-03-05 20:52:08 - INFO - epoch-387, train_mse_loss-0.0003243, train_kl_loss-0.0000000, val_mse_loss-0.0003341, val_kl_loss-0.0000000
2025-03-05 20:56:23 - INFO - epoch-388, train_mse_loss-0.0003243, train_kl_loss-0.0000000, val_mse_loss-0.0003348, val_kl_loss-0.0000000
2025-03-05 21:00:37 - INFO - epoch-389, train_mse_loss-0.0003242, train_kl_loss-0.0000000, val_mse_loss-0.0003347, val_kl_loss-0.0000000
2025-03-05 21:04:52 - INFO - epoch-390, train_mse_loss-0.0003243, train_kl_loss-0.0000000, val_mse_loss-0.0003348, val_kl_loss-0.0000000
2025-03-05 21:09:07 - INFO - epoch-391, train_mse_loss-0.0003243, train_kl_loss-0.0000000, val_mse_loss-0.0003348, val_kl_loss-0.0000000
2025-03-05 21:13:21 - INFO - epoch-392, train_mse_loss-0.0003243, train_kl_loss-0.0000000, val_mse_loss-0.0003343, val_kl_loss-0.0000000
2025-03-05 21:17:36 - INFO - epoch-393, train_mse_loss-0.0003243, train_kl_loss-0.0000000, val_mse_loss-0.0003343, val_kl_loss-0.0000000
2025-03-05 21:21:49 - INFO - epoch-394, train_mse_loss-0.0003243, train_kl_loss-0.0000000, val_mse_loss-0.0003354, val_kl_loss-0.0000000
2025-03-05 21:26:03 - INFO - epoch-395, train_mse_loss-0.0003243, train_kl_loss-0.0000000, val_mse_loss-0.0003347, val_kl_loss-0.0000000
2025-03-05 21:30:17 - INFO - epoch-396, train_mse_loss-0.0003243, train_kl_loss-0.0000000, val_mse_loss-0.0003340, val_kl_loss-0.0000000
2025-03-05 21:34:35 - INFO - epoch-397, train_mse_loss-0.0003243, train_kl_loss-0.0000000, val_mse_loss-0.0003361, val_kl_loss-0.0000000
2025-03-05 21:38:49 - INFO - epoch-398, train_mse_loss-0.0003243, train_kl_loss-0.0000000, val_mse_loss-0.0003345, val_kl_loss-0.0000000
2025-03-05 21:43:03 - INFO - epoch-399, train_mse_loss-0.0003243, train_kl_loss-0.0000000, val_mse_loss-0.0003361, val_kl_loss-0.0000000
2025-03-05 21:47:18 - INFO - epoch-400, train_mse_loss-0.0003243, train_kl_loss-0.0000000, val_mse_loss-0.0003364, val_kl_loss-0.0000000
2025-03-05 21:51:33 - INFO - epoch-401, train_mse_loss-0.0003243, train_kl_loss-0.0000000, val_mse_loss-0.0003347, val_kl_loss-0.0000000
2025-03-05 21:55:47 - INFO - epoch-402, train_mse_loss-0.0003243, train_kl_loss-0.0000000, val_mse_loss-0.0003340, val_kl_loss-0.0000000
2025-03-05 22:00:02 - INFO - epoch-403, train_mse_loss-0.0003243, train_kl_loss-0.0000000, val_mse_loss-0.0003346, val_kl_loss-0.0000000
2025-03-05 22:04:19 - INFO - epoch-404, train_mse_loss-0.0003243, train_kl_loss-0.0000000, val_mse_loss-0.0003358, val_kl_loss-0.0000000
2025-03-05 22:08:41 - INFO - epoch-405, train_mse_loss-0.0003243, train_kl_loss-0.0000000, val_mse_loss-0.0003342, val_kl_loss-0.0000000
2025-03-05 22:13:07 - INFO - epoch-406, train_mse_loss-0.0003243, train_kl_loss-0.0000000, val_mse_loss-0.0003334, val_kl_loss-0.0000000
2025-03-05 22:17:27 - INFO - epoch-407, train_mse_loss-0.0003243, train_kl_loss-0.0000000, val_mse_loss-0.0003338, val_kl_loss-0.0000000
2025-03-05 22:21:50 - INFO - epoch-408, train_mse_loss-0.0003242, train_kl_loss-0.0000000, val_mse_loss-0.0003342, val_kl_loss-0.0000000
2025-03-05 22:26:19 - INFO - epoch-409, train_mse_loss-0.0003242, train_kl_loss-0.0000000, val_mse_loss-0.0003330, val_kl_loss-0.0000000
2025-03-05 22:30:51 - INFO - epoch-410, train_mse_loss-0.0003242, train_kl_loss-0.0000000, val_mse_loss-0.0003328, val_kl_loss-0.0000000
2025-03-05 22:35:20 - INFO - epoch-411, train_mse_loss-0.0003242, train_kl_loss-0.0000000, val_mse_loss-0.0003333, val_kl_loss-0.0000000
2025-03-05 22:39:57 - INFO - epoch-412, train_mse_loss-0.0003242, train_kl_loss-0.0000000, val_mse_loss-0.0003333, val_kl_loss-0.0000000
2025-03-05 22:44:23 - INFO - epoch-413, train_mse_loss-0.0003242, train_kl_loss-0.0000000, val_mse_loss-0.0003353, val_kl_loss-0.0000000
2025-03-05 22:48:49 - INFO - epoch-414, train_mse_loss-0.0003242, train_kl_loss-0.0000000, val_mse_loss-0.0003339, val_kl_loss-0.0000000
2025-03-05 22:53:14 - INFO - epoch-415, train_mse_loss-0.0003242, train_kl_loss-0.0000000, val_mse_loss-0.0003339, val_kl_loss-0.0000000
2025-03-05 22:57:39 - INFO - epoch-416, train_mse_loss-0.0003242, train_kl_loss-0.0000000, val_mse_loss-0.0003321, val_kl_loss-0.0000000
2025-03-05 23:02:03 - INFO - epoch-417, train_mse_loss-0.0003242, train_kl_loss-0.0000000, val_mse_loss-0.0003318, val_kl_loss-0.0000000
2025-03-05 23:06:31 - INFO - epoch-418, train_mse_loss-0.0003242, train_kl_loss-0.0000000, val_mse_loss-0.0003342, val_kl_loss-0.0000000
2025-03-05 23:10:58 - INFO - epoch-419, train_mse_loss-0.0003242, train_kl_loss-0.0000000, val_mse_loss-0.0003343, val_kl_loss-0.0000000
2025-03-05 23:15:18 - INFO - epoch-420, train_mse_loss-0.0003242, train_kl_loss-0.0000000, val_mse_loss-0.0003312, val_kl_loss-0.0000000
2025-03-05 23:19:34 - INFO - epoch-421, train_mse_loss-0.0003242, train_kl_loss-0.0000000, val_mse_loss-0.0003332, val_kl_loss-0.0000000
2025-03-05 23:23:50 - INFO - epoch-422, train_mse_loss-0.0003242, train_kl_loss-0.0000000, val_mse_loss-0.0003348, val_kl_loss-0.0000000
2025-03-05 23:28:04 - INFO - epoch-423, train_mse_loss-0.0003242, train_kl_loss-0.0000000, val_mse_loss-0.0003317, val_kl_loss-0.0000000
2025-03-05 23:32:18 - INFO - epoch-424, train_mse_loss-0.0003242, train_kl_loss-0.0000000, val_mse_loss-0.0003343, val_kl_loss-0.0000000
2025-03-05 23:36:33 - INFO - epoch-425, train_mse_loss-0.0003242, train_kl_loss-0.0000000, val_mse_loss-0.0003374, val_kl_loss-0.0000000
2025-03-05 23:40:48 - INFO - epoch-426, train_mse_loss-0.0003242, train_kl_loss-0.0000000, val_mse_loss-0.0003319, val_kl_loss-0.0000000
2025-03-05 23:45:05 - INFO - epoch-427, train_mse_loss-0.0003242, train_kl_loss-0.0000000, val_mse_loss-0.0003338, val_kl_loss-0.0000000
2025-03-05 23:49:25 - INFO - epoch-428, train_mse_loss-0.0003242, train_kl_loss-0.0000000, val_mse_loss-0.0003336, val_kl_loss-0.0000000
2025-03-05 23:53:40 - INFO - epoch-429, train_mse_loss-0.0003242, train_kl_loss-0.0000000, val_mse_loss-0.0003322, val_kl_loss-0.0000000
2025-03-05 23:57:56 - INFO - epoch-430, train_mse_loss-0.0003242, train_kl_loss-0.0000000, val_mse_loss-0.0003320, val_kl_loss-0.0000000
2025-03-06 00:02:11 - INFO - epoch-431, train_mse_loss-0.0003242, train_kl_loss-0.0000000, val_mse_loss-0.0003350, val_kl_loss-0.0000000
2025-03-06 00:06:27 - INFO - epoch-432, train_mse_loss-0.0003242, train_kl_loss-0.0000000, val_mse_loss-0.0003353, val_kl_loss-0.0000000
2025-03-06 00:10:42 - INFO - epoch-433, train_mse_loss-0.0003242, train_kl_loss-0.0000000, val_mse_loss-0.0003352, val_kl_loss-0.0000000
2025-03-06 00:14:58 - INFO - epoch-434, train_mse_loss-0.0003242, train_kl_loss-0.0000000, val_mse_loss-0.0003332, val_kl_loss-0.0000000
2025-03-06 00:19:14 - INFO - epoch-435, train_mse_loss-0.0003242, train_kl_loss-0.0000000, val_mse_loss-0.0003308, val_kl_loss-0.0000000
2025-03-06 00:23:30 - INFO - epoch-436, train_mse_loss-0.0003242, train_kl_loss-0.0000000, val_mse_loss-0.0003320, val_kl_loss-0.0000000
2025-03-06 00:27:46 - INFO - epoch-437, train_mse_loss-0.0003242, train_kl_loss-0.0000000, val_mse_loss-0.0003314, val_kl_loss-0.0000000
2025-03-06 00:32:02 - INFO - epoch-438, train_mse_loss-0.0003241, train_kl_loss-0.0000000, val_mse_loss-0.0003306, val_kl_loss-0.0000000
2025-03-06 00:36:18 - INFO - epoch-439, train_mse_loss-0.0003241, train_kl_loss-0.0000000, val_mse_loss-0.0003327, val_kl_loss-0.0000000
2025-03-06 00:40:34 - INFO - epoch-440, train_mse_loss-0.0003242, train_kl_loss-0.0000000, val_mse_loss-0.0003320, val_kl_loss-0.0000000
2025-03-06 00:44:49 - INFO - epoch-441, train_mse_loss-0.0003241, train_kl_loss-0.0000000, val_mse_loss-0.0003339, val_kl_loss-0.0000000
2025-03-06 00:49:04 - INFO - epoch-442, train_mse_loss-0.0003242, train_kl_loss-0.0000000, val_mse_loss-0.0003317, val_kl_loss-0.0000000
2025-03-06 00:53:20 - INFO - epoch-443, train_mse_loss-0.0003242, train_kl_loss-0.0000000, val_mse_loss-0.0003308, val_kl_loss-0.0000000
2025-03-06 00:57:36 - INFO - epoch-444, train_mse_loss-0.0003242, train_kl_loss-0.0000000, val_mse_loss-0.0003325, val_kl_loss-0.0000000
2025-03-06 01:01:52 - INFO - epoch-445, train_mse_loss-0.0003241, train_kl_loss-0.0000000, val_mse_loss-0.0003306, val_kl_loss-0.0000000
2025-03-06 01:06:08 - INFO - epoch-446, train_mse_loss-0.0003242, train_kl_loss-0.0000000, val_mse_loss-0.0003310, val_kl_loss-0.0000000
2025-03-06 01:10:25 - INFO - epoch-447, train_mse_loss-0.0003242, train_kl_loss-0.0000000, val_mse_loss-0.0003317, val_kl_loss-0.0000000
2025-03-06 01:14:42 - INFO - epoch-448, train_mse_loss-0.0003241, train_kl_loss-0.0000000, val_mse_loss-0.0003315, val_kl_loss-0.0000000
2025-03-06 01:18:58 - INFO - epoch-449, train_mse_loss-0.0003242, train_kl_loss-0.0000000, val_mse_loss-0.0003316, val_kl_loss-0.0000000
2025-03-06 01:23:13 - INFO - epoch-450, train_mse_loss-0.0003241, train_kl_loss-0.0000000, val_mse_loss-0.0003310, val_kl_loss-0.0000000
2025-03-06 01:27:28 - INFO - epoch-451, train_mse_loss-0.0003242, train_kl_loss-0.0000000, val_mse_loss-0.0003321, val_kl_loss-0.0000000
2025-03-06 01:31:43 - INFO - epoch-452, train_mse_loss-0.0003241, train_kl_loss-0.0000000, val_mse_loss-0.0003316, val_kl_loss-0.0000000
2025-03-06 01:35:58 - INFO - epoch-453, train_mse_loss-0.0003241, train_kl_loss-0.0000000, val_mse_loss-0.0003324, val_kl_loss-0.0000000
2025-03-06 01:40:13 - INFO - epoch-454, train_mse_loss-0.0003241, train_kl_loss-0.0000000, val_mse_loss-0.0003322, val_kl_loss-0.0000000
2025-03-06 01:44:28 - INFO - epoch-455, train_mse_loss-0.0003242, train_kl_loss-0.0000000, val_mse_loss-0.0003323, val_kl_loss-0.0000000
2025-03-06 01:48:43 - INFO - epoch-456, train_mse_loss-0.0003241, train_kl_loss-0.0000000, val_mse_loss-0.0003330, val_kl_loss-0.0000000
2025-03-06 01:53:00 - INFO - epoch-457, train_mse_loss-0.0003241, train_kl_loss-0.0000000, val_mse_loss-0.0003315, val_kl_loss-0.0000000
2025-03-06 01:57:19 - INFO - epoch-458, train_mse_loss-0.0003242, train_kl_loss-0.0000000, val_mse_loss-0.0003315, val_kl_loss-0.0000000
2025-03-06 02:01:36 - INFO - epoch-459, train_mse_loss-0.0003242, train_kl_loss-0.0000000, val_mse_loss-0.0003327, val_kl_loss-0.0000000
2025-03-06 02:05:52 - INFO - epoch-460, train_mse_loss-0.0003242, train_kl_loss-0.0000000, val_mse_loss-0.0003312, val_kl_loss-0.0000000
2025-03-06 02:10:10 - INFO - epoch-461, train_mse_loss-0.0003241, train_kl_loss-0.0000000, val_mse_loss-0.0003306, val_kl_loss-0.0000000
2025-03-06 02:14:26 - INFO - epoch-462, train_mse_loss-0.0003242, train_kl_loss-0.0000000, val_mse_loss-0.0003325, val_kl_loss-0.0000000
2025-03-06 02:18:41 - INFO - epoch-463, train_mse_loss-0.0003242, train_kl_loss-0.0000000, val_mse_loss-0.0003331, val_kl_loss-0.0000000
2025-03-06 02:22:59 - INFO - epoch-464, train_mse_loss-0.0003241, train_kl_loss-0.0000000, val_mse_loss-0.0003310, val_kl_loss-0.0000000
2025-03-06 02:27:15 - INFO - epoch-465, train_mse_loss-0.0003242, train_kl_loss-0.0000000, val_mse_loss-0.0003313, val_kl_loss-0.0000000
2025-03-06 02:31:31 - INFO - epoch-466, train_mse_loss-0.0003241, train_kl_loss-0.0000000, val_mse_loss-0.0003312, val_kl_loss-0.0000000
2025-03-06 02:35:47 - INFO - epoch-467, train_mse_loss-0.0003241, train_kl_loss-0.0000000, val_mse_loss-0.0003311, val_kl_loss-0.0000000
2025-03-06 02:40:03 - INFO - epoch-468, train_mse_loss-0.0003242, train_kl_loss-0.0000000, val_mse_loss-0.0003311, val_kl_loss-0.0000000
2025-03-06 02:44:20 - INFO - epoch-469, train_mse_loss-0.0003242, train_kl_loss-0.0000000, val_mse_loss-0.0003308, val_kl_loss-0.0000000
2025-03-06 02:48:36 - INFO - epoch-470, train_mse_loss-0.0003242, train_kl_loss-0.0000000, val_mse_loss-0.0003328, val_kl_loss-0.0000000
2025-03-06 02:52:53 - INFO - epoch-471, train_mse_loss-0.0003241, train_kl_loss-0.0000000, val_mse_loss-0.0003343, val_kl_loss-0.0000000
2025-03-06 02:57:09 - INFO - epoch-472, train_mse_loss-0.0003241, train_kl_loss-0.0000000, val_mse_loss-0.0003328, val_kl_loss-0.0000000
2025-03-06 03:01:25 - INFO - epoch-473, train_mse_loss-0.0003242, train_kl_loss-0.0000000, val_mse_loss-0.0003321, val_kl_loss-0.0000000
2025-03-06 03:05:43 - INFO - epoch-474, train_mse_loss-0.0003241, train_kl_loss-0.0000000, val_mse_loss-0.0003321, val_kl_loss-0.0000000
2025-03-06 03:10:01 - INFO - epoch-475, train_mse_loss-0.0003242, train_kl_loss-0.0000000, val_mse_loss-0.0003332, val_kl_loss-0.0000000
2025-03-06 03:14:16 - INFO - epoch-476, train_mse_loss-0.0003241, train_kl_loss-0.0000000, val_mse_loss-0.0003311, val_kl_loss-0.0000000
2025-03-06 03:18:33 - INFO - epoch-477, train_mse_loss-0.0003242, train_kl_loss-0.0000000, val_mse_loss-0.0003318, val_kl_loss-0.0000000
2025-03-06 03:22:51 - INFO - epoch-478, train_mse_loss-0.0003241, train_kl_loss-0.0000000, val_mse_loss-0.0003313, val_kl_loss-0.0000000
2025-03-06 03:27:08 - INFO - epoch-479, train_mse_loss-0.0003242, train_kl_loss-0.0000000, val_mse_loss-0.0003310, val_kl_loss-0.0000000
2025-03-06 03:31:23 - INFO - epoch-480, train_mse_loss-0.0003241, train_kl_loss-0.0000000, val_mse_loss-0.0003315, val_kl_loss-0.0000000
2025-03-06 03:35:39 - INFO - epoch-481, train_mse_loss-0.0003242, train_kl_loss-0.0000000, val_mse_loss-0.0003305, val_kl_loss-0.0000000
2025-03-06 03:39:56 - INFO - epoch-482, train_mse_loss-0.0003242, train_kl_loss-0.0000000, val_mse_loss-0.0003324, val_kl_loss-0.0000000
2025-03-06 03:44:12 - INFO - epoch-483, train_mse_loss-0.0003242, train_kl_loss-0.0000000, val_mse_loss-0.0003316, val_kl_loss-0.0000000
2025-03-06 03:48:29 - INFO - epoch-484, train_mse_loss-0.0003241, train_kl_loss-0.0000000, val_mse_loss-0.0003328, val_kl_loss-0.0000000
2025-03-06 03:52:44 - INFO - epoch-485, train_mse_loss-0.0003241, train_kl_loss-0.0000000, val_mse_loss-0.0003312, val_kl_loss-0.0000000
2025-03-06 03:57:00 - INFO - epoch-486, train_mse_loss-0.0003241, train_kl_loss-0.0000000, val_mse_loss-0.0003320, val_kl_loss-0.0000000
2025-03-06 04:01:16 - INFO - epoch-487, train_mse_loss-0.0003242, train_kl_loss-0.0000000, val_mse_loss-0.0003297, val_kl_loss-0.0000000
2025-03-06 04:05:32 - INFO - epoch-488, train_mse_loss-0.0003242, train_kl_loss-0.0000000, val_mse_loss-0.0003307, val_kl_loss-0.0000000
2025-03-06 04:09:49 - INFO - epoch-489, train_mse_loss-0.0003242, train_kl_loss-0.0000000, val_mse_loss-0.0003315, val_kl_loss-0.0000000
2025-03-06 04:14:07 - INFO - epoch-490, train_mse_loss-0.0003241, train_kl_loss-0.0000000, val_mse_loss-0.0003335, val_kl_loss-0.0000000
2025-03-06 04:18:24 - INFO - epoch-491, train_mse_loss-0.0003242, train_kl_loss-0.0000000, val_mse_loss-0.0003307, val_kl_loss-0.0000000
2025-03-06 04:22:40 - INFO - epoch-492, train_mse_loss-0.0003242, train_kl_loss-0.0000000, val_mse_loss-0.0003311, val_kl_loss-0.0000000
2025-03-06 04:26:57 - INFO - epoch-493, train_mse_loss-0.0003241, train_kl_loss-0.0000000, val_mse_loss-0.0003312, val_kl_loss-0.0000000
2025-03-06 04:31:13 - INFO - epoch-494, train_mse_loss-0.0003241, train_kl_loss-0.0000000, val_mse_loss-0.0003433, val_kl_loss-0.0000000
2025-03-06 04:35:30 - INFO - epoch-495, train_mse_loss-0.0003242, train_kl_loss-0.0000000, val_mse_loss-0.0003308, val_kl_loss-0.0000000
2025-03-06 04:39:46 - INFO - epoch-496, train_mse_loss-0.0003242, train_kl_loss-0.0000000, val_mse_loss-0.0003311, val_kl_loss-0.0000000
2025-03-06 04:44:02 - INFO - epoch-497, train_mse_loss-0.0003241, train_kl_loss-0.0000000, val_mse_loss-0.0003315, val_kl_loss-0.0000000
2025-03-06 04:48:17 - INFO - epoch-498, train_mse_loss-0.0003241, train_kl_loss-0.0000000, val_mse_loss-0.0003307, val_kl_loss-0.0000000
2025-03-06 04:52:35 - INFO - epoch-499, train_mse_loss-0.0003241, train_kl_loss-0.0000000, val_mse_loss-0.0003316, val_kl_loss-0.0000000
