2025-03-04 17:10:55 - INFO - train data: 13259
2025-03-04 17:10:55 - INFO - train unqiue data: 13259
2025-03-04 17:10:55 - INFO - valid data: 1474
2025-03-04 17:10:55 - INFO - valid unqiue data: 1474
2025-03-04 17:15:40 - INFO - epoch-0, train_mse_loss-0.0003610, train_kl_loss-0.0677298, val_mse_loss-0.0003565, val_kl_loss-0.0003847
2025-03-04 17:19:52 - INFO - epoch-1, train_mse_loss-0.0003377, train_kl_loss-0.0075027, val_mse_loss-0.0003441, val_kl_loss-0.1176206
2025-03-04 17:24:04 - INFO - epoch-2, train_mse_loss-0.0004320, train_kl_loss-0.4411917, val_mse_loss-0.0004431, val_kl_loss-0.4833318
2025-03-04 17:24:10 - INFO - Saved new best model at epoch 2 with validation loss 0.4837748
2025-03-04 17:28:22 - INFO - epoch-3, train_mse_loss-0.0003689, train_kl_loss-0.4291921, val_mse_loss-0.0004029, val_kl_loss-0.4266686
2025-03-04 17:28:28 - INFO - Saved new best model at epoch 3 with validation loss 0.4270715
2025-03-04 17:32:42 - INFO - epoch-4, train_mse_loss-0.0003588, train_kl_loss-0.3642708, val_mse_loss-0.0012587, val_kl_loss-0.0754392
2025-03-04 17:32:48 - INFO - Saved new best model at epoch 4 with validation loss 0.0766979
2025-03-04 17:37:01 - INFO - epoch-5, train_mse_loss-0.0003562, train_kl_loss-0.0704977, val_mse_loss-0.0004083, val_kl_loss-0.0711744
2025-03-04 17:37:07 - INFO - Saved new best model at epoch 5 with validation loss 0.0715827
2025-03-04 17:41:19 - INFO - epoch-6, train_mse_loss-0.0003527, train_kl_loss-0.0580256, val_mse_loss-0.0011625, val_kl_loss-0.0529954
2025-03-04 17:41:25 - INFO - Saved new best model at epoch 6 with validation loss 0.0541580
2025-03-04 17:45:38 - INFO - epoch-7, train_mse_loss-0.0003527, train_kl_loss-0.0129608, val_mse_loss-0.0003851, val_kl_loss-0.0001147
2025-03-04 17:45:44 - INFO - Saved new best model at epoch 7 with validation loss 0.0004998
2025-03-04 17:49:57 - INFO - epoch-8, train_mse_loss-0.0003513, train_kl_loss-0.0001232, val_mse_loss-0.0003544, val_kl_loss-0.0002484
2025-03-04 17:54:10 - INFO - epoch-9, train_mse_loss-0.0003505, train_kl_loss-0.0002959, val_mse_loss-0.0004547, val_kl_loss-0.0000539
2025-03-04 17:58:23 - INFO - epoch-10, train_mse_loss-0.0003473, train_kl_loss-0.0000671, val_mse_loss-0.0003890, val_kl_loss-0.0001244
2025-03-04 18:02:37 - INFO - epoch-11, train_mse_loss-0.0003892, train_kl_loss-0.3674799, val_mse_loss-0.0008389, val_kl_loss-0.1349137
2025-03-04 18:06:50 - INFO - epoch-12, train_mse_loss-0.0004410, train_kl_loss-0.0389434, val_mse_loss-0.0005736, val_kl_loss-0.0032580
2025-03-04 18:11:03 - INFO - epoch-13, train_mse_loss-0.0003820, train_kl_loss-0.0016422, val_mse_loss-0.0004069, val_kl_loss-0.0020265
2025-03-04 18:15:16 - INFO - epoch-14, train_mse_loss-0.0003689, train_kl_loss-0.0009330, val_mse_loss-0.0004908, val_kl_loss-0.0022858
2025-03-04 18:19:32 - INFO - epoch-15, train_mse_loss-0.0003606, train_kl_loss-0.0007818, val_mse_loss-0.0005132, val_kl_loss-0.0009928
2025-03-04 18:23:46 - INFO - epoch-16, train_mse_loss-0.0003796, train_kl_loss-0.0041975, val_mse_loss-0.0004752, val_kl_loss-0.0018765
2025-03-04 18:27:58 - INFO - epoch-17, train_mse_loss-0.0003551, train_kl_loss-0.0003144, val_mse_loss-0.0004468, val_kl_loss-0.0005702
2025-03-04 18:32:11 - INFO - epoch-18, train_mse_loss-0.0003475, train_kl_loss-0.0002626, val_mse_loss-0.0004350, val_kl_loss-0.0001428
2025-03-04 18:36:24 - INFO - epoch-19, train_mse_loss-0.0003516, train_kl_loss-0.0010974, val_mse_loss-0.0005180, val_kl_loss-0.0001074
2025-03-04 18:40:38 - INFO - epoch-20, train_mse_loss-0.0003420, train_kl_loss-0.0001925, val_mse_loss-0.0005366, val_kl_loss-0.0000485
2025-03-04 18:44:50 - INFO - epoch-21, train_mse_loss-0.0003385, train_kl_loss-0.0002034, val_mse_loss-0.0005216, val_kl_loss-0.0014677
2025-03-04 18:49:04 - INFO - epoch-22, train_mse_loss-0.0003354, train_kl_loss-0.0001626, val_mse_loss-0.0005500, val_kl_loss-0.0000482
2025-03-04 18:53:17 - INFO - epoch-23, train_mse_loss-0.0003504, train_kl_loss-0.0015930, val_mse_loss-0.0005224, val_kl_loss-0.0000041
2025-03-04 18:57:29 - INFO - epoch-24, train_mse_loss-0.0003362, train_kl_loss-0.0000079, val_mse_loss-0.0005501, val_kl_loss-0.0000051
2025-03-04 19:01:41 - INFO - epoch-25, train_mse_loss-0.0003323, train_kl_loss-0.0000123, val_mse_loss-0.0005138, val_kl_loss-0.0000035
2025-03-04 19:05:55 - INFO - epoch-26, train_mse_loss-0.0003328, train_kl_loss-0.0011181, val_mse_loss-0.0005278, val_kl_loss-0.0000019
2025-03-04 19:10:07 - INFO - epoch-27, train_mse_loss-0.0003310, train_kl_loss-0.0000017, val_mse_loss-0.0005468, val_kl_loss-0.0000003
2025-03-04 19:14:20 - INFO - epoch-28, train_mse_loss-0.0003298, train_kl_loss-0.0000029, val_mse_loss-0.0005329, val_kl_loss-0.0000015
2025-03-04 19:18:34 - INFO - epoch-29, train_mse_loss-0.0003292, train_kl_loss-0.0000020, val_mse_loss-0.0004167, val_kl_loss-0.0000002
2025-03-04 19:18:40 - INFO - Saved new best model at epoch 29 with validation loss 0.0004168
2025-03-04 19:22:54 - INFO - epoch-30, train_mse_loss-0.0003360, train_kl_loss-0.0028681, val_mse_loss-0.0004309, val_kl_loss-0.0000040
2025-03-04 19:27:09 - INFO - epoch-31, train_mse_loss-0.0003324, train_kl_loss-0.0000094, val_mse_loss-0.0004166, val_kl_loss-0.0000009
2025-03-04 19:31:22 - INFO - epoch-32, train_mse_loss-0.0003306, train_kl_loss-0.0000038, val_mse_loss-0.0004052, val_kl_loss-0.0000005
2025-03-04 19:31:28 - INFO - Saved new best model at epoch 32 with validation loss 0.0004057
2025-03-04 19:35:43 - INFO - epoch-33, train_mse_loss-0.0003297, train_kl_loss-0.0000024, val_mse_loss-0.0003979, val_kl_loss-0.0000007
2025-03-04 19:35:49 - INFO - Saved new best model at epoch 33 with validation loss 0.0003986
2025-03-04 19:40:01 - INFO - epoch-34, train_mse_loss-0.0003290, train_kl_loss-0.0000016, val_mse_loss-0.0003893, val_kl_loss-0.0000007
2025-03-04 19:40:07 - INFO - Saved new best model at epoch 34 with validation loss 0.0003900
2025-03-04 19:44:20 - INFO - epoch-35, train_mse_loss-0.0003285, train_kl_loss-0.0000010, val_mse_loss-0.0003550, val_kl_loss-0.0000001
2025-03-04 19:44:26 - INFO - Saved new best model at epoch 35 with validation loss 0.0003552
2025-03-04 19:48:38 - INFO - epoch-36, train_mse_loss-0.0003283, train_kl_loss-0.0000003, val_mse_loss-0.0003546, val_kl_loss-0.0000000
2025-03-04 19:48:44 - INFO - Saved new best model at epoch 36 with validation loss 0.0003546
2025-03-04 19:52:57 - INFO - epoch-37, train_mse_loss-0.0003281, train_kl_loss-0.0000004, val_mse_loss-0.0003542, val_kl_loss-0.0000000
2025-03-04 19:53:03 - INFO - Saved new best model at epoch 37 with validation loss 0.0003542
2025-03-04 19:57:15 - INFO - epoch-38, train_mse_loss-0.0003280, train_kl_loss-0.0000000, val_mse_loss-0.0003513, val_kl_loss-0.0000000
2025-03-04 19:57:21 - INFO - Saved new best model at epoch 38 with validation loss 0.0003513
2025-03-04 20:01:33 - INFO - epoch-39, train_mse_loss-0.0003278, train_kl_loss-0.0000000, val_mse_loss-0.0003525, val_kl_loss-0.0000000
2025-03-04 20:05:46 - INFO - epoch-40, train_mse_loss-0.0003276, train_kl_loss-0.0000000, val_mse_loss-0.0003475, val_kl_loss-0.0000000
2025-03-04 20:05:52 - INFO - Saved new best model at epoch 40 with validation loss 0.0003475
2025-03-04 20:10:03 - INFO - epoch-41, train_mse_loss-0.0003274, train_kl_loss-0.0000000, val_mse_loss-0.0003390, val_kl_loss-0.0000000
2025-03-04 20:10:09 - INFO - Saved new best model at epoch 41 with validation loss 0.0003390
2025-03-04 20:14:22 - INFO - epoch-42, train_mse_loss-0.0003275, train_kl_loss-0.0000000, val_mse_loss-0.0003410, val_kl_loss-0.0000000
2025-03-04 20:18:35 - INFO - epoch-43, train_mse_loss-0.0003271, train_kl_loss-0.0000000, val_mse_loss-0.0003400, val_kl_loss-0.0000000
2025-03-04 20:22:47 - INFO - epoch-44, train_mse_loss-0.0003269, train_kl_loss-0.0000000, val_mse_loss-0.0003384, val_kl_loss-0.0000000
2025-03-04 20:22:53 - INFO - Saved new best model at epoch 44 with validation loss 0.0003384
2025-03-04 20:27:05 - INFO - epoch-45, train_mse_loss-0.0003265, train_kl_loss-0.0000000, val_mse_loss-0.0003530, val_kl_loss-0.0000000
2025-03-04 20:31:17 - INFO - epoch-46, train_mse_loss-0.0003259, train_kl_loss-0.0000000, val_mse_loss-0.0003385, val_kl_loss-0.0000000
2025-03-04 20:35:33 - INFO - epoch-47, train_mse_loss-0.0003257, train_kl_loss-0.0000000, val_mse_loss-0.0003268, val_kl_loss-0.0000000
2025-03-04 20:35:39 - INFO - Saved new best model at epoch 47 with validation loss 0.0003268
2025-03-04 20:39:52 - INFO - epoch-48, train_mse_loss-0.0003253, train_kl_loss-0.0000000, val_mse_loss-0.0003434, val_kl_loss-0.0000000
2025-03-04 20:44:05 - INFO - epoch-49, train_mse_loss-0.0003251, train_kl_loss-0.0000000, val_mse_loss-0.0004270, val_kl_loss-0.0000000
2025-03-04 20:48:17 - INFO - epoch-50, train_mse_loss-0.0003250, train_kl_loss-0.0000000, val_mse_loss-0.0004165, val_kl_loss-0.0000000
2025-03-04 20:52:29 - INFO - epoch-51, train_mse_loss-0.0003250, train_kl_loss-0.0000000, val_mse_loss-0.0004057, val_kl_loss-0.0000000
2025-03-04 20:56:42 - INFO - epoch-52, train_mse_loss-0.0003249, train_kl_loss-0.0000000, val_mse_loss-0.0003919, val_kl_loss-0.0000000
2025-03-04 21:00:53 - INFO - epoch-53, train_mse_loss-0.0003249, train_kl_loss-0.0000000, val_mse_loss-0.0003847, val_kl_loss-0.0000000
2025-03-04 21:05:06 - INFO - epoch-54, train_mse_loss-0.0003248, train_kl_loss-0.0000000, val_mse_loss-0.0003741, val_kl_loss-0.0000000
2025-03-04 21:09:18 - INFO - epoch-55, train_mse_loss-0.0003248, train_kl_loss-0.0000000, val_mse_loss-0.0003758, val_kl_loss-0.0000000
2025-03-04 21:13:30 - INFO - epoch-56, train_mse_loss-0.0003247, train_kl_loss-0.0000000, val_mse_loss-0.0003622, val_kl_loss-0.0000000
2025-03-04 21:17:43 - INFO - epoch-57, train_mse_loss-0.0003246, train_kl_loss-0.0000000, val_mse_loss-0.0003647, val_kl_loss-0.0000000
2025-03-04 21:21:55 - INFO - epoch-58, train_mse_loss-0.0003245, train_kl_loss-0.0000000, val_mse_loss-0.0003673, val_kl_loss-0.0000000
2025-03-04 21:26:06 - INFO - epoch-59, train_mse_loss-0.0003245, train_kl_loss-0.0000000, val_mse_loss-0.0003550, val_kl_loss-0.0000000
2025-03-04 21:30:18 - INFO - epoch-60, train_mse_loss-0.0003244, train_kl_loss-0.0000000, val_mse_loss-0.0003582, val_kl_loss-0.0000000
2025-03-04 21:34:30 - INFO - epoch-61, train_mse_loss-0.0003243, train_kl_loss-0.0000000, val_mse_loss-0.0003657, val_kl_loss-0.0000000
2025-03-04 21:38:42 - INFO - epoch-62, train_mse_loss-0.0003243, train_kl_loss-0.0000000, val_mse_loss-0.0003650, val_kl_loss-0.0000000
2025-03-04 21:42:58 - INFO - epoch-63, train_mse_loss-0.0003243, train_kl_loss-0.0000000, val_mse_loss-0.0003600, val_kl_loss-0.0000000
2025-03-04 21:47:11 - INFO - epoch-64, train_mse_loss-0.0003242, train_kl_loss-0.0000000, val_mse_loss-0.0003615, val_kl_loss-0.0000000
2025-03-04 21:51:23 - INFO - epoch-65, train_mse_loss-0.0003242, train_kl_loss-0.0000000, val_mse_loss-0.0003571, val_kl_loss-0.0000000
2025-03-04 21:55:34 - INFO - epoch-66, train_mse_loss-0.0003242, train_kl_loss-0.0000000, val_mse_loss-0.0003583, val_kl_loss-0.0000000
2025-03-04 21:59:46 - INFO - epoch-67, train_mse_loss-0.0003242, train_kl_loss-0.0000000, val_mse_loss-0.0003590, val_kl_loss-0.0000000
2025-03-04 22:03:58 - INFO - epoch-68, train_mse_loss-0.0003242, train_kl_loss-0.0000000, val_mse_loss-0.0003596, val_kl_loss-0.0000000
2025-03-04 22:08:10 - INFO - epoch-69, train_mse_loss-0.0003241, train_kl_loss-0.0000000, val_mse_loss-0.0003583, val_kl_loss-0.0000000
2025-03-04 22:12:22 - INFO - epoch-70, train_mse_loss-0.0003241, train_kl_loss-0.0000000, val_mse_loss-0.0003568, val_kl_loss-0.0000000
2025-03-04 22:16:34 - INFO - epoch-71, train_mse_loss-0.0003241, train_kl_loss-0.0000000, val_mse_loss-0.0003567, val_kl_loss-0.0000000
2025-03-04 22:20:46 - INFO - epoch-72, train_mse_loss-0.0003241, train_kl_loss-0.0000000, val_mse_loss-0.0003573, val_kl_loss-0.0000000
2025-03-04 22:24:59 - INFO - epoch-73, train_mse_loss-0.0003241, train_kl_loss-0.0000000, val_mse_loss-0.0003565, val_kl_loss-0.0000000
2025-03-04 22:29:12 - INFO - epoch-74, train_mse_loss-0.0003241, train_kl_loss-0.0000000, val_mse_loss-0.0003567, val_kl_loss-0.0000000
2025-03-04 22:33:24 - INFO - epoch-75, train_mse_loss-0.0003241, train_kl_loss-0.0000000, val_mse_loss-0.0003557, val_kl_loss-0.0000000
2025-03-04 22:37:36 - INFO - epoch-76, train_mse_loss-0.0003241, train_kl_loss-0.0000000, val_mse_loss-0.0003571, val_kl_loss-0.0000000
2025-03-04 22:41:49 - INFO - epoch-77, train_mse_loss-0.0003241, train_kl_loss-0.0000000, val_mse_loss-0.0003573, val_kl_loss-0.0000000
2025-03-04 22:46:02 - INFO - epoch-78, train_mse_loss-0.0003241, train_kl_loss-0.0000000, val_mse_loss-0.0003563, val_kl_loss-0.0000000
2025-03-04 22:50:17 - INFO - epoch-79, train_mse_loss-0.0003241, train_kl_loss-0.0000000, val_mse_loss-0.0003560, val_kl_loss-0.0000000
2025-03-04 22:54:30 - INFO - epoch-80, train_mse_loss-0.0003240, train_kl_loss-0.0000000, val_mse_loss-0.0003562, val_kl_loss-0.0000000
2025-03-04 22:58:42 - INFO - epoch-81, train_mse_loss-0.0003240, train_kl_loss-0.0000000, val_mse_loss-0.0003558, val_kl_loss-0.0000000
2025-03-04 23:02:54 - INFO - epoch-82, train_mse_loss-0.0003240, train_kl_loss-0.0000000, val_mse_loss-0.0003550, val_kl_loss-0.0000000
2025-03-04 23:07:06 - INFO - epoch-83, train_mse_loss-0.0003240, train_kl_loss-0.0000000, val_mse_loss-0.0003550, val_kl_loss-0.0000000
2025-03-04 23:11:18 - INFO - epoch-84, train_mse_loss-0.0003240, train_kl_loss-0.0000000, val_mse_loss-0.0003559, val_kl_loss-0.0000000
2025-03-04 23:15:31 - INFO - epoch-85, train_mse_loss-0.0003240, train_kl_loss-0.0000000, val_mse_loss-0.0003547, val_kl_loss-0.0000000
2025-03-04 23:19:43 - INFO - epoch-86, train_mse_loss-0.0003240, train_kl_loss-0.0000000, val_mse_loss-0.0003550, val_kl_loss-0.0000000
2025-03-04 23:23:56 - INFO - epoch-87, train_mse_loss-0.0003240, train_kl_loss-0.0000000, val_mse_loss-0.0003542, val_kl_loss-0.0000000
2025-03-04 23:28:08 - INFO - epoch-88, train_mse_loss-0.0003240, train_kl_loss-0.0000000, val_mse_loss-0.0003558, val_kl_loss-0.0000000
2025-03-04 23:32:21 - INFO - epoch-89, train_mse_loss-0.0003240, train_kl_loss-0.0000000, val_mse_loss-0.0003546, val_kl_loss-0.0000000
2025-03-04 23:36:32 - INFO - epoch-90, train_mse_loss-0.0003240, train_kl_loss-0.0000000, val_mse_loss-0.0003551, val_kl_loss-0.0000000
2025-03-04 23:40:44 - INFO - epoch-91, train_mse_loss-0.0003239, train_kl_loss-0.0000000, val_mse_loss-0.0003589, val_kl_loss-0.0000000
2025-03-04 23:44:56 - INFO - epoch-92, train_mse_loss-0.0003239, train_kl_loss-0.0000000, val_mse_loss-0.0003589, val_kl_loss-0.0000000
2025-03-04 23:49:08 - INFO - epoch-93, train_mse_loss-0.0003239, train_kl_loss-0.0000000, val_mse_loss-0.0003600, val_kl_loss-0.0000000
2025-03-04 23:53:20 - INFO - epoch-94, train_mse_loss-0.0003240, train_kl_loss-0.0000000, val_mse_loss-0.0003581, val_kl_loss-0.0000000
2025-03-04 23:57:35 - INFO - epoch-95, train_mse_loss-0.0003240, train_kl_loss-0.0000000, val_mse_loss-0.0003581, val_kl_loss-0.0000000
2025-03-05 00:01:48 - INFO - epoch-96, train_mse_loss-0.0003239, train_kl_loss-0.0000000, val_mse_loss-0.0003573, val_kl_loss-0.0000000
2025-03-05 00:06:00 - INFO - epoch-97, train_mse_loss-0.0003239, train_kl_loss-0.0000000, val_mse_loss-0.0003562, val_kl_loss-0.0000000
2025-03-05 00:10:13 - INFO - epoch-98, train_mse_loss-0.0003239, train_kl_loss-0.0000000, val_mse_loss-0.0003570, val_kl_loss-0.0000000
2025-03-05 00:14:25 - INFO - epoch-99, train_mse_loss-0.0003239, train_kl_loss-0.0000000, val_mse_loss-0.0003561, val_kl_loss-0.0000000
2025-03-05 00:18:38 - INFO - epoch-100, train_mse_loss-0.0003239, train_kl_loss-0.0000000, val_mse_loss-0.0003560, val_kl_loss-0.0000000
2025-03-05 00:22:50 - INFO - epoch-101, train_mse_loss-0.0003239, train_kl_loss-0.0000000, val_mse_loss-0.0003560, val_kl_loss-0.0000000
2025-03-05 00:27:02 - INFO - epoch-102, train_mse_loss-0.0003239, train_kl_loss-0.0000000, val_mse_loss-0.0003575, val_kl_loss-0.0000000
2025-03-05 00:31:14 - INFO - epoch-103, train_mse_loss-0.0003239, train_kl_loss-0.0000000, val_mse_loss-0.0003510, val_kl_loss-0.0000000
2025-03-05 00:35:26 - INFO - epoch-104, train_mse_loss-0.0003239, train_kl_loss-0.0000000, val_mse_loss-0.0003577, val_kl_loss-0.0000000
2025-03-05 00:39:38 - INFO - epoch-105, train_mse_loss-0.0003240, train_kl_loss-0.0000000, val_mse_loss-0.0003550, val_kl_loss-0.0000000
2025-03-05 00:43:50 - INFO - epoch-106, train_mse_loss-0.0003240, train_kl_loss-0.0000000, val_mse_loss-0.0003545, val_kl_loss-0.0000000
2025-03-05 00:48:02 - INFO - epoch-107, train_mse_loss-0.0003240, train_kl_loss-0.0000000, val_mse_loss-0.0003576, val_kl_loss-0.0000000
2025-03-05 00:52:14 - INFO - epoch-108, train_mse_loss-0.0003240, train_kl_loss-0.0000000, val_mse_loss-0.0003559, val_kl_loss-0.0000000
2025-03-05 00:56:26 - INFO - epoch-109, train_mse_loss-0.0003240, train_kl_loss-0.0000000, val_mse_loss-0.0003545, val_kl_loss-0.0000000
2025-03-05 01:00:39 - INFO - epoch-110, train_mse_loss-0.0003240, train_kl_loss-0.0000000, val_mse_loss-0.0003531, val_kl_loss-0.0000000
2025-03-05 01:04:54 - INFO - epoch-111, train_mse_loss-0.0003240, train_kl_loss-0.0000000, val_mse_loss-0.0003537, val_kl_loss-0.0000000
2025-03-05 01:09:06 - INFO - epoch-112, train_mse_loss-0.0003240, train_kl_loss-0.0000000, val_mse_loss-0.0003510, val_kl_loss-0.0000000
2025-03-05 01:13:18 - INFO - epoch-113, train_mse_loss-0.0003240, train_kl_loss-0.0000000, val_mse_loss-0.0003527, val_kl_loss-0.0000000
2025-03-05 01:17:30 - INFO - epoch-114, train_mse_loss-0.0003240, train_kl_loss-0.0000000, val_mse_loss-0.0003510, val_kl_loss-0.0000000
2025-03-05 01:21:42 - INFO - epoch-115, train_mse_loss-0.0003240, train_kl_loss-0.0000000, val_mse_loss-0.0003565, val_kl_loss-0.0000000
2025-03-05 01:25:55 - INFO - epoch-116, train_mse_loss-0.0003240, train_kl_loss-0.0000000, val_mse_loss-0.0003577, val_kl_loss-0.0000000
2025-03-05 01:30:07 - INFO - epoch-117, train_mse_loss-0.0003240, train_kl_loss-0.0000000, val_mse_loss-0.0003556, val_kl_loss-0.0000000
2025-03-05 01:34:20 - INFO - epoch-118, train_mse_loss-0.0003240, train_kl_loss-0.0000000, val_mse_loss-0.0003519, val_kl_loss-0.0000000
2025-03-05 01:38:33 - INFO - epoch-119, train_mse_loss-0.0003240, train_kl_loss-0.0000000, val_mse_loss-0.0003557, val_kl_loss-0.0000000
2025-03-05 01:42:45 - INFO - epoch-120, train_mse_loss-0.0003240, train_kl_loss-0.0000000, val_mse_loss-0.0003558, val_kl_loss-0.0000000
2025-03-05 01:46:57 - INFO - epoch-121, train_mse_loss-0.0003240, train_kl_loss-0.0000000, val_mse_loss-0.0003610, val_kl_loss-0.0000000
2025-03-05 01:51:08 - INFO - epoch-122, train_mse_loss-0.0003240, train_kl_loss-0.0000000, val_mse_loss-0.0003538, val_kl_loss-0.0000000
2025-03-05 01:55:20 - INFO - epoch-123, train_mse_loss-0.0003240, train_kl_loss-0.0000000, val_mse_loss-0.0003550, val_kl_loss-0.0000000
2025-03-05 01:59:33 - INFO - epoch-124, train_mse_loss-0.0003240, train_kl_loss-0.0000000, val_mse_loss-0.0003540, val_kl_loss-0.0000000
2025-03-05 02:03:45 - INFO - epoch-125, train_mse_loss-0.0003240, train_kl_loss-0.0000000, val_mse_loss-0.0003527, val_kl_loss-0.0000000
2025-03-05 02:07:57 - INFO - epoch-126, train_mse_loss-0.0003240, train_kl_loss-0.0000000, val_mse_loss-0.0003528, val_kl_loss-0.0000000
2025-03-05 02:12:12 - INFO - epoch-127, train_mse_loss-0.0003240, train_kl_loss-0.0000000, val_mse_loss-0.0003501, val_kl_loss-0.0000000
2025-03-05 02:16:25 - INFO - epoch-128, train_mse_loss-0.0003240, train_kl_loss-0.0000000, val_mse_loss-0.0003524, val_kl_loss-0.0000000
2025-03-05 02:20:37 - INFO - epoch-129, train_mse_loss-0.0003240, train_kl_loss-0.0000000, val_mse_loss-0.0003528, val_kl_loss-0.0000000
2025-03-05 02:24:49 - INFO - epoch-130, train_mse_loss-0.0003241, train_kl_loss-0.0000000, val_mse_loss-0.0003507, val_kl_loss-0.0000000
2025-03-05 02:29:01 - INFO - epoch-131, train_mse_loss-0.0003241, train_kl_loss-0.0000000, val_mse_loss-0.0003500, val_kl_loss-0.0000000
2025-03-05 02:33:13 - INFO - epoch-132, train_mse_loss-0.0003241, train_kl_loss-0.0000000, val_mse_loss-0.0003504, val_kl_loss-0.0000000
2025-03-05 02:37:27 - INFO - epoch-133, train_mse_loss-0.0003241, train_kl_loss-0.0000000, val_mse_loss-0.0003498, val_kl_loss-0.0000000
2025-03-05 02:41:38 - INFO - epoch-134, train_mse_loss-0.0003241, train_kl_loss-0.0000000, val_mse_loss-0.0003485, val_kl_loss-0.0000000
2025-03-05 02:45:50 - INFO - epoch-135, train_mse_loss-0.0003241, train_kl_loss-0.0000000, val_mse_loss-0.0003485, val_kl_loss-0.0000000
2025-03-05 02:50:02 - INFO - epoch-136, train_mse_loss-0.0003241, train_kl_loss-0.0000000, val_mse_loss-0.0003484, val_kl_loss-0.0000000
2025-03-05 02:54:15 - INFO - epoch-137, train_mse_loss-0.0003241, train_kl_loss-0.0000000, val_mse_loss-0.0003492, val_kl_loss-0.0000000
2025-03-05 02:58:27 - INFO - epoch-138, train_mse_loss-0.0003241, train_kl_loss-0.0000000, val_mse_loss-0.0003487, val_kl_loss-0.0000000
2025-03-05 03:02:39 - INFO - epoch-139, train_mse_loss-0.0003241, train_kl_loss-0.0000000, val_mse_loss-0.0003476, val_kl_loss-0.0000000
2025-03-05 03:06:52 - INFO - epoch-140, train_mse_loss-0.0003241, train_kl_loss-0.0000000, val_mse_loss-0.0003459, val_kl_loss-0.0000000
2025-03-05 03:11:04 - INFO - epoch-141, train_mse_loss-0.0003241, train_kl_loss-0.0000000, val_mse_loss-0.0003479, val_kl_loss-0.0000000
2025-03-05 03:15:16 - INFO - epoch-142, train_mse_loss-0.0003241, train_kl_loss-0.0000000, val_mse_loss-0.0003475, val_kl_loss-0.0000000
2025-03-05 03:19:32 - INFO - epoch-143, train_mse_loss-0.0003241, train_kl_loss-0.0000000, val_mse_loss-0.0003475, val_kl_loss-0.0000000
2025-03-05 03:23:44 - INFO - epoch-144, train_mse_loss-0.0003241, train_kl_loss-0.0000000, val_mse_loss-0.0003470, val_kl_loss-0.0000000
2025-03-05 03:27:57 - INFO - epoch-145, train_mse_loss-0.0003241, train_kl_loss-0.0000000, val_mse_loss-0.0003480, val_kl_loss-0.0000000
2025-03-05 03:32:09 - INFO - epoch-146, train_mse_loss-0.0003241, train_kl_loss-0.0000000, val_mse_loss-0.0003474, val_kl_loss-0.0000000
2025-03-05 03:36:21 - INFO - epoch-147, train_mse_loss-0.0003241, train_kl_loss-0.0000000, val_mse_loss-0.0003467, val_kl_loss-0.0000000
2025-03-05 03:40:33 - INFO - epoch-148, train_mse_loss-0.0003241, train_kl_loss-0.0000000, val_mse_loss-0.0003468, val_kl_loss-0.0000000
2025-03-05 03:44:45 - INFO - epoch-149, train_mse_loss-0.0003241, train_kl_loss-0.0000000, val_mse_loss-0.0003458, val_kl_loss-0.0000000
2025-03-05 03:48:56 - INFO - epoch-150, train_mse_loss-0.0003241, train_kl_loss-0.0000000, val_mse_loss-0.0003477, val_kl_loss-0.0000000
2025-03-05 03:53:08 - INFO - epoch-151, train_mse_loss-0.0003241, train_kl_loss-0.0000000, val_mse_loss-0.0003450, val_kl_loss-0.0000000
2025-03-05 03:57:20 - INFO - epoch-152, train_mse_loss-0.0003241, train_kl_loss-0.0000000, val_mse_loss-0.0003455, val_kl_loss-0.0000000
2025-03-05 04:01:32 - INFO - epoch-153, train_mse_loss-0.0003241, train_kl_loss-0.0000000, val_mse_loss-0.0003460, val_kl_loss-0.0000000
2025-03-05 04:05:45 - INFO - epoch-154, train_mse_loss-0.0003241, train_kl_loss-0.0000000, val_mse_loss-0.0003446, val_kl_loss-0.0000000
2025-03-05 04:09:56 - INFO - epoch-155, train_mse_loss-0.0003241, train_kl_loss-0.0000000, val_mse_loss-0.0003428, val_kl_loss-0.0000000
2025-03-05 04:14:09 - INFO - epoch-156, train_mse_loss-0.0003242, train_kl_loss-0.0000000, val_mse_loss-0.0003427, val_kl_loss-0.0000000
2025-03-05 04:18:21 - INFO - epoch-157, train_mse_loss-0.0003242, train_kl_loss-0.0000000, val_mse_loss-0.0003446, val_kl_loss-0.0000000
2025-03-05 04:22:33 - INFO - epoch-158, train_mse_loss-0.0003242, train_kl_loss-0.0000000, val_mse_loss-0.0003438, val_kl_loss-0.0000000
2025-03-05 04:26:49 - INFO - epoch-159, train_mse_loss-0.0003242, train_kl_loss-0.0000000, val_mse_loss-0.0003410, val_kl_loss-0.0000000
2025-03-05 04:31:02 - INFO - epoch-160, train_mse_loss-0.0003242, train_kl_loss-0.0000000, val_mse_loss-0.0003437, val_kl_loss-0.0000000
2025-03-05 04:35:13 - INFO - epoch-161, train_mse_loss-0.0003242, train_kl_loss-0.0000000, val_mse_loss-0.0003415, val_kl_loss-0.0000000
2025-03-05 04:39:26 - INFO - epoch-162, train_mse_loss-0.0003242, train_kl_loss-0.0000000, val_mse_loss-0.0003400, val_kl_loss-0.0000000
2025-03-05 04:43:38 - INFO - epoch-163, train_mse_loss-0.0003242, train_kl_loss-0.0000000, val_mse_loss-0.0003425, val_kl_loss-0.0000000
2025-03-05 04:47:49 - INFO - epoch-164, train_mse_loss-0.0003242, train_kl_loss-0.0000000, val_mse_loss-0.0003416, val_kl_loss-0.0000000
2025-03-05 04:52:02 - INFO - epoch-165, train_mse_loss-0.0003242, train_kl_loss-0.0000000, val_mse_loss-0.0003430, val_kl_loss-0.0000000
2025-03-05 04:56:14 - INFO - epoch-166, train_mse_loss-0.0003243, train_kl_loss-0.0000000, val_mse_loss-0.0003425, val_kl_loss-0.0000000
2025-03-05 05:00:26 - INFO - epoch-167, train_mse_loss-0.0003243, train_kl_loss-0.0000000, val_mse_loss-0.0003416, val_kl_loss-0.0000000
2025-03-05 05:04:38 - INFO - epoch-168, train_mse_loss-0.0003243, train_kl_loss-0.0000000, val_mse_loss-0.0003432, val_kl_loss-0.0000000
2025-03-05 05:08:50 - INFO - epoch-169, train_mse_loss-0.0003243, train_kl_loss-0.0000000, val_mse_loss-0.0003410, val_kl_loss-0.0000000
2025-03-05 05:13:03 - INFO - epoch-170, train_mse_loss-0.0003243, train_kl_loss-0.0000000, val_mse_loss-0.0003419, val_kl_loss-0.0000000
2025-03-05 05:17:15 - INFO - epoch-171, train_mse_loss-0.0003243, train_kl_loss-0.0000000, val_mse_loss-0.0003425, val_kl_loss-0.0000000
2025-03-05 05:21:28 - INFO - epoch-172, train_mse_loss-0.0003243, train_kl_loss-0.0000000, val_mse_loss-0.0003420, val_kl_loss-0.0000000
2025-03-05 05:25:39 - INFO - epoch-173, train_mse_loss-0.0003243, train_kl_loss-0.0000000, val_mse_loss-0.0003425, val_kl_loss-0.0000000
2025-03-05 05:29:51 - INFO - epoch-174, train_mse_loss-0.0003243, train_kl_loss-0.0000000, val_mse_loss-0.0003416, val_kl_loss-0.0000000
2025-03-05 05:34:06 - INFO - epoch-175, train_mse_loss-0.0003243, train_kl_loss-0.0000000, val_mse_loss-0.0003402, val_kl_loss-0.0000000
2025-03-05 05:38:18 - INFO - epoch-176, train_mse_loss-0.0003243, train_kl_loss-0.0000000, val_mse_loss-0.0003397, val_kl_loss-0.0000000
2025-03-05 05:42:30 - INFO - epoch-177, train_mse_loss-0.0003243, train_kl_loss-0.0000000, val_mse_loss-0.0003405, val_kl_loss-0.0000000
2025-03-05 05:46:43 - INFO - epoch-178, train_mse_loss-0.0003243, train_kl_loss-0.0000000, val_mse_loss-0.0003400, val_kl_loss-0.0000000
2025-03-05 05:50:55 - INFO - epoch-179, train_mse_loss-0.0003243, train_kl_loss-0.0000000, val_mse_loss-0.0003405, val_kl_loss-0.0000000
2025-03-05 05:55:07 - INFO - epoch-180, train_mse_loss-0.0003243, train_kl_loss-0.0000000, val_mse_loss-0.0003419, val_kl_loss-0.0000000
2025-03-05 05:59:18 - INFO - epoch-181, train_mse_loss-0.0003243, train_kl_loss-0.0000000, val_mse_loss-0.0003416, val_kl_loss-0.0000000
2025-03-05 06:03:30 - INFO - epoch-182, train_mse_loss-0.0003243, train_kl_loss-0.0000000, val_mse_loss-0.0003402, val_kl_loss-0.0000000
2025-03-05 06:07:43 - INFO - epoch-183, train_mse_loss-0.0003243, train_kl_loss-0.0000000, val_mse_loss-0.0003388, val_kl_loss-0.0000000
2025-03-05 06:11:55 - INFO - epoch-184, train_mse_loss-0.0003243, train_kl_loss-0.0000000, val_mse_loss-0.0003401, val_kl_loss-0.0000000
2025-03-05 06:16:07 - INFO - epoch-185, train_mse_loss-0.0003243, train_kl_loss-0.0000000, val_mse_loss-0.0003419, val_kl_loss-0.0000000
2025-03-05 06:20:19 - INFO - epoch-186, train_mse_loss-0.0003243, train_kl_loss-0.0000000, val_mse_loss-0.0003398, val_kl_loss-0.0000000
2025-03-05 06:24:31 - INFO - epoch-187, train_mse_loss-0.0003243, train_kl_loss-0.0000000, val_mse_loss-0.0003404, val_kl_loss-0.0000000
2025-03-05 06:28:43 - INFO - epoch-188, train_mse_loss-0.0003243, train_kl_loss-0.0000000, val_mse_loss-0.0003381, val_kl_loss-0.0000000
2025-03-05 06:32:55 - INFO - epoch-189, train_mse_loss-0.0003243, train_kl_loss-0.0000000, val_mse_loss-0.0003398, val_kl_loss-0.0000000
2025-03-05 06:37:06 - INFO - epoch-190, train_mse_loss-0.0003243, train_kl_loss-0.0000000, val_mse_loss-0.0003386, val_kl_loss-0.0000000
2025-03-05 06:41:21 - INFO - epoch-191, train_mse_loss-0.0003243, train_kl_loss-0.0000000, val_mse_loss-0.0003407, val_kl_loss-0.0000000
2025-03-05 06:45:33 - INFO - epoch-192, train_mse_loss-0.0003243, train_kl_loss-0.0000000, val_mse_loss-0.0003406, val_kl_loss-0.0000000
2025-03-05 06:49:45 - INFO - epoch-193, train_mse_loss-0.0003243, train_kl_loss-0.0000000, val_mse_loss-0.0003380, val_kl_loss-0.0000000
2025-03-05 06:53:57 - INFO - epoch-194, train_mse_loss-0.0003242, train_kl_loss-0.0000000, val_mse_loss-0.0003385, val_kl_loss-0.0000000
2025-03-05 06:58:09 - INFO - epoch-195, train_mse_loss-0.0003242, train_kl_loss-0.0000000, val_mse_loss-0.0003396, val_kl_loss-0.0000000
2025-03-05 07:02:21 - INFO - epoch-196, train_mse_loss-0.0003242, train_kl_loss-0.0000000, val_mse_loss-0.0003389, val_kl_loss-0.0000000
2025-03-05 07:06:33 - INFO - epoch-197, train_mse_loss-0.0003242, train_kl_loss-0.0000000, val_mse_loss-0.0003405, val_kl_loss-0.0000000
2025-03-05 07:10:44 - INFO - epoch-198, train_mse_loss-0.0003242, train_kl_loss-0.0000000, val_mse_loss-0.0003410, val_kl_loss-0.0000000
2025-03-05 07:14:56 - INFO - epoch-199, train_mse_loss-0.0003242, train_kl_loss-0.0000000, val_mse_loss-0.0003403, val_kl_loss-0.0000000
2025-03-05 07:19:08 - INFO - epoch-200, train_mse_loss-0.0003242, train_kl_loss-0.0000000, val_mse_loss-0.0003390, val_kl_loss-0.0000000
2025-03-05 07:23:21 - INFO - epoch-201, train_mse_loss-0.0003242, train_kl_loss-0.0000000, val_mse_loss-0.0003390, val_kl_loss-0.0000000
2025-03-05 07:27:32 - INFO - epoch-202, train_mse_loss-0.0003242, train_kl_loss-0.0000000, val_mse_loss-0.0003401, val_kl_loss-0.0000000
2025-03-05 07:31:44 - INFO - epoch-203, train_mse_loss-0.0003242, train_kl_loss-0.0000000, val_mse_loss-0.0003392, val_kl_loss-0.0000000
2025-03-05 07:35:55 - INFO - epoch-204, train_mse_loss-0.0003242, train_kl_loss-0.0000000, val_mse_loss-0.0003383, val_kl_loss-0.0000000
2025-03-05 07:40:07 - INFO - epoch-205, train_mse_loss-0.0003242, train_kl_loss-0.0000000, val_mse_loss-0.0003387, val_kl_loss-0.0000000
2025-03-05 07:44:19 - INFO - epoch-206, train_mse_loss-0.0003242, train_kl_loss-0.0000000, val_mse_loss-0.0003388, val_kl_loss-0.0000000
2025-03-05 07:48:33 - INFO - epoch-207, train_mse_loss-0.0003242, train_kl_loss-0.0000000, val_mse_loss-0.0003386, val_kl_loss-0.0000000
2025-03-05 07:52:46 - INFO - epoch-208, train_mse_loss-0.0003242, train_kl_loss-0.0000000, val_mse_loss-0.0003386, val_kl_loss-0.0000000
2025-03-05 07:56:57 - INFO - epoch-209, train_mse_loss-0.0003242, train_kl_loss-0.0000000, val_mse_loss-0.0003380, val_kl_loss-0.0000000
2025-03-05 08:01:10 - INFO - epoch-210, train_mse_loss-0.0003242, train_kl_loss-0.0000000, val_mse_loss-0.0003391, val_kl_loss-0.0000000
2025-03-05 08:05:22 - INFO - epoch-211, train_mse_loss-0.0003242, train_kl_loss-0.0000000, val_mse_loss-0.0003404, val_kl_loss-0.0000000
2025-03-05 08:09:34 - INFO - epoch-212, train_mse_loss-0.0003242, train_kl_loss-0.0000000, val_mse_loss-0.0003397, val_kl_loss-0.0000000
2025-03-05 08:13:46 - INFO - epoch-213, train_mse_loss-0.0003242, train_kl_loss-0.0000000, val_mse_loss-0.0003386, val_kl_loss-0.0000000
2025-03-05 08:17:57 - INFO - epoch-214, train_mse_loss-0.0003242, train_kl_loss-0.0000000, val_mse_loss-0.0003390, val_kl_loss-0.0000000
2025-03-05 08:22:09 - INFO - epoch-215, train_mse_loss-0.0003242, train_kl_loss-0.0000000, val_mse_loss-0.0003377, val_kl_loss-0.0000000
2025-03-05 08:26:21 - INFO - epoch-216, train_mse_loss-0.0003242, train_kl_loss-0.0000000, val_mse_loss-0.0003379, val_kl_loss-0.0000000
2025-03-05 08:30:32 - INFO - epoch-217, train_mse_loss-0.0003242, train_kl_loss-0.0000000, val_mse_loss-0.0003393, val_kl_loss-0.0000000
2025-03-05 08:34:44 - INFO - epoch-218, train_mse_loss-0.0003242, train_kl_loss-0.0000000, val_mse_loss-0.0003374, val_kl_loss-0.0000000
2025-03-05 08:38:56 - INFO - epoch-219, train_mse_loss-0.0003242, train_kl_loss-0.0000000, val_mse_loss-0.0003379, val_kl_loss-0.0000000
2025-03-05 08:43:07 - INFO - epoch-220, train_mse_loss-0.0003242, train_kl_loss-0.0000000, val_mse_loss-0.0003388, val_kl_loss-0.0000000
2025-03-05 08:47:19 - INFO - epoch-221, train_mse_loss-0.0003242, train_kl_loss-0.0000000, val_mse_loss-0.0003378, val_kl_loss-0.0000000
2025-03-05 08:51:31 - INFO - epoch-222, train_mse_loss-0.0003242, train_kl_loss-0.0000000, val_mse_loss-0.0003386, val_kl_loss-0.0000000
2025-03-05 08:55:46 - INFO - epoch-223, train_mse_loss-0.0003242, train_kl_loss-0.0000000, val_mse_loss-0.0003392, val_kl_loss-0.0000000
2025-03-05 08:59:58 - INFO - epoch-224, train_mse_loss-0.0003242, train_kl_loss-0.0000000, val_mse_loss-0.0003365, val_kl_loss-0.0000000
2025-03-05 09:04:09 - INFO - epoch-225, train_mse_loss-0.0003242, train_kl_loss-0.0000000, val_mse_loss-0.0003370, val_kl_loss-0.0000000
2025-03-05 09:08:21 - INFO - epoch-226, train_mse_loss-0.0003242, train_kl_loss-0.0000000, val_mse_loss-0.0003376, val_kl_loss-0.0000000
2025-03-05 09:12:33 - INFO - epoch-227, train_mse_loss-0.0003242, train_kl_loss-0.0000000, val_mse_loss-0.0003375, val_kl_loss-0.0000000
2025-03-05 09:16:45 - INFO - epoch-228, train_mse_loss-0.0003242, train_kl_loss-0.0000000, val_mse_loss-0.0003385, val_kl_loss-0.0000000
2025-03-05 09:20:56 - INFO - epoch-229, train_mse_loss-0.0003242, train_kl_loss-0.0000000, val_mse_loss-0.0003382, val_kl_loss-0.0000000
2025-03-05 09:25:08 - INFO - epoch-230, train_mse_loss-0.0003242, train_kl_loss-0.0000000, val_mse_loss-0.0003381, val_kl_loss-0.0000000
2025-03-05 09:29:20 - INFO - epoch-231, train_mse_loss-0.0003242, train_kl_loss-0.0000000, val_mse_loss-0.0003372, val_kl_loss-0.0000000
2025-03-05 09:33:31 - INFO - epoch-232, train_mse_loss-0.0003242, train_kl_loss-0.0000000, val_mse_loss-0.0003379, val_kl_loss-0.0000000
2025-03-05 09:37:43 - INFO - epoch-233, train_mse_loss-0.0003242, train_kl_loss-0.0000000, val_mse_loss-0.0003389, val_kl_loss-0.0000000
2025-03-05 09:41:54 - INFO - epoch-234, train_mse_loss-0.0003242, train_kl_loss-0.0000000, val_mse_loss-0.0003391, val_kl_loss-0.0000000
2025-03-05 09:46:06 - INFO - epoch-235, train_mse_loss-0.0003242, train_kl_loss-0.0000000, val_mse_loss-0.0003377, val_kl_loss-0.0000000
2025-03-05 09:50:18 - INFO - epoch-236, train_mse_loss-0.0003242, train_kl_loss-0.0000000, val_mse_loss-0.0003383, val_kl_loss-0.0000000
2025-03-05 09:54:30 - INFO - epoch-237, train_mse_loss-0.0003242, train_kl_loss-0.0000000, val_mse_loss-0.0003388, val_kl_loss-0.0000000
2025-03-05 09:58:41 - INFO - epoch-238, train_mse_loss-0.0003242, train_kl_loss-0.0000000, val_mse_loss-0.0003401, val_kl_loss-0.0000000
2025-03-05 10:02:56 - INFO - epoch-239, train_mse_loss-0.0003242, train_kl_loss-0.0000000, val_mse_loss-0.0003397, val_kl_loss-0.0000000
2025-03-05 10:07:08 - INFO - epoch-240, train_mse_loss-0.0003242, train_kl_loss-0.0000000, val_mse_loss-0.0003383, val_kl_loss-0.0000000
2025-03-05 10:11:20 - INFO - epoch-241, train_mse_loss-0.0003242, train_kl_loss-0.0000000, val_mse_loss-0.0003382, val_kl_loss-0.0000000
2025-03-05 10:15:32 - INFO - epoch-242, train_mse_loss-0.0003242, train_kl_loss-0.0000000, val_mse_loss-0.0003376, val_kl_loss-0.0000000
2025-03-05 10:19:44 - INFO - epoch-243, train_mse_loss-0.0003242, train_kl_loss-0.0000000, val_mse_loss-0.0003383, val_kl_loss-0.0000000
2025-03-05 10:23:57 - INFO - epoch-244, train_mse_loss-0.0003242, train_kl_loss-0.0000000, val_mse_loss-0.0003384, val_kl_loss-0.0000000
2025-03-05 10:28:09 - INFO - epoch-245, train_mse_loss-0.0003242, train_kl_loss-0.0000000, val_mse_loss-0.0003386, val_kl_loss-0.0000000
2025-03-05 10:32:20 - INFO - epoch-246, train_mse_loss-0.0003242, train_kl_loss-0.0000000, val_mse_loss-0.0003393, val_kl_loss-0.0000000
2025-03-05 10:36:33 - INFO - epoch-247, train_mse_loss-0.0003242, train_kl_loss-0.0000000, val_mse_loss-0.0003392, val_kl_loss-0.0000000
2025-03-05 10:40:45 - INFO - epoch-248, train_mse_loss-0.0003242, train_kl_loss-0.0000000, val_mse_loss-0.0003390, val_kl_loss-0.0000000
2025-03-05 10:44:58 - INFO - epoch-249, train_mse_loss-0.0003242, train_kl_loss-0.0000000, val_mse_loss-0.0003389, val_kl_loss-0.0000000
2025-03-05 10:49:10 - INFO - epoch-250, train_mse_loss-0.0003242, train_kl_loss-0.0000000, val_mse_loss-0.0003415, val_kl_loss-0.0000000
2025-03-05 10:53:22 - INFO - epoch-251, train_mse_loss-0.0003242, train_kl_loss-0.0000000, val_mse_loss-0.0003404, val_kl_loss-0.0000000
2025-03-05 10:57:34 - INFO - epoch-252, train_mse_loss-0.0003242, train_kl_loss-0.0000000, val_mse_loss-0.0003393, val_kl_loss-0.0000000
2025-03-05 11:01:45 - INFO - epoch-253, train_mse_loss-0.0003242, train_kl_loss-0.0000000, val_mse_loss-0.0003387, val_kl_loss-0.0000000
2025-03-05 11:05:56 - INFO - epoch-254, train_mse_loss-0.0003242, train_kl_loss-0.0000000, val_mse_loss-0.0003386, val_kl_loss-0.0000000
2025-03-05 11:10:10 - INFO - epoch-255, train_mse_loss-0.0003242, train_kl_loss-0.0000000, val_mse_loss-0.0003391, val_kl_loss-0.0000000
2025-03-05 11:14:23 - INFO - epoch-256, train_mse_loss-0.0003242, train_kl_loss-0.0000000, val_mse_loss-0.0003384, val_kl_loss-0.0000000
2025-03-05 11:18:34 - INFO - epoch-257, train_mse_loss-0.0003242, train_kl_loss-0.0000000, val_mse_loss-0.0003391, val_kl_loss-0.0000000
2025-03-05 11:22:46 - INFO - epoch-258, train_mse_loss-0.0003242, train_kl_loss-0.0000000, val_mse_loss-0.0003385, val_kl_loss-0.0000000
2025-03-05 11:26:58 - INFO - epoch-259, train_mse_loss-0.0003242, train_kl_loss-0.0000000, val_mse_loss-0.0003388, val_kl_loss-0.0000000
2025-03-05 11:31:09 - INFO - epoch-260, train_mse_loss-0.0003242, train_kl_loss-0.0000000, val_mse_loss-0.0003388, val_kl_loss-0.0000000
2025-03-05 11:35:21 - INFO - epoch-261, train_mse_loss-0.0003242, train_kl_loss-0.0000000, val_mse_loss-0.0003400, val_kl_loss-0.0000000
2025-03-05 11:39:32 - INFO - epoch-262, train_mse_loss-0.0003242, train_kl_loss-0.0000000, val_mse_loss-0.0003402, val_kl_loss-0.0000000
2025-03-05 11:43:44 - INFO - epoch-263, train_mse_loss-0.0003242, train_kl_loss-0.0000000, val_mse_loss-0.0003381, val_kl_loss-0.0000000
2025-03-05 11:47:55 - INFO - epoch-264, train_mse_loss-0.0003242, train_kl_loss-0.0000000, val_mse_loss-0.0003378, val_kl_loss-0.0000000
2025-03-05 11:52:07 - INFO - epoch-265, train_mse_loss-0.0003242, train_kl_loss-0.0000000, val_mse_loss-0.0003394, val_kl_loss-0.0000000
2025-03-05 11:56:19 - INFO - epoch-266, train_mse_loss-0.0003242, train_kl_loss-0.0000000, val_mse_loss-0.0003368, val_kl_loss-0.0000000
2025-03-05 12:00:31 - INFO - epoch-267, train_mse_loss-0.0003242, train_kl_loss-0.0000000, val_mse_loss-0.0003396, val_kl_loss-0.0000000
2025-03-05 12:04:42 - INFO - epoch-268, train_mse_loss-0.0003242, train_kl_loss-0.0000000, val_mse_loss-0.0003385, val_kl_loss-0.0000000
2025-03-05 12:08:54 - INFO - epoch-269, train_mse_loss-0.0003242, train_kl_loss-0.0000000, val_mse_loss-0.0003384, val_kl_loss-0.0000000
2025-03-05 12:13:05 - INFO - epoch-270, train_mse_loss-0.0003242, train_kl_loss-0.0000000, val_mse_loss-0.0003383, val_kl_loss-0.0000000
2025-03-05 12:17:20 - INFO - epoch-271, train_mse_loss-0.0003242, train_kl_loss-0.0000000, val_mse_loss-0.0003385, val_kl_loss-0.0000000
2025-03-05 12:21:33 - INFO - epoch-272, train_mse_loss-0.0003242, train_kl_loss-0.0000000, val_mse_loss-0.0003393, val_kl_loss-0.0000000
2025-03-05 12:25:45 - INFO - epoch-273, train_mse_loss-0.0003242, train_kl_loss-0.0000000, val_mse_loss-0.0003384, val_kl_loss-0.0000000
2025-03-05 12:29:57 - INFO - epoch-274, train_mse_loss-0.0003242, train_kl_loss-0.0000000, val_mse_loss-0.0003388, val_kl_loss-0.0000000
2025-03-05 12:34:08 - INFO - epoch-275, train_mse_loss-0.0003242, train_kl_loss-0.0000000, val_mse_loss-0.0003393, val_kl_loss-0.0000000
2025-03-05 12:38:20 - INFO - epoch-276, train_mse_loss-0.0003242, train_kl_loss-0.0000000, val_mse_loss-0.0003391, val_kl_loss-0.0000000
2025-03-05 12:42:32 - INFO - epoch-277, train_mse_loss-0.0003242, train_kl_loss-0.0000000, val_mse_loss-0.0003388, val_kl_loss-0.0000000
2025-03-05 12:46:43 - INFO - epoch-278, train_mse_loss-0.0003242, train_kl_loss-0.0000000, val_mse_loss-0.0003385, val_kl_loss-0.0000000
2025-03-05 12:50:54 - INFO - epoch-279, train_mse_loss-0.0003242, train_kl_loss-0.0000000, val_mse_loss-0.0003386, val_kl_loss-0.0000000
2025-03-05 12:55:06 - INFO - epoch-280, train_mse_loss-0.0003242, train_kl_loss-0.0000000, val_mse_loss-0.0003385, val_kl_loss-0.0000000
2025-03-05 12:59:17 - INFO - epoch-281, train_mse_loss-0.0003242, train_kl_loss-0.0000000, val_mse_loss-0.0003391, val_kl_loss-0.0000000
2025-03-05 13:03:29 - INFO - epoch-282, train_mse_loss-0.0003242, train_kl_loss-0.0000000, val_mse_loss-0.0003382, val_kl_loss-0.0000000
2025-03-05 13:07:41 - INFO - epoch-283, train_mse_loss-0.0003242, train_kl_loss-0.0000000, val_mse_loss-0.0003383, val_kl_loss-0.0000000
2025-03-05 13:11:52 - INFO - epoch-284, train_mse_loss-0.0003242, train_kl_loss-0.0000000, val_mse_loss-0.0003386, val_kl_loss-0.0000000
2025-03-05 13:16:05 - INFO - epoch-285, train_mse_loss-0.0003242, train_kl_loss-0.0000000, val_mse_loss-0.0003379, val_kl_loss-0.0000000
2025-03-05 13:20:17 - INFO - epoch-286, train_mse_loss-0.0003242, train_kl_loss-0.0000000, val_mse_loss-0.0003392, val_kl_loss-0.0000000
2025-03-05 13:24:33 - INFO - epoch-287, train_mse_loss-0.0003242, train_kl_loss-0.0000000, val_mse_loss-0.0003382, val_kl_loss-0.0000000
2025-03-05 13:28:45 - INFO - epoch-288, train_mse_loss-0.0003242, train_kl_loss-0.0000000, val_mse_loss-0.0003391, val_kl_loss-0.0000000
2025-03-05 13:32:57 - INFO - epoch-289, train_mse_loss-0.0003242, train_kl_loss-0.0000000, val_mse_loss-0.0003393, val_kl_loss-0.0000000
2025-03-05 13:37:09 - INFO - epoch-290, train_mse_loss-0.0003242, train_kl_loss-0.0000000, val_mse_loss-0.0003383, val_kl_loss-0.0000000
2025-03-05 13:41:22 - INFO - epoch-291, train_mse_loss-0.0003242, train_kl_loss-0.0000000, val_mse_loss-0.0003392, val_kl_loss-0.0000000
2025-03-05 13:45:38 - INFO - epoch-292, train_mse_loss-0.0003242, train_kl_loss-0.0000000, val_mse_loss-0.0003389, val_kl_loss-0.0000000
2025-03-05 13:50:00 - INFO - epoch-293, train_mse_loss-0.0003242, train_kl_loss-0.0000000, val_mse_loss-0.0003397, val_kl_loss-0.0000000
2025-03-05 13:54:13 - INFO - epoch-294, train_mse_loss-0.0003242, train_kl_loss-0.0000000, val_mse_loss-0.0003382, val_kl_loss-0.0000000
2025-03-05 13:58:26 - INFO - epoch-295, train_mse_loss-0.0003242, train_kl_loss-0.0000000, val_mse_loss-0.0003402, val_kl_loss-0.0000000
2025-03-05 14:02:38 - INFO - epoch-296, train_mse_loss-0.0003242, train_kl_loss-0.0000000, val_mse_loss-0.0003394, val_kl_loss-0.0000000
2025-03-05 14:06:51 - INFO - epoch-297, train_mse_loss-0.0003242, train_kl_loss-0.0000000, val_mse_loss-0.0003381, val_kl_loss-0.0000000
2025-03-05 14:11:08 - INFO - epoch-298, train_mse_loss-0.0003242, train_kl_loss-0.0000000, val_mse_loss-0.0003397, val_kl_loss-0.0000000
2025-03-05 14:18:10 - INFO - epoch-299, train_mse_loss-0.0003242, train_kl_loss-0.0000000, val_mse_loss-0.0003396, val_kl_loss-0.0000000
2025-03-05 14:22:46 - INFO - epoch-300, train_mse_loss-0.0003242, train_kl_loss-0.0000000, val_mse_loss-0.0003385, val_kl_loss-0.0000000
2025-03-05 14:27:24 - INFO - epoch-301, train_mse_loss-0.0003242, train_kl_loss-0.0000000, val_mse_loss-0.0003403, val_kl_loss-0.0000000
2025-03-05 14:32:56 - INFO - epoch-302, train_mse_loss-0.0003242, train_kl_loss-0.0000000, val_mse_loss-0.0003376, val_kl_loss-0.0000000
2025-03-05 14:38:23 - INFO - epoch-303, train_mse_loss-0.0003243, train_kl_loss-0.0000000, val_mse_loss-0.0003379, val_kl_loss-0.0000000
2025-03-05 14:44:53 - INFO - epoch-304, train_mse_loss-0.0003243, train_kl_loss-0.0000000, val_mse_loss-0.0003396, val_kl_loss-0.0000000
2025-03-05 14:49:51 - INFO - epoch-305, train_mse_loss-0.0003243, train_kl_loss-0.0000000, val_mse_loss-0.0003390, val_kl_loss-0.0000000
2025-03-05 14:54:15 - INFO - epoch-306, train_mse_loss-0.0003243, train_kl_loss-0.0000000, val_mse_loss-0.0003384, val_kl_loss-0.0000000
2025-03-05 14:58:30 - INFO - epoch-307, train_mse_loss-0.0003243, train_kl_loss-0.0000000, val_mse_loss-0.0003396, val_kl_loss-0.0000000
2025-03-05 15:02:54 - INFO - epoch-308, train_mse_loss-0.0003243, train_kl_loss-0.0000000, val_mse_loss-0.0003400, val_kl_loss-0.0000000
2025-03-05 15:07:28 - INFO - epoch-309, train_mse_loss-0.0003243, train_kl_loss-0.0000000, val_mse_loss-0.0003390, val_kl_loss-0.0000000
2025-03-05 15:12:09 - INFO - epoch-310, train_mse_loss-0.0003243, train_kl_loss-0.0000000, val_mse_loss-0.0003392, val_kl_loss-0.0000000
2025-03-05 15:16:45 - INFO - epoch-311, train_mse_loss-0.0003243, train_kl_loss-0.0000000, val_mse_loss-0.0003388, val_kl_loss-0.0000000
2025-03-05 15:20:58 - INFO - epoch-312, train_mse_loss-0.0003243, train_kl_loss-0.0000000, val_mse_loss-0.0003396, val_kl_loss-0.0000000
2025-03-05 15:25:12 - INFO - epoch-313, train_mse_loss-0.0003243, train_kl_loss-0.0000000, val_mse_loss-0.0003387, val_kl_loss-0.0000000
2025-03-05 15:29:26 - INFO - epoch-314, train_mse_loss-0.0003243, train_kl_loss-0.0000000, val_mse_loss-0.0003395, val_kl_loss-0.0000000
2025-03-05 15:33:41 - INFO - epoch-315, train_mse_loss-0.0003243, train_kl_loss-0.0000000, val_mse_loss-0.0003394, val_kl_loss-0.0000000
2025-03-05 15:38:08 - INFO - epoch-316, train_mse_loss-0.0003243, train_kl_loss-0.0000000, val_mse_loss-0.0003379, val_kl_loss-0.0000000
2025-03-05 15:42:46 - INFO - epoch-317, train_mse_loss-0.0003243, train_kl_loss-0.0000000, val_mse_loss-0.0003384, val_kl_loss-0.0000000
2025-03-05 15:47:00 - INFO - epoch-318, train_mse_loss-0.0003243, train_kl_loss-0.0000000, val_mse_loss-0.0003382, val_kl_loss-0.0000000
2025-03-05 15:51:15 - INFO - epoch-319, train_mse_loss-0.0003243, train_kl_loss-0.0000000, val_mse_loss-0.0003390, val_kl_loss-0.0000000
2025-03-05 15:55:30 - INFO - epoch-320, train_mse_loss-0.0003243, train_kl_loss-0.0000000, val_mse_loss-0.0003380, val_kl_loss-0.0000000
2025-03-05 15:59:44 - INFO - epoch-321, train_mse_loss-0.0003243, train_kl_loss-0.0000000, val_mse_loss-0.0003390, val_kl_loss-0.0000000
2025-03-05 16:03:58 - INFO - epoch-322, train_mse_loss-0.0003243, train_kl_loss-0.0000000, val_mse_loss-0.0003386, val_kl_loss-0.0000000
2025-03-05 16:08:12 - INFO - epoch-323, train_mse_loss-0.0003243, train_kl_loss-0.0000000, val_mse_loss-0.0003394, val_kl_loss-0.0000000
2025-03-05 16:12:25 - INFO - epoch-324, train_mse_loss-0.0003243, train_kl_loss-0.0000000, val_mse_loss-0.0003406, val_kl_loss-0.0000000
2025-03-05 16:16:37 - INFO - epoch-325, train_mse_loss-0.0003243, train_kl_loss-0.0000000, val_mse_loss-0.0003397, val_kl_loss-0.0000000
2025-03-05 16:20:52 - INFO - epoch-326, train_mse_loss-0.0003243, train_kl_loss-0.0000000, val_mse_loss-0.0003397, val_kl_loss-0.0000000
2025-03-05 16:25:05 - INFO - epoch-327, train_mse_loss-0.0003243, train_kl_loss-0.0000000, val_mse_loss-0.0003399, val_kl_loss-0.0000000
2025-03-05 16:29:22 - INFO - epoch-328, train_mse_loss-0.0003243, train_kl_loss-0.0000000, val_mse_loss-0.0003392, val_kl_loss-0.0000000
2025-03-05 16:33:40 - INFO - epoch-329, train_mse_loss-0.0003243, train_kl_loss-0.0000000, val_mse_loss-0.0003391, val_kl_loss-0.0000000
2025-03-05 16:37:56 - INFO - epoch-330, train_mse_loss-0.0003243, train_kl_loss-0.0000000, val_mse_loss-0.0003398, val_kl_loss-0.0000000
2025-03-05 16:42:09 - INFO - epoch-331, train_mse_loss-0.0003243, train_kl_loss-0.0000000, val_mse_loss-0.0003400, val_kl_loss-0.0000000
2025-03-05 16:46:25 - INFO - epoch-332, train_mse_loss-0.0003243, train_kl_loss-0.0000000, val_mse_loss-0.0003409, val_kl_loss-0.0000000
2025-03-05 16:50:39 - INFO - epoch-333, train_mse_loss-0.0003243, train_kl_loss-0.0000000, val_mse_loss-0.0003390, val_kl_loss-0.0000000
2025-03-05 16:54:53 - INFO - epoch-334, train_mse_loss-0.0003243, train_kl_loss-0.0000000, val_mse_loss-0.0003393, val_kl_loss-0.0000000
2025-03-05 16:59:12 - INFO - epoch-335, train_mse_loss-0.0003243, train_kl_loss-0.0000000, val_mse_loss-0.0003373, val_kl_loss-0.0000000
2025-03-05 17:03:34 - INFO - epoch-336, train_mse_loss-0.0003243, train_kl_loss-0.0000000, val_mse_loss-0.0003369, val_kl_loss-0.0000000
2025-03-05 17:07:48 - INFO - epoch-337, train_mse_loss-0.0003243, train_kl_loss-0.0000000, val_mse_loss-0.0003386, val_kl_loss-0.0000000
2025-03-05 17:12:04 - INFO - epoch-338, train_mse_loss-0.0003243, train_kl_loss-0.0000000, val_mse_loss-0.0003392, val_kl_loss-0.0000000
2025-03-05 17:16:18 - INFO - epoch-339, train_mse_loss-0.0003243, train_kl_loss-0.0000000, val_mse_loss-0.0003399, val_kl_loss-0.0000000
2025-03-05 17:20:33 - INFO - epoch-340, train_mse_loss-0.0003243, train_kl_loss-0.0000000, val_mse_loss-0.0003376, val_kl_loss-0.0000000
2025-03-05 17:24:46 - INFO - epoch-341, train_mse_loss-0.0003243, train_kl_loss-0.0000000, val_mse_loss-0.0003391, val_kl_loss-0.0000000
2025-03-05 17:28:58 - INFO - epoch-342, train_mse_loss-0.0003243, train_kl_loss-0.0000000, val_mse_loss-0.0003381, val_kl_loss-0.0000000
2025-03-05 17:33:38 - INFO - epoch-343, train_mse_loss-0.0003243, train_kl_loss-0.0000000, val_mse_loss-0.0003381, val_kl_loss-0.0000000
2025-03-05 17:37:58 - INFO - epoch-344, train_mse_loss-0.0003243, train_kl_loss-0.0000000, val_mse_loss-0.0003386, val_kl_loss-0.0000000
2025-03-05 17:42:17 - INFO - epoch-345, train_mse_loss-0.0003243, train_kl_loss-0.0000000, val_mse_loss-0.0003391, val_kl_loss-0.0000000
2025-03-05 17:46:34 - INFO - epoch-346, train_mse_loss-0.0003243, train_kl_loss-0.0000000, val_mse_loss-0.0003385, val_kl_loss-0.0000000
2025-03-05 17:50:49 - INFO - epoch-347, train_mse_loss-0.0003243, train_kl_loss-0.0000000, val_mse_loss-0.0003375, val_kl_loss-0.0000000
2025-03-05 17:55:05 - INFO - epoch-348, train_mse_loss-0.0003243, train_kl_loss-0.0000000, val_mse_loss-0.0003371, val_kl_loss-0.0000000
2025-03-05 17:59:18 - INFO - epoch-349, train_mse_loss-0.0003243, train_kl_loss-0.0000000, val_mse_loss-0.0003396, val_kl_loss-0.0000000
2025-03-05 18:03:32 - INFO - epoch-350, train_mse_loss-0.0003243, train_kl_loss-0.0000000, val_mse_loss-0.0003393, val_kl_loss-0.0000000
2025-03-05 18:07:45 - INFO - epoch-351, train_mse_loss-0.0003243, train_kl_loss-0.0000000, val_mse_loss-0.0003393, val_kl_loss-0.0000000
2025-03-05 18:12:03 - INFO - epoch-352, train_mse_loss-0.0003243, train_kl_loss-0.0000000, val_mse_loss-0.0003381, val_kl_loss-0.0000000
2025-03-05 18:16:20 - INFO - epoch-353, train_mse_loss-0.0003243, train_kl_loss-0.0000000, val_mse_loss-0.0003411, val_kl_loss-0.0000000
2025-03-05 18:20:35 - INFO - epoch-354, train_mse_loss-0.0003243, train_kl_loss-0.0000000, val_mse_loss-0.0003403, val_kl_loss-0.0000000
2025-03-05 18:24:50 - INFO - epoch-355, train_mse_loss-0.0003243, train_kl_loss-0.0000000, val_mse_loss-0.0003399, val_kl_loss-0.0000000
2025-03-05 18:29:04 - INFO - epoch-356, train_mse_loss-0.0003243, train_kl_loss-0.0000000, val_mse_loss-0.0003387, val_kl_loss-0.0000000
2025-03-05 18:33:17 - INFO - epoch-357, train_mse_loss-0.0003243, train_kl_loss-0.0000000, val_mse_loss-0.0003388, val_kl_loss-0.0000000
2025-03-05 18:37:29 - INFO - epoch-358, train_mse_loss-0.0003243, train_kl_loss-0.0000000, val_mse_loss-0.0003388, val_kl_loss-0.0000000
2025-03-05 18:41:43 - INFO - epoch-359, train_mse_loss-0.0003243, train_kl_loss-0.0000000, val_mse_loss-0.0003402, val_kl_loss-0.0000000
2025-03-05 18:45:58 - INFO - epoch-360, train_mse_loss-0.0003243, train_kl_loss-0.0000000, val_mse_loss-0.0003389, val_kl_loss-0.0000000
2025-03-05 18:50:10 - INFO - epoch-361, train_mse_loss-0.0003243, train_kl_loss-0.0000000, val_mse_loss-0.0003383, val_kl_loss-0.0000000
2025-03-05 18:54:25 - INFO - epoch-362, train_mse_loss-0.0003243, train_kl_loss-0.0000000, val_mse_loss-0.0003385, val_kl_loss-0.0000000
2025-03-05 18:58:39 - INFO - epoch-363, train_mse_loss-0.0003243, train_kl_loss-0.0000000, val_mse_loss-0.0003398, val_kl_loss-0.0000000
2025-03-05 19:02:55 - INFO - epoch-364, train_mse_loss-0.0003243, train_kl_loss-0.0000000, val_mse_loss-0.0003384, val_kl_loss-0.0000000
2025-03-05 19:07:08 - INFO - epoch-365, train_mse_loss-0.0003243, train_kl_loss-0.0000000, val_mse_loss-0.0003389, val_kl_loss-0.0000000
2025-03-05 19:11:21 - INFO - epoch-366, train_mse_loss-0.0003243, train_kl_loss-0.0000000, val_mse_loss-0.0003393, val_kl_loss-0.0000000
2025-03-05 19:15:37 - INFO - epoch-367, train_mse_loss-0.0003243, train_kl_loss-0.0000000, val_mse_loss-0.0003381, val_kl_loss-0.0000000
2025-03-05 19:19:50 - INFO - epoch-368, train_mse_loss-0.0003243, train_kl_loss-0.0000000, val_mse_loss-0.0003396, val_kl_loss-0.0000000
2025-03-05 19:24:03 - INFO - epoch-369, train_mse_loss-0.0003243, train_kl_loss-0.0000000, val_mse_loss-0.0003387, val_kl_loss-0.0000000
2025-03-05 19:28:18 - INFO - epoch-370, train_mse_loss-0.0003243, train_kl_loss-0.0000000, val_mse_loss-0.0003402, val_kl_loss-0.0000000
2025-03-05 19:32:32 - INFO - epoch-371, train_mse_loss-0.0003243, train_kl_loss-0.0000000, val_mse_loss-0.0003383, val_kl_loss-0.0000000
2025-03-05 19:36:47 - INFO - epoch-372, train_mse_loss-0.0003243, train_kl_loss-0.0000000, val_mse_loss-0.0003395, val_kl_loss-0.0000000
2025-03-05 19:41:00 - INFO - epoch-373, train_mse_loss-0.0003243, train_kl_loss-0.0000000, val_mse_loss-0.0003374, val_kl_loss-0.0000000
2025-03-05 19:45:13 - INFO - epoch-374, train_mse_loss-0.0003243, train_kl_loss-0.0000000, val_mse_loss-0.0003400, val_kl_loss-0.0000000
2025-03-05 19:49:30 - INFO - epoch-375, train_mse_loss-0.0003243, train_kl_loss-0.0000000, val_mse_loss-0.0003375, val_kl_loss-0.0000000
2025-03-05 19:53:46 - INFO - epoch-376, train_mse_loss-0.0003243, train_kl_loss-0.0000000, val_mse_loss-0.0003386, val_kl_loss-0.0000000
2025-03-05 19:58:01 - INFO - epoch-377, train_mse_loss-0.0003243, train_kl_loss-0.0000000, val_mse_loss-0.0003385, val_kl_loss-0.0000000
2025-03-05 20:02:15 - INFO - epoch-378, train_mse_loss-0.0003243, train_kl_loss-0.0000000, val_mse_loss-0.0003386, val_kl_loss-0.0000000
2025-03-05 20:06:29 - INFO - epoch-379, train_mse_loss-0.0003243, train_kl_loss-0.0000000, val_mse_loss-0.0003383, val_kl_loss-0.0000000
2025-03-05 20:10:48 - INFO - epoch-380, train_mse_loss-0.0003243, train_kl_loss-0.0000000, val_mse_loss-0.0003391, val_kl_loss-0.0000000
2025-03-05 20:15:01 - INFO - epoch-381, train_mse_loss-0.0003243, train_kl_loss-0.0000000, val_mse_loss-0.0003398, val_kl_loss-0.0000000
2025-03-05 20:19:15 - INFO - epoch-382, train_mse_loss-0.0003243, train_kl_loss-0.0000000, val_mse_loss-0.0003389, val_kl_loss-0.0000000
2025-03-05 20:23:30 - INFO - epoch-383, train_mse_loss-0.0003243, train_kl_loss-0.0000000, val_mse_loss-0.0003373, val_kl_loss-0.0000000
2025-03-05 20:27:46 - INFO - epoch-384, train_mse_loss-0.0003243, train_kl_loss-0.0000000, val_mse_loss-0.0003383, val_kl_loss-0.0000000
2025-03-05 20:32:03 - INFO - epoch-385, train_mse_loss-0.0003243, train_kl_loss-0.0000000, val_mse_loss-0.0003403, val_kl_loss-0.0000000
2025-03-05 20:36:16 - INFO - epoch-386, train_mse_loss-0.0003243, train_kl_loss-0.0000000, val_mse_loss-0.0003391, val_kl_loss-0.0000000
2025-03-05 20:40:31 - INFO - epoch-387, train_mse_loss-0.0003243, train_kl_loss-0.0000000, val_mse_loss-0.0003394, val_kl_loss-0.0000000
2025-03-05 20:44:45 - INFO - epoch-388, train_mse_loss-0.0003243, train_kl_loss-0.0000000, val_mse_loss-0.0003386, val_kl_loss-0.0000000
2025-03-05 20:48:59 - INFO - epoch-389, train_mse_loss-0.0003243, train_kl_loss-0.0000000, val_mse_loss-0.0003388, val_kl_loss-0.0000000
2025-03-05 20:53:14 - INFO - epoch-390, train_mse_loss-0.0003243, train_kl_loss-0.0000000, val_mse_loss-0.0003371, val_kl_loss-0.0000000
2025-03-05 20:57:27 - INFO - epoch-391, train_mse_loss-0.0003243, train_kl_loss-0.0000000, val_mse_loss-0.0003377, val_kl_loss-0.0000000
2025-03-05 21:01:41 - INFO - epoch-392, train_mse_loss-0.0003243, train_kl_loss-0.0000000, val_mse_loss-0.0003406, val_kl_loss-0.0000000
2025-03-05 21:05:55 - INFO - epoch-393, train_mse_loss-0.0003243, train_kl_loss-0.0000000, val_mse_loss-0.0003388, val_kl_loss-0.0000000
2025-03-05 21:10:10 - INFO - epoch-394, train_mse_loss-0.0003243, train_kl_loss-0.0000000, val_mse_loss-0.0003389, val_kl_loss-0.0000000
2025-03-05 21:14:23 - INFO - epoch-395, train_mse_loss-0.0003243, train_kl_loss-0.0000000, val_mse_loss-0.0003381, val_kl_loss-0.0000000
2025-03-05 21:18:41 - INFO - epoch-396, train_mse_loss-0.0003243, train_kl_loss-0.0000000, val_mse_loss-0.0003382, val_kl_loss-0.0000000
2025-03-05 21:22:55 - INFO - epoch-397, train_mse_loss-0.0003243, train_kl_loss-0.0000000, val_mse_loss-0.0003388, val_kl_loss-0.0000000
2025-03-05 21:27:09 - INFO - epoch-398, train_mse_loss-0.0003243, train_kl_loss-0.0000000, val_mse_loss-0.0003392, val_kl_loss-0.0000000
2025-03-05 21:31:22 - INFO - epoch-399, train_mse_loss-0.0003243, train_kl_loss-0.0000000, val_mse_loss-0.0003403, val_kl_loss-0.0000000
2025-03-05 21:35:35 - INFO - epoch-400, train_mse_loss-0.0003243, train_kl_loss-0.0000000, val_mse_loss-0.0003377, val_kl_loss-0.0000000
2025-03-05 21:39:49 - INFO - epoch-401, train_mse_loss-0.0003243, train_kl_loss-0.0000000, val_mse_loss-0.0003389, val_kl_loss-0.0000000
2025-03-05 21:44:02 - INFO - epoch-402, train_mse_loss-0.0003243, train_kl_loss-0.0000000, val_mse_loss-0.0003395, val_kl_loss-0.0000000
2025-03-05 21:48:16 - INFO - epoch-403, train_mse_loss-0.0003243, train_kl_loss-0.0000000, val_mse_loss-0.0003381, val_kl_loss-0.0000000
2025-03-05 21:52:37 - INFO - epoch-404, train_mse_loss-0.0003243, train_kl_loss-0.0000000, val_mse_loss-0.0003382, val_kl_loss-0.0000000
2025-03-05 21:57:11 - INFO - epoch-405, train_mse_loss-0.0003243, train_kl_loss-0.0000000, val_mse_loss-0.0003386, val_kl_loss-0.0000000
2025-03-05 22:01:37 - INFO - epoch-406, train_mse_loss-0.0003243, train_kl_loss-0.0000000, val_mse_loss-0.0003385, val_kl_loss-0.0000000
2025-03-05 22:06:03 - INFO - epoch-407, train_mse_loss-0.0003243, train_kl_loss-0.0000000, val_mse_loss-0.0003386, val_kl_loss-0.0000000
2025-03-05 22:10:27 - INFO - epoch-408, train_mse_loss-0.0003243, train_kl_loss-0.0000000, val_mse_loss-0.0003380, val_kl_loss-0.0000000
2025-03-05 22:14:50 - INFO - epoch-409, train_mse_loss-0.0003243, train_kl_loss-0.0000000, val_mse_loss-0.0003389, val_kl_loss-0.0000000
2025-03-05 22:19:14 - INFO - epoch-410, train_mse_loss-0.0003243, train_kl_loss-0.0000000, val_mse_loss-0.0003403, val_kl_loss-0.0000000
2025-03-05 22:23:40 - INFO - epoch-411, train_mse_loss-0.0003243, train_kl_loss-0.0000000, val_mse_loss-0.0003379, val_kl_loss-0.0000000
2025-03-05 22:28:09 - INFO - epoch-412, train_mse_loss-0.0003243, train_kl_loss-0.0000000, val_mse_loss-0.0003385, val_kl_loss-0.0000000
2025-03-05 22:32:30 - INFO - epoch-413, train_mse_loss-0.0003243, train_kl_loss-0.0000000, val_mse_loss-0.0003390, val_kl_loss-0.0000000
2025-03-05 22:36:53 - INFO - epoch-414, train_mse_loss-0.0003243, train_kl_loss-0.0000000, val_mse_loss-0.0003399, val_kl_loss-0.0000000
2025-03-05 22:41:19 - INFO - epoch-415, train_mse_loss-0.0003243, train_kl_loss-0.0000000, val_mse_loss-0.0003386, val_kl_loss-0.0000000
2025-03-05 22:45:44 - INFO - epoch-416, train_mse_loss-0.0003243, train_kl_loss-0.0000000, val_mse_loss-0.0003370, val_kl_loss-0.0000000
2025-03-05 22:50:08 - INFO - epoch-417, train_mse_loss-0.0003243, train_kl_loss-0.0000000, val_mse_loss-0.0003387, val_kl_loss-0.0000000
2025-03-05 22:54:37 - INFO - epoch-418, train_mse_loss-0.0003243, train_kl_loss-0.0000000, val_mse_loss-0.0003374, val_kl_loss-0.0000000
2025-03-05 22:58:57 - INFO - epoch-419, train_mse_loss-0.0003243, train_kl_loss-0.0000000, val_mse_loss-0.0003376, val_kl_loss-0.0000000
2025-03-05 23:03:26 - INFO - epoch-420, train_mse_loss-0.0003243, train_kl_loss-0.0000000, val_mse_loss-0.0003388, val_kl_loss-0.0000000
2025-03-05 23:07:50 - INFO - epoch-421, train_mse_loss-0.0003243, train_kl_loss-0.0000000, val_mse_loss-0.0003378, val_kl_loss-0.0000000
2025-03-05 23:12:13 - INFO - epoch-422, train_mse_loss-0.0003243, train_kl_loss-0.0000000, val_mse_loss-0.0003401, val_kl_loss-0.0000000
2025-03-05 23:16:38 - INFO - epoch-423, train_mse_loss-0.0003243, train_kl_loss-0.0000000, val_mse_loss-0.0003380, val_kl_loss-0.0000000
2025-03-05 23:20:51 - INFO - epoch-424, train_mse_loss-0.0003243, train_kl_loss-0.0000000, val_mse_loss-0.0003380, val_kl_loss-0.0000000
2025-03-05 23:25:04 - INFO - epoch-425, train_mse_loss-0.0003243, train_kl_loss-0.0000000, val_mse_loss-0.0003379, val_kl_loss-0.0000000
2025-03-05 23:29:16 - INFO - epoch-426, train_mse_loss-0.0003243, train_kl_loss-0.0000000, val_mse_loss-0.0003383, val_kl_loss-0.0000000
2025-03-05 23:33:32 - INFO - epoch-427, train_mse_loss-0.0003243, train_kl_loss-0.0000000, val_mse_loss-0.0003389, val_kl_loss-0.0000000
2025-03-05 23:37:45 - INFO - epoch-428, train_mse_loss-0.0003243, train_kl_loss-0.0000000, val_mse_loss-0.0003380, val_kl_loss-0.0000000
2025-03-05 23:41:57 - INFO - epoch-429, train_mse_loss-0.0003243, train_kl_loss-0.0000000, val_mse_loss-0.0003386, val_kl_loss-0.0000000
2025-03-05 23:46:10 - INFO - epoch-430, train_mse_loss-0.0003243, train_kl_loss-0.0000000, val_mse_loss-0.0003382, val_kl_loss-0.0000000
2025-03-05 23:50:23 - INFO - epoch-431, train_mse_loss-0.0003243, train_kl_loss-0.0000000, val_mse_loss-0.0003388, val_kl_loss-0.0000000
2025-03-05 23:54:38 - INFO - epoch-432, train_mse_loss-0.0003243, train_kl_loss-0.0000000, val_mse_loss-0.0003385, val_kl_loss-0.0000000
2025-03-05 23:58:52 - INFO - epoch-433, train_mse_loss-0.0003243, train_kl_loss-0.0000000, val_mse_loss-0.0003377, val_kl_loss-0.0000000
2025-03-06 00:03:06 - INFO - epoch-434, train_mse_loss-0.0003243, train_kl_loss-0.0000000, val_mse_loss-0.0003376, val_kl_loss-0.0000000
2025-03-06 00:07:20 - INFO - epoch-435, train_mse_loss-0.0003243, train_kl_loss-0.0000000, val_mse_loss-0.0003408, val_kl_loss-0.0000000
2025-03-06 00:11:34 - INFO - epoch-436, train_mse_loss-0.0003243, train_kl_loss-0.0000000, val_mse_loss-0.0003385, val_kl_loss-0.0000000
2025-03-06 00:15:48 - INFO - epoch-437, train_mse_loss-0.0003243, train_kl_loss-0.0000000, val_mse_loss-0.0003389, val_kl_loss-0.0000000
2025-03-06 00:20:02 - INFO - epoch-438, train_mse_loss-0.0003243, train_kl_loss-0.0000000, val_mse_loss-0.0003367, val_kl_loss-0.0000000
2025-03-06 00:24:16 - INFO - epoch-439, train_mse_loss-0.0003243, train_kl_loss-0.0000000, val_mse_loss-0.0003391, val_kl_loss-0.0000000
2025-03-06 00:28:31 - INFO - epoch-440, train_mse_loss-0.0003243, train_kl_loss-0.0000000, val_mse_loss-0.0003384, val_kl_loss-0.0000000
2025-03-06 00:32:44 - INFO - epoch-441, train_mse_loss-0.0003243, train_kl_loss-0.0000000, val_mse_loss-0.0003380, val_kl_loss-0.0000000
2025-03-06 00:36:59 - INFO - epoch-442, train_mse_loss-0.0003243, train_kl_loss-0.0000000, val_mse_loss-0.0003376, val_kl_loss-0.0000000
2025-03-06 00:41:17 - INFO - epoch-443, train_mse_loss-0.0003243, train_kl_loss-0.0000000, val_mse_loss-0.0003389, val_kl_loss-0.0000000
2025-03-06 00:45:32 - INFO - epoch-444, train_mse_loss-0.0003243, train_kl_loss-0.0000000, val_mse_loss-0.0003371, val_kl_loss-0.0000000
2025-03-06 00:49:45 - INFO - epoch-445, train_mse_loss-0.0003243, train_kl_loss-0.0000000, val_mse_loss-0.0003377, val_kl_loss-0.0000000
2025-03-06 00:53:59 - INFO - epoch-446, train_mse_loss-0.0003243, train_kl_loss-0.0000000, val_mse_loss-0.0003378, val_kl_loss-0.0000000
2025-03-06 00:58:13 - INFO - epoch-447, train_mse_loss-0.0003243, train_kl_loss-0.0000000, val_mse_loss-0.0003375, val_kl_loss-0.0000000
2025-03-06 01:02:27 - INFO - epoch-448, train_mse_loss-0.0003243, train_kl_loss-0.0000000, val_mse_loss-0.0003380, val_kl_loss-0.0000000
2025-03-06 01:06:41 - INFO - epoch-449, train_mse_loss-0.0003243, train_kl_loss-0.0000000, val_mse_loss-0.0003376, val_kl_loss-0.0000000
2025-03-06 01:10:56 - INFO - epoch-450, train_mse_loss-0.0003243, train_kl_loss-0.0000000, val_mse_loss-0.0003395, val_kl_loss-0.0000000
2025-03-06 01:15:10 - INFO - epoch-451, train_mse_loss-0.0003243, train_kl_loss-0.0000000, val_mse_loss-0.0003384, val_kl_loss-0.0000000
2025-03-06 01:19:23 - INFO - epoch-452, train_mse_loss-0.0003243, train_kl_loss-0.0000000, val_mse_loss-0.0003374, val_kl_loss-0.0000000
2025-03-06 01:23:38 - INFO - epoch-453, train_mse_loss-0.0003243, train_kl_loss-0.0000000, val_mse_loss-0.0003387, val_kl_loss-0.0000000
2025-03-06 01:27:52 - INFO - epoch-454, train_mse_loss-0.0003243, train_kl_loss-0.0000000, val_mse_loss-0.0003393, val_kl_loss-0.0000000
2025-03-06 01:32:06 - INFO - epoch-455, train_mse_loss-0.0003243, train_kl_loss-0.0000000, val_mse_loss-0.0003377, val_kl_loss-0.0000000
2025-03-06 01:36:20 - INFO - epoch-456, train_mse_loss-0.0003243, train_kl_loss-0.0000000, val_mse_loss-0.0003392, val_kl_loss-0.0000000
2025-03-06 01:40:34 - INFO - epoch-457, train_mse_loss-0.0003243, train_kl_loss-0.0000000, val_mse_loss-0.0003386, val_kl_loss-0.0000000
2025-03-06 01:44:49 - INFO - epoch-458, train_mse_loss-0.0003243, train_kl_loss-0.0000000, val_mse_loss-0.0003381, val_kl_loss-0.0000000
2025-03-06 01:49:05 - INFO - epoch-459, train_mse_loss-0.0003243, train_kl_loss-0.0000000, val_mse_loss-0.0003379, val_kl_loss-0.0000000
2025-03-06 01:53:20 - INFO - epoch-460, train_mse_loss-0.0003243, train_kl_loss-0.0000000, val_mse_loss-0.0003385, val_kl_loss-0.0000000
2025-03-06 01:57:35 - INFO - epoch-461, train_mse_loss-0.0003243, train_kl_loss-0.0000000, val_mse_loss-0.0003365, val_kl_loss-0.0000000
2025-03-06 02:01:51 - INFO - epoch-462, train_mse_loss-0.0003243, train_kl_loss-0.0000000, val_mse_loss-0.0003390, val_kl_loss-0.0000000
2025-03-06 02:06:07 - INFO - epoch-463, train_mse_loss-0.0003243, train_kl_loss-0.0000000, val_mse_loss-0.0003386, val_kl_loss-0.0000000
2025-03-06 02:10:22 - INFO - epoch-464, train_mse_loss-0.0003243, train_kl_loss-0.0000000, val_mse_loss-0.0003385, val_kl_loss-0.0000000
2025-03-06 02:14:37 - INFO - epoch-465, train_mse_loss-0.0003243, train_kl_loss-0.0000000, val_mse_loss-0.0003388, val_kl_loss-0.0000000
2025-03-06 02:18:52 - INFO - epoch-466, train_mse_loss-0.0003243, train_kl_loss-0.0000000, val_mse_loss-0.0003380, val_kl_loss-0.0000000
2025-03-06 02:23:07 - INFO - epoch-467, train_mse_loss-0.0003243, train_kl_loss-0.0000000, val_mse_loss-0.0003391, val_kl_loss-0.0000000
2025-03-06 02:27:21 - INFO - epoch-468, train_mse_loss-0.0003243, train_kl_loss-0.0000000, val_mse_loss-0.0003392, val_kl_loss-0.0000000
2025-03-06 02:31:35 - INFO - epoch-469, train_mse_loss-0.0003243, train_kl_loss-0.0000000, val_mse_loss-0.0003376, val_kl_loss-0.0000000
2025-03-06 02:35:49 - INFO - epoch-470, train_mse_loss-0.0003243, train_kl_loss-0.0000000, val_mse_loss-0.0003389, val_kl_loss-0.0000000
2025-03-06 02:40:05 - INFO - epoch-471, train_mse_loss-0.0003243, train_kl_loss-0.0000000, val_mse_loss-0.0003384, val_kl_loss-0.0000000
2025-03-06 02:44:20 - INFO - epoch-472, train_mse_loss-0.0003243, train_kl_loss-0.0000000, val_mse_loss-0.0003375, val_kl_loss-0.0000000
2025-03-06 02:48:34 - INFO - epoch-473, train_mse_loss-0.0003243, train_kl_loss-0.0000000, val_mse_loss-0.0003385, val_kl_loss-0.0000000
2025-03-06 02:52:49 - INFO - epoch-474, train_mse_loss-0.0003243, train_kl_loss-0.0000000, val_mse_loss-0.0003378, val_kl_loss-0.0000000
2025-03-06 02:57:08 - INFO - epoch-475, train_mse_loss-0.0003243, train_kl_loss-0.0000000, val_mse_loss-0.0003373, val_kl_loss-0.0000000
2025-03-06 03:01:24 - INFO - epoch-476, train_mse_loss-0.0003243, train_kl_loss-0.0000000, val_mse_loss-0.0003376, val_kl_loss-0.0000000
2025-03-06 03:05:38 - INFO - epoch-477, train_mse_loss-0.0003243, train_kl_loss-0.0000000, val_mse_loss-0.0003382, val_kl_loss-0.0000000
2025-03-06 03:09:54 - INFO - epoch-478, train_mse_loss-0.0003243, train_kl_loss-0.0000000, val_mse_loss-0.0003372, val_kl_loss-0.0000000
2025-03-06 03:14:10 - INFO - epoch-479, train_mse_loss-0.0003243, train_kl_loss-0.0000000, val_mse_loss-0.0003370, val_kl_loss-0.0000000
2025-03-06 03:18:25 - INFO - epoch-480, train_mse_loss-0.0003243, train_kl_loss-0.0000000, val_mse_loss-0.0003377, val_kl_loss-0.0000000
2025-03-06 03:22:41 - INFO - epoch-481, train_mse_loss-0.0003243, train_kl_loss-0.0000000, val_mse_loss-0.0003377, val_kl_loss-0.0000000
2025-03-06 03:26:57 - INFO - epoch-482, train_mse_loss-0.0003243, train_kl_loss-0.0000000, val_mse_loss-0.0003365, val_kl_loss-0.0000000
2025-03-06 03:31:14 - INFO - epoch-483, train_mse_loss-0.0003243, train_kl_loss-0.0000000, val_mse_loss-0.0003395, val_kl_loss-0.0000000
2025-03-06 03:35:29 - INFO - epoch-484, train_mse_loss-0.0003243, train_kl_loss-0.0000000, val_mse_loss-0.0003383, val_kl_loss-0.0000000
2025-03-06 03:39:44 - INFO - epoch-485, train_mse_loss-0.0003243, train_kl_loss-0.0000000, val_mse_loss-0.0003366, val_kl_loss-0.0000000
2025-03-06 03:43:59 - INFO - epoch-486, train_mse_loss-0.0003243, train_kl_loss-0.0000000, val_mse_loss-0.0003385, val_kl_loss-0.0000000
2025-03-06 03:48:15 - INFO - epoch-487, train_mse_loss-0.0003243, train_kl_loss-0.0000000, val_mse_loss-0.0003379, val_kl_loss-0.0000000
2025-03-06 03:52:31 - INFO - epoch-488, train_mse_loss-0.0003243, train_kl_loss-0.0000000, val_mse_loss-0.0003384, val_kl_loss-0.0000000
2025-03-06 03:56:47 - INFO - epoch-489, train_mse_loss-0.0003243, train_kl_loss-0.0000000, val_mse_loss-0.0003378, val_kl_loss-0.0000000
2025-03-06 04:01:02 - INFO - epoch-490, train_mse_loss-0.0003243, train_kl_loss-0.0000000, val_mse_loss-0.0003370, val_kl_loss-0.0000000
2025-03-06 04:05:19 - INFO - epoch-491, train_mse_loss-0.0003243, train_kl_loss-0.0000000, val_mse_loss-0.0003381, val_kl_loss-0.0000000
2025-03-06 04:09:34 - INFO - epoch-492, train_mse_loss-0.0003243, train_kl_loss-0.0000000, val_mse_loss-0.0003376, val_kl_loss-0.0000000
2025-03-06 04:13:50 - INFO - epoch-493, train_mse_loss-0.0003243, train_kl_loss-0.0000000, val_mse_loss-0.0003372, val_kl_loss-0.0000000
2025-03-06 04:18:04 - INFO - epoch-494, train_mse_loss-0.0003243, train_kl_loss-0.0000000, val_mse_loss-0.0003388, val_kl_loss-0.0000000
2025-03-06 04:22:19 - INFO - epoch-495, train_mse_loss-0.0003243, train_kl_loss-0.0000000, val_mse_loss-0.0003378, val_kl_loss-0.0000000
2025-03-06 04:26:35 - INFO - epoch-496, train_mse_loss-0.0003243, train_kl_loss-0.0000000, val_mse_loss-0.0003371, val_kl_loss-0.0000000
2025-03-06 04:30:50 - INFO - epoch-497, train_mse_loss-0.0003243, train_kl_loss-0.0000000, val_mse_loss-0.0003374, val_kl_loss-0.0000000
2025-03-06 04:35:05 - INFO - epoch-498, train_mse_loss-0.0003243, train_kl_loss-0.0000000, val_mse_loss-0.0003378, val_kl_loss-0.0000000
2025-03-06 04:39:22 - INFO - epoch-499, train_mse_loss-0.0003243, train_kl_loss-0.0000000, val_mse_loss-0.0003366, val_kl_loss-0.0000000
