2024-12-21 15:27:56 - INFO - /mnt/cephfs/projects/2023110101_Ligand_fitting_to_EM_maps/My_Code/CryoLigate_Github/CryoLigate/GIGN/GIGN_EM/For_Elisei_Nov_2024/CryoLigate_GIGN_Unet/train_example.py
2024-12-21 15:27:56 - INFO - train data: 6810
2024-12-21 15:27:56 - INFO - valid data: 756
2024-12-21 15:28:11 - INFO - Initial_train_loss-0.0009263  Initial_val_loss-0.0009307
2024-12-21 15:28:44 - INFO - epoch-0, train_loss-0.0080924, val_loss-0.0046220
2024-12-21 15:29:17 - INFO - epoch-1, train_loss-0.0007078, val_loss-0.0045783
2024-12-21 15:29:50 - INFO - epoch-2, train_loss-0.0006854, val_loss-0.0047202
2024-12-21 15:30:22 - INFO - epoch-3, train_loss-0.0006758, val_loss-0.0049002
2024-12-21 15:30:55 - INFO - epoch-4, train_loss-0.0006703, val_loss-0.0050870
2024-12-21 15:31:27 - INFO - epoch-5, train_loss-0.0006668, val_loss-0.0052749
2024-12-21 15:32:00 - INFO - epoch-6, train_loss-0.0006642, val_loss-0.0054753
2024-12-21 15:32:32 - INFO - epoch-7, train_loss-0.0006620, val_loss-0.0057019
2024-12-21 15:33:05 - INFO - epoch-8, train_loss-0.0006601, val_loss-0.0058786
2024-12-21 15:33:37 - INFO - epoch-9, train_loss-0.0006587, val_loss-0.0060315
2024-12-21 15:34:10 - INFO - epoch-10, train_loss-0.0006576, val_loss-0.0061501
2024-12-21 15:34:42 - INFO - epoch-11, train_loss-0.0006567, val_loss-0.0062476
2024-12-21 15:35:16 - INFO - epoch-12, train_loss-0.0006559, val_loss-0.0063507
2024-12-21 15:35:48 - INFO - epoch-13, train_loss-0.0006553, val_loss-0.0064354
2024-12-21 15:36:21 - INFO - epoch-14, train_loss-0.0006548, val_loss-0.0065152
2024-12-21 15:36:53 - INFO - epoch-15, train_loss-0.0006543, val_loss-0.0065921
2024-12-21 15:37:26 - INFO - epoch-16, train_loss-0.0006539, val_loss-0.0066745
2024-12-21 15:37:58 - INFO - epoch-17, train_loss-0.0006535, val_loss-0.0067478
2024-12-21 15:38:31 - INFO - epoch-18, train_loss-0.0006532, val_loss-0.0068009
2024-12-21 15:39:03 - INFO - epoch-19, train_loss-0.0006528, val_loss-0.0068632
2024-12-21 15:39:36 - INFO - epoch-20, train_loss-0.0006525, val_loss-0.0069166
2024-12-21 15:40:08 - INFO - epoch-21, train_loss-0.0006523, val_loss-0.0069575
2024-12-21 15:40:41 - INFO - epoch-22, train_loss-0.0006521, val_loss-0.0069989
2024-12-21 15:41:13 - INFO - epoch-23, train_loss-0.0006518, val_loss-0.0070270
2024-12-21 15:41:47 - INFO - epoch-24, train_loss-0.0006517, val_loss-0.0070756
2024-12-21 15:42:20 - INFO - epoch-25, train_loss-0.0006514, val_loss-0.0070993
2024-12-21 15:42:53 - INFO - epoch-26, train_loss-0.0006512, val_loss-0.0070903
2024-12-21 15:43:26 - INFO - epoch-27, train_loss-0.0006509, val_loss-0.0070547
2024-12-21 15:43:59 - INFO - epoch-28, train_loss-0.0006507, val_loss-0.0070516
2024-12-21 15:44:32 - INFO - epoch-29, train_loss-0.0006505, val_loss-0.0070324
2024-12-21 15:45:04 - INFO - epoch-30, train_loss-0.0006501, val_loss-0.0070479
2024-12-21 15:45:37 - INFO - epoch-31, train_loss-0.0006499, val_loss-0.0070758
2024-12-21 15:46:09 - INFO - epoch-32, train_loss-0.0006498, val_loss-0.0070561
2024-12-21 15:46:42 - INFO - epoch-33, train_loss-0.0006496, val_loss-0.0069900
2024-12-21 15:47:14 - INFO - epoch-34, train_loss-0.0006495, val_loss-0.0068628
2024-12-21 15:47:47 - INFO - epoch-35, train_loss-0.0006494, val_loss-0.0067451
2024-12-21 15:48:19 - INFO - epoch-36, train_loss-0.0006493, val_loss-0.0065973
2024-12-21 15:48:52 - INFO - epoch-37, train_loss-0.0006491, val_loss-0.0064496
2024-12-21 15:49:25 - INFO - epoch-38, train_loss-0.0006489, val_loss-0.0062484
2024-12-21 15:49:59 - INFO - epoch-39, train_loss-0.0006488, val_loss-0.0060685
2024-12-21 15:50:32 - INFO - epoch-40, train_loss-0.0006485, val_loss-0.0058749
2024-12-21 15:51:05 - INFO - epoch-41, train_loss-0.0006483, val_loss-0.0057461
2024-12-21 15:51:39 - INFO - epoch-42, train_loss-0.0006480, val_loss-0.0055569
2024-12-21 15:52:11 - INFO - epoch-43, train_loss-0.0006478, val_loss-0.0053489
2024-12-21 15:52:44 - INFO - epoch-44, train_loss-0.0006474, val_loss-0.0052095
2024-12-21 15:53:17 - INFO - epoch-45, train_loss-0.0006473, val_loss-0.0050586
2024-12-21 15:53:50 - INFO - epoch-46, train_loss-0.0006471, val_loss-0.0048610
2024-12-21 15:54:22 - INFO - epoch-47, train_loss-0.0006468, val_loss-0.0046905
2024-12-21 15:54:56 - INFO - epoch-48, train_loss-0.0006467, val_loss-0.0045526
2024-12-21 15:55:28 - INFO - epoch-49, train_loss-0.0006464, val_loss-0.0044607
2024-12-21 15:56:01 - INFO - epoch-50, train_loss-0.0006461, val_loss-0.0043805
2024-12-21 15:56:33 - INFO - epoch-51, train_loss-0.0006458, val_loss-0.0042901
2024-12-21 15:57:06 - INFO - epoch-52, train_loss-0.0006455, val_loss-0.0041184
2024-12-21 15:57:38 - INFO - epoch-53, train_loss-0.0006454, val_loss-0.0040095
2024-12-21 15:58:11 - INFO - epoch-54, train_loss-0.0006452, val_loss-0.0039757
2024-12-21 15:58:43 - INFO - epoch-55, train_loss-0.0006448, val_loss-0.0039707
2024-12-21 15:59:16 - INFO - epoch-56, train_loss-0.0006444, val_loss-0.0038890
2024-12-21 15:59:48 - INFO - epoch-57, train_loss-0.0006440, val_loss-0.0037600
2024-12-21 16:00:21 - INFO - epoch-58, train_loss-0.0006437, val_loss-0.0037048
2024-12-21 16:00:53 - INFO - epoch-59, train_loss-0.0006437, val_loss-0.0035736
2024-12-21 16:01:26 - INFO - epoch-60, train_loss-0.0006435, val_loss-0.0034977
2024-12-21 16:01:58 - INFO - epoch-61, train_loss-0.0006432, val_loss-0.0033807
2024-12-21 16:02:31 - INFO - epoch-62, train_loss-0.0006427, val_loss-0.0032444
2024-12-21 16:03:03 - INFO - epoch-63, train_loss-0.0006423, val_loss-0.0031547
2024-12-21 16:03:36 - INFO - epoch-64, train_loss-0.0006421, val_loss-0.0030516
2024-12-21 16:04:08 - INFO - epoch-65, train_loss-0.0006417, val_loss-0.0030328
2024-12-21 16:04:41 - INFO - epoch-66, train_loss-0.0006410, val_loss-0.0029470
2024-12-21 16:05:13 - INFO - epoch-67, train_loss-0.0006410, val_loss-0.0028640
2024-12-21 16:05:46 - INFO - epoch-68, train_loss-0.0006406, val_loss-0.0028274
2024-12-21 16:06:18 - INFO - epoch-69, train_loss-0.0006401, val_loss-0.0027283
2024-12-21 16:06:50 - INFO - epoch-70, train_loss-0.0006400, val_loss-0.0026453
2024-12-21 16:07:23 - INFO - epoch-71, train_loss-0.0006397, val_loss-0.0025765
2024-12-21 16:07:55 - INFO - epoch-72, train_loss-0.0006393, val_loss-0.0024640
2024-12-21 16:08:28 - INFO - epoch-73, train_loss-0.0006388, val_loss-0.0024104
2024-12-21 16:09:00 - INFO - epoch-74, train_loss-0.0006384, val_loss-0.0023144
2024-12-21 16:09:33 - INFO - epoch-75, train_loss-0.0006376, val_loss-0.0022803
2024-12-21 16:10:06 - INFO - epoch-76, train_loss-0.0006379, val_loss-0.0021179
2024-12-21 16:10:38 - INFO - epoch-77, train_loss-0.0006370, val_loss-0.0020555
2024-12-21 16:11:11 - INFO - epoch-78, train_loss-0.0006364, val_loss-0.0020232
2024-12-21 16:12:46 - INFO - epoch-79, train_loss-0.0006363, val_loss-0.0020236
2024-12-21 16:14:37 - INFO - epoch-80, train_loss-0.0006367, val_loss-0.0020164
2024-12-21 16:15:09 - INFO - epoch-81, train_loss-0.0006381, val_loss-0.0019673
2024-12-21 16:15:42 - INFO - epoch-82, train_loss-0.0006371, val_loss-0.0019851
2024-12-21 16:16:14 - INFO - epoch-83, train_loss-0.0006355, val_loss-0.0019111
2024-12-21 16:16:46 - INFO - epoch-84, train_loss-0.0006386, val_loss-0.0018940
2024-12-21 16:17:19 - INFO - epoch-85, train_loss-0.0006348, val_loss-0.0017761
2024-12-21 16:17:51 - INFO - epoch-86, train_loss-0.0006342, val_loss-0.0018563
2024-12-21 16:18:25 - INFO - epoch-87, train_loss-0.0006354, val_loss-0.0018687
2024-12-21 16:18:57 - INFO - epoch-88, train_loss-0.0006369, val_loss-0.0017959
2024-12-21 16:19:30 - INFO - epoch-89, train_loss-0.0006395, val_loss-0.0017265
2024-12-21 16:20:03 - INFO - epoch-90, train_loss-0.0006351, val_loss-0.0016129
2024-12-21 16:20:35 - INFO - epoch-91, train_loss-0.0006346, val_loss-0.0012966
2024-12-21 16:21:08 - INFO - epoch-92, train_loss-0.0006371, val_loss-0.0010981
2024-12-21 16:21:40 - INFO - epoch-93, train_loss-0.0006398, val_loss-0.0010380
2024-12-21 16:22:13 - INFO - epoch-94, train_loss-0.0006425, val_loss-0.0009745
2024-12-21 16:22:45 - INFO - epoch-95, train_loss-0.0006407, val_loss-0.0009255
2024-12-21 16:23:18 - INFO - epoch-96, train_loss-0.0006327, val_loss-0.0009725
2024-12-21 16:23:50 - INFO - epoch-97, train_loss-0.0006331, val_loss-0.0009639
2024-12-21 16:24:22 - INFO - epoch-98, train_loss-0.0006302, val_loss-0.0009939
2024-12-21 16:24:55 - INFO - epoch-99, train_loss-0.0006333, val_loss-0.0009550
2024-12-21 16:25:28 - INFO - epoch-100, train_loss-0.0006420, val_loss-0.0009612
2024-12-21 16:26:00 - INFO - epoch-101, train_loss-0.0006300, val_loss-0.0008725
2024-12-21 16:26:34 - INFO - epoch-102, train_loss-0.0006255, val_loss-0.0008580
2024-12-21 16:27:06 - INFO - epoch-103, train_loss-0.0006380, val_loss-0.0008876
2024-12-21 16:27:39 - INFO - epoch-104, train_loss-0.0006266, val_loss-0.0008783
2024-12-21 16:28:12 - INFO - epoch-105, train_loss-0.0006256, val_loss-0.0012153
2024-12-21 16:28:45 - INFO - epoch-106, train_loss-0.0006483, val_loss-0.0014690
2024-12-21 16:29:18 - INFO - epoch-107, train_loss-0.0006204, val_loss-0.0013699
2024-12-21 16:29:50 - INFO - epoch-108, train_loss-0.0006200, val_loss-0.0013369
2024-12-21 16:30:22 - INFO - epoch-109, train_loss-0.0006317, val_loss-0.0012735
2024-12-21 16:30:56 - INFO - epoch-110, train_loss-0.0006245, val_loss-0.0013231
2024-12-21 16:31:28 - INFO - epoch-111, train_loss-0.0006227, val_loss-0.0013027
2024-12-21 16:32:01 - INFO - epoch-112, train_loss-0.0006250, val_loss-0.0013036
2024-12-21 16:32:33 - INFO - epoch-113, train_loss-0.0006295, val_loss-0.0013086
2024-12-21 16:33:05 - INFO - epoch-114, train_loss-0.0006277, val_loss-0.0013107
2024-12-21 16:33:38 - INFO - epoch-115, train_loss-0.0006239, val_loss-0.0012476
2024-12-21 16:34:11 - INFO - epoch-116, train_loss-0.0006235, val_loss-0.0013351
2024-12-21 16:34:45 - INFO - epoch-117, train_loss-0.0006191, val_loss-0.0012633
2024-12-21 16:35:17 - INFO - epoch-118, train_loss-0.0006074, val_loss-0.0011508
2024-12-21 16:35:49 - INFO - epoch-119, train_loss-0.0006020, val_loss-0.0011308
2024-12-21 16:36:21 - INFO - epoch-120, train_loss-0.0006053, val_loss-0.0010106
2024-12-21 16:36:54 - INFO - epoch-121, train_loss-0.0006007, val_loss-0.0010245
2024-12-21 16:37:26 - INFO - epoch-122, train_loss-0.0005997, val_loss-0.0009970
2024-12-21 16:37:59 - INFO - epoch-123, train_loss-0.0005977, val_loss-0.0009916
2024-12-21 16:38:31 - INFO - epoch-124, train_loss-0.0005954, val_loss-0.0009648
2024-12-21 16:39:03 - INFO - epoch-125, train_loss-0.0005901, val_loss-0.0009777
2024-12-21 16:39:36 - INFO - epoch-126, train_loss-0.0005854, val_loss-0.0009525
2024-12-21 16:40:08 - INFO - epoch-127, train_loss-0.0005807, val_loss-0.0009134
2024-12-21 16:40:40 - INFO - epoch-128, train_loss-0.0005799, val_loss-0.0008826
2024-12-21 16:41:13 - INFO - epoch-129, train_loss-0.0005734, val_loss-0.0008403
2024-12-21 16:41:45 - INFO - epoch-130, train_loss-0.0005737, val_loss-0.0008206
2024-12-21 16:42:17 - INFO - epoch-131, train_loss-0.0005700, val_loss-0.0007896
2024-12-21 16:42:50 - INFO - epoch-132, train_loss-0.0005693, val_loss-0.0007860
2024-12-21 16:43:22 - INFO - epoch-133, train_loss-0.0005673, val_loss-0.0007668
2024-12-21 16:43:54 - INFO - epoch-134, train_loss-0.0005637, val_loss-0.0007467
2024-12-21 16:44:27 - INFO - epoch-135, train_loss-0.0005611, val_loss-0.0007139
2024-12-21 16:44:59 - INFO - epoch-136, train_loss-0.0005569, val_loss-0.0007074
2024-12-21 16:45:31 - INFO - epoch-137, train_loss-0.0005535, val_loss-0.0006954
2024-12-21 16:46:04 - INFO - epoch-138, train_loss-0.0005495, val_loss-0.0006945
2024-12-21 16:46:36 - INFO - epoch-139, train_loss-0.0005472, val_loss-0.0006983
2024-12-21 16:47:08 - INFO - epoch-140, train_loss-0.0005432, val_loss-0.0006866
2024-12-21 16:47:41 - INFO - epoch-141, train_loss-0.0005421, val_loss-0.0006975
2024-12-21 16:48:13 - INFO - epoch-142, train_loss-0.0005408, val_loss-0.0006868
2024-12-21 16:48:45 - INFO - epoch-143, train_loss-0.0005381, val_loss-0.0006858
2024-12-21 16:49:18 - INFO - epoch-144, train_loss-0.0005350, val_loss-0.0006759
2024-12-21 16:49:50 - INFO - epoch-145, train_loss-0.0005327, val_loss-0.0006732
2024-12-21 16:50:22 - INFO - epoch-146, train_loss-0.0005300, val_loss-0.0006735
2024-12-21 16:50:54 - INFO - epoch-147, train_loss-0.0005284, val_loss-0.0006919
2024-12-21 16:51:27 - INFO - epoch-148, train_loss-0.0005262, val_loss-0.0006782
2024-12-21 16:51:59 - INFO - epoch-149, train_loss-0.0005239, val_loss-0.0006709
2024-12-21 16:52:32 - INFO - epoch-150, train_loss-0.0005236, val_loss-0.0006710
2024-12-21 16:53:04 - INFO - epoch-151, train_loss-0.0005223, val_loss-0.0006817
2024-12-21 16:53:36 - INFO - epoch-152, train_loss-0.0005207, val_loss-0.0006736
2024-12-21 16:54:09 - INFO - epoch-153, train_loss-0.0005192, val_loss-0.0006702
2024-12-21 16:54:41 - INFO - epoch-154, train_loss-0.0005172, val_loss-0.0006703
2024-12-21 16:55:13 - INFO - epoch-155, train_loss-0.0005152, val_loss-0.0006722
2024-12-21 16:55:46 - INFO - epoch-156, train_loss-0.0005122, val_loss-0.0006747
2024-12-21 16:56:18 - INFO - epoch-157, train_loss-0.0005102, val_loss-0.0006787
2024-12-21 16:56:50 - INFO - epoch-158, train_loss-0.0005162, val_loss-0.0008392
2024-12-21 16:57:23 - INFO - epoch-159, train_loss-0.0005115, val_loss-0.0007181
2024-12-21 16:57:55 - INFO - epoch-160, train_loss-0.0005077, val_loss-0.0007253
2024-12-21 16:58:27 - INFO - epoch-161, train_loss-0.0005011, val_loss-0.0007381
2024-12-21 16:58:59 - INFO - epoch-162, train_loss-0.0005012, val_loss-0.0007705
2024-12-21 16:59:32 - INFO - epoch-163, train_loss-0.0004995, val_loss-0.0007988
2024-12-21 17:00:04 - INFO - epoch-164, train_loss-0.0004990, val_loss-0.0008341
2024-12-21 17:00:36 - INFO - epoch-165, train_loss-0.0004970, val_loss-0.0008846
2024-12-21 17:01:09 - INFO - epoch-166, train_loss-0.0004941, val_loss-0.0009033
2024-12-21 17:01:41 - INFO - epoch-167, train_loss-0.0004937, val_loss-0.0009364
2024-12-21 17:02:13 - INFO - epoch-168, train_loss-0.0004921, val_loss-0.0007620
2024-12-21 17:02:45 - INFO - epoch-169, train_loss-0.0004926, val_loss-0.0007553
2024-12-21 17:03:18 - INFO - epoch-170, train_loss-0.0004906, val_loss-0.0007159
2024-12-21 17:03:50 - INFO - epoch-171, train_loss-0.0004880, val_loss-0.0006988
2024-12-21 17:04:23 - INFO - epoch-172, train_loss-0.0004866, val_loss-0.0006977
2024-12-21 17:04:57 - INFO - epoch-173, train_loss-0.0004882, val_loss-0.0006959
2024-12-21 17:07:01 - INFO - epoch-174, train_loss-0.0004872, val_loss-0.0006851
2024-12-21 17:08:33 - INFO - epoch-175, train_loss-0.0004847, val_loss-0.0006849
2024-12-21 17:09:05 - INFO - epoch-176, train_loss-0.0004824, val_loss-0.0006901
2024-12-21 17:09:37 - INFO - epoch-177, train_loss-0.0004828, val_loss-0.0006806
2024-12-21 17:10:09 - INFO - epoch-178, train_loss-0.0004830, val_loss-0.0006848
2024-12-21 17:10:42 - INFO - epoch-179, train_loss-0.0004826, val_loss-0.0006852
2024-12-21 17:11:14 - INFO - epoch-180, train_loss-0.0004792, val_loss-0.0006897
2024-12-21 17:11:47 - INFO - epoch-181, train_loss-0.0004786, val_loss-0.0006874
2024-12-21 17:12:20 - INFO - epoch-182, train_loss-0.0004798, val_loss-0.0006902
2024-12-21 17:12:52 - INFO - epoch-183, train_loss-0.0004784, val_loss-0.0006865
2024-12-21 17:13:24 - INFO - epoch-184, train_loss-0.0004789, val_loss-0.0006836
2024-12-21 17:13:57 - INFO - epoch-185, train_loss-0.0004756, val_loss-0.0006810
2024-12-21 17:14:29 - INFO - epoch-186, train_loss-0.0004739, val_loss-0.0006809
2024-12-21 17:15:01 - INFO - epoch-187, train_loss-0.0004731, val_loss-0.0006814
2024-12-21 17:15:34 - INFO - epoch-188, train_loss-0.0004768, val_loss-0.0007007
2024-12-21 17:16:06 - INFO - epoch-189, train_loss-0.0004722, val_loss-0.0006903
2024-12-21 17:16:38 - INFO - epoch-190, train_loss-0.0004690, val_loss-0.0006865
2024-12-21 17:17:10 - INFO - epoch-191, train_loss-0.0004670, val_loss-0.0006807
2024-12-21 17:17:44 - INFO - epoch-192, train_loss-0.0004690, val_loss-0.0006892
2024-12-21 17:18:17 - INFO - epoch-193, train_loss-0.0004662, val_loss-0.0006815
2024-12-21 17:18:49 - INFO - epoch-194, train_loss-0.0004635, val_loss-0.0006799
2024-12-21 17:19:22 - INFO - epoch-195, train_loss-0.0004656, val_loss-0.0006802
2024-12-21 17:19:54 - INFO - epoch-196, train_loss-0.0004646, val_loss-0.0006810
2024-12-21 17:20:26 - INFO - epoch-197, train_loss-0.0004625, val_loss-0.0006801
2024-12-21 17:20:59 - INFO - epoch-198, train_loss-0.0004624, val_loss-0.0006792
2024-12-21 17:21:31 - INFO - epoch-199, train_loss-0.0004619, val_loss-0.0006798
2024-12-21 17:22:03 - INFO - epoch-200, train_loss-0.0004603, val_loss-0.0006822
2024-12-21 17:22:36 - INFO - epoch-201, train_loss-0.0004577, val_loss-0.0006806
2024-12-21 17:23:08 - INFO - epoch-202, train_loss-0.0004567, val_loss-0.0006801
2024-12-21 17:23:40 - INFO - epoch-203, train_loss-0.0004553, val_loss-0.0006807
2024-12-21 17:24:14 - INFO - epoch-204, train_loss-0.0004573, val_loss-0.0006813
2024-12-21 17:24:46 - INFO - epoch-205, train_loss-0.0004564, val_loss-0.0006803
2024-12-21 17:25:18 - INFO - epoch-206, train_loss-0.0004564, val_loss-0.0006806
2024-12-21 17:25:50 - INFO - epoch-207, train_loss-0.0004602, val_loss-0.0007285
2024-12-21 17:26:22 - INFO - epoch-208, train_loss-0.0004538, val_loss-0.0007196
2024-12-21 17:26:54 - INFO - epoch-209, train_loss-0.0004570, val_loss-0.0007144
2024-12-21 17:27:27 - INFO - epoch-210, train_loss-0.0004603, val_loss-0.0007056
2024-12-21 17:27:59 - INFO - epoch-211, train_loss-0.0004594, val_loss-0.0007047
2024-12-21 17:28:31 - INFO - epoch-212, train_loss-0.0004550, val_loss-0.0006943
2024-12-21 17:29:03 - INFO - epoch-213, train_loss-0.0004545, val_loss-0.0006806
2024-12-21 17:29:35 - INFO - epoch-214, train_loss-0.0004530, val_loss-0.0006801
2024-12-21 17:30:08 - INFO - epoch-215, train_loss-0.0004507, val_loss-0.0006984
2024-12-21 17:30:40 - INFO - epoch-216, train_loss-0.0004497, val_loss-0.0006838
2024-12-21 17:31:12 - INFO - epoch-217, train_loss-0.0004489, val_loss-0.0006819
2024-12-21 17:31:46 - INFO - epoch-218, train_loss-0.0004508, val_loss-0.0006807
2024-12-21 17:32:18 - INFO - epoch-219, train_loss-0.0004547, val_loss-0.0006805
2024-12-21 17:32:51 - INFO - epoch-220, train_loss-0.0004535, val_loss-0.0006806
2024-12-21 17:33:24 - INFO - epoch-221, train_loss-0.0004504, val_loss-0.0006807
2024-12-21 17:33:57 - INFO - epoch-222, train_loss-0.0004467, val_loss-0.0006803
2024-12-21 17:34:29 - INFO - epoch-223, train_loss-0.0004468, val_loss-0.0006833
2024-12-21 17:35:01 - INFO - epoch-224, train_loss-0.0004470, val_loss-0.0006806
2024-12-21 17:35:33 - INFO - epoch-225, train_loss-0.0004454, val_loss-0.0006804
2024-12-21 17:36:05 - INFO - epoch-226, train_loss-0.0004446, val_loss-0.0006804
2024-12-21 17:36:38 - INFO - epoch-227, train_loss-0.0004431, val_loss-0.0006805
2024-12-21 17:37:10 - INFO - epoch-228, train_loss-0.0004432, val_loss-0.0006808
2024-12-21 17:37:42 - INFO - epoch-229, train_loss-0.0004456, val_loss-0.0006831
2024-12-21 17:38:14 - INFO - epoch-230, train_loss-0.0004480, val_loss-0.0006809
2024-12-21 17:38:46 - INFO - epoch-231, train_loss-0.0004479, val_loss-0.0006826
2024-12-21 17:39:19 - INFO - epoch-232, train_loss-0.0004466, val_loss-0.0006831
2024-12-21 17:39:51 - INFO - epoch-233, train_loss-0.0004458, val_loss-0.0006838
2024-12-21 17:40:23 - INFO - epoch-234, train_loss-0.0004388, val_loss-0.0006820
2024-12-21 17:40:56 - INFO - epoch-235, train_loss-0.0004378, val_loss-0.0006861
2024-12-21 17:41:28 - INFO - epoch-236, train_loss-0.0004404, val_loss-0.0006827
2024-12-21 17:42:01 - INFO - epoch-237, train_loss-0.0004427, val_loss-0.0006815
2024-12-21 17:42:33 - INFO - epoch-238, train_loss-0.0004442, val_loss-0.0006809
2024-12-21 17:43:05 - INFO - epoch-239, train_loss-0.0004483, val_loss-0.0006834
2024-12-21 17:43:37 - INFO - epoch-240, train_loss-0.0004516, val_loss-0.0006810
2024-12-21 17:44:09 - INFO - epoch-241, train_loss-0.0004491, val_loss-0.0006806
2024-12-21 17:44:41 - INFO - epoch-242, train_loss-0.0004409, val_loss-0.0006819
2024-12-21 17:45:14 - INFO - epoch-243, train_loss-0.0004399, val_loss-0.0006847
2024-12-21 17:45:46 - INFO - epoch-244, train_loss-0.0004385, val_loss-0.0006805
2024-12-21 17:46:18 - INFO - epoch-245, train_loss-0.0004366, val_loss-0.0006824
2024-12-21 17:46:50 - INFO - epoch-246, train_loss-0.0004366, val_loss-0.0006813
2024-12-21 17:47:22 - INFO - epoch-247, train_loss-0.0004404, val_loss-0.0006808
2024-12-21 17:47:55 - INFO - epoch-248, train_loss-0.0004378, val_loss-0.0006807
2024-12-21 17:48:28 - INFO - epoch-249, train_loss-0.0004396, val_loss-0.0006806
2024-12-21 17:49:00 - INFO - epoch-250, train_loss-0.0004429, val_loss-0.0006809
2024-12-21 17:49:32 - INFO - epoch-251, train_loss-0.0004420, val_loss-0.0006810
2024-12-21 17:50:04 - INFO - epoch-252, train_loss-0.0004420, val_loss-0.0006810
2024-12-21 17:50:37 - INFO - epoch-253, train_loss-0.0004380, val_loss-0.0006831
2024-12-21 17:51:09 - INFO - epoch-254, train_loss-0.0004349, val_loss-0.0006826
2024-12-21 17:51:41 - INFO - epoch-255, train_loss-0.0004352, val_loss-0.0006815
2024-12-21 17:52:13 - INFO - epoch-256, train_loss-0.0004351, val_loss-0.0006811
2024-12-21 17:52:46 - INFO - epoch-257, train_loss-0.0004368, val_loss-0.0008067
2024-12-21 17:53:19 - INFO - epoch-258, train_loss-0.0004342, val_loss-0.0006853
2024-12-21 17:53:51 - INFO - epoch-259, train_loss-0.0004260, val_loss-0.0006809
2024-12-21 17:54:23 - INFO - epoch-260, train_loss-0.0004267, val_loss-0.0006801
2024-12-21 17:54:56 - INFO - epoch-261, train_loss-0.0004321, val_loss-0.0006805
2024-12-21 17:55:29 - INFO - epoch-262, train_loss-0.0004372, val_loss-0.0006807
2024-12-21 17:56:01 - INFO - epoch-263, train_loss-0.0004396, val_loss-0.0006814
2024-12-21 17:56:33 - INFO - epoch-264, train_loss-0.0004383, val_loss-0.0006815
2024-12-21 17:57:05 - INFO - epoch-265, train_loss-0.0004353, val_loss-0.0006817
2024-12-21 17:57:38 - INFO - epoch-266, train_loss-0.0004344, val_loss-0.0006823
2024-12-21 17:58:10 - INFO - epoch-267, train_loss-0.0004298, val_loss-0.0006815
2024-12-21 17:58:42 - INFO - epoch-268, train_loss-0.0004303, val_loss-0.0006829
2024-12-21 18:00:32 - INFO - epoch-269, train_loss-0.0004303, val_loss-0.0006819
2024-12-21 18:02:41 - INFO - epoch-270, train_loss-0.0004304, val_loss-0.0006843
2024-12-21 18:03:13 - INFO - epoch-271, train_loss-0.0004299, val_loss-0.0006849
2024-12-21 18:03:46 - INFO - epoch-272, train_loss-0.0004315, val_loss-0.0006851
2024-12-21 18:04:19 - INFO - epoch-273, train_loss-0.0004332, val_loss-0.0006840
2024-12-21 18:04:52 - INFO - epoch-274, train_loss-0.0004342, val_loss-0.0006831
2024-12-21 18:05:24 - INFO - epoch-275, train_loss-0.0004329, val_loss-0.0006842
2024-12-21 18:05:56 - INFO - epoch-276, train_loss-0.0004320, val_loss-0.0006853
2024-12-21 18:06:28 - INFO - epoch-277, train_loss-0.0004297, val_loss-0.0006832
2024-12-21 18:07:00 - INFO - epoch-278, train_loss-0.0004281, val_loss-0.0006837
2024-12-21 18:07:32 - INFO - epoch-279, train_loss-0.0004244, val_loss-0.0006836
2024-12-21 18:08:05 - INFO - epoch-280, train_loss-0.0004272, val_loss-0.0006844
2024-12-21 18:08:38 - INFO - epoch-281, train_loss-0.0004303, val_loss-0.0006839
2024-12-21 18:09:10 - INFO - epoch-282, train_loss-0.0004289, val_loss-0.0006836
2024-12-21 18:09:42 - INFO - epoch-283, train_loss-0.0004271, val_loss-0.0006841
2024-12-21 18:10:14 - INFO - epoch-284, train_loss-0.0004281, val_loss-0.0006856
2024-12-21 18:10:46 - INFO - epoch-285, train_loss-0.0004280, val_loss-0.0006850
2024-12-21 18:11:19 - INFO - epoch-286, train_loss-0.0004283, val_loss-0.0006871
2024-12-21 18:11:51 - INFO - epoch-287, train_loss-0.0004273, val_loss-0.0006853
2024-12-21 18:12:23 - INFO - epoch-288, train_loss-0.0004247, val_loss-0.0006925
2024-12-21 18:12:55 - INFO - epoch-289, train_loss-0.0004233, val_loss-0.0006864
2024-12-21 18:13:27 - INFO - epoch-290, train_loss-0.0004228, val_loss-0.0006868
2024-12-21 18:13:59 - INFO - epoch-291, train_loss-0.0004222, val_loss-0.0006859
2024-12-21 18:14:32 - INFO - epoch-292, train_loss-0.0004250, val_loss-0.0006880
2024-12-21 18:15:04 - INFO - epoch-293, train_loss-0.0004261, val_loss-0.0006843
2024-12-21 18:15:36 - INFO - epoch-294, train_loss-0.0004233, val_loss-0.0006824
2024-12-21 18:16:09 - INFO - epoch-295, train_loss-0.0004222, val_loss-0.0006830
2024-12-21 18:16:41 - INFO - epoch-296, train_loss-0.0004217, val_loss-0.0006828
2024-12-21 18:17:13 - INFO - epoch-297, train_loss-0.0004218, val_loss-0.0006842
2024-12-21 18:17:45 - INFO - epoch-298, train_loss-0.0004228, val_loss-0.0006864
2024-12-21 18:18:18 - INFO - epoch-299, train_loss-0.0004227, val_loss-0.0006887
