2024-12-21 09:24:58 - INFO - /mnt/cephfs/projects/2023110101_Ligand_fitting_to_EM_maps/My_Code/CryoLigate_Github/CryoLigate/GIGN/GIGN_EM/For_Elisei_Nov_2024/CryoLigate_GIGN_Unet/train_example.py
2024-12-21 09:24:58 - INFO - train data: 6809
2024-12-21 09:24:58 - INFO - valid data: 757
2024-12-21 09:25:23 - INFO - Initial_train_loss-0.0092006  Initial_val_loss-0.0091978
2024-12-21 09:26:29 - INFO - epoch-0, train_loss-0.0220360, val_loss-0.0099699
2024-12-21 09:27:35 - INFO - epoch-1, train_loss-0.0008120, val_loss-0.0096747
2024-12-21 09:28:41 - INFO - epoch-2, train_loss-0.0007388, val_loss-0.0095964
2024-12-21 09:29:46 - INFO - epoch-3, train_loss-0.0007114, val_loss-0.0095611
2024-12-21 09:30:52 - INFO - epoch-4, train_loss-0.0006963, val_loss-0.0093161
2024-12-21 09:31:58 - INFO - epoch-5, train_loss-0.0006858, val_loss-0.0090334
2024-12-21 09:33:04 - INFO - epoch-6, train_loss-0.0006791, val_loss-0.0087713
2024-12-21 09:34:09 - INFO - epoch-7, train_loss-0.0006749, val_loss-0.0084469
2024-12-21 09:35:15 - INFO - epoch-8, train_loss-0.0006718, val_loss-0.0083286
2024-12-21 09:36:20 - INFO - epoch-9, train_loss-0.0006695, val_loss-0.0081887
2024-12-21 09:37:26 - INFO - epoch-10, train_loss-0.0006678, val_loss-0.0082088
2024-12-21 09:38:32 - INFO - epoch-11, train_loss-0.0006662, val_loss-0.0079272
2024-12-21 09:39:37 - INFO - epoch-12, train_loss-0.0006649, val_loss-0.0078097
2024-12-21 09:40:43 - INFO - epoch-13, train_loss-0.0006636, val_loss-0.0075882
2024-12-21 09:41:48 - INFO - epoch-14, train_loss-0.0006622, val_loss-0.0074369
2024-12-21 09:42:54 - INFO - epoch-15, train_loss-0.0006610, val_loss-0.0073103
2024-12-21 09:44:00 - INFO - epoch-16, train_loss-0.0006601, val_loss-0.0072014
2024-12-21 09:45:05 - INFO - epoch-17, train_loss-0.0006593, val_loss-0.0069028
2024-12-21 09:46:11 - INFO - epoch-18, train_loss-0.0006589, val_loss-0.0068904
2024-12-21 09:47:17 - INFO - epoch-19, train_loss-0.0006582, val_loss-0.0066195
2024-12-21 09:48:22 - INFO - epoch-20, train_loss-0.0006577, val_loss-0.0064395
2024-12-21 09:49:28 - INFO - epoch-21, train_loss-0.0006575, val_loss-0.0062446
2024-12-21 09:50:33 - INFO - epoch-22, train_loss-0.0006570, val_loss-0.0060531
2024-12-21 09:51:40 - INFO - epoch-23, train_loss-0.0006569, val_loss-0.0057793
2024-12-21 09:52:46 - INFO - epoch-24, train_loss-0.0006565, val_loss-0.0055242
2024-12-21 09:53:52 - INFO - epoch-25, train_loss-0.0006563, val_loss-0.0054829
2024-12-21 09:54:57 - INFO - epoch-26, train_loss-0.0006553, val_loss-0.0051891
2024-12-21 09:56:03 - INFO - epoch-27, train_loss-0.0006563, val_loss-0.0049747
2024-12-21 09:57:10 - INFO - epoch-28, train_loss-0.0006546, val_loss-0.0048258
2024-12-21 09:58:15 - INFO - epoch-29, train_loss-0.0006556, val_loss-0.0048085
2024-12-21 09:59:21 - INFO - epoch-30, train_loss-0.0006543, val_loss-0.0046911
2024-12-21 10:00:27 - INFO - epoch-31, train_loss-0.0006559, val_loss-0.0045696
2024-12-21 10:01:33 - INFO - epoch-32, train_loss-0.0006526, val_loss-0.0044973
2024-12-21 10:02:38 - INFO - epoch-33, train_loss-0.0006538, val_loss-0.0043935
2024-12-21 10:03:44 - INFO - epoch-34, train_loss-0.0006528, val_loss-0.0043996
2024-12-21 10:04:49 - INFO - epoch-35, train_loss-0.0006525, val_loss-0.0042140
2024-12-21 10:05:55 - INFO - epoch-36, train_loss-0.0006525, val_loss-0.0040900
2024-12-21 10:07:01 - INFO - epoch-37, train_loss-0.0006530, val_loss-0.0040458
2024-12-21 10:08:06 - INFO - epoch-38, train_loss-0.0006513, val_loss-0.0039655
2024-12-21 10:09:12 - INFO - epoch-39, train_loss-0.0006514, val_loss-0.0039617
2024-12-21 10:10:18 - INFO - epoch-40, train_loss-0.0006514, val_loss-0.0039323
2024-12-21 10:11:23 - INFO - epoch-41, train_loss-0.0006507, val_loss-0.0036819
2024-12-21 10:12:29 - INFO - epoch-42, train_loss-0.0006512, val_loss-0.0036447
2024-12-21 10:13:35 - INFO - epoch-43, train_loss-0.0006505, val_loss-0.0037933
2024-12-21 10:14:40 - INFO - epoch-44, train_loss-0.0006506, val_loss-0.0036362
2024-12-21 10:15:46 - INFO - epoch-45, train_loss-0.0006501, val_loss-0.0035384
2024-12-21 10:16:51 - INFO - epoch-46, train_loss-0.0006498, val_loss-0.0034124
2024-12-21 10:17:57 - INFO - epoch-47, train_loss-0.0006496, val_loss-0.0031690
2024-12-21 10:19:41 - INFO - epoch-48, train_loss-0.0006492, val_loss-0.0032663
2024-12-21 10:22:14 - INFO - epoch-49, train_loss-0.0006494, val_loss-0.0030016
2024-12-21 10:23:19 - INFO - epoch-50, train_loss-0.0006499, val_loss-0.0029182
2024-12-21 10:24:26 - INFO - epoch-51, train_loss-0.0006491, val_loss-0.0029551
2024-12-21 10:25:32 - INFO - epoch-52, train_loss-0.0006492, val_loss-0.0027583
2024-12-21 10:26:37 - INFO - epoch-53, train_loss-0.0006484, val_loss-0.0025757
2024-12-21 10:27:42 - INFO - epoch-54, train_loss-0.0006473, val_loss-0.0026362
2024-12-21 10:28:49 - INFO - epoch-55, train_loss-0.0006478, val_loss-0.0023947
2024-12-21 10:29:54 - INFO - epoch-56, train_loss-0.0006470, val_loss-0.0024769
2024-12-21 10:31:00 - INFO - epoch-57, train_loss-0.0006468, val_loss-0.0023710
2024-12-21 10:32:05 - INFO - epoch-58, train_loss-0.0006465, val_loss-0.0025156
2024-12-21 10:33:10 - INFO - epoch-59, train_loss-0.0006467, val_loss-0.0023503
2024-12-21 10:34:16 - INFO - epoch-60, train_loss-0.0006462, val_loss-0.0022441
2024-12-21 10:35:21 - INFO - epoch-61, train_loss-0.0006461, val_loss-0.0020981
2024-12-21 10:36:26 - INFO - epoch-62, train_loss-0.0006456, val_loss-0.0025017
2024-12-21 10:37:32 - INFO - epoch-63, train_loss-0.0006455, val_loss-0.0022015
2024-12-21 10:38:37 - INFO - epoch-64, train_loss-0.0006453, val_loss-0.0022747
2024-12-21 10:39:42 - INFO - epoch-65, train_loss-0.0006462, val_loss-0.0020105
2024-12-21 10:40:47 - INFO - epoch-66, train_loss-0.0006453, val_loss-0.0018901
2024-12-21 10:41:53 - INFO - epoch-67, train_loss-0.0006441, val_loss-0.0026813
2024-12-21 10:42:59 - INFO - epoch-68, train_loss-0.0006448, val_loss-0.0019923
2024-12-21 10:44:06 - INFO - epoch-69, train_loss-0.0006440, val_loss-0.0022295
2024-12-21 10:45:12 - INFO - epoch-70, train_loss-0.0006440, val_loss-0.0018304
2024-12-21 10:46:17 - INFO - epoch-71, train_loss-0.0006435, val_loss-0.0015858
2024-12-21 10:47:22 - INFO - epoch-72, train_loss-0.0006435, val_loss-0.0016067
2024-12-21 10:48:28 - INFO - epoch-73, train_loss-0.0006434, val_loss-0.0021378
2024-12-21 10:49:33 - INFO - epoch-74, train_loss-0.0006427, val_loss-0.0017927
2024-12-21 10:50:38 - INFO - epoch-75, train_loss-0.0006429, val_loss-0.0016266
2024-12-21 10:51:43 - INFO - epoch-76, train_loss-0.0006428, val_loss-0.0015204
2024-12-21 10:52:48 - INFO - epoch-77, train_loss-0.0006421, val_loss-0.0016894
2024-12-21 10:53:53 - INFO - epoch-78, train_loss-0.0006416, val_loss-0.0011681
2024-12-21 10:54:58 - INFO - epoch-79, train_loss-0.0006418, val_loss-0.0010197
2024-12-21 10:56:03 - INFO - epoch-80, train_loss-0.0006411, val_loss-0.0012110
2024-12-21 10:57:09 - INFO - epoch-81, train_loss-0.0006409, val_loss-0.0012229
2024-12-21 10:58:14 - INFO - epoch-82, train_loss-0.0006416, val_loss-0.0010491
2024-12-21 10:59:19 - INFO - epoch-83, train_loss-0.0006414, val_loss-0.0013329
2024-12-21 11:00:24 - INFO - epoch-84, train_loss-0.0006409, val_loss-0.0008999
2024-12-21 11:01:29 - INFO - epoch-85, train_loss-0.0006405, val_loss-0.0009308
2024-12-21 11:02:34 - INFO - epoch-86, train_loss-0.0006408, val_loss-0.0011965
2024-12-21 11:03:39 - INFO - epoch-87, train_loss-0.0006401, val_loss-0.0011204
2024-12-21 11:04:44 - INFO - epoch-88, train_loss-0.0006405, val_loss-0.0010212
2024-12-21 11:05:49 - INFO - epoch-89, train_loss-0.0006397, val_loss-0.0009338
2024-12-21 11:06:55 - INFO - epoch-90, train_loss-0.0006384, val_loss-0.0011127
2024-12-21 11:08:00 - INFO - epoch-91, train_loss-0.0006392, val_loss-0.0009389
2024-12-21 11:09:05 - INFO - epoch-92, train_loss-0.0006397, val_loss-0.0011391
2024-12-21 11:10:10 - INFO - epoch-93, train_loss-0.0006412, val_loss-0.0008232
2024-12-21 11:11:15 - INFO - epoch-94, train_loss-0.0006410, val_loss-0.0007544
2024-12-21 11:12:21 - INFO - epoch-95, train_loss-0.0006486, val_loss-0.0008265
2024-12-21 11:13:26 - INFO - epoch-96, train_loss-0.0006412, val_loss-0.0007175
2024-12-21 11:14:32 - INFO - epoch-97, train_loss-0.0006391, val_loss-0.0007661
2024-12-21 11:15:37 - INFO - epoch-98, train_loss-0.0006396, val_loss-0.0009607
2024-12-21 11:16:42 - INFO - epoch-99, train_loss-0.0006382, val_loss-0.0007501
2024-12-21 11:17:47 - INFO - epoch-100, train_loss-0.0006400, val_loss-0.0007308
2024-12-21 11:18:52 - INFO - epoch-101, train_loss-0.0006404, val_loss-0.0007841
2024-12-21 11:19:57 - INFO - epoch-102, train_loss-0.0006395, val_loss-0.0008147
2024-12-21 11:21:01 - INFO - epoch-103, train_loss-0.0006421, val_loss-0.0008111
2024-12-21 11:22:06 - INFO - epoch-104, train_loss-0.0006392, val_loss-0.0007632
2024-12-21 11:23:11 - INFO - epoch-105, train_loss-0.0006401, val_loss-0.0008039
2024-12-21 11:24:16 - INFO - epoch-106, train_loss-0.0006385, val_loss-0.0007396
2024-12-21 11:25:21 - INFO - epoch-107, train_loss-0.0006401, val_loss-0.0007242
2024-12-21 11:26:25 - INFO - epoch-108, train_loss-0.0006397, val_loss-0.0007836
2024-12-21 11:27:30 - INFO - epoch-109, train_loss-0.0006400, val_loss-0.0007656
2024-12-21 11:28:35 - INFO - epoch-110, train_loss-0.0006431, val_loss-0.0008751
2024-12-21 11:29:40 - INFO - epoch-111, train_loss-0.0006370, val_loss-0.0007710
2024-12-21 11:30:46 - INFO - epoch-112, train_loss-0.0006389, val_loss-0.0007340
2024-12-21 11:31:50 - INFO - epoch-113, train_loss-0.0006428, val_loss-0.0007943
2024-12-21 11:32:55 - INFO - epoch-114, train_loss-0.0006384, val_loss-0.0007487
2024-12-21 11:34:00 - INFO - epoch-115, train_loss-0.0006427, val_loss-0.0007619
2024-12-21 11:35:04 - INFO - epoch-116, train_loss-0.0006370, val_loss-0.0007500
2024-12-21 11:36:10 - INFO - epoch-117, train_loss-0.0006424, val_loss-0.0008248
2024-12-21 11:37:15 - INFO - epoch-118, train_loss-0.0006371, val_loss-0.0007171
2024-12-21 11:38:20 - INFO - epoch-119, train_loss-0.0006402, val_loss-0.0007676
2024-12-21 11:39:24 - INFO - epoch-120, train_loss-0.0006377, val_loss-0.0007871
2024-12-21 11:40:29 - INFO - epoch-121, train_loss-0.0006418, val_loss-0.0007058
2024-12-21 11:41:40 - INFO - epoch-122, train_loss-0.0006380, val_loss-0.0007099
2024-12-21 11:44:33 - INFO - epoch-123, train_loss-0.0006406, val_loss-0.0007799
2024-12-21 11:45:37 - INFO - epoch-124, train_loss-0.0006372, val_loss-0.0009974
2024-12-21 11:46:42 - INFO - epoch-125, train_loss-0.0006434, val_loss-0.0007945
2024-12-21 11:47:47 - INFO - epoch-126, train_loss-0.0006449, val_loss-0.0007433
2024-12-21 11:48:51 - INFO - epoch-127, train_loss-0.0006390, val_loss-0.0007484
2024-12-21 11:49:56 - INFO - epoch-128, train_loss-0.0006371, val_loss-0.0007129
2024-12-21 11:51:00 - INFO - epoch-129, train_loss-0.0006376, val_loss-0.0007820
2024-12-21 11:52:05 - INFO - epoch-130, train_loss-0.0006392, val_loss-0.0008680
2024-12-21 11:53:09 - INFO - epoch-131, train_loss-0.0006412, val_loss-0.0008429
2024-12-21 11:54:14 - INFO - epoch-132, train_loss-0.0006369, val_loss-0.0009424
2024-12-21 11:55:18 - INFO - epoch-133, train_loss-0.0006396, val_loss-0.0009675
2024-12-21 11:56:23 - INFO - epoch-134, train_loss-0.0006421, val_loss-0.0007712
2024-12-21 11:57:27 - INFO - epoch-135, train_loss-0.0006412, val_loss-0.0008214
2024-12-21 11:58:32 - INFO - epoch-136, train_loss-0.0006403, val_loss-0.0007563
2024-12-21 11:59:37 - INFO - epoch-137, train_loss-0.0006362, val_loss-0.0008071
2024-12-21 12:00:41 - INFO - epoch-138, train_loss-0.0006372, val_loss-0.0008339
2024-12-21 12:01:46 - INFO - epoch-139, train_loss-0.0006392, val_loss-0.0007352
2024-12-21 12:02:50 - INFO - epoch-140, train_loss-0.0006384, val_loss-0.0010943
2024-12-21 12:03:55 - INFO - epoch-141, train_loss-0.0006447, val_loss-0.0007565
2024-12-21 12:04:59 - INFO - epoch-142, train_loss-0.0006378, val_loss-0.0010284
2024-12-21 12:06:04 - INFO - epoch-143, train_loss-0.0006384, val_loss-0.0007806
2024-12-21 12:07:09 - INFO - epoch-144, train_loss-0.0006393, val_loss-0.0007702
2024-12-21 12:08:14 - INFO - epoch-145, train_loss-0.0006367, val_loss-0.0008233
2024-12-21 12:09:19 - INFO - epoch-146, train_loss-0.0006362, val_loss-0.0008191
2024-12-21 12:10:24 - INFO - epoch-147, train_loss-0.0006369, val_loss-0.0008694
2024-12-21 12:11:30 - INFO - epoch-148, train_loss-0.0006376, val_loss-0.0007848
2024-12-21 12:12:35 - INFO - epoch-149, train_loss-0.0006372, val_loss-0.0010447
2024-12-21 12:13:39 - INFO - epoch-150, train_loss-0.0006356, val_loss-0.0007888
2024-12-21 12:14:44 - INFO - epoch-151, train_loss-0.0006362, val_loss-0.0007756
2024-12-21 12:15:48 - INFO - epoch-152, train_loss-0.0006383, val_loss-0.0007321
2024-12-21 12:16:53 - INFO - epoch-153, train_loss-0.0006378, val_loss-0.0007176
2024-12-21 12:17:57 - INFO - epoch-154, train_loss-0.0006410, val_loss-0.0010576
2024-12-21 12:19:01 - INFO - epoch-155, train_loss-0.0006346, val_loss-0.0008275
2024-12-21 12:20:06 - INFO - epoch-156, train_loss-0.0006336, val_loss-0.0018819
2024-12-21 12:21:10 - INFO - epoch-157, train_loss-0.0006352, val_loss-0.0008882
2024-12-21 12:22:16 - INFO - epoch-158, train_loss-0.0006353, val_loss-0.0010148
2024-12-21 12:23:21 - INFO - epoch-159, train_loss-0.0006366, val_loss-0.0010106
2024-12-21 12:24:25 - INFO - epoch-160, train_loss-0.0006343, val_loss-0.0010875
2024-12-21 12:25:29 - INFO - epoch-161, train_loss-0.0006338, val_loss-0.0011407
2024-12-21 12:26:34 - INFO - epoch-162, train_loss-0.0006325, val_loss-0.0012127
2024-12-21 12:27:38 - INFO - epoch-163, train_loss-0.0006338, val_loss-0.0010099
2024-12-21 12:28:43 - INFO - epoch-164, train_loss-0.0006312, val_loss-0.0008101
2024-12-21 12:29:48 - INFO - epoch-165, train_loss-0.0006307, val_loss-0.0010295
2024-12-21 12:30:53 - INFO - epoch-166, train_loss-0.0006306, val_loss-0.0010196
2024-12-21 12:31:58 - INFO - epoch-167, train_loss-0.0006313, val_loss-0.0014097
2024-12-21 12:33:03 - INFO - epoch-168, train_loss-0.0006316, val_loss-0.0011495
2024-12-21 12:34:07 - INFO - epoch-169, train_loss-0.0006316, val_loss-0.0009807
2024-12-21 12:35:12 - INFO - epoch-170, train_loss-0.0006315, val_loss-0.0013542
2024-12-21 12:36:16 - INFO - epoch-171, train_loss-0.0006304, val_loss-0.0007515
2024-12-21 12:37:21 - INFO - epoch-172, train_loss-0.0006283, val_loss-0.0010236
2024-12-21 12:38:25 - INFO - epoch-173, train_loss-0.0006281, val_loss-0.0008093
2024-12-21 12:39:30 - INFO - epoch-174, train_loss-0.0006286, val_loss-0.0024714
2024-12-21 12:40:34 - INFO - epoch-175, train_loss-0.0006292, val_loss-0.0011453
2024-12-21 12:41:39 - INFO - epoch-176, train_loss-0.0006271, val_loss-0.0011556
2024-12-21 12:42:43 - INFO - epoch-177, train_loss-0.0006270, val_loss-0.0009588
2024-12-21 12:43:49 - INFO - epoch-178, train_loss-0.0006267, val_loss-0.0009946
2024-12-21 12:44:53 - INFO - epoch-179, train_loss-0.0006269, val_loss-0.0011271
2024-12-21 12:45:58 - INFO - epoch-180, train_loss-0.0006263, val_loss-0.0012812
2024-12-21 12:47:02 - INFO - epoch-181, train_loss-0.0006243, val_loss-0.0007839
2024-12-21 12:48:07 - INFO - epoch-182, train_loss-0.0006248, val_loss-0.0008482
2024-12-21 12:49:11 - INFO - epoch-183, train_loss-0.0006256, val_loss-0.0007323
2024-12-21 12:50:16 - INFO - epoch-184, train_loss-0.0006256, val_loss-0.0010682
2024-12-21 12:51:21 - INFO - epoch-185, train_loss-0.0006256, val_loss-0.0007096
2024-12-21 12:52:25 - INFO - epoch-186, train_loss-0.0006238, val_loss-0.0007963
2024-12-21 12:53:30 - INFO - epoch-187, train_loss-0.0006240, val_loss-0.0009636
2024-12-21 12:54:35 - INFO - epoch-188, train_loss-0.0006255, val_loss-0.0008193
2024-12-21 12:55:40 - INFO - epoch-189, train_loss-0.0006240, val_loss-0.0008028
2024-12-21 12:56:44 - INFO - epoch-190, train_loss-0.0006242, val_loss-0.0008876
2024-12-21 12:57:48 - INFO - epoch-191, train_loss-0.0006239, val_loss-0.0010233
2024-12-21 12:58:53 - INFO - epoch-192, train_loss-0.0006231, val_loss-0.0010264
2024-12-21 12:59:58 - INFO - epoch-193, train_loss-0.0006213, val_loss-0.0011243
2024-12-21 13:01:02 - INFO - epoch-194, train_loss-0.0006214, val_loss-0.0008795
2024-12-21 13:02:07 - INFO - epoch-195, train_loss-0.0006212, val_loss-0.0007417
2024-12-21 13:03:12 - INFO - epoch-196, train_loss-0.0006204, val_loss-0.0009664
2024-12-21 13:04:16 - INFO - epoch-197, train_loss-0.0006221, val_loss-0.0007646
2024-12-21 13:05:21 - INFO - epoch-198, train_loss-0.0006200, val_loss-0.0007894
2024-12-21 13:06:25 - INFO - epoch-199, train_loss-0.0006196, val_loss-0.0011095
2024-12-21 13:07:29 - INFO - epoch-200, train_loss-0.0006209, val_loss-0.0007619
2024-12-21 13:08:34 - INFO - epoch-201, train_loss-0.0006233, val_loss-0.0011032
2024-12-21 13:09:38 - INFO - epoch-202, train_loss-0.0006205, val_loss-0.0008253
2024-12-21 13:10:42 - INFO - epoch-203, train_loss-0.0006196, val_loss-0.0008187
2024-12-21 13:11:47 - INFO - epoch-204, train_loss-0.0006301, val_loss-0.0007977
2024-12-21 13:12:51 - INFO - epoch-205, train_loss-0.0006183, val_loss-0.0007453
2024-12-21 13:13:56 - INFO - epoch-206, train_loss-0.0006174, val_loss-0.0007603
2024-12-21 13:15:01 - INFO - epoch-207, train_loss-0.0006165, val_loss-0.0007208
2024-12-21 13:16:05 - INFO - epoch-208, train_loss-0.0006162, val_loss-0.0007049
2024-12-21 13:17:10 - INFO - epoch-209, train_loss-0.0006153, val_loss-0.0007423
2024-12-21 13:18:14 - INFO - epoch-210, train_loss-0.0006149, val_loss-0.0007290
2024-12-21 13:19:18 - INFO - epoch-211, train_loss-0.0006146, val_loss-0.0007846
2024-12-21 13:20:23 - INFO - epoch-212, train_loss-0.0006148, val_loss-0.0010562
2024-12-21 13:21:27 - INFO - epoch-213, train_loss-0.0006166, val_loss-0.0008080
2024-12-21 13:22:31 - INFO - epoch-214, train_loss-0.0006152, val_loss-0.0006962
2024-12-21 13:23:36 - INFO - epoch-215, train_loss-0.0006163, val_loss-0.0008369
2024-12-21 13:24:40 - INFO - epoch-216, train_loss-0.0006146, val_loss-0.0007134
2024-12-21 13:26:17 - INFO - epoch-217, train_loss-0.0006138, val_loss-0.0008592
2024-12-21 13:29:09 - INFO - epoch-218, train_loss-0.0006143, val_loss-0.0007765
2024-12-21 13:30:13 - INFO - epoch-219, train_loss-0.0006154, val_loss-0.0007527
2024-12-21 13:31:18 - INFO - epoch-220, train_loss-0.0006154, val_loss-0.0007445
2024-12-21 13:32:22 - INFO - epoch-221, train_loss-0.0006148, val_loss-0.0007362
2024-12-21 13:33:26 - INFO - epoch-222, train_loss-0.0006144, val_loss-0.0007245
2024-12-21 13:34:32 - INFO - epoch-223, train_loss-0.0006128, val_loss-0.0007183
2024-12-21 13:35:36 - INFO - epoch-224, train_loss-0.0006132, val_loss-0.0007258
2024-12-21 13:36:40 - INFO - epoch-225, train_loss-0.0006155, val_loss-0.0006932
2024-12-21 13:37:45 - INFO - epoch-226, train_loss-0.0006137, val_loss-0.0006965
2024-12-21 13:38:49 - INFO - epoch-227, train_loss-0.0006108, val_loss-0.0007014
2024-12-21 13:39:53 - INFO - epoch-228, train_loss-0.0006096, val_loss-0.0007110
2024-12-21 13:40:59 - INFO - epoch-229, train_loss-0.0006097, val_loss-0.0007258
2024-12-21 13:42:04 - INFO - epoch-230, train_loss-0.0006095, val_loss-0.0007174
2024-12-21 13:43:08 - INFO - epoch-231, train_loss-0.0006108, val_loss-0.0007548
2024-12-21 13:44:13 - INFO - epoch-232, train_loss-0.0006102, val_loss-0.0007407
2024-12-21 13:45:17 - INFO - epoch-233, train_loss-0.0006084, val_loss-0.0006971
2024-12-21 13:46:21 - INFO - epoch-234, train_loss-0.0006073, val_loss-0.0007202
2024-12-21 13:47:25 - INFO - epoch-235, train_loss-0.0006070, val_loss-0.0007047
2024-12-21 13:48:29 - INFO - epoch-236, train_loss-0.0006068, val_loss-0.0007085
2024-12-21 13:49:34 - INFO - epoch-237, train_loss-0.0006081, val_loss-0.0008868
2024-12-21 13:50:39 - INFO - epoch-238, train_loss-0.0006080, val_loss-0.0007299
2024-12-21 13:51:43 - INFO - epoch-239, train_loss-0.0006059, val_loss-0.0007491
2024-12-21 13:52:48 - INFO - epoch-240, train_loss-0.0006055, val_loss-0.0007401
2024-12-21 13:53:52 - INFO - epoch-241, train_loss-0.0006056, val_loss-0.0007032
2024-12-21 13:54:56 - INFO - epoch-242, train_loss-0.0006057, val_loss-0.0007191
2024-12-21 13:56:01 - INFO - epoch-243, train_loss-0.0006052, val_loss-0.0007351
2024-12-21 13:57:06 - INFO - epoch-244, train_loss-0.0006037, val_loss-0.0007094
2024-12-21 13:58:10 - INFO - epoch-245, train_loss-0.0006036, val_loss-0.0007545
2024-12-21 13:59:15 - INFO - epoch-246, train_loss-0.0006044, val_loss-0.0007346
2024-12-21 14:00:19 - INFO - epoch-247, train_loss-0.0006049, val_loss-0.0007568
2024-12-21 14:01:24 - INFO - epoch-248, train_loss-0.0006035, val_loss-0.0007408
2024-12-21 14:02:28 - INFO - epoch-249, train_loss-0.0006032, val_loss-0.0007330
2024-12-21 14:03:32 - INFO - epoch-250, train_loss-0.0006017, val_loss-0.0006996
2024-12-21 14:04:36 - INFO - epoch-251, train_loss-0.0006006, val_loss-0.0007127
2024-12-21 14:05:40 - INFO - epoch-252, train_loss-0.0006019, val_loss-0.0007891
2024-12-21 14:06:45 - INFO - epoch-253, train_loss-0.0006023, val_loss-0.0007524
2024-12-21 14:07:49 - INFO - epoch-254, train_loss-0.0006007, val_loss-0.0008090
2024-12-21 14:08:53 - INFO - epoch-255, train_loss-0.0005999, val_loss-0.0008127
2024-12-21 14:09:57 - INFO - epoch-256, train_loss-0.0006005, val_loss-0.0007913
2024-12-21 14:11:01 - INFO - epoch-257, train_loss-0.0006008, val_loss-0.0008492
2024-12-21 14:12:06 - INFO - epoch-258, train_loss-0.0006014, val_loss-0.0008764
2024-12-21 14:13:10 - INFO - epoch-259, train_loss-0.0006018, val_loss-0.0008107
2024-12-21 14:14:14 - INFO - epoch-260, train_loss-0.0006009, val_loss-0.0007575
2024-12-21 14:15:18 - INFO - epoch-261, train_loss-0.0006002, val_loss-0.0008285
2024-12-21 14:16:22 - INFO - epoch-262, train_loss-0.0005982, val_loss-0.0008633
2024-12-21 14:17:27 - INFO - epoch-263, train_loss-0.0005979, val_loss-0.0007601
2024-12-21 14:18:31 - INFO - epoch-264, train_loss-0.0005998, val_loss-0.0008800
2024-12-21 14:19:35 - INFO - epoch-265, train_loss-0.0005983, val_loss-0.0009380
2024-12-21 14:20:39 - INFO - epoch-266, train_loss-0.0005980, val_loss-0.0009721
2024-12-21 14:21:44 - INFO - epoch-267, train_loss-0.0005994, val_loss-0.0008321
2024-12-21 14:22:48 - INFO - epoch-268, train_loss-0.0005990, val_loss-0.0009059
2024-12-21 14:23:52 - INFO - epoch-269, train_loss-0.0005975, val_loss-0.0009610
2024-12-21 14:24:56 - INFO - epoch-270, train_loss-0.0005966, val_loss-0.0010574
2024-12-21 14:26:00 - INFO - epoch-271, train_loss-0.0005963, val_loss-0.0008654
2024-12-21 14:27:04 - INFO - epoch-272, train_loss-0.0005967, val_loss-0.0008487
2024-12-21 14:28:08 - INFO - epoch-273, train_loss-0.0005973, val_loss-0.0009296
2024-12-21 14:29:13 - INFO - epoch-274, train_loss-0.0005967, val_loss-0.0008428
2024-12-21 14:30:17 - INFO - epoch-275, train_loss-0.0005963, val_loss-0.0010274
2024-12-21 14:31:21 - INFO - epoch-276, train_loss-0.0005957, val_loss-0.0009678
2024-12-21 14:32:25 - INFO - epoch-277, train_loss-0.0005957, val_loss-0.0009504
2024-12-21 14:33:29 - INFO - epoch-278, train_loss-0.0005947, val_loss-0.0011222
2024-12-21 14:34:33 - INFO - epoch-279, train_loss-0.0005930, val_loss-0.0011723
2024-12-21 14:35:37 - INFO - epoch-280, train_loss-0.0005934, val_loss-0.0009414
2024-12-21 14:36:42 - INFO - epoch-281, train_loss-0.0005940, val_loss-0.0011790
2024-12-21 14:37:47 - INFO - epoch-282, train_loss-0.0005952, val_loss-0.0012960
2024-12-21 14:38:51 - INFO - epoch-283, train_loss-0.0005958, val_loss-0.0010932
2024-12-21 14:39:55 - INFO - epoch-284, train_loss-0.0005946, val_loss-0.0012042
2024-12-21 14:40:59 - INFO - epoch-285, train_loss-0.0005939, val_loss-0.0013574
2024-12-21 14:43:27 - INFO - epoch-286, train_loss-0.0005946, val_loss-0.0009669
2024-12-21 14:45:42 - INFO - epoch-287, train_loss-0.0005956, val_loss-0.0010469
2024-12-21 14:46:46 - INFO - epoch-288, train_loss-0.0005943, val_loss-0.0007982
2024-12-21 14:47:50 - INFO - epoch-289, train_loss-0.0005953, val_loss-0.0007447
2024-12-21 14:48:54 - INFO - epoch-290, train_loss-0.0005950, val_loss-0.0008845
2024-12-21 14:49:58 - INFO - epoch-291, train_loss-0.0005948, val_loss-0.0009193
2024-12-21 14:51:03 - INFO - epoch-292, train_loss-0.0005945, val_loss-0.0008249
2024-12-21 14:52:07 - INFO - epoch-293, train_loss-0.0005923, val_loss-0.0008622
2024-12-21 14:53:12 - INFO - epoch-294, train_loss-0.0005925, val_loss-0.0007801
2024-12-21 14:54:16 - INFO - epoch-295, train_loss-0.0005921, val_loss-0.0009106
2024-12-21 14:55:20 - INFO - epoch-296, train_loss-0.0005919, val_loss-0.0008081
2024-12-21 14:56:24 - INFO - epoch-297, train_loss-0.0005895, val_loss-0.0009858
2024-12-21 14:57:28 - INFO - epoch-298, train_loss-0.0005902, val_loss-0.0011958
2024-12-21 14:58:32 - INFO - epoch-299, train_loss-0.0005903, val_loss-0.0008992
