2025-03-19 15:07:26 - INFO - train data: 13259
2025-03-19 15:07:26 - INFO - train unqiue data: 13259
2025-03-19 15:07:26 - INFO - valid data: 1474
2025-03-19 15:07:26 - INFO - valid unqiue data: 1474
2025-03-19 15:12:14 - INFO - epoch-0, train_mse_loss-0.0005792, train_kl_loss-0.0018858, train_diff_loss-0.9204566, val_mse_loss-0.0029122, val_kl_loss-0.0001248, val_diff_loss-0.8232096
2025-03-19 15:16:33 - INFO - epoch-1, train_mse_loss-0.0003353, train_kl_loss-0.0001129, train_diff_loss-0.7604512, val_mse_loss-0.0022843, val_kl_loss-0.0001290, val_diff_loss-0.6996896
2025-03-19 15:20:53 - INFO - epoch-2, train_mse_loss-0.0003340, train_kl_loss-0.0001431, train_diff_loss-0.6544658, val_mse_loss-0.0010082, val_kl_loss-0.0001832, val_diff_loss-0.6157172
2025-03-19 15:21:03 - INFO - Saved new best model at epoch 2 with validation loss 0.6169087
2025-03-19 15:25:22 - INFO - epoch-3, train_mse_loss-0.0003330, train_kl_loss-0.0001621, train_diff_loss-0.5774954, val_mse_loss-0.0011595, val_kl_loss-0.0001142, val_diff_loss-0.5532144
2025-03-19 15:25:31 - INFO - Saved new best model at epoch 3 with validation loss 0.5544881
2025-03-19 15:29:50 - INFO - epoch-4, train_mse_loss-0.0003361, train_kl_loss-0.0001649, train_diff_loss-0.5227549, val_mse_loss-0.0007812, val_kl_loss-0.0001984, val_diff_loss-0.5120754
2025-03-19 15:30:01 - INFO - Saved new best model at epoch 4 with validation loss 0.5130549
2025-03-19 15:34:19 - INFO - epoch-5, train_mse_loss-0.0003396, train_kl_loss-0.0001625, train_diff_loss-0.4864752, val_mse_loss-0.0017091, val_kl_loss-0.0002075, val_diff_loss-0.4820214
2025-03-19 15:34:30 - INFO - Saved new best model at epoch 5 with validation loss 0.4839380
2025-03-19 15:38:50 - INFO - epoch-6, train_mse_loss-0.0003347, train_kl_loss-0.0001551, train_diff_loss-0.4661301, val_mse_loss-0.0009618, val_kl_loss-0.0002137, val_diff_loss-0.4626138
2025-03-19 15:38:58 - INFO - Saved new best model at epoch 6 with validation loss 0.4637893
2025-03-19 15:43:16 - INFO - epoch-7, train_mse_loss-0.0003343, train_kl_loss-0.0001190, train_diff_loss-0.4468063, val_mse_loss-0.0008335, val_kl_loss-0.0001083, val_diff_loss-0.4380514
2025-03-19 15:43:23 - INFO - Saved new best model at epoch 7 with validation loss 0.4389932
2025-03-19 15:47:41 - INFO - epoch-8, train_mse_loss-0.0003346, train_kl_loss-0.0001066, train_diff_loss-0.4400161, val_mse_loss-0.0009267, val_kl_loss-0.0000848, val_diff_loss-0.4407105
2025-03-19 15:51:59 - INFO - epoch-9, train_mse_loss-0.0003358, train_kl_loss-0.0001063, train_diff_loss-0.4398338, val_mse_loss-0.0003992, val_kl_loss-0.0000955, val_diff_loss-0.4331361
2025-03-19 15:52:07 - INFO - Saved new best model at epoch 9 with validation loss 0.4336308
2025-03-19 15:56:25 - INFO - epoch-10, train_mse_loss-0.0003338, train_kl_loss-0.0001021, train_diff_loss-0.4326653, val_mse_loss-0.0004354, val_kl_loss-0.0001043, val_diff_loss-0.4222567
2025-03-19 15:56:33 - INFO - Saved new best model at epoch 10 with validation loss 0.4227964
2025-03-19 16:00:51 - INFO - epoch-11, train_mse_loss-0.0003331, train_kl_loss-0.0001010, train_diff_loss-0.4320044, val_mse_loss-0.0004298, val_kl_loss-0.0000952, val_diff_loss-0.4349104
2025-03-19 16:05:10 - INFO - epoch-12, train_mse_loss-0.0003327, train_kl_loss-0.0000990, train_diff_loss-0.4284882, val_mse_loss-0.0004555, val_kl_loss-0.0001071, val_diff_loss-0.4212681
2025-03-19 16:05:18 - INFO - Saved new best model at epoch 12 with validation loss 0.4218308
2025-03-19 16:09:38 - INFO - epoch-13, train_mse_loss-0.0003322, train_kl_loss-0.0000967, train_diff_loss-0.4261277, val_mse_loss-0.0005208, val_kl_loss-0.0000959, val_diff_loss-0.4203523
2025-03-19 16:09:45 - INFO - Saved new best model at epoch 13 with validation loss 0.4209690
2025-03-19 16:14:05 - INFO - epoch-14, train_mse_loss-0.0003311, train_kl_loss-0.0000978, train_diff_loss-0.4262662, val_mse_loss-0.0005489, val_kl_loss-0.0000957, val_diff_loss-0.4196164
2025-03-19 16:14:13 - INFO - Saved new best model at epoch 14 with validation loss 0.4202610
2025-03-19 16:18:32 - INFO - epoch-15, train_mse_loss-0.0003306, train_kl_loss-0.0000949, train_diff_loss-0.4254645, val_mse_loss-0.0005561, val_kl_loss-0.0000914, val_diff_loss-0.4171555
2025-03-19 16:18:39 - INFO - Saved new best model at epoch 15 with validation loss 0.4178030
2025-03-19 16:22:59 - INFO - epoch-16, train_mse_loss-0.0003301, train_kl_loss-0.0000953, train_diff_loss-0.4228683, val_mse_loss-0.0005539, val_kl_loss-0.0000936, val_diff_loss-0.4143405
2025-03-19 16:23:07 - INFO - Saved new best model at epoch 16 with validation loss 0.4149879
2025-03-19 16:27:25 - INFO - epoch-17, train_mse_loss-0.0003291, train_kl_loss-0.0000953, train_diff_loss-0.4207952, val_mse_loss-0.0005498, val_kl_loss-0.0000952, val_diff_loss-0.4313715
2025-03-19 16:31:44 - INFO - epoch-18, train_mse_loss-0.0003286, train_kl_loss-0.0000993, train_diff_loss-0.4276175, val_mse_loss-0.0005483, val_kl_loss-0.0000884, val_diff_loss-0.4233944
2025-03-19 16:36:04 - INFO - epoch-19, train_mse_loss-0.0003279, train_kl_loss-0.0000996, train_diff_loss-0.4296781, val_mse_loss-0.0005365, val_kl_loss-0.0001055, val_diff_loss-0.4305837
2025-03-19 16:40:24 - INFO - epoch-20, train_mse_loss-0.0003278, train_kl_loss-0.0000986, train_diff_loss-0.4287407, val_mse_loss-0.0005183, val_kl_loss-0.0000906, val_diff_loss-0.4292034
2025-03-19 16:44:46 - INFO - epoch-21, train_mse_loss-0.0003275, train_kl_loss-0.0000982, train_diff_loss-0.4282735, val_mse_loss-0.0005020, val_kl_loss-0.0001016, val_diff_loss-0.4312818
2025-03-19 16:49:07 - INFO - epoch-22, train_mse_loss-0.0003266, train_kl_loss-0.0000952, train_diff_loss-0.4197232, val_mse_loss-0.0004730, val_kl_loss-0.0000949, val_diff_loss-0.4236848
2025-03-19 16:53:29 - INFO - epoch-23, train_mse_loss-0.0003263, train_kl_loss-0.0000984, train_diff_loss-0.4241450, val_mse_loss-0.0004497, val_kl_loss-0.0001028, val_diff_loss-0.4081449
2025-03-19 16:53:38 - INFO - Saved new best model at epoch 23 with validation loss 0.4086975
2025-03-19 16:58:01 - INFO - epoch-24, train_mse_loss-0.0003259, train_kl_loss-0.0000987, train_diff_loss-0.4261518, val_mse_loss-0.0004163, val_kl_loss-0.0000896, val_diff_loss-0.4371343
2025-03-19 17:02:22 - INFO - epoch-25, train_mse_loss-0.0003256, train_kl_loss-0.0000981, train_diff_loss-0.4242190, val_mse_loss-0.0004062, val_kl_loss-0.0000983, val_diff_loss-0.4271296
2025-03-19 17:06:44 - INFO - epoch-26, train_mse_loss-0.0003253, train_kl_loss-0.0000974, train_diff_loss-0.4213929, val_mse_loss-0.0003976, val_kl_loss-0.0001085, val_diff_loss-0.4284096
2025-03-19 17:11:07 - INFO - epoch-27, train_mse_loss-0.0003252, train_kl_loss-0.0001011, train_diff_loss-0.4228775, val_mse_loss-0.0003943, val_kl_loss-0.0001060, val_diff_loss-0.4209842
2025-03-19 17:15:28 - INFO - epoch-28, train_mse_loss-0.0003251, train_kl_loss-0.0001003, train_diff_loss-0.4260668, val_mse_loss-0.0003748, val_kl_loss-0.0001074, val_diff_loss-0.4246038
2025-03-19 17:19:48 - INFO - epoch-29, train_mse_loss-0.0003250, train_kl_loss-0.0000980, train_diff_loss-0.4243808, val_mse_loss-0.0003711, val_kl_loss-0.0001005, val_diff_loss-0.4257028
2025-03-19 17:24:09 - INFO - epoch-30, train_mse_loss-0.0003250, train_kl_loss-0.0001004, train_diff_loss-0.4262357, val_mse_loss-0.0003610, val_kl_loss-0.0001006, val_diff_loss-0.4292795
2025-03-19 17:28:28 - INFO - epoch-31, train_mse_loss-0.0003250, train_kl_loss-0.0001003, train_diff_loss-0.4255036, val_mse_loss-0.0003401, val_kl_loss-0.0000933, val_diff_loss-0.4391004
2025-03-19 17:32:48 - INFO - epoch-32, train_mse_loss-0.0003249, train_kl_loss-0.0000984, train_diff_loss-0.4235575, val_mse_loss-0.0003421, val_kl_loss-0.0000932, val_diff_loss-0.4368643
2025-03-19 17:37:05 - INFO - epoch-33, train_mse_loss-0.0003248, train_kl_loss-0.0000996, train_diff_loss-0.4240935, val_mse_loss-0.0003386, val_kl_loss-0.0001033, val_diff_loss-0.4300781
2025-03-19 17:41:24 - INFO - epoch-34, train_mse_loss-0.0003248, train_kl_loss-0.0001011, train_diff_loss-0.4272151, val_mse_loss-0.0003331, val_kl_loss-0.0000948, val_diff_loss-0.4214962
2025-03-19 17:45:44 - INFO - epoch-35, train_mse_loss-0.0003248, train_kl_loss-0.0001000, train_diff_loss-0.4277572, val_mse_loss-0.0003386, val_kl_loss-0.0001085, val_diff_loss-0.4221809
2025-03-19 17:50:03 - INFO - epoch-36, train_mse_loss-0.0003249, train_kl_loss-0.0001007, train_diff_loss-0.4241431, val_mse_loss-0.0003396, val_kl_loss-0.0000897, val_diff_loss-0.4373843
2025-03-19 17:54:21 - INFO - epoch-37, train_mse_loss-0.0003248, train_kl_loss-0.0000977, train_diff_loss-0.4217636, val_mse_loss-0.0003368, val_kl_loss-0.0000972, val_diff_loss-0.4165865
2025-03-19 17:58:42 - INFO - epoch-38, train_mse_loss-0.0003248, train_kl_loss-0.0001025, train_diff_loss-0.4287967, val_mse_loss-0.0003634, val_kl_loss-0.0001008, val_diff_loss-0.4308734
2025-03-19 18:03:03 - INFO - epoch-39, train_mse_loss-0.0003247, train_kl_loss-0.0000987, train_diff_loss-0.4235476, val_mse_loss-0.0003754, val_kl_loss-0.0001012, val_diff_loss-0.4300715
2025-03-19 18:07:24 - INFO - epoch-40, train_mse_loss-0.0003246, train_kl_loss-0.0000986, train_diff_loss-0.4246113, val_mse_loss-0.0003930, val_kl_loss-0.0001072, val_diff_loss-0.4216684
2025-03-19 18:11:45 - INFO - epoch-41, train_mse_loss-0.0003245, train_kl_loss-0.0000998, train_diff_loss-0.4245055, val_mse_loss-0.0003957, val_kl_loss-0.0001013, val_diff_loss-0.4087051
2025-03-19 18:16:06 - INFO - epoch-42, train_mse_loss-0.0003244, train_kl_loss-0.0001004, train_diff_loss-0.4254669, val_mse_loss-0.0004366, val_kl_loss-0.0000982, val_diff_loss-0.4247720
2025-03-19 18:20:24 - INFO - epoch-43, train_mse_loss-0.0003243, train_kl_loss-0.0000988, train_diff_loss-0.4212876, val_mse_loss-0.0004201, val_kl_loss-0.0001006, val_diff_loss-0.4361164
2025-03-19 18:24:42 - INFO - epoch-44, train_mse_loss-0.0003243, train_kl_loss-0.0000980, train_diff_loss-0.4182653, val_mse_loss-0.0004780, val_kl_loss-0.0001023, val_diff_loss-0.4132679
2025-03-19 18:29:01 - INFO - epoch-45, train_mse_loss-0.0003242, train_kl_loss-0.0001024, train_diff_loss-0.4242071, val_mse_loss-0.0004452, val_kl_loss-0.0001031, val_diff_loss-0.4258909
2025-03-19 18:33:19 - INFO - epoch-46, train_mse_loss-0.0003242, train_kl_loss-0.0001023, train_diff_loss-0.4249763, val_mse_loss-0.0004359, val_kl_loss-0.0001035, val_diff_loss-0.4204956
2025-03-19 18:37:37 - INFO - epoch-47, train_mse_loss-0.0003242, train_kl_loss-0.0000991, train_diff_loss-0.4225011, val_mse_loss-0.0004074, val_kl_loss-0.0000935, val_diff_loss-0.4221427
2025-03-19 18:41:57 - INFO - epoch-48, train_mse_loss-0.0003242, train_kl_loss-0.0000989, train_diff_loss-0.4241313, val_mse_loss-0.0003850, val_kl_loss-0.0000947, val_diff_loss-0.4312923
2025-03-19 18:46:14 - INFO - epoch-49, train_mse_loss-0.0003242, train_kl_loss-0.0001010, train_diff_loss-0.4250890, val_mse_loss-0.0003518, val_kl_loss-0.0001074, val_diff_loss-0.4309086
2025-03-19 18:50:33 - INFO - epoch-50, train_mse_loss-0.0003242, train_kl_loss-0.0000998, train_diff_loss-0.4237129, val_mse_loss-0.0003890, val_kl_loss-0.0001102, val_diff_loss-0.4487560
2025-03-19 18:54:51 - INFO - epoch-51, train_mse_loss-0.0003242, train_kl_loss-0.0001018, train_diff_loss-0.4239495, val_mse_loss-0.0003769, val_kl_loss-0.0000926, val_diff_loss-0.4331603
2025-03-19 18:59:09 - INFO - epoch-52, train_mse_loss-0.0003242, train_kl_loss-0.0000990, train_diff_loss-0.4224816, val_mse_loss-0.0003638, val_kl_loss-0.0000981, val_diff_loss-0.4301471
2025-03-19 19:03:27 - INFO - epoch-53, train_mse_loss-0.0003241, train_kl_loss-0.0001008, train_diff_loss-0.4245027, val_mse_loss-0.0003559, val_kl_loss-0.0001040, val_diff_loss-0.4278095
2025-03-19 19:07:45 - INFO - epoch-54, train_mse_loss-0.0003241, train_kl_loss-0.0000983, train_diff_loss-0.4193593, val_mse_loss-0.0003654, val_kl_loss-0.0000992, val_diff_loss-0.4348891
2025-03-19 19:12:03 - INFO - epoch-55, train_mse_loss-0.0003240, train_kl_loss-0.0000993, train_diff_loss-0.4208117, val_mse_loss-0.0003446, val_kl_loss-0.0001001, val_diff_loss-0.4129611
2025-03-19 19:16:21 - INFO - epoch-56, train_mse_loss-0.0003240, train_kl_loss-0.0000993, train_diff_loss-0.4209338, val_mse_loss-0.0003529, val_kl_loss-0.0000999, val_diff_loss-0.4264701
2025-03-19 19:20:42 - INFO - epoch-57, train_mse_loss-0.0003240, train_kl_loss-0.0001017, train_diff_loss-0.4252048, val_mse_loss-0.0003475, val_kl_loss-0.0000979, val_diff_loss-0.4158013
2025-03-19 19:25:02 - INFO - epoch-58, train_mse_loss-0.0003240, train_kl_loss-0.0001019, train_diff_loss-0.4262538, val_mse_loss-0.0003468, val_kl_loss-0.0000959, val_diff_loss-0.4151515
2025-03-19 19:29:25 - INFO - epoch-59, train_mse_loss-0.0003240, train_kl_loss-0.0000977, train_diff_loss-0.4207835, val_mse_loss-0.0003429, val_kl_loss-0.0001068, val_diff_loss-0.4313197
2025-03-19 19:33:48 - INFO - epoch-60, train_mse_loss-0.0003240, train_kl_loss-0.0001018, train_diff_loss-0.4231784, val_mse_loss-0.0003479, val_kl_loss-0.0001007, val_diff_loss-0.4255429
2025-03-19 19:38:09 - INFO - epoch-61, train_mse_loss-0.0003240, train_kl_loss-0.0000986, train_diff_loss-0.4219426, val_mse_loss-0.0003443, val_kl_loss-0.0001066, val_diff_loss-0.4189165
2025-03-19 19:42:27 - INFO - epoch-62, train_mse_loss-0.0003240, train_kl_loss-0.0001004, train_diff_loss-0.4233995, val_mse_loss-0.0003400, val_kl_loss-0.0001035, val_diff_loss-0.4222783
2025-03-19 19:46:47 - INFO - epoch-63, train_mse_loss-0.0003240, train_kl_loss-0.0001040, train_diff_loss-0.4285225, val_mse_loss-0.0003461, val_kl_loss-0.0000921, val_diff_loss-0.4299024
2025-03-19 19:51:07 - INFO - epoch-64, train_mse_loss-0.0003240, train_kl_loss-0.0000967, train_diff_loss-0.4203660, val_mse_loss-0.0003409, val_kl_loss-0.0000902, val_diff_loss-0.4293124
2025-03-19 19:55:30 - INFO - epoch-65, train_mse_loss-0.0003240, train_kl_loss-0.0001000, train_diff_loss-0.4202958, val_mse_loss-0.0003458, val_kl_loss-0.0000994, val_diff_loss-0.4307271
2025-03-19 19:59:50 - INFO - epoch-66, train_mse_loss-0.0003240, train_kl_loss-0.0001027, train_diff_loss-0.4274272, val_mse_loss-0.0003378, val_kl_loss-0.0001016, val_diff_loss-0.4314852
2025-03-19 20:04:12 - INFO - epoch-67, train_mse_loss-0.0003240, train_kl_loss-0.0000978, train_diff_loss-0.4205036, val_mse_loss-0.0003453, val_kl_loss-0.0000999, val_diff_loss-0.4245714
2025-03-19 20:08:31 - INFO - epoch-68, train_mse_loss-0.0003240, train_kl_loss-0.0001036, train_diff_loss-0.4274943, val_mse_loss-0.0003453, val_kl_loss-0.0001072, val_diff_loss-0.4283850
2025-03-19 20:12:49 - INFO - epoch-69, train_mse_loss-0.0003239, train_kl_loss-0.0001004, train_diff_loss-0.4229886, val_mse_loss-0.0003362, val_kl_loss-0.0000994, val_diff_loss-0.4379469
2025-03-19 20:17:07 - INFO - epoch-70, train_mse_loss-0.0003239, train_kl_loss-0.0000998, train_diff_loss-0.4231372, val_mse_loss-0.0003448, val_kl_loss-0.0001005, val_diff_loss-0.4329658
2025-03-19 20:21:24 - INFO - epoch-71, train_mse_loss-0.0003239, train_kl_loss-0.0000991, train_diff_loss-0.4204849, val_mse_loss-0.0003345, val_kl_loss-0.0001061, val_diff_loss-0.4245104
2025-03-19 20:25:43 - INFO - epoch-72, train_mse_loss-0.0003239, train_kl_loss-0.0001001, train_diff_loss-0.4218202, val_mse_loss-0.0003489, val_kl_loss-0.0000968, val_diff_loss-0.4206694
2025-03-19 20:30:01 - INFO - epoch-73, train_mse_loss-0.0003239, train_kl_loss-0.0000995, train_diff_loss-0.4249931, val_mse_loss-0.0003463, val_kl_loss-0.0001079, val_diff_loss-0.4197882
2025-03-19 20:34:18 - INFO - epoch-74, train_mse_loss-0.0003239, train_kl_loss-0.0000977, train_diff_loss-0.4202627, val_mse_loss-0.0003432, val_kl_loss-0.0001010, val_diff_loss-0.4185581
2025-03-19 20:38:36 - INFO - epoch-75, train_mse_loss-0.0003239, train_kl_loss-0.0001011, train_diff_loss-0.4238199, val_mse_loss-0.0003566, val_kl_loss-0.0000988, val_diff_loss-0.4094931
2025-03-19 20:42:54 - INFO - epoch-76, train_mse_loss-0.0003239, train_kl_loss-0.0001023, train_diff_loss-0.4280591, val_mse_loss-0.0003388, val_kl_loss-0.0000983, val_diff_loss-0.4193823
2025-03-19 20:47:12 - INFO - epoch-77, train_mse_loss-0.0003239, train_kl_loss-0.0000976, train_diff_loss-0.4211343, val_mse_loss-0.0003421, val_kl_loss-0.0000933, val_diff_loss-0.4159093
2025-03-19 20:51:30 - INFO - epoch-78, train_mse_loss-0.0003239, train_kl_loss-0.0001007, train_diff_loss-0.4238956, val_mse_loss-0.0003440, val_kl_loss-0.0000995, val_diff_loss-0.4208531
2025-03-19 20:55:48 - INFO - epoch-79, train_mse_loss-0.0003239, train_kl_loss-0.0000977, train_diff_loss-0.4189300, val_mse_loss-0.0003385, val_kl_loss-0.0000911, val_diff_loss-0.4282954
2025-03-19 21:00:05 - INFO - epoch-80, train_mse_loss-0.0003239, train_kl_loss-0.0001006, train_diff_loss-0.4214493, val_mse_loss-0.0003463, val_kl_loss-0.0001019, val_diff_loss-0.4326709
2025-03-19 21:04:23 - INFO - epoch-81, train_mse_loss-0.0003239, train_kl_loss-0.0001028, train_diff_loss-0.4253030, val_mse_loss-0.0003439, val_kl_loss-0.0001098, val_diff_loss-0.4244249
2025-03-19 21:08:41 - INFO - epoch-82, train_mse_loss-0.0003239, train_kl_loss-0.0001023, train_diff_loss-0.4261766, val_mse_loss-0.0003366, val_kl_loss-0.0000971, val_diff_loss-0.4213551
2025-03-19 21:12:59 - INFO - epoch-83, train_mse_loss-0.0003239, train_kl_loss-0.0001007, train_diff_loss-0.4247622, val_mse_loss-0.0003436, val_kl_loss-0.0001116, val_diff_loss-0.4423044
2025-03-19 21:17:18 - INFO - epoch-84, train_mse_loss-0.0003239, train_kl_loss-0.0001006, train_diff_loss-0.4251762, val_mse_loss-0.0003567, val_kl_loss-0.0000966, val_diff_loss-0.4257329
2025-03-19 21:21:36 - INFO - epoch-85, train_mse_loss-0.0003239, train_kl_loss-0.0001002, train_diff_loss-0.4254341, val_mse_loss-0.0003391, val_kl_loss-0.0000948, val_diff_loss-0.4242840
2025-03-19 21:25:54 - INFO - epoch-86, train_mse_loss-0.0003239, train_kl_loss-0.0001016, train_diff_loss-0.4276432, val_mse_loss-0.0003437, val_kl_loss-0.0001010, val_diff_loss-0.4288208
2025-03-19 21:30:12 - INFO - epoch-87, train_mse_loss-0.0003239, train_kl_loss-0.0000985, train_diff_loss-0.4207621, val_mse_loss-0.0003441, val_kl_loss-0.0001027, val_diff_loss-0.4112777
2025-03-19 21:34:30 - INFO - epoch-88, train_mse_loss-0.0003239, train_kl_loss-0.0000997, train_diff_loss-0.4224286, val_mse_loss-0.0003397, val_kl_loss-0.0000929, val_diff_loss-0.4266498
2025-03-19 21:38:48 - INFO - epoch-89, train_mse_loss-0.0003239, train_kl_loss-0.0001001, train_diff_loss-0.4246514, val_mse_loss-0.0003362, val_kl_loss-0.0001091, val_diff_loss-0.4208675
2025-03-19 21:43:06 - INFO - epoch-90, train_mse_loss-0.0003239, train_kl_loss-0.0001029, train_diff_loss-0.4276616, val_mse_loss-0.0003625, val_kl_loss-0.0001051, val_diff_loss-0.4214403
2025-03-19 21:47:25 - INFO - epoch-91, train_mse_loss-0.0003239, train_kl_loss-0.0001006, train_diff_loss-0.4220493, val_mse_loss-0.0003543, val_kl_loss-0.0000995, val_diff_loss-0.4007244
2025-03-19 21:47:33 - INFO - Saved new best model at epoch 91 with validation loss 0.4011782
2025-03-19 21:51:51 - INFO - epoch-92, train_mse_loss-0.0003239, train_kl_loss-0.0000990, train_diff_loss-0.4220678, val_mse_loss-0.0003441, val_kl_loss-0.0001034, val_diff_loss-0.4172635
2025-03-19 21:56:10 - INFO - epoch-93, train_mse_loss-0.0003239, train_kl_loss-0.0001029, train_diff_loss-0.4272292, val_mse_loss-0.0003356, val_kl_loss-0.0001058, val_diff_loss-0.4197972
2025-03-19 22:00:28 - INFO - epoch-94, train_mse_loss-0.0003239, train_kl_loss-0.0000992, train_diff_loss-0.4190423, val_mse_loss-0.0003486, val_kl_loss-0.0000914, val_diff_loss-0.4282398
2025-03-19 22:04:47 - INFO - epoch-95, train_mse_loss-0.0003239, train_kl_loss-0.0001002, train_diff_loss-0.4230735, val_mse_loss-0.0003481, val_kl_loss-0.0001004, val_diff_loss-0.4240828
2025-03-19 22:09:05 - INFO - epoch-96, train_mse_loss-0.0003239, train_kl_loss-0.0000992, train_diff_loss-0.4238304, val_mse_loss-0.0003453, val_kl_loss-0.0001059, val_diff_loss-0.4317346
2025-03-19 22:13:23 - INFO - epoch-97, train_mse_loss-0.0003239, train_kl_loss-0.0001005, train_diff_loss-0.4228957, val_mse_loss-0.0003395, val_kl_loss-0.0001077, val_diff_loss-0.4143167
2025-03-19 22:17:41 - INFO - epoch-98, train_mse_loss-0.0003239, train_kl_loss-0.0001007, train_diff_loss-0.4228629, val_mse_loss-0.0003599, val_kl_loss-0.0000983, val_diff_loss-0.4252080
2025-03-19 22:21:59 - INFO - epoch-99, train_mse_loss-0.0003239, train_kl_loss-0.0001002, train_diff_loss-0.4237803, val_mse_loss-0.0003517, val_kl_loss-0.0001105, val_diff_loss-0.4366192
2025-03-19 22:26:17 - INFO - epoch-100, train_mse_loss-0.0003239, train_kl_loss-0.0001014, train_diff_loss-0.4259997, val_mse_loss-0.0003523, val_kl_loss-0.0001067, val_diff_loss-0.4340096
2025-03-19 22:30:35 - INFO - epoch-101, train_mse_loss-0.0003239, train_kl_loss-0.0000999, train_diff_loss-0.4238849, val_mse_loss-0.0003335, val_kl_loss-0.0001131, val_diff_loss-0.4145334
2025-03-19 22:34:52 - INFO - epoch-102, train_mse_loss-0.0003239, train_kl_loss-0.0001016, train_diff_loss-0.4249017, val_mse_loss-0.0003543, val_kl_loss-0.0000989, val_diff_loss-0.4195141
2025-03-19 22:39:09 - INFO - epoch-103, train_mse_loss-0.0003239, train_kl_loss-0.0000999, train_diff_loss-0.4253790, val_mse_loss-0.0003356, val_kl_loss-0.0001029, val_diff_loss-0.4310952
2025-03-19 22:43:27 - INFO - epoch-104, train_mse_loss-0.0003239, train_kl_loss-0.0001004, train_diff_loss-0.4213989, val_mse_loss-0.0003625, val_kl_loss-0.0000894, val_diff_loss-0.4153588
2025-03-19 22:47:45 - INFO - epoch-105, train_mse_loss-0.0003239, train_kl_loss-0.0000996, train_diff_loss-0.4233397, val_mse_loss-0.0003451, val_kl_loss-0.0001036, val_diff_loss-0.4176507
2025-03-19 22:52:04 - INFO - epoch-106, train_mse_loss-0.0003239, train_kl_loss-0.0001008, train_diff_loss-0.4222789, val_mse_loss-0.0003541, val_kl_loss-0.0001054, val_diff_loss-0.4359399
2025-03-19 22:56:21 - INFO - epoch-107, train_mse_loss-0.0003239, train_kl_loss-0.0001047, train_diff_loss-0.4269269, val_mse_loss-0.0003568, val_kl_loss-0.0000985, val_diff_loss-0.4263133
2025-03-19 23:00:39 - INFO - epoch-108, train_mse_loss-0.0003239, train_kl_loss-0.0000995, train_diff_loss-0.4201022, val_mse_loss-0.0003399, val_kl_loss-0.0000979, val_diff_loss-0.4222276
2025-03-19 23:04:56 - INFO - epoch-109, train_mse_loss-0.0003239, train_kl_loss-0.0001008, train_diff_loss-0.4250411, val_mse_loss-0.0003508, val_kl_loss-0.0000926, val_diff_loss-0.4247835
2025-03-19 23:09:13 - INFO - epoch-110, train_mse_loss-0.0003239, train_kl_loss-0.0001008, train_diff_loss-0.4254913, val_mse_loss-0.0003577, val_kl_loss-0.0001060, val_diff_loss-0.4268742
2025-03-19 23:13:31 - INFO - epoch-111, train_mse_loss-0.0003239, train_kl_loss-0.0001009, train_diff_loss-0.4254487, val_mse_loss-0.0003663, val_kl_loss-0.0000980, val_diff_loss-0.4148164
2025-03-19 23:17:48 - INFO - epoch-112, train_mse_loss-0.0003239, train_kl_loss-0.0000985, train_diff_loss-0.4215078, val_mse_loss-0.0003569, val_kl_loss-0.0000989, val_diff_loss-0.4197497
2025-03-19 23:22:05 - INFO - epoch-113, train_mse_loss-0.0003239, train_kl_loss-0.0000996, train_diff_loss-0.4222608, val_mse_loss-0.0003592, val_kl_loss-0.0001044, val_diff_loss-0.4202600
2025-03-19 23:26:22 - INFO - epoch-114, train_mse_loss-0.0003239, train_kl_loss-0.0001026, train_diff_loss-0.4263941, val_mse_loss-0.0003443, val_kl_loss-0.0000933, val_diff_loss-0.4222878
2025-03-19 23:30:39 - INFO - epoch-115, train_mse_loss-0.0003239, train_kl_loss-0.0001020, train_diff_loss-0.4266577, val_mse_loss-0.0003675, val_kl_loss-0.0001071, val_diff_loss-0.4386524
2025-03-19 23:34:56 - INFO - epoch-116, train_mse_loss-0.0003239, train_kl_loss-0.0001006, train_diff_loss-0.4238372, val_mse_loss-0.0003560, val_kl_loss-0.0001061, val_diff_loss-0.4266815
2025-03-19 23:39:13 - INFO - epoch-117, train_mse_loss-0.0003239, train_kl_loss-0.0001007, train_diff_loss-0.4263115, val_mse_loss-0.0003590, val_kl_loss-0.0001056, val_diff_loss-0.4281760
2025-03-19 23:43:31 - INFO - epoch-118, train_mse_loss-0.0003239, train_kl_loss-0.0001004, train_diff_loss-0.4233088, val_mse_loss-0.0003952, val_kl_loss-0.0001031, val_diff_loss-0.4338149
2025-03-19 23:47:48 - INFO - epoch-119, train_mse_loss-0.0003239, train_kl_loss-0.0001003, train_diff_loss-0.4235795, val_mse_loss-0.0003574, val_kl_loss-0.0001019, val_diff_loss-0.4250845
2025-03-19 23:52:06 - INFO - epoch-120, train_mse_loss-0.0003239, train_kl_loss-0.0000995, train_diff_loss-0.4218577, val_mse_loss-0.0003534, val_kl_loss-0.0001043, val_diff_loss-0.4355947
2025-03-19 23:56:23 - INFO - epoch-121, train_mse_loss-0.0003239, train_kl_loss-0.0001029, train_diff_loss-0.4238619, val_mse_loss-0.0003476, val_kl_loss-0.0000969, val_diff_loss-0.4095232
2025-03-20 00:00:41 - INFO - epoch-122, train_mse_loss-0.0003239, train_kl_loss-0.0001002, train_diff_loss-0.4236127, val_mse_loss-0.0003684, val_kl_loss-0.0001012, val_diff_loss-0.4193292
2025-03-20 00:04:57 - INFO - epoch-123, train_mse_loss-0.0003239, train_kl_loss-0.0000999, train_diff_loss-0.4232266, val_mse_loss-0.0003463, val_kl_loss-0.0000969, val_diff_loss-0.4100980
2025-03-20 00:09:14 - INFO - epoch-124, train_mse_loss-0.0003239, train_kl_loss-0.0001038, train_diff_loss-0.4289288, val_mse_loss-0.0003563, val_kl_loss-0.0000999, val_diff_loss-0.4297637
2025-03-20 00:13:32 - INFO - epoch-125, train_mse_loss-0.0003239, train_kl_loss-0.0001020, train_diff_loss-0.4297706, val_mse_loss-0.0003813, val_kl_loss-0.0000966, val_diff_loss-0.4123936
2025-03-20 00:17:49 - INFO - epoch-126, train_mse_loss-0.0003239, train_kl_loss-0.0000999, train_diff_loss-0.4260841, val_mse_loss-0.0003917, val_kl_loss-0.0000974, val_diff_loss-0.4195818
2025-03-20 00:22:06 - INFO - epoch-127, train_mse_loss-0.0003239, train_kl_loss-0.0000993, train_diff_loss-0.4248828, val_mse_loss-0.0003855, val_kl_loss-0.0001013, val_diff_loss-0.4154498
2025-03-20 00:26:23 - INFO - epoch-128, train_mse_loss-0.0003239, train_kl_loss-0.0000966, train_diff_loss-0.4180152, val_mse_loss-0.0003850, val_kl_loss-0.0000978, val_diff_loss-0.4190989
2025-03-20 00:30:41 - INFO - epoch-129, train_mse_loss-0.0003239, train_kl_loss-0.0001011, train_diff_loss-0.4230939, val_mse_loss-0.0003802, val_kl_loss-0.0001033, val_diff_loss-0.4176792
2025-03-20 00:34:58 - INFO - epoch-130, train_mse_loss-0.0003239, train_kl_loss-0.0000999, train_diff_loss-0.4213490, val_mse_loss-0.0003870, val_kl_loss-0.0000935, val_diff_loss-0.4351888
2025-03-20 00:39:15 - INFO - epoch-131, train_mse_loss-0.0003239, train_kl_loss-0.0000977, train_diff_loss-0.4160743, val_mse_loss-0.0003613, val_kl_loss-0.0000909, val_diff_loss-0.4114595
2025-03-20 00:43:32 - INFO - epoch-132, train_mse_loss-0.0003239, train_kl_loss-0.0000979, train_diff_loss-0.4153321, val_mse_loss-0.0003745, val_kl_loss-0.0000918, val_diff_loss-0.4246391
2025-03-20 00:47:50 - INFO - epoch-133, train_mse_loss-0.0003239, train_kl_loss-0.0001032, train_diff_loss-0.4268591, val_mse_loss-0.0003786, val_kl_loss-0.0001079, val_diff_loss-0.4294969
2025-03-20 00:52:08 - INFO - epoch-134, train_mse_loss-0.0003239, train_kl_loss-0.0001011, train_diff_loss-0.4221980, val_mse_loss-0.0003427, val_kl_loss-0.0001020, val_diff_loss-0.4340415
2025-03-20 00:56:25 - INFO - epoch-135, train_mse_loss-0.0003239, train_kl_loss-0.0000970, train_diff_loss-0.4165409, val_mse_loss-0.0003784, val_kl_loss-0.0001006, val_diff_loss-0.4276641
2025-03-20 01:00:43 - INFO - epoch-136, train_mse_loss-0.0003239, train_kl_loss-0.0001000, train_diff_loss-0.4214786, val_mse_loss-0.0003490, val_kl_loss-0.0001049, val_diff_loss-0.4275954
2025-03-20 01:05:00 - INFO - epoch-137, train_mse_loss-0.0003239, train_kl_loss-0.0001014, train_diff_loss-0.4212882, val_mse_loss-0.0003828, val_kl_loss-0.0000943, val_diff_loss-0.4164374
2025-03-20 01:09:18 - INFO - epoch-138, train_mse_loss-0.0003239, train_kl_loss-0.0000972, train_diff_loss-0.4194982, val_mse_loss-0.0003828, val_kl_loss-0.0000978, val_diff_loss-0.4432777
2025-03-20 01:13:36 - INFO - epoch-139, train_mse_loss-0.0003239, train_kl_loss-0.0000994, train_diff_loss-0.4194871, val_mse_loss-0.0003697, val_kl_loss-0.0001076, val_diff_loss-0.4258922
2025-03-20 01:17:54 - INFO - epoch-140, train_mse_loss-0.0003239, train_kl_loss-0.0001041, train_diff_loss-0.4265195, val_mse_loss-0.0003848, val_kl_loss-0.0000940, val_diff_loss-0.4081435
2025-03-20 01:22:11 - INFO - epoch-141, train_mse_loss-0.0003239, train_kl_loss-0.0001001, train_diff_loss-0.4202460, val_mse_loss-0.0003719, val_kl_loss-0.0000971, val_diff_loss-0.4281471
2025-03-20 01:26:29 - INFO - epoch-142, train_mse_loss-0.0003239, train_kl_loss-0.0001017, train_diff_loss-0.4247897, val_mse_loss-0.0003677, val_kl_loss-0.0001002, val_diff_loss-0.4165049
2025-03-20 01:30:46 - INFO - epoch-143, train_mse_loss-0.0003239, train_kl_loss-0.0001019, train_diff_loss-0.4255886, val_mse_loss-0.0003842, val_kl_loss-0.0000908, val_diff_loss-0.4308146
2025-03-20 01:35:04 - INFO - epoch-144, train_mse_loss-0.0003239, train_kl_loss-0.0001014, train_diff_loss-0.4273835, val_mse_loss-0.0003847, val_kl_loss-0.0001027, val_diff_loss-0.4322619
2025-03-20 01:39:22 - INFO - epoch-145, train_mse_loss-0.0003239, train_kl_loss-0.0000958, train_diff_loss-0.4194437, val_mse_loss-0.0003729, val_kl_loss-0.0001041, val_diff_loss-0.4212967
2025-03-20 01:43:40 - INFO - epoch-146, train_mse_loss-0.0003239, train_kl_loss-0.0001045, train_diff_loss-0.4292422, val_mse_loss-0.0003614, val_kl_loss-0.0001085, val_diff_loss-0.4264143
2025-03-20 01:47:57 - INFO - epoch-147, train_mse_loss-0.0003239, train_kl_loss-0.0000994, train_diff_loss-0.4230672, val_mse_loss-0.0003811, val_kl_loss-0.0001000, val_diff_loss-0.4285904
2025-03-20 01:52:15 - INFO - epoch-148, train_mse_loss-0.0003239, train_kl_loss-0.0000985, train_diff_loss-0.4225620, val_mse_loss-0.0003709, val_kl_loss-0.0001040, val_diff_loss-0.4298193
2025-03-20 01:56:33 - INFO - epoch-149, train_mse_loss-0.0003239, train_kl_loss-0.0000995, train_diff_loss-0.4200973, val_mse_loss-0.0003676, val_kl_loss-0.0000938, val_diff_loss-0.4238545
2025-03-20 02:00:51 - INFO - epoch-150, train_mse_loss-0.0003239, train_kl_loss-0.0000993, train_diff_loss-0.4188601, val_mse_loss-0.0003767, val_kl_loss-0.0001054, val_diff_loss-0.4267439
2025-03-20 02:05:11 - INFO - epoch-151, train_mse_loss-0.0003239, train_kl_loss-0.0001015, train_diff_loss-0.4214140, val_mse_loss-0.0003799, val_kl_loss-0.0000934, val_diff_loss-0.4306671
2025-03-20 02:09:31 - INFO - epoch-152, train_mse_loss-0.0003239, train_kl_loss-0.0000991, train_diff_loss-0.4207810, val_mse_loss-0.0003760, val_kl_loss-0.0001019, val_diff_loss-0.4172158
2025-03-20 02:13:49 - INFO - epoch-153, train_mse_loss-0.0003239, train_kl_loss-0.0001022, train_diff_loss-0.4254065, val_mse_loss-0.0003769, val_kl_loss-0.0000990, val_diff_loss-0.4301304
2025-03-20 02:18:06 - INFO - epoch-154, train_mse_loss-0.0003239, train_kl_loss-0.0000998, train_diff_loss-0.4214328, val_mse_loss-0.0003755, val_kl_loss-0.0000957, val_diff_loss-0.4189130
2025-03-20 02:22:24 - INFO - epoch-155, train_mse_loss-0.0003239, train_kl_loss-0.0001006, train_diff_loss-0.4254992, val_mse_loss-0.0003820, val_kl_loss-0.0001007, val_diff_loss-0.4317890
2025-03-20 02:26:41 - INFO - epoch-156, train_mse_loss-0.0003239, train_kl_loss-0.0000981, train_diff_loss-0.4196731, val_mse_loss-0.0003750, val_kl_loss-0.0001014, val_diff_loss-0.4396643
2025-03-20 02:30:59 - INFO - epoch-157, train_mse_loss-0.0003239, train_kl_loss-0.0000998, train_diff_loss-0.4215316, val_mse_loss-0.0003730, val_kl_loss-0.0000932, val_diff_loss-0.4218596
2025-03-20 02:35:17 - INFO - epoch-158, train_mse_loss-0.0003239, train_kl_loss-0.0001004, train_diff_loss-0.4230719, val_mse_loss-0.0004073, val_kl_loss-0.0001056, val_diff_loss-0.4226828
2025-03-20 02:39:34 - INFO - epoch-159, train_mse_loss-0.0003239, train_kl_loss-0.0001012, train_diff_loss-0.4241061, val_mse_loss-0.0003772, val_kl_loss-0.0000990, val_diff_loss-0.4263080
2025-03-20 02:43:52 - INFO - epoch-160, train_mse_loss-0.0003239, train_kl_loss-0.0000991, train_diff_loss-0.4230453, val_mse_loss-0.0003908, val_kl_loss-0.0000936, val_diff_loss-0.4127269
2025-03-20 02:48:10 - INFO - epoch-161, train_mse_loss-0.0003239, train_kl_loss-0.0000982, train_diff_loss-0.4202366, val_mse_loss-0.0003663, val_kl_loss-0.0001000, val_diff_loss-0.4186139
2025-03-20 02:52:28 - INFO - epoch-162, train_mse_loss-0.0003239, train_kl_loss-0.0000995, train_diff_loss-0.4199126, val_mse_loss-0.0004220, val_kl_loss-0.0000916, val_diff_loss-0.4187247
2025-03-20 02:56:46 - INFO - epoch-163, train_mse_loss-0.0003239, train_kl_loss-0.0001019, train_diff_loss-0.4287566, val_mse_loss-0.0003874, val_kl_loss-0.0001025, val_diff_loss-0.4137213
2025-03-20 03:01:04 - INFO - epoch-164, train_mse_loss-0.0003239, train_kl_loss-0.0001008, train_diff_loss-0.4245498, val_mse_loss-0.0003656, val_kl_loss-0.0000991, val_diff_loss-0.4380753
2025-03-20 03:05:22 - INFO - epoch-165, train_mse_loss-0.0003239, train_kl_loss-0.0001016, train_diff_loss-0.4249415, val_mse_loss-0.0003885, val_kl_loss-0.0000980, val_diff_loss-0.4257847
2025-03-20 03:09:40 - INFO - epoch-166, train_mse_loss-0.0003239, train_kl_loss-0.0000986, train_diff_loss-0.4204241, val_mse_loss-0.0003818, val_kl_loss-0.0000879, val_diff_loss-0.4152064
2025-03-20 03:13:58 - INFO - epoch-167, train_mse_loss-0.0003239, train_kl_loss-0.0001007, train_diff_loss-0.4249584, val_mse_loss-0.0003866, val_kl_loss-0.0001077, val_diff_loss-0.4277516
2025-03-20 03:18:16 - INFO - epoch-168, train_mse_loss-0.0003239, train_kl_loss-0.0000986, train_diff_loss-0.4217527, val_mse_loss-0.0003678, val_kl_loss-0.0000966, val_diff_loss-0.4185631
2025-03-20 03:22:34 - INFO - epoch-169, train_mse_loss-0.0003239, train_kl_loss-0.0000980, train_diff_loss-0.4194696, val_mse_loss-0.0003908, val_kl_loss-0.0001023, val_diff_loss-0.4270105
2025-03-20 03:26:52 - INFO - epoch-170, train_mse_loss-0.0003239, train_kl_loss-0.0001023, train_diff_loss-0.4209434, val_mse_loss-0.0003857, val_kl_loss-0.0000976, val_diff_loss-0.4240032
2025-03-20 03:31:10 - INFO - epoch-171, train_mse_loss-0.0003239, train_kl_loss-0.0000998, train_diff_loss-0.4201594, val_mse_loss-0.0003916, val_kl_loss-0.0001088, val_diff_loss-0.4249609
2025-03-20 03:35:28 - INFO - epoch-172, train_mse_loss-0.0003239, train_kl_loss-0.0001022, train_diff_loss-0.4227342, val_mse_loss-0.0004196, val_kl_loss-0.0000939, val_diff_loss-0.4204023
2025-03-20 03:39:46 - INFO - epoch-173, train_mse_loss-0.0003239, train_kl_loss-0.0001008, train_diff_loss-0.4216311, val_mse_loss-0.0003926, val_kl_loss-0.0000838, val_diff_loss-0.4317916
2025-03-20 03:44:03 - INFO - epoch-174, train_mse_loss-0.0003239, train_kl_loss-0.0001015, train_diff_loss-0.4244699, val_mse_loss-0.0003953, val_kl_loss-0.0000957, val_diff_loss-0.4244235
2025-03-20 03:48:21 - INFO - epoch-175, train_mse_loss-0.0003239, train_kl_loss-0.0000999, train_diff_loss-0.4198950, val_mse_loss-0.0003777, val_kl_loss-0.0001005, val_diff_loss-0.4043256
2025-03-20 03:52:40 - INFO - epoch-176, train_mse_loss-0.0003239, train_kl_loss-0.0001032, train_diff_loss-0.4293401, val_mse_loss-0.0003904, val_kl_loss-0.0001058, val_diff_loss-0.4385990
2025-03-20 03:56:57 - INFO - epoch-177, train_mse_loss-0.0003239, train_kl_loss-0.0000973, train_diff_loss-0.4196200, val_mse_loss-0.0004040, val_kl_loss-0.0001096, val_diff_loss-0.4203549
2025-03-20 04:01:15 - INFO - epoch-178, train_mse_loss-0.0003239, train_kl_loss-0.0001000, train_diff_loss-0.4247068, val_mse_loss-0.0004002, val_kl_loss-0.0001008, val_diff_loss-0.4018977
2025-03-20 04:05:33 - INFO - epoch-179, train_mse_loss-0.0003239, train_kl_loss-0.0001003, train_diff_loss-0.4245679, val_mse_loss-0.0003830, val_kl_loss-0.0000997, val_diff_loss-0.4260904
2025-03-20 04:09:51 - INFO - epoch-180, train_mse_loss-0.0003239, train_kl_loss-0.0000981, train_diff_loss-0.4178265, val_mse_loss-0.0003921, val_kl_loss-0.0001008, val_diff_loss-0.4117261
2025-03-20 04:14:08 - INFO - epoch-181, train_mse_loss-0.0003239, train_kl_loss-0.0001020, train_diff_loss-0.4237227, val_mse_loss-0.0004083, val_kl_loss-0.0001169, val_diff_loss-0.4313403
2025-03-20 04:18:28 - INFO - epoch-182, train_mse_loss-0.0003239, train_kl_loss-0.0000993, train_diff_loss-0.4228572, val_mse_loss-0.0004104, val_kl_loss-0.0000987, val_diff_loss-0.4207070
2025-03-20 04:22:46 - INFO - epoch-183, train_mse_loss-0.0003239, train_kl_loss-0.0000993, train_diff_loss-0.4227991, val_mse_loss-0.0003905, val_kl_loss-0.0001006, val_diff_loss-0.4215140
2025-03-20 04:27:04 - INFO - epoch-184, train_mse_loss-0.0003239, train_kl_loss-0.0000967, train_diff_loss-0.4175022, val_mse_loss-0.0003886, val_kl_loss-0.0001026, val_diff_loss-0.4221787
2025-03-20 04:31:22 - INFO - epoch-185, train_mse_loss-0.0003239, train_kl_loss-0.0001026, train_diff_loss-0.4246673, val_mse_loss-0.0003593, val_kl_loss-0.0001091, val_diff_loss-0.4105149
2025-03-20 04:35:41 - INFO - epoch-186, train_mse_loss-0.0003239, train_kl_loss-0.0001025, train_diff_loss-0.4231239, val_mse_loss-0.0003860, val_kl_loss-0.0001060, val_diff_loss-0.4188519
2025-03-20 04:39:59 - INFO - epoch-187, train_mse_loss-0.0003239, train_kl_loss-0.0000982, train_diff_loss-0.4191552, val_mse_loss-0.0003912, val_kl_loss-0.0000957, val_diff_loss-0.4341849
2025-03-20 04:44:17 - INFO - epoch-188, train_mse_loss-0.0003239, train_kl_loss-0.0001008, train_diff_loss-0.4226338, val_mse_loss-0.0003894, val_kl_loss-0.0001149, val_diff_loss-0.4246882
2025-03-20 04:48:35 - INFO - epoch-189, train_mse_loss-0.0003239, train_kl_loss-0.0001050, train_diff_loss-0.4269399, val_mse_loss-0.0003939, val_kl_loss-0.0000871, val_diff_loss-0.4245748
2025-03-20 04:52:52 - INFO - epoch-190, train_mse_loss-0.0003239, train_kl_loss-0.0000971, train_diff_loss-0.4207935, val_mse_loss-0.0003995, val_kl_loss-0.0001074, val_diff_loss-0.4185210
2025-03-20 04:57:10 - INFO - epoch-191, train_mse_loss-0.0003239, train_kl_loss-0.0000995, train_diff_loss-0.4225721, val_mse_loss-0.0003942, val_kl_loss-0.0000987, val_diff_loss-0.4385760
2025-03-20 05:01:28 - INFO - epoch-192, train_mse_loss-0.0003239, train_kl_loss-0.0001015, train_diff_loss-0.4241533, val_mse_loss-0.0003999, val_kl_loss-0.0000832, val_diff_loss-0.4209816
2025-03-20 05:05:46 - INFO - epoch-193, train_mse_loss-0.0003239, train_kl_loss-0.0001017, train_diff_loss-0.4252017, val_mse_loss-0.0003824, val_kl_loss-0.0001036, val_diff_loss-0.4240942
2025-03-20 05:10:04 - INFO - epoch-194, train_mse_loss-0.0003239, train_kl_loss-0.0000996, train_diff_loss-0.4223436, val_mse_loss-0.0003917, val_kl_loss-0.0000939, val_diff_loss-0.4309033
2025-03-20 05:14:21 - INFO - epoch-195, train_mse_loss-0.0003239, train_kl_loss-0.0000961, train_diff_loss-0.4150180, val_mse_loss-0.0003964, val_kl_loss-0.0001051, val_diff_loss-0.4253010
2025-03-20 05:18:39 - INFO - epoch-196, train_mse_loss-0.0003239, train_kl_loss-0.0001013, train_diff_loss-0.4217882, val_mse_loss-0.0003898, val_kl_loss-0.0000960, val_diff_loss-0.4172961
2025-03-20 05:22:58 - INFO - epoch-197, train_mse_loss-0.0003239, train_kl_loss-0.0000977, train_diff_loss-0.4168546, val_mse_loss-0.0003961, val_kl_loss-0.0001066, val_diff_loss-0.4140611
2025-03-20 05:27:18 - INFO - epoch-198, train_mse_loss-0.0003239, train_kl_loss-0.0001038, train_diff_loss-0.4278606, val_mse_loss-0.0003971, val_kl_loss-0.0001028, val_diff_loss-0.4136617
2025-03-20 05:31:35 - INFO - epoch-199, train_mse_loss-0.0003239, train_kl_loss-0.0000997, train_diff_loss-0.4226800, val_mse_loss-0.0003844, val_kl_loss-0.0000915, val_diff_loss-0.4219421
2025-03-20 05:35:53 - INFO - epoch-200, train_mse_loss-0.0003239, train_kl_loss-0.0001018, train_diff_loss-0.4242725, val_mse_loss-0.0004007, val_kl_loss-0.0001020, val_diff_loss-0.4405335
2025-03-20 05:40:10 - INFO - epoch-201, train_mse_loss-0.0003239, train_kl_loss-0.0001000, train_diff_loss-0.4222640, val_mse_loss-0.0003727, val_kl_loss-0.0000947, val_diff_loss-0.4339360
2025-03-20 05:44:28 - INFO - epoch-202, train_mse_loss-0.0003239, train_kl_loss-0.0000989, train_diff_loss-0.4204228, val_mse_loss-0.0004047, val_kl_loss-0.0001082, val_diff_loss-0.4294640
2025-03-20 05:48:46 - INFO - epoch-203, train_mse_loss-0.0003239, train_kl_loss-0.0001016, train_diff_loss-0.4214410, val_mse_loss-0.0004262, val_kl_loss-0.0000998, val_diff_loss-0.4216609
2025-03-20 05:53:03 - INFO - epoch-204, train_mse_loss-0.0003239, train_kl_loss-0.0001037, train_diff_loss-0.4288689, val_mse_loss-0.0003941, val_kl_loss-0.0001072, val_diff_loss-0.4257703
2025-03-20 05:57:21 - INFO - epoch-205, train_mse_loss-0.0003239, train_kl_loss-0.0001002, train_diff_loss-0.4236223, val_mse_loss-0.0004199, val_kl_loss-0.0000994, val_diff_loss-0.4305187
2025-03-20 06:01:38 - INFO - epoch-206, train_mse_loss-0.0003239, train_kl_loss-0.0000987, train_diff_loss-0.4208784, val_mse_loss-0.0003824, val_kl_loss-0.0000950, val_diff_loss-0.4210651
2025-03-20 06:05:57 - INFO - epoch-207, train_mse_loss-0.0003239, train_kl_loss-0.0001026, train_diff_loss-0.4276208, val_mse_loss-0.0003893, val_kl_loss-0.0001100, val_diff_loss-0.4306837
2025-03-20 06:10:16 - INFO - epoch-208, train_mse_loss-0.0003239, train_kl_loss-0.0001015, train_diff_loss-0.4246845, val_mse_loss-0.0003821, val_kl_loss-0.0000988, val_diff_loss-0.4203357
2025-03-20 06:14:34 - INFO - epoch-209, train_mse_loss-0.0003239, train_kl_loss-0.0001005, train_diff_loss-0.4251917, val_mse_loss-0.0004302, val_kl_loss-0.0000983, val_diff_loss-0.4114004
2025-03-20 06:18:51 - INFO - epoch-210, train_mse_loss-0.0003239, train_kl_loss-0.0001008, train_diff_loss-0.4258166, val_mse_loss-0.0004234, val_kl_loss-0.0001016, val_diff_loss-0.4227367
2025-03-20 06:23:10 - INFO - epoch-211, train_mse_loss-0.0003239, train_kl_loss-0.0001003, train_diff_loss-0.4229588, val_mse_loss-0.0004178, val_kl_loss-0.0000951, val_diff_loss-0.4208454
2025-03-20 06:27:28 - INFO - epoch-212, train_mse_loss-0.0003239, train_kl_loss-0.0001018, train_diff_loss-0.4261142, val_mse_loss-0.0003894, val_kl_loss-0.0001011, val_diff_loss-0.4197053
2025-03-20 06:31:46 - INFO - epoch-213, train_mse_loss-0.0003239, train_kl_loss-0.0001016, train_diff_loss-0.4246266, val_mse_loss-0.0003935, val_kl_loss-0.0000969, val_diff_loss-0.4326352
2025-03-20 06:36:04 - INFO - epoch-214, train_mse_loss-0.0003239, train_kl_loss-0.0001020, train_diff_loss-0.4253938, val_mse_loss-0.0004113, val_kl_loss-0.0001029, val_diff_loss-0.4256283
2025-03-20 06:40:22 - INFO - epoch-215, train_mse_loss-0.0003239, train_kl_loss-0.0001008, train_diff_loss-0.4263185, val_mse_loss-0.0003913, val_kl_loss-0.0001032, val_diff_loss-0.4315177
2025-03-20 06:44:39 - INFO - epoch-216, train_mse_loss-0.0003239, train_kl_loss-0.0001004, train_diff_loss-0.4263755, val_mse_loss-0.0004162, val_kl_loss-0.0001086, val_diff_loss-0.4197106
2025-03-20 06:48:58 - INFO - epoch-217, train_mse_loss-0.0003239, train_kl_loss-0.0001012, train_diff_loss-0.4266246, val_mse_loss-0.0003990, val_kl_loss-0.0001018, val_diff_loss-0.4228142
2025-03-20 06:53:15 - INFO - epoch-218, train_mse_loss-0.0003239, train_kl_loss-0.0000993, train_diff_loss-0.4222805, val_mse_loss-0.0004055, val_kl_loss-0.0001025, val_diff_loss-0.4314481
2025-03-20 06:57:32 - INFO - epoch-219, train_mse_loss-0.0003239, train_kl_loss-0.0001016, train_diff_loss-0.4244053, val_mse_loss-0.0003987, val_kl_loss-0.0000918, val_diff_loss-0.4259737
2025-03-20 07:01:49 - INFO - epoch-220, train_mse_loss-0.0003239, train_kl_loss-0.0000996, train_diff_loss-0.4239192, val_mse_loss-0.0004066, val_kl_loss-0.0001075, val_diff_loss-0.4194361
2025-03-20 07:06:07 - INFO - epoch-221, train_mse_loss-0.0003239, train_kl_loss-0.0000989, train_diff_loss-0.4197479, val_mse_loss-0.0003975, val_kl_loss-0.0000962, val_diff_loss-0.4215366
2025-03-20 07:10:25 - INFO - epoch-222, train_mse_loss-0.0003239, train_kl_loss-0.0001004, train_diff_loss-0.4220240, val_mse_loss-0.0003918, val_kl_loss-0.0000982, val_diff_loss-0.4194186
2025-03-20 07:14:42 - INFO - epoch-223, train_mse_loss-0.0003239, train_kl_loss-0.0000957, train_diff_loss-0.4166096, val_mse_loss-0.0003839, val_kl_loss-0.0000969, val_diff_loss-0.4199700
2025-03-20 07:19:00 - INFO - epoch-224, train_mse_loss-0.0003239, train_kl_loss-0.0001031, train_diff_loss-0.4243179, val_mse_loss-0.0003869, val_kl_loss-0.0001025, val_diff_loss-0.4196349
2025-03-20 07:23:17 - INFO - epoch-225, train_mse_loss-0.0003239, train_kl_loss-0.0001008, train_diff_loss-0.4236308, val_mse_loss-0.0004046, val_kl_loss-0.0000948, val_diff_loss-0.4253405
2025-03-20 07:27:34 - INFO - epoch-226, train_mse_loss-0.0003239, train_kl_loss-0.0001000, train_diff_loss-0.4203209, val_mse_loss-0.0003512, val_kl_loss-0.0000935, val_diff_loss-0.4263607
2025-03-20 07:31:52 - INFO - epoch-227, train_mse_loss-0.0003239, train_kl_loss-0.0001011, train_diff_loss-0.4262645, val_mse_loss-0.0004066, val_kl_loss-0.0001039, val_diff_loss-0.4147716
2025-03-20 07:36:09 - INFO - epoch-228, train_mse_loss-0.0003239, train_kl_loss-0.0001004, train_diff_loss-0.4243077, val_mse_loss-0.0004277, val_kl_loss-0.0000964, val_diff_loss-0.4148613
2025-03-20 07:40:27 - INFO - epoch-229, train_mse_loss-0.0003239, train_kl_loss-0.0000998, train_diff_loss-0.4251837, val_mse_loss-0.0003902, val_kl_loss-0.0001042, val_diff_loss-0.4365053
2025-03-20 07:44:45 - INFO - epoch-230, train_mse_loss-0.0003239, train_kl_loss-0.0000982, train_diff_loss-0.4196121, val_mse_loss-0.0004129, val_kl_loss-0.0000958, val_diff_loss-0.4240701
2025-03-20 07:49:02 - INFO - epoch-231, train_mse_loss-0.0003239, train_kl_loss-0.0000981, train_diff_loss-0.4199415, val_mse_loss-0.0003975, val_kl_loss-0.0001031, val_diff_loss-0.4277180
2025-03-20 07:53:20 - INFO - epoch-232, train_mse_loss-0.0003239, train_kl_loss-0.0001020, train_diff_loss-0.4249199, val_mse_loss-0.0004490, val_kl_loss-0.0001120, val_diff_loss-0.4078592
2025-03-20 07:57:40 - INFO - epoch-233, train_mse_loss-0.0003239, train_kl_loss-0.0000973, train_diff_loss-0.4188163, val_mse_loss-0.0004025, val_kl_loss-0.0000998, val_diff_loss-0.4165513
2025-03-20 08:01:57 - INFO - epoch-234, train_mse_loss-0.0003239, train_kl_loss-0.0001003, train_diff_loss-0.4208319, val_mse_loss-0.0004158, val_kl_loss-0.0001021, val_diff_loss-0.4285260
2025-03-20 08:06:14 - INFO - epoch-235, train_mse_loss-0.0003239, train_kl_loss-0.0000996, train_diff_loss-0.4190775, val_mse_loss-0.0003924, val_kl_loss-0.0001002, val_diff_loss-0.4144655
2025-03-20 08:10:31 - INFO - epoch-236, train_mse_loss-0.0003239, train_kl_loss-0.0001004, train_diff_loss-0.4214629, val_mse_loss-0.0003889, val_kl_loss-0.0001029, val_diff_loss-0.4162031
2025-03-20 08:14:49 - INFO - epoch-237, train_mse_loss-0.0003239, train_kl_loss-0.0001029, train_diff_loss-0.4271487, val_mse_loss-0.0004154, val_kl_loss-0.0000969, val_diff_loss-0.4222104
2025-03-20 08:19:07 - INFO - epoch-238, train_mse_loss-0.0003239, train_kl_loss-0.0001021, train_diff_loss-0.4253182, val_mse_loss-0.0003919, val_kl_loss-0.0000923, val_diff_loss-0.4313005
2025-03-20 08:23:24 - INFO - epoch-239, train_mse_loss-0.0003239, train_kl_loss-0.0000991, train_diff_loss-0.4214727, val_mse_loss-0.0004198, val_kl_loss-0.0001016, val_diff_loss-0.4280959
2025-03-20 08:27:41 - INFO - epoch-240, train_mse_loss-0.0003239, train_kl_loss-0.0000988, train_diff_loss-0.4242737, val_mse_loss-0.0004065, val_kl_loss-0.0000987, val_diff_loss-0.4129016
2025-03-20 08:31:59 - INFO - epoch-241, train_mse_loss-0.0003239, train_kl_loss-0.0001033, train_diff_loss-0.4268577, val_mse_loss-0.0004047, val_kl_loss-0.0001053, val_diff_loss-0.4213016
2025-03-20 08:36:16 - INFO - epoch-242, train_mse_loss-0.0003239, train_kl_loss-0.0000982, train_diff_loss-0.4209395, val_mse_loss-0.0003994, val_kl_loss-0.0000975, val_diff_loss-0.4242381
2025-03-20 08:40:34 - INFO - epoch-243, train_mse_loss-0.0003239, train_kl_loss-0.0001007, train_diff_loss-0.4234498, val_mse_loss-0.0004100, val_kl_loss-0.0001000, val_diff_loss-0.4255918
2025-03-20 08:44:52 - INFO - epoch-244, train_mse_loss-0.0003239, train_kl_loss-0.0000984, train_diff_loss-0.4175636, val_mse_loss-0.0004136, val_kl_loss-0.0000872, val_diff_loss-0.4284527
2025-03-20 08:49:09 - INFO - epoch-245, train_mse_loss-0.0003239, train_kl_loss-0.0001031, train_diff_loss-0.4254550, val_mse_loss-0.0004223, val_kl_loss-0.0000978, val_diff_loss-0.4208820
2025-03-20 08:53:26 - INFO - epoch-246, train_mse_loss-0.0003239, train_kl_loss-0.0000984, train_diff_loss-0.4205983, val_mse_loss-0.0004069, val_kl_loss-0.0000895, val_diff_loss-0.4299495
2025-03-20 08:57:43 - INFO - epoch-247, train_mse_loss-0.0003239, train_kl_loss-0.0001014, train_diff_loss-0.4236558, val_mse_loss-0.0004061, val_kl_loss-0.0000960, val_diff_loss-0.4421470
2025-03-20 09:02:01 - INFO - epoch-248, train_mse_loss-0.0003239, train_kl_loss-0.0000990, train_diff_loss-0.4229786, val_mse_loss-0.0003928, val_kl_loss-0.0000945, val_diff_loss-0.4117504
2025-03-20 09:06:18 - INFO - epoch-249, train_mse_loss-0.0003239, train_kl_loss-0.0001009, train_diff_loss-0.4238313, val_mse_loss-0.0003910, val_kl_loss-0.0001008, val_diff_loss-0.4016940
2025-03-20 09:10:36 - INFO - epoch-250, train_mse_loss-0.0003239, train_kl_loss-0.0001008, train_diff_loss-0.4250720, val_mse_loss-0.0004186, val_kl_loss-0.0001056, val_diff_loss-0.4280768
2025-03-20 09:14:54 - INFO - epoch-251, train_mse_loss-0.0003239, train_kl_loss-0.0000996, train_diff_loss-0.4210244, val_mse_loss-0.0004389, val_kl_loss-0.0001016, val_diff_loss-0.4296450
2025-03-20 09:19:12 - INFO - epoch-252, train_mse_loss-0.0003239, train_kl_loss-0.0001014, train_diff_loss-0.4240293, val_mse_loss-0.0004281, val_kl_loss-0.0001047, val_diff_loss-0.4156682
2025-03-20 09:23:30 - INFO - epoch-253, train_mse_loss-0.0003239, train_kl_loss-0.0000989, train_diff_loss-0.4201023, val_mse_loss-0.0004000, val_kl_loss-0.0000936, val_diff_loss-0.4102958
2025-03-20 09:27:48 - INFO - epoch-254, train_mse_loss-0.0003239, train_kl_loss-0.0001002, train_diff_loss-0.4242994, val_mse_loss-0.0004387, val_kl_loss-0.0001058, val_diff_loss-0.4195506
2025-03-20 09:32:07 - INFO - epoch-255, train_mse_loss-0.0003239, train_kl_loss-0.0001028, train_diff_loss-0.4268932, val_mse_loss-0.0004149, val_kl_loss-0.0001070, val_diff_loss-0.4368891
2025-03-20 09:36:27 - INFO - epoch-256, train_mse_loss-0.0003239, train_kl_loss-0.0001026, train_diff_loss-0.4274695, val_mse_loss-0.0004336, val_kl_loss-0.0001057, val_diff_loss-0.4270579
2025-03-20 09:40:45 - INFO - epoch-257, train_mse_loss-0.0003239, train_kl_loss-0.0000959, train_diff_loss-0.4203773, val_mse_loss-0.0004227, val_kl_loss-0.0001023, val_diff_loss-0.4371831
2025-03-20 09:45:05 - INFO - epoch-258, train_mse_loss-0.0003239, train_kl_loss-0.0000984, train_diff_loss-0.4202707, val_mse_loss-0.0004510, val_kl_loss-0.0001053, val_diff_loss-0.4120019
2025-03-20 09:49:27 - INFO - epoch-259, train_mse_loss-0.0003239, train_kl_loss-0.0001001, train_diff_loss-0.4233190, val_mse_loss-0.0004318, val_kl_loss-0.0000927, val_diff_loss-0.4212666
2025-03-20 09:53:46 - INFO - epoch-260, train_mse_loss-0.0003239, train_kl_loss-0.0001009, train_diff_loss-0.4266423, val_mse_loss-0.0004119, val_kl_loss-0.0001169, val_diff_loss-0.4167733
2025-03-20 09:58:04 - INFO - epoch-261, train_mse_loss-0.0003239, train_kl_loss-0.0000993, train_diff_loss-0.4208632, val_mse_loss-0.0004271, val_kl_loss-0.0000942, val_diff_loss-0.4392915
2025-03-20 10:02:23 - INFO - epoch-262, train_mse_loss-0.0003239, train_kl_loss-0.0000990, train_diff_loss-0.4203159, val_mse_loss-0.0004122, val_kl_loss-0.0001015, val_diff_loss-0.4357018
2025-03-20 10:06:42 - INFO - epoch-263, train_mse_loss-0.0003239, train_kl_loss-0.0001012, train_diff_loss-0.4258665, val_mse_loss-0.0004359, val_kl_loss-0.0001037, val_diff_loss-0.4124028
2025-03-20 10:11:02 - INFO - epoch-264, train_mse_loss-0.0003239, train_kl_loss-0.0001000, train_diff_loss-0.4237925, val_mse_loss-0.0004308, val_kl_loss-0.0000993, val_diff_loss-0.4157237
2025-03-20 10:15:21 - INFO - epoch-265, train_mse_loss-0.0003239, train_kl_loss-0.0000984, train_diff_loss-0.4217797, val_mse_loss-0.0003704, val_kl_loss-0.0000991, val_diff_loss-0.4237390
2025-03-20 10:19:39 - INFO - epoch-266, train_mse_loss-0.0003239, train_kl_loss-0.0001017, train_diff_loss-0.4270738, val_mse_loss-0.0003917, val_kl_loss-0.0001001, val_diff_loss-0.4285151
2025-03-20 10:23:58 - INFO - epoch-267, train_mse_loss-0.0003239, train_kl_loss-0.0001039, train_diff_loss-0.4287939, val_mse_loss-0.0004429, val_kl_loss-0.0001010, val_diff_loss-0.4136231
2025-03-20 10:28:18 - INFO - epoch-268, train_mse_loss-0.0003239, train_kl_loss-0.0000967, train_diff_loss-0.4180282, val_mse_loss-0.0004455, val_kl_loss-0.0000949, val_diff_loss-0.4130694
2025-03-20 10:32:36 - INFO - epoch-269, train_mse_loss-0.0003239, train_kl_loss-0.0001007, train_diff_loss-0.4228973, val_mse_loss-0.0004247, val_kl_loss-0.0000946, val_diff_loss-0.4140053
2025-03-20 10:36:56 - INFO - epoch-270, train_mse_loss-0.0003239, train_kl_loss-0.0001001, train_diff_loss-0.4238414, val_mse_loss-0.0004203, val_kl_loss-0.0001012, val_diff_loss-0.4092312
2025-03-20 10:41:15 - INFO - epoch-271, train_mse_loss-0.0003239, train_kl_loss-0.0001025, train_diff_loss-0.4266756, val_mse_loss-0.0004160, val_kl_loss-0.0000952, val_diff_loss-0.4243101
2025-03-20 10:45:34 - INFO - epoch-272, train_mse_loss-0.0003239, train_kl_loss-0.0000951, train_diff_loss-0.4159466, val_mse_loss-0.0004572, val_kl_loss-0.0000930, val_diff_loss-0.4110434
2025-03-20 10:49:52 - INFO - epoch-273, train_mse_loss-0.0003239, train_kl_loss-0.0001006, train_diff_loss-0.4209332, val_mse_loss-0.0004510, val_kl_loss-0.0001066, val_diff_loss-0.4160371
2025-03-20 10:54:10 - INFO - epoch-274, train_mse_loss-0.0003239, train_kl_loss-0.0001013, train_diff_loss-0.4245729, val_mse_loss-0.0004150, val_kl_loss-0.0001118, val_diff_loss-0.4341709
2025-03-20 10:58:28 - INFO - epoch-275, train_mse_loss-0.0003239, train_kl_loss-0.0001003, train_diff_loss-0.4227404, val_mse_loss-0.0004034, val_kl_loss-0.0000968, val_diff_loss-0.4383001
2025-03-20 11:02:46 - INFO - epoch-276, train_mse_loss-0.0003239, train_kl_loss-0.0000989, train_diff_loss-0.4218348, val_mse_loss-0.0004148, val_kl_loss-0.0001005, val_diff_loss-0.4171931
2025-03-20 11:07:04 - INFO - epoch-277, train_mse_loss-0.0003239, train_kl_loss-0.0000984, train_diff_loss-0.4203229, val_mse_loss-0.0004189, val_kl_loss-0.0000998, val_diff_loss-0.4393066
2025-03-20 11:11:22 - INFO - epoch-278, train_mse_loss-0.0003239, train_kl_loss-0.0000972, train_diff_loss-0.4164615, val_mse_loss-0.0004287, val_kl_loss-0.0000902, val_diff_loss-0.4105997
2025-03-20 11:15:39 - INFO - epoch-279, train_mse_loss-0.0003239, train_kl_loss-0.0000990, train_diff_loss-0.4185115, val_mse_loss-0.0004231, val_kl_loss-0.0001042, val_diff_loss-0.4146767
2025-03-20 11:19:57 - INFO - epoch-280, train_mse_loss-0.0003239, train_kl_loss-0.0000996, train_diff_loss-0.4188248, val_mse_loss-0.0004873, val_kl_loss-0.0001013, val_diff_loss-0.4197647
2025-03-20 11:24:15 - INFO - epoch-281, train_mse_loss-0.0003239, train_kl_loss-0.0001010, train_diff_loss-0.4199687, val_mse_loss-0.0004250, val_kl_loss-0.0000966, val_diff_loss-0.4206929
2025-03-20 11:28:32 - INFO - epoch-282, train_mse_loss-0.0003239, train_kl_loss-0.0000983, train_diff_loss-0.4176497, val_mse_loss-0.0004192, val_kl_loss-0.0001105, val_diff_loss-0.4220490
2025-03-20 11:32:50 - INFO - epoch-283, train_mse_loss-0.0003239, train_kl_loss-0.0001012, train_diff_loss-0.4203917, val_mse_loss-0.0004259, val_kl_loss-0.0001017, val_diff_loss-0.4244985
2025-03-20 11:37:08 - INFO - epoch-284, train_mse_loss-0.0003239, train_kl_loss-0.0001020, train_diff_loss-0.4229726, val_mse_loss-0.0004239, val_kl_loss-0.0000958, val_diff_loss-0.4157597
2025-03-20 11:41:26 - INFO - epoch-285, train_mse_loss-0.0003239, train_kl_loss-0.0000992, train_diff_loss-0.4225384, val_mse_loss-0.0004257, val_kl_loss-0.0001049, val_diff_loss-0.4170854
2025-03-20 11:45:44 - INFO - epoch-286, train_mse_loss-0.0003239, train_kl_loss-0.0001011, train_diff_loss-0.4232857, val_mse_loss-0.0004278, val_kl_loss-0.0000996, val_diff_loss-0.4256648
2025-03-20 11:50:01 - INFO - epoch-287, train_mse_loss-0.0003239, train_kl_loss-0.0000996, train_diff_loss-0.4197812, val_mse_loss-0.0004151, val_kl_loss-0.0001026, val_diff_loss-0.4242145
2025-03-20 11:54:19 - INFO - epoch-288, train_mse_loss-0.0003239, train_kl_loss-0.0000992, train_diff_loss-0.4185264, val_mse_loss-0.0004025, val_kl_loss-0.0000959, val_diff_loss-0.4254798
2025-03-20 11:58:37 - INFO - epoch-289, train_mse_loss-0.0003239, train_kl_loss-0.0001033, train_diff_loss-0.4269154, val_mse_loss-0.0004316, val_kl_loss-0.0001012, val_diff_loss-0.4301946
2025-03-20 12:02:55 - INFO - epoch-290, train_mse_loss-0.0003239, train_kl_loss-0.0001002, train_diff_loss-0.4208015, val_mse_loss-0.0004494, val_kl_loss-0.0000917, val_diff_loss-0.4362231
2025-03-20 12:07:12 - INFO - epoch-291, train_mse_loss-0.0003239, train_kl_loss-0.0000969, train_diff_loss-0.4164501, val_mse_loss-0.0004099, val_kl_loss-0.0000977, val_diff_loss-0.4199520
2025-03-20 12:11:30 - INFO - epoch-292, train_mse_loss-0.0003239, train_kl_loss-0.0001005, train_diff_loss-0.4206619, val_mse_loss-0.0004140, val_kl_loss-0.0001066, val_diff_loss-0.4179875
2025-03-20 12:15:48 - INFO - epoch-293, train_mse_loss-0.0003239, train_kl_loss-0.0001004, train_diff_loss-0.4213419, val_mse_loss-0.0004409, val_kl_loss-0.0001039, val_diff_loss-0.4284812
2025-03-20 12:20:06 - INFO - epoch-294, train_mse_loss-0.0003239, train_kl_loss-0.0001007, train_diff_loss-0.4239165, val_mse_loss-0.0003993, val_kl_loss-0.0000949, val_diff_loss-0.4201473
2025-03-20 12:24:23 - INFO - epoch-295, train_mse_loss-0.0003239, train_kl_loss-0.0001027, train_diff_loss-0.4241093, val_mse_loss-0.0004136, val_kl_loss-0.0000915, val_diff_loss-0.4247850
2025-03-20 12:28:41 - INFO - epoch-296, train_mse_loss-0.0003239, train_kl_loss-0.0000997, train_diff_loss-0.4223207, val_mse_loss-0.0004216, val_kl_loss-0.0001034, val_diff_loss-0.4311987
2025-03-20 12:32:59 - INFO - epoch-297, train_mse_loss-0.0003239, train_kl_loss-0.0001012, train_diff_loss-0.4227256, val_mse_loss-0.0004149, val_kl_loss-0.0001091, val_diff_loss-0.4145645
2025-03-20 12:37:18 - INFO - epoch-298, train_mse_loss-0.0003239, train_kl_loss-0.0000996, train_diff_loss-0.4227765, val_mse_loss-0.0003873, val_kl_loss-0.0000986, val_diff_loss-0.4225610
2025-03-20 12:41:36 - INFO - epoch-299, train_mse_loss-0.0003239, train_kl_loss-0.0000983, train_diff_loss-0.4220100, val_mse_loss-0.0003954, val_kl_loss-0.0001005, val_diff_loss-0.4122477
2025-03-20 12:45:53 - INFO - epoch-300, train_mse_loss-0.0003239, train_kl_loss-0.0001004, train_diff_loss-0.4250157, val_mse_loss-0.0004224, val_kl_loss-0.0000996, val_diff_loss-0.4201778
2025-03-20 12:50:11 - INFO - epoch-301, train_mse_loss-0.0003239, train_kl_loss-0.0000966, train_diff_loss-0.4164832, val_mse_loss-0.0003874, val_kl_loss-0.0001070, val_diff_loss-0.4226957
2025-03-20 12:54:29 - INFO - epoch-302, train_mse_loss-0.0003239, train_kl_loss-0.0001012, train_diff_loss-0.4235069, val_mse_loss-0.0004012, val_kl_loss-0.0001072, val_diff_loss-0.4267187
2025-03-20 12:58:47 - INFO - epoch-303, train_mse_loss-0.0003239, train_kl_loss-0.0000996, train_diff_loss-0.4199615, val_mse_loss-0.0004193, val_kl_loss-0.0000876, val_diff_loss-0.4139980
2025-03-20 13:03:06 - INFO - epoch-304, train_mse_loss-0.0003239, train_kl_loss-0.0000980, train_diff_loss-0.4191825, val_mse_loss-0.0004286, val_kl_loss-0.0001021, val_diff_loss-0.4182160
2025-03-20 13:07:24 - INFO - epoch-305, train_mse_loss-0.0003239, train_kl_loss-0.0001031, train_diff_loss-0.4238270, val_mse_loss-0.0004605, val_kl_loss-0.0000981, val_diff_loss-0.4342045
2025-03-20 13:11:42 - INFO - epoch-306, train_mse_loss-0.0003239, train_kl_loss-0.0000997, train_diff_loss-0.4213410, val_mse_loss-0.0004365, val_kl_loss-0.0001072, val_diff_loss-0.4185741
2025-03-20 13:16:00 - INFO - epoch-307, train_mse_loss-0.0003239, train_kl_loss-0.0000985, train_diff_loss-0.4180059, val_mse_loss-0.0004215, val_kl_loss-0.0001003, val_diff_loss-0.4116684
2025-03-20 13:20:19 - INFO - epoch-308, train_mse_loss-0.0003239, train_kl_loss-0.0000996, train_diff_loss-0.4199069, val_mse_loss-0.0004216, val_kl_loss-0.0000968, val_diff_loss-0.4189431
2025-03-20 13:24:36 - INFO - epoch-309, train_mse_loss-0.0003239, train_kl_loss-0.0001000, train_diff_loss-0.4212869, val_mse_loss-0.0004445, val_kl_loss-0.0000940, val_diff_loss-0.4086016
2025-03-20 13:28:55 - INFO - epoch-310, train_mse_loss-0.0003239, train_kl_loss-0.0001005, train_diff_loss-0.4234097, val_mse_loss-0.0004083, val_kl_loss-0.0001023, val_diff_loss-0.4136482
2025-03-20 13:33:13 - INFO - epoch-311, train_mse_loss-0.0003239, train_kl_loss-0.0000985, train_diff_loss-0.4178804, val_mse_loss-0.0004435, val_kl_loss-0.0001056, val_diff_loss-0.4239148
2025-03-20 13:37:31 - INFO - epoch-312, train_mse_loss-0.0003239, train_kl_loss-0.0001054, train_diff_loss-0.4271272, val_mse_loss-0.0004082, val_kl_loss-0.0001045, val_diff_loss-0.4168897
2025-03-20 13:41:49 - INFO - epoch-313, train_mse_loss-0.0003239, train_kl_loss-0.0001007, train_diff_loss-0.4263598, val_mse_loss-0.0003989, val_kl_loss-0.0001081, val_diff_loss-0.4357618
2025-03-20 13:46:08 - INFO - epoch-314, train_mse_loss-0.0003239, train_kl_loss-0.0000995, train_diff_loss-0.4211926, val_mse_loss-0.0004305, val_kl_loss-0.0000972, val_diff_loss-0.4188632
2025-03-20 13:50:26 - INFO - epoch-315, train_mse_loss-0.0003239, train_kl_loss-0.0000985, train_diff_loss-0.4217971, val_mse_loss-0.0004151, val_kl_loss-0.0001040, val_diff_loss-0.4230616
2025-03-20 13:54:44 - INFO - epoch-316, train_mse_loss-0.0003239, train_kl_loss-0.0001028, train_diff_loss-0.4244990, val_mse_loss-0.0004226, val_kl_loss-0.0000999, val_diff_loss-0.4241257
2025-03-20 13:59:04 - INFO - epoch-317, train_mse_loss-0.0003239, train_kl_loss-0.0001019, train_diff_loss-0.4245663, val_mse_loss-0.0004542, val_kl_loss-0.0000951, val_diff_loss-0.4170888
2025-03-20 14:03:22 - INFO - epoch-318, train_mse_loss-0.0003239, train_kl_loss-0.0000999, train_diff_loss-0.4228857, val_mse_loss-0.0004287, val_kl_loss-0.0001035, val_diff_loss-0.4221418
2025-03-20 14:07:40 - INFO - epoch-319, train_mse_loss-0.0003239, train_kl_loss-0.0000995, train_diff_loss-0.4225215, val_mse_loss-0.0004142, val_kl_loss-0.0001060, val_diff_loss-0.4349420
2025-03-20 14:11:58 - INFO - epoch-320, train_mse_loss-0.0003239, train_kl_loss-0.0000999, train_diff_loss-0.4207731, val_mse_loss-0.0004158, val_kl_loss-0.0000959, val_diff_loss-0.4148368
2025-03-20 14:16:17 - INFO - epoch-321, train_mse_loss-0.0003239, train_kl_loss-0.0000990, train_diff_loss-0.4215270, val_mse_loss-0.0003803, val_kl_loss-0.0001023, val_diff_loss-0.4223382
2025-03-20 14:20:35 - INFO - epoch-322, train_mse_loss-0.0003239, train_kl_loss-0.0001024, train_diff_loss-0.4268443, val_mse_loss-0.0004513, val_kl_loss-0.0000943, val_diff_loss-0.4168289
2025-03-20 14:24:53 - INFO - epoch-323, train_mse_loss-0.0003239, train_kl_loss-0.0000963, train_diff_loss-0.4196079, val_mse_loss-0.0003957, val_kl_loss-0.0001046, val_diff_loss-0.4233704
2025-03-20 14:29:11 - INFO - epoch-324, train_mse_loss-0.0003239, train_kl_loss-0.0001010, train_diff_loss-0.4221444, val_mse_loss-0.0004011, val_kl_loss-0.0000966, val_diff_loss-0.4038350
2025-03-20 14:33:28 - INFO - epoch-325, train_mse_loss-0.0003239, train_kl_loss-0.0000987, train_diff_loss-0.4207657, val_mse_loss-0.0004082, val_kl_loss-0.0000989, val_diff_loss-0.4191689
2025-03-20 14:37:46 - INFO - epoch-326, train_mse_loss-0.0003239, train_kl_loss-0.0000977, train_diff_loss-0.4171645, val_mse_loss-0.0003990, val_kl_loss-0.0000988, val_diff_loss-0.4150576
2025-03-20 14:42:06 - INFO - epoch-327, train_mse_loss-0.0003239, train_kl_loss-0.0001010, train_diff_loss-0.4222160, val_mse_loss-0.0004212, val_kl_loss-0.0001010, val_diff_loss-0.4212039
2025-03-20 14:46:24 - INFO - epoch-328, train_mse_loss-0.0003239, train_kl_loss-0.0001012, train_diff_loss-0.4222173, val_mse_loss-0.0004080, val_kl_loss-0.0000946, val_diff_loss-0.4229077
2025-03-20 14:50:43 - INFO - epoch-329, train_mse_loss-0.0003239, train_kl_loss-0.0000996, train_diff_loss-0.4201989, val_mse_loss-0.0004440, val_kl_loss-0.0000991, val_diff_loss-0.4294073
2025-03-20 14:55:02 - INFO - epoch-330, train_mse_loss-0.0003239, train_kl_loss-0.0001018, train_diff_loss-0.4236982, val_mse_loss-0.0004103, val_kl_loss-0.0001134, val_diff_loss-0.4205412
2025-03-20 14:59:20 - INFO - epoch-331, train_mse_loss-0.0003239, train_kl_loss-0.0000996, train_diff_loss-0.4195199, val_mse_loss-0.0004054, val_kl_loss-0.0000954, val_diff_loss-0.4151334
2025-03-20 15:03:39 - INFO - epoch-332, train_mse_loss-0.0003239, train_kl_loss-0.0000984, train_diff_loss-0.4190159, val_mse_loss-0.0004181, val_kl_loss-0.0001055, val_diff_loss-0.4280295
2025-03-20 15:07:57 - INFO - epoch-333, train_mse_loss-0.0003239, train_kl_loss-0.0001013, train_diff_loss-0.4231226, val_mse_loss-0.0004325, val_kl_loss-0.0000980, val_diff_loss-0.4193901
2025-03-20 15:12:15 - INFO - epoch-334, train_mse_loss-0.0003239, train_kl_loss-0.0001013, train_diff_loss-0.4250580, val_mse_loss-0.0004068, val_kl_loss-0.0000888, val_diff_loss-0.4138112
2025-03-20 15:16:33 - INFO - epoch-335, train_mse_loss-0.0003239, train_kl_loss-0.0001029, train_diff_loss-0.4254468, val_mse_loss-0.0004060, val_kl_loss-0.0000930, val_diff_loss-0.4193428
2025-03-20 15:20:50 - INFO - epoch-336, train_mse_loss-0.0003239, train_kl_loss-0.0000975, train_diff_loss-0.4188861, val_mse_loss-0.0004073, val_kl_loss-0.0000914, val_diff_loss-0.4275429
2025-03-20 15:25:08 - INFO - epoch-337, train_mse_loss-0.0003239, train_kl_loss-0.0000992, train_diff_loss-0.4208353, val_mse_loss-0.0003913, val_kl_loss-0.0000859, val_diff_loss-0.4301279
2025-03-20 15:29:27 - INFO - epoch-338, train_mse_loss-0.0003239, train_kl_loss-0.0001000, train_diff_loss-0.4223079, val_mse_loss-0.0003717, val_kl_loss-0.0000883, val_diff_loss-0.4298870
2025-03-20 15:33:47 - INFO - epoch-339, train_mse_loss-0.0003239, train_kl_loss-0.0000996, train_diff_loss-0.4214075, val_mse_loss-0.0004149, val_kl_loss-0.0000995, val_diff_loss-0.4199949
2025-03-20 15:38:06 - INFO - epoch-340, train_mse_loss-0.0003239, train_kl_loss-0.0001009, train_diff_loss-0.4237779, val_mse_loss-0.0004233, val_kl_loss-0.0000969, val_diff_loss-0.4251606
2025-03-20 15:42:26 - INFO - epoch-341, train_mse_loss-0.0003239, train_kl_loss-0.0000993, train_diff_loss-0.4203343, val_mse_loss-0.0004217, val_kl_loss-0.0001051, val_diff_loss-0.4345404
2025-03-20 15:46:46 - INFO - epoch-342, train_mse_loss-0.0003239, train_kl_loss-0.0001003, train_diff_loss-0.4221485, val_mse_loss-0.0004117, val_kl_loss-0.0000875, val_diff_loss-0.4211967
2025-03-20 15:51:06 - INFO - epoch-343, train_mse_loss-0.0003239, train_kl_loss-0.0001002, train_diff_loss-0.4231932, val_mse_loss-0.0003800, val_kl_loss-0.0000925, val_diff_loss-0.4112033
2025-03-20 15:55:25 - INFO - epoch-344, train_mse_loss-0.0003239, train_kl_loss-0.0001001, train_diff_loss-0.4222004, val_mse_loss-0.0004152, val_kl_loss-0.0001079, val_diff_loss-0.4270870
2025-03-20 15:59:45 - INFO - epoch-345, train_mse_loss-0.0003239, train_kl_loss-0.0000977, train_diff_loss-0.4180670, val_mse_loss-0.0004192, val_kl_loss-0.0001088, val_diff_loss-0.4021894
2025-03-20 16:04:03 - INFO - epoch-346, train_mse_loss-0.0003239, train_kl_loss-0.0001035, train_diff_loss-0.4253789, val_mse_loss-0.0004167, val_kl_loss-0.0001090, val_diff_loss-0.4187261
2025-03-20 16:08:22 - INFO - epoch-347, train_mse_loss-0.0003239, train_kl_loss-0.0001010, train_diff_loss-0.4213155, val_mse_loss-0.0004213, val_kl_loss-0.0000965, val_diff_loss-0.4056968
2025-03-20 16:12:42 - INFO - epoch-348, train_mse_loss-0.0003239, train_kl_loss-0.0000984, train_diff_loss-0.4199287, val_mse_loss-0.0004101, val_kl_loss-0.0000940, val_diff_loss-0.4280746
2025-03-20 16:17:02 - INFO - epoch-349, train_mse_loss-0.0003239, train_kl_loss-0.0000983, train_diff_loss-0.4180116, val_mse_loss-0.0004145, val_kl_loss-0.0000967, val_diff_loss-0.4241677
2025-03-20 16:21:22 - INFO - epoch-350, train_mse_loss-0.0003239, train_kl_loss-0.0001003, train_diff_loss-0.4199330, val_mse_loss-0.0003942, val_kl_loss-0.0001027, val_diff_loss-0.4117601
2025-03-20 16:25:43 - INFO - epoch-351, train_mse_loss-0.0003239, train_kl_loss-0.0000994, train_diff_loss-0.4215127, val_mse_loss-0.0003870, val_kl_loss-0.0001039, val_diff_loss-0.4320493
2025-03-20 16:30:03 - INFO - epoch-352, train_mse_loss-0.0003239, train_kl_loss-0.0001002, train_diff_loss-0.4215625, val_mse_loss-0.0004147, val_kl_loss-0.0001184, val_diff_loss-0.4228519
2025-03-20 16:34:22 - INFO - epoch-353, train_mse_loss-0.0003239, train_kl_loss-0.0001019, train_diff_loss-0.4216964, val_mse_loss-0.0004030, val_kl_loss-0.0000995, val_diff_loss-0.4317991
2025-03-20 16:38:42 - INFO - epoch-354, train_mse_loss-0.0003239, train_kl_loss-0.0001017, train_diff_loss-0.4226347, val_mse_loss-0.0004081, val_kl_loss-0.0001007, val_diff_loss-0.4212227
2025-03-20 16:43:02 - INFO - epoch-355, train_mse_loss-0.0003239, train_kl_loss-0.0001006, train_diff_loss-0.4208794, val_mse_loss-0.0004143, val_kl_loss-0.0001011, val_diff_loss-0.4241722
2025-03-20 16:47:21 - INFO - epoch-356, train_mse_loss-0.0003239, train_kl_loss-0.0001009, train_diff_loss-0.4206664, val_mse_loss-0.0004200, val_kl_loss-0.0000893, val_diff_loss-0.4164704
2025-03-20 16:51:39 - INFO - epoch-357, train_mse_loss-0.0003239, train_kl_loss-0.0000989, train_diff_loss-0.4213405, val_mse_loss-0.0004222, val_kl_loss-0.0001002, val_diff_loss-0.4296607
2025-03-20 16:55:59 - INFO - epoch-358, train_mse_loss-0.0003239, train_kl_loss-0.0001001, train_diff_loss-0.4216422, val_mse_loss-0.0004042, val_kl_loss-0.0000993, val_diff_loss-0.4148129
2025-03-20 17:00:18 - INFO - epoch-359, train_mse_loss-0.0003239, train_kl_loss-0.0000979, train_diff_loss-0.4179141, val_mse_loss-0.0004176, val_kl_loss-0.0001045, val_diff_loss-0.4076584
2025-03-20 17:04:37 - INFO - epoch-360, train_mse_loss-0.0003239, train_kl_loss-0.0001002, train_diff_loss-0.4197802, val_mse_loss-0.0004017, val_kl_loss-0.0000970, val_diff_loss-0.4216018
2025-03-20 17:08:56 - INFO - epoch-361, train_mse_loss-0.0003239, train_kl_loss-0.0001029, train_diff_loss-0.4254290, val_mse_loss-0.0004071, val_kl_loss-0.0001049, val_diff_loss-0.4088575
2025-03-20 17:13:16 - INFO - epoch-362, train_mse_loss-0.0003239, train_kl_loss-0.0001013, train_diff_loss-0.4237644, val_mse_loss-0.0004031, val_kl_loss-0.0001050, val_diff_loss-0.4350880
2025-03-20 17:17:35 - INFO - epoch-363, train_mse_loss-0.0003239, train_kl_loss-0.0001008, train_diff_loss-0.4216199, val_mse_loss-0.0003803, val_kl_loss-0.0000993, val_diff_loss-0.4212762
2025-03-20 17:21:53 - INFO - epoch-364, train_mse_loss-0.0003239, train_kl_loss-0.0001017, train_diff_loss-0.4247569, val_mse_loss-0.0004113, val_kl_loss-0.0001035, val_diff_loss-0.4172866
2025-03-20 17:26:11 - INFO - epoch-365, train_mse_loss-0.0003239, train_kl_loss-0.0000998, train_diff_loss-0.4214900, val_mse_loss-0.0004334, val_kl_loss-0.0000914, val_diff_loss-0.4272307
2025-03-20 17:30:30 - INFO - epoch-366, train_mse_loss-0.0003239, train_kl_loss-0.0000981, train_diff_loss-0.4201873, val_mse_loss-0.0004080, val_kl_loss-0.0000903, val_diff_loss-0.4176438
2025-03-20 17:34:50 - INFO - epoch-367, train_mse_loss-0.0003239, train_kl_loss-0.0000977, train_diff_loss-0.4177839, val_mse_loss-0.0004161, val_kl_loss-0.0001087, val_diff_loss-0.4249453
2025-03-20 17:39:09 - INFO - epoch-368, train_mse_loss-0.0003239, train_kl_loss-0.0001020, train_diff_loss-0.4238085, val_mse_loss-0.0004194, val_kl_loss-0.0000961, val_diff_loss-0.4241033
2025-03-20 17:43:28 - INFO - epoch-369, train_mse_loss-0.0003239, train_kl_loss-0.0000986, train_diff_loss-0.4175812, val_mse_loss-0.0004177, val_kl_loss-0.0000937, val_diff_loss-0.4203300
2025-03-20 17:47:48 - INFO - epoch-370, train_mse_loss-0.0003239, train_kl_loss-0.0001011, train_diff_loss-0.4216339, val_mse_loss-0.0004067, val_kl_loss-0.0000988, val_diff_loss-0.4129976
2025-03-20 17:52:06 - INFO - epoch-371, train_mse_loss-0.0003239, train_kl_loss-0.0001006, train_diff_loss-0.4206920, val_mse_loss-0.0004060, val_kl_loss-0.0001101, val_diff_loss-0.4458716
2025-03-20 17:56:25 - INFO - epoch-372, train_mse_loss-0.0003239, train_kl_loss-0.0000994, train_diff_loss-0.4200277, val_mse_loss-0.0004132, val_kl_loss-0.0000941, val_diff_loss-0.4141153
2025-03-20 18:00:44 - INFO - epoch-373, train_mse_loss-0.0003239, train_kl_loss-0.0001010, train_diff_loss-0.4218922, val_mse_loss-0.0003876, val_kl_loss-0.0000961, val_diff_loss-0.4267222
2025-03-20 18:05:03 - INFO - epoch-374, train_mse_loss-0.0003239, train_kl_loss-0.0000990, train_diff_loss-0.4184861, val_mse_loss-0.0004380, val_kl_loss-0.0000899, val_diff_loss-0.4202715
2025-03-20 18:09:22 - INFO - epoch-375, train_mse_loss-0.0003239, train_kl_loss-0.0001006, train_diff_loss-0.4208457, val_mse_loss-0.0004155, val_kl_loss-0.0001039, val_diff_loss-0.4269814
2025-03-20 18:13:40 - INFO - epoch-376, train_mse_loss-0.0003239, train_kl_loss-0.0001027, train_diff_loss-0.4250551, val_mse_loss-0.0003797, val_kl_loss-0.0001049, val_diff_loss-0.4228233
2025-03-20 18:17:58 - INFO - epoch-377, train_mse_loss-0.0003239, train_kl_loss-0.0001007, train_diff_loss-0.4230226, val_mse_loss-0.0004121, val_kl_loss-0.0001058, val_diff_loss-0.4266555
2025-03-20 18:22:16 - INFO - epoch-378, train_mse_loss-0.0003239, train_kl_loss-0.0000978, train_diff_loss-0.4169558, val_mse_loss-0.0003803, val_kl_loss-0.0001028, val_diff_loss-0.4427895
2025-03-20 18:26:34 - INFO - epoch-379, train_mse_loss-0.0003239, train_kl_loss-0.0001036, train_diff_loss-0.4264939, val_mse_loss-0.0004514, val_kl_loss-0.0001009, val_diff_loss-0.4230115
2025-03-20 18:30:53 - INFO - epoch-380, train_mse_loss-0.0003239, train_kl_loss-0.0000978, train_diff_loss-0.4175131, val_mse_loss-0.0004148, val_kl_loss-0.0001042, val_diff_loss-0.4194255
2025-03-20 18:35:11 - INFO - epoch-381, train_mse_loss-0.0003239, train_kl_loss-0.0001001, train_diff_loss-0.4195520, val_mse_loss-0.0003994, val_kl_loss-0.0001046, val_diff_loss-0.4168545
2025-03-20 18:39:29 - INFO - epoch-382, train_mse_loss-0.0003239, train_kl_loss-0.0001003, train_diff_loss-0.4214629, val_mse_loss-0.0004032, val_kl_loss-0.0000939, val_diff_loss-0.4341336
2025-03-20 18:43:48 - INFO - epoch-383, train_mse_loss-0.0003239, train_kl_loss-0.0001020, train_diff_loss-0.4238090, val_mse_loss-0.0004155, val_kl_loss-0.0000953, val_diff_loss-0.4210371
2025-03-20 18:48:05 - INFO - epoch-384, train_mse_loss-0.0003239, train_kl_loss-0.0001008, train_diff_loss-0.4245120, val_mse_loss-0.0004109, val_kl_loss-0.0001062, val_diff_loss-0.4218285
2025-03-20 18:52:23 - INFO - epoch-385, train_mse_loss-0.0003239, train_kl_loss-0.0001012, train_diff_loss-0.4249538, val_mse_loss-0.0003868, val_kl_loss-0.0001027, val_diff_loss-0.4225220
2025-03-20 18:56:41 - INFO - epoch-386, train_mse_loss-0.0003239, train_kl_loss-0.0000999, train_diff_loss-0.4240120, val_mse_loss-0.0004085, val_kl_loss-0.0001008, val_diff_loss-0.4097723
2025-03-20 19:00:58 - INFO - epoch-387, train_mse_loss-0.0003239, train_kl_loss-0.0000998, train_diff_loss-0.4208619, val_mse_loss-0.0004222, val_kl_loss-0.0001072, val_diff_loss-0.4314779
2025-03-20 19:05:16 - INFO - epoch-388, train_mse_loss-0.0003239, train_kl_loss-0.0001011, train_diff_loss-0.4237085, val_mse_loss-0.0004102, val_kl_loss-0.0000960, val_diff_loss-0.4225489
2025-03-20 19:09:34 - INFO - epoch-389, train_mse_loss-0.0003239, train_kl_loss-0.0000972, train_diff_loss-0.4168623, val_mse_loss-0.0004287, val_kl_loss-0.0000915, val_diff_loss-0.4186522
2025-03-20 19:13:52 - INFO - epoch-390, train_mse_loss-0.0003239, train_kl_loss-0.0001001, train_diff_loss-0.4180813, val_mse_loss-0.0004205, val_kl_loss-0.0000955, val_diff_loss-0.4159511
2025-03-20 19:18:09 - INFO - epoch-391, train_mse_loss-0.0003239, train_kl_loss-0.0001024, train_diff_loss-0.4240190, val_mse_loss-0.0004223, val_kl_loss-0.0000993, val_diff_loss-0.4319955
2025-03-20 19:22:28 - INFO - epoch-392, train_mse_loss-0.0003239, train_kl_loss-0.0000980, train_diff_loss-0.4181214, val_mse_loss-0.0004091, val_kl_loss-0.0001081, val_diff_loss-0.4269610
2025-03-20 19:26:47 - INFO - epoch-393, train_mse_loss-0.0003239, train_kl_loss-0.0001002, train_diff_loss-0.4189801, val_mse_loss-0.0004414, val_kl_loss-0.0000949, val_diff_loss-0.4292529
2025-03-20 19:31:05 - INFO - epoch-394, train_mse_loss-0.0003239, train_kl_loss-0.0000996, train_diff_loss-0.4185913, val_mse_loss-0.0004101, val_kl_loss-0.0000962, val_diff_loss-0.4144958
2025-03-20 19:35:22 - INFO - epoch-395, train_mse_loss-0.0003239, train_kl_loss-0.0001013, train_diff_loss-0.4218391, val_mse_loss-0.0004186, val_kl_loss-0.0001004, val_diff_loss-0.4088818
2025-03-20 19:39:41 - INFO - epoch-396, train_mse_loss-0.0003239, train_kl_loss-0.0001052, train_diff_loss-0.4277492, val_mse_loss-0.0004448, val_kl_loss-0.0001016, val_diff_loss-0.4182526
2025-03-20 19:43:58 - INFO - epoch-397, train_mse_loss-0.0003239, train_kl_loss-0.0001013, train_diff_loss-0.4257301, val_mse_loss-0.0004286, val_kl_loss-0.0000943, val_diff_loss-0.4382262
2025-03-20 19:48:16 - INFO - epoch-398, train_mse_loss-0.0003239, train_kl_loss-0.0001000, train_diff_loss-0.4246300, val_mse_loss-0.0004067, val_kl_loss-0.0001059, val_diff_loss-0.4225500
2025-03-20 19:52:34 - INFO - epoch-399, train_mse_loss-0.0003239, train_kl_loss-0.0000981, train_diff_loss-0.4178050, val_mse_loss-0.0004277, val_kl_loss-0.0000949, val_diff_loss-0.4199783
2025-03-20 19:56:52 - INFO - epoch-400, train_mse_loss-0.0003239, train_kl_loss-0.0001007, train_diff_loss-0.4203849, val_mse_loss-0.0004085, val_kl_loss-0.0000955, val_diff_loss-0.4306860
2025-03-20 20:01:09 - INFO - epoch-401, train_mse_loss-0.0003239, train_kl_loss-0.0001016, train_diff_loss-0.4228500, val_mse_loss-0.0004093, val_kl_loss-0.0001093, val_diff_loss-0.4297911
2025-03-20 20:05:27 - INFO - epoch-402, train_mse_loss-0.0003239, train_kl_loss-0.0001006, train_diff_loss-0.4217789, val_mse_loss-0.0004414, val_kl_loss-0.0000940, val_diff_loss-0.4101148
2025-03-20 20:09:45 - INFO - epoch-403, train_mse_loss-0.0003239, train_kl_loss-0.0000999, train_diff_loss-0.4198159, val_mse_loss-0.0004145, val_kl_loss-0.0000977, val_diff_loss-0.4164333
2025-03-20 20:14:03 - INFO - epoch-404, train_mse_loss-0.0003239, train_kl_loss-0.0001003, train_diff_loss-0.4210254, val_mse_loss-0.0004173, val_kl_loss-0.0000967, val_diff_loss-0.4211394
2025-03-20 20:18:20 - INFO - epoch-405, train_mse_loss-0.0003239, train_kl_loss-0.0001010, train_diff_loss-0.4222435, val_mse_loss-0.0004093, val_kl_loss-0.0000968, val_diff_loss-0.4207424
2025-03-20 20:22:38 - INFO - epoch-406, train_mse_loss-0.0003239, train_kl_loss-0.0001017, train_diff_loss-0.4263477, val_mse_loss-0.0004131, val_kl_loss-0.0001040, val_diff_loss-0.4348534
2025-03-20 20:26:55 - INFO - epoch-407, train_mse_loss-0.0003239, train_kl_loss-0.0000998, train_diff_loss-0.4223737, val_mse_loss-0.0004081, val_kl_loss-0.0000921, val_diff_loss-0.4223953
2025-03-20 20:31:13 - INFO - epoch-408, train_mse_loss-0.0003239, train_kl_loss-0.0000972, train_diff_loss-0.4183359, val_mse_loss-0.0004415, val_kl_loss-0.0001005, val_diff_loss-0.4384723
2025-03-20 20:35:30 - INFO - epoch-409, train_mse_loss-0.0003239, train_kl_loss-0.0000979, train_diff_loss-0.4162215, val_mse_loss-0.0004232, val_kl_loss-0.0001056, val_diff_loss-0.4134394
2025-03-20 20:39:47 - INFO - epoch-410, train_mse_loss-0.0003239, train_kl_loss-0.0000987, train_diff_loss-0.4161636, val_mse_loss-0.0004130, val_kl_loss-0.0001057, val_diff_loss-0.4151264
2025-03-20 20:44:08 - INFO - epoch-411, train_mse_loss-0.0003239, train_kl_loss-0.0001032, train_diff_loss-0.4222714, val_mse_loss-0.0004568, val_kl_loss-0.0000964, val_diff_loss-0.4036148
2025-03-20 20:48:27 - INFO - epoch-412, train_mse_loss-0.0003239, train_kl_loss-0.0000976, train_diff_loss-0.4132533, val_mse_loss-0.0004406, val_kl_loss-0.0000992, val_diff_loss-0.4280965
2025-03-20 20:52:45 - INFO - epoch-413, train_mse_loss-0.0003239, train_kl_loss-0.0001014, train_diff_loss-0.4181006, val_mse_loss-0.0004135, val_kl_loss-0.0001024, val_diff_loss-0.4080321
2025-03-20 20:57:02 - INFO - epoch-414, train_mse_loss-0.0003239, train_kl_loss-0.0001024, train_diff_loss-0.4210517, val_mse_loss-0.0004317, val_kl_loss-0.0000932, val_diff_loss-0.4229442
2025-03-20 21:01:20 - INFO - epoch-415, train_mse_loss-0.0003239, train_kl_loss-0.0000988, train_diff_loss-0.4205598, val_mse_loss-0.0004254, val_kl_loss-0.0001079, val_diff_loss-0.4080039
2025-03-20 21:05:37 - INFO - epoch-416, train_mse_loss-0.0003239, train_kl_loss-0.0000982, train_diff_loss-0.4174954, val_mse_loss-0.0004221, val_kl_loss-0.0000930, val_diff_loss-0.4319486
2025-03-20 21:09:54 - INFO - epoch-417, train_mse_loss-0.0003239, train_kl_loss-0.0000996, train_diff_loss-0.4187423, val_mse_loss-0.0004319, val_kl_loss-0.0001019, val_diff_loss-0.4111175
2025-03-20 21:14:12 - INFO - epoch-418, train_mse_loss-0.0003239, train_kl_loss-0.0000993, train_diff_loss-0.4171285, val_mse_loss-0.0004231, val_kl_loss-0.0001068, val_diff_loss-0.4047789
2025-03-20 21:18:30 - INFO - epoch-419, train_mse_loss-0.0003239, train_kl_loss-0.0001003, train_diff_loss-0.4185897, val_mse_loss-0.0004305, val_kl_loss-0.0001118, val_diff_loss-0.4221332
2025-03-20 21:22:49 - INFO - epoch-420, train_mse_loss-0.0003239, train_kl_loss-0.0001029, train_diff_loss-0.4219936, val_mse_loss-0.0004098, val_kl_loss-0.0000962, val_diff_loss-0.4292996
2025-03-20 21:27:07 - INFO - epoch-421, train_mse_loss-0.0003239, train_kl_loss-0.0000977, train_diff_loss-0.4154525, val_mse_loss-0.0004233, val_kl_loss-0.0001020, val_diff_loss-0.4234039
2025-03-20 21:31:25 - INFO - epoch-422, train_mse_loss-0.0003239, train_kl_loss-0.0000978, train_diff_loss-0.4151655, val_mse_loss-0.0004283, val_kl_loss-0.0000996, val_diff_loss-0.4143200
2025-03-20 21:35:42 - INFO - epoch-423, train_mse_loss-0.0003239, train_kl_loss-0.0001016, train_diff_loss-0.4194661, val_mse_loss-0.0004202, val_kl_loss-0.0000830, val_diff_loss-0.4094545
2025-03-20 21:40:00 - INFO - epoch-424, train_mse_loss-0.0003239, train_kl_loss-0.0001006, train_diff_loss-0.4225153, val_mse_loss-0.0004354, val_kl_loss-0.0001006, val_diff_loss-0.4276980
2025-03-20 21:44:18 - INFO - epoch-425, train_mse_loss-0.0003239, train_kl_loss-0.0001020, train_diff_loss-0.4243531, val_mse_loss-0.0004103, val_kl_loss-0.0001031, val_diff_loss-0.4169201
2025-03-20 21:48:35 - INFO - epoch-426, train_mse_loss-0.0003239, train_kl_loss-0.0001001, train_diff_loss-0.4210531, val_mse_loss-0.0004077, val_kl_loss-0.0000949, val_diff_loss-0.4365351
2025-03-20 21:52:53 - INFO - epoch-427, train_mse_loss-0.0003239, train_kl_loss-0.0000993, train_diff_loss-0.4197932, val_mse_loss-0.0004346, val_kl_loss-0.0000913, val_diff_loss-0.4239637
2025-03-20 21:57:11 - INFO - epoch-428, train_mse_loss-0.0003239, train_kl_loss-0.0001004, train_diff_loss-0.4234562, val_mse_loss-0.0004360, val_kl_loss-0.0001164, val_diff_loss-0.4112282
2025-03-20 22:01:28 - INFO - epoch-429, train_mse_loss-0.0003239, train_kl_loss-0.0001013, train_diff_loss-0.4191641, val_mse_loss-0.0004431, val_kl_loss-0.0000806, val_diff_loss-0.4355191
2025-03-20 22:05:46 - INFO - epoch-430, train_mse_loss-0.0003239, train_kl_loss-0.0000988, train_diff_loss-0.4197002, val_mse_loss-0.0004331, val_kl_loss-0.0001087, val_diff_loss-0.4366313
2025-03-20 22:10:04 - INFO - epoch-431, train_mse_loss-0.0003239, train_kl_loss-0.0001015, train_diff_loss-0.4213277, val_mse_loss-0.0004368, val_kl_loss-0.0001008, val_diff_loss-0.4260204
2025-03-20 22:14:22 - INFO - epoch-432, train_mse_loss-0.0003239, train_kl_loss-0.0000999, train_diff_loss-0.4214034, val_mse_loss-0.0004204, val_kl_loss-0.0001012, val_diff_loss-0.4230807
2025-03-20 22:18:39 - INFO - epoch-433, train_mse_loss-0.0003239, train_kl_loss-0.0000992, train_diff_loss-0.4201029, val_mse_loss-0.0004304, val_kl_loss-0.0001103, val_diff_loss-0.4228113
2025-03-20 22:22:56 - INFO - epoch-434, train_mse_loss-0.0003239, train_kl_loss-0.0000999, train_diff_loss-0.4176938, val_mse_loss-0.0004472, val_kl_loss-0.0000920, val_diff_loss-0.4230086
2025-03-20 22:27:14 - INFO - epoch-435, train_mse_loss-0.0003239, train_kl_loss-0.0000982, train_diff_loss-0.4164435, val_mse_loss-0.0004303, val_kl_loss-0.0001018, val_diff_loss-0.4203700
2025-03-20 22:31:32 - INFO - epoch-436, train_mse_loss-0.0003239, train_kl_loss-0.0001011, train_diff_loss-0.4209060, val_mse_loss-0.0004149, val_kl_loss-0.0001044, val_diff_loss-0.4344420
2025-03-20 22:35:50 - INFO - epoch-437, train_mse_loss-0.0003239, train_kl_loss-0.0001020, train_diff_loss-0.4217913, val_mse_loss-0.0004339, val_kl_loss-0.0000940, val_diff_loss-0.4199859
2025-03-20 22:40:09 - INFO - epoch-438, train_mse_loss-0.0003239, train_kl_loss-0.0001000, train_diff_loss-0.4200606, val_mse_loss-0.0004278, val_kl_loss-0.0000985, val_diff_loss-0.4116535
2025-03-20 22:44:28 - INFO - epoch-439, train_mse_loss-0.0003239, train_kl_loss-0.0000982, train_diff_loss-0.4150319, val_mse_loss-0.0004340, val_kl_loss-0.0000969, val_diff_loss-0.4181431
2025-03-20 22:48:46 - INFO - epoch-440, train_mse_loss-0.0003239, train_kl_loss-0.0000983, train_diff_loss-0.4162000, val_mse_loss-0.0004563, val_kl_loss-0.0000952, val_diff_loss-0.4121867
2025-03-20 22:53:03 - INFO - epoch-441, train_mse_loss-0.0003239, train_kl_loss-0.0000996, train_diff_loss-0.4170409, val_mse_loss-0.0004563, val_kl_loss-0.0000943, val_diff_loss-0.4167661
2025-03-20 22:57:22 - INFO - epoch-442, train_mse_loss-0.0003239, train_kl_loss-0.0001010, train_diff_loss-0.4195409, val_mse_loss-0.0004707, val_kl_loss-0.0000939, val_diff_loss-0.4287056
2025-03-20 23:01:40 - INFO - epoch-443, train_mse_loss-0.0003239, train_kl_loss-0.0001027, train_diff_loss-0.4258169, val_mse_loss-0.0004419, val_kl_loss-0.0000994, val_diff_loss-0.4312636
2025-03-20 23:05:57 - INFO - epoch-444, train_mse_loss-0.0003239, train_kl_loss-0.0000989, train_diff_loss-0.4193365, val_mse_loss-0.0004693, val_kl_loss-0.0000859, val_diff_loss-0.4270989
2025-03-20 23:10:16 - INFO - epoch-445, train_mse_loss-0.0003239, train_kl_loss-0.0001004, train_diff_loss-0.4233410, val_mse_loss-0.0004487, val_kl_loss-0.0001011, val_diff_loss-0.4203484
2025-03-20 23:14:37 - INFO - epoch-446, train_mse_loss-0.0003239, train_kl_loss-0.0000980, train_diff_loss-0.4183497, val_mse_loss-0.0004378, val_kl_loss-0.0001077, val_diff_loss-0.4213764
2025-03-20 23:18:56 - INFO - epoch-447, train_mse_loss-0.0003239, train_kl_loss-0.0000972, train_diff_loss-0.4140790, val_mse_loss-0.0004528, val_kl_loss-0.0000997, val_diff_loss-0.4240138
2025-03-20 23:23:13 - INFO - epoch-448, train_mse_loss-0.0003239, train_kl_loss-0.0001032, train_diff_loss-0.4203544, val_mse_loss-0.0004653, val_kl_loss-0.0001066, val_diff_loss-0.4081413
2025-03-20 23:27:32 - INFO - epoch-449, train_mse_loss-0.0003239, train_kl_loss-0.0001000, train_diff_loss-0.4194193, val_mse_loss-0.0004898, val_kl_loss-0.0001053, val_diff_loss-0.4202151
2025-03-20 23:31:50 - INFO - epoch-450, train_mse_loss-0.0003239, train_kl_loss-0.0001015, train_diff_loss-0.4194214, val_mse_loss-0.0004438, val_kl_loss-0.0000967, val_diff_loss-0.4047618
2025-03-20 23:36:08 - INFO - epoch-451, train_mse_loss-0.0003239, train_kl_loss-0.0000970, train_diff_loss-0.4156759, val_mse_loss-0.0004696, val_kl_loss-0.0001010, val_diff_loss-0.4264655
2025-03-20 23:40:26 - INFO - epoch-452, train_mse_loss-0.0003239, train_kl_loss-0.0001016, train_diff_loss-0.4201027, val_mse_loss-0.0004674, val_kl_loss-0.0000932, val_diff_loss-0.4173101
2025-03-20 23:44:44 - INFO - epoch-453, train_mse_loss-0.0003239, train_kl_loss-0.0000990, train_diff_loss-0.4186987, val_mse_loss-0.0004820, val_kl_loss-0.0001030, val_diff_loss-0.4212146
2025-03-20 23:49:02 - INFO - epoch-454, train_mse_loss-0.0003239, train_kl_loss-0.0001038, train_diff_loss-0.4266739, val_mse_loss-0.0004672, val_kl_loss-0.0001021, val_diff_loss-0.4207487
2025-03-20 23:53:21 - INFO - epoch-455, train_mse_loss-0.0003239, train_kl_loss-0.0001000, train_diff_loss-0.4225633, val_mse_loss-0.0004776, val_kl_loss-0.0000991, val_diff_loss-0.4269232
2025-03-20 23:57:39 - INFO - epoch-456, train_mse_loss-0.0003239, train_kl_loss-0.0001009, train_diff_loss-0.4227852, val_mse_loss-0.0004521, val_kl_loss-0.0001003, val_diff_loss-0.4300329
2025-03-21 00:01:57 - INFO - epoch-457, train_mse_loss-0.0003239, train_kl_loss-0.0000950, train_diff_loss-0.4115120, val_mse_loss-0.0004859, val_kl_loss-0.0001067, val_diff_loss-0.4061542
2025-03-21 00:06:16 - INFO - epoch-458, train_mse_loss-0.0003239, train_kl_loss-0.0001009, train_diff_loss-0.4176080, val_mse_loss-0.0004596, val_kl_loss-0.0001037, val_diff_loss-0.4182658
2025-03-21 00:10:34 - INFO - epoch-459, train_mse_loss-0.0003239, train_kl_loss-0.0001006, train_diff_loss-0.4187439, val_mse_loss-0.0005097, val_kl_loss-0.0001019, val_diff_loss-0.4076540
2025-03-21 00:14:52 - INFO - epoch-460, train_mse_loss-0.0003239, train_kl_loss-0.0001010, train_diff_loss-0.4184233, val_mse_loss-0.0004732, val_kl_loss-0.0001023, val_diff_loss-0.4291766
2025-03-21 00:19:10 - INFO - epoch-461, train_mse_loss-0.0003239, train_kl_loss-0.0001020, train_diff_loss-0.4228319, val_mse_loss-0.0004634, val_kl_loss-0.0000957, val_diff_loss-0.3993166
2025-03-21 00:19:19 - INFO - Saved new best model at epoch 461 with validation loss 0.3998757
2025-03-21 00:23:38 - INFO - epoch-462, train_mse_loss-0.0003239, train_kl_loss-0.0001031, train_diff_loss-0.4237495, val_mse_loss-0.0004453, val_kl_loss-0.0001049, val_diff_loss-0.4225427
2025-03-21 00:27:56 - INFO - epoch-463, train_mse_loss-0.0003239, train_kl_loss-0.0000967, train_diff_loss-0.4138040, val_mse_loss-0.0004728, val_kl_loss-0.0001062, val_diff_loss-0.4253491
2025-03-21 00:32:15 - INFO - epoch-464, train_mse_loss-0.0003239, train_kl_loss-0.0001011, train_diff_loss-0.4197394, val_mse_loss-0.0004723, val_kl_loss-0.0000992, val_diff_loss-0.4172385
2025-03-21 00:36:33 - INFO - epoch-465, train_mse_loss-0.0003239, train_kl_loss-0.0000997, train_diff_loss-0.4191681, val_mse_loss-0.0004882, val_kl_loss-0.0000982, val_diff_loss-0.4188810
2025-03-21 00:40:51 - INFO - epoch-466, train_mse_loss-0.0003239, train_kl_loss-0.0000987, train_diff_loss-0.4159151, val_mse_loss-0.0005132, val_kl_loss-0.0001021, val_diff_loss-0.4236832
2025-03-21 00:45:08 - INFO - epoch-467, train_mse_loss-0.0003239, train_kl_loss-0.0001015, train_diff_loss-0.4177917, val_mse_loss-0.0004878, val_kl_loss-0.0001024, val_diff_loss-0.4102829
2025-03-21 00:49:25 - INFO - epoch-468, train_mse_loss-0.0003239, train_kl_loss-0.0001002, train_diff_loss-0.4163530, val_mse_loss-0.0004631, val_kl_loss-0.0000978, val_diff_loss-0.4266563
2025-03-21 00:53:43 - INFO - epoch-469, train_mse_loss-0.0003239, train_kl_loss-0.0000990, train_diff_loss-0.4170642, val_mse_loss-0.0004881, val_kl_loss-0.0001076, val_diff_loss-0.4273808
2025-03-21 00:58:01 - INFO - epoch-470, train_mse_loss-0.0003239, train_kl_loss-0.0001019, train_diff_loss-0.4185282, val_mse_loss-0.0005092, val_kl_loss-0.0000980, val_diff_loss-0.4246386
2025-03-21 01:02:19 - INFO - epoch-471, train_mse_loss-0.0003239, train_kl_loss-0.0001009, train_diff_loss-0.4199487, val_mse_loss-0.0004793, val_kl_loss-0.0001035, val_diff_loss-0.4207097
2025-03-21 01:06:38 - INFO - epoch-472, train_mse_loss-0.0003239, train_kl_loss-0.0001011, train_diff_loss-0.4192220, val_mse_loss-0.0005059, val_kl_loss-0.0001030, val_diff_loss-0.4328214
2025-03-21 01:10:58 - INFO - epoch-473, train_mse_loss-0.0003239, train_kl_loss-0.0001020, train_diff_loss-0.4213111, val_mse_loss-0.0004914, val_kl_loss-0.0001023, val_diff_loss-0.4147947
2025-03-21 01:15:16 - INFO - epoch-474, train_mse_loss-0.0003239, train_kl_loss-0.0000962, train_diff_loss-0.4130232, val_mse_loss-0.0004906, val_kl_loss-0.0001019, val_diff_loss-0.4090345
2025-03-21 01:19:33 - INFO - epoch-475, train_mse_loss-0.0003239, train_kl_loss-0.0001002, train_diff_loss-0.4190584, val_mse_loss-0.0005154, val_kl_loss-0.0000958, val_diff_loss-0.4082267
2025-03-21 01:23:51 - INFO - epoch-476, train_mse_loss-0.0003239, train_kl_loss-0.0001011, train_diff_loss-0.4197529, val_mse_loss-0.0005274, val_kl_loss-0.0001021, val_diff_loss-0.4129762
2025-03-21 01:28:08 - INFO - epoch-477, train_mse_loss-0.0003239, train_kl_loss-0.0000997, train_diff_loss-0.4172100, val_mse_loss-0.0004872, val_kl_loss-0.0001001, val_diff_loss-0.4094953
2025-03-21 01:32:26 - INFO - epoch-478, train_mse_loss-0.0003239, train_kl_loss-0.0001001, train_diff_loss-0.4166679, val_mse_loss-0.0004399, val_kl_loss-0.0000934, val_diff_loss-0.4192788
2025-03-21 01:36:44 - INFO - epoch-479, train_mse_loss-0.0003239, train_kl_loss-0.0001007, train_diff_loss-0.4199346, val_mse_loss-0.0004658, val_kl_loss-0.0001073, val_diff_loss-0.4277188
2025-03-21 01:41:01 - INFO - epoch-480, train_mse_loss-0.0003238, train_kl_loss-0.0001017, train_diff_loss-0.4200208, val_mse_loss-0.0004478, val_kl_loss-0.0001137, val_diff_loss-0.4328098
2025-03-21 01:45:18 - INFO - epoch-481, train_mse_loss-0.0003238, train_kl_loss-0.0000993, train_diff_loss-0.4182504, val_mse_loss-0.0004552, val_kl_loss-0.0000991, val_diff_loss-0.4278267
2025-03-21 01:49:36 - INFO - epoch-482, train_mse_loss-0.0003238, train_kl_loss-0.0001024, train_diff_loss-0.4194791, val_mse_loss-0.0004710, val_kl_loss-0.0001033, val_diff_loss-0.4216962
2025-03-21 01:53:54 - INFO - epoch-483, train_mse_loss-0.0003239, train_kl_loss-0.0001007, train_diff_loss-0.4207370, val_mse_loss-0.0004846, val_kl_loss-0.0000978, val_diff_loss-0.4230139
2025-03-21 01:58:11 - INFO - epoch-484, train_mse_loss-0.0003238, train_kl_loss-0.0000966, train_diff_loss-0.4146724, val_mse_loss-0.0004302, val_kl_loss-0.0000942, val_diff_loss-0.4158575
2025-03-21 02:02:28 - INFO - epoch-485, train_mse_loss-0.0003238, train_kl_loss-0.0001001, train_diff_loss-0.4193785, val_mse_loss-0.0004171, val_kl_loss-0.0001018, val_diff_loss-0.4302269
2025-03-21 02:06:46 - INFO - epoch-486, train_mse_loss-0.0003238, train_kl_loss-0.0000999, train_diff_loss-0.4169025, val_mse_loss-0.0004133, val_kl_loss-0.0000961, val_diff_loss-0.4075530
2025-03-21 02:11:04 - INFO - epoch-487, train_mse_loss-0.0003238, train_kl_loss-0.0000995, train_diff_loss-0.4180949, val_mse_loss-0.0004431, val_kl_loss-0.0001024, val_diff_loss-0.4317150
2025-03-21 02:15:21 - INFO - epoch-488, train_mse_loss-0.0003238, train_kl_loss-0.0001014, train_diff_loss-0.4195758, val_mse_loss-0.0003955, val_kl_loss-0.0001011, val_diff_loss-0.4206976
2025-03-21 02:19:38 - INFO - epoch-489, train_mse_loss-0.0003238, train_kl_loss-0.0001022, train_diff_loss-0.4226064, val_mse_loss-0.0004008, val_kl_loss-0.0000949, val_diff_loss-0.4131633
2025-03-21 02:23:56 - INFO - epoch-490, train_mse_loss-0.0003238, train_kl_loss-0.0001034, train_diff_loss-0.4275489, val_mse_loss-0.0004094, val_kl_loss-0.0000977, val_diff_loss-0.4084408
2025-03-21 02:28:14 - INFO - epoch-491, train_mse_loss-0.0003238, train_kl_loss-0.0000954, train_diff_loss-0.4174445, val_mse_loss-0.0004447, val_kl_loss-0.0001065, val_diff_loss-0.4138663
2025-03-21 02:32:32 - INFO - epoch-492, train_mse_loss-0.0003238, train_kl_loss-0.0001033, train_diff_loss-0.4233445, val_mse_loss-0.0004156, val_kl_loss-0.0000920, val_diff_loss-0.4096343
2025-03-21 02:36:49 - INFO - epoch-493, train_mse_loss-0.0003238, train_kl_loss-0.0000989, train_diff_loss-0.4169469, val_mse_loss-0.0003911, val_kl_loss-0.0000924, val_diff_loss-0.4150520
2025-03-21 02:41:07 - INFO - epoch-494, train_mse_loss-0.0003238, train_kl_loss-0.0001018, train_diff_loss-0.4195888, val_mse_loss-0.0004320, val_kl_loss-0.0000962, val_diff_loss-0.4202982
2025-03-21 02:45:24 - INFO - epoch-495, train_mse_loss-0.0003238, train_kl_loss-0.0001023, train_diff_loss-0.4227489, val_mse_loss-0.0003527, val_kl_loss-0.0000974, val_diff_loss-0.4195782
2025-03-21 02:49:42 - INFO - epoch-496, train_mse_loss-0.0003238, train_kl_loss-0.0001008, train_diff_loss-0.4219953, val_mse_loss-0.0003278, val_kl_loss-0.0001049, val_diff_loss-0.4217268
2025-03-21 02:54:00 - INFO - epoch-497, train_mse_loss-0.0003238, train_kl_loss-0.0001002, train_diff_loss-0.4211949, val_mse_loss-0.0003468, val_kl_loss-0.0001024, val_diff_loss-0.4314112
2025-03-21 02:58:18 - INFO - epoch-498, train_mse_loss-0.0003238, train_kl_loss-0.0001018, train_diff_loss-0.4215765, val_mse_loss-0.0003311, val_kl_loss-0.0000956, val_diff_loss-0.4119962
2025-03-21 03:02:36 - INFO - epoch-499, train_mse_loss-0.0003238, train_kl_loss-0.0000970, train_diff_loss-0.4160692, val_mse_loss-0.0003414, val_kl_loss-0.0000969, val_diff_loss-0.4164045
