2024-12-17 14:12:52 - INFO - /mnt/cephfs/projects/2023110101_Ligand_fitting_to_EM_maps/My_Code/CryoLigate_Github/CryoLigate/GIGN/GIGN_EM/For_Elisei_Nov_2024/CryoLigate_GIGN_Unet/train_example.py
2024-12-17 14:12:52 - INFO - train data: 6809
2024-12-17 14:12:52 - INFO - valid data: 757
2024-12-17 14:19:27 - INFO - Initial_loss-0.2515
2024-12-17 14:19:50 - INFO - epoch-0, train_loss-0.2983
2024-12-17 14:20:11 - INFO - epoch-1, train_loss-0.2058
2024-12-17 14:20:32 - INFO - epoch-2, train_loss-0.2058
2024-12-17 14:20:53 - INFO - epoch-3, train_loss-0.2054
2024-12-17 14:21:14 - INFO - epoch-4, train_loss-0.2047
2024-12-17 14:21:35 - INFO - epoch-5, train_loss-0.2035
2024-12-17 14:21:56 - INFO - epoch-6, train_loss-0.2032
2024-12-17 14:22:17 - INFO - epoch-7, train_loss-0.2031
2024-12-17 14:22:38 - INFO - epoch-8, train_loss-0.2030
2024-12-17 14:22:59 - INFO - epoch-9, train_loss-0.2029
2024-12-17 14:23:20 - INFO - epoch-10, train_loss-0.2029
2024-12-17 14:23:41 - INFO - epoch-11, train_loss-0.2027
2024-12-17 14:24:02 - INFO - epoch-12, train_loss-0.2026
2024-12-17 14:24:23 - INFO - epoch-13, train_loss-0.2026
2024-12-17 14:24:44 - INFO - epoch-14, train_loss-0.2023
2024-12-17 14:25:05 - INFO - epoch-15, train_loss-0.2022
2024-12-17 14:25:26 - INFO - epoch-16, train_loss-0.2019
2024-12-17 14:25:47 - INFO - epoch-17, train_loss-0.2019
2024-12-17 14:26:08 - INFO - epoch-18, train_loss-0.2018
2024-12-17 14:26:29 - INFO - epoch-19, train_loss-0.2017
2024-12-17 14:26:50 - INFO - epoch-20, train_loss-0.2016
2024-12-17 14:27:11 - INFO - epoch-21, train_loss-0.2011
2024-12-17 14:27:32 - INFO - epoch-22, train_loss-0.2012
2024-12-17 14:27:53 - INFO - epoch-23, train_loss-0.2012
2024-12-17 14:28:14 - INFO - epoch-24, train_loss-0.2011
2024-12-17 14:28:35 - INFO - epoch-25, train_loss-0.2009
2024-12-17 14:28:56 - INFO - epoch-26, train_loss-0.2010
2024-12-17 14:29:17 - INFO - epoch-27, train_loss-0.2011
2024-12-17 14:29:37 - INFO - epoch-28, train_loss-0.2007
2024-12-17 14:29:58 - INFO - epoch-29, train_loss-0.2007
2024-12-17 14:30:19 - INFO - epoch-30, train_loss-0.2007
2024-12-17 14:30:40 - INFO - epoch-31, train_loss-0.2003
2024-12-17 14:31:01 - INFO - epoch-32, train_loss-0.2003
2024-12-17 14:31:22 - INFO - epoch-33, train_loss-0.2002
2024-12-17 14:31:43 - INFO - epoch-34, train_loss-0.1999
2024-12-17 14:32:04 - INFO - epoch-35, train_loss-0.1998
2024-12-17 14:32:25 - INFO - epoch-36, train_loss-0.1995
2024-12-17 14:32:46 - INFO - epoch-37, train_loss-0.1994
2024-12-17 14:33:07 - INFO - epoch-38, train_loss-0.1993
2024-12-17 14:33:28 - INFO - epoch-39, train_loss-0.1993
2024-12-17 14:33:49 - INFO - epoch-40, train_loss-0.1989
2024-12-17 14:34:10 - INFO - epoch-41, train_loss-0.1987
2024-12-17 14:34:32 - INFO - epoch-42, train_loss-0.1984
2024-12-17 14:34:54 - INFO - epoch-43, train_loss-0.1979
2024-12-17 14:35:16 - INFO - epoch-44, train_loss-0.1977
2024-12-17 14:35:38 - INFO - epoch-45, train_loss-0.1973
2024-12-17 14:36:00 - INFO - epoch-46, train_loss-0.1969
2024-12-17 14:36:22 - INFO - epoch-47, train_loss-0.1965
2024-12-17 14:36:44 - INFO - epoch-48, train_loss-0.1966
2024-12-17 14:37:06 - INFO - epoch-49, train_loss-0.1953
2024-12-17 14:37:27 - INFO - epoch-50, train_loss-0.1945
2024-12-17 14:37:49 - INFO - epoch-51, train_loss-0.1942
2024-12-17 14:38:11 - INFO - epoch-52, train_loss-0.1933
2024-12-17 14:38:33 - INFO - epoch-53, train_loss-0.1924
2024-12-17 14:38:55 - INFO - epoch-54, train_loss-0.1915
2024-12-17 14:39:17 - INFO - epoch-55, train_loss-0.1912
2024-12-17 14:39:38 - INFO - epoch-56, train_loss-0.1899
2024-12-17 14:40:00 - INFO - epoch-57, train_loss-0.1894
2024-12-17 14:40:22 - INFO - epoch-58, train_loss-0.1880
2024-12-17 14:40:44 - INFO - epoch-59, train_loss-0.1874
2024-12-17 14:41:06 - INFO - epoch-60, train_loss-0.1860
2024-12-17 14:41:28 - INFO - epoch-61, train_loss-0.1853
2024-12-17 14:41:50 - INFO - epoch-62, train_loss-0.1837
2024-12-17 14:42:11 - INFO - epoch-63, train_loss-0.1818
2024-12-17 14:42:33 - INFO - epoch-64, train_loss-0.1807
2024-12-17 14:42:55 - INFO - epoch-65, train_loss-0.1793
2024-12-17 14:43:17 - INFO - epoch-66, train_loss-0.1788
2024-12-17 14:43:39 - INFO - epoch-67, train_loss-0.1769
2024-12-17 14:44:00 - INFO - epoch-68, train_loss-0.1744
2024-12-17 14:44:22 - INFO - epoch-69, train_loss-0.1723
2024-12-17 14:44:44 - INFO - epoch-70, train_loss-0.1700
2024-12-17 14:45:06 - INFO - epoch-71, train_loss-0.1671
2024-12-17 14:45:28 - INFO - epoch-72, train_loss-0.1643
2024-12-17 14:45:50 - INFO - epoch-73, train_loss-0.1640
2024-12-17 14:46:12 - INFO - epoch-74, train_loss-0.1582
2024-12-17 14:46:33 - INFO - epoch-75, train_loss-0.1541
2024-12-17 14:46:55 - INFO - epoch-76, train_loss-0.1509
2024-12-17 14:47:17 - INFO - epoch-77, train_loss-0.1454
2024-12-17 14:47:39 - INFO - epoch-78, train_loss-0.1408
2024-12-17 14:48:01 - INFO - epoch-79, train_loss-0.1339
2024-12-17 14:48:23 - INFO - epoch-80, train_loss-0.1287
2024-12-17 14:48:44 - INFO - epoch-81, train_loss-0.1232
2024-12-17 14:49:06 - INFO - epoch-82, train_loss-0.1156
2024-12-17 14:49:28 - INFO - epoch-83, train_loss-0.1108
2024-12-17 14:49:50 - INFO - epoch-84, train_loss-0.1043
2024-12-17 14:50:12 - INFO - epoch-85, train_loss-0.0959
2024-12-17 14:50:34 - INFO - epoch-86, train_loss-0.0897
2024-12-17 14:50:55 - INFO - epoch-87, train_loss-0.0840
2024-12-17 14:51:17 - INFO - epoch-88, train_loss-0.0775
2024-12-17 14:51:39 - INFO - epoch-89, train_loss-0.0733
2024-12-17 14:52:00 - INFO - epoch-90, train_loss-0.0676
2024-12-17 14:52:21 - INFO - epoch-91, train_loss-0.0615
2024-12-17 14:52:42 - INFO - epoch-92, train_loss-0.0574
2024-12-17 14:53:03 - INFO - epoch-93, train_loss-0.0527
2024-12-17 14:53:24 - INFO - epoch-94, train_loss-0.0481
2024-12-17 14:53:45 - INFO - epoch-95, train_loss-0.0457
2024-12-17 14:54:06 - INFO - epoch-96, train_loss-0.0425
2024-12-17 14:54:26 - INFO - epoch-97, train_loss-0.0404
2024-12-17 14:54:48 - INFO - epoch-98, train_loss-0.0376
2024-12-17 14:55:09 - INFO - epoch-99, train_loss-0.0342
2024-12-17 14:55:31 - INFO - epoch-100, train_loss-0.0326
2024-12-17 14:55:53 - INFO - epoch-101, train_loss-0.0311
2024-12-17 14:56:15 - INFO - epoch-102, train_loss-0.0293
2024-12-17 14:56:37 - INFO - epoch-103, train_loss-0.0290
2024-12-17 14:56:59 - INFO - epoch-104, train_loss-0.0281
2024-12-17 14:57:21 - INFO - epoch-105, train_loss-0.0258
2024-12-17 14:57:42 - INFO - epoch-106, train_loss-0.0238
2024-12-17 14:58:04 - INFO - epoch-107, train_loss-0.0220
2024-12-17 14:58:26 - INFO - epoch-108, train_loss-0.0225
2024-12-17 14:58:48 - INFO - epoch-109, train_loss-0.0213
2024-12-17 14:59:10 - INFO - epoch-110, train_loss-0.0195
2024-12-17 14:59:32 - INFO - epoch-111, train_loss-0.0178
2024-12-17 14:59:53 - INFO - epoch-112, train_loss-0.0174
2024-12-17 15:00:15 - INFO - epoch-113, train_loss-0.0173
2024-12-17 15:00:37 - INFO - epoch-114, train_loss-0.0166
2024-12-17 15:00:59 - INFO - epoch-115, train_loss-0.0156
2024-12-17 15:01:21 - INFO - epoch-116, train_loss-0.0153
2024-12-17 15:01:43 - INFO - epoch-117, train_loss-0.0144
2024-12-17 15:02:04 - INFO - epoch-118, train_loss-0.0149
2024-12-17 15:03:26 - INFO - epoch-119, train_loss-0.0141
2024-12-17 15:07:43 - INFO - epoch-120, train_loss-0.0136
2024-12-17 15:08:06 - INFO - epoch-121, train_loss-0.0135
2024-12-17 15:08:28 - INFO - epoch-122, train_loss-0.0126
2024-12-17 15:08:49 - INFO - epoch-123, train_loss-0.0121
2024-12-17 15:09:11 - INFO - epoch-124, train_loss-0.0130
2024-12-17 15:09:33 - INFO - epoch-125, train_loss-0.0125
2024-12-17 15:09:55 - INFO - epoch-126, train_loss-0.0122
2024-12-17 15:10:17 - INFO - epoch-127, train_loss-0.0112
2024-12-17 15:10:39 - INFO - epoch-128, train_loss-0.0134
2024-12-17 15:11:00 - INFO - epoch-129, train_loss-0.0134
2024-12-17 15:11:22 - INFO - epoch-130, train_loss-0.0143
2024-12-17 15:11:44 - INFO - epoch-131, train_loss-0.0134
2024-12-17 15:12:06 - INFO - epoch-132, train_loss-0.0122
2024-12-17 15:12:28 - INFO - epoch-133, train_loss-0.0108
2024-12-17 15:12:50 - INFO - epoch-134, train_loss-0.0103
2024-12-17 15:13:11 - INFO - epoch-135, train_loss-0.0090
2024-12-17 15:13:33 - INFO - epoch-136, train_loss-0.0082
2024-12-17 15:13:55 - INFO - epoch-137, train_loss-0.0074
2024-12-17 15:14:17 - INFO - epoch-138, train_loss-0.0070
2024-12-17 15:14:39 - INFO - epoch-139, train_loss-0.0080
2024-12-17 15:15:01 - INFO - epoch-140, train_loss-0.0083
2024-12-17 15:15:22 - INFO - epoch-141, train_loss-0.0081
2024-12-17 15:15:44 - INFO - epoch-142, train_loss-0.0100
2024-12-17 15:16:06 - INFO - epoch-143, train_loss-0.0112
2024-12-17 15:16:28 - INFO - epoch-144, train_loss-0.0138
2024-12-17 15:16:50 - INFO - epoch-145, train_loss-0.0158
2024-12-17 15:17:12 - INFO - epoch-146, train_loss-0.0125
2024-12-17 15:17:34 - INFO - epoch-147, train_loss-0.0108
2024-12-17 15:17:55 - INFO - epoch-148, train_loss-0.0097
2024-12-17 15:18:17 - INFO - epoch-149, train_loss-0.0081
2024-12-17 15:18:39 - INFO - epoch-150, train_loss-0.0073
2024-12-17 15:19:01 - INFO - epoch-151, train_loss-0.0074
2024-12-17 15:19:23 - INFO - epoch-152, train_loss-0.0072
2024-12-17 15:19:44 - INFO - epoch-153, train_loss-0.0082
2024-12-17 15:20:06 - INFO - epoch-154, train_loss-0.0081
2024-12-17 15:20:28 - INFO - epoch-155, train_loss-0.0072
2024-12-17 15:20:50 - INFO - epoch-156, train_loss-0.0063
2024-12-17 15:21:12 - INFO - epoch-157, train_loss-0.0068
2024-12-17 15:21:34 - INFO - epoch-158, train_loss-0.0062
2024-12-17 15:21:56 - INFO - epoch-159, train_loss-0.0056
2024-12-17 15:22:17 - INFO - epoch-160, train_loss-0.0057
2024-12-17 15:22:39 - INFO - epoch-161, train_loss-0.0047
2024-12-17 15:23:01 - INFO - epoch-162, train_loss-0.0046
2024-12-17 15:23:23 - INFO - epoch-163, train_loss-0.0046
2024-12-17 15:23:45 - INFO - epoch-164, train_loss-0.0046
2024-12-17 15:24:07 - INFO - epoch-165, train_loss-0.0046
2024-12-17 15:24:29 - INFO - epoch-166, train_loss-0.0052
2024-12-17 15:24:50 - INFO - epoch-167, train_loss-0.0048
2024-12-17 15:25:12 - INFO - epoch-168, train_loss-0.0049
2024-12-17 15:25:34 - INFO - epoch-169, train_loss-0.0062
2024-12-17 15:25:56 - INFO - epoch-170, train_loss-0.0068
2024-12-17 15:26:17 - INFO - epoch-171, train_loss-0.0091
2024-12-17 15:26:39 - INFO - epoch-172, train_loss-0.0111
2024-12-17 15:27:01 - INFO - epoch-173, train_loss-0.0120
2024-12-17 15:27:23 - INFO - epoch-174, train_loss-0.0113
2024-12-17 15:27:45 - INFO - epoch-175, train_loss-0.0108
2024-12-17 15:28:07 - INFO - epoch-176, train_loss-0.0092
2024-12-17 15:28:29 - INFO - epoch-177, train_loss-0.0067
2024-12-17 15:28:50 - INFO - epoch-178, train_loss-0.0055
2024-12-17 15:29:12 - INFO - epoch-179, train_loss-0.0055
2024-12-17 15:29:34 - INFO - epoch-180, train_loss-0.0051
2024-12-17 15:29:56 - INFO - epoch-181, train_loss-0.0042
2024-12-17 15:30:18 - INFO - epoch-182, train_loss-0.0047
2024-12-17 15:30:40 - INFO - epoch-183, train_loss-0.0042
2024-12-17 15:31:01 - INFO - epoch-184, train_loss-0.0038
2024-12-17 15:31:23 - INFO - epoch-185, train_loss-0.0038
2024-12-17 15:31:45 - INFO - epoch-186, train_loss-0.0036
2024-12-17 15:32:07 - INFO - epoch-187, train_loss-0.0035
2024-12-17 15:32:29 - INFO - epoch-188, train_loss-0.0034
2024-12-17 15:32:51 - INFO - epoch-189, train_loss-0.0047
2024-12-17 15:33:13 - INFO - epoch-190, train_loss-0.0059
2024-12-17 15:33:35 - INFO - epoch-191, train_loss-0.0051
2024-12-17 15:33:57 - INFO - epoch-192, train_loss-0.0054
2024-12-17 15:34:19 - INFO - epoch-193, train_loss-0.0064
2024-12-17 15:34:40 - INFO - epoch-194, train_loss-0.0059
2024-12-17 15:35:02 - INFO - epoch-195, train_loss-0.0046
2024-12-17 15:35:24 - INFO - epoch-196, train_loss-0.0048
2024-12-17 15:35:46 - INFO - epoch-197, train_loss-0.0054
2024-12-17 15:36:08 - INFO - epoch-198, train_loss-0.0049
2024-12-17 15:36:30 - INFO - epoch-199, train_loss-0.0049
