2024-12-29 12:51:40 - INFO - /mnt/cephfs/projects/2023110101_Ligand_fitting_to_EM_maps/My_Code/CryoLigate_Github/CryoLigate/GIGN/GIGN_EM/For_Elisei_Nov_2024/CryoLigate_GIGN_Unet/train_example.py
2024-12-29 12:51:40 - INFO - train data: 6576
2024-12-29 12:51:40 - INFO - train unqiue data: 6576
2024-12-29 12:51:40 - INFO - valid data: 732
2024-12-29 12:51:40 - INFO - valid unqiue data: 732
2024-12-29 12:59:53 - INFO - epoch-0, train_loss-0.0049533, val_loss-0.0158282
2024-12-29 13:03:10 - INFO - epoch-1, train_loss-0.0011318, val_loss-0.0175865
2024-12-29 13:06:28 - INFO - epoch-2, train_loss-0.0011261, val_loss-0.0190971
2024-12-29 13:09:45 - INFO - epoch-3, train_loss-0.0011227, val_loss-0.0208074
2024-12-29 13:13:02 - INFO - epoch-4, train_loss-0.0011193, val_loss-0.0214839
2024-12-29 13:16:20 - INFO - epoch-5, train_loss-0.0011153, val_loss-0.0219511
2024-12-29 13:19:37 - INFO - epoch-6, train_loss-0.0011132, val_loss-0.0233945
2024-12-29 13:22:55 - INFO - epoch-7, train_loss-0.0011170, val_loss-0.0241855
2024-12-29 13:26:12 - INFO - epoch-8, train_loss-0.0011104, val_loss-0.0193973
2024-12-29 13:29:30 - INFO - epoch-9, train_loss-0.0011116, val_loss-0.0184729
2024-12-29 13:32:47 - INFO - epoch-10, train_loss-0.0011170, val_loss-0.0172549
2024-12-29 13:32:50 - INFO - Saved new best model at epoch 10 with validation loss 0.0172549
2024-12-29 13:36:07 - INFO - epoch-11, train_loss-0.0011055, val_loss-0.0137952
2024-12-29 13:36:10 - INFO - Saved new best model at epoch 11 with validation loss 0.0137952
2024-12-29 13:39:27 - INFO - epoch-12, train_loss-0.0011032, val_loss-0.0107931
2024-12-29 13:39:31 - INFO - Saved new best model at epoch 12 with validation loss 0.0107931
2024-12-29 13:42:48 - INFO - epoch-13, train_loss-0.0011012, val_loss-0.0058099
2024-12-29 13:42:51 - INFO - Saved new best model at epoch 13 with validation loss 0.0058099
2024-12-29 13:46:08 - INFO - epoch-14, train_loss-0.0010947, val_loss-0.0045560
2024-12-29 13:46:12 - INFO - Saved new best model at epoch 14 with validation loss 0.0045560
2024-12-29 13:50:16 - INFO - epoch-15, train_loss-0.0010952, val_loss-0.0027832
2024-12-29 13:50:19 - INFO - Saved new best model at epoch 15 with validation loss 0.0027832
2024-12-29 13:55:58 - INFO - epoch-16, train_loss-0.0010933, val_loss-0.0026947
2024-12-29 13:56:01 - INFO - Saved new best model at epoch 16 with validation loss 0.0026947
2024-12-29 13:59:18 - INFO - epoch-17, train_loss-0.0010920, val_loss-0.0018570
2024-12-29 13:59:21 - INFO - Saved new best model at epoch 17 with validation loss 0.0018570
2024-12-29 14:02:38 - INFO - epoch-18, train_loss-0.0010879, val_loss-0.0018394
2024-12-29 14:02:41 - INFO - Saved new best model at epoch 18 with validation loss 0.0018394
2024-12-29 14:05:58 - INFO - epoch-19, train_loss-0.0010827, val_loss-0.0016738
2024-12-29 14:06:01 - INFO - Saved new best model at epoch 19 with validation loss 0.0016738
2024-12-29 14:09:17 - INFO - epoch-20, train_loss-0.0010816, val_loss-0.0015604
2024-12-29 14:09:20 - INFO - Saved new best model at epoch 20 with validation loss 0.0015604
2024-12-29 14:12:37 - INFO - epoch-21, train_loss-0.0010790, val_loss-0.0015698
2024-12-29 14:15:54 - INFO - epoch-22, train_loss-0.0010791, val_loss-0.0014766
2024-12-29 14:15:57 - INFO - Saved new best model at epoch 22 with validation loss 0.0014766
2024-12-29 14:19:14 - INFO - epoch-23, train_loss-0.0010736, val_loss-0.0013588
2024-12-29 14:19:17 - INFO - Saved new best model at epoch 23 with validation loss 0.0013588
2024-12-29 14:22:33 - INFO - epoch-24, train_loss-0.0010740, val_loss-0.0014894
2024-12-29 14:25:50 - INFO - epoch-25, train_loss-0.0010709, val_loss-0.0016607
2024-12-29 14:29:06 - INFO - epoch-26, train_loss-0.0010682, val_loss-0.0016873
2024-12-29 14:32:22 - INFO - epoch-27, train_loss-0.0010668, val_loss-0.0018236
2024-12-29 14:35:39 - INFO - epoch-28, train_loss-0.0010650, val_loss-0.0018108
2024-12-29 14:38:55 - INFO - epoch-29, train_loss-0.0010610, val_loss-0.0015477
2024-12-29 14:42:11 - INFO - epoch-30, train_loss-0.0010652, val_loss-0.0016372
2024-12-29 14:45:29 - INFO - epoch-31, train_loss-0.0010633, val_loss-0.0014988
2024-12-29 14:48:45 - INFO - epoch-32, train_loss-0.0010592, val_loss-0.0015102
2024-12-29 14:52:27 - INFO - epoch-33, train_loss-0.0010558, val_loss-0.0014208
2024-12-29 14:58:22 - INFO - epoch-34, train_loss-0.0010580, val_loss-0.0014494
2024-12-29 15:01:38 - INFO - epoch-35, train_loss-0.0010580, val_loss-0.0014770
2024-12-29 15:04:55 - INFO - epoch-36, train_loss-0.0010518, val_loss-0.0014750
2024-12-29 15:08:10 - INFO - epoch-37, train_loss-0.0010561, val_loss-0.0015294
2024-12-29 15:11:26 - INFO - epoch-38, train_loss-0.0010530, val_loss-0.0014747
2024-12-29 15:14:42 - INFO - epoch-39, train_loss-0.0010528, val_loss-0.0015229
2024-12-29 15:17:57 - INFO - epoch-40, train_loss-0.0010518, val_loss-0.0014710
2024-12-29 15:21:12 - INFO - epoch-41, train_loss-0.0010512, val_loss-0.0014839
2024-12-29 15:24:28 - INFO - epoch-42, train_loss-0.0010472, val_loss-0.0015089
2024-12-29 15:27:43 - INFO - epoch-43, train_loss-0.0010496, val_loss-0.0014356
2024-12-29 15:30:58 - INFO - epoch-44, train_loss-0.0010472, val_loss-0.0015103
2024-12-29 15:34:13 - INFO - epoch-45, train_loss-0.0010472, val_loss-0.0014665
2024-12-29 15:37:30 - INFO - epoch-46, train_loss-0.0010481, val_loss-0.0014646
2024-12-29 15:40:44 - INFO - epoch-47, train_loss-0.0010448, val_loss-0.0015480
2024-12-29 15:43:59 - INFO - epoch-48, train_loss-0.0010455, val_loss-0.0015698
2024-12-29 15:47:15 - INFO - epoch-49, train_loss-0.0010460, val_loss-0.0014672
2024-12-29 15:50:29 - INFO - epoch-50, train_loss-0.0010447, val_loss-0.0014529
2024-12-29 15:53:47 - INFO - epoch-51, train_loss-0.0010423, val_loss-0.0016992
2024-12-29 15:59:45 - INFO - epoch-52, train_loss-0.0010433, val_loss-0.0015955
2024-12-29 16:03:01 - INFO - epoch-53, train_loss-0.0010429, val_loss-0.0015418
2024-12-29 16:06:16 - INFO - epoch-54, train_loss-0.0010402, val_loss-0.0015684
2024-12-29 16:09:32 - INFO - epoch-55, train_loss-0.0010422, val_loss-0.0015106
2024-12-29 16:12:46 - INFO - epoch-56, train_loss-0.0010367, val_loss-0.0015234
2024-12-29 16:16:02 - INFO - epoch-57, train_loss-0.0010394, val_loss-0.0015290
2024-12-29 16:19:18 - INFO - epoch-58, train_loss-0.0010397, val_loss-0.0015069
2024-12-29 16:22:32 - INFO - epoch-59, train_loss-0.0010365, val_loss-0.0014020
2024-12-29 16:25:46 - INFO - epoch-60, train_loss-0.0010360, val_loss-0.0015021
2024-12-29 16:29:01 - INFO - epoch-61, train_loss-0.0010366, val_loss-0.0014683
2024-12-29 16:32:15 - INFO - epoch-62, train_loss-0.0010336, val_loss-0.0014721
2024-12-29 16:35:30 - INFO - epoch-63, train_loss-0.0010368, val_loss-0.0015099
2024-12-29 16:38:44 - INFO - epoch-64, train_loss-0.0010335, val_loss-0.0015107
2024-12-29 16:41:59 - INFO - epoch-65, train_loss-0.0010349, val_loss-0.0014846
2024-12-29 16:45:13 - INFO - epoch-66, train_loss-0.0010346, val_loss-0.0015463
2024-12-29 16:48:28 - INFO - epoch-67, train_loss-0.0010319, val_loss-0.0015163
2024-12-29 16:51:42 - INFO - epoch-68, train_loss-0.0010318, val_loss-0.0014995
2024-12-29 16:54:56 - INFO - epoch-69, train_loss-0.0010327, val_loss-0.0015486
2024-12-29 16:59:17 - INFO - epoch-70, train_loss-0.0010325, val_loss-0.0015446
2024-12-29 17:04:31 - INFO - epoch-71, train_loss-0.0010285, val_loss-0.0016154
2024-12-29 17:07:45 - INFO - epoch-72, train_loss-0.0010285, val_loss-0.0015791
2024-12-29 17:10:59 - INFO - epoch-73, train_loss-0.0010313, val_loss-0.0015708
2024-12-29 17:14:13 - INFO - epoch-74, train_loss-0.0010306, val_loss-0.0015693
2024-12-29 17:17:27 - INFO - epoch-75, train_loss-0.0010283, val_loss-0.0015417
2024-12-29 17:20:41 - INFO - epoch-76, train_loss-0.0010302, val_loss-0.0015768
2024-12-29 17:23:55 - INFO - epoch-77, train_loss-0.0010263, val_loss-0.0015666
2024-12-29 17:27:08 - INFO - epoch-78, train_loss-0.0010256, val_loss-0.0015622
2024-12-29 17:30:22 - INFO - epoch-79, train_loss-0.0010287, val_loss-0.0015774
2024-12-29 17:33:35 - INFO - epoch-80, train_loss-0.0010269, val_loss-0.0015705
2024-12-29 17:36:48 - INFO - epoch-81, train_loss-0.0010253, val_loss-0.0015689
2024-12-29 17:40:02 - INFO - epoch-82, train_loss-0.0010243, val_loss-0.0015649
2024-12-29 17:43:15 - INFO - epoch-83, train_loss-0.0010231, val_loss-0.0015631
2024-12-29 17:46:28 - INFO - epoch-84, train_loss-0.0010262, val_loss-0.0015643
2024-12-29 17:49:42 - INFO - epoch-85, train_loss-0.0010207, val_loss-0.0015655
2024-12-29 17:52:55 - INFO - epoch-86, train_loss-0.0010217, val_loss-0.0015660
2024-12-29 17:56:08 - INFO - epoch-87, train_loss-0.0010222, val_loss-0.0015707
2024-12-29 17:59:21 - INFO - epoch-88, train_loss-0.0010209, val_loss-0.0015767
2024-12-29 18:04:50 - INFO - epoch-89, train_loss-0.0010205, val_loss-0.0015636
2024-12-29 18:08:58 - INFO - epoch-90, train_loss-0.0010234, val_loss-0.0015710
2024-12-29 18:12:11 - INFO - epoch-91, train_loss-0.0010206, val_loss-0.0015705
2024-12-29 18:15:24 - INFO - epoch-92, train_loss-0.0010205, val_loss-0.0015633
2024-12-29 18:18:37 - INFO - epoch-93, train_loss-0.0010170, val_loss-0.0015764
2024-12-29 18:21:50 - INFO - epoch-94, train_loss-0.0010177, val_loss-0.0015731
2024-12-29 18:25:03 - INFO - epoch-95, train_loss-0.0010187, val_loss-0.0015677
2024-12-29 18:28:16 - INFO - epoch-96, train_loss-0.0010148, val_loss-0.0015937
2024-12-29 18:31:29 - INFO - epoch-97, train_loss-0.0010167, val_loss-0.0015898
2024-12-29 18:34:42 - INFO - epoch-98, train_loss-0.0010180, val_loss-0.0015727
2024-12-29 18:37:55 - INFO - epoch-99, train_loss-0.0010156, val_loss-0.0015682
2024-12-29 18:41:08 - INFO - epoch-100, train_loss-0.0010154, val_loss-0.0015811
2024-12-29 18:44:21 - INFO - epoch-101, train_loss-0.0010132, val_loss-0.0015429
2024-12-29 18:47:34 - INFO - epoch-102, train_loss-0.0010148, val_loss-0.0015317
2024-12-29 18:50:48 - INFO - epoch-103, train_loss-0.0010141, val_loss-0.0015471
2024-12-29 18:54:00 - INFO - epoch-104, train_loss-0.0010133, val_loss-0.0015533
2024-12-29 18:57:13 - INFO - epoch-105, train_loss-0.0010123, val_loss-0.0015137
2024-12-29 19:00:26 - INFO - epoch-106, train_loss-0.0010134, val_loss-0.0015196
2024-12-29 19:03:55 - INFO - epoch-107, train_loss-0.0010098, val_loss-0.0015260
2024-12-29 19:09:54 - INFO - epoch-108, train_loss-0.0010094, val_loss-0.0015703
2024-12-29 19:13:08 - INFO - epoch-109, train_loss-0.0010098, val_loss-0.0015471
2024-12-29 19:16:20 - INFO - epoch-110, train_loss-0.0010084, val_loss-0.0015609
2024-12-29 19:19:33 - INFO - epoch-111, train_loss-0.0010109, val_loss-0.0015637
2024-12-29 19:22:46 - INFO - epoch-112, train_loss-0.0010110, val_loss-0.0015707
2024-12-29 19:25:59 - INFO - epoch-113, train_loss-0.0010062, val_loss-0.0015675
2024-12-29 19:29:12 - INFO - epoch-114, train_loss-0.0010089, val_loss-0.0015811
2024-12-29 19:32:25 - INFO - epoch-115, train_loss-0.0010068, val_loss-0.0015802
2024-12-29 19:35:38 - INFO - epoch-116, train_loss-0.0010082, val_loss-0.0015634
2024-12-29 19:38:51 - INFO - epoch-117, train_loss-0.0010061, val_loss-0.0015725
2024-12-29 19:42:04 - INFO - epoch-118, train_loss-0.0010056, val_loss-0.0015743
2024-12-29 19:45:17 - INFO - epoch-119, train_loss-0.0010032, val_loss-0.0015740
2024-12-29 19:48:29 - INFO - epoch-120, train_loss-0.0010045, val_loss-0.0015745
2024-12-29 19:51:42 - INFO - epoch-121, train_loss-0.0010050, val_loss-0.0015732
2024-12-29 19:54:55 - INFO - epoch-122, train_loss-0.0010018, val_loss-0.0015725
2024-12-29 19:58:08 - INFO - epoch-123, train_loss-0.0010025, val_loss-0.0015723
2024-12-29 20:01:21 - INFO - epoch-124, train_loss-0.0010032, val_loss-0.0015708
2024-12-29 20:04:34 - INFO - epoch-125, train_loss-0.0010029, val_loss-0.0015741
2024-12-29 20:08:38 - INFO - epoch-126, train_loss-0.0010015, val_loss-0.0015704
2024-12-29 20:13:35 - INFO - epoch-127, train_loss-0.0010013, val_loss-0.0015743
2024-12-29 20:16:48 - INFO - epoch-128, train_loss-0.0010011, val_loss-0.0015699
2024-12-29 20:20:00 - INFO - epoch-129, train_loss-0.0010003, val_loss-0.0015747
2024-12-29 20:23:13 - INFO - epoch-130, train_loss-0.0009971, val_loss-0.0015724
2024-12-29 20:26:26 - INFO - epoch-131, train_loss-0.0009982, val_loss-0.0015705
2024-12-29 20:29:39 - INFO - epoch-132, train_loss-0.0009993, val_loss-0.0015763
2024-12-29 20:32:51 - INFO - epoch-133, train_loss-0.0009953, val_loss-0.0015758
2024-12-29 20:36:04 - INFO - epoch-134, train_loss-0.0009967, val_loss-0.0015741
2024-12-29 20:39:16 - INFO - epoch-135, train_loss-0.0009960, val_loss-0.0015770
2024-12-29 20:42:29 - INFO - epoch-136, train_loss-0.0009973, val_loss-0.0015771
2024-12-29 20:45:42 - INFO - epoch-137, train_loss-0.0009934, val_loss-0.0015756
2024-12-29 20:48:54 - INFO - epoch-138, train_loss-0.0009972, val_loss-0.0015754
2024-12-29 20:52:07 - INFO - epoch-139, train_loss-0.0009946, val_loss-0.0015736
2024-12-29 20:55:20 - INFO - epoch-140, train_loss-0.0009918, val_loss-0.0015756
2024-12-29 20:58:32 - INFO - epoch-141, train_loss-0.0009945, val_loss-0.0015757
2024-12-29 21:01:46 - INFO - epoch-142, train_loss-0.0009948, val_loss-0.0015764
2024-12-29 21:04:58 - INFO - epoch-143, train_loss-0.0009922, val_loss-0.0015767
2024-12-29 21:08:11 - INFO - epoch-144, train_loss-0.0009923, val_loss-0.0015760
2024-12-29 21:12:27 - INFO - epoch-145, train_loss-0.0009941, val_loss-0.0015735
2024-12-29 21:17:48 - INFO - epoch-146, train_loss-0.0009924, val_loss-0.0015744
2024-12-29 21:21:00 - INFO - epoch-147, train_loss-0.0009929, val_loss-0.0015762
2024-12-29 21:24:13 - INFO - epoch-148, train_loss-0.0009911, val_loss-0.0015810
2024-12-29 21:27:26 - INFO - epoch-149, train_loss-0.0009903, val_loss-0.0015755
2024-12-29 21:30:38 - INFO - epoch-150, train_loss-0.0009920, val_loss-0.0015708
2024-12-29 21:33:51 - INFO - epoch-151, train_loss-0.0009906, val_loss-0.0015777
2024-12-29 21:37:04 - INFO - epoch-152, train_loss-0.0009896, val_loss-0.0015783
2024-12-29 21:40:17 - INFO - epoch-153, train_loss-0.0009881, val_loss-0.0015766
2024-12-29 21:43:29 - INFO - epoch-154, train_loss-0.0009907, val_loss-0.0015758
2024-12-29 21:46:42 - INFO - epoch-155, train_loss-0.0009895, val_loss-0.0015680
2024-12-29 21:49:54 - INFO - epoch-156, train_loss-0.0009897, val_loss-0.0015774
2024-12-29 21:53:07 - INFO - epoch-157, train_loss-0.0009871, val_loss-0.0015741
2024-12-29 21:56:19 - INFO - epoch-158, train_loss-0.0009872, val_loss-0.0015771
2024-12-29 21:59:32 - INFO - epoch-159, train_loss-0.0009859, val_loss-0.0015756
2024-12-29 22:02:44 - INFO - epoch-160, train_loss-0.0009866, val_loss-0.0015731
2024-12-29 22:05:57 - INFO - epoch-161, train_loss-0.0009861, val_loss-0.0015769
2024-12-29 22:09:09 - INFO - epoch-162, train_loss-0.0009860, val_loss-0.0015765
2024-12-29 22:12:22 - INFO - epoch-163, train_loss-0.0009851, val_loss-0.0015707
2024-12-29 22:16:50 - INFO - epoch-164, train_loss-0.0009839, val_loss-0.0015737
2024-12-29 22:22:25 - INFO - epoch-165, train_loss-0.0009860, val_loss-0.0015788
2024-12-29 22:25:37 - INFO - epoch-166, train_loss-0.0009837, val_loss-0.0015752
2024-12-29 22:28:50 - INFO - epoch-167, train_loss-0.0009852, val_loss-0.0015716
2024-12-29 22:32:03 - INFO - epoch-168, train_loss-0.0009827, val_loss-0.0015755
2024-12-29 22:35:15 - INFO - epoch-169, train_loss-0.0009816, val_loss-0.0015735
2024-12-29 22:38:28 - INFO - epoch-170, train_loss-0.0009834, val_loss-0.0015725
2024-12-29 22:41:40 - INFO - epoch-171, train_loss-0.0009831, val_loss-0.0015579
2024-12-29 22:44:53 - INFO - epoch-172, train_loss-0.0009831, val_loss-0.0015775
2024-12-29 22:48:07 - INFO - epoch-173, train_loss-0.0009816, val_loss-0.0015750
2024-12-29 22:51:19 - INFO - epoch-174, train_loss-0.0009823, val_loss-0.0015712
2024-12-29 22:54:32 - INFO - epoch-175, train_loss-0.0009817, val_loss-0.0015757
2024-12-29 22:57:44 - INFO - epoch-176, train_loss-0.0009811, val_loss-0.0015704
2024-12-29 23:00:57 - INFO - epoch-177, train_loss-0.0009800, val_loss-0.0015718
2024-12-29 23:04:10 - INFO - epoch-178, train_loss-0.0009814, val_loss-0.0015801
2024-12-29 23:07:24 - INFO - epoch-179, train_loss-0.0009804, val_loss-0.0015783
2024-12-29 23:10:36 - INFO - epoch-180, train_loss-0.0009810, val_loss-0.0015739
2024-12-29 23:13:49 - INFO - epoch-181, train_loss-0.0009784, val_loss-0.0015746
2024-12-29 23:17:01 - INFO - epoch-182, train_loss-0.0009794, val_loss-0.0015765
2024-12-29 23:22:25 - INFO - epoch-183, train_loss-0.0009807, val_loss-0.0015726
2024-12-29 23:26:30 - INFO - epoch-184, train_loss-0.0009792, val_loss-0.0015719
2024-12-29 23:29:42 - INFO - epoch-185, train_loss-0.0009800, val_loss-0.0015711
2024-12-29 23:32:55 - INFO - epoch-186, train_loss-0.0009785, val_loss-0.0015741
2024-12-29 23:36:08 - INFO - epoch-187, train_loss-0.0009810, val_loss-0.0015747
2024-12-29 23:39:20 - INFO - epoch-188, train_loss-0.0009779, val_loss-0.0015775
2024-12-29 23:42:32 - INFO - epoch-189, train_loss-0.0009777, val_loss-0.0015750
2024-12-29 23:45:45 - INFO - epoch-190, train_loss-0.0009765, val_loss-0.0015777
2024-12-29 23:48:58 - INFO - epoch-191, train_loss-0.0009776, val_loss-0.0015721
2024-12-29 23:52:10 - INFO - epoch-192, train_loss-0.0009769, val_loss-0.0015770
2024-12-29 23:55:23 - INFO - epoch-193, train_loss-0.0009755, val_loss-0.0015801
2024-12-29 23:58:36 - INFO - epoch-194, train_loss-0.0009778, val_loss-0.0015751
2024-12-30 00:01:49 - INFO - epoch-195, train_loss-0.0009758, val_loss-0.0015726
2024-12-30 00:05:01 - INFO - epoch-196, train_loss-0.0009760, val_loss-0.0015746
2024-12-30 00:08:14 - INFO - epoch-197, train_loss-0.0009751, val_loss-0.0015766
2024-12-30 00:11:28 - INFO - epoch-198, train_loss-0.0009757, val_loss-0.0015755
2024-12-30 00:14:41 - INFO - epoch-199, train_loss-0.0009758, val_loss-0.0015781
2024-12-30 00:17:54 - INFO - epoch-200, train_loss-0.0009750, val_loss-0.0015784
2024-12-30 00:21:19 - INFO - epoch-201, train_loss-0.0009740, val_loss-0.0015748
2024-12-30 00:27:19 - INFO - epoch-202, train_loss-0.0009748, val_loss-0.0015738
2024-12-30 00:30:32 - INFO - epoch-203, train_loss-0.0009764, val_loss-0.0015823
2024-12-30 00:33:44 - INFO - epoch-204, train_loss-0.0009729, val_loss-0.0015772
2024-12-30 00:36:57 - INFO - epoch-205, train_loss-0.0009727, val_loss-0.0015789
2024-12-30 00:40:09 - INFO - epoch-206, train_loss-0.0009729, val_loss-0.0015782
2024-12-30 00:43:21 - INFO - epoch-207, train_loss-0.0009757, val_loss-0.0015733
2024-12-30 00:46:34 - INFO - epoch-208, train_loss-0.0009719, val_loss-0.0015733
2024-12-30 00:49:46 - INFO - epoch-209, train_loss-0.0009732, val_loss-0.0015767
2024-12-30 00:52:58 - INFO - epoch-210, train_loss-0.0009741, val_loss-0.0015736
2024-12-30 00:56:11 - INFO - epoch-211, train_loss-0.0009725, val_loss-0.0015751
2024-12-30 00:59:23 - INFO - epoch-212, train_loss-0.0009733, val_loss-0.0015776
2024-12-30 01:02:36 - INFO - epoch-213, train_loss-0.0009710, val_loss-0.0015720
2024-12-30 01:05:48 - INFO - epoch-214, train_loss-0.0009705, val_loss-0.0015735
2024-12-30 01:09:01 - INFO - epoch-215, train_loss-0.0009715, val_loss-0.0015717
2024-12-30 01:12:13 - INFO - epoch-216, train_loss-0.0009718, val_loss-0.0015709
2024-12-30 01:15:25 - INFO - epoch-217, train_loss-0.0009705, val_loss-0.0015735
2024-12-30 01:18:38 - INFO - epoch-218, train_loss-0.0009704, val_loss-0.0015713
2024-12-30 01:21:50 - INFO - epoch-219, train_loss-0.0009694, val_loss-0.0015786
2024-12-30 01:25:52 - INFO - epoch-220, train_loss-0.0009739, val_loss-0.0015710
2024-12-30 01:31:09 - INFO - epoch-221, train_loss-0.0009713, val_loss-0.0015674
2024-12-30 01:34:21 - INFO - epoch-222, train_loss-0.0009724, val_loss-0.0015714
2024-12-30 01:37:35 - INFO - epoch-223, train_loss-0.0009694, val_loss-0.0015736
2024-12-30 01:40:48 - INFO - epoch-224, train_loss-0.0009693, val_loss-0.0015684
2024-12-30 01:44:01 - INFO - epoch-225, train_loss-0.0009698, val_loss-0.0015775
2024-12-30 01:47:14 - INFO - epoch-226, train_loss-0.0009694, val_loss-0.0015747
2024-12-30 01:50:26 - INFO - epoch-227, train_loss-0.0009695, val_loss-0.0015764
2024-12-30 01:53:39 - INFO - epoch-228, train_loss-0.0009686, val_loss-0.0015720
2024-12-30 01:56:51 - INFO - epoch-229, train_loss-0.0009691, val_loss-0.0015710
2024-12-30 02:00:04 - INFO - epoch-230, train_loss-0.0009696, val_loss-0.0015743
2024-12-30 02:03:16 - INFO - epoch-231, train_loss-0.0009699, val_loss-0.0015772
2024-12-30 02:06:28 - INFO - epoch-232, train_loss-0.0009685, val_loss-0.0015725
2024-12-30 02:09:40 - INFO - epoch-233, train_loss-0.0009695, val_loss-0.0015716
2024-12-30 02:12:53 - INFO - epoch-234, train_loss-0.0009695, val_loss-0.0015762
2024-12-30 02:16:05 - INFO - epoch-235, train_loss-0.0009672, val_loss-0.0015735
2024-12-30 02:19:17 - INFO - epoch-236, train_loss-0.0009684, val_loss-0.0015728
2024-12-30 02:22:30 - INFO - epoch-237, train_loss-0.0009662, val_loss-0.0015780
2024-12-30 02:25:43 - INFO - epoch-238, train_loss-0.0009689, val_loss-0.0015769
2024-12-30 02:30:10 - INFO - epoch-239, train_loss-0.0009681, val_loss-0.0015753
2024-12-30 02:35:52 - INFO - epoch-240, train_loss-0.0009683, val_loss-0.0015760
2024-12-30 02:39:04 - INFO - epoch-241, train_loss-0.0009663, val_loss-0.0015800
2024-12-30 02:42:16 - INFO - epoch-242, train_loss-0.0009677, val_loss-0.0015748
2024-12-30 02:45:29 - INFO - epoch-243, train_loss-0.0009681, val_loss-0.0015736
2024-12-30 02:48:41 - INFO - epoch-244, train_loss-0.0009690, val_loss-0.0015794
2024-12-30 02:51:53 - INFO - epoch-245, train_loss-0.0009653, val_loss-0.0015750
2024-12-30 02:55:06 - INFO - epoch-246, train_loss-0.0009679, val_loss-0.0015749
2024-12-30 02:58:18 - INFO - epoch-247, train_loss-0.0009675, val_loss-0.0015706
2024-12-30 03:01:30 - INFO - epoch-248, train_loss-0.0009672, val_loss-0.0015729
2024-12-30 03:04:43 - INFO - epoch-249, train_loss-0.0009683, val_loss-0.0015733
2024-12-30 03:07:55 - INFO - epoch-250, train_loss-0.0009652, val_loss-0.0015721
2024-12-30 03:11:07 - INFO - epoch-251, train_loss-0.0009670, val_loss-0.0015755
2024-12-30 03:14:19 - INFO - epoch-252, train_loss-0.0009645, val_loss-0.0015748
2024-12-30 03:17:32 - INFO - epoch-253, train_loss-0.0009658, val_loss-0.0015771
2024-12-30 03:20:44 - INFO - epoch-254, train_loss-0.0009666, val_loss-0.0015750
2024-12-30 03:23:58 - INFO - epoch-255, train_loss-0.0009649, val_loss-0.0015773
2024-12-30 03:27:10 - INFO - epoch-256, train_loss-0.0009650, val_loss-0.0015724
2024-12-30 03:30:22 - INFO - epoch-257, train_loss-0.0009658, val_loss-0.0015757
2024-12-30 03:35:04 - INFO - epoch-258, train_loss-0.0009655, val_loss-0.0015753
2024-12-30 03:40:53 - INFO - epoch-259, train_loss-0.0009648, val_loss-0.0015719
2024-12-30 03:44:06 - INFO - epoch-260, train_loss-0.0009642, val_loss-0.0015735
2024-12-30 03:47:18 - INFO - epoch-261, train_loss-0.0009648, val_loss-0.0015733
2024-12-30 03:50:30 - INFO - epoch-262, train_loss-0.0009647, val_loss-0.0015763
2024-12-30 03:53:43 - INFO - epoch-263, train_loss-0.0009652, val_loss-0.0015796
2024-12-30 03:56:55 - INFO - epoch-264, train_loss-0.0009643, val_loss-0.0015786
2024-12-30 04:00:07 - INFO - epoch-265, train_loss-0.0009637, val_loss-0.0015727
2024-12-30 04:03:19 - INFO - epoch-266, train_loss-0.0009652, val_loss-0.0015737
2024-12-30 04:06:32 - INFO - epoch-267, train_loss-0.0009639, val_loss-0.0015751
2024-12-30 04:09:44 - INFO - epoch-268, train_loss-0.0009648, val_loss-0.0015829
2024-12-30 04:12:56 - INFO - epoch-269, train_loss-0.0009622, val_loss-0.0015866
2024-12-30 04:16:08 - INFO - epoch-270, train_loss-0.0009636, val_loss-0.0015770
2024-12-30 04:19:21 - INFO - epoch-271, train_loss-0.0009624, val_loss-0.0015721
2024-12-30 04:22:33 - INFO - epoch-272, train_loss-0.0009620, val_loss-0.0015764
2024-12-30 04:25:47 - INFO - epoch-273, train_loss-0.0009612, val_loss-0.0015946
2024-12-30 04:29:01 - INFO - epoch-274, train_loss-0.0009633, val_loss-0.0015962
2024-12-30 04:32:13 - INFO - epoch-275, train_loss-0.0009646, val_loss-0.0015833
2024-12-30 04:35:25 - INFO - epoch-276, train_loss-0.0009611, val_loss-0.0015836
2024-12-30 04:41:26 - INFO - epoch-277, train_loss-0.0009639, val_loss-0.0015746
2024-12-30 04:45:38 - INFO - epoch-278, train_loss-0.0009601, val_loss-0.0015821
2024-12-30 04:48:50 - INFO - epoch-279, train_loss-0.0009627, val_loss-0.0015860
2024-12-30 04:52:02 - INFO - epoch-280, train_loss-0.0009623, val_loss-0.0015934
2024-12-30 04:55:15 - INFO - epoch-281, train_loss-0.0009608, val_loss-0.0015779
2024-12-30 04:58:27 - INFO - epoch-282, train_loss-0.0009638, val_loss-0.0015786
2024-12-30 05:01:39 - INFO - epoch-283, train_loss-0.0009617, val_loss-0.0015950
2024-12-30 05:04:52 - INFO - epoch-284, train_loss-0.0009627, val_loss-0.0016185
2024-12-30 05:08:04 - INFO - epoch-285, train_loss-0.0009639, val_loss-0.0017116
2024-12-30 05:11:16 - INFO - epoch-286, train_loss-0.0009622, val_loss-0.0016721
2024-12-30 05:14:28 - INFO - epoch-287, train_loss-0.0009607, val_loss-0.0017408
2024-12-30 05:17:40 - INFO - epoch-288, train_loss-0.0009607, val_loss-0.0016483
2024-12-30 05:20:54 - INFO - epoch-289, train_loss-0.0009622, val_loss-0.0016216
2024-12-30 05:24:06 - INFO - epoch-290, train_loss-0.0009624, val_loss-0.0016182
2024-12-30 05:27:18 - INFO - epoch-291, train_loss-0.0009607, val_loss-0.0016047
2024-12-30 05:30:30 - INFO - epoch-292, train_loss-0.0009628, val_loss-0.0016277
2024-12-30 05:33:43 - INFO - epoch-293, train_loss-0.0009605, val_loss-0.0016980
2024-12-30 05:36:55 - INFO - epoch-294, train_loss-0.0009621, val_loss-0.0017255
2024-12-30 05:40:29 - INFO - epoch-295, train_loss-0.0009615, val_loss-0.0016533
2024-12-30 05:46:33 - INFO - epoch-296, train_loss-0.0009600, val_loss-0.0017164
2024-12-30 05:49:45 - INFO - epoch-297, train_loss-0.0009617, val_loss-0.0016669
2024-12-30 05:52:58 - INFO - epoch-298, train_loss-0.0009606, val_loss-0.0016460
2024-12-30 05:56:10 - INFO - epoch-299, train_loss-0.0009602, val_loss-0.0016343
