2024-12-26 13:01:27 - INFO - /mnt/cephfs/projects/2023110101_Ligand_fitting_to_EM_maps/My_Code/CryoLigate_Github/CryoLigate/GIGN/GIGN_EM/For_Elisei_Nov_2024/CryoLigate_GIGN_Unet/train_example.py
2024-12-26 13:01:27 - INFO - train data: 6053
2024-12-26 13:01:27 - INFO - valid data: 1513
2024-12-26 13:02:53 - INFO - Initial_train_loss-0.0176536  Initial_val_loss-0.0176341
2024-12-26 13:07:29 - INFO - epoch-0, train_loss-0.0050579, val_loss-0.0542126
2024-12-26 13:12:02 - INFO - epoch-1, train_loss-0.0013974, val_loss-0.0509566
2024-12-26 13:16:36 - INFO - epoch-2, train_loss-0.0013875, val_loss-0.0449564
2024-12-26 13:21:09 - INFO - epoch-3, train_loss-0.0013439, val_loss-0.0355495
2024-12-26 13:25:44 - INFO - epoch-4, train_loss-0.0013351, val_loss-0.0348371
2024-12-26 13:30:20 - INFO - epoch-5, train_loss-0.0013277, val_loss-0.0316890
2024-12-26 13:34:56 - INFO - epoch-6, train_loss-0.0013456, val_loss-0.0182216
2024-12-26 13:39:29 - INFO - epoch-7, train_loss-0.0013245, val_loss-0.0117097
2024-12-26 13:44:02 - INFO - epoch-8, train_loss-0.0013158, val_loss-0.0097561
2024-12-26 13:48:38 - INFO - epoch-9, train_loss-0.0013111, val_loss-0.0097061
2024-12-26 13:53:14 - INFO - epoch-10, train_loss-0.0013067, val_loss-0.0126768
2024-12-26 13:58:18 - INFO - epoch-11, train_loss-0.0015156, val_loss-0.0015403
2024-12-26 14:03:17 - INFO - epoch-12, train_loss-0.0015584, val_loss-0.0015403
2024-12-26 14:08:25 - INFO - epoch-13, train_loss-0.0015584, val_loss-0.0015403
2024-12-26 14:13:28 - INFO - epoch-14, train_loss-0.0015584, val_loss-0.0015403
2024-12-26 14:18:42 - INFO - epoch-15, train_loss-0.0015581, val_loss-0.0015403
2024-12-26 14:23:45 - INFO - epoch-16, train_loss-0.0015584, val_loss-0.0015404
2024-12-26 14:28:50 - INFO - epoch-17, train_loss-0.0015584, val_loss-0.0015404
2024-12-26 14:33:54 - INFO - epoch-18, train_loss-0.0015584, val_loss-0.0015403
2024-12-26 14:38:57 - INFO - epoch-19, train_loss-0.0015584, val_loss-0.0015403
2024-12-26 14:43:40 - INFO - epoch-20, train_loss-0.0015596, val_loss-0.0016579
2024-12-26 14:48:10 - INFO - epoch-21, train_loss-0.0015584, val_loss-0.0015699
2024-12-26 14:53:48 - INFO - epoch-22, train_loss-0.0015584, val_loss-0.0015467
2024-12-26 15:00:29 - INFO - epoch-23, train_loss-0.0015584, val_loss-0.0015405
2024-12-26 15:04:57 - INFO - epoch-24, train_loss-0.0015584, val_loss-0.0015403
2024-12-26 15:11:38 - INFO - epoch-25, train_loss-0.0015584, val_loss-0.0015403
2024-12-26 15:18:46 - INFO - epoch-26, train_loss-0.0015585, val_loss-0.0015403
2024-12-26 15:25:39 - INFO - epoch-27, train_loss-0.0015584, val_loss-0.0015403
2024-12-26 15:30:06 - INFO - epoch-28, train_loss-0.0015584, val_loss-0.0015403
2024-12-26 15:34:35 - INFO - epoch-29, train_loss-0.0014236, val_loss-0.0013694
2024-12-26 15:39:06 - INFO - epoch-30, train_loss-0.0013267, val_loss-0.0013956
2024-12-26 15:43:34 - INFO - epoch-31, train_loss-0.0013257, val_loss-0.0014139
2024-12-26 15:48:02 - INFO - epoch-32, train_loss-0.0013252, val_loss-0.0014366
2024-12-26 15:52:30 - INFO - epoch-33, train_loss-0.0013258, val_loss-0.0014651
2024-12-26 15:56:59 - INFO - epoch-34, train_loss-0.0013252, val_loss-0.0014601
2024-12-26 16:01:27 - INFO - epoch-35, train_loss-0.0013250, val_loss-0.0014774
2024-12-26 16:05:57 - INFO - epoch-36, train_loss-0.0013249, val_loss-0.0014591
2024-12-26 16:10:24 - INFO - epoch-37, train_loss-0.0013251, val_loss-0.0014919
2024-12-26 16:14:51 - INFO - epoch-38, train_loss-0.0013246, val_loss-0.0015029
2024-12-26 16:19:17 - INFO - epoch-39, train_loss-0.0013245, val_loss-0.0014959
2024-12-26 16:23:48 - INFO - epoch-40, train_loss-0.0013245, val_loss-0.0014937
2024-12-26 16:30:58 - INFO - epoch-41, train_loss-0.0013243, val_loss-0.0014927
2024-12-26 16:35:24 - INFO - epoch-42, train_loss-0.0013243, val_loss-0.0014876
2024-12-26 16:39:49 - INFO - epoch-43, train_loss-0.0013242, val_loss-0.0014899
2024-12-26 16:44:15 - INFO - epoch-44, train_loss-0.0013241, val_loss-0.0014846
2024-12-26 16:48:41 - INFO - epoch-45, train_loss-0.0013240, val_loss-0.0014900
2024-12-26 16:53:07 - INFO - epoch-46, train_loss-0.0013240, val_loss-0.0014844
2024-12-26 16:57:33 - INFO - epoch-47, train_loss-0.0013239, val_loss-0.0014806
2024-12-26 17:01:58 - INFO - epoch-48, train_loss-0.0013239, val_loss-0.0014892
2024-12-26 17:06:24 - INFO - epoch-49, train_loss-0.0013238, val_loss-0.0014884
2024-12-26 17:10:49 - INFO - epoch-50, train_loss-0.0013238, val_loss-0.0014836
2024-12-26 17:15:17 - INFO - epoch-51, train_loss-0.0013238, val_loss-0.0014849
2024-12-26 17:19:43 - INFO - epoch-52, train_loss-0.0013238, val_loss-0.0014867
2024-12-26 17:24:29 - INFO - epoch-53, train_loss-0.0013238, val_loss-0.0014780
2024-12-26 17:32:19 - INFO - epoch-54, train_loss-0.0013237, val_loss-0.0014751
2024-12-26 17:36:47 - INFO - epoch-55, train_loss-0.0013237, val_loss-0.0014639
2024-12-26 17:41:13 - INFO - epoch-56, train_loss-0.0013237, val_loss-0.0014599
2024-12-26 17:45:38 - INFO - epoch-57, train_loss-0.0013237, val_loss-0.0014535
2024-12-26 17:50:04 - INFO - epoch-58, train_loss-0.0013236, val_loss-0.0014478
2024-12-26 17:54:29 - INFO - epoch-59, train_loss-0.0013236, val_loss-0.0014363
2024-12-26 17:58:57 - INFO - epoch-60, train_loss-0.0013236, val_loss-0.0014377
2024-12-26 18:03:23 - INFO - epoch-61, train_loss-0.0013236, val_loss-0.0014380
2024-12-26 18:07:48 - INFO - epoch-62, train_loss-0.0013236, val_loss-0.0014342
2024-12-26 18:12:13 - INFO - epoch-63, train_loss-0.0013236, val_loss-0.0014322
2024-12-26 18:16:38 - INFO - epoch-64, train_loss-0.0013236, val_loss-0.0014294
2024-12-26 18:21:03 - INFO - epoch-65, train_loss-0.0013235, val_loss-0.0014325
2024-12-26 18:26:04 - INFO - epoch-66, train_loss-0.0013235, val_loss-0.0014219
2024-12-26 18:33:04 - INFO - epoch-67, train_loss-0.0013236, val_loss-0.0014257
2024-12-26 18:37:29 - INFO - epoch-68, train_loss-0.0013235, val_loss-0.0014444
2024-12-26 18:41:55 - INFO - epoch-69, train_loss-0.0013235, val_loss-0.0014386
2024-12-26 18:46:20 - INFO - epoch-70, train_loss-0.0013236, val_loss-0.0014436
2024-12-26 18:50:46 - INFO - epoch-71, train_loss-0.0013235, val_loss-0.0014331
2024-12-26 18:55:11 - INFO - epoch-72, train_loss-0.0013235, val_loss-0.0014438
2024-12-26 18:59:36 - INFO - epoch-73, train_loss-0.0013235, val_loss-0.0014538
2024-12-26 19:04:01 - INFO - epoch-74, train_loss-0.0013235, val_loss-0.0014451
2024-12-26 19:08:27 - INFO - epoch-75, train_loss-0.0013235, val_loss-0.0014517
2024-12-26 19:12:53 - INFO - epoch-76, train_loss-0.0013235, val_loss-0.0014407
2024-12-26 19:17:18 - INFO - epoch-77, train_loss-0.0013236, val_loss-0.0015023
2024-12-26 19:21:43 - INFO - epoch-78, train_loss-0.0013235, val_loss-0.0015091
2024-12-26 19:26:32 - INFO - epoch-79, train_loss-0.0013235, val_loss-0.0014952
2024-12-26 19:33:13 - INFO - epoch-80, train_loss-0.0013235, val_loss-0.0015356
2024-12-26 19:37:38 - INFO - epoch-81, train_loss-0.0013235, val_loss-0.0015374
2024-12-26 19:42:03 - INFO - epoch-82, train_loss-0.0013235, val_loss-0.0015445
2024-12-26 19:46:28 - INFO - epoch-83, train_loss-0.0013235, val_loss-0.0015393
2024-12-26 19:50:53 - INFO - epoch-84, train_loss-0.0013235, val_loss-0.0015080
2024-12-26 19:55:18 - INFO - epoch-85, train_loss-0.0013235, val_loss-0.0015553
2024-12-26 19:59:43 - INFO - epoch-86, train_loss-0.0013235, val_loss-0.0014160
2024-12-26 20:04:09 - INFO - epoch-87, train_loss-0.0013235, val_loss-0.0015197
2024-12-26 20:08:33 - INFO - epoch-88, train_loss-0.0013235, val_loss-0.0014969
2024-12-26 20:12:59 - INFO - epoch-89, train_loss-0.0013235, val_loss-0.0015704
2024-12-26 20:17:24 - INFO - epoch-90, train_loss-0.0013235, val_loss-0.0015471
2024-12-26 20:21:49 - INFO - epoch-91, train_loss-0.0013235, val_loss-0.0015752
2024-12-26 20:26:34 - INFO - epoch-92, train_loss-0.0013235, val_loss-0.0014194
2024-12-26 20:33:36 - INFO - epoch-93, train_loss-0.0013235, val_loss-0.0015518
2024-12-26 20:38:01 - INFO - epoch-94, train_loss-0.0013235, val_loss-0.0015426
2024-12-26 20:42:26 - INFO - epoch-95, train_loss-0.0013235, val_loss-0.0015522
2024-12-26 20:46:51 - INFO - epoch-96, train_loss-0.0013235, val_loss-0.0015522
2024-12-26 20:51:17 - INFO - epoch-97, train_loss-0.0013235, val_loss-0.0015520
2024-12-26 20:55:44 - INFO - epoch-98, train_loss-0.0013235, val_loss-0.0015593
2024-12-26 21:00:09 - INFO - epoch-99, train_loss-0.0013235, val_loss-0.0014240
2024-12-26 21:04:34 - INFO - epoch-100, train_loss-0.0013239, val_loss-0.0015318
2024-12-26 21:08:59 - INFO - epoch-101, train_loss-0.0013235, val_loss-0.0015316
2024-12-26 21:13:24 - INFO - epoch-102, train_loss-0.0013235, val_loss-0.0015532
2024-12-26 21:17:50 - INFO - epoch-103, train_loss-0.0013235, val_loss-0.0015895
2024-12-26 21:22:17 - INFO - epoch-104, train_loss-0.0013235, val_loss-0.0015924
2024-12-26 21:27:06 - INFO - epoch-105, train_loss-0.0013235, val_loss-0.0015497
2024-12-26 21:34:13 - INFO - epoch-106, train_loss-0.0013235, val_loss-0.0015553
2024-12-26 21:38:38 - INFO - epoch-107, train_loss-0.0013235, val_loss-0.0015856
2024-12-26 21:43:04 - INFO - epoch-108, train_loss-0.0013235, val_loss-0.0016213
2024-12-26 21:47:29 - INFO - epoch-109, train_loss-0.0013239, val_loss-0.0015829
2024-12-26 21:51:54 - INFO - epoch-110, train_loss-0.0013235, val_loss-0.0015885
2024-12-26 21:56:22 - INFO - epoch-111, train_loss-0.0013235, val_loss-0.0015865
2024-12-26 22:00:47 - INFO - epoch-112, train_loss-0.0013235, val_loss-0.0016207
2024-12-26 22:05:13 - INFO - epoch-113, train_loss-0.0013235, val_loss-0.0015859
2024-12-26 22:09:38 - INFO - epoch-114, train_loss-0.0013235, val_loss-0.0015838
2024-12-26 22:14:03 - INFO - epoch-115, train_loss-0.0013235, val_loss-0.0015800
2024-12-26 22:18:28 - INFO - epoch-116, train_loss-0.0013235, val_loss-0.0015998
2024-12-26 22:22:53 - INFO - epoch-117, train_loss-0.0013235, val_loss-0.0014739
2024-12-26 22:27:49 - INFO - epoch-118, train_loss-0.0013235, val_loss-0.0014982
2024-12-26 22:35:25 - INFO - epoch-119, train_loss-0.0013235, val_loss-0.0015527
2024-12-26 22:39:50 - INFO - epoch-120, train_loss-0.0013235, val_loss-0.0014926
2024-12-26 22:44:16 - INFO - epoch-121, train_loss-0.0013236, val_loss-0.0015577
2024-12-26 22:48:41 - INFO - epoch-122, train_loss-0.0013235, val_loss-0.0015526
2024-12-26 22:53:06 - INFO - epoch-123, train_loss-0.0013235, val_loss-0.0015450
2024-12-26 22:57:30 - INFO - epoch-124, train_loss-0.0013235, val_loss-0.0015522
2024-12-26 23:01:55 - INFO - epoch-125, train_loss-0.0013235, val_loss-0.0015487
2024-12-26 23:06:20 - INFO - epoch-126, train_loss-0.0013235, val_loss-0.0016297
2024-12-26 23:10:45 - INFO - epoch-127, train_loss-0.0013236, val_loss-0.0013683
2024-12-26 23:15:10 - INFO - epoch-128, train_loss-0.0013235, val_loss-0.0013692
2024-12-26 23:19:35 - INFO - epoch-129, train_loss-0.0013235, val_loss-0.0013544
2024-12-26 23:24:00 - INFO - epoch-130, train_loss-0.0013235, val_loss-0.0013515
2024-12-26 23:28:58 - INFO - epoch-131, train_loss-0.0013235, val_loss-0.0013546
2024-12-26 23:36:00 - INFO - epoch-132, train_loss-0.0013235, val_loss-0.0013539
2024-12-26 23:40:25 - INFO - epoch-133, train_loss-0.0013235, val_loss-0.0013558
2024-12-26 23:44:50 - INFO - epoch-134, train_loss-0.0013235, val_loss-0.0013503
2024-12-26 23:49:14 - INFO - epoch-135, train_loss-0.0013235, val_loss-0.0013520
2024-12-26 23:53:39 - INFO - epoch-136, train_loss-0.0013235, val_loss-0.0013546
2024-12-26 23:58:04 - INFO - epoch-137, train_loss-0.0013235, val_loss-0.0013557
2024-12-27 00:02:29 - INFO - epoch-138, train_loss-0.0013235, val_loss-0.0013561
2024-12-27 00:06:54 - INFO - epoch-139, train_loss-0.0013235, val_loss-0.0013574
2024-12-27 00:11:20 - INFO - epoch-140, train_loss-0.0013235, val_loss-0.0013578
2024-12-27 00:15:45 - INFO - epoch-141, train_loss-0.0013235, val_loss-0.0013590
2024-12-27 00:20:10 - INFO - epoch-142, train_loss-0.0013235, val_loss-0.0013609
2024-12-27 00:24:35 - INFO - epoch-143, train_loss-0.0013235, val_loss-0.0013640
2024-12-27 00:29:25 - INFO - epoch-144, train_loss-0.0013235, val_loss-0.0013632
2024-12-27 00:36:11 - INFO - epoch-145, train_loss-0.0013235, val_loss-0.0013626
2024-12-27 00:40:36 - INFO - epoch-146, train_loss-0.0013235, val_loss-0.0013670
2024-12-27 00:45:01 - INFO - epoch-147, train_loss-0.0013235, val_loss-0.0013691
2024-12-27 00:49:26 - INFO - epoch-148, train_loss-0.0013235, val_loss-0.0013704
2024-12-27 00:53:51 - INFO - epoch-149, train_loss-0.0013235, val_loss-0.0013668
2024-12-27 00:58:16 - INFO - epoch-150, train_loss-0.0013235, val_loss-0.0013708
2024-12-27 01:02:41 - INFO - epoch-151, train_loss-0.0013235, val_loss-0.0013710
2024-12-27 01:07:06 - INFO - epoch-152, train_loss-0.0013235, val_loss-0.0013721
2024-12-27 01:11:31 - INFO - epoch-153, train_loss-0.0013235, val_loss-0.0013703
2024-12-27 01:15:56 - INFO - epoch-154, train_loss-0.0013235, val_loss-0.0013733
2024-12-27 01:20:21 - INFO - epoch-155, train_loss-0.0013235, val_loss-0.0013750
2024-12-27 01:24:46 - INFO - epoch-156, train_loss-0.0013235, val_loss-0.0013679
2024-12-27 01:29:25 - INFO - epoch-157, train_loss-0.0013235, val_loss-0.0013745
2024-12-27 01:35:48 - INFO - epoch-158, train_loss-0.0013235, val_loss-0.0013753
2024-12-27 01:40:13 - INFO - epoch-159, train_loss-0.0013235, val_loss-0.0013748
2024-12-27 01:44:38 - INFO - epoch-160, train_loss-0.0013235, val_loss-0.0013720
2024-12-27 01:49:05 - INFO - epoch-161, train_loss-0.0013235, val_loss-0.0013745
2024-12-27 01:53:30 - INFO - epoch-162, train_loss-0.0013235, val_loss-0.0013749
2024-12-27 01:57:55 - INFO - epoch-163, train_loss-0.0013235, val_loss-0.0013741
2024-12-27 02:02:23 - INFO - epoch-164, train_loss-0.0013235, val_loss-0.0013739
2024-12-27 02:06:48 - INFO - epoch-165, train_loss-0.0013235, val_loss-0.0013739
2024-12-27 02:11:13 - INFO - epoch-166, train_loss-0.0013235, val_loss-0.0013757
2024-12-27 02:15:38 - INFO - epoch-167, train_loss-0.0013235, val_loss-0.0013621
2024-12-27 02:20:03 - INFO - epoch-168, train_loss-0.0013235, val_loss-0.0013661
2024-12-27 02:24:28 - INFO - epoch-169, train_loss-0.0013235, val_loss-0.0013765
2024-12-27 02:29:04 - INFO - epoch-170, train_loss-0.0013235, val_loss-0.0013675
2024-12-27 02:36:05 - INFO - epoch-171, train_loss-0.0013235, val_loss-0.0013716
2024-12-27 02:40:30 - INFO - epoch-172, train_loss-0.0013235, val_loss-0.0013768
2024-12-27 02:44:58 - INFO - epoch-173, train_loss-0.0013235, val_loss-0.0013734
2024-12-27 02:49:23 - INFO - epoch-174, train_loss-0.0013235, val_loss-0.0013801
2024-12-27 02:53:48 - INFO - epoch-175, train_loss-0.0013235, val_loss-0.0013775
2024-12-27 02:58:13 - INFO - epoch-176, train_loss-0.0013235, val_loss-0.0013811
2024-12-27 03:02:38 - INFO - epoch-177, train_loss-0.0013235, val_loss-0.0013758
2024-12-27 03:07:03 - INFO - epoch-178, train_loss-0.0013235, val_loss-0.0013805
2024-12-27 03:11:28 - INFO - epoch-179, train_loss-0.0013235, val_loss-0.0013779
2024-12-27 03:15:55 - INFO - epoch-180, train_loss-0.0013235, val_loss-0.0013874
2024-12-27 03:20:20 - INFO - epoch-181, train_loss-0.0013235, val_loss-0.0013739
2024-12-27 03:24:44 - INFO - epoch-182, train_loss-0.0013235, val_loss-0.0013785
2024-12-27 03:29:21 - INFO - epoch-183, train_loss-0.0013235, val_loss-0.0013851
2024-12-27 03:36:03 - INFO - epoch-184, train_loss-0.0013235, val_loss-0.0013759
2024-12-27 03:40:28 - INFO - epoch-185, train_loss-0.0013235, val_loss-0.0013850
2024-12-27 03:44:53 - INFO - epoch-186, train_loss-0.0013235, val_loss-0.0013799
2024-12-27 03:49:17 - INFO - epoch-187, train_loss-0.0013235, val_loss-0.0013862
2024-12-27 03:53:42 - INFO - epoch-188, train_loss-0.0013235, val_loss-0.0013776
2024-12-27 03:58:07 - INFO - epoch-189, train_loss-0.0013235, val_loss-0.0013797
2024-12-27 04:02:31 - INFO - epoch-190, train_loss-0.0013235, val_loss-0.0013825
2024-12-27 04:06:56 - INFO - epoch-191, train_loss-0.0013235, val_loss-0.0013845
2024-12-27 04:11:21 - INFO - epoch-192, train_loss-0.0013235, val_loss-0.0013817
2024-12-27 04:15:46 - INFO - epoch-193, train_loss-0.0013235, val_loss-0.0013792
2024-12-27 04:20:10 - INFO - epoch-194, train_loss-0.0013235, val_loss-0.0013872
2024-12-27 04:24:35 - INFO - epoch-195, train_loss-0.0013235, val_loss-0.0013836
2024-12-27 04:29:05 - INFO - epoch-196, train_loss-0.0013234, val_loss-0.0013829
2024-12-27 04:35:35 - INFO - epoch-197, train_loss-0.0013235, val_loss-0.0013838
2024-12-27 04:39:59 - INFO - epoch-198, train_loss-0.0013235, val_loss-0.0013854
2024-12-27 04:44:24 - INFO - epoch-199, train_loss-0.0013234, val_loss-0.0013778
2024-12-27 04:48:48 - INFO - epoch-200, train_loss-0.0013234, val_loss-0.0013803
2024-12-27 04:53:13 - INFO - epoch-201, train_loss-0.0013235, val_loss-0.0013763
2024-12-27 04:57:38 - INFO - epoch-202, train_loss-0.0013235, val_loss-0.0013811
2024-12-27 05:02:03 - INFO - epoch-203, train_loss-0.0013234, val_loss-0.0013839
2024-12-27 05:06:28 - INFO - epoch-204, train_loss-0.0013235, val_loss-0.0013842
2024-12-27 05:10:55 - INFO - epoch-205, train_loss-0.0013235, val_loss-0.0013823
2024-12-27 05:15:20 - INFO - epoch-206, train_loss-0.0013235, val_loss-0.0013794
2024-12-27 05:19:45 - INFO - epoch-207, train_loss-0.0013235, val_loss-0.0013773
2024-12-27 05:24:09 - INFO - epoch-208, train_loss-0.0013235, val_loss-0.0013785
2024-12-27 05:28:36 - INFO - epoch-209, train_loss-0.0013234, val_loss-0.0013786
2024-12-27 05:35:28 - INFO - epoch-210, train_loss-0.0013234, val_loss-0.0013807
2024-12-27 05:39:53 - INFO - epoch-211, train_loss-0.0013234, val_loss-0.0013820
2024-12-27 05:44:18 - INFO - epoch-212, train_loss-0.0013234, val_loss-0.0013833
2024-12-27 05:48:43 - INFO - epoch-213, train_loss-0.0013235, val_loss-0.0013799
2024-12-27 05:53:07 - INFO - epoch-214, train_loss-0.0013235, val_loss-0.0013791
2024-12-27 05:57:32 - INFO - epoch-215, train_loss-0.0013235, val_loss-0.0013815
2024-12-27 06:01:56 - INFO - epoch-216, train_loss-0.0013235, val_loss-0.0013813
2024-12-27 06:06:21 - INFO - epoch-217, train_loss-0.0013235, val_loss-0.0013848
2024-12-27 06:10:45 - INFO - epoch-218, train_loss-0.0013234, val_loss-0.0013815
2024-12-27 06:15:10 - INFO - epoch-219, train_loss-0.0013235, val_loss-0.0013835
2024-12-27 06:19:35 - INFO - epoch-220, train_loss-0.0013235, val_loss-0.0013858
2024-12-27 06:23:59 - INFO - epoch-221, train_loss-0.0013235, val_loss-0.0013823
2024-12-27 06:28:26 - INFO - epoch-222, train_loss-0.0013235, val_loss-0.0013856
2024-12-27 06:36:15 - INFO - epoch-223, train_loss-0.0013235, val_loss-0.0013817
2024-12-27 06:40:40 - INFO - epoch-224, train_loss-0.0013235, val_loss-0.0013818
2024-12-27 06:45:05 - INFO - epoch-225, train_loss-0.0013234, val_loss-0.0013844
2024-12-27 06:49:29 - INFO - epoch-226, train_loss-0.0013235, val_loss-0.0013889
2024-12-27 06:53:54 - INFO - epoch-227, train_loss-0.0013235, val_loss-0.0013781
2024-12-27 06:58:19 - INFO - epoch-228, train_loss-0.0013235, val_loss-0.0013831
2024-12-27 07:02:43 - INFO - epoch-229, train_loss-0.0013235, val_loss-0.0013843
2024-12-27 07:07:08 - INFO - epoch-230, train_loss-0.0013235, val_loss-0.0013824
2024-12-27 07:11:32 - INFO - epoch-231, train_loss-0.0013235, val_loss-0.0013863
2024-12-27 07:15:57 - INFO - epoch-232, train_loss-0.0013235, val_loss-0.0013824
2024-12-27 07:20:21 - INFO - epoch-233, train_loss-0.0013235, val_loss-0.0013857
2024-12-27 07:24:46 - INFO - epoch-234, train_loss-0.0013235, val_loss-0.0013839
2024-12-27 07:29:28 - INFO - epoch-235, train_loss-0.0013235, val_loss-0.0013811
2024-12-27 07:36:51 - INFO - epoch-236, train_loss-0.0013235, val_loss-0.0013803
2024-12-27 07:41:16 - INFO - epoch-237, train_loss-0.0013235, val_loss-0.0013781
2024-12-27 07:45:41 - INFO - epoch-238, train_loss-0.0013235, val_loss-0.0013831
2024-12-27 07:50:05 - INFO - epoch-239, train_loss-0.0013235, val_loss-0.0013888
2024-12-27 07:54:30 - INFO - epoch-240, train_loss-0.0013235, val_loss-0.0013872
2024-12-27 07:58:55 - INFO - epoch-241, train_loss-0.0013234, val_loss-0.0013859
2024-12-27 08:03:20 - INFO - epoch-242, train_loss-0.0013235, val_loss-0.0013836
2024-12-27 08:07:44 - INFO - epoch-243, train_loss-0.0013235, val_loss-0.0013835
2024-12-27 08:12:09 - INFO - epoch-244, train_loss-0.0013235, val_loss-0.0013864
2024-12-27 08:16:34 - INFO - epoch-245, train_loss-0.0013234, val_loss-0.0013851
2024-12-27 08:20:58 - INFO - epoch-246, train_loss-0.0013234, val_loss-0.0013865
2024-12-27 08:25:23 - INFO - epoch-247, train_loss-0.0013235, val_loss-0.0013865
2024-12-27 08:30:06 - INFO - epoch-248, train_loss-0.0013235, val_loss-0.0013883
2024-12-27 08:37:33 - INFO - epoch-249, train_loss-0.0013235, val_loss-0.0013896
2024-12-27 08:41:58 - INFO - epoch-250, train_loss-0.0013235, val_loss-0.0013881
2024-12-27 08:46:23 - INFO - epoch-251, train_loss-0.0013235, val_loss-0.0013823
2024-12-27 08:50:48 - INFO - epoch-252, train_loss-0.0013235, val_loss-0.0013844
2024-12-27 08:55:12 - INFO - epoch-253, train_loss-0.0013235, val_loss-0.0013855
2024-12-27 08:59:37 - INFO - epoch-254, train_loss-0.0013235, val_loss-0.0013847
2024-12-27 09:04:04 - INFO - epoch-255, train_loss-0.0013235, val_loss-0.0013865
2024-12-27 09:08:32 - INFO - epoch-256, train_loss-0.0013235, val_loss-0.0013867
2024-12-27 09:15:41 - INFO - epoch-257, train_loss-0.0013235, val_loss-0.0013810
2024-12-27 09:20:06 - INFO - epoch-258, train_loss-0.0013234, val_loss-0.0013864
2024-12-27 09:24:30 - INFO - epoch-259, train_loss-0.0013234, val_loss-0.0013868
2024-12-27 09:28:55 - INFO - epoch-260, train_loss-0.0013235, val_loss-0.0013868
2024-12-27 09:33:19 - INFO - epoch-261, train_loss-0.0013235, val_loss-0.0013879
2024-12-27 09:37:44 - INFO - epoch-262, train_loss-0.0013235, val_loss-0.0013872
2024-12-27 09:42:09 - INFO - epoch-263, train_loss-0.0013235, val_loss-0.0013826
2024-12-27 09:46:33 - INFO - epoch-264, train_loss-0.0013234, val_loss-0.0013879
2024-12-27 09:50:58 - INFO - epoch-265, train_loss-0.0013235, val_loss-0.0013845
2024-12-27 09:55:23 - INFO - epoch-266, train_loss-0.0013234, val_loss-0.0013855
2024-12-27 09:59:48 - INFO - epoch-267, train_loss-0.0013235, val_loss-0.0013875
2024-12-27 10:04:12 - INFO - epoch-268, train_loss-0.0013235, val_loss-0.0013898
2024-12-27 10:08:37 - INFO - epoch-269, train_loss-0.0013234, val_loss-0.0013878
2024-12-27 10:13:02 - INFO - epoch-270, train_loss-0.0013235, val_loss-0.0013843
2024-12-27 10:18:21 - INFO - epoch-271, train_loss-0.0013235, val_loss-0.0013899
2024-12-27 10:25:15 - INFO - epoch-272, train_loss-0.0013235, val_loss-0.0013856
2024-12-27 10:29:40 - INFO - epoch-273, train_loss-0.0013235, val_loss-0.0013894
2024-12-27 10:34:04 - INFO - epoch-274, train_loss-0.0013234, val_loss-0.0013868
2024-12-27 10:38:28 - INFO - epoch-275, train_loss-0.0013235, val_loss-0.0013866
2024-12-27 10:42:53 - INFO - epoch-276, train_loss-0.0013234, val_loss-0.0013824
2024-12-27 10:47:18 - INFO - epoch-277, train_loss-0.0013235, val_loss-0.0013907
2024-12-27 10:51:44 - INFO - epoch-278, train_loss-0.0013235, val_loss-0.0013870
2024-12-27 10:56:13 - INFO - epoch-279, train_loss-0.0013234, val_loss-0.0013860
2024-12-27 11:00:45 - INFO - epoch-280, train_loss-0.0013234, val_loss-0.0013869
2024-12-27 11:05:16 - INFO - epoch-281, train_loss-0.0013234, val_loss-0.0013871
2024-12-27 11:09:46 - INFO - epoch-282, train_loss-0.0013235, val_loss-0.0013895
2024-12-27 11:14:17 - INFO - epoch-283, train_loss-0.0013235, val_loss-0.0013857
2024-12-27 11:18:48 - INFO - epoch-284, train_loss-0.0013235, val_loss-0.0013880
2024-12-27 11:23:18 - INFO - epoch-285, train_loss-0.0013235, val_loss-0.0013915
2024-12-27 11:27:48 - INFO - epoch-286, train_loss-0.0013235, val_loss-0.0013845
2024-12-27 11:32:19 - INFO - epoch-287, train_loss-0.0013235, val_loss-0.0013893
2024-12-27 11:36:49 - INFO - epoch-288, train_loss-0.0013235, val_loss-0.0013910
2024-12-27 11:41:19 - INFO - epoch-289, train_loss-0.0013235, val_loss-0.0013895
2024-12-27 11:45:49 - INFO - epoch-290, train_loss-0.0013235, val_loss-0.0013909
2024-12-27 11:50:20 - INFO - epoch-291, train_loss-0.0013234, val_loss-0.0013916
2024-12-27 11:54:51 - INFO - epoch-292, train_loss-0.0013235, val_loss-0.0013880
2024-12-27 11:59:22 - INFO - epoch-293, train_loss-0.0013235, val_loss-0.0013823
2024-12-27 12:03:54 - INFO - epoch-294, train_loss-0.0013235, val_loss-0.0013877
2024-12-27 12:08:26 - INFO - epoch-295, train_loss-0.0013235, val_loss-0.0013906
2024-12-27 12:13:00 - INFO - epoch-296, train_loss-0.0013234, val_loss-0.0013889
2024-12-27 12:17:32 - INFO - epoch-297, train_loss-0.0013234, val_loss-0.0013882
2024-12-27 12:22:06 - INFO - epoch-298, train_loss-0.0013235, val_loss-0.0013893
2024-12-27 12:26:38 - INFO - epoch-299, train_loss-0.0013235, val_loss-0.0013880
