2024-12-21 19:04:41 - INFO - /mnt/cephfs/projects/2023110101_Ligand_fitting_to_EM_maps/My_Code/CryoLigate_Github/CryoLigate/GIGN/GIGN_EM/For_Elisei_Nov_2024/CryoLigate_GIGN_Unet/train_example.py
2024-12-21 19:04:41 - INFO - train data: 6810
2024-12-21 19:04:41 - INFO - valid data: 756
2024-12-21 19:04:57 - INFO - Initial_train_loss-0.0068391  Initial_val_loss-0.0068450
2024-12-21 19:05:36 - INFO - epoch-0, train_loss-0.0252899, val_loss-0.0816279
2024-12-21 19:06:14 - INFO - epoch-1, train_loss-0.0008906, val_loss-0.0653771
2024-12-21 19:06:52 - INFO - epoch-2, train_loss-0.0007709, val_loss-0.0607202
2024-12-21 19:07:30 - INFO - epoch-3, train_loss-0.0007291, val_loss-0.0615889
2024-12-21 19:08:08 - INFO - epoch-4, train_loss-0.0007128, val_loss-0.0587969
2024-12-21 19:08:46 - INFO - epoch-5, train_loss-0.0007017, val_loss-0.0574039
2024-12-21 19:09:26 - INFO - epoch-6, train_loss-0.0006941, val_loss-0.0565880
2024-12-21 19:10:04 - INFO - epoch-7, train_loss-0.0006860, val_loss-0.0560884
2024-12-21 19:10:43 - INFO - epoch-8, train_loss-0.0006943, val_loss-0.0529420
2024-12-21 19:11:21 - INFO - epoch-9, train_loss-0.0006928, val_loss-0.0502050
2024-12-21 19:12:00 - INFO - epoch-10, train_loss-0.0006963, val_loss-0.0473237
2024-12-21 19:12:39 - INFO - epoch-11, train_loss-0.0006886, val_loss-0.0439607
2024-12-21 19:13:17 - INFO - epoch-12, train_loss-0.0006990, val_loss-0.0391334
2024-12-21 19:13:56 - INFO - epoch-13, train_loss-0.0006807, val_loss-0.0370742
2024-12-21 19:14:34 - INFO - epoch-14, train_loss-0.0006859, val_loss-0.0344895
2024-12-21 19:15:13 - INFO - epoch-15, train_loss-0.0006854, val_loss-0.0340580
2024-12-21 19:15:52 - INFO - epoch-16, train_loss-0.0006948, val_loss-0.0313217
2024-12-21 19:16:30 - INFO - epoch-17, train_loss-0.0006720, val_loss-0.0304606
2024-12-21 19:17:10 - INFO - epoch-18, train_loss-0.0006928, val_loss-0.0284334
2024-12-21 19:17:48 - INFO - epoch-19, train_loss-0.0006722, val_loss-0.0283221
2024-12-21 19:18:27 - INFO - epoch-20, train_loss-0.0006872, val_loss-0.0261857
2024-12-21 19:19:07 - INFO - epoch-21, train_loss-0.0006827, val_loss-0.0234104
2024-12-21 19:19:45 - INFO - epoch-22, train_loss-0.0006794, val_loss-0.0222220
2024-12-21 19:20:23 - INFO - epoch-23, train_loss-0.0006794, val_loss-0.0209487
2024-12-21 19:21:01 - INFO - epoch-24, train_loss-0.0006739, val_loss-0.0204829
2024-12-21 19:21:40 - INFO - epoch-25, train_loss-0.0006805, val_loss-0.0193763
2024-12-21 19:22:18 - INFO - epoch-26, train_loss-0.0006739, val_loss-0.0180456
2024-12-21 19:22:56 - INFO - epoch-27, train_loss-0.0006742, val_loss-0.0184054
2024-12-21 19:23:34 - INFO - epoch-28, train_loss-0.0006741, val_loss-0.0179520
2024-12-21 19:24:12 - INFO - epoch-29, train_loss-0.0006743, val_loss-0.0169251
2024-12-21 19:24:51 - INFO - epoch-30, train_loss-0.0006772, val_loss-0.0166748
2024-12-21 19:25:29 - INFO - epoch-31, train_loss-0.0006654, val_loss-0.0159137
2024-12-21 19:26:07 - INFO - epoch-32, train_loss-0.0006707, val_loss-0.0146275
2024-12-21 19:26:45 - INFO - epoch-33, train_loss-0.0006732, val_loss-0.0150199
2024-12-21 19:27:24 - INFO - epoch-34, train_loss-0.0006675, val_loss-0.0136433
2024-12-21 19:28:02 - INFO - epoch-35, train_loss-0.0006682, val_loss-0.0126977
2024-12-21 19:28:40 - INFO - epoch-36, train_loss-0.0006649, val_loss-0.0123323
2024-12-21 19:29:18 - INFO - epoch-37, train_loss-0.0006673, val_loss-0.0114396
2024-12-21 19:29:56 - INFO - epoch-38, train_loss-0.0006653, val_loss-0.0109475
2024-12-21 19:30:35 - INFO - epoch-39, train_loss-0.0006653, val_loss-0.0116825
2024-12-21 19:31:13 - INFO - epoch-40, train_loss-0.0006646, val_loss-0.0107901
2024-12-21 19:31:51 - INFO - epoch-41, train_loss-0.0006633, val_loss-0.0108507
2024-12-21 19:32:29 - INFO - epoch-42, train_loss-0.0006634, val_loss-0.0096502
2024-12-21 19:33:08 - INFO - epoch-43, train_loss-0.0006625, val_loss-0.0097872
2024-12-21 19:33:46 - INFO - epoch-44, train_loss-0.0006623, val_loss-0.0088678
2024-12-21 19:34:25 - INFO - epoch-45, train_loss-0.0006622, val_loss-0.0091705
2024-12-21 19:35:03 - INFO - epoch-46, train_loss-0.0006613, val_loss-0.0085398
2024-12-21 19:35:41 - INFO - epoch-47, train_loss-0.0006610, val_loss-0.0086041
2024-12-21 19:36:19 - INFO - epoch-48, train_loss-0.0006614, val_loss-0.0077405
2024-12-21 19:36:58 - INFO - epoch-49, train_loss-0.0006618, val_loss-0.0078115
2024-12-21 19:37:37 - INFO - epoch-50, train_loss-0.0006603, val_loss-0.0069620
2024-12-21 19:38:15 - INFO - epoch-51, train_loss-0.0006600, val_loss-0.0069874
2024-12-21 19:38:54 - INFO - epoch-52, train_loss-0.0006588, val_loss-0.0064236
2024-12-21 19:39:32 - INFO - epoch-53, train_loss-0.0006589, val_loss-0.0059759
2024-12-21 19:40:11 - INFO - epoch-54, train_loss-0.0006588, val_loss-0.0059657
2024-12-21 19:40:49 - INFO - epoch-55, train_loss-0.0006590, val_loss-0.0055232
2024-12-21 19:41:27 - INFO - epoch-56, train_loss-0.0006580, val_loss-0.0053410
2024-12-21 19:42:05 - INFO - epoch-57, train_loss-0.0006579, val_loss-0.0049077
2024-12-21 19:42:43 - INFO - epoch-58, train_loss-0.0006577, val_loss-0.0049926
2024-12-21 19:43:21 - INFO - epoch-59, train_loss-0.0006575, val_loss-0.0043117
2024-12-21 19:43:59 - INFO - epoch-60, train_loss-0.0006557, val_loss-0.0040619
2024-12-21 19:44:37 - INFO - epoch-61, train_loss-0.0006561, val_loss-0.0037995
2024-12-21 19:45:17 - INFO - epoch-62, train_loss-0.0006541, val_loss-0.0033688
2024-12-21 19:45:55 - INFO - epoch-63, train_loss-0.0006548, val_loss-0.0031529
2024-12-21 19:46:33 - INFO - epoch-64, train_loss-0.0006534, val_loss-0.0029621
2024-12-21 19:48:36 - INFO - epoch-65, train_loss-0.0006531, val_loss-0.0027631
2024-12-21 19:50:06 - INFO - epoch-66, train_loss-0.0006528, val_loss-0.0026643
2024-12-21 19:50:44 - INFO - epoch-67, train_loss-0.0006519, val_loss-0.0026436
2024-12-21 19:51:23 - INFO - epoch-68, train_loss-0.0006516, val_loss-0.0024365
2024-12-21 19:52:01 - INFO - epoch-69, train_loss-0.0006495, val_loss-0.0023084
2024-12-21 19:52:39 - INFO - epoch-70, train_loss-0.0006501, val_loss-0.0021112
2024-12-21 19:53:17 - INFO - epoch-71, train_loss-0.0006500, val_loss-0.0022448
2024-12-21 19:53:55 - INFO - epoch-72, train_loss-0.0006506, val_loss-0.0019983
2024-12-21 19:54:33 - INFO - epoch-73, train_loss-0.0006475, val_loss-0.0020290
2024-12-21 19:55:11 - INFO - epoch-74, train_loss-0.0006481, val_loss-0.0019437
2024-12-21 19:55:49 - INFO - epoch-75, train_loss-0.0006471, val_loss-0.0017323
2024-12-21 19:56:28 - INFO - epoch-76, train_loss-0.0006470, val_loss-0.0016322
2024-12-21 19:57:05 - INFO - epoch-77, train_loss-0.0006464, val_loss-0.0017085
2024-12-21 19:57:44 - INFO - epoch-78, train_loss-0.0006461, val_loss-0.0015781
2024-12-21 19:58:22 - INFO - epoch-79, train_loss-0.0006452, val_loss-0.0016275
2024-12-21 19:59:00 - INFO - epoch-80, train_loss-0.0006458, val_loss-0.0014327
2024-12-21 19:59:38 - INFO - epoch-81, train_loss-0.0006436, val_loss-0.0014617
2024-12-21 20:00:17 - INFO - epoch-82, train_loss-0.0006436, val_loss-0.0015677
2024-12-21 20:00:55 - INFO - epoch-83, train_loss-0.0006432, val_loss-0.0015928
2024-12-21 20:01:33 - INFO - epoch-84, train_loss-0.0006430, val_loss-0.0017042
2024-12-21 20:02:11 - INFO - epoch-85, train_loss-0.0006422, val_loss-0.0013978
2024-12-21 20:02:49 - INFO - epoch-86, train_loss-0.0006425, val_loss-0.0014289
2024-12-21 20:03:28 - INFO - epoch-87, train_loss-0.0006398, val_loss-0.0015514
2024-12-21 20:04:08 - INFO - epoch-88, train_loss-0.0006405, val_loss-0.0014814
2024-12-21 20:04:46 - INFO - epoch-89, train_loss-0.0006398, val_loss-0.0014583
2024-12-21 20:05:24 - INFO - epoch-90, train_loss-0.0006399, val_loss-0.0013972
2024-12-21 20:06:03 - INFO - epoch-91, train_loss-0.0006390, val_loss-0.0016476
2024-12-21 20:06:41 - INFO - epoch-92, train_loss-0.0006400, val_loss-0.0014681
2024-12-21 20:07:19 - INFO - epoch-93, train_loss-0.0006396, val_loss-0.0014973
2024-12-21 20:07:57 - INFO - epoch-94, train_loss-0.0006385, val_loss-0.0015675
2024-12-21 20:08:35 - INFO - epoch-95, train_loss-0.0006384, val_loss-0.0016371
2024-12-21 20:09:13 - INFO - epoch-96, train_loss-0.0006374, val_loss-0.0016067
2024-12-21 20:09:51 - INFO - epoch-97, train_loss-0.0006374, val_loss-0.0016528
2024-12-21 20:10:29 - INFO - epoch-98, train_loss-0.0006370, val_loss-0.0016720
2024-12-21 20:11:07 - INFO - epoch-99, train_loss-0.0006348, val_loss-0.0017945
2024-12-21 20:11:45 - INFO - epoch-100, train_loss-0.0006335, val_loss-0.0018999
2024-12-21 20:12:23 - INFO - epoch-101, train_loss-0.0006319, val_loss-0.0018571
2024-12-21 20:13:01 - INFO - epoch-102, train_loss-0.0006370, val_loss-0.0016452
2024-12-21 20:13:39 - INFO - epoch-103, train_loss-0.0010812, val_loss-0.0031158
2024-12-21 20:14:17 - INFO - epoch-104, train_loss-0.0006537, val_loss-0.0031731
2024-12-21 20:14:55 - INFO - epoch-105, train_loss-0.0006513, val_loss-0.0032214
2024-12-21 20:15:33 - INFO - epoch-106, train_loss-0.0006501, val_loss-0.0032943
2024-12-21 20:16:11 - INFO - epoch-107, train_loss-0.0006490, val_loss-0.0033214
2024-12-21 20:16:49 - INFO - epoch-108, train_loss-0.0006480, val_loss-0.0032958
2024-12-21 20:17:27 - INFO - epoch-109, train_loss-0.0006468, val_loss-0.0032644
2024-12-21 20:18:05 - INFO - epoch-110, train_loss-0.0006458, val_loss-0.0033279
2024-12-21 20:18:43 - INFO - epoch-111, train_loss-0.0006447, val_loss-0.0033911
2024-12-21 20:19:23 - INFO - epoch-112, train_loss-0.0006437, val_loss-0.0033961
2024-12-21 20:20:01 - INFO - epoch-113, train_loss-0.0006427, val_loss-0.0033924
2024-12-21 20:20:39 - INFO - epoch-114, train_loss-0.0006418, val_loss-0.0034167
2024-12-21 20:21:17 - INFO - epoch-115, train_loss-0.0006413, val_loss-0.0034343
2024-12-21 20:21:55 - INFO - epoch-116, train_loss-0.0006407, val_loss-0.0034546
2024-12-21 20:22:33 - INFO - epoch-117, train_loss-0.0006399, val_loss-0.0034689
2024-12-21 20:23:11 - INFO - epoch-118, train_loss-0.0006407, val_loss-0.0033484
2024-12-21 20:23:50 - INFO - epoch-119, train_loss-0.0006380, val_loss-0.0033347
2024-12-21 20:24:28 - INFO - epoch-120, train_loss-0.0006386, val_loss-0.0032645
2024-12-21 20:25:06 - INFO - epoch-121, train_loss-0.0006381, val_loss-0.0031612
2024-12-21 20:25:44 - INFO - epoch-122, train_loss-0.0006377, val_loss-0.0029655
2024-12-21 20:26:22 - INFO - epoch-123, train_loss-0.0006406, val_loss-0.0032194
2024-12-21 20:27:00 - INFO - epoch-124, train_loss-0.0006352, val_loss-0.0032696
2024-12-21 20:27:38 - INFO - epoch-125, train_loss-0.0006382, val_loss-0.0027681
2024-12-21 20:28:16 - INFO - epoch-126, train_loss-0.0006354, val_loss-0.0026857
2024-12-21 20:28:54 - INFO - epoch-127, train_loss-0.0006354, val_loss-0.0027179
2024-12-21 20:29:32 - INFO - epoch-128, train_loss-0.0006347, val_loss-0.0026304
2024-12-21 20:30:10 - INFO - epoch-129, train_loss-0.0006419, val_loss-0.0025894
2024-12-21 20:30:48 - INFO - epoch-130, train_loss-0.0006352, val_loss-0.0024748
2024-12-21 20:31:26 - INFO - epoch-131, train_loss-0.0006304, val_loss-0.0025089
2024-12-21 20:32:04 - INFO - epoch-132, train_loss-0.0006298, val_loss-0.0024205
2024-12-21 20:32:43 - INFO - epoch-133, train_loss-0.0006308, val_loss-0.0025491
2024-12-21 20:33:21 - INFO - epoch-134, train_loss-0.0006264, val_loss-0.0022913
2024-12-21 20:33:59 - INFO - epoch-135, train_loss-0.0006293, val_loss-0.0020395
2024-12-21 20:34:37 - INFO - epoch-136, train_loss-0.0006284, val_loss-0.0019258
2024-12-21 20:35:15 - INFO - epoch-137, train_loss-0.0008145, val_loss-0.0028928
2024-12-21 20:35:52 - INFO - epoch-138, train_loss-0.0006839, val_loss-0.0027385
2024-12-21 20:36:30 - INFO - epoch-139, train_loss-0.0006393, val_loss-0.0028445
2024-12-21 20:37:08 - INFO - epoch-140, train_loss-0.0006250, val_loss-0.0031527
2024-12-21 20:37:46 - INFO - epoch-141, train_loss-0.0006175, val_loss-0.0028624
2024-12-21 20:38:24 - INFO - epoch-142, train_loss-0.0006234, val_loss-0.0028534
2024-12-21 20:39:02 - INFO - epoch-143, train_loss-0.0006186, val_loss-0.0027588
2024-12-21 20:39:40 - INFO - epoch-144, train_loss-0.0006124, val_loss-0.0026433
2024-12-21 20:40:18 - INFO - epoch-145, train_loss-0.0006106, val_loss-0.0026667
2024-12-21 20:41:53 - INFO - epoch-146, train_loss-0.0006093, val_loss-0.0024861
2024-12-21 20:44:38 - INFO - epoch-147, train_loss-0.0006083, val_loss-0.0023785
2024-12-21 20:45:16 - INFO - epoch-148, train_loss-0.0006063, val_loss-0.0024227
2024-12-21 20:45:54 - INFO - epoch-149, train_loss-0.0006042, val_loss-0.0021941
2024-12-21 20:46:33 - INFO - epoch-150, train_loss-0.0006027, val_loss-0.0019442
2024-12-21 20:47:11 - INFO - epoch-151, train_loss-0.0006020, val_loss-0.0020993
2024-12-21 20:47:50 - INFO - epoch-152, train_loss-0.0006012, val_loss-0.0020371
2024-12-21 20:48:28 - INFO - epoch-153, train_loss-0.0006001, val_loss-0.0020301
2024-12-21 20:49:06 - INFO - epoch-154, train_loss-0.0005989, val_loss-0.0019353
2024-12-21 20:49:45 - INFO - epoch-155, train_loss-0.0005991, val_loss-0.0019067
2024-12-21 20:50:23 - INFO - epoch-156, train_loss-0.0005954, val_loss-0.0018482
2024-12-21 20:51:01 - INFO - epoch-157, train_loss-0.0005940, val_loss-0.0017158
2024-12-21 20:51:39 - INFO - epoch-158, train_loss-0.0005901, val_loss-0.0017460
2024-12-21 20:52:17 - INFO - epoch-159, train_loss-0.0005877, val_loss-0.0015786
2024-12-21 20:52:56 - INFO - epoch-160, train_loss-0.0005868, val_loss-0.0015002
2024-12-21 20:53:34 - INFO - epoch-161, train_loss-0.0005847, val_loss-0.0014214
2024-12-21 20:54:12 - INFO - epoch-162, train_loss-0.0005818, val_loss-0.0014961
2024-12-21 20:54:50 - INFO - epoch-163, train_loss-0.0005807, val_loss-0.0011809
2024-12-21 20:55:28 - INFO - epoch-164, train_loss-0.0005785, val_loss-0.0012615
2024-12-21 20:56:06 - INFO - epoch-165, train_loss-0.0005779, val_loss-0.0011014
2024-12-21 20:56:45 - INFO - epoch-166, train_loss-0.0005765, val_loss-0.0010578
2024-12-21 20:57:22 - INFO - epoch-167, train_loss-0.0005755, val_loss-0.0011435
2024-12-21 20:58:00 - INFO - epoch-168, train_loss-0.0005688, val_loss-0.0010196
2024-12-21 20:58:38 - INFO - epoch-169, train_loss-0.0005660, val_loss-0.0009317
2024-12-21 20:59:16 - INFO - epoch-170, train_loss-0.0005654, val_loss-0.0009176
2024-12-21 20:59:54 - INFO - epoch-171, train_loss-0.0005633, val_loss-0.0009138
2024-12-21 21:00:32 - INFO - epoch-172, train_loss-0.0005633, val_loss-0.0009301
2024-12-21 21:01:10 - INFO - epoch-173, train_loss-0.0005603, val_loss-0.0009330
2024-12-21 21:01:48 - INFO - epoch-174, train_loss-0.0005573, val_loss-0.0008800
2024-12-21 21:02:26 - INFO - epoch-175, train_loss-0.0005546, val_loss-0.0008178
2024-12-21 21:03:03 - INFO - epoch-176, train_loss-0.0005521, val_loss-0.0008255
2024-12-21 21:03:41 - INFO - epoch-177, train_loss-0.0005468, val_loss-0.0008280
2024-12-21 21:04:19 - INFO - epoch-178, train_loss-0.0005463, val_loss-0.0007381
2024-12-21 21:04:57 - INFO - epoch-179, train_loss-0.0005460, val_loss-0.0007754
2024-12-21 21:05:35 - INFO - epoch-180, train_loss-0.0005441, val_loss-0.0007657
2024-12-21 21:06:14 - INFO - epoch-181, train_loss-0.0005414, val_loss-0.0007931
2024-12-21 21:06:52 - INFO - epoch-182, train_loss-0.0005378, val_loss-0.0007319
2024-12-21 21:07:30 - INFO - epoch-183, train_loss-0.0005353, val_loss-0.0006998
2024-12-21 21:08:07 - INFO - epoch-184, train_loss-0.0005362, val_loss-0.0007180
2024-12-21 21:08:45 - INFO - epoch-185, train_loss-0.0008835, val_loss-0.0009293
2024-12-21 21:09:23 - INFO - epoch-186, train_loss-0.0006495, val_loss-0.0009062
2024-12-21 21:10:01 - INFO - epoch-187, train_loss-0.0006468, val_loss-0.0008695
2024-12-21 21:10:39 - INFO - epoch-188, train_loss-0.0006402, val_loss-0.0008361
2024-12-21 21:11:17 - INFO - epoch-189, train_loss-0.0005914, val_loss-0.0008299
2024-12-21 21:11:55 - INFO - epoch-190, train_loss-0.0005566, val_loss-0.0008319
2024-12-21 21:12:32 - INFO - epoch-191, train_loss-0.0005460, val_loss-0.0009088
2024-12-21 21:13:10 - INFO - epoch-192, train_loss-0.0005374, val_loss-0.0014039
2024-12-21 21:13:48 - INFO - epoch-193, train_loss-0.0005292, val_loss-0.0010250
2024-12-21 21:14:26 - INFO - epoch-194, train_loss-0.0005246, val_loss-0.0009931
2024-12-21 21:15:04 - INFO - epoch-195, train_loss-0.0005206, val_loss-0.0019797
2024-12-21 21:15:42 - INFO - epoch-196, train_loss-0.0005180, val_loss-0.0010498
2024-12-21 21:16:20 - INFO - epoch-197, train_loss-0.0005157, val_loss-0.0012481
2024-12-21 21:16:57 - INFO - epoch-198, train_loss-0.0005134, val_loss-0.0014150
2024-12-21 21:17:35 - INFO - epoch-199, train_loss-0.0005124, val_loss-0.0011461
2024-12-21 21:18:13 - INFO - epoch-200, train_loss-0.0005117, val_loss-0.0013461
2024-12-21 21:18:51 - INFO - epoch-201, train_loss-0.0005082, val_loss-0.0011398
2024-12-21 21:19:29 - INFO - epoch-202, train_loss-0.0005068, val_loss-0.0010987
2024-12-21 21:20:08 - INFO - epoch-203, train_loss-0.0005058, val_loss-0.0013316
2024-12-21 21:20:46 - INFO - epoch-204, train_loss-0.0005042, val_loss-0.0010569
2024-12-21 21:21:24 - INFO - epoch-205, train_loss-0.0005031, val_loss-0.0011482
2024-12-21 21:22:02 - INFO - epoch-206, train_loss-0.0005025, val_loss-0.0008837
2024-12-21 21:22:40 - INFO - epoch-207, train_loss-0.0005013, val_loss-0.0008701
2024-12-21 21:23:17 - INFO - epoch-208, train_loss-0.0005012, val_loss-0.0008171
2024-12-21 21:23:55 - INFO - epoch-209, train_loss-0.0005005, val_loss-0.0007413
2024-12-21 21:24:33 - INFO - epoch-210, train_loss-0.0004992, val_loss-0.0008520
2024-12-21 21:25:11 - INFO - epoch-211, train_loss-0.0004973, val_loss-0.0008246
2024-12-21 21:25:50 - INFO - epoch-212, train_loss-0.0004978, val_loss-0.0007984
2024-12-21 21:26:28 - INFO - epoch-213, train_loss-0.0004956, val_loss-0.0007556
2024-12-21 21:27:06 - INFO - epoch-214, train_loss-0.0004945, val_loss-0.0007300
2024-12-21 21:27:44 - INFO - epoch-215, train_loss-0.0004931, val_loss-0.0007371
2024-12-21 21:28:21 - INFO - epoch-216, train_loss-0.0004907, val_loss-0.0007020
2024-12-21 21:28:59 - INFO - epoch-217, train_loss-0.0004890, val_loss-0.0007433
2024-12-21 21:29:37 - INFO - epoch-218, train_loss-0.0004866, val_loss-0.0007173
2024-12-21 21:30:15 - INFO - epoch-219, train_loss-0.0004857, val_loss-0.0007082
2024-12-21 21:30:54 - INFO - epoch-220, train_loss-0.0004825, val_loss-0.0007320
2024-12-21 21:31:32 - INFO - epoch-221, train_loss-0.0004823, val_loss-0.0006963
2024-12-21 21:32:10 - INFO - epoch-222, train_loss-0.0004831, val_loss-0.0006773
2024-12-21 21:32:49 - INFO - epoch-223, train_loss-0.0004828, val_loss-0.0006795
2024-12-21 21:33:26 - INFO - epoch-224, train_loss-0.0004835, val_loss-0.0006714
2024-12-21 21:34:04 - INFO - epoch-225, train_loss-0.0004795, val_loss-0.0006880
2024-12-21 21:34:42 - INFO - epoch-226, train_loss-0.0004762, val_loss-0.0006695
2024-12-21 21:37:25 - INFO - epoch-227, train_loss-0.0004728, val_loss-0.0006714
2024-12-21 21:38:48 - INFO - epoch-228, train_loss-0.0004696, val_loss-0.0006883
2024-12-21 21:39:26 - INFO - epoch-229, train_loss-0.0004677, val_loss-0.0006854
2024-12-21 21:40:04 - INFO - epoch-230, train_loss-0.0004677, val_loss-0.0006920
2024-12-21 21:40:42 - INFO - epoch-231, train_loss-0.0004687, val_loss-0.0006822
2024-12-21 21:41:20 - INFO - epoch-232, train_loss-0.0004684, val_loss-0.0007269
2024-12-21 21:41:58 - INFO - epoch-233, train_loss-0.0004654, val_loss-0.0007050
2024-12-21 21:42:36 - INFO - epoch-234, train_loss-0.0004618, val_loss-0.0006873
2024-12-21 21:43:15 - INFO - epoch-235, train_loss-0.0004603, val_loss-0.0007291
2024-12-21 21:43:52 - INFO - epoch-236, train_loss-0.0004593, val_loss-0.0008184
2024-12-21 21:44:31 - INFO - epoch-237, train_loss-0.0004568, val_loss-0.0007726
2024-12-21 21:45:11 - INFO - epoch-238, train_loss-0.0004539, val_loss-0.0006934
2024-12-21 21:45:48 - INFO - epoch-239, train_loss-0.0004525, val_loss-0.0007058
2024-12-21 21:46:27 - INFO - epoch-240, train_loss-0.0004500, val_loss-0.0006976
2024-12-21 21:47:05 - INFO - epoch-241, train_loss-0.0004500, val_loss-0.0007324
2024-12-21 21:47:43 - INFO - epoch-242, train_loss-0.0004456, val_loss-0.0007276
2024-12-21 21:48:21 - INFO - epoch-243, train_loss-0.0004437, val_loss-0.0006933
2024-12-21 21:48:59 - INFO - epoch-244, train_loss-0.0004736, val_loss-0.0006982
2024-12-21 21:49:37 - INFO - epoch-245, train_loss-0.0005038, val_loss-0.0006689
2024-12-21 21:50:15 - INFO - epoch-246, train_loss-0.0004246, val_loss-0.0007585
2024-12-21 21:50:53 - INFO - epoch-247, train_loss-0.0004176, val_loss-0.0009682
2024-12-21 21:51:31 - INFO - epoch-248, train_loss-0.0004172, val_loss-0.0006780
2024-12-21 21:52:08 - INFO - epoch-249, train_loss-0.0004193, val_loss-0.0006759
2024-12-21 21:52:46 - INFO - epoch-250, train_loss-0.0004253, val_loss-0.0007058
2024-12-21 21:53:24 - INFO - epoch-251, train_loss-0.0004336, val_loss-0.0007443
2024-12-21 21:54:02 - INFO - epoch-252, train_loss-0.0004391, val_loss-0.0007699
2024-12-21 21:54:40 - INFO - epoch-253, train_loss-0.0004340, val_loss-0.0006978
2024-12-21 21:55:18 - INFO - epoch-254, train_loss-0.0004246, val_loss-0.0006906
2024-12-21 21:55:56 - INFO - epoch-255, train_loss-0.0004196, val_loss-0.0009447
2024-12-21 21:56:35 - INFO - epoch-256, train_loss-0.0004158, val_loss-0.0008065
2024-12-21 21:57:13 - INFO - epoch-257, train_loss-0.0004130, val_loss-0.0007287
2024-12-21 21:57:51 - INFO - epoch-258, train_loss-0.0004136, val_loss-0.0009758
2024-12-21 21:58:29 - INFO - epoch-259, train_loss-0.0004126, val_loss-0.0007510
2024-12-21 21:59:08 - INFO - epoch-260, train_loss-0.0004113, val_loss-0.0007574
2024-12-21 21:59:45 - INFO - epoch-261, train_loss-0.0004124, val_loss-0.0007274
2024-12-21 22:00:23 - INFO - epoch-262, train_loss-0.0004125, val_loss-0.0007126
2024-12-21 22:01:01 - INFO - epoch-263, train_loss-0.0004088, val_loss-0.0006922
2024-12-21 22:01:39 - INFO - epoch-264, train_loss-0.0004069, val_loss-0.0007155
2024-12-21 22:02:17 - INFO - epoch-265, train_loss-0.0004063, val_loss-0.0007862
2024-12-21 22:02:55 - INFO - epoch-266, train_loss-0.0004073, val_loss-0.0007043
2024-12-21 22:03:33 - INFO - epoch-267, train_loss-0.0004078, val_loss-0.0007806
2024-12-21 22:04:11 - INFO - epoch-268, train_loss-0.0004052, val_loss-0.0007402
2024-12-21 22:04:49 - INFO - epoch-269, train_loss-0.0004051, val_loss-0.0007260
2024-12-21 22:05:27 - INFO - epoch-270, train_loss-0.0004053, val_loss-0.0006748
2024-12-21 22:06:04 - INFO - epoch-271, train_loss-0.0004033, val_loss-0.0006927
2024-12-21 22:06:42 - INFO - epoch-272, train_loss-0.0004009, val_loss-0.0006896
2024-12-21 22:07:20 - INFO - epoch-273, train_loss-0.0003997, val_loss-0.0007460
2024-12-21 22:07:58 - INFO - epoch-274, train_loss-0.0003987, val_loss-0.0006878
2024-12-21 22:08:37 - INFO - epoch-275, train_loss-0.0003970, val_loss-0.0006799
2024-12-21 22:09:16 - INFO - epoch-276, train_loss-0.0003961, val_loss-0.0006803
2024-12-21 22:09:54 - INFO - epoch-277, train_loss-0.0003945, val_loss-0.0006715
2024-12-21 22:10:32 - INFO - epoch-278, train_loss-0.0003935, val_loss-0.0007555
2024-12-21 22:11:10 - INFO - epoch-279, train_loss-0.0003902, val_loss-0.0006714
2024-12-21 22:11:49 - INFO - epoch-280, train_loss-0.0003931, val_loss-0.0006749
2024-12-21 22:12:27 - INFO - epoch-281, train_loss-0.0003947, val_loss-0.0006790
2024-12-21 22:13:06 - INFO - epoch-282, train_loss-0.0003930, val_loss-0.0006768
2024-12-21 22:13:45 - INFO - epoch-283, train_loss-0.0003937, val_loss-0.0006768
2024-12-21 22:14:23 - INFO - epoch-284, train_loss-0.0003928, val_loss-0.0006831
2024-12-21 22:15:00 - INFO - epoch-285, train_loss-0.0003912, val_loss-0.0007009
2024-12-21 22:15:38 - INFO - epoch-286, train_loss-0.0003897, val_loss-0.0006754
2024-12-21 22:16:17 - INFO - epoch-287, train_loss-0.0003899, val_loss-0.0006795
2024-12-21 22:16:56 - INFO - epoch-288, train_loss-0.0003872, val_loss-0.0006799
2024-12-21 22:17:34 - INFO - epoch-289, train_loss-0.0003824, val_loss-0.0006717
2024-12-21 22:18:12 - INFO - epoch-290, train_loss-0.0003807, val_loss-0.0006745
2024-12-21 22:18:50 - INFO - epoch-291, train_loss-0.0003803, val_loss-0.0006720
2024-12-21 22:19:28 - INFO - epoch-292, train_loss-0.0003801, val_loss-0.0006699
2024-12-21 22:20:06 - INFO - epoch-293, train_loss-0.0003805, val_loss-0.0006760
2024-12-21 22:20:44 - INFO - epoch-294, train_loss-0.0003786, val_loss-0.0006754
2024-12-21 22:21:21 - INFO - epoch-295, train_loss-0.0003812, val_loss-0.0006711
2024-12-21 22:21:59 - INFO - epoch-296, train_loss-0.0003820, val_loss-0.0006719
2024-12-21 22:22:37 - INFO - epoch-297, train_loss-0.0003828, val_loss-0.0006773
2024-12-21 22:23:15 - INFO - epoch-298, train_loss-0.0003807, val_loss-0.0006729
2024-12-21 22:23:54 - INFO - epoch-299, train_loss-0.0003776, val_loss-0.0006737
