2025-03-05 08:50:57 - INFO - train data: 13259
2025-03-05 08:50:57 - INFO - train unqiue data: 13259
2025-03-05 08:50:57 - INFO - valid data: 1474
2025-03-05 08:50:57 - INFO - valid unqiue data: 1474
2025-03-05 08:55:46 - INFO - epoch-0, train_mse_loss-0.0004388, train_kl_loss-0.0019390, val_mse_loss-0.0121952, val_kl_loss-0.0000647
2025-03-05 09:00:08 - INFO - epoch-1, train_mse_loss-0.0003345, train_kl_loss-0.0000272, val_mse_loss-0.0216148, val_kl_loss-0.0000117
2025-03-05 09:04:30 - INFO - epoch-2, train_mse_loss-0.0003348, train_kl_loss-0.0000053, val_mse_loss-0.0080620, val_kl_loss-0.0000021
2025-03-05 09:04:38 - INFO - Saved new best model at epoch 2 with validation loss 0.0080641
2025-03-05 09:08:59 - INFO - epoch-3, train_mse_loss-0.0003352, train_kl_loss-0.0000010, val_mse_loss-0.0067194, val_kl_loss-0.0000004
2025-03-05 09:09:07 - INFO - Saved new best model at epoch 3 with validation loss 0.0067198
2025-03-05 09:13:28 - INFO - epoch-4, train_mse_loss-0.0003356, train_kl_loss-0.0000002, val_mse_loss-0.0024490, val_kl_loss-0.0000000
2025-03-05 09:13:36 - INFO - Saved new best model at epoch 4 with validation loss 0.0024490
2025-03-05 09:17:56 - INFO - epoch-5, train_mse_loss-0.0003338, train_kl_loss-0.0000000, val_mse_loss-0.0011666, val_kl_loss-0.0000000
2025-03-05 09:18:04 - INFO - Saved new best model at epoch 5 with validation loss 0.0011666
2025-03-05 09:22:22 - INFO - epoch-6, train_mse_loss-0.0003332, train_kl_loss-0.0000000, val_mse_loss-0.0007315, val_kl_loss-0.0000000
2025-03-05 09:22:30 - INFO - Saved new best model at epoch 6 with validation loss 0.0007315
2025-03-05 09:26:48 - INFO - epoch-7, train_mse_loss-0.0003334, train_kl_loss--0.0000000, val_mse_loss-0.0006987, val_kl_loss--0.0000000
2025-03-05 09:26:55 - INFO - Saved new best model at epoch 7 with validation loss 0.0006987
2025-03-05 09:31:13 - INFO - epoch-8, train_mse_loss-0.0003334, train_kl_loss--0.0000000, val_mse_loss-0.0005903, val_kl_loss--0.0000000
2025-03-05 09:31:21 - INFO - Saved new best model at epoch 8 with validation loss 0.0005903
2025-03-05 09:35:38 - INFO - epoch-9, train_mse_loss-0.0003337, train_kl_loss--0.0000000, val_mse_loss-0.0004449, val_kl_loss--0.0000000
2025-03-05 09:35:45 - INFO - Saved new best model at epoch 9 with validation loss 0.0004449
2025-03-05 09:40:04 - INFO - epoch-10, train_mse_loss-0.0003334, train_kl_loss--0.0000000, val_mse_loss-0.0003583, val_kl_loss--0.0000000
2025-03-05 09:40:11 - INFO - Saved new best model at epoch 10 with validation loss 0.0003583
2025-03-05 09:44:29 - INFO - epoch-11, train_mse_loss-0.0003328, train_kl_loss--0.0000000, val_mse_loss-0.0003963, val_kl_loss-0.0000000
2025-03-05 09:48:50 - INFO - epoch-12, train_mse_loss-0.0003323, train_kl_loss-0.0000000, val_mse_loss-0.0003813, val_kl_loss-0.0000000
2025-03-05 09:53:12 - INFO - epoch-13, train_mse_loss-0.0003320, train_kl_loss-0.0000000, val_mse_loss-0.0004941, val_kl_loss-0.0000000
2025-03-05 09:57:32 - INFO - epoch-14, train_mse_loss-0.0003311, train_kl_loss-0.0000000, val_mse_loss-0.0005334, val_kl_loss-0.0000000
2025-03-05 10:01:50 - INFO - epoch-15, train_mse_loss-0.0003305, train_kl_loss-0.0000000, val_mse_loss-0.0005572, val_kl_loss-0.0000000
2025-03-05 10:06:08 - INFO - epoch-16, train_mse_loss-0.0003293, train_kl_loss-0.0000000, val_mse_loss-0.0005589, val_kl_loss-0.0000000
2025-03-05 10:10:26 - INFO - epoch-17, train_mse_loss-0.0003289, train_kl_loss-0.0000000, val_mse_loss-0.0005608, val_kl_loss-0.0000000
2025-03-05 10:14:43 - INFO - epoch-18, train_mse_loss-0.0003286, train_kl_loss-0.0000000, val_mse_loss-0.0005583, val_kl_loss-0.0000000
2025-03-05 10:19:01 - INFO - epoch-19, train_mse_loss-0.0003282, train_kl_loss-0.0000000, val_mse_loss-0.0005501, val_kl_loss-0.0000000
2025-03-05 10:23:18 - INFO - epoch-20, train_mse_loss-0.0003277, train_kl_loss-0.0000000, val_mse_loss-0.0005397, val_kl_loss-0.0000000
2025-03-05 10:27:35 - INFO - epoch-21, train_mse_loss-0.0003274, train_kl_loss-0.0000000, val_mse_loss-0.0005272, val_kl_loss-0.0000000
2025-03-05 10:31:54 - INFO - epoch-22, train_mse_loss-0.0003271, train_kl_loss-0.0000000, val_mse_loss-0.0005122, val_kl_loss-0.0000000
2025-03-05 10:36:13 - INFO - epoch-23, train_mse_loss-0.0003268, train_kl_loss-0.0000000, val_mse_loss-0.0004956, val_kl_loss-0.0000000
2025-03-05 10:40:32 - INFO - epoch-24, train_mse_loss-0.0003265, train_kl_loss-0.0000000, val_mse_loss-0.0004759, val_kl_loss-0.0000000
2025-03-05 10:44:50 - INFO - epoch-25, train_mse_loss-0.0003264, train_kl_loss-0.0000000, val_mse_loss-0.0004511, val_kl_loss-0.0000000
2025-03-05 10:49:11 - INFO - epoch-26, train_mse_loss-0.0003263, train_kl_loss-0.0000000, val_mse_loss-0.0004249, val_kl_loss-0.0000000
2025-03-05 10:53:32 - INFO - epoch-27, train_mse_loss-0.0003262, train_kl_loss-0.0000000, val_mse_loss-0.0003998, val_kl_loss-0.0000000
2025-03-05 10:57:55 - INFO - epoch-28, train_mse_loss-0.0003260, train_kl_loss-0.0000000, val_mse_loss-0.0003860, val_kl_loss-0.0000000
2025-03-05 11:02:13 - INFO - epoch-29, train_mse_loss-0.0003259, train_kl_loss-0.0000000, val_mse_loss-0.0003677, val_kl_loss-0.0000000
2025-03-05 11:06:36 - INFO - epoch-30, train_mse_loss-0.0003258, train_kl_loss-0.0000000, val_mse_loss-0.0003551, val_kl_loss-0.0000000
2025-03-05 11:06:44 - INFO - Saved new best model at epoch 30 with validation loss 0.0003551
2025-03-05 11:11:04 - INFO - epoch-31, train_mse_loss-0.0003258, train_kl_loss-0.0000000, val_mse_loss-0.0003473, val_kl_loss-0.0000000
2025-03-05 11:11:12 - INFO - Saved new best model at epoch 31 with validation loss 0.0003473
2025-03-05 11:15:35 - INFO - epoch-32, train_mse_loss-0.0003257, train_kl_loss-0.0000000, val_mse_loss-0.0003427, val_kl_loss-0.0000000
2025-03-05 11:15:43 - INFO - Saved new best model at epoch 32 with validation loss 0.0003427
2025-03-05 11:20:08 - INFO - epoch-33, train_mse_loss-0.0003257, train_kl_loss-0.0000000, val_mse_loss-0.0003384, val_kl_loss-0.0000000
2025-03-05 11:20:16 - INFO - Saved new best model at epoch 33 with validation loss 0.0003384
2025-03-05 11:24:36 - INFO - epoch-34, train_mse_loss-0.0003257, train_kl_loss-0.0000000, val_mse_loss-0.0003408, val_kl_loss-0.0000000
2025-03-05 11:28:56 - INFO - epoch-35, train_mse_loss-0.0003257, train_kl_loss-0.0000000, val_mse_loss-0.0003586, val_kl_loss-0.0000000
2025-03-05 11:33:21 - INFO - epoch-36, train_mse_loss-0.0003258, train_kl_loss-0.0000000, val_mse_loss-0.0003473, val_kl_loss-0.0000000
2025-03-05 11:37:44 - INFO - epoch-37, train_mse_loss-0.0003258, train_kl_loss-0.0000000, val_mse_loss-0.0003435, val_kl_loss-0.0000000
2025-03-05 11:42:03 - INFO - epoch-38, train_mse_loss-0.0003258, train_kl_loss-0.0000000, val_mse_loss-0.0003646, val_kl_loss-0.0000000
2025-03-05 11:46:22 - INFO - epoch-39, train_mse_loss-0.0003258, train_kl_loss-0.0000000, val_mse_loss-0.0003355, val_kl_loss-0.0000000
2025-03-05 11:46:30 - INFO - Saved new best model at epoch 39 with validation loss 0.0003355
2025-03-05 11:50:49 - INFO - epoch-40, train_mse_loss-0.0003258, train_kl_loss-0.0000000, val_mse_loss-0.0003276, val_kl_loss-0.0000000
2025-03-05 11:50:57 - INFO - Saved new best model at epoch 40 with validation loss 0.0003276
2025-03-05 11:55:16 - INFO - epoch-41, train_mse_loss-0.0003257, train_kl_loss-0.0000000, val_mse_loss-0.0003306, val_kl_loss-0.0000000
2025-03-05 11:59:34 - INFO - epoch-42, train_mse_loss-0.0003257, train_kl_loss-0.0000000, val_mse_loss-0.0003287, val_kl_loss-0.0000000
2025-03-05 12:03:53 - INFO - epoch-43, train_mse_loss-0.0003256, train_kl_loss-0.0000000, val_mse_loss-0.0003304, val_kl_loss-0.0000000
2025-03-05 12:08:10 - INFO - epoch-44, train_mse_loss-0.0003256, train_kl_loss-0.0000000, val_mse_loss-0.0003297, val_kl_loss-0.0000000
2025-03-05 12:12:27 - INFO - epoch-45, train_mse_loss-0.0003256, train_kl_loss-0.0000000, val_mse_loss-0.0003291, val_kl_loss-0.0000000
2025-03-05 12:16:44 - INFO - epoch-46, train_mse_loss-0.0003256, train_kl_loss-0.0000000, val_mse_loss-0.0003295, val_kl_loss-0.0000000
2025-03-05 12:21:01 - INFO - epoch-47, train_mse_loss-0.0003256, train_kl_loss-0.0000000, val_mse_loss-0.0003293, val_kl_loss-0.0000000
2025-03-05 12:25:18 - INFO - epoch-48, train_mse_loss-0.0003255, train_kl_loss-0.0000000, val_mse_loss-0.0003309, val_kl_loss-0.0000000
2025-03-05 12:29:34 - INFO - epoch-49, train_mse_loss-0.0003255, train_kl_loss-0.0000000, val_mse_loss-0.0003292, val_kl_loss-0.0000000
2025-03-05 12:33:52 - INFO - epoch-50, train_mse_loss-0.0003255, train_kl_loss-0.0000000, val_mse_loss-0.0003294, val_kl_loss-0.0000000
2025-03-05 12:38:08 - INFO - epoch-51, train_mse_loss-0.0003255, train_kl_loss-0.0000000, val_mse_loss-0.0003292, val_kl_loss-0.0000000
2025-03-05 12:42:25 - INFO - epoch-52, train_mse_loss-0.0003255, train_kl_loss-0.0000000, val_mse_loss-0.0003296, val_kl_loss-0.0000000
2025-03-05 12:46:41 - INFO - epoch-53, train_mse_loss-0.0003254, train_kl_loss-0.0000000, val_mse_loss-0.0003296, val_kl_loss-0.0000000
2025-03-05 12:50:57 - INFO - epoch-54, train_mse_loss-0.0003254, train_kl_loss-0.0000000, val_mse_loss-0.0003296, val_kl_loss-0.0000000
2025-03-05 12:55:14 - INFO - epoch-55, train_mse_loss-0.0003255, train_kl_loss-0.0000000, val_mse_loss-0.0003290, val_kl_loss-0.0000000
2025-03-05 12:59:32 - INFO - epoch-56, train_mse_loss-0.0003254, train_kl_loss-0.0000000, val_mse_loss-0.0003304, val_kl_loss-0.0000000
2025-03-05 13:03:49 - INFO - epoch-57, train_mse_loss-0.0003254, train_kl_loss-0.0000000, val_mse_loss-0.0003300, val_kl_loss-0.0000000
2025-03-05 13:08:06 - INFO - epoch-58, train_mse_loss-0.0003254, train_kl_loss-0.0000000, val_mse_loss-0.0003302, val_kl_loss-0.0000000
2025-03-05 13:12:24 - INFO - epoch-59, train_mse_loss-0.0003254, train_kl_loss-0.0000000, val_mse_loss-0.0003306, val_kl_loss-0.0000000
2025-03-05 13:16:40 - INFO - epoch-60, train_mse_loss-0.0003254, train_kl_loss-0.0000000, val_mse_loss-0.0003309, val_kl_loss-0.0000000
2025-03-05 13:20:57 - INFO - epoch-61, train_mse_loss-0.0003254, train_kl_loss-0.0000000, val_mse_loss-0.0003308, val_kl_loss-0.0000000
2025-03-05 13:25:14 - INFO - epoch-62, train_mse_loss-0.0003254, train_kl_loss-0.0000000, val_mse_loss-0.0003311, val_kl_loss-0.0000000
2025-03-05 13:29:31 - INFO - epoch-63, train_mse_loss-0.0003254, train_kl_loss-0.0000000, val_mse_loss-0.0003315, val_kl_loss-0.0000000
2025-03-05 13:33:47 - INFO - epoch-64, train_mse_loss-0.0003254, train_kl_loss-0.0000000, val_mse_loss-0.0003320, val_kl_loss-0.0000000
2025-03-05 13:38:03 - INFO - epoch-65, train_mse_loss-0.0003254, train_kl_loss-0.0000000, val_mse_loss-0.0003314, val_kl_loss-0.0000000
2025-03-05 13:42:19 - INFO - epoch-66, train_mse_loss-0.0003253, train_kl_loss-0.0000000, val_mse_loss-0.0003323, val_kl_loss-0.0000000
2025-03-05 13:46:42 - INFO - epoch-67, train_mse_loss-0.0003253, train_kl_loss-0.0000000, val_mse_loss-0.0003331, val_kl_loss-0.0000000
2025-03-05 13:51:00 - INFO - epoch-68, train_mse_loss-0.0003253, train_kl_loss-0.0000000, val_mse_loss-0.0003327, val_kl_loss-0.0000000
2025-03-05 13:55:20 - INFO - epoch-69, train_mse_loss-0.0003253, train_kl_loss-0.0000000, val_mse_loss-0.0003333, val_kl_loss-0.0000000
2025-03-05 13:59:39 - INFO - epoch-70, train_mse_loss-0.0003253, train_kl_loss-0.0000000, val_mse_loss-0.0003334, val_kl_loss-0.0000000
2025-03-05 14:04:08 - INFO - epoch-71, train_mse_loss-0.0003253, train_kl_loss-0.0000000, val_mse_loss-0.0003335, val_kl_loss-0.0000000
2025-03-05 14:08:25 - INFO - epoch-72, train_mse_loss-0.0003253, train_kl_loss-0.0000000, val_mse_loss-0.0003355, val_kl_loss-0.0000000
2025-03-05 14:13:47 - INFO - epoch-73, train_mse_loss-0.0003253, train_kl_loss-0.0000000, val_mse_loss-0.0003344, val_kl_loss-0.0000000
2025-03-05 14:19:43 - INFO - epoch-74, train_mse_loss-0.0003253, train_kl_loss-0.0000000, val_mse_loss-0.0003411, val_kl_loss-0.0000000
2025-03-05 14:24:36 - INFO - epoch-75, train_mse_loss-0.0003253, train_kl_loss-0.0000000, val_mse_loss-0.0003420, val_kl_loss-0.0000000
2025-03-05 14:29:44 - INFO - epoch-76, train_mse_loss-0.0003253, train_kl_loss-0.0000000, val_mse_loss-0.0003387, val_kl_loss-0.0000000
2025-03-05 14:35:17 - INFO - epoch-77, train_mse_loss-0.0003253, train_kl_loss-0.0000000, val_mse_loss-0.0003420, val_kl_loss-0.0000000
2025-03-05 14:42:41 - INFO - epoch-78, train_mse_loss-0.0003253, train_kl_loss-0.0000000, val_mse_loss-0.0003441, val_kl_loss-0.0000000
2025-03-05 14:47:41 - INFO - epoch-79, train_mse_loss-0.0003253, train_kl_loss-0.0000000, val_mse_loss-0.0003476, val_kl_loss-0.0000000
2025-03-05 14:52:04 - INFO - epoch-80, train_mse_loss-0.0003253, train_kl_loss-0.0000000, val_mse_loss-0.0003448, val_kl_loss-0.0000000
2025-03-05 14:56:27 - INFO - epoch-81, train_mse_loss-0.0003253, train_kl_loss-0.0000000, val_mse_loss-0.0003504, val_kl_loss-0.0000000
2025-03-05 15:01:29 - INFO - epoch-82, train_mse_loss-0.0003253, train_kl_loss-0.0000000, val_mse_loss-0.0003464, val_kl_loss-0.0000000
2025-03-05 15:06:30 - INFO - epoch-83, train_mse_loss-0.0003253, train_kl_loss-0.0000000, val_mse_loss-0.0003712, val_kl_loss-0.0000000
2025-03-05 15:13:37 - INFO - epoch-84, train_mse_loss-0.0003253, train_kl_loss-0.0000000, val_mse_loss-0.0003624, val_kl_loss-0.0000000
2025-03-05 15:18:44 - INFO - epoch-85, train_mse_loss-0.0003252, train_kl_loss-0.0000000, val_mse_loss-0.0003667, val_kl_loss-0.0000000
2025-03-05 15:23:55 - INFO - epoch-86, train_mse_loss-0.0003252, train_kl_loss-0.0000000, val_mse_loss-0.0003725, val_kl_loss-0.0000000
2025-03-05 15:29:06 - INFO - epoch-87, train_mse_loss-0.0003252, train_kl_loss-0.0000000, val_mse_loss-0.0003758, val_kl_loss-0.0000000
2025-03-05 15:35:52 - INFO - epoch-88, train_mse_loss-0.0003252, train_kl_loss-0.0000000, val_mse_loss-0.0003863, val_kl_loss-0.0000000
2025-03-05 15:41:51 - INFO - epoch-89, train_mse_loss-0.0003252, train_kl_loss-0.0000000, val_mse_loss-0.0003866, val_kl_loss-0.0000000
2025-03-05 15:46:14 - INFO - epoch-90, train_mse_loss-0.0003252, train_kl_loss-0.0000000, val_mse_loss-0.0003771, val_kl_loss-0.0000000
2025-03-05 15:50:36 - INFO - epoch-91, train_mse_loss-0.0003252, train_kl_loss-0.0000000, val_mse_loss-0.0003845, val_kl_loss-0.0000000
2025-03-05 15:55:17 - INFO - epoch-92, train_mse_loss-0.0003252, train_kl_loss-0.0000000, val_mse_loss-0.0003823, val_kl_loss-0.0000000
2025-03-05 16:00:32 - INFO - epoch-93, train_mse_loss-0.0003252, train_kl_loss-0.0000000, val_mse_loss-0.0003900, val_kl_loss-0.0000000
2025-03-05 16:06:54 - INFO - epoch-94, train_mse_loss-0.0003252, train_kl_loss-0.0000000, val_mse_loss-0.0003946, val_kl_loss-0.0000000
2025-03-05 16:12:40 - INFO - epoch-95, train_mse_loss-0.0003252, train_kl_loss-0.0000000, val_mse_loss-0.0003958, val_kl_loss-0.0000000
2025-03-05 16:18:20 - INFO - epoch-96, train_mse_loss-0.0003252, train_kl_loss-0.0000000, val_mse_loss-0.0004239, val_kl_loss-0.0000000
2025-03-05 16:24:01 - INFO - epoch-97, train_mse_loss-0.0003252, train_kl_loss-0.0000000, val_mse_loss-0.0003944, val_kl_loss-0.0000000
2025-03-05 16:31:45 - INFO - epoch-98, train_mse_loss-0.0003252, train_kl_loss-0.0000000, val_mse_loss-0.0003930, val_kl_loss-0.0000000
2025-03-05 16:37:54 - INFO - epoch-99, train_mse_loss-0.0003252, train_kl_loss-0.0000000, val_mse_loss-0.0003985, val_kl_loss-0.0000000
2025-03-05 16:42:32 - INFO - epoch-100, train_mse_loss-0.0003252, train_kl_loss-0.0000000, val_mse_loss-0.0003991, val_kl_loss-0.0000000
2025-03-05 16:46:55 - INFO - epoch-101, train_mse_loss-0.0003252, train_kl_loss-0.0000000, val_mse_loss-0.0003912, val_kl_loss-0.0000000
2025-03-05 16:51:32 - INFO - epoch-102, train_mse_loss-0.0003252, train_kl_loss-0.0000000, val_mse_loss-0.0004088, val_kl_loss-0.0000000
2025-03-05 16:55:56 - INFO - epoch-103, train_mse_loss-0.0003252, train_kl_loss-0.0000000, val_mse_loss-0.0004130, val_kl_loss-0.0000000
2025-03-05 17:01:48 - INFO - epoch-104, train_mse_loss-0.0003252, train_kl_loss-0.0000000, val_mse_loss-0.0003907, val_kl_loss-0.0000000
2025-03-05 17:07:50 - INFO - epoch-105, train_mse_loss-0.0003252, train_kl_loss-0.0000000, val_mse_loss-0.0004093, val_kl_loss-0.0000000
2025-03-05 17:13:16 - INFO - epoch-106, train_mse_loss-0.0003252, train_kl_loss-0.0000000, val_mse_loss-0.0003930, val_kl_loss-0.0000000
2025-03-05 17:18:36 - INFO - epoch-107, train_mse_loss-0.0003252, train_kl_loss-0.0000000, val_mse_loss-0.0004206, val_kl_loss-0.0000000
2025-03-05 17:25:23 - INFO - epoch-108, train_mse_loss-0.0003252, train_kl_loss-0.0000000, val_mse_loss-0.0004007, val_kl_loss-0.0000000
2025-03-05 17:32:05 - INFO - epoch-109, train_mse_loss-0.0003252, train_kl_loss-0.0000000, val_mse_loss-0.0004367, val_kl_loss-0.0000000
2025-03-05 17:36:59 - INFO - epoch-110, train_mse_loss-0.0003252, train_kl_loss-0.0000000, val_mse_loss-0.0004159, val_kl_loss-0.0000000
2025-03-05 17:41:31 - INFO - epoch-111, train_mse_loss-0.0003252, train_kl_loss-0.0000000, val_mse_loss-0.0003929, val_kl_loss-0.0000000
2025-03-05 17:46:02 - INFO - epoch-112, train_mse_loss-0.0003252, train_kl_loss-0.0000000, val_mse_loss-0.0004179, val_kl_loss-0.0000000
2025-03-05 17:51:08 - INFO - epoch-113, train_mse_loss-0.0003252, train_kl_loss-0.0000000, val_mse_loss-0.0004194, val_kl_loss-0.0000000
2025-03-05 17:56:18 - INFO - epoch-114, train_mse_loss-0.0003252, train_kl_loss-0.0000000, val_mse_loss-0.0004077, val_kl_loss-0.0000000
2025-03-05 18:02:13 - INFO - epoch-115, train_mse_loss-0.0003252, train_kl_loss-0.0000000, val_mse_loss-0.0004147, val_kl_loss-0.0000000
2025-03-05 18:07:34 - INFO - epoch-116, train_mse_loss-0.0003252, train_kl_loss-0.0000000, val_mse_loss-0.0004279, val_kl_loss-0.0000000
2025-03-05 18:12:45 - INFO - epoch-117, train_mse_loss-0.0003252, train_kl_loss-0.0000000, val_mse_loss-0.0003936, val_kl_loss-0.0000000
2025-03-05 18:18:30 - INFO - epoch-118, train_mse_loss-0.0003252, train_kl_loss-0.0000000, val_mse_loss-0.0004209, val_kl_loss-0.0000000
2025-03-05 18:25:28 - INFO - epoch-119, train_mse_loss-0.0003252, train_kl_loss-0.0000000, val_mse_loss-0.0003964, val_kl_loss-0.0000000
2025-03-05 18:30:27 - INFO - epoch-120, train_mse_loss-0.0003252, train_kl_loss-0.0000000, val_mse_loss-0.0004053, val_kl_loss-0.0000000
2025-03-05 18:34:59 - INFO - epoch-121, train_mse_loss-0.0003252, train_kl_loss-0.0000000, val_mse_loss-0.0004038, val_kl_loss-0.0000000
2025-03-05 18:39:22 - INFO - epoch-122, train_mse_loss-0.0003252, train_kl_loss-0.0000000, val_mse_loss-0.0004179, val_kl_loss-0.0000000
2025-03-05 18:44:29 - INFO - epoch-123, train_mse_loss-0.0003252, train_kl_loss-0.0000000, val_mse_loss-0.0004048, val_kl_loss-0.0000000
2025-03-05 18:49:47 - INFO - epoch-124, train_mse_loss-0.0003252, train_kl_loss-0.0000000, val_mse_loss-0.0004028, val_kl_loss-0.0000000
2025-03-05 18:55:46 - INFO - epoch-125, train_mse_loss-0.0003252, train_kl_loss-0.0000000, val_mse_loss-0.0004226, val_kl_loss-0.0000000
2025-03-05 19:00:41 - INFO - epoch-126, train_mse_loss-0.0003252, train_kl_loss-0.0000000, val_mse_loss-0.0004092, val_kl_loss-0.0000000
2025-03-05 19:05:34 - INFO - epoch-127, train_mse_loss-0.0003252, train_kl_loss-0.0000000, val_mse_loss-0.0004163, val_kl_loss-0.0000000
2025-03-05 19:10:48 - INFO - epoch-128, train_mse_loss-0.0003252, train_kl_loss-0.0000000, val_mse_loss-0.0004298, val_kl_loss-0.0000000
2025-03-05 19:15:38 - INFO - epoch-129, train_mse_loss-0.0003252, train_kl_loss-0.0000000, val_mse_loss-0.0004108, val_kl_loss-0.0000000
2025-03-05 19:20:00 - INFO - epoch-130, train_mse_loss-0.0003252, train_kl_loss-0.0000000, val_mse_loss-0.0004141, val_kl_loss-0.0000000
2025-03-05 19:24:19 - INFO - epoch-131, train_mse_loss-0.0003252, train_kl_loss-0.0000000, val_mse_loss-0.0004052, val_kl_loss-0.0000000
2025-03-05 19:28:39 - INFO - epoch-132, train_mse_loss-0.0003252, train_kl_loss-0.0000000, val_mse_loss-0.0004318, val_kl_loss-0.0000000
2025-03-05 19:33:14 - INFO - epoch-133, train_mse_loss-0.0003252, train_kl_loss-0.0000000, val_mse_loss-0.0004156, val_kl_loss-0.0000000
2025-03-05 19:38:10 - INFO - epoch-134, train_mse_loss-0.0003252, train_kl_loss-0.0000000, val_mse_loss-0.0004382, val_kl_loss-0.0000000
2025-03-05 19:43:07 - INFO - epoch-135, train_mse_loss-0.0003252, train_kl_loss-0.0000000, val_mse_loss-0.0004062, val_kl_loss-0.0000000
2025-03-05 19:47:46 - INFO - epoch-136, train_mse_loss-0.0003252, train_kl_loss-0.0000000, val_mse_loss-0.0004109, val_kl_loss-0.0000000
2025-03-05 19:52:08 - INFO - epoch-137, train_mse_loss-0.0003252, train_kl_loss-0.0000000, val_mse_loss-0.0004108, val_kl_loss-0.0000000
2025-03-05 19:56:27 - INFO - epoch-138, train_mse_loss-0.0003252, train_kl_loss-0.0000000, val_mse_loss-0.0004069, val_kl_loss-0.0000000
2025-03-05 20:00:46 - INFO - epoch-139, train_mse_loss-0.0003252, train_kl_loss-0.0000000, val_mse_loss-0.0004071, val_kl_loss-0.0000000
2025-03-05 20:05:07 - INFO - epoch-140, train_mse_loss-0.0003252, train_kl_loss-0.0000000, val_mse_loss-0.0004117, val_kl_loss-0.0000000
2025-03-05 20:09:26 - INFO - epoch-141, train_mse_loss-0.0003252, train_kl_loss-0.0000000, val_mse_loss-0.0004037, val_kl_loss-0.0000000
2025-03-05 20:13:44 - INFO - epoch-142, train_mse_loss-0.0003252, train_kl_loss-0.0000000, val_mse_loss-0.0004300, val_kl_loss-0.0000000
2025-03-05 20:18:04 - INFO - epoch-143, train_mse_loss-0.0003252, train_kl_loss-0.0000000, val_mse_loss-0.0004180, val_kl_loss-0.0000000
2025-03-05 20:22:24 - INFO - epoch-144, train_mse_loss-0.0003252, train_kl_loss-0.0000000, val_mse_loss-0.0004262, val_kl_loss-0.0000000
2025-03-05 20:26:45 - INFO - epoch-145, train_mse_loss-0.0003252, train_kl_loss-0.0000000, val_mse_loss-0.0003944, val_kl_loss-0.0000000
2025-03-05 20:31:07 - INFO - epoch-146, train_mse_loss-0.0003252, train_kl_loss-0.0000000, val_mse_loss-0.0003976, val_kl_loss-0.0000000
2025-03-05 20:35:30 - INFO - epoch-147, train_mse_loss-0.0003252, train_kl_loss-0.0000000, val_mse_loss-0.0004145, val_kl_loss-0.0000000
2025-03-05 20:39:51 - INFO - epoch-148, train_mse_loss-0.0003252, train_kl_loss-0.0000000, val_mse_loss-0.0004336, val_kl_loss-0.0000000
2025-03-05 20:44:20 - INFO - epoch-149, train_mse_loss-0.0003252, train_kl_loss-0.0000000, val_mse_loss-0.0004358, val_kl_loss-0.0000000
2025-03-05 20:48:45 - INFO - epoch-150, train_mse_loss-0.0003252, train_kl_loss-0.0000000, val_mse_loss-0.0004066, val_kl_loss-0.0000000
2025-03-05 20:53:09 - INFO - epoch-151, train_mse_loss-0.0003252, train_kl_loss-0.0000000, val_mse_loss-0.0004108, val_kl_loss-0.0000000
2025-03-05 20:57:31 - INFO - epoch-152, train_mse_loss-0.0003252, train_kl_loss-0.0000000, val_mse_loss-0.0004274, val_kl_loss-0.0000000
2025-03-05 21:01:54 - INFO - epoch-153, train_mse_loss-0.0003252, train_kl_loss-0.0000000, val_mse_loss-0.0004105, val_kl_loss-0.0000000
2025-03-05 21:06:17 - INFO - epoch-154, train_mse_loss-0.0003252, train_kl_loss-0.0000000, val_mse_loss-0.0004521, val_kl_loss-0.0000000
2025-03-05 21:10:38 - INFO - epoch-155, train_mse_loss-0.0003252, train_kl_loss-0.0000000, val_mse_loss-0.0004356, val_kl_loss-0.0000000
2025-03-05 21:14:57 - INFO - epoch-156, train_mse_loss-0.0003252, train_kl_loss-0.0000000, val_mse_loss-0.0004253, val_kl_loss-0.0000000
2025-03-05 21:19:15 - INFO - epoch-157, train_mse_loss-0.0003252, train_kl_loss-0.0000000, val_mse_loss-0.0004227, val_kl_loss-0.0000000
2025-03-05 21:23:34 - INFO - epoch-158, train_mse_loss-0.0003252, train_kl_loss-0.0000000, val_mse_loss-0.0004153, val_kl_loss-0.0000000
2025-03-05 21:27:57 - INFO - epoch-159, train_mse_loss-0.0003252, train_kl_loss-0.0000000, val_mse_loss-0.0004174, val_kl_loss-0.0000000
2025-03-05 21:32:20 - INFO - epoch-160, train_mse_loss-0.0003252, train_kl_loss-0.0000000, val_mse_loss-0.0004505, val_kl_loss-0.0000000
2025-03-05 21:36:38 - INFO - epoch-161, train_mse_loss-0.0003252, train_kl_loss-0.0000000, val_mse_loss-0.0004232, val_kl_loss-0.0000000
2025-03-05 21:40:55 - INFO - epoch-162, train_mse_loss-0.0003252, train_kl_loss-0.0000000, val_mse_loss-0.0004356, val_kl_loss-0.0000000
2025-03-05 21:45:13 - INFO - epoch-163, train_mse_loss-0.0003252, train_kl_loss-0.0000000, val_mse_loss-0.0004333, val_kl_loss-0.0000000
2025-03-05 21:49:31 - INFO - epoch-164, train_mse_loss-0.0003252, train_kl_loss-0.0000000, val_mse_loss-0.0004238, val_kl_loss-0.0000000
2025-03-05 21:53:55 - INFO - epoch-165, train_mse_loss-0.0003252, train_kl_loss-0.0000000, val_mse_loss-0.0004251, val_kl_loss-0.0000000
2025-03-05 21:58:20 - INFO - epoch-166, train_mse_loss-0.0003252, train_kl_loss-0.0000000, val_mse_loss-0.0004182, val_kl_loss-0.0000000
2025-03-05 22:02:45 - INFO - epoch-167, train_mse_loss-0.0003252, train_kl_loss-0.0000000, val_mse_loss-0.0004171, val_kl_loss-0.0000000
2025-03-05 22:07:11 - INFO - epoch-168, train_mse_loss-0.0003252, train_kl_loss-0.0000000, val_mse_loss-0.0004151, val_kl_loss-0.0000000
2025-03-05 22:11:31 - INFO - epoch-169, train_mse_loss-0.0003252, train_kl_loss-0.0000000, val_mse_loss-0.0004098, val_kl_loss-0.0000000
2025-03-05 22:15:58 - INFO - epoch-170, train_mse_loss-0.0003252, train_kl_loss-0.0000000, val_mse_loss-0.0004056, val_kl_loss-0.0000000
2025-03-05 22:20:23 - INFO - epoch-171, train_mse_loss-0.0003252, train_kl_loss-0.0000000, val_mse_loss-0.0004242, val_kl_loss-0.0000000
2025-03-05 22:24:44 - INFO - epoch-172, train_mse_loss-0.0003252, train_kl_loss-0.0000000, val_mse_loss-0.0004242, val_kl_loss-0.0000000
2025-03-05 22:29:07 - INFO - epoch-173, train_mse_loss-0.0003252, train_kl_loss-0.0000000, val_mse_loss-0.0004264, val_kl_loss-0.0000000
2025-03-05 22:33:31 - INFO - epoch-174, train_mse_loss-0.0003252, train_kl_loss-0.0000000, val_mse_loss-0.0004230, val_kl_loss-0.0000000
2025-03-05 22:37:55 - INFO - epoch-175, train_mse_loss-0.0003252, train_kl_loss-0.0000000, val_mse_loss-0.0004278, val_kl_loss-0.0000000
2025-03-05 22:42:19 - INFO - epoch-176, train_mse_loss-0.0003252, train_kl_loss-0.0000000, val_mse_loss-0.0004498, val_kl_loss-0.0000000
2025-03-05 22:46:41 - INFO - epoch-177, train_mse_loss-0.0003252, train_kl_loss-0.0000000, val_mse_loss-0.0004526, val_kl_loss-0.0000000
2025-03-05 22:51:05 - INFO - epoch-178, train_mse_loss-0.0003252, train_kl_loss-0.0000000, val_mse_loss-0.0004410, val_kl_loss-0.0000000
2025-03-05 22:55:26 - INFO - epoch-179, train_mse_loss-0.0003252, train_kl_loss-0.0000000, val_mse_loss-0.0004116, val_kl_loss-0.0000000
2025-03-05 22:59:45 - INFO - epoch-180, train_mse_loss-0.0003252, train_kl_loss-0.0000000, val_mse_loss-0.0004403, val_kl_loss-0.0000000
2025-03-05 23:04:03 - INFO - epoch-181, train_mse_loss-0.0003252, train_kl_loss-0.0000000, val_mse_loss-0.0004169, val_kl_loss-0.0000000
2025-03-05 23:08:24 - INFO - epoch-182, train_mse_loss-0.0003252, train_kl_loss-0.0000000, val_mse_loss-0.0004146, val_kl_loss-0.0000000
2025-03-05 23:12:45 - INFO - epoch-183, train_mse_loss-0.0003252, train_kl_loss-0.0000000, val_mse_loss-0.0004337, val_kl_loss-0.0000000
2025-03-05 23:17:09 - INFO - epoch-184, train_mse_loss-0.0003252, train_kl_loss-0.0000000, val_mse_loss-0.0004442, val_kl_loss-0.0000000
2025-03-05 23:21:26 - INFO - epoch-185, train_mse_loss-0.0003252, train_kl_loss-0.0000000, val_mse_loss-0.0004174, val_kl_loss-0.0000000
2025-03-05 23:25:43 - INFO - epoch-186, train_mse_loss-0.0003252, train_kl_loss-0.0000000, val_mse_loss-0.0004286, val_kl_loss-0.0000000
2025-03-05 23:30:01 - INFO - epoch-187, train_mse_loss-0.0003252, train_kl_loss-0.0000000, val_mse_loss-0.0004302, val_kl_loss-0.0000000
2025-03-05 23:34:18 - INFO - epoch-188, train_mse_loss-0.0003252, train_kl_loss-0.0000000, val_mse_loss-0.0004361, val_kl_loss-0.0000000
2025-03-05 23:38:38 - INFO - epoch-189, train_mse_loss-0.0003252, train_kl_loss-0.0000000, val_mse_loss-0.0004300, val_kl_loss-0.0000000
2025-03-05 23:42:55 - INFO - epoch-190, train_mse_loss-0.0003252, train_kl_loss-0.0000000, val_mse_loss-0.0004429, val_kl_loss-0.0000000
2025-03-05 23:47:12 - INFO - epoch-191, train_mse_loss-0.0003252, train_kl_loss-0.0000000, val_mse_loss-0.0004031, val_kl_loss-0.0000000
2025-03-05 23:51:29 - INFO - epoch-192, train_mse_loss-0.0003252, train_kl_loss-0.0000000, val_mse_loss-0.0004409, val_kl_loss-0.0000000
2025-03-05 23:55:48 - INFO - epoch-193, train_mse_loss-0.0003252, train_kl_loss-0.0000000, val_mse_loss-0.0004528, val_kl_loss-0.0000000
2025-03-06 00:00:09 - INFO - epoch-194, train_mse_loss-0.0003252, train_kl_loss-0.0000000, val_mse_loss-0.0004242, val_kl_loss-0.0000000
2025-03-06 00:04:26 - INFO - epoch-195, train_mse_loss-0.0003252, train_kl_loss-0.0000000, val_mse_loss-0.0004236, val_kl_loss-0.0000000
2025-03-06 00:08:45 - INFO - epoch-196, train_mse_loss-0.0003252, train_kl_loss-0.0000000, val_mse_loss-0.0004405, val_kl_loss-0.0000000
2025-03-06 00:13:02 - INFO - epoch-197, train_mse_loss-0.0003252, train_kl_loss-0.0000000, val_mse_loss-0.0004384, val_kl_loss-0.0000000
2025-03-06 00:17:19 - INFO - epoch-198, train_mse_loss-0.0003252, train_kl_loss-0.0000000, val_mse_loss-0.0004274, val_kl_loss-0.0000000
2025-03-06 00:21:37 - INFO - epoch-199, train_mse_loss-0.0003252, train_kl_loss-0.0000000, val_mse_loss-0.0004437, val_kl_loss-0.0000000
2025-03-06 00:25:55 - INFO - epoch-200, train_mse_loss-0.0003252, train_kl_loss-0.0000000, val_mse_loss-0.0004440, val_kl_loss-0.0000000
2025-03-06 00:30:14 - INFO - epoch-201, train_mse_loss-0.0003252, train_kl_loss-0.0000000, val_mse_loss-0.0004332, val_kl_loss-0.0000000
2025-03-06 00:34:32 - INFO - epoch-202, train_mse_loss-0.0003252, train_kl_loss-0.0000000, val_mse_loss-0.0004270, val_kl_loss-0.0000000
2025-03-06 00:38:51 - INFO - epoch-203, train_mse_loss-0.0003252, train_kl_loss-0.0000000, val_mse_loss-0.0004532, val_kl_loss-0.0000000
2025-03-06 00:43:09 - INFO - epoch-204, train_mse_loss-0.0003252, train_kl_loss-0.0000000, val_mse_loss-0.0004284, val_kl_loss-0.0000000
2025-03-06 00:47:27 - INFO - epoch-205, train_mse_loss-0.0003252, train_kl_loss-0.0000000, val_mse_loss-0.0004393, val_kl_loss-0.0000000
2025-03-06 00:51:44 - INFO - epoch-206, train_mse_loss-0.0003252, train_kl_loss-0.0000000, val_mse_loss-0.0004469, val_kl_loss-0.0000000
2025-03-06 00:56:03 - INFO - epoch-207, train_mse_loss-0.0003252, train_kl_loss-0.0000000, val_mse_loss-0.0004251, val_kl_loss-0.0000000
2025-03-06 01:00:21 - INFO - epoch-208, train_mse_loss-0.0003252, train_kl_loss-0.0000000, val_mse_loss-0.0004436, val_kl_loss-0.0000000
2025-03-06 01:04:39 - INFO - epoch-209, train_mse_loss-0.0003252, train_kl_loss-0.0000000, val_mse_loss-0.0004328, val_kl_loss-0.0000000
2025-03-06 01:08:57 - INFO - epoch-210, train_mse_loss-0.0003252, train_kl_loss-0.0000000, val_mse_loss-0.0004449, val_kl_loss-0.0000000
2025-03-06 01:13:15 - INFO - epoch-211, train_mse_loss-0.0003252, train_kl_loss-0.0000000, val_mse_loss-0.0004357, val_kl_loss-0.0000000
2025-03-06 01:17:33 - INFO - epoch-212, train_mse_loss-0.0003252, train_kl_loss-0.0000000, val_mse_loss-0.0004288, val_kl_loss-0.0000000
2025-03-06 01:21:51 - INFO - epoch-213, train_mse_loss-0.0003252, train_kl_loss-0.0000000, val_mse_loss-0.0004196, val_kl_loss-0.0000000
2025-03-06 01:26:09 - INFO - epoch-214, train_mse_loss-0.0003252, train_kl_loss-0.0000000, val_mse_loss-0.0004401, val_kl_loss-0.0000000
2025-03-06 01:30:27 - INFO - epoch-215, train_mse_loss-0.0003252, train_kl_loss-0.0000000, val_mse_loss-0.0004477, val_kl_loss-0.0000000
2025-03-06 01:34:44 - INFO - epoch-216, train_mse_loss-0.0003252, train_kl_loss-0.0000000, val_mse_loss-0.0004361, val_kl_loss-0.0000000
2025-03-06 01:39:06 - INFO - epoch-217, train_mse_loss-0.0003252, train_kl_loss-0.0000000, val_mse_loss-0.0004476, val_kl_loss-0.0000000
2025-03-06 01:43:25 - INFO - epoch-218, train_mse_loss-0.0003252, train_kl_loss-0.0000000, val_mse_loss-0.0004420, val_kl_loss-0.0000000
2025-03-06 01:47:43 - INFO - epoch-219, train_mse_loss-0.0003252, train_kl_loss-0.0000000, val_mse_loss-0.0004578, val_kl_loss-0.0000000
2025-03-06 01:52:01 - INFO - epoch-220, train_mse_loss-0.0003252, train_kl_loss-0.0000000, val_mse_loss-0.0004424, val_kl_loss-0.0000000
2025-03-06 01:56:20 - INFO - epoch-221, train_mse_loss-0.0003252, train_kl_loss-0.0000000, val_mse_loss-0.0004473, val_kl_loss-0.0000000
2025-03-06 02:00:38 - INFO - epoch-222, train_mse_loss-0.0003252, train_kl_loss-0.0000000, val_mse_loss-0.0004498, val_kl_loss-0.0000000
2025-03-06 02:04:58 - INFO - epoch-223, train_mse_loss-0.0003252, train_kl_loss-0.0000000, val_mse_loss-0.0004464, val_kl_loss-0.0000000
2025-03-06 02:09:19 - INFO - epoch-224, train_mse_loss-0.0003252, train_kl_loss-0.0000000, val_mse_loss-0.0004502, val_kl_loss-0.0000000
2025-03-06 02:13:37 - INFO - epoch-225, train_mse_loss-0.0003252, train_kl_loss-0.0000000, val_mse_loss-0.0004429, val_kl_loss-0.0000000
2025-03-06 02:17:56 - INFO - epoch-226, train_mse_loss-0.0003252, train_kl_loss-0.0000000, val_mse_loss-0.0004385, val_kl_loss-0.0000000
2025-03-06 02:22:15 - INFO - epoch-227, train_mse_loss-0.0003252, train_kl_loss-0.0000000, val_mse_loss-0.0004278, val_kl_loss-0.0000000
2025-03-06 02:26:38 - INFO - epoch-228, train_mse_loss-0.0003252, train_kl_loss-0.0000000, val_mse_loss-0.0004218, val_kl_loss-0.0000000
2025-03-06 02:30:58 - INFO - epoch-229, train_mse_loss-0.0003252, train_kl_loss-0.0000000, val_mse_loss-0.0004411, val_kl_loss-0.0000000
2025-03-06 02:35:20 - INFO - epoch-230, train_mse_loss-0.0003252, train_kl_loss-0.0000000, val_mse_loss-0.0004353, val_kl_loss-0.0000000
2025-03-06 02:39:38 - INFO - epoch-231, train_mse_loss-0.0003252, train_kl_loss-0.0000000, val_mse_loss-0.0004654, val_kl_loss-0.0000000
2025-03-06 02:43:58 - INFO - epoch-232, train_mse_loss-0.0003252, train_kl_loss-0.0000000, val_mse_loss-0.0004634, val_kl_loss-0.0000000
2025-03-06 02:48:18 - INFO - epoch-233, train_mse_loss-0.0003252, train_kl_loss-0.0000000, val_mse_loss-0.0004493, val_kl_loss-0.0000000
2025-03-06 02:52:39 - INFO - epoch-234, train_mse_loss-0.0003252, train_kl_loss-0.0000000, val_mse_loss-0.0004472, val_kl_loss-0.0000000
2025-03-06 02:56:57 - INFO - epoch-235, train_mse_loss-0.0003252, train_kl_loss-0.0000000, val_mse_loss-0.0004691, val_kl_loss-0.0000000
2025-03-06 03:01:16 - INFO - epoch-236, train_mse_loss-0.0003252, train_kl_loss-0.0000000, val_mse_loss-0.0004710, val_kl_loss-0.0000000
2025-03-06 03:05:34 - INFO - epoch-237, train_mse_loss-0.0003252, train_kl_loss-0.0000000, val_mse_loss-0.0004426, val_kl_loss-0.0000000
2025-03-06 03:09:53 - INFO - epoch-238, train_mse_loss-0.0003252, train_kl_loss-0.0000000, val_mse_loss-0.0004638, val_kl_loss-0.0000000
2025-03-06 03:14:12 - INFO - epoch-239, train_mse_loss-0.0003252, train_kl_loss-0.0000000, val_mse_loss-0.0004658, val_kl_loss-0.0000000
2025-03-06 03:18:31 - INFO - epoch-240, train_mse_loss-0.0003252, train_kl_loss-0.0000000, val_mse_loss-0.0004457, val_kl_loss-0.0000000
2025-03-06 03:22:50 - INFO - epoch-241, train_mse_loss-0.0003252, train_kl_loss-0.0000000, val_mse_loss-0.0004418, val_kl_loss-0.0000000
2025-03-06 03:27:08 - INFO - epoch-242, train_mse_loss-0.0003252, train_kl_loss-0.0000000, val_mse_loss-0.0004494, val_kl_loss-0.0000000
2025-03-06 03:31:27 - INFO - epoch-243, train_mse_loss-0.0003252, train_kl_loss-0.0000000, val_mse_loss-0.0004275, val_kl_loss-0.0000000
2025-03-06 03:35:46 - INFO - epoch-244, train_mse_loss-0.0003252, train_kl_loss-0.0000000, val_mse_loss-0.0004423, val_kl_loss-0.0000000
2025-03-06 03:40:05 - INFO - epoch-245, train_mse_loss-0.0003252, train_kl_loss-0.0000000, val_mse_loss-0.0004497, val_kl_loss-0.0000000
2025-03-06 03:44:24 - INFO - epoch-246, train_mse_loss-0.0003252, train_kl_loss-0.0000000, val_mse_loss-0.0004626, val_kl_loss-0.0000000
2025-03-06 03:48:43 - INFO - epoch-247, train_mse_loss-0.0003252, train_kl_loss-0.0000000, val_mse_loss-0.0004861, val_kl_loss-0.0000000
2025-03-06 03:53:02 - INFO - epoch-248, train_mse_loss-0.0003252, train_kl_loss-0.0000000, val_mse_loss-0.0004410, val_kl_loss-0.0000000
2025-03-06 03:57:21 - INFO - epoch-249, train_mse_loss-0.0003252, train_kl_loss-0.0000000, val_mse_loss-0.0004335, val_kl_loss-0.0000000
2025-03-06 04:01:39 - INFO - epoch-250, train_mse_loss-0.0003252, train_kl_loss-0.0000000, val_mse_loss-0.0004414, val_kl_loss-0.0000000
2025-03-06 04:05:58 - INFO - epoch-251, train_mse_loss-0.0003252, train_kl_loss-0.0000000, val_mse_loss-0.0004563, val_kl_loss-0.0000000
2025-03-06 04:10:18 - INFO - epoch-252, train_mse_loss-0.0003252, train_kl_loss-0.0000000, val_mse_loss-0.0004656, val_kl_loss-0.0000000
2025-03-06 04:14:39 - INFO - epoch-253, train_mse_loss-0.0003252, train_kl_loss-0.0000000, val_mse_loss-0.0004743, val_kl_loss-0.0000000
2025-03-06 04:18:58 - INFO - epoch-254, train_mse_loss-0.0003252, train_kl_loss-0.0000000, val_mse_loss-0.0004534, val_kl_loss-0.0000000
2025-03-06 04:23:17 - INFO - epoch-255, train_mse_loss-0.0003252, train_kl_loss-0.0000000, val_mse_loss-0.0004392, val_kl_loss-0.0000000
2025-03-06 04:27:37 - INFO - epoch-256, train_mse_loss-0.0003252, train_kl_loss-0.0000000, val_mse_loss-0.0004402, val_kl_loss-0.0000000
2025-03-06 04:31:55 - INFO - epoch-257, train_mse_loss-0.0003252, train_kl_loss-0.0000000, val_mse_loss-0.0004635, val_kl_loss-0.0000000
2025-03-06 04:36:13 - INFO - epoch-258, train_mse_loss-0.0003252, train_kl_loss-0.0000000, val_mse_loss-0.0004774, val_kl_loss-0.0000000
2025-03-06 04:40:32 - INFO - epoch-259, train_mse_loss-0.0003252, train_kl_loss-0.0000000, val_mse_loss-0.0004538, val_kl_loss-0.0000000
2025-03-06 04:44:54 - INFO - epoch-260, train_mse_loss-0.0003252, train_kl_loss-0.0000000, val_mse_loss-0.0004575, val_kl_loss-0.0000000
2025-03-06 04:49:13 - INFO - epoch-261, train_mse_loss-0.0003252, train_kl_loss-0.0000000, val_mse_loss-0.0004671, val_kl_loss-0.0000000
2025-03-06 04:53:32 - INFO - epoch-262, train_mse_loss-0.0003252, train_kl_loss-0.0000000, val_mse_loss-0.0004778, val_kl_loss-0.0000000
2025-03-06 04:57:50 - INFO - epoch-263, train_mse_loss-0.0003252, train_kl_loss-0.0000000, val_mse_loss-0.0004704, val_kl_loss-0.0000000
2025-03-06 05:02:10 - INFO - epoch-264, train_mse_loss-0.0003252, train_kl_loss-0.0000000, val_mse_loss-0.0004707, val_kl_loss-0.0000000
2025-03-06 05:06:28 - INFO - epoch-265, train_mse_loss-0.0003252, train_kl_loss-0.0000000, val_mse_loss-0.0004583, val_kl_loss-0.0000000
2025-03-06 05:10:47 - INFO - epoch-266, train_mse_loss-0.0003252, train_kl_loss-0.0000000, val_mse_loss-0.0004733, val_kl_loss-0.0000000
2025-03-06 05:15:08 - INFO - epoch-267, train_mse_loss-0.0003252, train_kl_loss-0.0000000, val_mse_loss-0.0004672, val_kl_loss-0.0000000
2025-03-06 05:19:28 - INFO - epoch-268, train_mse_loss-0.0003252, train_kl_loss-0.0000000, val_mse_loss-0.0004669, val_kl_loss-0.0000000
2025-03-06 05:23:49 - INFO - epoch-269, train_mse_loss-0.0003252, train_kl_loss-0.0000000, val_mse_loss-0.0004480, val_kl_loss-0.0000000
2025-03-06 05:28:09 - INFO - epoch-270, train_mse_loss-0.0003252, train_kl_loss-0.0000000, val_mse_loss-0.0004428, val_kl_loss-0.0000000
2025-03-06 05:32:28 - INFO - epoch-271, train_mse_loss-0.0003252, train_kl_loss-0.0000000, val_mse_loss-0.0004539, val_kl_loss-0.0000000
2025-03-06 05:36:48 - INFO - epoch-272, train_mse_loss-0.0003252, train_kl_loss-0.0000000, val_mse_loss-0.0004509, val_kl_loss-0.0000000
2025-03-06 05:41:06 - INFO - epoch-273, train_mse_loss-0.0003252, train_kl_loss-0.0000000, val_mse_loss-0.0004496, val_kl_loss-0.0000000
2025-03-06 05:45:27 - INFO - epoch-274, train_mse_loss-0.0003252, train_kl_loss-0.0000000, val_mse_loss-0.0004366, val_kl_loss-0.0000000
2025-03-06 05:49:48 - INFO - epoch-275, train_mse_loss-0.0003252, train_kl_loss-0.0000000, val_mse_loss-0.0004675, val_kl_loss-0.0000000
2025-03-06 05:54:08 - INFO - epoch-276, train_mse_loss-0.0003252, train_kl_loss-0.0000000, val_mse_loss-0.0004291, val_kl_loss-0.0000000
2025-03-06 05:58:29 - INFO - epoch-277, train_mse_loss-0.0003252, train_kl_loss-0.0000000, val_mse_loss-0.0004534, val_kl_loss-0.0000000
2025-03-06 06:02:47 - INFO - epoch-278, train_mse_loss-0.0003252, train_kl_loss-0.0000000, val_mse_loss-0.0004644, val_kl_loss-0.0000000
2025-03-06 06:07:06 - INFO - epoch-279, train_mse_loss-0.0003252, train_kl_loss-0.0000000, val_mse_loss-0.0004633, val_kl_loss-0.0000000
2025-03-06 06:11:26 - INFO - epoch-280, train_mse_loss-0.0003252, train_kl_loss-0.0000000, val_mse_loss-0.0004507, val_kl_loss-0.0000000
2025-03-06 06:15:47 - INFO - epoch-281, train_mse_loss-0.0003252, train_kl_loss-0.0000000, val_mse_loss-0.0004329, val_kl_loss-0.0000000
2025-03-06 06:20:10 - INFO - epoch-282, train_mse_loss-0.0003252, train_kl_loss-0.0000000, val_mse_loss-0.0004352, val_kl_loss-0.0000000
2025-03-06 06:24:29 - INFO - epoch-283, train_mse_loss-0.0003252, train_kl_loss-0.0000000, val_mse_loss-0.0004457, val_kl_loss-0.0000000
2025-03-06 06:28:50 - INFO - epoch-284, train_mse_loss-0.0003252, train_kl_loss-0.0000000, val_mse_loss-0.0004778, val_kl_loss-0.0000000
2025-03-06 06:33:10 - INFO - epoch-285, train_mse_loss-0.0003252, train_kl_loss-0.0000000, val_mse_loss-0.0004348, val_kl_loss-0.0000000
2025-03-06 06:37:28 - INFO - epoch-286, train_mse_loss-0.0003252, train_kl_loss-0.0000000, val_mse_loss-0.0004416, val_kl_loss-0.0000000
2025-03-06 06:41:49 - INFO - epoch-287, train_mse_loss-0.0003252, train_kl_loss-0.0000000, val_mse_loss-0.0004570, val_kl_loss-0.0000000
2025-03-06 06:46:10 - INFO - epoch-288, train_mse_loss-0.0003252, train_kl_loss-0.0000000, val_mse_loss-0.0004418, val_kl_loss-0.0000000
2025-03-06 06:50:29 - INFO - epoch-289, train_mse_loss-0.0003252, train_kl_loss-0.0000000, val_mse_loss-0.0004649, val_kl_loss-0.0000000
2025-03-06 06:54:49 - INFO - epoch-290, train_mse_loss-0.0003252, train_kl_loss-0.0000000, val_mse_loss-0.0004292, val_kl_loss-0.0000000
2025-03-06 06:59:10 - INFO - epoch-291, train_mse_loss-0.0003252, train_kl_loss-0.0000000, val_mse_loss-0.0004779, val_kl_loss-0.0000000
2025-03-06 07:03:31 - INFO - epoch-292, train_mse_loss-0.0003252, train_kl_loss-0.0000000, val_mse_loss-0.0004218, val_kl_loss-0.0000000
2025-03-06 07:07:52 - INFO - epoch-293, train_mse_loss-0.0003252, train_kl_loss-0.0000000, val_mse_loss-0.0004477, val_kl_loss-0.0000000
2025-03-06 07:12:12 - INFO - epoch-294, train_mse_loss-0.0003252, train_kl_loss-0.0000000, val_mse_loss-0.0004326, val_kl_loss-0.0000000
2025-03-06 07:16:32 - INFO - epoch-295, train_mse_loss-0.0003252, train_kl_loss-0.0000000, val_mse_loss-0.0004388, val_kl_loss-0.0000000
2025-03-06 07:20:51 - INFO - epoch-296, train_mse_loss-0.0003252, train_kl_loss-0.0000000, val_mse_loss-0.0004495, val_kl_loss-0.0000000
2025-03-06 07:25:10 - INFO - epoch-297, train_mse_loss-0.0003252, train_kl_loss-0.0000000, val_mse_loss-0.0004598, val_kl_loss-0.0000000
2025-03-06 07:29:29 - INFO - epoch-298, train_mse_loss-0.0003252, train_kl_loss-0.0000000, val_mse_loss-0.0004724, val_kl_loss-0.0000000
2025-03-06 07:33:47 - INFO - epoch-299, train_mse_loss-0.0003252, train_kl_loss-0.0000000, val_mse_loss-0.0004498, val_kl_loss-0.0000000
2025-03-06 07:38:07 - INFO - epoch-300, train_mse_loss-0.0003252, train_kl_loss-0.0000000, val_mse_loss-0.0004625, val_kl_loss-0.0000000
2025-03-06 07:42:27 - INFO - epoch-301, train_mse_loss-0.0003252, train_kl_loss-0.0000000, val_mse_loss-0.0004607, val_kl_loss-0.0000000
2025-03-06 07:46:48 - INFO - epoch-302, train_mse_loss-0.0003252, train_kl_loss-0.0000000, val_mse_loss-0.0004510, val_kl_loss-0.0000000
2025-03-06 07:51:07 - INFO - epoch-303, train_mse_loss-0.0003252, train_kl_loss-0.0000000, val_mse_loss-0.0004461, val_kl_loss-0.0000000
2025-03-06 07:55:26 - INFO - epoch-304, train_mse_loss-0.0003252, train_kl_loss-0.0000000, val_mse_loss-0.0004440, val_kl_loss-0.0000000
2025-03-06 07:59:48 - INFO - epoch-305, train_mse_loss-0.0003252, train_kl_loss-0.0000000, val_mse_loss-0.0004541, val_kl_loss-0.0000000
2025-03-06 08:04:15 - INFO - epoch-306, train_mse_loss-0.0003252, train_kl_loss-0.0000000, val_mse_loss-0.0004380, val_kl_loss-0.0000000
2025-03-06 08:08:39 - INFO - epoch-307, train_mse_loss-0.0003252, train_kl_loss-0.0000000, val_mse_loss-0.0004497, val_kl_loss-0.0000000
2025-03-06 08:13:05 - INFO - epoch-308, train_mse_loss-0.0003252, train_kl_loss-0.0000000, val_mse_loss-0.0004558, val_kl_loss-0.0000000
2025-03-06 08:17:33 - INFO - epoch-309, train_mse_loss-0.0003252, train_kl_loss-0.0000000, val_mse_loss-0.0004252, val_kl_loss-0.0000000
2025-03-06 08:22:00 - INFO - epoch-310, train_mse_loss-0.0003252, train_kl_loss-0.0000000, val_mse_loss-0.0004575, val_kl_loss-0.0000000
2025-03-06 08:26:26 - INFO - epoch-311, train_mse_loss-0.0003252, train_kl_loss-0.0000000, val_mse_loss-0.0004384, val_kl_loss-0.0000000
2025-03-06 08:30:53 - INFO - epoch-312, train_mse_loss-0.0003252, train_kl_loss-0.0000000, val_mse_loss-0.0004631, val_kl_loss-0.0000000
2025-03-06 08:35:19 - INFO - epoch-313, train_mse_loss-0.0003252, train_kl_loss-0.0000000, val_mse_loss-0.0004462, val_kl_loss-0.0000000
2025-03-06 08:39:46 - INFO - epoch-314, train_mse_loss-0.0003252, train_kl_loss-0.0000000, val_mse_loss-0.0004328, val_kl_loss-0.0000000
2025-03-06 08:44:13 - INFO - epoch-315, train_mse_loss-0.0003252, train_kl_loss-0.0000000, val_mse_loss-0.0004423, val_kl_loss-0.0000000
2025-03-06 08:48:40 - INFO - epoch-316, train_mse_loss-0.0003252, train_kl_loss-0.0000000, val_mse_loss-0.0004337, val_kl_loss-0.0000000
2025-03-06 08:53:07 - INFO - epoch-317, train_mse_loss-0.0003252, train_kl_loss-0.0000000, val_mse_loss-0.0004857, val_kl_loss-0.0000000
2025-03-06 08:57:33 - INFO - epoch-318, train_mse_loss-0.0003252, train_kl_loss-0.0000000, val_mse_loss-0.0004573, val_kl_loss-0.0000000
2025-03-06 09:01:58 - INFO - epoch-319, train_mse_loss-0.0003252, train_kl_loss-0.0000000, val_mse_loss-0.0004630, val_kl_loss-0.0000000
2025-03-06 09:06:35 - INFO - epoch-320, train_mse_loss-0.0003252, train_kl_loss-0.0000000, val_mse_loss-0.0004578, val_kl_loss-0.0000000
2025-03-06 09:11:14 - INFO - epoch-321, train_mse_loss-0.0003252, train_kl_loss-0.0000000, val_mse_loss-0.0004245, val_kl_loss-0.0000000
2025-03-06 09:15:52 - INFO - epoch-322, train_mse_loss-0.0003252, train_kl_loss-0.0000000, val_mse_loss-0.0004386, val_kl_loss-0.0000000
2025-03-06 09:20:38 - INFO - epoch-323, train_mse_loss-0.0003252, train_kl_loss-0.0000000, val_mse_loss-0.0004522, val_kl_loss-0.0000000
2025-03-06 09:25:06 - INFO - epoch-324, train_mse_loss-0.0003252, train_kl_loss-0.0000000, val_mse_loss-0.0004501, val_kl_loss-0.0000000
2025-03-06 09:29:45 - INFO - epoch-325, train_mse_loss-0.0003252, train_kl_loss-0.0000000, val_mse_loss-0.0004395, val_kl_loss-0.0000000
2025-03-06 09:34:23 - INFO - epoch-326, train_mse_loss-0.0003252, train_kl_loss-0.0000000, val_mse_loss-0.0004450, val_kl_loss-0.0000000
2025-03-06 09:38:45 - INFO - epoch-327, train_mse_loss-0.0003252, train_kl_loss-0.0000000, val_mse_loss-0.0004377, val_kl_loss-0.0000000
2025-03-06 09:43:04 - INFO - epoch-328, train_mse_loss-0.0003252, train_kl_loss-0.0000000, val_mse_loss-0.0004776, val_kl_loss-0.0000000
2025-03-06 09:47:25 - INFO - epoch-329, train_mse_loss-0.0003252, train_kl_loss-0.0000000, val_mse_loss-0.0004199, val_kl_loss-0.0000000
2025-03-06 09:51:43 - INFO - epoch-330, train_mse_loss-0.0003252, train_kl_loss-0.0000000, val_mse_loss-0.0004354, val_kl_loss-0.0000000
2025-03-06 09:56:01 - INFO - epoch-331, train_mse_loss-0.0003252, train_kl_loss-0.0000000, val_mse_loss-0.0004577, val_kl_loss-0.0000000
2025-03-06 10:00:20 - INFO - epoch-332, train_mse_loss-0.0003252, train_kl_loss-0.0000000, val_mse_loss-0.0004510, val_kl_loss-0.0000000
2025-03-06 10:04:41 - INFO - epoch-333, train_mse_loss-0.0003252, train_kl_loss-0.0000000, val_mse_loss-0.0004423, val_kl_loss-0.0000000
2025-03-06 10:09:03 - INFO - epoch-334, train_mse_loss-0.0003252, train_kl_loss-0.0000000, val_mse_loss-0.0004395, val_kl_loss-0.0000000
2025-03-06 10:13:21 - INFO - epoch-335, train_mse_loss-0.0003252, train_kl_loss-0.0000000, val_mse_loss-0.0004764, val_kl_loss-0.0000000
2025-03-06 10:17:39 - INFO - epoch-336, train_mse_loss-0.0003252, train_kl_loss-0.0000000, val_mse_loss-0.0004394, val_kl_loss-0.0000000
2025-03-06 10:21:58 - INFO - epoch-337, train_mse_loss-0.0003252, train_kl_loss-0.0000000, val_mse_loss-0.0004650, val_kl_loss-0.0000000
2025-03-06 10:26:19 - INFO - epoch-338, train_mse_loss-0.0003252, train_kl_loss-0.0000000, val_mse_loss-0.0004530, val_kl_loss-0.0000000
2025-03-06 10:30:40 - INFO - epoch-339, train_mse_loss-0.0003252, train_kl_loss-0.0000000, val_mse_loss-0.0004627, val_kl_loss-0.0000000
2025-03-06 10:35:00 - INFO - epoch-340, train_mse_loss-0.0003252, train_kl_loss-0.0000000, val_mse_loss-0.0004581, val_kl_loss-0.0000000
2025-03-06 10:39:20 - INFO - epoch-341, train_mse_loss-0.0003252, train_kl_loss-0.0000000, val_mse_loss-0.0004635, val_kl_loss-0.0000000
2025-03-06 10:43:39 - INFO - epoch-342, train_mse_loss-0.0003252, train_kl_loss-0.0000000, val_mse_loss-0.0004706, val_kl_loss-0.0000000
2025-03-06 10:47:58 - INFO - epoch-343, train_mse_loss-0.0003252, train_kl_loss-0.0000000, val_mse_loss-0.0004705, val_kl_loss-0.0000000
2025-03-06 10:52:16 - INFO - epoch-344, train_mse_loss-0.0003252, train_kl_loss-0.0000000, val_mse_loss-0.0004339, val_kl_loss-0.0000000
2025-03-06 10:56:35 - INFO - epoch-345, train_mse_loss-0.0003252, train_kl_loss-0.0000000, val_mse_loss-0.0004635, val_kl_loss-0.0000000
2025-03-06 11:00:53 - INFO - epoch-346, train_mse_loss-0.0003252, train_kl_loss-0.0000000, val_mse_loss-0.0004389, val_kl_loss-0.0000000
2025-03-06 11:05:12 - INFO - epoch-347, train_mse_loss-0.0003252, train_kl_loss-0.0000000, val_mse_loss-0.0004579, val_kl_loss-0.0000000
2025-03-06 11:09:31 - INFO - epoch-348, train_mse_loss-0.0003252, train_kl_loss-0.0000000, val_mse_loss-0.0004553, val_kl_loss-0.0000000
2025-03-06 11:13:49 - INFO - epoch-349, train_mse_loss-0.0003252, train_kl_loss-0.0000000, val_mse_loss-0.0004479, val_kl_loss-0.0000000
2025-03-06 11:18:09 - INFO - epoch-350, train_mse_loss-0.0003252, train_kl_loss-0.0000000, val_mse_loss-0.0004770, val_kl_loss-0.0000000
2025-03-06 11:22:29 - INFO - epoch-351, train_mse_loss-0.0003252, train_kl_loss-0.0000000, val_mse_loss-0.0004519, val_kl_loss-0.0000000
2025-03-06 11:26:50 - INFO - epoch-352, train_mse_loss-0.0003252, train_kl_loss-0.0000000, val_mse_loss-0.0004429, val_kl_loss-0.0000000
2025-03-06 11:31:08 - INFO - epoch-353, train_mse_loss-0.0003252, train_kl_loss-0.0000000, val_mse_loss-0.0004428, val_kl_loss-0.0000000
2025-03-06 11:35:26 - INFO - epoch-354, train_mse_loss-0.0003252, train_kl_loss-0.0000000, val_mse_loss-0.0004457, val_kl_loss-0.0000000
2025-03-06 11:39:45 - INFO - epoch-355, train_mse_loss-0.0003252, train_kl_loss-0.0000000, val_mse_loss-0.0004520, val_kl_loss-0.0000000
2025-03-06 11:44:05 - INFO - epoch-356, train_mse_loss-0.0003252, train_kl_loss-0.0000000, val_mse_loss-0.0004470, val_kl_loss-0.0000000
2025-03-06 11:48:22 - INFO - epoch-357, train_mse_loss-0.0003252, train_kl_loss-0.0000000, val_mse_loss-0.0004944, val_kl_loss-0.0000000
2025-03-06 11:52:40 - INFO - epoch-358, train_mse_loss-0.0003252, train_kl_loss-0.0000000, val_mse_loss-0.0004513, val_kl_loss-0.0000000
2025-03-06 11:56:59 - INFO - epoch-359, train_mse_loss-0.0003252, train_kl_loss-0.0000000, val_mse_loss-0.0004383, val_kl_loss-0.0000000
2025-03-06 12:01:18 - INFO - epoch-360, train_mse_loss-0.0003252, train_kl_loss-0.0000000, val_mse_loss-0.0004371, val_kl_loss-0.0000000
2025-03-06 12:05:36 - INFO - epoch-361, train_mse_loss-0.0003252, train_kl_loss-0.0000000, val_mse_loss-0.0004576, val_kl_loss-0.0000000
2025-03-06 12:09:55 - INFO - epoch-362, train_mse_loss-0.0003252, train_kl_loss-0.0000000, val_mse_loss-0.0004508, val_kl_loss-0.0000000
2025-03-06 12:14:13 - INFO - epoch-363, train_mse_loss-0.0003252, train_kl_loss-0.0000000, val_mse_loss-0.0004888, val_kl_loss-0.0000000
2025-03-06 12:18:32 - INFO - epoch-364, train_mse_loss-0.0003252, train_kl_loss-0.0000000, val_mse_loss-0.0004451, val_kl_loss-0.0000000
2025-03-06 12:22:52 - INFO - epoch-365, train_mse_loss-0.0003252, train_kl_loss-0.0000000, val_mse_loss-0.0004636, val_kl_loss-0.0000000
2025-03-06 12:27:10 - INFO - epoch-366, train_mse_loss-0.0003252, train_kl_loss-0.0000000, val_mse_loss-0.0004874, val_kl_loss-0.0000000
2025-03-06 12:31:30 - INFO - epoch-367, train_mse_loss-0.0003252, train_kl_loss-0.0000000, val_mse_loss-0.0004452, val_kl_loss-0.0000000
2025-03-06 12:35:51 - INFO - epoch-368, train_mse_loss-0.0003252, train_kl_loss-0.0000000, val_mse_loss-0.0004232, val_kl_loss-0.0000000
2025-03-06 12:40:09 - INFO - epoch-369, train_mse_loss-0.0003252, train_kl_loss-0.0000000, val_mse_loss-0.0004308, val_kl_loss-0.0000000
2025-03-06 12:44:28 - INFO - epoch-370, train_mse_loss-0.0003252, train_kl_loss-0.0000000, val_mse_loss-0.0004613, val_kl_loss-0.0000000
2025-03-06 12:48:46 - INFO - epoch-371, train_mse_loss-0.0003252, train_kl_loss-0.0000000, val_mse_loss-0.0004527, val_kl_loss-0.0000000
2025-03-06 12:53:04 - INFO - epoch-372, train_mse_loss-0.0003252, train_kl_loss-0.0000000, val_mse_loss-0.0004496, val_kl_loss-0.0000000
2025-03-06 12:57:23 - INFO - epoch-373, train_mse_loss-0.0003252, train_kl_loss-0.0000000, val_mse_loss-0.0004415, val_kl_loss-0.0000000
2025-03-06 13:01:41 - INFO - epoch-374, train_mse_loss-0.0003252, train_kl_loss-0.0000000, val_mse_loss-0.0004681, val_kl_loss-0.0000000
2025-03-06 13:06:00 - INFO - epoch-375, train_mse_loss-0.0003252, train_kl_loss-0.0000000, val_mse_loss-0.0004581, val_kl_loss-0.0000000
2025-03-06 13:10:18 - INFO - epoch-376, train_mse_loss-0.0003252, train_kl_loss-0.0000000, val_mse_loss-0.0004243, val_kl_loss-0.0000000
2025-03-06 13:14:36 - INFO - epoch-377, train_mse_loss-0.0003252, train_kl_loss-0.0000000, val_mse_loss-0.0004666, val_kl_loss-0.0000000
2025-03-06 13:18:54 - INFO - epoch-378, train_mse_loss-0.0003252, train_kl_loss-0.0000000, val_mse_loss-0.0004355, val_kl_loss-0.0000000
2025-03-06 13:23:13 - INFO - epoch-379, train_mse_loss-0.0003252, train_kl_loss-0.0000000, val_mse_loss-0.0004287, val_kl_loss-0.0000000
2025-03-06 13:27:33 - INFO - epoch-380, train_mse_loss-0.0003252, train_kl_loss-0.0000000, val_mse_loss-0.0004640, val_kl_loss-0.0000000
2025-03-06 13:31:55 - INFO - epoch-381, train_mse_loss-0.0003252, train_kl_loss-0.0000000, val_mse_loss-0.0004421, val_kl_loss-0.0000000
2025-03-06 13:36:15 - INFO - epoch-382, train_mse_loss-0.0003252, train_kl_loss-0.0000000, val_mse_loss-0.0004508, val_kl_loss-0.0000000
2025-03-06 13:40:38 - INFO - epoch-383, train_mse_loss-0.0003252, train_kl_loss-0.0000000, val_mse_loss-0.0004680, val_kl_loss-0.0000000
2025-03-06 13:44:59 - INFO - epoch-384, train_mse_loss-0.0003252, train_kl_loss-0.0000000, val_mse_loss-0.0004514, val_kl_loss-0.0000000
2025-03-06 13:49:20 - INFO - epoch-385, train_mse_loss-0.0003252, train_kl_loss-0.0000000, val_mse_loss-0.0004380, val_kl_loss-0.0000000
2025-03-06 13:53:41 - INFO - epoch-386, train_mse_loss-0.0003252, train_kl_loss-0.0000000, val_mse_loss-0.0004574, val_kl_loss-0.0000000
2025-03-06 13:58:01 - INFO - epoch-387, train_mse_loss-0.0003252, train_kl_loss-0.0000000, val_mse_loss-0.0004249, val_kl_loss-0.0000000
2025-03-06 14:02:22 - INFO - epoch-388, train_mse_loss-0.0003252, train_kl_loss-0.0000000, val_mse_loss-0.0004521, val_kl_loss-0.0000000
2025-03-06 14:06:48 - INFO - epoch-389, train_mse_loss-0.0003252, train_kl_loss-0.0000000, val_mse_loss-0.0004637, val_kl_loss-0.0000000
2025-03-06 14:11:11 - INFO - epoch-390, train_mse_loss-0.0003252, train_kl_loss-0.0000000, val_mse_loss-0.0004367, val_kl_loss-0.0000000
2025-03-06 14:15:32 - INFO - epoch-391, train_mse_loss-0.0003252, train_kl_loss-0.0000000, val_mse_loss-0.0004232, val_kl_loss-0.0000000
2025-03-06 14:19:53 - INFO - epoch-392, train_mse_loss-0.0003252, train_kl_loss-0.0000000, val_mse_loss-0.0004499, val_kl_loss-0.0000000
2025-03-06 14:24:13 - INFO - epoch-393, train_mse_loss-0.0003252, train_kl_loss-0.0000000, val_mse_loss-0.0004524, val_kl_loss-0.0000000
2025-03-06 14:28:34 - INFO - epoch-394, train_mse_loss-0.0003252, train_kl_loss-0.0000000, val_mse_loss-0.0004595, val_kl_loss-0.0000000
2025-03-06 14:32:54 - INFO - epoch-395, train_mse_loss-0.0003252, train_kl_loss-0.0000000, val_mse_loss-0.0004358, val_kl_loss-0.0000000
2025-03-06 14:37:15 - INFO - epoch-396, train_mse_loss-0.0003252, train_kl_loss-0.0000000, val_mse_loss-0.0004455, val_kl_loss-0.0000000
2025-03-06 14:41:36 - INFO - epoch-397, train_mse_loss-0.0003252, train_kl_loss-0.0000000, val_mse_loss-0.0004852, val_kl_loss-0.0000000
2025-03-06 14:46:01 - INFO - epoch-398, train_mse_loss-0.0003252, train_kl_loss-0.0000000, val_mse_loss-0.0004594, val_kl_loss-0.0000000
2025-03-06 14:50:23 - INFO - epoch-399, train_mse_loss-0.0003252, train_kl_loss-0.0000000, val_mse_loss-0.0004585, val_kl_loss-0.0000000
2025-03-06 14:54:44 - INFO - epoch-400, train_mse_loss-0.0003252, train_kl_loss-0.0000000, val_mse_loss-0.0004547, val_kl_loss-0.0000000
2025-03-06 14:59:07 - INFO - epoch-401, train_mse_loss-0.0003252, train_kl_loss-0.0000000, val_mse_loss-0.0004472, val_kl_loss-0.0000000
2025-03-06 15:03:28 - INFO - epoch-402, train_mse_loss-0.0003252, train_kl_loss-0.0000000, val_mse_loss-0.0004583, val_kl_loss-0.0000000
2025-03-06 15:07:50 - INFO - epoch-403, train_mse_loss-0.0003252, train_kl_loss-0.0000000, val_mse_loss-0.0004469, val_kl_loss-0.0000000
2025-03-06 15:12:15 - INFO - epoch-404, train_mse_loss-0.0003252, train_kl_loss-0.0000000, val_mse_loss-0.0004725, val_kl_loss-0.0000000
2025-03-06 15:16:36 - INFO - epoch-405, train_mse_loss-0.0003252, train_kl_loss-0.0000000, val_mse_loss-0.0004595, val_kl_loss-0.0000000
2025-03-06 15:20:58 - INFO - epoch-406, train_mse_loss-0.0003252, train_kl_loss-0.0000000, val_mse_loss-0.0004497, val_kl_loss-0.0000000
2025-03-06 15:25:21 - INFO - epoch-407, train_mse_loss-0.0003252, train_kl_loss-0.0000000, val_mse_loss-0.0004520, val_kl_loss-0.0000000
2025-03-06 15:29:44 - INFO - epoch-408, train_mse_loss-0.0003252, train_kl_loss-0.0000000, val_mse_loss-0.0004620, val_kl_loss-0.0000000
2025-03-06 15:34:08 - INFO - epoch-409, train_mse_loss-0.0003252, train_kl_loss-0.0000000, val_mse_loss-0.0004267, val_kl_loss-0.0000000
2025-03-06 15:38:26 - INFO - epoch-410, train_mse_loss-0.0003252, train_kl_loss-0.0000000, val_mse_loss-0.0004684, val_kl_loss-0.0000000
2025-03-06 15:42:45 - INFO - epoch-411, train_mse_loss-0.0003252, train_kl_loss-0.0000000, val_mse_loss-0.0004543, val_kl_loss-0.0000000
2025-03-06 15:47:05 - INFO - epoch-412, train_mse_loss-0.0003252, train_kl_loss-0.0000000, val_mse_loss-0.0004495, val_kl_loss-0.0000000
2025-03-06 15:51:24 - INFO - epoch-413, train_mse_loss-0.0003252, train_kl_loss-0.0000000, val_mse_loss-0.0004475, val_kl_loss-0.0000000
2025-03-06 15:55:42 - INFO - epoch-414, train_mse_loss-0.0003252, train_kl_loss-0.0000000, val_mse_loss-0.0004564, val_kl_loss-0.0000000
2025-03-06 16:00:00 - INFO - epoch-415, train_mse_loss-0.0003252, train_kl_loss-0.0000000, val_mse_loss-0.0004530, val_kl_loss-0.0000000
2025-03-06 16:04:19 - INFO - epoch-416, train_mse_loss-0.0003252, train_kl_loss-0.0000000, val_mse_loss-0.0004549, val_kl_loss-0.0000000
2025-03-06 16:08:37 - INFO - epoch-417, train_mse_loss-0.0003252, train_kl_loss-0.0000000, val_mse_loss-0.0004540, val_kl_loss-0.0000000
2025-03-06 16:12:56 - INFO - epoch-418, train_mse_loss-0.0003252, train_kl_loss-0.0000000, val_mse_loss-0.0004347, val_kl_loss-0.0000000
2025-03-06 16:17:14 - INFO - epoch-419, train_mse_loss-0.0003252, train_kl_loss-0.0000000, val_mse_loss-0.0004627, val_kl_loss-0.0000000
2025-03-06 16:21:32 - INFO - epoch-420, train_mse_loss-0.0003252, train_kl_loss-0.0000000, val_mse_loss-0.0004552, val_kl_loss-0.0000000
2025-03-06 16:25:51 - INFO - epoch-421, train_mse_loss-0.0003252, train_kl_loss-0.0000000, val_mse_loss-0.0004394, val_kl_loss-0.0000000
2025-03-06 16:30:08 - INFO - epoch-422, train_mse_loss-0.0003252, train_kl_loss-0.0000000, val_mse_loss-0.0004775, val_kl_loss-0.0000000
2025-03-06 16:34:27 - INFO - epoch-423, train_mse_loss-0.0003252, train_kl_loss-0.0000000, val_mse_loss-0.0004427, val_kl_loss-0.0000000
2025-03-06 16:38:45 - INFO - epoch-424, train_mse_loss-0.0003252, train_kl_loss-0.0000000, val_mse_loss-0.0004598, val_kl_loss-0.0000000
2025-03-06 16:43:04 - INFO - epoch-425, train_mse_loss-0.0003252, train_kl_loss-0.0000000, val_mse_loss-0.0004590, val_kl_loss-0.0000000
2025-03-06 16:47:21 - INFO - epoch-426, train_mse_loss-0.0003252, train_kl_loss-0.0000000, val_mse_loss-0.0004396, val_kl_loss-0.0000000
2025-03-06 16:51:39 - INFO - epoch-427, train_mse_loss-0.0003252, train_kl_loss-0.0000000, val_mse_loss-0.0004543, val_kl_loss-0.0000000
2025-03-06 16:55:57 - INFO - epoch-428, train_mse_loss-0.0003252, train_kl_loss-0.0000000, val_mse_loss-0.0004195, val_kl_loss-0.0000000
2025-03-06 17:00:15 - INFO - epoch-429, train_mse_loss-0.0003252, train_kl_loss-0.0000000, val_mse_loss-0.0004433, val_kl_loss-0.0000000
2025-03-06 17:04:32 - INFO - epoch-430, train_mse_loss-0.0003252, train_kl_loss-0.0000000, val_mse_loss-0.0004370, val_kl_loss-0.0000000
2025-03-06 17:08:51 - INFO - epoch-431, train_mse_loss-0.0003252, train_kl_loss-0.0000000, val_mse_loss-0.0004593, val_kl_loss-0.0000000
2025-03-06 17:13:09 - INFO - epoch-432, train_mse_loss-0.0003252, train_kl_loss-0.0000000, val_mse_loss-0.0004474, val_kl_loss-0.0000000
2025-03-06 17:17:27 - INFO - epoch-433, train_mse_loss-0.0003252, train_kl_loss-0.0000000, val_mse_loss-0.0004552, val_kl_loss-0.0000000
2025-03-06 17:21:45 - INFO - epoch-434, train_mse_loss-0.0003252, train_kl_loss-0.0000000, val_mse_loss-0.0004493, val_kl_loss-0.0000000
2025-03-06 17:26:04 - INFO - epoch-435, train_mse_loss-0.0003252, train_kl_loss-0.0000000, val_mse_loss-0.0004550, val_kl_loss-0.0000000
2025-03-06 17:30:22 - INFO - epoch-436, train_mse_loss-0.0003252, train_kl_loss-0.0000000, val_mse_loss-0.0004673, val_kl_loss-0.0000000
2025-03-06 17:34:41 - INFO - epoch-437, train_mse_loss-0.0003252, train_kl_loss-0.0000000, val_mse_loss-0.0004274, val_kl_loss-0.0000000
2025-03-06 17:38:59 - INFO - epoch-438, train_mse_loss-0.0003252, train_kl_loss-0.0000000, val_mse_loss-0.0004701, val_kl_loss-0.0000000
2025-03-06 17:43:17 - INFO - epoch-439, train_mse_loss-0.0003252, train_kl_loss-0.0000000, val_mse_loss-0.0004503, val_kl_loss-0.0000000
2025-03-06 17:47:35 - INFO - epoch-440, train_mse_loss-0.0003252, train_kl_loss-0.0000000, val_mse_loss-0.0004579, val_kl_loss-0.0000000
2025-03-06 17:51:53 - INFO - epoch-441, train_mse_loss-0.0003252, train_kl_loss-0.0000000, val_mse_loss-0.0004685, val_kl_loss-0.0000000
2025-03-06 17:56:12 - INFO - epoch-442, train_mse_loss-0.0003252, train_kl_loss-0.0000000, val_mse_loss-0.0004496, val_kl_loss-0.0000000
2025-03-06 18:00:31 - INFO - epoch-443, train_mse_loss-0.0003252, train_kl_loss-0.0000000, val_mse_loss-0.0004539, val_kl_loss-0.0000000
2025-03-06 18:04:49 - INFO - epoch-444, train_mse_loss-0.0003252, train_kl_loss-0.0000000, val_mse_loss-0.0004362, val_kl_loss-0.0000000
2025-03-06 18:09:07 - INFO - epoch-445, train_mse_loss-0.0003252, train_kl_loss-0.0000000, val_mse_loss-0.0004450, val_kl_loss-0.0000000
2025-03-06 18:13:26 - INFO - epoch-446, train_mse_loss-0.0003252, train_kl_loss-0.0000000, val_mse_loss-0.0004693, val_kl_loss-0.0000000
2025-03-06 18:17:43 - INFO - epoch-447, train_mse_loss-0.0003252, train_kl_loss-0.0000000, val_mse_loss-0.0004597, val_kl_loss-0.0000000
2025-03-06 18:22:01 - INFO - epoch-448, train_mse_loss-0.0003252, train_kl_loss-0.0000000, val_mse_loss-0.0004567, val_kl_loss-0.0000000
2025-03-06 18:26:20 - INFO - epoch-449, train_mse_loss-0.0003252, train_kl_loss-0.0000000, val_mse_loss-0.0004742, val_kl_loss-0.0000000
2025-03-06 18:30:40 - INFO - epoch-450, train_mse_loss-0.0003252, train_kl_loss-0.0000000, val_mse_loss-0.0004635, val_kl_loss-0.0000000
2025-03-06 18:34:59 - INFO - epoch-451, train_mse_loss-0.0003252, train_kl_loss-0.0000000, val_mse_loss-0.0004386, val_kl_loss-0.0000000
2025-03-06 18:39:16 - INFO - epoch-452, train_mse_loss-0.0003252, train_kl_loss-0.0000000, val_mse_loss-0.0004933, val_kl_loss-0.0000000
2025-03-06 18:43:34 - INFO - epoch-453, train_mse_loss-0.0003252, train_kl_loss-0.0000000, val_mse_loss-0.0004768, val_kl_loss-0.0000000
2025-03-06 18:47:52 - INFO - epoch-454, train_mse_loss-0.0003252, train_kl_loss-0.0000000, val_mse_loss-0.0004699, val_kl_loss-0.0000000
2025-03-06 18:52:11 - INFO - epoch-455, train_mse_loss-0.0003252, train_kl_loss-0.0000000, val_mse_loss-0.0004597, val_kl_loss-0.0000000
2025-03-06 18:56:29 - INFO - epoch-456, train_mse_loss-0.0003252, train_kl_loss-0.0000000, val_mse_loss-0.0004405, val_kl_loss-0.0000000
2025-03-06 19:00:47 - INFO - epoch-457, train_mse_loss-0.0003252, train_kl_loss-0.0000000, val_mse_loss-0.0004519, val_kl_loss-0.0000000
2025-03-06 19:05:05 - INFO - epoch-458, train_mse_loss-0.0003252, train_kl_loss-0.0000000, val_mse_loss-0.0004635, val_kl_loss-0.0000000
2025-03-06 19:09:24 - INFO - epoch-459, train_mse_loss-0.0003252, train_kl_loss-0.0000000, val_mse_loss-0.0004330, val_kl_loss-0.0000000
2025-03-06 19:13:42 - INFO - epoch-460, train_mse_loss-0.0003252, train_kl_loss-0.0000000, val_mse_loss-0.0004397, val_kl_loss-0.0000000
2025-03-06 19:18:00 - INFO - epoch-461, train_mse_loss-0.0003252, train_kl_loss-0.0000000, val_mse_loss-0.0004426, val_kl_loss-0.0000000
2025-03-06 19:22:18 - INFO - epoch-462, train_mse_loss-0.0003252, train_kl_loss-0.0000000, val_mse_loss-0.0004621, val_kl_loss-0.0000000
2025-03-06 19:26:37 - INFO - epoch-463, train_mse_loss-0.0003252, train_kl_loss-0.0000000, val_mse_loss-0.0004304, val_kl_loss-0.0000000
2025-03-06 19:30:56 - INFO - epoch-464, train_mse_loss-0.0003252, train_kl_loss-0.0000000, val_mse_loss-0.0004350, val_kl_loss-0.0000000
2025-03-06 19:35:14 - INFO - epoch-465, train_mse_loss-0.0003252, train_kl_loss-0.0000000, val_mse_loss-0.0004777, val_kl_loss-0.0000000
2025-03-06 19:39:32 - INFO - epoch-466, train_mse_loss-0.0003252, train_kl_loss-0.0000000, val_mse_loss-0.0004634, val_kl_loss-0.0000000
2025-03-06 19:43:50 - INFO - epoch-467, train_mse_loss-0.0003252, train_kl_loss-0.0000000, val_mse_loss-0.0004533, val_kl_loss-0.0000000
2025-03-06 19:48:07 - INFO - epoch-468, train_mse_loss-0.0003252, train_kl_loss-0.0000000, val_mse_loss-0.0004564, val_kl_loss-0.0000000
2025-03-06 19:52:26 - INFO - epoch-469, train_mse_loss-0.0003252, train_kl_loss-0.0000000, val_mse_loss-0.0004466, val_kl_loss-0.0000000
2025-03-06 19:56:45 - INFO - epoch-470, train_mse_loss-0.0003252, train_kl_loss-0.0000000, val_mse_loss-0.0004653, val_kl_loss-0.0000000
2025-03-06 20:01:03 - INFO - epoch-471, train_mse_loss-0.0003252, train_kl_loss-0.0000000, val_mse_loss-0.0004489, val_kl_loss-0.0000000
2025-03-06 20:05:21 - INFO - epoch-472, train_mse_loss-0.0003252, train_kl_loss-0.0000000, val_mse_loss-0.0004467, val_kl_loss-0.0000000
2025-03-06 20:09:38 - INFO - epoch-473, train_mse_loss-0.0003252, train_kl_loss-0.0000000, val_mse_loss-0.0004407, val_kl_loss-0.0000000
2025-03-06 20:13:57 - INFO - epoch-474, train_mse_loss-0.0003252, train_kl_loss-0.0000000, val_mse_loss-0.0004431, val_kl_loss-0.0000000
2025-03-06 20:18:16 - INFO - epoch-475, train_mse_loss-0.0003252, train_kl_loss-0.0000000, val_mse_loss-0.0004731, val_kl_loss-0.0000000
2025-03-06 20:22:33 - INFO - epoch-476, train_mse_loss-0.0003252, train_kl_loss-0.0000000, val_mse_loss-0.0004230, val_kl_loss-0.0000000
2025-03-06 20:26:51 - INFO - epoch-477, train_mse_loss-0.0003252, train_kl_loss-0.0000000, val_mse_loss-0.0004346, val_kl_loss-0.0000000
2025-03-06 20:31:08 - INFO - epoch-478, train_mse_loss-0.0003252, train_kl_loss-0.0000000, val_mse_loss-0.0004257, val_kl_loss-0.0000000
2025-03-06 20:35:28 - INFO - epoch-479, train_mse_loss-0.0003252, train_kl_loss-0.0000000, val_mse_loss-0.0004207, val_kl_loss-0.0000000
2025-03-06 20:39:47 - INFO - epoch-480, train_mse_loss-0.0003252, train_kl_loss-0.0000000, val_mse_loss-0.0004476, val_kl_loss-0.0000000
2025-03-06 20:44:04 - INFO - epoch-481, train_mse_loss-0.0003252, train_kl_loss-0.0000000, val_mse_loss-0.0004440, val_kl_loss-0.0000000
2025-03-06 20:48:22 - INFO - epoch-482, train_mse_loss-0.0003252, train_kl_loss-0.0000000, val_mse_loss-0.0004688, val_kl_loss-0.0000000
2025-03-06 20:52:39 - INFO - epoch-483, train_mse_loss-0.0003252, train_kl_loss-0.0000000, val_mse_loss-0.0004354, val_kl_loss-0.0000000
2025-03-06 20:56:58 - INFO - epoch-484, train_mse_loss-0.0003252, train_kl_loss-0.0000000, val_mse_loss-0.0004666, val_kl_loss-0.0000000
2025-03-06 21:01:16 - INFO - epoch-485, train_mse_loss-0.0003252, train_kl_loss-0.0000000, val_mse_loss-0.0004465, val_kl_loss-0.0000000
2025-03-06 21:05:34 - INFO - epoch-486, train_mse_loss-0.0003252, train_kl_loss-0.0000000, val_mse_loss-0.0004209, val_kl_loss-0.0000000
2025-03-06 21:09:52 - INFO - epoch-487, train_mse_loss-0.0003252, train_kl_loss-0.0000000, val_mse_loss-0.0004868, val_kl_loss-0.0000000
2025-03-06 21:14:10 - INFO - epoch-488, train_mse_loss-0.0003252, train_kl_loss-0.0000000, val_mse_loss-0.0004299, val_kl_loss-0.0000000
2025-03-06 21:18:28 - INFO - epoch-489, train_mse_loss-0.0003252, train_kl_loss-0.0000000, val_mse_loss-0.0004461, val_kl_loss-0.0000000
2025-03-06 21:22:46 - INFO - epoch-490, train_mse_loss-0.0003252, train_kl_loss-0.0000000, val_mse_loss-0.0004463, val_kl_loss-0.0000000
2025-03-06 21:27:05 - INFO - epoch-491, train_mse_loss-0.0003252, train_kl_loss-0.0000000, val_mse_loss-0.0004725, val_kl_loss-0.0000000
2025-03-06 21:31:23 - INFO - epoch-492, train_mse_loss-0.0003252, train_kl_loss-0.0000000, val_mse_loss-0.0004258, val_kl_loss-0.0000000
2025-03-06 21:35:42 - INFO - epoch-493, train_mse_loss-0.0003252, train_kl_loss-0.0000000, val_mse_loss-0.0004805, val_kl_loss-0.0000000
2025-03-06 21:40:01 - INFO - epoch-494, train_mse_loss-0.0003252, train_kl_loss-0.0000000, val_mse_loss-0.0004278, val_kl_loss-0.0000000
2025-03-06 21:44:19 - INFO - epoch-495, train_mse_loss-0.0003252, train_kl_loss-0.0000000, val_mse_loss-0.0004560, val_kl_loss-0.0000000
2025-03-06 21:48:39 - INFO - epoch-496, train_mse_loss-0.0003252, train_kl_loss-0.0000000, val_mse_loss-0.0004479, val_kl_loss-0.0000000
2025-03-06 21:52:57 - INFO - epoch-497, train_mse_loss-0.0003252, train_kl_loss-0.0000000, val_mse_loss-0.0004443, val_kl_loss-0.0000000
2025-03-06 21:57:16 - INFO - epoch-498, train_mse_loss-0.0003252, train_kl_loss-0.0000000, val_mse_loss-0.0004281, val_kl_loss-0.0000000
2025-03-06 22:01:34 - INFO - epoch-499, train_mse_loss-0.0003252, train_kl_loss-0.0000000, val_mse_loss-0.0004431, val_kl_loss-0.0000000
