2024-12-29 12:47:40 - INFO - /mnt/cephfs/projects/2023110101_Ligand_fitting_to_EM_maps/My_Code/CryoLigate_Github/CryoLigate/GIGN/GIGN_EM/For_Elisei_Nov_2024/CryoLigate_GIGN_Unet/train_example.py
2024-12-29 12:47:40 - INFO - train data: 6576
2024-12-29 12:47:40 - INFO - train unqiue data: 6576
2024-12-29 12:47:40 - INFO - valid data: 732
2024-12-29 12:47:40 - INFO - valid unqiue data: 732
2024-12-29 12:55:50 - INFO - epoch-0, train_loss-0.0566832, val_loss-0.0600594
2024-12-29 12:59:45 - INFO - epoch-1, train_loss-0.0515733, val_loss-0.0717223
2024-12-29 13:03:03 - INFO - epoch-2, train_loss-0.0513926, val_loss-0.0686323
2024-12-29 13:06:21 - INFO - epoch-3, train_loss-0.0511720, val_loss-0.0655870
2024-12-29 13:09:40 - INFO - epoch-4, train_loss-0.0510639, val_loss-0.0762513
2024-12-29 13:12:58 - INFO - epoch-5, train_loss-0.0508041, val_loss-0.0751207
2024-12-29 13:16:16 - INFO - epoch-6, train_loss-0.0505643, val_loss-0.0751455
2024-12-29 13:19:34 - INFO - epoch-7, train_loss-0.0503471, val_loss-0.0783070
2024-12-29 13:22:52 - INFO - epoch-8, train_loss-0.0500734, val_loss-0.0843009
2024-12-29 13:26:10 - INFO - epoch-9, train_loss-0.0498700, val_loss-0.0681293
2024-12-29 13:29:28 - INFO - epoch-10, train_loss-0.0495927, val_loss-0.0783173
2024-12-29 13:29:31 - INFO - Saved new best model at epoch 10 with validation loss 0.0783173
2024-12-29 13:32:49 - INFO - epoch-11, train_loss-0.0493759, val_loss-0.0778600
2024-12-29 13:32:52 - INFO - Saved new best model at epoch 11 with validation loss 0.0778600
2024-12-29 13:36:10 - INFO - epoch-12, train_loss-0.0492386, val_loss-0.0764494
2024-12-29 13:36:14 - INFO - Saved new best model at epoch 12 with validation loss 0.0764494
2024-12-29 13:39:33 - INFO - epoch-13, train_loss-0.0490144, val_loss-0.1027870
2024-12-29 13:42:51 - INFO - epoch-14, train_loss-0.0489395, val_loss-0.0874651
2024-12-29 13:46:09 - INFO - epoch-15, train_loss-0.0486374, val_loss-0.0920236
2024-12-29 13:49:26 - INFO - epoch-16, train_loss-0.0484996, val_loss-0.0891042
2024-12-29 13:52:44 - INFO - epoch-17, train_loss-0.0483841, val_loss-0.0949176
2024-12-29 13:56:02 - INFO - epoch-18, train_loss-0.0481578, val_loss-0.0842216
2024-12-29 14:01:30 - INFO - epoch-19, train_loss-0.0479648, val_loss-0.0849273
2024-12-29 14:05:39 - INFO - epoch-20, train_loss-0.0477487, val_loss-0.0767582
2024-12-29 14:08:57 - INFO - epoch-21, train_loss-0.0475363, val_loss-0.0761649
2024-12-29 14:09:00 - INFO - Saved new best model at epoch 21 with validation loss 0.0761649
2024-12-29 14:12:18 - INFO - epoch-22, train_loss-0.0472532, val_loss-0.0710412
2024-12-29 14:12:21 - INFO - Saved new best model at epoch 22 with validation loss 0.0710412
2024-12-29 14:15:39 - INFO - epoch-23, train_loss-0.0470089, val_loss-0.0766576
2024-12-29 14:18:56 - INFO - epoch-24, train_loss-0.0466989, val_loss-0.0687903
2024-12-29 14:18:59 - INFO - Saved new best model at epoch 24 with validation loss 0.0687903
2024-12-29 14:22:17 - INFO - epoch-25, train_loss-0.0463303, val_loss-0.0536988
2024-12-29 14:22:20 - INFO - Saved new best model at epoch 25 with validation loss 0.0536988
2024-12-29 14:25:39 - INFO - epoch-26, train_loss-0.0461068, val_loss-0.0653153
2024-12-29 14:28:57 - INFO - epoch-27, train_loss-0.0457670, val_loss-0.0730749
2024-12-29 14:32:14 - INFO - epoch-28, train_loss-0.0454048, val_loss-0.0641901
2024-12-29 14:35:32 - INFO - epoch-29, train_loss-0.0452639, val_loss-0.0780393
2024-12-29 14:38:50 - INFO - epoch-30, train_loss-0.0446032, val_loss-0.0605763
2024-12-29 14:42:07 - INFO - epoch-31, train_loss-0.0443118, val_loss-0.0771157
2024-12-29 14:45:26 - INFO - epoch-32, train_loss-0.0438499, val_loss-0.0737169
2024-12-29 14:48:44 - INFO - epoch-33, train_loss-0.0434913, val_loss-0.0746246
2024-12-29 14:52:02 - INFO - epoch-34, train_loss-0.0430483, val_loss-0.0778686
2024-12-29 14:55:19 - INFO - epoch-35, train_loss-0.0429021, val_loss-0.0706216
2024-12-29 14:58:37 - INFO - epoch-36, train_loss-0.0422590, val_loss-0.0734592
2024-12-29 15:02:57 - INFO - epoch-37, train_loss-0.0416704, val_loss-0.0745567
2024-12-29 15:08:25 - INFO - epoch-38, train_loss-0.0412423, val_loss-0.0761142
2024-12-29 15:11:42 - INFO - epoch-39, train_loss-0.0410828, val_loss-0.0801492
2024-12-29 15:15:00 - INFO - epoch-40, train_loss-0.0406494, val_loss-0.0804794
2024-12-29 15:18:17 - INFO - epoch-41, train_loss-0.0401424, val_loss-0.0757180
2024-12-29 15:21:35 - INFO - epoch-42, train_loss-0.0400472, val_loss-0.0737424
2024-12-29 15:24:52 - INFO - epoch-43, train_loss-0.0392675, val_loss-0.0659462
2024-12-29 15:28:11 - INFO - epoch-44, train_loss-0.0389095, val_loss-0.0710702
2024-12-29 15:31:28 - INFO - epoch-45, train_loss-0.0387064, val_loss-0.0707717
2024-12-29 15:34:46 - INFO - epoch-46, train_loss-0.0381967, val_loss-0.0758548
2024-12-29 15:38:04 - INFO - epoch-47, train_loss-0.0379072, val_loss-0.1060596
2024-12-29 15:41:21 - INFO - epoch-48, train_loss-0.0374165, val_loss-0.0793842
2024-12-29 15:44:38 - INFO - epoch-49, train_loss-0.0369225, val_loss-0.0853613
2024-12-29 15:47:56 - INFO - epoch-50, train_loss-0.0364370, val_loss-0.0841485
2024-12-29 15:51:14 - INFO - epoch-51, train_loss-0.0359487, val_loss-0.1027959
2024-12-29 15:54:31 - INFO - epoch-52, train_loss-0.0355445, val_loss-0.0770318
2024-12-29 15:57:49 - INFO - epoch-53, train_loss-0.0354140, val_loss-0.0761237
2024-12-29 16:01:06 - INFO - epoch-54, train_loss-0.0347683, val_loss-0.0858940
2024-12-29 16:04:51 - INFO - epoch-55, train_loss-0.0340247, val_loss-0.0751420
2024-12-29 16:10:23 - INFO - epoch-56, train_loss-0.0334434, val_loss-0.1027172
2024-12-29 16:13:40 - INFO - epoch-57, train_loss-0.0330351, val_loss-0.0834302
2024-12-29 16:16:58 - INFO - epoch-58, train_loss-0.0324808, val_loss-0.0896829
2024-12-29 16:20:16 - INFO - epoch-59, train_loss-0.0318807, val_loss-0.0832813
2024-12-29 16:23:34 - INFO - epoch-60, train_loss-0.0313081, val_loss-0.0901226
2024-12-29 16:26:51 - INFO - epoch-61, train_loss-0.0305769, val_loss-0.0814647
2024-12-29 16:30:09 - INFO - epoch-62, train_loss-0.0298184, val_loss-0.0849058
2024-12-29 16:33:25 - INFO - epoch-63, train_loss-0.0293082, val_loss-0.0786589
2024-12-29 16:36:42 - INFO - epoch-64, train_loss-0.0284492, val_loss-0.0845213
2024-12-29 16:39:59 - INFO - epoch-65, train_loss-0.0278151, val_loss-0.0781675
2024-12-29 16:43:16 - INFO - epoch-66, train_loss-0.0271628, val_loss-0.0704218
2024-12-29 16:46:33 - INFO - epoch-67, train_loss-0.0263741, val_loss-0.0671344
2024-12-29 16:49:50 - INFO - epoch-68, train_loss-0.0257644, val_loss-0.0743668
2024-12-29 16:53:06 - INFO - epoch-69, train_loss-0.0249228, val_loss-0.0658565
2024-12-29 16:56:23 - INFO - epoch-70, train_loss-0.0243336, val_loss-0.0661158
2024-12-29 16:59:40 - INFO - epoch-71, train_loss-0.0236495, val_loss-0.0719115
2024-12-29 17:02:58 - INFO - epoch-72, train_loss-0.0230191, val_loss-0.0683096
2024-12-29 17:06:31 - INFO - epoch-73, train_loss-0.0223300, val_loss-0.0644878
2024-12-29 17:12:30 - INFO - epoch-74, train_loss-0.0213920, val_loss-0.0651217
2024-12-29 17:15:47 - INFO - epoch-75, train_loss-0.0208415, val_loss-0.0657349
2024-12-29 17:19:03 - INFO - epoch-76, train_loss-0.0204760, val_loss-0.0622013
2024-12-29 17:22:20 - INFO - epoch-77, train_loss-0.0197642, val_loss-0.0639946
2024-12-29 17:25:38 - INFO - epoch-78, train_loss-0.0192703, val_loss-0.0629703
2024-12-29 17:28:55 - INFO - epoch-79, train_loss-0.0186578, val_loss-0.0640106
2024-12-29 17:32:13 - INFO - epoch-80, train_loss-0.0181038, val_loss-0.0658854
2024-12-29 17:35:29 - INFO - epoch-81, train_loss-0.0175492, val_loss-0.0666796
2024-12-29 17:38:46 - INFO - epoch-82, train_loss-0.0170302, val_loss-0.0663334
2024-12-29 17:42:03 - INFO - epoch-83, train_loss-0.0166608, val_loss-0.0685408
2024-12-29 17:45:19 - INFO - epoch-84, train_loss-0.0161494, val_loss-0.0672772
2024-12-29 17:48:37 - INFO - epoch-85, train_loss-0.0158819, val_loss-0.0667793
2024-12-29 17:51:54 - INFO - epoch-86, train_loss-0.0154942, val_loss-0.0698776
2024-12-29 17:55:11 - INFO - epoch-87, train_loss-0.0150472, val_loss-0.0700410
2024-12-29 17:58:28 - INFO - epoch-88, train_loss-0.0145289, val_loss-0.0718436
2024-12-29 18:01:44 - INFO - epoch-89, train_loss-0.0142304, val_loss-0.0695172
2024-12-29 18:05:01 - INFO - epoch-90, train_loss-0.0138148, val_loss-0.0788535
2024-12-29 18:08:32 - INFO - epoch-91, train_loss-0.0135988, val_loss-0.0745375
2024-12-29 18:14:39 - INFO - epoch-92, train_loss-0.0134339, val_loss-0.0750869
2024-12-29 18:17:56 - INFO - epoch-93, train_loss-0.0130598, val_loss-0.0726427
2024-12-29 18:21:12 - INFO - epoch-94, train_loss-0.0127311, val_loss-0.0778885
2024-12-29 18:24:29 - INFO - epoch-95, train_loss-0.0126440, val_loss-0.0679557
2024-12-29 18:27:46 - INFO - epoch-96, train_loss-0.0123053, val_loss-0.0720301
2024-12-29 18:31:04 - INFO - epoch-97, train_loss-0.0120725, val_loss-0.0694264
2024-12-29 18:34:21 - INFO - epoch-98, train_loss-0.0118857, val_loss-0.0675900
2024-12-29 18:37:37 - INFO - epoch-99, train_loss-0.0116119, val_loss-0.0702288
2024-12-29 18:40:54 - INFO - epoch-100, train_loss-0.0113721, val_loss-0.0647894
2024-12-29 18:44:10 - INFO - epoch-101, train_loss-0.0112847, val_loss-0.0654172
2024-12-29 18:47:28 - INFO - epoch-102, train_loss-0.0110227, val_loss-0.0620677
2024-12-29 18:50:45 - INFO - epoch-103, train_loss-0.0107190, val_loss-0.0618641
2024-12-29 18:54:02 - INFO - epoch-104, train_loss-0.0106501, val_loss-0.0584204
2024-12-29 18:57:18 - INFO - epoch-105, train_loss-0.0105642, val_loss-0.0588731
2024-12-29 19:00:36 - INFO - epoch-106, train_loss-0.0105588, val_loss-0.0642803
2024-12-29 19:03:52 - INFO - epoch-107, train_loss-0.0103440, val_loss-0.0604537
2024-12-29 19:07:09 - INFO - epoch-108, train_loss-0.0098860, val_loss-0.0596826
2024-12-29 19:10:39 - INFO - epoch-109, train_loss-0.0097964, val_loss-0.0576485
2024-12-29 19:16:37 - INFO - epoch-110, train_loss-0.0099131, val_loss-0.0585008
2024-12-29 19:19:53 - INFO - epoch-111, train_loss-0.0097366, val_loss-0.0556706
2024-12-29 19:23:10 - INFO - epoch-112, train_loss-0.0095442, val_loss-0.0575176
2024-12-29 19:26:26 - INFO - epoch-113, train_loss-0.0092237, val_loss-0.0553428
2024-12-29 19:29:43 - INFO - epoch-114, train_loss-0.0091853, val_loss-0.0537147
2024-12-29 19:32:59 - INFO - epoch-115, train_loss-0.0092028, val_loss-0.0532607
2024-12-29 19:33:03 - INFO - Saved new best model at epoch 115 with validation loss 0.0532607
2024-12-29 19:36:19 - INFO - epoch-116, train_loss-0.0091828, val_loss-0.0540471
2024-12-29 19:39:36 - INFO - epoch-117, train_loss-0.0092122, val_loss-0.0537662
2024-12-29 19:42:53 - INFO - epoch-118, train_loss-0.0087862, val_loss-0.0534895
2024-12-29 19:46:10 - INFO - epoch-119, train_loss-0.0087871, val_loss-0.0549993
2024-12-29 19:49:26 - INFO - epoch-120, train_loss-0.0086117, val_loss-0.0539148
2024-12-29 19:52:43 - INFO - epoch-121, train_loss-0.0085635, val_loss-0.0538294
2024-12-29 19:56:00 - INFO - epoch-122, train_loss-0.0084625, val_loss-0.0556546
2024-12-29 19:59:17 - INFO - epoch-123, train_loss-0.0086535, val_loss-0.0551720
2024-12-29 20:02:34 - INFO - epoch-124, train_loss-0.0083498, val_loss-0.0541332
2024-12-29 20:05:50 - INFO - epoch-125, train_loss-0.0082486, val_loss-0.0537545
2024-12-29 20:09:07 - INFO - epoch-126, train_loss-0.0080725, val_loss-0.0566035
2024-12-29 20:12:35 - INFO - epoch-127, train_loss-0.0079584, val_loss-0.0549512
2024-12-29 20:18:11 - INFO - epoch-128, train_loss-0.0079852, val_loss-0.0572073
2024-12-29 20:21:27 - INFO - epoch-129, train_loss-0.0079824, val_loss-0.0584254
2024-12-29 20:24:44 - INFO - epoch-130, train_loss-0.0079962, val_loss-0.0574634
2024-12-29 20:28:01 - INFO - epoch-131, train_loss-0.0078347, val_loss-0.0586957
2024-12-29 20:31:17 - INFO - epoch-132, train_loss-0.0077302, val_loss-0.0566519
2024-12-29 20:34:34 - INFO - epoch-133, train_loss-0.0077243, val_loss-0.0551649
2024-12-29 20:37:50 - INFO - epoch-134, train_loss-0.0075880, val_loss-0.0591993
2024-12-29 20:41:06 - INFO - epoch-135, train_loss-0.0075017, val_loss-0.0559053
2024-12-29 20:44:23 - INFO - epoch-136, train_loss-0.0076018, val_loss-0.0595451
2024-12-29 20:47:39 - INFO - epoch-137, train_loss-0.0075606, val_loss-0.0605479
2024-12-29 20:50:56 - INFO - epoch-138, train_loss-0.0074738, val_loss-0.0602877
2024-12-29 20:54:12 - INFO - epoch-139, train_loss-0.0073501, val_loss-0.0630167
2024-12-29 20:57:29 - INFO - epoch-140, train_loss-0.0073023, val_loss-0.0644094
2024-12-29 21:00:45 - INFO - epoch-141, train_loss-0.0073857, val_loss-0.0622753
2024-12-29 21:04:03 - INFO - epoch-142, train_loss-0.0072072, val_loss-0.0582707
2024-12-29 21:07:19 - INFO - epoch-143, train_loss-0.0071563, val_loss-0.0682488
2024-12-29 21:10:35 - INFO - epoch-144, train_loss-0.0069620, val_loss-0.0630595
2024-12-29 21:13:54 - INFO - epoch-145, train_loss-0.0072368, val_loss-0.0622194
2024-12-29 21:20:16 - INFO - epoch-146, train_loss-0.0070970, val_loss-0.0650754
2024-12-29 21:23:32 - INFO - epoch-147, train_loss-0.0069864, val_loss-0.0644596
2024-12-29 21:26:49 - INFO - epoch-148, train_loss-0.0069436, val_loss-0.0740039
2024-12-29 21:30:06 - INFO - epoch-149, train_loss-0.0069839, val_loss-0.0714118
2024-12-29 21:33:23 - INFO - epoch-150, train_loss-0.0068735, val_loss-0.0766965
2024-12-29 21:36:39 - INFO - epoch-151, train_loss-0.0069173, val_loss-0.0655291
2024-12-29 21:39:55 - INFO - epoch-152, train_loss-0.0068687, val_loss-0.0697679
2024-12-29 21:43:12 - INFO - epoch-153, train_loss-0.0070253, val_loss-0.0772877
2024-12-29 21:46:28 - INFO - epoch-154, train_loss-0.0067168, val_loss-0.0708312
2024-12-29 21:49:44 - INFO - epoch-155, train_loss-0.0065343, val_loss-0.0661180
2024-12-29 21:53:01 - INFO - epoch-156, train_loss-0.0064672, val_loss-0.0726685
2024-12-29 21:56:18 - INFO - epoch-157, train_loss-0.0066755, val_loss-0.0858260
2024-12-29 21:59:35 - INFO - epoch-158, train_loss-0.0068027, val_loss-0.0756460
2024-12-29 22:02:51 - INFO - epoch-159, train_loss-0.0068193, val_loss-0.0746093
2024-12-29 22:06:07 - INFO - epoch-160, train_loss-0.0068703, val_loss-0.0826627
2024-12-29 22:09:25 - INFO - epoch-161, train_loss-0.0067207, val_loss-0.0790409
2024-12-29 22:12:41 - INFO - epoch-162, train_loss-0.0063706, val_loss-0.0751124
2024-12-29 22:16:12 - INFO - epoch-163, train_loss-0.0063341, val_loss-0.0924096
2024-12-29 22:22:51 - INFO - epoch-164, train_loss-0.0064445, val_loss-0.0851837
2024-12-29 22:26:08 - INFO - epoch-165, train_loss-0.0064764, val_loss-0.0783723
2024-12-29 22:29:24 - INFO - epoch-166, train_loss-0.0064590, val_loss-0.0729880
2024-12-29 22:32:42 - INFO - epoch-167, train_loss-0.0063569, val_loss-0.0776851
2024-12-29 22:35:59 - INFO - epoch-168, train_loss-0.0062671, val_loss-0.0795791
2024-12-29 22:39:16 - INFO - epoch-169, train_loss-0.0062269, val_loss-0.0887881
2024-12-29 22:42:33 - INFO - epoch-170, train_loss-0.0063859, val_loss-0.0878873
2024-12-29 22:45:49 - INFO - epoch-171, train_loss-0.0064921, val_loss-0.0913101
2024-12-29 22:49:07 - INFO - epoch-172, train_loss-0.0063460, val_loss-0.0855665
2024-12-29 22:52:23 - INFO - epoch-173, train_loss-0.0063611, val_loss-0.0859892
2024-12-29 22:55:39 - INFO - epoch-174, train_loss-0.0062102, val_loss-0.0880999
2024-12-29 22:58:56 - INFO - epoch-175, train_loss-0.0058829, val_loss-0.0807543
2024-12-29 23:02:13 - INFO - epoch-176, train_loss-0.0060631, val_loss-0.0917488
2024-12-29 23:05:29 - INFO - epoch-177, train_loss-0.0062808, val_loss-0.0843300
2024-12-29 23:08:46 - INFO - epoch-178, train_loss-0.0065381, val_loss-0.0859215
2024-12-29 23:12:02 - INFO - epoch-179, train_loss-0.0061750, val_loss-0.0853788
2024-12-29 23:15:19 - INFO - epoch-180, train_loss-0.0060073, val_loss-0.0980007
2024-12-29 23:18:53 - INFO - epoch-181, train_loss-0.0059416, val_loss-0.0963259
2024-12-29 23:24:56 - INFO - epoch-182, train_loss-0.0057233, val_loss-0.0957640
2024-12-29 23:28:13 - INFO - epoch-183, train_loss-0.0060633, val_loss-0.0855140
2024-12-29 23:31:29 - INFO - epoch-184, train_loss-0.0062644, val_loss-0.0893044
2024-12-29 23:34:46 - INFO - epoch-185, train_loss-0.0063055, val_loss-0.0916158
2024-12-29 23:38:02 - INFO - epoch-186, train_loss-0.0062361, val_loss-0.0893616
2024-12-29 23:41:19 - INFO - epoch-187, train_loss-0.0058084, val_loss-0.1089229
2024-12-29 23:44:37 - INFO - epoch-188, train_loss-0.0054956, val_loss-0.0980444
2024-12-29 23:47:53 - INFO - epoch-189, train_loss-0.0056499, val_loss-0.0867667
2024-12-29 23:51:10 - INFO - epoch-190, train_loss-0.0060861, val_loss-0.0968927
2024-12-29 23:54:26 - INFO - epoch-191, train_loss-0.0068880, val_loss-0.0888966
2024-12-29 23:57:42 - INFO - epoch-192, train_loss-0.0063234, val_loss-0.1004187
2024-12-30 00:00:59 - INFO - epoch-193, train_loss-0.0056440, val_loss-0.0885409
2024-12-30 00:04:15 - INFO - epoch-194, train_loss-0.0051904, val_loss-0.0844355
2024-12-30 00:07:33 - INFO - epoch-195, train_loss-0.0051656, val_loss-0.0907726
2024-12-30 00:10:49 - INFO - epoch-196, train_loss-0.0055823, val_loss-0.0948774
2024-12-30 00:14:05 - INFO - epoch-197, train_loss-0.0064366, val_loss-0.0899769
2024-12-30 00:17:21 - INFO - epoch-198, train_loss-0.0068994, val_loss-0.1084602
2024-12-30 00:20:49 - INFO - epoch-199, train_loss-0.0062588, val_loss-0.0993348
2024-12-30 00:26:53 - INFO - epoch-200, train_loss-0.0055586, val_loss-0.1001290
2024-12-30 00:30:10 - INFO - epoch-201, train_loss-0.0051872, val_loss-0.1020040
2024-12-30 00:33:27 - INFO - epoch-202, train_loss-0.0052793, val_loss-0.1026275
2024-12-30 00:36:44 - INFO - epoch-203, train_loss-0.0056264, val_loss-0.0975927
2024-12-30 00:40:00 - INFO - epoch-204, train_loss-0.0058704, val_loss-0.1031278
2024-12-30 00:43:16 - INFO - epoch-205, train_loss-0.0063102, val_loss-0.1026191
2024-12-30 00:46:33 - INFO - epoch-206, train_loss-0.0061796, val_loss-0.1001691
2024-12-30 00:49:49 - INFO - epoch-207, train_loss-0.0056466, val_loss-0.1073430
2024-12-30 00:53:06 - INFO - epoch-208, train_loss-0.0051875, val_loss-0.0988378
2024-12-30 00:56:22 - INFO - epoch-209, train_loss-0.0051784, val_loss-0.1007822
2024-12-30 00:59:38 - INFO - epoch-210, train_loss-0.0056565, val_loss-0.0983015
2024-12-30 01:02:55 - INFO - epoch-211, train_loss-0.0060590, val_loss-0.0986574
2024-12-30 01:06:11 - INFO - epoch-212, train_loss-0.0059185, val_loss-0.1139725
2024-12-30 01:09:27 - INFO - epoch-213, train_loss-0.0057826, val_loss-0.1038020
2024-12-30 01:12:44 - INFO - epoch-214, train_loss-0.0055362, val_loss-0.1050776
2024-12-30 01:16:00 - INFO - epoch-215, train_loss-0.0053161, val_loss-0.1105456
2024-12-30 01:19:16 - INFO - epoch-216, train_loss-0.0050968, val_loss-0.1136291
2024-12-30 01:22:40 - INFO - epoch-217, train_loss-0.0052923, val_loss-0.1155736
2024-12-30 01:28:36 - INFO - epoch-218, train_loss-0.0060767, val_loss-0.1065998
2024-12-30 01:31:52 - INFO - epoch-219, train_loss-0.0062629, val_loss-0.1000088
2024-12-30 01:35:09 - INFO - epoch-220, train_loss-0.0058477, val_loss-0.1317131
2024-12-30 01:38:26 - INFO - epoch-221, train_loss-0.0053874, val_loss-0.1139058
2024-12-30 01:41:42 - INFO - epoch-222, train_loss-0.0051019, val_loss-0.1174739
2024-12-30 01:44:58 - INFO - epoch-223, train_loss-0.0053489, val_loss-0.1084324
2024-12-30 01:48:15 - INFO - epoch-224, train_loss-0.0055603, val_loss-0.1069553
2024-12-30 01:51:31 - INFO - epoch-225, train_loss-0.0056668, val_loss-0.1049616
2024-12-30 01:54:47 - INFO - epoch-226, train_loss-0.0054601, val_loss-0.1200979
2024-12-30 01:58:04 - INFO - epoch-227, train_loss-0.0052710, val_loss-0.1285275
2024-12-30 02:01:20 - INFO - epoch-228, train_loss-0.0055644, val_loss-0.1258527
2024-12-30 02:04:36 - INFO - epoch-229, train_loss-0.0057051, val_loss-0.1272073
2024-12-30 02:07:53 - INFO - epoch-230, train_loss-0.0060517, val_loss-0.1215404
2024-12-30 02:11:09 - INFO - epoch-231, train_loss-0.0055806, val_loss-0.1188038
2024-12-30 02:14:25 - INFO - epoch-232, train_loss-0.0050637, val_loss-0.1083147
2024-12-30 02:17:42 - INFO - epoch-233, train_loss-0.0046484, val_loss-0.1200420
2024-12-30 02:20:58 - INFO - epoch-234, train_loss-0.0049406, val_loss-0.1100991
2024-12-30 02:24:20 - INFO - epoch-235, train_loss-0.0061178, val_loss-0.1209949
2024-12-30 02:31:06 - INFO - epoch-236, train_loss-0.0064242, val_loss-0.1212652
2024-12-30 02:34:22 - INFO - epoch-237, train_loss-0.0058431, val_loss-0.1330052
2024-12-30 02:37:38 - INFO - epoch-238, train_loss-0.0049333, val_loss-0.1107100
2024-12-30 02:40:55 - INFO - epoch-239, train_loss-0.0044930, val_loss-0.1324000
2024-12-30 02:44:11 - INFO - epoch-240, train_loss-0.0049107, val_loss-0.1138693
2024-12-30 02:47:27 - INFO - epoch-241, train_loss-0.0055515, val_loss-0.1193053
2024-12-30 02:50:44 - INFO - epoch-242, train_loss-0.0060941, val_loss-0.1173993
2024-12-30 02:54:00 - INFO - epoch-243, train_loss-0.0059831, val_loss-0.1415028
2024-12-30 02:57:16 - INFO - epoch-244, train_loss-0.0053857, val_loss-0.1322377
2024-12-30 03:00:32 - INFO - epoch-245, train_loss-0.0047466, val_loss-0.1099915
2024-12-30 03:03:50 - INFO - epoch-246, train_loss-0.0044515, val_loss-0.1163629
2024-12-30 03:07:06 - INFO - epoch-247, train_loss-0.0047382, val_loss-0.1199216
2024-12-30 03:10:24 - INFO - epoch-248, train_loss-0.0058406, val_loss-0.1421678
2024-12-30 03:13:40 - INFO - epoch-249, train_loss-0.0069058, val_loss-0.1436975
2024-12-30 03:16:56 - INFO - epoch-250, train_loss-0.0061914, val_loss-0.1461323
2024-12-30 03:20:12 - INFO - epoch-251, train_loss-0.0049042, val_loss-0.1286794
2024-12-30 03:23:29 - INFO - epoch-252, train_loss-0.0042514, val_loss-0.1238620
2024-12-30 03:27:05 - INFO - epoch-253, train_loss-0.0042616, val_loss-0.1218875
2024-12-30 03:34:09 - INFO - epoch-254, train_loss-0.0048257, val_loss-0.1191258
2024-12-30 03:37:25 - INFO - epoch-255, train_loss-0.0064897, val_loss-0.1266831
2024-12-30 03:40:41 - INFO - epoch-256, train_loss-0.0066899, val_loss-0.1243453
2024-12-30 03:43:59 - INFO - epoch-257, train_loss-0.0056960, val_loss-0.1286407
2024-12-30 03:47:15 - INFO - epoch-258, train_loss-0.0045884, val_loss-0.1403145
2024-12-30 03:50:31 - INFO - epoch-259, train_loss-0.0039580, val_loss-0.1362971
2024-12-30 03:53:47 - INFO - epoch-260, train_loss-0.0040916, val_loss-0.1263783
2024-12-30 03:57:03 - INFO - epoch-261, train_loss-0.0056705, val_loss-0.1326435
2024-12-30 04:00:20 - INFO - epoch-262, train_loss-0.0076837, val_loss-0.1242132
2024-12-30 04:03:36 - INFO - epoch-263, train_loss-0.0063912, val_loss-0.1249378
2024-12-30 04:06:52 - INFO - epoch-264, train_loss-0.0047107, val_loss-0.1239093
2024-12-30 04:10:08 - INFO - epoch-265, train_loss-0.0040089, val_loss-0.1252453
2024-12-30 04:13:24 - INFO - epoch-266, train_loss-0.0037736, val_loss-0.1361390
2024-12-30 04:16:40 - INFO - epoch-267, train_loss-0.0043285, val_loss-0.1423073
2024-12-30 04:19:56 - INFO - epoch-268, train_loss-0.0068653, val_loss-0.1487373
2024-12-30 04:23:13 - INFO - epoch-269, train_loss-0.0078882, val_loss-0.1413226
2024-12-30 04:26:30 - INFO - epoch-270, train_loss-0.0059291, val_loss-0.1452196
2024-12-30 04:30:15 - INFO - epoch-271, train_loss-0.0043500, val_loss-0.1425237
2024-12-30 04:36:48 - INFO - epoch-272, train_loss-0.0037000, val_loss-0.1321327
2024-12-30 04:40:05 - INFO - epoch-273, train_loss-0.0036790, val_loss-0.1244386
2024-12-30 04:43:23 - INFO - epoch-274, train_loss-0.0043111, val_loss-0.1312320
2024-12-30 04:46:41 - INFO - epoch-275, train_loss-0.0070072, val_loss-0.1344358
2024-12-30 04:49:57 - INFO - epoch-276, train_loss-0.0078392, val_loss-0.1342397
2024-12-30 04:53:13 - INFO - epoch-277, train_loss-0.0057503, val_loss-0.1304383
2024-12-30 04:56:29 - INFO - epoch-278, train_loss-0.0042326, val_loss-0.1263879
2024-12-30 04:59:46 - INFO - epoch-279, train_loss-0.0036146, val_loss-0.1229868
2024-12-30 05:03:03 - INFO - epoch-280, train_loss-0.0037570, val_loss-0.1195927
2024-12-30 05:06:19 - INFO - epoch-281, train_loss-0.0048150, val_loss-0.1238502
2024-12-30 05:09:37 - INFO - epoch-282, train_loss-0.0073837, val_loss-0.1441621
2024-12-30 05:12:53 - INFO - epoch-283, train_loss-0.0069865, val_loss-0.1357156
2024-12-30 05:16:09 - INFO - epoch-284, train_loss-0.0052213, val_loss-0.1295550
2024-12-30 05:19:25 - INFO - epoch-285, train_loss-0.0040984, val_loss-0.1293784
2024-12-30 05:22:43 - INFO - epoch-286, train_loss-0.0035586, val_loss-0.1247618
2024-12-30 05:26:00 - INFO - epoch-287, train_loss-0.0037022, val_loss-0.1191769
2024-12-30 05:29:17 - INFO - epoch-288, train_loss-0.0049477, val_loss-0.1279995
2024-12-30 05:32:55 - INFO - epoch-289, train_loss-0.0081805, val_loss-0.1610837
2024-12-30 05:39:02 - INFO - epoch-290, train_loss-0.0070359, val_loss-0.1375853
2024-12-30 05:42:18 - INFO - epoch-291, train_loss-0.0050021, val_loss-0.1284292
2024-12-30 05:45:34 - INFO - epoch-292, train_loss-0.0037610, val_loss-0.1275822
2024-12-30 05:48:50 - INFO - epoch-293, train_loss-0.0034206, val_loss-0.1187922
2024-12-30 05:52:06 - INFO - epoch-294, train_loss-0.0037708, val_loss-0.1228698
2024-12-30 05:55:23 - INFO - epoch-295, train_loss-0.0054130, val_loss-0.1244250
2024-12-30 05:58:39 - INFO - epoch-296, train_loss-0.0086990, val_loss-0.1589048
2024-12-30 06:01:55 - INFO - epoch-297, train_loss-0.0066227, val_loss-0.1453755
2024-12-30 06:05:11 - INFO - epoch-298, train_loss-0.0045028, val_loss-0.1424878
2024-12-30 06:08:27 - INFO - epoch-299, train_loss-0.0035235, val_loss-0.1332926
