2025-03-04 17:20:01 - INFO - train data: 13259
2025-03-04 17:20:01 - INFO - train unqiue data: 13259
2025-03-04 17:20:01 - INFO - valid data: 1474
2025-03-04 17:20:01 - INFO - valid unqiue data: 1474
2025-03-04 17:24:21 - INFO - epoch-0, train_mse_loss-0.0005007, train_kl_loss-0.0642141, val_mse_loss-0.0005702, val_kl_loss-0.0003935
2025-03-04 17:28:34 - INFO - epoch-1, train_mse_loss-0.0003433, train_kl_loss-0.0010365, val_mse_loss-0.0005438, val_kl_loss-0.0102865
2025-03-04 17:32:49 - INFO - epoch-2, train_mse_loss-0.0003841, train_kl_loss-1.1960264, val_mse_loss-0.0005320, val_kl_loss-1.3541768
2025-03-04 17:32:56 - INFO - Saved new best model at epoch 2 with validation loss 1.3547088
2025-03-04 17:37:09 - INFO - epoch-3, train_mse_loss-0.0003584, train_kl_loss-1.3800340, val_mse_loss-0.0004522, val_kl_loss-1.4661830
2025-03-04 17:41:22 - INFO - epoch-4, train_mse_loss-0.0003690, train_kl_loss-2.3937961, val_mse_loss-0.0005491, val_kl_loss-2.4261359
2025-03-04 17:45:35 - INFO - epoch-5, train_mse_loss-0.0003564, train_kl_loss-2.4271548, val_mse_loss-0.0004698, val_kl_loss-2.4211811
2025-03-04 17:49:52 - INFO - epoch-6, train_mse_loss-0.0004579, train_kl_loss-3.4507369, val_mse_loss-0.0005691, val_kl_loss-2.5543586
2025-03-04 17:54:05 - INFO - epoch-7, train_mse_loss-0.0004280, train_kl_loss-2.6029722, val_mse_loss-0.0004605, val_kl_loss-2.5177466
2025-03-04 17:58:18 - INFO - epoch-8, train_mse_loss-0.0004159, train_kl_loss-2.2041433, val_mse_loss-0.0005670, val_kl_loss-1.1844165
2025-03-04 17:58:24 - INFO - Saved new best model at epoch 8 with validation loss 1.1849835
2025-03-04 18:02:37 - INFO - epoch-9, train_mse_loss-0.0004018, train_kl_loss-0.1467744, val_mse_loss-0.0004449, val_kl_loss-0.0089386
2025-03-04 18:02:43 - INFO - Saved new best model at epoch 9 with validation loss 0.0093835
2025-03-04 18:06:57 - INFO - epoch-10, train_mse_loss-0.0003711, train_kl_loss-0.0031087, val_mse_loss-0.0005550, val_kl_loss-0.0018934
2025-03-04 18:07:03 - INFO - Saved new best model at epoch 10 with validation loss 0.0024484
2025-03-04 18:11:17 - INFO - epoch-11, train_mse_loss-0.0003558, train_kl_loss-0.0012284, val_mse_loss-0.0003656, val_kl_loss-0.0017047
2025-03-04 18:11:23 - INFO - Saved new best model at epoch 11 with validation loss 0.0020703
2025-03-04 18:15:36 - INFO - epoch-12, train_mse_loss-0.0003491, train_kl_loss-0.0021857, val_mse_loss-0.0004205, val_kl_loss-0.0024285
2025-03-04 18:19:50 - INFO - epoch-13, train_mse_loss-0.0003496, train_kl_loss-0.0028515, val_mse_loss-0.0004275, val_kl_loss-0.0007295
2025-03-04 18:19:56 - INFO - Saved new best model at epoch 13 with validation loss 0.0011570
2025-03-04 18:24:10 - INFO - epoch-14, train_mse_loss-0.0003445, train_kl_loss-0.0016225, val_mse_loss-0.0004965, val_kl_loss-0.0078645
2025-03-04 18:28:24 - INFO - epoch-15, train_mse_loss-0.0003645, train_kl_loss-0.0061883, val_mse_loss-0.0005418, val_kl_loss-0.0007591
2025-03-04 18:32:37 - INFO - epoch-16, train_mse_loss-0.0003449, train_kl_loss-0.0005254, val_mse_loss-0.0005419, val_kl_loss-0.0021543
2025-03-04 18:36:50 - INFO - epoch-17, train_mse_loss-0.0003404, train_kl_loss-0.0005521, val_mse_loss-0.0005507, val_kl_loss-0.0004068
2025-03-04 18:36:56 - INFO - Saved new best model at epoch 17 with validation loss 0.0009575
2025-03-04 18:41:11 - INFO - epoch-18, train_mse_loss-0.0003377, train_kl_loss-0.0003814, val_mse_loss-0.0005194, val_kl_loss-0.0001614
2025-03-04 18:41:17 - INFO - Saved new best model at epoch 18 with validation loss 0.0006808
2025-03-04 18:45:29 - INFO - epoch-19, train_mse_loss-0.0003422, train_kl_loss-0.0008823, val_mse_loss-0.0005252, val_kl_loss-0.0000242
2025-03-04 18:45:36 - INFO - Saved new best model at epoch 19 with validation loss 0.0005493
2025-03-04 18:49:48 - INFO - epoch-20, train_mse_loss-0.0003359, train_kl_loss-0.0000531, val_mse_loss-0.0004869, val_kl_loss-0.0000128
2025-03-04 18:49:54 - INFO - Saved new best model at epoch 20 with validation loss 0.0004997
2025-03-04 18:54:07 - INFO - epoch-21, train_mse_loss-0.0003915, train_kl_loss-0.4923193, val_mse_loss-0.0005795, val_kl_loss-0.1620123
2025-03-04 18:58:22 - INFO - epoch-22, train_mse_loss-0.0004531, train_kl_loss-0.0330161, val_mse_loss-0.0005795, val_kl_loss-0.0015955
2025-03-04 19:02:35 - INFO - epoch-23, train_mse_loss-0.0004318, train_kl_loss-0.0018826, val_mse_loss-0.0005795, val_kl_loss-0.0009067
2025-03-04 19:06:49 - INFO - epoch-24, train_mse_loss-0.0004199, train_kl_loss-0.0011348, val_mse_loss-0.0005795, val_kl_loss-0.0008712
2025-03-04 19:11:02 - INFO - epoch-25, train_mse_loss-0.0004060, train_kl_loss-0.0009684, val_mse_loss-0.0005795, val_kl_loss-0.0007853
2025-03-04 19:15:17 - INFO - epoch-26, train_mse_loss-0.0003982, train_kl_loss-0.0011160, val_mse_loss-0.0005793, val_kl_loss-0.0008188
2025-03-04 19:19:30 - INFO - epoch-27, train_mse_loss-0.0003911, train_kl_loss-0.0008037, val_mse_loss-0.0005779, val_kl_loss-0.0009254
2025-03-04 19:23:43 - INFO - epoch-28, train_mse_loss-0.0003826, train_kl_loss-0.0012543, val_mse_loss-0.0005794, val_kl_loss-0.0006179
2025-03-04 19:27:56 - INFO - epoch-29, train_mse_loss-0.0003809, train_kl_loss-0.0005826, val_mse_loss-0.0005795, val_kl_loss-0.0032551
2025-03-04 19:32:10 - INFO - epoch-30, train_mse_loss-0.0003826, train_kl_loss-0.0005471, val_mse_loss-0.0005795, val_kl_loss-0.0002538
2025-03-04 19:36:23 - INFO - epoch-31, train_mse_loss-0.0003599, train_kl_loss-0.0003318, val_mse_loss-0.0004850, val_kl_loss-0.0004109
2025-03-04 19:40:36 - INFO - epoch-32, train_mse_loss-0.0003491, train_kl_loss-0.0002855, val_mse_loss-0.0005282, val_kl_loss-0.0003078
2025-03-04 19:44:49 - INFO - epoch-33, train_mse_loss-0.0003453, train_kl_loss-0.0001726, val_mse_loss-0.0005126, val_kl_loss-0.0004260
2025-03-04 19:49:03 - INFO - epoch-34, train_mse_loss-0.0003447, train_kl_loss-0.0002844, val_mse_loss-0.0005256, val_kl_loss-0.0002662
2025-03-04 19:53:16 - INFO - epoch-35, train_mse_loss-0.0003473, train_kl_loss-0.0006582, val_mse_loss-0.0004872, val_kl_loss-0.0000127
2025-03-04 19:57:29 - INFO - epoch-36, train_mse_loss-0.0003350, train_kl_loss-0.0000164, val_mse_loss-0.0005179, val_kl_loss-0.0000508
2025-03-04 20:01:42 - INFO - epoch-37, train_mse_loss-0.0003367, train_kl_loss-0.0190167, val_mse_loss-0.0005795, val_kl_loss-0.0593359
2025-03-04 20:05:54 - INFO - epoch-38, train_mse_loss-0.0003849, train_kl_loss-0.0004897, val_mse_loss-0.0005688, val_kl_loss-0.0000146
2025-03-04 20:10:07 - INFO - epoch-39, train_mse_loss-0.0003603, train_kl_loss-0.0000205, val_mse_loss-0.0005266, val_kl_loss-0.0000040
2025-03-04 20:14:20 - INFO - epoch-40, train_mse_loss-0.0003492, train_kl_loss-0.0000099, val_mse_loss-0.0005614, val_kl_loss-0.0000037
2025-03-04 20:18:33 - INFO - epoch-41, train_mse_loss-0.0003431, train_kl_loss-0.0000167, val_mse_loss-0.0005147, val_kl_loss-0.0000085
2025-03-04 20:22:45 - INFO - epoch-42, train_mse_loss-0.0003400, train_kl_loss-0.0000332, val_mse_loss-0.0005476, val_kl_loss-0.0000070
2025-03-04 20:26:57 - INFO - epoch-43, train_mse_loss-0.0003351, train_kl_loss-0.0000134, val_mse_loss-0.0005274, val_kl_loss-0.0000059
2025-03-04 20:31:10 - INFO - epoch-44, train_mse_loss-0.0003333, train_kl_loss-0.0000211, val_mse_loss-0.0005240, val_kl_loss-0.0000128
2025-03-04 20:35:22 - INFO - epoch-45, train_mse_loss-0.0003321, train_kl_loss-0.0000122, val_mse_loss-0.0005085, val_kl_loss-0.0000030
2025-03-04 20:39:34 - INFO - epoch-46, train_mse_loss-0.0003306, train_kl_loss-0.0000125, val_mse_loss-0.0005678, val_kl_loss-0.0000003
2025-03-04 20:43:47 - INFO - epoch-47, train_mse_loss-0.0003332, train_kl_loss-0.0002380, val_mse_loss-0.0004854, val_kl_loss-0.0000003
2025-03-04 20:43:53 - INFO - Saved new best model at epoch 47 with validation loss 0.0004857
2025-03-04 20:48:06 - INFO - epoch-48, train_mse_loss-0.0003296, train_kl_loss-0.0000008, val_mse_loss-0.0005226, val_kl_loss-0.0000001
2025-03-04 20:52:17 - INFO - epoch-49, train_mse_loss-0.0003288, train_kl_loss-0.0000005, val_mse_loss-0.0004435, val_kl_loss-0.0000001
2025-03-04 20:52:23 - INFO - Saved new best model at epoch 49 with validation loss 0.0004436
2025-03-04 20:56:36 - INFO - epoch-50, train_mse_loss-0.0003284, train_kl_loss-0.0000003, val_mse_loss-0.0005242, val_kl_loss-0.0000002
2025-03-04 21:00:48 - INFO - epoch-51, train_mse_loss-0.0003282, train_kl_loss-0.0000020, val_mse_loss-0.0005197, val_kl_loss-0.0000000
2025-03-04 21:05:01 - INFO - epoch-52, train_mse_loss-0.0003304, train_kl_loss-0.0005623, val_mse_loss-0.0005518, val_kl_loss-0.0000146
2025-03-04 21:09:17 - INFO - epoch-53, train_mse_loss-0.0003323, train_kl_loss-0.0000021, val_mse_loss-0.0005368, val_kl_loss-0.0000015
2025-03-04 21:13:30 - INFO - epoch-54, train_mse_loss-0.0003294, train_kl_loss-0.0000010, val_mse_loss-0.0004859, val_kl_loss-0.0000004
2025-03-04 21:17:42 - INFO - epoch-55, train_mse_loss-0.0003282, train_kl_loss-0.0000011, val_mse_loss-0.0005278, val_kl_loss-0.0000007
2025-03-04 21:21:55 - INFO - epoch-56, train_mse_loss-0.0003280, train_kl_loss-0.0000012, val_mse_loss-0.0003951, val_kl_loss-0.0000003
2025-03-04 21:22:01 - INFO - Saved new best model at epoch 56 with validation loss 0.0003954
2025-03-04 21:26:13 - INFO - epoch-57, train_mse_loss-0.0003276, train_kl_loss-0.0000011, val_mse_loss-0.0004419, val_kl_loss-0.0000004
2025-03-04 21:30:25 - INFO - epoch-58, train_mse_loss-0.0003276, train_kl_loss-0.0000008, val_mse_loss-0.0003716, val_kl_loss-0.0000001
2025-03-04 21:30:31 - INFO - Saved new best model at epoch 58 with validation loss 0.0003717
2025-03-04 21:34:44 - INFO - epoch-59, train_mse_loss-0.0003271, train_kl_loss-0.0000002, val_mse_loss-0.0003990, val_kl_loss-0.0000001
2025-03-04 21:38:57 - INFO - epoch-60, train_mse_loss-0.0003289, train_kl_loss-0.0000395, val_mse_loss-0.0003852, val_kl_loss-0.0000000
2025-03-04 21:43:10 - INFO - epoch-61, train_mse_loss-0.0003273, train_kl_loss-0.0000000, val_mse_loss-0.0003700, val_kl_loss-0.0000000
2025-03-04 21:43:16 - INFO - Saved new best model at epoch 61 with validation loss 0.0003700
2025-03-04 21:47:29 - INFO - epoch-62, train_mse_loss-0.0003266, train_kl_loss-0.0000000, val_mse_loss-0.0003490, val_kl_loss-0.0000000
2025-03-04 21:47:35 - INFO - Saved new best model at epoch 62 with validation loss 0.0003490
2025-03-04 21:51:48 - INFO - epoch-63, train_mse_loss-0.0003264, train_kl_loss-0.0000000, val_mse_loss-0.0003361, val_kl_loss-0.0000000
2025-03-04 21:51:54 - INFO - Saved new best model at epoch 63 with validation loss 0.0003361
2025-03-04 21:56:06 - INFO - epoch-64, train_mse_loss-0.0003263, train_kl_loss-0.0000000, val_mse_loss-0.0003420, val_kl_loss-0.0000000
2025-03-04 22:00:19 - INFO - epoch-65, train_mse_loss-0.0003261, train_kl_loss-0.0000000, val_mse_loss-0.0003617, val_kl_loss-0.0000000
2025-03-04 22:04:32 - INFO - epoch-66, train_mse_loss-0.0003260, train_kl_loss-0.0000000, val_mse_loss-0.0003594, val_kl_loss-0.0000000
2025-03-04 22:08:45 - INFO - epoch-67, train_mse_loss-0.0003258, train_kl_loss-0.0000000, val_mse_loss-0.0003549, val_kl_loss-0.0000000
2025-03-04 22:12:57 - INFO - epoch-68, train_mse_loss-0.0003257, train_kl_loss-0.0000000, val_mse_loss-0.0003500, val_kl_loss-0.0000000
2025-03-04 22:17:10 - INFO - epoch-69, train_mse_loss-0.0003256, train_kl_loss-0.0000000, val_mse_loss-0.0003410, val_kl_loss-0.0000000
2025-03-04 22:21:22 - INFO - epoch-70, train_mse_loss-0.0003255, train_kl_loss-0.0000000, val_mse_loss-0.0003290, val_kl_loss-0.0000000
2025-03-04 22:21:28 - INFO - Saved new best model at epoch 70 with validation loss 0.0003290
2025-03-04 22:25:41 - INFO - epoch-71, train_mse_loss-0.0003254, train_kl_loss-0.0000000, val_mse_loss-0.0003274, val_kl_loss-0.0000000
2025-03-04 22:25:47 - INFO - Saved new best model at epoch 71 with validation loss 0.0003274
2025-03-04 22:29:59 - INFO - epoch-72, train_mse_loss-0.0003254, train_kl_loss-0.0000000, val_mse_loss-0.0003277, val_kl_loss-0.0000000
2025-03-04 22:34:12 - INFO - epoch-73, train_mse_loss-0.0003253, train_kl_loss-0.0000000, val_mse_loss-0.0003266, val_kl_loss-0.0000000
2025-03-04 22:34:18 - INFO - Saved new best model at epoch 73 with validation loss 0.0003266
2025-03-04 22:38:31 - INFO - epoch-74, train_mse_loss-0.0003253, train_kl_loss-0.0000000, val_mse_loss-0.0003269, val_kl_loss-0.0000000
2025-03-04 22:42:43 - INFO - epoch-75, train_mse_loss-0.0003252, train_kl_loss-0.0000000, val_mse_loss-0.0003269, val_kl_loss-0.0000000
2025-03-04 22:46:56 - INFO - epoch-76, train_mse_loss-0.0003252, train_kl_loss-0.0000000, val_mse_loss-0.0003269, val_kl_loss-0.0000000
2025-03-04 22:51:09 - INFO - epoch-77, train_mse_loss-0.0003251, train_kl_loss-0.0000000, val_mse_loss-0.0003274, val_kl_loss-0.0000000
2025-03-04 22:55:22 - INFO - epoch-78, train_mse_loss-0.0003251, train_kl_loss-0.0000000, val_mse_loss-0.0003276, val_kl_loss-0.0000000
2025-03-04 22:59:34 - INFO - epoch-79, train_mse_loss-0.0003250, train_kl_loss-0.0000000, val_mse_loss-0.0003275, val_kl_loss-0.0000000
2025-03-04 23:03:46 - INFO - epoch-80, train_mse_loss-0.0003250, train_kl_loss-0.0000000, val_mse_loss-0.0003281, val_kl_loss-0.0000000
2025-03-04 23:07:59 - INFO - epoch-81, train_mse_loss-0.0003250, train_kl_loss-0.0000000, val_mse_loss-0.0003278, val_kl_loss-0.0000000
2025-03-04 23:12:12 - INFO - epoch-82, train_mse_loss-0.0003249, train_kl_loss-0.0000000, val_mse_loss-0.0003275, val_kl_loss-0.0000000
2025-03-04 23:16:24 - INFO - epoch-83, train_mse_loss-0.0003249, train_kl_loss-0.0000000, val_mse_loss-0.0003283, val_kl_loss-0.0000000
2025-03-04 23:20:40 - INFO - epoch-84, train_mse_loss-0.0003249, train_kl_loss-0.0000000, val_mse_loss-0.0003281, val_kl_loss-0.0000000
2025-03-04 23:24:53 - INFO - epoch-85, train_mse_loss-0.0003249, train_kl_loss-0.0000000, val_mse_loss-0.0003286, val_kl_loss-0.0000000
2025-03-04 23:29:05 - INFO - epoch-86, train_mse_loss-0.0003249, train_kl_loss-0.0000000, val_mse_loss-0.0003289, val_kl_loss-0.0000000
2025-03-04 23:33:19 - INFO - epoch-87, train_mse_loss-0.0003249, train_kl_loss-0.0000000, val_mse_loss-0.0003287, val_kl_loss-0.0000000
2025-03-04 23:37:31 - INFO - epoch-88, train_mse_loss-0.0003249, train_kl_loss-0.0000000, val_mse_loss-0.0003292, val_kl_loss-0.0000000
2025-03-04 23:41:43 - INFO - epoch-89, train_mse_loss-0.0003249, train_kl_loss-0.0000000, val_mse_loss-0.0003298, val_kl_loss-0.0000000
2025-03-04 23:45:56 - INFO - epoch-90, train_mse_loss-0.0003249, train_kl_loss-0.0000000, val_mse_loss-0.0003297, val_kl_loss-0.0000000
2025-03-04 23:50:08 - INFO - epoch-91, train_mse_loss-0.0003249, train_kl_loss-0.0000000, val_mse_loss-0.0003295, val_kl_loss-0.0000000
2025-03-04 23:54:21 - INFO - epoch-92, train_mse_loss-0.0003249, train_kl_loss-0.0000000, val_mse_loss-0.0003296, val_kl_loss-0.0000000
2025-03-04 23:58:35 - INFO - epoch-93, train_mse_loss-0.0003249, train_kl_loss-0.0000000, val_mse_loss-0.0003301, val_kl_loss-0.0000000
2025-03-05 00:02:47 - INFO - epoch-94, train_mse_loss-0.0003249, train_kl_loss-0.0000000, val_mse_loss-0.0003299, val_kl_loss-0.0000000
2025-03-05 00:06:59 - INFO - epoch-95, train_mse_loss-0.0003249, train_kl_loss-0.0000000, val_mse_loss-0.0003326, val_kl_loss-0.0000000
2025-03-05 00:11:11 - INFO - epoch-96, train_mse_loss-0.0003249, train_kl_loss-0.0000000, val_mse_loss-0.0003304, val_kl_loss-0.0000000
2025-03-05 00:15:25 - INFO - epoch-97, train_mse_loss-0.0003248, train_kl_loss-0.0000000, val_mse_loss-0.0003292, val_kl_loss-0.0000000
2025-03-05 00:19:37 - INFO - epoch-98, train_mse_loss-0.0003249, train_kl_loss-0.0000000, val_mse_loss-0.0003297, val_kl_loss-0.0000000
2025-03-05 00:23:50 - INFO - epoch-99, train_mse_loss-0.0003248, train_kl_loss-0.0000000, val_mse_loss-0.0003296, val_kl_loss-0.0000000
2025-03-05 00:28:07 - INFO - epoch-100, train_mse_loss-0.0003248, train_kl_loss-0.0000000, val_mse_loss-0.0003295, val_kl_loss-0.0000000
2025-03-05 00:32:19 - INFO - epoch-101, train_mse_loss-0.0003248, train_kl_loss-0.0000000, val_mse_loss-0.0003300, val_kl_loss-0.0000000
2025-03-05 00:36:31 - INFO - epoch-102, train_mse_loss-0.0003248, train_kl_loss-0.0000000, val_mse_loss-0.0003293, val_kl_loss-0.0000000
2025-03-05 00:40:44 - INFO - epoch-103, train_mse_loss-0.0003248, train_kl_loss-0.0000000, val_mse_loss-0.0003300, val_kl_loss-0.0000000
2025-03-05 00:44:57 - INFO - epoch-104, train_mse_loss-0.0003248, train_kl_loss-0.0000000, val_mse_loss-0.0003293, val_kl_loss-0.0000000
2025-03-05 00:49:10 - INFO - epoch-105, train_mse_loss-0.0003248, train_kl_loss-0.0000000, val_mse_loss-0.0003295, val_kl_loss-0.0000000
2025-03-05 00:53:23 - INFO - epoch-106, train_mse_loss-0.0003248, train_kl_loss-0.0000000, val_mse_loss-0.0003289, val_kl_loss-0.0000000
2025-03-05 00:57:36 - INFO - epoch-107, train_mse_loss-0.0003248, train_kl_loss-0.0000000, val_mse_loss-0.0003288, val_kl_loss-0.0000000
2025-03-05 01:01:49 - INFO - epoch-108, train_mse_loss-0.0003248, train_kl_loss-0.0000000, val_mse_loss-0.0003291, val_kl_loss-0.0000000
2025-03-05 01:06:01 - INFO - epoch-109, train_mse_loss-0.0003248, train_kl_loss-0.0000000, val_mse_loss-0.0003302, val_kl_loss-0.0000000
2025-03-05 01:10:14 - INFO - epoch-110, train_mse_loss-0.0003248, train_kl_loss-0.0000000, val_mse_loss-0.0003288, val_kl_loss-0.0000000
2025-03-05 01:14:26 - INFO - epoch-111, train_mse_loss-0.0003248, train_kl_loss-0.0000000, val_mse_loss-0.0003310, val_kl_loss-0.0000000
2025-03-05 01:18:39 - INFO - epoch-112, train_mse_loss-0.0003249, train_kl_loss-0.0000000, val_mse_loss-0.0003329, val_kl_loss-0.0000000
2025-03-05 01:22:51 - INFO - epoch-113, train_mse_loss-0.0003249, train_kl_loss-0.0000000, val_mse_loss-0.0003345, val_kl_loss-0.0000000
2025-03-05 01:27:04 - INFO - epoch-114, train_mse_loss-0.0003248, train_kl_loss-0.0000000, val_mse_loss-0.0003378, val_kl_loss-0.0000000
2025-03-05 01:31:17 - INFO - epoch-115, train_mse_loss-0.0003248, train_kl_loss-0.0000000, val_mse_loss-0.0003417, val_kl_loss-0.0000000
2025-03-05 01:35:33 - INFO - epoch-116, train_mse_loss-0.0003248, train_kl_loss-0.0000000, val_mse_loss-0.0003416, val_kl_loss-0.0000000
2025-03-05 01:39:45 - INFO - epoch-117, train_mse_loss-0.0003247, train_kl_loss-0.0000000, val_mse_loss-0.0003415, val_kl_loss-0.0000000
2025-03-05 01:43:58 - INFO - epoch-118, train_mse_loss-0.0003246, train_kl_loss-0.0000000, val_mse_loss-0.0003394, val_kl_loss-0.0000000
2025-03-05 01:48:11 - INFO - epoch-119, train_mse_loss-0.0003246, train_kl_loss-0.0000000, val_mse_loss-0.0003348, val_kl_loss-0.0000000
2025-03-05 01:52:24 - INFO - epoch-120, train_mse_loss-0.0003245, train_kl_loss-0.0000000, val_mse_loss-0.0003359, val_kl_loss-0.0000000
2025-03-05 01:56:37 - INFO - epoch-121, train_mse_loss-0.0003244, train_kl_loss-0.0000000, val_mse_loss-0.0003354, val_kl_loss-0.0000000
2025-03-05 02:00:50 - INFO - epoch-122, train_mse_loss-0.0003244, train_kl_loss-0.0000000, val_mse_loss-0.0003358, val_kl_loss-0.0000000
2025-03-05 02:05:04 - INFO - epoch-123, train_mse_loss-0.0003243, train_kl_loss-0.0000000, val_mse_loss-0.0003347, val_kl_loss-0.0000000
2025-03-05 02:09:16 - INFO - epoch-124, train_mse_loss-0.0003242, train_kl_loss-0.0000000, val_mse_loss-0.0003324, val_kl_loss-0.0000000
2025-03-05 02:13:29 - INFO - epoch-125, train_mse_loss-0.0003240, train_kl_loss-0.0000000, val_mse_loss-0.0003268, val_kl_loss-0.0000000
2025-03-05 02:17:42 - INFO - epoch-126, train_mse_loss-0.0003236, train_kl_loss-0.0000000, val_mse_loss-0.0003375, val_kl_loss-0.0000000
2025-03-05 02:21:54 - INFO - epoch-127, train_mse_loss-0.0003234, train_kl_loss-0.0000000, val_mse_loss-0.0003379, val_kl_loss-0.0000000
2025-03-05 02:26:06 - INFO - epoch-128, train_mse_loss-0.0003233, train_kl_loss-0.0000000, val_mse_loss-0.0003640, val_kl_loss-0.0000000
2025-03-05 02:30:19 - INFO - epoch-129, train_mse_loss-0.0003232, train_kl_loss-0.0000000, val_mse_loss-0.0003969, val_kl_loss-0.0000000
2025-03-05 02:34:31 - INFO - epoch-130, train_mse_loss-0.0003231, train_kl_loss-0.0000000, val_mse_loss-0.0004233, val_kl_loss-0.0000000
2025-03-05 02:38:44 - INFO - epoch-131, train_mse_loss-0.0003231, train_kl_loss-0.0000000, val_mse_loss-0.0004215, val_kl_loss-0.0000000
2025-03-05 02:42:59 - INFO - epoch-132, train_mse_loss-0.0003231, train_kl_loss-0.0000000, val_mse_loss-0.0004667, val_kl_loss-0.0000000
2025-03-05 02:47:13 - INFO - epoch-133, train_mse_loss-0.0003230, train_kl_loss-0.0000000, val_mse_loss-0.0004571, val_kl_loss-0.0000000
2025-03-05 02:51:25 - INFO - epoch-134, train_mse_loss-0.0003230, train_kl_loss-0.0000000, val_mse_loss-0.0004797, val_kl_loss-0.0000000
2025-03-05 02:55:38 - INFO - epoch-135, train_mse_loss-0.0003230, train_kl_loss-0.0000000, val_mse_loss-0.0004938, val_kl_loss-0.0000000
2025-03-05 02:59:50 - INFO - epoch-136, train_mse_loss-0.0003230, train_kl_loss-0.0000000, val_mse_loss-0.0005835, val_kl_loss-0.0000000
2025-03-05 03:04:02 - INFO - epoch-137, train_mse_loss-0.0003230, train_kl_loss-0.0000000, val_mse_loss-0.0005418, val_kl_loss-0.0000000
2025-03-05 03:08:15 - INFO - epoch-138, train_mse_loss-0.0003230, train_kl_loss-0.0000000, val_mse_loss-0.0005839, val_kl_loss-0.0000000
2025-03-05 03:12:28 - INFO - epoch-139, train_mse_loss-0.0003229, train_kl_loss-0.0000000, val_mse_loss-0.0005130, val_kl_loss-0.0000000
2025-03-05 03:16:40 - INFO - epoch-140, train_mse_loss-0.0003229, train_kl_loss-0.0000000, val_mse_loss-0.0005512, val_kl_loss-0.0000000
2025-03-05 03:20:54 - INFO - epoch-141, train_mse_loss-0.0003229, train_kl_loss-0.0000000, val_mse_loss-0.0005411, val_kl_loss-0.0000000
2025-03-05 03:25:07 - INFO - epoch-142, train_mse_loss-0.0003229, train_kl_loss-0.0000000, val_mse_loss-0.0006018, val_kl_loss-0.0000000
2025-03-05 03:29:20 - INFO - epoch-143, train_mse_loss-0.0003229, train_kl_loss-0.0000000, val_mse_loss-0.0005275, val_kl_loss-0.0000000
2025-03-05 03:33:32 - INFO - epoch-144, train_mse_loss-0.0003229, train_kl_loss-0.0000000, val_mse_loss-0.0005355, val_kl_loss-0.0000000
2025-03-05 03:37:45 - INFO - epoch-145, train_mse_loss-0.0003229, train_kl_loss-0.0000000, val_mse_loss-0.0005832, val_kl_loss-0.0000000
2025-03-05 03:41:57 - INFO - epoch-146, train_mse_loss-0.0003229, train_kl_loss-0.0000000, val_mse_loss-0.0005366, val_kl_loss-0.0000000
2025-03-05 03:46:11 - INFO - epoch-147, train_mse_loss-0.0003229, train_kl_loss-0.0000000, val_mse_loss-0.0006253, val_kl_loss-0.0000000
2025-03-05 03:50:27 - INFO - epoch-148, train_mse_loss-0.0003229, train_kl_loss-0.0000000, val_mse_loss-0.0005878, val_kl_loss-0.0000000
2025-03-05 03:54:41 - INFO - epoch-149, train_mse_loss-0.0003229, train_kl_loss-0.0000000, val_mse_loss-0.0005275, val_kl_loss-0.0000000
2025-03-05 03:58:55 - INFO - epoch-150, train_mse_loss-0.0003229, train_kl_loss-0.0000000, val_mse_loss-0.0005699, val_kl_loss-0.0000000
2025-03-05 04:03:08 - INFO - epoch-151, train_mse_loss-0.0003228, train_kl_loss-0.0000000, val_mse_loss-0.0005346, val_kl_loss-0.0000000
2025-03-05 04:07:20 - INFO - epoch-152, train_mse_loss-0.0003228, train_kl_loss-0.0000000, val_mse_loss-0.0005457, val_kl_loss-0.0000000
2025-03-05 04:11:33 - INFO - epoch-153, train_mse_loss-0.0003228, train_kl_loss-0.0000000, val_mse_loss-0.0006207, val_kl_loss-0.0000000
2025-03-05 04:15:46 - INFO - epoch-154, train_mse_loss-0.0003228, train_kl_loss-0.0000000, val_mse_loss-0.0005352, val_kl_loss-0.0000000
2025-03-05 04:19:59 - INFO - epoch-155, train_mse_loss-0.0003228, train_kl_loss-0.0000000, val_mse_loss-0.0006073, val_kl_loss-0.0000000
2025-03-05 04:24:12 - INFO - epoch-156, train_mse_loss-0.0003228, train_kl_loss-0.0000000, val_mse_loss-0.0006325, val_kl_loss-0.0000000
2025-03-05 04:28:26 - INFO - epoch-157, train_mse_loss-0.0003228, train_kl_loss-0.0000000, val_mse_loss-0.0005650, val_kl_loss-0.0000000
2025-03-05 04:32:39 - INFO - epoch-158, train_mse_loss-0.0003228, train_kl_loss-0.0000000, val_mse_loss-0.0004754, val_kl_loss-0.0000000
2025-03-05 04:36:52 - INFO - epoch-159, train_mse_loss-0.0003228, train_kl_loss-0.0000000, val_mse_loss-0.0004728, val_kl_loss-0.0000000
2025-03-05 04:41:05 - INFO - epoch-160, train_mse_loss-0.0003228, train_kl_loss-0.0000000, val_mse_loss-0.0005133, val_kl_loss-0.0000000
2025-03-05 04:45:18 - INFO - epoch-161, train_mse_loss-0.0003228, train_kl_loss-0.0000000, val_mse_loss-0.0006051, val_kl_loss-0.0000000
2025-03-05 04:49:32 - INFO - epoch-162, train_mse_loss-0.0003228, train_kl_loss-0.0000000, val_mse_loss-0.0005779, val_kl_loss-0.0000000
2025-03-05 04:53:44 - INFO - epoch-163, train_mse_loss-0.0003228, train_kl_loss-0.0000000, val_mse_loss-0.0006313, val_kl_loss-0.0000000
2025-03-05 04:57:57 - INFO - epoch-164, train_mse_loss-0.0003228, train_kl_loss-0.0000000, val_mse_loss-0.0005021, val_kl_loss-0.0000000
2025-03-05 05:02:10 - INFO - epoch-165, train_mse_loss-0.0003228, train_kl_loss-0.0000000, val_mse_loss-0.0004704, val_kl_loss-0.0000000
2025-03-05 05:06:23 - INFO - epoch-166, train_mse_loss-0.0003228, train_kl_loss-0.0000000, val_mse_loss-0.0005549, val_kl_loss-0.0000000
2025-03-05 05:10:37 - INFO - epoch-167, train_mse_loss-0.0003228, train_kl_loss-0.0000000, val_mse_loss-0.0004718, val_kl_loss-0.0000000
2025-03-05 05:14:50 - INFO - epoch-168, train_mse_loss-0.0003228, train_kl_loss-0.0000000, val_mse_loss-0.0006135, val_kl_loss-0.0000000
2025-03-05 05:19:02 - INFO - epoch-169, train_mse_loss-0.0003228, train_kl_loss-0.0000000, val_mse_loss-0.0004931, val_kl_loss-0.0000000
2025-03-05 05:23:15 - INFO - epoch-170, train_mse_loss-0.0003228, train_kl_loss-0.0000000, val_mse_loss-0.0004454, val_kl_loss-0.0000000
2025-03-05 05:27:27 - INFO - epoch-171, train_mse_loss-0.0003228, train_kl_loss-0.0000000, val_mse_loss-0.0004689, val_kl_loss-0.0000000
2025-03-05 05:31:40 - INFO - epoch-172, train_mse_loss-0.0003228, train_kl_loss-0.0000000, val_mse_loss-0.0004946, val_kl_loss-0.0000000
2025-03-05 05:35:53 - INFO - epoch-173, train_mse_loss-0.0003228, train_kl_loss-0.0000000, val_mse_loss-0.0004848, val_kl_loss-0.0000000
2025-03-05 05:40:05 - INFO - epoch-174, train_mse_loss-0.0003228, train_kl_loss-0.0000000, val_mse_loss-0.0004407, val_kl_loss-0.0000000
2025-03-05 05:44:18 - INFO - epoch-175, train_mse_loss-0.0003228, train_kl_loss-0.0000000, val_mse_loss-0.0004546, val_kl_loss-0.0000000
2025-03-05 05:48:31 - INFO - epoch-176, train_mse_loss-0.0003227, train_kl_loss-0.0000000, val_mse_loss-0.0004451, val_kl_loss-0.0000000
2025-03-05 05:52:44 - INFO - epoch-177, train_mse_loss-0.0003227, train_kl_loss-0.0000000, val_mse_loss-0.0004704, val_kl_loss-0.0000000
2025-03-05 05:56:58 - INFO - epoch-178, train_mse_loss-0.0003227, train_kl_loss-0.0000000, val_mse_loss-0.0004341, val_kl_loss-0.0000000
2025-03-05 06:01:13 - INFO - epoch-179, train_mse_loss-0.0003227, train_kl_loss-0.0000000, val_mse_loss-0.0004243, val_kl_loss-0.0000000
2025-03-05 06:05:26 - INFO - epoch-180, train_mse_loss-0.0003227, train_kl_loss-0.0000000, val_mse_loss-0.0004942, val_kl_loss-0.0000000
2025-03-05 06:09:39 - INFO - epoch-181, train_mse_loss-0.0003227, train_kl_loss-0.0000000, val_mse_loss-0.0004694, val_kl_loss-0.0000000
2025-03-05 06:13:52 - INFO - epoch-182, train_mse_loss-0.0003227, train_kl_loss-0.0000000, val_mse_loss-0.0004431, val_kl_loss-0.0000000
2025-03-05 06:18:05 - INFO - epoch-183, train_mse_loss-0.0003227, train_kl_loss-0.0000000, val_mse_loss-0.0004622, val_kl_loss-0.0000000
2025-03-05 06:22:17 - INFO - epoch-184, train_mse_loss-0.0003227, train_kl_loss-0.0000000, val_mse_loss-0.0004421, val_kl_loss-0.0000000
2025-03-05 06:26:30 - INFO - epoch-185, train_mse_loss-0.0003227, train_kl_loss-0.0000000, val_mse_loss-0.0004740, val_kl_loss-0.0000000
2025-03-05 06:30:42 - INFO - epoch-186, train_mse_loss-0.0003227, train_kl_loss-0.0000000, val_mse_loss-0.0004727, val_kl_loss-0.0000000
2025-03-05 06:34:55 - INFO - epoch-187, train_mse_loss-0.0003227, train_kl_loss-0.0000000, val_mse_loss-0.0004830, val_kl_loss-0.0000000
2025-03-05 06:39:07 - INFO - epoch-188, train_mse_loss-0.0003227, train_kl_loss-0.0000000, val_mse_loss-0.0004538, val_kl_loss-0.0000000
2025-03-05 06:43:19 - INFO - epoch-189, train_mse_loss-0.0003227, train_kl_loss-0.0000000, val_mse_loss-0.0004385, val_kl_loss-0.0000000
2025-03-05 06:47:32 - INFO - epoch-190, train_mse_loss-0.0003227, train_kl_loss-0.0000000, val_mse_loss-0.0004441, val_kl_loss-0.0000000
2025-03-05 06:51:44 - INFO - epoch-191, train_mse_loss-0.0003227, train_kl_loss-0.0000000, val_mse_loss-0.0004194, val_kl_loss-0.0000000
2025-03-05 06:55:57 - INFO - epoch-192, train_mse_loss-0.0003227, train_kl_loss-0.0000000, val_mse_loss-0.0004242, val_kl_loss-0.0000000
2025-03-05 07:00:09 - INFO - epoch-193, train_mse_loss-0.0003227, train_kl_loss-0.0000000, val_mse_loss-0.0004284, val_kl_loss-0.0000000
2025-03-05 07:04:22 - INFO - epoch-194, train_mse_loss-0.0003227, train_kl_loss-0.0000000, val_mse_loss-0.0004421, val_kl_loss-0.0000000
2025-03-05 07:08:35 - INFO - epoch-195, train_mse_loss-0.0003227, train_kl_loss-0.0000000, val_mse_loss-0.0004744, val_kl_loss-0.0000000
2025-03-05 07:12:47 - INFO - epoch-196, train_mse_loss-0.0003227, train_kl_loss-0.0000000, val_mse_loss-0.0005529, val_kl_loss-0.0000000
2025-03-05 07:17:00 - INFO - epoch-197, train_mse_loss-0.0003227, train_kl_loss-0.0000000, val_mse_loss-0.0004821, val_kl_loss-0.0000000
2025-03-05 07:21:12 - INFO - epoch-198, train_mse_loss-0.0003227, train_kl_loss-0.0000000, val_mse_loss-0.0004432, val_kl_loss-0.0000000
2025-03-05 07:25:24 - INFO - epoch-199, train_mse_loss-0.0003227, train_kl_loss-0.0000000, val_mse_loss-0.0004300, val_kl_loss-0.0000000
2025-03-05 07:29:37 - INFO - epoch-200, train_mse_loss-0.0003227, train_kl_loss-0.0000000, val_mse_loss-0.0004378, val_kl_loss-0.0000000
2025-03-05 07:33:49 - INFO - epoch-201, train_mse_loss-0.0003226, train_kl_loss-0.0000000, val_mse_loss-0.0004777, val_kl_loss-0.0000000
2025-03-05 07:38:01 - INFO - epoch-202, train_mse_loss-0.0003226, train_kl_loss-0.0000000, val_mse_loss-0.0004361, val_kl_loss-0.0000000
2025-03-05 07:42:13 - INFO - epoch-203, train_mse_loss-0.0003226, train_kl_loss-0.0000000, val_mse_loss-0.0004503, val_kl_loss-0.0000000
2025-03-05 07:46:25 - INFO - epoch-204, train_mse_loss-0.0003226, train_kl_loss-0.0000000, val_mse_loss-0.0004424, val_kl_loss-0.0000000
2025-03-05 07:50:37 - INFO - epoch-205, train_mse_loss-0.0003226, train_kl_loss-0.0000000, val_mse_loss-0.0004672, val_kl_loss-0.0000000
2025-03-05 07:54:48 - INFO - epoch-206, train_mse_loss-0.0003226, train_kl_loss-0.0000000, val_mse_loss-0.0004092, val_kl_loss-0.0000000
2025-03-05 07:59:00 - INFO - epoch-207, train_mse_loss-0.0003226, train_kl_loss-0.0000000, val_mse_loss-0.0004701, val_kl_loss-0.0000000
2025-03-05 08:03:12 - INFO - epoch-208, train_mse_loss-0.0003226, train_kl_loss-0.0000000, val_mse_loss-0.0004334, val_kl_loss-0.0000000
2025-03-05 08:07:23 - INFO - epoch-209, train_mse_loss-0.0003226, train_kl_loss-0.0000000, val_mse_loss-0.0004162, val_kl_loss-0.0000000
2025-03-05 08:11:36 - INFO - epoch-210, train_mse_loss-0.0003226, train_kl_loss-0.0000000, val_mse_loss-0.0004139, val_kl_loss-0.0000000
2025-03-05 08:15:48 - INFO - epoch-211, train_mse_loss-0.0003226, train_kl_loss-0.0000000, val_mse_loss-0.0004224, val_kl_loss-0.0000000
2025-03-05 08:20:01 - INFO - epoch-212, train_mse_loss-0.0003226, train_kl_loss-0.0000000, val_mse_loss-0.0004354, val_kl_loss-0.0000000
2025-03-05 08:24:13 - INFO - epoch-213, train_mse_loss-0.0003226, train_kl_loss-0.0000000, val_mse_loss-0.0004917, val_kl_loss-0.0000000
2025-03-05 08:28:28 - INFO - epoch-214, train_mse_loss-0.0003226, train_kl_loss-0.0000000, val_mse_loss-0.0004048, val_kl_loss-0.0000000
2025-03-05 08:32:43 - INFO - epoch-215, train_mse_loss-0.0003226, train_kl_loss-0.0000000, val_mse_loss-0.0004310, val_kl_loss-0.0000000
2025-03-05 08:36:57 - INFO - epoch-216, train_mse_loss-0.0003226, train_kl_loss-0.0000000, val_mse_loss-0.0004485, val_kl_loss-0.0000000
2025-03-05 08:41:11 - INFO - epoch-217, train_mse_loss-0.0003226, train_kl_loss-0.0000000, val_mse_loss-0.0004009, val_kl_loss-0.0000000
2025-03-05 08:45:25 - INFO - epoch-218, train_mse_loss-0.0003226, train_kl_loss-0.0000000, val_mse_loss-0.0003944, val_kl_loss-0.0000000
2025-03-05 08:49:39 - INFO - epoch-219, train_mse_loss-0.0003226, train_kl_loss-0.0000000, val_mse_loss-0.0004688, val_kl_loss-0.0000000
2025-03-05 08:53:54 - INFO - epoch-220, train_mse_loss-0.0003226, train_kl_loss-0.0000000, val_mse_loss-0.0004280, val_kl_loss-0.0000000
2025-03-05 08:58:08 - INFO - epoch-221, train_mse_loss-0.0003226, train_kl_loss-0.0000000, val_mse_loss-0.0004077, val_kl_loss-0.0000000
2025-03-05 09:02:23 - INFO - epoch-222, train_mse_loss-0.0003226, train_kl_loss-0.0000000, val_mse_loss-0.0004594, val_kl_loss-0.0000000
2025-03-05 09:06:37 - INFO - epoch-223, train_mse_loss-0.0003226, train_kl_loss-0.0000000, val_mse_loss-0.0004090, val_kl_loss-0.0000000
2025-03-05 09:10:52 - INFO - epoch-224, train_mse_loss-0.0003226, train_kl_loss-0.0000000, val_mse_loss-0.0004588, val_kl_loss-0.0000000
2025-03-05 09:15:07 - INFO - epoch-225, train_mse_loss-0.0003226, train_kl_loss-0.0000000, val_mse_loss-0.0004320, val_kl_loss-0.0000000
2025-03-05 09:19:22 - INFO - epoch-226, train_mse_loss-0.0003226, train_kl_loss-0.0000000, val_mse_loss-0.0004191, val_kl_loss-0.0000000
2025-03-05 09:23:39 - INFO - epoch-227, train_mse_loss-0.0003226, train_kl_loss-0.0000000, val_mse_loss-0.0004396, val_kl_loss-0.0000000
2025-03-05 09:27:54 - INFO - epoch-228, train_mse_loss-0.0003226, train_kl_loss-0.0000000, val_mse_loss-0.0004373, val_kl_loss-0.0000000
2025-03-05 09:32:07 - INFO - epoch-229, train_mse_loss-0.0003226, train_kl_loss-0.0000000, val_mse_loss-0.0004253, val_kl_loss-0.0000000
2025-03-05 09:36:21 - INFO - epoch-230, train_mse_loss-0.0003226, train_kl_loss-0.0000000, val_mse_loss-0.0004888, val_kl_loss-0.0000000
2025-03-05 09:40:37 - INFO - epoch-231, train_mse_loss-0.0003226, train_kl_loss-0.0000000, val_mse_loss-0.0004012, val_kl_loss-0.0000000
2025-03-05 09:44:52 - INFO - epoch-232, train_mse_loss-0.0003226, train_kl_loss-0.0000000, val_mse_loss-0.0004565, val_kl_loss-0.0000000
2025-03-05 09:49:08 - INFO - epoch-233, train_mse_loss-0.0003226, train_kl_loss-0.0000000, val_mse_loss-0.0004486, val_kl_loss-0.0000000
2025-03-05 09:53:20 - INFO - epoch-234, train_mse_loss-0.0003226, train_kl_loss-0.0000000, val_mse_loss-0.0004994, val_kl_loss-0.0000000
2025-03-05 09:57:33 - INFO - epoch-235, train_mse_loss-0.0003226, train_kl_loss-0.0000000, val_mse_loss-0.0005091, val_kl_loss-0.0000000
2025-03-05 10:01:45 - INFO - epoch-236, train_mse_loss-0.0003226, train_kl_loss-0.0000000, val_mse_loss-0.0003923, val_kl_loss-0.0000000
2025-03-05 10:05:59 - INFO - epoch-237, train_mse_loss-0.0003226, train_kl_loss-0.0000000, val_mse_loss-0.0004152, val_kl_loss-0.0000000
2025-03-05 10:10:13 - INFO - epoch-238, train_mse_loss-0.0003226, train_kl_loss-0.0000000, val_mse_loss-0.0004138, val_kl_loss-0.0000000
2025-03-05 10:14:26 - INFO - epoch-239, train_mse_loss-0.0003226, train_kl_loss-0.0000000, val_mse_loss-0.0004054, val_kl_loss-0.0000000
2025-03-05 10:18:40 - INFO - epoch-240, train_mse_loss-0.0003226, train_kl_loss-0.0000000, val_mse_loss-0.0004122, val_kl_loss-0.0000000
2025-03-05 10:22:52 - INFO - epoch-241, train_mse_loss-0.0003226, train_kl_loss-0.0000000, val_mse_loss-0.0004224, val_kl_loss-0.0000000
2025-03-05 10:27:05 - INFO - epoch-242, train_mse_loss-0.0003226, train_kl_loss-0.0000000, val_mse_loss-0.0004006, val_kl_loss-0.0000000
2025-03-05 10:31:21 - INFO - epoch-243, train_mse_loss-0.0003226, train_kl_loss-0.0000000, val_mse_loss-0.0004249, val_kl_loss-0.0000000
2025-03-05 10:35:34 - INFO - epoch-244, train_mse_loss-0.0003226, train_kl_loss-0.0000000, val_mse_loss-0.0004703, val_kl_loss-0.0000000
2025-03-05 10:39:47 - INFO - epoch-245, train_mse_loss-0.0003226, train_kl_loss-0.0000000, val_mse_loss-0.0004326, val_kl_loss-0.0000000
2025-03-05 10:44:00 - INFO - epoch-246, train_mse_loss-0.0003226, train_kl_loss-0.0000000, val_mse_loss-0.0004617, val_kl_loss-0.0000000
2025-03-05 10:48:13 - INFO - epoch-247, train_mse_loss-0.0003226, train_kl_loss-0.0000000, val_mse_loss-0.0004372, val_kl_loss-0.0000000
2025-03-05 10:52:25 - INFO - epoch-248, train_mse_loss-0.0003226, train_kl_loss-0.0000000, val_mse_loss-0.0004408, val_kl_loss-0.0000000
2025-03-05 10:56:38 - INFO - epoch-249, train_mse_loss-0.0003226, train_kl_loss-0.0000000, val_mse_loss-0.0004032, val_kl_loss-0.0000000
2025-03-05 11:00:50 - INFO - epoch-250, train_mse_loss-0.0003226, train_kl_loss-0.0000000, val_mse_loss-0.0004637, val_kl_loss-0.0000000
2025-03-05 11:05:05 - INFO - epoch-251, train_mse_loss-0.0003226, train_kl_loss-0.0000000, val_mse_loss-0.0004094, val_kl_loss-0.0000000
2025-03-05 11:09:18 - INFO - epoch-252, train_mse_loss-0.0003226, train_kl_loss-0.0000000, val_mse_loss-0.0003957, val_kl_loss-0.0000000
2025-03-05 11:13:32 - INFO - epoch-253, train_mse_loss-0.0003226, train_kl_loss-0.0000000, val_mse_loss-0.0004425, val_kl_loss-0.0000000
2025-03-05 11:17:45 - INFO - epoch-254, train_mse_loss-0.0003226, train_kl_loss-0.0000000, val_mse_loss-0.0004170, val_kl_loss-0.0000000
2025-03-05 11:21:58 - INFO - epoch-255, train_mse_loss-0.0003226, train_kl_loss-0.0000000, val_mse_loss-0.0005017, val_kl_loss-0.0000000
2025-03-05 11:26:11 - INFO - epoch-256, train_mse_loss-0.0003226, train_kl_loss-0.0000000, val_mse_loss-0.0004713, val_kl_loss-0.0000000
2025-03-05 11:30:23 - INFO - epoch-257, train_mse_loss-0.0003226, train_kl_loss-0.0000000, val_mse_loss-0.0004523, val_kl_loss-0.0000000
2025-03-05 11:34:36 - INFO - epoch-258, train_mse_loss-0.0003226, train_kl_loss-0.0000000, val_mse_loss-0.0004115, val_kl_loss-0.0000000
2025-03-05 11:38:52 - INFO - epoch-259, train_mse_loss-0.0003226, train_kl_loss-0.0000000, val_mse_loss-0.0004355, val_kl_loss-0.0000000
2025-03-05 11:43:05 - INFO - epoch-260, train_mse_loss-0.0003226, train_kl_loss-0.0000000, val_mse_loss-0.0004655, val_kl_loss-0.0000000
2025-03-05 11:47:17 - INFO - epoch-261, train_mse_loss-0.0003226, train_kl_loss-0.0000000, val_mse_loss-0.0004883, val_kl_loss-0.0000000
2025-03-05 11:51:30 - INFO - epoch-262, train_mse_loss-0.0003226, train_kl_loss-0.0000000, val_mse_loss-0.0004271, val_kl_loss-0.0000000
2025-03-05 11:55:43 - INFO - epoch-263, train_mse_loss-0.0003226, train_kl_loss-0.0000000, val_mse_loss-0.0005492, val_kl_loss-0.0000000
2025-03-05 11:59:56 - INFO - epoch-264, train_mse_loss-0.0003226, train_kl_loss-0.0000000, val_mse_loss-0.0004171, val_kl_loss-0.0000000
2025-03-05 12:04:08 - INFO - epoch-265, train_mse_loss-0.0003226, train_kl_loss-0.0000000, val_mse_loss-0.0004459, val_kl_loss-0.0000000
2025-03-05 12:08:21 - INFO - epoch-266, train_mse_loss-0.0003226, train_kl_loss-0.0000000, val_mse_loss-0.0004276, val_kl_loss-0.0000000
2025-03-05 12:12:33 - INFO - epoch-267, train_mse_loss-0.0003226, train_kl_loss-0.0000000, val_mse_loss-0.0004751, val_kl_loss-0.0000000
2025-03-05 12:16:45 - INFO - epoch-268, train_mse_loss-0.0003226, train_kl_loss-0.0000000, val_mse_loss-0.0004296, val_kl_loss-0.0000000
2025-03-05 12:20:57 - INFO - epoch-269, train_mse_loss-0.0003226, train_kl_loss-0.0000000, val_mse_loss-0.0005028, val_kl_loss-0.0000000
2025-03-05 12:25:09 - INFO - epoch-270, train_mse_loss-0.0003226, train_kl_loss-0.0000000, val_mse_loss-0.0005457, val_kl_loss-0.0000000
2025-03-05 12:29:23 - INFO - epoch-271, train_mse_loss-0.0003226, train_kl_loss-0.0000000, val_mse_loss-0.0004276, val_kl_loss-0.0000000
2025-03-05 12:33:35 - INFO - epoch-272, train_mse_loss-0.0003226, train_kl_loss-0.0000000, val_mse_loss-0.0005189, val_kl_loss-0.0000000
2025-03-05 12:37:49 - INFO - epoch-273, train_mse_loss-0.0003226, train_kl_loss-0.0000000, val_mse_loss-0.0004385, val_kl_loss-0.0000000
2025-03-05 12:42:03 - INFO - epoch-274, train_mse_loss-0.0003226, train_kl_loss-0.0000000, val_mse_loss-0.0004454, val_kl_loss-0.0000000
2025-03-05 12:46:15 - INFO - epoch-275, train_mse_loss-0.0003226, train_kl_loss-0.0000000, val_mse_loss-0.0004926, val_kl_loss-0.0000000
2025-03-05 12:50:28 - INFO - epoch-276, train_mse_loss-0.0003226, train_kl_loss-0.0000000, val_mse_loss-0.0004383, val_kl_loss-0.0000000
2025-03-05 12:54:40 - INFO - epoch-277, train_mse_loss-0.0003226, train_kl_loss-0.0000000, val_mse_loss-0.0004605, val_kl_loss-0.0000000
2025-03-05 12:58:53 - INFO - epoch-278, train_mse_loss-0.0003226, train_kl_loss-0.0000000, val_mse_loss-0.0004309, val_kl_loss-0.0000000
2025-03-05 13:03:06 - INFO - epoch-279, train_mse_loss-0.0003226, train_kl_loss-0.0000000, val_mse_loss-0.0004666, val_kl_loss-0.0000000
2025-03-05 13:07:20 - INFO - epoch-280, train_mse_loss-0.0003226, train_kl_loss-0.0000000, val_mse_loss-0.0004852, val_kl_loss-0.0000000
2025-03-05 13:11:33 - INFO - epoch-281, train_mse_loss-0.0003226, train_kl_loss-0.0000000, val_mse_loss-0.0004352, val_kl_loss-0.0000000
2025-03-05 13:15:46 - INFO - epoch-282, train_mse_loss-0.0003226, train_kl_loss-0.0000000, val_mse_loss-0.0004472, val_kl_loss-0.0000000
2025-03-05 13:19:59 - INFO - epoch-283, train_mse_loss-0.0003226, train_kl_loss-0.0000000, val_mse_loss-0.0004273, val_kl_loss-0.0000000
2025-03-05 13:24:11 - INFO - epoch-284, train_mse_loss-0.0003226, train_kl_loss-0.0000000, val_mse_loss-0.0004992, val_kl_loss-0.0000000
2025-03-05 13:28:24 - INFO - epoch-285, train_mse_loss-0.0003226, train_kl_loss-0.0000000, val_mse_loss-0.0004584, val_kl_loss-0.0000000
2025-03-05 13:32:37 - INFO - epoch-286, train_mse_loss-0.0003226, train_kl_loss-0.0000000, val_mse_loss-0.0005574, val_kl_loss-0.0000000
2025-03-05 13:36:48 - INFO - epoch-287, train_mse_loss-0.0003226, train_kl_loss-0.0000000, val_mse_loss-0.0004997, val_kl_loss-0.0000000
2025-03-05 13:41:02 - INFO - epoch-288, train_mse_loss-0.0003226, train_kl_loss-0.0000000, val_mse_loss-0.0005147, val_kl_loss-0.0000000
2025-03-05 13:45:22 - INFO - epoch-289, train_mse_loss-0.0003226, train_kl_loss-0.0000000, val_mse_loss-0.0004364, val_kl_loss-0.0000000
2025-03-05 13:49:41 - INFO - epoch-290, train_mse_loss-0.0003226, train_kl_loss-0.0000000, val_mse_loss-0.0004283, val_kl_loss-0.0000000
2025-03-05 13:54:00 - INFO - epoch-291, train_mse_loss-0.0003226, train_kl_loss-0.0000000, val_mse_loss-0.0004487, val_kl_loss-0.0000000
2025-03-05 13:58:17 - INFO - epoch-292, train_mse_loss-0.0003226, train_kl_loss-0.0000000, val_mse_loss-0.0005169, val_kl_loss-0.0000000
2025-03-05 14:02:35 - INFO - epoch-293, train_mse_loss-0.0003226, train_kl_loss-0.0000000, val_mse_loss-0.0004168, val_kl_loss-0.0000000
2025-03-05 14:06:50 - INFO - epoch-294, train_mse_loss-0.0003226, train_kl_loss-0.0000000, val_mse_loss-0.0004734, val_kl_loss-0.0000000
2025-03-05 14:11:13 - INFO - epoch-295, train_mse_loss-0.0003226, train_kl_loss-0.0000000, val_mse_loss-0.0004472, val_kl_loss-0.0000000
2025-03-05 14:19:25 - INFO - epoch-296, train_mse_loss-0.0003226, train_kl_loss-0.0000000, val_mse_loss-0.0005299, val_kl_loss-0.0000000
2025-03-05 14:24:45 - INFO - epoch-297, train_mse_loss-0.0003226, train_kl_loss-0.0000000, val_mse_loss-0.0004583, val_kl_loss-0.0000000
2025-03-05 14:30:41 - INFO - epoch-298, train_mse_loss-0.0003226, train_kl_loss-0.0000000, val_mse_loss-0.0004305, val_kl_loss-0.0000000
2025-03-05 14:35:56 - INFO - epoch-299, train_mse_loss-0.0003226, train_kl_loss-0.0000000, val_mse_loss-0.0004277, val_kl_loss-0.0000000
2025-03-05 14:45:34 - INFO - epoch-300, train_mse_loss-0.0003226, train_kl_loss-0.0000000, val_mse_loss-0.0006152, val_kl_loss-0.0000000
2025-03-05 14:50:25 - INFO - epoch-301, train_mse_loss-0.0003226, train_kl_loss-0.0000000, val_mse_loss-0.0005491, val_kl_loss-0.0000000
2025-03-05 14:54:42 - INFO - epoch-302, train_mse_loss-0.0003226, train_kl_loss-0.0000000, val_mse_loss-0.0004963, val_kl_loss-0.0000000
2025-03-05 14:59:34 - INFO - epoch-303, train_mse_loss-0.0003226, train_kl_loss-0.0000000, val_mse_loss-0.0004704, val_kl_loss-0.0000000
2025-03-05 15:05:01 - INFO - epoch-304, train_mse_loss-0.0003226, train_kl_loss-0.0000000, val_mse_loss-0.0004808, val_kl_loss-0.0000000
2025-03-05 15:11:42 - INFO - epoch-305, train_mse_loss-0.0003226, train_kl_loss-0.0000000, val_mse_loss-0.0005259, val_kl_loss-0.0000000
2025-03-05 15:17:35 - INFO - epoch-306, train_mse_loss-0.0003226, train_kl_loss-0.0000000, val_mse_loss-0.0005072, val_kl_loss-0.0000000
2025-03-05 15:22:28 - INFO - epoch-307, train_mse_loss-0.0003226, train_kl_loss-0.0000000, val_mse_loss-0.0004349, val_kl_loss-0.0000000
2025-03-05 15:27:21 - INFO - epoch-308, train_mse_loss-0.0003226, train_kl_loss-0.0000000, val_mse_loss-0.0004846, val_kl_loss-0.0000000
2025-03-05 15:33:25 - INFO - epoch-309, train_mse_loss-0.0003226, train_kl_loss-0.0000000, val_mse_loss-0.0004220, val_kl_loss-0.0000000
2025-03-05 15:40:38 - INFO - epoch-310, train_mse_loss-0.0003226, train_kl_loss-0.0000000, val_mse_loss-0.0004946, val_kl_loss-0.0000000
2025-03-05 15:45:09 - INFO - epoch-311, train_mse_loss-0.0003226, train_kl_loss-0.0000000, val_mse_loss-0.0004947, val_kl_loss-0.0000000
2025-03-05 15:49:22 - INFO - epoch-312, train_mse_loss-0.0003226, train_kl_loss-0.0000000, val_mse_loss-0.0004395, val_kl_loss-0.0000000
2025-03-05 15:53:37 - INFO - epoch-313, train_mse_loss-0.0003226, train_kl_loss-0.0000000, val_mse_loss-0.0004522, val_kl_loss-0.0000000
2025-03-05 15:57:58 - INFO - epoch-314, train_mse_loss-0.0003226, train_kl_loss-0.0000000, val_mse_loss-0.0004411, val_kl_loss-0.0000000
2025-03-05 16:02:14 - INFO - epoch-315, train_mse_loss-0.0003226, train_kl_loss-0.0000000, val_mse_loss-0.0005193, val_kl_loss-0.0000000
2025-03-05 16:09:02 - INFO - epoch-316, train_mse_loss-0.0003226, train_kl_loss-0.0000000, val_mse_loss-0.0004967, val_kl_loss-0.0000000
2025-03-05 16:13:53 - INFO - epoch-317, train_mse_loss-0.0003226, train_kl_loss-0.0000000, val_mse_loss-0.0005042, val_kl_loss-0.0000000
2025-03-05 16:18:30 - INFO - epoch-318, train_mse_loss-0.0003226, train_kl_loss-0.0000000, val_mse_loss-0.0004614, val_kl_loss-0.0000000
2025-03-05 16:22:43 - INFO - epoch-319, train_mse_loss-0.0003226, train_kl_loss-0.0000000, val_mse_loss-0.0004757, val_kl_loss-0.0000000
2025-03-05 16:28:21 - INFO - epoch-320, train_mse_loss-0.0003226, train_kl_loss-0.0000000, val_mse_loss-0.0004542, val_kl_loss-0.0000000
2025-03-05 16:35:57 - INFO - epoch-321, train_mse_loss-0.0003226, train_kl_loss-0.0000000, val_mse_loss-0.0004501, val_kl_loss-0.0000000
2025-03-05 16:40:23 - INFO - epoch-322, train_mse_loss-0.0003226, train_kl_loss-0.0000000, val_mse_loss-0.0004481, val_kl_loss-0.0000000
2025-03-05 16:44:37 - INFO - epoch-323, train_mse_loss-0.0003226, train_kl_loss-0.0000000, val_mse_loss-0.0004743, val_kl_loss-0.0000000
2025-03-05 16:48:51 - INFO - epoch-324, train_mse_loss-0.0003226, train_kl_loss-0.0000000, val_mse_loss-0.0004579, val_kl_loss-0.0000000
2025-03-05 16:53:12 - INFO - epoch-325, train_mse_loss-0.0003226, train_kl_loss-0.0000000, val_mse_loss-0.0005083, val_kl_loss-0.0000000
2025-03-05 16:58:07 - INFO - epoch-326, train_mse_loss-0.0003226, train_kl_loss-0.0000000, val_mse_loss-0.0004511, val_kl_loss-0.0000000
2025-03-05 17:05:01 - INFO - epoch-327, train_mse_loss-0.0003226, train_kl_loss-0.0000000, val_mse_loss-0.0004220, val_kl_loss-0.0000000
2025-03-05 17:10:25 - INFO - epoch-328, train_mse_loss-0.0003226, train_kl_loss-0.0000000, val_mse_loss-0.0005175, val_kl_loss-0.0000000
2025-03-05 17:18:52 - INFO - epoch-329, train_mse_loss-0.0003226, train_kl_loss-0.0000000, val_mse_loss-0.0004614, val_kl_loss-0.0000000
2025-03-05 17:24:26 - INFO - epoch-330, train_mse_loss-0.0003226, train_kl_loss-0.0000000, val_mse_loss-0.0004367, val_kl_loss-0.0000000
2025-03-05 17:28:51 - INFO - epoch-331, train_mse_loss-0.0003226, train_kl_loss-0.0000000, val_mse_loss-0.0004538, val_kl_loss-0.0000000
2025-03-05 17:33:12 - INFO - epoch-332, train_mse_loss-0.0003226, train_kl_loss-0.0000000, val_mse_loss-0.0006353, val_kl_loss-0.0000000
2025-03-05 17:37:30 - INFO - epoch-333, train_mse_loss-0.0003226, train_kl_loss-0.0000000, val_mse_loss-0.0004799, val_kl_loss-0.0000000
2025-03-05 17:41:45 - INFO - epoch-334, train_mse_loss-0.0003226, train_kl_loss-0.0000000, val_mse_loss-0.0004892, val_kl_loss-0.0000000
2025-03-05 17:46:02 - INFO - epoch-335, train_mse_loss-0.0003226, train_kl_loss-0.0000000, val_mse_loss-0.0005562, val_kl_loss-0.0000000
2025-03-05 17:50:18 - INFO - epoch-336, train_mse_loss-0.0003226, train_kl_loss-0.0000000, val_mse_loss-0.0004634, val_kl_loss-0.0000000
2025-03-05 17:54:33 - INFO - epoch-337, train_mse_loss-0.0003226, train_kl_loss-0.0000000, val_mse_loss-0.0004629, val_kl_loss-0.0000000
2025-03-05 17:58:51 - INFO - epoch-338, train_mse_loss-0.0003226, train_kl_loss-0.0000000, val_mse_loss-0.0005240, val_kl_loss-0.0000000
2025-03-05 18:03:07 - INFO - epoch-339, train_mse_loss-0.0003226, train_kl_loss-0.0000000, val_mse_loss-0.0004663, val_kl_loss-0.0000000
2025-03-05 18:07:23 - INFO - epoch-340, train_mse_loss-0.0003226, train_kl_loss-0.0000000, val_mse_loss-0.0005863, val_kl_loss-0.0000000
2025-03-05 18:11:39 - INFO - epoch-341, train_mse_loss-0.0003226, train_kl_loss-0.0000000, val_mse_loss-0.0005777, val_kl_loss-0.0000000
2025-03-05 18:15:54 - INFO - epoch-342, train_mse_loss-0.0003226, train_kl_loss-0.0000000, val_mse_loss-0.0004882, val_kl_loss-0.0000000
2025-03-05 18:20:12 - INFO - epoch-343, train_mse_loss-0.0003226, train_kl_loss-0.0000000, val_mse_loss-0.0005440, val_kl_loss-0.0000000
2025-03-05 18:24:28 - INFO - epoch-344, train_mse_loss-0.0003226, train_kl_loss-0.0000000, val_mse_loss-0.0004987, val_kl_loss-0.0000000
2025-03-05 18:28:42 - INFO - epoch-345, train_mse_loss-0.0003226, train_kl_loss-0.0000000, val_mse_loss-0.0004977, val_kl_loss-0.0000000
2025-03-05 18:32:57 - INFO - epoch-346, train_mse_loss-0.0003226, train_kl_loss-0.0000000, val_mse_loss-0.0004914, val_kl_loss-0.0000000
2025-03-05 18:37:09 - INFO - epoch-347, train_mse_loss-0.0003226, train_kl_loss-0.0000000, val_mse_loss-0.0004885, val_kl_loss-0.0000000
2025-03-05 18:41:25 - INFO - epoch-348, train_mse_loss-0.0003226, train_kl_loss-0.0000000, val_mse_loss-0.0005743, val_kl_loss-0.0000000
2025-03-05 18:45:40 - INFO - epoch-349, train_mse_loss-0.0003226, train_kl_loss-0.0000000, val_mse_loss-0.0004874, val_kl_loss-0.0000000
2025-03-05 18:49:55 - INFO - epoch-350, train_mse_loss-0.0003226, train_kl_loss-0.0000000, val_mse_loss-0.0004505, val_kl_loss-0.0000000
2025-03-05 18:54:10 - INFO - epoch-351, train_mse_loss-0.0003226, train_kl_loss-0.0000000, val_mse_loss-0.0004795, val_kl_loss-0.0000000
2025-03-05 18:58:25 - INFO - epoch-352, train_mse_loss-0.0003226, train_kl_loss-0.0000000, val_mse_loss-0.0004466, val_kl_loss-0.0000000
2025-03-05 19:02:39 - INFO - epoch-353, train_mse_loss-0.0003226, train_kl_loss-0.0000000, val_mse_loss-0.0005006, val_kl_loss-0.0000000
2025-03-05 19:06:54 - INFO - epoch-354, train_mse_loss-0.0003226, train_kl_loss-0.0000000, val_mse_loss-0.0004954, val_kl_loss-0.0000000
2025-03-05 19:11:08 - INFO - epoch-355, train_mse_loss-0.0003226, train_kl_loss-0.0000000, val_mse_loss-0.0004968, val_kl_loss-0.0000000
2025-03-05 19:15:24 - INFO - epoch-356, train_mse_loss-0.0003226, train_kl_loss-0.0000000, val_mse_loss-0.0005190, val_kl_loss-0.0000000
2025-03-05 19:19:39 - INFO - epoch-357, train_mse_loss-0.0003226, train_kl_loss-0.0000000, val_mse_loss-0.0005235, val_kl_loss-0.0000000
2025-03-05 19:23:55 - INFO - epoch-358, train_mse_loss-0.0003226, train_kl_loss-0.0000000, val_mse_loss-0.0005035, val_kl_loss-0.0000000
2025-03-05 19:28:10 - INFO - epoch-359, train_mse_loss-0.0003226, train_kl_loss-0.0000000, val_mse_loss-0.0004425, val_kl_loss-0.0000000
2025-03-05 19:32:25 - INFO - epoch-360, train_mse_loss-0.0003226, train_kl_loss-0.0000000, val_mse_loss-0.0004524, val_kl_loss-0.0000000
2025-03-05 19:36:44 - INFO - epoch-361, train_mse_loss-0.0003226, train_kl_loss-0.0000000, val_mse_loss-0.0004736, val_kl_loss-0.0000000
2025-03-05 19:41:09 - INFO - epoch-362, train_mse_loss-0.0003226, train_kl_loss-0.0000000, val_mse_loss-0.0005408, val_kl_loss-0.0000000
2025-03-05 19:45:30 - INFO - epoch-363, train_mse_loss-0.0003226, train_kl_loss-0.0000000, val_mse_loss-0.0005518, val_kl_loss-0.0000000
2025-03-05 19:49:49 - INFO - epoch-364, train_mse_loss-0.0003226, train_kl_loss-0.0000000, val_mse_loss-0.0004776, val_kl_loss-0.0000000
2025-03-05 19:54:04 - INFO - epoch-365, train_mse_loss-0.0003226, train_kl_loss-0.0000000, val_mse_loss-0.0004520, val_kl_loss-0.0000000
2025-03-05 19:58:18 - INFO - epoch-366, train_mse_loss-0.0003226, train_kl_loss-0.0000000, val_mse_loss-0.0005073, val_kl_loss-0.0000000
2025-03-05 20:02:31 - INFO - epoch-367, train_mse_loss-0.0003226, train_kl_loss-0.0000000, val_mse_loss-0.0004780, val_kl_loss-0.0000000
2025-03-05 20:06:46 - INFO - epoch-368, train_mse_loss-0.0003226, train_kl_loss-0.0000000, val_mse_loss-0.0005343, val_kl_loss-0.0000000
2025-03-05 20:10:59 - INFO - epoch-369, train_mse_loss-0.0003226, train_kl_loss-0.0000000, val_mse_loss-0.0004963, val_kl_loss-0.0000000
2025-03-05 20:15:13 - INFO - epoch-370, train_mse_loss-0.0003226, train_kl_loss-0.0000000, val_mse_loss-0.0005643, val_kl_loss-0.0000000
2025-03-05 20:19:26 - INFO - epoch-371, train_mse_loss-0.0003226, train_kl_loss-0.0000000, val_mse_loss-0.0005644, val_kl_loss-0.0000000
2025-03-05 20:23:40 - INFO - epoch-372, train_mse_loss-0.0003226, train_kl_loss-0.0000000, val_mse_loss-0.0006614, val_kl_loss-0.0000000
2025-03-05 20:27:54 - INFO - epoch-373, train_mse_loss-0.0003226, train_kl_loss-0.0000000, val_mse_loss-0.0005308, val_kl_loss-0.0000000
2025-03-05 20:32:11 - INFO - epoch-374, train_mse_loss-0.0003226, train_kl_loss-0.0000000, val_mse_loss-0.0006515, val_kl_loss-0.0000000
2025-03-05 20:36:26 - INFO - epoch-375, train_mse_loss-0.0003226, train_kl_loss-0.0000000, val_mse_loss-0.0005736, val_kl_loss-0.0000000
2025-03-05 20:40:41 - INFO - epoch-376, train_mse_loss-0.0003226, train_kl_loss-0.0000000, val_mse_loss-0.0005211, val_kl_loss-0.0000000
2025-03-05 20:44:54 - INFO - epoch-377, train_mse_loss-0.0003226, train_kl_loss-0.0000000, val_mse_loss-0.0004952, val_kl_loss-0.0000000
2025-03-05 20:49:07 - INFO - epoch-378, train_mse_loss-0.0003226, train_kl_loss-0.0000000, val_mse_loss-0.0005813, val_kl_loss-0.0000000
2025-03-05 20:53:22 - INFO - epoch-379, train_mse_loss-0.0003226, train_kl_loss-0.0000000, val_mse_loss-0.0005406, val_kl_loss-0.0000000
2025-03-05 20:57:36 - INFO - epoch-380, train_mse_loss-0.0003226, train_kl_loss-0.0000000, val_mse_loss-0.0005042, val_kl_loss-0.0000000
2025-03-05 21:01:49 - INFO - epoch-381, train_mse_loss-0.0003226, train_kl_loss-0.0000000, val_mse_loss-0.0004960, val_kl_loss-0.0000000
2025-03-05 21:06:04 - INFO - epoch-382, train_mse_loss-0.0003226, train_kl_loss-0.0000000, val_mse_loss-0.0005889, val_kl_loss-0.0000000
2025-03-05 21:10:17 - INFO - epoch-383, train_mse_loss-0.0003226, train_kl_loss-0.0000000, val_mse_loss-0.0006072, val_kl_loss-0.0000000
2025-03-05 21:14:31 - INFO - epoch-384, train_mse_loss-0.0003226, train_kl_loss-0.0000000, val_mse_loss-0.0006338, val_kl_loss-0.0000000
2025-03-05 21:18:44 - INFO - epoch-385, train_mse_loss-0.0003226, train_kl_loss-0.0000000, val_mse_loss-0.0005377, val_kl_loss-0.0000000
2025-03-05 21:22:57 - INFO - epoch-386, train_mse_loss-0.0003226, train_kl_loss-0.0000000, val_mse_loss-0.0006072, val_kl_loss-0.0000000
2025-03-05 21:27:10 - INFO - epoch-387, train_mse_loss-0.0003226, train_kl_loss-0.0000000, val_mse_loss-0.0006106, val_kl_loss-0.0000000
2025-03-05 21:31:23 - INFO - epoch-388, train_mse_loss-0.0003226, train_kl_loss-0.0000000, val_mse_loss-0.0005363, val_kl_loss-0.0000000
2025-03-05 21:35:37 - INFO - epoch-389, train_mse_loss-0.0003226, train_kl_loss-0.0000000, val_mse_loss-0.0006753, val_kl_loss-0.0000000
2025-03-05 21:39:53 - INFO - epoch-390, train_mse_loss-0.0003226, train_kl_loss-0.0000000, val_mse_loss-0.0005595, val_kl_loss-0.0000000
2025-03-05 21:44:06 - INFO - epoch-391, train_mse_loss-0.0003226, train_kl_loss-0.0000000, val_mse_loss-0.0005493, val_kl_loss-0.0000000
2025-03-05 21:48:19 - INFO - epoch-392, train_mse_loss-0.0003226, train_kl_loss-0.0000000, val_mse_loss-0.0005455, val_kl_loss-0.0000000
2025-03-05 21:52:36 - INFO - epoch-393, train_mse_loss-0.0003226, train_kl_loss-0.0000000, val_mse_loss-0.0005824, val_kl_loss-0.0000000
2025-03-05 21:56:58 - INFO - epoch-394, train_mse_loss-0.0003226, train_kl_loss-0.0000000, val_mse_loss-0.0005340, val_kl_loss-0.0000000
2025-03-05 22:01:24 - INFO - epoch-395, train_mse_loss-0.0003226, train_kl_loss-0.0000000, val_mse_loss-0.0006002, val_kl_loss-0.0000000
2025-03-05 22:05:44 - INFO - epoch-396, train_mse_loss-0.0003226, train_kl_loss-0.0000000, val_mse_loss-0.0004854, val_kl_loss-0.0000000
2025-03-05 22:10:08 - INFO - epoch-397, train_mse_loss-0.0003226, train_kl_loss-0.0000000, val_mse_loss-0.0005572, val_kl_loss-0.0000000
2025-03-05 22:14:24 - INFO - epoch-398, train_mse_loss-0.0003226, train_kl_loss-0.0000000, val_mse_loss-0.0004980, val_kl_loss-0.0000000
2025-03-05 22:18:45 - INFO - epoch-399, train_mse_loss-0.0003226, train_kl_loss-0.0000000, val_mse_loss-0.0005656, val_kl_loss-0.0000000
2025-03-05 22:23:05 - INFO - epoch-400, train_mse_loss-0.0003226, train_kl_loss-0.0000000, val_mse_loss-0.0005411, val_kl_loss-0.0000000
2025-03-05 22:27:24 - INFO - epoch-401, train_mse_loss-0.0003226, train_kl_loss-0.0000000, val_mse_loss-0.0005151, val_kl_loss-0.0000000
2025-03-05 22:31:44 - INFO - epoch-402, train_mse_loss-0.0003226, train_kl_loss-0.0000000, val_mse_loss-0.0005400, val_kl_loss-0.0000000
2025-03-05 22:36:02 - INFO - epoch-403, train_mse_loss-0.0003226, train_kl_loss-0.0000000, val_mse_loss-0.0004876, val_kl_loss-0.0000000
2025-03-05 22:40:19 - INFO - epoch-404, train_mse_loss-0.0003226, train_kl_loss-0.0000000, val_mse_loss-0.0005563, val_kl_loss-0.0000000
2025-03-05 22:44:37 - INFO - epoch-405, train_mse_loss-0.0003226, train_kl_loss-0.0000000, val_mse_loss-0.0006059, val_kl_loss-0.0000000
2025-03-05 22:48:55 - INFO - epoch-406, train_mse_loss-0.0003226, train_kl_loss-0.0000000, val_mse_loss-0.0005354, val_kl_loss-0.0000000
2025-03-05 22:53:16 - INFO - epoch-407, train_mse_loss-0.0003226, train_kl_loss-0.0000000, val_mse_loss-0.0005062, val_kl_loss-0.0000000
2025-03-05 22:57:31 - INFO - epoch-408, train_mse_loss-0.0003226, train_kl_loss-0.0000000, val_mse_loss-0.0006261, val_kl_loss-0.0000000
2025-03-05 23:01:47 - INFO - epoch-409, train_mse_loss-0.0003226, train_kl_loss-0.0000000, val_mse_loss-0.0005833, val_kl_loss-0.0000000
2025-03-05 23:05:59 - INFO - epoch-410, train_mse_loss-0.0003226, train_kl_loss-0.0000000, val_mse_loss-0.0005674, val_kl_loss-0.0000000
2025-03-05 23:10:12 - INFO - epoch-411, train_mse_loss-0.0003226, train_kl_loss-0.0000000, val_mse_loss-0.0005405, val_kl_loss-0.0000000
2025-03-05 23:14:25 - INFO - epoch-412, train_mse_loss-0.0003226, train_kl_loss-0.0000000, val_mse_loss-0.0005737, val_kl_loss-0.0000000
2025-03-05 23:18:38 - INFO - epoch-413, train_mse_loss-0.0003226, train_kl_loss-0.0000000, val_mse_loss-0.0005430, val_kl_loss-0.0000000
2025-03-05 23:22:51 - INFO - epoch-414, train_mse_loss-0.0003226, train_kl_loss-0.0000000, val_mse_loss-0.0006429, val_kl_loss-0.0000000
2025-03-05 23:27:03 - INFO - epoch-415, train_mse_loss-0.0003226, train_kl_loss-0.0000000, val_mse_loss-0.0005516, val_kl_loss-0.0000000
2025-03-05 23:31:16 - INFO - epoch-416, train_mse_loss-0.0003226, train_kl_loss-0.0000000, val_mse_loss-0.0004943, val_kl_loss-0.0000000
2025-03-05 23:35:28 - INFO - epoch-417, train_mse_loss-0.0003226, train_kl_loss-0.0000000, val_mse_loss-0.0005490, val_kl_loss-0.0000000
2025-03-05 23:39:41 - INFO - epoch-418, train_mse_loss-0.0003226, train_kl_loss-0.0000000, val_mse_loss-0.0006272, val_kl_loss-0.0000000
2025-03-05 23:43:53 - INFO - epoch-419, train_mse_loss-0.0003226, train_kl_loss-0.0000000, val_mse_loss-0.0006161, val_kl_loss-0.0000000
2025-03-05 23:48:06 - INFO - epoch-420, train_mse_loss-0.0003226, train_kl_loss-0.0000000, val_mse_loss-0.0005681, val_kl_loss-0.0000000
2025-03-05 23:52:22 - INFO - epoch-421, train_mse_loss-0.0003226, train_kl_loss-0.0000000, val_mse_loss-0.0005781, val_kl_loss-0.0000000
2025-03-05 23:56:36 - INFO - epoch-422, train_mse_loss-0.0003226, train_kl_loss-0.0000000, val_mse_loss-0.0007094, val_kl_loss-0.0000000
2025-03-06 00:00:49 - INFO - epoch-423, train_mse_loss-0.0003226, train_kl_loss-0.0000000, val_mse_loss-0.0005251, val_kl_loss-0.0000000
2025-03-06 00:05:02 - INFO - epoch-424, train_mse_loss-0.0003226, train_kl_loss-0.0000000, val_mse_loss-0.0005134, val_kl_loss-0.0000000
2025-03-06 00:09:16 - INFO - epoch-425, train_mse_loss-0.0003226, train_kl_loss-0.0000000, val_mse_loss-0.0005696, val_kl_loss-0.0000000
2025-03-06 00:13:28 - INFO - epoch-426, train_mse_loss-0.0003226, train_kl_loss-0.0000000, val_mse_loss-0.0005053, val_kl_loss-0.0000000
2025-03-06 00:17:41 - INFO - epoch-427, train_mse_loss-0.0003226, train_kl_loss-0.0000000, val_mse_loss-0.0006183, val_kl_loss-0.0000000
2025-03-06 00:21:56 - INFO - epoch-428, train_mse_loss-0.0003226, train_kl_loss-0.0000000, val_mse_loss-0.0005484, val_kl_loss-0.0000000
2025-03-06 00:26:09 - INFO - epoch-429, train_mse_loss-0.0003226, train_kl_loss-0.0000000, val_mse_loss-0.0005506, val_kl_loss-0.0000000
2025-03-06 00:30:21 - INFO - epoch-430, train_mse_loss-0.0003226, train_kl_loss-0.0000000, val_mse_loss-0.0006660, val_kl_loss-0.0000000
2025-03-06 00:34:34 - INFO - epoch-431, train_mse_loss-0.0003226, train_kl_loss-0.0000000, val_mse_loss-0.0005183, val_kl_loss-0.0000000
2025-03-06 00:38:47 - INFO - epoch-432, train_mse_loss-0.0003226, train_kl_loss-0.0000000, val_mse_loss-0.0005388, val_kl_loss-0.0000000
2025-03-06 00:43:00 - INFO - epoch-433, train_mse_loss-0.0003226, train_kl_loss-0.0000000, val_mse_loss-0.0005299, val_kl_loss-0.0000000
2025-03-06 00:47:13 - INFO - epoch-434, train_mse_loss-0.0003226, train_kl_loss-0.0000000, val_mse_loss-0.0004724, val_kl_loss-0.0000000
2025-03-06 00:51:25 - INFO - epoch-435, train_mse_loss-0.0003226, train_kl_loss-0.0000000, val_mse_loss-0.0005452, val_kl_loss-0.0000000
2025-03-06 00:55:38 - INFO - epoch-436, train_mse_loss-0.0003226, train_kl_loss-0.0000000, val_mse_loss-0.0005549, val_kl_loss-0.0000000
2025-03-06 00:59:51 - INFO - epoch-437, train_mse_loss-0.0003226, train_kl_loss-0.0000000, val_mse_loss-0.0005167, val_kl_loss-0.0000000
2025-03-06 01:04:03 - INFO - epoch-438, train_mse_loss-0.0003226, train_kl_loss-0.0000000, val_mse_loss-0.0005254, val_kl_loss-0.0000000
2025-03-06 01:08:18 - INFO - epoch-439, train_mse_loss-0.0003226, train_kl_loss-0.0000000, val_mse_loss-0.0005153, val_kl_loss-0.0000000
2025-03-06 01:12:31 - INFO - epoch-440, train_mse_loss-0.0003226, train_kl_loss-0.0000000, val_mse_loss-0.0005262, val_kl_loss-0.0000000
2025-03-06 01:16:43 - INFO - epoch-441, train_mse_loss-0.0003226, train_kl_loss-0.0000000, val_mse_loss-0.0005022, val_kl_loss-0.0000000
2025-03-06 01:20:56 - INFO - epoch-442, train_mse_loss-0.0003226, train_kl_loss-0.0000000, val_mse_loss-0.0005102, val_kl_loss-0.0000000
2025-03-06 01:25:09 - INFO - epoch-443, train_mse_loss-0.0003226, train_kl_loss-0.0000000, val_mse_loss-0.0005173, val_kl_loss-0.0000000
2025-03-06 01:29:21 - INFO - epoch-444, train_mse_loss-0.0003226, train_kl_loss-0.0000000, val_mse_loss-0.0004884, val_kl_loss-0.0000000
2025-03-06 01:33:34 - INFO - epoch-445, train_mse_loss-0.0003226, train_kl_loss-0.0000000, val_mse_loss-0.0006713, val_kl_loss-0.0000000
2025-03-06 01:37:46 - INFO - epoch-446, train_mse_loss-0.0003226, train_kl_loss-0.0000000, val_mse_loss-0.0005277, val_kl_loss-0.0000000
2025-03-06 01:41:58 - INFO - epoch-447, train_mse_loss-0.0003226, train_kl_loss-0.0000000, val_mse_loss-0.0006795, val_kl_loss-0.0000000
2025-03-06 01:46:11 - INFO - epoch-448, train_mse_loss-0.0003226, train_kl_loss-0.0000000, val_mse_loss-0.0005862, val_kl_loss-0.0000000
2025-03-06 01:50:23 - INFO - epoch-449, train_mse_loss-0.0003226, train_kl_loss-0.0000000, val_mse_loss-0.0004850, val_kl_loss-0.0000000
2025-03-06 01:54:36 - INFO - epoch-450, train_mse_loss-0.0003226, train_kl_loss-0.0000000, val_mse_loss-0.0005660, val_kl_loss-0.0000000
2025-03-06 01:58:49 - INFO - epoch-451, train_mse_loss-0.0003226, train_kl_loss-0.0000000, val_mse_loss-0.0005064, val_kl_loss-0.0000000
2025-03-06 02:03:02 - INFO - epoch-452, train_mse_loss-0.0003226, train_kl_loss-0.0000000, val_mse_loss-0.0005608, val_kl_loss-0.0000000
2025-03-06 02:07:14 - INFO - epoch-453, train_mse_loss-0.0003226, train_kl_loss-0.0000000, val_mse_loss-0.0005462, val_kl_loss-0.0000000
2025-03-06 02:11:27 - INFO - epoch-454, train_mse_loss-0.0003226, train_kl_loss-0.0000000, val_mse_loss-0.0005077, val_kl_loss-0.0000000
2025-03-06 02:15:40 - INFO - epoch-455, train_mse_loss-0.0003226, train_kl_loss-0.0000000, val_mse_loss-0.0006340, val_kl_loss-0.0000000
2025-03-06 02:19:52 - INFO - epoch-456, train_mse_loss-0.0003226, train_kl_loss-0.0000000, val_mse_loss-0.0004828, val_kl_loss-0.0000000
2025-03-06 02:24:05 - INFO - epoch-457, train_mse_loss-0.0003226, train_kl_loss-0.0000000, val_mse_loss-0.0005121, val_kl_loss-0.0000000
2025-03-06 02:28:17 - INFO - epoch-458, train_mse_loss-0.0003226, train_kl_loss-0.0000000, val_mse_loss-0.0006771, val_kl_loss-0.0000000
2025-03-06 02:32:30 - INFO - epoch-459, train_mse_loss-0.0003226, train_kl_loss-0.0000000, val_mse_loss-0.0005375, val_kl_loss-0.0000000
2025-03-06 02:36:43 - INFO - epoch-460, train_mse_loss-0.0003226, train_kl_loss-0.0000000, val_mse_loss-0.0005255, val_kl_loss-0.0000000
2025-03-06 02:40:57 - INFO - epoch-461, train_mse_loss-0.0003226, train_kl_loss-0.0000000, val_mse_loss-0.0005809, val_kl_loss-0.0000000
2025-03-06 02:45:10 - INFO - epoch-462, train_mse_loss-0.0003226, train_kl_loss-0.0000000, val_mse_loss-0.0005624, val_kl_loss-0.0000000
2025-03-06 02:49:24 - INFO - epoch-463, train_mse_loss-0.0003226, train_kl_loss-0.0000000, val_mse_loss-0.0005649, val_kl_loss-0.0000000
2025-03-06 02:53:37 - INFO - epoch-464, train_mse_loss-0.0003226, train_kl_loss-0.0000000, val_mse_loss-0.0005201, val_kl_loss-0.0000000
2025-03-06 02:57:50 - INFO - epoch-465, train_mse_loss-0.0003226, train_kl_loss-0.0000000, val_mse_loss-0.0006309, val_kl_loss-0.0000000
2025-03-06 03:02:03 - INFO - epoch-466, train_mse_loss-0.0003226, train_kl_loss-0.0000000, val_mse_loss-0.0005798, val_kl_loss-0.0000000
2025-03-06 03:06:17 - INFO - epoch-467, train_mse_loss-0.0003226, train_kl_loss-0.0000000, val_mse_loss-0.0004845, val_kl_loss-0.0000000
2025-03-06 03:10:30 - INFO - epoch-468, train_mse_loss-0.0003226, train_kl_loss-0.0000000, val_mse_loss-0.0005650, val_kl_loss-0.0000000
2025-03-06 03:14:46 - INFO - epoch-469, train_mse_loss-0.0003226, train_kl_loss-0.0000000, val_mse_loss-0.0005234, val_kl_loss-0.0000000
2025-03-06 03:19:00 - INFO - epoch-470, train_mse_loss-0.0003226, train_kl_loss-0.0000000, val_mse_loss-0.0005820, val_kl_loss-0.0000000
2025-03-06 03:23:12 - INFO - epoch-471, train_mse_loss-0.0003226, train_kl_loss-0.0000000, val_mse_loss-0.0006263, val_kl_loss-0.0000000
2025-03-06 03:27:27 - INFO - epoch-472, train_mse_loss-0.0003226, train_kl_loss-0.0000000, val_mse_loss-0.0005813, val_kl_loss-0.0000000
2025-03-06 03:31:42 - INFO - epoch-473, train_mse_loss-0.0003226, train_kl_loss-0.0000000, val_mse_loss-0.0005284, val_kl_loss-0.0000000
2025-03-06 03:35:56 - INFO - epoch-474, train_mse_loss-0.0003226, train_kl_loss-0.0000000, val_mse_loss-0.0005137, val_kl_loss-0.0000000
2025-03-06 03:40:09 - INFO - epoch-475, train_mse_loss-0.0003226, train_kl_loss-0.0000000, val_mse_loss-0.0005397, val_kl_loss-0.0000000
2025-03-06 03:44:22 - INFO - epoch-476, train_mse_loss-0.0003226, train_kl_loss-0.0000000, val_mse_loss-0.0005241, val_kl_loss-0.0000000
2025-03-06 03:48:35 - INFO - epoch-477, train_mse_loss-0.0003226, train_kl_loss-0.0000000, val_mse_loss-0.0005474, val_kl_loss-0.0000000
2025-03-06 03:52:51 - INFO - epoch-478, train_mse_loss-0.0003226, train_kl_loss-0.0000000, val_mse_loss-0.0004979, val_kl_loss-0.0000000
2025-03-06 03:57:06 - INFO - epoch-479, train_mse_loss-0.0003226, train_kl_loss-0.0000000, val_mse_loss-0.0005317, val_kl_loss-0.0000000
2025-03-06 04:01:20 - INFO - epoch-480, train_mse_loss-0.0003226, train_kl_loss-0.0000000, val_mse_loss-0.0006050, val_kl_loss-0.0000000
2025-03-06 04:05:34 - INFO - epoch-481, train_mse_loss-0.0003226, train_kl_loss-0.0000000, val_mse_loss-0.0006306, val_kl_loss-0.0000000
2025-03-06 04:09:51 - INFO - epoch-482, train_mse_loss-0.0003226, train_kl_loss-0.0000000, val_mse_loss-0.0005697, val_kl_loss-0.0000000
2025-03-06 04:14:08 - INFO - epoch-483, train_mse_loss-0.0003226, train_kl_loss-0.0000000, val_mse_loss-0.0005789, val_kl_loss-0.0000000
2025-03-06 04:18:24 - INFO - epoch-484, train_mse_loss-0.0003226, train_kl_loss-0.0000000, val_mse_loss-0.0004953, val_kl_loss-0.0000000
2025-03-06 04:22:39 - INFO - epoch-485, train_mse_loss-0.0003226, train_kl_loss-0.0000000, val_mse_loss-0.0005740, val_kl_loss-0.0000000
2025-03-06 04:26:57 - INFO - epoch-486, train_mse_loss-0.0003226, train_kl_loss-0.0000000, val_mse_loss-0.0005576, val_kl_loss-0.0000000
2025-03-06 04:31:10 - INFO - epoch-487, train_mse_loss-0.0003226, train_kl_loss-0.0000000, val_mse_loss-0.0005300, val_kl_loss-0.0000000
2025-03-06 04:35:29 - INFO - epoch-488, train_mse_loss-0.0003226, train_kl_loss-0.0000000, val_mse_loss-0.0005340, val_kl_loss-0.0000000
2025-03-06 04:39:46 - INFO - epoch-489, train_mse_loss-0.0003226, train_kl_loss-0.0000000, val_mse_loss-0.0005822, val_kl_loss-0.0000000
2025-03-06 04:44:00 - INFO - epoch-490, train_mse_loss-0.0003226, train_kl_loss-0.0000000, val_mse_loss-0.0006320, val_kl_loss-0.0000000
2025-03-06 04:48:15 - INFO - epoch-491, train_mse_loss-0.0003226, train_kl_loss-0.0000000, val_mse_loss-0.0005106, val_kl_loss-0.0000000
2025-03-06 04:52:30 - INFO - epoch-492, train_mse_loss-0.0003226, train_kl_loss-0.0000000, val_mse_loss-0.0005404, val_kl_loss-0.0000000
2025-03-06 04:56:45 - INFO - epoch-493, train_mse_loss-0.0003226, train_kl_loss-0.0000000, val_mse_loss-0.0005085, val_kl_loss-0.0000000
2025-03-06 05:00:58 - INFO - epoch-494, train_mse_loss-0.0003226, train_kl_loss-0.0000000, val_mse_loss-0.0005129, val_kl_loss-0.0000000
2025-03-06 05:05:17 - INFO - epoch-495, train_mse_loss-0.0003226, train_kl_loss-0.0000000, val_mse_loss-0.0005192, val_kl_loss-0.0000000
2025-03-06 05:09:34 - INFO - epoch-496, train_mse_loss-0.0003226, train_kl_loss-0.0000000, val_mse_loss-0.0004786, val_kl_loss-0.0000000
2025-03-06 05:13:51 - INFO - epoch-497, train_mse_loss-0.0003226, train_kl_loss-0.0000000, val_mse_loss-0.0005180, val_kl_loss-0.0000000
2025-03-06 05:18:07 - INFO - epoch-498, train_mse_loss-0.0003226, train_kl_loss-0.0000000, val_mse_loss-0.0007014, val_kl_loss-0.0000000
2025-03-06 05:22:23 - INFO - epoch-499, train_mse_loss-0.0003226, train_kl_loss-0.0000000, val_mse_loss-0.0005126, val_kl_loss-0.0000000
