2025-03-04 17:03:09 - INFO - train data: 13259
2025-03-04 17:03:09 - INFO - train unqiue data: 13259
2025-03-04 17:03:09 - INFO - valid data: 1474
2025-03-04 17:03:09 - INFO - valid unqiue data: 1474
2025-03-04 17:07:30 - INFO - epoch-0, train_mse_loss-0.0004100, train_kl_loss-0.0627283, val_mse_loss-0.0003893, val_kl_loss-0.0003439
2025-03-04 17:11:46 - INFO - epoch-1, train_mse_loss-0.0003407, train_kl_loss-0.0130066, val_mse_loss-0.0004292, val_kl_loss-0.0541568
2025-03-04 17:16:00 - INFO - epoch-2, train_mse_loss-0.0004602, train_kl_loss-0.4955327, val_mse_loss-0.0005407, val_kl_loss-0.3171824
2025-03-04 17:16:07 - INFO - Saved new best model at epoch 2 with validation loss 0.3177231
2025-03-04 17:20:21 - INFO - epoch-3, train_mse_loss-0.0004464, train_kl_loss-0.3107395, val_mse_loss-0.0025586, val_kl_loss-0.2992165
2025-03-04 17:20:27 - INFO - Saved new best model at epoch 3 with validation loss 0.3017751
2025-03-04 17:24:41 - INFO - epoch-4, train_mse_loss-0.0004126, train_kl_loss-0.2991784, val_mse_loss-0.0007617, val_kl_loss-0.2989575
2025-03-04 17:24:47 - INFO - Saved new best model at epoch 4 with validation loss 0.2997191
2025-03-04 17:29:01 - INFO - epoch-5, train_mse_loss-0.0003913, train_kl_loss-0.2853167, val_mse_loss-0.0014151, val_kl_loss-0.1945484
2025-03-04 17:29:08 - INFO - Saved new best model at epoch 5 with validation loss 0.1959635
2025-03-04 17:33:23 - INFO - epoch-6, train_mse_loss-0.0004259, train_kl_loss-0.1041518, val_mse_loss-0.0013796, val_kl_loss-0.0002920
2025-03-04 17:33:29 - INFO - Saved new best model at epoch 6 with validation loss 0.0016716
2025-03-04 17:37:43 - INFO - epoch-7, train_mse_loss-0.0003996, train_kl_loss-0.0001524, val_mse_loss-0.0019365, val_kl_loss-0.0003115
2025-03-04 17:41:56 - INFO - epoch-8, train_mse_loss-0.0003686, train_kl_loss-0.0002562, val_mse_loss-0.0017061, val_kl_loss-0.0029567
2025-03-04 17:46:10 - INFO - epoch-9, train_mse_loss-0.0003572, train_kl_loss-0.0001006, val_mse_loss-0.0004422, val_kl_loss-0.0002097
2025-03-04 17:46:16 - INFO - Saved new best model at epoch 9 with validation loss 0.0006518
2025-03-04 17:50:30 - INFO - epoch-10, train_mse_loss-0.0003491, train_kl_loss-0.0002466, val_mse_loss-0.0003926, val_kl_loss-0.0002488
2025-03-04 17:50:36 - INFO - Saved new best model at epoch 10 with validation loss 0.0006414
2025-03-04 17:54:50 - INFO - epoch-11, train_mse_loss-0.0003448, train_kl_loss-0.0000252, val_mse_loss-0.0003900, val_kl_loss-0.0000283
2025-03-04 17:55:01 - INFO - Saved new best model at epoch 11 with validation loss 0.0004183
2025-03-04 17:59:16 - INFO - epoch-12, train_mse_loss-0.0003440, train_kl_loss-0.0003948, val_mse_loss-0.0005142, val_kl_loss-0.0000708
2025-03-04 18:03:32 - INFO - epoch-13, train_mse_loss-0.0003427, train_kl_loss-0.0002118, val_mse_loss-0.0004099, val_kl_loss-0.0000175
2025-03-04 18:07:47 - INFO - epoch-14, train_mse_loss-0.0003359, train_kl_loss-0.0000065, val_mse_loss-0.0004586, val_kl_loss-0.0000137
2025-03-04 18:12:00 - INFO - epoch-15, train_mse_loss-0.0003316, train_kl_loss-0.0000097, val_mse_loss-0.0004457, val_kl_loss-0.0000040
2025-03-04 18:16:14 - INFO - epoch-16, train_mse_loss-0.0003738, train_kl_loss-0.2155093, val_mse_loss-0.0005700, val_kl_loss-0.0007983
2025-03-04 18:20:29 - INFO - epoch-17, train_mse_loss-0.0003536, train_kl_loss-0.0005101, val_mse_loss-0.0005319, val_kl_loss-0.0003431
2025-03-04 18:24:43 - INFO - epoch-18, train_mse_loss-0.0003449, train_kl_loss-0.0002543, val_mse_loss-0.0005320, val_kl_loss-0.0002326
2025-03-04 18:28:57 - INFO - epoch-19, train_mse_loss-0.0003441, train_kl_loss-0.0003168, val_mse_loss-0.0005458, val_kl_loss-0.0001710
2025-03-04 18:33:11 - INFO - epoch-20, train_mse_loss-0.0003390, train_kl_loss-0.0001245, val_mse_loss-0.0005215, val_kl_loss-0.0001544
2025-03-04 18:37:27 - INFO - epoch-21, train_mse_loss-0.0003385, train_kl_loss-0.0001276, val_mse_loss-0.0005532, val_kl_loss-0.0000975
2025-03-04 18:41:40 - INFO - epoch-22, train_mse_loss-0.0003372, train_kl_loss-0.0001367, val_mse_loss-0.0005593, val_kl_loss-0.0000989
2025-03-04 18:45:53 - INFO - epoch-23, train_mse_loss-0.0003365, train_kl_loss-0.0000849, val_mse_loss-0.0005399, val_kl_loss-0.0000334
2025-03-04 18:50:08 - INFO - epoch-24, train_mse_loss-0.0003356, train_kl_loss-0.0001203, val_mse_loss-0.0005441, val_kl_loss-0.0000126
2025-03-04 18:54:22 - INFO - epoch-25, train_mse_loss-0.0003349, train_kl_loss-0.0000576, val_mse_loss-0.0005231, val_kl_loss-0.0000291
2025-03-04 18:58:36 - INFO - epoch-26, train_mse_loss-0.0003339, train_kl_loss-0.0000518, val_mse_loss-0.0005158, val_kl_loss-0.0000251
2025-03-04 19:02:50 - INFO - epoch-27, train_mse_loss-0.0003327, train_kl_loss-0.0000324, val_mse_loss-0.0005218, val_kl_loss-0.0000505
2025-03-04 19:07:05 - INFO - epoch-28, train_mse_loss-0.0003322, train_kl_loss-0.0000214, val_mse_loss-0.0005113, val_kl_loss-0.0000013
2025-03-04 19:11:20 - INFO - epoch-29, train_mse_loss-0.0003351, train_kl_loss-0.0012868, val_mse_loss-0.0004918, val_kl_loss-0.0000059
2025-03-04 19:15:34 - INFO - epoch-30, train_mse_loss-0.0003333, train_kl_loss-0.0000055, val_mse_loss-0.0005012, val_kl_loss-0.0000008
2025-03-04 19:19:47 - INFO - epoch-31, train_mse_loss-0.0003327, train_kl_loss-0.0000062, val_mse_loss-0.0005124, val_kl_loss-0.0000035
2025-03-04 19:24:02 - INFO - epoch-32, train_mse_loss-0.0003300, train_kl_loss-0.0000080, val_mse_loss-0.0004652, val_kl_loss-0.0000042
2025-03-04 19:28:15 - INFO - epoch-33, train_mse_loss-0.0003291, train_kl_loss-0.0000034, val_mse_loss-0.0004243, val_kl_loss-0.0000145
2025-03-04 19:32:28 - INFO - epoch-34, train_mse_loss-0.0003279, train_kl_loss-0.0000008, val_mse_loss-0.0004458, val_kl_loss-0.0000002
2025-03-04 19:36:41 - INFO - epoch-35, train_mse_loss-0.0003274, train_kl_loss-0.0000004, val_mse_loss-0.0004245, val_kl_loss-0.0000001
2025-03-04 19:40:55 - INFO - epoch-36, train_mse_loss-0.0003289, train_kl_loss-0.0002040, val_mse_loss-0.0005457, val_kl_loss-0.0000084
2025-03-04 19:45:10 - INFO - epoch-37, train_mse_loss-0.0003333, train_kl_loss-0.0000032, val_mse_loss-0.0004145, val_kl_loss-0.0000006
2025-03-04 19:45:17 - INFO - Saved new best model at epoch 37 with validation loss 0.0004151
2025-03-04 19:49:31 - INFO - epoch-38, train_mse_loss-0.0003296, train_kl_loss-0.0000021, val_mse_loss-0.0003431, val_kl_loss-0.0000015
2025-03-04 19:49:37 - INFO - Saved new best model at epoch 38 with validation loss 0.0003446
2025-03-04 19:53:50 - INFO - epoch-39, train_mse_loss-0.0003288, train_kl_loss-0.0000023, val_mse_loss-0.0003342, val_kl_loss-0.0000002
2025-03-04 19:53:56 - INFO - Saved new best model at epoch 39 with validation loss 0.0003345
2025-03-04 19:58:11 - INFO - epoch-40, train_mse_loss-0.0003282, train_kl_loss-0.0000006, val_mse_loss-0.0003485, val_kl_loss-0.0000000
2025-03-04 20:02:25 - INFO - epoch-41, train_mse_loss-0.0003279, train_kl_loss-0.0000001, val_mse_loss-0.0003358, val_kl_loss-0.0000000
2025-03-04 20:06:38 - INFO - epoch-42, train_mse_loss-0.0003272, train_kl_loss-0.0000000, val_mse_loss-0.0004200, val_kl_loss-0.0000000
2025-03-04 20:10:52 - INFO - epoch-43, train_mse_loss-0.0003268, train_kl_loss-0.0000000, val_mse_loss-0.0004390, val_kl_loss--0.0000000
2025-03-04 20:15:05 - INFO - epoch-44, train_mse_loss-0.0003263, train_kl_loss--0.0000000, val_mse_loss-0.0004474, val_kl_loss-0.0000000
2025-03-04 20:19:19 - INFO - epoch-45, train_mse_loss-0.0003260, train_kl_loss-0.0000000, val_mse_loss-0.0004174, val_kl_loss-0.0000000
2025-03-04 20:23:32 - INFO - epoch-46, train_mse_loss-0.0003256, train_kl_loss-0.0000000, val_mse_loss-0.0003470, val_kl_loss-0.0000000
2025-03-04 20:27:45 - INFO - epoch-47, train_mse_loss-0.0003254, train_kl_loss-0.0000000, val_mse_loss-0.0004486, val_kl_loss-0.0000000
2025-03-04 20:31:57 - INFO - epoch-48, train_mse_loss-0.0003250, train_kl_loss-0.0000000, val_mse_loss-0.0003652, val_kl_loss-0.0000000
2025-03-04 20:36:10 - INFO - epoch-49, train_mse_loss-0.0003248, train_kl_loss-0.0000000, val_mse_loss-0.0003541, val_kl_loss-0.0000000
2025-03-04 20:40:23 - INFO - epoch-50, train_mse_loss-0.0003245, train_kl_loss-0.0000000, val_mse_loss-0.0003385, val_kl_loss-0.0000000
2025-03-04 20:44:37 - INFO - epoch-51, train_mse_loss-0.0003243, train_kl_loss-0.0000000, val_mse_loss-0.0003284, val_kl_loss-0.0000000
2025-03-04 20:44:43 - INFO - Saved new best model at epoch 51 with validation loss 0.0003284
2025-03-04 20:48:56 - INFO - epoch-52, train_mse_loss-0.0003243, train_kl_loss-0.0000000, val_mse_loss-0.0003303, val_kl_loss-0.0000000
2025-03-04 20:53:09 - INFO - epoch-53, train_mse_loss-0.0003242, train_kl_loss-0.0000000, val_mse_loss-0.0003303, val_kl_loss-0.0000000
2025-03-04 20:57:22 - INFO - epoch-54, train_mse_loss-0.0003241, train_kl_loss-0.0000000, val_mse_loss-0.0003296, val_kl_loss-0.0000000
2025-03-04 21:01:35 - INFO - epoch-55, train_mse_loss-0.0003240, train_kl_loss-0.0000000, val_mse_loss-0.0003322, val_kl_loss-0.0000000
2025-03-04 21:05:48 - INFO - epoch-56, train_mse_loss-0.0003239, train_kl_loss-0.0000000, val_mse_loss-0.0003381, val_kl_loss-0.0000000
2025-03-04 21:10:01 - INFO - epoch-57, train_mse_loss-0.0003239, train_kl_loss-0.0000000, val_mse_loss-0.0003321, val_kl_loss-0.0000000
2025-03-04 21:14:14 - INFO - epoch-58, train_mse_loss-0.0003239, train_kl_loss-0.0000000, val_mse_loss-0.0003295, val_kl_loss-0.0000000
2025-03-04 21:18:30 - INFO - epoch-59, train_mse_loss-0.0003238, train_kl_loss-0.0000000, val_mse_loss-0.0003369, val_kl_loss-0.0000000
2025-03-04 21:22:44 - INFO - epoch-60, train_mse_loss-0.0003238, train_kl_loss-0.0000000, val_mse_loss-0.0003350, val_kl_loss-0.0000000
2025-03-04 21:26:58 - INFO - epoch-61, train_mse_loss-0.0003237, train_kl_loss-0.0000000, val_mse_loss-0.0003322, val_kl_loss-0.0000000
2025-03-04 21:31:11 - INFO - epoch-62, train_mse_loss-0.0003237, train_kl_loss-0.0000000, val_mse_loss-0.0003265, val_kl_loss-0.0000000
2025-03-04 21:31:17 - INFO - Saved new best model at epoch 62 with validation loss 0.0003265
2025-03-04 21:35:30 - INFO - epoch-63, train_mse_loss-0.0003237, train_kl_loss-0.0000000, val_mse_loss-0.0003293, val_kl_loss-0.0000000
2025-03-04 21:40:01 - INFO - epoch-64, train_mse_loss-0.0003237, train_kl_loss-0.0000000, val_mse_loss-0.0003254, val_kl_loss-0.0000000
2025-03-04 21:40:07 - INFO - Saved new best model at epoch 64 with validation loss 0.0003254
2025-03-04 21:44:24 - INFO - epoch-65, train_mse_loss-0.0003237, train_kl_loss-0.0000000, val_mse_loss-0.0003253, val_kl_loss-0.0000000
2025-03-04 21:44:30 - INFO - Saved new best model at epoch 65 with validation loss 0.0003253
2025-03-04 21:48:42 - INFO - epoch-66, train_mse_loss-0.0003237, train_kl_loss-0.0000000, val_mse_loss-0.0003262, val_kl_loss-0.0000000
2025-03-04 21:52:54 - INFO - epoch-67, train_mse_loss-0.0003237, train_kl_loss-0.0000000, val_mse_loss-0.0003243, val_kl_loss-0.0000000
2025-03-04 21:53:00 - INFO - Saved new best model at epoch 67 with validation loss 0.0003243
2025-03-04 21:57:14 - INFO - epoch-68, train_mse_loss-0.0003236, train_kl_loss-0.0000000, val_mse_loss-0.0003244, val_kl_loss-0.0000000
2025-03-04 22:01:30 - INFO - epoch-69, train_mse_loss-0.0003236, train_kl_loss-0.0000000, val_mse_loss-0.0003236, val_kl_loss-0.0000000
2025-03-04 22:01:36 - INFO - Saved new best model at epoch 69 with validation loss 0.0003236
2025-03-04 22:05:50 - INFO - epoch-70, train_mse_loss-0.0003236, train_kl_loss-0.0000000, val_mse_loss-0.0003251, val_kl_loss-0.0000000
2025-03-04 22:10:01 - INFO - epoch-71, train_mse_loss-0.0003236, train_kl_loss-0.0000000, val_mse_loss-0.0003260, val_kl_loss-0.0000000
2025-03-04 22:14:13 - INFO - epoch-72, train_mse_loss-0.0003236, train_kl_loss-0.0000000, val_mse_loss-0.0003256, val_kl_loss-0.0000000
2025-03-04 22:18:25 - INFO - epoch-73, train_mse_loss-0.0003237, train_kl_loss-0.0000000, val_mse_loss-0.0003258, val_kl_loss-0.0000000
2025-03-04 22:22:37 - INFO - epoch-74, train_mse_loss-0.0003237, train_kl_loss-0.0000000, val_mse_loss-0.0003266, val_kl_loss-0.0000000
2025-03-04 22:26:50 - INFO - epoch-75, train_mse_loss-0.0003237, train_kl_loss-0.0000000, val_mse_loss-0.0003256, val_kl_loss-0.0000000
2025-03-04 22:31:03 - INFO - epoch-76, train_mse_loss-0.0003237, train_kl_loss-0.0000000, val_mse_loss-0.0003274, val_kl_loss-0.0000000
2025-03-04 22:35:16 - INFO - epoch-77, train_mse_loss-0.0003237, train_kl_loss-0.0000000, val_mse_loss-0.0003266, val_kl_loss-0.0000000
2025-03-04 22:39:29 - INFO - epoch-78, train_mse_loss-0.0003238, train_kl_loss-0.0000000, val_mse_loss-0.0003264, val_kl_loss-0.0000000
2025-03-04 22:43:40 - INFO - epoch-79, train_mse_loss-0.0003238, train_kl_loss-0.0000000, val_mse_loss-0.0003270, val_kl_loss-0.0000000
2025-03-04 22:47:52 - INFO - epoch-80, train_mse_loss-0.0003238, train_kl_loss-0.0000000, val_mse_loss-0.0003278, val_kl_loss-0.0000000
2025-03-04 22:52:03 - INFO - epoch-81, train_mse_loss-0.0003238, train_kl_loss-0.0000000, val_mse_loss-0.0003273, val_kl_loss-0.0000000
2025-03-04 22:56:16 - INFO - epoch-82, train_mse_loss-0.0003238, train_kl_loss-0.0000000, val_mse_loss-0.0003289, val_kl_loss-0.0000000
2025-03-04 23:00:29 - INFO - epoch-83, train_mse_loss-0.0003237, train_kl_loss-0.0000000, val_mse_loss-0.0003294, val_kl_loss-0.0000000
2025-03-04 23:04:41 - INFO - epoch-84, train_mse_loss-0.0003237, train_kl_loss-0.0000000, val_mse_loss-0.0003291, val_kl_loss-0.0000000
2025-03-04 23:08:54 - INFO - epoch-85, train_mse_loss-0.0003237, train_kl_loss-0.0000000, val_mse_loss-0.0003316, val_kl_loss-0.0000000
2025-03-04 23:13:07 - INFO - epoch-86, train_mse_loss-0.0003238, train_kl_loss-0.0000000, val_mse_loss-0.0003313, val_kl_loss-0.0000000
2025-03-04 23:17:19 - INFO - epoch-87, train_mse_loss-0.0003237, train_kl_loss-0.0000000, val_mse_loss-0.0003293, val_kl_loss-0.0000000
2025-03-04 23:21:33 - INFO - epoch-88, train_mse_loss-0.0003237, train_kl_loss-0.0000000, val_mse_loss-0.0003325, val_kl_loss-0.0000000
2025-03-04 23:25:45 - INFO - epoch-89, train_mse_loss-0.0003237, train_kl_loss-0.0000000, val_mse_loss-0.0003293, val_kl_loss-0.0000000
2025-03-04 23:29:59 - INFO - epoch-90, train_mse_loss-0.0003238, train_kl_loss-0.0000000, val_mse_loss-0.0003325, val_kl_loss-0.0000000
2025-03-04 23:34:12 - INFO - epoch-91, train_mse_loss-0.0003237, train_kl_loss-0.0000000, val_mse_loss-0.0003297, val_kl_loss-0.0000000
2025-03-04 23:38:26 - INFO - epoch-92, train_mse_loss-0.0003237, train_kl_loss-0.0000000, val_mse_loss-0.0003305, val_kl_loss-0.0000000
2025-03-04 23:42:40 - INFO - epoch-93, train_mse_loss-0.0003237, train_kl_loss-0.0000000, val_mse_loss-0.0003265, val_kl_loss-0.0000000
2025-03-04 23:46:52 - INFO - epoch-94, train_mse_loss-0.0003237, train_kl_loss-0.0000000, val_mse_loss-0.0003324, val_kl_loss-0.0000000
2025-03-04 23:51:04 - INFO - epoch-95, train_mse_loss-0.0003237, train_kl_loss-0.0000000, val_mse_loss-0.0003304, val_kl_loss-0.0000000
2025-03-04 23:55:17 - INFO - epoch-96, train_mse_loss-0.0003237, train_kl_loss-0.0000000, val_mse_loss-0.0003337, val_kl_loss-0.0000000
2025-03-04 23:59:28 - INFO - epoch-97, train_mse_loss-0.0003237, train_kl_loss-0.0000000, val_mse_loss-0.0003333, val_kl_loss-0.0000000
2025-03-05 00:03:40 - INFO - epoch-98, train_mse_loss-0.0003237, train_kl_loss-0.0000000, val_mse_loss-0.0003299, val_kl_loss-0.0000000
2025-03-05 00:07:52 - INFO - epoch-99, train_mse_loss-0.0003237, train_kl_loss-0.0000000, val_mse_loss-0.0003330, val_kl_loss-0.0000000
2025-03-05 00:12:03 - INFO - epoch-100, train_mse_loss-0.0003237, train_kl_loss-0.0000000, val_mse_loss-0.0003324, val_kl_loss-0.0000000
2025-03-05 00:16:14 - INFO - epoch-101, train_mse_loss-0.0003237, train_kl_loss-0.0000000, val_mse_loss-0.0003304, val_kl_loss-0.0000000
2025-03-05 00:20:25 - INFO - epoch-102, train_mse_loss-0.0003237, train_kl_loss-0.0000000, val_mse_loss-0.0003288, val_kl_loss-0.0000000
2025-03-05 00:24:36 - INFO - epoch-103, train_mse_loss-0.0003237, train_kl_loss-0.0000000, val_mse_loss-0.0003287, val_kl_loss-0.0000000
2025-03-05 00:28:49 - INFO - epoch-104, train_mse_loss-0.0003237, train_kl_loss-0.0000000, val_mse_loss-0.0003290, val_kl_loss-0.0000000
2025-03-05 00:33:00 - INFO - epoch-105, train_mse_loss-0.0003237, train_kl_loss-0.0000000, val_mse_loss-0.0003281, val_kl_loss-0.0000000
2025-03-05 00:37:12 - INFO - epoch-106, train_mse_loss-0.0003237, train_kl_loss-0.0000000, val_mse_loss-0.0003308, val_kl_loss-0.0000000
2025-03-05 00:41:24 - INFO - epoch-107, train_mse_loss-0.0003237, train_kl_loss-0.0000000, val_mse_loss-0.0003305, val_kl_loss-0.0000000
2025-03-05 00:45:35 - INFO - epoch-108, train_mse_loss-0.0003237, train_kl_loss-0.0000000, val_mse_loss-0.0003342, val_kl_loss-0.0000000
2025-03-05 00:49:47 - INFO - epoch-109, train_mse_loss-0.0003237, train_kl_loss-0.0000000, val_mse_loss-0.0003351, val_kl_loss-0.0000000
2025-03-05 00:53:58 - INFO - epoch-110, train_mse_loss-0.0003237, train_kl_loss-0.0000000, val_mse_loss-0.0003355, val_kl_loss-0.0000000
2025-03-05 00:58:10 - INFO - epoch-111, train_mse_loss-0.0003236, train_kl_loss-0.0000000, val_mse_loss-0.0003331, val_kl_loss-0.0000000
2025-03-05 01:02:22 - INFO - epoch-112, train_mse_loss-0.0003237, train_kl_loss-0.0000000, val_mse_loss-0.0003345, val_kl_loss-0.0000000
2025-03-05 01:06:33 - INFO - epoch-113, train_mse_loss-0.0003237, train_kl_loss-0.0000000, val_mse_loss-0.0003348, val_kl_loss-0.0000000
2025-03-05 01:10:46 - INFO - epoch-114, train_mse_loss-0.0003237, train_kl_loss-0.0000000, val_mse_loss-0.0003371, val_kl_loss-0.0000000
2025-03-05 01:14:57 - INFO - epoch-115, train_mse_loss-0.0003237, train_kl_loss-0.0000000, val_mse_loss-0.0003351, val_kl_loss-0.0000000
2025-03-05 01:19:09 - INFO - epoch-116, train_mse_loss-0.0003237, train_kl_loss-0.0000000, val_mse_loss-0.0003357, val_kl_loss-0.0000000
2025-03-05 01:23:20 - INFO - epoch-117, train_mse_loss-0.0003236, train_kl_loss-0.0000000, val_mse_loss-0.0003321, val_kl_loss-0.0000000
2025-03-05 01:27:31 - INFO - epoch-118, train_mse_loss-0.0003237, train_kl_loss-0.0000000, val_mse_loss-0.0003330, val_kl_loss-0.0000000
2025-03-05 01:31:43 - INFO - epoch-119, train_mse_loss-0.0003237, train_kl_loss-0.0000000, val_mse_loss-0.0003311, val_kl_loss-0.0000000
2025-03-05 01:35:55 - INFO - epoch-120, train_mse_loss-0.0003237, train_kl_loss-0.0000000, val_mse_loss-0.0003410, val_kl_loss-0.0000000
2025-03-05 01:40:06 - INFO - epoch-121, train_mse_loss-0.0003237, train_kl_loss-0.0000000, val_mse_loss-0.0003377, val_kl_loss-0.0000000
2025-03-05 01:44:18 - INFO - epoch-122, train_mse_loss-0.0003237, train_kl_loss-0.0000000, val_mse_loss-0.0003338, val_kl_loss-0.0000000
2025-03-05 01:48:30 - INFO - epoch-123, train_mse_loss-0.0003237, train_kl_loss-0.0000000, val_mse_loss-0.0003345, val_kl_loss-0.0000000
2025-03-05 01:52:41 - INFO - epoch-124, train_mse_loss-0.0003237, train_kl_loss-0.0000000, val_mse_loss-0.0003385, val_kl_loss-0.0000000
2025-03-05 01:56:52 - INFO - epoch-125, train_mse_loss-0.0003237, train_kl_loss-0.0000000, val_mse_loss-0.0003368, val_kl_loss-0.0000000
2025-03-05 02:01:04 - INFO - epoch-126, train_mse_loss-0.0003237, train_kl_loss-0.0000000, val_mse_loss-0.0003333, val_kl_loss-0.0000000
2025-03-05 02:05:17 - INFO - epoch-127, train_mse_loss-0.0003236, train_kl_loss-0.0000000, val_mse_loss-0.0003390, val_kl_loss-0.0000000
2025-03-05 02:09:28 - INFO - epoch-128, train_mse_loss-0.0003237, train_kl_loss-0.0000000, val_mse_loss-0.0003376, val_kl_loss-0.0000000
2025-03-05 02:13:40 - INFO - epoch-129, train_mse_loss-0.0003236, train_kl_loss-0.0000000, val_mse_loss-0.0003357, val_kl_loss-0.0000000
2025-03-05 02:17:52 - INFO - epoch-130, train_mse_loss-0.0003237, train_kl_loss-0.0000000, val_mse_loss-0.0003353, val_kl_loss-0.0000000
2025-03-05 02:22:04 - INFO - epoch-131, train_mse_loss-0.0003237, train_kl_loss-0.0000000, val_mse_loss-0.0003350, val_kl_loss-0.0000000
2025-03-05 02:26:16 - INFO - epoch-132, train_mse_loss-0.0003236, train_kl_loss-0.0000000, val_mse_loss-0.0003386, val_kl_loss-0.0000000
2025-03-05 02:30:28 - INFO - epoch-133, train_mse_loss-0.0003236, train_kl_loss-0.0000000, val_mse_loss-0.0003375, val_kl_loss-0.0000000
2025-03-05 02:34:39 - INFO - epoch-134, train_mse_loss-0.0003237, train_kl_loss-0.0000000, val_mse_loss-0.0003335, val_kl_loss-0.0000000
2025-03-05 02:38:51 - INFO - epoch-135, train_mse_loss-0.0003236, train_kl_loss-0.0000000, val_mse_loss-0.0003360, val_kl_loss-0.0000000
2025-03-05 02:43:03 - INFO - epoch-136, train_mse_loss-0.0003236, train_kl_loss-0.0000000, val_mse_loss-0.0003352, val_kl_loss-0.0000000
2025-03-05 02:47:15 - INFO - epoch-137, train_mse_loss-0.0003236, train_kl_loss-0.0000000, val_mse_loss-0.0003389, val_kl_loss-0.0000000
2025-03-05 02:51:27 - INFO - epoch-138, train_mse_loss-0.0003237, train_kl_loss-0.0000000, val_mse_loss-0.0003338, val_kl_loss-0.0000000
2025-03-05 02:55:38 - INFO - epoch-139, train_mse_loss-0.0003236, train_kl_loss-0.0000000, val_mse_loss-0.0003367, val_kl_loss-0.0000000
2025-03-05 02:59:51 - INFO - epoch-140, train_mse_loss-0.0003236, train_kl_loss-0.0000000, val_mse_loss-0.0003365, val_kl_loss-0.0000000
2025-03-05 03:04:02 - INFO - epoch-141, train_mse_loss-0.0003237, train_kl_loss-0.0000000, val_mse_loss-0.0003353, val_kl_loss-0.0000000
2025-03-05 03:08:14 - INFO - epoch-142, train_mse_loss-0.0003236, train_kl_loss-0.0000000, val_mse_loss-0.0003348, val_kl_loss-0.0000000
2025-03-05 03:12:26 - INFO - epoch-143, train_mse_loss-0.0003236, train_kl_loss-0.0000000, val_mse_loss-0.0003361, val_kl_loss-0.0000000
2025-03-05 03:16:37 - INFO - epoch-144, train_mse_loss-0.0003237, train_kl_loss-0.0000000, val_mse_loss-0.0003359, val_kl_loss-0.0000000
2025-03-05 03:20:48 - INFO - epoch-145, train_mse_loss-0.0003236, train_kl_loss-0.0000000, val_mse_loss-0.0003331, val_kl_loss-0.0000000
2025-03-05 03:25:00 - INFO - epoch-146, train_mse_loss-0.0003236, train_kl_loss-0.0000000, val_mse_loss-0.0003382, val_kl_loss-0.0000000
2025-03-05 03:29:12 - INFO - epoch-147, train_mse_loss-0.0003237, train_kl_loss-0.0000000, val_mse_loss-0.0003330, val_kl_loss-0.0000000
2025-03-05 03:33:23 - INFO - epoch-148, train_mse_loss-0.0003237, train_kl_loss-0.0000000, val_mse_loss-0.0003350, val_kl_loss-0.0000000
2025-03-05 03:37:35 - INFO - epoch-149, train_mse_loss-0.0003237, train_kl_loss-0.0000000, val_mse_loss-0.0003414, val_kl_loss-0.0000000
2025-03-05 03:41:46 - INFO - epoch-150, train_mse_loss-0.0003237, train_kl_loss-0.0000000, val_mse_loss-0.0003338, val_kl_loss-0.0000000
2025-03-05 03:45:59 - INFO - epoch-151, train_mse_loss-0.0003237, train_kl_loss-0.0000000, val_mse_loss-0.0003327, val_kl_loss-0.0000000
2025-03-05 03:50:10 - INFO - epoch-152, train_mse_loss-0.0003237, train_kl_loss-0.0000000, val_mse_loss-0.0003327, val_kl_loss-0.0000000
2025-03-05 03:54:22 - INFO - epoch-153, train_mse_loss-0.0003236, train_kl_loss-0.0000000, val_mse_loss-0.0003347, val_kl_loss-0.0000000
2025-03-05 03:58:34 - INFO - epoch-154, train_mse_loss-0.0003237, train_kl_loss-0.0000000, val_mse_loss-0.0003342, val_kl_loss-0.0000000
2025-03-05 04:02:46 - INFO - epoch-155, train_mse_loss-0.0003237, train_kl_loss-0.0000000, val_mse_loss-0.0003350, val_kl_loss-0.0000000
2025-03-05 04:06:59 - INFO - epoch-156, train_mse_loss-0.0003237, train_kl_loss-0.0000000, val_mse_loss-0.0003330, val_kl_loss-0.0000000
2025-03-05 04:11:12 - INFO - epoch-157, train_mse_loss-0.0003237, train_kl_loss-0.0000000, val_mse_loss-0.0003347, val_kl_loss-0.0000000
2025-03-05 04:15:23 - INFO - epoch-158, train_mse_loss-0.0003237, train_kl_loss-0.0000000, val_mse_loss-0.0003346, val_kl_loss-0.0000000
2025-03-05 04:19:35 - INFO - epoch-159, train_mse_loss-0.0003237, train_kl_loss-0.0000000, val_mse_loss-0.0003330, val_kl_loss-0.0000000
2025-03-05 04:23:47 - INFO - epoch-160, train_mse_loss-0.0003237, train_kl_loss-0.0000000, val_mse_loss-0.0003342, val_kl_loss-0.0000000
2025-03-05 04:27:59 - INFO - epoch-161, train_mse_loss-0.0003237, train_kl_loss-0.0000000, val_mse_loss-0.0003399, val_kl_loss-0.0000000
2025-03-05 04:32:10 - INFO - epoch-162, train_mse_loss-0.0003237, train_kl_loss-0.0000000, val_mse_loss-0.0003344, val_kl_loss-0.0000000
2025-03-05 04:36:22 - INFO - epoch-163, train_mse_loss-0.0003237, train_kl_loss-0.0000000, val_mse_loss-0.0003391, val_kl_loss-0.0000000
2025-03-05 04:40:33 - INFO - epoch-164, train_mse_loss-0.0003237, train_kl_loss-0.0000000, val_mse_loss-0.0003336, val_kl_loss-0.0000000
2025-03-05 04:44:45 - INFO - epoch-165, train_mse_loss-0.0003237, train_kl_loss-0.0000000, val_mse_loss-0.0003378, val_kl_loss-0.0000000
2025-03-05 04:48:56 - INFO - epoch-166, train_mse_loss-0.0003237, train_kl_loss-0.0000000, val_mse_loss-0.0003340, val_kl_loss-0.0000000
2025-03-05 04:53:07 - INFO - epoch-167, train_mse_loss-0.0003237, train_kl_loss-0.0000000, val_mse_loss-0.0003379, val_kl_loss-0.0000000
2025-03-05 04:57:18 - INFO - epoch-168, train_mse_loss-0.0003237, train_kl_loss-0.0000000, val_mse_loss-0.0003336, val_kl_loss-0.0000000
2025-03-05 05:01:32 - INFO - epoch-169, train_mse_loss-0.0003237, train_kl_loss-0.0000000, val_mse_loss-0.0003343, val_kl_loss-0.0000000
2025-03-05 05:05:47 - INFO - epoch-170, train_mse_loss-0.0003237, train_kl_loss-0.0000000, val_mse_loss-0.0003366, val_kl_loss-0.0000000
2025-03-05 05:10:01 - INFO - epoch-171, train_mse_loss-0.0003237, train_kl_loss-0.0000000, val_mse_loss-0.0003366, val_kl_loss-0.0000000
2025-03-05 05:14:16 - INFO - epoch-172, train_mse_loss-0.0003237, train_kl_loss-0.0000000, val_mse_loss-0.0003332, val_kl_loss-0.0000000
2025-03-05 05:18:29 - INFO - epoch-173, train_mse_loss-0.0003237, train_kl_loss-0.0000000, val_mse_loss-0.0003377, val_kl_loss-0.0000000
2025-03-05 05:22:43 - INFO - epoch-174, train_mse_loss-0.0003237, train_kl_loss-0.0000000, val_mse_loss-0.0003342, val_kl_loss-0.0000000
2025-03-05 05:26:56 - INFO - epoch-175, train_mse_loss-0.0003237, train_kl_loss-0.0000000, val_mse_loss-0.0003337, val_kl_loss-0.0000000
2025-03-05 05:31:10 - INFO - epoch-176, train_mse_loss-0.0003237, train_kl_loss-0.0000000, val_mse_loss-0.0003384, val_kl_loss-0.0000000
2025-03-05 05:35:22 - INFO - epoch-177, train_mse_loss-0.0003237, train_kl_loss-0.0000000, val_mse_loss-0.0003360, val_kl_loss-0.0000000
2025-03-05 05:39:35 - INFO - epoch-178, train_mse_loss-0.0003237, train_kl_loss-0.0000000, val_mse_loss-0.0003368, val_kl_loss-0.0000000
2025-03-05 05:43:48 - INFO - epoch-179, train_mse_loss-0.0003237, train_kl_loss-0.0000000, val_mse_loss-0.0003355, val_kl_loss-0.0000000
2025-03-05 05:48:01 - INFO - epoch-180, train_mse_loss-0.0003237, train_kl_loss-0.0000000, val_mse_loss-0.0003374, val_kl_loss-0.0000000
2025-03-05 05:52:13 - INFO - epoch-181, train_mse_loss-0.0003237, train_kl_loss-0.0000000, val_mse_loss-0.0003385, val_kl_loss-0.0000000
2025-03-05 05:56:26 - INFO - epoch-182, train_mse_loss-0.0003237, train_kl_loss-0.0000000, val_mse_loss-0.0003331, val_kl_loss-0.0000000
2025-03-05 06:00:39 - INFO - epoch-183, train_mse_loss-0.0003237, train_kl_loss-0.0000000, val_mse_loss-0.0003325, val_kl_loss-0.0000000
2025-03-05 06:04:53 - INFO - epoch-184, train_mse_loss-0.0003237, train_kl_loss-0.0000000, val_mse_loss-0.0003362, val_kl_loss-0.0000000
2025-03-05 06:09:07 - INFO - epoch-185, train_mse_loss-0.0003237, train_kl_loss-0.0000000, val_mse_loss-0.0003363, val_kl_loss-0.0000000
2025-03-05 06:13:20 - INFO - epoch-186, train_mse_loss-0.0003237, train_kl_loss-0.0000000, val_mse_loss-0.0003328, val_kl_loss-0.0000000
2025-03-05 06:17:33 - INFO - epoch-187, train_mse_loss-0.0003237, train_kl_loss-0.0000000, val_mse_loss-0.0003362, val_kl_loss-0.0000000
2025-03-05 06:21:46 - INFO - epoch-188, train_mse_loss-0.0003237, train_kl_loss-0.0000000, val_mse_loss-0.0003370, val_kl_loss-0.0000000
2025-03-05 06:25:59 - INFO - epoch-189, train_mse_loss-0.0003237, train_kl_loss-0.0000000, val_mse_loss-0.0003328, val_kl_loss-0.0000000
2025-03-05 06:30:13 - INFO - epoch-190, train_mse_loss-0.0003237, train_kl_loss-0.0000000, val_mse_loss-0.0003344, val_kl_loss-0.0000000
2025-03-05 06:34:26 - INFO - epoch-191, train_mse_loss-0.0003237, train_kl_loss-0.0000000, val_mse_loss-0.0003366, val_kl_loss-0.0000000
2025-03-05 06:38:39 - INFO - epoch-192, train_mse_loss-0.0003237, train_kl_loss-0.0000000, val_mse_loss-0.0003327, val_kl_loss-0.0000000
2025-03-05 06:42:53 - INFO - epoch-193, train_mse_loss-0.0003237, train_kl_loss-0.0000000, val_mse_loss-0.0003345, val_kl_loss-0.0000000
2025-03-05 06:47:08 - INFO - epoch-194, train_mse_loss-0.0003237, train_kl_loss-0.0000000, val_mse_loss-0.0003361, val_kl_loss-0.0000000
2025-03-05 06:51:21 - INFO - epoch-195, train_mse_loss-0.0003237, train_kl_loss-0.0000000, val_mse_loss-0.0003363, val_kl_loss-0.0000000
2025-03-05 06:55:36 - INFO - epoch-196, train_mse_loss-0.0003237, train_kl_loss-0.0000000, val_mse_loss-0.0003383, val_kl_loss-0.0000000
2025-03-05 06:59:50 - INFO - epoch-197, train_mse_loss-0.0003237, train_kl_loss-0.0000000, val_mse_loss-0.0003373, val_kl_loss-0.0000000
2025-03-05 07:04:05 - INFO - epoch-198, train_mse_loss-0.0003237, train_kl_loss-0.0000000, val_mse_loss-0.0003381, val_kl_loss-0.0000000
2025-03-05 07:08:18 - INFO - epoch-199, train_mse_loss-0.0003237, train_kl_loss-0.0000000, val_mse_loss-0.0003352, val_kl_loss-0.0000000
2025-03-05 07:12:31 - INFO - epoch-200, train_mse_loss-0.0003237, train_kl_loss-0.0000000, val_mse_loss-0.0003330, val_kl_loss-0.0000000
2025-03-05 07:16:45 - INFO - epoch-201, train_mse_loss-0.0003237, train_kl_loss-0.0000000, val_mse_loss-0.0003362, val_kl_loss-0.0000000
2025-03-05 07:20:58 - INFO - epoch-202, train_mse_loss-0.0003237, train_kl_loss-0.0000000, val_mse_loss-0.0003397, val_kl_loss-0.0000000
2025-03-05 07:25:13 - INFO - epoch-203, train_mse_loss-0.0003237, train_kl_loss-0.0000000, val_mse_loss-0.0003349, val_kl_loss-0.0000000
2025-03-05 07:29:25 - INFO - epoch-204, train_mse_loss-0.0003237, train_kl_loss-0.0000000, val_mse_loss-0.0003342, val_kl_loss-0.0000000
2025-03-05 07:33:38 - INFO - epoch-205, train_mse_loss-0.0003237, train_kl_loss-0.0000000, val_mse_loss-0.0003350, val_kl_loss-0.0000000
2025-03-05 07:37:50 - INFO - epoch-206, train_mse_loss-0.0003236, train_kl_loss-0.0000000, val_mse_loss-0.0003354, val_kl_loss-0.0000000
2025-03-05 07:42:04 - INFO - epoch-207, train_mse_loss-0.0003237, train_kl_loss-0.0000000, val_mse_loss-0.0003351, val_kl_loss-0.0000000
2025-03-05 07:46:16 - INFO - epoch-208, train_mse_loss-0.0003237, train_kl_loss-0.0000000, val_mse_loss-0.0003325, val_kl_loss-0.0000000
2025-03-05 07:50:28 - INFO - epoch-209, train_mse_loss-0.0003237, train_kl_loss-0.0000000, val_mse_loss-0.0003355, val_kl_loss-0.0000000
2025-03-05 07:54:39 - INFO - epoch-210, train_mse_loss-0.0003237, train_kl_loss-0.0000000, val_mse_loss-0.0003325, val_kl_loss-0.0000000
2025-03-05 07:58:53 - INFO - epoch-211, train_mse_loss-0.0003237, train_kl_loss-0.0000000, val_mse_loss-0.0003329, val_kl_loss-0.0000000
2025-03-05 08:03:05 - INFO - epoch-212, train_mse_loss-0.0003237, train_kl_loss-0.0000000, val_mse_loss-0.0003362, val_kl_loss-0.0000000
2025-03-05 08:07:18 - INFO - epoch-213, train_mse_loss-0.0003237, train_kl_loss-0.0000000, val_mse_loss-0.0003354, val_kl_loss-0.0000000
2025-03-05 08:11:31 - INFO - epoch-214, train_mse_loss-0.0003237, train_kl_loss-0.0000000, val_mse_loss-0.0003362, val_kl_loss-0.0000000
2025-03-05 08:15:44 - INFO - epoch-215, train_mse_loss-0.0003237, train_kl_loss-0.0000000, val_mse_loss-0.0003335, val_kl_loss-0.0000000
2025-03-05 08:19:58 - INFO - epoch-216, train_mse_loss-0.0003237, train_kl_loss-0.0000000, val_mse_loss-0.0003358, val_kl_loss-0.0000000
2025-03-05 08:24:13 - INFO - epoch-217, train_mse_loss-0.0003237, train_kl_loss-0.0000000, val_mse_loss-0.0003347, val_kl_loss-0.0000000
2025-03-05 08:28:28 - INFO - epoch-218, train_mse_loss-0.0003237, train_kl_loss-0.0000000, val_mse_loss-0.0003338, val_kl_loss-0.0000000
2025-03-05 08:32:43 - INFO - epoch-219, train_mse_loss-0.0003237, train_kl_loss-0.0000000, val_mse_loss-0.0003384, val_kl_loss-0.0000000
2025-03-05 08:36:59 - INFO - epoch-220, train_mse_loss-0.0003237, train_kl_loss-0.0000000, val_mse_loss-0.0003330, val_kl_loss-0.0000000
2025-03-05 08:41:13 - INFO - epoch-221, train_mse_loss-0.0003237, train_kl_loss-0.0000000, val_mse_loss-0.0003404, val_kl_loss-0.0000000
2025-03-05 08:45:27 - INFO - epoch-222, train_mse_loss-0.0003237, train_kl_loss-0.0000000, val_mse_loss-0.0003349, val_kl_loss-0.0000000
2025-03-05 08:49:42 - INFO - epoch-223, train_mse_loss-0.0003237, train_kl_loss-0.0000000, val_mse_loss-0.0003371, val_kl_loss-0.0000000
2025-03-05 08:53:56 - INFO - epoch-224, train_mse_loss-0.0003237, train_kl_loss-0.0000000, val_mse_loss-0.0003340, val_kl_loss-0.0000000
2025-03-05 08:58:10 - INFO - epoch-225, train_mse_loss-0.0003237, train_kl_loss-0.0000000, val_mse_loss-0.0003361, val_kl_loss-0.0000000
2025-03-05 09:02:24 - INFO - epoch-226, train_mse_loss-0.0003237, train_kl_loss-0.0000000, val_mse_loss-0.0003336, val_kl_loss-0.0000000
2025-03-05 09:06:37 - INFO - epoch-227, train_mse_loss-0.0003237, train_kl_loss-0.0000000, val_mse_loss-0.0003335, val_kl_loss-0.0000000
2025-03-05 09:10:52 - INFO - epoch-228, train_mse_loss-0.0003237, train_kl_loss-0.0000000, val_mse_loss-0.0003353, val_kl_loss-0.0000000
2025-03-05 09:15:06 - INFO - epoch-229, train_mse_loss-0.0003237, train_kl_loss-0.0000000, val_mse_loss-0.0003337, val_kl_loss-0.0000000
2025-03-05 09:19:21 - INFO - epoch-230, train_mse_loss-0.0003237, train_kl_loss-0.0000000, val_mse_loss-0.0003329, val_kl_loss-0.0000000
2025-03-05 09:23:34 - INFO - epoch-231, train_mse_loss-0.0003237, train_kl_loss-0.0000000, val_mse_loss-0.0003368, val_kl_loss-0.0000000
2025-03-05 09:27:48 - INFO - epoch-232, train_mse_loss-0.0003237, train_kl_loss-0.0000000, val_mse_loss-0.0003341, val_kl_loss-0.0000000
2025-03-05 09:32:02 - INFO - epoch-233, train_mse_loss-0.0003237, train_kl_loss-0.0000000, val_mse_loss-0.0003382, val_kl_loss-0.0000000
2025-03-05 09:36:16 - INFO - epoch-234, train_mse_loss-0.0003237, train_kl_loss-0.0000000, val_mse_loss-0.0003358, val_kl_loss-0.0000000
2025-03-05 09:40:30 - INFO - epoch-235, train_mse_loss-0.0003237, train_kl_loss-0.0000000, val_mse_loss-0.0003359, val_kl_loss-0.0000000
2025-03-05 09:44:43 - INFO - epoch-236, train_mse_loss-0.0003237, train_kl_loss-0.0000000, val_mse_loss-0.0003324, val_kl_loss-0.0000000
2025-03-05 09:48:57 - INFO - epoch-237, train_mse_loss-0.0003237, train_kl_loss-0.0000000, val_mse_loss-0.0003349, val_kl_loss-0.0000000
2025-03-05 09:53:10 - INFO - epoch-238, train_mse_loss-0.0003237, train_kl_loss-0.0000000, val_mse_loss-0.0003404, val_kl_loss-0.0000000
2025-03-05 09:57:24 - INFO - epoch-239, train_mse_loss-0.0003237, train_kl_loss-0.0000000, val_mse_loss-0.0003375, val_kl_loss-0.0000000
2025-03-05 10:01:37 - INFO - epoch-240, train_mse_loss-0.0003237, train_kl_loss-0.0000000, val_mse_loss-0.0003341, val_kl_loss-0.0000000
2025-03-05 10:05:53 - INFO - epoch-241, train_mse_loss-0.0003237, train_kl_loss-0.0000000, val_mse_loss-0.0003371, val_kl_loss-0.0000000
2025-03-05 10:10:06 - INFO - epoch-242, train_mse_loss-0.0003237, train_kl_loss-0.0000000, val_mse_loss-0.0003392, val_kl_loss-0.0000000
2025-03-05 10:14:18 - INFO - epoch-243, train_mse_loss-0.0003237, train_kl_loss-0.0000000, val_mse_loss-0.0003381, val_kl_loss-0.0000000
2025-03-05 10:18:31 - INFO - epoch-244, train_mse_loss-0.0003237, train_kl_loss-0.0000000, val_mse_loss-0.0003360, val_kl_loss-0.0000000
2025-03-05 10:22:45 - INFO - epoch-245, train_mse_loss-0.0003237, train_kl_loss-0.0000000, val_mse_loss-0.0003351, val_kl_loss-0.0000000
2025-03-05 10:26:59 - INFO - epoch-246, train_mse_loss-0.0003237, train_kl_loss-0.0000000, val_mse_loss-0.0003389, val_kl_loss-0.0000000
2025-03-05 10:31:14 - INFO - epoch-247, train_mse_loss-0.0003237, train_kl_loss-0.0000000, val_mse_loss-0.0003370, val_kl_loss-0.0000000
2025-03-05 10:35:31 - INFO - epoch-248, train_mse_loss-0.0003237, train_kl_loss-0.0000000, val_mse_loss-0.0003410, val_kl_loss-0.0000000
2025-03-05 10:39:47 - INFO - epoch-249, train_mse_loss-0.0003237, train_kl_loss-0.0000000, val_mse_loss-0.0003382, val_kl_loss-0.0000000
2025-03-05 10:44:03 - INFO - epoch-250, train_mse_loss-0.0003237, train_kl_loss-0.0000000, val_mse_loss-0.0003384, val_kl_loss-0.0000000
2025-03-05 10:48:22 - INFO - epoch-251, train_mse_loss-0.0003237, train_kl_loss-0.0000000, val_mse_loss-0.0003328, val_kl_loss-0.0000000
2025-03-05 10:52:40 - INFO - epoch-252, train_mse_loss-0.0003237, train_kl_loss-0.0000000, val_mse_loss-0.0003363, val_kl_loss-0.0000000
2025-03-05 10:56:55 - INFO - epoch-253, train_mse_loss-0.0003237, train_kl_loss-0.0000000, val_mse_loss-0.0003344, val_kl_loss-0.0000000
2025-03-05 11:01:12 - INFO - epoch-254, train_mse_loss-0.0003237, train_kl_loss-0.0000000, val_mse_loss-0.0003362, val_kl_loss-0.0000000
2025-03-05 11:05:28 - INFO - epoch-255, train_mse_loss-0.0003237, train_kl_loss-0.0000000, val_mse_loss-0.0003379, val_kl_loss-0.0000000
2025-03-05 11:09:44 - INFO - epoch-256, train_mse_loss-0.0003237, train_kl_loss-0.0000000, val_mse_loss-0.0003351, val_kl_loss-0.0000000
2025-03-05 11:14:01 - INFO - epoch-257, train_mse_loss-0.0003237, train_kl_loss-0.0000000, val_mse_loss-0.0003398, val_kl_loss-0.0000000
2025-03-05 11:18:17 - INFO - epoch-258, train_mse_loss-0.0003237, train_kl_loss-0.0000000, val_mse_loss-0.0003330, val_kl_loss-0.0000000
2025-03-05 11:22:31 - INFO - epoch-259, train_mse_loss-0.0003237, train_kl_loss-0.0000000, val_mse_loss-0.0003406, val_kl_loss-0.0000000
2025-03-05 11:26:46 - INFO - epoch-260, train_mse_loss-0.0003237, train_kl_loss-0.0000000, val_mse_loss-0.0003326, val_kl_loss-0.0000000
2025-03-05 11:31:01 - INFO - epoch-261, train_mse_loss-0.0003237, train_kl_loss-0.0000000, val_mse_loss-0.0003333, val_kl_loss-0.0000000
2025-03-05 11:35:17 - INFO - epoch-262, train_mse_loss-0.0003237, train_kl_loss-0.0000000, val_mse_loss-0.0003361, val_kl_loss-0.0000000
2025-03-05 11:39:33 - INFO - epoch-263, train_mse_loss-0.0003237, train_kl_loss-0.0000000, val_mse_loss-0.0003333, val_kl_loss-0.0000000
2025-03-05 11:43:49 - INFO - epoch-264, train_mse_loss-0.0003237, train_kl_loss-0.0000000, val_mse_loss-0.0003332, val_kl_loss-0.0000000
2025-03-05 11:48:07 - INFO - epoch-265, train_mse_loss-0.0003237, train_kl_loss-0.0000000, val_mse_loss-0.0003345, val_kl_loss-0.0000000
2025-03-05 11:52:24 - INFO - epoch-266, train_mse_loss-0.0003237, train_kl_loss-0.0000000, val_mse_loss-0.0003370, val_kl_loss-0.0000000
2025-03-05 11:56:41 - INFO - epoch-267, train_mse_loss-0.0003237, train_kl_loss-0.0000000, val_mse_loss-0.0003346, val_kl_loss-0.0000000
2025-03-05 12:00:57 - INFO - epoch-268, train_mse_loss-0.0003237, train_kl_loss-0.0000000, val_mse_loss-0.0003339, val_kl_loss-0.0000000
2025-03-05 12:05:14 - INFO - epoch-269, train_mse_loss-0.0003237, train_kl_loss-0.0000000, val_mse_loss-0.0003332, val_kl_loss-0.0000000
2025-03-05 12:09:30 - INFO - epoch-270, train_mse_loss-0.0003237, train_kl_loss-0.0000000, val_mse_loss-0.0003336, val_kl_loss-0.0000000
2025-03-05 12:13:45 - INFO - epoch-271, train_mse_loss-0.0003237, train_kl_loss-0.0000000, val_mse_loss-0.0003336, val_kl_loss-0.0000000
2025-03-05 12:18:01 - INFO - epoch-272, train_mse_loss-0.0003237, train_kl_loss-0.0000000, val_mse_loss-0.0003362, val_kl_loss-0.0000000
2025-03-05 12:22:15 - INFO - epoch-273, train_mse_loss-0.0003237, train_kl_loss-0.0000000, val_mse_loss-0.0003338, val_kl_loss-0.0000000
2025-03-05 12:26:28 - INFO - epoch-274, train_mse_loss-0.0003237, train_kl_loss-0.0000000, val_mse_loss-0.0003332, val_kl_loss-0.0000000
2025-03-05 12:30:42 - INFO - epoch-275, train_mse_loss-0.0003237, train_kl_loss-0.0000000, val_mse_loss-0.0003329, val_kl_loss-0.0000000
2025-03-05 12:34:56 - INFO - epoch-276, train_mse_loss-0.0003237, train_kl_loss-0.0000000, val_mse_loss-0.0003368, val_kl_loss-0.0000000
2025-03-05 12:39:09 - INFO - epoch-277, train_mse_loss-0.0003237, train_kl_loss-0.0000000, val_mse_loss-0.0003335, val_kl_loss-0.0000000
2025-03-05 12:43:22 - INFO - epoch-278, train_mse_loss-0.0003237, train_kl_loss-0.0000000, val_mse_loss-0.0003332, val_kl_loss-0.0000000
2025-03-05 12:47:35 - INFO - epoch-279, train_mse_loss-0.0003237, train_kl_loss-0.0000000, val_mse_loss-0.0003355, val_kl_loss-0.0000000
2025-03-05 12:51:48 - INFO - epoch-280, train_mse_loss-0.0003237, train_kl_loss-0.0000000, val_mse_loss-0.0003362, val_kl_loss-0.0000000
2025-03-05 12:56:01 - INFO - epoch-281, train_mse_loss-0.0003237, train_kl_loss-0.0000000, val_mse_loss-0.0003343, val_kl_loss-0.0000000
2025-03-05 13:00:15 - INFO - epoch-282, train_mse_loss-0.0003237, train_kl_loss-0.0000000, val_mse_loss-0.0003360, val_kl_loss-0.0000000
2025-03-05 13:04:30 - INFO - epoch-283, train_mse_loss-0.0003237, train_kl_loss-0.0000000, val_mse_loss-0.0003388, val_kl_loss-0.0000000
2025-03-05 13:08:43 - INFO - epoch-284, train_mse_loss-0.0003237, train_kl_loss-0.0000000, val_mse_loss-0.0003341, val_kl_loss-0.0000000
2025-03-05 13:12:57 - INFO - epoch-285, train_mse_loss-0.0003237, train_kl_loss-0.0000000, val_mse_loss-0.0003357, val_kl_loss-0.0000000
2025-03-05 13:17:11 - INFO - epoch-286, train_mse_loss-0.0003237, train_kl_loss-0.0000000, val_mse_loss-0.0003338, val_kl_loss-0.0000000
2025-03-05 13:21:25 - INFO - epoch-287, train_mse_loss-0.0003237, train_kl_loss-0.0000000, val_mse_loss-0.0003333, val_kl_loss-0.0000000
2025-03-05 13:25:41 - INFO - epoch-288, train_mse_loss-0.0003237, train_kl_loss-0.0000000, val_mse_loss-0.0003338, val_kl_loss-0.0000000
2025-03-05 13:29:55 - INFO - epoch-289, train_mse_loss-0.0003237, train_kl_loss-0.0000000, val_mse_loss-0.0003339, val_kl_loss-0.0000000
2025-03-05 13:34:09 - INFO - epoch-290, train_mse_loss-0.0003237, train_kl_loss-0.0000000, val_mse_loss-0.0003335, val_kl_loss-0.0000000
2025-03-05 13:38:22 - INFO - epoch-291, train_mse_loss-0.0003237, train_kl_loss-0.0000000, val_mse_loss-0.0003346, val_kl_loss-0.0000000
2025-03-05 13:42:51 - INFO - epoch-292, train_mse_loss-0.0003237, train_kl_loss-0.0000000, val_mse_loss-0.0003388, val_kl_loss-0.0000000
2025-03-05 13:47:12 - INFO - epoch-293, train_mse_loss-0.0003237, train_kl_loss-0.0000000, val_mse_loss-0.0003341, val_kl_loss-0.0000000
2025-03-05 13:51:59 - INFO - epoch-294, train_mse_loss-0.0003237, train_kl_loss-0.0000000, val_mse_loss-0.0003359, val_kl_loss-0.0000000
2025-03-05 13:56:20 - INFO - epoch-295, train_mse_loss-0.0003237, train_kl_loss-0.0000000, val_mse_loss-0.0003360, val_kl_loss-0.0000000
2025-03-05 14:00:33 - INFO - epoch-296, train_mse_loss-0.0003237, train_kl_loss-0.0000000, val_mse_loss-0.0003340, val_kl_loss-0.0000000
2025-03-05 14:05:11 - INFO - epoch-297, train_mse_loss-0.0003237, train_kl_loss-0.0000000, val_mse_loss-0.0003376, val_kl_loss-0.0000000
2025-03-05 14:10:48 - INFO - epoch-298, train_mse_loss-0.0003237, train_kl_loss-0.0000000, val_mse_loss-0.0003340, val_kl_loss-0.0000000
2025-03-05 14:16:35 - INFO - epoch-299, train_mse_loss-0.0003237, train_kl_loss-0.0000000, val_mse_loss-0.0003381, val_kl_loss-0.0000000
2025-03-05 14:20:49 - INFO - epoch-300, train_mse_loss-0.0003237, train_kl_loss-0.0000000, val_mse_loss-0.0003386, val_kl_loss-0.0000000
2025-03-05 14:25:07 - INFO - epoch-301, train_mse_loss-0.0003237, train_kl_loss-0.0000000, val_mse_loss-0.0003353, val_kl_loss-0.0000000
2025-03-05 14:29:41 - INFO - epoch-302, train_mse_loss-0.0003237, train_kl_loss-0.0000000, val_mse_loss-0.0003357, val_kl_loss-0.0000000
2025-03-05 14:34:12 - INFO - epoch-303, train_mse_loss-0.0003237, train_kl_loss-0.0000000, val_mse_loss-0.0003408, val_kl_loss-0.0000000
2025-03-05 14:38:49 - INFO - epoch-304, train_mse_loss-0.0003237, train_kl_loss-0.0000000, val_mse_loss-0.0003359, val_kl_loss-0.0000000
2025-03-05 14:43:27 - INFO - epoch-305, train_mse_loss-0.0003237, train_kl_loss-0.0000000, val_mse_loss-0.0003347, val_kl_loss-0.0000000
2025-03-05 14:47:48 - INFO - epoch-306, train_mse_loss-0.0003237, train_kl_loss-0.0000000, val_mse_loss-0.0003349, val_kl_loss-0.0000000
2025-03-05 14:52:02 - INFO - epoch-307, train_mse_loss-0.0003237, train_kl_loss-0.0000000, val_mse_loss-0.0003339, val_kl_loss-0.0000000
2025-03-05 14:56:14 - INFO - epoch-308, train_mse_loss-0.0003237, train_kl_loss-0.0000000, val_mse_loss-0.0003388, val_kl_loss-0.0000000
2025-03-05 15:00:28 - INFO - epoch-309, train_mse_loss-0.0003237, train_kl_loss-0.0000000, val_mse_loss-0.0003330, val_kl_loss-0.0000000
2025-03-05 15:04:41 - INFO - epoch-310, train_mse_loss-0.0003237, train_kl_loss-0.0000000, val_mse_loss-0.0003338, val_kl_loss-0.0000000
2025-03-05 15:08:56 - INFO - epoch-311, train_mse_loss-0.0003237, train_kl_loss-0.0000000, val_mse_loss-0.0003354, val_kl_loss-0.0000000
2025-03-05 15:13:12 - INFO - epoch-312, train_mse_loss-0.0003237, train_kl_loss-0.0000000, val_mse_loss-0.0003382, val_kl_loss-0.0000000
2025-03-05 15:17:31 - INFO - epoch-313, train_mse_loss-0.0003237, train_kl_loss-0.0000000, val_mse_loss-0.0003336, val_kl_loss-0.0000000
2025-03-05 15:21:44 - INFO - epoch-314, train_mse_loss-0.0003237, train_kl_loss-0.0000000, val_mse_loss-0.0003355, val_kl_loss-0.0000000
2025-03-05 15:25:57 - INFO - epoch-315, train_mse_loss-0.0003237, train_kl_loss-0.0000000, val_mse_loss-0.0003335, val_kl_loss-0.0000000
2025-03-05 15:30:11 - INFO - epoch-316, train_mse_loss-0.0003237, train_kl_loss-0.0000000, val_mse_loss-0.0003355, val_kl_loss-0.0000000
2025-03-05 15:34:37 - INFO - epoch-317, train_mse_loss-0.0003237, train_kl_loss-0.0000000, val_mse_loss-0.0003339, val_kl_loss-0.0000000
2025-03-05 15:39:40 - INFO - epoch-318, train_mse_loss-0.0003237, train_kl_loss-0.0000000, val_mse_loss-0.0003366, val_kl_loss-0.0000000
2025-03-05 15:44:06 - INFO - epoch-319, train_mse_loss-0.0003237, train_kl_loss-0.0000000, val_mse_loss-0.0003332, val_kl_loss-0.0000000
2025-03-05 15:48:19 - INFO - epoch-320, train_mse_loss-0.0003237, train_kl_loss-0.0000000, val_mse_loss-0.0003386, val_kl_loss-0.0000000
2025-03-05 15:52:32 - INFO - epoch-321, train_mse_loss-0.0003237, train_kl_loss-0.0000000, val_mse_loss-0.0003351, val_kl_loss-0.0000000
2025-03-05 15:56:47 - INFO - epoch-322, train_mse_loss-0.0003237, train_kl_loss-0.0000000, val_mse_loss-0.0003391, val_kl_loss-0.0000000
2025-03-05 16:01:01 - INFO - epoch-323, train_mse_loss-0.0003237, train_kl_loss-0.0000000, val_mse_loss-0.0003334, val_kl_loss-0.0000000
2025-03-05 16:05:32 - INFO - epoch-324, train_mse_loss-0.0003237, train_kl_loss-0.0000000, val_mse_loss-0.0003363, val_kl_loss-0.0000000
2025-03-05 16:10:09 - INFO - epoch-325, train_mse_loss-0.0003237, train_kl_loss-0.0000000, val_mse_loss-0.0003356, val_kl_loss-0.0000000
2025-03-05 16:15:15 - INFO - epoch-326, train_mse_loss-0.0003237, train_kl_loss-0.0000000, val_mse_loss-0.0003361, val_kl_loss-0.0000000
2025-03-05 16:20:08 - INFO - epoch-327, train_mse_loss-0.0003237, train_kl_loss-0.0000000, val_mse_loss-0.0003361, val_kl_loss-0.0000000
2025-03-05 16:24:51 - INFO - epoch-328, train_mse_loss-0.0003237, train_kl_loss-0.0000000, val_mse_loss-0.0003340, val_kl_loss-0.0000000
2025-03-05 16:29:23 - INFO - epoch-329, train_mse_loss-0.0003237, train_kl_loss-0.0000000, val_mse_loss-0.0003386, val_kl_loss-0.0000000
2025-03-05 16:33:40 - INFO - epoch-330, train_mse_loss-0.0003237, train_kl_loss-0.0000000, val_mse_loss-0.0003386, val_kl_loss-0.0000000
2025-03-05 16:37:54 - INFO - epoch-331, train_mse_loss-0.0003237, train_kl_loss-0.0000000, val_mse_loss-0.0003346, val_kl_loss-0.0000000
2025-03-05 16:42:08 - INFO - epoch-332, train_mse_loss-0.0003237, train_kl_loss-0.0000000, val_mse_loss-0.0003344, val_kl_loss-0.0000000
2025-03-05 16:46:21 - INFO - epoch-333, train_mse_loss-0.0003237, train_kl_loss-0.0000000, val_mse_loss-0.0003357, val_kl_loss-0.0000000
2025-03-05 16:50:34 - INFO - epoch-334, train_mse_loss-0.0003237, train_kl_loss-0.0000000, val_mse_loss-0.0003328, val_kl_loss-0.0000000
2025-03-05 16:54:47 - INFO - epoch-335, train_mse_loss-0.0003237, train_kl_loss-0.0000000, val_mse_loss-0.0003339, val_kl_loss-0.0000000
2025-03-05 16:59:00 - INFO - epoch-336, train_mse_loss-0.0003237, train_kl_loss-0.0000000, val_mse_loss-0.0003343, val_kl_loss-0.0000000
2025-03-05 17:03:13 - INFO - epoch-337, train_mse_loss-0.0003237, train_kl_loss-0.0000000, val_mse_loss-0.0003348, val_kl_loss-0.0000000
2025-03-05 17:07:29 - INFO - epoch-338, train_mse_loss-0.0003237, train_kl_loss-0.0000000, val_mse_loss-0.0003346, val_kl_loss-0.0000000
2025-03-05 17:11:48 - INFO - epoch-339, train_mse_loss-0.0003237, train_kl_loss-0.0000000, val_mse_loss-0.0003338, val_kl_loss-0.0000000
2025-03-05 17:16:01 - INFO - epoch-340, train_mse_loss-0.0003237, train_kl_loss-0.0000000, val_mse_loss-0.0003398, val_kl_loss-0.0000000
2025-03-05 17:20:15 - INFO - epoch-341, train_mse_loss-0.0003237, train_kl_loss-0.0000000, val_mse_loss-0.0003337, val_kl_loss-0.0000000
2025-03-05 17:24:28 - INFO - epoch-342, train_mse_loss-0.0003237, train_kl_loss-0.0000000, val_mse_loss-0.0003343, val_kl_loss-0.0000000
2025-03-05 17:28:42 - INFO - epoch-343, train_mse_loss-0.0003237, train_kl_loss-0.0000000, val_mse_loss-0.0003392, val_kl_loss-0.0000000
2025-03-05 17:32:55 - INFO - epoch-344, train_mse_loss-0.0003237, train_kl_loss-0.0000000, val_mse_loss-0.0003341, val_kl_loss-0.0000000
2025-03-05 17:37:09 - INFO - epoch-345, train_mse_loss-0.0003237, train_kl_loss-0.0000000, val_mse_loss-0.0003360, val_kl_loss-0.0000000
2025-03-05 17:42:13 - INFO - epoch-346, train_mse_loss-0.0003237, train_kl_loss-0.0000000, val_mse_loss-0.0003333, val_kl_loss-0.0000000
2025-03-05 17:47:40 - INFO - epoch-347, train_mse_loss-0.0003237, train_kl_loss-0.0000000, val_mse_loss-0.0003346, val_kl_loss-0.0000000
2025-03-05 17:53:03 - INFO - epoch-348, train_mse_loss-0.0003237, train_kl_loss-0.0000000, val_mse_loss-0.0003358, val_kl_loss-0.0000000
2025-03-05 17:58:47 - INFO - epoch-349, train_mse_loss-0.0003237, train_kl_loss-0.0000000, val_mse_loss-0.0003343, val_kl_loss-0.0000000
2025-03-05 18:03:15 - INFO - epoch-350, train_mse_loss-0.0003237, train_kl_loss-0.0000000, val_mse_loss-0.0003328, val_kl_loss-0.0000000
2025-03-05 18:07:29 - INFO - epoch-351, train_mse_loss-0.0003237, train_kl_loss-0.0000000, val_mse_loss-0.0003337, val_kl_loss-0.0000000
2025-03-05 18:11:41 - INFO - epoch-352, train_mse_loss-0.0003237, train_kl_loss-0.0000000, val_mse_loss-0.0003356, val_kl_loss-0.0000000
2025-03-05 18:18:18 - INFO - epoch-353, train_mse_loss-0.0003237, train_kl_loss-0.0000000, val_mse_loss-0.0003338, val_kl_loss-0.0000000
2025-03-05 18:24:16 - INFO - epoch-354, train_mse_loss-0.0003237, train_kl_loss-0.0000000, val_mse_loss-0.0003338, val_kl_loss-0.0000000
2025-03-05 18:28:45 - INFO - epoch-355, train_mse_loss-0.0003237, train_kl_loss-0.0000000, val_mse_loss-0.0003334, val_kl_loss-0.0000000
2025-03-05 18:33:00 - INFO - epoch-356, train_mse_loss-0.0003237, train_kl_loss-0.0000000, val_mse_loss-0.0003371, val_kl_loss-0.0000000
2025-03-05 18:37:58 - INFO - epoch-357, train_mse_loss-0.0003237, train_kl_loss-0.0000000, val_mse_loss-0.0003347, val_kl_loss-0.0000000
2025-03-05 18:43:24 - INFO - epoch-358, train_mse_loss-0.0003237, train_kl_loss-0.0000000, val_mse_loss-0.0003362, val_kl_loss-0.0000000
2025-03-05 18:49:53 - INFO - epoch-359, train_mse_loss-0.0003237, train_kl_loss-0.0000000, val_mse_loss-0.0003340, val_kl_loss-0.0000000
2025-03-05 18:55:41 - INFO - epoch-360, train_mse_loss-0.0003237, train_kl_loss-0.0000000, val_mse_loss-0.0003336, val_kl_loss-0.0000000
2025-03-05 19:01:02 - INFO - epoch-361, train_mse_loss-0.0003237, train_kl_loss-0.0000000, val_mse_loss-0.0003379, val_kl_loss-0.0000000
2025-03-05 19:06:37 - INFO - epoch-362, train_mse_loss-0.0003237, train_kl_loss-0.0000000, val_mse_loss-0.0003356, val_kl_loss-0.0000000
2025-03-05 19:11:27 - INFO - epoch-363, train_mse_loss-0.0003237, train_kl_loss-0.0000000, val_mse_loss-0.0003370, val_kl_loss-0.0000000
2025-03-05 19:16:02 - INFO - epoch-364, train_mse_loss-0.0003237, train_kl_loss-0.0000000, val_mse_loss-0.0003358, val_kl_loss-0.0000000
2025-03-05 19:20:29 - INFO - epoch-365, train_mse_loss-0.0003237, train_kl_loss-0.0000000, val_mse_loss-0.0003371, val_kl_loss-0.0000000
2025-03-05 19:24:43 - INFO - epoch-366, train_mse_loss-0.0003237, train_kl_loss-0.0000000, val_mse_loss-0.0003363, val_kl_loss-0.0000000
2025-03-05 19:28:57 - INFO - epoch-367, train_mse_loss-0.0003237, train_kl_loss-0.0000000, val_mse_loss-0.0003329, val_kl_loss-0.0000000
2025-03-05 19:33:12 - INFO - epoch-368, train_mse_loss-0.0003237, train_kl_loss-0.0000000, val_mse_loss-0.0003338, val_kl_loss-0.0000000
2025-03-05 19:37:26 - INFO - epoch-369, train_mse_loss-0.0003237, train_kl_loss-0.0000000, val_mse_loss-0.0003326, val_kl_loss-0.0000000
2025-03-05 19:41:42 - INFO - epoch-370, train_mse_loss-0.0003237, train_kl_loss-0.0000000, val_mse_loss-0.0003381, val_kl_loss-0.0000000
2025-03-05 19:46:02 - INFO - epoch-371, train_mse_loss-0.0003237, train_kl_loss-0.0000000, val_mse_loss-0.0003350, val_kl_loss-0.0000000
2025-03-05 19:50:17 - INFO - epoch-372, train_mse_loss-0.0003237, train_kl_loss-0.0000000, val_mse_loss-0.0003336, val_kl_loss-0.0000000
2025-03-05 19:54:34 - INFO - epoch-373, train_mse_loss-0.0003237, train_kl_loss-0.0000000, val_mse_loss-0.0003346, val_kl_loss-0.0000000
2025-03-05 19:58:48 - INFO - epoch-374, train_mse_loss-0.0003236, train_kl_loss-0.0000000, val_mse_loss-0.0003340, val_kl_loss-0.0000000
2025-03-05 20:03:04 - INFO - epoch-375, train_mse_loss-0.0003237, train_kl_loss-0.0000000, val_mse_loss-0.0003325, val_kl_loss-0.0000000
2025-03-05 20:07:21 - INFO - epoch-376, train_mse_loss-0.0003237, train_kl_loss-0.0000000, val_mse_loss-0.0003331, val_kl_loss-0.0000000
2025-03-05 20:11:36 - INFO - epoch-377, train_mse_loss-0.0003237, train_kl_loss-0.0000000, val_mse_loss-0.0003340, val_kl_loss-0.0000000
2025-03-05 20:15:52 - INFO - epoch-378, train_mse_loss-0.0003237, train_kl_loss-0.0000000, val_mse_loss-0.0003345, val_kl_loss-0.0000000
2025-03-05 20:20:07 - INFO - epoch-379, train_mse_loss-0.0003237, train_kl_loss-0.0000000, val_mse_loss-0.0003360, val_kl_loss-0.0000000
2025-03-05 20:24:22 - INFO - epoch-380, train_mse_loss-0.0003237, train_kl_loss-0.0000000, val_mse_loss-0.0003347, val_kl_loss-0.0000000
2025-03-05 20:28:37 - INFO - epoch-381, train_mse_loss-0.0003237, train_kl_loss-0.0000000, val_mse_loss-0.0003382, val_kl_loss-0.0000000
2025-03-05 20:32:51 - INFO - epoch-382, train_mse_loss-0.0003237, train_kl_loss-0.0000000, val_mse_loss-0.0003345, val_kl_loss-0.0000000
2025-03-05 20:37:06 - INFO - epoch-383, train_mse_loss-0.0003237, train_kl_loss-0.0000000, val_mse_loss-0.0003326, val_kl_loss-0.0000000
2025-03-05 20:41:19 - INFO - epoch-384, train_mse_loss-0.0003237, train_kl_loss-0.0000000, val_mse_loss-0.0003337, val_kl_loss-0.0000000
2025-03-05 20:45:37 - INFO - epoch-385, train_mse_loss-0.0003237, train_kl_loss-0.0000000, val_mse_loss-0.0003358, val_kl_loss-0.0000000
2025-03-05 20:49:52 - INFO - epoch-386, train_mse_loss-0.0003237, train_kl_loss-0.0000000, val_mse_loss-0.0003353, val_kl_loss-0.0000000
2025-03-05 20:54:10 - INFO - epoch-387, train_mse_loss-0.0003237, train_kl_loss-0.0000000, val_mse_loss-0.0003355, val_kl_loss-0.0000000
2025-03-05 20:58:27 - INFO - epoch-388, train_mse_loss-0.0003237, train_kl_loss-0.0000000, val_mse_loss-0.0003351, val_kl_loss-0.0000000
2025-03-05 21:02:41 - INFO - epoch-389, train_mse_loss-0.0003237, train_kl_loss-0.0000000, val_mse_loss-0.0003374, val_kl_loss-0.0000000
2025-03-05 21:06:56 - INFO - epoch-390, train_mse_loss-0.0003237, train_kl_loss-0.0000000, val_mse_loss-0.0003348, val_kl_loss-0.0000000
2025-03-05 21:11:09 - INFO - epoch-391, train_mse_loss-0.0003237, train_kl_loss-0.0000000, val_mse_loss-0.0003341, val_kl_loss-0.0000000
2025-03-05 21:15:23 - INFO - epoch-392, train_mse_loss-0.0003237, train_kl_loss-0.0000000, val_mse_loss-0.0003361, val_kl_loss-0.0000000
2025-03-05 21:19:36 - INFO - epoch-393, train_mse_loss-0.0003237, train_kl_loss-0.0000000, val_mse_loss-0.0003370, val_kl_loss-0.0000000
2025-03-05 21:23:50 - INFO - epoch-394, train_mse_loss-0.0003237, train_kl_loss-0.0000000, val_mse_loss-0.0003367, val_kl_loss-0.0000000
2025-03-05 21:28:03 - INFO - epoch-395, train_mse_loss-0.0003237, train_kl_loss-0.0000000, val_mse_loss-0.0003343, val_kl_loss-0.0000000
2025-03-05 21:32:16 - INFO - epoch-396, train_mse_loss-0.0003237, train_kl_loss-0.0000000, val_mse_loss-0.0003408, val_kl_loss-0.0000000
2025-03-05 21:36:29 - INFO - epoch-397, train_mse_loss-0.0003237, train_kl_loss-0.0000000, val_mse_loss-0.0003333, val_kl_loss-0.0000000
2025-03-05 21:40:44 - INFO - epoch-398, train_mse_loss-0.0003237, train_kl_loss-0.0000000, val_mse_loss-0.0003343, val_kl_loss-0.0000000
2025-03-05 21:44:57 - INFO - epoch-399, train_mse_loss-0.0003237, train_kl_loss-0.0000000, val_mse_loss-0.0003391, val_kl_loss-0.0000000
2025-03-05 21:49:12 - INFO - epoch-400, train_mse_loss-0.0003237, train_kl_loss-0.0000000, val_mse_loss-0.0003332, val_kl_loss-0.0000000
2025-03-05 21:53:30 - INFO - epoch-401, train_mse_loss-0.0003237, train_kl_loss-0.0000000, val_mse_loss-0.0003347, val_kl_loss-0.0000000
2025-03-05 21:57:51 - INFO - epoch-402, train_mse_loss-0.0003237, train_kl_loss-0.0000000, val_mse_loss-0.0003374, val_kl_loss-0.0000000
2025-03-05 22:02:07 - INFO - epoch-403, train_mse_loss-0.0003237, train_kl_loss-0.0000000, val_mse_loss-0.0003359, val_kl_loss-0.0000000
2025-03-05 22:06:25 - INFO - epoch-404, train_mse_loss-0.0003237, train_kl_loss-0.0000000, val_mse_loss-0.0003352, val_kl_loss-0.0000000
2025-03-05 22:10:42 - INFO - epoch-405, train_mse_loss-0.0003237, train_kl_loss-0.0000000, val_mse_loss-0.0003344, val_kl_loss-0.0000000
2025-03-05 22:14:58 - INFO - epoch-406, train_mse_loss-0.0003237, train_kl_loss-0.0000000, val_mse_loss-0.0003354, val_kl_loss-0.0000000
2025-03-05 22:19:15 - INFO - epoch-407, train_mse_loss-0.0003237, train_kl_loss-0.0000000, val_mse_loss-0.0003369, val_kl_loss-0.0000000
2025-03-05 22:23:31 - INFO - epoch-408, train_mse_loss-0.0003237, train_kl_loss-0.0000000, val_mse_loss-0.0003411, val_kl_loss-0.0000000
2025-03-05 22:27:52 - INFO - epoch-409, train_mse_loss-0.0003237, train_kl_loss-0.0000000, val_mse_loss-0.0003345, val_kl_loss-0.0000000
2025-03-05 22:32:11 - INFO - epoch-410, train_mse_loss-0.0003237, train_kl_loss-0.0000000, val_mse_loss-0.0003384, val_kl_loss-0.0000000
2025-03-05 22:36:26 - INFO - epoch-411, train_mse_loss-0.0003237, train_kl_loss-0.0000000, val_mse_loss-0.0003341, val_kl_loss-0.0000000
2025-03-05 22:40:46 - INFO - epoch-412, train_mse_loss-0.0003237, train_kl_loss-0.0000000, val_mse_loss-0.0003362, val_kl_loss-0.0000000
2025-03-05 22:45:09 - INFO - epoch-413, train_mse_loss-0.0003237, train_kl_loss-0.0000000, val_mse_loss-0.0003369, val_kl_loss-0.0000000
2025-03-05 22:49:27 - INFO - epoch-414, train_mse_loss-0.0003237, train_kl_loss-0.0000000, val_mse_loss-0.0003323, val_kl_loss-0.0000000
2025-03-05 22:53:49 - INFO - epoch-415, train_mse_loss-0.0003237, train_kl_loss-0.0000000, val_mse_loss-0.0003347, val_kl_loss-0.0000000
2025-03-05 22:58:11 - INFO - epoch-416, train_mse_loss-0.0003237, train_kl_loss-0.0000000, val_mse_loss-0.0003365, val_kl_loss-0.0000000
2025-03-05 23:02:28 - INFO - epoch-417, train_mse_loss-0.0003237, train_kl_loss-0.0000000, val_mse_loss-0.0003342, val_kl_loss-0.0000000
2025-03-05 23:06:47 - INFO - epoch-418, train_mse_loss-0.0003237, train_kl_loss-0.0000000, val_mse_loss-0.0003358, val_kl_loss-0.0000000
2025-03-05 23:11:03 - INFO - epoch-419, train_mse_loss-0.0003237, train_kl_loss-0.0000000, val_mse_loss-0.0003339, val_kl_loss-0.0000000
2025-03-05 23:15:20 - INFO - epoch-420, train_mse_loss-0.0003237, train_kl_loss-0.0000000, val_mse_loss-0.0003330, val_kl_loss-0.0000000
2025-03-05 23:19:37 - INFO - epoch-421, train_mse_loss-0.0003237, train_kl_loss-0.0000000, val_mse_loss-0.0003347, val_kl_loss-0.0000000
2025-03-05 23:23:52 - INFO - epoch-422, train_mse_loss-0.0003237, train_kl_loss-0.0000000, val_mse_loss-0.0003359, val_kl_loss-0.0000000
2025-03-05 23:28:06 - INFO - epoch-423, train_mse_loss-0.0003237, train_kl_loss-0.0000000, val_mse_loss-0.0003395, val_kl_loss-0.0000000
2025-03-05 23:32:19 - INFO - epoch-424, train_mse_loss-0.0003237, train_kl_loss-0.0000000, val_mse_loss-0.0003326, val_kl_loss-0.0000000
2025-03-05 23:36:32 - INFO - epoch-425, train_mse_loss-0.0003237, train_kl_loss-0.0000000, val_mse_loss-0.0003355, val_kl_loss-0.0000000
2025-03-05 23:40:47 - INFO - epoch-426, train_mse_loss-0.0003237, train_kl_loss-0.0000000, val_mse_loss-0.0003367, val_kl_loss-0.0000000
2025-03-05 23:45:01 - INFO - epoch-427, train_mse_loss-0.0003237, train_kl_loss-0.0000000, val_mse_loss-0.0003343, val_kl_loss-0.0000000
2025-03-05 23:49:15 - INFO - epoch-428, train_mse_loss-0.0003237, train_kl_loss-0.0000000, val_mse_loss-0.0003343, val_kl_loss-0.0000000
2025-03-05 23:53:30 - INFO - epoch-429, train_mse_loss-0.0003237, train_kl_loss-0.0000000, val_mse_loss-0.0003334, val_kl_loss-0.0000000
2025-03-05 23:57:45 - INFO - epoch-430, train_mse_loss-0.0003237, train_kl_loss-0.0000000, val_mse_loss-0.0003353, val_kl_loss-0.0000000
2025-03-06 00:02:00 - INFO - epoch-431, train_mse_loss-0.0003237, train_kl_loss-0.0000000, val_mse_loss-0.0003342, val_kl_loss-0.0000000
2025-03-06 00:06:18 - INFO - epoch-432, train_mse_loss-0.0003237, train_kl_loss-0.0000000, val_mse_loss-0.0003362, val_kl_loss-0.0000000
2025-03-06 00:10:36 - INFO - epoch-433, train_mse_loss-0.0003237, train_kl_loss-0.0000000, val_mse_loss-0.0003348, val_kl_loss-0.0000000
2025-03-06 00:14:51 - INFO - epoch-434, train_mse_loss-0.0003237, train_kl_loss-0.0000000, val_mse_loss-0.0003336, val_kl_loss-0.0000000
2025-03-06 00:19:06 - INFO - epoch-435, train_mse_loss-0.0003237, train_kl_loss-0.0000000, val_mse_loss-0.0003343, val_kl_loss-0.0000000
2025-03-06 00:23:20 - INFO - epoch-436, train_mse_loss-0.0003237, train_kl_loss-0.0000000, val_mse_loss-0.0003330, val_kl_loss-0.0000000
2025-03-06 00:27:34 - INFO - epoch-437, train_mse_loss-0.0003237, train_kl_loss-0.0000000, val_mse_loss-0.0003336, val_kl_loss-0.0000000
2025-03-06 00:31:49 - INFO - epoch-438, train_mse_loss-0.0003237, train_kl_loss-0.0000000, val_mse_loss-0.0003349, val_kl_loss-0.0000000
2025-03-06 00:36:03 - INFO - epoch-439, train_mse_loss-0.0003237, train_kl_loss-0.0000000, val_mse_loss-0.0003329, val_kl_loss-0.0000000
2025-03-06 00:40:17 - INFO - epoch-440, train_mse_loss-0.0003237, train_kl_loss-0.0000000, val_mse_loss-0.0003412, val_kl_loss-0.0000000
2025-03-06 00:44:32 - INFO - epoch-441, train_mse_loss-0.0003237, train_kl_loss-0.0000000, val_mse_loss-0.0003387, val_kl_loss-0.0000000
2025-03-06 00:48:46 - INFO - epoch-442, train_mse_loss-0.0003237, train_kl_loss-0.0000000, val_mse_loss-0.0003370, val_kl_loss-0.0000000
2025-03-06 00:53:00 - INFO - epoch-443, train_mse_loss-0.0003237, train_kl_loss-0.0000000, val_mse_loss-0.0003338, val_kl_loss-0.0000000
2025-03-06 00:57:15 - INFO - epoch-444, train_mse_loss-0.0003237, train_kl_loss-0.0000000, val_mse_loss-0.0003348, val_kl_loss-0.0000000
2025-03-06 01:01:28 - INFO - epoch-445, train_mse_loss-0.0003237, train_kl_loss-0.0000000, val_mse_loss-0.0003342, val_kl_loss-0.0000000
2025-03-06 01:05:45 - INFO - epoch-446, train_mse_loss-0.0003237, train_kl_loss-0.0000000, val_mse_loss-0.0003340, val_kl_loss-0.0000000
2025-03-06 01:10:14 - INFO - epoch-447, train_mse_loss-0.0003237, train_kl_loss-0.0000000, val_mse_loss-0.0003320, val_kl_loss-0.0000000
2025-03-06 01:14:31 - INFO - epoch-448, train_mse_loss-0.0003237, train_kl_loss-0.0000000, val_mse_loss-0.0003354, val_kl_loss-0.0000000
2025-03-06 01:18:57 - INFO - epoch-449, train_mse_loss-0.0003237, train_kl_loss-0.0000000, val_mse_loss-0.0003359, val_kl_loss-0.0000000
2025-03-06 01:23:27 - INFO - epoch-450, train_mse_loss-0.0003237, train_kl_loss-0.0000000, val_mse_loss-0.0003357, val_kl_loss-0.0000000
2025-03-06 01:27:49 - INFO - epoch-451, train_mse_loss-0.0003237, train_kl_loss-0.0000000, val_mse_loss-0.0003352, val_kl_loss-0.0000000
2025-03-06 01:32:04 - INFO - epoch-452, train_mse_loss-0.0003237, train_kl_loss-0.0000000, val_mse_loss-0.0003369, val_kl_loss-0.0000000
2025-03-06 01:36:22 - INFO - epoch-453, train_mse_loss-0.0003237, train_kl_loss-0.0000000, val_mse_loss-0.0003361, val_kl_loss-0.0000000
2025-03-06 01:40:36 - INFO - epoch-454, train_mse_loss-0.0003237, train_kl_loss-0.0000000, val_mse_loss-0.0003345, val_kl_loss-0.0000000
2025-03-06 01:44:50 - INFO - epoch-455, train_mse_loss-0.0003237, train_kl_loss-0.0000000, val_mse_loss-0.0003377, val_kl_loss-0.0000000
2025-03-06 01:49:08 - INFO - epoch-456, train_mse_loss-0.0003237, train_kl_loss-0.0000000, val_mse_loss-0.0003360, val_kl_loss-0.0000000
2025-03-06 01:53:21 - INFO - epoch-457, train_mse_loss-0.0003237, train_kl_loss-0.0000000, val_mse_loss-0.0003370, val_kl_loss-0.0000000
2025-03-06 01:57:37 - INFO - epoch-458, train_mse_loss-0.0003237, train_kl_loss-0.0000000, val_mse_loss-0.0003400, val_kl_loss-0.0000000
2025-03-06 02:01:53 - INFO - epoch-459, train_mse_loss-0.0003237, train_kl_loss-0.0000000, val_mse_loss-0.0003477, val_kl_loss-0.0000000
2025-03-06 02:06:09 - INFO - epoch-460, train_mse_loss-0.0003237, train_kl_loss-0.0000000, val_mse_loss-0.0003386, val_kl_loss-0.0000000
2025-03-06 02:10:26 - INFO - epoch-461, train_mse_loss-0.0003237, train_kl_loss-0.0000000, val_mse_loss-0.0003383, val_kl_loss-0.0000000
2025-03-06 02:14:42 - INFO - epoch-462, train_mse_loss-0.0003237, train_kl_loss-0.0000000, val_mse_loss-0.0003346, val_kl_loss-0.0000000
2025-03-06 02:18:59 - INFO - epoch-463, train_mse_loss-0.0003237, train_kl_loss-0.0000000, val_mse_loss-0.0003357, val_kl_loss-0.0000000
2025-03-06 02:23:15 - INFO - epoch-464, train_mse_loss-0.0003237, train_kl_loss-0.0000000, val_mse_loss-0.0003347, val_kl_loss-0.0000000
2025-03-06 02:27:32 - INFO - epoch-465, train_mse_loss-0.0003237, train_kl_loss-0.0000000, val_mse_loss-0.0003337, val_kl_loss-0.0000000
2025-03-06 02:31:48 - INFO - epoch-466, train_mse_loss-0.0003237, train_kl_loss-0.0000000, val_mse_loss-0.0003350, val_kl_loss-0.0000000
2025-03-06 02:36:05 - INFO - epoch-467, train_mse_loss-0.0003237, train_kl_loss-0.0000000, val_mse_loss-0.0003481, val_kl_loss-0.0000000
2025-03-06 02:40:20 - INFO - epoch-468, train_mse_loss-0.0003237, train_kl_loss-0.0000000, val_mse_loss-0.0003376, val_kl_loss-0.0000000
2025-03-06 02:44:36 - INFO - epoch-469, train_mse_loss-0.0003237, train_kl_loss-0.0000000, val_mse_loss-0.0003334, val_kl_loss-0.0000000
2025-03-06 02:48:52 - INFO - epoch-470, train_mse_loss-0.0003237, train_kl_loss-0.0000000, val_mse_loss-0.0003343, val_kl_loss-0.0000000
2025-03-06 02:53:10 - INFO - epoch-471, train_mse_loss-0.0003237, train_kl_loss-0.0000000, val_mse_loss-0.0003355, val_kl_loss-0.0000000
2025-03-06 02:57:25 - INFO - epoch-472, train_mse_loss-0.0003237, train_kl_loss-0.0000000, val_mse_loss-0.0003366, val_kl_loss-0.0000000
2025-03-06 03:01:41 - INFO - epoch-473, train_mse_loss-0.0003237, train_kl_loss-0.0000000, val_mse_loss-0.0003384, val_kl_loss-0.0000000
2025-03-06 03:05:56 - INFO - epoch-474, train_mse_loss-0.0003237, train_kl_loss-0.0000000, val_mse_loss-0.0003379, val_kl_loss-0.0000000
2025-03-06 03:10:13 - INFO - epoch-475, train_mse_loss-0.0003237, train_kl_loss-0.0000000, val_mse_loss-0.0003389, val_kl_loss-0.0000000
2025-03-06 03:14:29 - INFO - epoch-476, train_mse_loss-0.0003237, train_kl_loss-0.0000000, val_mse_loss-0.0003516, val_kl_loss-0.0000000
2025-03-06 03:18:44 - INFO - epoch-477, train_mse_loss-0.0003237, train_kl_loss-0.0000000, val_mse_loss-0.0003388, val_kl_loss-0.0000000
2025-03-06 03:23:01 - INFO - epoch-478, train_mse_loss-0.0003237, train_kl_loss-0.0000000, val_mse_loss-0.0003381, val_kl_loss-0.0000000
2025-03-06 03:27:17 - INFO - epoch-479, train_mse_loss-0.0003237, train_kl_loss-0.0000000, val_mse_loss-0.0003354, val_kl_loss-0.0000000
2025-03-06 03:31:35 - INFO - epoch-480, train_mse_loss-0.0003237, train_kl_loss-0.0000000, val_mse_loss-0.0003395, val_kl_loss-0.0000000
2025-03-06 03:35:51 - INFO - epoch-481, train_mse_loss-0.0003237, train_kl_loss-0.0000000, val_mse_loss-0.0003358, val_kl_loss-0.0000000
2025-03-06 03:40:06 - INFO - epoch-482, train_mse_loss-0.0003237, train_kl_loss-0.0000000, val_mse_loss-0.0003359, val_kl_loss-0.0000000
2025-03-06 03:44:24 - INFO - epoch-483, train_mse_loss-0.0003237, train_kl_loss-0.0000000, val_mse_loss-0.0003342, val_kl_loss-0.0000000
2025-03-06 03:48:40 - INFO - epoch-484, train_mse_loss-0.0003237, train_kl_loss-0.0000000, val_mse_loss-0.0003398, val_kl_loss-0.0000000
2025-03-06 03:52:56 - INFO - epoch-485, train_mse_loss-0.0003237, train_kl_loss-0.0000000, val_mse_loss-0.0003406, val_kl_loss-0.0000000
2025-03-06 03:57:12 - INFO - epoch-486, train_mse_loss-0.0003237, train_kl_loss-0.0000000, val_mse_loss-0.0003404, val_kl_loss-0.0000000
2025-03-06 04:01:29 - INFO - epoch-487, train_mse_loss-0.0003237, train_kl_loss-0.0000000, val_mse_loss-0.0003356, val_kl_loss-0.0000000
2025-03-06 04:05:46 - INFO - epoch-488, train_mse_loss-0.0003237, train_kl_loss-0.0000000, val_mse_loss-0.0003354, val_kl_loss-0.0000000
2025-03-06 04:10:03 - INFO - epoch-489, train_mse_loss-0.0003237, train_kl_loss-0.0000000, val_mse_loss-0.0003355, val_kl_loss-0.0000000
2025-03-06 04:14:18 - INFO - epoch-490, train_mse_loss-0.0003237, train_kl_loss-0.0000000, val_mse_loss-0.0003366, val_kl_loss-0.0000000
2025-03-06 04:18:33 - INFO - epoch-491, train_mse_loss-0.0003237, train_kl_loss-0.0000000, val_mse_loss-0.0003355, val_kl_loss-0.0000000
2025-03-06 04:22:49 - INFO - epoch-492, train_mse_loss-0.0003237, train_kl_loss-0.0000000, val_mse_loss-0.0003373, val_kl_loss-0.0000000
2025-03-06 04:27:04 - INFO - epoch-493, train_mse_loss-0.0003237, train_kl_loss-0.0000000, val_mse_loss-0.0003334, val_kl_loss-0.0000000
2025-03-06 04:31:20 - INFO - epoch-494, train_mse_loss-0.0003237, train_kl_loss-0.0000000, val_mse_loss-0.0003351, val_kl_loss-0.0000000
2025-03-06 04:35:35 - INFO - epoch-495, train_mse_loss-0.0003237, train_kl_loss-0.0000000, val_mse_loss-0.0003345, val_kl_loss-0.0000000
2025-03-06 04:39:50 - INFO - epoch-496, train_mse_loss-0.0003237, train_kl_loss-0.0000000, val_mse_loss-0.0003350, val_kl_loss-0.0000000
2025-03-06 04:44:07 - INFO - epoch-497, train_mse_loss-0.0003237, train_kl_loss-0.0000000, val_mse_loss-0.0003372, val_kl_loss-0.0000000
2025-03-06 04:48:23 - INFO - epoch-498, train_mse_loss-0.0003237, train_kl_loss-0.0000000, val_mse_loss-0.0003341, val_kl_loss-0.0000000
2025-03-06 04:52:38 - INFO - epoch-499, train_mse_loss-0.0003237, train_kl_loss-0.0000000, val_mse_loss-0.0003350, val_kl_loss-0.0000000
