2025-03-19 11:43:23 - INFO - train data: 13259
2025-03-19 11:43:23 - INFO - train unqiue data: 13259
2025-03-19 11:43:23 - INFO - valid data: 1474
2025-03-19 11:43:23 - INFO - valid unqiue data: 1474
2025-03-19 11:48:13 - INFO - epoch-0, train_mse_loss-0.0005829, train_kl_loss-0.0018134, val_mse_loss-0.0005795, val_kl_loss-0.0000453
2025-03-19 11:52:30 - INFO - epoch-1, train_mse_loss-0.0005818, train_kl_loss-0.0000163, val_mse_loss-0.0005795, val_kl_loss-0.0000047
2025-03-19 11:56:46 - INFO - epoch-2, train_mse_loss-0.0005833, train_kl_loss-0.0000018, val_mse_loss-0.0005795, val_kl_loss-0.0000005
2025-03-19 11:56:54 - INFO - Saved new best model at epoch 2 with validation loss 0.0005800
2025-03-19 12:01:11 - INFO - epoch-3, train_mse_loss-0.0005818, train_kl_loss-0.0000001, val_mse_loss-0.0005795, val_kl_loss-0.0000000
2025-03-19 12:01:18 - INFO - Saved new best model at epoch 3 with validation loss 0.0005795
2025-03-19 12:05:35 - INFO - epoch-4, train_mse_loss-0.0005818, train_kl_loss-0.0000000, val_mse_loss-0.0005795, val_kl_loss-0.0000000
2025-03-19 12:05:43 - INFO - Saved new best model at epoch 4 with validation loss 0.0005795
2025-03-19 12:10:02 - INFO - epoch-5, train_mse_loss-0.0005818, train_kl_loss-0.0000000, val_mse_loss-0.0005795, val_kl_loss--0.0000000
2025-03-19 12:10:09 - INFO - Saved new best model at epoch 5 with validation loss 0.0005795
2025-03-19 12:14:26 - INFO - epoch-6, train_mse_loss-0.0005818, train_kl_loss--0.0000000, val_mse_loss-0.0005795, val_kl_loss--0.0000000
2025-03-19 12:14:34 - INFO - Saved new best model at epoch 6 with validation loss 0.0005795
2025-03-19 12:18:51 - INFO - epoch-7, train_mse_loss-0.0005818, train_kl_loss--0.0000000, val_mse_loss-0.0005795, val_kl_loss-0.0000000
2025-03-19 12:23:08 - INFO - epoch-8, train_mse_loss-0.0005818, train_kl_loss-0.0000000, val_mse_loss-0.0005795, val_kl_loss-0.0000000
2025-03-19 12:27:25 - INFO - epoch-9, train_mse_loss-0.0005818, train_kl_loss-0.0000000, val_mse_loss-0.0005795, val_kl_loss-0.0000000
2025-03-19 12:31:43 - INFO - epoch-10, train_mse_loss-0.0005818, train_kl_loss-0.0000000, val_mse_loss-0.0005795, val_kl_loss-0.0000000
2025-03-19 12:36:00 - INFO - epoch-11, train_mse_loss-0.0005818, train_kl_loss-0.0000000, val_mse_loss-0.0005795, val_kl_loss-0.0000000
2025-03-19 12:40:17 - INFO - epoch-12, train_mse_loss-0.0005818, train_kl_loss-0.0000000, val_mse_loss-0.0005795, val_kl_loss-0.0000000
2025-03-19 12:44:33 - INFO - epoch-13, train_mse_loss-0.0005818, train_kl_loss-0.0000000, val_mse_loss-0.0005795, val_kl_loss-0.0000000
2025-03-19 12:48:52 - INFO - epoch-14, train_mse_loss-0.0005818, train_kl_loss-0.0000000, val_mse_loss-0.0005795, val_kl_loss-0.0000000
2025-03-19 12:53:11 - INFO - epoch-15, train_mse_loss-0.0005818, train_kl_loss-0.0000000, val_mse_loss-0.0005795, val_kl_loss-0.0000000
2025-03-19 12:57:29 - INFO - epoch-16, train_mse_loss-0.0005818, train_kl_loss-0.0000000, val_mse_loss-0.0005795, val_kl_loss-0.0000000
2025-03-19 13:01:46 - INFO - epoch-17, train_mse_loss-0.0005818, train_kl_loss-0.0000000, val_mse_loss-0.0005795, val_kl_loss-0.0000000
2025-03-19 13:06:03 - INFO - epoch-18, train_mse_loss-0.0005803, train_kl_loss-0.0000000, val_mse_loss-0.0005757, val_kl_loss-0.0000000
2025-03-19 13:06:12 - INFO - Saved new best model at epoch 18 with validation loss 0.0005757
2025-03-19 13:10:29 - INFO - epoch-19, train_mse_loss-0.0005780, train_kl_loss-0.0000000, val_mse_loss-0.0005757, val_kl_loss-0.0000000
2025-03-19 13:14:45 - INFO - epoch-20, train_mse_loss-0.0005780, train_kl_loss-0.0000000, val_mse_loss-0.0005757, val_kl_loss-0.0000000
2025-03-19 13:19:02 - INFO - epoch-21, train_mse_loss-0.0005780, train_kl_loss-0.0000000, val_mse_loss-0.0005757, val_kl_loss-0.0000000
2025-03-19 13:23:20 - INFO - epoch-22, train_mse_loss-0.0005780, train_kl_loss-0.0000000, val_mse_loss-0.0005757, val_kl_loss-0.0000000
2025-03-19 13:27:38 - INFO - epoch-23, train_mse_loss-0.0005780, train_kl_loss-0.0000000, val_mse_loss-0.0005757, val_kl_loss-0.0000000
2025-03-19 13:31:56 - INFO - epoch-24, train_mse_loss-0.0005780, train_kl_loss-0.0000000, val_mse_loss-0.0005757, val_kl_loss-0.0000000
2025-03-19 13:36:17 - INFO - epoch-25, train_mse_loss-0.0005780, train_kl_loss-0.0000000, val_mse_loss-0.0005757, val_kl_loss-0.0000000
2025-03-19 13:40:38 - INFO - epoch-26, train_mse_loss-0.0005780, train_kl_loss-0.0000000, val_mse_loss-0.0005757, val_kl_loss-0.0000000
2025-03-19 13:45:00 - INFO - epoch-27, train_mse_loss-0.0005780, train_kl_loss-0.0000000, val_mse_loss-0.0005757, val_kl_loss-0.0000000
2025-03-19 13:49:21 - INFO - epoch-28, train_mse_loss-0.0005780, train_kl_loss-0.0000000, val_mse_loss-0.0005757, val_kl_loss-0.0000000
2025-03-19 13:53:45 - INFO - epoch-29, train_mse_loss-0.0005780, train_kl_loss-0.0000000, val_mse_loss-0.0005757, val_kl_loss-0.0000000
2025-03-19 13:58:03 - INFO - epoch-30, train_mse_loss-0.0005780, train_kl_loss-0.0000000, val_mse_loss-0.0005757, val_kl_loss-0.0000000
