2024-12-26 03:06:20 - INFO - /mnt/cephfs/projects/2023110101_Ligand_fitting_to_EM_maps/My_Code/CryoLigate_Github/CryoLigate/GIGN/GIGN_EM/For_Elisei_Nov_2024/CryoLigate_GIGN_Unet/train_example.py
2024-12-26 03:06:20 - INFO - train data: 6053
2024-12-26 03:06:20 - INFO - valid data: 1513
2024-12-26 03:07:37 - INFO - Initial_train_loss-0.0047897  Initial_val_loss-0.0047713
2024-12-26 03:11:28 - INFO - epoch-0, train_loss-0.0080467, val_loss-0.0218590
2024-12-26 03:15:19 - INFO - epoch-1, train_loss-0.0013882, val_loss-0.0273926
2024-12-26 03:19:10 - INFO - epoch-2, train_loss-0.0013608, val_loss-0.0469750
2024-12-26 03:23:01 - INFO - epoch-3, train_loss-0.0013494, val_loss-0.0405621
2024-12-26 03:26:52 - INFO - epoch-4, train_loss-0.0013473, val_loss-0.0427463
2024-12-26 03:30:43 - INFO - epoch-5, train_loss-0.0013485, val_loss-0.0499565
2024-12-26 03:34:34 - INFO - epoch-6, train_loss-0.0013445, val_loss-0.0439509
2024-12-26 03:38:25 - INFO - epoch-7, train_loss-0.0013504, val_loss-0.0624546
2024-12-26 03:42:16 - INFO - epoch-8, train_loss-0.0013436, val_loss-0.0632390
2024-12-26 03:46:06 - INFO - epoch-9, train_loss-0.0013568, val_loss-0.0457931
2024-12-26 03:49:57 - INFO - epoch-10, train_loss-0.0013493, val_loss-0.2227867
2024-12-26 03:55:00 - INFO - epoch-11, train_loss-0.0013346, val_loss-0.2931373
2024-12-26 03:59:58 - INFO - epoch-12, train_loss-0.0013276, val_loss-0.3860692
2024-12-26 04:03:48 - INFO - epoch-13, train_loss-0.0013268, val_loss-0.1910179
2024-12-26 04:07:39 - INFO - epoch-14, train_loss-0.0013209, val_loss-0.0867751
2024-12-26 04:11:29 - INFO - epoch-15, train_loss-0.0013164, val_loss-0.0728010
2024-12-26 04:15:19 - INFO - epoch-16, train_loss-0.0013157, val_loss-0.0376665
2024-12-26 04:19:10 - INFO - epoch-17, train_loss-0.0013115, val_loss-0.0242303
2024-12-26 04:23:00 - INFO - epoch-18, train_loss-0.0013117, val_loss-0.0117527
2024-12-26 04:26:50 - INFO - epoch-19, train_loss-0.0013098, val_loss-0.0071909
2024-12-26 04:30:40 - INFO - epoch-20, train_loss-0.0013082, val_loss-0.0043962
2024-12-26 04:34:32 - INFO - epoch-21, train_loss-0.0013081, val_loss-0.0044737
2024-12-26 04:38:22 - INFO - epoch-22, train_loss-0.0013072, val_loss-0.0041477
2024-12-26 04:42:11 - INFO - epoch-23, train_loss-0.0013069, val_loss-0.0039281
2024-12-26 04:46:01 - INFO - epoch-24, train_loss-0.0013065, val_loss-0.0036138
2024-12-26 04:49:49 - INFO - epoch-25, train_loss-0.0013053, val_loss-0.0033061
2024-12-26 04:54:00 - INFO - epoch-26, train_loss-0.0013042, val_loss-0.0026326
2024-12-26 04:59:54 - INFO - epoch-27, train_loss-0.0013040, val_loss-0.0023131
2024-12-26 05:03:43 - INFO - epoch-28, train_loss-0.0013030, val_loss-0.0017763
2024-12-26 05:07:31 - INFO - epoch-29, train_loss-0.0013032, val_loss-0.0016380
2024-12-26 05:11:20 - INFO - epoch-30, train_loss-0.0013028, val_loss-0.0015148
2024-12-26 05:15:08 - INFO - epoch-31, train_loss-0.0013018, val_loss-0.0016005
2024-12-26 05:18:56 - INFO - epoch-32, train_loss-0.0013032, val_loss-0.0015036
2024-12-26 05:22:44 - INFO - epoch-33, train_loss-0.0013032, val_loss-0.0014438
2024-12-26 05:26:31 - INFO - epoch-34, train_loss-0.0013019, val_loss-0.0015286
2024-12-26 05:30:18 - INFO - epoch-35, train_loss-0.0013013, val_loss-0.0015410
2024-12-26 05:34:06 - INFO - epoch-36, train_loss-0.0013010, val_loss-0.0017344
2024-12-26 05:37:53 - INFO - epoch-37, train_loss-0.0013016, val_loss-0.0016105
2024-12-26 05:41:40 - INFO - epoch-38, train_loss-0.0013004, val_loss-0.0015680
2024-12-26 05:45:28 - INFO - epoch-39, train_loss-0.0013008, val_loss-0.0014669
2024-12-26 05:49:15 - INFO - epoch-40, train_loss-0.0013003, val_loss-0.0014743
2024-12-26 05:53:01 - INFO - epoch-41, train_loss-0.0012997, val_loss-0.0014187
2024-12-26 05:57:45 - INFO - epoch-42, train_loss-0.0012992, val_loss-0.0013694
2024-12-26 06:02:45 - INFO - epoch-43, train_loss-0.0012988, val_loss-0.0013523
2024-12-26 06:06:32 - INFO - epoch-44, train_loss-0.0012989, val_loss-0.0013532
2024-12-26 06:10:18 - INFO - epoch-45, train_loss-0.0012988, val_loss-0.0014004
2024-12-26 06:14:06 - INFO - epoch-46, train_loss-0.0012986, val_loss-0.0013936
2024-12-26 06:17:52 - INFO - epoch-47, train_loss-0.0012981, val_loss-0.0013855
2024-12-26 06:21:39 - INFO - epoch-48, train_loss-0.0012979, val_loss-0.0013574
2024-12-26 06:25:25 - INFO - epoch-49, train_loss-0.0012980, val_loss-0.0013841
2024-12-26 06:29:11 - INFO - epoch-50, train_loss-0.0012983, val_loss-0.0013835
2024-12-26 06:32:57 - INFO - epoch-51, train_loss-0.0012975, val_loss-0.0013410
2024-12-26 06:36:43 - INFO - epoch-52, train_loss-0.0012969, val_loss-0.0014035
2024-12-26 06:40:30 - INFO - epoch-53, train_loss-0.0012970, val_loss-0.0013541
2024-12-26 06:44:16 - INFO - epoch-54, train_loss-0.0012963, val_loss-0.0013730
2024-12-26 06:48:02 - INFO - epoch-55, train_loss-0.0012963, val_loss-0.0014014
2024-12-26 06:51:49 - INFO - epoch-56, train_loss-0.0012962, val_loss-0.0013910
2024-12-26 06:55:35 - INFO - epoch-57, train_loss-0.0012960, val_loss-0.0013478
2024-12-26 07:01:02 - INFO - epoch-58, train_loss-0.0012958, val_loss-0.0013646
2024-12-26 07:05:20 - INFO - epoch-59, train_loss-0.0012957, val_loss-0.0014090
2024-12-26 07:09:06 - INFO - epoch-60, train_loss-0.0012955, val_loss-0.0014341
2024-12-26 07:12:52 - INFO - epoch-61, train_loss-0.0012957, val_loss-0.0015153
2024-12-26 07:16:38 - INFO - epoch-62, train_loss-0.0012958, val_loss-0.0014091
2024-12-26 07:20:23 - INFO - epoch-63, train_loss-0.0012954, val_loss-0.0014218
2024-12-26 07:24:09 - INFO - epoch-64, train_loss-0.0012955, val_loss-0.0013870
2024-12-26 07:27:55 - INFO - epoch-65, train_loss-0.0012948, val_loss-0.0014251
2024-12-26 07:31:41 - INFO - epoch-66, train_loss-0.0012947, val_loss-0.0014417
2024-12-26 07:35:26 - INFO - epoch-67, train_loss-0.0012954, val_loss-0.0014194
2024-12-26 07:39:11 - INFO - epoch-68, train_loss-0.0012947, val_loss-0.0014080
2024-12-26 07:42:56 - INFO - epoch-69, train_loss-0.0012944, val_loss-0.0013998
2024-12-26 07:46:42 - INFO - epoch-70, train_loss-0.0012943, val_loss-0.0014186
2024-12-26 07:50:27 - INFO - epoch-71, train_loss-0.0012944, val_loss-0.0014050
2024-12-26 07:54:12 - INFO - epoch-72, train_loss-0.0012943, val_loss-0.0014094
2024-12-26 07:58:03 - INFO - epoch-73, train_loss-0.0012948, val_loss-0.0014133
2024-12-26 08:04:10 - INFO - epoch-74, train_loss-0.0012943, val_loss-0.0014211
2024-12-26 08:07:55 - INFO - epoch-75, train_loss-0.0012942, val_loss-0.0014210
2024-12-26 08:11:40 - INFO - epoch-76, train_loss-0.0012943, val_loss-0.0013876
2024-12-26 08:15:25 - INFO - epoch-77, train_loss-0.0012943, val_loss-0.0013889
2024-12-26 08:19:10 - INFO - epoch-78, train_loss-0.0012944, val_loss-0.0013567
2024-12-26 08:22:55 - INFO - epoch-79, train_loss-0.0012945, val_loss-0.0014731
2024-12-26 08:26:40 - INFO - epoch-80, train_loss-0.0012940, val_loss-0.0015120
2024-12-26 08:30:25 - INFO - epoch-81, train_loss-0.0012942, val_loss-0.0014528
2024-12-26 08:34:11 - INFO - epoch-82, train_loss-0.0012941, val_loss-0.0014390
2024-12-26 08:37:56 - INFO - epoch-83, train_loss-0.0012942, val_loss-0.0014151
2024-12-26 08:41:41 - INFO - epoch-84, train_loss-0.0012939, val_loss-0.0014111
2024-12-26 08:45:25 - INFO - epoch-85, train_loss-0.0012944, val_loss-0.0015204
2024-12-26 08:49:10 - INFO - epoch-86, train_loss-0.0012939, val_loss-0.0014972
2024-12-26 08:52:55 - INFO - epoch-87, train_loss-0.0012937, val_loss-0.0014841
2024-12-26 08:56:39 - INFO - epoch-88, train_loss-0.0012946, val_loss-0.0014517
2024-12-26 09:01:02 - INFO - epoch-89, train_loss-0.0012937, val_loss-0.0014005
2024-12-26 09:06:17 - INFO - epoch-90, train_loss-0.0012939, val_loss-0.0014187
2024-12-26 09:10:01 - INFO - epoch-91, train_loss-0.0012936, val_loss-0.0013627
2024-12-26 09:13:46 - INFO - epoch-92, train_loss-0.0012932, val_loss-0.0014947
2024-12-26 09:17:30 - INFO - epoch-93, train_loss-0.0012936, val_loss-0.0014884
2024-12-26 09:21:16 - INFO - epoch-94, train_loss-0.0012935, val_loss-0.0014520
2024-12-26 09:25:01 - INFO - epoch-95, train_loss-0.0012938, val_loss-0.0014230
2024-12-26 09:28:45 - INFO - epoch-96, train_loss-0.0012930, val_loss-0.0015076
2024-12-26 09:32:29 - INFO - epoch-97, train_loss-0.0012933, val_loss-0.0014960
2024-12-26 09:36:13 - INFO - epoch-98, train_loss-0.0012934, val_loss-0.0014789
2024-12-26 09:39:57 - INFO - epoch-99, train_loss-0.0012930, val_loss-0.0014104
2024-12-26 09:43:43 - INFO - epoch-100, train_loss-0.0012934, val_loss-0.0013818
2024-12-26 09:47:27 - INFO - epoch-101, train_loss-0.0012931, val_loss-0.0014392
2024-12-26 09:51:11 - INFO - epoch-102, train_loss-0.0012931, val_loss-0.0014852
2024-12-26 09:54:55 - INFO - epoch-103, train_loss-0.0012931, val_loss-0.0015046
2024-12-26 09:58:39 - INFO - epoch-104, train_loss-0.0012931, val_loss-0.0014785
2024-12-26 10:03:11 - INFO - epoch-105, train_loss-0.0012928, val_loss-0.0014873
2024-12-26 10:08:30 - INFO - epoch-106, train_loss-0.0012927, val_loss-0.0014990
2024-12-26 10:12:14 - INFO - epoch-107, train_loss-0.0012928, val_loss-0.0015011
2024-12-26 10:15:58 - INFO - epoch-108, train_loss-0.0012926, val_loss-0.0015189
2024-12-26 10:19:44 - INFO - epoch-109, train_loss-0.0012926, val_loss-0.0014942
2024-12-26 10:23:27 - INFO - epoch-110, train_loss-0.0012929, val_loss-0.0014711
2024-12-26 10:27:11 - INFO - epoch-111, train_loss-0.0012927, val_loss-0.0014947
2024-12-26 10:30:55 - INFO - epoch-112, train_loss-0.0012926, val_loss-0.0015082
2024-12-26 10:34:38 - INFO - epoch-113, train_loss-0.0012924, val_loss-0.0014897
2024-12-26 10:38:22 - INFO - epoch-114, train_loss-0.0012925, val_loss-0.0015100
2024-12-26 10:42:06 - INFO - epoch-115, train_loss-0.0012927, val_loss-0.0015123
2024-12-26 10:45:50 - INFO - epoch-116, train_loss-0.0012924, val_loss-0.0015037
2024-12-26 10:49:34 - INFO - epoch-117, train_loss-0.0012929, val_loss-0.0015118
2024-12-26 10:53:17 - INFO - epoch-118, train_loss-0.0012925, val_loss-0.0015118
2024-12-26 10:57:02 - INFO - epoch-119, train_loss-0.0012921, val_loss-0.0015030
2024-12-26 11:00:46 - INFO - epoch-120, train_loss-0.0012922, val_loss-0.0014987
2024-12-26 11:04:31 - INFO - epoch-121, train_loss-0.0012924, val_loss-0.0014742
2024-12-26 11:08:17 - INFO - epoch-122, train_loss-0.0012924, val_loss-0.0014885
2024-12-26 11:12:00 - INFO - epoch-123, train_loss-0.0012919, val_loss-0.0014981
2024-12-26 11:15:44 - INFO - epoch-124, train_loss-0.0012922, val_loss-0.0015100
2024-12-26 11:19:28 - INFO - epoch-125, train_loss-0.0012922, val_loss-0.0015094
2024-12-26 11:24:07 - INFO - epoch-126, train_loss-0.0012920, val_loss-0.0015008
2024-12-26 11:29:23 - INFO - epoch-127, train_loss-0.0012918, val_loss-0.0015119
2024-12-26 11:33:07 - INFO - epoch-128, train_loss-0.0012917, val_loss-0.0015102
2024-12-26 11:36:54 - INFO - epoch-129, train_loss-0.0012916, val_loss-0.0015060
2024-12-26 11:40:39 - INFO - epoch-130, train_loss-0.0012921, val_loss-0.0015149
2024-12-26 11:44:22 - INFO - epoch-131, train_loss-0.0012917, val_loss-0.0015074
2024-12-26 11:48:05 - INFO - epoch-132, train_loss-0.0012918, val_loss-0.0015120
2024-12-26 11:51:48 - INFO - epoch-133, train_loss-0.0012916, val_loss-0.0015022
2024-12-26 11:55:32 - INFO - epoch-134, train_loss-0.0012916, val_loss-0.0014859
