2025-03-05 08:48:56 - INFO - train data: 13259
2025-03-05 08:48:56 - INFO - train unqiue data: 13259
2025-03-05 08:48:56 - INFO - valid data: 1474
2025-03-05 08:48:56 - INFO - valid unqiue data: 1474
2025-03-05 08:53:52 - INFO - epoch-0, train_mse_loss-0.0003982, train_kl_loss-0.0017237, val_mse_loss-0.0010455, val_kl_loss-0.0000162
2025-03-05 08:58:12 - INFO - epoch-1, train_mse_loss-0.0003340, train_kl_loss-0.0000036, val_mse_loss-0.0004392, val_kl_loss-0.0000001
2025-03-05 09:02:33 - INFO - epoch-2, train_mse_loss-0.0003343, train_kl_loss-0.0000000, val_mse_loss-0.0007444, val_kl_loss-0.0000000
2025-03-05 09:02:44 - INFO - Saved new best model at epoch 2 with validation loss 0.0007444
2025-03-05 09:07:04 - INFO - epoch-3, train_mse_loss-0.0003327, train_kl_loss--0.0000000, val_mse_loss-0.0004623, val_kl_loss--0.0000000
2025-03-05 09:07:15 - INFO - Saved new best model at epoch 3 with validation loss 0.0004623
2025-03-05 09:11:34 - INFO - epoch-4, train_mse_loss-0.0003330, train_kl_loss--0.0000000, val_mse_loss-0.0003661, val_kl_loss--0.0000000
2025-03-05 09:11:44 - INFO - Saved new best model at epoch 4 with validation loss 0.0003661
2025-03-05 09:16:05 - INFO - epoch-5, train_mse_loss-0.0003362, train_kl_loss--0.0000000, val_mse_loss-0.0003460, val_kl_loss-0.0000000
2025-03-05 09:16:15 - INFO - Saved new best model at epoch 5 with validation loss 0.0003460
2025-03-05 09:20:35 - INFO - epoch-6, train_mse_loss-0.0003353, train_kl_loss-0.0000000, val_mse_loss-0.0004186, val_kl_loss-0.0000000
2025-03-05 09:24:54 - INFO - epoch-7, train_mse_loss-0.0003352, train_kl_loss-0.0000000, val_mse_loss-0.0003696, val_kl_loss-0.0000000
2025-03-05 09:29:14 - INFO - epoch-8, train_mse_loss-0.0003346, train_kl_loss-0.0000000, val_mse_loss-0.0003672, val_kl_loss-0.0000000
2025-03-05 09:33:34 - INFO - epoch-9, train_mse_loss-0.0003330, train_kl_loss-0.0000000, val_mse_loss-0.0003668, val_kl_loss-0.0000000
2025-03-05 09:37:52 - INFO - epoch-10, train_mse_loss-0.0003324, train_kl_loss-0.0000000, val_mse_loss-0.0004290, val_kl_loss-0.0000000
2025-03-05 09:42:12 - INFO - epoch-11, train_mse_loss-0.0003322, train_kl_loss-0.0000000, val_mse_loss-0.0004412, val_kl_loss-0.0000000
2025-03-05 09:46:31 - INFO - epoch-12, train_mse_loss-0.0003313, train_kl_loss-0.0000000, val_mse_loss-0.0005046, val_kl_loss-0.0000000
2025-03-05 09:50:49 - INFO - epoch-13, train_mse_loss-0.0003309, train_kl_loss-0.0000000, val_mse_loss-0.0005162, val_kl_loss-0.0000000
2025-03-05 09:55:13 - INFO - epoch-14, train_mse_loss-0.0003300, train_kl_loss-0.0000000, val_mse_loss-0.0005428, val_kl_loss-0.0000000
2025-03-05 09:59:39 - INFO - epoch-15, train_mse_loss-0.0003292, train_kl_loss-0.0000000, val_mse_loss-0.0005518, val_kl_loss-0.0000000
2025-03-05 10:03:58 - INFO - epoch-16, train_mse_loss-0.0003284, train_kl_loss-0.0000000, val_mse_loss-0.0005560, val_kl_loss-0.0000000
2025-03-05 10:08:22 - INFO - epoch-17, train_mse_loss-0.0003277, train_kl_loss-0.0000000, val_mse_loss-0.0005587, val_kl_loss-0.0000000
2025-03-05 10:12:44 - INFO - epoch-18, train_mse_loss-0.0003271, train_kl_loss-0.0000000, val_mse_loss-0.0005395, val_kl_loss-0.0000000
2025-03-05 10:17:03 - INFO - epoch-19, train_mse_loss-0.0003264, train_kl_loss-0.0000000, val_mse_loss-0.0005313, val_kl_loss-0.0000000
2025-03-05 10:21:24 - INFO - epoch-20, train_mse_loss-0.0003256, train_kl_loss-0.0000000, val_mse_loss-0.0005078, val_kl_loss-0.0000000
2025-03-05 10:25:45 - INFO - epoch-21, train_mse_loss-0.0003252, train_kl_loss-0.0000000, val_mse_loss-0.0004821, val_kl_loss-0.0000000
2025-03-05 10:30:03 - INFO - epoch-22, train_mse_loss-0.0003247, train_kl_loss-0.0000000, val_mse_loss-0.0004579, val_kl_loss-0.0000000
2025-03-05 10:34:24 - INFO - epoch-23, train_mse_loss-0.0003244, train_kl_loss-0.0000000, val_mse_loss-0.0004421, val_kl_loss-0.0000000
2025-03-05 10:38:46 - INFO - epoch-24, train_mse_loss-0.0003243, train_kl_loss-0.0000000, val_mse_loss-0.0004188, val_kl_loss-0.0000000
2025-03-05 10:43:09 - INFO - epoch-25, train_mse_loss-0.0003242, train_kl_loss-0.0000000, val_mse_loss-0.0004096, val_kl_loss-0.0000000
2025-03-05 10:47:27 - INFO - epoch-26, train_mse_loss-0.0003240, train_kl_loss-0.0000000, val_mse_loss-0.0003784, val_kl_loss-0.0000000
2025-03-05 10:51:46 - INFO - epoch-27, train_mse_loss-0.0003240, train_kl_loss-0.0000000, val_mse_loss-0.0003526, val_kl_loss-0.0000000
2025-03-05 10:56:05 - INFO - epoch-28, train_mse_loss-0.0003240, train_kl_loss-0.0000000, val_mse_loss-0.0003724, val_kl_loss-0.0000000
2025-03-05 11:00:27 - INFO - epoch-29, train_mse_loss-0.0003239, train_kl_loss-0.0000000, val_mse_loss-0.0003764, val_kl_loss-0.0000000
2025-03-05 11:04:47 - INFO - epoch-30, train_mse_loss-0.0003239, train_kl_loss-0.0000000, val_mse_loss-0.0003956, val_kl_loss-0.0000000
2025-03-05 11:09:17 - INFO - epoch-31, train_mse_loss-0.0003238, train_kl_loss-0.0000000, val_mse_loss-0.0004263, val_kl_loss-0.0000000
2025-03-05 11:13:49 - INFO - epoch-32, train_mse_loss-0.0003238, train_kl_loss-0.0000000, val_mse_loss-0.0004800, val_kl_loss-0.0000000
2025-03-05 11:18:19 - INFO - epoch-33, train_mse_loss-0.0003238, train_kl_loss-0.0000000, val_mse_loss-0.0006150, val_kl_loss-0.0000000
2025-03-05 11:22:58 - INFO - epoch-34, train_mse_loss-0.0003239, train_kl_loss-0.0000000, val_mse_loss-0.0007571, val_kl_loss-0.0000000
2025-03-05 11:27:22 - INFO - epoch-35, train_mse_loss-0.0003237, train_kl_loss-0.0000000, val_mse_loss-0.0009101, val_kl_loss-0.0000000
2025-03-05 11:31:41 - INFO - epoch-36, train_mse_loss-0.0003237, train_kl_loss-0.0000000, val_mse_loss-0.0009448, val_kl_loss-0.0000000
2025-03-05 11:35:59 - INFO - epoch-37, train_mse_loss-0.0003237, train_kl_loss-0.0000000, val_mse_loss-0.0008602, val_kl_loss-0.0000000
2025-03-05 11:40:18 - INFO - epoch-38, train_mse_loss-0.0003236, train_kl_loss-0.0000000, val_mse_loss-0.0007478, val_kl_loss-0.0000000
2025-03-05 11:44:36 - INFO - epoch-39, train_mse_loss-0.0003236, train_kl_loss-0.0000000, val_mse_loss-0.0007008, val_kl_loss-0.0000000
2025-03-05 11:48:55 - INFO - epoch-40, train_mse_loss-0.0003236, train_kl_loss-0.0000000, val_mse_loss-0.0006406, val_kl_loss-0.0000000
2025-03-05 11:53:14 - INFO - epoch-41, train_mse_loss-0.0003236, train_kl_loss-0.0000000, val_mse_loss-0.0006426, val_kl_loss-0.0000000
2025-03-05 11:57:32 - INFO - epoch-42, train_mse_loss-0.0003236, train_kl_loss-0.0000000, val_mse_loss-0.0006097, val_kl_loss-0.0000000
2025-03-05 12:01:52 - INFO - epoch-43, train_mse_loss-0.0003236, train_kl_loss-0.0000000, val_mse_loss-0.0005843, val_kl_loss-0.0000000
2025-03-05 12:06:14 - INFO - epoch-44, train_mse_loss-0.0003236, train_kl_loss-0.0000000, val_mse_loss-0.0005867, val_kl_loss-0.0000000
2025-03-05 12:10:34 - INFO - epoch-45, train_mse_loss-0.0003236, train_kl_loss-0.0000000, val_mse_loss-0.0005528, val_kl_loss-0.0000000
2025-03-05 12:14:51 - INFO - epoch-46, train_mse_loss-0.0003235, train_kl_loss-0.0000000, val_mse_loss-0.0005526, val_kl_loss-0.0000000
2025-03-05 12:19:09 - INFO - epoch-47, train_mse_loss-0.0003235, train_kl_loss-0.0000000, val_mse_loss-0.0005361, val_kl_loss-0.0000000
2025-03-05 12:23:27 - INFO - epoch-48, train_mse_loss-0.0003235, train_kl_loss-0.0000000, val_mse_loss-0.0005251, val_kl_loss-0.0000000
2025-03-05 12:27:45 - INFO - epoch-49, train_mse_loss-0.0003234, train_kl_loss-0.0000000, val_mse_loss-0.0005296, val_kl_loss-0.0000000
2025-03-05 12:32:03 - INFO - epoch-50, train_mse_loss-0.0003234, train_kl_loss-0.0000000, val_mse_loss-0.0005225, val_kl_loss-0.0000000
2025-03-05 12:36:22 - INFO - epoch-51, train_mse_loss-0.0003234, train_kl_loss-0.0000000, val_mse_loss-0.0005119, val_kl_loss-0.0000000
2025-03-05 12:40:40 - INFO - epoch-52, train_mse_loss-0.0003234, train_kl_loss-0.0000000, val_mse_loss-0.0005164, val_kl_loss-0.0000000
2025-03-05 12:44:58 - INFO - epoch-53, train_mse_loss-0.0003234, train_kl_loss-0.0000000, val_mse_loss-0.0005042, val_kl_loss-0.0000000
2025-03-05 12:49:16 - INFO - epoch-54, train_mse_loss-0.0003234, train_kl_loss-0.0000000, val_mse_loss-0.0005216, val_kl_loss-0.0000000
2025-03-05 12:53:33 - INFO - epoch-55, train_mse_loss-0.0003234, train_kl_loss-0.0000000, val_mse_loss-0.0005108, val_kl_loss-0.0000000
2025-03-05 12:57:51 - INFO - epoch-56, train_mse_loss-0.0003234, train_kl_loss-0.0000000, val_mse_loss-0.0004888, val_kl_loss-0.0000000
2025-03-05 13:02:08 - INFO - epoch-57, train_mse_loss-0.0003234, train_kl_loss-0.0000000, val_mse_loss-0.0004917, val_kl_loss-0.0000000
2025-03-05 13:06:26 - INFO - epoch-58, train_mse_loss-0.0003234, train_kl_loss-0.0000000, val_mse_loss-0.0005134, val_kl_loss-0.0000000
2025-03-05 13:10:44 - INFO - epoch-59, train_mse_loss-0.0003234, train_kl_loss-0.0000000, val_mse_loss-0.0004741, val_kl_loss-0.0000000
2025-03-05 13:15:05 - INFO - epoch-60, train_mse_loss-0.0003233, train_kl_loss-0.0000000, val_mse_loss-0.0004574, val_kl_loss-0.0000000
2025-03-05 13:19:25 - INFO - epoch-61, train_mse_loss-0.0003233, train_kl_loss-0.0000000, val_mse_loss-0.0004418, val_kl_loss-0.0000000
2025-03-05 13:24:02 - INFO - epoch-62, train_mse_loss-0.0003233, train_kl_loss-0.0000000, val_mse_loss-0.0004357, val_kl_loss-0.0000000
2025-03-05 13:28:38 - INFO - epoch-63, train_mse_loss-0.0003233, train_kl_loss-0.0000000, val_mse_loss-0.0004122, val_kl_loss-0.0000000
2025-03-05 13:33:01 - INFO - epoch-64, train_mse_loss-0.0003233, train_kl_loss-0.0000000, val_mse_loss-0.0004030, val_kl_loss-0.0000000
2025-03-05 13:37:19 - INFO - epoch-65, train_mse_loss-0.0003233, train_kl_loss-0.0000000, val_mse_loss-0.0004024, val_kl_loss-0.0000000
2025-03-05 13:41:38 - INFO - epoch-66, train_mse_loss-0.0003233, train_kl_loss-0.0000000, val_mse_loss-0.0003973, val_kl_loss-0.0000000
2025-03-05 13:45:56 - INFO - epoch-67, train_mse_loss-0.0003233, train_kl_loss-0.0000000, val_mse_loss-0.0003878, val_kl_loss-0.0000000
2025-03-05 13:50:16 - INFO - epoch-68, train_mse_loss-0.0003233, train_kl_loss-0.0000000, val_mse_loss-0.0003886, val_kl_loss-0.0000000
2025-03-05 13:54:36 - INFO - epoch-69, train_mse_loss-0.0003233, train_kl_loss-0.0000000, val_mse_loss-0.0003885, val_kl_loss-0.0000000
2025-03-05 13:58:56 - INFO - epoch-70, train_mse_loss-0.0003233, train_kl_loss-0.0000000, val_mse_loss-0.0003839, val_kl_loss-0.0000000
2025-03-05 14:03:14 - INFO - epoch-71, train_mse_loss-0.0003233, train_kl_loss-0.0000000, val_mse_loss-0.0003775, val_kl_loss-0.0000000
2025-03-05 14:07:32 - INFO - epoch-72, train_mse_loss-0.0003233, train_kl_loss-0.0000000, val_mse_loss-0.0003786, val_kl_loss-0.0000000
2025-03-05 14:11:52 - INFO - epoch-73, train_mse_loss-0.0003233, train_kl_loss-0.0000000, val_mse_loss-0.0003681, val_kl_loss-0.0000000
2025-03-05 14:16:10 - INFO - epoch-74, train_mse_loss-0.0003233, train_kl_loss-0.0000000, val_mse_loss-0.0003684, val_kl_loss-0.0000000
2025-03-05 14:20:31 - INFO - epoch-75, train_mse_loss-0.0003233, train_kl_loss-0.0000000, val_mse_loss-0.0003577, val_kl_loss-0.0000000
2025-03-05 14:24:57 - INFO - epoch-76, train_mse_loss-0.0003233, train_kl_loss-0.0000000, val_mse_loss-0.0003572, val_kl_loss-0.0000000
2025-03-05 14:29:19 - INFO - epoch-77, train_mse_loss-0.0003233, train_kl_loss-0.0000000, val_mse_loss-0.0003489, val_kl_loss-0.0000000
2025-03-05 14:33:39 - INFO - epoch-78, train_mse_loss-0.0003233, train_kl_loss-0.0000000, val_mse_loss-0.0003425, val_kl_loss-0.0000000
2025-03-05 14:33:47 - INFO - Saved new best model at epoch 78 with validation loss 0.0003425
2025-03-05 14:38:07 - INFO - epoch-79, train_mse_loss-0.0003233, train_kl_loss-0.0000000, val_mse_loss-0.0003399, val_kl_loss-0.0000000
2025-03-05 14:38:16 - INFO - Saved new best model at epoch 79 with validation loss 0.0003399
2025-03-05 14:42:38 - INFO - epoch-80, train_mse_loss-0.0003233, train_kl_loss-0.0000000, val_mse_loss-0.0003383, val_kl_loss-0.0000000
2025-03-05 14:42:46 - INFO - Saved new best model at epoch 80 with validation loss 0.0003383
2025-03-05 14:47:08 - INFO - epoch-81, train_mse_loss-0.0003233, train_kl_loss-0.0000000, val_mse_loss-0.0003353, val_kl_loss-0.0000000
2025-03-05 14:47:17 - INFO - Saved new best model at epoch 81 with validation loss 0.0003353
2025-03-05 14:51:38 - INFO - epoch-82, train_mse_loss-0.0003233, train_kl_loss-0.0000000, val_mse_loss-0.0003338, val_kl_loss-0.0000000
2025-03-05 14:51:46 - INFO - Saved new best model at epoch 82 with validation loss 0.0003338
2025-03-05 14:56:06 - INFO - epoch-83, train_mse_loss-0.0003233, train_kl_loss-0.0000000, val_mse_loss-0.0003316, val_kl_loss-0.0000000
2025-03-05 14:56:14 - INFO - Saved new best model at epoch 83 with validation loss 0.0003316
2025-03-05 15:00:36 - INFO - epoch-84, train_mse_loss-0.0003234, train_kl_loss-0.0000000, val_mse_loss-0.0003299, val_kl_loss-0.0000000
2025-03-05 15:00:47 - INFO - Saved new best model at epoch 84 with validation loss 0.0003299
2025-03-05 15:05:27 - INFO - epoch-85, train_mse_loss-0.0003234, train_kl_loss-0.0000000, val_mse_loss-0.0003287, val_kl_loss-0.0000000
2025-03-05 15:05:38 - INFO - Saved new best model at epoch 85 with validation loss 0.0003287
2025-03-05 15:10:04 - INFO - epoch-86, train_mse_loss-0.0003234, train_kl_loss-0.0000000, val_mse_loss-0.0003283, val_kl_loss-0.0000000
2025-03-05 15:10:11 - INFO - Saved new best model at epoch 86 with validation loss 0.0003283
2025-03-05 15:14:32 - INFO - epoch-87, train_mse_loss-0.0003234, train_kl_loss-0.0000000, val_mse_loss-0.0003290, val_kl_loss-0.0000000
2025-03-05 15:18:52 - INFO - epoch-88, train_mse_loss-0.0003233, train_kl_loss-0.0000000, val_mse_loss-0.0003277, val_kl_loss-0.0000000
2025-03-05 15:19:00 - INFO - Saved new best model at epoch 88 with validation loss 0.0003277
2025-03-05 15:23:24 - INFO - epoch-89, train_mse_loss-0.0003233, train_kl_loss-0.0000000, val_mse_loss-0.0003279, val_kl_loss-0.0000000
2025-03-05 15:30:42 - INFO - epoch-90, train_mse_loss-0.0003233, train_kl_loss-0.0000000, val_mse_loss-0.0003280, val_kl_loss-0.0000000
2025-03-05 15:36:14 - INFO - epoch-91, train_mse_loss-0.0003232, train_kl_loss-0.0000000, val_mse_loss-0.0003293, val_kl_loss-0.0000000
2025-03-05 15:41:47 - INFO - epoch-92, train_mse_loss-0.0003232, train_kl_loss-0.0000000, val_mse_loss-0.0003294, val_kl_loss-0.0000000
2025-03-05 15:47:12 - INFO - epoch-93, train_mse_loss-0.0003232, train_kl_loss-0.0000000, val_mse_loss-0.0003303, val_kl_loss-0.0000000
2025-03-05 15:51:47 - INFO - epoch-94, train_mse_loss-0.0003232, train_kl_loss-0.0000000, val_mse_loss-0.0003308, val_kl_loss-0.0000000
2025-03-05 15:56:07 - INFO - epoch-95, train_mse_loss-0.0003232, train_kl_loss-0.0000000, val_mse_loss-0.0003315, val_kl_loss-0.0000000
2025-03-05 16:00:27 - INFO - epoch-96, train_mse_loss-0.0003232, train_kl_loss-0.0000000, val_mse_loss-0.0003313, val_kl_loss-0.0000000
2025-03-05 16:04:55 - INFO - epoch-97, train_mse_loss-0.0003232, train_kl_loss-0.0000000, val_mse_loss-0.0003312, val_kl_loss-0.0000000
2025-03-05 16:09:14 - INFO - epoch-98, train_mse_loss-0.0003232, train_kl_loss-0.0000000, val_mse_loss-0.0003319, val_kl_loss-0.0000000
2025-03-05 16:13:33 - INFO - epoch-99, train_mse_loss-0.0003232, train_kl_loss-0.0000000, val_mse_loss-0.0003317, val_kl_loss-0.0000000
2025-03-05 16:17:52 - INFO - epoch-100, train_mse_loss-0.0003231, train_kl_loss-0.0000000, val_mse_loss-0.0003315, val_kl_loss-0.0000000
2025-03-05 16:22:11 - INFO - epoch-101, train_mse_loss-0.0003231, train_kl_loss-0.0000000, val_mse_loss-0.0003317, val_kl_loss-0.0000000
2025-03-05 16:26:30 - INFO - epoch-102, train_mse_loss-0.0003231, train_kl_loss-0.0000000, val_mse_loss-0.0003317, val_kl_loss-0.0000000
2025-03-05 16:30:50 - INFO - epoch-103, train_mse_loss-0.0003231, train_kl_loss-0.0000000, val_mse_loss-0.0003315, val_kl_loss-0.0000000
2025-03-05 16:35:12 - INFO - epoch-104, train_mse_loss-0.0003231, train_kl_loss-0.0000000, val_mse_loss-0.0003319, val_kl_loss-0.0000000
2025-03-05 16:39:36 - INFO - epoch-105, train_mse_loss-0.0003231, train_kl_loss-0.0000000, val_mse_loss-0.0003321, val_kl_loss-0.0000000
2025-03-05 16:43:58 - INFO - epoch-106, train_mse_loss-0.0003231, train_kl_loss-0.0000000, val_mse_loss-0.0003321, val_kl_loss-0.0000000
2025-03-05 16:48:17 - INFO - epoch-107, train_mse_loss-0.0003231, train_kl_loss-0.0000000, val_mse_loss-0.0003323, val_kl_loss-0.0000000
2025-03-05 16:52:39 - INFO - epoch-108, train_mse_loss-0.0003230, train_kl_loss-0.0000000, val_mse_loss-0.0003323, val_kl_loss-0.0000000
2025-03-05 16:56:58 - INFO - epoch-109, train_mse_loss-0.0003230, train_kl_loss-0.0000000, val_mse_loss-0.0003326, val_kl_loss-0.0000000
2025-03-05 17:01:21 - INFO - epoch-110, train_mse_loss-0.0003230, train_kl_loss-0.0000000, val_mse_loss-0.0003328, val_kl_loss-0.0000000
2025-03-05 17:06:35 - INFO - epoch-111, train_mse_loss-0.0003230, train_kl_loss-0.0000000, val_mse_loss-0.0003330, val_kl_loss-0.0000000
2025-03-05 17:11:31 - INFO - epoch-112, train_mse_loss-0.0003230, train_kl_loss-0.0000000, val_mse_loss-0.0003330, val_kl_loss-0.0000000
2025-03-05 17:16:24 - INFO - epoch-113, train_mse_loss-0.0003230, train_kl_loss-0.0000000, val_mse_loss-0.0003327, val_kl_loss-0.0000000
2025-03-05 17:22:14 - INFO - epoch-114, train_mse_loss-0.0003230, train_kl_loss-0.0000000, val_mse_loss-0.0003331, val_kl_loss-0.0000000
2025-03-05 17:28:19 - INFO - epoch-115, train_mse_loss-0.0003230, train_kl_loss-0.0000000, val_mse_loss-0.0003331, val_kl_loss-0.0000000
2025-03-05 17:33:11 - INFO - epoch-116, train_mse_loss-0.0003230, train_kl_loss-0.0000000, val_mse_loss-0.0003329, val_kl_loss-0.0000000
2025-03-05 17:37:49 - INFO - epoch-117, train_mse_loss-0.0003230, train_kl_loss-0.0000000, val_mse_loss-0.0003336, val_kl_loss-0.0000000
2025-03-05 17:42:23 - INFO - epoch-118, train_mse_loss-0.0003230, train_kl_loss-0.0000000, val_mse_loss-0.0003335, val_kl_loss-0.0000000
2025-03-05 17:47:23 - INFO - epoch-119, train_mse_loss-0.0003230, train_kl_loss-0.0000000, val_mse_loss-0.0003335, val_kl_loss-0.0000000
2025-03-05 17:52:59 - INFO - epoch-120, train_mse_loss-0.0003230, train_kl_loss-0.0000000, val_mse_loss-0.0003337, val_kl_loss-0.0000000
2025-03-05 17:59:00 - INFO - epoch-121, train_mse_loss-0.0003230, train_kl_loss-0.0000000, val_mse_loss-0.0003334, val_kl_loss-0.0000000
2025-03-05 18:04:03 - INFO - epoch-122, train_mse_loss-0.0003230, train_kl_loss-0.0000000, val_mse_loss-0.0003333, val_kl_loss-0.0000000
2025-03-05 18:08:56 - INFO - epoch-123, train_mse_loss-0.0003230, train_kl_loss-0.0000000, val_mse_loss-0.0003336, val_kl_loss-0.0000000
2025-03-05 18:13:47 - INFO - epoch-124, train_mse_loss-0.0003230, train_kl_loss-0.0000000, val_mse_loss-0.0003337, val_kl_loss-0.0000000
2025-03-05 18:20:55 - INFO - epoch-125, train_mse_loss-0.0003230, train_kl_loss-0.0000000, val_mse_loss-0.0003337, val_kl_loss-0.0000000
2025-03-05 18:26:02 - INFO - epoch-126, train_mse_loss-0.0003230, train_kl_loss-0.0000000, val_mse_loss-0.0003340, val_kl_loss-0.0000000
2025-03-05 18:30:34 - INFO - epoch-127, train_mse_loss-0.0003230, train_kl_loss-0.0000000, val_mse_loss-0.0003339, val_kl_loss-0.0000000
2025-03-05 18:34:54 - INFO - epoch-128, train_mse_loss-0.0003230, train_kl_loss-0.0000000, val_mse_loss-0.0003338, val_kl_loss-0.0000000
2025-03-05 18:39:38 - INFO - epoch-129, train_mse_loss-0.0003230, train_kl_loss-0.0000000, val_mse_loss-0.0003341, val_kl_loss-0.0000000
2025-03-05 18:44:37 - INFO - epoch-130, train_mse_loss-0.0003230, train_kl_loss-0.0000000, val_mse_loss-0.0003340, val_kl_loss-0.0000000
2025-03-05 18:50:40 - INFO - epoch-131, train_mse_loss-0.0003230, train_kl_loss-0.0000000, val_mse_loss-0.0003341, val_kl_loss-0.0000000
2025-03-05 18:55:52 - INFO - epoch-132, train_mse_loss-0.0003230, train_kl_loss-0.0000000, val_mse_loss-0.0003341, val_kl_loss-0.0000000
2025-03-05 19:00:58 - INFO - epoch-133, train_mse_loss-0.0003230, train_kl_loss-0.0000000, val_mse_loss-0.0003344, val_kl_loss-0.0000000
2025-03-05 19:06:16 - INFO - epoch-134, train_mse_loss-0.0003230, train_kl_loss-0.0000000, val_mse_loss-0.0003343, val_kl_loss-0.0000000
2025-03-05 19:11:02 - INFO - epoch-135, train_mse_loss-0.0003230, train_kl_loss-0.0000000, val_mse_loss-0.0003343, val_kl_loss-0.0000000
2025-03-05 19:15:47 - INFO - epoch-136, train_mse_loss-0.0003230, train_kl_loss-0.0000000, val_mse_loss-0.0003343, val_kl_loss-0.0000000
2025-03-05 19:20:16 - INFO - epoch-137, train_mse_loss-0.0003230, train_kl_loss-0.0000000, val_mse_loss-0.0003343, val_kl_loss-0.0000000
2025-03-05 19:24:40 - INFO - epoch-138, train_mse_loss-0.0003230, train_kl_loss-0.0000000, val_mse_loss-0.0003347, val_kl_loss-0.0000000
2025-03-05 19:29:01 - INFO - epoch-139, train_mse_loss-0.0003230, train_kl_loss-0.0000000, val_mse_loss-0.0003344, val_kl_loss-0.0000000
2025-03-05 19:33:20 - INFO - epoch-140, train_mse_loss-0.0003230, train_kl_loss-0.0000000, val_mse_loss-0.0003346, val_kl_loss-0.0000000
2025-03-05 19:37:39 - INFO - epoch-141, train_mse_loss-0.0003230, train_kl_loss-0.0000000, val_mse_loss-0.0003347, val_kl_loss-0.0000000
2025-03-05 19:41:58 - INFO - epoch-142, train_mse_loss-0.0003230, train_kl_loss-0.0000000, val_mse_loss-0.0003346, val_kl_loss-0.0000000
2025-03-05 19:46:18 - INFO - epoch-143, train_mse_loss-0.0003230, train_kl_loss-0.0000000, val_mse_loss-0.0003347, val_kl_loss-0.0000000
2025-03-05 19:50:37 - INFO - epoch-144, train_mse_loss-0.0003230, train_kl_loss-0.0000000, val_mse_loss-0.0003345, val_kl_loss-0.0000000
2025-03-05 19:54:57 - INFO - epoch-145, train_mse_loss-0.0003230, train_kl_loss-0.0000000, val_mse_loss-0.0003348, val_kl_loss-0.0000000
2025-03-05 19:59:18 - INFO - epoch-146, train_mse_loss-0.0003230, train_kl_loss-0.0000000, val_mse_loss-0.0003346, val_kl_loss-0.0000000
2025-03-05 20:03:37 - INFO - epoch-147, train_mse_loss-0.0003230, train_kl_loss-0.0000000, val_mse_loss-0.0003350, val_kl_loss-0.0000000
2025-03-05 20:07:58 - INFO - epoch-148, train_mse_loss-0.0003230, train_kl_loss-0.0000000, val_mse_loss-0.0003348, val_kl_loss-0.0000000
2025-03-05 20:12:17 - INFO - epoch-149, train_mse_loss-0.0003230, train_kl_loss-0.0000000, val_mse_loss-0.0003349, val_kl_loss-0.0000000
2025-03-05 20:16:35 - INFO - epoch-150, train_mse_loss-0.0003230, train_kl_loss-0.0000000, val_mse_loss-0.0003349, val_kl_loss-0.0000000
2025-03-05 20:20:54 - INFO - epoch-151, train_mse_loss-0.0003230, train_kl_loss-0.0000000, val_mse_loss-0.0003349, val_kl_loss-0.0000000
2025-03-05 20:25:13 - INFO - epoch-152, train_mse_loss-0.0003230, train_kl_loss-0.0000000, val_mse_loss-0.0003351, val_kl_loss-0.0000000
2025-03-05 20:29:31 - INFO - epoch-153, train_mse_loss-0.0003230, train_kl_loss-0.0000000, val_mse_loss-0.0003355, val_kl_loss-0.0000000
2025-03-05 20:33:51 - INFO - epoch-154, train_mse_loss-0.0003230, train_kl_loss-0.0000000, val_mse_loss-0.0003352, val_kl_loss-0.0000000
2025-03-05 20:38:09 - INFO - epoch-155, train_mse_loss-0.0003230, train_kl_loss-0.0000000, val_mse_loss-0.0003354, val_kl_loss-0.0000000
2025-03-05 20:42:29 - INFO - epoch-156, train_mse_loss-0.0003230, train_kl_loss-0.0000000, val_mse_loss-0.0003354, val_kl_loss-0.0000000
2025-03-05 20:46:49 - INFO - epoch-157, train_mse_loss-0.0003230, train_kl_loss-0.0000000, val_mse_loss-0.0003354, val_kl_loss-0.0000000
2025-03-05 20:51:08 - INFO - epoch-158, train_mse_loss-0.0003230, train_kl_loss-0.0000000, val_mse_loss-0.0003357, val_kl_loss-0.0000000
2025-03-05 20:55:27 - INFO - epoch-159, train_mse_loss-0.0003230, train_kl_loss-0.0000000, val_mse_loss-0.0003353, val_kl_loss-0.0000000
2025-03-05 20:59:47 - INFO - epoch-160, train_mse_loss-0.0003230, train_kl_loss-0.0000000, val_mse_loss-0.0003356, val_kl_loss-0.0000000
2025-03-05 21:04:08 - INFO - epoch-161, train_mse_loss-0.0003230, train_kl_loss-0.0000000, val_mse_loss-0.0003358, val_kl_loss-0.0000000
2025-03-05 21:08:28 - INFO - epoch-162, train_mse_loss-0.0003230, train_kl_loss-0.0000000, val_mse_loss-0.0003360, val_kl_loss-0.0000000
2025-03-05 21:12:49 - INFO - epoch-163, train_mse_loss-0.0003230, train_kl_loss-0.0000000, val_mse_loss-0.0003361, val_kl_loss-0.0000000
2025-03-05 21:17:09 - INFO - epoch-164, train_mse_loss-0.0003230, train_kl_loss-0.0000000, val_mse_loss-0.0003358, val_kl_loss-0.0000000
2025-03-05 21:21:27 - INFO - epoch-165, train_mse_loss-0.0003230, train_kl_loss-0.0000000, val_mse_loss-0.0003360, val_kl_loss-0.0000000
2025-03-05 21:25:45 - INFO - epoch-166, train_mse_loss-0.0003230, train_kl_loss-0.0000000, val_mse_loss-0.0003362, val_kl_loss-0.0000000
2025-03-05 21:30:05 - INFO - epoch-167, train_mse_loss-0.0003230, train_kl_loss-0.0000000, val_mse_loss-0.0003365, val_kl_loss-0.0000000
2025-03-05 21:34:25 - INFO - epoch-168, train_mse_loss-0.0003230, train_kl_loss-0.0000000, val_mse_loss-0.0003364, val_kl_loss-0.0000000
2025-03-05 21:38:44 - INFO - epoch-169, train_mse_loss-0.0003230, train_kl_loss-0.0000000, val_mse_loss-0.0003363, val_kl_loss-0.0000000
2025-03-05 21:43:03 - INFO - epoch-170, train_mse_loss-0.0003230, train_kl_loss-0.0000000, val_mse_loss-0.0003366, val_kl_loss-0.0000000
2025-03-05 21:47:22 - INFO - epoch-171, train_mse_loss-0.0003230, train_kl_loss-0.0000000, val_mse_loss-0.0003366, val_kl_loss-0.0000000
2025-03-05 21:51:41 - INFO - epoch-172, train_mse_loss-0.0003230, train_kl_loss-0.0000000, val_mse_loss-0.0003367, val_kl_loss-0.0000000
2025-03-05 21:56:00 - INFO - epoch-173, train_mse_loss-0.0003230, train_kl_loss-0.0000000, val_mse_loss-0.0003369, val_kl_loss-0.0000000
2025-03-05 22:00:19 - INFO - epoch-174, train_mse_loss-0.0003230, train_kl_loss-0.0000000, val_mse_loss-0.0003372, val_kl_loss-0.0000000
2025-03-05 22:04:43 - INFO - epoch-175, train_mse_loss-0.0003230, train_kl_loss-0.0000000, val_mse_loss-0.0003375, val_kl_loss-0.0000000
2025-03-05 22:09:11 - INFO - epoch-176, train_mse_loss-0.0003230, train_kl_loss-0.0000000, val_mse_loss-0.0003377, val_kl_loss-0.0000000
2025-03-05 22:13:37 - INFO - epoch-177, train_mse_loss-0.0003231, train_kl_loss-0.0000000, val_mse_loss-0.0003381, val_kl_loss-0.0000000
2025-03-05 22:18:04 - INFO - epoch-178, train_mse_loss-0.0003231, train_kl_loss-0.0000000, val_mse_loss-0.0003390, val_kl_loss-0.0000000
2025-03-05 22:22:34 - INFO - epoch-179, train_mse_loss-0.0003231, train_kl_loss-0.0000000, val_mse_loss-0.0003395, val_kl_loss-0.0000000
2025-03-05 22:27:00 - INFO - epoch-180, train_mse_loss-0.0003231, train_kl_loss-0.0000000, val_mse_loss-0.0003400, val_kl_loss-0.0000000
2025-03-05 22:31:26 - INFO - epoch-181, train_mse_loss-0.0003231, train_kl_loss-0.0000000, val_mse_loss-0.0003401, val_kl_loss-0.0000000
2025-03-05 22:35:50 - INFO - epoch-182, train_mse_loss-0.0003231, train_kl_loss-0.0000000, val_mse_loss-0.0003402, val_kl_loss-0.0000000
2025-03-05 22:40:18 - INFO - epoch-183, train_mse_loss-0.0003231, train_kl_loss-0.0000000, val_mse_loss-0.0003406, val_kl_loss-0.0000000
2025-03-05 22:44:43 - INFO - epoch-184, train_mse_loss-0.0003231, train_kl_loss-0.0000000, val_mse_loss-0.0003407, val_kl_loss-0.0000000
2025-03-05 22:49:06 - INFO - epoch-185, train_mse_loss-0.0003231, train_kl_loss-0.0000000, val_mse_loss-0.0003407, val_kl_loss-0.0000000
2025-03-05 22:53:32 - INFO - epoch-186, train_mse_loss-0.0003231, train_kl_loss-0.0000000, val_mse_loss-0.0003407, val_kl_loss-0.0000000
2025-03-05 22:57:58 - INFO - epoch-187, train_mse_loss-0.0003231, train_kl_loss-0.0000000, val_mse_loss-0.0003411, val_kl_loss-0.0000000
2025-03-05 23:02:24 - INFO - epoch-188, train_mse_loss-0.0003231, train_kl_loss-0.0000000, val_mse_loss-0.0003409, val_kl_loss-0.0000000
2025-03-05 23:06:45 - INFO - epoch-189, train_mse_loss-0.0003231, train_kl_loss-0.0000000, val_mse_loss-0.0003410, val_kl_loss-0.0000000
2025-03-05 23:11:08 - INFO - epoch-190, train_mse_loss-0.0003231, train_kl_loss-0.0000000, val_mse_loss-0.0003412, val_kl_loss-0.0000000
2025-03-05 23:15:30 - INFO - epoch-191, train_mse_loss-0.0003231, train_kl_loss-0.0000000, val_mse_loss-0.0003413, val_kl_loss-0.0000000
2025-03-05 23:19:48 - INFO - epoch-192, train_mse_loss-0.0003231, train_kl_loss-0.0000000, val_mse_loss-0.0003416, val_kl_loss-0.0000000
2025-03-05 23:24:07 - INFO - epoch-193, train_mse_loss-0.0003231, train_kl_loss-0.0000000, val_mse_loss-0.0003414, val_kl_loss-0.0000000
2025-03-05 23:28:26 - INFO - epoch-194, train_mse_loss-0.0003231, train_kl_loss-0.0000000, val_mse_loss-0.0003420, val_kl_loss-0.0000000
2025-03-05 23:32:44 - INFO - epoch-195, train_mse_loss-0.0003231, train_kl_loss-0.0000000, val_mse_loss-0.0003416, val_kl_loss-0.0000000
2025-03-05 23:37:02 - INFO - epoch-196, train_mse_loss-0.0003231, train_kl_loss-0.0000000, val_mse_loss-0.0003416, val_kl_loss-0.0000000
2025-03-05 23:41:20 - INFO - epoch-197, train_mse_loss-0.0003231, train_kl_loss-0.0000000, val_mse_loss-0.0003419, val_kl_loss-0.0000000
2025-03-05 23:45:38 - INFO - epoch-198, train_mse_loss-0.0003231, train_kl_loss-0.0000000, val_mse_loss-0.0003416, val_kl_loss-0.0000000
2025-03-05 23:49:57 - INFO - epoch-199, train_mse_loss-0.0003231, train_kl_loss-0.0000000, val_mse_loss-0.0003419, val_kl_loss-0.0000000
2025-03-05 23:54:16 - INFO - epoch-200, train_mse_loss-0.0003231, train_kl_loss-0.0000000, val_mse_loss-0.0003419, val_kl_loss-0.0000000
2025-03-05 23:58:34 - INFO - epoch-201, train_mse_loss-0.0003231, train_kl_loss-0.0000000, val_mse_loss-0.0003419, val_kl_loss-0.0000000
2025-03-06 00:02:53 - INFO - epoch-202, train_mse_loss-0.0003231, train_kl_loss-0.0000000, val_mse_loss-0.0003422, val_kl_loss-0.0000000
2025-03-06 00:07:13 - INFO - epoch-203, train_mse_loss-0.0003231, train_kl_loss-0.0000000, val_mse_loss-0.0003422, val_kl_loss-0.0000000
2025-03-06 00:11:36 - INFO - epoch-204, train_mse_loss-0.0003231, train_kl_loss-0.0000000, val_mse_loss-0.0003426, val_kl_loss-0.0000000
2025-03-06 00:15:56 - INFO - epoch-205, train_mse_loss-0.0003231, train_kl_loss-0.0000000, val_mse_loss-0.0003424, val_kl_loss-0.0000000
2025-03-06 00:20:15 - INFO - epoch-206, train_mse_loss-0.0003231, train_kl_loss-0.0000000, val_mse_loss-0.0003426, val_kl_loss-0.0000000
2025-03-06 00:24:32 - INFO - epoch-207, train_mse_loss-0.0003231, train_kl_loss-0.0000000, val_mse_loss-0.0003424, val_kl_loss-0.0000000
2025-03-06 00:28:52 - INFO - epoch-208, train_mse_loss-0.0003231, train_kl_loss-0.0000000, val_mse_loss-0.0003425, val_kl_loss-0.0000000
2025-03-06 00:33:11 - INFO - epoch-209, train_mse_loss-0.0003231, train_kl_loss-0.0000000, val_mse_loss-0.0003424, val_kl_loss-0.0000000
2025-03-06 00:37:32 - INFO - epoch-210, train_mse_loss-0.0003231, train_kl_loss-0.0000000, val_mse_loss-0.0003425, val_kl_loss-0.0000000
2025-03-06 00:41:50 - INFO - epoch-211, train_mse_loss-0.0003231, train_kl_loss-0.0000000, val_mse_loss-0.0003423, val_kl_loss-0.0000000
2025-03-06 00:46:09 - INFO - epoch-212, train_mse_loss-0.0003231, train_kl_loss-0.0000000, val_mse_loss-0.0003426, val_kl_loss-0.0000000
2025-03-06 00:50:28 - INFO - epoch-213, train_mse_loss-0.0003231, train_kl_loss-0.0000000, val_mse_loss-0.0003424, val_kl_loss-0.0000000
2025-03-06 00:54:46 - INFO - epoch-214, train_mse_loss-0.0003231, train_kl_loss-0.0000000, val_mse_loss-0.0003423, val_kl_loss-0.0000000
2025-03-06 00:59:04 - INFO - epoch-215, train_mse_loss-0.0003231, train_kl_loss-0.0000000, val_mse_loss-0.0003421, val_kl_loss-0.0000000
2025-03-06 01:03:22 - INFO - epoch-216, train_mse_loss-0.0003231, train_kl_loss-0.0000000, val_mse_loss-0.0003421, val_kl_loss-0.0000000
2025-03-06 01:07:40 - INFO - epoch-217, train_mse_loss-0.0003231, train_kl_loss-0.0000000, val_mse_loss-0.0003420, val_kl_loss-0.0000000
2025-03-06 01:11:59 - INFO - epoch-218, train_mse_loss-0.0003231, train_kl_loss-0.0000000, val_mse_loss-0.0003425, val_kl_loss-0.0000000
2025-03-06 01:16:17 - INFO - epoch-219, train_mse_loss-0.0003231, train_kl_loss-0.0000000, val_mse_loss-0.0003422, val_kl_loss-0.0000000
2025-03-06 01:20:36 - INFO - epoch-220, train_mse_loss-0.0003231, train_kl_loss-0.0000000, val_mse_loss-0.0003424, val_kl_loss-0.0000000
2025-03-06 01:24:54 - INFO - epoch-221, train_mse_loss-0.0003231, train_kl_loss-0.0000000, val_mse_loss-0.0003425, val_kl_loss-0.0000000
2025-03-06 01:29:12 - INFO - epoch-222, train_mse_loss-0.0003231, train_kl_loss-0.0000000, val_mse_loss-0.0003427, val_kl_loss-0.0000000
2025-03-06 01:33:30 - INFO - epoch-223, train_mse_loss-0.0003231, train_kl_loss-0.0000000, val_mse_loss-0.0003426, val_kl_loss-0.0000000
2025-03-06 01:37:50 - INFO - epoch-224, train_mse_loss-0.0003232, train_kl_loss-0.0000000, val_mse_loss-0.0003424, val_kl_loss-0.0000000
2025-03-06 01:42:09 - INFO - epoch-225, train_mse_loss-0.0003232, train_kl_loss-0.0000000, val_mse_loss-0.0003425, val_kl_loss-0.0000000
2025-03-06 01:46:29 - INFO - epoch-226, train_mse_loss-0.0003232, train_kl_loss-0.0000000, val_mse_loss-0.0003429, val_kl_loss-0.0000000
2025-03-06 01:50:48 - INFO - epoch-227, train_mse_loss-0.0003232, train_kl_loss-0.0000000, val_mse_loss-0.0003426, val_kl_loss-0.0000000
2025-03-06 01:55:06 - INFO - epoch-228, train_mse_loss-0.0003232, train_kl_loss-0.0000000, val_mse_loss-0.0003429, val_kl_loss-0.0000000
2025-03-06 01:59:24 - INFO - epoch-229, train_mse_loss-0.0003232, train_kl_loss-0.0000000, val_mse_loss-0.0003428, val_kl_loss-0.0000000
2025-03-06 02:03:42 - INFO - epoch-230, train_mse_loss-0.0003232, train_kl_loss-0.0000000, val_mse_loss-0.0003429, val_kl_loss-0.0000000
2025-03-06 02:08:01 - INFO - epoch-231, train_mse_loss-0.0003232, train_kl_loss-0.0000000, val_mse_loss-0.0003482, val_kl_loss-0.0000000
2025-03-06 02:12:20 - INFO - epoch-232, train_mse_loss-0.0003232, train_kl_loss-0.0000000, val_mse_loss-0.0003482, val_kl_loss-0.0000000
2025-03-06 02:16:38 - INFO - epoch-233, train_mse_loss-0.0003232, train_kl_loss-0.0000000, val_mse_loss-0.0003484, val_kl_loss-0.0000000
2025-03-06 02:20:56 - INFO - epoch-234, train_mse_loss-0.0003232, train_kl_loss-0.0000000, val_mse_loss-0.0003481, val_kl_loss-0.0000000
2025-03-06 02:25:15 - INFO - epoch-235, train_mse_loss-0.0003232, train_kl_loss-0.0000000, val_mse_loss-0.0003479, val_kl_loss-0.0000000
2025-03-06 02:29:34 - INFO - epoch-236, train_mse_loss-0.0003232, train_kl_loss-0.0000000, val_mse_loss-0.0003481, val_kl_loss-0.0000000
2025-03-06 02:33:54 - INFO - epoch-237, train_mse_loss-0.0003232, train_kl_loss-0.0000000, val_mse_loss-0.0003481, val_kl_loss-0.0000000
2025-03-06 02:38:14 - INFO - epoch-238, train_mse_loss-0.0003232, train_kl_loss-0.0000000, val_mse_loss-0.0003481, val_kl_loss-0.0000000
2025-03-06 02:42:33 - INFO - epoch-239, train_mse_loss-0.0003232, train_kl_loss-0.0000000, val_mse_loss-0.0003483, val_kl_loss-0.0000000
2025-03-06 02:46:53 - INFO - epoch-240, train_mse_loss-0.0003232, train_kl_loss-0.0000000, val_mse_loss-0.0003483, val_kl_loss-0.0000000
2025-03-06 02:51:13 - INFO - epoch-241, train_mse_loss-0.0003232, train_kl_loss-0.0000000, val_mse_loss-0.0003482, val_kl_loss-0.0000000
2025-03-06 02:55:34 - INFO - epoch-242, train_mse_loss-0.0003232, train_kl_loss-0.0000000, val_mse_loss-0.0003484, val_kl_loss-0.0000000
2025-03-06 02:59:54 - INFO - epoch-243, train_mse_loss-0.0003232, train_kl_loss-0.0000000, val_mse_loss-0.0003483, val_kl_loss-0.0000000
2025-03-06 03:04:14 - INFO - epoch-244, train_mse_loss-0.0003232, train_kl_loss-0.0000000, val_mse_loss-0.0003485, val_kl_loss-0.0000000
2025-03-06 03:08:33 - INFO - epoch-245, train_mse_loss-0.0003232, train_kl_loss-0.0000000, val_mse_loss-0.0003485, val_kl_loss-0.0000000
2025-03-06 03:12:51 - INFO - epoch-246, train_mse_loss-0.0003232, train_kl_loss-0.0000000, val_mse_loss-0.0003483, val_kl_loss-0.0000000
2025-03-06 03:17:10 - INFO - epoch-247, train_mse_loss-0.0003232, train_kl_loss-0.0000000, val_mse_loss-0.0003489, val_kl_loss-0.0000000
2025-03-06 03:21:30 - INFO - epoch-248, train_mse_loss-0.0003232, train_kl_loss-0.0000000, val_mse_loss-0.0003488, val_kl_loss-0.0000000
2025-03-06 03:25:49 - INFO - epoch-249, train_mse_loss-0.0003232, train_kl_loss-0.0000000, val_mse_loss-0.0003490, val_kl_loss-0.0000000
2025-03-06 03:30:11 - INFO - epoch-250, train_mse_loss-0.0003232, train_kl_loss-0.0000000, val_mse_loss-0.0003492, val_kl_loss-0.0000000
2025-03-06 03:34:29 - INFO - epoch-251, train_mse_loss-0.0003232, train_kl_loss-0.0000000, val_mse_loss-0.0003488, val_kl_loss-0.0000000
2025-03-06 03:38:48 - INFO - epoch-252, train_mse_loss-0.0003232, train_kl_loss-0.0000000, val_mse_loss-0.0003489, val_kl_loss-0.0000000
2025-03-06 03:43:07 - INFO - epoch-253, train_mse_loss-0.0003232, train_kl_loss-0.0000000, val_mse_loss-0.0003493, val_kl_loss-0.0000000
2025-03-06 03:47:25 - INFO - epoch-254, train_mse_loss-0.0003232, train_kl_loss-0.0000000, val_mse_loss-0.0003486, val_kl_loss-0.0000000
2025-03-06 03:51:44 - INFO - epoch-255, train_mse_loss-0.0003232, train_kl_loss-0.0000000, val_mse_loss-0.0003488, val_kl_loss-0.0000000
2025-03-06 03:56:04 - INFO - epoch-256, train_mse_loss-0.0003232, train_kl_loss-0.0000000, val_mse_loss-0.0003489, val_kl_loss-0.0000000
2025-03-06 04:00:23 - INFO - epoch-257, train_mse_loss-0.0003232, train_kl_loss-0.0000000, val_mse_loss-0.0003490, val_kl_loss-0.0000000
2025-03-06 04:04:44 - INFO - epoch-258, train_mse_loss-0.0003232, train_kl_loss-0.0000000, val_mse_loss-0.0003491, val_kl_loss-0.0000000
2025-03-06 04:09:04 - INFO - epoch-259, train_mse_loss-0.0003232, train_kl_loss-0.0000000, val_mse_loss-0.0003487, val_kl_loss-0.0000000
2025-03-06 04:13:23 - INFO - epoch-260, train_mse_loss-0.0003232, train_kl_loss-0.0000000, val_mse_loss-0.0003492, val_kl_loss-0.0000000
2025-03-06 04:17:42 - INFO - epoch-261, train_mse_loss-0.0003232, train_kl_loss-0.0000000, val_mse_loss-0.0003497, val_kl_loss-0.0000000
2025-03-06 04:22:01 - INFO - epoch-262, train_mse_loss-0.0003232, train_kl_loss-0.0000000, val_mse_loss-0.0003495, val_kl_loss-0.0000000
2025-03-06 04:26:20 - INFO - epoch-263, train_mse_loss-0.0003232, train_kl_loss-0.0000000, val_mse_loss-0.0003496, val_kl_loss-0.0000000
2025-03-06 04:30:39 - INFO - epoch-264, train_mse_loss-0.0003232, train_kl_loss-0.0000000, val_mse_loss-0.0003497, val_kl_loss-0.0000000
2025-03-06 04:34:59 - INFO - epoch-265, train_mse_loss-0.0003232, train_kl_loss-0.0000000, val_mse_loss-0.0003496, val_kl_loss-0.0000000
2025-03-06 04:39:18 - INFO - epoch-266, train_mse_loss-0.0003232, train_kl_loss-0.0000000, val_mse_loss-0.0003500, val_kl_loss-0.0000000
2025-03-06 04:43:37 - INFO - epoch-267, train_mse_loss-0.0003232, train_kl_loss-0.0000000, val_mse_loss-0.0003494, val_kl_loss-0.0000000
2025-03-06 04:47:56 - INFO - epoch-268, train_mse_loss-0.0003232, train_kl_loss-0.0000000, val_mse_loss-0.0003492, val_kl_loss-0.0000000
2025-03-06 04:52:13 - INFO - epoch-269, train_mse_loss-0.0003232, train_kl_loss-0.0000000, val_mse_loss-0.0003494, val_kl_loss-0.0000000
2025-03-06 04:56:33 - INFO - epoch-270, train_mse_loss-0.0003232, train_kl_loss-0.0000000, val_mse_loss-0.0003497, val_kl_loss-0.0000000
2025-03-06 05:00:52 - INFO - epoch-271, train_mse_loss-0.0003232, train_kl_loss-0.0000000, val_mse_loss-0.0003494, val_kl_loss-0.0000000
2025-03-06 05:05:11 - INFO - epoch-272, train_mse_loss-0.0003232, train_kl_loss-0.0000000, val_mse_loss-0.0003495, val_kl_loss-0.0000000
2025-03-06 05:09:31 - INFO - epoch-273, train_mse_loss-0.0003232, train_kl_loss-0.0000000, val_mse_loss-0.0003499, val_kl_loss-0.0000000
2025-03-06 05:13:52 - INFO - epoch-274, train_mse_loss-0.0003232, train_kl_loss-0.0000000, val_mse_loss-0.0003495, val_kl_loss-0.0000000
2025-03-06 05:18:11 - INFO - epoch-275, train_mse_loss-0.0003232, train_kl_loss-0.0000000, val_mse_loss-0.0003497, val_kl_loss-0.0000000
2025-03-06 05:22:31 - INFO - epoch-276, train_mse_loss-0.0003232, train_kl_loss-0.0000000, val_mse_loss-0.0003502, val_kl_loss-0.0000000
2025-03-06 05:26:51 - INFO - epoch-277, train_mse_loss-0.0003232, train_kl_loss-0.0000000, val_mse_loss-0.0003502, val_kl_loss-0.0000000
2025-03-06 05:31:12 - INFO - epoch-278, train_mse_loss-0.0003232, train_kl_loss-0.0000000, val_mse_loss-0.0003499, val_kl_loss-0.0000000
2025-03-06 05:35:31 - INFO - epoch-279, train_mse_loss-0.0003232, train_kl_loss-0.0000000, val_mse_loss-0.0003497, val_kl_loss-0.0000000
2025-03-06 05:39:49 - INFO - epoch-280, train_mse_loss-0.0003232, train_kl_loss-0.0000000, val_mse_loss-0.0003493, val_kl_loss-0.0000000
2025-03-06 05:44:07 - INFO - epoch-281, train_mse_loss-0.0003232, train_kl_loss-0.0000000, val_mse_loss-0.0003495, val_kl_loss-0.0000000
2025-03-06 05:48:27 - INFO - epoch-282, train_mse_loss-0.0003232, train_kl_loss-0.0000000, val_mse_loss-0.0003503, val_kl_loss-0.0000000
2025-03-06 05:52:45 - INFO - epoch-283, train_mse_loss-0.0003232, train_kl_loss-0.0000000, val_mse_loss-0.0003502, val_kl_loss-0.0000000
2025-03-06 05:57:04 - INFO - epoch-284, train_mse_loss-0.0003232, train_kl_loss-0.0000000, val_mse_loss-0.0003504, val_kl_loss-0.0000000
2025-03-06 06:01:24 - INFO - epoch-285, train_mse_loss-0.0003232, train_kl_loss-0.0000000, val_mse_loss-0.0003500, val_kl_loss-0.0000000
2025-03-06 06:05:42 - INFO - epoch-286, train_mse_loss-0.0003232, train_kl_loss-0.0000000, val_mse_loss-0.0003500, val_kl_loss-0.0000000
2025-03-06 06:10:00 - INFO - epoch-287, train_mse_loss-0.0003232, train_kl_loss-0.0000000, val_mse_loss-0.0003502, val_kl_loss-0.0000000
2025-03-06 06:14:21 - INFO - epoch-288, train_mse_loss-0.0003232, train_kl_loss-0.0000000, val_mse_loss-0.0003501, val_kl_loss-0.0000000
2025-03-06 06:18:40 - INFO - epoch-289, train_mse_loss-0.0003232, train_kl_loss-0.0000000, val_mse_loss-0.0003503, val_kl_loss-0.0000000
2025-03-06 06:23:00 - INFO - epoch-290, train_mse_loss-0.0003232, train_kl_loss-0.0000000, val_mse_loss-0.0003502, val_kl_loss-0.0000000
2025-03-06 06:27:18 - INFO - epoch-291, train_mse_loss-0.0003232, train_kl_loss-0.0000000, val_mse_loss-0.0003502, val_kl_loss-0.0000000
2025-03-06 06:31:37 - INFO - epoch-292, train_mse_loss-0.0003232, train_kl_loss-0.0000000, val_mse_loss-0.0003502, val_kl_loss-0.0000000
2025-03-06 06:35:55 - INFO - epoch-293, train_mse_loss-0.0003232, train_kl_loss-0.0000000, val_mse_loss-0.0003503, val_kl_loss-0.0000000
2025-03-06 06:40:14 - INFO - epoch-294, train_mse_loss-0.0003232, train_kl_loss-0.0000000, val_mse_loss-0.0003504, val_kl_loss-0.0000000
2025-03-06 06:44:33 - INFO - epoch-295, train_mse_loss-0.0003232, train_kl_loss-0.0000000, val_mse_loss-0.0003503, val_kl_loss-0.0000000
2025-03-06 06:48:52 - INFO - epoch-296, train_mse_loss-0.0003232, train_kl_loss-0.0000000, val_mse_loss-0.0003505, val_kl_loss-0.0000000
2025-03-06 06:53:11 - INFO - epoch-297, train_mse_loss-0.0003232, train_kl_loss-0.0000000, val_mse_loss-0.0003504, val_kl_loss-0.0000000
2025-03-06 06:57:31 - INFO - epoch-298, train_mse_loss-0.0003232, train_kl_loss-0.0000000, val_mse_loss-0.0003506, val_kl_loss-0.0000000
2025-03-06 07:01:53 - INFO - epoch-299, train_mse_loss-0.0003232, train_kl_loss-0.0000000, val_mse_loss-0.0003506, val_kl_loss-0.0000000
2025-03-06 07:06:15 - INFO - epoch-300, train_mse_loss-0.0003232, train_kl_loss-0.0000000, val_mse_loss-0.0003506, val_kl_loss-0.0000000
2025-03-06 07:10:34 - INFO - epoch-301, train_mse_loss-0.0003232, train_kl_loss-0.0000000, val_mse_loss-0.0003508, val_kl_loss-0.0000000
2025-03-06 07:14:55 - INFO - epoch-302, train_mse_loss-0.0003232, train_kl_loss-0.0000000, val_mse_loss-0.0003510, val_kl_loss-0.0000000
2025-03-06 07:19:15 - INFO - epoch-303, train_mse_loss-0.0003232, train_kl_loss-0.0000000, val_mse_loss-0.0003509, val_kl_loss-0.0000000
2025-03-06 07:23:35 - INFO - epoch-304, train_mse_loss-0.0003232, train_kl_loss-0.0000000, val_mse_loss-0.0003512, val_kl_loss-0.0000000
2025-03-06 07:27:56 - INFO - epoch-305, train_mse_loss-0.0003232, train_kl_loss-0.0000000, val_mse_loss-0.0003514, val_kl_loss-0.0000000
2025-03-06 07:32:18 - INFO - epoch-306, train_mse_loss-0.0003232, train_kl_loss-0.0000000, val_mse_loss-0.0003515, val_kl_loss-0.0000000
2025-03-06 07:36:38 - INFO - epoch-307, train_mse_loss-0.0003232, train_kl_loss-0.0000000, val_mse_loss-0.0003516, val_kl_loss-0.0000000
2025-03-06 07:40:58 - INFO - epoch-308, train_mse_loss-0.0003232, train_kl_loss-0.0000000, val_mse_loss-0.0003515, val_kl_loss-0.0000000
2025-03-06 07:45:17 - INFO - epoch-309, train_mse_loss-0.0003232, train_kl_loss-0.0000000, val_mse_loss-0.0003512, val_kl_loss-0.0000000
2025-03-06 07:49:38 - INFO - epoch-310, train_mse_loss-0.0003232, train_kl_loss-0.0000000, val_mse_loss-0.0003510, val_kl_loss-0.0000000
2025-03-06 07:53:58 - INFO - epoch-311, train_mse_loss-0.0003232, train_kl_loss-0.0000000, val_mse_loss-0.0003513, val_kl_loss-0.0000000
2025-03-06 07:58:19 - INFO - epoch-312, train_mse_loss-0.0003232, train_kl_loss-0.0000000, val_mse_loss-0.0003513, val_kl_loss-0.0000000
2025-03-06 08:02:39 - INFO - epoch-313, train_mse_loss-0.0003232, train_kl_loss-0.0000000, val_mse_loss-0.0003515, val_kl_loss-0.0000000
2025-03-06 08:06:59 - INFO - epoch-314, train_mse_loss-0.0003232, train_kl_loss-0.0000000, val_mse_loss-0.0003514, val_kl_loss-0.0000000
2025-03-06 08:11:20 - INFO - epoch-315, train_mse_loss-0.0003232, train_kl_loss-0.0000000, val_mse_loss-0.0003520, val_kl_loss-0.0000000
2025-03-06 08:15:41 - INFO - epoch-316, train_mse_loss-0.0003232, train_kl_loss-0.0000000, val_mse_loss-0.0003517, val_kl_loss-0.0000000
2025-03-06 08:20:00 - INFO - epoch-317, train_mse_loss-0.0003232, train_kl_loss-0.0000000, val_mse_loss-0.0003516, val_kl_loss-0.0000000
2025-03-06 08:24:21 - INFO - epoch-318, train_mse_loss-0.0003232, train_kl_loss-0.0000000, val_mse_loss-0.0003517, val_kl_loss-0.0000000
2025-03-06 08:28:43 - INFO - epoch-319, train_mse_loss-0.0003232, train_kl_loss-0.0000000, val_mse_loss-0.0003516, val_kl_loss-0.0000000
2025-03-06 08:33:04 - INFO - epoch-320, train_mse_loss-0.0003232, train_kl_loss-0.0000000, val_mse_loss-0.0003516, val_kl_loss-0.0000000
2025-03-06 08:37:25 - INFO - epoch-321, train_mse_loss-0.0003232, train_kl_loss-0.0000000, val_mse_loss-0.0003518, val_kl_loss-0.0000000
2025-03-06 08:41:45 - INFO - epoch-322, train_mse_loss-0.0003232, train_kl_loss-0.0000000, val_mse_loss-0.0003519, val_kl_loss-0.0000000
2025-03-06 08:46:05 - INFO - epoch-323, train_mse_loss-0.0003232, train_kl_loss-0.0000000, val_mse_loss-0.0003517, val_kl_loss-0.0000000
2025-03-06 08:50:23 - INFO - epoch-324, train_mse_loss-0.0003232, train_kl_loss-0.0000000, val_mse_loss-0.0003521, val_kl_loss-0.0000000
2025-03-06 08:54:43 - INFO - epoch-325, train_mse_loss-0.0003232, train_kl_loss-0.0000000, val_mse_loss-0.0003524, val_kl_loss-0.0000000
2025-03-06 08:59:03 - INFO - epoch-326, train_mse_loss-0.0003232, train_kl_loss-0.0000000, val_mse_loss-0.0003523, val_kl_loss-0.0000000
2025-03-06 09:03:28 - INFO - epoch-327, train_mse_loss-0.0003233, train_kl_loss-0.0000000, val_mse_loss-0.0003519, val_kl_loss-0.0000000
2025-03-06 09:07:51 - INFO - epoch-328, train_mse_loss-0.0003233, train_kl_loss-0.0000000, val_mse_loss-0.0003522, val_kl_loss-0.0000000
2025-03-06 09:12:13 - INFO - epoch-329, train_mse_loss-0.0003233, train_kl_loss-0.0000000, val_mse_loss-0.0003523, val_kl_loss-0.0000000
2025-03-06 09:16:43 - INFO - epoch-330, train_mse_loss-0.0003233, train_kl_loss-0.0000000, val_mse_loss-0.0003524, val_kl_loss-0.0000000
2025-03-06 09:21:05 - INFO - epoch-331, train_mse_loss-0.0003233, train_kl_loss-0.0000000, val_mse_loss-0.0003521, val_kl_loss-0.0000000
2025-03-06 09:25:25 - INFO - epoch-332, train_mse_loss-0.0003233, train_kl_loss-0.0000000, val_mse_loss-0.0003524, val_kl_loss-0.0000000
2025-03-06 09:29:43 - INFO - epoch-333, train_mse_loss-0.0003233, train_kl_loss-0.0000000, val_mse_loss-0.0003524, val_kl_loss-0.0000000
2025-03-06 09:34:00 - INFO - epoch-334, train_mse_loss-0.0003233, train_kl_loss-0.0000000, val_mse_loss-0.0003526, val_kl_loss-0.0000000
2025-03-06 09:38:19 - INFO - epoch-335, train_mse_loss-0.0003233, train_kl_loss-0.0000000, val_mse_loss-0.0003527, val_kl_loss-0.0000000
2025-03-06 09:42:38 - INFO - epoch-336, train_mse_loss-0.0003233, train_kl_loss-0.0000000, val_mse_loss-0.0003525, val_kl_loss-0.0000000
2025-03-06 09:46:57 - INFO - epoch-337, train_mse_loss-0.0003233, train_kl_loss-0.0000000, val_mse_loss-0.0003521, val_kl_loss-0.0000000
2025-03-06 09:51:18 - INFO - epoch-338, train_mse_loss-0.0003233, train_kl_loss-0.0000000, val_mse_loss-0.0003525, val_kl_loss-0.0000000
2025-03-06 09:55:35 - INFO - epoch-339, train_mse_loss-0.0003233, train_kl_loss-0.0000000, val_mse_loss-0.0003527, val_kl_loss-0.0000000
2025-03-06 09:59:54 - INFO - epoch-340, train_mse_loss-0.0003233, train_kl_loss-0.0000000, val_mse_loss-0.0003525, val_kl_loss-0.0000000
2025-03-06 10:04:14 - INFO - epoch-341, train_mse_loss-0.0003233, train_kl_loss-0.0000000, val_mse_loss-0.0003528, val_kl_loss-0.0000000
2025-03-06 10:08:33 - INFO - epoch-342, train_mse_loss-0.0003233, train_kl_loss-0.0000000, val_mse_loss-0.0003523, val_kl_loss-0.0000000
2025-03-06 10:12:51 - INFO - epoch-343, train_mse_loss-0.0003233, train_kl_loss-0.0000000, val_mse_loss-0.0003529, val_kl_loss-0.0000000
2025-03-06 10:17:09 - INFO - epoch-344, train_mse_loss-0.0003233, train_kl_loss-0.0000000, val_mse_loss-0.0003529, val_kl_loss-0.0000000
2025-03-06 10:21:27 - INFO - epoch-345, train_mse_loss-0.0003233, train_kl_loss-0.0000000, val_mse_loss-0.0003528, val_kl_loss-0.0000000
2025-03-06 10:25:45 - INFO - epoch-346, train_mse_loss-0.0003233, train_kl_loss-0.0000000, val_mse_loss-0.0003527, val_kl_loss-0.0000000
2025-03-06 10:30:02 - INFO - epoch-347, train_mse_loss-0.0003233, train_kl_loss-0.0000000, val_mse_loss-0.0003529, val_kl_loss-0.0000000
2025-03-06 10:34:20 - INFO - epoch-348, train_mse_loss-0.0003233, train_kl_loss-0.0000000, val_mse_loss-0.0003526, val_kl_loss-0.0000000
2025-03-06 10:38:38 - INFO - epoch-349, train_mse_loss-0.0003233, train_kl_loss-0.0000000, val_mse_loss-0.0003529, val_kl_loss-0.0000000
2025-03-06 10:42:57 - INFO - epoch-350, train_mse_loss-0.0003233, train_kl_loss-0.0000000, val_mse_loss-0.0003528, val_kl_loss-0.0000000
2025-03-06 10:47:17 - INFO - epoch-351, train_mse_loss-0.0003233, train_kl_loss-0.0000000, val_mse_loss-0.0003530, val_kl_loss-0.0000000
2025-03-06 10:51:37 - INFO - epoch-352, train_mse_loss-0.0003233, train_kl_loss-0.0000000, val_mse_loss-0.0003530, val_kl_loss-0.0000000
2025-03-06 10:55:56 - INFO - epoch-353, train_mse_loss-0.0003233, train_kl_loss-0.0000000, val_mse_loss-0.0003530, val_kl_loss-0.0000000
2025-03-06 11:00:13 - INFO - epoch-354, train_mse_loss-0.0003233, train_kl_loss-0.0000000, val_mse_loss-0.0003530, val_kl_loss-0.0000000
2025-03-06 11:04:32 - INFO - epoch-355, train_mse_loss-0.0003233, train_kl_loss-0.0000000, val_mse_loss-0.0003529, val_kl_loss-0.0000000
2025-03-06 11:08:50 - INFO - epoch-356, train_mse_loss-0.0003233, train_kl_loss-0.0000000, val_mse_loss-0.0003531, val_kl_loss-0.0000000
2025-03-06 11:13:08 - INFO - epoch-357, train_mse_loss-0.0003233, train_kl_loss-0.0000000, val_mse_loss-0.0003530, val_kl_loss-0.0000000
2025-03-06 11:17:27 - INFO - epoch-358, train_mse_loss-0.0003233, train_kl_loss-0.0000000, val_mse_loss-0.0003531, val_kl_loss-0.0000000
2025-03-06 11:21:46 - INFO - epoch-359, train_mse_loss-0.0003233, train_kl_loss-0.0000000, val_mse_loss-0.0003530, val_kl_loss-0.0000000
2025-03-06 11:26:04 - INFO - epoch-360, train_mse_loss-0.0003233, train_kl_loss-0.0000000, val_mse_loss-0.0003531, val_kl_loss-0.0000000
2025-03-06 11:30:23 - INFO - epoch-361, train_mse_loss-0.0003233, train_kl_loss-0.0000000, val_mse_loss-0.0003531, val_kl_loss-0.0000000
2025-03-06 11:34:41 - INFO - epoch-362, train_mse_loss-0.0003233, train_kl_loss-0.0000000, val_mse_loss-0.0003536, val_kl_loss-0.0000000
2025-03-06 11:39:00 - INFO - epoch-363, train_mse_loss-0.0003234, train_kl_loss-0.0000000, val_mse_loss-0.0003531, val_kl_loss-0.0000000
2025-03-06 11:43:18 - INFO - epoch-364, train_mse_loss-0.0003234, train_kl_loss-0.0000000, val_mse_loss-0.0003535, val_kl_loss-0.0000000
2025-03-06 11:47:36 - INFO - epoch-365, train_mse_loss-0.0003234, train_kl_loss-0.0000000, val_mse_loss-0.0003531, val_kl_loss-0.0000000
2025-03-06 11:51:55 - INFO - epoch-366, train_mse_loss-0.0003234, train_kl_loss-0.0000000, val_mse_loss-0.0003532, val_kl_loss-0.0000000
2025-03-06 11:56:14 - INFO - epoch-367, train_mse_loss-0.0003234, train_kl_loss-0.0000000, val_mse_loss-0.0003532, val_kl_loss-0.0000000
2025-03-06 12:00:35 - INFO - epoch-368, train_mse_loss-0.0003234, train_kl_loss-0.0000000, val_mse_loss-0.0003533, val_kl_loss-0.0000000
2025-03-06 12:04:52 - INFO - epoch-369, train_mse_loss-0.0003234, train_kl_loss-0.0000000, val_mse_loss-0.0003528, val_kl_loss-0.0000000
2025-03-06 12:09:10 - INFO - epoch-370, train_mse_loss-0.0003234, train_kl_loss-0.0000000, val_mse_loss-0.0003537, val_kl_loss-0.0000000
2025-03-06 12:13:28 - INFO - epoch-371, train_mse_loss-0.0003234, train_kl_loss-0.0000000, val_mse_loss-0.0003527, val_kl_loss-0.0000000
2025-03-06 12:17:46 - INFO - epoch-372, train_mse_loss-0.0003234, train_kl_loss-0.0000000, val_mse_loss-0.0003536, val_kl_loss-0.0000000
2025-03-06 12:22:03 - INFO - epoch-373, train_mse_loss-0.0003234, train_kl_loss-0.0000000, val_mse_loss-0.0003539, val_kl_loss-0.0000000
2025-03-06 12:26:21 - INFO - epoch-374, train_mse_loss-0.0003235, train_kl_loss-0.0000000, val_mse_loss-0.0003526, val_kl_loss-0.0000000
2025-03-06 12:30:40 - INFO - epoch-375, train_mse_loss-0.0003235, train_kl_loss-0.0000000, val_mse_loss-0.0003537, val_kl_loss-0.0000000
2025-03-06 12:34:58 - INFO - epoch-376, train_mse_loss-0.0003235, train_kl_loss-0.0000000, val_mse_loss-0.0003532, val_kl_loss-0.0000000
2025-03-06 12:39:17 - INFO - epoch-377, train_mse_loss-0.0003235, train_kl_loss-0.0000000, val_mse_loss-0.0003541, val_kl_loss-0.0000000
2025-03-06 12:43:36 - INFO - epoch-378, train_mse_loss-0.0003235, train_kl_loss-0.0000000, val_mse_loss-0.0003526, val_kl_loss-0.0000000
2025-03-06 12:47:54 - INFO - epoch-379, train_mse_loss-0.0003235, train_kl_loss-0.0000000, val_mse_loss-0.0003542, val_kl_loss-0.0000000
2025-03-06 12:52:11 - INFO - epoch-380, train_mse_loss-0.0003235, train_kl_loss-0.0000000, val_mse_loss-0.0003521, val_kl_loss-0.0000000
2025-03-06 12:56:29 - INFO - epoch-381, train_mse_loss-0.0003235, train_kl_loss-0.0000000, val_mse_loss-0.0003535, val_kl_loss-0.0000000
2025-03-06 13:00:48 - INFO - epoch-382, train_mse_loss-0.0003235, train_kl_loss-0.0000000, val_mse_loss-0.0003534, val_kl_loss-0.0000000
2025-03-06 13:05:06 - INFO - epoch-383, train_mse_loss-0.0003235, train_kl_loss-0.0000000, val_mse_loss-0.0003540, val_kl_loss-0.0000000
2025-03-06 13:09:26 - INFO - epoch-384, train_mse_loss-0.0003235, train_kl_loss-0.0000000, val_mse_loss-0.0003542, val_kl_loss-0.0000000
2025-03-06 13:13:46 - INFO - epoch-385, train_mse_loss-0.0003235, train_kl_loss-0.0000000, val_mse_loss-0.0003536, val_kl_loss-0.0000000
2025-03-06 13:18:03 - INFO - epoch-386, train_mse_loss-0.0003235, train_kl_loss-0.0000000, val_mse_loss-0.0003544, val_kl_loss-0.0000000
2025-03-06 13:22:22 - INFO - epoch-387, train_mse_loss-0.0003235, train_kl_loss-0.0000000, val_mse_loss-0.0003535, val_kl_loss-0.0000000
2025-03-06 13:26:43 - INFO - epoch-388, train_mse_loss-0.0003235, train_kl_loss-0.0000000, val_mse_loss-0.0003532, val_kl_loss-0.0000000
2025-03-06 13:31:06 - INFO - epoch-389, train_mse_loss-0.0003235, train_kl_loss-0.0000000, val_mse_loss-0.0003538, val_kl_loss-0.0000000
2025-03-06 13:35:29 - INFO - epoch-390, train_mse_loss-0.0003235, train_kl_loss-0.0000000, val_mse_loss-0.0003541, val_kl_loss-0.0000000
2025-03-06 13:39:52 - INFO - epoch-391, train_mse_loss-0.0003235, train_kl_loss-0.0000000, val_mse_loss-0.0003537, val_kl_loss-0.0000000
2025-03-06 13:44:11 - INFO - epoch-392, train_mse_loss-0.0003235, train_kl_loss-0.0000000, val_mse_loss-0.0003541, val_kl_loss-0.0000000
2025-03-06 13:48:33 - INFO - epoch-393, train_mse_loss-0.0003235, train_kl_loss-0.0000000, val_mse_loss-0.0003544, val_kl_loss-0.0000000
2025-03-06 13:52:53 - INFO - epoch-394, train_mse_loss-0.0003235, train_kl_loss-0.0000000, val_mse_loss-0.0003539, val_kl_loss-0.0000000
2025-03-06 13:57:13 - INFO - epoch-395, train_mse_loss-0.0003235, train_kl_loss-0.0000000, val_mse_loss-0.0003550, val_kl_loss-0.0000000
2025-03-06 14:01:31 - INFO - epoch-396, train_mse_loss-0.0003235, train_kl_loss-0.0000000, val_mse_loss-0.0003529, val_kl_loss-0.0000000
2025-03-06 14:05:52 - INFO - epoch-397, train_mse_loss-0.0003235, train_kl_loss-0.0000000, val_mse_loss-0.0003534, val_kl_loss-0.0000000
2025-03-06 14:10:13 - INFO - epoch-398, train_mse_loss-0.0003235, train_kl_loss-0.0000000, val_mse_loss-0.0003544, val_kl_loss-0.0000000
2025-03-06 14:14:35 - INFO - epoch-399, train_mse_loss-0.0003235, train_kl_loss-0.0000000, val_mse_loss-0.0003534, val_kl_loss-0.0000000
2025-03-06 14:18:56 - INFO - epoch-400, train_mse_loss-0.0003235, train_kl_loss-0.0000000, val_mse_loss-0.0003545, val_kl_loss-0.0000000
2025-03-06 14:23:15 - INFO - epoch-401, train_mse_loss-0.0003235, train_kl_loss-0.0000000, val_mse_loss-0.0003533, val_kl_loss-0.0000000
2025-03-06 14:27:35 - INFO - epoch-402, train_mse_loss-0.0003235, train_kl_loss-0.0000000, val_mse_loss-0.0003545, val_kl_loss-0.0000000
2025-03-06 14:31:55 - INFO - epoch-403, train_mse_loss-0.0003235, train_kl_loss-0.0000000, val_mse_loss-0.0003540, val_kl_loss-0.0000000
2025-03-06 14:36:14 - INFO - epoch-404, train_mse_loss-0.0003235, train_kl_loss-0.0000000, val_mse_loss-0.0003541, val_kl_loss-0.0000000
2025-03-06 14:40:33 - INFO - epoch-405, train_mse_loss-0.0003235, train_kl_loss-0.0000000, val_mse_loss-0.0003535, val_kl_loss-0.0000000
2025-03-06 14:44:53 - INFO - epoch-406, train_mse_loss-0.0003235, train_kl_loss-0.0000000, val_mse_loss-0.0003544, val_kl_loss-0.0000000
2025-03-06 14:49:11 - INFO - epoch-407, train_mse_loss-0.0003235, train_kl_loss-0.0000000, val_mse_loss-0.0003527, val_kl_loss-0.0000000
2025-03-06 14:53:31 - INFO - epoch-408, train_mse_loss-0.0003235, train_kl_loss-0.0000000, val_mse_loss-0.0003524, val_kl_loss-0.0000000
2025-03-06 14:57:50 - INFO - epoch-409, train_mse_loss-0.0003235, train_kl_loss-0.0000000, val_mse_loss-0.0003543, val_kl_loss-0.0000000
2025-03-06 15:02:10 - INFO - epoch-410, train_mse_loss-0.0003235, train_kl_loss-0.0000000, val_mse_loss-0.0003531, val_kl_loss-0.0000000
2025-03-06 15:06:30 - INFO - epoch-411, train_mse_loss-0.0003235, train_kl_loss-0.0000000, val_mse_loss-0.0003538, val_kl_loss-0.0000000
2025-03-06 15:10:49 - INFO - epoch-412, train_mse_loss-0.0003235, train_kl_loss-0.0000000, val_mse_loss-0.0003540, val_kl_loss-0.0000000
2025-03-06 15:15:08 - INFO - epoch-413, train_mse_loss-0.0003235, train_kl_loss-0.0000000, val_mse_loss-0.0003531, val_kl_loss-0.0000000
2025-03-06 15:19:29 - INFO - epoch-414, train_mse_loss-0.0003235, train_kl_loss-0.0000000, val_mse_loss-0.0003531, val_kl_loss-0.0000000
2025-03-06 15:23:50 - INFO - epoch-415, train_mse_loss-0.0003235, train_kl_loss-0.0000000, val_mse_loss-0.0003539, val_kl_loss-0.0000000
2025-03-06 15:28:09 - INFO - epoch-416, train_mse_loss-0.0003235, train_kl_loss-0.0000000, val_mse_loss-0.0003531, val_kl_loss-0.0000000
2025-03-06 15:32:28 - INFO - epoch-417, train_mse_loss-0.0003235, train_kl_loss-0.0000000, val_mse_loss-0.0003539, val_kl_loss-0.0000000
2025-03-06 15:36:48 - INFO - epoch-418, train_mse_loss-0.0003235, train_kl_loss-0.0000000, val_mse_loss-0.0003526, val_kl_loss-0.0000000
2025-03-06 15:41:07 - INFO - epoch-419, train_mse_loss-0.0003235, train_kl_loss-0.0000000, val_mse_loss-0.0003538, val_kl_loss-0.0000000
2025-03-06 15:45:26 - INFO - epoch-420, train_mse_loss-0.0003235, train_kl_loss-0.0000000, val_mse_loss-0.0003534, val_kl_loss-0.0000000
2025-03-06 15:49:44 - INFO - epoch-421, train_mse_loss-0.0003235, train_kl_loss-0.0000000, val_mse_loss-0.0003545, val_kl_loss-0.0000000
2025-03-06 15:54:03 - INFO - epoch-422, train_mse_loss-0.0003235, train_kl_loss-0.0000000, val_mse_loss-0.0003535, val_kl_loss-0.0000000
2025-03-06 15:58:20 - INFO - epoch-423, train_mse_loss-0.0003235, train_kl_loss-0.0000000, val_mse_loss-0.0003535, val_kl_loss-0.0000000
2025-03-06 16:02:38 - INFO - epoch-424, train_mse_loss-0.0003235, train_kl_loss-0.0000000, val_mse_loss-0.0003527, val_kl_loss-0.0000000
2025-03-06 16:06:55 - INFO - epoch-425, train_mse_loss-0.0003235, train_kl_loss-0.0000000, val_mse_loss-0.0003534, val_kl_loss-0.0000000
2025-03-06 16:11:13 - INFO - epoch-426, train_mse_loss-0.0003235, train_kl_loss-0.0000000, val_mse_loss-0.0003539, val_kl_loss-0.0000000
2025-03-06 16:15:31 - INFO - epoch-427, train_mse_loss-0.0003235, train_kl_loss-0.0000000, val_mse_loss-0.0003541, val_kl_loss-0.0000000
2025-03-06 16:19:49 - INFO - epoch-428, train_mse_loss-0.0003235, train_kl_loss-0.0000000, val_mse_loss-0.0003537, val_kl_loss-0.0000000
2025-03-06 16:24:07 - INFO - epoch-429, train_mse_loss-0.0003235, train_kl_loss-0.0000000, val_mse_loss-0.0003538, val_kl_loss-0.0000000
2025-03-06 16:28:26 - INFO - epoch-430, train_mse_loss-0.0003235, train_kl_loss-0.0000000, val_mse_loss-0.0003531, val_kl_loss-0.0000000
2025-03-06 16:32:44 - INFO - epoch-431, train_mse_loss-0.0003235, train_kl_loss-0.0000000, val_mse_loss-0.0003546, val_kl_loss-0.0000000
2025-03-06 16:37:01 - INFO - epoch-432, train_mse_loss-0.0003235, train_kl_loss-0.0000000, val_mse_loss-0.0003547, val_kl_loss-0.0000000
2025-03-06 16:41:20 - INFO - epoch-433, train_mse_loss-0.0003235, train_kl_loss-0.0000000, val_mse_loss-0.0003530, val_kl_loss-0.0000000
2025-03-06 16:45:38 - INFO - epoch-434, train_mse_loss-0.0003235, train_kl_loss-0.0000000, val_mse_loss-0.0003533, val_kl_loss-0.0000000
2025-03-06 16:49:56 - INFO - epoch-435, train_mse_loss-0.0003235, train_kl_loss-0.0000000, val_mse_loss-0.0003531, val_kl_loss-0.0000000
2025-03-06 16:54:15 - INFO - epoch-436, train_mse_loss-0.0003235, train_kl_loss-0.0000000, val_mse_loss-0.0003526, val_kl_loss-0.0000000
2025-03-06 16:58:33 - INFO - epoch-437, train_mse_loss-0.0003235, train_kl_loss-0.0000000, val_mse_loss-0.0003544, val_kl_loss-0.0000000
2025-03-06 17:02:51 - INFO - epoch-438, train_mse_loss-0.0003235, train_kl_loss-0.0000000, val_mse_loss-0.0003528, val_kl_loss-0.0000000
2025-03-06 17:07:08 - INFO - epoch-439, train_mse_loss-0.0003235, train_kl_loss-0.0000000, val_mse_loss-0.0003540, val_kl_loss-0.0000000
2025-03-06 17:11:25 - INFO - epoch-440, train_mse_loss-0.0003235, train_kl_loss-0.0000000, val_mse_loss-0.0003541, val_kl_loss-0.0000000
2025-03-06 17:15:42 - INFO - epoch-441, train_mse_loss-0.0003235, train_kl_loss-0.0000000, val_mse_loss-0.0003539, val_kl_loss-0.0000000
2025-03-06 17:20:00 - INFO - epoch-442, train_mse_loss-0.0003235, train_kl_loss-0.0000000, val_mse_loss-0.0003539, val_kl_loss-0.0000000
2025-03-06 17:24:17 - INFO - epoch-443, train_mse_loss-0.0003235, train_kl_loss-0.0000000, val_mse_loss-0.0003540, val_kl_loss-0.0000000
2025-03-06 17:28:35 - INFO - epoch-444, train_mse_loss-0.0003235, train_kl_loss-0.0000000, val_mse_loss-0.0003531, val_kl_loss-0.0000000
2025-03-06 17:32:54 - INFO - epoch-445, train_mse_loss-0.0003235, train_kl_loss-0.0000000, val_mse_loss-0.0003531, val_kl_loss-0.0000000
2025-03-06 17:37:12 - INFO - epoch-446, train_mse_loss-0.0003235, train_kl_loss-0.0000000, val_mse_loss-0.0003529, val_kl_loss-0.0000000
2025-03-06 17:41:31 - INFO - epoch-447, train_mse_loss-0.0003236, train_kl_loss-0.0000000, val_mse_loss-0.0003534, val_kl_loss-0.0000000
2025-03-06 17:45:49 - INFO - epoch-448, train_mse_loss-0.0003235, train_kl_loss-0.0000000, val_mse_loss-0.0003531, val_kl_loss-0.0000000
2025-03-06 17:50:05 - INFO - epoch-449, train_mse_loss-0.0003235, train_kl_loss-0.0000000, val_mse_loss-0.0003521, val_kl_loss-0.0000000
2025-03-06 17:54:23 - INFO - epoch-450, train_mse_loss-0.0003235, train_kl_loss-0.0000000, val_mse_loss-0.0003521, val_kl_loss-0.0000000
2025-03-06 17:58:40 - INFO - epoch-451, train_mse_loss-0.0003236, train_kl_loss-0.0000000, val_mse_loss-0.0003531, val_kl_loss-0.0000000
2025-03-06 18:02:59 - INFO - epoch-452, train_mse_loss-0.0003235, train_kl_loss-0.0000000, val_mse_loss-0.0003540, val_kl_loss-0.0000000
2025-03-06 18:07:17 - INFO - epoch-453, train_mse_loss-0.0003235, train_kl_loss-0.0000000, val_mse_loss-0.0003526, val_kl_loss-0.0000000
2025-03-06 18:11:34 - INFO - epoch-454, train_mse_loss-0.0003236, train_kl_loss-0.0000000, val_mse_loss-0.0003533, val_kl_loss-0.0000000
2025-03-06 18:15:51 - INFO - epoch-455, train_mse_loss-0.0003235, train_kl_loss-0.0000000, val_mse_loss-0.0003538, val_kl_loss-0.0000000
2025-03-06 18:20:09 - INFO - epoch-456, train_mse_loss-0.0003236, train_kl_loss-0.0000000, val_mse_loss-0.0003532, val_kl_loss-0.0000000
2025-03-06 18:24:26 - INFO - epoch-457, train_mse_loss-0.0003236, train_kl_loss-0.0000000, val_mse_loss-0.0003527, val_kl_loss-0.0000000
2025-03-06 18:28:44 - INFO - epoch-458, train_mse_loss-0.0003235, train_kl_loss-0.0000000, val_mse_loss-0.0003537, val_kl_loss-0.0000000
2025-03-06 18:33:00 - INFO - epoch-459, train_mse_loss-0.0003235, train_kl_loss-0.0000000, val_mse_loss-0.0003528, val_kl_loss-0.0000000
2025-03-06 18:37:17 - INFO - epoch-460, train_mse_loss-0.0003235, train_kl_loss-0.0000000, val_mse_loss-0.0003525, val_kl_loss-0.0000000
2025-03-06 18:41:35 - INFO - epoch-461, train_mse_loss-0.0003236, train_kl_loss-0.0000000, val_mse_loss-0.0003537, val_kl_loss-0.0000000
2025-03-06 18:45:53 - INFO - epoch-462, train_mse_loss-0.0003236, train_kl_loss-0.0000000, val_mse_loss-0.0003534, val_kl_loss-0.0000000
2025-03-06 18:50:12 - INFO - epoch-463, train_mse_loss-0.0003236, train_kl_loss-0.0000000, val_mse_loss-0.0003535, val_kl_loss-0.0000000
2025-03-06 18:54:29 - INFO - epoch-464, train_mse_loss-0.0003235, train_kl_loss-0.0000000, val_mse_loss-0.0003527, val_kl_loss-0.0000000
2025-03-06 18:58:47 - INFO - epoch-465, train_mse_loss-0.0003236, train_kl_loss-0.0000000, val_mse_loss-0.0003539, val_kl_loss-0.0000000
2025-03-06 19:03:05 - INFO - epoch-466, train_mse_loss-0.0003235, train_kl_loss-0.0000000, val_mse_loss-0.0003534, val_kl_loss-0.0000000
2025-03-06 19:07:22 - INFO - epoch-467, train_mse_loss-0.0003236, train_kl_loss-0.0000000, val_mse_loss-0.0003532, val_kl_loss-0.0000000
2025-03-06 19:11:39 - INFO - epoch-468, train_mse_loss-0.0003236, train_kl_loss-0.0000000, val_mse_loss-0.0003542, val_kl_loss-0.0000000
2025-03-06 19:15:57 - INFO - epoch-469, train_mse_loss-0.0003236, train_kl_loss-0.0000000, val_mse_loss-0.0003528, val_kl_loss-0.0000000
2025-03-06 19:20:14 - INFO - epoch-470, train_mse_loss-0.0003236, train_kl_loss-0.0000000, val_mse_loss-0.0003528, val_kl_loss-0.0000000
2025-03-06 19:24:32 - INFO - epoch-471, train_mse_loss-0.0003236, train_kl_loss-0.0000000, val_mse_loss-0.0003541, val_kl_loss-0.0000000
2025-03-06 19:28:50 - INFO - epoch-472, train_mse_loss-0.0003236, train_kl_loss-0.0000000, val_mse_loss-0.0003542, val_kl_loss-0.0000000
2025-03-06 19:33:07 - INFO - epoch-473, train_mse_loss-0.0003236, train_kl_loss-0.0000000, val_mse_loss-0.0003534, val_kl_loss-0.0000000
2025-03-06 19:37:26 - INFO - epoch-474, train_mse_loss-0.0003236, train_kl_loss-0.0000000, val_mse_loss-0.0003541, val_kl_loss-0.0000000
2025-03-06 19:41:43 - INFO - epoch-475, train_mse_loss-0.0003235, train_kl_loss-0.0000000, val_mse_loss-0.0003539, val_kl_loss-0.0000000
2025-03-06 19:46:00 - INFO - epoch-476, train_mse_loss-0.0003235, train_kl_loss-0.0000000, val_mse_loss-0.0003543, val_kl_loss-0.0000000
2025-03-06 19:50:17 - INFO - epoch-477, train_mse_loss-0.0003236, train_kl_loss-0.0000000, val_mse_loss-0.0003538, val_kl_loss-0.0000000
2025-03-06 19:54:36 - INFO - epoch-478, train_mse_loss-0.0003236, train_kl_loss-0.0000000, val_mse_loss-0.0003537, val_kl_loss-0.0000000
2025-03-06 19:58:54 - INFO - epoch-479, train_mse_loss-0.0003236, train_kl_loss-0.0000000, val_mse_loss-0.0003532, val_kl_loss-0.0000000
2025-03-06 20:03:11 - INFO - epoch-480, train_mse_loss-0.0003236, train_kl_loss-0.0000000, val_mse_loss-0.0003544, val_kl_loss-0.0000000
2025-03-06 20:07:28 - INFO - epoch-481, train_mse_loss-0.0003235, train_kl_loss-0.0000000, val_mse_loss-0.0003527, val_kl_loss-0.0000000
2025-03-06 20:11:45 - INFO - epoch-482, train_mse_loss-0.0003236, train_kl_loss-0.0000000, val_mse_loss-0.0003535, val_kl_loss-0.0000000
2025-03-06 20:16:03 - INFO - epoch-483, train_mse_loss-0.0003236, train_kl_loss-0.0000000, val_mse_loss-0.0003529, val_kl_loss-0.0000000
2025-03-06 20:20:20 - INFO - epoch-484, train_mse_loss-0.0003236, train_kl_loss-0.0000000, val_mse_loss-0.0003524, val_kl_loss-0.0000000
2025-03-06 20:24:37 - INFO - epoch-485, train_mse_loss-0.0003236, train_kl_loss-0.0000000, val_mse_loss-0.0003530, val_kl_loss-0.0000000
2025-03-06 20:28:55 - INFO - epoch-486, train_mse_loss-0.0003236, train_kl_loss-0.0000000, val_mse_loss-0.0003533, val_kl_loss-0.0000000
2025-03-06 20:33:12 - INFO - epoch-487, train_mse_loss-0.0003236, train_kl_loss-0.0000000, val_mse_loss-0.0003532, val_kl_loss-0.0000000
2025-03-06 20:37:29 - INFO - epoch-488, train_mse_loss-0.0003236, train_kl_loss-0.0000000, val_mse_loss-0.0003527, val_kl_loss-0.0000000
2025-03-06 20:41:46 - INFO - epoch-489, train_mse_loss-0.0003236, train_kl_loss-0.0000000, val_mse_loss-0.0003530, val_kl_loss-0.0000000
2025-03-06 20:46:03 - INFO - epoch-490, train_mse_loss-0.0003236, train_kl_loss-0.0000000, val_mse_loss-0.0003531, val_kl_loss-0.0000000
2025-03-06 20:50:20 - INFO - epoch-491, train_mse_loss-0.0003236, train_kl_loss-0.0000000, val_mse_loss-0.0003537, val_kl_loss-0.0000000
2025-03-06 20:54:36 - INFO - epoch-492, train_mse_loss-0.0003236, train_kl_loss-0.0000000, val_mse_loss-0.0003528, val_kl_loss-0.0000000
2025-03-06 20:58:54 - INFO - epoch-493, train_mse_loss-0.0003236, train_kl_loss-0.0000000, val_mse_loss-0.0003525, val_kl_loss-0.0000000
2025-03-06 21:03:12 - INFO - epoch-494, train_mse_loss-0.0003236, train_kl_loss-0.0000000, val_mse_loss-0.0003526, val_kl_loss-0.0000000
2025-03-06 21:07:30 - INFO - epoch-495, train_mse_loss-0.0003236, train_kl_loss-0.0000000, val_mse_loss-0.0003530, val_kl_loss-0.0000000
2025-03-06 21:11:47 - INFO - epoch-496, train_mse_loss-0.0003236, train_kl_loss-0.0000000, val_mse_loss-0.0003531, val_kl_loss-0.0000000
2025-03-06 21:16:04 - INFO - epoch-497, train_mse_loss-0.0003236, train_kl_loss-0.0000000, val_mse_loss-0.0003532, val_kl_loss-0.0000000
2025-03-06 21:20:21 - INFO - epoch-498, train_mse_loss-0.0003236, train_kl_loss-0.0000000, val_mse_loss-0.0003524, val_kl_loss-0.0000000
2025-03-06 21:24:38 - INFO - epoch-499, train_mse_loss-0.0003236, train_kl_loss-0.0000000, val_mse_loss-0.0003533, val_kl_loss-0.0000000
