2025-03-04 16:52:41 - INFO - train data: 13259
2025-03-04 16:52:41 - INFO - train unqiue data: 13259
2025-03-04 16:52:41 - INFO - valid data: 1474
2025-03-04 16:52:41 - INFO - valid unqiue data: 1474
2025-03-04 16:57:31 - INFO - epoch-0, train_mse_loss-0.0007545, train_kl_loss-0.0657556, val_mse_loss-0.0076960, val_kl_loss-0.0005160
2025-03-04 17:01:50 - INFO - epoch-1, train_mse_loss-0.0003568, train_kl_loss-0.0175980, val_mse_loss-0.0018255, val_kl_loss-0.0186035
2025-03-04 17:06:09 - INFO - epoch-2, train_mse_loss-0.0003737, train_kl_loss-0.0541709, val_mse_loss-0.0004263, val_kl_loss-0.0357252
2025-03-04 17:06:17 - INFO - Saved new best model at epoch 2 with validation loss 0.0361515
2025-03-04 17:10:36 - INFO - epoch-3, train_mse_loss-0.0003514, train_kl_loss-0.0352244, val_mse_loss-0.0005040, val_kl_loss-0.0351878
2025-03-04 17:10:43 - INFO - Saved new best model at epoch 3 with validation loss 0.0356918
2025-03-04 17:15:01 - INFO - epoch-4, train_mse_loss-0.0003475, train_kl_loss-0.0463810, val_mse_loss-0.0071989, val_kl_loss-0.0264820
2025-03-04 17:15:09 - INFO - Saved new best model at epoch 4 with validation loss 0.0336809
2025-03-04 17:19:27 - INFO - epoch-5, train_mse_loss-0.0003997, train_kl_loss-0.0180161, val_mse_loss-0.0008114, val_kl_loss-0.0176371
2025-03-04 17:19:35 - INFO - Saved new best model at epoch 5 with validation loss 0.0184485
2025-03-04 17:23:52 - INFO - epoch-6, train_mse_loss-0.0004194, train_kl_loss-0.5012180, val_mse_loss-0.0031226, val_kl_loss-0.7794476
2025-03-04 17:28:09 - INFO - epoch-7, train_mse_loss-0.0004818, train_kl_loss-1.0646849, val_mse_loss-0.0008948, val_kl_loss-0.8075897
2025-03-04 17:32:27 - INFO - epoch-8, train_mse_loss-0.0005785, train_kl_loss-0.9027576, val_mse_loss-0.0005795, val_kl_loss-0.4611598
2025-03-04 17:36:46 - INFO - epoch-9, train_mse_loss-0.0005769, train_kl_loss-0.5758154, val_mse_loss-0.0237030, val_kl_loss-0.4377227
2025-03-04 17:41:05 - INFO - epoch-10, train_mse_loss-0.0005768, train_kl_loss-0.4241527, val_mse_loss-0.0008176, val_kl_loss-0.3745209
2025-03-04 17:45:23 - INFO - epoch-11, train_mse_loss-0.0005672, train_kl_loss-0.3970080, val_mse_loss-0.0049107, val_kl_loss-2.3584062
2025-03-04 17:49:41 - INFO - epoch-12, train_mse_loss-0.0005554, train_kl_loss-0.4049865, val_mse_loss-0.0042781, val_kl_loss-0.3761989
2025-03-04 17:53:59 - INFO - epoch-13, train_mse_loss-0.0005217, train_kl_loss-0.4657863, val_mse_loss-0.0005747, val_kl_loss-0.4241570
2025-03-04 17:58:17 - INFO - epoch-14, train_mse_loss-0.0005611, train_kl_loss-0.4007464, val_mse_loss-0.0014731, val_kl_loss-0.4079264
2025-03-04 18:02:33 - INFO - epoch-15, train_mse_loss-0.0005728, train_kl_loss-0.4228232, val_mse_loss-0.0005795, val_kl_loss-0.3768125
2025-03-04 18:06:51 - INFO - epoch-16, train_mse_loss-0.0005293, train_kl_loss-0.4222524, val_mse_loss-0.0005795, val_kl_loss-0.7937245
2025-03-04 18:11:09 - INFO - epoch-17, train_mse_loss-0.0004917, train_kl_loss-0.3648931, val_mse_loss-0.0005795, val_kl_loss-0.3805043
2025-03-04 18:15:26 - INFO - epoch-18, train_mse_loss-0.0004761, train_kl_loss-0.3830375, val_mse_loss-0.0005795, val_kl_loss-0.4133360
2025-03-04 18:19:43 - INFO - epoch-19, train_mse_loss-0.0004436, train_kl_loss-0.3016677, val_mse_loss-0.0005795, val_kl_loss-0.2791071
2025-03-04 18:24:01 - INFO - epoch-20, train_mse_loss-0.0004347, train_kl_loss-0.2389994, val_mse_loss-0.0005795, val_kl_loss-1.8843429
2025-03-04 18:28:20 - INFO - epoch-21, train_mse_loss-0.0004289, train_kl_loss-0.2538720, val_mse_loss-0.0005795, val_kl_loss-0.2216767
2025-03-04 18:32:36 - INFO - epoch-22, train_mse_loss-0.0004213, train_kl_loss-0.2035200, val_mse_loss-0.0005795, val_kl_loss-0.8411378
2025-03-04 18:36:52 - INFO - epoch-23, train_mse_loss-0.0004202, train_kl_loss-0.1646828, val_mse_loss-0.0005795, val_kl_loss-9.8746371
2025-03-04 18:41:15 - INFO - epoch-24, train_mse_loss-0.0004039, train_kl_loss-0.1428245, val_mse_loss-0.0005496, val_kl_loss-2.4240830
2025-03-04 18:45:32 - INFO - epoch-25, train_mse_loss-0.0003981, train_kl_loss-0.1470586, val_mse_loss-0.0005795, val_kl_loss-0.0542140
2025-03-04 18:49:48 - INFO - epoch-26, train_mse_loss-0.0003849, train_kl_loss-0.0002524, val_mse_loss-0.0005740, val_kl_loss-0.0184064
2025-03-04 18:54:04 - INFO - epoch-27, train_mse_loss-0.0003641, train_kl_loss-0.0000723, val_mse_loss-0.0005486, val_kl_loss-0.0060765
2025-03-04 18:54:12 - INFO - Saved new best model at epoch 27 with validation loss 0.0066251
2025-03-04 18:58:28 - INFO - epoch-28, train_mse_loss-0.0003505, train_kl_loss-0.0000610, val_mse_loss-0.0005488, val_kl_loss-0.0006654
2025-03-04 18:58:36 - INFO - Saved new best model at epoch 28 with validation loss 0.0012141
2025-03-04 19:02:52 - INFO - epoch-29, train_mse_loss-0.0003447, train_kl_loss-0.0000251, val_mse_loss-0.0005345, val_kl_loss-0.0001092
2025-03-04 19:03:00 - INFO - Saved new best model at epoch 29 with validation loss 0.0006437
2025-03-04 19:07:19 - INFO - epoch-30, train_mse_loss-0.0003406, train_kl_loss-0.0000567, val_mse_loss-0.0005707, val_kl_loss-0.0000437
2025-03-04 19:07:27 - INFO - Saved new best model at epoch 30 with validation loss 0.0006143
2025-03-04 19:11:43 - INFO - epoch-31, train_mse_loss-0.0003355, train_kl_loss-0.0000101, val_mse_loss-0.0005543, val_kl_loss-0.0000456
2025-03-04 19:11:50 - INFO - Saved new best model at epoch 31 with validation loss 0.0006000
2025-03-04 19:16:07 - INFO - epoch-32, train_mse_loss-0.0003337, train_kl_loss-0.0000815, val_mse_loss-0.0005372, val_kl_loss-0.0000586
2025-03-04 19:16:15 - INFO - Saved new best model at epoch 32 with validation loss 0.0005958
2025-03-04 19:20:30 - INFO - epoch-33, train_mse_loss-0.0003311, train_kl_loss-0.0000053, val_mse_loss-0.0005519, val_kl_loss-0.0000026
2025-03-04 19:20:38 - INFO - Saved new best model at epoch 33 with validation loss 0.0005545
2025-03-04 19:24:55 - INFO - epoch-34, train_mse_loss-0.0003298, train_kl_loss-0.0000024, val_mse_loss-0.0005526, val_kl_loss-0.0000006
2025-03-04 19:25:03 - INFO - Saved new best model at epoch 34 with validation loss 0.0005532
2025-03-04 19:29:19 - INFO - epoch-35, train_mse_loss-0.0003292, train_kl_loss-0.0000036, val_mse_loss-0.0005646, val_kl_loss-0.0000003
2025-03-04 19:33:36 - INFO - epoch-36, train_mse_loss-0.0003426, train_kl_loss-0.0238679, val_mse_loss-0.0005446, val_kl_loss-0.0001299
2025-03-04 19:37:53 - INFO - epoch-37, train_mse_loss-0.0003361, train_kl_loss-0.0000567, val_mse_loss-0.0004663, val_kl_loss-0.0000311
2025-03-04 19:38:00 - INFO - Saved new best model at epoch 37 with validation loss 0.0004974
2025-03-04 19:42:16 - INFO - epoch-38, train_mse_loss-0.0003327, train_kl_loss-0.0000249, val_mse_loss-0.0005611, val_kl_loss-0.0000345
2025-03-04 19:46:33 - INFO - epoch-39, train_mse_loss-0.0003309, train_kl_loss-0.0000365, val_mse_loss-0.0005296, val_kl_loss-0.0000502
2025-03-04 19:50:48 - INFO - epoch-40, train_mse_loss-0.0003309, train_kl_loss-0.0001443, val_mse_loss-0.0004794, val_kl_loss-0.0000154
2025-03-04 19:50:56 - INFO - Saved new best model at epoch 40 with validation loss 0.0004948
2025-03-04 19:55:13 - INFO - epoch-41, train_mse_loss-0.0003295, train_kl_loss-0.0000733, val_mse_loss-0.0004720, val_kl_loss-0.0000040
2025-03-04 19:55:21 - INFO - Saved new best model at epoch 41 with validation loss 0.0004760
2025-03-04 19:59:38 - INFO - epoch-42, train_mse_loss-0.0003287, train_kl_loss-0.0000454, val_mse_loss-0.0004528, val_kl_loss-0.0000425
2025-03-04 20:03:55 - INFO - epoch-43, train_mse_loss-0.0003309, train_kl_loss-0.0007102, val_mse_loss-0.0005529, val_kl_loss-0.0000072
2025-03-04 20:08:11 - INFO - epoch-44, train_mse_loss-0.0003290, train_kl_loss-0.0000033, val_mse_loss-0.0004869, val_kl_loss-0.0000011
2025-03-04 20:12:31 - INFO - epoch-45, train_mse_loss-0.0003285, train_kl_loss-0.0000014, val_mse_loss-0.0004779, val_kl_loss-0.0000006
2025-03-04 20:16:47 - INFO - epoch-46, train_mse_loss-0.0003281, train_kl_loss-0.0000004, val_mse_loss-0.0004676, val_kl_loss-0.0000002
2025-03-04 20:16:55 - INFO - Saved new best model at epoch 46 with validation loss 0.0004678
2025-03-04 20:21:10 - INFO - epoch-47, train_mse_loss-0.0003281, train_kl_loss-0.0000001, val_mse_loss-0.0004506, val_kl_loss-0.0000000
2025-03-04 20:21:17 - INFO - Saved new best model at epoch 47 with validation loss 0.0004506
2025-03-04 20:25:33 - INFO - epoch-48, train_mse_loss-0.0003281, train_kl_loss-0.0000000, val_mse_loss-0.0004393, val_kl_loss-0.0000000
2025-03-04 20:25:41 - INFO - Saved new best model at epoch 48 with validation loss 0.0004393
2025-03-04 20:29:57 - INFO - epoch-49, train_mse_loss-0.0003278, train_kl_loss-0.0000000, val_mse_loss-0.0004108, val_kl_loss-0.0000000
2025-03-04 20:30:04 - INFO - Saved new best model at epoch 49 with validation loss 0.0004108
2025-03-04 20:34:20 - INFO - epoch-50, train_mse_loss-0.0003278, train_kl_loss-0.0000000, val_mse_loss-0.0003918, val_kl_loss-0.0000000
2025-03-04 20:34:28 - INFO - Saved new best model at epoch 50 with validation loss 0.0003918
2025-03-04 20:38:44 - INFO - epoch-51, train_mse_loss-0.0003276, train_kl_loss-0.0000000, val_mse_loss-0.0003496, val_kl_loss-0.0000000
2025-03-04 20:38:52 - INFO - Saved new best model at epoch 51 with validation loss 0.0003496
2025-03-04 20:43:08 - INFO - epoch-52, train_mse_loss-0.0003272, train_kl_loss-0.0000000, val_mse_loss-0.0003346, val_kl_loss-0.0000000
2025-03-04 20:43:16 - INFO - Saved new best model at epoch 52 with validation loss 0.0003346
2025-03-04 20:47:32 - INFO - epoch-53, train_mse_loss-0.0003273, train_kl_loss-0.0000000, val_mse_loss-0.0003514, val_kl_loss-0.0000000
2025-03-04 20:51:47 - INFO - epoch-54, train_mse_loss-0.0003269, train_kl_loss-0.0000000, val_mse_loss-0.0003523, val_kl_loss-0.0000000
2025-03-04 20:56:05 - INFO - epoch-55, train_mse_loss-0.0003266, train_kl_loss-0.0000000, val_mse_loss-0.0003729, val_kl_loss-0.0000000
2025-03-04 21:00:21 - INFO - epoch-56, train_mse_loss-0.0003266, train_kl_loss-0.0000000, val_mse_loss-0.0003667, val_kl_loss-0.0000000
2025-03-04 21:04:38 - INFO - epoch-57, train_mse_loss-0.0003265, train_kl_loss-0.0000000, val_mse_loss-0.0003656, val_kl_loss-0.0000000
2025-03-04 21:08:54 - INFO - epoch-58, train_mse_loss-0.0003264, train_kl_loss-0.0000000, val_mse_loss-0.0003671, val_kl_loss-0.0000000
2025-03-04 21:13:11 - INFO - epoch-59, train_mse_loss-0.0003262, train_kl_loss-0.0000000, val_mse_loss-0.0003548, val_kl_loss-0.0000000
2025-03-04 21:17:28 - INFO - epoch-60, train_mse_loss-0.0003260, train_kl_loss-0.0000000, val_mse_loss-0.0003517, val_kl_loss-0.0000000
2025-03-04 21:21:44 - INFO - epoch-61, train_mse_loss-0.0003258, train_kl_loss-0.0000000, val_mse_loss-0.0003462, val_kl_loss-0.0000000
2025-03-04 21:26:01 - INFO - epoch-62, train_mse_loss-0.0003256, train_kl_loss-0.0000000, val_mse_loss-0.0003446, val_kl_loss-0.0000000
2025-03-04 21:30:18 - INFO - epoch-63, train_mse_loss-0.0003255, train_kl_loss-0.0000000, val_mse_loss-0.0003395, val_kl_loss-0.0000000
2025-03-04 21:34:34 - INFO - epoch-64, train_mse_loss-0.0003254, train_kl_loss-0.0000000, val_mse_loss-0.0003388, val_kl_loss-0.0000000
2025-03-04 21:38:53 - INFO - epoch-65, train_mse_loss-0.0003253, train_kl_loss-0.0000000, val_mse_loss-0.0003379, val_kl_loss-0.0000000
2025-03-04 21:43:11 - INFO - epoch-66, train_mse_loss-0.0003253, train_kl_loss-0.0000000, val_mse_loss-0.0003361, val_kl_loss-0.0000000
2025-03-04 21:47:30 - INFO - epoch-67, train_mse_loss-0.0003252, train_kl_loss-0.0000000, val_mse_loss-0.0003351, val_kl_loss-0.0000000
2025-03-04 21:51:47 - INFO - epoch-68, train_mse_loss-0.0003252, train_kl_loss-0.0000000, val_mse_loss-0.0003341, val_kl_loss-0.0000000
2025-03-04 21:51:55 - INFO - Saved new best model at epoch 68 with validation loss 0.0003341
2025-03-04 21:56:12 - INFO - epoch-69, train_mse_loss-0.0003251, train_kl_loss-0.0000000, val_mse_loss-0.0003331, val_kl_loss-0.0000000
2025-03-04 21:56:20 - INFO - Saved new best model at epoch 69 with validation loss 0.0003331
2025-03-04 22:00:38 - INFO - epoch-70, train_mse_loss-0.0003250, train_kl_loss-0.0000000, val_mse_loss-0.0003322, val_kl_loss-0.0000000
2025-03-04 22:00:45 - INFO - Saved new best model at epoch 70 with validation loss 0.0003322
2025-03-04 22:05:03 - INFO - epoch-71, train_mse_loss-0.0003250, train_kl_loss-0.0000000, val_mse_loss-0.0003313, val_kl_loss-0.0000000
2025-03-04 22:05:11 - INFO - Saved new best model at epoch 71 with validation loss 0.0003313
2025-03-04 22:09:28 - INFO - epoch-72, train_mse_loss-0.0003249, train_kl_loss-0.0000000, val_mse_loss-0.0003309, val_kl_loss-0.0000000
2025-03-04 22:09:36 - INFO - Saved new best model at epoch 72 with validation loss 0.0003309
2025-03-04 22:13:53 - INFO - epoch-73, train_mse_loss-0.0003249, train_kl_loss-0.0000000, val_mse_loss-0.0003303, val_kl_loss-0.0000000
2025-03-04 22:14:00 - INFO - Saved new best model at epoch 73 with validation loss 0.0003303
2025-03-04 22:18:17 - INFO - epoch-74, train_mse_loss-0.0003248, train_kl_loss-0.0000000, val_mse_loss-0.0003296, val_kl_loss-0.0000000
2025-03-04 22:18:25 - INFO - Saved new best model at epoch 74 with validation loss 0.0003296
2025-03-04 22:22:44 - INFO - epoch-75, train_mse_loss-0.0003248, train_kl_loss-0.0000000, val_mse_loss-0.0003291, val_kl_loss-0.0000000
2025-03-04 22:22:51 - INFO - Saved new best model at epoch 75 with validation loss 0.0003291
2025-03-04 22:27:09 - INFO - epoch-76, train_mse_loss-0.0003248, train_kl_loss-0.0000000, val_mse_loss-0.0003288, val_kl_loss-0.0000000
2025-03-04 22:27:17 - INFO - Saved new best model at epoch 76 with validation loss 0.0003288
2025-03-04 22:31:35 - INFO - epoch-77, train_mse_loss-0.0003248, train_kl_loss-0.0000000, val_mse_loss-0.0003291, val_kl_loss-0.0000000
2025-03-04 22:35:53 - INFO - epoch-78, train_mse_loss-0.0003248, train_kl_loss-0.0000000, val_mse_loss-0.0003288, val_kl_loss-0.0000000
2025-03-04 22:40:13 - INFO - epoch-79, train_mse_loss-0.0003247, train_kl_loss-0.0000000, val_mse_loss-0.0003286, val_kl_loss-0.0000000
2025-03-04 22:40:21 - INFO - Saved new best model at epoch 79 with validation loss 0.0003286
2025-03-04 22:44:40 - INFO - epoch-80, train_mse_loss-0.0003247, train_kl_loss-0.0000000, val_mse_loss-0.0003287, val_kl_loss-0.0000000
2025-03-04 22:48:59 - INFO - epoch-81, train_mse_loss-0.0003246, train_kl_loss-0.0000000, val_mse_loss-0.0003285, val_kl_loss-0.0000000
2025-03-04 22:49:06 - INFO - Saved new best model at epoch 81 with validation loss 0.0003285
2025-03-04 22:53:24 - INFO - epoch-82, train_mse_loss-0.0003246, train_kl_loss-0.0000000, val_mse_loss-0.0003284, val_kl_loss-0.0000000
2025-03-04 22:53:32 - INFO - Saved new best model at epoch 82 with validation loss 0.0003284
2025-03-04 22:57:49 - INFO - epoch-83, train_mse_loss-0.0003246, train_kl_loss-0.0000000, val_mse_loss-0.0003284, val_kl_loss-0.0000000
2025-03-04 23:02:05 - INFO - epoch-84, train_mse_loss-0.0003246, train_kl_loss-0.0000000, val_mse_loss-0.0003284, val_kl_loss-0.0000000
2025-03-04 23:06:21 - INFO - epoch-85, train_mse_loss-0.0003246, train_kl_loss-0.0000000, val_mse_loss-0.0003285, val_kl_loss-0.0000000
2025-03-04 23:10:36 - INFO - epoch-86, train_mse_loss-0.0003246, train_kl_loss-0.0000000, val_mse_loss-0.0003286, val_kl_loss-0.0000000
2025-03-04 23:14:52 - INFO - epoch-87, train_mse_loss-0.0003246, train_kl_loss-0.0000000, val_mse_loss-0.0003286, val_kl_loss-0.0000000
2025-03-04 23:19:08 - INFO - epoch-88, train_mse_loss-0.0003246, train_kl_loss-0.0000000, val_mse_loss-0.0003290, val_kl_loss-0.0000000
2025-03-04 23:23:23 - INFO - epoch-89, train_mse_loss-0.0003246, train_kl_loss-0.0000000, val_mse_loss-0.0003291, val_kl_loss-0.0000000
2025-03-04 23:27:39 - INFO - epoch-90, train_mse_loss-0.0003246, train_kl_loss-0.0000000, val_mse_loss-0.0003289, val_kl_loss-0.0000000
2025-03-04 23:31:55 - INFO - epoch-91, train_mse_loss-0.0003246, train_kl_loss-0.0000000, val_mse_loss-0.0003289, val_kl_loss-0.0000000
2025-03-04 23:36:11 - INFO - epoch-92, train_mse_loss-0.0003246, train_kl_loss-0.0000000, val_mse_loss-0.0003293, val_kl_loss-0.0000000
2025-03-04 23:40:27 - INFO - epoch-93, train_mse_loss-0.0003246, train_kl_loss-0.0000000, val_mse_loss-0.0003295, val_kl_loss-0.0000000
2025-03-04 23:44:44 - INFO - epoch-94, train_mse_loss-0.0003246, train_kl_loss-0.0000000, val_mse_loss-0.0003299, val_kl_loss-0.0000000
2025-03-04 23:49:01 - INFO - epoch-95, train_mse_loss-0.0003246, train_kl_loss-0.0000000, val_mse_loss-0.0003300, val_kl_loss-0.0000000
2025-03-04 23:53:17 - INFO - epoch-96, train_mse_loss-0.0003246, train_kl_loss-0.0000000, val_mse_loss-0.0003309, val_kl_loss-0.0000000
2025-03-04 23:57:34 - INFO - epoch-97, train_mse_loss-0.0003246, train_kl_loss-0.0000000, val_mse_loss-0.0003313, val_kl_loss-0.0000000
2025-03-05 00:01:50 - INFO - epoch-98, train_mse_loss-0.0003246, train_kl_loss-0.0000000, val_mse_loss-0.0003320, val_kl_loss-0.0000000
2025-03-05 00:06:07 - INFO - epoch-99, train_mse_loss-0.0003245, train_kl_loss-0.0000000, val_mse_loss-0.0003325, val_kl_loss-0.0000000
2025-03-05 00:10:22 - INFO - epoch-100, train_mse_loss-0.0003245, train_kl_loss-0.0000000, val_mse_loss-0.0003330, val_kl_loss-0.0000000
2025-03-05 00:14:38 - INFO - epoch-101, train_mse_loss-0.0003245, train_kl_loss-0.0000000, val_mse_loss-0.0003343, val_kl_loss-0.0000000
2025-03-05 00:18:54 - INFO - epoch-102, train_mse_loss-0.0003245, train_kl_loss-0.0000000, val_mse_loss-0.0003353, val_kl_loss-0.0000000
2025-03-05 00:23:10 - INFO - epoch-103, train_mse_loss-0.0003245, train_kl_loss-0.0000000, val_mse_loss-0.0003364, val_kl_loss-0.0000000
2025-03-05 00:27:27 - INFO - epoch-104, train_mse_loss-0.0003245, train_kl_loss-0.0000000, val_mse_loss-0.0003378, val_kl_loss-0.0000000
2025-03-05 00:31:44 - INFO - epoch-105, train_mse_loss-0.0003245, train_kl_loss-0.0000000, val_mse_loss-0.0003399, val_kl_loss-0.0000000
2025-03-05 00:36:03 - INFO - epoch-106, train_mse_loss-0.0003245, train_kl_loss-0.0000000, val_mse_loss-0.0003419, val_kl_loss-0.0000000
2025-03-05 00:40:20 - INFO - epoch-107, train_mse_loss-0.0003245, train_kl_loss-0.0000000, val_mse_loss-0.0003446, val_kl_loss-0.0000000
2025-03-05 00:44:37 - INFO - epoch-108, train_mse_loss-0.0003245, train_kl_loss-0.0000000, val_mse_loss-0.0003464, val_kl_loss-0.0000000
2025-03-05 00:48:52 - INFO - epoch-109, train_mse_loss-0.0003245, train_kl_loss-0.0000000, val_mse_loss-0.0003482, val_kl_loss-0.0000000
2025-03-05 00:53:08 - INFO - epoch-110, train_mse_loss-0.0003245, train_kl_loss-0.0000000, val_mse_loss-0.0003499, val_kl_loss-0.0000000
2025-03-05 00:57:24 - INFO - epoch-111, train_mse_loss-0.0003245, train_kl_loss-0.0000000, val_mse_loss-0.0003507, val_kl_loss-0.0000000
2025-03-05 01:01:39 - INFO - epoch-112, train_mse_loss-0.0003245, train_kl_loss-0.0000000, val_mse_loss-0.0003514, val_kl_loss-0.0000000
2025-03-05 01:05:56 - INFO - epoch-113, train_mse_loss-0.0003245, train_kl_loss-0.0000000, val_mse_loss-0.0003513, val_kl_loss-0.0000000
2025-03-05 01:10:12 - INFO - epoch-114, train_mse_loss-0.0003245, train_kl_loss-0.0000000, val_mse_loss-0.0003516, val_kl_loss-0.0000000
2025-03-05 01:14:28 - INFO - epoch-115, train_mse_loss-0.0003245, train_kl_loss-0.0000000, val_mse_loss-0.0003509, val_kl_loss-0.0000000
2025-03-05 01:18:44 - INFO - epoch-116, train_mse_loss-0.0003244, train_kl_loss-0.0000000, val_mse_loss-0.0003513, val_kl_loss-0.0000000
2025-03-05 01:23:00 - INFO - epoch-117, train_mse_loss-0.0003244, train_kl_loss-0.0000000, val_mse_loss-0.0003512, val_kl_loss-0.0000000
2025-03-05 01:27:17 - INFO - epoch-118, train_mse_loss-0.0003244, train_kl_loss-0.0000000, val_mse_loss-0.0003518, val_kl_loss-0.0000000
2025-03-05 01:31:34 - INFO - epoch-119, train_mse_loss-0.0003244, train_kl_loss-0.0000000, val_mse_loss-0.0003509, val_kl_loss-0.0000000
2025-03-05 01:35:50 - INFO - epoch-120, train_mse_loss-0.0003244, train_kl_loss-0.0000000, val_mse_loss-0.0003513, val_kl_loss-0.0000000
2025-03-05 01:40:06 - INFO - epoch-121, train_mse_loss-0.0003244, train_kl_loss-0.0000000, val_mse_loss-0.0003510, val_kl_loss-0.0000000
2025-03-05 01:44:23 - INFO - epoch-122, train_mse_loss-0.0003244, train_kl_loss-0.0000000, val_mse_loss-0.0003509, val_kl_loss-0.0000000
2025-03-05 01:48:40 - INFO - epoch-123, train_mse_loss-0.0003244, train_kl_loss-0.0000000, val_mse_loss-0.0003513, val_kl_loss-0.0000000
2025-03-05 01:52:56 - INFO - epoch-124, train_mse_loss-0.0003243, train_kl_loss-0.0000000, val_mse_loss-0.0003509, val_kl_loss-0.0000000
2025-03-05 01:57:12 - INFO - epoch-125, train_mse_loss-0.0003243, train_kl_loss-0.0000000, val_mse_loss-0.0003509, val_kl_loss-0.0000000
2025-03-05 02:01:28 - INFO - epoch-126, train_mse_loss-0.0003243, train_kl_loss-0.0000000, val_mse_loss-0.0003515, val_kl_loss-0.0000000
2025-03-05 02:05:45 - INFO - epoch-127, train_mse_loss-0.0003243, train_kl_loss-0.0000000, val_mse_loss-0.0003517, val_kl_loss-0.0000000
2025-03-05 02:10:01 - INFO - epoch-128, train_mse_loss-0.0003243, train_kl_loss-0.0000000, val_mse_loss-0.0003510, val_kl_loss-0.0000000
2025-03-05 02:14:18 - INFO - epoch-129, train_mse_loss-0.0003242, train_kl_loss-0.0000000, val_mse_loss-0.0003515, val_kl_loss-0.0000000
2025-03-05 02:18:34 - INFO - epoch-130, train_mse_loss-0.0003242, train_kl_loss-0.0000000, val_mse_loss-0.0003499, val_kl_loss-0.0000000
2025-03-05 02:22:50 - INFO - epoch-131, train_mse_loss-0.0003242, train_kl_loss-0.0000000, val_mse_loss-0.0003502, val_kl_loss-0.0000000
2025-03-05 02:27:07 - INFO - epoch-132, train_mse_loss-0.0003241, train_kl_loss-0.0000000, val_mse_loss-0.0003495, val_kl_loss-0.0000000
2025-03-05 02:31:24 - INFO - epoch-133, train_mse_loss-0.0003241, train_kl_loss-0.0000000, val_mse_loss-0.0003499, val_kl_loss-0.0000000
2025-03-05 02:35:40 - INFO - epoch-134, train_mse_loss-0.0003241, train_kl_loss-0.0000000, val_mse_loss-0.0003503, val_kl_loss-0.0000000
2025-03-05 02:39:56 - INFO - epoch-135, train_mse_loss-0.0003241, train_kl_loss-0.0000000, val_mse_loss-0.0003505, val_kl_loss-0.0000000
2025-03-05 02:44:13 - INFO - epoch-136, train_mse_loss-0.0003241, train_kl_loss-0.0000000, val_mse_loss-0.0003512, val_kl_loss-0.0000000
2025-03-05 02:48:29 - INFO - epoch-137, train_mse_loss-0.0003241, train_kl_loss-0.0000000, val_mse_loss-0.0003506, val_kl_loss-0.0000000
2025-03-05 02:52:46 - INFO - epoch-138, train_mse_loss-0.0003241, train_kl_loss-0.0000000, val_mse_loss-0.0003504, val_kl_loss-0.0000000
2025-03-05 02:57:02 - INFO - epoch-139, train_mse_loss-0.0003241, train_kl_loss-0.0000000, val_mse_loss-0.0003498, val_kl_loss-0.0000000
2025-03-05 03:01:18 - INFO - epoch-140, train_mse_loss-0.0003240, train_kl_loss-0.0000000, val_mse_loss-0.0003497, val_kl_loss-0.0000000
2025-03-05 03:05:34 - INFO - epoch-141, train_mse_loss-0.0003240, train_kl_loss-0.0000000, val_mse_loss-0.0003504, val_kl_loss-0.0000000
2025-03-05 03:09:50 - INFO - epoch-142, train_mse_loss-0.0003240, train_kl_loss-0.0000000, val_mse_loss-0.0003494, val_kl_loss-0.0000000
2025-03-05 03:14:06 - INFO - epoch-143, train_mse_loss-0.0003240, train_kl_loss-0.0000000, val_mse_loss-0.0003515, val_kl_loss-0.0000000
2025-03-05 03:18:22 - INFO - epoch-144, train_mse_loss-0.0003240, train_kl_loss-0.0000000, val_mse_loss-0.0003503, val_kl_loss-0.0000000
2025-03-05 03:22:38 - INFO - epoch-145, train_mse_loss-0.0003240, train_kl_loss-0.0000000, val_mse_loss-0.0003497, val_kl_loss-0.0000000
2025-03-05 03:26:54 - INFO - epoch-146, train_mse_loss-0.0003240, train_kl_loss-0.0000000, val_mse_loss-0.0003500, val_kl_loss-0.0000000
2025-03-05 03:31:10 - INFO - epoch-147, train_mse_loss-0.0003240, train_kl_loss-0.0000000, val_mse_loss-0.0003500, val_kl_loss-0.0000000
2025-03-05 03:35:26 - INFO - epoch-148, train_mse_loss-0.0003240, train_kl_loss-0.0000000, val_mse_loss-0.0003516, val_kl_loss-0.0000000
2025-03-05 03:39:42 - INFO - epoch-149, train_mse_loss-0.0003239, train_kl_loss-0.0000000, val_mse_loss-0.0003520, val_kl_loss-0.0000000
2025-03-05 03:44:00 - INFO - epoch-150, train_mse_loss-0.0003239, train_kl_loss-0.0000000, val_mse_loss-0.0003505, val_kl_loss-0.0000000
2025-03-05 03:48:17 - INFO - epoch-151, train_mse_loss-0.0003239, train_kl_loss-0.0000000, val_mse_loss-0.0003503, val_kl_loss-0.0000000
2025-03-05 03:52:35 - INFO - epoch-152, train_mse_loss-0.0003239, train_kl_loss-0.0000000, val_mse_loss-0.0003511, val_kl_loss-0.0000000
2025-03-05 03:56:51 - INFO - epoch-153, train_mse_loss-0.0003239, train_kl_loss-0.0000000, val_mse_loss-0.0003501, val_kl_loss-0.0000000
2025-03-05 04:01:06 - INFO - epoch-154, train_mse_loss-0.0003239, train_kl_loss-0.0000000, val_mse_loss-0.0003519, val_kl_loss-0.0000000
2025-03-05 04:05:23 - INFO - epoch-155, train_mse_loss-0.0003239, train_kl_loss-0.0000000, val_mse_loss-0.0003501, val_kl_loss-0.0000000
2025-03-05 04:09:39 - INFO - epoch-156, train_mse_loss-0.0003239, train_kl_loss-0.0000000, val_mse_loss-0.0003506, val_kl_loss-0.0000000
2025-03-05 04:13:56 - INFO - epoch-157, train_mse_loss-0.0003239, train_kl_loss-0.0000000, val_mse_loss-0.0003514, val_kl_loss-0.0000000
2025-03-05 04:18:11 - INFO - epoch-158, train_mse_loss-0.0003239, train_kl_loss-0.0000000, val_mse_loss-0.0003514, val_kl_loss-0.0000000
2025-03-05 04:22:28 - INFO - epoch-159, train_mse_loss-0.0003239, train_kl_loss-0.0000000, val_mse_loss-0.0003499, val_kl_loss-0.0000000
2025-03-05 04:26:44 - INFO - epoch-160, train_mse_loss-0.0003239, train_kl_loss-0.0000000, val_mse_loss-0.0003513, val_kl_loss-0.0000000
2025-03-05 04:31:01 - INFO - epoch-161, train_mse_loss-0.0003240, train_kl_loss-0.0000000, val_mse_loss-0.0003500, val_kl_loss-0.0000000
2025-03-05 04:35:18 - INFO - epoch-162, train_mse_loss-0.0003240, train_kl_loss-0.0000000, val_mse_loss-0.0003505, val_kl_loss-0.0000000
2025-03-05 04:39:35 - INFO - epoch-163, train_mse_loss-0.0003240, train_kl_loss-0.0000000, val_mse_loss-0.0003503, val_kl_loss-0.0000000
2025-03-05 04:43:50 - INFO - epoch-164, train_mse_loss-0.0003240, train_kl_loss-0.0000000, val_mse_loss-0.0003499, val_kl_loss-0.0000000
2025-03-05 04:48:05 - INFO - epoch-165, train_mse_loss-0.0003240, train_kl_loss-0.0000000, val_mse_loss-0.0003487, val_kl_loss-0.0000000
2025-03-05 04:52:21 - INFO - epoch-166, train_mse_loss-0.0003241, train_kl_loss-0.0000000, val_mse_loss-0.0003489, val_kl_loss-0.0000000
2025-03-05 04:56:36 - INFO - epoch-167, train_mse_loss-0.0003241, train_kl_loss-0.0000000, val_mse_loss-0.0003478, val_kl_loss-0.0000000
2025-03-05 05:00:53 - INFO - epoch-168, train_mse_loss-0.0003241, train_kl_loss-0.0000000, val_mse_loss-0.0003487, val_kl_loss-0.0000000
2025-03-05 05:05:10 - INFO - epoch-169, train_mse_loss-0.0003241, train_kl_loss-0.0000000, val_mse_loss-0.0003485, val_kl_loss-0.0000000
2025-03-05 05:09:26 - INFO - epoch-170, train_mse_loss-0.0003241, train_kl_loss-0.0000000, val_mse_loss-0.0003497, val_kl_loss-0.0000000
2025-03-05 05:13:41 - INFO - epoch-171, train_mse_loss-0.0003241, train_kl_loss-0.0000000, val_mse_loss-0.0003487, val_kl_loss-0.0000000
2025-03-05 05:17:58 - INFO - epoch-172, train_mse_loss-0.0003241, train_kl_loss-0.0000000, val_mse_loss-0.0003478, val_kl_loss-0.0000000
2025-03-05 05:22:14 - INFO - epoch-173, train_mse_loss-0.0003241, train_kl_loss-0.0000000, val_mse_loss-0.0003488, val_kl_loss-0.0000000
2025-03-05 05:26:29 - INFO - epoch-174, train_mse_loss-0.0003241, train_kl_loss-0.0000000, val_mse_loss-0.0003492, val_kl_loss-0.0000000
2025-03-05 05:30:45 - INFO - epoch-175, train_mse_loss-0.0003241, train_kl_loss-0.0000000, val_mse_loss-0.0003492, val_kl_loss-0.0000000
2025-03-05 05:35:01 - INFO - epoch-176, train_mse_loss-0.0003241, train_kl_loss-0.0000000, val_mse_loss-0.0003487, val_kl_loss-0.0000000
2025-03-05 05:39:17 - INFO - epoch-177, train_mse_loss-0.0003241, train_kl_loss-0.0000000, val_mse_loss-0.0003491, val_kl_loss-0.0000000
2025-03-05 05:43:33 - INFO - epoch-178, train_mse_loss-0.0003241, train_kl_loss-0.0000000, val_mse_loss-0.0003484, val_kl_loss-0.0000000
2025-03-05 05:47:52 - INFO - epoch-179, train_mse_loss-0.0003241, train_kl_loss-0.0000000, val_mse_loss-0.0003478, val_kl_loss-0.0000000
2025-03-05 05:52:07 - INFO - epoch-180, train_mse_loss-0.0003241, train_kl_loss-0.0000000, val_mse_loss-0.0003481, val_kl_loss-0.0000000
2025-03-05 05:56:23 - INFO - epoch-181, train_mse_loss-0.0003241, train_kl_loss-0.0000000, val_mse_loss-0.0003487, val_kl_loss-0.0000000
2025-03-05 06:00:39 - INFO - epoch-182, train_mse_loss-0.0003241, train_kl_loss-0.0000000, val_mse_loss-0.0003482, val_kl_loss-0.0000000
2025-03-05 06:04:57 - INFO - epoch-183, train_mse_loss-0.0003241, train_kl_loss-0.0000000, val_mse_loss-0.0003489, val_kl_loss-0.0000000
2025-03-05 06:09:14 - INFO - epoch-184, train_mse_loss-0.0003241, train_kl_loss-0.0000000, val_mse_loss-0.0003476, val_kl_loss-0.0000000
2025-03-05 06:13:30 - INFO - epoch-185, train_mse_loss-0.0003241, train_kl_loss-0.0000000, val_mse_loss-0.0003475, val_kl_loss-0.0000000
2025-03-05 06:17:47 - INFO - epoch-186, train_mse_loss-0.0003241, train_kl_loss-0.0000000, val_mse_loss-0.0003489, val_kl_loss-0.0000000
2025-03-05 06:22:03 - INFO - epoch-187, train_mse_loss-0.0003241, train_kl_loss-0.0000000, val_mse_loss-0.0003497, val_kl_loss-0.0000000
2025-03-05 06:26:20 - INFO - epoch-188, train_mse_loss-0.0003241, train_kl_loss-0.0000000, val_mse_loss-0.0003481, val_kl_loss-0.0000000
2025-03-05 06:30:36 - INFO - epoch-189, train_mse_loss-0.0003241, train_kl_loss-0.0000000, val_mse_loss-0.0003479, val_kl_loss-0.0000000
2025-03-05 06:34:52 - INFO - epoch-190, train_mse_loss-0.0003241, train_kl_loss-0.0000000, val_mse_loss-0.0003482, val_kl_loss-0.0000000
2025-03-05 06:39:08 - INFO - epoch-191, train_mse_loss-0.0003241, train_kl_loss-0.0000000, val_mse_loss-0.0003477, val_kl_loss-0.0000000
2025-03-05 06:43:23 - INFO - epoch-192, train_mse_loss-0.0003241, train_kl_loss-0.0000000, val_mse_loss-0.0003476, val_kl_loss-0.0000000
2025-03-05 06:47:42 - INFO - epoch-193, train_mse_loss-0.0003241, train_kl_loss-0.0000000, val_mse_loss-0.0003483, val_kl_loss-0.0000000
2025-03-05 06:51:58 - INFO - epoch-194, train_mse_loss-0.0003241, train_kl_loss-0.0000000, val_mse_loss-0.0003478, val_kl_loss-0.0000000
2025-03-05 06:56:15 - INFO - epoch-195, train_mse_loss-0.0003241, train_kl_loss-0.0000000, val_mse_loss-0.0003483, val_kl_loss-0.0000000
2025-03-05 07:00:31 - INFO - epoch-196, train_mse_loss-0.0003241, train_kl_loss-0.0000000, val_mse_loss-0.0003483, val_kl_loss-0.0000000
2025-03-05 07:04:48 - INFO - epoch-197, train_mse_loss-0.0003241, train_kl_loss-0.0000000, val_mse_loss-0.0003484, val_kl_loss-0.0000000
2025-03-05 07:09:06 - INFO - epoch-198, train_mse_loss-0.0003241, train_kl_loss-0.0000000, val_mse_loss-0.0003471, val_kl_loss-0.0000000
2025-03-05 07:13:22 - INFO - epoch-199, train_mse_loss-0.0003241, train_kl_loss-0.0000000, val_mse_loss-0.0003466, val_kl_loss-0.0000000
2025-03-05 07:17:39 - INFO - epoch-200, train_mse_loss-0.0003241, train_kl_loss-0.0000000, val_mse_loss-0.0003479, val_kl_loss-0.0000000
2025-03-05 07:21:55 - INFO - epoch-201, train_mse_loss-0.0003241, train_kl_loss-0.0000000, val_mse_loss-0.0003475, val_kl_loss-0.0000000
2025-03-05 07:26:11 - INFO - epoch-202, train_mse_loss-0.0003241, train_kl_loss-0.0000000, val_mse_loss-0.0003477, val_kl_loss-0.0000000
2025-03-05 07:30:28 - INFO - epoch-203, train_mse_loss-0.0003241, train_kl_loss-0.0000000, val_mse_loss-0.0003481, val_kl_loss-0.0000000
2025-03-05 07:34:44 - INFO - epoch-204, train_mse_loss-0.0003241, train_kl_loss-0.0000000, val_mse_loss-0.0003472, val_kl_loss-0.0000000
2025-03-05 07:38:59 - INFO - epoch-205, train_mse_loss-0.0003241, train_kl_loss-0.0000000, val_mse_loss-0.0003471, val_kl_loss-0.0000000
2025-03-05 07:43:17 - INFO - epoch-206, train_mse_loss-0.0003241, train_kl_loss-0.0000000, val_mse_loss-0.0003469, val_kl_loss-0.0000000
2025-03-05 07:47:34 - INFO - epoch-207, train_mse_loss-0.0003241, train_kl_loss-0.0000000, val_mse_loss-0.0003485, val_kl_loss-0.0000000
2025-03-05 07:51:52 - INFO - epoch-208, train_mse_loss-0.0003241, train_kl_loss-0.0000000, val_mse_loss-0.0003465, val_kl_loss-0.0000000
2025-03-05 07:56:09 - INFO - epoch-209, train_mse_loss-0.0003241, train_kl_loss-0.0000000, val_mse_loss-0.0003476, val_kl_loss-0.0000000
2025-03-05 08:00:25 - INFO - epoch-210, train_mse_loss-0.0003241, train_kl_loss-0.0000000, val_mse_loss-0.0003473, val_kl_loss-0.0000000
2025-03-05 08:04:41 - INFO - epoch-211, train_mse_loss-0.0003241, train_kl_loss-0.0000000, val_mse_loss-0.0003478, val_kl_loss-0.0000000
2025-03-05 08:08:56 - INFO - epoch-212, train_mse_loss-0.0003241, train_kl_loss-0.0000000, val_mse_loss-0.0003480, val_kl_loss-0.0000000
2025-03-05 08:13:12 - INFO - epoch-213, train_mse_loss-0.0003241, train_kl_loss-0.0000000, val_mse_loss-0.0003475, val_kl_loss-0.0000000
2025-03-05 08:17:27 - INFO - epoch-214, train_mse_loss-0.0003241, train_kl_loss-0.0000000, val_mse_loss-0.0003478, val_kl_loss-0.0000000
2025-03-05 08:21:44 - INFO - epoch-215, train_mse_loss-0.0003241, train_kl_loss-0.0000000, val_mse_loss-0.0003481, val_kl_loss-0.0000000
2025-03-05 08:26:00 - INFO - epoch-216, train_mse_loss-0.0003241, train_kl_loss-0.0000000, val_mse_loss-0.0003484, val_kl_loss-0.0000000
2025-03-05 08:30:17 - INFO - epoch-217, train_mse_loss-0.0003241, train_kl_loss-0.0000000, val_mse_loss-0.0003482, val_kl_loss-0.0000000
2025-03-05 08:34:35 - INFO - epoch-218, train_mse_loss-0.0003241, train_kl_loss-0.0000000, val_mse_loss-0.0003478, val_kl_loss-0.0000000
2025-03-05 08:38:55 - INFO - epoch-219, train_mse_loss-0.0003241, train_kl_loss-0.0000000, val_mse_loss-0.0003491, val_kl_loss-0.0000000
2025-03-05 08:43:15 - INFO - epoch-220, train_mse_loss-0.0003241, train_kl_loss-0.0000000, val_mse_loss-0.0003482, val_kl_loss-0.0000000
2025-03-05 08:47:35 - INFO - epoch-221, train_mse_loss-0.0003241, train_kl_loss-0.0000000, val_mse_loss-0.0003472, val_kl_loss-0.0000000
2025-03-05 08:51:53 - INFO - epoch-222, train_mse_loss-0.0003241, train_kl_loss-0.0000000, val_mse_loss-0.0003471, val_kl_loss-0.0000000
2025-03-05 08:56:11 - INFO - epoch-223, train_mse_loss-0.0003241, train_kl_loss-0.0000000, val_mse_loss-0.0003486, val_kl_loss-0.0000000
2025-03-05 09:00:30 - INFO - epoch-224, train_mse_loss-0.0003241, train_kl_loss-0.0000000, val_mse_loss-0.0003478, val_kl_loss-0.0000000
2025-03-05 09:04:47 - INFO - epoch-225, train_mse_loss-0.0003241, train_kl_loss-0.0000000, val_mse_loss-0.0003473, val_kl_loss-0.0000000
2025-03-05 09:09:06 - INFO - epoch-226, train_mse_loss-0.0003241, train_kl_loss-0.0000000, val_mse_loss-0.0003476, val_kl_loss-0.0000000
2025-03-05 09:13:24 - INFO - epoch-227, train_mse_loss-0.0003241, train_kl_loss-0.0000000, val_mse_loss-0.0003464, val_kl_loss-0.0000000
2025-03-05 09:17:42 - INFO - epoch-228, train_mse_loss-0.0003241, train_kl_loss-0.0000000, val_mse_loss-0.0003476, val_kl_loss-0.0000000
2025-03-05 09:22:01 - INFO - epoch-229, train_mse_loss-0.0003241, train_kl_loss-0.0000000, val_mse_loss-0.0003474, val_kl_loss-0.0000000
2025-03-05 09:26:20 - INFO - epoch-230, train_mse_loss-0.0003241, train_kl_loss-0.0000000, val_mse_loss-0.0003465, val_kl_loss-0.0000000
2025-03-05 09:30:37 - INFO - epoch-231, train_mse_loss-0.0003241, train_kl_loss-0.0000000, val_mse_loss-0.0003465, val_kl_loss-0.0000000
2025-03-05 09:34:54 - INFO - epoch-232, train_mse_loss-0.0003241, train_kl_loss-0.0000000, val_mse_loss-0.0003469, val_kl_loss-0.0000000
2025-03-05 09:39:10 - INFO - epoch-233, train_mse_loss-0.0003241, train_kl_loss-0.0000000, val_mse_loss-0.0003484, val_kl_loss-0.0000000
2025-03-05 09:43:26 - INFO - epoch-234, train_mse_loss-0.0003241, train_kl_loss-0.0000000, val_mse_loss-0.0003458, val_kl_loss-0.0000000
2025-03-05 09:47:43 - INFO - epoch-235, train_mse_loss-0.0003241, train_kl_loss-0.0000000, val_mse_loss-0.0003456, val_kl_loss-0.0000000
2025-03-05 09:51:58 - INFO - epoch-236, train_mse_loss-0.0003241, train_kl_loss-0.0000000, val_mse_loss-0.0003476, val_kl_loss-0.0000000
2025-03-05 09:56:15 - INFO - epoch-237, train_mse_loss-0.0003241, train_kl_loss-0.0000000, val_mse_loss-0.0003477, val_kl_loss-0.0000000
2025-03-05 10:00:31 - INFO - epoch-238, train_mse_loss-0.0003241, train_kl_loss-0.0000000, val_mse_loss-0.0003473, val_kl_loss-0.0000000
2025-03-05 10:04:47 - INFO - epoch-239, train_mse_loss-0.0003241, train_kl_loss-0.0000000, val_mse_loss-0.0003466, val_kl_loss-0.0000000
2025-03-05 10:09:05 - INFO - epoch-240, train_mse_loss-0.0003241, train_kl_loss-0.0000000, val_mse_loss-0.0003472, val_kl_loss-0.0000000
2025-03-05 10:13:21 - INFO - epoch-241, train_mse_loss-0.0003241, train_kl_loss-0.0000000, val_mse_loss-0.0003464, val_kl_loss-0.0000000
2025-03-05 10:17:37 - INFO - epoch-242, train_mse_loss-0.0003241, train_kl_loss-0.0000000, val_mse_loss-0.0003464, val_kl_loss-0.0000000
2025-03-05 10:21:53 - INFO - epoch-243, train_mse_loss-0.0003241, train_kl_loss-0.0000000, val_mse_loss-0.0003476, val_kl_loss-0.0000000
2025-03-05 10:26:10 - INFO - epoch-244, train_mse_loss-0.0003241, train_kl_loss-0.0000000, val_mse_loss-0.0003467, val_kl_loss-0.0000000
2025-03-05 10:30:26 - INFO - epoch-245, train_mse_loss-0.0003241, train_kl_loss-0.0000000, val_mse_loss-0.0003460, val_kl_loss-0.0000000
2025-03-05 10:34:42 - INFO - epoch-246, train_mse_loss-0.0003241, train_kl_loss-0.0000000, val_mse_loss-0.0003459, val_kl_loss-0.0000000
2025-03-05 10:38:58 - INFO - epoch-247, train_mse_loss-0.0003241, train_kl_loss-0.0000000, val_mse_loss-0.0003467, val_kl_loss-0.0000000
2025-03-05 10:43:14 - INFO - epoch-248, train_mse_loss-0.0003241, train_kl_loss-0.0000000, val_mse_loss-0.0003472, val_kl_loss-0.0000000
2025-03-05 10:47:31 - INFO - epoch-249, train_mse_loss-0.0003241, train_kl_loss-0.0000000, val_mse_loss-0.0003461, val_kl_loss-0.0000000
2025-03-05 10:51:47 - INFO - epoch-250, train_mse_loss-0.0003241, train_kl_loss-0.0000000, val_mse_loss-0.0003449, val_kl_loss-0.0000000
2025-03-05 10:56:03 - INFO - epoch-251, train_mse_loss-0.0003241, train_kl_loss-0.0000000, val_mse_loss-0.0003473, val_kl_loss-0.0000000
2025-03-05 11:00:21 - INFO - epoch-252, train_mse_loss-0.0003241, train_kl_loss-0.0000000, val_mse_loss-0.0003463, val_kl_loss-0.0000000
2025-03-05 11:04:37 - INFO - epoch-253, train_mse_loss-0.0003240, train_kl_loss-0.0000000, val_mse_loss-0.0003466, val_kl_loss-0.0000000
2025-03-05 11:08:53 - INFO - epoch-254, train_mse_loss-0.0003240, train_kl_loss-0.0000000, val_mse_loss-0.0003463, val_kl_loss-0.0000000
2025-03-05 11:13:09 - INFO - epoch-255, train_mse_loss-0.0003240, train_kl_loss-0.0000000, val_mse_loss-0.0003462, val_kl_loss-0.0000000
2025-03-05 11:17:25 - INFO - epoch-256, train_mse_loss-0.0003240, train_kl_loss-0.0000000, val_mse_loss-0.0003459, val_kl_loss-0.0000000
2025-03-05 11:21:41 - INFO - epoch-257, train_mse_loss-0.0003240, train_kl_loss-0.0000000, val_mse_loss-0.0003450, val_kl_loss-0.0000000
2025-03-05 11:25:59 - INFO - epoch-258, train_mse_loss-0.0003241, train_kl_loss-0.0000000, val_mse_loss-0.0003466, val_kl_loss-0.0000000
2025-03-05 11:30:15 - INFO - epoch-259, train_mse_loss-0.0003240, train_kl_loss-0.0000000, val_mse_loss-0.0003467, val_kl_loss-0.0000000
2025-03-05 11:34:31 - INFO - epoch-260, train_mse_loss-0.0003240, train_kl_loss-0.0000000, val_mse_loss-0.0003468, val_kl_loss-0.0000000
2025-03-05 11:38:49 - INFO - epoch-261, train_mse_loss-0.0003240, train_kl_loss-0.0000000, val_mse_loss-0.0003469, val_kl_loss-0.0000000
2025-03-05 11:43:06 - INFO - epoch-262, train_mse_loss-0.0003240, train_kl_loss-0.0000000, val_mse_loss-0.0003462, val_kl_loss-0.0000000
2025-03-05 11:47:22 - INFO - epoch-263, train_mse_loss-0.0003240, train_kl_loss-0.0000000, val_mse_loss-0.0003450, val_kl_loss-0.0000000
2025-03-05 11:51:39 - INFO - epoch-264, train_mse_loss-0.0003240, train_kl_loss-0.0000000, val_mse_loss-0.0003459, val_kl_loss-0.0000000
2025-03-05 11:55:55 - INFO - epoch-265, train_mse_loss-0.0003240, train_kl_loss-0.0000000, val_mse_loss-0.0003471, val_kl_loss-0.0000000
2025-03-05 12:00:12 - INFO - epoch-266, train_mse_loss-0.0003240, train_kl_loss-0.0000000, val_mse_loss-0.0003459, val_kl_loss-0.0000000
2025-03-05 12:04:29 - INFO - epoch-267, train_mse_loss-0.0003240, train_kl_loss-0.0000000, val_mse_loss-0.0003457, val_kl_loss-0.0000000
2025-03-05 12:08:46 - INFO - epoch-268, train_mse_loss-0.0003240, train_kl_loss-0.0000000, val_mse_loss-0.0003474, val_kl_loss-0.0000000
2025-03-05 12:13:03 - INFO - epoch-269, train_mse_loss-0.0003240, train_kl_loss-0.0000000, val_mse_loss-0.0003459, val_kl_loss-0.0000000
2025-03-05 12:17:19 - INFO - epoch-270, train_mse_loss-0.0003240, train_kl_loss-0.0000000, val_mse_loss-0.0003465, val_kl_loss-0.0000000
2025-03-05 12:21:35 - INFO - epoch-271, train_mse_loss-0.0003240, train_kl_loss-0.0000000, val_mse_loss-0.0003465, val_kl_loss-0.0000000
2025-03-05 12:25:52 - INFO - epoch-272, train_mse_loss-0.0003240, train_kl_loss-0.0000000, val_mse_loss-0.0003460, val_kl_loss-0.0000000
2025-03-05 12:30:08 - INFO - epoch-273, train_mse_loss-0.0003240, train_kl_loss-0.0000000, val_mse_loss-0.0003456, val_kl_loss-0.0000000
2025-03-05 12:34:24 - INFO - epoch-274, train_mse_loss-0.0003240, train_kl_loss-0.0000000, val_mse_loss-0.0003458, val_kl_loss-0.0000000
2025-03-05 12:38:42 - INFO - epoch-275, train_mse_loss-0.0003240, train_kl_loss-0.0000000, val_mse_loss-0.0003446, val_kl_loss-0.0000000
2025-03-05 12:42:58 - INFO - epoch-276, train_mse_loss-0.0003240, train_kl_loss-0.0000000, val_mse_loss-0.0003480, val_kl_loss-0.0000000
2025-03-05 12:47:14 - INFO - epoch-277, train_mse_loss-0.0003240, train_kl_loss-0.0000000, val_mse_loss-0.0003457, val_kl_loss-0.0000000
2025-03-05 12:51:32 - INFO - epoch-278, train_mse_loss-0.0003240, train_kl_loss-0.0000000, val_mse_loss-0.0003471, val_kl_loss-0.0000000
2025-03-05 12:55:48 - INFO - epoch-279, train_mse_loss-0.0003240, train_kl_loss-0.0000000, val_mse_loss-0.0003461, val_kl_loss-0.0000000
2025-03-05 13:00:03 - INFO - epoch-280, train_mse_loss-0.0003240, train_kl_loss-0.0000000, val_mse_loss-0.0003474, val_kl_loss-0.0000000
2025-03-05 13:04:21 - INFO - epoch-281, train_mse_loss-0.0003240, train_kl_loss-0.0000000, val_mse_loss-0.0003464, val_kl_loss-0.0000000
2025-03-05 13:08:38 - INFO - epoch-282, train_mse_loss-0.0003240, train_kl_loss-0.0000000, val_mse_loss-0.0003469, val_kl_loss-0.0000000
2025-03-05 13:12:55 - INFO - epoch-283, train_mse_loss-0.0003240, train_kl_loss-0.0000000, val_mse_loss-0.0003468, val_kl_loss-0.0000000
2025-03-05 13:17:12 - INFO - epoch-284, train_mse_loss-0.0003240, train_kl_loss-0.0000000, val_mse_loss-0.0003468, val_kl_loss-0.0000000
2025-03-05 13:21:29 - INFO - epoch-285, train_mse_loss-0.0003240, train_kl_loss-0.0000000, val_mse_loss-0.0003459, val_kl_loss-0.0000000
2025-03-05 13:25:45 - INFO - epoch-286, train_mse_loss-0.0003240, train_kl_loss-0.0000000, val_mse_loss-0.0003466, val_kl_loss-0.0000000
2025-03-05 13:30:01 - INFO - epoch-287, train_mse_loss-0.0003240, train_kl_loss-0.0000000, val_mse_loss-0.0003458, val_kl_loss-0.0000000
2025-03-05 13:34:17 - INFO - epoch-288, train_mse_loss-0.0003240, train_kl_loss-0.0000000, val_mse_loss-0.0003474, val_kl_loss-0.0000000
2025-03-05 13:38:33 - INFO - epoch-289, train_mse_loss-0.0003240, train_kl_loss-0.0000000, val_mse_loss-0.0003476, val_kl_loss-0.0000000
2025-03-05 13:42:53 - INFO - epoch-290, train_mse_loss-0.0003240, train_kl_loss-0.0000000, val_mse_loss-0.0003461, val_kl_loss-0.0000000
2025-03-05 13:47:11 - INFO - epoch-291, train_mse_loss-0.0003240, train_kl_loss-0.0000000, val_mse_loss-0.0003474, val_kl_loss-0.0000000
2025-03-05 13:51:28 - INFO - epoch-292, train_mse_loss-0.0003240, train_kl_loss-0.0000000, val_mse_loss-0.0003457, val_kl_loss-0.0000000
2025-03-05 13:55:44 - INFO - epoch-293, train_mse_loss-0.0003240, train_kl_loss-0.0000000, val_mse_loss-0.0003453, val_kl_loss-0.0000000
2025-03-05 14:00:02 - INFO - epoch-294, train_mse_loss-0.0003240, train_kl_loss-0.0000000, val_mse_loss-0.0003459, val_kl_loss-0.0000000
2025-03-05 14:04:18 - INFO - epoch-295, train_mse_loss-0.0003240, train_kl_loss-0.0000000, val_mse_loss-0.0003447, val_kl_loss-0.0000000
2025-03-05 14:08:44 - INFO - epoch-296, train_mse_loss-0.0003240, train_kl_loss-0.0000000, val_mse_loss-0.0003463, val_kl_loss-0.0000000
2025-03-05 14:13:13 - INFO - epoch-297, train_mse_loss-0.0003240, train_kl_loss-0.0000000, val_mse_loss-0.0003456, val_kl_loss-0.0000000
2025-03-05 14:17:42 - INFO - epoch-298, train_mse_loss-0.0003240, train_kl_loss-0.0000000, val_mse_loss-0.0003453, val_kl_loss-0.0000000
2025-03-05 14:22:00 - INFO - epoch-299, train_mse_loss-0.0003240, train_kl_loss-0.0000000, val_mse_loss-0.0003455, val_kl_loss-0.0000000
2025-03-05 14:26:16 - INFO - epoch-300, train_mse_loss-0.0003240, train_kl_loss-0.0000000, val_mse_loss-0.0003457, val_kl_loss-0.0000000
2025-03-05 14:30:33 - INFO - epoch-301, train_mse_loss-0.0003240, train_kl_loss-0.0000000, val_mse_loss-0.0003467, val_kl_loss-0.0000000
2025-03-05 14:34:50 - INFO - epoch-302, train_mse_loss-0.0003240, train_kl_loss-0.0000000, val_mse_loss-0.0003456, val_kl_loss-0.0000000
2025-03-05 14:39:12 - INFO - epoch-303, train_mse_loss-0.0003240, train_kl_loss-0.0000000, val_mse_loss-0.0003460, val_kl_loss-0.0000000
2025-03-05 14:43:32 - INFO - epoch-304, train_mse_loss-0.0003240, train_kl_loss-0.0000000, val_mse_loss-0.0003467, val_kl_loss-0.0000000
2025-03-05 14:47:50 - INFO - epoch-305, train_mse_loss-0.0003240, train_kl_loss-0.0000000, val_mse_loss-0.0003450, val_kl_loss-0.0000000
2025-03-05 14:52:12 - INFO - epoch-306, train_mse_loss-0.0003240, train_kl_loss-0.0000000, val_mse_loss-0.0003457, val_kl_loss-0.0000000
2025-03-05 14:56:31 - INFO - epoch-307, train_mse_loss-0.0003240, train_kl_loss-0.0000000, val_mse_loss-0.0003448, val_kl_loss-0.0000000
2025-03-05 15:00:49 - INFO - epoch-308, train_mse_loss-0.0003240, train_kl_loss-0.0000000, val_mse_loss-0.0003444, val_kl_loss-0.0000000
2025-03-05 15:05:06 - INFO - epoch-309, train_mse_loss-0.0003240, train_kl_loss-0.0000000, val_mse_loss-0.0003440, val_kl_loss-0.0000000
2025-03-05 15:09:24 - INFO - epoch-310, train_mse_loss-0.0003240, train_kl_loss-0.0000000, val_mse_loss-0.0003435, val_kl_loss-0.0000000
2025-03-05 15:13:45 - INFO - epoch-311, train_mse_loss-0.0003240, train_kl_loss-0.0000000, val_mse_loss-0.0003444, val_kl_loss-0.0000000
2025-03-05 15:18:05 - INFO - epoch-312, train_mse_loss-0.0003240, train_kl_loss-0.0000000, val_mse_loss-0.0003460, val_kl_loss-0.0000000
2025-03-05 15:22:24 - INFO - epoch-313, train_mse_loss-0.0003240, train_kl_loss-0.0000000, val_mse_loss-0.0003437, val_kl_loss-0.0000000
2025-03-05 15:26:42 - INFO - epoch-314, train_mse_loss-0.0003240, train_kl_loss-0.0000000, val_mse_loss-0.0003437, val_kl_loss-0.0000000
2025-03-05 15:31:01 - INFO - epoch-315, train_mse_loss-0.0003240, train_kl_loss-0.0000000, val_mse_loss-0.0003436, val_kl_loss-0.0000000
2025-03-05 15:35:22 - INFO - epoch-316, train_mse_loss-0.0003240, train_kl_loss-0.0000000, val_mse_loss-0.0003438, val_kl_loss-0.0000000
2025-03-05 15:39:44 - INFO - epoch-317, train_mse_loss-0.0003240, train_kl_loss-0.0000000, val_mse_loss-0.0003439, val_kl_loss-0.0000000
2025-03-05 15:44:04 - INFO - epoch-318, train_mse_loss-0.0003240, train_kl_loss-0.0000000, val_mse_loss-0.0003434, val_kl_loss-0.0000000
2025-03-05 15:48:26 - INFO - epoch-319, train_mse_loss-0.0003240, train_kl_loss-0.0000000, val_mse_loss-0.0003435, val_kl_loss-0.0000000
2025-03-05 15:52:49 - INFO - epoch-320, train_mse_loss-0.0003240, train_kl_loss-0.0000000, val_mse_loss-0.0003436, val_kl_loss-0.0000000
2025-03-05 15:57:08 - INFO - epoch-321, train_mse_loss-0.0003240, train_kl_loss-0.0000000, val_mse_loss-0.0003424, val_kl_loss-0.0000000
2025-03-05 16:01:27 - INFO - epoch-322, train_mse_loss-0.0003240, train_kl_loss-0.0000000, val_mse_loss-0.0003438, val_kl_loss-0.0000000
2025-03-05 16:05:47 - INFO - epoch-323, train_mse_loss-0.0003240, train_kl_loss-0.0000000, val_mse_loss-0.0003434, val_kl_loss-0.0000000
2025-03-05 16:10:07 - INFO - epoch-324, train_mse_loss-0.0003240, train_kl_loss-0.0000000, val_mse_loss-0.0003440, val_kl_loss-0.0000000
2025-03-05 16:14:26 - INFO - epoch-325, train_mse_loss-0.0003240, train_kl_loss-0.0000000, val_mse_loss-0.0003438, val_kl_loss-0.0000000
2025-03-05 16:18:43 - INFO - epoch-326, train_mse_loss-0.0003240, train_kl_loss-0.0000000, val_mse_loss-0.0003431, val_kl_loss-0.0000000
2025-03-05 16:23:00 - INFO - epoch-327, train_mse_loss-0.0003240, train_kl_loss-0.0000000, val_mse_loss-0.0003430, val_kl_loss-0.0000000
2025-03-05 16:27:19 - INFO - epoch-328, train_mse_loss-0.0003240, train_kl_loss-0.0000000, val_mse_loss-0.0003432, val_kl_loss-0.0000000
2025-03-05 16:31:36 - INFO - epoch-329, train_mse_loss-0.0003240, train_kl_loss-0.0000000, val_mse_loss-0.0003441, val_kl_loss-0.0000000
2025-03-05 16:35:53 - INFO - epoch-330, train_mse_loss-0.0003240, train_kl_loss-0.0000000, val_mse_loss-0.0003437, val_kl_loss-0.0000000
2025-03-05 16:40:10 - INFO - epoch-331, train_mse_loss-0.0003240, train_kl_loss-0.0000000, val_mse_loss-0.0003433, val_kl_loss-0.0000000
2025-03-05 16:44:27 - INFO - epoch-332, train_mse_loss-0.0003240, train_kl_loss-0.0000000, val_mse_loss-0.0003439, val_kl_loss-0.0000000
2025-03-05 16:48:43 - INFO - epoch-333, train_mse_loss-0.0003240, train_kl_loss-0.0000000, val_mse_loss-0.0003430, val_kl_loss-0.0000000
2025-03-05 16:52:59 - INFO - epoch-334, train_mse_loss-0.0003240, train_kl_loss-0.0000000, val_mse_loss-0.0003431, val_kl_loss-0.0000000
2025-03-05 16:57:16 - INFO - epoch-335, train_mse_loss-0.0003240, train_kl_loss-0.0000000, val_mse_loss-0.0003423, val_kl_loss-0.0000000
2025-03-05 17:01:37 - INFO - epoch-336, train_mse_loss-0.0003240, train_kl_loss-0.0000000, val_mse_loss-0.0003435, val_kl_loss-0.0000000
2025-03-05 17:05:54 - INFO - epoch-337, train_mse_loss-0.0003240, train_kl_loss-0.0000000, val_mse_loss-0.0003426, val_kl_loss-0.0000000
2025-03-05 17:10:11 - INFO - epoch-338, train_mse_loss-0.0003240, train_kl_loss-0.0000000, val_mse_loss-0.0003439, val_kl_loss-0.0000000
2025-03-05 17:14:28 - INFO - epoch-339, train_mse_loss-0.0003240, train_kl_loss-0.0000000, val_mse_loss-0.0003431, val_kl_loss-0.0000000
2025-03-05 17:18:45 - INFO - epoch-340, train_mse_loss-0.0003240, train_kl_loss-0.0000000, val_mse_loss-0.0003441, val_kl_loss-0.0000000
2025-03-05 17:23:01 - INFO - epoch-341, train_mse_loss-0.0003240, train_kl_loss-0.0000000, val_mse_loss-0.0003422, val_kl_loss-0.0000000
2025-03-05 17:27:18 - INFO - epoch-342, train_mse_loss-0.0003240, train_kl_loss-0.0000000, val_mse_loss-0.0003434, val_kl_loss-0.0000000
2025-03-05 17:31:35 - INFO - epoch-343, train_mse_loss-0.0003240, train_kl_loss-0.0000000, val_mse_loss-0.0003428, val_kl_loss-0.0000000
2025-03-05 17:35:52 - INFO - epoch-344, train_mse_loss-0.0003240, train_kl_loss-0.0000000, val_mse_loss-0.0003431, val_kl_loss-0.0000000
2025-03-05 17:40:09 - INFO - epoch-345, train_mse_loss-0.0003240, train_kl_loss-0.0000000, val_mse_loss-0.0003417, val_kl_loss-0.0000000
2025-03-05 17:44:26 - INFO - epoch-346, train_mse_loss-0.0003240, train_kl_loss-0.0000000, val_mse_loss-0.0003433, val_kl_loss-0.0000000
2025-03-05 17:48:42 - INFO - epoch-347, train_mse_loss-0.0003240, train_kl_loss-0.0000000, val_mse_loss-0.0003413, val_kl_loss-0.0000000
2025-03-05 17:53:01 - INFO - epoch-348, train_mse_loss-0.0003240, train_kl_loss-0.0000000, val_mse_loss-0.0003424, val_kl_loss-0.0000000
2025-03-05 17:57:17 - INFO - epoch-349, train_mse_loss-0.0003240, train_kl_loss-0.0000000, val_mse_loss-0.0003418, val_kl_loss-0.0000000
2025-03-05 18:01:34 - INFO - epoch-350, train_mse_loss-0.0003240, train_kl_loss-0.0000000, val_mse_loss-0.0003428, val_kl_loss-0.0000000
2025-03-05 18:05:51 - INFO - epoch-351, train_mse_loss-0.0003240, train_kl_loss-0.0000000, val_mse_loss-0.0003428, val_kl_loss-0.0000000
2025-03-05 18:10:08 - INFO - epoch-352, train_mse_loss-0.0003240, train_kl_loss-0.0000000, val_mse_loss-0.0003425, val_kl_loss-0.0000000
2025-03-05 18:14:26 - INFO - epoch-353, train_mse_loss-0.0003240, train_kl_loss-0.0000000, val_mse_loss-0.0003406, val_kl_loss-0.0000000
2025-03-05 18:18:43 - INFO - epoch-354, train_mse_loss-0.0003240, train_kl_loss-0.0000000, val_mse_loss-0.0003422, val_kl_loss-0.0000000
2025-03-05 18:23:01 - INFO - epoch-355, train_mse_loss-0.0003240, train_kl_loss-0.0000000, val_mse_loss-0.0003422, val_kl_loss-0.0000000
2025-03-05 18:27:20 - INFO - epoch-356, train_mse_loss-0.0003240, train_kl_loss-0.0000000, val_mse_loss-0.0003414, val_kl_loss-0.0000000
2025-03-05 18:31:37 - INFO - epoch-357, train_mse_loss-0.0003240, train_kl_loss-0.0000000, val_mse_loss-0.0003408, val_kl_loss-0.0000000
2025-03-05 18:35:54 - INFO - epoch-358, train_mse_loss-0.0003240, train_kl_loss-0.0000000, val_mse_loss-0.0003423, val_kl_loss-0.0000000
2025-03-05 18:40:12 - INFO - epoch-359, train_mse_loss-0.0003240, train_kl_loss-0.0000000, val_mse_loss-0.0003418, val_kl_loss-0.0000000
2025-03-05 18:44:30 - INFO - epoch-360, train_mse_loss-0.0003240, train_kl_loss-0.0000000, val_mse_loss-0.0003406, val_kl_loss-0.0000000
2025-03-05 18:48:47 - INFO - epoch-361, train_mse_loss-0.0003240, train_kl_loss-0.0000000, val_mse_loss-0.0003420, val_kl_loss-0.0000000
2025-03-05 18:53:06 - INFO - epoch-362, train_mse_loss-0.0003240, train_kl_loss-0.0000000, val_mse_loss-0.0003415, val_kl_loss-0.0000000
2025-03-05 18:57:23 - INFO - epoch-363, train_mse_loss-0.0003240, train_kl_loss-0.0000000, val_mse_loss-0.0003416, val_kl_loss-0.0000000
2025-03-05 19:01:42 - INFO - epoch-364, train_mse_loss-0.0003240, train_kl_loss-0.0000000, val_mse_loss-0.0003427, val_kl_loss-0.0000000
2025-03-05 19:06:00 - INFO - epoch-365, train_mse_loss-0.0003240, train_kl_loss-0.0000000, val_mse_loss-0.0003411, val_kl_loss-0.0000000
2025-03-05 19:10:17 - INFO - epoch-366, train_mse_loss-0.0003240, train_kl_loss-0.0000000, val_mse_loss-0.0003407, val_kl_loss-0.0000000
2025-03-05 19:14:37 - INFO - epoch-367, train_mse_loss-0.0003240, train_kl_loss-0.0000000, val_mse_loss-0.0003406, val_kl_loss-0.0000000
2025-03-05 19:18:59 - INFO - epoch-368, train_mse_loss-0.0003240, train_kl_loss-0.0000000, val_mse_loss-0.0003414, val_kl_loss-0.0000000
2025-03-05 19:23:18 - INFO - epoch-369, train_mse_loss-0.0003240, train_kl_loss-0.0000000, val_mse_loss-0.0003411, val_kl_loss-0.0000000
2025-03-05 19:27:36 - INFO - epoch-370, train_mse_loss-0.0003240, train_kl_loss-0.0000000, val_mse_loss-0.0003415, val_kl_loss-0.0000000
2025-03-05 19:31:56 - INFO - epoch-371, train_mse_loss-0.0003240, train_kl_loss-0.0000000, val_mse_loss-0.0003409, val_kl_loss-0.0000000
2025-03-05 19:36:14 - INFO - epoch-372, train_mse_loss-0.0003240, train_kl_loss-0.0000000, val_mse_loss-0.0003395, val_kl_loss-0.0000000
2025-03-05 19:40:34 - INFO - epoch-373, train_mse_loss-0.0003240, train_kl_loss-0.0000000, val_mse_loss-0.0003404, val_kl_loss-0.0000000
2025-03-05 19:44:54 - INFO - epoch-374, train_mse_loss-0.0003240, train_kl_loss-0.0000000, val_mse_loss-0.0003408, val_kl_loss-0.0000000
2025-03-05 19:49:13 - INFO - epoch-375, train_mse_loss-0.0003240, train_kl_loss-0.0000000, val_mse_loss-0.0003400, val_kl_loss-0.0000000
2025-03-05 19:53:35 - INFO - epoch-376, train_mse_loss-0.0003240, train_kl_loss-0.0000000, val_mse_loss-0.0003404, val_kl_loss-0.0000000
2025-03-05 19:57:56 - INFO - epoch-377, train_mse_loss-0.0003240, train_kl_loss-0.0000000, val_mse_loss-0.0003411, val_kl_loss-0.0000000
2025-03-05 20:02:15 - INFO - epoch-378, train_mse_loss-0.0003240, train_kl_loss-0.0000000, val_mse_loss-0.0003425, val_kl_loss-0.0000000
2025-03-05 20:06:32 - INFO - epoch-379, train_mse_loss-0.0003240, train_kl_loss-0.0000000, val_mse_loss-0.0003389, val_kl_loss-0.0000000
2025-03-05 20:10:51 - INFO - epoch-380, train_mse_loss-0.0003240, train_kl_loss-0.0000000, val_mse_loss-0.0003402, val_kl_loss-0.0000000
2025-03-05 20:15:11 - INFO - epoch-381, train_mse_loss-0.0003240, train_kl_loss-0.0000000, val_mse_loss-0.0003406, val_kl_loss-0.0000000
2025-03-05 20:19:34 - INFO - epoch-382, train_mse_loss-0.0003240, train_kl_loss-0.0000000, val_mse_loss-0.0003402, val_kl_loss-0.0000000
2025-03-05 20:23:52 - INFO - epoch-383, train_mse_loss-0.0003240, train_kl_loss-0.0000000, val_mse_loss-0.0003387, val_kl_loss-0.0000000
2025-03-05 20:28:12 - INFO - epoch-384, train_mse_loss-0.0003240, train_kl_loss-0.0000000, val_mse_loss-0.0003399, val_kl_loss-0.0000000
2025-03-05 20:32:32 - INFO - epoch-385, train_mse_loss-0.0003240, train_kl_loss-0.0000000, val_mse_loss-0.0003393, val_kl_loss-0.0000000
2025-03-05 20:36:51 - INFO - epoch-386, train_mse_loss-0.0003240, train_kl_loss-0.0000000, val_mse_loss-0.0003396, val_kl_loss-0.0000000
2025-03-05 20:41:15 - INFO - epoch-387, train_mse_loss-0.0003240, train_kl_loss-0.0000000, val_mse_loss-0.0003393, val_kl_loss-0.0000000
2025-03-05 20:45:36 - INFO - epoch-388, train_mse_loss-0.0003240, train_kl_loss-0.0000000, val_mse_loss-0.0003412, val_kl_loss-0.0000000
2025-03-05 20:49:55 - INFO - epoch-389, train_mse_loss-0.0003240, train_kl_loss-0.0000000, val_mse_loss-0.0003395, val_kl_loss-0.0000000
2025-03-05 20:54:14 - INFO - epoch-390, train_mse_loss-0.0003240, train_kl_loss-0.0000000, val_mse_loss-0.0003392, val_kl_loss-0.0000000
2025-03-05 20:58:35 - INFO - epoch-391, train_mse_loss-0.0003240, train_kl_loss-0.0000000, val_mse_loss-0.0003378, val_kl_loss-0.0000000
2025-03-05 21:02:55 - INFO - epoch-392, train_mse_loss-0.0003241, train_kl_loss-0.0000000, val_mse_loss-0.0003390, val_kl_loss-0.0000000
2025-03-05 21:07:14 - INFO - epoch-393, train_mse_loss-0.0003241, train_kl_loss-0.0000000, val_mse_loss-0.0003388, val_kl_loss-0.0000000
2025-03-05 21:11:34 - INFO - epoch-394, train_mse_loss-0.0003241, train_kl_loss-0.0000000, val_mse_loss-0.0003382, val_kl_loss-0.0000000
2025-03-05 21:15:55 - INFO - epoch-395, train_mse_loss-0.0003241, train_kl_loss-0.0000000, val_mse_loss-0.0003393, val_kl_loss-0.0000000
2025-03-05 21:20:15 - INFO - epoch-396, train_mse_loss-0.0003241, train_kl_loss-0.0000000, val_mse_loss-0.0003394, val_kl_loss-0.0000000
2025-03-05 21:24:36 - INFO - epoch-397, train_mse_loss-0.0003241, train_kl_loss-0.0000000, val_mse_loss-0.0003378, val_kl_loss-0.0000000
2025-03-05 21:28:53 - INFO - epoch-398, train_mse_loss-0.0003241, train_kl_loss-0.0000000, val_mse_loss-0.0003376, val_kl_loss-0.0000000
2025-03-05 21:33:13 - INFO - epoch-399, train_mse_loss-0.0003241, train_kl_loss-0.0000000, val_mse_loss-0.0003377, val_kl_loss-0.0000000
2025-03-05 21:37:34 - INFO - epoch-400, train_mse_loss-0.0003241, train_kl_loss-0.0000000, val_mse_loss-0.0003376, val_kl_loss-0.0000000
2025-03-05 21:41:57 - INFO - epoch-401, train_mse_loss-0.0003241, train_kl_loss-0.0000000, val_mse_loss-0.0003388, val_kl_loss-0.0000000
2025-03-05 21:46:17 - INFO - epoch-402, train_mse_loss-0.0003241, train_kl_loss-0.0000000, val_mse_loss-0.0003360, val_kl_loss-0.0000000
2025-03-05 21:50:40 - INFO - epoch-403, train_mse_loss-0.0003241, train_kl_loss-0.0000000, val_mse_loss-0.0003389, val_kl_loss-0.0000000
2025-03-05 21:55:09 - INFO - epoch-404, train_mse_loss-0.0003241, train_kl_loss-0.0000000, val_mse_loss-0.0003388, val_kl_loss-0.0000000
2025-03-05 21:59:36 - INFO - epoch-405, train_mse_loss-0.0003241, train_kl_loss-0.0000000, val_mse_loss-0.0003383, val_kl_loss-0.0000000
2025-03-05 22:04:04 - INFO - epoch-406, train_mse_loss-0.0003241, train_kl_loss-0.0000000, val_mse_loss-0.0003379, val_kl_loss-0.0000000
2025-03-05 22:08:31 - INFO - epoch-407, train_mse_loss-0.0003241, train_kl_loss-0.0000000, val_mse_loss-0.0003374, val_kl_loss-0.0000000
2025-03-05 22:12:55 - INFO - epoch-408, train_mse_loss-0.0003241, train_kl_loss-0.0000000, val_mse_loss-0.0003371, val_kl_loss-0.0000000
2025-03-05 22:17:21 - INFO - epoch-409, train_mse_loss-0.0003241, train_kl_loss-0.0000000, val_mse_loss-0.0003385, val_kl_loss-0.0000000
2025-03-05 22:21:49 - INFO - epoch-410, train_mse_loss-0.0003241, train_kl_loss-0.0000000, val_mse_loss-0.0003374, val_kl_loss-0.0000000
2025-03-05 22:26:17 - INFO - epoch-411, train_mse_loss-0.0003241, train_kl_loss-0.0000000, val_mse_loss-0.0003381, val_kl_loss-0.0000000
2025-03-05 22:30:41 - INFO - epoch-412, train_mse_loss-0.0003241, train_kl_loss-0.0000000, val_mse_loss-0.0003379, val_kl_loss-0.0000000
2025-03-05 22:35:08 - INFO - epoch-413, train_mse_loss-0.0003241, train_kl_loss-0.0000000, val_mse_loss-0.0003389, val_kl_loss-0.0000000
2025-03-05 22:39:36 - INFO - epoch-414, train_mse_loss-0.0003241, train_kl_loss-0.0000000, val_mse_loss-0.0003378, val_kl_loss-0.0000000
2025-03-05 22:44:00 - INFO - epoch-415, train_mse_loss-0.0003241, train_kl_loss-0.0000000, val_mse_loss-0.0003378, val_kl_loss-0.0000000
2025-03-05 22:48:24 - INFO - epoch-416, train_mse_loss-0.0003241, train_kl_loss-0.0000000, val_mse_loss-0.0003368, val_kl_loss-0.0000000
2025-03-05 22:52:50 - INFO - epoch-417, train_mse_loss-0.0003241, train_kl_loss-0.0000000, val_mse_loss-0.0003371, val_kl_loss-0.0000000
2025-03-05 22:57:14 - INFO - epoch-418, train_mse_loss-0.0003241, train_kl_loss-0.0000000, val_mse_loss-0.0003375, val_kl_loss-0.0000000
2025-03-05 23:01:43 - INFO - epoch-419, train_mse_loss-0.0003241, train_kl_loss-0.0000000, val_mse_loss-0.0003376, val_kl_loss-0.0000000
2025-03-05 23:06:08 - INFO - epoch-420, train_mse_loss-0.0003241, train_kl_loss-0.0000000, val_mse_loss-0.0003375, val_kl_loss-0.0000000
2025-03-05 23:10:32 - INFO - epoch-421, train_mse_loss-0.0003241, train_kl_loss-0.0000000, val_mse_loss-0.0003367, val_kl_loss-0.0000000
2025-03-05 23:14:56 - INFO - epoch-422, train_mse_loss-0.0003241, train_kl_loss-0.0000000, val_mse_loss-0.0003368, val_kl_loss-0.0000000
2025-03-05 23:19:15 - INFO - epoch-423, train_mse_loss-0.0003241, train_kl_loss-0.0000000, val_mse_loss-0.0003375, val_kl_loss-0.0000000
2025-03-05 23:23:32 - INFO - epoch-424, train_mse_loss-0.0003241, train_kl_loss-0.0000000, val_mse_loss-0.0003367, val_kl_loss-0.0000000
2025-03-05 23:27:49 - INFO - epoch-425, train_mse_loss-0.0003241, train_kl_loss-0.0000000, val_mse_loss-0.0003373, val_kl_loss-0.0000000
2025-03-05 23:32:06 - INFO - epoch-426, train_mse_loss-0.0003241, train_kl_loss-0.0000000, val_mse_loss-0.0003380, val_kl_loss-0.0000000
2025-03-05 23:36:24 - INFO - epoch-427, train_mse_loss-0.0003241, train_kl_loss-0.0000000, val_mse_loss-0.0003373, val_kl_loss-0.0000000
2025-03-05 23:40:41 - INFO - epoch-428, train_mse_loss-0.0003241, train_kl_loss-0.0000000, val_mse_loss-0.0003378, val_kl_loss-0.0000000
2025-03-05 23:44:58 - INFO - epoch-429, train_mse_loss-0.0003241, train_kl_loss-0.0000000, val_mse_loss-0.0003372, val_kl_loss-0.0000000
2025-03-05 23:49:17 - INFO - epoch-430, train_mse_loss-0.0003241, train_kl_loss-0.0000000, val_mse_loss-0.0003377, val_kl_loss-0.0000000
2025-03-05 23:53:34 - INFO - epoch-431, train_mse_loss-0.0003241, train_kl_loss-0.0000000, val_mse_loss-0.0003363, val_kl_loss-0.0000000
2025-03-05 23:57:54 - INFO - epoch-432, train_mse_loss-0.0003241, train_kl_loss-0.0000000, val_mse_loss-0.0003360, val_kl_loss-0.0000000
2025-03-06 00:02:12 - INFO - epoch-433, train_mse_loss-0.0003241, train_kl_loss-0.0000000, val_mse_loss-0.0003362, val_kl_loss-0.0000000
2025-03-06 00:06:29 - INFO - epoch-434, train_mse_loss-0.0003241, train_kl_loss-0.0000000, val_mse_loss-0.0003375, val_kl_loss-0.0000000
2025-03-06 00:10:49 - INFO - epoch-435, train_mse_loss-0.0003241, train_kl_loss-0.0000000, val_mse_loss-0.0003374, val_kl_loss-0.0000000
2025-03-06 00:15:07 - INFO - epoch-436, train_mse_loss-0.0003241, train_kl_loss-0.0000000, val_mse_loss-0.0003369, val_kl_loss-0.0000000
2025-03-06 00:19:24 - INFO - epoch-437, train_mse_loss-0.0003241, train_kl_loss-0.0000000, val_mse_loss-0.0003373, val_kl_loss-0.0000000
2025-03-06 00:23:41 - INFO - epoch-438, train_mse_loss-0.0003241, train_kl_loss-0.0000000, val_mse_loss-0.0003395, val_kl_loss-0.0000000
2025-03-06 00:27:58 - INFO - epoch-439, train_mse_loss-0.0003241, train_kl_loss-0.0000000, val_mse_loss-0.0003363, val_kl_loss-0.0000000
2025-03-06 00:32:19 - INFO - epoch-440, train_mse_loss-0.0003241, train_kl_loss-0.0000000, val_mse_loss-0.0003371, val_kl_loss-0.0000000
2025-03-06 00:36:39 - INFO - epoch-441, train_mse_loss-0.0003241, train_kl_loss-0.0000000, val_mse_loss-0.0003371, val_kl_loss-0.0000000
2025-03-06 00:41:04 - INFO - epoch-442, train_mse_loss-0.0003241, train_kl_loss-0.0000000, val_mse_loss-0.0003371, val_kl_loss-0.0000000
2025-03-06 00:45:26 - INFO - epoch-443, train_mse_loss-0.0003241, train_kl_loss-0.0000000, val_mse_loss-0.0003375, val_kl_loss-0.0000000
2025-03-06 00:49:44 - INFO - epoch-444, train_mse_loss-0.0003241, train_kl_loss-0.0000000, val_mse_loss-0.0003372, val_kl_loss-0.0000000
2025-03-06 00:54:02 - INFO - epoch-445, train_mse_loss-0.0003241, train_kl_loss-0.0000000, val_mse_loss-0.0003374, val_kl_loss-0.0000000
2025-03-06 00:58:23 - INFO - epoch-446, train_mse_loss-0.0003241, train_kl_loss-0.0000000, val_mse_loss-0.0003363, val_kl_loss-0.0000000
2025-03-06 01:02:44 - INFO - epoch-447, train_mse_loss-0.0003241, train_kl_loss-0.0000000, val_mse_loss-0.0003377, val_kl_loss-0.0000000
2025-03-06 01:07:04 - INFO - epoch-448, train_mse_loss-0.0003241, train_kl_loss-0.0000000, val_mse_loss-0.0003372, val_kl_loss-0.0000000
2025-03-06 01:11:23 - INFO - epoch-449, train_mse_loss-0.0003241, train_kl_loss-0.0000000, val_mse_loss-0.0003383, val_kl_loss-0.0000000
2025-03-06 01:15:40 - INFO - epoch-450, train_mse_loss-0.0003241, train_kl_loss-0.0000000, val_mse_loss-0.0003385, val_kl_loss-0.0000000
2025-03-06 01:19:57 - INFO - epoch-451, train_mse_loss-0.0003241, train_kl_loss-0.0000000, val_mse_loss-0.0003368, val_kl_loss-0.0000000
2025-03-06 01:24:18 - INFO - epoch-452, train_mse_loss-0.0003241, train_kl_loss-0.0000000, val_mse_loss-0.0003362, val_kl_loss-0.0000000
2025-03-06 01:28:35 - INFO - epoch-453, train_mse_loss-0.0003241, train_kl_loss-0.0000000, val_mse_loss-0.0003376, val_kl_loss-0.0000000
2025-03-06 01:32:56 - INFO - epoch-454, train_mse_loss-0.0003241, train_kl_loss-0.0000000, val_mse_loss-0.0003362, val_kl_loss-0.0000000
2025-03-06 01:37:16 - INFO - epoch-455, train_mse_loss-0.0003241, train_kl_loss-0.0000000, val_mse_loss-0.0003371, val_kl_loss-0.0000000
2025-03-06 01:41:38 - INFO - epoch-456, train_mse_loss-0.0003241, train_kl_loss-0.0000000, val_mse_loss-0.0003365, val_kl_loss-0.0000000
2025-03-06 01:45:56 - INFO - epoch-457, train_mse_loss-0.0003241, train_kl_loss-0.0000000, val_mse_loss-0.0003376, val_kl_loss-0.0000000
2025-03-06 01:50:14 - INFO - epoch-458, train_mse_loss-0.0003241, train_kl_loss-0.0000000, val_mse_loss-0.0003379, val_kl_loss-0.0000000
2025-03-06 01:54:33 - INFO - epoch-459, train_mse_loss-0.0003241, train_kl_loss-0.0000000, val_mse_loss-0.0003373, val_kl_loss-0.0000000
2025-03-06 01:58:52 - INFO - epoch-460, train_mse_loss-0.0003241, train_kl_loss-0.0000000, val_mse_loss-0.0003374, val_kl_loss-0.0000000
2025-03-06 02:03:10 - INFO - epoch-461, train_mse_loss-0.0003241, train_kl_loss-0.0000000, val_mse_loss-0.0003371, val_kl_loss-0.0000000
2025-03-06 02:07:28 - INFO - epoch-462, train_mse_loss-0.0003241, train_kl_loss-0.0000000, val_mse_loss-0.0003377, val_kl_loss-0.0000000
2025-03-06 02:11:47 - INFO - epoch-463, train_mse_loss-0.0003241, train_kl_loss-0.0000000, val_mse_loss-0.0003374, val_kl_loss-0.0000000
2025-03-06 02:16:05 - INFO - epoch-464, train_mse_loss-0.0003241, train_kl_loss-0.0000000, val_mse_loss-0.0003366, val_kl_loss-0.0000000
2025-03-06 02:20:23 - INFO - epoch-465, train_mse_loss-0.0003241, train_kl_loss-0.0000000, val_mse_loss-0.0003369, val_kl_loss-0.0000000
2025-03-06 02:24:40 - INFO - epoch-466, train_mse_loss-0.0003241, train_kl_loss-0.0000000, val_mse_loss-0.0003381, val_kl_loss-0.0000000
2025-03-06 02:28:59 - INFO - epoch-467, train_mse_loss-0.0003241, train_kl_loss-0.0000000, val_mse_loss-0.0003370, val_kl_loss-0.0000000
2025-03-06 02:33:18 - INFO - epoch-468, train_mse_loss-0.0003241, train_kl_loss-0.0000000, val_mse_loss-0.0003380, val_kl_loss-0.0000000
2025-03-06 02:37:38 - INFO - epoch-469, train_mse_loss-0.0003241, train_kl_loss-0.0000000, val_mse_loss-0.0003375, val_kl_loss-0.0000000
2025-03-06 02:41:57 - INFO - epoch-470, train_mse_loss-0.0003241, train_kl_loss-0.0000000, val_mse_loss-0.0003386, val_kl_loss-0.0000000
2025-03-06 02:46:15 - INFO - epoch-471, train_mse_loss-0.0003241, train_kl_loss-0.0000000, val_mse_loss-0.0003374, val_kl_loss-0.0000000
2025-03-06 02:50:32 - INFO - epoch-472, train_mse_loss-0.0003241, train_kl_loss-0.0000000, val_mse_loss-0.0003368, val_kl_loss-0.0000000
2025-03-06 02:54:50 - INFO - epoch-473, train_mse_loss-0.0003241, train_kl_loss-0.0000000, val_mse_loss-0.0003364, val_kl_loss-0.0000000
2025-03-06 02:59:08 - INFO - epoch-474, train_mse_loss-0.0003241, train_kl_loss-0.0000000, val_mse_loss-0.0003372, val_kl_loss-0.0000000
2025-03-06 03:03:25 - INFO - epoch-475, train_mse_loss-0.0003241, train_kl_loss-0.0000000, val_mse_loss-0.0003371, val_kl_loss-0.0000000
2025-03-06 03:07:44 - INFO - epoch-476, train_mse_loss-0.0003241, train_kl_loss-0.0000000, val_mse_loss-0.0003359, val_kl_loss-0.0000000
2025-03-06 03:12:03 - INFO - epoch-477, train_mse_loss-0.0003241, train_kl_loss-0.0000000, val_mse_loss-0.0003362, val_kl_loss-0.0000000
2025-03-06 03:16:23 - INFO - epoch-478, train_mse_loss-0.0003241, train_kl_loss-0.0000000, val_mse_loss-0.0003375, val_kl_loss-0.0000000
2025-03-06 03:20:41 - INFO - epoch-479, train_mse_loss-0.0003241, train_kl_loss-0.0000000, val_mse_loss-0.0003375, val_kl_loss-0.0000000
2025-03-06 03:24:59 - INFO - epoch-480, train_mse_loss-0.0003241, train_kl_loss-0.0000000, val_mse_loss-0.0003365, val_kl_loss-0.0000000
2025-03-06 03:29:18 - INFO - epoch-481, train_mse_loss-0.0003241, train_kl_loss-0.0000000, val_mse_loss-0.0003377, val_kl_loss-0.0000000
2025-03-06 03:33:37 - INFO - epoch-482, train_mse_loss-0.0003241, train_kl_loss-0.0000000, val_mse_loss-0.0003368, val_kl_loss-0.0000000
2025-03-06 03:37:58 - INFO - epoch-483, train_mse_loss-0.0003241, train_kl_loss-0.0000000, val_mse_loss-0.0003379, val_kl_loss-0.0000000
2025-03-06 03:42:20 - INFO - epoch-484, train_mse_loss-0.0003241, train_kl_loss-0.0000000, val_mse_loss-0.0003364, val_kl_loss-0.0000000
2025-03-06 03:46:39 - INFO - epoch-485, train_mse_loss-0.0003241, train_kl_loss-0.0000000, val_mse_loss-0.0003364, val_kl_loss-0.0000000
2025-03-06 03:50:59 - INFO - epoch-486, train_mse_loss-0.0003241, train_kl_loss-0.0000000, val_mse_loss-0.0003370, val_kl_loss-0.0000000
2025-03-06 03:55:18 - INFO - epoch-487, train_mse_loss-0.0003241, train_kl_loss-0.0000000, val_mse_loss-0.0003354, val_kl_loss-0.0000000
2025-03-06 03:59:39 - INFO - epoch-488, train_mse_loss-0.0003241, train_kl_loss-0.0000000, val_mse_loss-0.0003373, val_kl_loss-0.0000000
2025-03-06 04:03:56 - INFO - epoch-489, train_mse_loss-0.0003241, train_kl_loss-0.0000000, val_mse_loss-0.0003371, val_kl_loss-0.0000000
2025-03-06 04:08:13 - INFO - epoch-490, train_mse_loss-0.0003241, train_kl_loss-0.0000000, val_mse_loss-0.0003356, val_kl_loss-0.0000000
2025-03-06 04:12:30 - INFO - epoch-491, train_mse_loss-0.0003241, train_kl_loss-0.0000000, val_mse_loss-0.0003355, val_kl_loss-0.0000000
2025-03-06 04:16:48 - INFO - epoch-492, train_mse_loss-0.0003241, train_kl_loss-0.0000000, val_mse_loss-0.0003372, val_kl_loss-0.0000000
2025-03-06 04:21:05 - INFO - epoch-493, train_mse_loss-0.0003241, train_kl_loss-0.0000000, val_mse_loss-0.0003357, val_kl_loss-0.0000000
2025-03-06 04:25:23 - INFO - epoch-494, train_mse_loss-0.0003241, train_kl_loss-0.0000000, val_mse_loss-0.0003356, val_kl_loss-0.0000000
2025-03-06 04:29:40 - INFO - epoch-495, train_mse_loss-0.0003241, train_kl_loss-0.0000000, val_mse_loss-0.0003364, val_kl_loss-0.0000000
2025-03-06 04:33:57 - INFO - epoch-496, train_mse_loss-0.0003242, train_kl_loss-0.0000000, val_mse_loss-0.0003386, val_kl_loss-0.0000000
2025-03-06 04:38:16 - INFO - epoch-497, train_mse_loss-0.0003242, train_kl_loss-0.0000000, val_mse_loss-0.0003359, val_kl_loss-0.0000000
2025-03-06 04:42:35 - INFO - epoch-498, train_mse_loss-0.0003242, train_kl_loss-0.0000000, val_mse_loss-0.0003364, val_kl_loss-0.0000000
2025-03-06 04:46:55 - INFO - epoch-499, train_mse_loss-0.0003242, train_kl_loss-0.0000000, val_mse_loss-0.0003369, val_kl_loss-0.0000000
