2024-12-20 23:19:09 - INFO - /mnt/cephfs/projects/2023110101_Ligand_fitting_to_EM_maps/My_Code/CryoLigate_Github/CryoLigate/GIGN/GIGN_EM/For_Elisei_Nov_2024/CryoLigate_GIGN_Unet/train_example.py
2024-12-20 23:19:09 - INFO - train data: 6809
2024-12-20 23:19:09 - INFO - valid data: 757
2024-12-20 23:19:26 - INFO - Initial_train_loss-0.0053614  Initial_val_loss-0.0053986
2024-12-20 23:20:04 - INFO - epoch-0, train_loss-0.0069496, val_loss-0.0275442
2024-12-20 23:20:42 - INFO - epoch-1, train_loss-0.0007187, val_loss-0.0303723
2024-12-20 23:21:20 - INFO - epoch-2, train_loss-0.0006979, val_loss-0.0294924
2024-12-20 23:21:58 - INFO - epoch-3, train_loss-0.0006855, val_loss-0.0283933
2024-12-20 23:22:36 - INFO - epoch-4, train_loss-0.0006782, val_loss-0.0278147
2024-12-20 23:23:14 - INFO - epoch-5, train_loss-0.0006729, val_loss-0.0264632
2024-12-20 23:23:52 - INFO - epoch-6, train_loss-0.0006685, val_loss-0.0256137
2024-12-20 23:24:30 - INFO - epoch-7, train_loss-0.0006658, val_loss-0.0255752
2024-12-20 23:25:08 - INFO - epoch-8, train_loss-0.0006640, val_loss-0.0257971
2024-12-20 23:25:46 - INFO - epoch-9, train_loss-0.0006624, val_loss-0.0242427
2024-12-20 23:26:24 - INFO - epoch-10, train_loss-0.0006615, val_loss-0.0244426
2024-12-20 23:27:02 - INFO - epoch-11, train_loss-0.0006611, val_loss-0.0236546
2024-12-20 23:27:40 - INFO - epoch-12, train_loss-0.0006605, val_loss-0.0230646
2024-12-20 23:28:18 - INFO - epoch-13, train_loss-0.0006596, val_loss-0.0231859
2024-12-20 23:28:56 - INFO - epoch-14, train_loss-0.0006591, val_loss-0.0229418
2024-12-20 23:29:34 - INFO - epoch-15, train_loss-0.0006589, val_loss-0.0230670
2024-12-20 23:30:13 - INFO - epoch-16, train_loss-0.0006583, val_loss-0.0214798
2024-12-20 23:30:51 - INFO - epoch-17, train_loss-0.0006579, val_loss-0.0220114
2024-12-20 23:31:29 - INFO - epoch-18, train_loss-0.0006576, val_loss-0.0213179
2024-12-20 23:32:07 - INFO - epoch-19, train_loss-0.0006573, val_loss-0.0215404
2024-12-20 23:32:46 - INFO - epoch-20, train_loss-0.0006573, val_loss-0.0215456
2024-12-20 23:33:24 - INFO - epoch-21, train_loss-0.0006571, val_loss-0.0209436
2024-12-20 23:34:02 - INFO - epoch-22, train_loss-0.0006568, val_loss-0.0205448
2024-12-20 23:34:40 - INFO - epoch-23, train_loss-0.0006566, val_loss-0.0200764
2024-12-20 23:35:18 - INFO - epoch-24, train_loss-0.0006565, val_loss-0.0195686
2024-12-20 23:35:56 - INFO - epoch-25, train_loss-0.0006561, val_loss-0.0141945
2024-12-20 23:36:34 - INFO - epoch-26, train_loss-0.0006545, val_loss-0.0136494
2024-12-20 23:37:12 - INFO - epoch-27, train_loss-0.0006535, val_loss-0.0143934
2024-12-20 23:37:51 - INFO - epoch-28, train_loss-0.0006523, val_loss-0.0133519
2024-12-20 23:38:29 - INFO - epoch-29, train_loss-0.0006514, val_loss-0.0167644
2024-12-20 23:39:08 - INFO - epoch-30, train_loss-0.0006509, val_loss-0.0141452
2024-12-20 23:39:47 - INFO - epoch-31, train_loss-0.0006507, val_loss-0.0171307
2024-12-20 23:40:25 - INFO - epoch-32, train_loss-0.0006500, val_loss-0.0130355
2024-12-20 23:41:03 - INFO - epoch-33, train_loss-0.0006499, val_loss-0.0147713
2024-12-20 23:41:41 - INFO - epoch-34, train_loss-0.0006497, val_loss-0.0140513
2024-12-20 23:42:19 - INFO - epoch-35, train_loss-0.0006496, val_loss-0.0115529
2024-12-20 23:42:58 - INFO - epoch-36, train_loss-0.0006495, val_loss-0.0137639
2024-12-20 23:43:35 - INFO - epoch-37, train_loss-0.0006493, val_loss-0.0156229
2024-12-20 23:44:14 - INFO - epoch-38, train_loss-0.0006494, val_loss-0.0119376
2024-12-20 23:44:53 - INFO - epoch-39, train_loss-0.0006492, val_loss-0.0059223
2024-12-20 23:45:31 - INFO - epoch-40, train_loss-0.0006488, val_loss-0.0137095
2024-12-20 23:46:10 - INFO - epoch-41, train_loss-0.0006487, val_loss-0.0077030
2024-12-20 23:46:49 - INFO - epoch-42, train_loss-0.0006486, val_loss-0.0080838
2024-12-20 23:47:27 - INFO - epoch-43, train_loss-0.0006487, val_loss-0.0144280
2024-12-20 23:48:06 - INFO - epoch-44, train_loss-0.0006486, val_loss-0.0158209
2024-12-20 23:48:45 - INFO - epoch-45, train_loss-0.0006487, val_loss-0.0087875
2024-12-20 23:49:24 - INFO - epoch-46, train_loss-0.0006485, val_loss-0.0146681
2024-12-20 23:50:02 - INFO - epoch-47, train_loss-0.0006484, val_loss-0.0084380
2024-12-20 23:50:40 - INFO - epoch-48, train_loss-0.0006483, val_loss-0.0061253
2024-12-20 23:51:18 - INFO - epoch-49, train_loss-0.0006481, val_loss-0.0031378
2024-12-20 23:51:57 - INFO - epoch-50, train_loss-0.0006479, val_loss-0.0063093
2024-12-20 23:52:35 - INFO - epoch-51, train_loss-0.0006478, val_loss-0.0071205
2024-12-20 23:53:13 - INFO - epoch-52, train_loss-0.0006476, val_loss-0.0057909
2024-12-20 23:53:51 - INFO - epoch-53, train_loss-0.0006476, val_loss-0.0067303
2024-12-20 23:54:29 - INFO - epoch-54, train_loss-0.0006470, val_loss-0.0039577
2024-12-20 23:55:07 - INFO - epoch-55, train_loss-0.0006482, val_loss-0.0035798
2024-12-20 23:55:45 - INFO - epoch-56, train_loss-0.0006472, val_loss-0.0024757
2024-12-20 23:56:23 - INFO - epoch-57, train_loss-0.0006466, val_loss-0.0022533
2024-12-20 23:57:01 - INFO - epoch-58, train_loss-0.0006463, val_loss-0.0015756
2024-12-20 23:57:39 - INFO - epoch-59, train_loss-0.0006462, val_loss-0.0024174
2024-12-20 23:58:17 - INFO - epoch-60, train_loss-0.0006456, val_loss-0.0011421
2024-12-20 23:58:55 - INFO - epoch-61, train_loss-0.0006458, val_loss-0.0013167
2024-12-20 23:59:33 - INFO - epoch-62, train_loss-0.0006450, val_loss-0.0149221
2024-12-21 00:00:11 - INFO - epoch-63, train_loss-0.0006449, val_loss-0.0013756
2024-12-21 00:00:49 - INFO - epoch-64, train_loss-0.0006451, val_loss-0.0023601
2024-12-21 00:02:00 - INFO - epoch-65, train_loss-0.0006443, val_loss-0.0013225
2024-12-21 00:04:25 - INFO - epoch-66, train_loss-0.0006443, val_loss-0.0048930
2024-12-21 00:05:03 - INFO - epoch-67, train_loss-0.0006444, val_loss-0.0011553
2024-12-21 00:05:41 - INFO - epoch-68, train_loss-0.0006438, val_loss-0.0035357
2024-12-21 00:06:19 - INFO - epoch-69, train_loss-0.0006450, val_loss-0.0037777
2024-12-21 00:06:57 - INFO - epoch-70, train_loss-0.0006434, val_loss-0.0016834
2024-12-21 00:07:35 - INFO - epoch-71, train_loss-0.0006432, val_loss-0.0011408
2024-12-21 00:08:13 - INFO - epoch-72, train_loss-0.0006475, val_loss-0.0033844
2024-12-21 00:08:52 - INFO - epoch-73, train_loss-0.0006497, val_loss-0.0011128
2024-12-21 00:09:30 - INFO - epoch-74, train_loss-0.0006455, val_loss-0.0010008
2024-12-21 00:10:08 - INFO - epoch-75, train_loss-0.0006440, val_loss-0.0009374
2024-12-21 00:10:46 - INFO - epoch-76, train_loss-0.0006433, val_loss-0.0011167
2024-12-21 00:11:24 - INFO - epoch-77, train_loss-0.0006427, val_loss-0.0010142
2024-12-21 00:12:02 - INFO - epoch-78, train_loss-0.0006428, val_loss-0.0009712
2024-12-21 00:12:40 - INFO - epoch-79, train_loss-0.0006422, val_loss-0.0011438
2024-12-21 00:13:17 - INFO - epoch-80, train_loss-0.0006416, val_loss-0.0009057
2024-12-21 00:13:55 - INFO - epoch-81, train_loss-0.0006414, val_loss-0.0012438
2024-12-21 00:14:33 - INFO - epoch-82, train_loss-0.0007285, val_loss-0.0007593
2024-12-21 00:15:11 - INFO - epoch-83, train_loss-0.0006554, val_loss-0.0007726
2024-12-21 00:15:49 - INFO - epoch-84, train_loss-0.0006510, val_loss-0.0007740
2024-12-21 00:16:27 - INFO - epoch-85, train_loss-0.0006494, val_loss-0.0007822
2024-12-21 00:17:05 - INFO - epoch-86, train_loss-0.0006491, val_loss-0.0007886
2024-12-21 00:17:43 - INFO - epoch-87, train_loss-0.0006488, val_loss-0.0007882
2024-12-21 00:18:21 - INFO - epoch-88, train_loss-0.0006486, val_loss-0.0007914
2024-12-21 00:18:59 - INFO - epoch-89, train_loss-0.0006485, val_loss-0.0007952
2024-12-21 00:19:37 - INFO - epoch-90, train_loss-0.0006484, val_loss-0.0008070
2024-12-21 00:20:15 - INFO - epoch-91, train_loss-0.0006483, val_loss-0.0008086
2024-12-21 00:20:53 - INFO - epoch-92, train_loss-0.0006481, val_loss-0.0008468
2024-12-21 00:21:31 - INFO - epoch-93, train_loss-0.0006481, val_loss-0.0008577
2024-12-21 00:22:08 - INFO - epoch-94, train_loss-0.0006480, val_loss-0.0008683
2024-12-21 00:22:46 - INFO - epoch-95, train_loss-0.0006479, val_loss-0.0008783
2024-12-21 00:23:24 - INFO - epoch-96, train_loss-0.0006478, val_loss-0.0008792
2024-12-21 00:24:02 - INFO - epoch-97, train_loss-0.0006476, val_loss-0.0008742
2024-12-21 00:24:40 - INFO - epoch-98, train_loss-0.0006475, val_loss-0.0008708
2024-12-21 00:25:18 - INFO - epoch-99, train_loss-0.0006473, val_loss-0.0008648
2024-12-21 00:25:56 - INFO - epoch-100, train_loss-0.0006472, val_loss-0.0008618
2024-12-21 00:26:34 - INFO - epoch-101, train_loss-0.0006469, val_loss-0.0008505
2024-12-21 00:27:12 - INFO - epoch-102, train_loss-0.0006467, val_loss-0.0008397
2024-12-21 00:27:51 - INFO - epoch-103, train_loss-0.0006463, val_loss-0.0008239
2024-12-21 00:28:29 - INFO - epoch-104, train_loss-0.0006460, val_loss-0.0008167
2024-12-21 00:29:07 - INFO - epoch-105, train_loss-0.0006461, val_loss-0.0008098
2024-12-21 00:29:45 - INFO - epoch-106, train_loss-0.0006458, val_loss-0.0007877
2024-12-21 00:30:24 - INFO - epoch-107, train_loss-0.0006455, val_loss-0.0007779
2024-12-21 00:31:03 - INFO - epoch-108, train_loss-0.0006453, val_loss-0.0007658
2024-12-21 00:31:43 - INFO - epoch-109, train_loss-0.0006451, val_loss-0.0007666
2024-12-21 00:32:20 - INFO - epoch-110, train_loss-0.0006449, val_loss-0.0007574
2024-12-21 00:32:58 - INFO - epoch-111, train_loss-0.0006448, val_loss-0.0007585
2024-12-21 00:33:37 - INFO - epoch-112, train_loss-0.0006444, val_loss-0.0007445
2024-12-21 00:34:16 - INFO - epoch-113, train_loss-0.0006443, val_loss-0.0007345
2024-12-21 00:34:54 - INFO - epoch-114, train_loss-0.0006440, val_loss-0.0007443
2024-12-21 00:35:31 - INFO - epoch-115, train_loss-0.0006441, val_loss-0.0007462
2024-12-21 00:36:09 - INFO - epoch-116, train_loss-0.0006438, val_loss-0.0007581
2024-12-21 00:36:47 - INFO - epoch-117, train_loss-0.0006437, val_loss-0.0007409
2024-12-21 00:37:25 - INFO - epoch-118, train_loss-0.0006436, val_loss-0.0007397
2024-12-21 00:38:03 - INFO - epoch-119, train_loss-0.0006433, val_loss-0.0007447
2024-12-21 00:38:41 - INFO - epoch-120, train_loss-0.0006432, val_loss-0.0007346
2024-12-21 00:39:19 - INFO - epoch-121, train_loss-0.0006431, val_loss-0.0007276
2024-12-21 00:39:57 - INFO - epoch-122, train_loss-0.0006429, val_loss-0.0007317
2024-12-21 00:40:35 - INFO - epoch-123, train_loss-0.0006429, val_loss-0.0007365
2024-12-21 00:41:13 - INFO - epoch-124, train_loss-0.0006427, val_loss-0.0007190
2024-12-21 00:41:50 - INFO - epoch-125, train_loss-0.0006426, val_loss-0.0007331
2024-12-21 00:42:28 - INFO - epoch-126, train_loss-0.0006426, val_loss-0.0007253
2024-12-21 00:43:06 - INFO - epoch-127, train_loss-0.0006423, val_loss-0.0007095
2024-12-21 00:43:44 - INFO - epoch-128, train_loss-0.0006423, val_loss-0.0007087
2024-12-21 00:44:22 - INFO - epoch-129, train_loss-0.0006423, val_loss-0.0007125
2024-12-21 00:45:00 - INFO - epoch-130, train_loss-0.0006421, val_loss-0.0007091
2024-12-21 00:45:38 - INFO - epoch-131, train_loss-0.0006420, val_loss-0.0007160
2024-12-21 00:46:16 - INFO - epoch-132, train_loss-0.0006418, val_loss-0.0007169
2024-12-21 00:46:55 - INFO - epoch-133, train_loss-0.0006417, val_loss-0.0007156
2024-12-21 00:47:33 - INFO - epoch-134, train_loss-0.0006415, val_loss-0.0007159
2024-12-21 00:48:10 - INFO - epoch-135, train_loss-0.0006415, val_loss-0.0007204
2024-12-21 00:48:48 - INFO - epoch-136, train_loss-0.0006414, val_loss-0.0007191
2024-12-21 00:49:26 - INFO - epoch-137, train_loss-0.0006415, val_loss-0.0007272
2024-12-21 00:50:05 - INFO - epoch-138, train_loss-0.0006412, val_loss-0.0007247
2024-12-21 00:50:43 - INFO - epoch-139, train_loss-0.0006411, val_loss-0.0007180
2024-12-21 00:51:21 - INFO - epoch-140, train_loss-0.0006411, val_loss-0.0007099
2024-12-21 00:51:59 - INFO - epoch-141, train_loss-0.0006409, val_loss-0.0007044
2024-12-21 00:52:37 - INFO - epoch-142, train_loss-0.0006408, val_loss-0.0007044
2024-12-21 00:53:16 - INFO - epoch-143, train_loss-0.0006406, val_loss-0.0007061
2024-12-21 00:53:54 - INFO - epoch-144, train_loss-0.0006407, val_loss-0.0007116
2024-12-21 00:54:32 - INFO - epoch-145, train_loss-0.0006405, val_loss-0.0007105
2024-12-21 00:55:24 - INFO - epoch-146, train_loss-0.0006403, val_loss-0.0007097
2024-12-21 00:58:14 - INFO - epoch-147, train_loss-0.0006402, val_loss-0.0007123
2024-12-21 00:58:52 - INFO - epoch-148, train_loss-0.0006401, val_loss-0.0007120
2024-12-21 00:59:30 - INFO - epoch-149, train_loss-0.0006399, val_loss-0.0007068
2024-12-21 01:00:08 - INFO - epoch-150, train_loss-0.0006399, val_loss-0.0007053
2024-12-21 01:00:46 - INFO - epoch-151, train_loss-0.0006397, val_loss-0.0007112
2024-12-21 01:01:23 - INFO - epoch-152, train_loss-0.0006397, val_loss-0.0007082
2024-12-21 01:02:01 - INFO - epoch-153, train_loss-0.0006395, val_loss-0.0007128
2024-12-21 01:02:39 - INFO - epoch-154, train_loss-0.0006393, val_loss-0.0007059
2024-12-21 01:03:17 - INFO - epoch-155, train_loss-0.0006390, val_loss-0.0007124
2024-12-21 01:03:55 - INFO - epoch-156, train_loss-0.0006390, val_loss-0.0007071
2024-12-21 01:04:33 - INFO - epoch-157, train_loss-0.0006388, val_loss-0.0007113
2024-12-21 01:05:11 - INFO - epoch-158, train_loss-0.0006388, val_loss-0.0007057
2024-12-21 01:05:49 - INFO - epoch-159, train_loss-0.0006387, val_loss-0.0007078
2024-12-21 01:06:27 - INFO - epoch-160, train_loss-0.0006386, val_loss-0.0007067
2024-12-21 01:07:06 - INFO - epoch-161, train_loss-0.0006382, val_loss-0.0007177
2024-12-21 01:07:44 - INFO - epoch-162, train_loss-0.0006380, val_loss-0.0007058
2024-12-21 01:08:22 - INFO - epoch-163, train_loss-0.0006380, val_loss-0.0007035
2024-12-21 01:09:00 - INFO - epoch-164, train_loss-0.0006377, val_loss-0.0007053
2024-12-21 01:09:39 - INFO - epoch-165, train_loss-0.0006379, val_loss-0.0007085
2024-12-21 01:10:17 - INFO - epoch-166, train_loss-0.0006379, val_loss-0.0007066
2024-12-21 01:10:55 - INFO - epoch-167, train_loss-0.0006374, val_loss-0.0007081
2024-12-21 01:11:32 - INFO - epoch-168, train_loss-0.0006372, val_loss-0.0007033
2024-12-21 01:12:10 - INFO - epoch-169, train_loss-0.0006374, val_loss-0.0007050
2024-12-21 01:12:48 - INFO - epoch-170, train_loss-0.0006374, val_loss-0.0007042
2024-12-21 01:13:26 - INFO - epoch-171, train_loss-0.0006367, val_loss-0.0007043
2024-12-21 01:14:04 - INFO - epoch-172, train_loss-0.0006367, val_loss-0.0007040
2024-12-21 01:14:42 - INFO - epoch-173, train_loss-0.0006362, val_loss-0.0007032
2024-12-21 01:15:19 - INFO - epoch-174, train_loss-0.0006361, val_loss-0.0007047
2024-12-21 01:15:57 - INFO - epoch-175, train_loss-0.0006357, val_loss-0.0007022
2024-12-21 01:16:35 - INFO - epoch-176, train_loss-0.0006358, val_loss-0.0007061
2024-12-21 01:17:13 - INFO - epoch-177, train_loss-0.0006360, val_loss-0.0007051
2024-12-21 01:17:52 - INFO - epoch-178, train_loss-0.0006361, val_loss-0.0007021
2024-12-21 01:18:30 - INFO - epoch-179, train_loss-0.0006356, val_loss-0.0007066
2024-12-21 01:19:09 - INFO - epoch-180, train_loss-0.0006353, val_loss-0.0007019
2024-12-21 01:19:47 - INFO - epoch-181, train_loss-0.0006351, val_loss-0.0007070
2024-12-21 01:20:24 - INFO - epoch-182, train_loss-0.0006350, val_loss-0.0007065
2024-12-21 01:21:02 - INFO - epoch-183, train_loss-0.0006345, val_loss-0.0007058
2024-12-21 01:21:40 - INFO - epoch-184, train_loss-0.0006352, val_loss-0.0007137
2024-12-21 01:22:18 - INFO - epoch-185, train_loss-0.0006348, val_loss-0.0007107
2024-12-21 01:22:57 - INFO - epoch-186, train_loss-0.0006348, val_loss-0.0007036
2024-12-21 01:23:34 - INFO - epoch-187, train_loss-0.0006341, val_loss-0.0007046
2024-12-21 01:24:12 - INFO - epoch-188, train_loss-0.0006331, val_loss-0.0007053
2024-12-21 01:24:50 - INFO - epoch-189, train_loss-0.0006329, val_loss-0.0007055
2024-12-21 01:25:28 - INFO - epoch-190, train_loss-0.0006326, val_loss-0.0007101
2024-12-21 01:26:06 - INFO - epoch-191, train_loss-0.0006329, val_loss-0.0007085
2024-12-21 01:26:44 - INFO - epoch-192, train_loss-0.0006333, val_loss-0.0007126
2024-12-21 01:27:22 - INFO - epoch-193, train_loss-0.0006331, val_loss-0.0007088
2024-12-21 01:28:00 - INFO - epoch-194, train_loss-0.0006324, val_loss-0.0007163
2024-12-21 01:28:38 - INFO - epoch-195, train_loss-0.0006329, val_loss-0.0007089
2024-12-21 01:29:16 - INFO - epoch-196, train_loss-0.0006328, val_loss-0.0007119
2024-12-21 01:29:54 - INFO - epoch-197, train_loss-0.0006321, val_loss-0.0007039
2024-12-21 01:30:33 - INFO - epoch-198, train_loss-0.0006313, val_loss-0.0007051
2024-12-21 01:31:11 - INFO - epoch-199, train_loss-0.0006314, val_loss-0.0007191
2024-12-21 01:31:48 - INFO - epoch-200, train_loss-0.0006320, val_loss-0.0007161
2024-12-21 01:32:26 - INFO - epoch-201, train_loss-0.0006312, val_loss-0.0007256
2024-12-21 01:33:04 - INFO - epoch-202, train_loss-0.0006316, val_loss-0.0007208
2024-12-21 01:33:42 - INFO - epoch-203, train_loss-0.0006306, val_loss-0.0007119
2024-12-21 01:34:19 - INFO - epoch-204, train_loss-0.0006307, val_loss-0.0007155
2024-12-21 01:34:57 - INFO - epoch-205, train_loss-0.0006311, val_loss-0.0007037
2024-12-21 01:35:35 - INFO - epoch-206, train_loss-0.0006307, val_loss-0.0007200
2024-12-21 01:36:14 - INFO - epoch-207, train_loss-0.0006299, val_loss-0.0007119
2024-12-21 01:36:52 - INFO - epoch-208, train_loss-0.0006266, val_loss-0.0007155
2024-12-21 01:37:30 - INFO - epoch-209, train_loss-0.0006253, val_loss-0.0007073
2024-12-21 01:38:07 - INFO - epoch-210, train_loss-0.0006270, val_loss-0.0007063
2024-12-21 01:38:46 - INFO - epoch-211, train_loss-0.0006269, val_loss-0.0007184
2024-12-21 01:39:24 - INFO - epoch-212, train_loss-0.0006256, val_loss-0.0007174
2024-12-21 01:40:02 - INFO - epoch-213, train_loss-0.0006253, val_loss-0.0007203
2024-12-21 01:40:40 - INFO - epoch-214, train_loss-0.0006289, val_loss-0.0007123
2024-12-21 01:41:18 - INFO - epoch-215, train_loss-0.0006288, val_loss-0.0007111
2024-12-21 01:41:55 - INFO - epoch-216, train_loss-0.0006301, val_loss-0.0007098
2024-12-21 01:42:33 - INFO - epoch-217, train_loss-0.0006266, val_loss-0.0007056
2024-12-21 01:43:11 - INFO - epoch-218, train_loss-0.0006255, val_loss-0.0007197
2024-12-21 01:43:50 - INFO - epoch-219, train_loss-0.0006243, val_loss-0.0007208
2024-12-21 01:44:29 - INFO - epoch-220, train_loss-0.0006231, val_loss-0.0007168
2024-12-21 01:45:07 - INFO - epoch-221, train_loss-0.0006223, val_loss-0.0007160
2024-12-21 01:45:44 - INFO - epoch-222, train_loss-0.0006210, val_loss-0.0007255
2024-12-21 01:46:22 - INFO - epoch-223, train_loss-0.0006201, val_loss-0.0007181
2024-12-21 01:47:01 - INFO - epoch-224, train_loss-0.0006195, val_loss-0.0007259
2024-12-21 01:47:39 - INFO - epoch-225, train_loss-0.0006185, val_loss-0.0007054
2024-12-21 01:48:17 - INFO - epoch-226, train_loss-0.0006192, val_loss-0.0007143
2024-12-21 01:48:54 - INFO - epoch-227, train_loss-0.0006189, val_loss-0.0007132
2024-12-21 01:52:37 - INFO - epoch-228, train_loss-0.0006181, val_loss-0.0007070
2024-12-21 01:53:15 - INFO - epoch-229, train_loss-0.0006168, val_loss-0.0007094
2024-12-21 01:53:52 - INFO - epoch-230, train_loss-0.0006163, val_loss-0.0007114
2024-12-21 01:54:30 - INFO - epoch-231, train_loss-0.0006175, val_loss-0.0007092
2024-12-21 01:55:09 - INFO - epoch-232, train_loss-0.0006157, val_loss-0.0007062
2024-12-21 01:55:47 - INFO - epoch-233, train_loss-0.0006152, val_loss-0.0007103
2024-12-21 01:56:25 - INFO - epoch-234, train_loss-0.0006145, val_loss-0.0007054
2024-12-21 01:57:03 - INFO - epoch-235, train_loss-0.0006139, val_loss-0.0007089
2024-12-21 01:57:40 - INFO - epoch-236, train_loss-0.0006136, val_loss-0.0007068
2024-12-21 01:58:18 - INFO - epoch-237, train_loss-0.0006139, val_loss-0.0007105
2024-12-21 01:58:56 - INFO - epoch-238, train_loss-0.0006129, val_loss-0.0007107
2024-12-21 01:59:34 - INFO - epoch-239, train_loss-0.0006135, val_loss-0.0007077
2024-12-21 02:00:11 - INFO - epoch-240, train_loss-0.0006127, val_loss-0.0007062
2024-12-21 02:00:49 - INFO - epoch-241, train_loss-0.0006144, val_loss-0.0007079
2024-12-21 02:01:27 - INFO - epoch-242, train_loss-0.0006142, val_loss-0.0007069
2024-12-21 02:02:04 - INFO - epoch-243, train_loss-0.0006111, val_loss-0.0007055
2024-12-21 02:02:42 - INFO - epoch-244, train_loss-0.0006098, val_loss-0.0007079
2024-12-21 02:03:20 - INFO - epoch-245, train_loss-0.0006096, val_loss-0.0007052
2024-12-21 02:03:58 - INFO - epoch-246, train_loss-0.0006091, val_loss-0.0007061
2024-12-21 02:04:35 - INFO - epoch-247, train_loss-0.0006089, val_loss-0.0007062
2024-12-21 02:05:13 - INFO - epoch-248, train_loss-0.0006086, val_loss-0.0007080
2024-12-21 02:05:52 - INFO - epoch-249, train_loss-0.0006078, val_loss-0.0007089
2024-12-21 02:06:30 - INFO - epoch-250, train_loss-0.0006062, val_loss-0.0007100
2024-12-21 02:07:08 - INFO - epoch-251, train_loss-0.0006068, val_loss-0.0007092
2024-12-21 02:07:45 - INFO - epoch-252, train_loss-0.0006060, val_loss-0.0007090
2024-12-21 02:08:24 - INFO - epoch-253, train_loss-0.0006043, val_loss-0.0007116
2024-12-21 02:09:03 - INFO - epoch-254, train_loss-0.0006053, val_loss-0.0007047
2024-12-21 02:09:41 - INFO - epoch-255, train_loss-0.0006044, val_loss-0.0007064
2024-12-21 02:10:19 - INFO - epoch-256, train_loss-0.0006056, val_loss-0.0007047
2024-12-21 02:10:56 - INFO - epoch-257, train_loss-0.0006063, val_loss-0.0007060
2024-12-21 02:11:34 - INFO - epoch-258, train_loss-0.0006037, val_loss-0.0007052
2024-12-21 02:12:12 - INFO - epoch-259, train_loss-0.0006018, val_loss-0.0007035
2024-12-21 02:12:49 - INFO - epoch-260, train_loss-0.0006047, val_loss-0.0007060
2024-12-21 02:13:27 - INFO - epoch-261, train_loss-0.0006036, val_loss-0.0007054
2024-12-21 02:14:05 - INFO - epoch-262, train_loss-0.0006044, val_loss-0.0007084
2024-12-21 02:14:44 - INFO - epoch-263, train_loss-0.0006070, val_loss-0.0007082
2024-12-21 02:15:23 - INFO - epoch-264, train_loss-0.0006022, val_loss-0.0007047
2024-12-21 02:16:01 - INFO - epoch-265, train_loss-0.0006010, val_loss-0.0007067
2024-12-21 02:16:38 - INFO - epoch-266, train_loss-0.0006028, val_loss-0.0007054
2024-12-21 02:17:16 - INFO - epoch-267, train_loss-0.0005999, val_loss-0.0007072
2024-12-21 02:17:55 - INFO - epoch-268, train_loss-0.0005987, val_loss-0.0007078
2024-12-21 02:18:33 - INFO - epoch-269, train_loss-0.0005980, val_loss-0.0007100
2024-12-21 02:19:10 - INFO - epoch-270, train_loss-0.0005984, val_loss-0.0007084
2024-12-21 02:19:48 - INFO - epoch-271, train_loss-0.0005984, val_loss-0.0007073
2024-12-21 02:20:26 - INFO - epoch-272, train_loss-0.0005965, val_loss-0.0007049
2024-12-21 02:21:04 - INFO - epoch-273, train_loss-0.0005946, val_loss-0.0007067
2024-12-21 02:21:41 - INFO - epoch-274, train_loss-0.0005971, val_loss-0.0007084
2024-12-21 02:22:19 - INFO - epoch-275, train_loss-0.0005994, val_loss-0.0007046
2024-12-21 02:22:57 - INFO - epoch-276, train_loss-0.0005997, val_loss-0.0007070
2024-12-21 02:23:34 - INFO - epoch-277, train_loss-0.0005983, val_loss-0.0007060
2024-12-21 02:24:12 - INFO - epoch-278, train_loss-0.0005971, val_loss-0.0007062
2024-12-21 02:24:50 - INFO - epoch-279, train_loss-0.0005974, val_loss-0.0007047
2024-12-21 02:25:28 - INFO - epoch-280, train_loss-0.0005961, val_loss-0.0007044
2024-12-21 02:26:05 - INFO - epoch-281, train_loss-0.0005958, val_loss-0.0007036
2024-12-21 02:26:43 - INFO - epoch-282, train_loss-0.0005952, val_loss-0.0007044
2024-12-21 02:27:21 - INFO - epoch-283, train_loss-0.0005942, val_loss-0.0007049
2024-12-21 02:27:58 - INFO - epoch-284, train_loss-0.0005943, val_loss-0.0007052
2024-12-21 02:28:36 - INFO - epoch-285, train_loss-0.0005928, val_loss-0.0007056
2024-12-21 02:29:14 - INFO - epoch-286, train_loss-0.0005940, val_loss-0.0007032
2024-12-21 02:29:52 - INFO - epoch-287, train_loss-0.0005936, val_loss-0.0007049
2024-12-21 02:30:29 - INFO - epoch-288, train_loss-0.0005931, val_loss-0.0007049
2024-12-21 02:31:07 - INFO - epoch-289, train_loss-0.0005924, val_loss-0.0007054
2024-12-21 02:31:45 - INFO - epoch-290, train_loss-0.0005932, val_loss-0.0007044
2024-12-21 02:32:23 - INFO - epoch-291, train_loss-0.0005938, val_loss-0.0007038
2024-12-21 02:33:00 - INFO - epoch-292, train_loss-0.0005936, val_loss-0.0007042
2024-12-21 02:33:38 - INFO - epoch-293, train_loss-0.0005935, val_loss-0.0007037
2024-12-21 02:34:16 - INFO - epoch-294, train_loss-0.0005914, val_loss-0.0007043
2024-12-21 02:34:54 - INFO - epoch-295, train_loss-0.0005901, val_loss-0.0007037
2024-12-21 02:35:33 - INFO - epoch-296, train_loss-0.0005919, val_loss-0.0007038
2024-12-21 02:36:10 - INFO - epoch-297, train_loss-0.0005914, val_loss-0.0007048
2024-12-21 02:36:48 - INFO - epoch-298, train_loss-0.0005901, val_loss-0.0007042
2024-12-21 02:37:25 - INFO - epoch-299, train_loss-0.0005911, val_loss-0.0007045
