2024-12-21 18:18:34 - INFO - /mnt/cephfs/projects/2023110101_Ligand_fitting_to_EM_maps/My_Code/CryoLigate_Github/CryoLigate/GIGN/GIGN_EM/For_Elisei_Nov_2024/CryoLigate_GIGN_Unet/train_example.py
2024-12-21 18:18:34 - INFO - train data: 6810
2024-12-21 18:18:34 - INFO - valid data: 756
2024-12-21 18:18:50 - INFO - Initial_train_loss-0.0008690  Initial_val_loss-0.0008442
2024-12-21 18:19:23 - INFO - epoch-0, train_loss-0.0071735, val_loss-0.0128600
2024-12-21 18:19:55 - INFO - epoch-1, train_loss-0.0007093, val_loss-0.0133615
2024-12-21 18:20:28 - INFO - epoch-2, train_loss-0.0006860, val_loss-0.0130054
2024-12-21 18:21:00 - INFO - epoch-3, train_loss-0.0006764, val_loss-0.0124489
2024-12-21 18:21:33 - INFO - epoch-4, train_loss-0.0006705, val_loss-0.0123932
2024-12-21 18:22:05 - INFO - epoch-5, train_loss-0.0006669, val_loss-0.0121430
2024-12-21 18:22:38 - INFO - epoch-6, train_loss-0.0006642, val_loss-0.0119656
2024-12-21 18:23:10 - INFO - epoch-7, train_loss-0.0006624, val_loss-0.0118232
2024-12-21 18:23:43 - INFO - epoch-8, train_loss-0.0006607, val_loss-0.0116555
2024-12-21 18:24:16 - INFO - epoch-9, train_loss-0.0006597, val_loss-0.0115549
2024-12-21 18:24:49 - INFO - epoch-10, train_loss-0.0006588, val_loss-0.0114745
2024-12-21 18:25:22 - INFO - epoch-11, train_loss-0.0006579, val_loss-0.0113565
2024-12-21 18:25:54 - INFO - epoch-12, train_loss-0.0006572, val_loss-0.0113178
2024-12-21 18:26:26 - INFO - epoch-13, train_loss-0.0006567, val_loss-0.0112214
2024-12-21 18:26:59 - INFO - epoch-14, train_loss-0.0006561, val_loss-0.0111559
2024-12-21 18:27:31 - INFO - epoch-15, train_loss-0.0006557, val_loss-0.0110618
2024-12-21 18:28:04 - INFO - epoch-16, train_loss-0.0006554, val_loss-0.0109704
2024-12-21 18:28:37 - INFO - epoch-17, train_loss-0.0006551, val_loss-0.0108780
2024-12-21 18:29:09 - INFO - epoch-18, train_loss-0.0006548, val_loss-0.0107877
2024-12-21 18:29:43 - INFO - epoch-19, train_loss-0.0006545, val_loss-0.0107174
2024-12-21 18:30:15 - INFO - epoch-20, train_loss-0.0006542, val_loss-0.0106212
2024-12-21 18:30:48 - INFO - epoch-21, train_loss-0.0006540, val_loss-0.0105306
2024-12-21 18:31:20 - INFO - epoch-22, train_loss-0.0006537, val_loss-0.0104275
2024-12-21 18:31:53 - INFO - epoch-23, train_loss-0.0006534, val_loss-0.0103426
2024-12-21 18:32:27 - INFO - epoch-24, train_loss-0.0006530, val_loss-0.0102502
2024-12-21 18:32:59 - INFO - epoch-25, train_loss-0.0006527, val_loss-0.0101749
2024-12-21 18:33:32 - INFO - epoch-26, train_loss-0.0006525, val_loss-0.0100862
2024-12-21 18:34:04 - INFO - epoch-27, train_loss-0.0006522, val_loss-0.0099932
2024-12-21 18:34:37 - INFO - epoch-28, train_loss-0.0006520, val_loss-0.0099179
2024-12-21 18:35:09 - INFO - epoch-29, train_loss-0.0006518, val_loss-0.0097309
2024-12-21 18:35:42 - INFO - epoch-30, train_loss-0.0006517, val_loss-0.0097724
2024-12-21 18:36:14 - INFO - epoch-31, train_loss-0.0006516, val_loss-0.0096378
2024-12-21 18:36:47 - INFO - epoch-32, train_loss-0.0006514, val_loss-0.0095555
2024-12-21 18:37:19 - INFO - epoch-33, train_loss-0.0006512, val_loss-0.0093443
2024-12-21 18:37:52 - INFO - epoch-34, train_loss-0.0006510, val_loss-0.0093228
2024-12-21 18:38:24 - INFO - epoch-35, train_loss-0.0006509, val_loss-0.0092584
2024-12-21 18:38:57 - INFO - epoch-36, train_loss-0.0006507, val_loss-0.0091393
2024-12-21 18:39:30 - INFO - epoch-37, train_loss-0.0006505, val_loss-0.0089283
2024-12-21 18:40:02 - INFO - epoch-38, train_loss-0.0006504, val_loss-0.0089136
2024-12-21 18:40:35 - INFO - epoch-39, train_loss-0.0006502, val_loss-0.0087375
2024-12-21 18:41:07 - INFO - epoch-40, train_loss-0.0006500, val_loss-0.0085362
2024-12-21 18:41:40 - INFO - epoch-41, train_loss-0.0006498, val_loss-0.0083008
2024-12-21 18:42:12 - INFO - epoch-42, train_loss-0.0006497, val_loss-0.0081521
2024-12-21 18:42:45 - INFO - epoch-43, train_loss-0.0006496, val_loss-0.0078508
2024-12-21 18:43:17 - INFO - epoch-44, train_loss-0.0006494, val_loss-0.0076506
2024-12-21 18:43:50 - INFO - epoch-45, train_loss-0.0006492, val_loss-0.0072862
2024-12-21 18:44:22 - INFO - epoch-46, train_loss-0.0006490, val_loss-0.0071309
2024-12-21 18:44:55 - INFO - epoch-47, train_loss-0.0006487, val_loss-0.0069602
2024-12-21 18:45:28 - INFO - epoch-48, train_loss-0.0006486, val_loss-0.0067272
2024-12-21 18:46:01 - INFO - epoch-49, train_loss-0.0006484, val_loss-0.0066026
2024-12-21 18:46:33 - INFO - epoch-50, train_loss-0.0006480, val_loss-0.0062167
2024-12-21 18:47:06 - INFO - epoch-51, train_loss-0.0006478, val_loss-0.0059542
2024-12-21 18:47:39 - INFO - epoch-52, train_loss-0.0006477, val_loss-0.0056687
2024-12-21 18:48:11 - INFO - epoch-53, train_loss-0.0006475, val_loss-0.0057190
2024-12-21 18:48:44 - INFO - epoch-54, train_loss-0.0006473, val_loss-0.0055786
2024-12-21 18:49:16 - INFO - epoch-55, train_loss-0.0006470, val_loss-0.0053498
2024-12-21 18:49:50 - INFO - epoch-56, train_loss-0.0006468, val_loss-0.0052017
2024-12-21 18:50:22 - INFO - epoch-57, train_loss-0.0006466, val_loss-0.0050556
2024-12-21 18:50:55 - INFO - epoch-58, train_loss-0.0006462, val_loss-0.0049995
2024-12-21 18:51:27 - INFO - epoch-59, train_loss-0.0006460, val_loss-0.0048415
2024-12-21 18:52:00 - INFO - epoch-60, train_loss-0.0006457, val_loss-0.0048358
2024-12-21 18:52:32 - INFO - epoch-61, train_loss-0.0006455, val_loss-0.0048015
2024-12-21 18:53:05 - INFO - epoch-62, train_loss-0.0006451, val_loss-0.0045929
2024-12-21 18:53:37 - INFO - epoch-63, train_loss-0.0006446, val_loss-0.0044338
2024-12-21 18:54:10 - INFO - epoch-64, train_loss-0.0006444, val_loss-0.0042386
2024-12-21 18:54:43 - INFO - epoch-65, train_loss-0.0006440, val_loss-0.0041220
2024-12-21 18:55:16 - INFO - epoch-66, train_loss-0.0006437, val_loss-0.0039479
2024-12-21 18:55:48 - INFO - epoch-67, train_loss-0.0006437, val_loss-0.0038733
2024-12-21 18:56:21 - INFO - epoch-68, train_loss-0.0006434, val_loss-0.0036711
2024-12-21 18:56:53 - INFO - epoch-69, train_loss-0.0006431, val_loss-0.0035267
2024-12-21 18:57:26 - INFO - epoch-70, train_loss-0.0006425, val_loss-0.0033734
2024-12-21 18:57:58 - INFO - epoch-71, train_loss-0.0006423, val_loss-0.0031859
2024-12-21 18:58:30 - INFO - epoch-72, train_loss-0.0006417, val_loss-0.0030102
2024-12-21 18:59:03 - INFO - epoch-73, train_loss-0.0006411, val_loss-0.0028492
2024-12-21 18:59:35 - INFO - epoch-74, train_loss-0.0006413, val_loss-0.0026460
2024-12-21 19:00:08 - INFO - epoch-75, train_loss-0.0006412, val_loss-0.0025174
2024-12-21 19:00:40 - INFO - epoch-76, train_loss-0.0006406, val_loss-0.0023573
2024-12-21 19:01:13 - INFO - epoch-77, train_loss-0.0006402, val_loss-0.0022355
2024-12-21 19:01:46 - INFO - epoch-78, train_loss-0.0006402, val_loss-0.0021293
2024-12-21 19:03:16 - INFO - epoch-79, train_loss-0.0006393, val_loss-0.0019782
2024-12-21 19:04:57 - INFO - epoch-80, train_loss-0.0006388, val_loss-0.0018529
2024-12-21 19:05:29 - INFO - epoch-81, train_loss-0.0006386, val_loss-0.0017355
2024-12-21 19:06:02 - INFO - epoch-82, train_loss-0.0006383, val_loss-0.0016905
2024-12-21 19:06:34 - INFO - epoch-83, train_loss-0.0006381, val_loss-0.0015261
2024-12-21 19:07:07 - INFO - epoch-84, train_loss-0.0006367, val_loss-0.0014566
2024-12-21 19:07:39 - INFO - epoch-85, train_loss-0.0006385, val_loss-0.0014633
2024-12-21 19:08:11 - INFO - epoch-86, train_loss-0.0006372, val_loss-0.0014099
2024-12-21 19:08:44 - INFO - epoch-87, train_loss-0.0006392, val_loss-0.0013272
2024-12-21 19:09:16 - INFO - epoch-88, train_loss-0.0006407, val_loss-0.0012051
2024-12-21 19:09:49 - INFO - epoch-89, train_loss-0.0006409, val_loss-0.0012062
2024-12-21 19:10:21 - INFO - epoch-90, train_loss-0.0006419, val_loss-0.0011545
2024-12-21 19:10:54 - INFO - epoch-91, train_loss-0.0006410, val_loss-0.0010659
2024-12-21 19:11:27 - INFO - epoch-92, train_loss-0.0006404, val_loss-0.0010314
2024-12-21 19:12:00 - INFO - epoch-93, train_loss-0.0006407, val_loss-0.0010694
2024-12-21 19:12:33 - INFO - epoch-94, train_loss-0.0006382, val_loss-0.0009968
2024-12-21 19:13:05 - INFO - epoch-95, train_loss-0.0006398, val_loss-0.0010635
2024-12-21 19:13:38 - INFO - epoch-96, train_loss-0.0006404, val_loss-0.0009034
2024-12-21 19:14:10 - INFO - epoch-97, train_loss-0.0006392, val_loss-0.0008341
2024-12-21 19:14:43 - INFO - epoch-98, train_loss-0.0006465, val_loss-0.0026989
2024-12-21 19:15:15 - INFO - epoch-99, train_loss-0.0006477, val_loss-0.0047103
2024-12-21 19:15:47 - INFO - epoch-100, train_loss-0.0006357, val_loss-0.0031900
2024-12-21 19:16:20 - INFO - epoch-101, train_loss-0.0006353, val_loss-0.0027145
2024-12-21 19:16:52 - INFO - epoch-102, train_loss-0.0006384, val_loss-0.0025673
2024-12-21 19:17:25 - INFO - epoch-103, train_loss-0.0006342, val_loss-0.0020613
2024-12-21 19:17:57 - INFO - epoch-104, train_loss-0.0006344, val_loss-0.0019998
2024-12-21 19:18:29 - INFO - epoch-105, train_loss-0.0006295, val_loss-0.0017600
2024-12-21 19:19:02 - INFO - epoch-106, train_loss-0.0006314, val_loss-0.0016493
2024-12-21 19:19:34 - INFO - epoch-107, train_loss-0.0006446, val_loss-0.0016295
2024-12-21 19:20:08 - INFO - epoch-108, train_loss-0.0006314, val_loss-0.0016369
2024-12-21 19:20:40 - INFO - epoch-109, train_loss-0.0006315, val_loss-0.0014936
2024-12-21 19:21:12 - INFO - epoch-110, train_loss-0.0006427, val_loss-0.0014037
2024-12-21 19:21:45 - INFO - epoch-111, train_loss-0.0006286, val_loss-0.0013345
2024-12-21 19:22:17 - INFO - epoch-112, train_loss-0.0006278, val_loss-0.0012841
2024-12-21 19:22:50 - INFO - epoch-113, train_loss-0.0006287, val_loss-0.0011677
2024-12-21 19:23:22 - INFO - epoch-114, train_loss-0.0006233, val_loss-0.0012544
2024-12-21 19:23:55 - INFO - epoch-115, train_loss-0.0006298, val_loss-0.0011542
2024-12-21 19:24:27 - INFO - epoch-116, train_loss-0.0006251, val_loss-0.0011037
2024-12-21 19:24:59 - INFO - epoch-117, train_loss-0.0006236, val_loss-0.0010811
2024-12-21 19:25:31 - INFO - epoch-118, train_loss-0.0006213, val_loss-0.0012802
2024-12-21 19:26:04 - INFO - epoch-119, train_loss-0.0006156, val_loss-0.0013212
2024-12-21 19:26:36 - INFO - epoch-120, train_loss-0.0006281, val_loss-0.0010922
2024-12-21 19:27:09 - INFO - epoch-121, train_loss-0.0006253, val_loss-0.0012278
2024-12-21 19:27:41 - INFO - epoch-122, train_loss-0.0006254, val_loss-0.0011961
2024-12-21 19:28:13 - INFO - epoch-123, train_loss-0.0006277, val_loss-0.0011011
2024-12-21 19:28:45 - INFO - epoch-124, train_loss-0.0006291, val_loss-0.0011380
2024-12-21 19:29:19 - INFO - epoch-125, train_loss-0.0006260, val_loss-0.0008301
2024-12-21 19:29:51 - INFO - epoch-126, train_loss-0.0006241, val_loss-0.0008414
2024-12-21 19:30:24 - INFO - epoch-127, train_loss-0.0006196, val_loss-0.0008246
2024-12-21 19:30:56 - INFO - epoch-128, train_loss-0.0006146, val_loss-0.0008568
2024-12-21 19:31:28 - INFO - epoch-129, train_loss-0.0006098, val_loss-0.0008485
2024-12-21 19:32:01 - INFO - epoch-130, train_loss-0.0006087, val_loss-0.0008512
2024-12-21 19:32:33 - INFO - epoch-131, train_loss-0.0006138, val_loss-0.0008450
2024-12-21 19:33:05 - INFO - epoch-132, train_loss-0.0006128, val_loss-0.0009551
2024-12-21 19:33:38 - INFO - epoch-133, train_loss-0.0006086, val_loss-0.0009749
2024-12-21 19:34:10 - INFO - epoch-134, train_loss-0.0006024, val_loss-0.0008219
2024-12-21 19:34:42 - INFO - epoch-135, train_loss-0.0005978, val_loss-0.0009322
2024-12-21 19:35:14 - INFO - epoch-136, train_loss-0.0005957, val_loss-0.0008687
2024-12-21 19:35:47 - INFO - epoch-137, train_loss-0.0005897, val_loss-0.0010343
2024-12-21 19:36:19 - INFO - epoch-138, train_loss-0.0005885, val_loss-0.0008243
2024-12-21 19:36:51 - INFO - epoch-139, train_loss-0.0005872, val_loss-0.0007365
2024-12-21 19:37:24 - INFO - epoch-140, train_loss-0.0005832, val_loss-0.0007659
2024-12-21 19:37:56 - INFO - epoch-141, train_loss-0.0005828, val_loss-0.0007511
2024-12-21 19:38:28 - INFO - epoch-142, train_loss-0.0005809, val_loss-0.0008215
2024-12-21 19:39:01 - INFO - epoch-143, train_loss-0.0005783, val_loss-0.0007416
2024-12-21 19:39:34 - INFO - epoch-144, train_loss-0.0005770, val_loss-0.0007801
2024-12-21 19:40:06 - INFO - epoch-145, train_loss-0.0005742, val_loss-0.0007514
2024-12-21 19:40:40 - INFO - epoch-146, train_loss-0.0005712, val_loss-0.0008043
2024-12-21 19:41:12 - INFO - epoch-147, train_loss-0.0005690, val_loss-0.0007225
2024-12-21 19:41:44 - INFO - epoch-148, train_loss-0.0005692, val_loss-0.0007666
2024-12-21 19:42:17 - INFO - epoch-149, train_loss-0.0005677, val_loss-0.0007762
2024-12-21 19:42:50 - INFO - epoch-150, train_loss-0.0005686, val_loss-0.0006788
2024-12-21 19:43:22 - INFO - epoch-151, train_loss-0.0006024, val_loss-0.0007269
2024-12-21 19:43:55 - INFO - epoch-152, train_loss-0.0005770, val_loss-0.0007538
2024-12-21 19:44:28 - INFO - epoch-153, train_loss-0.0005629, val_loss-0.0007551
2024-12-21 19:45:00 - INFO - epoch-154, train_loss-0.0005650, val_loss-0.0007802
2024-12-21 19:45:33 - INFO - epoch-155, train_loss-0.0005640, val_loss-0.0007984
2024-12-21 19:46:05 - INFO - epoch-156, train_loss-0.0005609, val_loss-0.0008153
2024-12-21 19:46:37 - INFO - epoch-157, train_loss-0.0005600, val_loss-0.0008147
2024-12-21 19:47:09 - INFO - epoch-158, train_loss-0.0005554, val_loss-0.0008232
2024-12-21 19:47:42 - INFO - epoch-159, train_loss-0.0005543, val_loss-0.0008242
2024-12-21 19:48:14 - INFO - epoch-160, train_loss-0.0005525, val_loss-0.0008477
2024-12-21 19:48:46 - INFO - epoch-161, train_loss-0.0005517, val_loss-0.0009033
2024-12-21 19:49:18 - INFO - epoch-162, train_loss-0.0005490, val_loss-0.0008161
2024-12-21 19:49:52 - INFO - epoch-163, train_loss-0.0005476, val_loss-0.0008121
2024-12-21 19:50:25 - INFO - epoch-164, train_loss-0.0005449, val_loss-0.0008304
2024-12-21 19:50:57 - INFO - epoch-165, train_loss-0.0005431, val_loss-0.0008535
2024-12-21 19:51:30 - INFO - epoch-166, train_loss-0.0005435, val_loss-0.0008766
2024-12-21 19:52:02 - INFO - epoch-167, train_loss-0.0005411, val_loss-0.0008235
2024-12-21 19:52:35 - INFO - epoch-168, train_loss-0.0005406, val_loss-0.0008190
2024-12-21 19:53:07 - INFO - epoch-169, train_loss-0.0005376, val_loss-0.0008521
2024-12-21 19:53:39 - INFO - epoch-170, train_loss-0.0005364, val_loss-0.0008504
2024-12-21 19:54:12 - INFO - epoch-171, train_loss-0.0005341, val_loss-0.0007666
2024-12-21 19:54:45 - INFO - epoch-172, train_loss-0.0005333, val_loss-0.0007921
2024-12-21 19:55:17 - INFO - epoch-173, train_loss-0.0005326, val_loss-0.0007602
2024-12-21 19:57:04 - INFO - epoch-174, train_loss-0.0005307, val_loss-0.0007433
2024-12-21 19:58:37 - INFO - epoch-175, train_loss-0.0005302, val_loss-0.0007378
2024-12-21 19:59:09 - INFO - epoch-176, train_loss-0.0005275, val_loss-0.0007228
2024-12-21 19:59:42 - INFO - epoch-177, train_loss-0.0005257, val_loss-0.0006974
2024-12-21 20:00:14 - INFO - epoch-178, train_loss-0.0005239, val_loss-0.0006965
2024-12-21 20:00:46 - INFO - epoch-179, train_loss-0.0005256, val_loss-0.0006981
2024-12-21 20:01:19 - INFO - epoch-180, train_loss-0.0005234, val_loss-0.0007209
2024-12-21 20:01:51 - INFO - epoch-181, train_loss-0.0005223, val_loss-0.0007153
2024-12-21 20:02:23 - INFO - epoch-182, train_loss-0.0005219, val_loss-0.0007140
2024-12-21 20:02:56 - INFO - epoch-183, train_loss-0.0005208, val_loss-0.0006921
2024-12-21 20:03:28 - INFO - epoch-184, train_loss-0.0005198, val_loss-0.0006957
2024-12-21 20:04:01 - INFO - epoch-185, train_loss-0.0005185, val_loss-0.0006849
2024-12-21 20:04:34 - INFO - epoch-186, train_loss-0.0005192, val_loss-0.0006710
2024-12-21 20:05:06 - INFO - epoch-187, train_loss-0.0005188, val_loss-0.0006802
2024-12-21 20:05:38 - INFO - epoch-188, train_loss-0.0005172, val_loss-0.0006886
2024-12-21 20:06:12 - INFO - epoch-189, train_loss-0.0005162, val_loss-0.0006917
2024-12-21 20:06:45 - INFO - epoch-190, train_loss-0.0005153, val_loss-0.0006952
2024-12-21 20:07:17 - INFO - epoch-191, train_loss-0.0005137, val_loss-0.0007457
2024-12-21 20:07:51 - INFO - epoch-192, train_loss-0.0005109, val_loss-0.0007051
2024-12-21 20:08:23 - INFO - epoch-193, train_loss-0.0005104, val_loss-0.0007177
2024-12-21 20:08:55 - INFO - epoch-194, train_loss-0.0005099, val_loss-0.0006970
2024-12-21 20:09:28 - INFO - epoch-195, train_loss-0.0005088, val_loss-0.0007114
2024-12-21 20:10:00 - INFO - epoch-196, train_loss-0.0005100, val_loss-0.0007112
2024-12-21 20:10:32 - INFO - epoch-197, train_loss-0.0005085, val_loss-0.0007113
2024-12-21 20:11:04 - INFO - epoch-198, train_loss-0.0005054, val_loss-0.0007197
2024-12-21 20:11:36 - INFO - epoch-199, train_loss-0.0005050, val_loss-0.0007100
2024-12-21 20:12:09 - INFO - epoch-200, train_loss-0.0005039, val_loss-0.0006975
2024-12-21 20:12:41 - INFO - epoch-201, train_loss-0.0005041, val_loss-0.0007001
2024-12-21 20:13:14 - INFO - epoch-202, train_loss-0.0005045, val_loss-0.0006972
2024-12-21 20:13:47 - INFO - epoch-203, train_loss-0.0005033, val_loss-0.0007011
2024-12-21 20:14:19 - INFO - epoch-204, train_loss-0.0005019, val_loss-0.0007090
2024-12-21 20:14:51 - INFO - epoch-205, train_loss-0.0004989, val_loss-0.0007081
2024-12-21 20:15:25 - INFO - epoch-206, train_loss-0.0004981, val_loss-0.0007009
2024-12-21 20:15:57 - INFO - epoch-207, train_loss-0.0004968, val_loss-0.0007125
2024-12-21 20:16:29 - INFO - epoch-208, train_loss-0.0004956, val_loss-0.0007136
2024-12-21 20:17:01 - INFO - epoch-209, train_loss-0.0004952, val_loss-0.0007095
2024-12-21 20:17:34 - INFO - epoch-210, train_loss-0.0004939, val_loss-0.0007147
2024-12-21 20:18:06 - INFO - epoch-211, train_loss-0.0004936, val_loss-0.0007055
2024-12-21 20:18:38 - INFO - epoch-212, train_loss-0.0004951, val_loss-0.0007159
2024-12-21 20:19:10 - INFO - epoch-213, train_loss-0.0004943, val_loss-0.0007165
2024-12-21 20:19:43 - INFO - epoch-214, train_loss-0.0004922, val_loss-0.0007262
2024-12-21 20:20:15 - INFO - epoch-215, train_loss-0.0004908, val_loss-0.0007311
2024-12-21 20:20:47 - INFO - epoch-216, train_loss-0.0004888, val_loss-0.0007063
2024-12-21 20:21:20 - INFO - epoch-217, train_loss-0.0004884, val_loss-0.0007093
2024-12-21 20:21:54 - INFO - epoch-218, train_loss-0.0004883, val_loss-0.0007107
2024-12-21 20:22:26 - INFO - epoch-219, train_loss-0.0004871, val_loss-0.0006992
2024-12-21 20:22:58 - INFO - epoch-220, train_loss-0.0004877, val_loss-0.0007075
2024-12-21 20:23:31 - INFO - epoch-221, train_loss-0.0004871, val_loss-0.0006959
2024-12-21 20:24:03 - INFO - epoch-222, train_loss-0.0004870, val_loss-0.0006965
2024-12-21 20:24:36 - INFO - epoch-223, train_loss-0.0004861, val_loss-0.0007020
2024-12-21 20:25:08 - INFO - epoch-224, train_loss-0.0004864, val_loss-0.0006974
2024-12-21 20:25:40 - INFO - epoch-225, train_loss-0.0004839, val_loss-0.0007059
2024-12-21 20:26:12 - INFO - epoch-226, train_loss-0.0004836, val_loss-0.0007179
2024-12-21 20:26:44 - INFO - epoch-227, train_loss-0.0005326, val_loss-0.0006690
2024-12-21 20:27:17 - INFO - epoch-228, train_loss-0.0004895, val_loss-0.0006664
2024-12-21 20:27:49 - INFO - epoch-229, train_loss-0.0004872, val_loss-0.0006643
2024-12-21 20:28:21 - INFO - epoch-230, train_loss-0.0004836, val_loss-0.0006643
2024-12-21 20:28:54 - INFO - epoch-231, train_loss-0.0004812, val_loss-0.0006632
2024-12-21 20:29:26 - INFO - epoch-232, train_loss-0.0004803, val_loss-0.0006605
2024-12-21 20:29:59 - INFO - epoch-233, train_loss-0.0004797, val_loss-0.0006582
2024-12-21 20:30:32 - INFO - epoch-234, train_loss-0.0004771, val_loss-0.0006580
2024-12-21 20:31:04 - INFO - epoch-235, train_loss-0.0004778, val_loss-0.0006556
2024-12-21 20:31:37 - INFO - epoch-236, train_loss-0.0004761, val_loss-0.0006546
2024-12-21 20:32:09 - INFO - epoch-237, train_loss-0.0004760, val_loss-0.0006553
2024-12-21 20:32:42 - INFO - epoch-238, train_loss-0.0004765, val_loss-0.0006549
2024-12-21 20:33:14 - INFO - epoch-239, train_loss-0.0004757, val_loss-0.0006554
2024-12-21 20:33:48 - INFO - epoch-240, train_loss-0.0004742, val_loss-0.0006564
2024-12-21 20:34:20 - INFO - epoch-241, train_loss-0.0004723, val_loss-0.0006555
2024-12-21 20:34:53 - INFO - epoch-242, train_loss-0.0004719, val_loss-0.0006572
2024-12-21 20:35:25 - INFO - epoch-243, train_loss-0.0004721, val_loss-0.0006578
2024-12-21 20:35:58 - INFO - epoch-244, train_loss-0.0004730, val_loss-0.0006584
2024-12-21 20:36:30 - INFO - epoch-245, train_loss-0.0004729, val_loss-0.0006597
2024-12-21 20:37:02 - INFO - epoch-246, train_loss-0.0004699, val_loss-0.0006620
2024-12-21 20:37:35 - INFO - epoch-247, train_loss-0.0004682, val_loss-0.0006629
2024-12-21 20:38:07 - INFO - epoch-248, train_loss-0.0004679, val_loss-0.0006643
2024-12-21 20:38:39 - INFO - epoch-249, train_loss-0.0004677, val_loss-0.0006656
2024-12-21 20:39:12 - INFO - epoch-250, train_loss-0.0004679, val_loss-0.0006666
2024-12-21 20:39:44 - INFO - epoch-251, train_loss-0.0004689, val_loss-0.0006672
2024-12-21 20:40:17 - INFO - epoch-252, train_loss-0.0004681, val_loss-0.0006712
2024-12-21 20:40:49 - INFO - epoch-253, train_loss-0.0004689, val_loss-0.0006731
2024-12-21 20:41:21 - INFO - epoch-254, train_loss-0.0004664, val_loss-0.0006752
2024-12-21 20:41:53 - INFO - epoch-255, train_loss-0.0004670, val_loss-0.0006755
2024-12-21 20:42:26 - INFO - epoch-256, train_loss-0.0004653, val_loss-0.0006793
2024-12-21 20:42:59 - INFO - epoch-257, train_loss-0.0004648, val_loss-0.0006847
2024-12-21 20:43:31 - INFO - epoch-258, train_loss-0.0004656, val_loss-0.0006859
2024-12-21 20:44:03 - INFO - epoch-259, train_loss-0.0004656, val_loss-0.0006870
2024-12-21 20:44:35 - INFO - epoch-260, train_loss-0.0004633, val_loss-0.0006843
2024-12-21 20:45:07 - INFO - epoch-261, train_loss-0.0004621, val_loss-0.0006834
2024-12-21 20:45:40 - INFO - epoch-262, train_loss-0.0004605, val_loss-0.0006820
2024-12-21 20:46:13 - INFO - epoch-263, train_loss-0.0004602, val_loss-0.0006819
2024-12-21 20:46:45 - INFO - epoch-264, train_loss-0.0004601, val_loss-0.0006782
2024-12-21 20:47:17 - INFO - epoch-265, train_loss-0.0004566, val_loss-0.0006798
2024-12-21 20:47:49 - INFO - epoch-266, train_loss-0.0004559, val_loss-0.0006787
2024-12-21 20:48:22 - INFO - epoch-267, train_loss-0.0004538, val_loss-0.0006714
2024-12-21 20:48:55 - INFO - epoch-268, train_loss-0.0004542, val_loss-0.0006717
2024-12-21 20:51:10 - INFO - epoch-269, train_loss-0.0004532, val_loss-0.0006721
2024-12-21 20:52:46 - INFO - epoch-270, train_loss-0.0004532, val_loss-0.0006703
2024-12-21 20:53:18 - INFO - epoch-271, train_loss-0.0004529, val_loss-0.0006715
2024-12-21 20:53:50 - INFO - epoch-272, train_loss-0.0004526, val_loss-0.0006743
2024-12-21 20:54:22 - INFO - epoch-273, train_loss-0.0004525, val_loss-0.0006740
2024-12-21 20:54:54 - INFO - epoch-274, train_loss-0.0004498, val_loss-0.0006767
2024-12-21 20:55:27 - INFO - epoch-275, train_loss-0.0004508, val_loss-0.0006746
2024-12-21 20:55:59 - INFO - epoch-276, train_loss-0.0004501, val_loss-0.0006689
2024-12-21 20:56:31 - INFO - epoch-277, train_loss-0.0004470, val_loss-0.0006833
2024-12-21 20:57:03 - INFO - epoch-278, train_loss-0.0004468, val_loss-0.0006691
2024-12-21 20:57:36 - INFO - epoch-279, train_loss-0.0004468, val_loss-0.0006710
2024-12-21 20:58:08 - INFO - epoch-280, train_loss-0.0004463, val_loss-0.0006677
2024-12-21 20:58:41 - INFO - epoch-281, train_loss-0.0004481, val_loss-0.0006700
2024-12-21 20:59:13 - INFO - epoch-282, train_loss-0.0004480, val_loss-0.0006677
2024-12-21 20:59:45 - INFO - epoch-283, train_loss-0.0004485, val_loss-0.0006631
2024-12-21 21:00:17 - INFO - epoch-284, train_loss-0.0004449, val_loss-0.0006578
2024-12-21 21:00:49 - INFO - epoch-285, train_loss-0.0004434, val_loss-0.0006560
2024-12-21 21:01:21 - INFO - epoch-286, train_loss-0.0004411, val_loss-0.0006579
2024-12-21 21:01:54 - INFO - epoch-287, train_loss-0.0004387, val_loss-0.0006561
2024-12-21 21:02:26 - INFO - epoch-288, train_loss-0.0004378, val_loss-0.0006602
2024-12-21 21:02:59 - INFO - epoch-289, train_loss-0.0004386, val_loss-0.0006586
2024-12-21 21:03:31 - INFO - epoch-290, train_loss-0.0004405, val_loss-0.0006558
2024-12-21 21:04:04 - INFO - epoch-291, train_loss-0.0004412, val_loss-0.0006575
2024-12-21 21:04:37 - INFO - epoch-292, train_loss-0.0004403, val_loss-0.0006569
2024-12-21 21:05:09 - INFO - epoch-293, train_loss-0.0004401, val_loss-0.0006615
2024-12-21 21:05:41 - INFO - epoch-294, train_loss-0.0004411, val_loss-0.0006647
2024-12-21 21:06:13 - INFO - epoch-295, train_loss-0.0004405, val_loss-0.0006678
2024-12-21 21:06:45 - INFO - epoch-296, train_loss-0.0004390, val_loss-0.0006678
2024-12-21 21:07:17 - INFO - epoch-297, train_loss-0.0004372, val_loss-0.0006639
2024-12-21 21:07:50 - INFO - epoch-298, train_loss-0.0004355, val_loss-0.0006602
2024-12-21 21:08:22 - INFO - epoch-299, train_loss-0.0004337, val_loss-0.0006632
