2025-02-21 11:23:21 - INFO - train data: 13259
2025-02-21 11:23:21 - INFO - train unqiue data: 13259
2025-02-21 11:23:21 - INFO - valid data: 1474
2025-02-21 11:23:21 - INFO - valid unqiue data: 1474
2025-02-21 11:27:51 - INFO - epoch-0, train_mse_loss-0.0011006, train_ssim_loss-0.3642969, val_mse_loss-0.0098327, val_ssim_loss-0.5962995
2025-02-21 11:31:50 - INFO - epoch-1, train_mse_loss-0.0003894, train_ssim_loss-0.3462966, val_mse_loss-0.0121045, val_ssim_loss-0.5941358
2025-02-21 11:35:49 - INFO - epoch-2, train_mse_loss-0.0003812, train_ssim_loss-0.3409363, val_mse_loss-0.0089518, val_ssim_loss-0.5547424
2025-02-21 11:35:54 - INFO - Saved new best model at epoch 2 with validation loss 0.5636942
2025-02-21 11:39:52 - INFO - epoch-3, train_mse_loss-0.0003783, train_ssim_loss-0.3385337, val_mse_loss-0.0097541, val_ssim_loss-0.4665790
2025-02-21 11:39:57 - INFO - Saved new best model at epoch 3 with validation loss 0.4763331
2025-02-21 11:43:56 - INFO - epoch-4, train_mse_loss-0.0003806, train_ssim_loss-0.3379559, val_mse_loss-0.0071381, val_ssim_loss-0.5070217
2025-02-21 11:47:55 - INFO - epoch-5, train_mse_loss-0.0003769, train_ssim_loss-0.3363603, val_mse_loss-0.0036189, val_ssim_loss-0.4271971
2025-02-21 11:48:00 - INFO - Saved new best model at epoch 5 with validation loss 0.4308160
2025-02-21 11:51:59 - INFO - epoch-6, train_mse_loss-0.0003756, train_ssim_loss-0.3351710, val_mse_loss-0.0014294, val_ssim_loss-0.4039457
2025-02-21 11:52:04 - INFO - Saved new best model at epoch 6 with validation loss 0.4053751
2025-02-21 11:56:03 - INFO - epoch-7, train_mse_loss-0.0003717, train_ssim_loss-0.3336203, val_mse_loss-0.0010615, val_ssim_loss-0.3909968
2025-02-21 11:56:08 - INFO - Saved new best model at epoch 7 with validation loss 0.3920584
2025-02-21 12:00:08 - INFO - epoch-8, train_mse_loss-0.0003703, train_ssim_loss-0.3324833, val_mse_loss-0.0012652, val_ssim_loss-0.3838686
2025-02-21 12:00:13 - INFO - Saved new best model at epoch 8 with validation loss 0.3851338
2025-02-21 12:04:11 - INFO - epoch-9, train_mse_loss-0.0003692, train_ssim_loss-0.3315958, val_mse_loss-0.0008299, val_ssim_loss-0.3706551
2025-02-21 12:04:17 - INFO - Saved new best model at epoch 9 with validation loss 0.3714851
2025-02-21 12:08:16 - INFO - epoch-10, train_mse_loss-0.0003685, train_ssim_loss-0.3306753, val_mse_loss-0.0006919, val_ssim_loss-0.3627567
2025-02-21 12:08:21 - INFO - Saved new best model at epoch 10 with validation loss 0.3634485
2025-02-21 12:12:20 - INFO - epoch-11, train_mse_loss-0.0003676, train_ssim_loss-0.3299672, val_mse_loss-0.0006889, val_ssim_loss-0.3728828
2025-02-21 12:16:18 - INFO - epoch-12, train_mse_loss-0.0003668, train_ssim_loss-0.3292626, val_mse_loss-0.0010675, val_ssim_loss-0.4116918
2025-02-21 12:20:16 - INFO - epoch-13, train_mse_loss-0.0003661, train_ssim_loss-0.3285673, val_mse_loss-0.0013196, val_ssim_loss-0.4436277
2025-02-21 12:24:15 - INFO - epoch-14, train_mse_loss-0.0003654, train_ssim_loss-0.3279350, val_mse_loss-0.0020318, val_ssim_loss-0.5036098
2025-02-21 12:28:14 - INFO - epoch-15, train_mse_loss-0.0003649, train_ssim_loss-0.3273562, val_mse_loss-0.0019171, val_ssim_loss-0.4945235
2025-02-21 12:32:17 - INFO - epoch-16, train_mse_loss-0.0003639, train_ssim_loss-0.3266715, val_mse_loss-0.0021810, val_ssim_loss-0.5091192
2025-02-21 12:36:16 - INFO - epoch-17, train_mse_loss-0.0003633, train_ssim_loss-0.3260896, val_mse_loss-0.0025481, val_ssim_loss-0.5310384
2025-02-21 12:40:14 - INFO - epoch-18, train_mse_loss-0.0003628, train_ssim_loss-0.3257333, val_mse_loss-0.0017722, val_ssim_loss-0.4944783
2025-02-21 12:44:13 - INFO - epoch-19, train_mse_loss-0.0003626, train_ssim_loss-0.3252749, val_mse_loss-0.0020527, val_ssim_loss-0.5165427
2025-02-21 12:48:12 - INFO - epoch-20, train_mse_loss-0.0003622, train_ssim_loss-0.3248466, val_mse_loss-0.0005230, val_ssim_loss-0.3412279
2025-02-21 12:48:17 - INFO - Saved new best model at epoch 20 with validation loss 0.3417509
2025-02-21 12:52:16 - INFO - epoch-21, train_mse_loss-0.0003616, train_ssim_loss-0.3243091, val_mse_loss-0.0015315, val_ssim_loss-0.4804097
2025-02-21 12:56:14 - INFO - epoch-22, train_mse_loss-0.0003614, train_ssim_loss-0.3237499, val_mse_loss-0.0005503, val_ssim_loss-0.4417213
2025-02-21 13:00:12 - INFO - epoch-23, train_mse_loss-0.0003610, train_ssim_loss-0.3232140, val_mse_loss-0.0007760, val_ssim_loss-0.3752422
2025-02-21 13:04:11 - INFO - epoch-24, train_mse_loss-0.0003608, train_ssim_loss-0.3227093, val_mse_loss-0.0026821, val_ssim_loss-0.5403346
2025-02-21 13:08:10 - INFO - epoch-25, train_mse_loss-0.0003603, train_ssim_loss-0.3220402, val_mse_loss-0.0026401, val_ssim_loss-0.5388812
2025-02-21 13:12:08 - INFO - epoch-26, train_mse_loss-0.0003601, train_ssim_loss-0.3215825, val_mse_loss-0.0008559, val_ssim_loss-0.3889612
2025-02-21 13:16:06 - INFO - epoch-27, train_mse_loss-0.0003596, train_ssim_loss-0.3210080, val_mse_loss-0.0017111, val_ssim_loss-0.4990921
2025-02-21 13:20:04 - INFO - epoch-28, train_mse_loss-0.0003593, train_ssim_loss-0.3206679, val_mse_loss-0.0007260, val_ssim_loss-0.6012204
2025-02-21 13:24:02 - INFO - epoch-29, train_mse_loss-0.0003587, train_ssim_loss-0.3198993, val_mse_loss-0.0012889, val_ssim_loss-0.4625463
2025-02-21 13:28:00 - INFO - epoch-30, train_mse_loss-0.0003584, train_ssim_loss-0.3194661, val_mse_loss-0.0009433, val_ssim_loss-0.4193009
2025-02-21 13:31:59 - INFO - epoch-31, train_mse_loss-0.0003576, train_ssim_loss-0.3187175, val_mse_loss-0.0020981, val_ssim_loss-0.5311989
2025-02-21 13:35:58 - INFO - epoch-32, train_mse_loss-0.0003579, train_ssim_loss-0.3186178, val_mse_loss-0.0018555, val_ssim_loss-0.5074606
2025-02-21 13:40:00 - INFO - epoch-33, train_mse_loss-0.0003578, train_ssim_loss-0.3182128, val_mse_loss-0.0007563, val_ssim_loss-0.3866326
2025-02-21 13:43:59 - INFO - epoch-34, train_mse_loss-0.0003573, train_ssim_loss-0.3178082, val_mse_loss-0.0016700, val_ssim_loss-0.4930142
2025-02-21 13:47:59 - INFO - epoch-35, train_mse_loss-0.0003567, train_ssim_loss-0.3171558, val_mse_loss-0.0012495, val_ssim_loss-0.4526710
2025-02-21 13:51:57 - INFO - epoch-36, train_mse_loss-0.0003565, train_ssim_loss-0.3165829, val_mse_loss-0.0010935, val_ssim_loss-0.4405913
2025-02-21 13:55:56 - INFO - epoch-37, train_mse_loss-0.0003563, train_ssim_loss-0.3162117, val_mse_loss-0.0008473, val_ssim_loss-0.4053644
2025-02-21 13:59:54 - INFO - epoch-38, train_mse_loss-0.0003555, train_ssim_loss-0.3155170, val_mse_loss-0.0017827, val_ssim_loss-0.5080860
2025-02-21 14:03:54 - INFO - epoch-39, train_mse_loss-0.0003553, train_ssim_loss-0.3152627, val_mse_loss-0.0004125, val_ssim_loss-0.3487284
2025-02-21 14:07:53 - INFO - epoch-40, train_mse_loss-0.0003551, train_ssim_loss-0.3148586, val_mse_loss-0.0011873, val_ssim_loss-0.4496201
2025-02-21 14:11:52 - INFO - epoch-41, train_mse_loss-0.0003547, train_ssim_loss-0.3143627, val_mse_loss-0.0014864, val_ssim_loss-0.4761937
2025-02-21 14:15:50 - INFO - epoch-42, train_mse_loss-0.0003542, train_ssim_loss-0.3139807, val_mse_loss-0.0013874, val_ssim_loss-0.4687596
2025-02-21 14:19:48 - INFO - epoch-43, train_mse_loss-0.0003538, train_ssim_loss-0.3133658, val_mse_loss-0.0013308, val_ssim_loss-0.4617505
2025-02-21 14:23:48 - INFO - epoch-44, train_mse_loss-0.0003536, train_ssim_loss-0.3130051, val_mse_loss-0.0014323, val_ssim_loss-0.4779208
2025-02-21 14:27:47 - INFO - epoch-45, train_mse_loss-0.0003533, train_ssim_loss-0.3125225, val_mse_loss-0.0013583, val_ssim_loss-0.4671710
2025-02-21 14:31:45 - INFO - epoch-46, train_mse_loss-0.0003532, train_ssim_loss-0.3124731, val_mse_loss-0.0007037, val_ssim_loss-0.3927016
2025-02-21 14:35:43 - INFO - epoch-47, train_mse_loss-0.0003525, train_ssim_loss-0.3118579, val_mse_loss-0.0010292, val_ssim_loss-0.4325262
2025-02-21 14:39:41 - INFO - epoch-48, train_mse_loss-0.0003519, train_ssim_loss-0.3112866, val_mse_loss-0.0004932, val_ssim_loss-0.3464255
2025-02-21 14:43:40 - INFO - epoch-49, train_mse_loss-0.0003520, train_ssim_loss-0.3112078, val_mse_loss-0.0004713, val_ssim_loss-0.3462456
2025-02-21 14:47:42 - INFO - epoch-50, train_mse_loss-0.0003517, train_ssim_loss-0.3108274, val_mse_loss-0.0006928, val_ssim_loss-0.3796010
2025-02-21 14:51:40 - INFO - epoch-51, train_mse_loss-0.0003512, train_ssim_loss-0.3100031, val_mse_loss-0.0006740, val_ssim_loss-0.3794876
2025-02-21 14:55:37 - INFO - epoch-52, train_mse_loss-0.0003507, train_ssim_loss-0.3095265, val_mse_loss-0.0006479, val_ssim_loss-0.3764552
2025-02-21 14:59:36 - INFO - epoch-53, train_mse_loss-0.0003507, train_ssim_loss-0.3096358, val_mse_loss-0.0008571, val_ssim_loss-0.4182385
2025-02-21 15:03:34 - INFO - epoch-54, train_mse_loss-0.0003504, train_ssim_loss-0.3093277, val_mse_loss-0.0009956, val_ssim_loss-0.4246557
2025-02-21 15:07:32 - INFO - epoch-55, train_mse_loss-0.0003500, train_ssim_loss-0.3086226, val_mse_loss-0.0009587, val_ssim_loss-0.4209751
2025-02-21 15:11:30 - INFO - epoch-56, train_mse_loss-0.0003500, train_ssim_loss-0.3085631, val_mse_loss-0.0009377, val_ssim_loss-0.4187080
2025-02-21 15:15:30 - INFO - epoch-57, train_mse_loss-0.0003502, train_ssim_loss-0.3088751, val_mse_loss-0.0011284, val_ssim_loss-0.4790237
2025-02-21 15:19:29 - INFO - epoch-58, train_mse_loss-0.0003495, train_ssim_loss-0.3079250, val_mse_loss-0.0008859, val_ssim_loss-0.4638032
2025-02-21 15:23:27 - INFO - epoch-59, train_mse_loss-0.0003492, train_ssim_loss-0.3075397, val_mse_loss-0.0010267, val_ssim_loss-0.4463251
2025-02-21 15:27:26 - INFO - epoch-60, train_mse_loss-0.0003492, train_ssim_loss-0.3075204, val_mse_loss-0.0010924, val_ssim_loss-0.4539130
2025-02-21 15:31:24 - INFO - epoch-61, train_mse_loss-0.0003488, train_ssim_loss-0.3071888, val_mse_loss-0.0006557, val_ssim_loss-0.3715006
2025-02-21 15:35:23 - INFO - epoch-62, train_mse_loss-0.0003490, train_ssim_loss-0.3073051, val_mse_loss-0.0005397, val_ssim_loss-0.3575715
