2025-03-19 11:37:31 - INFO - train data: 13259
2025-03-19 11:37:31 - INFO - train unqiue data: 13259
2025-03-19 11:37:31 - INFO - valid data: 1474
2025-03-19 11:37:31 - INFO - valid unqiue data: 1474
2025-03-19 11:42:23 - INFO - epoch-0, train_mse_loss-0.0005822, train_kl_loss-0.0017602, val_mse_loss-0.0005795, val_kl_loss-0.0000160
2025-03-19 11:46:41 - INFO - epoch-1, train_mse_loss-0.0005818, train_kl_loss-0.0000037, val_mse_loss-0.0005795, val_kl_loss-0.0000002
2025-03-19 11:50:59 - INFO - epoch-2, train_mse_loss-0.0005818, train_kl_loss-0.0000000, val_mse_loss-0.0005795, val_kl_loss-0.0000000
2025-03-19 11:51:07 - INFO - Saved new best model at epoch 2 with validation loss 0.0005795
2025-03-19 11:55:24 - INFO - epoch-3, train_mse_loss-0.0005818, train_kl_loss-0.0000000, val_mse_loss-0.0005795, val_kl_loss--0.0000000
2025-03-19 11:55:31 - INFO - Saved new best model at epoch 3 with validation loss 0.0005795
2025-03-19 11:59:49 - INFO - epoch-4, train_mse_loss-0.0004234, train_kl_loss--0.0000000, val_mse_loss-0.0003468, val_kl_loss--0.0000000
2025-03-19 11:59:57 - INFO - Saved new best model at epoch 4 with validation loss 0.0003468
2025-03-19 12:04:16 - INFO - epoch-5, train_mse_loss-0.0003340, train_kl_loss--0.0000000, val_mse_loss-0.0003370, val_kl_loss-0.0000000
2025-03-19 12:04:24 - INFO - Saved new best model at epoch 5 with validation loss 0.0003370
2025-03-19 12:08:41 - INFO - epoch-6, train_mse_loss-0.0003336, train_kl_loss-0.0000000, val_mse_loss-0.0004321, val_kl_loss-0.0000000
2025-03-19 12:12:59 - INFO - epoch-7, train_mse_loss-0.0003318, train_kl_loss-0.0000000, val_mse_loss-0.0003766, val_kl_loss-0.0000000
2025-03-19 12:17:16 - INFO - epoch-8, train_mse_loss-0.0003304, train_kl_loss-0.0000000, val_mse_loss-0.0003444, val_kl_loss-0.0000000
2025-03-19 12:21:34 - INFO - epoch-9, train_mse_loss-0.0003299, train_kl_loss-0.0000000, val_mse_loss-0.0003352, val_kl_loss-0.0000000
2025-03-19 12:21:41 - INFO - Saved new best model at epoch 9 with validation loss 0.0003352
2025-03-19 12:25:59 - INFO - epoch-10, train_mse_loss-0.0003285, train_kl_loss-0.0000000, val_mse_loss-0.0003466, val_kl_loss-0.0000000
2025-03-19 12:30:18 - INFO - epoch-11, train_mse_loss-0.0003275, train_kl_loss-0.0000000, val_mse_loss-0.0003850, val_kl_loss-0.0000000
2025-03-19 12:34:36 - INFO - epoch-12, train_mse_loss-0.0003264, train_kl_loss-0.0000000, val_mse_loss-0.0005514, val_kl_loss-0.0000000
2025-03-19 12:38:54 - INFO - epoch-13, train_mse_loss-0.0003255, train_kl_loss-0.0000000, val_mse_loss-0.0006248, val_kl_loss-0.0000000
2025-03-19 12:43:14 - INFO - epoch-14, train_mse_loss-0.0003249, train_kl_loss-0.0000000, val_mse_loss-0.0004503, val_kl_loss-0.0000000
2025-03-19 12:47:37 - INFO - epoch-15, train_mse_loss-0.0003246, train_kl_loss-0.0000000, val_mse_loss-0.0004259, val_kl_loss-0.0000000
2025-03-19 12:51:57 - INFO - epoch-16, train_mse_loss-0.0003246, train_kl_loss-0.0000000, val_mse_loss-0.0003886, val_kl_loss-0.0000000
2025-03-19 12:56:15 - INFO - epoch-17, train_mse_loss-0.0003246, train_kl_loss-0.0000000, val_mse_loss-0.0003784, val_kl_loss-0.0000000
2025-03-19 13:00:33 - INFO - epoch-18, train_mse_loss-0.0003246, train_kl_loss-0.0000000, val_mse_loss-0.0003595, val_kl_loss-0.0000000
2025-03-19 13:04:53 - INFO - epoch-19, train_mse_loss-0.0003246, train_kl_loss-0.0000000, val_mse_loss-0.0003554, val_kl_loss-0.0000000
2025-03-19 13:09:12 - INFO - epoch-20, train_mse_loss-0.0003245, train_kl_loss-0.0000000, val_mse_loss-0.0003533, val_kl_loss-0.0000000
2025-03-19 13:13:33 - INFO - epoch-21, train_mse_loss-0.0003245, train_kl_loss-0.0000000, val_mse_loss-0.0003478, val_kl_loss-0.0000000
2025-03-19 13:17:51 - INFO - epoch-22, train_mse_loss-0.0003244, train_kl_loss-0.0000000, val_mse_loss-0.0003484, val_kl_loss-0.0000000
2025-03-19 13:22:09 - INFO - epoch-23, train_mse_loss-0.0003244, train_kl_loss-0.0000000, val_mse_loss-0.0003497, val_kl_loss-0.0000000
2025-03-19 13:26:26 - INFO - epoch-24, train_mse_loss-0.0003243, train_kl_loss-0.0000000, val_mse_loss-0.0003502, val_kl_loss-0.0000000
2025-03-19 13:30:44 - INFO - epoch-25, train_mse_loss-0.0003242, train_kl_loss-0.0000000, val_mse_loss-0.0003467, val_kl_loss-0.0000000
2025-03-19 13:35:11 - INFO - epoch-26, train_mse_loss-0.0003242, train_kl_loss-0.0000000, val_mse_loss-0.0003460, val_kl_loss-0.0000000
2025-03-19 13:39:46 - INFO - epoch-27, train_mse_loss-0.0003241, train_kl_loss-0.0000000, val_mse_loss-0.0003512, val_kl_loss-0.0000000
2025-03-19 13:44:33 - INFO - epoch-28, train_mse_loss-0.0003241, train_kl_loss-0.0000000, val_mse_loss-0.0003497, val_kl_loss-0.0000000
2025-03-19 13:49:20 - INFO - epoch-29, train_mse_loss-0.0003241, train_kl_loss-0.0000000, val_mse_loss-0.0003478, val_kl_loss-0.0000000
2025-03-19 13:54:01 - INFO - epoch-30, train_mse_loss-0.0003240, train_kl_loss-0.0000000, val_mse_loss-0.0003486, val_kl_loss-0.0000000
2025-03-19 13:58:36 - INFO - epoch-31, train_mse_loss-0.0003240, train_kl_loss-0.0000000, val_mse_loss-0.0003473, val_kl_loss-0.0000000
