2025-03-19 14:34:52 - INFO - train data: 13259
2025-03-19 14:34:52 - INFO - train unqiue data: 13259
2025-03-19 14:34:52 - INFO - valid data: 1474
2025-03-19 14:34:52 - INFO - valid unqiue data: 1474
2025-03-19 14:39:39 - INFO - epoch-0, train_mse_loss-0.0005822, train_kl_loss-0.0023603, train_diff_loss-0.9183099, val_mse_loss-0.0005795, val_kl_loss-0.0006427, val_diff_loss-0.8086748
2025-03-19 14:43:58 - INFO - epoch-1, train_mse_loss-0.0005818, train_kl_loss-0.0009033, train_diff_loss-0.7363904, val_mse_loss-0.0005795, val_kl_loss-0.0013620, val_diff_loss-0.6656415
2025-03-19 14:48:16 - INFO - epoch-2, train_mse_loss-0.0005818, train_kl_loss-0.0013225, train_diff_loss-0.6072321, val_mse_loss-0.0005795, val_kl_loss-0.0012796, val_diff_loss-0.5600471
2025-03-19 14:48:24 - INFO - Saved new best model at epoch 2 with validation loss 0.5619061
2025-03-19 14:52:41 - INFO - epoch-3, train_mse_loss-0.0005818, train_kl_loss-0.0018013, train_diff_loss-0.5191642, val_mse_loss-0.0005795, val_kl_loss-0.0025100, val_diff_loss-0.4846373
2025-03-19 14:52:49 - INFO - Saved new best model at epoch 3 with validation loss 0.4877268
2025-03-19 14:57:07 - INFO - epoch-4, train_mse_loss-0.0005818, train_kl_loss-0.0024201, train_diff_loss-0.4667584, val_mse_loss-0.0005795, val_kl_loss-0.0032527, val_diff_loss-0.4451900
2025-03-19 14:57:15 - INFO - Saved new best model at epoch 4 with validation loss 0.4490222
2025-03-19 15:01:33 - INFO - epoch-5, train_mse_loss-0.0005309, train_kl_loss-0.0029089, train_diff_loss-0.4345997, val_mse_loss-0.0003408, val_kl_loss-0.0033754, val_diff_loss-0.4239065
2025-03-19 15:01:42 - INFO - Saved new best model at epoch 5 with validation loss 0.4276227
2025-03-19 15:06:00 - INFO - epoch-6, train_mse_loss-0.0003346, train_kl_loss-0.0032173, train_diff_loss-0.4109213, val_mse_loss-0.0003647, val_kl_loss-0.0038195, val_diff_loss-0.4155462
2025-03-19 15:06:29 - INFO - Saved new best model at epoch 6 with validation loss 0.4197304
2025-03-19 15:10:46 - INFO - epoch-7, train_mse_loss-0.0003319, train_kl_loss-0.0034565, train_diff_loss-0.4026429, val_mse_loss-0.0003341, val_kl_loss-0.0040517, val_diff_loss-0.4006320
2025-03-19 15:10:56 - INFO - Saved new best model at epoch 7 with validation loss 0.4050177
2025-03-19 15:15:14 - INFO - epoch-8, train_mse_loss-0.0003306, train_kl_loss-0.0037054, train_diff_loss-0.4000781, val_mse_loss-0.0003785, val_kl_loss-0.0039524, val_diff_loss-0.3914483
2025-03-19 15:15:32 - INFO - Saved new best model at epoch 8 with validation loss 0.3957793
2025-03-19 15:19:49 - INFO - epoch-9, train_mse_loss-0.0003293, train_kl_loss-0.0036068, train_diff_loss-0.3892666, val_mse_loss-0.0003736, val_kl_loss-0.0030300, val_diff_loss-0.4018658
2025-03-19 15:24:08 - INFO - epoch-10, train_mse_loss-0.0003277, train_kl_loss-0.0035880, train_diff_loss-0.3860760, val_mse_loss-0.0003770, val_kl_loss-0.0032459, val_diff_loss-0.3816657
2025-03-19 15:24:20 - INFO - Saved new best model at epoch 10 with validation loss 0.3852885
2025-03-19 15:28:38 - INFO - epoch-11, train_mse_loss-0.0003268, train_kl_loss-0.0036286, train_diff_loss-0.3832667, val_mse_loss-0.0003914, val_kl_loss-0.0035899, val_diff_loss-0.3770241
2025-03-19 15:28:48 - INFO - Saved new best model at epoch 11 with validation loss 0.3810055
2025-03-19 15:33:06 - INFO - epoch-12, train_mse_loss-0.0003259, train_kl_loss-0.0035405, train_diff_loss-0.3784054, val_mse_loss-0.0003394, val_kl_loss-0.0033024, val_diff_loss-0.3893068
2025-03-19 15:37:23 - INFO - epoch-13, train_mse_loss-0.0003252, train_kl_loss-0.0037167, train_diff_loss-0.3859295, val_mse_loss-0.0003291, val_kl_loss-0.0038328, val_diff_loss-0.3909771
2025-03-19 15:41:42 - INFO - epoch-14, train_mse_loss-0.0003248, train_kl_loss-0.0036302, train_diff_loss-0.3806506, val_mse_loss-0.0003427, val_kl_loss-0.0034205, val_diff_loss-0.3737185
2025-03-19 15:41:50 - INFO - Saved new best model at epoch 14 with validation loss 0.3774818
2025-03-19 15:46:10 - INFO - epoch-15, train_mse_loss-0.0003246, train_kl_loss-0.0036599, train_diff_loss-0.3788433, val_mse_loss-0.0003610, val_kl_loss-0.0033770, val_diff_loss-0.3679291
2025-03-19 15:46:18 - INFO - Saved new best model at epoch 15 with validation loss 0.3716671
2025-03-19 15:50:37 - INFO - epoch-16, train_mse_loss-0.0003244, train_kl_loss-0.0035760, train_diff_loss-0.3765108, val_mse_loss-0.0003327, val_kl_loss-0.0009555, val_diff_loss-0.3779253
2025-03-19 15:54:54 - INFO - epoch-17, train_mse_loss-0.0003243, train_kl_loss-0.0035768, train_diff_loss-0.3778706, val_mse_loss-0.0003226, val_kl_loss-0.0038712, val_diff_loss-0.3730670
2025-03-19 15:59:11 - INFO - epoch-18, train_mse_loss-0.0003242, train_kl_loss-0.0036684, train_diff_loss-0.3796201, val_mse_loss-0.0003223, val_kl_loss-0.0037512, val_diff_loss-0.3782873
2025-03-19 16:03:28 - INFO - epoch-19, train_mse_loss-0.0003241, train_kl_loss-0.0035089, train_diff_loss-0.3714422, val_mse_loss-0.0003226, val_kl_loss-0.0014016, val_diff_loss-0.3711896
2025-03-19 16:07:46 - INFO - epoch-20, train_mse_loss-0.0003241, train_kl_loss-0.0037127, train_diff_loss-0.3823367, val_mse_loss-0.0003231, val_kl_loss-0.0038045, val_diff_loss-0.3561800
2025-03-19 16:07:54 - INFO - Saved new best model at epoch 20 with validation loss 0.3603076
2025-03-19 16:12:11 - INFO - epoch-21, train_mse_loss-0.0003240, train_kl_loss-0.0035498, train_diff_loss-0.3738340, val_mse_loss-0.0003232, val_kl_loss-0.0033845, val_diff_loss-0.3710845
2025-03-19 16:16:29 - INFO - epoch-22, train_mse_loss-0.0003240, train_kl_loss-0.0035532, train_diff_loss-0.3755185, val_mse_loss-0.0003237, val_kl_loss-0.0035890, val_diff_loss-0.3733602
2025-03-19 16:20:45 - INFO - epoch-23, train_mse_loss-0.0003240, train_kl_loss-0.0034936, train_diff_loss-0.3676682, val_mse_loss-0.0003243, val_kl_loss-0.0036524, val_diff_loss-0.3767386
2025-03-19 16:25:04 - INFO - epoch-24, train_mse_loss-0.0003239, train_kl_loss-0.0035743, train_diff_loss-0.3733964, val_mse_loss-0.0003253, val_kl_loss-0.0030316, val_diff_loss-0.3666215
2025-03-19 16:29:22 - INFO - epoch-25, train_mse_loss-0.0003239, train_kl_loss-0.0035987, train_diff_loss-0.3728119, val_mse_loss-0.0003263, val_kl_loss-0.0036594, val_diff_loss-0.3747506
2025-03-19 16:33:40 - INFO - epoch-26, train_mse_loss-0.0003238, train_kl_loss-0.0035607, train_diff_loss-0.3706036, val_mse_loss-0.0003252, val_kl_loss-0.0038481, val_diff_loss-0.3767036
2025-03-19 16:37:59 - INFO - epoch-27, train_mse_loss-0.0003238, train_kl_loss-0.0037088, train_diff_loss-0.3764211, val_mse_loss-0.0003249, val_kl_loss-0.0036907, val_diff_loss-0.3682930
2025-03-19 16:42:17 - INFO - epoch-28, train_mse_loss-0.0003238, train_kl_loss-0.0036214, train_diff_loss-0.3717400, val_mse_loss-0.0003239, val_kl_loss-0.0034706, val_diff_loss-0.3637737
2025-03-19 16:46:36 - INFO - epoch-29, train_mse_loss-0.0003237, train_kl_loss-0.0036239, train_diff_loss-0.3713470, val_mse_loss-0.0003239, val_kl_loss-0.0030631, val_diff_loss-0.3756096
2025-03-19 16:50:57 - INFO - epoch-30, train_mse_loss-0.0003237, train_kl_loss-0.0035844, train_diff_loss-0.3694310, val_mse_loss-0.0003238, val_kl_loss-0.0032425, val_diff_loss-0.3603592
2025-03-19 16:55:15 - INFO - epoch-31, train_mse_loss-0.0003236, train_kl_loss-0.0034842, train_diff_loss-0.3669646, val_mse_loss-0.0003237, val_kl_loss-0.0034196, val_diff_loss-0.3581255
2025-03-19 16:59:35 - INFO - epoch-32, train_mse_loss-0.0003236, train_kl_loss-0.0036197, train_diff_loss-0.3677431, val_mse_loss-0.0003249, val_kl_loss-0.0035325, val_diff_loss-0.3833405
2025-03-19 17:03:53 - INFO - epoch-33, train_mse_loss-0.0003235, train_kl_loss-0.0036437, train_diff_loss-0.3700303, val_mse_loss-0.0003261, val_kl_loss-0.0034333, val_diff_loss-0.3669037
2025-03-19 17:08:11 - INFO - epoch-34, train_mse_loss-0.0003235, train_kl_loss-0.0036296, train_diff_loss-0.3690330, val_mse_loss-0.0003264, val_kl_loss-0.0037429, val_diff_loss-0.3583897
2025-03-19 17:12:29 - INFO - epoch-35, train_mse_loss-0.0003235, train_kl_loss-0.0036298, train_diff_loss-0.3697377, val_mse_loss-0.0003271, val_kl_loss-0.0036497, val_diff_loss-0.3739940
2025-03-19 17:16:46 - INFO - epoch-36, train_mse_loss-0.0003234, train_kl_loss-0.0036836, train_diff_loss-0.3730242, val_mse_loss-0.0003260, val_kl_loss-0.0032516, val_diff_loss-0.3703543
2025-03-19 17:21:04 - INFO - epoch-37, train_mse_loss-0.0003234, train_kl_loss-0.0037504, train_diff_loss-0.3761826, val_mse_loss-0.0003258, val_kl_loss-0.0032584, val_diff_loss-0.3744544
2025-03-19 17:25:21 - INFO - epoch-38, train_mse_loss-0.0003234, train_kl_loss-0.0035348, train_diff_loss-0.3684198, val_mse_loss-0.0003259, val_kl_loss-0.0032795, val_diff_loss-0.3653297
2025-03-19 17:29:39 - INFO - epoch-39, train_mse_loss-0.0003234, train_kl_loss-0.0037076, train_diff_loss-0.3727187, val_mse_loss-0.0003246, val_kl_loss-0.0040336, val_diff_loss-0.3838622
2025-03-19 17:33:57 - INFO - epoch-40, train_mse_loss-0.0003233, train_kl_loss-0.0036647, train_diff_loss-0.3730145, val_mse_loss-0.0003262, val_kl_loss-0.0039232, val_diff_loss-0.3610655
2025-03-19 17:38:15 - INFO - epoch-41, train_mse_loss-0.0003233, train_kl_loss-0.0036556, train_diff_loss-0.3702044, val_mse_loss-0.0003244, val_kl_loss-0.0038457, val_diff_loss-0.3671880
2025-03-19 17:42:33 - INFO - epoch-42, train_mse_loss-0.0003233, train_kl_loss-0.0036667, train_diff_loss-0.3709097, val_mse_loss-0.0003226, val_kl_loss-0.0037229, val_diff_loss-0.3687214
2025-03-19 17:46:51 - INFO - epoch-43, train_mse_loss-0.0003233, train_kl_loss-0.0036785, train_diff_loss-0.3712019, val_mse_loss-0.0003226, val_kl_loss-0.0037227, val_diff_loss-0.3567755
2025-03-19 17:51:09 - INFO - epoch-44, train_mse_loss-0.0003233, train_kl_loss-0.0036394, train_diff_loss-0.3696186, val_mse_loss-0.0003236, val_kl_loss-0.0034319, val_diff_loss-0.3611245
2025-03-19 17:55:28 - INFO - epoch-45, train_mse_loss-0.0003233, train_kl_loss-0.0036102, train_diff_loss-0.3686053, val_mse_loss-0.0003243, val_kl_loss-0.0031276, val_diff_loss-0.3675431
2025-03-19 17:59:46 - INFO - epoch-46, train_mse_loss-0.0003233, train_kl_loss-0.0037118, train_diff_loss-0.3674019, val_mse_loss-0.0003241, val_kl_loss-0.0034717, val_diff_loss-0.3714293
2025-03-19 18:04:04 - INFO - epoch-47, train_mse_loss-0.0003232, train_kl_loss-0.0036193, train_diff_loss-0.3657815, val_mse_loss-0.0003225, val_kl_loss-0.0034182, val_diff_loss-0.3694507
2025-03-19 18:08:23 - INFO - epoch-48, train_mse_loss-0.0003232, train_kl_loss-0.0036928, train_diff_loss-0.3689684, val_mse_loss-0.0003224, val_kl_loss-0.0037486, val_diff_loss-0.3677156
2025-03-19 18:12:41 - INFO - epoch-49, train_mse_loss-0.0003232, train_kl_loss-0.0037796, train_diff_loss-0.3737781, val_mse_loss-0.0003233, val_kl_loss-0.0038794, val_diff_loss-0.3686045
2025-03-19 18:16:59 - INFO - epoch-50, train_mse_loss-0.0003232, train_kl_loss-0.0034877, train_diff_loss-0.3651676, val_mse_loss-0.0003230, val_kl_loss-0.0033690, val_diff_loss-0.3721024
2025-03-19 18:21:17 - INFO - epoch-51, train_mse_loss-0.0003232, train_kl_loss-0.0038031, train_diff_loss-0.3735096, val_mse_loss-0.0003240, val_kl_loss-0.0035330, val_diff_loss-0.3744550
2025-03-19 18:25:34 - INFO - epoch-52, train_mse_loss-0.0003232, train_kl_loss-0.0036435, train_diff_loss-0.3686913, val_mse_loss-0.0003246, val_kl_loss-0.0038803, val_diff_loss-0.3632579
2025-03-19 18:29:52 - INFO - epoch-53, train_mse_loss-0.0003232, train_kl_loss-0.0036585, train_diff_loss-0.3657413, val_mse_loss-0.0003242, val_kl_loss-0.0035392, val_diff_loss-0.3688625
2025-03-19 18:34:09 - INFO - epoch-54, train_mse_loss-0.0003232, train_kl_loss-0.0036010, train_diff_loss-0.3653182, val_mse_loss-0.0003232, val_kl_loss-0.0034366, val_diff_loss-0.3724458
2025-03-19 18:38:26 - INFO - epoch-55, train_mse_loss-0.0003232, train_kl_loss-0.0036467, train_diff_loss-0.3646398, val_mse_loss-0.0003232, val_kl_loss-0.0032463, val_diff_loss-0.3754455
2025-03-19 18:42:44 - INFO - epoch-56, train_mse_loss-0.0003232, train_kl_loss-0.0037209, train_diff_loss-0.3707191, val_mse_loss-0.0003240, val_kl_loss-0.0036528, val_diff_loss-0.3657323
2025-03-19 18:47:02 - INFO - epoch-57, train_mse_loss-0.0003232, train_kl_loss-0.0036754, train_diff_loss-0.3716159, val_mse_loss-0.0003248, val_kl_loss-0.0034291, val_diff_loss-0.3744178
2025-03-19 18:51:19 - INFO - epoch-58, train_mse_loss-0.0003232, train_kl_loss-0.0037061, train_diff_loss-0.3689542, val_mse_loss-0.0003253, val_kl_loss-0.0031953, val_diff_loss-0.3697780
2025-03-19 18:55:37 - INFO - epoch-59, train_mse_loss-0.0003232, train_kl_loss-0.0037265, train_diff_loss-0.3682274, val_mse_loss-0.0003235, val_kl_loss-0.0034819, val_diff_loss-0.3826066
2025-03-19 18:59:54 - INFO - epoch-60, train_mse_loss-0.0003232, train_kl_loss-0.0036522, train_diff_loss-0.3651890, val_mse_loss-0.0003237, val_kl_loss-0.0036465, val_diff_loss-0.3819792
2025-03-19 19:04:12 - INFO - epoch-61, train_mse_loss-0.0003232, train_kl_loss-0.0037027, train_diff_loss-0.3709848, val_mse_loss-0.0003243, val_kl_loss-0.0036105, val_diff_loss-0.3517669
2025-03-19 19:04:20 - INFO - Saved new best model at epoch 61 with validation loss 0.3557018
2025-03-19 19:08:40 - INFO - epoch-62, train_mse_loss-0.0003232, train_kl_loss-0.0036536, train_diff_loss-0.3665758, val_mse_loss-0.0003241, val_kl_loss-0.0032152, val_diff_loss-0.3641633
2025-03-19 19:12:58 - INFO - epoch-63, train_mse_loss-0.0003232, train_kl_loss-0.0036062, train_diff_loss-0.3660537, val_mse_loss-0.0003242, val_kl_loss-0.0011393, val_diff_loss-0.3729161
2025-03-19 19:17:16 - INFO - epoch-64, train_mse_loss-0.0003232, train_kl_loss-0.0037186, train_diff_loss-0.3689861, val_mse_loss-0.0003241, val_kl_loss-0.0037016, val_diff_loss-0.3567902
2025-03-19 19:21:35 - INFO - epoch-65, train_mse_loss-0.0003232, train_kl_loss-0.0035925, train_diff_loss-0.3662452, val_mse_loss-0.0003243, val_kl_loss-0.0036856, val_diff_loss-0.3787109
2025-03-19 19:25:53 - INFO - epoch-66, train_mse_loss-0.0003232, train_kl_loss-0.0036388, train_diff_loss-0.3687962, val_mse_loss-0.0003256, val_kl_loss-0.0035630, val_diff_loss-0.3586004
2025-03-19 19:30:10 - INFO - epoch-67, train_mse_loss-0.0003231, train_kl_loss-0.0037795, train_diff_loss-0.3718609, val_mse_loss-0.0003233, val_kl_loss-0.0033840, val_diff_loss-0.3767990
2025-03-19 19:34:28 - INFO - epoch-68, train_mse_loss-0.0003231, train_kl_loss-0.0035202, train_diff_loss-0.3669648, val_mse_loss-0.0003290, val_kl_loss-0.0029554, val_diff_loss-0.3791945
2025-03-19 19:38:46 - INFO - epoch-69, train_mse_loss-0.0003230, train_kl_loss-0.0037195, train_diff_loss-0.3728673, val_mse_loss-0.0003272, val_kl_loss-0.0036764, val_diff_loss-0.3682053
2025-03-19 19:43:04 - INFO - epoch-70, train_mse_loss-0.0003230, train_kl_loss-0.0036782, train_diff_loss-0.3706191, val_mse_loss-0.0003300, val_kl_loss-0.0033886, val_diff_loss-0.3811724
2025-03-19 19:47:22 - INFO - epoch-71, train_mse_loss-0.0003230, train_kl_loss-0.0035644, train_diff_loss-0.3645165, val_mse_loss-0.0003281, val_kl_loss-0.0037568, val_diff_loss-0.3930718
2025-03-19 19:51:39 - INFO - epoch-72, train_mse_loss-0.0003230, train_kl_loss-0.0036772, train_diff_loss-0.3663618, val_mse_loss-0.0003296, val_kl_loss-0.0034293, val_diff_loss-0.3704402
2025-03-19 19:55:57 - INFO - epoch-73, train_mse_loss-0.0003230, train_kl_loss-0.0037350, train_diff_loss-0.3697893, val_mse_loss-0.0003264, val_kl_loss-0.0036301, val_diff_loss-0.3720695
2025-03-19 20:00:14 - INFO - epoch-74, train_mse_loss-0.0003230, train_kl_loss-0.0036954, train_diff_loss-0.3707417, val_mse_loss-0.0003275, val_kl_loss-0.0039258, val_diff_loss-0.3727599
2025-03-19 20:04:33 - INFO - epoch-75, train_mse_loss-0.0003230, train_kl_loss-0.0036651, train_diff_loss-0.3677051, val_mse_loss-0.0003232, val_kl_loss-0.0037711, val_diff_loss-0.3711289
2025-03-19 20:08:51 - INFO - epoch-76, train_mse_loss-0.0003230, train_kl_loss-0.0036557, train_diff_loss-0.3681682, val_mse_loss-0.0003233, val_kl_loss-0.0036004, val_diff_loss-0.3682751
2025-03-19 20:13:09 - INFO - epoch-77, train_mse_loss-0.0003230, train_kl_loss-0.0036734, train_diff_loss-0.3720959, val_mse_loss-0.0003227, val_kl_loss-0.0035759, val_diff_loss-0.3675507
2025-03-19 20:17:27 - INFO - epoch-78, train_mse_loss-0.0003230, train_kl_loss-0.0037664, train_diff_loss-0.3766404, val_mse_loss-0.0003226, val_kl_loss-0.0038320, val_diff_loss-0.3867647
2025-03-19 20:21:45 - INFO - epoch-79, train_mse_loss-0.0003230, train_kl_loss-0.0036716, train_diff_loss-0.3694448, val_mse_loss-0.0003210, val_kl_loss-0.0035357, val_diff_loss-0.3629758
2025-03-19 20:26:03 - INFO - epoch-80, train_mse_loss-0.0003230, train_kl_loss-0.0036381, train_diff_loss-0.3664648, val_mse_loss-0.0003224, val_kl_loss-0.0037128, val_diff_loss-0.3729917
2025-03-19 20:30:20 - INFO - epoch-81, train_mse_loss-0.0003230, train_kl_loss-0.0035907, train_diff_loss-0.3653275, val_mse_loss-0.0003212, val_kl_loss-0.0033096, val_diff_loss-0.3920838
2025-03-19 20:34:38 - INFO - epoch-82, train_mse_loss-0.0003230, train_kl_loss-0.0035312, train_diff_loss-0.3620380, val_mse_loss-0.0003213, val_kl_loss-0.0037043, val_diff_loss-0.3690316
2025-03-19 20:38:56 - INFO - epoch-83, train_mse_loss-0.0003230, train_kl_loss-0.0037238, train_diff_loss-0.3674408, val_mse_loss-0.0003215, val_kl_loss-0.0035271, val_diff_loss-0.3799386
2025-03-19 20:43:14 - INFO - epoch-84, train_mse_loss-0.0003230, train_kl_loss-0.0036347, train_diff_loss-0.3682099, val_mse_loss-0.0003216, val_kl_loss-0.0034595, val_diff_loss-0.3803210
2025-03-19 20:47:32 - INFO - epoch-85, train_mse_loss-0.0003230, train_kl_loss-0.0036385, train_diff_loss-0.3698229, val_mse_loss-0.0003222, val_kl_loss-0.0036953, val_diff_loss-0.3694857
2025-03-19 20:51:49 - INFO - epoch-86, train_mse_loss-0.0003230, train_kl_loss-0.0035170, train_diff_loss-0.3607553, val_mse_loss-0.0003229, val_kl_loss-0.0039289, val_diff_loss-0.3708263
2025-03-19 20:56:08 - INFO - epoch-87, train_mse_loss-0.0003230, train_kl_loss-0.0036140, train_diff_loss-0.3636569, val_mse_loss-0.0003222, val_kl_loss-0.0038047, val_diff_loss-0.3696679
2025-03-19 21:00:26 - INFO - epoch-88, train_mse_loss-0.0003230, train_kl_loss-0.0036162, train_diff_loss-0.3657877, val_mse_loss-0.0003220, val_kl_loss-0.0032496, val_diff_loss-0.3591696
2025-03-19 21:04:44 - INFO - epoch-89, train_mse_loss-0.0003230, train_kl_loss-0.0037172, train_diff_loss-0.3674774, val_mse_loss-0.0003224, val_kl_loss-0.0036092, val_diff_loss-0.3779112
2025-03-19 21:09:03 - INFO - epoch-90, train_mse_loss-0.0003230, train_kl_loss-0.0037391, train_diff_loss-0.3722018, val_mse_loss-0.0003227, val_kl_loss-0.0037624, val_diff_loss-0.3702400
2025-03-19 21:13:23 - INFO - epoch-91, train_mse_loss-0.0003230, train_kl_loss-0.0037495, train_diff_loss-0.3712478, val_mse_loss-0.0003226, val_kl_loss-0.0036518, val_diff_loss-0.3576637
2025-03-19 21:17:40 - INFO - epoch-92, train_mse_loss-0.0003230, train_kl_loss-0.0037404, train_diff_loss-0.3740788, val_mse_loss-0.0003225, val_kl_loss-0.0036186, val_diff_loss-0.3736979
2025-03-19 21:21:58 - INFO - epoch-93, train_mse_loss-0.0003230, train_kl_loss-0.0036434, train_diff_loss-0.3688423, val_mse_loss-0.0003224, val_kl_loss-0.0034996, val_diff_loss-0.3684422
2025-03-19 21:26:15 - INFO - epoch-94, train_mse_loss-0.0003230, train_kl_loss-0.0037415, train_diff_loss-0.3768608, val_mse_loss-0.0003226, val_kl_loss-0.0040657, val_diff_loss-0.3694624
2025-03-19 21:30:33 - INFO - epoch-95, train_mse_loss-0.0003230, train_kl_loss-0.0037116, train_diff_loss-0.3705937, val_mse_loss-0.0003231, val_kl_loss-0.0036271, val_diff_loss-0.3711102
2025-03-19 21:34:51 - INFO - epoch-96, train_mse_loss-0.0003230, train_kl_loss-0.0037354, train_diff_loss-0.3755111, val_mse_loss-0.0003222, val_kl_loss-0.0042654, val_diff_loss-0.3671278
2025-03-19 21:39:10 - INFO - epoch-97, train_mse_loss-0.0003230, train_kl_loss-0.0036529, train_diff_loss-0.3700776, val_mse_loss-0.0003228, val_kl_loss-0.0044345, val_diff_loss-0.3772733
2025-03-19 21:43:28 - INFO - epoch-98, train_mse_loss-0.0003230, train_kl_loss-0.0037742, train_diff_loss-0.3739160, val_mse_loss-0.0003227, val_kl_loss-0.0037573, val_diff_loss-0.3811399
2025-03-19 21:47:45 - INFO - epoch-99, train_mse_loss-0.0003230, train_kl_loss-0.0035718, train_diff_loss-0.3675400, val_mse_loss-0.0003209, val_kl_loss-0.0036557, val_diff_loss-0.3820580
2025-03-19 21:52:03 - INFO - epoch-100, train_mse_loss-0.0003230, train_kl_loss-0.0037026, train_diff_loss-0.3685728, val_mse_loss-0.0003219, val_kl_loss-0.0036937, val_diff_loss-0.3560331
2025-03-19 21:56:21 - INFO - epoch-101, train_mse_loss-0.0003230, train_kl_loss-0.0035724, train_diff_loss-0.3641385, val_mse_loss-0.0003211, val_kl_loss-0.0035488, val_diff_loss-0.3764888
2025-03-19 22:00:38 - INFO - epoch-102, train_mse_loss-0.0003230, train_kl_loss-0.0037426, train_diff_loss-0.3717260, val_mse_loss-0.0003210, val_kl_loss-0.0037164, val_diff_loss-0.3545859
2025-03-19 22:04:57 - INFO - epoch-103, train_mse_loss-0.0003230, train_kl_loss-0.0035594, train_diff_loss-0.3611891, val_mse_loss-0.0003210, val_kl_loss-0.0034326, val_diff_loss-0.3757735
2025-03-19 22:09:14 - INFO - epoch-104, train_mse_loss-0.0003230, train_kl_loss-0.0037296, train_diff_loss-0.3710489, val_mse_loss-0.0003209, val_kl_loss-0.0037654, val_diff_loss-0.3841551
2025-03-19 22:13:32 - INFO - epoch-105, train_mse_loss-0.0003230, train_kl_loss-0.0037669, train_diff_loss-0.3719855, val_mse_loss-0.0003207, val_kl_loss-0.0037185, val_diff_loss-0.3738589
2025-03-19 22:17:50 - INFO - epoch-106, train_mse_loss-0.0003230, train_kl_loss-0.0037021, train_diff_loss-0.3680884, val_mse_loss-0.0003207, val_kl_loss-0.0036128, val_diff_loss-0.3599008
2025-03-19 22:22:08 - INFO - epoch-107, train_mse_loss-0.0003229, train_kl_loss-0.0036792, train_diff_loss-0.3690999, val_mse_loss-0.0003206, val_kl_loss-0.0035347, val_diff_loss-0.3675564
2025-03-19 22:26:26 - INFO - epoch-108, train_mse_loss-0.0003230, train_kl_loss-0.0036797, train_diff_loss-0.3702332, val_mse_loss-0.0003207, val_kl_loss-0.0036737, val_diff_loss-0.3652699
2025-03-19 22:30:44 - INFO - epoch-109, train_mse_loss-0.0003229, train_kl_loss-0.0036927, train_diff_loss-0.3701414, val_mse_loss-0.0003205, val_kl_loss-0.0036472, val_diff_loss-0.3683472
2025-03-19 22:35:02 - INFO - epoch-110, train_mse_loss-0.0003229, train_kl_loss-0.0036825, train_diff_loss-0.3712580, val_mse_loss-0.0003205, val_kl_loss-0.0037945, val_diff_loss-0.3748108
2025-03-19 22:39:19 - INFO - epoch-111, train_mse_loss-0.0003229, train_kl_loss-0.0036569, train_diff_loss-0.3721160, val_mse_loss-0.0003206, val_kl_loss-0.0037750, val_diff_loss-0.3713504
2025-03-19 22:43:37 - INFO - epoch-112, train_mse_loss-0.0003229, train_kl_loss-0.0036181, train_diff_loss-0.3645684, val_mse_loss-0.0003206, val_kl_loss-0.0038135, val_diff_loss-0.3798017
2025-03-19 22:47:54 - INFO - epoch-113, train_mse_loss-0.0003229, train_kl_loss-0.0036959, train_diff_loss-0.3694557, val_mse_loss-0.0003207, val_kl_loss-0.0035797, val_diff_loss-0.3755293
2025-03-19 22:52:13 - INFO - epoch-114, train_mse_loss-0.0003229, train_kl_loss-0.0036625, train_diff_loss-0.3698242, val_mse_loss-0.0003208, val_kl_loss-0.0034228, val_diff_loss-0.3682016
2025-03-19 22:56:31 - INFO - epoch-115, train_mse_loss-0.0003229, train_kl_loss-0.0035629, train_diff_loss-0.3653938, val_mse_loss-0.0003208, val_kl_loss-0.0034994, val_diff_loss-0.3585085
2025-03-19 23:00:49 - INFO - epoch-116, train_mse_loss-0.0003229, train_kl_loss-0.0036470, train_diff_loss-0.3642122, val_mse_loss-0.0003208, val_kl_loss-0.0035141, val_diff_loss-0.3829742
2025-03-19 23:05:06 - INFO - epoch-117, train_mse_loss-0.0003229, train_kl_loss-0.0036236, train_diff_loss-0.3697554, val_mse_loss-0.0003208, val_kl_loss-0.0040110, val_diff_loss-0.3466397
2025-03-19 23:05:14 - INFO - Saved new best model at epoch 117 with validation loss 0.3509716
2025-03-19 23:09:33 - INFO - epoch-118, train_mse_loss-0.0003229, train_kl_loss-0.0038340, train_diff_loss-0.3755030, val_mse_loss-0.0003208, val_kl_loss-0.0034834, val_diff_loss-0.3626809
2025-03-19 23:13:51 - INFO - epoch-119, train_mse_loss-0.0003229, train_kl_loss-0.0035743, train_diff_loss-0.3672438, val_mse_loss-0.0003207, val_kl_loss-0.0035065, val_diff_loss-0.3796170
2025-03-19 23:18:09 - INFO - epoch-120, train_mse_loss-0.0003229, train_kl_loss-0.0035713, train_diff_loss-0.3649551, val_mse_loss-0.0003207, val_kl_loss-0.0037542, val_diff_loss-0.3645818
2025-03-19 23:22:28 - INFO - epoch-121, train_mse_loss-0.0003229, train_kl_loss-0.0037479, train_diff_loss-0.3719791, val_mse_loss-0.0003208, val_kl_loss-0.0036519, val_diff_loss-0.3763517
2025-03-19 23:26:49 - INFO - epoch-122, train_mse_loss-0.0003229, train_kl_loss-0.0037238, train_diff_loss-0.3729187, val_mse_loss-0.0003208, val_kl_loss-0.0038429, val_diff_loss-0.3576887
2025-03-19 23:31:07 - INFO - epoch-123, train_mse_loss-0.0003229, train_kl_loss-0.0036760, train_diff_loss-0.3692390, val_mse_loss-0.0003208, val_kl_loss-0.0036373, val_diff_loss-0.3853729
2025-03-19 23:35:25 - INFO - epoch-124, train_mse_loss-0.0003229, train_kl_loss-0.0036173, train_diff_loss-0.3663614, val_mse_loss-0.0003209, val_kl_loss-0.0035354, val_diff_loss-0.3597318
2025-03-19 23:39:43 - INFO - epoch-125, train_mse_loss-0.0003229, train_kl_loss-0.0037641, train_diff_loss-0.3729307, val_mse_loss-0.0003208, val_kl_loss-0.0037284, val_diff_loss-0.3756991
2025-03-19 23:44:01 - INFO - epoch-126, train_mse_loss-0.0003229, train_kl_loss-0.0036897, train_diff_loss-0.3691699, val_mse_loss-0.0003208, val_kl_loss-0.0033812, val_diff_loss-0.3684920
2025-03-19 23:48:20 - INFO - epoch-127, train_mse_loss-0.0003229, train_kl_loss-0.0035731, train_diff_loss-0.3669449, val_mse_loss-0.0003207, val_kl_loss-0.0038136, val_diff_loss-0.3715951
2025-03-19 23:52:37 - INFO - epoch-128, train_mse_loss-0.0003229, train_kl_loss-0.0037242, train_diff_loss-0.3699429, val_mse_loss-0.0003209, val_kl_loss-0.0035210, val_diff_loss-0.3729312
2025-03-19 23:56:55 - INFO - epoch-129, train_mse_loss-0.0003229, train_kl_loss-0.0036395, train_diff_loss-0.3677333, val_mse_loss-0.0003212, val_kl_loss-0.0034768, val_diff_loss-0.3580935
2025-03-20 00:01:13 - INFO - epoch-130, train_mse_loss-0.0003229, train_kl_loss-0.0036852, train_diff_loss-0.3699837, val_mse_loss-0.0003208, val_kl_loss-0.0036914, val_diff_loss-0.3555937
2025-03-20 00:05:31 - INFO - epoch-131, train_mse_loss-0.0003229, train_kl_loss-0.0036517, train_diff_loss-0.3667324, val_mse_loss-0.0003209, val_kl_loss-0.0037927, val_diff_loss-0.3695393
2025-03-20 00:09:49 - INFO - epoch-132, train_mse_loss-0.0003229, train_kl_loss-0.0036704, train_diff_loss-0.3689552, val_mse_loss-0.0003209, val_kl_loss-0.0037000, val_diff_loss-0.3738654
2025-03-20 00:14:07 - INFO - epoch-133, train_mse_loss-0.0003229, train_kl_loss-0.0037264, train_diff_loss-0.3729034, val_mse_loss-0.0003209, val_kl_loss-0.0038140, val_diff_loss-0.3714492
2025-03-20 00:18:24 - INFO - epoch-134, train_mse_loss-0.0003229, train_kl_loss-0.0037935, train_diff_loss-0.3747851, val_mse_loss-0.0003209, val_kl_loss-0.0037601, val_diff_loss-0.3537286
2025-03-20 00:22:42 - INFO - epoch-135, train_mse_loss-0.0003229, train_kl_loss-0.0037368, train_diff_loss-0.3735697, val_mse_loss-0.0003212, val_kl_loss-0.0036945, val_diff_loss-0.3714193
2025-03-20 00:27:00 - INFO - epoch-136, train_mse_loss-0.0003229, train_kl_loss-0.0035958, train_diff_loss-0.3663131, val_mse_loss-0.0003213, val_kl_loss-0.0037100, val_diff_loss-0.3689623
2025-03-20 00:31:18 - INFO - epoch-137, train_mse_loss-0.0003229, train_kl_loss-0.0036341, train_diff_loss-0.3649492, val_mse_loss-0.0003211, val_kl_loss-0.0034132, val_diff_loss-0.3653254
2025-03-20 00:35:36 - INFO - epoch-138, train_mse_loss-0.0003229, train_kl_loss-0.0036123, train_diff_loss-0.3684584, val_mse_loss-0.0003212, val_kl_loss-0.0038735, val_diff_loss-0.3755403
2025-03-20 00:39:54 - INFO - epoch-139, train_mse_loss-0.0003229, train_kl_loss-0.0036464, train_diff_loss-0.3680135, val_mse_loss-0.0003213, val_kl_loss-0.0035939, val_diff_loss-0.3758302
2025-03-20 00:44:13 - INFO - epoch-140, train_mse_loss-0.0003229, train_kl_loss-0.0035742, train_diff_loss-0.3644338, val_mse_loss-0.0003214, val_kl_loss-0.0036710, val_diff_loss-0.3721327
2025-03-20 00:48:32 - INFO - epoch-141, train_mse_loss-0.0003229, train_kl_loss-0.0036395, train_diff_loss-0.3675523, val_mse_loss-0.0003216, val_kl_loss-0.0036295, val_diff_loss-0.3598732
2025-03-20 00:52:49 - INFO - epoch-142, train_mse_loss-0.0003229, train_kl_loss-0.0035872, train_diff_loss-0.3657985, val_mse_loss-0.0003217, val_kl_loss-0.0037688, val_diff_loss-0.3711274
2025-03-20 00:57:08 - INFO - epoch-143, train_mse_loss-0.0003229, train_kl_loss-0.0036765, train_diff_loss-0.3672235, val_mse_loss-0.0003216, val_kl_loss-0.0037205, val_diff_loss-0.3675311
2025-03-20 01:01:25 - INFO - epoch-144, train_mse_loss-0.0003229, train_kl_loss-0.0035895, train_diff_loss-0.3623584, val_mse_loss-0.0003219, val_kl_loss-0.0035630, val_diff_loss-0.3729194
2025-03-20 01:05:45 - INFO - epoch-145, train_mse_loss-0.0003229, train_kl_loss-0.0037235, train_diff_loss-0.3683302, val_mse_loss-0.0003222, val_kl_loss-0.0034938, val_diff_loss-0.3810046
2025-03-20 01:10:04 - INFO - epoch-146, train_mse_loss-0.0003229, train_kl_loss-0.0036864, train_diff_loss-0.3706335, val_mse_loss-0.0003218, val_kl_loss-0.0039986, val_diff_loss-0.3656220
2025-03-20 01:14:23 - INFO - epoch-147, train_mse_loss-0.0003229, train_kl_loss-0.0037794, train_diff_loss-0.3729591, val_mse_loss-0.0003220, val_kl_loss-0.0035813, val_diff_loss-0.3682636
2025-03-20 01:18:41 - INFO - epoch-148, train_mse_loss-0.0003230, train_kl_loss-0.0037963, train_diff_loss-0.3760310, val_mse_loss-0.0003220, val_kl_loss-0.0038091, val_diff_loss-0.3531242
2025-03-20 01:22:59 - INFO - epoch-149, train_mse_loss-0.0003230, train_kl_loss-0.0036971, train_diff_loss-0.3704653, val_mse_loss-0.0003220, val_kl_loss-0.0034992, val_diff_loss-0.3682613
2025-03-20 01:27:18 - INFO - epoch-150, train_mse_loss-0.0003230, train_kl_loss-0.0037425, train_diff_loss-0.3752863, val_mse_loss-0.0003225, val_kl_loss-0.0037003, val_diff_loss-0.3744895
2025-03-20 01:31:37 - INFO - epoch-151, train_mse_loss-0.0003230, train_kl_loss-0.0036766, train_diff_loss-0.3693618, val_mse_loss-0.0003225, val_kl_loss-0.0036570, val_diff_loss-0.3579869
2025-03-20 01:35:58 - INFO - epoch-152, train_mse_loss-0.0003230, train_kl_loss-0.0035833, train_diff_loss-0.3664313, val_mse_loss-0.0003228, val_kl_loss-0.0035719, val_diff_loss-0.3749172
2025-03-20 01:40:19 - INFO - epoch-153, train_mse_loss-0.0003230, train_kl_loss-0.0036828, train_diff_loss-0.3692185, val_mse_loss-0.0003229, val_kl_loss-0.0037782, val_diff_loss-0.3709935
2025-03-20 01:44:37 - INFO - epoch-154, train_mse_loss-0.0003230, train_kl_loss-0.0036357, train_diff_loss-0.3648135, val_mse_loss-0.0003239, val_kl_loss-0.0036213, val_diff_loss-0.3613092
2025-03-20 01:48:55 - INFO - epoch-155, train_mse_loss-0.0003230, train_kl_loss-0.0035790, train_diff_loss-0.3622677, val_mse_loss-0.0003254, val_kl_loss-0.0036716, val_diff_loss-0.3627419
2025-03-20 01:53:14 - INFO - epoch-156, train_mse_loss-0.0003230, train_kl_loss-0.0037511, train_diff_loss-0.3691638, val_mse_loss-0.0003254, val_kl_loss-0.0037543, val_diff_loss-0.3678534
2025-03-20 01:57:33 - INFO - epoch-157, train_mse_loss-0.0003230, train_kl_loss-0.0036834, train_diff_loss-0.3656298, val_mse_loss-0.0003250, val_kl_loss-0.0033129, val_diff_loss-0.3922316
2025-03-20 02:01:51 - INFO - epoch-158, train_mse_loss-0.0003230, train_kl_loss-0.0037451, train_diff_loss-0.3732877, val_mse_loss-0.0003248, val_kl_loss-0.0041057, val_diff_loss-0.3643383
2025-03-20 02:06:11 - INFO - epoch-159, train_mse_loss-0.0003230, train_kl_loss-0.0037400, train_diff_loss-0.3702325, val_mse_loss-0.0003256, val_kl_loss-0.0037150, val_diff_loss-0.3819202
2025-03-20 02:10:29 - INFO - epoch-160, train_mse_loss-0.0003230, train_kl_loss-0.0037404, train_diff_loss-0.3731141, val_mse_loss-0.0003259, val_kl_loss-0.0037319, val_diff_loss-0.3574106
2025-03-20 02:14:47 - INFO - epoch-161, train_mse_loss-0.0003230, train_kl_loss-0.0036693, train_diff_loss-0.3694777, val_mse_loss-0.0003262, val_kl_loss-0.0035334, val_diff_loss-0.3604535
2025-03-20 02:19:04 - INFO - epoch-162, train_mse_loss-0.0003230, train_kl_loss-0.0035947, train_diff_loss-0.3652125, val_mse_loss-0.0003291, val_kl_loss-0.0033370, val_diff_loss-0.3715516
2025-03-20 02:23:23 - INFO - epoch-163, train_mse_loss-0.0003230, train_kl_loss-0.0035323, train_diff_loss-0.3609924, val_mse_loss-0.0003250, val_kl_loss-0.0034822, val_diff_loss-0.3703826
2025-03-20 02:27:41 - INFO - epoch-164, train_mse_loss-0.0003230, train_kl_loss-0.0035791, train_diff_loss-0.3632740, val_mse_loss-0.0003280, val_kl_loss-0.0035402, val_diff_loss-0.3646598
2025-03-20 02:31:59 - INFO - epoch-165, train_mse_loss-0.0003230, train_kl_loss-0.0036415, train_diff_loss-0.3661809, val_mse_loss-0.0003273, val_kl_loss-0.0037840, val_diff_loss-0.3718872
2025-03-20 02:36:17 - INFO - epoch-166, train_mse_loss-0.0003230, train_kl_loss-0.0037476, train_diff_loss-0.3685190, val_mse_loss-0.0003261, val_kl_loss-0.0035401, val_diff_loss-0.3761032
2025-03-20 02:40:36 - INFO - epoch-167, train_mse_loss-0.0003230, train_kl_loss-0.0036248, train_diff_loss-0.3654480, val_mse_loss-0.0003279, val_kl_loss-0.0037623, val_diff_loss-0.3719805
2025-03-20 02:44:57 - INFO - epoch-168, train_mse_loss-0.0003230, train_kl_loss-0.0037164, train_diff_loss-0.3683452, val_mse_loss-0.0003280, val_kl_loss-0.0037101, val_diff_loss-0.3775714
2025-03-20 02:49:20 - INFO - epoch-169, train_mse_loss-0.0003230, train_kl_loss-0.0037828, train_diff_loss-0.3758419, val_mse_loss-0.0003272, val_kl_loss-0.0039577, val_diff_loss-0.3599262
2025-03-20 02:53:42 - INFO - epoch-170, train_mse_loss-0.0003230, train_kl_loss-0.0036546, train_diff_loss-0.3662968, val_mse_loss-0.0003273, val_kl_loss-0.0032764, val_diff_loss-0.3711722
2025-03-20 02:58:16 - INFO - epoch-171, train_mse_loss-0.0003230, train_kl_loss-0.0036315, train_diff_loss-0.3692736, val_mse_loss-0.0003281, val_kl_loss-0.0037084, val_diff_loss-0.3638846
2025-03-20 03:04:16 - INFO - epoch-172, train_mse_loss-0.0003229, train_kl_loss-0.0037255, train_diff_loss-0.3710062, val_mse_loss-0.0003268, val_kl_loss-0.0038248, val_diff_loss-0.3815263
2025-03-20 03:10:24 - INFO - epoch-173, train_mse_loss-0.0003230, train_kl_loss-0.0037435, train_diff_loss-0.3704545, val_mse_loss-0.0003270, val_kl_loss-0.0033813, val_diff_loss-0.3796324
2025-03-20 03:14:54 - INFO - epoch-174, train_mse_loss-0.0003229, train_kl_loss-0.0035918, train_diff_loss-0.3673819, val_mse_loss-0.0003269, val_kl_loss-0.0037653, val_diff_loss-0.3776591
2025-03-20 03:19:20 - INFO - epoch-175, train_mse_loss-0.0003230, train_kl_loss-0.0036186, train_diff_loss-0.3634313, val_mse_loss-0.0003266, val_kl_loss-0.0035384, val_diff_loss-0.3574150
2025-03-20 03:23:48 - INFO - epoch-176, train_mse_loss-0.0003230, train_kl_loss-0.0036441, train_diff_loss-0.3655827, val_mse_loss-0.0003265, val_kl_loss-0.0037590, val_diff_loss-0.3676657
2025-03-20 03:29:10 - INFO - epoch-177, train_mse_loss-0.0003230, train_kl_loss-0.0037574, train_diff_loss-0.3713080, val_mse_loss-0.0003268, val_kl_loss-0.0037031, val_diff_loss-0.3830242
2025-03-20 03:34:08 - INFO - epoch-178, train_mse_loss-0.0003230, train_kl_loss-0.0036673, train_diff_loss-0.3681737, val_mse_loss-0.0003259, val_kl_loss-0.0033428, val_diff_loss-0.3610207
2025-03-20 03:39:12 - INFO - epoch-179, train_mse_loss-0.0003230, train_kl_loss-0.0035341, train_diff_loss-0.3630735, val_mse_loss-0.0003266, val_kl_loss-0.0032531, val_diff_loss-0.3790706
2025-03-20 03:43:43 - INFO - epoch-180, train_mse_loss-0.0003230, train_kl_loss-0.0035942, train_diff_loss-0.3622974, val_mse_loss-0.0003271, val_kl_loss-0.0036410, val_diff_loss-0.3714082
2025-03-20 03:48:03 - INFO - epoch-181, train_mse_loss-0.0003230, train_kl_loss-0.0036379, train_diff_loss-0.3627408, val_mse_loss-0.0003263, val_kl_loss-0.0037038, val_diff_loss-0.3597726
2025-03-20 03:52:22 - INFO - epoch-182, train_mse_loss-0.0003230, train_kl_loss-0.0037482, train_diff_loss-0.3684985, val_mse_loss-0.0003261, val_kl_loss-0.0037316, val_diff_loss-0.3529845
2025-03-20 03:56:41 - INFO - epoch-183, train_mse_loss-0.0003230, train_kl_loss-0.0037280, train_diff_loss-0.3711542, val_mse_loss-0.0003256, val_kl_loss-0.0036768, val_diff_loss-0.3815998
2025-03-20 04:01:00 - INFO - epoch-184, train_mse_loss-0.0003230, train_kl_loss-0.0035701, train_diff_loss-0.3635552, val_mse_loss-0.0003261, val_kl_loss-0.0036987, val_diff_loss-0.3645402
2025-03-20 04:05:20 - INFO - epoch-185, train_mse_loss-0.0003230, train_kl_loss-0.0035535, train_diff_loss-0.3582304, val_mse_loss-0.0003261, val_kl_loss-0.0033271, val_diff_loss-0.3602958
2025-03-20 04:09:42 - INFO - epoch-186, train_mse_loss-0.0003230, train_kl_loss-0.0037880, train_diff_loss-0.3730698, val_mse_loss-0.0003256, val_kl_loss-0.0035393, val_diff_loss-0.3634293
2025-03-20 04:14:01 - INFO - epoch-187, train_mse_loss-0.0003230, train_kl_loss-0.0036858, train_diff_loss-0.3705956, val_mse_loss-0.0003256, val_kl_loss-0.0036774, val_diff_loss-0.3685466
2025-03-20 04:18:20 - INFO - epoch-188, train_mse_loss-0.0003230, train_kl_loss-0.0036018, train_diff_loss-0.3651450, val_mse_loss-0.0003297, val_kl_loss-0.0037080, val_diff_loss-0.3639533
2025-03-20 04:22:39 - INFO - epoch-189, train_mse_loss-0.0003232, train_kl_loss-0.0036558, train_diff_loss-0.3660786, val_mse_loss-0.0003340, val_kl_loss-0.0037873, val_diff_loss-0.3717734
2025-03-20 04:26:59 - INFO - epoch-190, train_mse_loss-0.0003232, train_kl_loss-0.0037945, train_diff_loss-0.3709554, val_mse_loss-0.0003380, val_kl_loss-0.0036869, val_diff_loss-0.3721368
2025-03-20 04:31:18 - INFO - epoch-191, train_mse_loss-0.0003231, train_kl_loss-0.0036278, train_diff_loss-0.3658872, val_mse_loss-0.0003401, val_kl_loss-0.0035895, val_diff_loss-0.3685093
2025-03-20 04:35:37 - INFO - epoch-192, train_mse_loss-0.0003231, train_kl_loss-0.0036330, train_diff_loss-0.3694722, val_mse_loss-0.0003373, val_kl_loss-0.0011328, val_diff_loss-0.3902175
2025-03-20 04:39:56 - INFO - epoch-193, train_mse_loss-0.0003231, train_kl_loss-0.0035948, train_diff_loss-0.3644548, val_mse_loss-0.0003523, val_kl_loss-0.0037055, val_diff_loss-0.3841816
2025-03-20 04:44:16 - INFO - epoch-194, train_mse_loss-0.0003232, train_kl_loss-0.0036200, train_diff_loss-0.3666061, val_mse_loss-0.0003457, val_kl_loss-0.0035367, val_diff_loss-0.3685076
2025-03-20 04:48:35 - INFO - epoch-195, train_mse_loss-0.0003232, train_kl_loss-0.0037120, train_diff_loss-0.3704224, val_mse_loss-0.0003511, val_kl_loss-0.0037345, val_diff_loss-0.3704374
2025-03-20 04:52:53 - INFO - epoch-196, train_mse_loss-0.0003232, train_kl_loss-0.0037060, train_diff_loss-0.3708191, val_mse_loss-0.0003599, val_kl_loss-0.0037145, val_diff_loss-0.3712346
2025-03-20 04:57:13 - INFO - epoch-197, train_mse_loss-0.0003232, train_kl_loss-0.0037374, train_diff_loss-0.3705456, val_mse_loss-0.0003651, val_kl_loss-0.0037985, val_diff_loss-0.3626442
2025-03-20 05:01:34 - INFO - epoch-198, train_mse_loss-0.0003232, train_kl_loss-0.0037492, train_diff_loss-0.3730833, val_mse_loss-0.0003801, val_kl_loss-0.0037999, val_diff_loss-0.3609181
2025-03-20 05:05:53 - INFO - epoch-199, train_mse_loss-0.0003232, train_kl_loss-0.0037308, train_diff_loss-0.3713397, val_mse_loss-0.0003758, val_kl_loss-0.0037057, val_diff_loss-0.3834538
2025-03-20 05:10:12 - INFO - epoch-200, train_mse_loss-0.0003232, train_kl_loss-0.0036363, train_diff_loss-0.3698258, val_mse_loss-0.0003875, val_kl_loss-0.0037950, val_diff_loss-0.3544652
2025-03-20 05:14:31 - INFO - epoch-201, train_mse_loss-0.0003232, train_kl_loss-0.0037076, train_diff_loss-0.3708677, val_mse_loss-0.0003769, val_kl_loss-0.0038400, val_diff_loss-0.3609720
2025-03-20 05:18:50 - INFO - epoch-202, train_mse_loss-0.0003232, train_kl_loss-0.0036470, train_diff_loss-0.3685613, val_mse_loss-0.0005805, val_kl_loss-0.0038709, val_diff_loss-0.3804894
2025-03-20 05:23:09 - INFO - epoch-203, train_mse_loss-0.0003232, train_kl_loss-0.0036466, train_diff_loss-0.3643029, val_mse_loss-0.0003909, val_kl_loss-0.0034734, val_diff_loss-0.3701782
2025-03-20 05:27:28 - INFO - epoch-204, train_mse_loss-0.0003232, train_kl_loss-0.0036442, train_diff_loss-0.3679932, val_mse_loss-0.0004256, val_kl_loss-0.0036197, val_diff_loss-0.3726128
2025-03-20 05:31:48 - INFO - epoch-205, train_mse_loss-0.0003231, train_kl_loss-0.0036088, train_diff_loss-0.3631921, val_mse_loss-0.0005016, val_kl_loss-0.0037685, val_diff_loss-0.3897276
2025-03-20 05:36:06 - INFO - epoch-206, train_mse_loss-0.0003231, train_kl_loss-0.0036858, train_diff_loss-0.3683493, val_mse_loss-0.0004495, val_kl_loss-0.0036127, val_diff_loss-0.3860585
2025-03-20 05:40:25 - INFO - epoch-207, train_mse_loss-0.0003232, train_kl_loss-0.0036822, train_diff_loss-0.3668432, val_mse_loss-0.0005384, val_kl_loss-0.0039195, val_diff_loss-0.3756387
2025-03-20 05:44:45 - INFO - epoch-208, train_mse_loss-0.0003232, train_kl_loss-0.0038069, train_diff_loss-0.3728716, val_mse_loss-0.0005494, val_kl_loss-0.0036371, val_diff_loss-0.3616823
2025-03-20 05:49:03 - INFO - epoch-209, train_mse_loss-0.0003232, train_kl_loss-0.0037243, train_diff_loss-0.3695361, val_mse_loss-0.0005149, val_kl_loss-0.0037354, val_diff_loss-0.3672083
2025-03-20 05:53:22 - INFO - epoch-210, train_mse_loss-0.0003232, train_kl_loss-0.0036383, train_diff_loss-0.3665441, val_mse_loss-0.0004864, val_kl_loss-0.0036982, val_diff_loss-0.3836654
2025-03-20 05:57:40 - INFO - epoch-211, train_mse_loss-0.0003232, train_kl_loss-0.0037521, train_diff_loss-0.3739379, val_mse_loss-0.0005017, val_kl_loss-0.0037160, val_diff_loss-0.3916260
2025-03-20 06:01:59 - INFO - epoch-212, train_mse_loss-0.0003232, train_kl_loss-0.0036601, train_diff_loss-0.3679968, val_mse_loss-0.0005477, val_kl_loss-0.0036089, val_diff_loss-0.3738553
2025-03-20 06:06:20 - INFO - epoch-213, train_mse_loss-0.0003232, train_kl_loss-0.0036918, train_diff_loss-0.3701791, val_mse_loss-0.0006140, val_kl_loss-0.0036840, val_diff_loss-0.3676674
2025-03-20 06:10:38 - INFO - epoch-214, train_mse_loss-0.0003232, train_kl_loss-0.0035590, train_diff_loss-0.3627396, val_mse_loss-0.0005364, val_kl_loss-0.0036815, val_diff_loss-0.3744507
2025-03-20 06:14:57 - INFO - epoch-215, train_mse_loss-0.0003232, train_kl_loss-0.0036820, train_diff_loss-0.3670476, val_mse_loss-0.0005195, val_kl_loss-0.0036461, val_diff_loss-0.3945510
2025-03-20 06:19:19 - INFO - epoch-216, train_mse_loss-0.0003232, train_kl_loss-0.0036276, train_diff_loss-0.3668406, val_mse_loss-0.0005510, val_kl_loss-0.0034515, val_diff_loss-0.3862592
2025-03-20 06:23:38 - INFO - epoch-217, train_mse_loss-0.0003232, train_kl_loss-0.0036322, train_diff_loss-0.3667457, val_mse_loss-0.0005643, val_kl_loss-0.0037639, val_diff_loss-0.3641963
2025-03-20 06:27:57 - INFO - epoch-218, train_mse_loss-0.0003232, train_kl_loss-0.0038320, train_diff_loss-0.3764004, val_mse_loss-0.0005461, val_kl_loss-0.0036972, val_diff_loss-0.3628461
2025-03-20 06:32:16 - INFO - epoch-219, train_mse_loss-0.0003232, train_kl_loss-0.0036340, train_diff_loss-0.3702243, val_mse_loss-0.0005095, val_kl_loss-0.0037060, val_diff_loss-0.3673050
2025-03-20 06:36:35 - INFO - epoch-220, train_mse_loss-0.0003232, train_kl_loss-0.0036423, train_diff_loss-0.3686986, val_mse_loss-0.0005052, val_kl_loss-0.0036569, val_diff_loss-0.3803902
2025-03-20 06:40:54 - INFO - epoch-221, train_mse_loss-0.0003232, train_kl_loss-0.0036290, train_diff_loss-0.3680733, val_mse_loss-0.0005815, val_kl_loss-0.0036910, val_diff_loss-0.3716307
2025-03-20 06:45:13 - INFO - epoch-222, train_mse_loss-0.0003232, train_kl_loss-0.0036825, train_diff_loss-0.3680668, val_mse_loss-0.0005689, val_kl_loss-0.0034404, val_diff_loss-0.3577194
2025-03-20 06:49:32 - INFO - epoch-223, train_mse_loss-0.0003232, train_kl_loss-0.0035785, train_diff_loss-0.3650207, val_mse_loss-0.0006006, val_kl_loss-0.0036118, val_diff_loss-0.3548738
2025-03-20 06:53:50 - INFO - epoch-224, train_mse_loss-0.0003232, train_kl_loss-0.0036242, train_diff_loss-0.3675475, val_mse_loss-0.0005023, val_kl_loss-0.0038753, val_diff_loss-0.3611278
2025-03-20 06:58:10 - INFO - epoch-225, train_mse_loss-0.0003232, train_kl_loss-0.0037907, train_diff_loss-0.3710935, val_mse_loss-0.0004707, val_kl_loss-0.0036815, val_diff_loss-0.3570957
2025-03-20 07:02:29 - INFO - epoch-226, train_mse_loss-0.0003232, train_kl_loss-0.0036329, train_diff_loss-0.3687320, val_mse_loss-0.0005182, val_kl_loss-0.0037577, val_diff_loss-0.3658269
2025-03-20 07:06:47 - INFO - epoch-227, train_mse_loss-0.0003232, train_kl_loss-0.0036411, train_diff_loss-0.3675121, val_mse_loss-0.0005634, val_kl_loss-0.0037242, val_diff_loss-0.3570484
2025-03-20 07:11:09 - INFO - epoch-228, train_mse_loss-0.0003232, train_kl_loss-0.0036538, train_diff_loss-0.3675233, val_mse_loss-0.0005021, val_kl_loss-0.0034471, val_diff_loss-0.3778248
2025-03-20 07:15:29 - INFO - epoch-229, train_mse_loss-0.0003232, train_kl_loss-0.0036554, train_diff_loss-0.3647801, val_mse_loss-0.0004785, val_kl_loss-0.0035565, val_diff_loss-0.3689946
2025-03-20 07:19:50 - INFO - epoch-230, train_mse_loss-0.0003232, train_kl_loss-0.0036349, train_diff_loss-0.3658947, val_mse_loss-0.0005022, val_kl_loss-0.0036058, val_diff_loss-0.3823165
2025-03-20 07:24:11 - INFO - epoch-231, train_mse_loss-0.0003232, train_kl_loss-0.0036527, train_diff_loss-0.3650997, val_mse_loss-0.0005131, val_kl_loss-0.0037516, val_diff_loss-0.3578848
2025-03-20 07:28:30 - INFO - epoch-232, train_mse_loss-0.0003232, train_kl_loss-0.0037951, train_diff_loss-0.3731286, val_mse_loss-0.0005149, val_kl_loss-0.0038053, val_diff_loss-0.3821750
2025-03-20 07:32:49 - INFO - epoch-233, train_mse_loss-0.0003232, train_kl_loss-0.0037507, train_diff_loss-0.3727689, val_mse_loss-0.0005037, val_kl_loss-0.0039044, val_diff_loss-0.3641521
2025-03-20 07:37:07 - INFO - epoch-234, train_mse_loss-0.0003232, train_kl_loss-0.0038009, train_diff_loss-0.3754385, val_mse_loss-0.0005498, val_kl_loss-0.0037762, val_diff_loss-0.3715909
2025-03-20 07:41:27 - INFO - epoch-235, train_mse_loss-0.0003232, train_kl_loss-0.0035805, train_diff_loss-0.3629648, val_mse_loss-0.0004998, val_kl_loss-0.0030180, val_diff_loss-0.3723387
2025-03-20 07:45:45 - INFO - epoch-236, train_mse_loss-0.0003232, train_kl_loss-0.0037192, train_diff_loss-0.3708994, val_mse_loss-0.0005592, val_kl_loss-0.0034464, val_diff_loss-0.3544694
2025-03-20 07:50:03 - INFO - epoch-237, train_mse_loss-0.0003232, train_kl_loss-0.0036530, train_diff_loss-0.3688070, val_mse_loss-0.0004972, val_kl_loss-0.0036885, val_diff_loss-0.3895759
2025-03-20 07:54:22 - INFO - epoch-238, train_mse_loss-0.0003232, train_kl_loss-0.0036669, train_diff_loss-0.3671566, val_mse_loss-0.0004748, val_kl_loss-0.0036821, val_diff_loss-0.3744451
2025-03-20 07:58:41 - INFO - epoch-239, train_mse_loss-0.0003232, train_kl_loss-0.0036717, train_diff_loss-0.3685433, val_mse_loss-0.0004986, val_kl_loss-0.0036542, val_diff_loss-0.3585922
2025-03-20 08:03:00 - INFO - epoch-240, train_mse_loss-0.0003232, train_kl_loss-0.0036590, train_diff_loss-0.3685192, val_mse_loss-0.0005375, val_kl_loss-0.0035754, val_diff_loss-0.3752287
2025-03-20 08:07:18 - INFO - epoch-241, train_mse_loss-0.0003232, train_kl_loss-0.0035987, train_diff_loss-0.3671754, val_mse_loss-0.0005653, val_kl_loss-0.0038361, val_diff_loss-0.3598492
2025-03-20 08:11:38 - INFO - epoch-242, train_mse_loss-0.0003232, train_kl_loss-0.0037498, train_diff_loss-0.3699520, val_mse_loss-0.0004790, val_kl_loss-0.0037659, val_diff_loss-0.3582870
2025-03-20 08:15:58 - INFO - epoch-243, train_mse_loss-0.0003232, train_kl_loss-0.0037043, train_diff_loss-0.3692655, val_mse_loss-0.0004610, val_kl_loss-0.0037773, val_diff_loss-0.3613918
2025-03-20 08:20:17 - INFO - epoch-244, train_mse_loss-0.0003232, train_kl_loss-0.0036837, train_diff_loss-0.3708046, val_mse_loss-0.0004986, val_kl_loss-0.0038466, val_diff_loss-0.3564430
2025-03-20 08:24:35 - INFO - epoch-245, train_mse_loss-0.0003232, train_kl_loss-0.0036949, train_diff_loss-0.3712974, val_mse_loss-0.0005143, val_kl_loss-0.0037179, val_diff_loss-0.3729922
2025-03-20 08:28:54 - INFO - epoch-246, train_mse_loss-0.0003232, train_kl_loss-0.0036113, train_diff_loss-0.3648536, val_mse_loss-0.0005316, val_kl_loss-0.0035571, val_diff_loss-0.3739152
2025-03-20 08:33:12 - INFO - epoch-247, train_mse_loss-0.0003232, train_kl_loss-0.0036479, train_diff_loss-0.3677441, val_mse_loss-0.0005310, val_kl_loss-0.0035486, val_diff_loss-0.3670347
2025-03-20 08:37:31 - INFO - epoch-248, train_mse_loss-0.0003232, train_kl_loss-0.0036558, train_diff_loss-0.3699297, val_mse_loss-0.0004775, val_kl_loss-0.0037704, val_diff_loss-0.3558875
2025-03-20 08:41:52 - INFO - epoch-249, train_mse_loss-0.0003232, train_kl_loss-0.0037199, train_diff_loss-0.3723777, val_mse_loss-0.0004755, val_kl_loss-0.0037247, val_diff_loss-0.3733611
2025-03-20 08:46:12 - INFO - epoch-250, train_mse_loss-0.0003232, train_kl_loss-0.0036094, train_diff_loss-0.3660550, val_mse_loss-0.0005259, val_kl_loss-0.0036152, val_diff_loss-0.3803343
2025-03-20 08:50:31 - INFO - epoch-251, train_mse_loss-0.0003232, train_kl_loss-0.0036059, train_diff_loss-0.3635740, val_mse_loss-0.0005017, val_kl_loss-0.0035222, val_diff_loss-0.3641452
2025-03-20 08:54:49 - INFO - epoch-252, train_mse_loss-0.0003232, train_kl_loss-0.0036471, train_diff_loss-0.3663068, val_mse_loss-0.0005098, val_kl_loss-0.0036313, val_diff_loss-0.3890056
2025-03-20 08:59:08 - INFO - epoch-253, train_mse_loss-0.0003232, train_kl_loss-0.0036484, train_diff_loss-0.3671053, val_mse_loss-0.0005362, val_kl_loss-0.0034879, val_diff_loss-0.3668423
2025-03-20 09:03:27 - INFO - epoch-254, train_mse_loss-0.0003232, train_kl_loss-0.0036672, train_diff_loss-0.3697496, val_mse_loss-0.0005461, val_kl_loss-0.0036309, val_diff_loss-0.3716165
2025-03-20 09:07:47 - INFO - epoch-255, train_mse_loss-0.0003232, train_kl_loss-0.0035656, train_diff_loss-0.3673376, val_mse_loss-0.0004989, val_kl_loss-0.0038274, val_diff_loss-0.3572931
2025-03-20 09:12:09 - INFO - epoch-256, train_mse_loss-0.0003232, train_kl_loss-0.0037458, train_diff_loss-0.3696833, val_mse_loss-0.0004718, val_kl_loss-0.0037221, val_diff_loss-0.3601058
2025-03-20 09:16:31 - INFO - epoch-257, train_mse_loss-0.0003232, train_kl_loss-0.0035500, train_diff_loss-0.3606381, val_mse_loss-0.0004747, val_kl_loss-0.0035367, val_diff_loss-0.3653619
2025-03-20 09:20:50 - INFO - epoch-258, train_mse_loss-0.0003232, train_kl_loss-0.0036539, train_diff_loss-0.3681803, val_mse_loss-0.0005325, val_kl_loss-0.0034695, val_diff_loss-0.3648262
2025-03-20 09:25:11 - INFO - epoch-259, train_mse_loss-0.0003232, train_kl_loss-0.0036516, train_diff_loss-0.3654569, val_mse_loss-0.0005044, val_kl_loss-0.0035458, val_diff_loss-0.3645738
2025-03-20 09:29:32 - INFO - epoch-260, train_mse_loss-0.0003232, train_kl_loss-0.0036286, train_diff_loss-0.3668286, val_mse_loss-0.0005221, val_kl_loss-0.0037927, val_diff_loss-0.3923612
2025-03-20 09:33:52 - INFO - epoch-261, train_mse_loss-0.0003232, train_kl_loss-0.0037881, train_diff_loss-0.3707954, val_mse_loss-0.0004879, val_kl_loss-0.0039090, val_diff_loss-0.3686056
2025-03-20 09:38:11 - INFO - epoch-262, train_mse_loss-0.0003232, train_kl_loss-0.0037075, train_diff_loss-0.3690623, val_mse_loss-0.0004767, val_kl_loss-0.0034929, val_diff_loss-0.3681794
2025-03-20 09:42:31 - INFO - epoch-263, train_mse_loss-0.0003232, train_kl_loss-0.0036222, train_diff_loss-0.3691225, val_mse_loss-0.0005647, val_kl_loss-0.0038150, val_diff_loss-0.3668826
2025-03-20 09:46:53 - INFO - epoch-264, train_mse_loss-0.0003232, train_kl_loss-0.0038368, train_diff_loss-0.3754932, val_mse_loss-0.0005425, val_kl_loss-0.0038951, val_diff_loss-0.3646906
2025-03-20 09:51:13 - INFO - epoch-265, train_mse_loss-0.0003232, train_kl_loss-0.0036903, train_diff_loss-0.3697825, val_mse_loss-0.0004933, val_kl_loss-0.0038366, val_diff_loss-0.3777140
2025-03-20 09:55:40 - INFO - epoch-266, train_mse_loss-0.0003232, train_kl_loss-0.0036124, train_diff_loss-0.3653911, val_mse_loss-0.0004748, val_kl_loss-0.0035987, val_diff_loss-0.3529792
2025-03-20 10:00:01 - INFO - epoch-267, train_mse_loss-0.0003232, train_kl_loss-0.0037905, train_diff_loss-0.3762679, val_mse_loss-0.0005166, val_kl_loss-0.0039433, val_diff_loss-0.3666112
2025-03-20 10:04:21 - INFO - epoch-268, train_mse_loss-0.0003232, train_kl_loss-0.0036196, train_diff_loss-0.3666241, val_mse_loss-0.0005107, val_kl_loss-0.0036607, val_diff_loss-0.3640758
2025-03-20 10:08:41 - INFO - epoch-269, train_mse_loss-0.0003232, train_kl_loss-0.0036922, train_diff_loss-0.3741276, val_mse_loss-0.0005978, val_kl_loss-0.0034460, val_diff_loss-0.3690626
2025-03-20 10:13:01 - INFO - epoch-270, train_mse_loss-0.0003232, train_kl_loss-0.0036057, train_diff_loss-0.3659883, val_mse_loss-0.0004661, val_kl_loss-0.0032949, val_diff_loss-0.3620584
2025-03-20 10:17:22 - INFO - epoch-271, train_mse_loss-0.0003232, train_kl_loss-0.0035657, train_diff_loss-0.3637997, val_mse_loss-0.0005277, val_kl_loss-0.0036130, val_diff_loss-0.3680159
2025-03-20 10:21:41 - INFO - epoch-272, train_mse_loss-0.0003232, train_kl_loss-0.0036728, train_diff_loss-0.3669092, val_mse_loss-0.0005567, val_kl_loss-0.0036867, val_diff_loss-0.3688799
2025-03-20 10:26:02 - INFO - epoch-273, train_mse_loss-0.0003232, train_kl_loss-0.0036400, train_diff_loss-0.3646806, val_mse_loss-0.0004771, val_kl_loss-0.0035720, val_diff_loss-0.3656113
2025-03-20 10:30:23 - INFO - epoch-274, train_mse_loss-0.0003232, train_kl_loss-0.0037819, train_diff_loss-0.3744767, val_mse_loss-0.0004959, val_kl_loss-0.0036943, val_diff_loss-0.3803573
2025-03-20 10:34:45 - INFO - epoch-275, train_mse_loss-0.0003232, train_kl_loss-0.0036536, train_diff_loss-0.3676593, val_mse_loss-0.0005541, val_kl_loss-0.0034766, val_diff_loss-0.3811469
2025-03-20 10:39:06 - INFO - epoch-276, train_mse_loss-0.0003232, train_kl_loss-0.0035923, train_diff_loss-0.3653563, val_mse_loss-0.0004821, val_kl_loss-0.0036676, val_diff_loss-0.3538687
2025-03-20 10:43:28 - INFO - epoch-277, train_mse_loss-0.0003232, train_kl_loss-0.0037432, train_diff_loss-0.3719314, val_mse_loss-0.0005892, val_kl_loss-0.0037551, val_diff_loss-0.3717586
2025-03-20 10:47:47 - INFO - epoch-278, train_mse_loss-0.0003232, train_kl_loss-0.0035713, train_diff_loss-0.3645381, val_mse_loss-0.0004842, val_kl_loss-0.0034514, val_diff_loss-0.3825561
2025-03-20 10:52:07 - INFO - epoch-279, train_mse_loss-0.0003232, train_kl_loss-0.0036840, train_diff_loss-0.3699554, val_mse_loss-0.0005348, val_kl_loss-0.0037088, val_diff_loss-0.3624108
2025-03-20 10:56:26 - INFO - epoch-280, train_mse_loss-0.0003232, train_kl_loss-0.0035918, train_diff_loss-0.3626528, val_mse_loss-0.0004971, val_kl_loss-0.0034111, val_diff_loss-0.3546803
2025-03-20 11:00:46 - INFO - epoch-281, train_mse_loss-0.0003232, train_kl_loss-0.0036578, train_diff_loss-0.3696612, val_mse_loss-0.0004963, val_kl_loss-0.0038071, val_diff_loss-0.3555439
2025-03-20 11:05:04 - INFO - epoch-282, train_mse_loss-0.0003232, train_kl_loss-0.0036918, train_diff_loss-0.3680136, val_mse_loss-0.0004696, val_kl_loss-0.0037691, val_diff_loss-0.3728802
2025-03-20 11:09:24 - INFO - epoch-283, train_mse_loss-0.0003232, train_kl_loss-0.0036527, train_diff_loss-0.3680800, val_mse_loss-0.0004748, val_kl_loss-0.0037525, val_diff_loss-0.3641689
2025-03-20 11:13:43 - INFO - epoch-284, train_mse_loss-0.0003232, train_kl_loss-0.0036291, train_diff_loss-0.3640982, val_mse_loss-0.0005178, val_kl_loss-0.0037373, val_diff_loss-0.3502478
2025-03-20 11:18:00 - INFO - epoch-285, train_mse_loss-0.0003232, train_kl_loss-0.0036430, train_diff_loss-0.3627833, val_mse_loss-0.0004957, val_kl_loss-0.0036867, val_diff_loss-0.3575038
2025-03-20 11:22:18 - INFO - epoch-286, train_mse_loss-0.0003232, train_kl_loss-0.0036918, train_diff_loss-0.3646899, val_mse_loss-0.0004711, val_kl_loss-0.0034767, val_diff_loss-0.3723737
2025-03-20 11:26:37 - INFO - epoch-287, train_mse_loss-0.0003232, train_kl_loss-0.0035938, train_diff_loss-0.3651442, val_mse_loss-0.0005127, val_kl_loss-0.0039106, val_diff_loss-0.3781873
2025-03-20 11:30:56 - INFO - epoch-288, train_mse_loss-0.0003232, train_kl_loss-0.0037589, train_diff_loss-0.3721852, val_mse_loss-0.0005444, val_kl_loss-0.0038114, val_diff_loss-0.3626542
2025-03-20 11:35:14 - INFO - epoch-289, train_mse_loss-0.0003232, train_kl_loss-0.0037841, train_diff_loss-0.3712692, val_mse_loss-0.0005111, val_kl_loss-0.0031605, val_diff_loss-0.3739587
2025-03-20 11:39:33 - INFO - epoch-290, train_mse_loss-0.0003232, train_kl_loss-0.0037081, train_diff_loss-0.3710542, val_mse_loss-0.0004932, val_kl_loss-0.0037834, val_diff_loss-0.3638339
2025-03-20 11:43:52 - INFO - epoch-291, train_mse_loss-0.0003232, train_kl_loss-0.0036133, train_diff_loss-0.3691672, val_mse_loss-0.0004877, val_kl_loss-0.0030993, val_diff_loss-0.3693683
2025-03-20 11:48:11 - INFO - epoch-292, train_mse_loss-0.0003232, train_kl_loss-0.0036089, train_diff_loss-0.3617187, val_mse_loss-0.0005536, val_kl_loss-0.0036124, val_diff_loss-0.3686688
2025-03-20 11:52:28 - INFO - epoch-293, train_mse_loss-0.0003232, train_kl_loss-0.0036739, train_diff_loss-0.3689294, val_mse_loss-0.0004938, val_kl_loss-0.0036533, val_diff_loss-0.3646559
2025-03-20 11:56:47 - INFO - epoch-294, train_mse_loss-0.0003232, train_kl_loss-0.0036890, train_diff_loss-0.3687176, val_mse_loss-0.0004489, val_kl_loss-0.0035296, val_diff_loss-0.3651085
2025-03-20 12:01:05 - INFO - epoch-295, train_mse_loss-0.0003232, train_kl_loss-0.0037755, train_diff_loss-0.3725300, val_mse_loss-0.0004674, val_kl_loss-0.0036686, val_diff_loss-0.3737451
2025-03-20 12:05:24 - INFO - epoch-296, train_mse_loss-0.0003232, train_kl_loss-0.0036087, train_diff_loss-0.3671711, val_mse_loss-0.0004978, val_kl_loss-0.0035495, val_diff_loss-0.3673403
2025-03-20 12:09:42 - INFO - epoch-297, train_mse_loss-0.0003232, train_kl_loss-0.0036206, train_diff_loss-0.3654665, val_mse_loss-0.0004948, val_kl_loss-0.0035975, val_diff_loss-0.3707797
2025-03-20 12:14:00 - INFO - epoch-298, train_mse_loss-0.0003232, train_kl_loss-0.0035980, train_diff_loss-0.3657624, val_mse_loss-0.0005465, val_kl_loss-0.0037491, val_diff_loss-0.3702894
2025-03-20 12:18:18 - INFO - epoch-299, train_mse_loss-0.0003232, train_kl_loss-0.0037473, train_diff_loss-0.3713248, val_mse_loss-0.0005663, val_kl_loss-0.0036848, val_diff_loss-0.3540434
2025-03-20 12:22:37 - INFO - epoch-300, train_mse_loss-0.0003232, train_kl_loss-0.0035946, train_diff_loss-0.3680262, val_mse_loss-0.0005612, val_kl_loss-0.0037230, val_diff_loss-0.3670888
2025-03-20 12:26:55 - INFO - epoch-301, train_mse_loss-0.0003232, train_kl_loss-0.0036202, train_diff_loss-0.3652857, val_mse_loss-0.0005377, val_kl_loss-0.0036989, val_diff_loss-0.3668966
2025-03-20 12:31:15 - INFO - epoch-302, train_mse_loss-0.0003232, train_kl_loss-0.0036819, train_diff_loss-0.3678983, val_mse_loss-0.0004791, val_kl_loss-0.0037277, val_diff_loss-0.3701320
2025-03-20 12:35:33 - INFO - epoch-303, train_mse_loss-0.0003232, train_kl_loss-0.0037022, train_diff_loss-0.3698919, val_mse_loss-0.0005255, val_kl_loss-0.0036219, val_diff_loss-0.3645688
2025-03-20 12:39:51 - INFO - epoch-304, train_mse_loss-0.0003232, train_kl_loss-0.0037001, train_diff_loss-0.3723259, val_mse_loss-0.0005073, val_kl_loss-0.0038858, val_diff_loss-0.3744698
2025-03-20 12:44:10 - INFO - epoch-305, train_mse_loss-0.0003232, train_kl_loss-0.0036811, train_diff_loss-0.3660148, val_mse_loss-0.0005301, val_kl_loss-0.0034819, val_diff_loss-0.3657994
2025-03-20 12:48:29 - INFO - epoch-306, train_mse_loss-0.0003232, train_kl_loss-0.0037790, train_diff_loss-0.3742595, val_mse_loss-0.0005129, val_kl_loss-0.0039014, val_diff_loss-0.3872614
2025-03-20 12:52:47 - INFO - epoch-307, train_mse_loss-0.0003232, train_kl_loss-0.0036550, train_diff_loss-0.3671326, val_mse_loss-0.0004957, val_kl_loss-0.0036713, val_diff_loss-0.3637925
2025-03-20 12:57:07 - INFO - epoch-308, train_mse_loss-0.0003232, train_kl_loss-0.0037290, train_diff_loss-0.3715159, val_mse_loss-0.0004588, val_kl_loss-0.0036473, val_diff_loss-0.3737282
2025-03-20 13:01:27 - INFO - epoch-309, train_mse_loss-0.0003232, train_kl_loss-0.0036816, train_diff_loss-0.3707397, val_mse_loss-0.0005146, val_kl_loss-0.0038423, val_diff_loss-0.3716437
2025-03-20 13:05:47 - INFO - epoch-310, train_mse_loss-0.0003232, train_kl_loss-0.0036299, train_diff_loss-0.3665747, val_mse_loss-0.0005703, val_kl_loss-0.0035641, val_diff_loss-0.3739649
2025-03-20 13:10:08 - INFO - epoch-311, train_mse_loss-0.0003232, train_kl_loss-0.0036641, train_diff_loss-0.3680486, val_mse_loss-0.0005891, val_kl_loss-0.0036241, val_diff_loss-0.3679967
2025-03-20 13:14:27 - INFO - epoch-312, train_mse_loss-0.0003232, train_kl_loss-0.0036843, train_diff_loss-0.3679334, val_mse_loss-0.0004786, val_kl_loss-0.0035251, val_diff_loss-0.3644798
2025-03-20 13:18:47 - INFO - epoch-313, train_mse_loss-0.0003232, train_kl_loss-0.0036729, train_diff_loss-0.3699698, val_mse_loss-0.0004927, val_kl_loss-0.0036658, val_diff_loss-0.3587862
2025-03-20 13:23:08 - INFO - epoch-314, train_mse_loss-0.0003232, train_kl_loss-0.0036303, train_diff_loss-0.3662696, val_mse_loss-0.0004625, val_kl_loss-0.0038015, val_diff_loss-0.3813837
2025-03-20 13:27:40 - INFO - epoch-315, train_mse_loss-0.0003232, train_kl_loss-0.0037384, train_diff_loss-0.3678010, val_mse_loss-0.0005095, val_kl_loss-0.0035860, val_diff_loss-0.3611628
2025-03-20 13:32:09 - INFO - epoch-316, train_mse_loss-0.0003232, train_kl_loss-0.0035922, train_diff_loss-0.3624338, val_mse_loss-0.0005331, val_kl_loss-0.0036848, val_diff_loss-0.3986501
2025-03-20 13:36:35 - INFO - epoch-317, train_mse_loss-0.0003232, train_kl_loss-0.0036945, train_diff_loss-0.3695259, val_mse_loss-0.0005112, val_kl_loss-0.0035613, val_diff_loss-0.3796984
2025-03-20 13:40:59 - INFO - epoch-318, train_mse_loss-0.0003232, train_kl_loss-0.0036389, train_diff_loss-0.3671276, val_mse_loss-0.0004721, val_kl_loss-0.0034959, val_diff_loss-0.3640077
2025-03-20 13:45:20 - INFO - epoch-319, train_mse_loss-0.0003232, train_kl_loss-0.0036025, train_diff_loss-0.3651946, val_mse_loss-0.0006207, val_kl_loss-0.0034193, val_diff_loss-0.3716787
2025-03-20 13:49:43 - INFO - epoch-320, train_mse_loss-0.0003232, train_kl_loss-0.0037044, train_diff_loss-0.3725141, val_mse_loss-0.0004914, val_kl_loss-0.0036484, val_diff_loss-0.3778276
2025-03-20 13:54:10 - INFO - epoch-321, train_mse_loss-0.0003232, train_kl_loss-0.0036561, train_diff_loss-0.3699651, val_mse_loss-0.0004992, val_kl_loss-0.0037727, val_diff_loss-0.3681510
2025-03-20 13:58:33 - INFO - epoch-322, train_mse_loss-0.0003232, train_kl_loss-0.0036018, train_diff_loss-0.3671430, val_mse_loss-0.0004807, val_kl_loss-0.0037446, val_diff_loss-0.3797135
2025-03-20 14:02:53 - INFO - epoch-323, train_mse_loss-0.0003232, train_kl_loss-0.0037677, train_diff_loss-0.3701804, val_mse_loss-0.0006457, val_kl_loss-0.0036679, val_diff_loss-0.3735014
2025-03-20 14:07:11 - INFO - epoch-324, train_mse_loss-0.0003232, train_kl_loss-0.0036116, train_diff_loss-0.3630872, val_mse_loss-0.0005273, val_kl_loss-0.0035399, val_diff_loss-0.3613733
2025-03-20 14:11:30 - INFO - epoch-325, train_mse_loss-0.0003232, train_kl_loss-0.0037052, train_diff_loss-0.3706791, val_mse_loss-0.0004928, val_kl_loss-0.0036404, val_diff_loss-0.3668402
2025-03-20 14:15:48 - INFO - epoch-326, train_mse_loss-0.0003232, train_kl_loss-0.0037090, train_diff_loss-0.3674319, val_mse_loss-0.0004998, val_kl_loss-0.0036857, val_diff_loss-0.3762864
2025-03-20 14:20:05 - INFO - epoch-327, train_mse_loss-0.0003232, train_kl_loss-0.0035539, train_diff_loss-0.3606177, val_mse_loss-0.0005357, val_kl_loss-0.0037126, val_diff_loss-0.3802213
2025-03-20 14:24:23 - INFO - epoch-328, train_mse_loss-0.0003232, train_kl_loss-0.0037301, train_diff_loss-0.3714323, val_mse_loss-0.0004878, val_kl_loss-0.0039996, val_diff_loss-0.3865115
2025-03-20 14:28:41 - INFO - epoch-329, train_mse_loss-0.0003231, train_kl_loss-0.0035924, train_diff_loss-0.3628751, val_mse_loss-0.0005686, val_kl_loss-0.0034063, val_diff_loss-0.3969762
2025-03-20 14:32:58 - INFO - epoch-330, train_mse_loss-0.0003232, train_kl_loss-0.0037818, train_diff_loss-0.3697921, val_mse_loss-0.0004980, val_kl_loss-0.0036768, val_diff_loss-0.3700764
2025-03-20 14:37:16 - INFO - epoch-331, train_mse_loss-0.0003232, train_kl_loss-0.0036679, train_diff_loss-0.3659588, val_mse_loss-0.0004962, val_kl_loss-0.0035289, val_diff_loss-0.3669675
2025-03-20 14:41:34 - INFO - epoch-332, train_mse_loss-0.0003232, train_kl_loss-0.0037415, train_diff_loss-0.3707375, val_mse_loss-0.0004913, val_kl_loss-0.0038845, val_diff_loss-0.3773214
2025-03-20 14:45:52 - INFO - epoch-333, train_mse_loss-0.0003232, train_kl_loss-0.0036169, train_diff_loss-0.3638100, val_mse_loss-0.0004796, val_kl_loss-0.0036924, val_diff_loss-0.3611297
2025-03-20 14:50:11 - INFO - epoch-334, train_mse_loss-0.0003232, train_kl_loss-0.0036117, train_diff_loss-0.3636563, val_mse_loss-0.0005099, val_kl_loss-0.0036575, val_diff_loss-0.3695014
2025-03-20 14:54:29 - INFO - epoch-335, train_mse_loss-0.0003232, train_kl_loss-0.0037557, train_diff_loss-0.3695784, val_mse_loss-0.0005075, val_kl_loss-0.0036014, val_diff_loss-0.3826276
2025-03-20 14:58:48 - INFO - epoch-336, train_mse_loss-0.0003232, train_kl_loss-0.0037003, train_diff_loss-0.3696673, val_mse_loss-0.0005751, val_kl_loss-0.0036308, val_diff_loss-0.3658589
2025-03-20 15:03:08 - INFO - epoch-337, train_mse_loss-0.0003232, train_kl_loss-0.0035689, train_diff_loss-0.3625974, val_mse_loss-0.0005297, val_kl_loss-0.0036589, val_diff_loss-0.3520150
2025-03-20 15:07:28 - INFO - epoch-338, train_mse_loss-0.0003232, train_kl_loss-0.0037581, train_diff_loss-0.3721523, val_mse_loss-0.0005595, val_kl_loss-0.0036859, val_diff_loss-0.3529203
2025-03-20 15:11:47 - INFO - epoch-339, train_mse_loss-0.0003232, train_kl_loss-0.0036711, train_diff_loss-0.3698222, val_mse_loss-0.0005027, val_kl_loss-0.0037855, val_diff_loss-0.3602066
2025-03-20 15:16:04 - INFO - epoch-340, train_mse_loss-0.0003232, train_kl_loss-0.0036756, train_diff_loss-0.3681792, val_mse_loss-0.0005621, val_kl_loss-0.0035804, val_diff_loss-0.3883236
2025-03-20 15:20:24 - INFO - epoch-341, train_mse_loss-0.0003232, train_kl_loss-0.0036698, train_diff_loss-0.3714762, val_mse_loss-0.0005512, val_kl_loss-0.0036950, val_diff_loss-0.3534240
2025-03-20 15:24:42 - INFO - epoch-342, train_mse_loss-0.0003232, train_kl_loss-0.0036797, train_diff_loss-0.3689038, val_mse_loss-0.0004957, val_kl_loss-0.0034785, val_diff_loss-0.3635959
2025-03-20 15:29:00 - INFO - epoch-343, train_mse_loss-0.0003232, train_kl_loss-0.0036299, train_diff_loss-0.3717015, val_mse_loss-0.0004837, val_kl_loss-0.0037027, val_diff_loss-0.3721981
2025-03-20 15:33:21 - INFO - epoch-344, train_mse_loss-0.0003232, train_kl_loss-0.0037333, train_diff_loss-0.3724672, val_mse_loss-0.0005115, val_kl_loss-0.0037655, val_diff_loss-0.3716032
2025-03-20 15:37:38 - INFO - epoch-345, train_mse_loss-0.0003232, train_kl_loss-0.0036710, train_diff_loss-0.3680647, val_mse_loss-0.0004928, val_kl_loss-0.0037190, val_diff_loss-0.3606462
2025-03-20 15:41:57 - INFO - epoch-346, train_mse_loss-0.0003232, train_kl_loss-0.0037931, train_diff_loss-0.3760541, val_mse_loss-0.0005837, val_kl_loss-0.0037635, val_diff_loss-0.3758876
2025-03-20 15:46:16 - INFO - epoch-347, train_mse_loss-0.0003232, train_kl_loss-0.0036607, train_diff_loss-0.3703752, val_mse_loss-0.0004819, val_kl_loss-0.0037218, val_diff_loss-0.3736128
2025-03-20 15:50:35 - INFO - epoch-348, train_mse_loss-0.0003232, train_kl_loss-0.0036659, train_diff_loss-0.3667612, val_mse_loss-0.0005282, val_kl_loss-0.0034795, val_diff_loss-0.3607122
2025-03-20 15:54:53 - INFO - epoch-349, train_mse_loss-0.0003232, train_kl_loss-0.0036173, train_diff_loss-0.3673608, val_mse_loss-0.0005768, val_kl_loss-0.0035197, val_diff_loss-0.3648711
2025-03-20 15:59:12 - INFO - epoch-350, train_mse_loss-0.0003232, train_kl_loss-0.0036411, train_diff_loss-0.3698378, val_mse_loss-0.0004694, val_kl_loss-0.0038164, val_diff_loss-0.3692097
2025-03-20 16:03:31 - INFO - epoch-351, train_mse_loss-0.0003232, train_kl_loss-0.0038142, train_diff_loss-0.3738684, val_mse_loss-0.0004911, val_kl_loss-0.0039502, val_diff_loss-0.3832798
2025-03-20 16:07:48 - INFO - epoch-352, train_mse_loss-0.0003232, train_kl_loss-0.0037060, train_diff_loss-0.3690999, val_mse_loss-0.0005131, val_kl_loss-0.0036772, val_diff_loss-0.3666067
2025-03-20 16:12:08 - INFO - epoch-353, train_mse_loss-0.0003232, train_kl_loss-0.0035888, train_diff_loss-0.3639894, val_mse_loss-0.0004933, val_kl_loss-0.0037799, val_diff_loss-0.3655106
2025-03-20 16:16:28 - INFO - epoch-354, train_mse_loss-0.0003232, train_kl_loss-0.0037460, train_diff_loss-0.3731521, val_mse_loss-0.0004879, val_kl_loss-0.0036435, val_diff_loss-0.3747065
2025-03-20 16:20:46 - INFO - epoch-355, train_mse_loss-0.0003232, train_kl_loss-0.0036855, train_diff_loss-0.3697400, val_mse_loss-0.0005630, val_kl_loss-0.0037225, val_diff_loss-0.3662376
2025-03-20 16:25:05 - INFO - epoch-356, train_mse_loss-0.0003231, train_kl_loss-0.0036002, train_diff_loss-0.3656108, val_mse_loss-0.0004840, val_kl_loss-0.0036380, val_diff_loss-0.3701272
2025-03-20 16:29:24 - INFO - epoch-357, train_mse_loss-0.0003232, train_kl_loss-0.0036620, train_diff_loss-0.3659137, val_mse_loss-0.0005261, val_kl_loss-0.0033272, val_diff_loss-0.3609437
2025-03-20 16:33:43 - INFO - epoch-358, train_mse_loss-0.0003232, train_kl_loss-0.0034444, train_diff_loss-0.3604792, val_mse_loss-0.0004815, val_kl_loss-0.0030616, val_diff_loss-0.3587052
2025-03-20 16:38:02 - INFO - epoch-359, train_mse_loss-0.0003231, train_kl_loss-0.0036929, train_diff_loss-0.3673297, val_mse_loss-0.0006199, val_kl_loss-0.0037995, val_diff_loss-0.3727692
2025-03-20 16:42:22 - INFO - epoch-360, train_mse_loss-0.0003232, train_kl_loss-0.0036382, train_diff_loss-0.3635491, val_mse_loss-0.0005135, val_kl_loss-0.0035818, val_diff_loss-0.3769953
2025-03-20 16:46:43 - INFO - epoch-361, train_mse_loss-0.0003232, train_kl_loss-0.0037146, train_diff_loss-0.3716892, val_mse_loss-0.0004623, val_kl_loss-0.0036557, val_diff_loss-0.3692345
2025-03-20 16:51:01 - INFO - epoch-362, train_mse_loss-0.0003232, train_kl_loss-0.0036676, train_diff_loss-0.3668477, val_mse_loss-0.0005229, val_kl_loss-0.0038658, val_diff_loss-0.3583139
2025-03-20 16:55:19 - INFO - epoch-363, train_mse_loss-0.0003232, train_kl_loss-0.0038090, train_diff_loss-0.3747346, val_mse_loss-0.0006627, val_kl_loss-0.0038788, val_diff_loss-0.3499028
2025-03-20 16:59:37 - INFO - epoch-364, train_mse_loss-0.0003232, train_kl_loss-0.0037063, train_diff_loss-0.3702199, val_mse_loss-0.0004853, val_kl_loss-0.0037534, val_diff_loss-0.3698001
2025-03-20 17:03:55 - INFO - epoch-365, train_mse_loss-0.0003232, train_kl_loss-0.0037132, train_diff_loss-0.3704351, val_mse_loss-0.0005075, val_kl_loss-0.0036074, val_diff_loss-0.3687950
2025-03-20 17:08:12 - INFO - epoch-366, train_mse_loss-0.0003232, train_kl_loss-0.0035345, train_diff_loss-0.3642272, val_mse_loss-0.0005086, val_kl_loss-0.0038979, val_diff_loss-0.3590301
2025-03-20 17:12:33 - INFO - epoch-367, train_mse_loss-0.0003231, train_kl_loss-0.0037667, train_diff_loss-0.3692122, val_mse_loss-0.0005409, val_kl_loss-0.0037790, val_diff_loss-0.3758497
2025-03-20 17:16:52 - INFO - epoch-368, train_mse_loss-0.0003232, train_kl_loss-0.0037181, train_diff_loss-0.3695299, val_mse_loss-0.0004788, val_kl_loss-0.0036202, val_diff_loss-0.3866883
2025-03-20 17:21:11 - INFO - epoch-369, train_mse_loss-0.0003231, train_kl_loss-0.0036537, train_diff_loss-0.3700225, val_mse_loss-0.0005122, val_kl_loss-0.0037015, val_diff_loss-0.3461309
2025-03-20 17:21:21 - INFO - Saved new best model at epoch 369 with validation loss 0.3503445
2025-03-20 17:25:43 - INFO - epoch-370, train_mse_loss-0.0003231, train_kl_loss-0.0037036, train_diff_loss-0.3707359, val_mse_loss-0.0005015, val_kl_loss-0.0038136, val_diff_loss-0.3640878
2025-03-20 17:30:01 - INFO - epoch-371, train_mse_loss-0.0003232, train_kl_loss-0.0036969, train_diff_loss-0.3703349, val_mse_loss-0.0005993, val_kl_loss-0.0036729, val_diff_loss-0.3656629
2025-03-20 17:34:19 - INFO - epoch-372, train_mse_loss-0.0003232, train_kl_loss-0.0036932, train_diff_loss-0.3675787, val_mse_loss-0.0004911, val_kl_loss-0.0036738, val_diff_loss-0.3708937
2025-03-20 17:38:36 - INFO - epoch-373, train_mse_loss-0.0003232, train_kl_loss-0.0037210, train_diff_loss-0.3712325, val_mse_loss-0.0005426, val_kl_loss-0.0035759, val_diff_loss-0.3812977
2025-03-20 17:42:54 - INFO - epoch-374, train_mse_loss-0.0003231, train_kl_loss-0.0036263, train_diff_loss-0.3671730, val_mse_loss-0.0004799, val_kl_loss-0.0035828, val_diff_loss-0.3748680
2025-03-20 17:47:11 - INFO - epoch-375, train_mse_loss-0.0003231, train_kl_loss-0.0036296, train_diff_loss-0.3653724, val_mse_loss-0.0005000, val_kl_loss-0.0037534, val_diff_loss-0.3766962
2025-03-20 17:51:53 - INFO - epoch-376, train_mse_loss-0.0003231, train_kl_loss-0.0037581, train_diff_loss-0.3707990, val_mse_loss-0.0005261, val_kl_loss-0.0038405, val_diff_loss-0.3689804
2025-03-20 17:56:09 - INFO - epoch-377, train_mse_loss-0.0003232, train_kl_loss-0.0036891, train_diff_loss-0.3710551, val_mse_loss-0.0004857, val_kl_loss-0.0037130, val_diff_loss-0.3721897
2025-03-20 18:00:26 - INFO - epoch-378, train_mse_loss-0.0003231, train_kl_loss-0.0037353, train_diff_loss-0.3713063, val_mse_loss-0.0004594, val_kl_loss-0.0036047, val_diff_loss-0.3632734
2025-03-20 18:04:44 - INFO - epoch-379, train_mse_loss-0.0003231, train_kl_loss-0.0035978, train_diff_loss-0.3651479, val_mse_loss-0.0004786, val_kl_loss-0.0036350, val_diff_loss-0.3676422
2025-03-20 18:09:03 - INFO - epoch-380, train_mse_loss-0.0003231, train_kl_loss-0.0037121, train_diff_loss-0.3721767, val_mse_loss-0.0005151, val_kl_loss-0.0038348, val_diff_loss-0.3587477
2025-03-20 18:13:20 - INFO - epoch-381, train_mse_loss-0.0003231, train_kl_loss-0.0037263, train_diff_loss-0.3701357, val_mse_loss-0.0005590, val_kl_loss-0.0036623, val_diff_loss-0.3857777
2025-03-20 18:17:37 - INFO - epoch-382, train_mse_loss-0.0003231, train_kl_loss-0.0036615, train_diff_loss-0.3708431, val_mse_loss-0.0005389, val_kl_loss-0.0035266, val_diff_loss-0.3600341
2025-03-20 18:21:54 - INFO - epoch-383, train_mse_loss-0.0003232, train_kl_loss-0.0036743, train_diff_loss-0.3699275, val_mse_loss-0.0004767, val_kl_loss-0.0035421, val_diff_loss-0.3611516
2025-03-20 18:26:11 - INFO - epoch-384, train_mse_loss-0.0003232, train_kl_loss-0.0036237, train_diff_loss-0.3693214, val_mse_loss-0.0004951, val_kl_loss-0.0040329, val_diff_loss-0.3720855
2025-03-20 18:30:29 - INFO - epoch-385, train_mse_loss-0.0003231, train_kl_loss-0.0036948, train_diff_loss-0.3649659, val_mse_loss-0.0004968, val_kl_loss-0.0034619, val_diff_loss-0.3480403
2025-03-20 18:34:47 - INFO - epoch-386, train_mse_loss-0.0003231, train_kl_loss-0.0036839, train_diff_loss-0.3701280, val_mse_loss-0.0005007, val_kl_loss-0.0037091, val_diff_loss-0.3680437
2025-03-20 18:39:04 - INFO - epoch-387, train_mse_loss-0.0003232, train_kl_loss-0.0036501, train_diff_loss-0.3685204, val_mse_loss-0.0004766, val_kl_loss-0.0037298, val_diff_loss-0.3780576
2025-03-20 18:43:22 - INFO - epoch-388, train_mse_loss-0.0003232, train_kl_loss-0.0036263, train_diff_loss-0.3661916, val_mse_loss-0.0004852, val_kl_loss-0.0036562, val_diff_loss-0.3583487
2025-03-20 18:47:40 - INFO - epoch-389, train_mse_loss-0.0003231, train_kl_loss-0.0036214, train_diff_loss-0.3644959, val_mse_loss-0.0005673, val_kl_loss-0.0035663, val_diff_loss-0.3584824
2025-03-20 18:51:58 - INFO - epoch-390, train_mse_loss-0.0003232, train_kl_loss-0.0036874, train_diff_loss-0.3681183, val_mse_loss-0.0004652, val_kl_loss-0.0037896, val_diff_loss-0.3664568
2025-03-20 18:56:15 - INFO - epoch-391, train_mse_loss-0.0003231, train_kl_loss-0.0036963, train_diff_loss-0.3658962, val_mse_loss-0.0005290, val_kl_loss-0.0034596, val_diff_loss-0.3685275
2025-03-20 19:00:34 - INFO - epoch-392, train_mse_loss-0.0003231, train_kl_loss-0.0036322, train_diff_loss-0.3681546, val_mse_loss-0.0005429, val_kl_loss-0.0036552, val_diff_loss-0.3873945
2025-03-20 19:04:52 - INFO - epoch-393, train_mse_loss-0.0003231, train_kl_loss-0.0036095, train_diff_loss-0.3652748, val_mse_loss-0.0004639, val_kl_loss-0.0036964, val_diff_loss-0.3721894
2025-03-20 19:09:09 - INFO - epoch-394, train_mse_loss-0.0003232, train_kl_loss-0.0036266, train_diff_loss-0.3679295, val_mse_loss-0.0004597, val_kl_loss-0.0038257, val_diff_loss-0.3854787
2025-03-20 19:13:27 - INFO - epoch-395, train_mse_loss-0.0003232, train_kl_loss-0.0036741, train_diff_loss-0.3685621, val_mse_loss-0.0004731, val_kl_loss-0.0038513, val_diff_loss-0.3568817
2025-03-20 19:17:45 - INFO - epoch-396, train_mse_loss-0.0003231, train_kl_loss-0.0036598, train_diff_loss-0.3695900, val_mse_loss-0.0005424, val_kl_loss-0.0037090, val_diff_loss-0.3691276
2025-03-20 19:22:02 - INFO - epoch-397, train_mse_loss-0.0003231, train_kl_loss-0.0036669, train_diff_loss-0.3679572, val_mse_loss-0.0007205, val_kl_loss-0.0036707, val_diff_loss-0.3662966
2025-03-20 19:26:20 - INFO - epoch-398, train_mse_loss-0.0003232, train_kl_loss-0.0035675, train_diff_loss-0.3614574, val_mse_loss-0.0005829, val_kl_loss-0.0037303, val_diff_loss-0.3699167
2025-03-20 19:30:38 - INFO - epoch-399, train_mse_loss-0.0003231, train_kl_loss-0.0037555, train_diff_loss-0.3725084, val_mse_loss-0.0004912, val_kl_loss-0.0036449, val_diff_loss-0.3684736
2025-03-20 19:34:58 - INFO - epoch-400, train_mse_loss-0.0003231, train_kl_loss-0.0036453, train_diff_loss-0.3664118, val_mse_loss-0.0004686, val_kl_loss-0.0035710, val_diff_loss-0.3772090
2025-03-20 19:39:15 - INFO - epoch-401, train_mse_loss-0.0003231, train_kl_loss-0.0037461, train_diff_loss-0.3678838, val_mse_loss-0.0004619, val_kl_loss-0.0035238, val_diff_loss-0.3683601
2025-03-20 19:43:33 - INFO - epoch-402, train_mse_loss-0.0003231, train_kl_loss-0.0036235, train_diff_loss-0.3675061, val_mse_loss-0.0005630, val_kl_loss-0.0035712, val_diff_loss-0.3879410
2025-03-20 19:47:50 - INFO - epoch-403, train_mse_loss-0.0003232, train_kl_loss-0.0036384, train_diff_loss-0.3648537, val_mse_loss-0.0005912, val_kl_loss-0.0036204, val_diff_loss-0.3457159
2025-03-20 19:47:58 - INFO - Saved new best model at epoch 403 with validation loss 0.3499276
2025-03-20 19:52:15 - INFO - epoch-404, train_mse_loss-0.0003232, train_kl_loss-0.0036773, train_diff_loss-0.3670271, val_mse_loss-0.0004652, val_kl_loss-0.0037711, val_diff_loss-0.3598492
2025-03-20 19:56:32 - INFO - epoch-405, train_mse_loss-0.0003231, train_kl_loss-0.0035431, train_diff_loss-0.3634820, val_mse_loss-0.0005328, val_kl_loss-0.0025084, val_diff_loss-0.3787565
2025-03-20 20:00:49 - INFO - epoch-406, train_mse_loss-0.0003231, train_kl_loss-0.0037162, train_diff_loss-0.3662752, val_mse_loss-0.0004563, val_kl_loss-0.0037049, val_diff_loss-0.3908967
2025-03-20 20:05:07 - INFO - epoch-407, train_mse_loss-0.0003231, train_kl_loss-0.0037403, train_diff_loss-0.3702675, val_mse_loss-0.0005367, val_kl_loss-0.0035611, val_diff_loss-0.3575501
2025-03-20 20:09:24 - INFO - epoch-408, train_mse_loss-0.0003231, train_kl_loss-0.0037015, train_diff_loss-0.3718062, val_mse_loss-0.0006584, val_kl_loss-0.0037040, val_diff_loss-0.3774669
2025-03-20 20:13:42 - INFO - epoch-409, train_mse_loss-0.0003232, train_kl_loss-0.0035668, train_diff_loss-0.3652031, val_mse_loss-0.0004816, val_kl_loss-0.0037150, val_diff_loss-0.3780349
2025-03-20 20:18:02 - INFO - epoch-410, train_mse_loss-0.0003231, train_kl_loss-0.0036701, train_diff_loss-0.3672145, val_mse_loss-0.0005030, val_kl_loss-0.0034070, val_diff_loss-0.3635354
2025-03-20 20:22:18 - INFO - epoch-411, train_mse_loss-0.0003231, train_kl_loss-0.0036620, train_diff_loss-0.3668831, val_mse_loss-0.0004790, val_kl_loss-0.0036077, val_diff_loss-0.3606295
2025-03-20 20:26:36 - INFO - epoch-412, train_mse_loss-0.0003231, train_kl_loss-0.0036611, train_diff_loss-0.3675038, val_mse_loss-0.0005239, val_kl_loss-0.0038077, val_diff_loss-0.3729765
2025-03-20 20:30:54 - INFO - epoch-413, train_mse_loss-0.0003231, train_kl_loss-0.0036828, train_diff_loss-0.3668303, val_mse_loss-0.0005825, val_kl_loss-0.0039467, val_diff_loss-0.3547114
2025-03-20 20:35:12 - INFO - epoch-414, train_mse_loss-0.0003231, train_kl_loss-0.0037861, train_diff_loss-0.3711099, val_mse_loss-0.0004664, val_kl_loss-0.0035679, val_diff_loss-0.3666025
2025-03-20 20:39:30 - INFO - epoch-415, train_mse_loss-0.0003232, train_kl_loss-0.0035783, train_diff_loss-0.3634232, val_mse_loss-0.0004726, val_kl_loss-0.0034465, val_diff_loss-0.3770856
2025-03-20 20:43:48 - INFO - epoch-416, train_mse_loss-0.0003231, train_kl_loss-0.0036098, train_diff_loss-0.3680603, val_mse_loss-0.0004852, val_kl_loss-0.0039965, val_diff_loss-0.3816425
2025-03-20 20:48:06 - INFO - epoch-417, train_mse_loss-0.0003231, train_kl_loss-0.0037931, train_diff_loss-0.3703090, val_mse_loss-0.0004537, val_kl_loss-0.0038156, val_diff_loss-0.3436100
2025-03-20 20:48:13 - INFO - Saved new best model at epoch 417 with validation loss 0.3478794
2025-03-20 20:52:31 - INFO - epoch-418, train_mse_loss-0.0003231, train_kl_loss-0.0036103, train_diff_loss-0.3643277, val_mse_loss-0.0007082, val_kl_loss-0.0036220, val_diff_loss-0.3631933
2025-03-20 20:56:49 - INFO - epoch-419, train_mse_loss-0.0003231, train_kl_loss-0.0036963, train_diff_loss-0.3699858, val_mse_loss-0.0005716, val_kl_loss-0.0040307, val_diff_loss-0.3505240
2025-03-20 21:01:06 - INFO - epoch-420, train_mse_loss-0.0003232, train_kl_loss-0.0035951, train_diff_loss-0.3670079, val_mse_loss-0.0005591, val_kl_loss-0.0035958, val_diff_loss-0.3787026
2025-03-20 21:05:24 - INFO - epoch-421, train_mse_loss-0.0003232, train_kl_loss-0.0037671, train_diff_loss-0.3698719, val_mse_loss-0.0004546, val_kl_loss-0.0036735, val_diff_loss-0.3572651
2025-03-20 21:09:41 - INFO - epoch-422, train_mse_loss-0.0003231, train_kl_loss-0.0036950, train_diff_loss-0.3690326, val_mse_loss-0.0004808, val_kl_loss-0.0037231, val_diff_loss-0.3694863
2025-03-20 21:13:58 - INFO - epoch-423, train_mse_loss-0.0003231, train_kl_loss-0.0036601, train_diff_loss-0.3692625, val_mse_loss-0.0004512, val_kl_loss-0.0037503, val_diff_loss-0.3578997
2025-03-20 21:18:15 - INFO - epoch-424, train_mse_loss-0.0003231, train_kl_loss-0.0035381, train_diff_loss-0.3613144, val_mse_loss-0.0005323, val_kl_loss-0.0037559, val_diff_loss-0.3657302
2025-03-20 21:22:34 - INFO - epoch-425, train_mse_loss-0.0003231, train_kl_loss-0.0037394, train_diff_loss-0.3674795, val_mse_loss-0.0005818, val_kl_loss-0.0034740, val_diff_loss-0.3742333
2025-03-20 21:26:52 - INFO - epoch-426, train_mse_loss-0.0003232, train_kl_loss-0.0036673, train_diff_loss-0.3704687, val_mse_loss-0.0004598, val_kl_loss-0.0035976, val_diff_loss-0.3582702
2025-03-20 21:31:10 - INFO - epoch-427, train_mse_loss-0.0003231, train_kl_loss-0.0036187, train_diff_loss-0.3662073, val_mse_loss-0.0005389, val_kl_loss-0.0037501, val_diff_loss-0.3682392
2025-03-20 21:35:30 - INFO - epoch-428, train_mse_loss-0.0003231, train_kl_loss-0.0036308, train_diff_loss-0.3633141, val_mse_loss-0.0004732, val_kl_loss-0.0036758, val_diff_loss-0.3638863
2025-03-20 21:39:48 - INFO - epoch-429, train_mse_loss-0.0003231, train_kl_loss-0.0036119, train_diff_loss-0.3657540, val_mse_loss-0.0005111, val_kl_loss-0.0034950, val_diff_loss-0.3580410
2025-03-20 21:44:09 - INFO - epoch-430, train_mse_loss-0.0003231, train_kl_loss-0.0036276, train_diff_loss-0.3677087, val_mse_loss-0.0004711, val_kl_loss-0.0037037, val_diff_loss-0.3641456
2025-03-20 21:48:29 - INFO - epoch-431, train_mse_loss-0.0003231, train_kl_loss-0.0037103, train_diff_loss-0.3701014, val_mse_loss-0.0005129, val_kl_loss-0.0039722, val_diff_loss-0.3768290
2025-03-20 21:52:49 - INFO - epoch-432, train_mse_loss-0.0003231, train_kl_loss-0.0036419, train_diff_loss-0.3630790, val_mse_loss-0.0004845, val_kl_loss-0.0034873, val_diff_loss-0.3614980
2025-03-20 21:57:07 - INFO - epoch-433, train_mse_loss-0.0003231, train_kl_loss-0.0035815, train_diff_loss-0.3641816, val_mse_loss-0.0005325, val_kl_loss-0.0038971, val_diff_loss-0.3801643
2025-03-20 22:01:25 - INFO - epoch-434, train_mse_loss-0.0003231, train_kl_loss-0.0037244, train_diff_loss-0.3682138, val_mse_loss-0.0005578, val_kl_loss-0.0037885, val_diff_loss-0.3603307
2025-03-20 22:05:45 - INFO - epoch-435, train_mse_loss-0.0003231, train_kl_loss-0.0037688, train_diff_loss-0.3688461, val_mse_loss-0.0004848, val_kl_loss-0.0037948, val_diff_loss-0.3729538
2025-03-20 22:10:04 - INFO - epoch-436, train_mse_loss-0.0003231, train_kl_loss-0.0036280, train_diff_loss-0.3658816, val_mse_loss-0.0004956, val_kl_loss-0.0038667, val_diff_loss-0.3626537
2025-03-20 22:14:23 - INFO - epoch-437, train_mse_loss-0.0003231, train_kl_loss-0.0036916, train_diff_loss-0.3697739, val_mse_loss-0.0005078, val_kl_loss-0.0038020, val_diff_loss-0.3683352
2025-03-20 22:18:42 - INFO - epoch-438, train_mse_loss-0.0003231, train_kl_loss-0.0036478, train_diff_loss-0.3689756, val_mse_loss-0.0004927, val_kl_loss-0.0036725, val_diff_loss-0.3816392
2025-03-20 22:23:02 - INFO - epoch-439, train_mse_loss-0.0003231, train_kl_loss-0.0036149, train_diff_loss-0.3652992, val_mse_loss-0.0005197, val_kl_loss-0.0035857, val_diff_loss-0.3705511
2025-03-20 22:27:21 - INFO - epoch-440, train_mse_loss-0.0003231, train_kl_loss-0.0036295, train_diff_loss-0.3661192, val_mse_loss-0.0004760, val_kl_loss-0.0035996, val_diff_loss-0.3663128
2025-03-20 22:31:39 - INFO - epoch-441, train_mse_loss-0.0003231, train_kl_loss-0.0036611, train_diff_loss-0.3688151, val_mse_loss-0.0004909, val_kl_loss-0.0037550, val_diff_loss-0.3788039
2025-03-20 22:35:58 - INFO - epoch-442, train_mse_loss-0.0003231, train_kl_loss-0.0036288, train_diff_loss-0.3663436, val_mse_loss-0.0005072, val_kl_loss-0.0037388, val_diff_loss-0.3697302
2025-03-20 22:40:16 - INFO - epoch-443, train_mse_loss-0.0003231, train_kl_loss-0.0036207, train_diff_loss-0.3668319, val_mse_loss-0.0004755, val_kl_loss-0.0035881, val_diff_loss-0.3721941
2025-03-20 22:44:36 - INFO - epoch-444, train_mse_loss-0.0003231, train_kl_loss-0.0036362, train_diff_loss-0.3689989, val_mse_loss-0.0004917, val_kl_loss-0.0036831, val_diff_loss-0.3530418
2025-03-20 22:48:54 - INFO - epoch-445, train_mse_loss-0.0003231, train_kl_loss-0.0036690, train_diff_loss-0.3690825, val_mse_loss-0.0005785, val_kl_loss-0.0038193, val_diff_loss-0.3573597
2025-03-20 22:53:13 - INFO - epoch-446, train_mse_loss-0.0003231, train_kl_loss-0.0036899, train_diff_loss-0.3688432, val_mse_loss-0.0005127, val_kl_loss-0.0035345, val_diff_loss-0.3852245
2025-03-20 22:57:31 - INFO - epoch-447, train_mse_loss-0.0003231, train_kl_loss-0.0036451, train_diff_loss-0.3694342, val_mse_loss-0.0006036, val_kl_loss-0.0036477, val_diff_loss-0.3677657
2025-03-20 23:01:48 - INFO - epoch-448, train_mse_loss-0.0003231, train_kl_loss-0.0037149, train_diff_loss-0.3674485, val_mse_loss-0.0005733, val_kl_loss-0.0036078, val_diff_loss-0.3708899
2025-03-20 23:06:05 - INFO - epoch-449, train_mse_loss-0.0003231, train_kl_loss-0.0036363, train_diff_loss-0.3659081, val_mse_loss-0.0005200, val_kl_loss-0.0036471, val_diff_loss-0.3503214
2025-03-20 23:10:23 - INFO - epoch-450, train_mse_loss-0.0003231, train_kl_loss-0.0036713, train_diff_loss-0.3701845, val_mse_loss-0.0005411, val_kl_loss-0.0035752, val_diff_loss-0.3662705
2025-03-20 23:14:41 - INFO - epoch-451, train_mse_loss-0.0003231, train_kl_loss-0.0037793, train_diff_loss-0.3732158, val_mse_loss-0.0005129, val_kl_loss-0.0036276, val_diff_loss-0.3747155
2025-03-20 23:18:59 - INFO - epoch-452, train_mse_loss-0.0003231, train_kl_loss-0.0036615, train_diff_loss-0.3685168, val_mse_loss-0.0005048, val_kl_loss-0.0035885, val_diff_loss-0.3628810
2025-03-20 23:23:17 - INFO - epoch-453, train_mse_loss-0.0003231, train_kl_loss-0.0036557, train_diff_loss-0.3679804, val_mse_loss-0.0004875, val_kl_loss-0.0039075, val_diff_loss-0.3666039
2025-03-20 23:27:34 - INFO - epoch-454, train_mse_loss-0.0003231, train_kl_loss-0.0036239, train_diff_loss-0.3646722, val_mse_loss-0.0005340, val_kl_loss-0.0034685, val_diff_loss-0.3582037
2025-03-20 23:31:52 - INFO - epoch-455, train_mse_loss-0.0003231, train_kl_loss-0.0035617, train_diff_loss-0.3643549, val_mse_loss-0.0004893, val_kl_loss-0.0036070, val_diff_loss-0.3549675
2025-03-20 23:36:11 - INFO - epoch-456, train_mse_loss-0.0003231, train_kl_loss-0.0036944, train_diff_loss-0.3661400, val_mse_loss-0.0005056, val_kl_loss-0.0034795, val_diff_loss-0.3851682
2025-03-20 23:40:29 - INFO - epoch-457, train_mse_loss-0.0003231, train_kl_loss-0.0036158, train_diff_loss-0.3658491, val_mse_loss-0.0004934, val_kl_loss-0.0037194, val_diff_loss-0.3711159
2025-03-20 23:44:46 - INFO - epoch-458, train_mse_loss-0.0003231, train_kl_loss-0.0036733, train_diff_loss-0.3675279, val_mse_loss-0.0005252, val_kl_loss-0.0033107, val_diff_loss-0.3548537
2025-03-20 23:49:05 - INFO - epoch-459, train_mse_loss-0.0003231, train_kl_loss-0.0035805, train_diff_loss-0.3695070, val_mse_loss-0.0005492, val_kl_loss-0.0035902, val_diff_loss-0.3657423
2025-03-20 23:53:23 - INFO - epoch-460, train_mse_loss-0.0003231, train_kl_loss-0.0036616, train_diff_loss-0.3681125, val_mse_loss-0.0005328, val_kl_loss-0.0037892, val_diff_loss-0.3546224
2025-03-20 23:57:43 - INFO - epoch-461, train_mse_loss-0.0003231, train_kl_loss-0.0036686, train_diff_loss-0.3667818, val_mse_loss-0.0004594, val_kl_loss-0.0037393, val_diff_loss-0.3600898
2025-03-21 00:02:02 - INFO - epoch-462, train_mse_loss-0.0003231, train_kl_loss-0.0036176, train_diff_loss-0.3650082, val_mse_loss-0.0004767, val_kl_loss-0.0036948, val_diff_loss-0.3781419
2025-03-21 00:06:20 - INFO - epoch-463, train_mse_loss-0.0003231, train_kl_loss-0.0037033, train_diff_loss-0.3689567, val_mse_loss-0.0004790, val_kl_loss-0.0035581, val_diff_loss-0.3840680
2025-03-21 00:10:37 - INFO - epoch-464, train_mse_loss-0.0003231, train_kl_loss-0.0036342, train_diff_loss-0.3651129, val_mse_loss-0.0005325, val_kl_loss-0.0035897, val_diff_loss-0.3725236
2025-03-21 00:14:54 - INFO - epoch-465, train_mse_loss-0.0003231, train_kl_loss-0.0036534, train_diff_loss-0.3682411, val_mse_loss-0.0005110, val_kl_loss-0.0035092, val_diff_loss-0.3819605
2025-03-21 00:19:13 - INFO - epoch-466, train_mse_loss-0.0003231, train_kl_loss-0.0036120, train_diff_loss-0.3628775, val_mse_loss-0.0004809, val_kl_loss-0.0037961, val_diff_loss-0.3619882
2025-03-21 00:23:32 - INFO - epoch-467, train_mse_loss-0.0003231, train_kl_loss-0.0037979, train_diff_loss-0.3696494, val_mse_loss-0.0005409, val_kl_loss-0.0034428, val_diff_loss-0.3736890
2025-03-21 00:27:49 - INFO - epoch-468, train_mse_loss-0.0003231, train_kl_loss-0.0036695, train_diff_loss-0.3688758, val_mse_loss-0.0007651, val_kl_loss-0.0036998, val_diff_loss-0.3778981
2025-03-21 00:32:06 - INFO - epoch-469, train_mse_loss-0.0003231, train_kl_loss-0.0036287, train_diff_loss-0.3660621, val_mse_loss-0.0004940, val_kl_loss-0.0037029, val_diff_loss-0.3621003
2025-03-21 00:36:23 - INFO - epoch-470, train_mse_loss-0.0003231, train_kl_loss-0.0036580, train_diff_loss-0.3667975, val_mse_loss-0.0005004, val_kl_loss-0.0035445, val_diff_loss-0.3568970
2025-03-21 00:40:41 - INFO - epoch-471, train_mse_loss-0.0003231, train_kl_loss-0.0037171, train_diff_loss-0.3712637, val_mse_loss-0.0004915, val_kl_loss-0.0035638, val_diff_loss-0.3644948
2025-03-21 00:44:59 - INFO - epoch-472, train_mse_loss-0.0003232, train_kl_loss-0.0035786, train_diff_loss-0.3626593, val_mse_loss-0.0004762, val_kl_loss-0.0035574, val_diff_loss-0.3802669
2025-03-21 00:49:17 - INFO - epoch-473, train_mse_loss-0.0003231, train_kl_loss-0.0036146, train_diff_loss-0.3650318, val_mse_loss-0.0005956, val_kl_loss-0.0039495, val_diff_loss-0.3777289
2025-03-21 00:53:35 - INFO - epoch-474, train_mse_loss-0.0003231, train_kl_loss-0.0037193, train_diff_loss-0.3683717, val_mse_loss-0.0005185, val_kl_loss-0.0036672, val_diff_loss-0.3896653
2025-03-21 00:57:52 - INFO - epoch-475, train_mse_loss-0.0003231, train_kl_loss-0.0037456, train_diff_loss-0.3714256, val_mse_loss-0.0005794, val_kl_loss-0.0037233, val_diff_loss-0.3777520
2025-03-21 01:02:10 - INFO - epoch-476, train_mse_loss-0.0003231, train_kl_loss-0.0036542, train_diff_loss-0.3672868, val_mse_loss-0.0004749, val_kl_loss-0.0036465, val_diff_loss-0.3801455
2025-03-21 01:06:28 - INFO - epoch-477, train_mse_loss-0.0003231, train_kl_loss-0.0036864, train_diff_loss-0.3688796, val_mse_loss-0.0005003, val_kl_loss-0.0035860, val_diff_loss-0.3804759
2025-03-21 01:10:46 - INFO - epoch-478, train_mse_loss-0.0003231, train_kl_loss-0.0037237, train_diff_loss-0.3709495, val_mse_loss-0.0005027, val_kl_loss-0.0037236, val_diff_loss-0.3872886
2025-03-21 01:15:05 - INFO - epoch-479, train_mse_loss-0.0003231, train_kl_loss-0.0035535, train_diff_loss-0.3614423, val_mse_loss-0.0005382, val_kl_loss-0.0033348, val_diff_loss-0.3685857
2025-03-21 01:19:22 - INFO - epoch-480, train_mse_loss-0.0003231, train_kl_loss-0.0035669, train_diff_loss-0.3641681, val_mse_loss-0.0004753, val_kl_loss-0.0036272, val_diff_loss-0.3666462
2025-03-21 01:23:40 - INFO - epoch-481, train_mse_loss-0.0003231, train_kl_loss-0.0036681, train_diff_loss-0.3689174, val_mse_loss-0.0005425, val_kl_loss-0.0036881, val_diff_loss-0.3541192
2025-03-21 01:27:57 - INFO - epoch-482, train_mse_loss-0.0003231, train_kl_loss-0.0036586, train_diff_loss-0.3673499, val_mse_loss-0.0005719, val_kl_loss-0.0036881, val_diff_loss-0.3574525
2025-03-21 01:32:15 - INFO - epoch-483, train_mse_loss-0.0003231, train_kl_loss-0.0037168, train_diff_loss-0.3705490, val_mse_loss-0.0004950, val_kl_loss-0.0035391, val_diff_loss-0.3721925
2025-03-21 01:36:33 - INFO - epoch-484, train_mse_loss-0.0003231, train_kl_loss-0.0036137, train_diff_loss-0.3658321, val_mse_loss-0.0005392, val_kl_loss-0.0036861, val_diff_loss-0.3596105
2025-03-21 01:40:51 - INFO - epoch-485, train_mse_loss-0.0003231, train_kl_loss-0.0036174, train_diff_loss-0.3654633, val_mse_loss-0.0004646, val_kl_loss-0.0035894, val_diff_loss-0.3674444
2025-03-21 01:45:08 - INFO - epoch-486, train_mse_loss-0.0003231, train_kl_loss-0.0036306, train_diff_loss-0.3664946, val_mse_loss-0.0005303, val_kl_loss-0.0035974, val_diff_loss-0.3637839
2025-03-21 01:49:26 - INFO - epoch-487, train_mse_loss-0.0003231, train_kl_loss-0.0036688, train_diff_loss-0.3651265, val_mse_loss-0.0004820, val_kl_loss-0.0035024, val_diff_loss-0.3774506
2025-03-21 01:53:44 - INFO - epoch-488, train_mse_loss-0.0003231, train_kl_loss-0.0036396, train_diff_loss-0.3659618, val_mse_loss-0.0004937, val_kl_loss-0.0038705, val_diff_loss-0.3549389
2025-03-21 01:58:01 - INFO - epoch-489, train_mse_loss-0.0003231, train_kl_loss-0.0037112, train_diff_loss-0.3698170, val_mse_loss-0.0005203, val_kl_loss-0.0037778, val_diff_loss-0.3670198
2025-03-21 02:02:18 - INFO - epoch-490, train_mse_loss-0.0003231, train_kl_loss-0.0036866, train_diff_loss-0.3680174, val_mse_loss-0.0005276, val_kl_loss-0.0034917, val_diff_loss-0.3791696
2025-03-21 02:06:36 - INFO - epoch-491, train_mse_loss-0.0003231, train_kl_loss-0.0036295, train_diff_loss-0.3712377, val_mse_loss-0.0005017, val_kl_loss-0.0039270, val_diff_loss-0.3708836
2025-03-21 02:10:55 - INFO - epoch-492, train_mse_loss-0.0003231, train_kl_loss-0.0037039, train_diff_loss-0.3707635, val_mse_loss-0.0005081, val_kl_loss-0.0037654, val_diff_loss-0.3554625
2025-03-21 02:15:14 - INFO - epoch-493, train_mse_loss-0.0003232, train_kl_loss-0.0036271, train_diff_loss-0.3646558, val_mse_loss-0.0005399, val_kl_loss-0.0035679, val_diff_loss-0.3687625
2025-03-21 02:19:32 - INFO - epoch-494, train_mse_loss-0.0003231, train_kl_loss-0.0037063, train_diff_loss-0.3711361, val_mse_loss-0.0004799, val_kl_loss-0.0038135, val_diff_loss-0.3697705
2025-03-21 02:23:49 - INFO - epoch-495, train_mse_loss-0.0003232, train_kl_loss-0.0036872, train_diff_loss-0.3699637, val_mse_loss-0.0004826, val_kl_loss-0.0037374, val_diff_loss-0.3565764
2025-03-21 02:28:08 - INFO - epoch-496, train_mse_loss-0.0003231, train_kl_loss-0.0037013, train_diff_loss-0.3703622, val_mse_loss-0.0005950, val_kl_loss-0.0038299, val_diff_loss-0.3595051
2025-03-21 02:32:26 - INFO - epoch-497, train_mse_loss-0.0003231, train_kl_loss-0.0036267, train_diff_loss-0.3648564, val_mse_loss-0.0004967, val_kl_loss-0.0036862, val_diff_loss-0.3452620
2025-03-21 02:36:44 - INFO - epoch-498, train_mse_loss-0.0003231, train_kl_loss-0.0037615, train_diff_loss-0.3722892, val_mse_loss-0.0005222, val_kl_loss-0.0036949, val_diff_loss-0.3544937
2025-03-21 02:41:04 - INFO - epoch-499, train_mse_loss-0.0003231, train_kl_loss-0.0036319, train_diff_loss-0.3689727, val_mse_loss-0.0005096, val_kl_loss-0.0036119, val_diff_loss-0.3627048
