2025-01-02 17:24:24 - INFO - /proj/berzelius-2022-haloi/users/x_elima/CryoLigate_GIGN_Unet/train_example_berzilius.py
2025-01-02 17:24:24 - INFO - train data: 16027
2025-01-02 17:24:24 - INFO - train unqiue data: 16027
2025-01-02 17:24:24 - INFO - valid data: 1781
2025-01-02 17:24:24 - INFO - valid unqiue data: 1781
2025-01-02 17:31:52 - INFO - epoch-0, train_loss-0.0114382, val_loss-0.0020580
2025-01-02 17:31:54 - INFO - Saved model at epoch 0
2025-01-02 17:38:50 - INFO - epoch-1, train_loss-0.0010177, val_loss-0.0030048
2025-01-02 17:45:47 - INFO - epoch-2, train_loss-0.0009892, val_loss-0.0029457
2025-01-02 17:52:44 - INFO - epoch-3, train_loss-0.0009746, val_loss-0.0031896
2025-01-02 17:59:39 - INFO - epoch-4, train_loss-0.0009668, val_loss-0.0038947
2025-01-02 18:06:34 - INFO - epoch-5, train_loss-0.0009622, val_loss-0.0039008
2025-01-02 18:13:41 - INFO - epoch-6, train_loss-0.0009584, val_loss-0.0042334
2025-01-02 18:20:37 - INFO - epoch-7, train_loss-0.0009536, val_loss-0.0052028
2025-01-02 18:27:34 - INFO - epoch-8, train_loss-0.0009520, val_loss-0.0042043
2025-01-02 18:34:40 - INFO - epoch-9, train_loss-0.0009492, val_loss-0.0037908
2025-01-02 18:41:59 - INFO - epoch-10, train_loss-0.0009461, val_loss-0.0032231
2025-01-02 18:49:24 - INFO - epoch-11, train_loss-0.0009445, val_loss-0.0032725
2025-01-02 18:56:36 - INFO - epoch-12, train_loss-0.0009439, val_loss-0.0022827
2025-01-02 19:03:32 - INFO - epoch-13, train_loss-0.0009434, val_loss-0.0019065
2025-01-02 19:10:28 - INFO - epoch-14, train_loss-0.0009442, val_loss-0.0019635
2025-01-02 19:17:37 - INFO - epoch-15, train_loss-0.0009415, val_loss-0.0015152
2025-01-02 19:24:33 - INFO - epoch-16, train_loss-0.0009429, val_loss-0.0014852
2025-01-02 19:31:26 - INFO - epoch-17, train_loss-0.0009421, val_loss-0.0013533
2025-01-02 19:38:23 - INFO - epoch-18, train_loss-0.0009417, val_loss-0.0013475
2025-01-02 19:45:20 - INFO - epoch-19, train_loss-0.0009412, val_loss-0.0013279
2025-01-02 19:52:25 - INFO - epoch-20, train_loss-0.0009421, val_loss-0.0013070
2025-01-02 19:52:27 - INFO - Saved model at epoch 20
2025-01-02 19:59:25 - INFO - epoch-21, train_loss-0.0009402, val_loss-0.0012868
2025-01-02 20:06:25 - INFO - epoch-22, train_loss-0.0009411, val_loss-0.0012221
2025-01-02 20:13:21 - INFO - epoch-23, train_loss-0.0009402, val_loss-0.0011905
2025-01-02 20:20:26 - INFO - epoch-24, train_loss-0.0009396, val_loss-0.0011780
2025-01-02 20:27:29 - INFO - epoch-25, train_loss-0.0009394, val_loss-0.0011457
2025-01-02 20:34:47 - INFO - epoch-26, train_loss-0.0009412, val_loss-0.0011671
2025-01-02 20:42:06 - INFO - epoch-27, train_loss-0.0009398, val_loss-0.0011424
2025-01-02 20:49:11 - INFO - epoch-28, train_loss-0.0009391, val_loss-0.0011942
2025-01-02 20:56:08 - INFO - epoch-29, train_loss-0.0009405, val_loss-0.0012650
2025-01-02 21:03:06 - INFO - epoch-30, train_loss-0.0009385, val_loss-0.0012987
2025-01-02 21:10:01 - INFO - epoch-31, train_loss-0.0009403, val_loss-0.0013091
2025-01-02 21:16:56 - INFO - epoch-32, train_loss-0.0009400, val_loss-0.0013952
2025-01-02 21:23:49 - INFO - epoch-33, train_loss-0.0009381, val_loss-0.0015007
2025-01-02 21:30:59 - INFO - epoch-34, train_loss-0.0009383, val_loss-0.0014093
2025-01-02 21:38:21 - INFO - epoch-35, train_loss-0.0009374, val_loss-0.0014573
2025-01-02 21:45:33 - INFO - epoch-36, train_loss-0.0009385, val_loss-0.0015146
2025-01-02 21:52:42 - INFO - epoch-37, train_loss-0.0009361, val_loss-0.0015110
2025-01-02 21:59:52 - INFO - epoch-38, train_loss-0.0009359, val_loss-0.0015915
2025-01-02 22:06:52 - INFO - epoch-39, train_loss-0.0009367, val_loss-0.0015797
2025-01-02 22:13:48 - INFO - epoch-40, train_loss-0.0009362, val_loss-0.0015637
2025-01-02 22:13:50 - INFO - Saved model at epoch 40
2025-01-02 22:20:44 - INFO - epoch-41, train_loss-0.0009349, val_loss-0.0015813
2025-01-02 22:27:41 - INFO - epoch-42, train_loss-0.0009347, val_loss-0.0015988
2025-01-02 22:34:38 - INFO - epoch-43, train_loss-0.0009350, val_loss-0.0016506
2025-01-02 22:41:38 - INFO - epoch-44, train_loss-0.0009350, val_loss-0.0016383
2025-01-02 22:48:35 - INFO - epoch-45, train_loss-0.0009340, val_loss-0.0016332
2025-01-02 22:55:30 - INFO - epoch-46, train_loss-0.0009341, val_loss-0.0016587
2025-01-02 23:02:24 - INFO - epoch-47, train_loss-0.0009346, val_loss-0.0016827
2025-01-02 23:09:23 - INFO - epoch-48, train_loss-0.0009345, val_loss-0.0016146
2025-01-02 23:16:23 - INFO - epoch-49, train_loss-0.0009338, val_loss-0.0016430
2025-01-02 23:23:18 - INFO - epoch-50, train_loss-0.0009315, val_loss-0.0016310
2025-01-02 23:30:16 - INFO - epoch-51, train_loss-0.0009319, val_loss-0.0016173
2025-01-02 23:37:10 - INFO - epoch-52, train_loss-0.0009329, val_loss-0.0016717
2025-01-02 23:44:05 - INFO - epoch-53, train_loss-0.0009318, val_loss-0.0016526
2025-01-02 23:50:58 - INFO - epoch-54, train_loss-0.0009315, val_loss-0.0016214
2025-01-02 23:57:50 - INFO - epoch-55, train_loss-0.0009309, val_loss-0.0016450
2025-01-03 00:04:43 - INFO - epoch-56, train_loss-0.0009311, val_loss-0.0016454
2025-01-03 00:11:37 - INFO - epoch-57, train_loss-0.0009302, val_loss-0.0016351
2025-01-03 00:18:31 - INFO - epoch-58, train_loss-0.0009291, val_loss-0.0016352
2025-01-03 00:25:24 - INFO - epoch-59, train_loss-0.0009290, val_loss-0.0016292
2025-01-03 00:32:17 - INFO - epoch-60, train_loss-0.0009283, val_loss-0.0016298
2025-01-03 00:32:33 - INFO - Saved model at epoch 60
2025-01-03 00:39:27 - INFO - epoch-61, train_loss-0.0009290, val_loss-0.0016409
2025-01-03 00:46:20 - INFO - epoch-62, train_loss-0.0009278, val_loss-0.0016298
2025-01-03 00:53:12 - INFO - epoch-63, train_loss-0.0009289, val_loss-0.0016301
2025-01-03 01:00:04 - INFO - epoch-64, train_loss-0.0009281, val_loss-0.0016255
2025-01-03 01:06:55 - INFO - epoch-65, train_loss-0.0009278, val_loss-0.0016241
2025-01-03 01:13:48 - INFO - epoch-66, train_loss-0.0009279, val_loss-0.0016236
2025-01-03 01:20:40 - INFO - epoch-67, train_loss-0.0009285, val_loss-0.0016226
2025-01-03 01:27:34 - INFO - epoch-68, train_loss-0.0009279, val_loss-0.0016242
2025-01-03 01:34:26 - INFO - epoch-69, train_loss-0.0009258, val_loss-0.0016263
2025-01-03 01:41:19 - INFO - epoch-70, train_loss-0.0009268, val_loss-0.0016274
2025-01-03 01:48:11 - INFO - epoch-71, train_loss-0.0009245, val_loss-0.0016298
2025-01-03 01:55:02 - INFO - epoch-72, train_loss-0.0009254, val_loss-0.0016287
2025-01-03 02:01:54 - INFO - epoch-73, train_loss-0.0009292, val_loss-0.0016278
2025-01-03 02:08:48 - INFO - epoch-74, train_loss-0.0009266, val_loss-0.0016272
2025-01-03 02:15:40 - INFO - epoch-75, train_loss-0.0009256, val_loss-0.0016266
2025-01-03 02:22:34 - INFO - epoch-76, train_loss-0.0009241, val_loss-0.0016263
2025-01-03 02:29:26 - INFO - epoch-77, train_loss-0.0009247, val_loss-0.0016244
2025-01-03 02:36:19 - INFO - epoch-78, train_loss-0.0009248, val_loss-0.0016283
2025-01-03 02:43:12 - INFO - epoch-79, train_loss-0.0009239, val_loss-0.0016266
2025-01-03 02:50:04 - INFO - epoch-80, train_loss-0.0009234, val_loss-0.0016219
2025-01-03 02:50:12 - INFO - Saved model at epoch 80
2025-01-03 02:57:06 - INFO - epoch-81, train_loss-0.0009240, val_loss-0.0016218
2025-01-03 03:03:57 - INFO - epoch-82, train_loss-0.0009231, val_loss-0.0016027
2025-01-03 03:10:53 - INFO - epoch-83, train_loss-0.0009230, val_loss-0.0014368
2025-01-03 03:17:50 - INFO - epoch-84, train_loss-0.0009226, val_loss-0.0013829
2025-01-03 03:24:42 - INFO - epoch-85, train_loss-0.0009218, val_loss-0.0014859
2025-01-03 03:31:33 - INFO - epoch-86, train_loss-0.0009212, val_loss-0.0014273
2025-01-03 03:38:25 - INFO - epoch-87, train_loss-0.0009213, val_loss-0.0015543
2025-01-03 03:45:17 - INFO - epoch-88, train_loss-0.0009222, val_loss-0.0013776
2025-01-03 03:52:10 - INFO - epoch-89, train_loss-0.0009218, val_loss-0.0013296
2025-01-03 03:59:02 - INFO - epoch-90, train_loss-0.0009205, val_loss-0.0014780
2025-01-03 04:05:53 - INFO - epoch-91, train_loss-0.0009216, val_loss-0.0014402
2025-01-03 04:12:44 - INFO - epoch-92, train_loss-0.0009211, val_loss-0.0013451
2025-01-03 04:19:35 - INFO - epoch-93, train_loss-0.0009220, val_loss-0.0013557
2025-01-03 04:26:28 - INFO - epoch-94, train_loss-0.0009205, val_loss-0.0012468
2025-01-03 04:33:19 - INFO - epoch-95, train_loss-0.0009204, val_loss-0.0012920
2025-01-03 04:40:11 - INFO - epoch-96, train_loss-0.0009195, val_loss-0.0013336
2025-01-03 04:47:02 - INFO - epoch-97, train_loss-0.0009217, val_loss-0.0013101
2025-01-03 04:53:55 - INFO - epoch-98, train_loss-0.0009215, val_loss-0.0013573
2025-01-03 05:00:46 - INFO - epoch-99, train_loss-0.0009202, val_loss-0.0015276
2025-01-03 05:07:38 - INFO - epoch-100, train_loss-0.0009219, val_loss-0.0015634
2025-01-03 05:07:44 - INFO - Saved model at epoch 100
2025-01-03 05:14:37 - INFO - epoch-101, train_loss-0.0009199, val_loss-0.0013845
2025-01-03 05:21:28 - INFO - epoch-102, train_loss-0.0009189, val_loss-0.0014030
2025-01-03 05:28:18 - INFO - epoch-103, train_loss-0.0009210, val_loss-0.0012988
2025-01-03 05:35:10 - INFO - epoch-104, train_loss-0.0009199, val_loss-0.0011827
2025-01-03 05:42:01 - INFO - epoch-105, train_loss-0.0009198, val_loss-0.0015647
2025-01-03 05:48:52 - INFO - epoch-106, train_loss-0.0009197, val_loss-0.0015872
2025-01-03 05:55:44 - INFO - epoch-107, train_loss-0.0009208, val_loss-0.0012680
2025-01-03 06:02:36 - INFO - epoch-108, train_loss-0.0009199, val_loss-0.0012342
2025-01-03 06:09:29 - INFO - epoch-109, train_loss-0.0009188, val_loss-0.0012892
2025-01-03 06:16:20 - INFO - epoch-110, train_loss-0.0009205, val_loss-0.0013872
2025-01-03 06:23:10 - INFO - epoch-111, train_loss-0.0009201, val_loss-0.0013536
2025-01-03 06:30:02 - INFO - epoch-112, train_loss-0.0009210, val_loss-0.0012435
2025-01-03 06:36:53 - INFO - epoch-113, train_loss-0.0009188, val_loss-0.0013233
2025-01-03 06:43:44 - INFO - epoch-114, train_loss-0.0009197, val_loss-0.0013158
2025-01-03 06:50:34 - INFO - epoch-115, train_loss-0.0009179, val_loss-0.0013058
2025-01-03 06:57:25 - INFO - epoch-116, train_loss-0.0009191, val_loss-0.0012575
2025-01-03 07:04:16 - INFO - epoch-117, train_loss-0.0009191, val_loss-0.0012827
2025-01-03 07:11:08 - INFO - epoch-118, train_loss-0.0009192, val_loss-0.0012389
2025-01-03 07:18:01 - INFO - epoch-119, train_loss-0.0009191, val_loss-0.0013511
2025-01-03 07:24:52 - INFO - epoch-120, train_loss-0.0009197, val_loss-0.0013065
2025-01-03 07:25:01 - INFO - Saved model at epoch 120
2025-01-03 07:31:56 - INFO - epoch-121, train_loss-0.0009195, val_loss-0.0013406
2025-01-03 07:38:47 - INFO - epoch-122, train_loss-0.0009187, val_loss-0.0011934
2025-01-03 07:45:39 - INFO - epoch-123, train_loss-0.0009183, val_loss-0.0012719
2025-01-03 07:52:33 - INFO - epoch-124, train_loss-0.0009177, val_loss-0.0012686
2025-01-03 07:59:24 - INFO - epoch-125, train_loss-0.0009182, val_loss-0.0011722
2025-01-03 08:06:16 - INFO - epoch-126, train_loss-0.0009189, val_loss-0.0012282
2025-01-03 08:13:08 - INFO - epoch-127, train_loss-0.0009193, val_loss-0.0010876
2025-01-03 08:20:01 - INFO - epoch-128, train_loss-0.0009176, val_loss-0.0013147
2025-01-03 08:26:54 - INFO - epoch-129, train_loss-0.0009188, val_loss-0.0012232
2025-01-03 08:33:46 - INFO - epoch-130, train_loss-0.0009189, val_loss-0.0014655
2025-01-03 08:40:37 - INFO - epoch-131, train_loss-0.0009180, val_loss-0.0011614
2025-01-03 08:47:29 - INFO - epoch-132, train_loss-0.0009190, val_loss-0.0011103
2025-01-03 08:54:20 - INFO - epoch-133, train_loss-0.0009180, val_loss-0.0014238
2025-01-03 09:01:17 - INFO - epoch-134, train_loss-0.0009190, val_loss-0.0011729
2025-01-03 09:08:11 - INFO - epoch-135, train_loss-0.0009193, val_loss-0.0012568
2025-01-03 09:15:02 - INFO - epoch-136, train_loss-0.0009183, val_loss-0.0011702
2025-01-03 09:21:55 - INFO - epoch-137, train_loss-0.0009194, val_loss-0.0012737
2025-01-03 09:28:47 - INFO - epoch-138, train_loss-0.0009181, val_loss-0.0011256
2025-01-03 09:35:41 - INFO - epoch-139, train_loss-0.0009190, val_loss-0.0012589
2025-01-03 09:42:33 - INFO - epoch-140, train_loss-0.0009174, val_loss-0.0012162
2025-01-03 09:42:39 - INFO - Saved model at epoch 140
2025-01-03 09:49:32 - INFO - epoch-141, train_loss-0.0009188, val_loss-0.0014868
2025-01-03 09:56:23 - INFO - epoch-142, train_loss-0.0009175, val_loss-0.0011665
2025-01-03 10:03:14 - INFO - epoch-143, train_loss-0.0009188, val_loss-0.0012283
2025-01-03 10:10:05 - INFO - epoch-144, train_loss-0.0009168, val_loss-0.0014455
2025-01-03 10:16:55 - INFO - epoch-145, train_loss-0.0009174, val_loss-0.0012837
2025-01-03 10:23:47 - INFO - epoch-146, train_loss-0.0009181, val_loss-0.0010562
2025-01-03 10:30:38 - INFO - epoch-147, train_loss-0.0009179, val_loss-0.0014301
2025-01-03 10:37:30 - INFO - epoch-148, train_loss-0.0009168, val_loss-0.0013508
2025-01-03 10:44:24 - INFO - epoch-149, train_loss-0.0009184, val_loss-0.0011784
2025-01-03 10:51:17 - INFO - epoch-150, train_loss-0.0009171, val_loss-0.0013019
2025-01-03 10:58:09 - INFO - epoch-151, train_loss-0.0009176, val_loss-0.0010745
2025-01-03 11:05:02 - INFO - epoch-152, train_loss-0.0009180, val_loss-0.0010530
2025-01-03 11:11:56 - INFO - epoch-153, train_loss-0.0009175, val_loss-0.0011547
2025-01-03 11:18:47 - INFO - epoch-154, train_loss-0.0009197, val_loss-0.0011980
2025-01-03 11:25:39 - INFO - epoch-155, train_loss-0.0009172, val_loss-0.0010554
2025-01-03 11:32:40 - INFO - epoch-156, train_loss-0.0009185, val_loss-0.0015230
2025-01-03 11:39:43 - INFO - epoch-157, train_loss-0.0009183, val_loss-0.0013384
2025-01-03 11:46:36 - INFO - epoch-158, train_loss-0.0009161, val_loss-0.0011674
2025-01-03 11:53:30 - INFO - epoch-159, train_loss-0.0009170, val_loss-0.0010002
2025-01-03 12:00:23 - INFO - epoch-160, train_loss-0.0009176, val_loss-0.0012164
2025-01-03 12:00:25 - INFO - Saved model at epoch 160
2025-01-03 12:07:17 - INFO - epoch-161, train_loss-0.0009191, val_loss-0.0009876
2025-01-03 12:14:10 - INFO - epoch-162, train_loss-0.0009182, val_loss-0.0013940
2025-01-03 12:21:03 - INFO - epoch-163, train_loss-0.0009175, val_loss-0.0010681
2025-01-03 12:27:55 - INFO - epoch-164, train_loss-0.0009180, val_loss-0.0011283
2025-01-03 12:34:48 - INFO - epoch-165, train_loss-0.0009173, val_loss-0.0010444
2025-01-03 12:41:42 - INFO - epoch-166, train_loss-0.0009162, val_loss-0.0011076
2025-01-03 12:48:37 - INFO - epoch-167, train_loss-0.0009173, val_loss-0.0012190
2025-01-03 12:55:48 - INFO - epoch-168, train_loss-0.0009169, val_loss-0.0010295
2025-01-03 13:02:47 - INFO - epoch-169, train_loss-0.0009171, val_loss-0.0016043
2025-01-03 13:09:39 - INFO - epoch-170, train_loss-0.0009166, val_loss-0.0010051
2025-01-03 13:16:30 - INFO - epoch-171, train_loss-0.0009177, val_loss-0.0010361
2025-01-03 13:23:23 - INFO - epoch-172, train_loss-0.0009173, val_loss-0.0010231
2025-01-03 13:30:14 - INFO - epoch-173, train_loss-0.0009184, val_loss-0.0010087
2025-01-03 13:37:05 - INFO - epoch-174, train_loss-0.0009184, val_loss-0.0015307
2025-01-03 13:43:58 - INFO - epoch-175, train_loss-0.0009173, val_loss-0.0009506
2025-01-03 13:50:49 - INFO - epoch-176, train_loss-0.0009177, val_loss-0.0011230
2025-01-03 13:57:40 - INFO - epoch-177, train_loss-0.0009176, val_loss-0.0009851
2025-01-03 14:04:34 - INFO - epoch-178, train_loss-0.0009183, val_loss-0.0009695
2025-01-03 14:11:31 - INFO - epoch-179, train_loss-0.0009168, val_loss-0.0010728
2025-01-03 14:18:44 - INFO - epoch-180, train_loss-0.0009175, val_loss-0.0011301
2025-01-03 14:18:46 - INFO - Saved model at epoch 180
2025-01-03 14:25:46 - INFO - epoch-181, train_loss-0.0009164, val_loss-0.0011627
2025-01-03 14:32:38 - INFO - epoch-182, train_loss-0.0009176, val_loss-0.0014616
2025-01-03 14:39:30 - INFO - epoch-183, train_loss-0.0009168, val_loss-0.0010393
2025-01-03 14:46:22 - INFO - epoch-184, train_loss-0.0009176, val_loss-0.0009955
2025-01-03 14:53:14 - INFO - epoch-185, train_loss-0.0009166, val_loss-0.0014166
2025-01-03 15:00:07 - INFO - epoch-186, train_loss-0.0009179, val_loss-0.0010950
2025-01-03 15:06:59 - INFO - epoch-187, train_loss-0.0009166, val_loss-0.0015048
2025-01-03 15:13:53 - INFO - epoch-188, train_loss-0.0009171, val_loss-0.0010367
2025-01-03 15:20:48 - INFO - epoch-189, train_loss-0.0009171, val_loss-0.0009988
2025-01-03 15:27:46 - INFO - epoch-190, train_loss-0.0009171, val_loss-0.0009682
2025-01-03 15:34:59 - INFO - epoch-191, train_loss-0.0009179, val_loss-0.0009834
2025-01-03 15:41:51 - INFO - epoch-192, train_loss-0.0009171, val_loss-0.0010827
2025-01-03 15:48:43 - INFO - epoch-193, train_loss-0.0009170, val_loss-0.0009778
2025-01-03 15:55:35 - INFO - epoch-194, train_loss-0.0009172, val_loss-0.0009922
2025-01-03 16:02:29 - INFO - epoch-195, train_loss-0.0009164, val_loss-0.0015348
2025-01-03 16:09:22 - INFO - epoch-196, train_loss-0.0009169, val_loss-0.0013483
2025-01-03 16:16:16 - INFO - epoch-197, train_loss-0.0009172, val_loss-0.0009725
2025-01-03 16:23:10 - INFO - epoch-198, train_loss-0.0009162, val_loss-0.0020186
2025-01-03 16:30:06 - INFO - epoch-199, train_loss-0.0009177, val_loss-0.0022799
2025-01-03 16:37:00 - INFO - epoch-200, train_loss-0.0009163, val_loss-0.0012132
2025-01-03 16:37:02 - INFO - Saved model at epoch 200
2025-01-03 16:43:54 - INFO - epoch-201, train_loss-0.0009164, val_loss-0.0010601
2025-01-03 16:50:48 - INFO - epoch-202, train_loss-0.0009157, val_loss-0.0013744
2025-01-03 16:57:42 - INFO - epoch-203, train_loss-0.0009160, val_loss-0.0011479
2025-01-03 17:04:37 - INFO - epoch-204, train_loss-0.0009171, val_loss-0.0011583
2025-01-03 17:11:33 - INFO - epoch-205, train_loss-0.0009156, val_loss-0.0022593
2025-01-03 17:18:27 - INFO - epoch-206, train_loss-0.0009153, val_loss-0.0012020
2025-01-03 17:25:23 - INFO - epoch-207, train_loss-0.0009162, val_loss-0.0009793
2025-01-03 17:32:16 - INFO - epoch-208, train_loss-0.0009166, val_loss-0.0021615
2025-01-03 17:39:10 - INFO - epoch-209, train_loss-0.0009161, val_loss-0.0011607
2025-01-03 17:46:04 - INFO - epoch-210, train_loss-0.0009165, val_loss-0.0010982
2025-01-03 17:52:56 - INFO - epoch-211, train_loss-0.0009158, val_loss-0.0011424
2025-01-03 17:59:48 - INFO - epoch-212, train_loss-0.0009154, val_loss-0.0010553
2025-01-03 18:06:40 - INFO - epoch-213, train_loss-0.0009156, val_loss-0.0017788
2025-01-03 18:13:33 - INFO - epoch-214, train_loss-0.0009160, val_loss-0.0011598
2025-01-03 18:20:25 - INFO - epoch-215, train_loss-0.0009156, val_loss-0.0010031
2025-01-03 18:27:17 - INFO - epoch-216, train_loss-0.0009165, val_loss-0.0009756
2025-01-03 18:34:09 - INFO - epoch-217, train_loss-0.0009154, val_loss-0.0010833
2025-01-03 18:41:02 - INFO - epoch-218, train_loss-0.0009159, val_loss-0.0009729
2025-01-03 18:47:55 - INFO - epoch-219, train_loss-0.0009156, val_loss-0.0010105
2025-01-03 18:54:49 - INFO - epoch-220, train_loss-0.0009161, val_loss-0.0013646
2025-01-03 18:54:51 - INFO - Saved model at epoch 220
2025-01-03 19:01:45 - INFO - epoch-221, train_loss-0.0009152, val_loss-0.0010847
2025-01-03 19:08:37 - INFO - epoch-222, train_loss-0.0009147, val_loss-0.0010201
2025-01-03 19:15:30 - INFO - epoch-223, train_loss-0.0009158, val_loss-0.0010409
2025-01-03 19:22:21 - INFO - epoch-224, train_loss-0.0009155, val_loss-0.0010578
2025-01-03 19:29:14 - INFO - epoch-225, train_loss-0.0009154, val_loss-0.0009679
2025-01-03 19:36:06 - INFO - epoch-226, train_loss-0.0009149, val_loss-0.0009487
2025-01-03 19:42:58 - INFO - epoch-227, train_loss-0.0009149, val_loss-0.0011958
2025-01-03 19:49:52 - INFO - epoch-228, train_loss-0.0009150, val_loss-0.0009689
2025-01-03 19:56:47 - INFO - epoch-229, train_loss-0.0009149, val_loss-0.0010259
2025-01-03 20:03:40 - INFO - epoch-230, train_loss-0.0009156, val_loss-0.0009551
2025-01-03 20:10:33 - INFO - epoch-231, train_loss-0.0009153, val_loss-0.0009739
2025-01-03 20:17:25 - INFO - epoch-232, train_loss-0.0009151, val_loss-0.0010183
2025-01-03 20:24:18 - INFO - epoch-233, train_loss-0.0009148, val_loss-0.0013094
2025-01-03 20:31:12 - INFO - epoch-234, train_loss-0.0009149, val_loss-0.0010053
2025-01-03 20:38:07 - INFO - epoch-235, train_loss-0.0009153, val_loss-0.0009625
2025-01-03 20:45:03 - INFO - epoch-236, train_loss-0.0009152, val_loss-0.0011055
2025-01-03 20:51:57 - INFO - epoch-237, train_loss-0.0009152, val_loss-0.0011049
2025-01-03 20:58:50 - INFO - epoch-238, train_loss-0.0009150, val_loss-0.0009590
2025-01-03 21:05:46 - INFO - epoch-239, train_loss-0.0009155, val_loss-0.0011510
2025-01-03 21:12:40 - INFO - epoch-240, train_loss-0.0009144, val_loss-0.0010210
2025-01-03 21:12:42 - INFO - Saved model at epoch 240
2025-01-03 21:19:36 - INFO - epoch-241, train_loss-0.0009151, val_loss-0.0010408
2025-01-03 21:26:29 - INFO - epoch-242, train_loss-0.0009148, val_loss-0.0009429
2025-01-03 21:33:22 - INFO - epoch-243, train_loss-0.0009144, val_loss-0.0010049
2025-01-03 21:40:14 - INFO - epoch-244, train_loss-0.0009151, val_loss-0.0011978
2025-01-03 21:47:06 - INFO - epoch-245, train_loss-0.0009152, val_loss-0.0012975
2025-01-03 21:53:58 - INFO - epoch-246, train_loss-0.0009144, val_loss-0.0018284
2025-01-03 22:00:52 - INFO - epoch-247, train_loss-0.0009149, val_loss-0.0009980
2025-01-03 22:07:45 - INFO - epoch-248, train_loss-0.0009148, val_loss-0.0054635
2025-01-03 22:14:37 - INFO - epoch-249, train_loss-0.0009145, val_loss-0.0015391
2025-01-03 22:21:31 - INFO - epoch-250, train_loss-0.0009143, val_loss-0.0011631
2025-01-03 22:28:23 - INFO - epoch-251, train_loss-0.0009150, val_loss-0.0011813
2025-01-03 22:35:15 - INFO - epoch-252, train_loss-0.0009147, val_loss-0.0009781
2025-01-03 22:42:07 - INFO - epoch-253, train_loss-0.0009146, val_loss-0.0016443
2025-01-03 22:48:59 - INFO - epoch-254, train_loss-0.0009147, val_loss-0.0010185
2025-01-03 22:55:51 - INFO - epoch-255, train_loss-0.0009151, val_loss-0.0013021
2025-01-03 23:02:43 - INFO - epoch-256, train_loss-0.0009139, val_loss-0.0013149
2025-01-03 23:09:35 - INFO - epoch-257, train_loss-0.0009146, val_loss-0.0013956
2025-01-03 23:16:28 - INFO - epoch-258, train_loss-0.0009150, val_loss-0.0015406
2025-01-03 23:23:21 - INFO - epoch-259, train_loss-0.0009142, val_loss-0.0012346
2025-01-03 23:30:13 - INFO - epoch-260, train_loss-0.0009142, val_loss-0.0010178
2025-01-03 23:30:16 - INFO - Saved model at epoch 260
2025-01-03 23:37:10 - INFO - epoch-261, train_loss-0.0009143, val_loss-0.0010844
2025-01-03 23:44:06 - INFO - epoch-262, train_loss-0.0009140, val_loss-0.0031286
2025-01-03 23:50:59 - INFO - epoch-263, train_loss-0.0009148, val_loss-0.0010767
2025-01-03 23:57:52 - INFO - epoch-264, train_loss-0.0009144, val_loss-0.0010630
2025-01-04 00:04:44 - INFO - epoch-265, train_loss-0.0009136, val_loss-0.0010417
2025-01-04 00:11:36 - INFO - epoch-266, train_loss-0.0009147, val_loss-0.0016519
2025-01-04 00:18:31 - INFO - epoch-267, train_loss-0.0009147, val_loss-0.0065686
2025-01-04 00:25:24 - INFO - epoch-268, train_loss-0.0009143, val_loss-0.0013253
2025-01-04 00:32:17 - INFO - epoch-269, train_loss-0.0009151, val_loss-0.0010364
2025-01-04 00:39:10 - INFO - epoch-270, train_loss-0.0009150, val_loss-0.0009854
2025-01-04 00:46:04 - INFO - epoch-271, train_loss-0.0009145, val_loss-0.0010104
2025-01-04 00:52:57 - INFO - epoch-272, train_loss-0.0009138, val_loss-0.0009303
2025-01-04 00:59:50 - INFO - epoch-273, train_loss-0.0009145, val_loss-0.0012640
2025-01-04 01:06:42 - INFO - epoch-274, train_loss-0.0009139, val_loss-0.0010107
2025-01-04 01:13:34 - INFO - epoch-275, train_loss-0.0009144, val_loss-0.0009354
2025-01-04 01:20:33 - INFO - epoch-276, train_loss-0.0009140, val_loss-0.0009501
2025-01-04 01:27:41 - INFO - epoch-277, train_loss-0.0009138, val_loss-0.0013884
2025-01-04 01:34:34 - INFO - epoch-278, train_loss-0.0009144, val_loss-0.0014457
2025-01-04 01:41:28 - INFO - epoch-279, train_loss-0.0009137, val_loss-0.0009221
2025-01-04 01:48:21 - INFO - epoch-280, train_loss-0.0009145, val_loss-0.0011568
2025-01-04 01:48:23 - INFO - Saved model at epoch 280
2025-01-04 01:55:18 - INFO - epoch-281, train_loss-0.0009141, val_loss-0.0009640
2025-01-04 02:02:10 - INFO - epoch-282, train_loss-0.0009148, val_loss-0.0009955
2025-01-04 02:09:04 - INFO - epoch-283, train_loss-0.0009141, val_loss-0.0009603
2025-01-04 02:15:57 - INFO - epoch-284, train_loss-0.0009137, val_loss-0.0011166
2025-01-04 02:22:49 - INFO - epoch-285, train_loss-0.0009147, val_loss-0.0014790
2025-01-04 02:29:41 - INFO - epoch-286, train_loss-0.0009143, val_loss-0.0009943
2025-01-04 02:36:33 - INFO - epoch-287, train_loss-0.0009145, val_loss-0.0012283
2025-01-04 02:43:26 - INFO - epoch-288, train_loss-0.0009143, val_loss-0.0009476
2025-01-04 02:50:19 - INFO - epoch-289, train_loss-0.0009145, val_loss-0.0010110
2025-01-04 02:57:13 - INFO - epoch-290, train_loss-0.0009140, val_loss-0.0009893
2025-01-04 03:04:04 - INFO - epoch-291, train_loss-0.0009142, val_loss-0.0010622
2025-01-04 03:10:57 - INFO - epoch-292, train_loss-0.0009155, val_loss-0.0016338
2025-01-04 03:17:50 - INFO - epoch-293, train_loss-0.0009138, val_loss-0.0010600
2025-01-04 03:24:42 - INFO - epoch-294, train_loss-0.0009143, val_loss-0.0013739
2025-01-04 03:31:33 - INFO - epoch-295, train_loss-0.0009144, val_loss-0.0010643
2025-01-04 03:38:25 - INFO - epoch-296, train_loss-0.0009134, val_loss-0.0009366
2025-01-04 03:45:17 - INFO - epoch-297, train_loss-0.0009139, val_loss-0.0009526
2025-01-04 03:52:08 - INFO - epoch-298, train_loss-0.0009134, val_loss-0.0010334
2025-01-04 03:59:03 - INFO - epoch-299, train_loss-0.0009141, val_loss-0.0009913
2025-01-04 04:05:58 - INFO - epoch-300, train_loss-0.0009144, val_loss-0.0011181
2025-01-04 04:06:00 - INFO - Saved model at epoch 300
2025-01-04 04:12:53 - INFO - epoch-301, train_loss-0.0009139, val_loss-0.0011339
2025-01-04 04:19:46 - INFO - epoch-302, train_loss-0.0009138, val_loss-0.0018126
2025-01-04 04:26:39 - INFO - epoch-303, train_loss-0.0009145, val_loss-0.0020619
2025-01-04 04:33:29 - INFO - epoch-304, train_loss-0.0009142, val_loss-0.0010229
2025-01-04 04:40:20 - INFO - epoch-305, train_loss-0.0009139, val_loss-0.0013229
2025-01-04 04:47:11 - INFO - epoch-306, train_loss-0.0009138, val_loss-0.0028920
2025-01-04 04:54:02 - INFO - epoch-307, train_loss-0.0009143, val_loss-0.0009295
2025-01-04 05:00:55 - INFO - epoch-308, train_loss-0.0009137, val_loss-0.0014942
2025-01-04 05:07:47 - INFO - epoch-309, train_loss-0.0009140, val_loss-0.0015325
2025-01-04 05:14:39 - INFO - epoch-310, train_loss-0.0009139, val_loss-0.0010379
2025-01-04 05:21:31 - INFO - epoch-311, train_loss-0.0009144, val_loss-0.0010341
2025-01-04 05:28:23 - INFO - epoch-312, train_loss-0.0009136, val_loss-0.0009527
2025-01-04 05:35:15 - INFO - epoch-313, train_loss-0.0009139, val_loss-0.0021556
2025-01-04 05:42:08 - INFO - epoch-314, train_loss-0.0009143, val_loss-0.0021045
2025-01-04 05:49:06 - INFO - epoch-315, train_loss-0.0009137, val_loss-0.0009463
2025-01-04 05:55:58 - INFO - epoch-316, train_loss-0.0009145, val_loss-0.0011193
2025-01-04 06:02:52 - INFO - epoch-317, train_loss-0.0009130, val_loss-0.0017754
2025-01-04 06:09:48 - INFO - epoch-318, train_loss-0.0009137, val_loss-0.0013461
2025-01-04 06:16:40 - INFO - epoch-319, train_loss-0.0009137, val_loss-0.0012722
2025-01-04 06:23:33 - INFO - epoch-320, train_loss-0.0009146, val_loss-0.0031516
2025-01-04 06:23:35 - INFO - Saved model at epoch 320
2025-01-04 06:30:27 - INFO - epoch-321, train_loss-0.0009141, val_loss-0.0010218
2025-01-04 06:37:18 - INFO - epoch-322, train_loss-0.0009141, val_loss-0.0010364
2025-01-04 06:44:10 - INFO - epoch-323, train_loss-0.0009139, val_loss-0.0010812
2025-01-04 06:51:01 - INFO - epoch-324, train_loss-0.0009143, val_loss-0.0013835
2025-01-04 06:57:52 - INFO - epoch-325, train_loss-0.0009141, val_loss-0.0012916
2025-01-04 07:04:45 - INFO - epoch-326, train_loss-0.0009138, val_loss-0.0010723
2025-01-04 07:11:37 - INFO - epoch-327, train_loss-0.0009142, val_loss-0.0011603
2025-01-04 07:18:30 - INFO - epoch-328, train_loss-0.0009144, val_loss-0.0024272
2025-01-04 07:25:22 - INFO - epoch-329, train_loss-0.0009143, val_loss-0.0012450
2025-01-04 07:32:15 - INFO - epoch-330, train_loss-0.0009137, val_loss-0.0012334
2025-01-04 07:39:08 - INFO - epoch-331, train_loss-0.0009142, val_loss-0.0015623
2025-01-04 07:46:00 - INFO - epoch-332, train_loss-0.0009141, val_loss-0.0012408
2025-01-04 07:52:52 - INFO - epoch-333, train_loss-0.0009140, val_loss-0.0020764
2025-01-04 07:59:44 - INFO - epoch-334, train_loss-0.0009138, val_loss-0.0012014
2025-01-04 08:06:36 - INFO - epoch-335, train_loss-0.0009131, val_loss-0.0010928
2025-01-04 08:13:29 - INFO - epoch-336, train_loss-0.0009133, val_loss-0.0009375
2025-01-04 08:20:22 - INFO - epoch-337, train_loss-0.0009143, val_loss-0.0009572
2025-01-04 08:27:15 - INFO - epoch-338, train_loss-0.0009145, val_loss-0.0012237
2025-01-04 08:34:07 - INFO - epoch-339, train_loss-0.0009138, val_loss-0.0014928
2025-01-04 08:41:00 - INFO - epoch-340, train_loss-0.0009143, val_loss-0.0011229
2025-01-04 08:41:02 - INFO - Saved model at epoch 340
2025-01-04 08:47:57 - INFO - epoch-341, train_loss-0.0009139, val_loss-0.0013173
2025-01-04 08:54:48 - INFO - epoch-342, train_loss-0.0009141, val_loss-0.0010164
2025-01-04 09:01:41 - INFO - epoch-343, train_loss-0.0009140, val_loss-0.0017391
2025-01-04 09:08:33 - INFO - epoch-344, train_loss-0.0009132, val_loss-0.0013004
2025-01-04 09:15:24 - INFO - epoch-345, train_loss-0.0009147, val_loss-0.0011461
2025-01-04 09:22:16 - INFO - epoch-346, train_loss-0.0009141, val_loss-0.0009958
2025-01-04 09:29:09 - INFO - epoch-347, train_loss-0.0009134, val_loss-0.0052762
2025-01-04 09:36:02 - INFO - epoch-348, train_loss-0.0009146, val_loss-0.0012312
2025-01-04 09:42:55 - INFO - epoch-349, train_loss-0.0009143, val_loss-0.0011122
2025-01-04 09:49:48 - INFO - epoch-350, train_loss-0.0009137, val_loss-0.0010948
2025-01-04 09:56:42 - INFO - epoch-351, train_loss-0.0009137, val_loss-0.0014287
2025-01-04 10:03:35 - INFO - epoch-352, train_loss-0.0009143, val_loss-0.0014357
2025-01-04 10:10:27 - INFO - epoch-353, train_loss-0.0009149, val_loss-0.0015107
2025-01-04 10:17:18 - INFO - epoch-354, train_loss-0.0009145, val_loss-0.0019986
2025-01-04 10:24:10 - INFO - epoch-355, train_loss-0.0009145, val_loss-0.0020010
2025-01-04 10:31:01 - INFO - epoch-356, train_loss-0.0009141, val_loss-0.0009539
2025-01-04 10:37:53 - INFO - epoch-357, train_loss-0.0009134, val_loss-0.0010566
2025-01-04 10:44:45 - INFO - epoch-358, train_loss-0.0009150, val_loss-0.0009750
2025-01-04 10:51:38 - INFO - epoch-359, train_loss-0.0009136, val_loss-0.0032785
2025-01-04 10:58:37 - INFO - epoch-360, train_loss-0.0009144, val_loss-0.0009640
2025-01-04 10:58:39 - INFO - Saved model at epoch 360
2025-01-04 11:05:34 - INFO - epoch-361, train_loss-0.0009143, val_loss-0.0011047
2025-01-04 11:12:25 - INFO - epoch-362, train_loss-0.0009145, val_loss-0.0009964
2025-01-04 11:19:21 - INFO - epoch-363, train_loss-0.0009145, val_loss-0.0040078
2025-01-04 11:26:16 - INFO - epoch-364, train_loss-0.0009146, val_loss-0.0031598
2025-01-04 11:33:07 - INFO - epoch-365, train_loss-0.0009142, val_loss-0.0009417
2025-01-04 11:39:59 - INFO - epoch-366, train_loss-0.0009147, val_loss-0.0052402
2025-01-04 11:46:51 - INFO - epoch-367, train_loss-0.0009139, val_loss-0.0010802
2025-01-04 11:53:44 - INFO - epoch-368, train_loss-0.0009136, val_loss-0.0012576
2025-01-04 12:00:38 - INFO - epoch-369, train_loss-0.0009141, val_loss-0.0017165
2025-01-04 12:07:31 - INFO - epoch-370, train_loss-0.0009141, val_loss-0.0011340
2025-01-04 12:14:23 - INFO - epoch-371, train_loss-0.0009143, val_loss-0.0011008
2025-01-04 12:21:16 - INFO - epoch-372, train_loss-0.0009142, val_loss-0.0013960
2025-01-04 12:28:09 - INFO - epoch-373, train_loss-0.0009140, val_loss-0.0019931
2025-01-04 12:35:01 - INFO - epoch-374, train_loss-0.0009145, val_loss-0.0017047
2025-01-04 12:41:53 - INFO - epoch-375, train_loss-0.0009134, val_loss-0.0010601
2025-01-04 12:48:44 - INFO - epoch-376, train_loss-0.0009141, val_loss-0.0012006
2025-01-04 12:55:36 - INFO - epoch-377, train_loss-0.0009132, val_loss-0.0010000
2025-01-04 13:02:29 - INFO - epoch-378, train_loss-0.0009131, val_loss-0.0023448
2025-01-04 13:09:21 - INFO - epoch-379, train_loss-0.0009148, val_loss-0.0009648
2025-01-04 13:16:13 - INFO - epoch-380, train_loss-0.0009136, val_loss-0.0009779
2025-01-04 13:16:15 - INFO - Saved model at epoch 380
2025-01-04 13:23:08 - INFO - epoch-381, train_loss-0.0009135, val_loss-0.0009679
2025-01-04 13:29:59 - INFO - epoch-382, train_loss-0.0009144, val_loss-0.0009534
2025-01-04 13:36:51 - INFO - epoch-383, train_loss-0.0009134, val_loss-0.0016352
2025-01-04 13:43:43 - INFO - epoch-384, train_loss-0.0009137, val_loss-0.0009734
2025-01-04 13:50:35 - INFO - epoch-385, train_loss-0.0009139, val_loss-0.0021456
2025-01-04 13:57:26 - INFO - epoch-386, train_loss-0.0009141, val_loss-0.0009644
2025-01-04 14:04:20 - INFO - epoch-387, train_loss-0.0009144, val_loss-0.0009508
2025-01-04 14:11:13 - INFO - epoch-388, train_loss-0.0009137, val_loss-0.0011475
2025-01-04 14:18:05 - INFO - epoch-389, train_loss-0.0009140, val_loss-0.0009603
2025-01-04 14:24:57 - INFO - epoch-390, train_loss-0.0009141, val_loss-0.0009278
2025-01-04 14:31:51 - INFO - epoch-391, train_loss-0.0009136, val_loss-0.0012825
2025-01-04 14:38:44 - INFO - epoch-392, train_loss-0.0009142, val_loss-0.0014616
2025-01-04 14:45:38 - INFO - epoch-393, train_loss-0.0009144, val_loss-0.0014066
2025-01-04 14:52:31 - INFO - epoch-394, train_loss-0.0009137, val_loss-0.0016678
2025-01-04 14:59:24 - INFO - epoch-395, train_loss-0.0009136, val_loss-0.0018854
2025-01-04 15:06:16 - INFO - epoch-396, train_loss-0.0009137, val_loss-0.0041122
2025-01-04 15:13:09 - INFO - epoch-397, train_loss-0.0009142, val_loss-0.0010364
2025-01-04 15:20:01 - INFO - epoch-398, train_loss-0.0009132, val_loss-0.0013105
2025-01-04 15:26:53 - INFO - epoch-399, train_loss-0.0009137, val_loss-0.0011192
2025-01-04 15:33:45 - INFO - epoch-400, train_loss-0.0009139, val_loss-0.0009438
2025-01-04 15:33:47 - INFO - Saved model at epoch 400
2025-01-04 15:40:39 - INFO - epoch-401, train_loss-0.0009141, val_loss-0.0013439
2025-01-04 15:47:31 - INFO - epoch-402, train_loss-0.0009143, val_loss-0.0010527
2025-01-04 15:54:23 - INFO - epoch-403, train_loss-0.0009135, val_loss-0.0009296
2025-01-04 16:01:15 - INFO - epoch-404, train_loss-0.0009142, val_loss-0.0010650
2025-01-04 16:08:07 - INFO - epoch-405, train_loss-0.0009141, val_loss-0.0009313
2025-01-04 16:15:00 - INFO - epoch-406, train_loss-0.0009146, val_loss-0.0012100
2025-01-04 16:21:55 - INFO - epoch-407, train_loss-0.0009138, val_loss-0.0013693
2025-01-04 16:28:49 - INFO - epoch-408, train_loss-0.0009139, val_loss-0.0011124
2025-01-04 16:35:41 - INFO - epoch-409, train_loss-0.0009139, val_loss-0.0009325
2025-01-04 16:42:36 - INFO - epoch-410, train_loss-0.0009138, val_loss-0.0012266
2025-01-04 16:49:29 - INFO - epoch-411, train_loss-0.0009136, val_loss-0.0011378
2025-01-04 16:56:21 - INFO - epoch-412, train_loss-0.0009144, val_loss-0.0014646
2025-01-04 17:03:14 - INFO - epoch-413, train_loss-0.0009132, val_loss-0.0009856
2025-01-04 17:10:07 - INFO - epoch-414, train_loss-0.0009137, val_loss-0.0097968
2025-01-04 17:17:00 - INFO - epoch-415, train_loss-0.0009146, val_loss-0.0013673
2025-01-04 17:23:53 - INFO - epoch-416, train_loss-0.0009150, val_loss-0.0013268
2025-01-04 17:30:47 - INFO - epoch-417, train_loss-0.0009137, val_loss-0.0011473
2025-01-04 17:37:40 - INFO - epoch-418, train_loss-0.0009136, val_loss-0.0014140
2025-01-04 17:44:33 - INFO - epoch-419, train_loss-0.0009133, val_loss-0.0010705
2025-01-04 17:51:27 - INFO - epoch-420, train_loss-0.0009140, val_loss-0.0009856
2025-01-04 17:51:29 - INFO - Saved model at epoch 420
2025-01-04 17:58:22 - INFO - epoch-421, train_loss-0.0009146, val_loss-0.0014291
2025-01-04 18:05:14 - INFO - epoch-422, train_loss-0.0009136, val_loss-0.0028321
2025-01-04 18:12:08 - INFO - epoch-423, train_loss-0.0009141, val_loss-0.0009516
2025-01-04 18:19:00 - INFO - epoch-424, train_loss-0.0009142, val_loss-0.0013806
2025-01-04 18:25:52 - INFO - epoch-425, train_loss-0.0009136, val_loss-0.0009608
2025-01-04 18:32:44 - INFO - epoch-426, train_loss-0.0009136, val_loss-0.0016242
2025-01-04 18:39:37 - INFO - epoch-427, train_loss-0.0009133, val_loss-0.0011346
2025-01-04 18:46:30 - INFO - epoch-428, train_loss-0.0009133, val_loss-0.0012970
2025-01-04 18:53:22 - INFO - epoch-429, train_loss-0.0009137, val_loss-0.0023262
2025-01-04 19:00:15 - INFO - epoch-430, train_loss-0.0009136, val_loss-0.0013425
2025-01-04 19:07:08 - INFO - epoch-431, train_loss-0.0009143, val_loss-0.0009870
2025-01-04 19:14:00 - INFO - epoch-432, train_loss-0.0009144, val_loss-0.0009611
2025-01-04 19:20:53 - INFO - epoch-433, train_loss-0.0009138, val_loss-0.0009733
2025-01-04 19:27:46 - INFO - epoch-434, train_loss-0.0009138, val_loss-0.0010116
2025-01-04 19:34:38 - INFO - epoch-435, train_loss-0.0009134, val_loss-0.0011830
2025-01-04 19:41:32 - INFO - epoch-436, train_loss-0.0009141, val_loss-0.0012468
2025-01-04 19:48:24 - INFO - epoch-437, train_loss-0.0009137, val_loss-0.0011026
2025-01-04 19:55:17 - INFO - epoch-438, train_loss-0.0009134, val_loss-0.0013126
2025-01-04 20:02:11 - INFO - epoch-439, train_loss-0.0009139, val_loss-0.0012128
2025-01-04 20:09:04 - INFO - epoch-440, train_loss-0.0009137, val_loss-0.0010625
2025-01-04 20:09:06 - INFO - Saved model at epoch 440
2025-01-04 20:16:02 - INFO - epoch-441, train_loss-0.0009133, val_loss-0.0010719
2025-01-04 20:22:58 - INFO - epoch-442, train_loss-0.0009134, val_loss-0.0017051
2025-01-04 20:29:51 - INFO - epoch-443, train_loss-0.0009133, val_loss-0.0014541
2025-01-04 20:36:43 - INFO - epoch-444, train_loss-0.0009141, val_loss-0.0010892
2025-01-04 20:43:36 - INFO - epoch-445, train_loss-0.0009143, val_loss-0.0017931
2025-01-04 20:50:31 - INFO - epoch-446, train_loss-0.0009137, val_loss-0.0015640
2025-01-04 20:57:26 - INFO - epoch-447, train_loss-0.0009133, val_loss-0.0016515
2025-01-04 21:04:20 - INFO - epoch-448, train_loss-0.0009141, val_loss-0.0015394
2025-01-04 21:11:13 - INFO - epoch-449, train_loss-0.0009136, val_loss-0.0009970
2025-01-04 21:18:09 - INFO - epoch-450, train_loss-0.0009142, val_loss-0.0013167
2025-01-04 21:25:04 - INFO - epoch-451, train_loss-0.0009142, val_loss-0.0012412
2025-01-04 21:31:58 - INFO - epoch-452, train_loss-0.0009137, val_loss-0.0011488
2025-01-04 21:38:55 - INFO - epoch-453, train_loss-0.0009134, val_loss-0.0011330
2025-01-04 21:45:52 - INFO - epoch-454, train_loss-0.0009139, val_loss-0.0011569
2025-01-04 21:52:49 - INFO - epoch-455, train_loss-0.0009142, val_loss-0.0029158
2025-01-04 21:59:44 - INFO - epoch-456, train_loss-0.0009141, val_loss-0.0009426
2025-01-04 22:06:39 - INFO - epoch-457, train_loss-0.0009144, val_loss-0.0015149
2025-01-04 22:13:33 - INFO - epoch-458, train_loss-0.0009141, val_loss-0.0009777
2025-01-04 22:20:26 - INFO - epoch-459, train_loss-0.0009132, val_loss-0.0019832
2025-01-04 22:27:20 - INFO - epoch-460, train_loss-0.0009133, val_loss-0.0009667
2025-01-04 22:27:22 - INFO - Saved model at epoch 460
2025-01-04 22:34:15 - INFO - epoch-461, train_loss-0.0009141, val_loss-0.0009417
2025-01-04 22:41:11 - INFO - epoch-462, train_loss-0.0009143, val_loss-0.0017992
2025-01-04 22:48:04 - INFO - epoch-463, train_loss-0.0009143, val_loss-0.0031349
2025-01-04 22:54:59 - INFO - epoch-464, train_loss-0.0009139, val_loss-0.0011493
2025-01-04 23:01:54 - INFO - epoch-465, train_loss-0.0009135, val_loss-0.0035691
2025-01-04 23:08:48 - INFO - epoch-466, train_loss-0.0009137, val_loss-0.0011233
2025-01-04 23:15:43 - INFO - epoch-467, train_loss-0.0009140, val_loss-0.0014075
2025-01-04 23:22:37 - INFO - epoch-468, train_loss-0.0009144, val_loss-0.0010061
2025-01-04 23:29:31 - INFO - epoch-469, train_loss-0.0009131, val_loss-0.0009514
2025-01-04 23:36:26 - INFO - epoch-470, train_loss-0.0009136, val_loss-0.0011248
2025-01-04 23:43:19 - INFO - epoch-471, train_loss-0.0009138, val_loss-0.0009290
2025-01-04 23:50:14 - INFO - epoch-472, train_loss-0.0009132, val_loss-0.0022740
2025-01-04 23:57:07 - INFO - epoch-473, train_loss-0.0009136, val_loss-0.0016982
2025-01-05 00:04:00 - INFO - epoch-474, train_loss-0.0009148, val_loss-0.0023670
2025-01-05 00:10:54 - INFO - epoch-475, train_loss-0.0009140, val_loss-0.0014432
2025-01-05 00:17:47 - INFO - epoch-476, train_loss-0.0009139, val_loss-0.0028539
2025-01-05 00:24:39 - INFO - epoch-477, train_loss-0.0009141, val_loss-0.0010584
2025-01-05 00:31:33 - INFO - epoch-478, train_loss-0.0009133, val_loss-0.0012211
2025-01-05 00:38:27 - INFO - epoch-479, train_loss-0.0009129, val_loss-0.0011986
2025-01-05 00:45:22 - INFO - epoch-480, train_loss-0.0009128, val_loss-0.0011619
2025-01-05 00:45:24 - INFO - Saved model at epoch 480
2025-01-05 00:52:18 - INFO - epoch-481, train_loss-0.0009130, val_loss-0.0017064
2025-01-05 00:59:12 - INFO - epoch-482, train_loss-0.0009140, val_loss-0.0012171
2025-01-05 01:06:06 - INFO - epoch-483, train_loss-0.0009143, val_loss-0.0016061
2025-01-05 01:12:59 - INFO - epoch-484, train_loss-0.0009138, val_loss-0.0012926
2025-01-05 01:19:52 - INFO - epoch-485, train_loss-0.0009138, val_loss-0.0010432
2025-01-05 01:26:46 - INFO - epoch-486, train_loss-0.0009132, val_loss-0.0009898
2025-01-05 01:33:41 - INFO - epoch-487, train_loss-0.0009136, val_loss-0.0011966
2025-01-05 01:40:37 - INFO - epoch-488, train_loss-0.0009135, val_loss-0.0012937
2025-01-05 01:47:32 - INFO - epoch-489, train_loss-0.0009142, val_loss-0.0014215
2025-01-05 01:54:27 - INFO - epoch-490, train_loss-0.0009141, val_loss-0.0014209
2025-01-05 02:01:21 - INFO - epoch-491, train_loss-0.0009145, val_loss-0.0011808
2025-01-05 02:08:14 - INFO - epoch-492, train_loss-0.0009141, val_loss-0.0009735
2025-01-05 02:15:09 - INFO - epoch-493, train_loss-0.0009141, val_loss-0.0009710
2025-01-05 02:22:03 - INFO - epoch-494, train_loss-0.0009144, val_loss-0.0010340
2025-01-05 02:28:56 - INFO - epoch-495, train_loss-0.0009137, val_loss-0.0026548
2025-01-05 02:35:49 - INFO - epoch-496, train_loss-0.0009132, val_loss-0.0012194
2025-01-05 02:42:43 - INFO - epoch-497, train_loss-0.0009130, val_loss-0.0014182
2025-01-05 02:49:37 - INFO - epoch-498, train_loss-0.0009136, val_loss-0.0011289
2025-01-05 02:56:31 - INFO - epoch-499, train_loss-0.0009139, val_loss-0.0011139
2025-01-05 03:03:25 - INFO - epoch-500, train_loss-0.0009140, val_loss-0.0011970
2025-01-05 03:03:27 - INFO - Saved model at epoch 500
2025-01-05 03:10:20 - INFO - epoch-501, train_loss-0.0009142, val_loss-0.0010613
2025-01-05 03:17:14 - INFO - epoch-502, train_loss-0.0009141, val_loss-0.0012161
2025-01-05 03:24:07 - INFO - epoch-503, train_loss-0.0009132, val_loss-0.0012216
2025-01-05 03:31:00 - INFO - epoch-504, train_loss-0.0009133, val_loss-0.0012225
2025-01-05 03:37:57 - INFO - epoch-505, train_loss-0.0009141, val_loss-0.0010085
2025-01-05 03:44:49 - INFO - epoch-506, train_loss-0.0009137, val_loss-0.0010548
2025-01-05 03:51:42 - INFO - epoch-507, train_loss-0.0009147, val_loss-0.0016126
2025-01-05 03:58:35 - INFO - epoch-508, train_loss-0.0009136, val_loss-0.0011825
2025-01-05 04:05:28 - INFO - epoch-509, train_loss-0.0009144, val_loss-0.0013551
2025-01-05 04:12:22 - INFO - epoch-510, train_loss-0.0009128, val_loss-0.0010028
2025-01-05 04:19:16 - INFO - epoch-511, train_loss-0.0009131, val_loss-0.0010762
2025-01-05 04:26:09 - INFO - epoch-512, train_loss-0.0009137, val_loss-0.0011125
2025-01-05 04:33:03 - INFO - epoch-513, train_loss-0.0009138, val_loss-0.0010220
2025-01-05 04:39:56 - INFO - epoch-514, train_loss-0.0009142, val_loss-0.0009783
2025-01-05 04:46:48 - INFO - epoch-515, train_loss-0.0009144, val_loss-0.0014358
2025-01-05 04:53:42 - INFO - epoch-516, train_loss-0.0009141, val_loss-0.0011729
2025-01-05 05:00:35 - INFO - epoch-517, train_loss-0.0009142, val_loss-0.0015045
2025-01-05 05:07:28 - INFO - epoch-518, train_loss-0.0009133, val_loss-0.0011370
2025-01-05 05:14:24 - INFO - epoch-519, train_loss-0.0009136, val_loss-0.0017643
2025-01-05 05:21:17 - INFO - epoch-520, train_loss-0.0009137, val_loss-0.0012947
2025-01-05 05:21:20 - INFO - Saved model at epoch 520
2025-01-05 05:28:14 - INFO - epoch-521, train_loss-0.0009134, val_loss-0.0015362
2025-01-05 05:35:09 - INFO - epoch-522, train_loss-0.0009136, val_loss-0.0024927
2025-01-05 05:42:03 - INFO - epoch-523, train_loss-0.0009134, val_loss-0.0010947
2025-01-05 05:48:57 - INFO - epoch-524, train_loss-0.0009130, val_loss-0.0010095
2025-01-05 05:55:51 - INFO - epoch-525, train_loss-0.0009139, val_loss-0.0009408
2025-01-05 06:02:45 - INFO - epoch-526, train_loss-0.0009139, val_loss-0.0025551
2025-01-05 06:09:42 - INFO - epoch-527, train_loss-0.0009146, val_loss-0.0013289
2025-01-05 06:16:36 - INFO - epoch-528, train_loss-0.0009134, val_loss-0.0011560
2025-01-05 06:23:28 - INFO - epoch-529, train_loss-0.0009141, val_loss-0.0015993
2025-01-05 06:30:21 - INFO - epoch-530, train_loss-0.0009139, val_loss-0.0016877
2025-01-05 06:37:14 - INFO - epoch-531, train_loss-0.0009131, val_loss-0.0012411
2025-01-05 06:44:08 - INFO - epoch-532, train_loss-0.0009132, val_loss-0.0009544
2025-01-05 06:51:01 - INFO - epoch-533, train_loss-0.0009143, val_loss-0.0016502
2025-01-05 06:57:55 - INFO - epoch-534, train_loss-0.0009142, val_loss-0.0009557
2025-01-05 07:04:47 - INFO - epoch-535, train_loss-0.0009136, val_loss-0.0011186
2025-01-05 07:11:40 - INFO - epoch-536, train_loss-0.0009148, val_loss-0.0010428
2025-01-05 07:18:34 - INFO - epoch-537, train_loss-0.0009136, val_loss-0.0016083
2025-01-05 07:25:27 - INFO - epoch-538, train_loss-0.0009138, val_loss-0.0010921
2025-01-05 07:32:21 - INFO - epoch-539, train_loss-0.0009139, val_loss-0.0014513
2025-01-05 07:39:13 - INFO - epoch-540, train_loss-0.0009136, val_loss-0.0009427
2025-01-05 07:39:16 - INFO - Saved model at epoch 540
2025-01-05 07:46:11 - INFO - epoch-541, train_loss-0.0009130, val_loss-0.0011031
2025-01-05 07:53:04 - INFO - epoch-542, train_loss-0.0009133, val_loss-0.0009483
2025-01-05 07:59:57 - INFO - epoch-543, train_loss-0.0009138, val_loss-0.0013919
2025-01-05 08:06:49 - INFO - epoch-544, train_loss-0.0009135, val_loss-0.0011605
2025-01-05 08:13:41 - INFO - epoch-545, train_loss-0.0009132, val_loss-0.0010580
2025-01-05 08:20:33 - INFO - epoch-546, train_loss-0.0009137, val_loss-0.0014888
2025-01-05 08:27:25 - INFO - epoch-547, train_loss-0.0009136, val_loss-0.0010270
2025-01-05 08:34:18 - INFO - epoch-548, train_loss-0.0009141, val_loss-0.0010361
2025-01-05 08:41:11 - INFO - epoch-549, train_loss-0.0009131, val_loss-0.0016237
2025-01-05 08:48:04 - INFO - epoch-550, train_loss-0.0009135, val_loss-0.0009679
2025-01-05 08:54:58 - INFO - epoch-551, train_loss-0.0009132, val_loss-0.0018539
2025-01-05 09:01:51 - INFO - epoch-552, train_loss-0.0009149, val_loss-0.0011023
2025-01-05 09:08:44 - INFO - epoch-553, train_loss-0.0009135, val_loss-0.0021919
2025-01-05 09:15:36 - INFO - epoch-554, train_loss-0.0009130, val_loss-0.0017919
2025-01-05 09:22:29 - INFO - epoch-555, train_loss-0.0009140, val_loss-0.0010095
2025-01-05 09:29:22 - INFO - epoch-556, train_loss-0.0009140, val_loss-0.0021094
2025-01-05 09:36:15 - INFO - epoch-557, train_loss-0.0009130, val_loss-0.0014986
2025-01-05 09:43:09 - INFO - epoch-558, train_loss-0.0009137, val_loss-0.0015258
2025-01-05 09:50:02 - INFO - epoch-559, train_loss-0.0009140, val_loss-0.0009980
2025-01-05 09:56:56 - INFO - epoch-560, train_loss-0.0009139, val_loss-0.0016723
2025-01-05 09:56:59 - INFO - Saved model at epoch 560
2025-01-05 10:03:55 - INFO - epoch-561, train_loss-0.0009131, val_loss-0.0009546
2025-01-05 10:10:47 - INFO - epoch-562, train_loss-0.0009130, val_loss-0.0011491
2025-01-05 10:17:41 - INFO - epoch-563, train_loss-0.0009144, val_loss-0.0011788
2025-01-05 10:24:36 - INFO - epoch-564, train_loss-0.0009138, val_loss-0.0024234
2025-01-05 10:31:29 - INFO - epoch-565, train_loss-0.0009136, val_loss-0.0024038
2025-01-05 10:38:23 - INFO - epoch-566, train_loss-0.0009134, val_loss-0.0010576
2025-01-05 10:45:16 - INFO - epoch-567, train_loss-0.0009133, val_loss-0.0009577
2025-01-05 10:52:09 - INFO - epoch-568, train_loss-0.0009136, val_loss-0.0021062
2025-01-05 10:59:02 - INFO - epoch-569, train_loss-0.0009141, val_loss-0.0010245
2025-01-05 11:05:55 - INFO - epoch-570, train_loss-0.0009135, val_loss-0.0012603
2025-01-05 11:12:50 - INFO - epoch-571, train_loss-0.0009139, val_loss-0.0016078
2025-01-05 11:19:44 - INFO - epoch-572, train_loss-0.0009141, val_loss-0.0012550
2025-01-05 11:26:38 - INFO - epoch-573, train_loss-0.0009145, val_loss-0.0010389
2025-01-05 11:33:32 - INFO - epoch-574, train_loss-0.0009139, val_loss-0.0017952
2025-01-05 11:40:25 - INFO - epoch-575, train_loss-0.0009135, val_loss-0.0010326
2025-01-05 11:47:21 - INFO - epoch-576, train_loss-0.0009140, val_loss-0.0016810
2025-01-05 11:54:14 - INFO - epoch-577, train_loss-0.0009142, val_loss-0.0034656
2025-01-05 12:01:07 - INFO - epoch-578, train_loss-0.0009138, val_loss-0.0019126
2025-01-05 12:08:01 - INFO - epoch-579, train_loss-0.0009139, val_loss-0.0011826
2025-01-05 12:14:54 - INFO - epoch-580, train_loss-0.0009136, val_loss-0.0009511
2025-01-05 12:14:57 - INFO - Saved model at epoch 580
2025-01-05 12:21:59 - INFO - epoch-581, train_loss-0.0009139, val_loss-0.0015994
2025-01-05 12:28:53 - INFO - epoch-582, train_loss-0.0009138, val_loss-0.0012326
2025-01-05 12:35:47 - INFO - epoch-583, train_loss-0.0009135, val_loss-0.0011428
2025-01-05 12:42:41 - INFO - epoch-584, train_loss-0.0009135, val_loss-0.0013780
2025-01-05 12:49:36 - INFO - epoch-585, train_loss-0.0009140, val_loss-0.0053777
2025-01-05 12:56:32 - INFO - epoch-586, train_loss-0.0009129, val_loss-0.0012887
2025-01-05 13:03:26 - INFO - epoch-587, train_loss-0.0009133, val_loss-0.0014133
2025-01-05 13:10:21 - INFO - epoch-588, train_loss-0.0009136, val_loss-0.0010593
2025-01-05 13:17:17 - INFO - epoch-589, train_loss-0.0009140, val_loss-0.0009968
2025-01-05 13:24:11 - INFO - epoch-590, train_loss-0.0009139, val_loss-0.0035005
2025-01-05 13:31:06 - INFO - epoch-591, train_loss-0.0009134, val_loss-0.0013309
2025-01-05 13:38:01 - INFO - epoch-592, train_loss-0.0009133, val_loss-0.0011561
2025-01-05 13:44:56 - INFO - epoch-593, train_loss-0.0009135, val_loss-0.0016112
2025-01-05 13:51:50 - INFO - epoch-594, train_loss-0.0009137, val_loss-0.0013311
2025-01-05 13:58:44 - INFO - epoch-595, train_loss-0.0009137, val_loss-0.0010973
2025-01-05 14:05:38 - INFO - epoch-596, train_loss-0.0009137, val_loss-0.0012362
2025-01-05 14:12:33 - INFO - epoch-597, train_loss-0.0009134, val_loss-0.0009831
2025-01-05 14:19:27 - INFO - epoch-598, train_loss-0.0009139, val_loss-0.0010740
2025-01-05 14:26:20 - INFO - epoch-599, train_loss-0.0009137, val_loss-0.0011642
2025-01-05 14:33:14 - INFO - epoch-600, train_loss-0.0009134, val_loss-0.0009915
2025-01-05 14:33:17 - INFO - Saved model at epoch 600
2025-01-05 14:40:18 - INFO - epoch-601, train_loss-0.0009139, val_loss-0.0011390
2025-01-05 14:50:28 - INFO - epoch-602, train_loss-0.0009136, val_loss-0.0012003
2025-01-05 14:58:00 - INFO - epoch-603, train_loss-0.0009138, val_loss-0.0015103
2025-01-05 15:05:04 - INFO - epoch-604, train_loss-0.0009142, val_loss-0.0016318
2025-01-05 15:11:58 - INFO - epoch-605, train_loss-0.0009134, val_loss-0.0012566
2025-01-05 15:18:50 - INFO - epoch-606, train_loss-0.0009139, val_loss-0.0010926
2025-01-05 15:25:43 - INFO - epoch-607, train_loss-0.0009137, val_loss-0.0012731
2025-01-05 15:32:36 - INFO - epoch-608, train_loss-0.0009136, val_loss-0.0031356
2025-01-05 15:39:30 - INFO - epoch-609, train_loss-0.0009141, val_loss-0.0012082
2025-01-05 15:46:23 - INFO - epoch-610, train_loss-0.0009133, val_loss-0.0014838
2025-01-05 15:53:15 - INFO - epoch-611, train_loss-0.0009131, val_loss-0.0010840
2025-01-05 16:00:07 - INFO - epoch-612, train_loss-0.0009129, val_loss-0.0011542
2025-01-05 16:06:59 - INFO - epoch-613, train_loss-0.0009142, val_loss-0.0010658
2025-01-05 16:13:51 - INFO - epoch-614, train_loss-0.0009145, val_loss-0.0012838
2025-01-05 16:20:44 - INFO - epoch-615, train_loss-0.0009127, val_loss-0.0011895
2025-01-05 16:27:37 - INFO - epoch-616, train_loss-0.0009143, val_loss-0.0010359
2025-01-05 16:34:29 - INFO - epoch-617, train_loss-0.0009139, val_loss-0.0011831
2025-01-05 16:41:24 - INFO - epoch-618, train_loss-0.0009147, val_loss-0.0010897
2025-01-05 16:48:18 - INFO - epoch-619, train_loss-0.0009143, val_loss-0.0012394
2025-01-05 16:55:11 - INFO - epoch-620, train_loss-0.0009136, val_loss-0.0010473
2025-01-05 16:55:13 - INFO - Saved model at epoch 620
2025-01-05 17:02:08 - INFO - epoch-621, train_loss-0.0009130, val_loss-0.0019203
2025-01-05 17:09:04 - INFO - epoch-622, train_loss-0.0009139, val_loss-0.0017737
2025-01-05 17:15:57 - INFO - epoch-623, train_loss-0.0009145, val_loss-0.0010257
2025-01-05 17:22:50 - INFO - epoch-624, train_loss-0.0009138, val_loss-0.0009280
