2024-12-21 05:56:45 - INFO - /mnt/cephfs/projects/2023110101_Ligand_fitting_to_EM_maps/My_Code/CryoLigate_Github/CryoLigate/GIGN/GIGN_EM/For_Elisei_Nov_2024/CryoLigate_GIGN_Unet/train_example.py
2024-12-21 05:56:45 - INFO - train data: 6809
2024-12-21 05:56:45 - INFO - valid data: 757
2024-12-21 05:57:02 - INFO - Initial_train_loss-0.0016674  Initial_val_loss-0.0016640
2024-12-21 05:57:40 - INFO - epoch-0, train_loss-0.0213578, val_loss-0.0190203
2024-12-21 05:58:18 - INFO - epoch-1, train_loss-0.0009798, val_loss-0.0084242
2024-12-21 05:58:56 - INFO - epoch-2, train_loss-0.0008183, val_loss-0.0074065
2024-12-21 05:59:36 - INFO - epoch-3, train_loss-0.0007625, val_loss-0.0058689
2024-12-21 06:00:14 - INFO - epoch-4, train_loss-0.0007395, val_loss-0.0069484
2024-12-21 06:00:53 - INFO - epoch-5, train_loss-0.0007219, val_loss-0.0080458
2024-12-21 06:01:31 - INFO - epoch-6, train_loss-0.0007070, val_loss-0.0068365
2024-12-21 06:02:09 - INFO - epoch-7, train_loss-0.0007055, val_loss-0.0057068
2024-12-21 06:02:47 - INFO - epoch-8, train_loss-0.0006995, val_loss-0.0059855
2024-12-21 06:03:25 - INFO - epoch-9, train_loss-0.0006919, val_loss-0.0061422
2024-12-21 06:04:03 - INFO - epoch-10, train_loss-0.0006842, val_loss-0.0067392
2024-12-21 06:04:42 - INFO - epoch-11, train_loss-0.0006812, val_loss-0.0067842
2024-12-21 06:05:20 - INFO - epoch-12, train_loss-0.0006855, val_loss-0.0049438
2024-12-21 06:05:58 - INFO - epoch-13, train_loss-0.0006827, val_loss-0.0060508
2024-12-21 06:06:36 - INFO - epoch-14, train_loss-0.0006825, val_loss-0.0032643
2024-12-21 06:07:14 - INFO - epoch-15, train_loss-0.0006799, val_loss-0.0042576
2024-12-21 06:07:52 - INFO - epoch-16, train_loss-0.0006794, val_loss-0.0030758
2024-12-21 06:08:30 - INFO - epoch-17, train_loss-0.0006803, val_loss-0.0038524
2024-12-21 06:09:09 - INFO - epoch-18, train_loss-0.0006850, val_loss-0.0025737
2024-12-21 06:09:47 - INFO - epoch-19, train_loss-0.0006828, val_loss-0.0023824
2024-12-21 06:10:25 - INFO - epoch-20, train_loss-0.0006789, val_loss-0.0029983
2024-12-21 06:11:04 - INFO - epoch-21, train_loss-0.0007093, val_loss-0.0027514
2024-12-21 06:11:42 - INFO - epoch-22, train_loss-0.0006888, val_loss-0.0027298
2024-12-21 06:12:20 - INFO - epoch-23, train_loss-0.0006769, val_loss-0.0028396
2024-12-21 06:12:58 - INFO - epoch-24, train_loss-0.0006694, val_loss-0.0027817
2024-12-21 06:13:37 - INFO - epoch-25, train_loss-0.0006689, val_loss-0.0029595
2024-12-21 06:14:15 - INFO - epoch-26, train_loss-0.0006687, val_loss-0.0035251
2024-12-21 06:14:53 - INFO - epoch-27, train_loss-0.0006662, val_loss-0.0034936
2024-12-21 06:15:31 - INFO - epoch-28, train_loss-0.0006640, val_loss-0.0038386
2024-12-21 06:16:09 - INFO - epoch-29, train_loss-0.0006639, val_loss-0.0045093
2024-12-21 06:16:47 - INFO - epoch-30, train_loss-0.0006648, val_loss-0.0046445
2024-12-21 06:17:25 - INFO - epoch-31, train_loss-0.0006685, val_loss-0.0058413
2024-12-21 06:18:03 - INFO - epoch-32, train_loss-0.0006583, val_loss-0.0054830
2024-12-21 06:18:41 - INFO - epoch-33, train_loss-0.0006641, val_loss-0.0058284
2024-12-21 06:19:19 - INFO - epoch-34, train_loss-0.0006696, val_loss-0.0064284
2024-12-21 06:19:57 - INFO - epoch-35, train_loss-0.0006552, val_loss-0.0059140
2024-12-21 06:20:35 - INFO - epoch-36, train_loss-0.0006546, val_loss-0.0061895
2024-12-21 06:21:14 - INFO - epoch-37, train_loss-0.0006542, val_loss-0.0072355
2024-12-21 06:21:53 - INFO - epoch-38, train_loss-0.0006575, val_loss-0.0089040
2024-12-21 06:22:31 - INFO - epoch-39, train_loss-0.0006615, val_loss-0.0084367
2024-12-21 06:23:09 - INFO - epoch-40, train_loss-0.0006542, val_loss-0.0079444
2024-12-21 06:23:47 - INFO - epoch-41, train_loss-0.0006562, val_loss-0.0085626
2024-12-21 06:24:25 - INFO - epoch-42, train_loss-0.0006578, val_loss-0.0076096
2024-12-21 06:25:03 - INFO - epoch-43, train_loss-0.0006553, val_loss-0.0090184
2024-12-21 06:25:41 - INFO - epoch-44, train_loss-0.0006570, val_loss-0.0085245
2024-12-21 06:26:20 - INFO - epoch-45, train_loss-0.0006563, val_loss-0.0060514
2024-12-21 06:26:59 - INFO - epoch-46, train_loss-0.0006597, val_loss-0.0091850
2024-12-21 06:27:37 - INFO - epoch-47, train_loss-0.0006544, val_loss-0.0079776
2024-12-21 06:28:15 - INFO - epoch-48, train_loss-0.0006538, val_loss-0.0086405
2024-12-21 06:28:53 - INFO - epoch-49, train_loss-0.0006553, val_loss-0.0124549
2024-12-21 06:29:31 - INFO - epoch-50, train_loss-0.0006547, val_loss-0.0094270
2024-12-21 06:30:11 - INFO - epoch-51, train_loss-0.0006536, val_loss-0.0160300
2024-12-21 06:30:49 - INFO - epoch-52, train_loss-0.0006546, val_loss-0.0088384
2024-12-21 06:31:27 - INFO - epoch-53, train_loss-0.0006582, val_loss-0.0095149
2024-12-21 06:32:05 - INFO - epoch-54, train_loss-0.0006535, val_loss-0.0091842
2024-12-21 06:32:43 - INFO - epoch-55, train_loss-0.0006545, val_loss-0.0071077
2024-12-21 06:33:21 - INFO - epoch-56, train_loss-0.0006567, val_loss-0.0104855
2024-12-21 06:33:59 - INFO - epoch-57, train_loss-0.0006564, val_loss-0.0098958
2024-12-21 06:34:37 - INFO - epoch-58, train_loss-0.0006523, val_loss-0.0113241
2024-12-21 06:35:15 - INFO - epoch-59, train_loss-0.0006527, val_loss-0.0094512
2024-12-21 06:35:53 - INFO - epoch-60, train_loss-0.0006535, val_loss-0.0094871
2024-12-21 06:36:31 - INFO - epoch-61, train_loss-0.0006521, val_loss-0.0093398
2024-12-21 06:37:09 - INFO - epoch-62, train_loss-0.0006517, val_loss-0.0085140
2024-12-21 06:37:47 - INFO - epoch-63, train_loss-0.0006516, val_loss-0.0099037
2024-12-21 06:38:25 - INFO - epoch-64, train_loss-0.0006521, val_loss-0.0106339
2024-12-21 06:39:42 - INFO - epoch-65, train_loss-0.0006520, val_loss-0.0080110
2024-12-21 06:42:08 - INFO - epoch-66, train_loss-0.0006507, val_loss-0.0101024
2024-12-21 06:42:47 - INFO - epoch-67, train_loss-0.0006506, val_loss-0.0068774
2024-12-21 06:43:25 - INFO - epoch-68, train_loss-0.0006512, val_loss-0.0081302
2024-12-21 06:44:02 - INFO - epoch-69, train_loss-0.0006524, val_loss-0.0099446
2024-12-21 06:44:41 - INFO - epoch-70, train_loss-0.0006511, val_loss-0.0073465
2024-12-21 06:45:19 - INFO - epoch-71, train_loss-0.0006501, val_loss-0.0074257
2024-12-21 06:45:57 - INFO - epoch-72, train_loss-0.0006499, val_loss-0.0085313
2024-12-21 06:46:35 - INFO - epoch-73, train_loss-0.0006503, val_loss-0.0074609
2024-12-21 06:47:13 - INFO - epoch-74, train_loss-0.0006501, val_loss-0.0056256
2024-12-21 06:47:51 - INFO - epoch-75, train_loss-0.0006520, val_loss-0.0061178
2024-12-21 06:48:29 - INFO - epoch-76, train_loss-0.0006493, val_loss-0.0050719
2024-12-21 06:49:07 - INFO - epoch-77, train_loss-0.0006489, val_loss-0.0037304
2024-12-21 06:49:45 - INFO - epoch-78, train_loss-0.0006497, val_loss-0.0037511
2024-12-21 06:50:23 - INFO - epoch-79, train_loss-0.0006496, val_loss-0.0029288
2024-12-21 06:51:01 - INFO - epoch-80, train_loss-0.0006502, val_loss-0.0026946
2024-12-21 06:51:39 - INFO - epoch-81, train_loss-0.0006496, val_loss-0.0026960
2024-12-21 06:52:17 - INFO - epoch-82, train_loss-0.0010102, val_loss-0.0022347
2024-12-21 06:52:55 - INFO - epoch-83, train_loss-0.0006594, val_loss-0.0019031
2024-12-21 06:53:33 - INFO - epoch-84, train_loss-0.0006565, val_loss-0.0017941
2024-12-21 06:54:10 - INFO - epoch-85, train_loss-0.0006554, val_loss-0.0017998
2024-12-21 06:54:48 - INFO - epoch-86, train_loss-0.0006546, val_loss-0.0018631
2024-12-21 06:55:26 - INFO - epoch-87, train_loss-0.0006537, val_loss-0.0019711
2024-12-21 06:56:04 - INFO - epoch-88, train_loss-0.0006529, val_loss-0.0021332
2024-12-21 06:56:42 - INFO - epoch-89, train_loss-0.0006521, val_loss-0.0022963
2024-12-21 06:57:20 - INFO - epoch-90, train_loss-0.0006518, val_loss-0.0023448
2024-12-21 06:57:58 - INFO - epoch-91, train_loss-0.0006516, val_loss-0.0024044
2024-12-21 06:58:36 - INFO - epoch-92, train_loss-0.0006514, val_loss-0.0024777
2024-12-21 06:59:14 - INFO - epoch-93, train_loss-0.0006511, val_loss-0.0027342
2024-12-21 06:59:52 - INFO - epoch-94, train_loss-0.0006510, val_loss-0.0028025
2024-12-21 07:00:30 - INFO - epoch-95, train_loss-0.0006509, val_loss-0.0032354
2024-12-21 07:01:09 - INFO - epoch-96, train_loss-0.0006508, val_loss-0.0033897
2024-12-21 07:01:47 - INFO - epoch-97, train_loss-0.0006507, val_loss-0.0034310
2024-12-21 07:02:25 - INFO - epoch-98, train_loss-0.0006506, val_loss-0.0037208
2024-12-21 07:03:02 - INFO - epoch-99, train_loss-0.0006505, val_loss-0.0036132
2024-12-21 07:03:40 - INFO - epoch-100, train_loss-0.0006503, val_loss-0.0039311
2024-12-21 07:04:19 - INFO - epoch-101, train_loss-0.0006502, val_loss-0.0037458
2024-12-21 07:04:57 - INFO - epoch-102, train_loss-0.0006501, val_loss-0.0034699
2024-12-21 07:05:35 - INFO - epoch-103, train_loss-0.0006501, val_loss-0.0037023
2024-12-21 07:06:13 - INFO - epoch-104, train_loss-0.0006500, val_loss-0.0035772
2024-12-21 07:06:51 - INFO - epoch-105, train_loss-0.0006499, val_loss-0.0038998
2024-12-21 07:07:29 - INFO - epoch-106, train_loss-0.0006498, val_loss-0.0033696
2024-12-21 07:08:07 - INFO - epoch-107, train_loss-0.0006497, val_loss-0.0033476
2024-12-21 07:08:45 - INFO - epoch-108, train_loss-0.0006496, val_loss-0.0030232
2024-12-21 07:09:23 - INFO - epoch-109, train_loss-0.0006495, val_loss-0.0030287
2024-12-21 07:10:01 - INFO - epoch-110, train_loss-0.0006496, val_loss-0.0025047
2024-12-21 07:10:38 - INFO - epoch-111, train_loss-0.0006495, val_loss-0.0023946
2024-12-21 07:11:16 - INFO - epoch-112, train_loss-0.0006493, val_loss-0.0021048
2024-12-21 07:11:54 - INFO - epoch-113, train_loss-0.0006492, val_loss-0.0018048
2024-12-21 07:12:32 - INFO - epoch-114, train_loss-0.0006492, val_loss-0.0016089
2024-12-21 07:13:10 - INFO - epoch-115, train_loss-0.0006493, val_loss-0.0015196
2024-12-21 07:13:48 - INFO - epoch-116, train_loss-0.0006492, val_loss-0.0014208
2024-12-21 07:14:26 - INFO - epoch-117, train_loss-0.0006490, val_loss-0.0011415
2024-12-21 07:15:05 - INFO - epoch-118, train_loss-0.0006488, val_loss-0.0010342
2024-12-21 07:15:43 - INFO - epoch-119, train_loss-0.0006487, val_loss-0.0009081
2024-12-21 07:16:20 - INFO - epoch-120, train_loss-0.0006487, val_loss-0.0008486
2024-12-21 07:17:00 - INFO - epoch-121, train_loss-0.0006485, val_loss-0.0007763
2024-12-21 07:17:37 - INFO - epoch-122, train_loss-0.0006484, val_loss-0.0007200
2024-12-21 07:18:16 - INFO - epoch-123, train_loss-0.0006483, val_loss-0.0006875
2024-12-21 07:18:53 - INFO - epoch-124, train_loss-0.0006481, val_loss-0.0006774
2024-12-21 07:19:32 - INFO - epoch-125, train_loss-0.0006482, val_loss-0.0006726
2024-12-21 07:20:10 - INFO - epoch-126, train_loss-0.0006481, val_loss-0.0006702
2024-12-21 07:20:48 - INFO - epoch-127, train_loss-0.0006481, val_loss-0.0006794
2024-12-21 07:21:26 - INFO - epoch-128, train_loss-0.0006478, val_loss-0.0006863
2024-12-21 07:22:05 - INFO - epoch-129, train_loss-0.0006476, val_loss-0.0006891
2024-12-21 07:22:44 - INFO - epoch-130, train_loss-0.0006475, val_loss-0.0007084
2024-12-21 07:23:22 - INFO - epoch-131, train_loss-0.0006475, val_loss-0.0006893
2024-12-21 07:24:00 - INFO - epoch-132, train_loss-0.0006478, val_loss-0.0007246
2024-12-21 07:24:37 - INFO - epoch-133, train_loss-0.0006473, val_loss-0.0007223
2024-12-21 07:25:15 - INFO - epoch-134, train_loss-0.0006633, val_loss-0.0012394
2024-12-21 07:25:53 - INFO - epoch-135, train_loss-0.0006582, val_loss-0.0009787
2024-12-21 07:26:30 - INFO - epoch-136, train_loss-0.0006538, val_loss-0.0009373
2024-12-21 07:27:08 - INFO - epoch-137, train_loss-0.0006526, val_loss-0.0009075
2024-12-21 07:27:46 - INFO - epoch-138, train_loss-0.0006520, val_loss-0.0009182
2024-12-21 07:28:24 - INFO - epoch-139, train_loss-0.0006517, val_loss-0.0009120
2024-12-21 07:29:03 - INFO - epoch-140, train_loss-0.0006515, val_loss-0.0008898
2024-12-21 07:29:40 - INFO - epoch-141, train_loss-0.0006515, val_loss-0.0007871
2024-12-21 07:30:18 - INFO - epoch-142, train_loss-0.0006509, val_loss-0.0008088
2024-12-21 07:30:56 - INFO - epoch-143, train_loss-0.0006505, val_loss-0.0007516
2024-12-21 07:31:34 - INFO - epoch-144, train_loss-0.0006503, val_loss-0.0007584
2024-12-21 07:32:12 - INFO - epoch-145, train_loss-0.0006504, val_loss-0.0007647
2024-12-21 07:33:00 - INFO - epoch-146, train_loss-0.0006504, val_loss-0.0007521
2024-12-21 07:35:51 - INFO - epoch-147, train_loss-0.0006502, val_loss-0.0007667
2024-12-21 07:36:28 - INFO - epoch-148, train_loss-0.0006503, val_loss-0.0007530
2024-12-21 07:37:06 - INFO - epoch-149, train_loss-0.0006501, val_loss-0.0007537
2024-12-21 07:37:45 - INFO - epoch-150, train_loss-0.0007820, val_loss-0.0007873
2024-12-21 07:38:24 - INFO - epoch-151, train_loss-0.0006668, val_loss-0.0007280
2024-12-21 07:39:03 - INFO - epoch-152, train_loss-0.0006557, val_loss-0.0007160
2024-12-21 07:39:41 - INFO - epoch-153, train_loss-0.0006553, val_loss-0.0007084
2024-12-21 07:40:19 - INFO - epoch-154, train_loss-0.0006535, val_loss-0.0007012
2024-12-21 07:40:56 - INFO - epoch-155, train_loss-0.0006527, val_loss-0.0007004
2024-12-21 07:41:34 - INFO - epoch-156, train_loss-0.0006523, val_loss-0.0006959
2024-12-21 07:42:12 - INFO - epoch-157, train_loss-0.0006517, val_loss-0.0006970
2024-12-21 07:42:49 - INFO - epoch-158, train_loss-0.0006513, val_loss-0.0006957
2024-12-21 07:43:27 - INFO - epoch-159, train_loss-0.0006514, val_loss-0.0007030
2024-12-21 07:44:06 - INFO - epoch-160, train_loss-0.0006512, val_loss-0.0007035
2024-12-21 07:44:43 - INFO - epoch-161, train_loss-0.0006509, val_loss-0.0007130
2024-12-21 07:45:21 - INFO - epoch-162, train_loss-0.0006509, val_loss-0.0007094
2024-12-21 07:45:59 - INFO - epoch-163, train_loss-0.0006508, val_loss-0.0007200
2024-12-21 07:46:36 - INFO - epoch-164, train_loss-0.0006506, val_loss-0.0007211
2024-12-21 07:47:14 - INFO - epoch-165, train_loss-0.0006507, val_loss-0.0007302
2024-12-21 07:47:52 - INFO - epoch-166, train_loss-0.0006506, val_loss-0.0007196
2024-12-21 07:48:29 - INFO - epoch-167, train_loss-0.0006506, val_loss-0.0007180
2024-12-21 07:49:07 - INFO - epoch-168, train_loss-0.0006505, val_loss-0.0007310
2024-12-21 07:49:44 - INFO - epoch-169, train_loss-0.0006505, val_loss-0.0007340
2024-12-21 07:50:22 - INFO - epoch-170, train_loss-0.0006502, val_loss-0.0007129
2024-12-21 07:51:00 - INFO - epoch-171, train_loss-0.0006501, val_loss-0.0007173
2024-12-21 07:51:37 - INFO - epoch-172, train_loss-0.0006504, val_loss-0.0007034
2024-12-21 07:52:15 - INFO - epoch-173, train_loss-0.0006502, val_loss-0.0006936
2024-12-21 07:52:52 - INFO - epoch-174, train_loss-0.0006501, val_loss-0.0006882
2024-12-21 07:53:30 - INFO - epoch-175, train_loss-0.0006503, val_loss-0.0006849
2024-12-21 07:54:08 - INFO - epoch-176, train_loss-0.0006498, val_loss-0.0006771
2024-12-21 07:54:45 - INFO - epoch-177, train_loss-0.0006500, val_loss-0.0006805
2024-12-21 07:55:23 - INFO - epoch-178, train_loss-0.0006499, val_loss-0.0006689
2024-12-21 07:56:01 - INFO - epoch-179, train_loss-0.0006495, val_loss-0.0006727
2024-12-21 07:56:38 - INFO - epoch-180, train_loss-0.0006496, val_loss-0.0006787
2024-12-21 07:57:16 - INFO - epoch-181, train_loss-0.0006495, val_loss-0.0006824
2024-12-21 07:57:53 - INFO - epoch-182, train_loss-0.0006493, val_loss-0.0006939
2024-12-21 07:58:31 - INFO - epoch-183, train_loss-0.0006496, val_loss-0.0006914
2024-12-21 07:59:09 - INFO - epoch-184, train_loss-0.0006491, val_loss-0.0006907
2024-12-21 07:59:46 - INFO - epoch-185, train_loss-0.0006492, val_loss-0.0006911
2024-12-21 08:00:25 - INFO - epoch-186, train_loss-0.0006499, val_loss-0.0006893
2024-12-21 08:01:02 - INFO - epoch-187, train_loss-0.0006487, val_loss-0.0006935
2024-12-21 08:01:41 - INFO - epoch-188, train_loss-0.0006487, val_loss-0.0007237
2024-12-21 08:02:19 - INFO - epoch-189, train_loss-0.0006488, val_loss-0.0006888
2024-12-21 08:02:56 - INFO - epoch-190, train_loss-0.0006488, val_loss-0.0009560
2024-12-21 08:03:34 - INFO - epoch-191, train_loss-0.0006486, val_loss-0.0007059
2024-12-21 08:04:12 - INFO - epoch-192, train_loss-0.0006485, val_loss-0.0007513
2024-12-21 08:04:49 - INFO - epoch-193, train_loss-0.0006487, val_loss-0.0006987
2024-12-21 08:05:27 - INFO - epoch-194, train_loss-0.0006482, val_loss-0.0007343
2024-12-21 08:06:04 - INFO - epoch-195, train_loss-0.0006481, val_loss-0.0006977
2024-12-21 08:06:42 - INFO - epoch-196, train_loss-0.0006687, val_loss-0.0007214
2024-12-21 08:07:20 - INFO - epoch-197, train_loss-0.0006510, val_loss-0.0006792
2024-12-21 08:07:57 - INFO - epoch-198, train_loss-0.0006500, val_loss-0.0007379
2024-12-21 08:08:35 - INFO - epoch-199, train_loss-0.0006493, val_loss-0.0006837
2024-12-21 08:09:13 - INFO - epoch-200, train_loss-0.0006489, val_loss-0.0006991
2024-12-21 08:09:51 - INFO - epoch-201, train_loss-0.0006488, val_loss-0.0006805
2024-12-21 08:10:29 - INFO - epoch-202, train_loss-0.0006488, val_loss-0.0007024
2024-12-21 08:11:06 - INFO - epoch-203, train_loss-0.0006484, val_loss-0.0007015
2024-12-21 08:11:44 - INFO - epoch-204, train_loss-0.0006528, val_loss-0.0006772
2024-12-21 08:12:21 - INFO - epoch-205, train_loss-0.0006492, val_loss-0.0006854
2024-12-21 08:12:59 - INFO - epoch-206, train_loss-0.0006484, val_loss-0.0006817
2024-12-21 08:13:36 - INFO - epoch-207, train_loss-0.0006484, val_loss-0.0006880
2024-12-21 08:14:15 - INFO - epoch-208, train_loss-0.0006480, val_loss-0.0006824
2024-12-21 08:14:52 - INFO - epoch-209, train_loss-0.0006479, val_loss-0.0006898
2024-12-21 08:15:31 - INFO - epoch-210, train_loss-0.0006480, val_loss-0.0006905
2024-12-21 08:16:09 - INFO - epoch-211, train_loss-0.0006481, val_loss-0.0006906
2024-12-21 08:16:46 - INFO - epoch-212, train_loss-0.0006479, val_loss-0.0006910
2024-12-21 08:17:24 - INFO - epoch-213, train_loss-0.0006480, val_loss-0.0006913
2024-12-21 08:18:02 - INFO - epoch-214, train_loss-0.0006488, val_loss-0.0006876
2024-12-21 08:18:39 - INFO - epoch-215, train_loss-0.0006483, val_loss-0.0007125
2024-12-21 08:19:17 - INFO - epoch-216, train_loss-0.0006483, val_loss-0.0006814
2024-12-21 08:19:54 - INFO - epoch-217, train_loss-0.0006479, val_loss-0.0006925
2024-12-21 08:20:33 - INFO - epoch-218, train_loss-0.0006480, val_loss-0.0006981
2024-12-21 08:21:12 - INFO - epoch-219, train_loss-0.0006480, val_loss-0.0006902
2024-12-21 08:21:49 - INFO - epoch-220, train_loss-0.0006476, val_loss-0.0006872
2024-12-21 08:22:27 - INFO - epoch-221, train_loss-0.0006474, val_loss-0.0006882
2024-12-21 08:23:05 - INFO - epoch-222, train_loss-0.0006477, val_loss-0.0006894
2024-12-21 08:23:42 - INFO - epoch-223, train_loss-0.0006506, val_loss-0.0006897
2024-12-21 08:24:19 - INFO - epoch-224, train_loss-0.0006552, val_loss-0.0006892
2024-12-21 08:24:57 - INFO - epoch-225, train_loss-0.0006470, val_loss-0.0006815
2024-12-21 08:25:35 - INFO - epoch-226, train_loss-0.0006470, val_loss-0.0006773
2024-12-21 08:26:12 - INFO - epoch-227, train_loss-0.0006469, val_loss-0.0006747
2024-12-21 08:27:56 - INFO - epoch-228, train_loss-0.0006470, val_loss-0.0006741
2024-12-21 08:29:43 - INFO - epoch-229, train_loss-0.0006478, val_loss-0.0006726
2024-12-21 08:30:21 - INFO - epoch-230, train_loss-0.0006467, val_loss-0.0006724
2024-12-21 08:30:59 - INFO - epoch-231, train_loss-0.0006470, val_loss-0.0006697
2024-12-21 08:31:36 - INFO - epoch-232, train_loss-0.0006475, val_loss-0.0006727
2024-12-21 08:32:14 - INFO - epoch-233, train_loss-0.0006469, val_loss-0.0006706
2024-12-21 08:32:52 - INFO - epoch-234, train_loss-0.0006465, val_loss-0.0006701
2024-12-21 08:33:30 - INFO - epoch-235, train_loss-0.0006465, val_loss-0.0006677
2024-12-21 08:34:09 - INFO - epoch-236, train_loss-0.0006467, val_loss-0.0006695
2024-12-21 08:34:47 - INFO - epoch-237, train_loss-0.0006469, val_loss-0.0006724
2024-12-21 08:35:24 - INFO - epoch-238, train_loss-0.0006463, val_loss-0.0006724
2024-12-21 08:36:02 - INFO - epoch-239, train_loss-0.0006461, val_loss-0.0006711
2024-12-21 08:36:39 - INFO - epoch-240, train_loss-0.0006468, val_loss-0.0006720
2024-12-21 08:37:17 - INFO - epoch-241, train_loss-0.0006471, val_loss-0.0006716
2024-12-21 08:37:55 - INFO - epoch-242, train_loss-0.0006462, val_loss-0.0006711
2024-12-21 08:38:32 - INFO - epoch-243, train_loss-0.0006460, val_loss-0.0006723
2024-12-21 08:39:10 - INFO - epoch-244, train_loss-0.0006460, val_loss-0.0006720
2024-12-21 08:39:48 - INFO - epoch-245, train_loss-0.0006461, val_loss-0.0006723
2024-12-21 08:40:25 - INFO - epoch-246, train_loss-0.0006461, val_loss-0.0006744
2024-12-21 08:41:04 - INFO - epoch-247, train_loss-0.0006456, val_loss-0.0006704
2024-12-21 08:41:43 - INFO - epoch-248, train_loss-0.0006459, val_loss-0.0006703
2024-12-21 08:42:21 - INFO - epoch-249, train_loss-0.0006456, val_loss-0.0006706
2024-12-21 08:42:59 - INFO - epoch-250, train_loss-0.0006456, val_loss-0.0006708
2024-12-21 08:43:38 - INFO - epoch-251, train_loss-0.0006455, val_loss-0.0006703
2024-12-21 08:44:15 - INFO - epoch-252, train_loss-0.0006454, val_loss-0.0006706
2024-12-21 08:44:53 - INFO - epoch-253, train_loss-0.0006457, val_loss-0.0006711
2024-12-21 08:45:32 - INFO - epoch-254, train_loss-0.0006461, val_loss-0.0006708
2024-12-21 08:46:11 - INFO - epoch-255, train_loss-0.0006455, val_loss-0.0006699
2024-12-21 08:46:48 - INFO - epoch-256, train_loss-0.0006454, val_loss-0.0006705
2024-12-21 08:47:26 - INFO - epoch-257, train_loss-0.0006457, val_loss-0.0006694
2024-12-21 08:48:03 - INFO - epoch-258, train_loss-0.0006463, val_loss-0.0006709
2024-12-21 08:48:41 - INFO - epoch-259, train_loss-0.0006450, val_loss-0.0006707
2024-12-21 08:49:18 - INFO - epoch-260, train_loss-0.0006449, val_loss-0.0006690
2024-12-21 08:49:56 - INFO - epoch-261, train_loss-0.0006773, val_loss-0.0006718
2024-12-21 08:50:34 - INFO - epoch-262, train_loss-0.0006540, val_loss-0.0006702
2024-12-21 08:51:11 - INFO - epoch-263, train_loss-0.0006520, val_loss-0.0006700
2024-12-21 08:51:50 - INFO - epoch-264, train_loss-0.0006509, val_loss-0.0006700
2024-12-21 08:52:27 - INFO - epoch-265, train_loss-0.0006506, val_loss-0.0006695
2024-12-21 08:53:04 - INFO - epoch-266, train_loss-0.0006502, val_loss-0.0006701
2024-12-21 08:53:42 - INFO - epoch-267, train_loss-0.0006500, val_loss-0.0006696
2024-12-21 08:54:19 - INFO - epoch-268, train_loss-0.0006498, val_loss-0.0006700
2024-12-21 08:54:57 - INFO - epoch-269, train_loss-0.0006497, val_loss-0.0006700
2024-12-21 08:55:34 - INFO - epoch-270, train_loss-0.0006495, val_loss-0.0006698
2024-12-21 08:56:12 - INFO - epoch-271, train_loss-0.0006493, val_loss-0.0006703
2024-12-21 08:56:49 - INFO - epoch-272, train_loss-0.0006498, val_loss-0.0006707
2024-12-21 08:57:27 - INFO - epoch-273, train_loss-0.0006492, val_loss-0.0006702
2024-12-21 08:58:04 - INFO - epoch-274, train_loss-0.0006489, val_loss-0.0006703
2024-12-21 08:58:41 - INFO - epoch-275, train_loss-0.0006491, val_loss-0.0006702
2024-12-21 08:59:20 - INFO - epoch-276, train_loss-0.0006489, val_loss-0.0006700
2024-12-21 08:59:57 - INFO - epoch-277, train_loss-0.0006486, val_loss-0.0006702
2024-12-21 09:00:35 - INFO - epoch-278, train_loss-0.0006486, val_loss-0.0006704
2024-12-21 09:01:12 - INFO - epoch-279, train_loss-0.0006487, val_loss-0.0006704
2024-12-21 09:01:50 - INFO - epoch-280, train_loss-0.0006484, val_loss-0.0006702
2024-12-21 09:02:27 - INFO - epoch-281, train_loss-0.0006490, val_loss-0.0006703
2024-12-21 09:03:06 - INFO - epoch-282, train_loss-0.0006481, val_loss-0.0006704
2024-12-21 09:03:43 - INFO - epoch-283, train_loss-0.0006481, val_loss-0.0006705
2024-12-21 09:04:21 - INFO - epoch-284, train_loss-0.0006480, val_loss-0.0006702
2024-12-21 09:04:59 - INFO - epoch-285, train_loss-0.0006479, val_loss-0.0006703
2024-12-21 09:05:37 - INFO - epoch-286, train_loss-0.0006481, val_loss-0.0006699
2024-12-21 09:06:14 - INFO - epoch-287, train_loss-0.0006479, val_loss-0.0006701
2024-12-21 09:06:52 - INFO - epoch-288, train_loss-0.0006477, val_loss-0.0006698
2024-12-21 09:07:29 - INFO - epoch-289, train_loss-0.0006476, val_loss-0.0006698
2024-12-21 09:08:08 - INFO - epoch-290, train_loss-0.0006475, val_loss-0.0006697
2024-12-21 09:08:46 - INFO - epoch-291, train_loss-0.0006474, val_loss-0.0006691
2024-12-21 09:09:25 - INFO - epoch-292, train_loss-0.0006472, val_loss-0.0006691
2024-12-21 09:10:02 - INFO - epoch-293, train_loss-0.0006471, val_loss-0.0006689
2024-12-21 09:10:40 - INFO - epoch-294, train_loss-0.0006471, val_loss-0.0006690
2024-12-21 09:11:17 - INFO - epoch-295, train_loss-0.0006470, val_loss-0.0006687
2024-12-21 09:11:54 - INFO - epoch-296, train_loss-0.0006469, val_loss-0.0006682
2024-12-21 09:12:32 - INFO - epoch-297, train_loss-0.0006471, val_loss-0.0006683
2024-12-21 09:13:10 - INFO - epoch-298, train_loss-0.0006468, val_loss-0.0006680
2024-12-21 09:13:49 - INFO - epoch-299, train_loss-0.0006468, val_loss-0.0006674
