2025-03-04 16:53:10 - INFO - train data: 13259
2025-03-04 16:53:10 - INFO - train unqiue data: 13259
2025-03-04 16:53:10 - INFO - valid data: 1474
2025-03-04 16:53:10 - INFO - valid unqiue data: 1474
2025-03-04 16:58:00 - INFO - epoch-0, train_mse_loss-0.0004329, train_kl_loss-0.0661147, val_mse_loss-0.0006028, val_kl_loss-0.0004251
2025-03-04 17:02:17 - INFO - epoch-1, train_mse_loss-0.0003411, train_kl_loss-0.0108811, val_mse_loss-0.0008712, val_kl_loss-1.3527495
2025-03-04 17:06:34 - INFO - epoch-2, train_mse_loss-0.0004967, train_kl_loss-1.5233396, val_mse_loss-0.0012394, val_kl_loss-3.0861651
2025-03-04 17:06:42 - INFO - Saved new best model at epoch 2 with validation loss 3.0874045
2025-03-04 17:10:58 - INFO - epoch-3, train_mse_loss-0.0005112, train_kl_loss-1.8880105, val_mse_loss-0.0006192, val_kl_loss-1.8271715
2025-03-04 17:11:05 - INFO - Saved new best model at epoch 3 with validation loss 1.8277907
2025-03-04 17:15:22 - INFO - epoch-4, train_mse_loss-0.0005304, train_kl_loss-1.7914545, val_mse_loss-0.0011500, val_kl_loss-1.7164409
2025-03-04 17:15:29 - INFO - Saved new best model at epoch 4 with validation loss 1.7175909
2025-03-04 17:19:46 - INFO - epoch-5, train_mse_loss-0.0005100, train_kl_loss-1.8104821, val_mse_loss-0.0039507, val_kl_loss-1.7886682
2025-03-04 17:24:03 - INFO - epoch-6, train_mse_loss-0.0005085, train_kl_loss-1.8638486, val_mse_loss-0.0083097, val_kl_loss-2.1639435
2025-03-04 17:28:19 - INFO - epoch-7, train_mse_loss-0.0005218, train_kl_loss-1.7066871, val_mse_loss-0.0023550, val_kl_loss-1.4091756
2025-03-04 17:28:26 - INFO - Saved new best model at epoch 7 with validation loss 1.4115306
2025-03-04 17:32:44 - INFO - epoch-8, train_mse_loss-0.0005354, train_kl_loss-1.2419289, val_mse_loss-0.0082461, val_kl_loss-1.6609092
2025-03-04 17:37:00 - INFO - epoch-9, train_mse_loss-0.0005348, train_kl_loss-0.4858420, val_mse_loss-0.0077952, val_kl_loss-0.7212063
2025-03-04 17:37:07 - INFO - Saved new best model at epoch 9 with validation loss 0.7290015
2025-03-04 17:41:24 - INFO - epoch-10, train_mse_loss-0.0004743, train_kl_loss-0.0118774, val_mse_loss-0.0006282, val_kl_loss-0.7003878
2025-03-04 17:41:31 - INFO - Saved new best model at epoch 10 with validation loss 0.7010160
2025-03-04 17:45:48 - INFO - epoch-11, train_mse_loss-0.0004344, train_kl_loss-0.0008656, val_mse_loss-0.0007446, val_kl_loss-0.3471074
2025-03-04 17:45:56 - INFO - Saved new best model at epoch 11 with validation loss 0.3478519
2025-03-04 17:50:13 - INFO - epoch-12, train_mse_loss-0.0004061, train_kl_loss-0.0009124, val_mse_loss-0.0005540, val_kl_loss-0.0838791
2025-03-04 17:50:20 - INFO - Saved new best model at epoch 12 with validation loss 0.0844331
2025-03-04 17:54:37 - INFO - epoch-13, train_mse_loss-0.0003882, train_kl_loss-0.0044477, val_mse_loss-0.0005138, val_kl_loss-0.0088879
2025-03-04 17:54:44 - INFO - Saved new best model at epoch 13 with validation loss 0.0094016
2025-03-04 17:59:02 - INFO - epoch-14, train_mse_loss-0.0003734, train_kl_loss-0.0001262, val_mse_loss-0.0005282, val_kl_loss-0.0090578
2025-03-04 18:03:22 - INFO - epoch-15, train_mse_loss-0.0003608, train_kl_loss-0.0001811, val_mse_loss-0.0005698, val_kl_loss-0.0070079
2025-03-04 18:03:30 - INFO - Saved new best model at epoch 15 with validation loss 0.0075778
2025-03-04 18:07:47 - INFO - epoch-16, train_mse_loss-0.0003512, train_kl_loss-0.0002195, val_mse_loss-0.0004395, val_kl_loss-0.0008005
2025-03-04 18:07:55 - INFO - Saved new best model at epoch 16 with validation loss 0.0012400
2025-03-04 18:12:11 - INFO - epoch-17, train_mse_loss-0.0003636, train_kl_loss-0.0010719, val_mse_loss-0.0005795, val_kl_loss-0.0003653
2025-03-04 18:12:19 - INFO - Saved new best model at epoch 17 with validation loss 0.0009448
2025-03-04 18:16:35 - INFO - epoch-18, train_mse_loss-0.0003608, train_kl_loss-0.0000439, val_mse_loss-0.0004385, val_kl_loss-0.0003657
2025-03-04 18:16:43 - INFO - Saved new best model at epoch 18 with validation loss 0.0008042
2025-03-04 18:21:00 - INFO - epoch-19, train_mse_loss-0.0003430, train_kl_loss-0.0000715, val_mse_loss-0.0003444, val_kl_loss-0.0000866
2025-03-04 18:21:07 - INFO - Saved new best model at epoch 19 with validation loss 0.0004310
2025-03-04 18:25:23 - INFO - epoch-20, train_mse_loss-0.0003356, train_kl_loss-0.0000181, val_mse_loss-0.0004317, val_kl_loss-0.0000211
2025-03-04 18:29:40 - INFO - epoch-21, train_mse_loss-0.0003442, train_kl_loss-0.0065985, val_mse_loss-0.0005064, val_kl_loss-0.0001886
2025-03-04 18:33:57 - INFO - epoch-22, train_mse_loss-0.0003389, train_kl_loss-0.0000482, val_mse_loss-0.0004798, val_kl_loss-0.0000376
2025-03-04 18:38:13 - INFO - epoch-23, train_mse_loss-0.0003333, train_kl_loss-0.0000487, val_mse_loss-0.0005066, val_kl_loss-0.0000172
2025-03-04 18:42:30 - INFO - epoch-24, train_mse_loss-0.0003307, train_kl_loss-0.0000160, val_mse_loss-0.0005009, val_kl_loss-0.0000080
2025-03-04 18:46:46 - INFO - epoch-25, train_mse_loss-0.0003295, train_kl_loss-0.0000195, val_mse_loss-0.0004950, val_kl_loss-0.0000053
2025-03-04 18:51:04 - INFO - epoch-26, train_mse_loss-0.0003294, train_kl_loss-0.0000340, val_mse_loss-0.0004881, val_kl_loss-0.0000056
2025-03-04 18:55:21 - INFO - epoch-27, train_mse_loss-0.0003285, train_kl_loss-0.0000220, val_mse_loss-0.0005162, val_kl_loss-0.0000037
2025-03-04 18:59:38 - INFO - epoch-28, train_mse_loss-0.0003298, train_kl_loss-0.0000644, val_mse_loss-0.0005085, val_kl_loss-0.0000007
2025-03-04 19:03:55 - INFO - epoch-29, train_mse_loss-0.0003371, train_kl_loss-0.0139320, val_mse_loss-0.0005506, val_kl_loss-0.0000784
2025-03-04 19:08:12 - INFO - epoch-30, train_mse_loss-0.0003396, train_kl_loss-0.0000614, val_mse_loss-0.0004823, val_kl_loss-0.0000139
2025-03-04 19:12:33 - INFO - epoch-31, train_mse_loss-0.0003356, train_kl_loss-0.0000269, val_mse_loss-0.0005164, val_kl_loss-0.0000054
2025-03-04 19:16:50 - INFO - epoch-32, train_mse_loss-0.0003337, train_kl_loss-0.0000139, val_mse_loss-0.0005079, val_kl_loss-0.0000055
2025-03-04 19:21:07 - INFO - epoch-33, train_mse_loss-0.0003322, train_kl_loss-0.0000079, val_mse_loss-0.0004987, val_kl_loss-0.0000020
2025-03-04 19:25:24 - INFO - epoch-34, train_mse_loss-0.0003310, train_kl_loss-0.0000045, val_mse_loss-0.0004591, val_kl_loss-0.0000017
2025-03-04 19:29:40 - INFO - epoch-35, train_mse_loss-0.0003300, train_kl_loss-0.0000032, val_mse_loss-0.0004625, val_kl_loss-0.0000007
2025-03-04 19:33:57 - INFO - epoch-36, train_mse_loss-0.0003291, train_kl_loss-0.0000021, val_mse_loss-0.0004708, val_kl_loss-0.0000017
2025-03-04 19:38:14 - INFO - epoch-37, train_mse_loss-0.0003284, train_kl_loss-0.0000029, val_mse_loss-0.0004752, val_kl_loss-0.0000001
2025-03-04 19:42:30 - INFO - epoch-38, train_mse_loss-0.0003278, train_kl_loss-0.0000047, val_mse_loss-0.0004742, val_kl_loss-0.0000001
2025-03-04 19:46:46 - INFO - epoch-39, train_mse_loss-0.0003274, train_kl_loss-0.0000018, val_mse_loss-0.0004750, val_kl_loss-0.0000001
2025-03-04 19:51:02 - INFO - epoch-40, train_mse_loss-0.0003271, train_kl_loss-0.0000000, val_mse_loss-0.0004635, val_kl_loss-0.0000000
2025-03-04 19:55:18 - INFO - epoch-41, train_mse_loss-0.0003268, train_kl_loss-0.0000000, val_mse_loss-0.0004545, val_kl_loss-0.0000000
2025-03-04 19:59:35 - INFO - epoch-42, train_mse_loss-0.0003265, train_kl_loss-0.0000000, val_mse_loss-0.0004496, val_kl_loss-0.0000000
2025-03-04 20:03:51 - INFO - epoch-43, train_mse_loss-0.0003264, train_kl_loss-0.0000000, val_mse_loss-0.0004326, val_kl_loss-0.0000000
2025-03-04 20:08:08 - INFO - epoch-44, train_mse_loss-0.0003266, train_kl_loss--0.0000000, val_mse_loss-0.0004211, val_kl_loss-0.0000000
2025-03-04 20:08:15 - INFO - Saved new best model at epoch 44 with validation loss 0.0004211
2025-03-04 20:12:30 - INFO - epoch-45, train_mse_loss-0.0003268, train_kl_loss-0.0000000, val_mse_loss-0.0004004, val_kl_loss-0.0000000
2025-03-04 20:12:38 - INFO - Saved new best model at epoch 45 with validation loss 0.0004004
2025-03-04 20:16:54 - INFO - epoch-46, train_mse_loss-0.0003272, train_kl_loss-0.0000000, val_mse_loss-0.0003826, val_kl_loss-0.0000000
2025-03-04 20:17:02 - INFO - Saved new best model at epoch 46 with validation loss 0.0003826
2025-03-04 20:21:20 - INFO - epoch-47, train_mse_loss-0.0003267, train_kl_loss-0.0000000, val_mse_loss-0.0003624, val_kl_loss-0.0000000
2025-03-04 20:21:27 - INFO - Saved new best model at epoch 47 with validation loss 0.0003624
2025-03-04 20:25:42 - INFO - epoch-48, train_mse_loss-0.0003269, train_kl_loss-0.0000000, val_mse_loss-0.0003505, val_kl_loss-0.0000000
2025-03-04 20:25:50 - INFO - Saved new best model at epoch 48 with validation loss 0.0003505
2025-03-04 20:30:05 - INFO - epoch-49, train_mse_loss-0.0003264, train_kl_loss-0.0000000, val_mse_loss-0.0003420, val_kl_loss-0.0000000
2025-03-04 20:30:13 - INFO - Saved new best model at epoch 49 with validation loss 0.0003420
2025-03-04 20:34:28 - INFO - epoch-50, train_mse_loss-0.0003260, train_kl_loss-0.0000000, val_mse_loss-0.0003383, val_kl_loss-0.0000000
2025-03-04 20:34:36 - INFO - Saved new best model at epoch 50 with validation loss 0.0003383
2025-03-04 20:38:52 - INFO - epoch-51, train_mse_loss-0.0003258, train_kl_loss-0.0000000, val_mse_loss-0.0003547, val_kl_loss-0.0000000
2025-03-04 20:43:09 - INFO - epoch-52, train_mse_loss-0.0003257, train_kl_loss-0.0000000, val_mse_loss-0.0003595, val_kl_loss-0.0000000
2025-03-04 20:47:25 - INFO - epoch-53, train_mse_loss-0.0003254, train_kl_loss-0.0000000, val_mse_loss-0.0003508, val_kl_loss-0.0000000
2025-03-04 20:51:40 - INFO - epoch-54, train_mse_loss-0.0003252, train_kl_loss-0.0000000, val_mse_loss-0.0003524, val_kl_loss-0.0000000
2025-03-04 20:55:55 - INFO - epoch-55, train_mse_loss-0.0003249, train_kl_loss-0.0000000, val_mse_loss-0.0003461, val_kl_loss-0.0000000
2025-03-04 21:00:11 - INFO - epoch-56, train_mse_loss-0.0003247, train_kl_loss-0.0000000, val_mse_loss-0.0003462, val_kl_loss-0.0000000
2025-03-04 21:04:26 - INFO - epoch-57, train_mse_loss-0.0003246, train_kl_loss-0.0000000, val_mse_loss-0.0003485, val_kl_loss-0.0000000
2025-03-04 21:08:42 - INFO - epoch-58, train_mse_loss-0.0003246, train_kl_loss-0.0000000, val_mse_loss-0.0003479, val_kl_loss-0.0000000
2025-03-04 21:12:56 - INFO - epoch-59, train_mse_loss-0.0003245, train_kl_loss-0.0000000, val_mse_loss-0.0003530, val_kl_loss-0.0000000
2025-03-04 21:17:12 - INFO - epoch-60, train_mse_loss-0.0003245, train_kl_loss-0.0000000, val_mse_loss-0.0003520, val_kl_loss-0.0000000
2025-03-04 21:21:29 - INFO - epoch-61, train_mse_loss-0.0003244, train_kl_loss-0.0000000, val_mse_loss-0.0003477, val_kl_loss-0.0000000
2025-03-04 21:25:46 - INFO - epoch-62, train_mse_loss-0.0003244, train_kl_loss-0.0000000, val_mse_loss-0.0003433, val_kl_loss-0.0000000
2025-03-04 21:30:04 - INFO - epoch-63, train_mse_loss-0.0003244, train_kl_loss-0.0000000, val_mse_loss-0.0003460, val_kl_loss-0.0000000
2025-03-04 21:34:20 - INFO - epoch-64, train_mse_loss-0.0003243, train_kl_loss-0.0000000, val_mse_loss-0.0003436, val_kl_loss-0.0000000
2025-03-04 21:38:45 - INFO - epoch-65, train_mse_loss-0.0003243, train_kl_loss-0.0000000, val_mse_loss-0.0003422, val_kl_loss-0.0000000
2025-03-04 21:43:25 - INFO - epoch-66, train_mse_loss-0.0003243, train_kl_loss-0.0000000, val_mse_loss-0.0003424, val_kl_loss-0.0000000
2025-03-04 21:47:48 - INFO - epoch-67, train_mse_loss-0.0003243, train_kl_loss-0.0000000, val_mse_loss-0.0003400, val_kl_loss-0.0000000
2025-03-04 21:52:03 - INFO - epoch-68, train_mse_loss-0.0003243, train_kl_loss-0.0000000, val_mse_loss-0.0003401, val_kl_loss-0.0000000
2025-03-04 21:56:20 - INFO - epoch-69, train_mse_loss-0.0003242, train_kl_loss-0.0000000, val_mse_loss-0.0003383, val_kl_loss-0.0000000
2025-03-04 22:00:37 - INFO - epoch-70, train_mse_loss-0.0003242, train_kl_loss-0.0000000, val_mse_loss-0.0003383, val_kl_loss-0.0000000
2025-03-04 22:04:53 - INFO - epoch-71, train_mse_loss-0.0003242, train_kl_loss-0.0000000, val_mse_loss-0.0003368, val_kl_loss-0.0000000
2025-03-04 22:05:04 - INFO - Saved new best model at epoch 71 with validation loss 0.0003368
2025-03-04 22:09:18 - INFO - epoch-72, train_mse_loss-0.0003242, train_kl_loss-0.0000000, val_mse_loss-0.0003366, val_kl_loss-0.0000000
2025-03-04 22:09:29 - INFO - Saved new best model at epoch 72 with validation loss 0.0003366
2025-03-04 22:13:45 - INFO - epoch-73, train_mse_loss-0.0003242, train_kl_loss-0.0000000, val_mse_loss-0.0003363, val_kl_loss-0.0000000
2025-03-04 22:13:56 - INFO - Saved new best model at epoch 73 with validation loss 0.0003363
2025-03-04 22:18:12 - INFO - epoch-74, train_mse_loss-0.0003242, train_kl_loss-0.0000000, val_mse_loss-0.0003345, val_kl_loss-0.0000000
2025-03-04 22:18:23 - INFO - Saved new best model at epoch 74 with validation loss 0.0003345
2025-03-04 22:22:40 - INFO - epoch-75, train_mse_loss-0.0003242, train_kl_loss-0.0000000, val_mse_loss-0.0003361, val_kl_loss-0.0000000
2025-03-04 22:26:55 - INFO - epoch-76, train_mse_loss-0.0003242, train_kl_loss-0.0000000, val_mse_loss-0.0003359, val_kl_loss-0.0000000
2025-03-04 22:31:12 - INFO - epoch-77, train_mse_loss-0.0003242, train_kl_loss-0.0000000, val_mse_loss-0.0003355, val_kl_loss-0.0000000
2025-03-04 22:35:30 - INFO - epoch-78, train_mse_loss-0.0003242, train_kl_loss-0.0000000, val_mse_loss-0.0003343, val_kl_loss-0.0000000
2025-03-04 22:35:41 - INFO - Saved new best model at epoch 78 with validation loss 0.0003343
2025-03-04 22:39:56 - INFO - epoch-79, train_mse_loss-0.0003242, train_kl_loss-0.0000000, val_mse_loss-0.0003348, val_kl_loss-0.0000000
2025-03-04 22:44:13 - INFO - epoch-80, train_mse_loss-0.0003242, train_kl_loss-0.0000000, val_mse_loss-0.0003339, val_kl_loss-0.0000000
2025-03-04 22:44:21 - INFO - Saved new best model at epoch 80 with validation loss 0.0003339
2025-03-04 22:48:36 - INFO - epoch-81, train_mse_loss-0.0003242, train_kl_loss-0.0000000, val_mse_loss-0.0003341, val_kl_loss-0.0000000
2025-03-04 22:52:53 - INFO - epoch-82, train_mse_loss-0.0003242, train_kl_loss-0.0000000, val_mse_loss-0.0003345, val_kl_loss-0.0000000
2025-03-04 22:57:08 - INFO - epoch-83, train_mse_loss-0.0003242, train_kl_loss-0.0000000, val_mse_loss-0.0003333, val_kl_loss-0.0000000
2025-03-04 22:57:15 - INFO - Saved new best model at epoch 83 with validation loss 0.0003333
2025-03-04 23:01:31 - INFO - epoch-84, train_mse_loss-0.0003243, train_kl_loss-0.0000000, val_mse_loss-0.0003336, val_kl_loss-0.0000000
2025-03-04 23:05:47 - INFO - epoch-85, train_mse_loss-0.0003243, train_kl_loss-0.0000000, val_mse_loss-0.0003338, val_kl_loss-0.0000000
2025-03-04 23:10:02 - INFO - epoch-86, train_mse_loss-0.0003243, train_kl_loss-0.0000000, val_mse_loss-0.0003342, val_kl_loss-0.0000000
2025-03-04 23:14:19 - INFO - epoch-87, train_mse_loss-0.0003243, train_kl_loss-0.0000000, val_mse_loss-0.0003340, val_kl_loss-0.0000000
2025-03-04 23:18:36 - INFO - epoch-88, train_mse_loss-0.0003243, train_kl_loss-0.0000000, val_mse_loss-0.0003342, val_kl_loss-0.0000000
2025-03-04 23:22:52 - INFO - epoch-89, train_mse_loss-0.0003243, train_kl_loss-0.0000000, val_mse_loss-0.0003349, val_kl_loss-0.0000000
2025-03-04 23:27:08 - INFO - epoch-90, train_mse_loss-0.0003243, train_kl_loss-0.0000000, val_mse_loss-0.0003354, val_kl_loss-0.0000000
2025-03-04 23:31:24 - INFO - epoch-91, train_mse_loss-0.0003243, train_kl_loss-0.0000000, val_mse_loss-0.0003360, val_kl_loss-0.0000000
2025-03-04 23:35:44 - INFO - epoch-92, train_mse_loss-0.0003243, train_kl_loss-0.0000000, val_mse_loss-0.0003354, val_kl_loss-0.0000000
2025-03-04 23:40:02 - INFO - epoch-93, train_mse_loss-0.0003243, train_kl_loss-0.0000000, val_mse_loss-0.0003350, val_kl_loss-0.0000000
2025-03-04 23:44:20 - INFO - epoch-94, train_mse_loss-0.0003243, train_kl_loss-0.0000000, val_mse_loss-0.0003368, val_kl_loss-0.0000000
2025-03-04 23:48:36 - INFO - epoch-95, train_mse_loss-0.0003243, train_kl_loss-0.0000000, val_mse_loss-0.0003374, val_kl_loss-0.0000000
2025-03-04 23:52:52 - INFO - epoch-96, train_mse_loss-0.0003243, train_kl_loss-0.0000000, val_mse_loss-0.0003369, val_kl_loss-0.0000000
2025-03-04 23:57:09 - INFO - epoch-97, train_mse_loss-0.0003243, train_kl_loss-0.0000000, val_mse_loss-0.0003378, val_kl_loss-0.0000000
2025-03-05 00:01:31 - INFO - epoch-98, train_mse_loss-0.0003243, train_kl_loss-0.0000000, val_mse_loss-0.0003368, val_kl_loss-0.0000000
2025-03-05 00:05:53 - INFO - epoch-99, train_mse_loss-0.0003243, train_kl_loss-0.0000000, val_mse_loss-0.0003371, val_kl_loss-0.0000000
2025-03-05 00:10:15 - INFO - epoch-100, train_mse_loss-0.0003243, train_kl_loss-0.0000000, val_mse_loss-0.0003371, val_kl_loss-0.0000000
2025-03-05 00:14:34 - INFO - epoch-101, train_mse_loss-0.0003243, train_kl_loss-0.0000000, val_mse_loss-0.0003371, val_kl_loss-0.0000000
2025-03-05 00:18:53 - INFO - epoch-102, train_mse_loss-0.0003243, train_kl_loss-0.0000000, val_mse_loss-0.0003377, val_kl_loss-0.0000000
2025-03-05 00:23:14 - INFO - epoch-103, train_mse_loss-0.0003243, train_kl_loss-0.0000000, val_mse_loss-0.0003372, val_kl_loss-0.0000000
2025-03-05 00:27:34 - INFO - epoch-104, train_mse_loss-0.0003243, train_kl_loss-0.0000000, val_mse_loss-0.0003373, val_kl_loss-0.0000000
2025-03-05 00:31:54 - INFO - epoch-105, train_mse_loss-0.0003243, train_kl_loss-0.0000000, val_mse_loss-0.0003373, val_kl_loss-0.0000000
2025-03-05 00:36:14 - INFO - epoch-106, train_mse_loss-0.0003243, train_kl_loss-0.0000000, val_mse_loss-0.0003375, val_kl_loss-0.0000000
2025-03-05 00:40:35 - INFO - epoch-107, train_mse_loss-0.0003243, train_kl_loss-0.0000000, val_mse_loss-0.0003381, val_kl_loss-0.0000000
2025-03-05 00:44:55 - INFO - epoch-108, train_mse_loss-0.0003243, train_kl_loss-0.0000000, val_mse_loss-0.0003388, val_kl_loss-0.0000000
2025-03-05 00:49:16 - INFO - epoch-109, train_mse_loss-0.0003243, train_kl_loss-0.0000000, val_mse_loss-0.0003387, val_kl_loss-0.0000000
2025-03-05 00:53:39 - INFO - epoch-110, train_mse_loss-0.0003243, train_kl_loss-0.0000000, val_mse_loss-0.0003381, val_kl_loss-0.0000000
2025-03-05 00:57:58 - INFO - epoch-111, train_mse_loss-0.0003244, train_kl_loss-0.0000000, val_mse_loss-0.0003383, val_kl_loss-0.0000000
2025-03-05 01:02:15 - INFO - epoch-112, train_mse_loss-0.0003243, train_kl_loss-0.0000000, val_mse_loss-0.0003378, val_kl_loss-0.0000000
2025-03-05 01:06:30 - INFO - epoch-113, train_mse_loss-0.0003244, train_kl_loss-0.0000000, val_mse_loss-0.0003387, val_kl_loss-0.0000000
2025-03-05 01:10:46 - INFO - epoch-114, train_mse_loss-0.0003244, train_kl_loss-0.0000000, val_mse_loss-0.0003392, val_kl_loss-0.0000000
2025-03-05 01:15:04 - INFO - epoch-115, train_mse_loss-0.0003244, train_kl_loss-0.0000000, val_mse_loss-0.0003379, val_kl_loss-0.0000000
2025-03-05 01:19:21 - INFO - epoch-116, train_mse_loss-0.0003244, train_kl_loss-0.0000000, val_mse_loss-0.0003379, val_kl_loss-0.0000000
2025-03-05 01:23:38 - INFO - epoch-117, train_mse_loss-0.0003244, train_kl_loss-0.0000000, val_mse_loss-0.0003384, val_kl_loss-0.0000000
2025-03-05 01:27:55 - INFO - epoch-118, train_mse_loss-0.0003244, train_kl_loss-0.0000000, val_mse_loss-0.0003382, val_kl_loss-0.0000000
2025-03-05 01:32:12 - INFO - epoch-119, train_mse_loss-0.0003244, train_kl_loss-0.0000000, val_mse_loss-0.0003378, val_kl_loss-0.0000000
2025-03-05 01:36:30 - INFO - epoch-120, train_mse_loss-0.0003244, train_kl_loss-0.0000000, val_mse_loss-0.0003381, val_kl_loss-0.0000000
2025-03-05 01:40:45 - INFO - epoch-121, train_mse_loss-0.0003244, train_kl_loss-0.0000000, val_mse_loss-0.0003376, val_kl_loss-0.0000000
2025-03-05 01:45:01 - INFO - epoch-122, train_mse_loss-0.0003244, train_kl_loss-0.0000000, val_mse_loss-0.0003375, val_kl_loss-0.0000000
2025-03-05 01:49:16 - INFO - epoch-123, train_mse_loss-0.0003244, train_kl_loss-0.0000000, val_mse_loss-0.0003384, val_kl_loss-0.0000000
2025-03-05 01:53:31 - INFO - epoch-124, train_mse_loss-0.0003244, train_kl_loss-0.0000000, val_mse_loss-0.0003384, val_kl_loss-0.0000000
2025-03-05 01:57:47 - INFO - epoch-125, train_mse_loss-0.0003244, train_kl_loss-0.0000000, val_mse_loss-0.0003387, val_kl_loss-0.0000000
2025-03-05 02:02:06 - INFO - epoch-126, train_mse_loss-0.0003244, train_kl_loss-0.0000000, val_mse_loss-0.0003380, val_kl_loss-0.0000000
2025-03-05 02:06:22 - INFO - epoch-127, train_mse_loss-0.0003244, train_kl_loss-0.0000000, val_mse_loss-0.0003383, val_kl_loss-0.0000000
2025-03-05 02:10:37 - INFO - epoch-128, train_mse_loss-0.0003244, train_kl_loss-0.0000000, val_mse_loss-0.0003382, val_kl_loss-0.0000000
2025-03-05 02:14:52 - INFO - epoch-129, train_mse_loss-0.0003244, train_kl_loss-0.0000000, val_mse_loss-0.0003383, val_kl_loss-0.0000000
2025-03-05 02:19:07 - INFO - epoch-130, train_mse_loss-0.0003244, train_kl_loss-0.0000000, val_mse_loss-0.0003382, val_kl_loss-0.0000000
2025-03-05 02:23:22 - INFO - epoch-131, train_mse_loss-0.0003244, train_kl_loss-0.0000000, val_mse_loss-0.0003385, val_kl_loss-0.0000000
2025-03-05 02:27:37 - INFO - epoch-132, train_mse_loss-0.0003244, train_kl_loss-0.0000000, val_mse_loss-0.0003380, val_kl_loss-0.0000000
2025-03-05 02:31:54 - INFO - epoch-133, train_mse_loss-0.0003244, train_kl_loss-0.0000000, val_mse_loss-0.0003384, val_kl_loss-0.0000000
2025-03-05 02:36:10 - INFO - epoch-134, train_mse_loss-0.0003244, train_kl_loss-0.0000000, val_mse_loss-0.0003379, val_kl_loss-0.0000000
2025-03-05 02:40:25 - INFO - epoch-135, train_mse_loss-0.0003244, train_kl_loss-0.0000000, val_mse_loss-0.0003389, val_kl_loss-0.0000000
2025-03-05 02:44:40 - INFO - epoch-136, train_mse_loss-0.0003244, train_kl_loss-0.0000000, val_mse_loss-0.0003387, val_kl_loss-0.0000000
2025-03-05 02:48:55 - INFO - epoch-137, train_mse_loss-0.0003244, train_kl_loss-0.0000000, val_mse_loss-0.0003388, val_kl_loss-0.0000000
2025-03-05 02:53:12 - INFO - epoch-138, train_mse_loss-0.0003244, train_kl_loss-0.0000000, val_mse_loss-0.0003382, val_kl_loss-0.0000000
2025-03-05 02:57:28 - INFO - epoch-139, train_mse_loss-0.0003244, train_kl_loss-0.0000000, val_mse_loss-0.0003388, val_kl_loss-0.0000000
2025-03-05 03:01:43 - INFO - epoch-140, train_mse_loss-0.0003244, train_kl_loss-0.0000000, val_mse_loss-0.0003389, val_kl_loss-0.0000000
2025-03-05 03:06:02 - INFO - epoch-141, train_mse_loss-0.0003244, train_kl_loss-0.0000000, val_mse_loss-0.0003386, val_kl_loss-0.0000000
2025-03-05 03:10:22 - INFO - epoch-142, train_mse_loss-0.0003244, train_kl_loss-0.0000000, val_mse_loss-0.0003380, val_kl_loss-0.0000000
2025-03-05 03:14:37 - INFO - epoch-143, train_mse_loss-0.0003244, train_kl_loss-0.0000000, val_mse_loss-0.0003390, val_kl_loss-0.0000000
2025-03-05 03:18:53 - INFO - epoch-144, train_mse_loss-0.0003244, train_kl_loss-0.0000000, val_mse_loss-0.0003379, val_kl_loss-0.0000000
2025-03-05 03:23:08 - INFO - epoch-145, train_mse_loss-0.0003244, train_kl_loss-0.0000000, val_mse_loss-0.0003385, val_kl_loss-0.0000000
2025-03-05 03:27:24 - INFO - epoch-146, train_mse_loss-0.0003244, train_kl_loss-0.0000000, val_mse_loss-0.0003388, val_kl_loss-0.0000000
2025-03-05 03:31:39 - INFO - epoch-147, train_mse_loss-0.0003244, train_kl_loss-0.0000000, val_mse_loss-0.0003410, val_kl_loss-0.0000000
2025-03-05 03:35:55 - INFO - epoch-148, train_mse_loss-0.0003244, train_kl_loss-0.0000000, val_mse_loss-0.0003401, val_kl_loss-0.0000000
2025-03-05 03:40:11 - INFO - epoch-149, train_mse_loss-0.0003244, train_kl_loss-0.0000000, val_mse_loss-0.0003401, val_kl_loss-0.0000000
2025-03-05 03:44:27 - INFO - epoch-150, train_mse_loss-0.0003244, train_kl_loss-0.0000000, val_mse_loss-0.0003398, val_kl_loss-0.0000000
2025-03-05 03:48:41 - INFO - epoch-151, train_mse_loss-0.0003244, train_kl_loss-0.0000000, val_mse_loss-0.0003395, val_kl_loss-0.0000000
2025-03-05 03:52:57 - INFO - epoch-152, train_mse_loss-0.0003244, train_kl_loss-0.0000000, val_mse_loss-0.0003393, val_kl_loss-0.0000000
2025-03-05 03:57:13 - INFO - epoch-153, train_mse_loss-0.0003244, train_kl_loss-0.0000000, val_mse_loss-0.0003409, val_kl_loss-0.0000000
2025-03-05 04:01:29 - INFO - epoch-154, train_mse_loss-0.0003244, train_kl_loss-0.0000000, val_mse_loss-0.0003401, val_kl_loss-0.0000000
2025-03-05 04:05:44 - INFO - epoch-155, train_mse_loss-0.0003244, train_kl_loss-0.0000000, val_mse_loss-0.0003396, val_kl_loss-0.0000000
2025-03-05 04:10:00 - INFO - epoch-156, train_mse_loss-0.0003244, train_kl_loss-0.0000000, val_mse_loss-0.0003403, val_kl_loss-0.0000000
2025-03-05 04:14:17 - INFO - epoch-157, train_mse_loss-0.0003244, train_kl_loss-0.0000000, val_mse_loss-0.0003403, val_kl_loss-0.0000000
2025-03-05 04:18:37 - INFO - epoch-158, train_mse_loss-0.0003244, train_kl_loss-0.0000000, val_mse_loss-0.0003404, val_kl_loss-0.0000000
2025-03-05 04:22:52 - INFO - epoch-159, train_mse_loss-0.0003244, train_kl_loss-0.0000000, val_mse_loss-0.0003415, val_kl_loss-0.0000000
2025-03-05 04:27:09 - INFO - epoch-160, train_mse_loss-0.0003244, train_kl_loss-0.0000000, val_mse_loss-0.0003396, val_kl_loss-0.0000000
2025-03-05 04:31:26 - INFO - epoch-161, train_mse_loss-0.0003244, train_kl_loss-0.0000000, val_mse_loss-0.0003392, val_kl_loss-0.0000000
2025-03-05 04:35:41 - INFO - epoch-162, train_mse_loss-0.0003244, train_kl_loss-0.0000000, val_mse_loss-0.0003384, val_kl_loss-0.0000000
2025-03-05 04:39:58 - INFO - epoch-163, train_mse_loss-0.0003244, train_kl_loss-0.0000000, val_mse_loss-0.0003397, val_kl_loss-0.0000000
2025-03-05 04:44:14 - INFO - epoch-164, train_mse_loss-0.0003244, train_kl_loss-0.0000000, val_mse_loss-0.0003406, val_kl_loss-0.0000000
2025-03-05 04:48:29 - INFO - epoch-165, train_mse_loss-0.0003244, train_kl_loss-0.0000000, val_mse_loss-0.0003398, val_kl_loss-0.0000000
2025-03-05 04:52:44 - INFO - epoch-166, train_mse_loss-0.0003244, train_kl_loss-0.0000000, val_mse_loss-0.0003403, val_kl_loss-0.0000000
2025-03-05 04:57:00 - INFO - epoch-167, train_mse_loss-0.0003244, train_kl_loss-0.0000000, val_mse_loss-0.0003392, val_kl_loss-0.0000000
2025-03-05 05:01:16 - INFO - epoch-168, train_mse_loss-0.0003244, train_kl_loss-0.0000000, val_mse_loss-0.0003404, val_kl_loss-0.0000000
2025-03-05 05:05:32 - INFO - epoch-169, train_mse_loss-0.0003244, train_kl_loss-0.0000000, val_mse_loss-0.0003392, val_kl_loss-0.0000000
2025-03-05 05:09:47 - INFO - epoch-170, train_mse_loss-0.0003244, train_kl_loss-0.0000000, val_mse_loss-0.0003390, val_kl_loss-0.0000000
2025-03-05 05:14:03 - INFO - epoch-171, train_mse_loss-0.0003244, train_kl_loss-0.0000000, val_mse_loss-0.0003408, val_kl_loss-0.0000000
2025-03-05 05:18:21 - INFO - epoch-172, train_mse_loss-0.0003244, train_kl_loss-0.0000000, val_mse_loss-0.0003406, val_kl_loss-0.0000000
2025-03-05 05:22:38 - INFO - epoch-173, train_mse_loss-0.0003244, train_kl_loss-0.0000000, val_mse_loss-0.0003398, val_kl_loss-0.0000000
2025-03-05 05:26:56 - INFO - epoch-174, train_mse_loss-0.0003244, train_kl_loss-0.0000000, val_mse_loss-0.0003406, val_kl_loss-0.0000000
2025-03-05 05:31:12 - INFO - epoch-175, train_mse_loss-0.0003244, train_kl_loss-0.0000000, val_mse_loss-0.0003396, val_kl_loss-0.0000000
2025-03-05 05:35:29 - INFO - epoch-176, train_mse_loss-0.0003244, train_kl_loss-0.0000000, val_mse_loss-0.0003395, val_kl_loss-0.0000000
2025-03-05 05:39:45 - INFO - epoch-177, train_mse_loss-0.0003244, train_kl_loss-0.0000000, val_mse_loss-0.0003393, val_kl_loss-0.0000000
2025-03-05 05:44:00 - INFO - epoch-178, train_mse_loss-0.0003244, train_kl_loss-0.0000000, val_mse_loss-0.0003401, val_kl_loss-0.0000000
2025-03-05 05:48:16 - INFO - epoch-179, train_mse_loss-0.0003244, train_kl_loss-0.0000000, val_mse_loss-0.0003407, val_kl_loss-0.0000000
2025-03-05 05:52:32 - INFO - epoch-180, train_mse_loss-0.0003244, train_kl_loss-0.0000000, val_mse_loss-0.0003388, val_kl_loss-0.0000000
2025-03-05 05:56:48 - INFO - epoch-181, train_mse_loss-0.0003244, train_kl_loss-0.0000000, val_mse_loss-0.0003398, val_kl_loss-0.0000000
2025-03-05 06:01:03 - INFO - epoch-182, train_mse_loss-0.0003244, train_kl_loss-0.0000000, val_mse_loss-0.0003384, val_kl_loss-0.0000000
2025-03-05 06:05:19 - INFO - epoch-183, train_mse_loss-0.0003244, train_kl_loss-0.0000000, val_mse_loss-0.0003410, val_kl_loss-0.0000000
2025-03-05 06:09:34 - INFO - epoch-184, train_mse_loss-0.0003244, train_kl_loss-0.0000000, val_mse_loss-0.0003371, val_kl_loss-0.0000000
2025-03-05 06:13:50 - INFO - epoch-185, train_mse_loss-0.0003244, train_kl_loss-0.0000000, val_mse_loss-0.0003399, val_kl_loss-0.0000000
2025-03-05 06:18:07 - INFO - epoch-186, train_mse_loss-0.0003244, train_kl_loss-0.0000000, val_mse_loss-0.0003391, val_kl_loss-0.0000000
2025-03-05 06:22:24 - INFO - epoch-187, train_mse_loss-0.0003244, train_kl_loss-0.0000000, val_mse_loss-0.0003398, val_kl_loss-0.0000000
2025-03-05 06:26:40 - INFO - epoch-188, train_mse_loss-0.0003244, train_kl_loss-0.0000000, val_mse_loss-0.0003401, val_kl_loss-0.0000000
2025-03-05 06:30:56 - INFO - epoch-189, train_mse_loss-0.0003244, train_kl_loss-0.0000000, val_mse_loss-0.0003398, val_kl_loss-0.0000000
2025-03-05 06:35:14 - INFO - epoch-190, train_mse_loss-0.0003244, train_kl_loss-0.0000000, val_mse_loss-0.0003394, val_kl_loss-0.0000000
2025-03-05 06:39:29 - INFO - epoch-191, train_mse_loss-0.0003244, train_kl_loss-0.0000000, val_mse_loss-0.0003386, val_kl_loss-0.0000000
2025-03-05 06:43:45 - INFO - epoch-192, train_mse_loss-0.0003244, train_kl_loss-0.0000000, val_mse_loss-0.0003394, val_kl_loss-0.0000000
2025-03-05 06:48:02 - INFO - epoch-193, train_mse_loss-0.0003244, train_kl_loss-0.0000000, val_mse_loss-0.0003401, val_kl_loss-0.0000000
2025-03-05 06:52:18 - INFO - epoch-194, train_mse_loss-0.0003244, train_kl_loss-0.0000000, val_mse_loss-0.0003401, val_kl_loss-0.0000000
2025-03-05 06:56:33 - INFO - epoch-195, train_mse_loss-0.0003244, train_kl_loss-0.0000000, val_mse_loss-0.0003407, val_kl_loss-0.0000000
2025-03-05 07:00:49 - INFO - epoch-196, train_mse_loss-0.0003244, train_kl_loss-0.0000000, val_mse_loss-0.0003410, val_kl_loss-0.0000000
2025-03-05 07:05:05 - INFO - epoch-197, train_mse_loss-0.0003244, train_kl_loss-0.0000000, val_mse_loss-0.0003399, val_kl_loss-0.0000000
2025-03-05 07:09:20 - INFO - epoch-198, train_mse_loss-0.0003244, train_kl_loss-0.0000000, val_mse_loss-0.0003401, val_kl_loss-0.0000000
2025-03-05 07:13:36 - INFO - epoch-199, train_mse_loss-0.0003244, train_kl_loss-0.0000000, val_mse_loss-0.0003397, val_kl_loss-0.0000000
2025-03-05 07:17:52 - INFO - epoch-200, train_mse_loss-0.0003244, train_kl_loss-0.0000000, val_mse_loss-0.0003396, val_kl_loss-0.0000000
2025-03-05 07:22:07 - INFO - epoch-201, train_mse_loss-0.0003244, train_kl_loss-0.0000000, val_mse_loss-0.0003392, val_kl_loss-0.0000000
2025-03-05 07:26:23 - INFO - epoch-202, train_mse_loss-0.0003244, train_kl_loss-0.0000000, val_mse_loss-0.0003403, val_kl_loss-0.0000000
2025-03-05 07:30:39 - INFO - epoch-203, train_mse_loss-0.0003244, train_kl_loss-0.0000000, val_mse_loss-0.0003400, val_kl_loss-0.0000000
2025-03-05 07:34:55 - INFO - epoch-204, train_mse_loss-0.0003244, train_kl_loss-0.0000000, val_mse_loss-0.0003397, val_kl_loss-0.0000000
2025-03-05 07:39:13 - INFO - epoch-205, train_mse_loss-0.0003244, train_kl_loss-0.0000000, val_mse_loss-0.0003387, val_kl_loss-0.0000000
2025-03-05 07:43:31 - INFO - epoch-206, train_mse_loss-0.0003244, train_kl_loss-0.0000000, val_mse_loss-0.0003396, val_kl_loss-0.0000000
2025-03-05 07:47:45 - INFO - epoch-207, train_mse_loss-0.0003244, train_kl_loss-0.0000000, val_mse_loss-0.0003400, val_kl_loss-0.0000000
2025-03-05 07:52:00 - INFO - epoch-208, train_mse_loss-0.0003244, train_kl_loss-0.0000000, val_mse_loss-0.0003414, val_kl_loss-0.0000000
2025-03-05 07:56:16 - INFO - epoch-209, train_mse_loss-0.0003244, train_kl_loss-0.0000000, val_mse_loss-0.0003403, val_kl_loss-0.0000000
2025-03-05 08:00:32 - INFO - epoch-210, train_mse_loss-0.0003244, train_kl_loss-0.0000000, val_mse_loss-0.0003394, val_kl_loss-0.0000000
2025-03-05 08:04:47 - INFO - epoch-211, train_mse_loss-0.0003244, train_kl_loss-0.0000000, val_mse_loss-0.0003402, val_kl_loss-0.0000000
2025-03-05 08:09:03 - INFO - epoch-212, train_mse_loss-0.0003244, train_kl_loss-0.0000000, val_mse_loss-0.0003402, val_kl_loss-0.0000000
2025-03-05 08:13:18 - INFO - epoch-213, train_mse_loss-0.0003244, train_kl_loss-0.0000000, val_mse_loss-0.0003405, val_kl_loss-0.0000000
2025-03-05 08:17:34 - INFO - epoch-214, train_mse_loss-0.0003244, train_kl_loss-0.0000000, val_mse_loss-0.0003401, val_kl_loss-0.0000000
2025-03-05 08:21:49 - INFO - epoch-215, train_mse_loss-0.0003244, train_kl_loss-0.0000000, val_mse_loss-0.0003403, val_kl_loss-0.0000000
2025-03-05 08:26:10 - INFO - epoch-216, train_mse_loss-0.0003244, train_kl_loss-0.0000000, val_mse_loss-0.0003403, val_kl_loss-0.0000000
2025-03-05 08:30:27 - INFO - epoch-217, train_mse_loss-0.0003244, train_kl_loss-0.0000000, val_mse_loss-0.0003395, val_kl_loss-0.0000000
2025-03-05 08:34:44 - INFO - epoch-218, train_mse_loss-0.0003244, train_kl_loss-0.0000000, val_mse_loss-0.0003398, val_kl_loss-0.0000000
2025-03-05 08:39:01 - INFO - epoch-219, train_mse_loss-0.0003244, train_kl_loss-0.0000000, val_mse_loss-0.0003403, val_kl_loss-0.0000000
2025-03-05 08:43:17 - INFO - epoch-220, train_mse_loss-0.0003244, train_kl_loss-0.0000000, val_mse_loss-0.0003408, val_kl_loss-0.0000000
2025-03-05 08:47:38 - INFO - epoch-221, train_mse_loss-0.0003244, train_kl_loss-0.0000000, val_mse_loss-0.0003392, val_kl_loss-0.0000000
2025-03-05 08:52:06 - INFO - epoch-222, train_mse_loss-0.0003244, train_kl_loss-0.0000000, val_mse_loss-0.0003403, val_kl_loss-0.0000000
2025-03-05 08:56:28 - INFO - epoch-223, train_mse_loss-0.0003244, train_kl_loss-0.0000000, val_mse_loss-0.0003404, val_kl_loss-0.0000000
2025-03-05 09:00:48 - INFO - epoch-224, train_mse_loss-0.0003244, train_kl_loss-0.0000000, val_mse_loss-0.0003434, val_kl_loss-0.0000000
2025-03-05 09:05:09 - INFO - epoch-225, train_mse_loss-0.0003244, train_kl_loss-0.0000000, val_mse_loss-0.0003400, val_kl_loss-0.0000000
2025-03-05 09:09:29 - INFO - epoch-226, train_mse_loss-0.0003244, train_kl_loss-0.0000000, val_mse_loss-0.0003408, val_kl_loss-0.0000000
2025-03-05 09:13:48 - INFO - epoch-227, train_mse_loss-0.0003244, train_kl_loss-0.0000000, val_mse_loss-0.0003408, val_kl_loss-0.0000000
2025-03-05 09:18:11 - INFO - epoch-228, train_mse_loss-0.0003244, train_kl_loss-0.0000000, val_mse_loss-0.0003404, val_kl_loss-0.0000000
2025-03-05 09:22:34 - INFO - epoch-229, train_mse_loss-0.0003244, train_kl_loss-0.0000000, val_mse_loss-0.0003407, val_kl_loss-0.0000000
2025-03-05 09:26:54 - INFO - epoch-230, train_mse_loss-0.0003244, train_kl_loss-0.0000000, val_mse_loss-0.0003420, val_kl_loss-0.0000000
2025-03-05 09:31:16 - INFO - epoch-231, train_mse_loss-0.0003244, train_kl_loss-0.0000000, val_mse_loss-0.0003404, val_kl_loss-0.0000000
2025-03-05 09:35:46 - INFO - epoch-232, train_mse_loss-0.0003244, train_kl_loss-0.0000000, val_mse_loss-0.0003404, val_kl_loss-0.0000000
2025-03-05 09:40:06 - INFO - epoch-233, train_mse_loss-0.0003244, train_kl_loss-0.0000000, val_mse_loss-0.0003398, val_kl_loss-0.0000000
2025-03-05 09:44:24 - INFO - epoch-234, train_mse_loss-0.0003244, train_kl_loss-0.0000000, val_mse_loss-0.0003409, val_kl_loss-0.0000000
2025-03-05 09:48:41 - INFO - epoch-235, train_mse_loss-0.0003244, train_kl_loss-0.0000000, val_mse_loss-0.0003413, val_kl_loss-0.0000000
2025-03-05 09:53:02 - INFO - epoch-236, train_mse_loss-0.0003244, train_kl_loss-0.0000000, val_mse_loss-0.0003403, val_kl_loss-0.0000000
2025-03-05 09:57:24 - INFO - epoch-237, train_mse_loss-0.0003244, train_kl_loss-0.0000000, val_mse_loss-0.0003389, val_kl_loss-0.0000000
2025-03-05 10:01:42 - INFO - epoch-238, train_mse_loss-0.0003244, train_kl_loss-0.0000000, val_mse_loss-0.0003407, val_kl_loss-0.0000000
2025-03-05 10:05:58 - INFO - epoch-239, train_mse_loss-0.0003244, train_kl_loss-0.0000000, val_mse_loss-0.0003409, val_kl_loss-0.0000000
2025-03-05 10:10:16 - INFO - epoch-240, train_mse_loss-0.0003244, train_kl_loss-0.0000000, val_mse_loss-0.0003418, val_kl_loss-0.0000000
2025-03-05 10:14:37 - INFO - epoch-241, train_mse_loss-0.0003244, train_kl_loss-0.0000000, val_mse_loss-0.0003407, val_kl_loss-0.0000000
2025-03-05 10:18:54 - INFO - epoch-242, train_mse_loss-0.0003244, train_kl_loss-0.0000000, val_mse_loss-0.0003419, val_kl_loss-0.0000000
2025-03-05 10:23:12 - INFO - epoch-243, train_mse_loss-0.0003244, train_kl_loss-0.0000000, val_mse_loss-0.0003416, val_kl_loss-0.0000000
2025-03-05 10:27:30 - INFO - epoch-244, train_mse_loss-0.0003244, train_kl_loss-0.0000000, val_mse_loss-0.0003419, val_kl_loss-0.0000000
2025-03-05 10:31:49 - INFO - epoch-245, train_mse_loss-0.0003244, train_kl_loss-0.0000000, val_mse_loss-0.0003405, val_kl_loss-0.0000000
2025-03-05 10:36:10 - INFO - epoch-246, train_mse_loss-0.0003244, train_kl_loss-0.0000000, val_mse_loss-0.0003398, val_kl_loss-0.0000000
2025-03-05 10:40:31 - INFO - epoch-247, train_mse_loss-0.0003244, train_kl_loss-0.0000000, val_mse_loss-0.0003412, val_kl_loss-0.0000000
2025-03-05 10:44:49 - INFO - epoch-248, train_mse_loss-0.0003245, train_kl_loss-0.0000000, val_mse_loss-0.0003416, val_kl_loss-0.0000000
2025-03-05 10:49:07 - INFO - epoch-249, train_mse_loss-0.0003244, train_kl_loss-0.0000000, val_mse_loss-0.0003411, val_kl_loss-0.0000000
2025-03-05 10:53:25 - INFO - epoch-250, train_mse_loss-0.0003244, train_kl_loss-0.0000000, val_mse_loss-0.0003393, val_kl_loss-0.0000000
2025-03-05 10:57:45 - INFO - epoch-251, train_mse_loss-0.0003244, train_kl_loss-0.0000000, val_mse_loss-0.0003396, val_kl_loss-0.0000000
2025-03-05 11:02:05 - INFO - epoch-252, train_mse_loss-0.0003245, train_kl_loss-0.0000000, val_mse_loss-0.0003395, val_kl_loss-0.0000000
2025-03-05 11:06:29 - INFO - epoch-253, train_mse_loss-0.0003244, train_kl_loss-0.0000000, val_mse_loss-0.0003399, val_kl_loss-0.0000000
2025-03-05 11:10:46 - INFO - epoch-254, train_mse_loss-0.0003244, train_kl_loss-0.0000000, val_mse_loss-0.0003408, val_kl_loss-0.0000000
2025-03-05 11:15:04 - INFO - epoch-255, train_mse_loss-0.0003244, train_kl_loss-0.0000000, val_mse_loss-0.0003404, val_kl_loss-0.0000000
2025-03-05 11:19:22 - INFO - epoch-256, train_mse_loss-0.0003245, train_kl_loss-0.0000000, val_mse_loss-0.0003410, val_kl_loss-0.0000000
2025-03-05 11:23:41 - INFO - epoch-257, train_mse_loss-0.0003244, train_kl_loss-0.0000000, val_mse_loss-0.0003400, val_kl_loss-0.0000000
2025-03-05 11:28:01 - INFO - epoch-258, train_mse_loss-0.0003245, train_kl_loss-0.0000000, val_mse_loss-0.0003410, val_kl_loss-0.0000000
2025-03-05 11:32:26 - INFO - epoch-259, train_mse_loss-0.0003244, train_kl_loss-0.0000000, val_mse_loss-0.0003408, val_kl_loss-0.0000000
2025-03-05 11:36:45 - INFO - epoch-260, train_mse_loss-0.0003245, train_kl_loss-0.0000000, val_mse_loss-0.0003409, val_kl_loss-0.0000000
2025-03-05 11:41:02 - INFO - epoch-261, train_mse_loss-0.0003245, train_kl_loss-0.0000000, val_mse_loss-0.0003395, val_kl_loss-0.0000000
2025-03-05 11:45:19 - INFO - epoch-262, train_mse_loss-0.0003244, train_kl_loss-0.0000000, val_mse_loss-0.0003406, val_kl_loss-0.0000000
2025-03-05 11:49:39 - INFO - epoch-263, train_mse_loss-0.0003245, train_kl_loss-0.0000000, val_mse_loss-0.0003417, val_kl_loss-0.0000000
2025-03-05 11:53:58 - INFO - epoch-264, train_mse_loss-0.0003244, train_kl_loss-0.0000000, val_mse_loss-0.0003405, val_kl_loss-0.0000000
2025-03-05 11:58:16 - INFO - epoch-265, train_mse_loss-0.0003244, train_kl_loss-0.0000000, val_mse_loss-0.0003409, val_kl_loss-0.0000000
2025-03-05 12:02:36 - INFO - epoch-266, train_mse_loss-0.0003244, train_kl_loss-0.0000000, val_mse_loss-0.0003415, val_kl_loss-0.0000000
2025-03-05 12:06:53 - INFO - epoch-267, train_mse_loss-0.0003244, train_kl_loss-0.0000000, val_mse_loss-0.0003408, val_kl_loss-0.0000000
2025-03-05 12:11:12 - INFO - epoch-268, train_mse_loss-0.0003245, train_kl_loss-0.0000000, val_mse_loss-0.0003400, val_kl_loss-0.0000000
2025-03-05 12:15:32 - INFO - epoch-269, train_mse_loss-0.0003244, train_kl_loss-0.0000000, val_mse_loss-0.0003415, val_kl_loss-0.0000000
2025-03-05 12:19:47 - INFO - epoch-270, train_mse_loss-0.0003245, train_kl_loss-0.0000000, val_mse_loss-0.0003396, val_kl_loss-0.0000000
2025-03-05 12:24:04 - INFO - epoch-271, train_mse_loss-0.0003245, train_kl_loss-0.0000000, val_mse_loss-0.0003397, val_kl_loss-0.0000000
2025-03-05 12:28:20 - INFO - epoch-272, train_mse_loss-0.0003245, train_kl_loss-0.0000000, val_mse_loss-0.0003396, val_kl_loss-0.0000000
2025-03-05 12:32:37 - INFO - epoch-273, train_mse_loss-0.0003244, train_kl_loss-0.0000000, val_mse_loss-0.0003406, val_kl_loss-0.0000000
2025-03-05 12:36:54 - INFO - epoch-274, train_mse_loss-0.0003245, train_kl_loss-0.0000000, val_mse_loss-0.0003390, val_kl_loss-0.0000000
2025-03-05 12:41:10 - INFO - epoch-275, train_mse_loss-0.0003245, train_kl_loss-0.0000000, val_mse_loss-0.0003416, val_kl_loss-0.0000000
2025-03-05 12:45:25 - INFO - epoch-276, train_mse_loss-0.0003244, train_kl_loss-0.0000000, val_mse_loss-0.0003405, val_kl_loss-0.0000000
2025-03-05 12:49:41 - INFO - epoch-277, train_mse_loss-0.0003245, train_kl_loss-0.0000000, val_mse_loss-0.0003409, val_kl_loss-0.0000000
2025-03-05 12:53:57 - INFO - epoch-278, train_mse_loss-0.0003245, train_kl_loss-0.0000000, val_mse_loss-0.0003403, val_kl_loss-0.0000000
2025-03-05 12:58:13 - INFO - epoch-279, train_mse_loss-0.0003244, train_kl_loss-0.0000000, val_mse_loss-0.0003405, val_kl_loss-0.0000000
2025-03-05 13:02:31 - INFO - epoch-280, train_mse_loss-0.0003244, train_kl_loss-0.0000000, val_mse_loss-0.0003406, val_kl_loss-0.0000000
2025-03-05 13:06:52 - INFO - epoch-281, train_mse_loss-0.0003245, train_kl_loss-0.0000000, val_mse_loss-0.0003412, val_kl_loss-0.0000000
2025-03-05 13:11:15 - INFO - epoch-282, train_mse_loss-0.0003244, train_kl_loss-0.0000000, val_mse_loss-0.0003420, val_kl_loss-0.0000000
2025-03-05 13:15:32 - INFO - epoch-283, train_mse_loss-0.0003245, train_kl_loss-0.0000000, val_mse_loss-0.0003419, val_kl_loss-0.0000000
2025-03-05 13:19:51 - INFO - epoch-284, train_mse_loss-0.0003244, train_kl_loss-0.0000000, val_mse_loss-0.0003427, val_kl_loss-0.0000000
2025-03-05 13:24:09 - INFO - epoch-285, train_mse_loss-0.0003245, train_kl_loss-0.0000000, val_mse_loss-0.0003408, val_kl_loss-0.0000000
2025-03-05 13:28:29 - INFO - epoch-286, train_mse_loss-0.0003244, train_kl_loss-0.0000000, val_mse_loss-0.0003407, val_kl_loss-0.0000000
2025-03-05 13:32:46 - INFO - epoch-287, train_mse_loss-0.0003245, train_kl_loss-0.0000000, val_mse_loss-0.0003402, val_kl_loss-0.0000000
2025-03-05 13:37:01 - INFO - epoch-288, train_mse_loss-0.0003245, train_kl_loss-0.0000000, val_mse_loss-0.0003430, val_kl_loss-0.0000000
2025-03-05 13:41:18 - INFO - epoch-289, train_mse_loss-0.0003244, train_kl_loss-0.0000000, val_mse_loss-0.0003402, val_kl_loss-0.0000000
2025-03-05 13:45:35 - INFO - epoch-290, train_mse_loss-0.0003245, train_kl_loss-0.0000000, val_mse_loss-0.0003424, val_kl_loss-0.0000000
2025-03-05 13:49:51 - INFO - epoch-291, train_mse_loss-0.0003245, train_kl_loss-0.0000000, val_mse_loss-0.0003427, val_kl_loss-0.0000000
2025-03-05 13:54:09 - INFO - epoch-292, train_mse_loss-0.0003245, train_kl_loss-0.0000000, val_mse_loss-0.0003410, val_kl_loss-0.0000000
2025-03-05 13:58:24 - INFO - epoch-293, train_mse_loss-0.0003245, train_kl_loss-0.0000000, val_mse_loss-0.0003409, val_kl_loss-0.0000000
2025-03-05 14:02:39 - INFO - epoch-294, train_mse_loss-0.0003244, train_kl_loss-0.0000000, val_mse_loss-0.0003404, val_kl_loss-0.0000000
2025-03-05 14:07:03 - INFO - epoch-295, train_mse_loss-0.0003245, train_kl_loss-0.0000000, val_mse_loss-0.0003416, val_kl_loss-0.0000000
2025-03-05 14:11:20 - INFO - epoch-296, train_mse_loss-0.0003244, train_kl_loss-0.0000000, val_mse_loss-0.0003419, val_kl_loss-0.0000000
2025-03-05 14:15:37 - INFO - epoch-297, train_mse_loss-0.0003245, train_kl_loss-0.0000000, val_mse_loss-0.0003414, val_kl_loss-0.0000000
2025-03-05 14:19:53 - INFO - epoch-298, train_mse_loss-0.0003244, train_kl_loss-0.0000000, val_mse_loss-0.0003421, val_kl_loss-0.0000000
2025-03-05 14:24:10 - INFO - epoch-299, train_mse_loss-0.0003245, train_kl_loss-0.0000000, val_mse_loss-0.0003420, val_kl_loss-0.0000000
2025-03-05 14:28:27 - INFO - epoch-300, train_mse_loss-0.0003244, train_kl_loss-0.0000000, val_mse_loss-0.0003422, val_kl_loss-0.0000000
2025-03-05 14:32:47 - INFO - epoch-301, train_mse_loss-0.0003245, train_kl_loss-0.0000000, val_mse_loss-0.0003428, val_kl_loss-0.0000000
2025-03-05 14:37:04 - INFO - epoch-302, train_mse_loss-0.0003244, train_kl_loss-0.0000000, val_mse_loss-0.0003412, val_kl_loss-0.0000000
2025-03-05 14:41:22 - INFO - epoch-303, train_mse_loss-0.0003245, train_kl_loss-0.0000000, val_mse_loss-0.0003408, val_kl_loss-0.0000000
2025-03-05 14:45:49 - INFO - epoch-304, train_mse_loss-0.0003244, train_kl_loss-0.0000000, val_mse_loss-0.0003416, val_kl_loss-0.0000000
2025-03-05 14:50:06 - INFO - epoch-305, train_mse_loss-0.0003245, train_kl_loss-0.0000000, val_mse_loss-0.0003402, val_kl_loss-0.0000000
2025-03-05 14:55:57 - INFO - epoch-306, train_mse_loss-0.0003244, train_kl_loss-0.0000000, val_mse_loss-0.0003405, val_kl_loss-0.0000000
2025-03-05 15:01:20 - INFO - epoch-307, train_mse_loss-0.0003245, train_kl_loss-0.0000000, val_mse_loss-0.0003400, val_kl_loss-0.0000000
2025-03-05 15:05:43 - INFO - epoch-308, train_mse_loss-0.0003244, train_kl_loss-0.0000000, val_mse_loss-0.0003404, val_kl_loss-0.0000000
2025-03-05 15:10:07 - INFO - epoch-309, train_mse_loss-0.0003245, train_kl_loss-0.0000000, val_mse_loss-0.0003417, val_kl_loss-0.0000000
2025-03-05 15:14:28 - INFO - epoch-310, train_mse_loss-0.0003244, train_kl_loss-0.0000000, val_mse_loss-0.0003418, val_kl_loss-0.0000000
2025-03-05 15:20:23 - INFO - epoch-311, train_mse_loss-0.0003244, train_kl_loss-0.0000000, val_mse_loss-0.0003419, val_kl_loss-0.0000000
2025-03-05 15:29:24 - INFO - epoch-312, train_mse_loss-0.0003245, train_kl_loss-0.0000000, val_mse_loss-0.0003433, val_kl_loss-0.0000000
2025-03-05 15:34:52 - INFO - epoch-313, train_mse_loss-0.0003245, train_kl_loss-0.0000000, val_mse_loss-0.0003408, val_kl_loss-0.0000000
2025-03-05 15:41:16 - INFO - epoch-314, train_mse_loss-0.0003244, train_kl_loss-0.0000000, val_mse_loss-0.0003413, val_kl_loss-0.0000000
2025-03-05 15:48:14 - INFO - epoch-315, train_mse_loss-0.0003245, train_kl_loss-0.0000000, val_mse_loss-0.0003416, val_kl_loss-0.0000000
2025-03-05 15:53:12 - INFO - epoch-316, train_mse_loss-0.0003245, train_kl_loss-0.0000000, val_mse_loss-0.0003406, val_kl_loss-0.0000000
2025-03-05 15:57:44 - INFO - epoch-317, train_mse_loss-0.0003245, train_kl_loss-0.0000000, val_mse_loss-0.0003417, val_kl_loss-0.0000000
2025-03-05 16:05:14 - INFO - epoch-318, train_mse_loss-0.0003245, train_kl_loss-0.0000000, val_mse_loss-0.0003421, val_kl_loss-0.0000000
2025-03-05 16:12:12 - INFO - epoch-319, train_mse_loss-0.0003245, train_kl_loss-0.0000000, val_mse_loss-0.0003411, val_kl_loss-0.0000000
2025-03-05 16:17:42 - INFO - epoch-320, train_mse_loss-0.0003245, train_kl_loss-0.0000000, val_mse_loss-0.0003417, val_kl_loss-0.0000000
2025-03-05 16:22:52 - INFO - epoch-321, train_mse_loss-0.0003245, train_kl_loss-0.0000000, val_mse_loss-0.0003401, val_kl_loss-0.0000000
2025-03-05 16:28:04 - INFO - epoch-322, train_mse_loss-0.0003244, train_kl_loss-0.0000000, val_mse_loss-0.0003415, val_kl_loss-0.0000000
2025-03-05 16:33:52 - INFO - epoch-323, train_mse_loss-0.0003244, train_kl_loss-0.0000000, val_mse_loss-0.0003415, val_kl_loss-0.0000000
2025-03-05 16:39:30 - INFO - epoch-324, train_mse_loss-0.0003244, train_kl_loss-0.0000000, val_mse_loss-0.0003432, val_kl_loss-0.0000000
2025-03-05 16:44:07 - INFO - epoch-325, train_mse_loss-0.0003245, train_kl_loss-0.0000000, val_mse_loss-0.0003417, val_kl_loss-0.0000000
2025-03-05 16:48:43 - INFO - epoch-326, train_mse_loss-0.0003244, train_kl_loss-0.0000000, val_mse_loss-0.0003434, val_kl_loss-0.0000000
2025-03-05 16:53:11 - INFO - epoch-327, train_mse_loss-0.0003245, train_kl_loss-0.0000000, val_mse_loss-0.0003428, val_kl_loss-0.0000000
2025-03-05 16:57:33 - INFO - epoch-328, train_mse_loss-0.0003244, train_kl_loss-0.0000000, val_mse_loss-0.0003417, val_kl_loss-0.0000000
2025-03-05 17:01:50 - INFO - epoch-329, train_mse_loss-0.0003244, train_kl_loss-0.0000000, val_mse_loss-0.0003423, val_kl_loss-0.0000000
2025-03-05 17:06:05 - INFO - epoch-330, train_mse_loss-0.0003244, train_kl_loss-0.0000000, val_mse_loss-0.0003427, val_kl_loss-0.0000000
2025-03-05 17:10:20 - INFO - epoch-331, train_mse_loss-0.0003244, train_kl_loss-0.0000000, val_mse_loss-0.0003421, val_kl_loss-0.0000000
2025-03-05 17:14:39 - INFO - epoch-332, train_mse_loss-0.0003244, train_kl_loss-0.0000000, val_mse_loss-0.0003425, val_kl_loss-0.0000000
2025-03-05 17:18:54 - INFO - epoch-333, train_mse_loss-0.0003244, train_kl_loss-0.0000000, val_mse_loss-0.0003423, val_kl_loss-0.0000000
2025-03-05 17:23:09 - INFO - epoch-334, train_mse_loss-0.0003244, train_kl_loss-0.0000000, val_mse_loss-0.0003402, val_kl_loss-0.0000000
2025-03-05 17:27:25 - INFO - epoch-335, train_mse_loss-0.0003245, train_kl_loss-0.0000000, val_mse_loss-0.0003415, val_kl_loss-0.0000000
2025-03-05 17:31:42 - INFO - epoch-336, train_mse_loss-0.0003244, train_kl_loss-0.0000000, val_mse_loss-0.0003426, val_kl_loss-0.0000000
2025-03-05 17:36:00 - INFO - epoch-337, train_mse_loss-0.0003244, train_kl_loss-0.0000000, val_mse_loss-0.0003409, val_kl_loss-0.0000000
2025-03-05 17:40:17 - INFO - epoch-338, train_mse_loss-0.0003244, train_kl_loss-0.0000000, val_mse_loss-0.0003402, val_kl_loss-0.0000000
2025-03-05 17:44:34 - INFO - epoch-339, train_mse_loss-0.0003245, train_kl_loss-0.0000000, val_mse_loss-0.0003408, val_kl_loss-0.0000000
2025-03-05 17:48:50 - INFO - epoch-340, train_mse_loss-0.0003245, train_kl_loss-0.0000000, val_mse_loss-0.0003443, val_kl_loss-0.0000000
2025-03-05 17:53:07 - INFO - epoch-341, train_mse_loss-0.0003244, train_kl_loss-0.0000000, val_mse_loss-0.0003408, val_kl_loss-0.0000000
2025-03-05 17:57:27 - INFO - epoch-342, train_mse_loss-0.0003245, train_kl_loss-0.0000000, val_mse_loss-0.0003410, val_kl_loss-0.0000000
2025-03-05 18:01:43 - INFO - epoch-343, train_mse_loss-0.0003245, train_kl_loss-0.0000000, val_mse_loss-0.0003414, val_kl_loss-0.0000000
2025-03-05 18:05:59 - INFO - epoch-344, train_mse_loss-0.0003245, train_kl_loss-0.0000000, val_mse_loss-0.0003427, val_kl_loss-0.0000000
2025-03-05 18:10:15 - INFO - epoch-345, train_mse_loss-0.0003245, train_kl_loss-0.0000000, val_mse_loss-0.0003424, val_kl_loss-0.0000000
2025-03-05 18:14:34 - INFO - epoch-346, train_mse_loss-0.0003244, train_kl_loss-0.0000000, val_mse_loss-0.0003434, val_kl_loss-0.0000000
2025-03-05 18:18:51 - INFO - epoch-347, train_mse_loss-0.0003245, train_kl_loss-0.0000000, val_mse_loss-0.0003413, val_kl_loss-0.0000000
2025-03-05 18:23:07 - INFO - epoch-348, train_mse_loss-0.0003244, train_kl_loss-0.0000000, val_mse_loss-0.0003416, val_kl_loss-0.0000000
2025-03-05 18:27:25 - INFO - epoch-349, train_mse_loss-0.0003245, train_kl_loss-0.0000000, val_mse_loss-0.0003423, val_kl_loss-0.0000000
2025-03-05 18:31:42 - INFO - epoch-350, train_mse_loss-0.0003245, train_kl_loss-0.0000000, val_mse_loss-0.0003418, val_kl_loss-0.0000000
2025-03-05 18:35:59 - INFO - epoch-351, train_mse_loss-0.0003245, train_kl_loss-0.0000000, val_mse_loss-0.0003423, val_kl_loss-0.0000000
2025-03-05 18:40:16 - INFO - epoch-352, train_mse_loss-0.0003245, train_kl_loss-0.0000000, val_mse_loss-0.0003433, val_kl_loss-0.0000000
2025-03-05 18:44:32 - INFO - epoch-353, train_mse_loss-0.0003245, train_kl_loss-0.0000000, val_mse_loss-0.0003418, val_kl_loss-0.0000000
2025-03-05 18:48:49 - INFO - epoch-354, train_mse_loss-0.0003245, train_kl_loss-0.0000000, val_mse_loss-0.0003426, val_kl_loss-0.0000000
2025-03-05 18:53:08 - INFO - epoch-355, train_mse_loss-0.0003245, train_kl_loss-0.0000000, val_mse_loss-0.0003404, val_kl_loss-0.0000000
2025-03-05 18:57:25 - INFO - epoch-356, train_mse_loss-0.0003245, train_kl_loss-0.0000000, val_mse_loss-0.0003417, val_kl_loss-0.0000000
2025-03-05 19:01:43 - INFO - epoch-357, train_mse_loss-0.0003245, train_kl_loss-0.0000000, val_mse_loss-0.0003430, val_kl_loss-0.0000000
2025-03-05 19:06:04 - INFO - epoch-358, train_mse_loss-0.0003245, train_kl_loss-0.0000000, val_mse_loss-0.0003415, val_kl_loss-0.0000000
2025-03-05 19:10:21 - INFO - epoch-359, train_mse_loss-0.0003244, train_kl_loss-0.0000000, val_mse_loss-0.0003410, val_kl_loss-0.0000000
2025-03-05 19:14:40 - INFO - epoch-360, train_mse_loss-0.0003245, train_kl_loss-0.0000000, val_mse_loss-0.0003401, val_kl_loss-0.0000000
2025-03-05 19:18:57 - INFO - epoch-361, train_mse_loss-0.0003245, train_kl_loss-0.0000000, val_mse_loss-0.0003426, val_kl_loss-0.0000000
2025-03-05 19:23:14 - INFO - epoch-362, train_mse_loss-0.0003244, train_kl_loss-0.0000000, val_mse_loss-0.0003407, val_kl_loss-0.0000000
2025-03-05 19:27:31 - INFO - epoch-363, train_mse_loss-0.0003245, train_kl_loss-0.0000000, val_mse_loss-0.0003433, val_kl_loss-0.0000000
2025-03-05 19:31:47 - INFO - epoch-364, train_mse_loss-0.0003245, train_kl_loss-0.0000000, val_mse_loss-0.0003413, val_kl_loss-0.0000000
2025-03-05 19:36:04 - INFO - epoch-365, train_mse_loss-0.0003245, train_kl_loss-0.0000000, val_mse_loss-0.0003410, val_kl_loss-0.0000000
2025-03-05 19:40:25 - INFO - epoch-366, train_mse_loss-0.0003245, train_kl_loss-0.0000000, val_mse_loss-0.0003422, val_kl_loss-0.0000000
2025-03-05 19:44:42 - INFO - epoch-367, train_mse_loss-0.0003245, train_kl_loss-0.0000000, val_mse_loss-0.0003394, val_kl_loss-0.0000000
2025-03-05 19:48:58 - INFO - epoch-368, train_mse_loss-0.0003245, train_kl_loss-0.0000000, val_mse_loss-0.0003399, val_kl_loss-0.0000000
2025-03-05 19:53:18 - INFO - epoch-369, train_mse_loss-0.0003245, train_kl_loss-0.0000000, val_mse_loss-0.0003424, val_kl_loss-0.0000000
2025-03-05 19:57:38 - INFO - epoch-370, train_mse_loss-0.0003245, train_kl_loss-0.0000000, val_mse_loss-0.0003412, val_kl_loss-0.0000000
2025-03-05 20:01:55 - INFO - epoch-371, train_mse_loss-0.0003245, train_kl_loss-0.0000000, val_mse_loss-0.0003399, val_kl_loss-0.0000000
2025-03-05 20:06:11 - INFO - epoch-372, train_mse_loss-0.0003245, train_kl_loss-0.0000000, val_mse_loss-0.0003414, val_kl_loss-0.0000000
2025-03-05 20:10:28 - INFO - epoch-373, train_mse_loss-0.0003245, train_kl_loss-0.0000000, val_mse_loss-0.0003401, val_kl_loss-0.0000000
2025-03-05 20:14:46 - INFO - epoch-374, train_mse_loss-0.0003245, train_kl_loss-0.0000000, val_mse_loss-0.0003398, val_kl_loss-0.0000000
2025-03-05 20:19:03 - INFO - epoch-375, train_mse_loss-0.0003245, train_kl_loss-0.0000000, val_mse_loss-0.0003402, val_kl_loss-0.0000000
2025-03-05 20:23:22 - INFO - epoch-376, train_mse_loss-0.0003245, train_kl_loss-0.0000000, val_mse_loss-0.0003423, val_kl_loss-0.0000000
2025-03-05 20:27:39 - INFO - epoch-377, train_mse_loss-0.0003245, train_kl_loss-0.0000000, val_mse_loss-0.0003417, val_kl_loss-0.0000000
2025-03-05 20:31:56 - INFO - epoch-378, train_mse_loss-0.0003244, train_kl_loss-0.0000000, val_mse_loss-0.0003407, val_kl_loss-0.0000000
2025-03-05 20:36:17 - INFO - epoch-379, train_mse_loss-0.0003245, train_kl_loss-0.0000000, val_mse_loss-0.0003425, val_kl_loss-0.0000000
2025-03-05 20:40:34 - INFO - epoch-380, train_mse_loss-0.0003245, train_kl_loss-0.0000000, val_mse_loss-0.0003441, val_kl_loss-0.0000000
2025-03-05 20:44:51 - INFO - epoch-381, train_mse_loss-0.0003245, train_kl_loss-0.0000000, val_mse_loss-0.0003432, val_kl_loss-0.0000000
2025-03-05 20:49:07 - INFO - epoch-382, train_mse_loss-0.0003245, train_kl_loss-0.0000000, val_mse_loss-0.0003430, val_kl_loss-0.0000000
2025-03-05 20:53:23 - INFO - epoch-383, train_mse_loss-0.0003244, train_kl_loss-0.0000000, val_mse_loss-0.0003403, val_kl_loss-0.0000000
2025-03-05 20:57:41 - INFO - epoch-384, train_mse_loss-0.0003245, train_kl_loss-0.0000000, val_mse_loss-0.0003429, val_kl_loss-0.0000000
2025-03-05 21:01:58 - INFO - epoch-385, train_mse_loss-0.0003245, train_kl_loss-0.0000000, val_mse_loss-0.0003414, val_kl_loss-0.0000000
2025-03-05 21:06:15 - INFO - epoch-386, train_mse_loss-0.0003245, train_kl_loss-0.0000000, val_mse_loss-0.0003418, val_kl_loss-0.0000000
2025-03-05 21:10:37 - INFO - epoch-387, train_mse_loss-0.0003245, train_kl_loss-0.0000000, val_mse_loss-0.0003432, val_kl_loss-0.0000000
2025-03-05 21:14:57 - INFO - epoch-388, train_mse_loss-0.0003245, train_kl_loss-0.0000000, val_mse_loss-0.0003413, val_kl_loss-0.0000000
2025-03-05 21:19:14 - INFO - epoch-389, train_mse_loss-0.0003244, train_kl_loss-0.0000000, val_mse_loss-0.0003411, val_kl_loss-0.0000000
2025-03-05 21:23:33 - INFO - epoch-390, train_mse_loss-0.0003245, train_kl_loss-0.0000000, val_mse_loss-0.0003429, val_kl_loss-0.0000000
2025-03-05 21:27:53 - INFO - epoch-391, train_mse_loss-0.0003245, train_kl_loss-0.0000000, val_mse_loss-0.0003416, val_kl_loss-0.0000000
2025-03-05 21:32:12 - INFO - epoch-392, train_mse_loss-0.0003245, train_kl_loss-0.0000000, val_mse_loss-0.0003415, val_kl_loss-0.0000000
2025-03-05 21:36:28 - INFO - epoch-393, train_mse_loss-0.0003245, train_kl_loss-0.0000000, val_mse_loss-0.0003439, val_kl_loss-0.0000000
2025-03-05 21:40:46 - INFO - epoch-394, train_mse_loss-0.0003244, train_kl_loss-0.0000000, val_mse_loss-0.0003411, val_kl_loss-0.0000000
2025-03-05 21:45:03 - INFO - epoch-395, train_mse_loss-0.0003244, train_kl_loss-0.0000000, val_mse_loss-0.0003429, val_kl_loss-0.0000000
2025-03-05 21:49:20 - INFO - epoch-396, train_mse_loss-0.0003244, train_kl_loss-0.0000000, val_mse_loss-0.0003432, val_kl_loss-0.0000000
2025-03-05 21:53:38 - INFO - epoch-397, train_mse_loss-0.0003245, train_kl_loss-0.0000000, val_mse_loss-0.0003428, val_kl_loss-0.0000000
2025-03-05 21:57:53 - INFO - epoch-398, train_mse_loss-0.0003245, train_kl_loss-0.0000000, val_mse_loss-0.0003423, val_kl_loss-0.0000000
2025-03-05 22:02:10 - INFO - epoch-399, train_mse_loss-0.0003245, train_kl_loss-0.0000000, val_mse_loss-0.0003436, val_kl_loss-0.0000000
2025-03-05 22:06:31 - INFO - epoch-400, train_mse_loss-0.0003245, train_kl_loss-0.0000000, val_mse_loss-0.0003427, val_kl_loss-0.0000000
2025-03-05 22:10:54 - INFO - epoch-401, train_mse_loss-0.0003245, train_kl_loss-0.0000000, val_mse_loss-0.0003427, val_kl_loss-0.0000000
2025-03-05 22:15:16 - INFO - epoch-402, train_mse_loss-0.0003245, train_kl_loss-0.0000000, val_mse_loss-0.0003430, val_kl_loss-0.0000000
2025-03-05 22:19:36 - INFO - epoch-403, train_mse_loss-0.0003245, train_kl_loss-0.0000000, val_mse_loss-0.0003425, val_kl_loss-0.0000000
2025-03-05 22:23:57 - INFO - epoch-404, train_mse_loss-0.0003245, train_kl_loss-0.0000000, val_mse_loss-0.0003421, val_kl_loss-0.0000000
2025-03-05 22:28:17 - INFO - epoch-405, train_mse_loss-0.0003244, train_kl_loss-0.0000000, val_mse_loss-0.0003444, val_kl_loss-0.0000000
2025-03-05 22:32:37 - INFO - epoch-406, train_mse_loss-0.0003245, train_kl_loss-0.0000000, val_mse_loss-0.0003409, val_kl_loss-0.0000000
2025-03-05 22:36:56 - INFO - epoch-407, train_mse_loss-0.0003245, train_kl_loss-0.0000000, val_mse_loss-0.0003425, val_kl_loss-0.0000000
2025-03-05 22:41:14 - INFO - epoch-408, train_mse_loss-0.0003244, train_kl_loss-0.0000000, val_mse_loss-0.0003426, val_kl_loss-0.0000000
2025-03-05 22:45:33 - INFO - epoch-409, train_mse_loss-0.0003245, train_kl_loss-0.0000000, val_mse_loss-0.0003431, val_kl_loss-0.0000000
2025-03-05 22:49:50 - INFO - epoch-410, train_mse_loss-0.0003245, train_kl_loss-0.0000000, val_mse_loss-0.0003433, val_kl_loss-0.0000000
2025-03-05 22:54:08 - INFO - epoch-411, train_mse_loss-0.0003245, train_kl_loss-0.0000000, val_mse_loss-0.0003443, val_kl_loss-0.0000000
2025-03-05 22:58:27 - INFO - epoch-412, train_mse_loss-0.0003245, train_kl_loss-0.0000000, val_mse_loss-0.0003412, val_kl_loss-0.0000000
2025-03-05 23:02:46 - INFO - epoch-413, train_mse_loss-0.0003245, train_kl_loss-0.0000000, val_mse_loss-0.0003429, val_kl_loss-0.0000000
2025-03-05 23:07:05 - INFO - epoch-414, train_mse_loss-0.0003245, train_kl_loss-0.0000000, val_mse_loss-0.0003422, val_kl_loss-0.0000000
2025-03-05 23:11:24 - INFO - epoch-415, train_mse_loss-0.0003245, train_kl_loss-0.0000000, val_mse_loss-0.0003420, val_kl_loss-0.0000000
2025-03-05 23:15:43 - INFO - epoch-416, train_mse_loss-0.0003245, train_kl_loss-0.0000000, val_mse_loss-0.0003429, val_kl_loss-0.0000000
2025-03-05 23:19:59 - INFO - epoch-417, train_mse_loss-0.0003245, train_kl_loss-0.0000000, val_mse_loss-0.0003412, val_kl_loss-0.0000000
2025-03-05 23:24:15 - INFO - epoch-418, train_mse_loss-0.0003244, train_kl_loss-0.0000000, val_mse_loss-0.0003435, val_kl_loss-0.0000000
2025-03-05 23:28:31 - INFO - epoch-419, train_mse_loss-0.0003245, train_kl_loss-0.0000000, val_mse_loss-0.0003427, val_kl_loss-0.0000000
2025-03-05 23:32:46 - INFO - epoch-420, train_mse_loss-0.0003245, train_kl_loss-0.0000000, val_mse_loss-0.0003428, val_kl_loss-0.0000000
2025-03-05 23:37:03 - INFO - epoch-421, train_mse_loss-0.0003245, train_kl_loss-0.0000000, val_mse_loss-0.0003428, val_kl_loss-0.0000000
2025-03-05 23:41:21 - INFO - epoch-422, train_mse_loss-0.0003245, train_kl_loss-0.0000000, val_mse_loss-0.0003408, val_kl_loss-0.0000000
2025-03-05 23:45:37 - INFO - epoch-423, train_mse_loss-0.0003245, train_kl_loss-0.0000000, val_mse_loss-0.0003424, val_kl_loss-0.0000000
2025-03-05 23:49:54 - INFO - epoch-424, train_mse_loss-0.0003245, train_kl_loss-0.0000000, val_mse_loss-0.0003429, val_kl_loss-0.0000000
2025-03-05 23:54:12 - INFO - epoch-425, train_mse_loss-0.0003245, train_kl_loss-0.0000000, val_mse_loss-0.0003440, val_kl_loss-0.0000000
2025-03-05 23:58:29 - INFO - epoch-426, train_mse_loss-0.0003245, train_kl_loss-0.0000000, val_mse_loss-0.0003398, val_kl_loss-0.0000000
2025-03-06 00:02:44 - INFO - epoch-427, train_mse_loss-0.0003245, train_kl_loss-0.0000000, val_mse_loss-0.0003418, val_kl_loss-0.0000000
2025-03-06 00:06:59 - INFO - epoch-428, train_mse_loss-0.0003245, train_kl_loss-0.0000000, val_mse_loss-0.0003409, val_kl_loss-0.0000000
2025-03-06 00:11:16 - INFO - epoch-429, train_mse_loss-0.0003245, train_kl_loss-0.0000000, val_mse_loss-0.0003426, val_kl_loss-0.0000000
2025-03-06 00:15:32 - INFO - epoch-430, train_mse_loss-0.0003245, train_kl_loss-0.0000000, val_mse_loss-0.0003439, val_kl_loss-0.0000000
2025-03-06 00:19:50 - INFO - epoch-431, train_mse_loss-0.0003245, train_kl_loss-0.0000000, val_mse_loss-0.0003432, val_kl_loss-0.0000000
2025-03-06 00:24:07 - INFO - epoch-432, train_mse_loss-0.0003245, train_kl_loss-0.0000000, val_mse_loss-0.0003415, val_kl_loss-0.0000000
2025-03-06 00:28:25 - INFO - epoch-433, train_mse_loss-0.0003245, train_kl_loss-0.0000000, val_mse_loss-0.0003449, val_kl_loss-0.0000000
2025-03-06 00:32:42 - INFO - epoch-434, train_mse_loss-0.0003245, train_kl_loss-0.0000000, val_mse_loss-0.0003432, val_kl_loss-0.0000000
2025-03-06 00:36:59 - INFO - epoch-435, train_mse_loss-0.0003245, train_kl_loss-0.0000000, val_mse_loss-0.0003418, val_kl_loss-0.0000000
2025-03-06 00:41:15 - INFO - epoch-436, train_mse_loss-0.0003245, train_kl_loss-0.0000000, val_mse_loss-0.0003450, val_kl_loss-0.0000000
2025-03-06 00:45:32 - INFO - epoch-437, train_mse_loss-0.0003245, train_kl_loss-0.0000000, val_mse_loss-0.0003436, val_kl_loss-0.0000000
2025-03-06 00:49:49 - INFO - epoch-438, train_mse_loss-0.0003245, train_kl_loss-0.0000000, val_mse_loss-0.0003446, val_kl_loss-0.0000000
2025-03-06 00:54:05 - INFO - epoch-439, train_mse_loss-0.0003245, train_kl_loss-0.0000000, val_mse_loss-0.0003416, val_kl_loss-0.0000000
2025-03-06 00:58:22 - INFO - epoch-440, train_mse_loss-0.0003245, train_kl_loss-0.0000000, val_mse_loss-0.0003445, val_kl_loss-0.0000000
2025-03-06 01:02:38 - INFO - epoch-441, train_mse_loss-0.0003245, train_kl_loss-0.0000000, val_mse_loss-0.0003437, val_kl_loss-0.0000000
2025-03-06 01:06:54 - INFO - epoch-442, train_mse_loss-0.0003245, train_kl_loss-0.0000000, val_mse_loss-0.0003437, val_kl_loss-0.0000000
2025-03-06 01:11:10 - INFO - epoch-443, train_mse_loss-0.0003245, train_kl_loss-0.0000000, val_mse_loss-0.0003422, val_kl_loss-0.0000000
2025-03-06 01:15:25 - INFO - epoch-444, train_mse_loss-0.0003245, train_kl_loss-0.0000000, val_mse_loss-0.0003424, val_kl_loss-0.0000000
2025-03-06 01:19:40 - INFO - epoch-445, train_mse_loss-0.0003245, train_kl_loss-0.0000000, val_mse_loss-0.0003444, val_kl_loss-0.0000000
2025-03-06 01:23:56 - INFO - epoch-446, train_mse_loss-0.0003245, train_kl_loss-0.0000000, val_mse_loss-0.0003430, val_kl_loss-0.0000000
2025-03-06 01:28:12 - INFO - epoch-447, train_mse_loss-0.0003245, train_kl_loss-0.0000000, val_mse_loss-0.0003446, val_kl_loss-0.0000000
2025-03-06 01:32:29 - INFO - epoch-448, train_mse_loss-0.0003245, train_kl_loss-0.0000000, val_mse_loss-0.0003429, val_kl_loss-0.0000000
2025-03-06 01:36:45 - INFO - epoch-449, train_mse_loss-0.0003245, train_kl_loss-0.0000000, val_mse_loss-0.0003438, val_kl_loss-0.0000000
2025-03-06 01:41:01 - INFO - epoch-450, train_mse_loss-0.0003245, train_kl_loss-0.0000000, val_mse_loss-0.0003441, val_kl_loss-0.0000000
2025-03-06 01:45:17 - INFO - epoch-451, train_mse_loss-0.0003245, train_kl_loss-0.0000000, val_mse_loss-0.0003422, val_kl_loss-0.0000000
2025-03-06 01:49:33 - INFO - epoch-452, train_mse_loss-0.0003245, train_kl_loss-0.0000000, val_mse_loss-0.0003435, val_kl_loss-0.0000000
2025-03-06 01:53:52 - INFO - epoch-453, train_mse_loss-0.0003245, train_kl_loss-0.0000000, val_mse_loss-0.0003416, val_kl_loss-0.0000000
2025-03-06 01:58:12 - INFO - epoch-454, train_mse_loss-0.0003245, train_kl_loss-0.0000000, val_mse_loss-0.0003432, val_kl_loss-0.0000000
2025-03-06 02:02:28 - INFO - epoch-455, train_mse_loss-0.0003245, train_kl_loss-0.0000000, val_mse_loss-0.0003436, val_kl_loss-0.0000000
2025-03-06 02:06:48 - INFO - epoch-456, train_mse_loss-0.0003245, train_kl_loss-0.0000000, val_mse_loss-0.0003428, val_kl_loss-0.0000000
2025-03-06 02:11:04 - INFO - epoch-457, train_mse_loss-0.0003245, train_kl_loss-0.0000000, val_mse_loss-0.0003422, val_kl_loss-0.0000000
2025-03-06 02:15:22 - INFO - epoch-458, train_mse_loss-0.0003245, train_kl_loss-0.0000000, val_mse_loss-0.0003400, val_kl_loss-0.0000000
2025-03-06 02:19:39 - INFO - epoch-459, train_mse_loss-0.0003245, train_kl_loss-0.0000000, val_mse_loss-0.0003419, val_kl_loss-0.0000000
2025-03-06 02:23:57 - INFO - epoch-460, train_mse_loss-0.0003245, train_kl_loss-0.0000000, val_mse_loss-0.0003425, val_kl_loss-0.0000000
2025-03-06 02:28:14 - INFO - epoch-461, train_mse_loss-0.0003245, train_kl_loss-0.0000000, val_mse_loss-0.0003440, val_kl_loss-0.0000000
2025-03-06 02:32:32 - INFO - epoch-462, train_mse_loss-0.0003245, train_kl_loss-0.0000000, val_mse_loss-0.0003424, val_kl_loss-0.0000000
2025-03-06 02:36:49 - INFO - epoch-463, train_mse_loss-0.0003245, train_kl_loss-0.0000000, val_mse_loss-0.0003417, val_kl_loss-0.0000000
2025-03-06 02:41:08 - INFO - epoch-464, train_mse_loss-0.0003245, train_kl_loss-0.0000000, val_mse_loss-0.0003434, val_kl_loss-0.0000000
2025-03-06 02:45:26 - INFO - epoch-465, train_mse_loss-0.0003245, train_kl_loss-0.0000000, val_mse_loss-0.0003428, val_kl_loss-0.0000000
2025-03-06 02:49:46 - INFO - epoch-466, train_mse_loss-0.0003245, train_kl_loss-0.0000000, val_mse_loss-0.0003425, val_kl_loss-0.0000000
2025-03-06 02:54:03 - INFO - epoch-467, train_mse_loss-0.0003245, train_kl_loss-0.0000000, val_mse_loss-0.0003426, val_kl_loss-0.0000000
2025-03-06 02:58:21 - INFO - epoch-468, train_mse_loss-0.0003245, train_kl_loss-0.0000000, val_mse_loss-0.0003432, val_kl_loss-0.0000000
2025-03-06 03:02:39 - INFO - epoch-469, train_mse_loss-0.0003245, train_kl_loss-0.0000000, val_mse_loss-0.0003436, val_kl_loss-0.0000000
2025-03-06 03:06:59 - INFO - epoch-470, train_mse_loss-0.0003245, train_kl_loss-0.0000000, val_mse_loss-0.0003449, val_kl_loss-0.0000000
2025-03-06 03:11:23 - INFO - epoch-471, train_mse_loss-0.0003245, train_kl_loss-0.0000000, val_mse_loss-0.0003446, val_kl_loss-0.0000000
2025-03-06 03:15:44 - INFO - epoch-472, train_mse_loss-0.0003245, train_kl_loss-0.0000000, val_mse_loss-0.0003453, val_kl_loss-0.0000000
2025-03-06 03:20:05 - INFO - epoch-473, train_mse_loss-0.0003245, train_kl_loss-0.0000000, val_mse_loss-0.0003421, val_kl_loss-0.0000000
2025-03-06 03:24:23 - INFO - epoch-474, train_mse_loss-0.0003245, train_kl_loss-0.0000000, val_mse_loss-0.0003431, val_kl_loss-0.0000000
2025-03-06 03:28:42 - INFO - epoch-475, train_mse_loss-0.0003245, train_kl_loss-0.0000000, val_mse_loss-0.0003417, val_kl_loss-0.0000000
2025-03-06 03:33:02 - INFO - epoch-476, train_mse_loss-0.0003245, train_kl_loss-0.0000000, val_mse_loss-0.0003436, val_kl_loss-0.0000000
2025-03-06 03:37:20 - INFO - epoch-477, train_mse_loss-0.0003245, train_kl_loss-0.0000000, val_mse_loss-0.0003424, val_kl_loss-0.0000000
2025-03-06 03:41:39 - INFO - epoch-478, train_mse_loss-0.0003245, train_kl_loss-0.0000000, val_mse_loss-0.0003402, val_kl_loss-0.0000000
2025-03-06 03:45:58 - INFO - epoch-479, train_mse_loss-0.0003245, train_kl_loss-0.0000000, val_mse_loss-0.0003434, val_kl_loss-0.0000000
2025-03-06 03:50:15 - INFO - epoch-480, train_mse_loss-0.0003245, train_kl_loss-0.0000000, val_mse_loss-0.0003435, val_kl_loss-0.0000000
2025-03-06 03:54:33 - INFO - epoch-481, train_mse_loss-0.0003245, train_kl_loss-0.0000000, val_mse_loss-0.0003425, val_kl_loss-0.0000000
2025-03-06 03:58:52 - INFO - epoch-482, train_mse_loss-0.0003245, train_kl_loss-0.0000000, val_mse_loss-0.0003419, val_kl_loss-0.0000000
2025-03-06 04:03:12 - INFO - epoch-483, train_mse_loss-0.0003245, train_kl_loss-0.0000000, val_mse_loss-0.0003428, val_kl_loss-0.0000000
2025-03-06 04:07:31 - INFO - epoch-484, train_mse_loss-0.0003245, train_kl_loss-0.0000000, val_mse_loss-0.0003432, val_kl_loss-0.0000000
2025-03-06 04:11:52 - INFO - epoch-485, train_mse_loss-0.0003245, train_kl_loss-0.0000000, val_mse_loss-0.0003435, val_kl_loss-0.0000000
2025-03-06 04:16:13 - INFO - epoch-486, train_mse_loss-0.0003245, train_kl_loss-0.0000000, val_mse_loss-0.0003440, val_kl_loss-0.0000000
2025-03-06 04:20:31 - INFO - epoch-487, train_mse_loss-0.0003245, train_kl_loss-0.0000000, val_mse_loss-0.0003423, val_kl_loss-0.0000000
2025-03-06 04:24:49 - INFO - epoch-488, train_mse_loss-0.0003245, train_kl_loss-0.0000000, val_mse_loss-0.0003438, val_kl_loss-0.0000000
2025-03-06 04:29:07 - INFO - epoch-489, train_mse_loss-0.0003245, train_kl_loss-0.0000000, val_mse_loss-0.0003422, val_kl_loss-0.0000000
2025-03-06 04:33:25 - INFO - epoch-490, train_mse_loss-0.0003245, train_kl_loss-0.0000000, val_mse_loss-0.0003431, val_kl_loss-0.0000000
2025-03-06 04:37:43 - INFO - epoch-491, train_mse_loss-0.0003245, train_kl_loss-0.0000000, val_mse_loss-0.0003440, val_kl_loss-0.0000000
2025-03-06 04:42:00 - INFO - epoch-492, train_mse_loss-0.0003245, train_kl_loss-0.0000000, val_mse_loss-0.0003439, val_kl_loss-0.0000000
2025-03-06 04:46:19 - INFO - epoch-493, train_mse_loss-0.0003245, train_kl_loss-0.0000000, val_mse_loss-0.0003418, val_kl_loss-0.0000000
2025-03-06 04:50:37 - INFO - epoch-494, train_mse_loss-0.0003245, train_kl_loss-0.0000000, val_mse_loss-0.0003439, val_kl_loss-0.0000000
2025-03-06 04:54:56 - INFO - epoch-495, train_mse_loss-0.0003245, train_kl_loss-0.0000000, val_mse_loss-0.0003435, val_kl_loss-0.0000000
2025-03-06 04:59:15 - INFO - epoch-496, train_mse_loss-0.0003245, train_kl_loss-0.0000000, val_mse_loss-0.0003431, val_kl_loss-0.0000000
2025-03-06 05:03:34 - INFO - epoch-497, train_mse_loss-0.0003245, train_kl_loss-0.0000000, val_mse_loss-0.0003437, val_kl_loss-0.0000000
2025-03-06 05:07:52 - INFO - epoch-498, train_mse_loss-0.0003245, train_kl_loss-0.0000000, val_mse_loss-0.0003432, val_kl_loss-0.0000000
2025-03-06 05:12:11 - INFO - epoch-499, train_mse_loss-0.0003245, train_kl_loss-0.0000000, val_mse_loss-0.0003454, val_kl_loss-0.0000000
