2024-12-21 22:24:08 - INFO - /mnt/cephfs/projects/2023110101_Ligand_fitting_to_EM_maps/My_Code/CryoLigate_Github/CryoLigate/GIGN/GIGN_EM/For_Elisei_Nov_2024/CryoLigate_GIGN_Unet/train_example.py
2024-12-21 22:24:08 - INFO - train data: 6810
2024-12-21 22:24:08 - INFO - valid data: 756
2024-12-21 22:24:24 - INFO - Initial_train_loss-0.0093233  Initial_val_loss-0.0092885
2024-12-21 22:25:02 - INFO - epoch-0, train_loss-0.0157689, val_loss-0.1129886
2024-12-21 22:25:41 - INFO - epoch-1, train_loss-0.0007372, val_loss-0.0932978
2024-12-21 22:26:19 - INFO - epoch-2, train_loss-0.0006934, val_loss-0.0869983
2024-12-21 22:26:57 - INFO - epoch-3, train_loss-0.0006818, val_loss-0.0832263
2024-12-21 22:27:36 - INFO - epoch-4, train_loss-0.0006762, val_loss-0.0809573
2024-12-21 22:28:14 - INFO - epoch-5, train_loss-0.0006732, val_loss-0.0780944
2024-12-21 22:28:52 - INFO - epoch-6, train_loss-0.0006714, val_loss-0.0763133
2024-12-21 22:29:31 - INFO - epoch-7, train_loss-0.0006705, val_loss-0.0736972
2024-12-21 22:30:09 - INFO - epoch-8, train_loss-0.0006698, val_loss-0.0718754
2024-12-21 22:30:47 - INFO - epoch-9, train_loss-0.0006700, val_loss-0.0701499
2024-12-21 22:31:25 - INFO - epoch-10, train_loss-0.0006695, val_loss-0.0679772
2024-12-21 22:32:03 - INFO - epoch-11, train_loss-0.0006823, val_loss-0.0655587
2024-12-21 22:32:41 - INFO - epoch-12, train_loss-0.0006706, val_loss-0.0629949
2024-12-21 22:33:19 - INFO - epoch-13, train_loss-0.0006797, val_loss-0.0606856
2024-12-21 22:33:57 - INFO - epoch-14, train_loss-0.0006782, val_loss-0.0587195
2024-12-21 22:34:36 - INFO - epoch-15, train_loss-0.0006826, val_loss-0.0566480
2024-12-21 22:35:14 - INFO - epoch-16, train_loss-0.0006807, val_loss-0.0532592
2024-12-21 22:35:52 - INFO - epoch-17, train_loss-0.0006801, val_loss-0.0501644
2024-12-21 22:36:30 - INFO - epoch-18, train_loss-0.0006820, val_loss-0.0472512
2024-12-21 22:37:09 - INFO - epoch-19, train_loss-0.0006895, val_loss-0.0442026
2024-12-21 22:37:48 - INFO - epoch-20, train_loss-0.0006748, val_loss-0.0412424
2024-12-21 22:38:26 - INFO - epoch-21, train_loss-0.0006784, val_loss-0.0385744
2024-12-21 22:39:06 - INFO - epoch-22, train_loss-0.0006759, val_loss-0.0364238
2024-12-21 22:39:44 - INFO - epoch-23, train_loss-0.0006804, val_loss-0.0346912
2024-12-21 22:40:22 - INFO - epoch-24, train_loss-0.0006799, val_loss-0.0322554
2024-12-21 22:41:00 - INFO - epoch-25, train_loss-0.0006760, val_loss-0.0308139
2024-12-21 22:41:38 - INFO - epoch-26, train_loss-0.0006811, val_loss-0.0298258
2024-12-21 22:42:16 - INFO - epoch-27, train_loss-0.0006711, val_loss-0.0278830
2024-12-21 22:42:55 - INFO - epoch-28, train_loss-0.0006754, val_loss-0.0266195
2024-12-21 22:43:33 - INFO - epoch-29, train_loss-0.0006783, val_loss-0.0249149
2024-12-21 22:44:11 - INFO - epoch-30, train_loss-0.0006713, val_loss-0.0235067
2024-12-21 22:44:49 - INFO - epoch-31, train_loss-0.0006736, val_loss-0.0217919
2024-12-21 22:45:27 - INFO - epoch-32, train_loss-0.0006726, val_loss-0.0206724
2024-12-21 22:46:05 - INFO - epoch-33, train_loss-0.0006739, val_loss-0.0191357
2024-12-21 22:46:45 - INFO - epoch-34, train_loss-0.0006697, val_loss-0.0172315
2024-12-21 22:47:23 - INFO - epoch-35, train_loss-0.0006708, val_loss-0.0159651
2024-12-21 22:48:01 - INFO - epoch-36, train_loss-0.0006715, val_loss-0.0148232
2024-12-21 22:48:39 - INFO - epoch-37, train_loss-0.0006714, val_loss-0.0141209
2024-12-21 22:49:17 - INFO - epoch-38, train_loss-0.0006659, val_loss-0.0132264
2024-12-21 22:49:55 - INFO - epoch-39, train_loss-0.0006731, val_loss-0.0122527
2024-12-21 22:50:34 - INFO - epoch-40, train_loss-0.0006657, val_loss-0.0114570
2024-12-21 22:51:12 - INFO - epoch-41, train_loss-0.0006661, val_loss-0.0108966
2024-12-21 22:51:50 - INFO - epoch-42, train_loss-0.0006676, val_loss-0.0100825
2024-12-21 22:52:28 - INFO - epoch-43, train_loss-0.0006664, val_loss-0.0094813
2024-12-21 22:53:06 - INFO - epoch-44, train_loss-0.0006650, val_loss-0.0092042
2024-12-21 22:53:45 - INFO - epoch-45, train_loss-0.0006651, val_loss-0.0086725
2024-12-21 22:54:23 - INFO - epoch-46, train_loss-0.0006635, val_loss-0.0083178
2024-12-21 22:55:01 - INFO - epoch-47, train_loss-0.0006632, val_loss-0.0079385
2024-12-21 22:55:39 - INFO - epoch-48, train_loss-0.0006632, val_loss-0.0075543
2024-12-21 22:56:18 - INFO - epoch-49, train_loss-0.0006628, val_loss-0.0072636
2024-12-21 22:56:56 - INFO - epoch-50, train_loss-0.0006624, val_loss-0.0068080
2024-12-21 22:57:34 - INFO - epoch-51, train_loss-0.0006617, val_loss-0.0065308
2024-12-21 22:58:12 - INFO - epoch-52, train_loss-0.0006606, val_loss-0.0063031
2024-12-21 22:58:51 - INFO - epoch-53, train_loss-0.0006603, val_loss-0.0058848
2024-12-21 22:59:29 - INFO - epoch-54, train_loss-0.0006606, val_loss-0.0056316
2024-12-21 23:00:07 - INFO - epoch-55, train_loss-0.0006601, val_loss-0.0053320
2024-12-21 23:00:45 - INFO - epoch-56, train_loss-0.0006592, val_loss-0.0050535
2024-12-21 23:01:23 - INFO - epoch-57, train_loss-0.0006587, val_loss-0.0047995
2024-12-21 23:02:01 - INFO - epoch-58, train_loss-0.0006599, val_loss-0.0045207
2024-12-21 23:02:39 - INFO - epoch-59, train_loss-0.0006566, val_loss-0.0042419
2024-12-21 23:03:17 - INFO - epoch-60, train_loss-0.0006578, val_loss-0.0040085
2024-12-21 23:03:55 - INFO - epoch-61, train_loss-0.0006572, val_loss-0.0037647
2024-12-21 23:04:34 - INFO - epoch-62, train_loss-0.0006573, val_loss-0.0035520
2024-12-21 23:05:13 - INFO - epoch-63, train_loss-0.0006564, val_loss-0.0033411
2024-12-21 23:05:51 - INFO - epoch-64, train_loss-0.0006556, val_loss-0.0031874
2024-12-21 23:07:17 - INFO - epoch-65, train_loss-0.0006558, val_loss-0.0030869
2024-12-21 23:09:25 - INFO - epoch-66, train_loss-0.0006554, val_loss-0.0029465
2024-12-21 23:10:02 - INFO - epoch-67, train_loss-0.0006545, val_loss-0.0027920
2024-12-21 23:10:41 - INFO - epoch-68, train_loss-0.0006541, val_loss-0.0026966
2024-12-21 23:11:19 - INFO - epoch-69, train_loss-0.0006538, val_loss-0.0025329
2024-12-21 23:11:56 - INFO - epoch-70, train_loss-0.0006534, val_loss-0.0024278
2024-12-21 23:12:35 - INFO - epoch-71, train_loss-0.0006531, val_loss-0.0023389
2024-12-21 23:13:12 - INFO - epoch-72, train_loss-0.0006527, val_loss-0.0022204
2024-12-21 23:13:51 - INFO - epoch-73, train_loss-0.0006517, val_loss-0.0022138
2024-12-21 23:14:28 - INFO - epoch-74, train_loss-0.0006515, val_loss-0.0021729
2024-12-21 23:15:06 - INFO - epoch-75, train_loss-0.0006512, val_loss-0.0020635
2024-12-21 23:15:45 - INFO - epoch-76, train_loss-0.0006509, val_loss-0.0019832
2024-12-21 23:16:23 - INFO - epoch-77, train_loss-0.0006508, val_loss-0.0019624
2024-12-21 23:17:01 - INFO - epoch-78, train_loss-0.0006502, val_loss-0.0019370
2024-12-21 23:17:39 - INFO - epoch-79, train_loss-0.0006500, val_loss-0.0019734
2024-12-21 23:18:17 - INFO - epoch-80, train_loss-0.0006497, val_loss-0.0019922
2024-12-21 23:18:55 - INFO - epoch-81, train_loss-0.0006494, val_loss-0.0019664
2024-12-21 23:19:33 - INFO - epoch-82, train_loss-0.0006490, val_loss-0.0019827
2024-12-21 23:20:11 - INFO - epoch-83, train_loss-0.0006480, val_loss-0.0018775
2024-12-21 23:20:49 - INFO - epoch-84, train_loss-0.0006478, val_loss-0.0018909
2024-12-21 23:21:27 - INFO - epoch-85, train_loss-0.0006474, val_loss-0.0018248
2024-12-21 23:22:05 - INFO - epoch-86, train_loss-0.0006468, val_loss-0.0017843
2024-12-21 23:22:43 - INFO - epoch-87, train_loss-0.0006467, val_loss-0.0017544
2024-12-21 23:23:22 - INFO - epoch-88, train_loss-0.0006461, val_loss-0.0018096
2024-12-21 23:24:00 - INFO - epoch-89, train_loss-0.0006458, val_loss-0.0018325
2024-12-21 23:24:38 - INFO - epoch-90, train_loss-0.0006453, val_loss-0.0018460
2024-12-21 23:25:16 - INFO - epoch-91, train_loss-0.0006449, val_loss-0.0016873
2024-12-21 23:25:54 - INFO - epoch-92, train_loss-0.0006439, val_loss-0.0016417
2024-12-21 23:26:32 - INFO - epoch-93, train_loss-0.0006438, val_loss-0.0015395
2024-12-21 23:27:10 - INFO - epoch-94, train_loss-0.0006436, val_loss-0.0014716
2024-12-21 23:27:48 - INFO - epoch-95, train_loss-0.0006433, val_loss-0.0014492
2024-12-21 23:28:26 - INFO - epoch-96, train_loss-0.0006426, val_loss-0.0014256
2024-12-21 23:29:04 - INFO - epoch-97, train_loss-0.0006416, val_loss-0.0014469
2024-12-21 23:29:42 - INFO - epoch-98, train_loss-0.0006417, val_loss-0.0013703
2024-12-21 23:30:20 - INFO - epoch-99, train_loss-0.0006412, val_loss-0.0012145
2024-12-21 23:30:58 - INFO - epoch-100, train_loss-0.0006404, val_loss-0.0011226
2024-12-21 23:31:36 - INFO - epoch-101, train_loss-0.0006408, val_loss-0.0010800
2024-12-21 23:32:14 - INFO - epoch-102, train_loss-0.0006408, val_loss-0.0009998
2024-12-21 23:32:53 - INFO - epoch-103, train_loss-0.0006410, val_loss-0.0010438
2024-12-21 23:33:31 - INFO - epoch-104, train_loss-0.0006387, val_loss-0.0009575
2024-12-21 23:34:09 - INFO - epoch-105, train_loss-0.0006386, val_loss-0.0009024
2024-12-21 23:34:47 - INFO - epoch-106, train_loss-0.0006371, val_loss-0.0008668
2024-12-21 23:35:26 - INFO - epoch-107, train_loss-0.0006386, val_loss-0.0008029
2024-12-21 23:36:04 - INFO - epoch-108, train_loss-0.0006380, val_loss-0.0007566
2024-12-21 23:36:42 - INFO - epoch-109, train_loss-0.0006373, val_loss-0.0007422
2024-12-21 23:37:20 - INFO - epoch-110, train_loss-0.0006362, val_loss-0.0007432
2024-12-21 23:37:58 - INFO - epoch-111, train_loss-0.0006349, val_loss-0.0007490
2024-12-21 23:38:36 - INFO - epoch-112, train_loss-0.0006359, val_loss-0.0007324
2024-12-21 23:39:14 - INFO - epoch-113, train_loss-0.0006345, val_loss-0.0007208
2024-12-21 23:39:52 - INFO - epoch-114, train_loss-0.0006338, val_loss-0.0007222
2024-12-21 23:40:30 - INFO - epoch-115, train_loss-0.0006360, val_loss-0.0007102
2024-12-21 23:41:09 - INFO - epoch-116, train_loss-0.0006404, val_loss-0.0007154
2024-12-21 23:41:47 - INFO - epoch-117, train_loss-0.0006343, val_loss-0.0006846
2024-12-21 23:42:25 - INFO - epoch-118, train_loss-0.0006304, val_loss-0.0006939
2024-12-21 23:43:02 - INFO - epoch-119, train_loss-0.0006300, val_loss-0.0007021
2024-12-21 23:43:40 - INFO - epoch-120, train_loss-0.0006310, val_loss-0.0007007
2024-12-21 23:44:18 - INFO - epoch-121, train_loss-0.0008363, val_loss-0.0008801
2024-12-21 23:44:56 - INFO - epoch-122, train_loss-0.0006687, val_loss-0.0009153
2024-12-21 23:45:34 - INFO - epoch-123, train_loss-0.0006553, val_loss-0.0008667
2024-12-21 23:46:12 - INFO - epoch-124, train_loss-0.0006537, val_loss-0.0008287
2024-12-21 23:46:50 - INFO - epoch-125, train_loss-0.0006529, val_loss-0.0008085
2024-12-21 23:47:28 - INFO - epoch-126, train_loss-0.0006523, val_loss-0.0007959
2024-12-21 23:48:06 - INFO - epoch-127, train_loss-0.0006517, val_loss-0.0007911
2024-12-21 23:48:45 - INFO - epoch-128, train_loss-0.0006511, val_loss-0.0007856
2024-12-21 23:49:23 - INFO - epoch-129, train_loss-0.0006504, val_loss-0.0007801
2024-12-21 23:50:00 - INFO - epoch-130, train_loss-0.0006497, val_loss-0.0007728
2024-12-21 23:50:38 - INFO - epoch-131, train_loss-0.0006491, val_loss-0.0007680
2024-12-21 23:51:16 - INFO - epoch-132, train_loss-0.0006483, val_loss-0.0007670
2024-12-21 23:51:54 - INFO - epoch-133, train_loss-0.0006474, val_loss-0.0007693
2024-12-21 23:52:32 - INFO - epoch-134, train_loss-0.0006464, val_loss-0.0007742
2024-12-21 23:53:10 - INFO - epoch-135, train_loss-0.0006455, val_loss-0.0007728
2024-12-21 23:53:48 - INFO - epoch-136, train_loss-0.0006446, val_loss-0.0007710
2024-12-21 23:54:26 - INFO - epoch-137, train_loss-0.0006437, val_loss-0.0007657
2024-12-21 23:55:03 - INFO - epoch-138, train_loss-0.0006428, val_loss-0.0007569
2024-12-21 23:55:42 - INFO - epoch-139, train_loss-0.0006422, val_loss-0.0007463
2024-12-21 23:56:20 - INFO - epoch-140, train_loss-0.0006419, val_loss-0.0007406
2024-12-21 23:56:58 - INFO - epoch-141, train_loss-0.0006413, val_loss-0.0007364
2024-12-21 23:57:36 - INFO - epoch-142, train_loss-0.0006402, val_loss-0.0007181
2024-12-21 23:58:15 - INFO - epoch-143, train_loss-0.0006401, val_loss-0.0007117
2024-12-21 23:58:53 - INFO - epoch-144, train_loss-0.0006401, val_loss-0.0006894
2024-12-21 23:59:31 - INFO - epoch-145, train_loss-0.0006389, val_loss-0.0006748
2024-12-22 00:00:21 - INFO - epoch-146, train_loss-0.0006421, val_loss-0.0006728
2024-12-22 00:03:04 - INFO - epoch-147, train_loss-0.0006380, val_loss-0.0006725
2024-12-22 00:03:43 - INFO - epoch-148, train_loss-0.0006371, val_loss-0.0006688
2024-12-22 00:04:21 - INFO - epoch-149, train_loss-0.0006359, val_loss-0.0006597
2024-12-22 00:04:58 - INFO - epoch-150, train_loss-0.0006370, val_loss-0.0006626
2024-12-22 00:05:36 - INFO - epoch-151, train_loss-0.0006385, val_loss-0.0006631
2024-12-22 00:06:15 - INFO - epoch-152, train_loss-0.0006370, val_loss-0.0006690
2024-12-22 00:06:53 - INFO - epoch-153, train_loss-0.0006390, val_loss-0.0006711
2024-12-22 00:07:31 - INFO - epoch-154, train_loss-0.0006339, val_loss-0.0006685
2024-12-22 00:08:09 - INFO - epoch-155, train_loss-0.0006396, val_loss-0.0006668
2024-12-22 00:08:47 - INFO - epoch-156, train_loss-0.0006338, val_loss-0.0006606
2024-12-22 00:09:25 - INFO - epoch-157, train_loss-0.0006336, val_loss-0.0006563
2024-12-22 00:10:02 - INFO - epoch-158, train_loss-0.0006338, val_loss-0.0006576
2024-12-22 00:10:40 - INFO - epoch-159, train_loss-0.0006293, val_loss-0.0006557
2024-12-22 00:11:18 - INFO - epoch-160, train_loss-0.0006307, val_loss-0.0006539
2024-12-22 00:11:56 - INFO - epoch-161, train_loss-0.0006337, val_loss-0.0006578
2024-12-22 00:12:34 - INFO - epoch-162, train_loss-0.0006323, val_loss-0.0006519
2024-12-22 00:13:12 - INFO - epoch-163, train_loss-0.0006266, val_loss-0.0006521
2024-12-22 00:13:50 - INFO - epoch-164, train_loss-0.0006253, val_loss-0.0006537
2024-12-22 00:14:29 - INFO - epoch-165, train_loss-0.0006238, val_loss-0.0006532
2024-12-22 00:15:07 - INFO - epoch-166, train_loss-0.0006225, val_loss-0.0006358
2024-12-22 00:15:44 - INFO - epoch-167, train_loss-0.0006216, val_loss-0.0006401
2024-12-22 00:16:22 - INFO - epoch-168, train_loss-0.0006218, val_loss-0.0006381
2024-12-22 00:17:00 - INFO - epoch-169, train_loss-0.0006186, val_loss-0.0006583
2024-12-22 00:17:38 - INFO - epoch-170, train_loss-0.0006156, val_loss-0.0006525
2024-12-22 00:18:16 - INFO - epoch-171, train_loss-0.0006131, val_loss-0.0006520
2024-12-22 00:18:54 - INFO - epoch-172, train_loss-0.0006126, val_loss-0.0006491
2024-12-22 00:19:32 - INFO - epoch-173, train_loss-0.0006121, val_loss-0.0010873
2024-12-22 00:20:10 - INFO - epoch-174, train_loss-0.0006106, val_loss-0.0006440
2024-12-22 00:20:49 - INFO - epoch-175, train_loss-0.0006100, val_loss-0.0006520
2024-12-22 00:21:26 - INFO - epoch-176, train_loss-0.0006076, val_loss-0.0006471
2024-12-22 00:22:04 - INFO - epoch-177, train_loss-0.0006057, val_loss-0.0006417
2024-12-22 00:22:42 - INFO - epoch-178, train_loss-0.0006024, val_loss-0.0006411
2024-12-22 00:23:20 - INFO - epoch-179, train_loss-0.0006007, val_loss-0.0006515
2024-12-22 00:23:58 - INFO - epoch-180, train_loss-0.0005990, val_loss-0.0006520
2024-12-22 00:24:36 - INFO - epoch-181, train_loss-0.0005970, val_loss-0.0006542
2024-12-22 00:25:14 - INFO - epoch-182, train_loss-0.0005943, val_loss-0.0006552
2024-12-22 00:25:52 - INFO - epoch-183, train_loss-0.0005929, val_loss-0.0006571
2024-12-22 00:26:30 - INFO - epoch-184, train_loss-0.0005920, val_loss-0.0006528
2024-12-22 00:27:08 - INFO - epoch-185, train_loss-0.0005889, val_loss-0.0006518
2024-12-22 00:27:45 - INFO - epoch-186, train_loss-0.0005856, val_loss-0.0006531
2024-12-22 00:28:24 - INFO - epoch-187, train_loss-0.0005838, val_loss-0.0006518
2024-12-22 00:29:02 - INFO - epoch-188, train_loss-0.0005842, val_loss-0.0006540
2024-12-22 00:29:40 - INFO - epoch-189, train_loss-0.0005827, val_loss-0.0006515
2024-12-22 00:30:18 - INFO - epoch-190, train_loss-0.0005813, val_loss-0.0006466
2024-12-22 00:30:56 - INFO - epoch-191, train_loss-0.0005834, val_loss-0.0006514
2024-12-22 00:31:34 - INFO - epoch-192, train_loss-0.0005825, val_loss-0.0006518
2024-12-22 00:32:12 - INFO - epoch-193, train_loss-0.0005791, val_loss-0.0006455
2024-12-22 00:32:50 - INFO - epoch-194, train_loss-0.0005774, val_loss-0.0006475
2024-12-22 00:33:27 - INFO - epoch-195, train_loss-0.0005773, val_loss-0.0006468
2024-12-22 00:34:05 - INFO - epoch-196, train_loss-0.0005750, val_loss-0.0006472
2024-12-22 00:34:44 - INFO - epoch-197, train_loss-0.0005757, val_loss-0.0006472
2024-12-22 00:35:22 - INFO - epoch-198, train_loss-0.0005753, val_loss-0.0006538
2024-12-22 00:36:00 - INFO - epoch-199, train_loss-0.0005724, val_loss-0.0006486
2024-12-22 00:36:38 - INFO - epoch-200, train_loss-0.0005683, val_loss-0.0006541
2024-12-22 00:37:16 - INFO - epoch-201, train_loss-0.0005694, val_loss-0.0006471
2024-12-22 00:37:53 - INFO - epoch-202, train_loss-0.0005647, val_loss-0.0006538
2024-12-22 00:38:31 - INFO - epoch-203, train_loss-0.0005612, val_loss-0.0006530
2024-12-22 00:39:09 - INFO - epoch-204, train_loss-0.0005592, val_loss-0.0006556
2024-12-22 00:39:47 - INFO - epoch-205, train_loss-0.0005606, val_loss-0.0006503
2024-12-22 00:40:26 - INFO - epoch-206, train_loss-0.0005585, val_loss-0.0006466
2024-12-22 00:41:05 - INFO - epoch-207, train_loss-0.0005555, val_loss-0.0006422
2024-12-22 00:41:43 - INFO - epoch-208, train_loss-0.0005523, val_loss-0.0006467
2024-12-22 00:42:21 - INFO - epoch-209, train_loss-0.0005475, val_loss-0.0006502
2024-12-22 00:42:58 - INFO - epoch-210, train_loss-0.0005433, val_loss-0.0006712
2024-12-22 00:43:36 - INFO - epoch-211, train_loss-0.0005418, val_loss-0.0006604
2024-12-22 00:44:14 - INFO - epoch-212, train_loss-0.0005411, val_loss-0.0006526
2024-12-22 00:44:52 - INFO - epoch-213, train_loss-0.0005395, val_loss-0.0006538
2024-12-22 00:45:30 - INFO - epoch-214, train_loss-0.0005374, val_loss-0.0006505
2024-12-22 00:46:09 - INFO - epoch-215, train_loss-0.0005360, val_loss-0.0006553
2024-12-22 00:46:46 - INFO - epoch-216, train_loss-0.0005324, val_loss-0.0006476
2024-12-22 00:47:24 - INFO - epoch-217, train_loss-0.0005305, val_loss-0.0006480
2024-12-22 00:48:02 - INFO - epoch-218, train_loss-0.0005296, val_loss-0.0006490
2024-12-22 00:48:40 - INFO - epoch-219, train_loss-0.0005265, val_loss-0.0006538
2024-12-22 00:49:18 - INFO - epoch-220, train_loss-0.0005249, val_loss-0.0006572
2024-12-22 00:49:56 - INFO - epoch-221, train_loss-0.0005253, val_loss-0.0006518
2024-12-22 00:50:35 - INFO - epoch-222, train_loss-0.0005268, val_loss-0.0006654
2024-12-22 00:51:12 - INFO - epoch-223, train_loss-0.0005237, val_loss-0.0006588
2024-12-22 00:51:50 - INFO - epoch-224, train_loss-0.0005166, val_loss-0.0006843
2024-12-22 00:52:28 - INFO - epoch-225, train_loss-0.0005140, val_loss-0.0006782
2024-12-22 00:53:06 - INFO - epoch-226, train_loss-0.0005141, val_loss-0.0006804
2024-12-22 00:53:44 - INFO - epoch-227, train_loss-0.0005123, val_loss-0.0006665
2024-12-22 00:56:41 - INFO - epoch-228, train_loss-0.0005110, val_loss-0.0006793
2024-12-22 00:57:19 - INFO - epoch-229, train_loss-0.0005126, val_loss-0.0006887
2024-12-22 00:57:57 - INFO - epoch-230, train_loss-0.0005095, val_loss-0.0006645
2024-12-22 00:58:34 - INFO - epoch-231, train_loss-0.0005047, val_loss-0.0006641
2024-12-22 00:59:13 - INFO - epoch-232, train_loss-0.0005044, val_loss-0.0006628
2024-12-22 00:59:51 - INFO - epoch-233, train_loss-0.0005063, val_loss-0.0006873
2024-12-22 01:00:30 - INFO - epoch-234, train_loss-0.0005030, val_loss-0.0006674
2024-12-22 01:01:08 - INFO - epoch-235, train_loss-0.0005005, val_loss-0.0006614
2024-12-22 01:01:46 - INFO - epoch-236, train_loss-0.0004984, val_loss-0.0006852
2024-12-22 01:02:24 - INFO - epoch-237, train_loss-0.0004959, val_loss-0.0007289
2024-12-22 01:03:02 - INFO - epoch-238, train_loss-0.0004950, val_loss-0.0006971
2024-12-22 01:03:39 - INFO - epoch-239, train_loss-0.0004940, val_loss-0.0006998
2024-12-22 01:04:17 - INFO - epoch-240, train_loss-0.0004922, val_loss-0.0007240
2024-12-22 01:04:55 - INFO - epoch-241, train_loss-0.0004913, val_loss-0.0007278
2024-12-22 01:05:33 - INFO - epoch-242, train_loss-0.0004895, val_loss-0.0007968
2024-12-22 01:06:11 - INFO - epoch-243, train_loss-0.0004863, val_loss-0.0007531
2024-12-22 01:06:49 - INFO - epoch-244, train_loss-0.0004853, val_loss-0.0006756
2024-12-22 01:07:26 - INFO - epoch-245, train_loss-0.0004832, val_loss-0.0006987
2024-12-22 01:08:04 - INFO - epoch-246, train_loss-0.0004808, val_loss-0.0006907
2024-12-22 01:08:42 - INFO - epoch-247, train_loss-0.0004799, val_loss-0.0007909
2024-12-22 01:09:20 - INFO - epoch-248, train_loss-0.0004807, val_loss-0.0008778
2024-12-22 01:09:58 - INFO - epoch-249, train_loss-0.0004800, val_loss-0.0009072
2024-12-22 01:10:36 - INFO - epoch-250, train_loss-0.0004771, val_loss-0.0008016
2024-12-22 01:11:15 - INFO - epoch-251, train_loss-0.0004712, val_loss-0.0007987
2024-12-22 01:11:53 - INFO - epoch-252, train_loss-0.0004681, val_loss-0.0007999
2024-12-22 01:12:32 - INFO - epoch-253, train_loss-0.0004632, val_loss-0.0008280
2024-12-22 01:13:09 - INFO - epoch-254, train_loss-0.0004638, val_loss-0.0007488
2024-12-22 01:13:47 - INFO - epoch-255, train_loss-0.0004609, val_loss-0.0008547
2024-12-22 01:14:25 - INFO - epoch-256, train_loss-0.0004555, val_loss-0.0009137
2024-12-22 01:15:03 - INFO - epoch-257, train_loss-0.0004533, val_loss-0.0008796
2024-12-22 01:15:41 - INFO - epoch-258, train_loss-0.0004520, val_loss-0.0008773
2024-12-22 01:16:18 - INFO - epoch-259, train_loss-0.0004521, val_loss-0.0008511
2024-12-22 01:16:56 - INFO - epoch-260, train_loss-0.0004548, val_loss-0.0008156
2024-12-22 01:17:34 - INFO - epoch-261, train_loss-0.0004562, val_loss-0.0009180
2024-12-22 01:18:12 - INFO - epoch-262, train_loss-0.0004509, val_loss-0.0009963
2024-12-22 01:18:49 - INFO - epoch-263, train_loss-0.0004466, val_loss-0.0007263
2024-12-22 01:19:27 - INFO - epoch-264, train_loss-0.0004444, val_loss-0.0007752
2024-12-22 01:20:05 - INFO - epoch-265, train_loss-0.0004440, val_loss-0.0008682
2024-12-22 01:20:43 - INFO - epoch-266, train_loss-0.0004403, val_loss-0.0008668
2024-12-22 01:21:21 - INFO - epoch-267, train_loss-0.0004359, val_loss-0.0007740
2024-12-22 01:21:59 - INFO - epoch-268, train_loss-0.0004370, val_loss-0.0009282
2024-12-22 01:22:37 - INFO - epoch-269, train_loss-0.0004383, val_loss-0.0010063
2024-12-22 01:23:14 - INFO - epoch-270, train_loss-0.0004397, val_loss-0.0008427
2024-12-22 01:23:52 - INFO - epoch-271, train_loss-0.0004377, val_loss-0.0009841
2024-12-22 01:24:30 - INFO - epoch-272, train_loss-0.0004384, val_loss-0.0009849
2024-12-22 01:25:08 - INFO - epoch-273, train_loss-0.0004373, val_loss-0.0009224
2024-12-22 01:25:45 - INFO - epoch-274, train_loss-0.0004365, val_loss-0.0010447
2024-12-22 01:26:23 - INFO - epoch-275, train_loss-0.0004316, val_loss-0.0010499
2024-12-22 01:27:01 - INFO - epoch-276, train_loss-0.0004281, val_loss-0.0010642
2024-12-22 01:27:39 - INFO - epoch-277, train_loss-0.0004275, val_loss-0.0009425
2024-12-22 01:28:17 - INFO - epoch-278, train_loss-0.0004249, val_loss-0.0009623
2024-12-22 01:28:55 - INFO - epoch-279, train_loss-0.0004237, val_loss-0.0009431
2024-12-22 01:29:33 - INFO - epoch-280, train_loss-0.0004250, val_loss-0.0010750
2024-12-22 01:30:10 - INFO - epoch-281, train_loss-0.0004231, val_loss-0.0011276
2024-12-22 01:30:48 - INFO - epoch-282, train_loss-0.0004228, val_loss-0.0011153
2024-12-22 01:31:26 - INFO - epoch-283, train_loss-0.0004211, val_loss-0.0011985
2024-12-22 01:32:04 - INFO - epoch-284, train_loss-0.0004190, val_loss-0.0011855
2024-12-22 01:32:42 - INFO - epoch-285, train_loss-0.0004183, val_loss-0.0011425
2024-12-22 01:33:19 - INFO - epoch-286, train_loss-0.0004171, val_loss-0.0012650
2024-12-22 01:33:57 - INFO - epoch-287, train_loss-0.0004146, val_loss-0.0011328
2024-12-22 01:34:36 - INFO - epoch-288, train_loss-0.0004136, val_loss-0.0012321
2024-12-22 01:35:14 - INFO - epoch-289, train_loss-0.0004145, val_loss-0.0012182
2024-12-22 01:35:52 - INFO - epoch-290, train_loss-0.0004137, val_loss-0.0009428
2024-12-22 01:36:29 - INFO - epoch-291, train_loss-0.0004121, val_loss-0.0009790
2024-12-22 01:37:07 - INFO - epoch-292, train_loss-0.0004139, val_loss-0.0010873
2024-12-22 01:37:45 - INFO - epoch-293, train_loss-0.0004125, val_loss-0.0012887
2024-12-22 01:38:23 - INFO - epoch-294, train_loss-0.0004106, val_loss-0.0010707
2024-12-22 01:39:01 - INFO - epoch-295, train_loss-0.0004076, val_loss-0.0011253
2024-12-22 01:39:38 - INFO - epoch-296, train_loss-0.0004073, val_loss-0.0012644
2024-12-22 01:40:17 - INFO - epoch-297, train_loss-0.0004079, val_loss-0.0011556
2024-12-22 01:40:54 - INFO - epoch-298, train_loss-0.0004043, val_loss-0.0010860
2024-12-22 01:41:32 - INFO - epoch-299, train_loss-0.0004056, val_loss-0.0010332
