2024-12-26 15:54:51 - INFO - /mnt/cephfs/projects/2023110101_Ligand_fitting_to_EM_maps/My_Code/CryoLigate_Github/CryoLigate/GIGN/GIGN_EM/For_Elisei_Nov_2024/CryoLigate_GIGN_Unet/train_example.py
2024-12-26 15:54:51 - INFO - train data: 6809
2024-12-26 15:54:51 - INFO - train unqiue data: 6809
2024-12-26 15:54:51 - INFO - valid data: 757
2024-12-26 15:54:51 - INFO - valid unqiue data: 757
2024-12-26 16:04:12 - INFO - epoch-0, train_loss-0.0099127, val_loss-0.0148188
2024-12-26 16:07:37 - INFO - epoch-1, train_loss-0.0017456, val_loss-0.0146851
2024-12-26 16:11:02 - INFO - epoch-2, train_loss-0.0012771, val_loss-0.0165233
2024-12-26 16:14:26 - INFO - epoch-3, train_loss-0.0008753, val_loss-0.0165773
2024-12-26 16:17:51 - INFO - epoch-4, train_loss-0.0008210, val_loss-0.0151233
2024-12-26 16:21:16 - INFO - epoch-5, train_loss-0.0007709, val_loss-0.0171357
2024-12-26 16:24:40 - INFO - epoch-6, train_loss-0.0006780, val_loss-0.0162749
2024-12-26 16:28:05 - INFO - epoch-7, train_loss-0.0007286, val_loss-0.0158047
2024-12-26 16:31:30 - INFO - epoch-8, train_loss-0.0007041, val_loss-0.0182903
2024-12-26 16:34:54 - INFO - epoch-9, train_loss-0.0005606, val_loss-0.0205646
2024-12-26 16:38:19 - INFO - epoch-10, train_loss-0.0006240, val_loss-0.0269367
2024-12-26 16:41:43 - INFO - epoch-11, train_loss-0.0005666, val_loss-0.0274853
2024-12-26 16:45:06 - INFO - epoch-12, train_loss-0.0004920, val_loss-0.0307550
2024-12-26 16:48:59 - INFO - epoch-13, train_loss-0.0004001, val_loss-0.0269825
2024-12-26 16:55:10 - INFO - epoch-14, train_loss-0.0004092, val_loss-0.0290729
2024-12-26 16:58:34 - INFO - epoch-15, train_loss-0.0003993, val_loss-0.0229101
2024-12-26 17:01:58 - INFO - epoch-16, train_loss-0.0004223, val_loss-0.0314558
2024-12-26 17:05:22 - INFO - epoch-17, train_loss-0.0003315, val_loss-0.0397791
2024-12-26 17:08:46 - INFO - epoch-18, train_loss-0.0003374, val_loss-0.0402666
2024-12-26 17:12:09 - INFO - epoch-19, train_loss-0.0002889, val_loss-0.0329676
2024-12-26 17:15:33 - INFO - epoch-20, train_loss-0.0003135, val_loss-0.0435137
2024-12-26 17:18:57 - INFO - epoch-21, train_loss-0.0003216, val_loss-0.0570834
2024-12-26 17:22:20 - INFO - epoch-22, train_loss-0.0003648, val_loss-0.0425971
2024-12-26 17:25:44 - INFO - epoch-23, train_loss-0.0002862, val_loss-0.0591114
2024-12-26 17:29:09 - INFO - epoch-24, train_loss-0.0002748, val_loss-0.0486309
2024-12-26 17:32:33 - INFO - epoch-25, train_loss-0.0002513, val_loss-0.0678773
2024-12-26 17:35:56 - INFO - epoch-26, train_loss-0.0002438, val_loss-0.0589535
2024-12-26 17:39:20 - INFO - epoch-27, train_loss-0.0002300, val_loss-0.0609707
2024-12-26 17:42:43 - INFO - epoch-28, train_loss-0.0003055, val_loss-0.0694674
2024-12-26 17:46:07 - INFO - epoch-29, train_loss-0.0002541, val_loss-0.0611226
2024-12-26 17:49:30 - INFO - epoch-30, train_loss-0.0002250, val_loss-0.0699694
2024-12-26 17:54:20 - INFO - epoch-31, train_loss-0.0002406, val_loss-0.0552600
2024-12-26 18:00:05 - INFO - epoch-32, train_loss-0.0002058, val_loss-0.0590092
2024-12-26 18:03:29 - INFO - epoch-33, train_loss-0.0002421, val_loss-0.0625919
2024-12-26 18:06:52 - INFO - epoch-34, train_loss-0.0002114, val_loss-0.0627812
2024-12-26 18:10:16 - INFO - epoch-35, train_loss-0.0002231, val_loss-0.0596037
2024-12-26 18:13:40 - INFO - epoch-36, train_loss-0.0002164, val_loss-0.0393173
2024-12-26 18:17:03 - INFO - epoch-37, train_loss-0.0001896, val_loss-0.0611288
2024-12-26 18:20:27 - INFO - epoch-38, train_loss-0.0002188, val_loss-0.0611015
2024-12-26 18:23:51 - INFO - epoch-39, train_loss-0.0001772, val_loss-0.0454699
2024-12-26 18:27:15 - INFO - epoch-40, train_loss-0.0001859, val_loss-0.0524423
2024-12-26 18:30:39 - INFO - epoch-41, train_loss-0.0001883, val_loss-0.0325213
2024-12-26 18:34:02 - INFO - epoch-42, train_loss-0.0002034, val_loss-0.0402850
2024-12-26 18:37:26 - INFO - epoch-43, train_loss-0.0002168, val_loss-0.0370238
2024-12-26 18:40:49 - INFO - epoch-44, train_loss-0.0001696, val_loss-0.0673842
2024-12-26 18:44:13 - INFO - epoch-45, train_loss-0.0001303, val_loss-0.0637195
2024-12-26 18:47:36 - INFO - epoch-46, train_loss-0.0001850, val_loss-0.0198696
2024-12-26 18:51:00 - INFO - epoch-47, train_loss-0.0001784, val_loss-0.0569434
2024-12-26 18:54:23 - INFO - epoch-48, train_loss-0.0001632, val_loss-0.0061409
2024-12-26 19:00:03 - INFO - epoch-49, train_loss-0.0001360, val_loss-0.0184014
2024-12-26 19:04:11 - INFO - epoch-50, train_loss-0.0001470, val_loss-0.0073859
2024-12-26 19:07:34 - INFO - epoch-51, train_loss-0.0001451, val_loss-0.0117680
2024-12-26 19:10:58 - INFO - epoch-52, train_loss-0.0001616, val_loss-0.0152835
2024-12-26 19:14:21 - INFO - epoch-53, train_loss-0.0001515, val_loss-0.0097488
2024-12-26 19:17:44 - INFO - epoch-54, train_loss-0.0001725, val_loss-0.0079737
2024-12-26 19:21:07 - INFO - epoch-55, train_loss-0.0001567, val_loss-0.0182222
2024-12-26 19:24:30 - INFO - epoch-56, train_loss-0.0001766, val_loss-0.0035491
2024-12-26 19:27:53 - INFO - epoch-57, train_loss-0.0001329, val_loss-0.0113071
2024-12-26 19:31:16 - INFO - epoch-58, train_loss-0.0001425, val_loss-0.0102541
2024-12-26 19:34:39 - INFO - epoch-59, train_loss-0.0001532, val_loss-0.0047804
2024-12-26 19:38:02 - INFO - epoch-60, train_loss-0.0001580, val_loss-0.0047662
2024-12-26 19:41:25 - INFO - epoch-61, train_loss-0.0001496, val_loss-0.0079374
2024-12-26 19:44:48 - INFO - epoch-62, train_loss-0.0002241, val_loss-0.0049830
2024-12-26 19:48:10 - INFO - epoch-63, train_loss-0.0001310, val_loss-0.0044176
2024-12-26 19:51:33 - INFO - epoch-64, train_loss-0.0001652, val_loss-0.0032445
2024-12-26 19:54:55 - INFO - epoch-65, train_loss-0.0001436, val_loss-0.0026296
2024-12-26 19:58:33 - INFO - epoch-66, train_loss-0.0001106, val_loss-0.0025421
2024-12-26 20:04:46 - INFO - epoch-67, train_loss-0.0001295, val_loss-0.0044140
2024-12-26 20:08:09 - INFO - epoch-68, train_loss-0.0001372, val_loss-0.0033022
2024-12-26 20:11:31 - INFO - epoch-69, train_loss-0.0001191, val_loss-0.0034133
2024-12-26 20:14:53 - INFO - epoch-70, train_loss-0.0001101, val_loss-0.0044056
2024-12-26 20:18:16 - INFO - epoch-71, train_loss-0.0001511, val_loss-0.0042775
2024-12-26 20:21:38 - INFO - epoch-72, train_loss-0.0001962, val_loss-0.0035238
2024-12-26 20:25:00 - INFO - epoch-73, train_loss-0.0001661, val_loss-0.0056701
2024-12-26 20:28:23 - INFO - epoch-74, train_loss-0.0001208, val_loss-0.0037049
2024-12-26 20:31:46 - INFO - epoch-75, train_loss-0.0001333, val_loss-0.0025463
2024-12-26 20:35:08 - INFO - epoch-76, train_loss-0.0001163, val_loss-0.0023788
2024-12-26 20:38:31 - INFO - epoch-77, train_loss-0.0001276, val_loss-0.0028632
2024-12-26 20:41:53 - INFO - epoch-78, train_loss-0.0001214, val_loss-0.0028482
2024-12-26 20:45:15 - INFO - epoch-79, train_loss-0.0001390, val_loss-0.0040058
2024-12-26 20:48:37 - INFO - epoch-80, train_loss-0.0001544, val_loss-0.0035841
2024-12-26 20:51:59 - INFO - epoch-81, train_loss-0.0001335, val_loss-0.0043229
2024-12-26 20:55:21 - INFO - epoch-82, train_loss-0.0001630, val_loss-0.0060815
2024-12-26 20:58:43 - INFO - epoch-83, train_loss-0.0001240, val_loss-0.0028473
2024-12-26 21:03:14 - INFO - epoch-84, train_loss-0.0001183, val_loss-0.0033986
2024-12-26 21:09:23 - INFO - epoch-85, train_loss-0.0000995, val_loss-0.0034408
2024-12-26 21:12:45 - INFO - epoch-86, train_loss-0.0001738, val_loss-0.0022413
2024-12-26 21:16:06 - INFO - epoch-87, train_loss-0.0001285, val_loss-0.0031044
2024-12-26 21:19:28 - INFO - epoch-88, train_loss-0.0001076, val_loss-0.0028409
2024-12-26 21:22:50 - INFO - epoch-89, train_loss-0.0001030, val_loss-0.0021272
2024-12-26 21:26:12 - INFO - epoch-90, train_loss-0.0001298, val_loss-0.0040754
2024-12-26 21:29:34 - INFO - epoch-91, train_loss-0.0001137, val_loss-0.0036901
2024-12-26 21:32:56 - INFO - epoch-92, train_loss-0.0001216, val_loss-0.0062530
2024-12-26 21:36:18 - INFO - epoch-93, train_loss-0.0001081, val_loss-0.0033389
2024-12-26 21:39:40 - INFO - epoch-94, train_loss-0.0001321, val_loss-0.0040733
2024-12-26 21:43:01 - INFO - epoch-95, train_loss-0.0001272, val_loss-0.0057121
2024-12-26 21:46:23 - INFO - epoch-96, train_loss-0.0001063, val_loss-0.0045958
2024-12-26 21:49:45 - INFO - epoch-97, train_loss-0.0001106, val_loss-0.0083814
2024-12-26 21:53:07 - INFO - epoch-98, train_loss-0.0001099, val_loss-0.0075966
2024-12-26 21:56:29 - INFO - epoch-99, train_loss-0.0001254, val_loss-0.0036835
2024-12-26 21:59:50 - INFO - epoch-100, train_loss-0.0000981, val_loss-0.0052720
2024-12-26 22:03:12 - INFO - epoch-101, train_loss-0.0001953, val_loss-0.0062192
2024-12-26 22:07:58 - INFO - epoch-102, train_loss-0.0001412, val_loss-0.0038293
2024-12-26 22:13:47 - INFO - epoch-103, train_loss-0.0001512, val_loss-0.0030062
2024-12-26 22:17:08 - INFO - epoch-104, train_loss-0.0001037, val_loss-0.0035619
2024-12-26 22:20:30 - INFO - epoch-105, train_loss-0.0001195, val_loss-0.0038252
2024-12-26 22:23:52 - INFO - epoch-106, train_loss-0.0001104, val_loss-0.0032312
2024-12-26 22:27:13 - INFO - epoch-107, train_loss-0.0001203, val_loss-0.0052293
2024-12-26 22:30:36 - INFO - epoch-108, train_loss-0.0001078, val_loss-0.0047556
2024-12-26 22:33:58 - INFO - epoch-109, train_loss-0.0001381, val_loss-0.0050493
2024-12-26 22:37:20 - INFO - epoch-110, train_loss-0.0001088, val_loss-0.0066897
2024-12-26 22:40:41 - INFO - epoch-111, train_loss-0.0001263, val_loss-0.0067662
2024-12-26 22:44:03 - INFO - epoch-112, train_loss-0.0001268, val_loss-0.0043198
2024-12-26 22:47:24 - INFO - epoch-113, train_loss-0.0001111, val_loss-0.0053987
2024-12-26 22:50:47 - INFO - epoch-114, train_loss-0.0001153, val_loss-0.0068182
2024-12-26 22:54:08 - INFO - epoch-115, train_loss-0.0001134, val_loss-0.0059043
2024-12-26 22:57:30 - INFO - epoch-116, train_loss-0.0001169, val_loss-0.0056907
2024-12-26 23:00:51 - INFO - epoch-117, train_loss-0.0001238, val_loss-0.0093153
2024-12-26 23:04:14 - INFO - epoch-118, train_loss-0.0001187, val_loss-0.0065416
2024-12-26 23:07:36 - INFO - epoch-119, train_loss-0.0001202, val_loss-0.0059264
2024-12-26 23:12:18 - INFO - epoch-120, train_loss-0.0000950, val_loss-0.0061059
2024-12-26 23:17:53 - INFO - epoch-121, train_loss-0.0001068, val_loss-0.0057640
2024-12-26 23:21:15 - INFO - epoch-122, train_loss-0.0000980, val_loss-0.0049894
2024-12-26 23:24:36 - INFO - epoch-123, train_loss-0.0001529, val_loss-0.0093984
2024-12-26 23:27:58 - INFO - epoch-124, train_loss-0.0001306, val_loss-0.0074078
2024-12-26 23:31:19 - INFO - epoch-125, train_loss-0.0001157, val_loss-0.0062968
2024-12-26 23:34:41 - INFO - epoch-126, train_loss-0.0000952, val_loss-0.0053966
2024-12-26 23:38:02 - INFO - epoch-127, train_loss-0.0000917, val_loss-0.0043284
2024-12-26 23:41:23 - INFO - epoch-128, train_loss-0.0001191, val_loss-0.0050397
2024-12-26 23:44:45 - INFO - epoch-129, train_loss-0.0001175, val_loss-0.0060962
2024-12-26 23:48:06 - INFO - epoch-130, train_loss-0.0001055, val_loss-0.0076656
2024-12-26 23:51:28 - INFO - epoch-131, train_loss-0.0001131, val_loss-0.0075169
2024-12-26 23:54:49 - INFO - epoch-132, train_loss-0.0001128, val_loss-0.0077676
2024-12-26 23:58:10 - INFO - epoch-133, train_loss-0.0001319, val_loss-0.0067369
2024-12-27 00:01:31 - INFO - epoch-134, train_loss-0.0000997, val_loss-0.0053999
2024-12-27 00:04:52 - INFO - epoch-135, train_loss-0.0001261, val_loss-0.0058636
2024-12-27 00:08:14 - INFO - epoch-136, train_loss-0.0001000, val_loss-0.0065675
2024-12-27 00:11:35 - INFO - epoch-137, train_loss-0.0001400, val_loss-0.0071848
2024-12-27 00:16:05 - INFO - epoch-138, train_loss-0.0001089, val_loss-0.0058992
2024-12-27 00:21:29 - INFO - epoch-139, train_loss-0.0001013, val_loss-0.0052392
2024-12-27 00:24:51 - INFO - epoch-140, train_loss-0.0001004, val_loss-0.0070116
2024-12-27 00:28:12 - INFO - epoch-141, train_loss-0.0001054, val_loss-0.0084787
2024-12-27 00:31:34 - INFO - epoch-142, train_loss-0.0001271, val_loss-0.0051494
2024-12-27 00:34:56 - INFO - epoch-143, train_loss-0.0001025, val_loss-0.0106239
2024-12-27 00:38:17 - INFO - epoch-144, train_loss-0.0001046, val_loss-0.0087379
2024-12-27 00:41:38 - INFO - epoch-145, train_loss-0.0000944, val_loss-0.0076119
2024-12-27 00:44:59 - INFO - epoch-146, train_loss-0.0001019, val_loss-0.0064017
2024-12-27 00:48:20 - INFO - epoch-147, train_loss-0.0000925, val_loss-0.0077462
2024-12-27 00:51:41 - INFO - epoch-148, train_loss-0.0001095, val_loss-0.0065942
2024-12-27 00:55:02 - INFO - epoch-149, train_loss-0.0001067, val_loss-0.0069195
2024-12-27 00:58:23 - INFO - epoch-150, train_loss-0.0000970, val_loss-0.0073196
2024-12-27 01:01:44 - INFO - epoch-151, train_loss-0.0001577, val_loss-0.0075558
2024-12-27 01:05:05 - INFO - epoch-152, train_loss-0.0001017, val_loss-0.0067527
2024-12-27 01:08:26 - INFO - epoch-153, train_loss-0.0000830, val_loss-0.0112995
2024-12-27 01:11:47 - INFO - epoch-154, train_loss-0.0001058, val_loss-0.0068215
2024-12-27 01:15:08 - INFO - epoch-155, train_loss-0.0002345, val_loss-0.0073992
2024-12-27 01:19:13 - INFO - epoch-156, train_loss-0.0001088, val_loss-0.0043389
2024-12-27 01:24:21 - INFO - epoch-157, train_loss-0.0000988, val_loss-0.0041704
2024-12-27 01:27:42 - INFO - epoch-158, train_loss-0.0001000, val_loss-0.0049056
2024-12-27 01:31:03 - INFO - epoch-159, train_loss-0.0000974, val_loss-0.0045161
2024-12-27 01:34:24 - INFO - epoch-160, train_loss-0.0001103, val_loss-0.0044191
2024-12-27 01:37:45 - INFO - epoch-161, train_loss-0.0001019, val_loss-0.0063268
2024-12-27 01:41:06 - INFO - epoch-162, train_loss-0.0001059, val_loss-0.0052460
2024-12-27 01:44:27 - INFO - epoch-163, train_loss-0.0001060, val_loss-0.0045059
2024-12-27 01:47:48 - INFO - epoch-164, train_loss-0.0001003, val_loss-0.0043758
2024-12-27 01:51:09 - INFO - epoch-165, train_loss-0.0000989, val_loss-0.0043896
2024-12-27 01:54:30 - INFO - epoch-166, train_loss-0.0001033, val_loss-0.0048704
2024-12-27 01:57:51 - INFO - epoch-167, train_loss-0.0001033, val_loss-0.0036514
2024-12-27 02:01:12 - INFO - epoch-168, train_loss-0.0000903, val_loss-0.0048953
2024-12-27 02:04:33 - INFO - epoch-169, train_loss-0.0001013, val_loss-0.0048998
2024-12-27 02:07:54 - INFO - epoch-170, train_loss-0.0000973, val_loss-0.0058710
2024-12-27 02:11:15 - INFO - epoch-171, train_loss-0.0000989, val_loss-0.0040237
2024-12-27 02:14:36 - INFO - epoch-172, train_loss-0.0001016, val_loss-0.0038729
2024-12-27 02:17:57 - INFO - epoch-173, train_loss-0.0001197, val_loss-0.0045349
2024-12-27 02:22:06 - INFO - epoch-174, train_loss-0.0000854, val_loss-0.0051135
2024-12-27 02:27:59 - INFO - epoch-175, train_loss-0.0001225, val_loss-0.0066395
2024-12-27 02:31:20 - INFO - epoch-176, train_loss-0.0001127, val_loss-0.0069642
2024-12-27 02:34:40 - INFO - epoch-177, train_loss-0.0000963, val_loss-0.0050409
2024-12-27 02:38:01 - INFO - epoch-178, train_loss-0.0002182, val_loss-0.0083588
2024-12-27 02:41:22 - INFO - epoch-179, train_loss-0.0000946, val_loss-0.0066149
2024-12-27 02:44:43 - INFO - epoch-180, train_loss-0.0000842, val_loss-0.0063384
2024-12-27 02:48:05 - INFO - epoch-181, train_loss-0.0000940, val_loss-0.0062408
2024-12-27 02:51:26 - INFO - epoch-182, train_loss-0.0000894, val_loss-0.0058901
2024-12-27 02:54:46 - INFO - epoch-183, train_loss-0.0000948, val_loss-0.0073872
2024-12-27 02:58:07 - INFO - epoch-184, train_loss-0.0001023, val_loss-0.0054919
2024-12-27 03:01:28 - INFO - epoch-185, train_loss-0.0001109, val_loss-0.0079541
2024-12-27 03:04:48 - INFO - epoch-186, train_loss-0.0000943, val_loss-0.0096125
2024-12-27 03:08:10 - INFO - epoch-187, train_loss-0.0000862, val_loss-0.0098655
2024-12-27 03:11:31 - INFO - epoch-188, train_loss-0.0001355, val_loss-0.0088122
2024-12-27 03:14:52 - INFO - epoch-189, train_loss-0.0001408, val_loss-0.0080374
2024-12-27 03:18:12 - INFO - epoch-190, train_loss-0.0000996, val_loss-0.0090499
2024-12-27 03:21:33 - INFO - epoch-191, train_loss-0.0000796, val_loss-0.0071192
2024-12-27 03:25:43 - INFO - epoch-192, train_loss-0.0000871, val_loss-0.0072925
2024-12-27 03:31:09 - INFO - epoch-193, train_loss-0.0000926, val_loss-0.0072461
2024-12-27 03:34:30 - INFO - epoch-194, train_loss-0.0000985, val_loss-0.0089650
2024-12-27 03:37:50 - INFO - epoch-195, train_loss-0.0001016, val_loss-0.0091213
2024-12-27 03:41:12 - INFO - epoch-196, train_loss-0.0001034, val_loss-0.0081973
2024-12-27 03:44:32 - INFO - epoch-197, train_loss-0.0001296, val_loss-0.0082768
2024-12-27 03:47:53 - INFO - epoch-198, train_loss-0.0000934, val_loss-0.0091523
2024-12-27 03:51:13 - INFO - epoch-199, train_loss-0.0001171, val_loss-0.0070279
2024-12-27 03:54:34 - INFO - epoch-200, train_loss-0.0001028, val_loss-0.0081446
2024-12-27 03:57:54 - INFO - epoch-201, train_loss-0.0000971, val_loss-0.0119437
2024-12-27 04:01:16 - INFO - epoch-202, train_loss-0.0000864, val_loss-0.0085101
2024-12-27 04:04:36 - INFO - epoch-203, train_loss-0.0000994, val_loss-0.0100085
2024-12-27 04:07:57 - INFO - epoch-204, train_loss-0.0000861, val_loss-0.0089850
2024-12-27 04:11:17 - INFO - epoch-205, train_loss-0.0001063, val_loss-0.0090125
2024-12-27 04:14:38 - INFO - epoch-206, train_loss-0.0001044, val_loss-0.0071710
2024-12-27 04:17:58 - INFO - epoch-207, train_loss-0.0001034, val_loss-0.0087283
2024-12-27 04:21:19 - INFO - epoch-208, train_loss-0.0000990, val_loss-0.0085453
2024-12-27 04:24:39 - INFO - epoch-209, train_loss-0.0001120, val_loss-0.0088430
2024-12-27 04:28:38 - INFO - epoch-210, train_loss-0.0001042, val_loss-0.0091408
2024-12-27 04:33:45 - INFO - epoch-211, train_loss-0.0000974, val_loss-0.0098342
2024-12-27 04:37:05 - INFO - epoch-212, train_loss-0.0001015, val_loss-0.0099773
2024-12-27 04:40:26 - INFO - epoch-213, train_loss-0.0001332, val_loss-0.0074336
2024-12-27 04:43:46 - INFO - epoch-214, train_loss-0.0000711, val_loss-0.0094797
2024-12-27 04:47:07 - INFO - epoch-215, train_loss-0.0000987, val_loss-0.0080776
2024-12-27 04:50:28 - INFO - epoch-216, train_loss-0.0000889, val_loss-0.0089816
2024-12-27 04:53:48 - INFO - epoch-217, train_loss-0.0001133, val_loss-0.0105141
2024-12-27 04:57:09 - INFO - epoch-218, train_loss-0.0001435, val_loss-0.0083693
2024-12-27 05:00:29 - INFO - epoch-219, train_loss-0.0000955, val_loss-0.0091791
2024-12-27 05:03:49 - INFO - epoch-220, train_loss-0.0001025, val_loss-0.0092750
2024-12-27 05:07:09 - INFO - epoch-221, train_loss-0.0000917, val_loss-0.0101158
2024-12-27 05:10:29 - INFO - epoch-222, train_loss-0.0001173, val_loss-0.0077524
2024-12-27 05:13:50 - INFO - epoch-223, train_loss-0.0001049, val_loss-0.0084011
2024-12-27 05:17:10 - INFO - epoch-224, train_loss-0.0000854, val_loss-0.0083527
2024-12-27 05:20:30 - INFO - epoch-225, train_loss-0.0000783, val_loss-0.0086418
2024-12-27 05:23:51 - INFO - epoch-226, train_loss-0.0000907, val_loss-0.0097587
2024-12-27 05:27:11 - INFO - epoch-227, train_loss-0.0000919, val_loss-0.0093929
2024-12-27 05:31:11 - INFO - epoch-228, train_loss-0.0000998, val_loss-0.0073428
2024-12-27 05:36:50 - INFO - epoch-229, train_loss-0.0000963, val_loss-0.0119448
2024-12-27 05:40:11 - INFO - epoch-230, train_loss-0.0000815, val_loss-0.0088473
2024-12-27 05:43:32 - INFO - epoch-231, train_loss-0.0001063, val_loss-0.0102302
2024-12-27 05:46:53 - INFO - epoch-232, train_loss-0.0000801, val_loss-0.0083571
2024-12-27 05:50:13 - INFO - epoch-233, train_loss-0.0000861, val_loss-0.0088305
2024-12-27 05:53:34 - INFO - epoch-234, train_loss-0.0000972, val_loss-0.0185431
2024-12-27 05:56:54 - INFO - epoch-235, train_loss-0.0001148, val_loss-0.0078798
2024-12-27 06:00:15 - INFO - epoch-236, train_loss-0.0000733, val_loss-0.0080132
2024-12-27 06:03:35 - INFO - epoch-237, train_loss-0.0001075, val_loss-0.0093718
2024-12-27 06:06:56 - INFO - epoch-238, train_loss-0.0000950, val_loss-0.0084100
2024-12-27 06:10:16 - INFO - epoch-239, train_loss-0.0000973, val_loss-0.0100420
2024-12-27 06:13:36 - INFO - epoch-240, train_loss-0.0001067, val_loss-0.0092777
2024-12-27 06:16:56 - INFO - epoch-241, train_loss-0.0000929, val_loss-0.0085905
2024-12-27 06:20:16 - INFO - epoch-242, train_loss-0.0000904, val_loss-0.0092870
2024-12-27 06:23:37 - INFO - epoch-243, train_loss-0.0000920, val_loss-0.0078390
2024-12-27 06:26:57 - INFO - epoch-244, train_loss-0.0000840, val_loss-0.0097801
2024-12-27 06:30:17 - INFO - epoch-245, train_loss-0.0001195, val_loss-0.0084945
2024-12-27 06:34:31 - INFO - epoch-246, train_loss-0.0000881, val_loss-0.0083786
2024-12-27 06:40:59 - INFO - epoch-247, train_loss-0.0001080, val_loss-0.0087440
2024-12-27 06:44:19 - INFO - epoch-248, train_loss-0.0000758, val_loss-0.0083205
2024-12-27 06:47:39 - INFO - epoch-249, train_loss-0.0001044, val_loss-0.0090768
2024-12-27 06:51:00 - INFO - epoch-250, train_loss-0.0001121, val_loss-0.0091341
2024-12-27 06:54:20 - INFO - epoch-251, train_loss-0.0000823, val_loss-0.0081701
2024-12-27 06:57:40 - INFO - epoch-252, train_loss-0.0000881, val_loss-0.0079867
2024-12-27 07:01:00 - INFO - epoch-253, train_loss-0.0000869, val_loss-0.0097586
2024-12-27 07:04:20 - INFO - epoch-254, train_loss-0.0001015, val_loss-0.0083769
2024-12-27 07:07:40 - INFO - epoch-255, train_loss-0.0000727, val_loss-0.0096995
2024-12-27 07:11:00 - INFO - epoch-256, train_loss-0.0000886, val_loss-0.0091643
2024-12-27 07:14:21 - INFO - epoch-257, train_loss-0.0000963, val_loss-0.0092899
2024-12-27 07:17:42 - INFO - epoch-258, train_loss-0.0001001, val_loss-0.0092648
2024-12-27 07:21:02 - INFO - epoch-259, train_loss-0.0000852, val_loss-0.0097880
2024-12-27 07:24:23 - INFO - epoch-260, train_loss-0.0000849, val_loss-0.0079242
2024-12-27 07:27:43 - INFO - epoch-261, train_loss-0.0000929, val_loss-0.0078249
2024-12-27 07:31:03 - INFO - epoch-262, train_loss-0.0000922, val_loss-0.0079039
2024-12-27 07:34:23 - INFO - epoch-263, train_loss-0.0000866, val_loss-0.0094690
2024-12-27 07:38:50 - INFO - epoch-264, train_loss-0.0000941, val_loss-0.0090836
2024-12-27 07:44:53 - INFO - epoch-265, train_loss-0.0000971, val_loss-0.0087494
2024-12-27 07:48:13 - INFO - epoch-266, train_loss-0.0001068, val_loss-0.0093571
2024-12-27 07:51:33 - INFO - epoch-267, train_loss-0.0000762, val_loss-0.0105384
2024-12-27 07:54:54 - INFO - epoch-268, train_loss-0.0000890, val_loss-0.0085615
2024-12-27 07:58:14 - INFO - epoch-269, train_loss-0.0000759, val_loss-0.0093163
2024-12-27 08:01:34 - INFO - epoch-270, train_loss-0.0001192, val_loss-0.0086952
2024-12-27 08:04:54 - INFO - epoch-271, train_loss-0.0000739, val_loss-0.0083162
2024-12-27 08:08:14 - INFO - epoch-272, train_loss-0.0000903, val_loss-0.0087162
2024-12-27 08:11:35 - INFO - epoch-273, train_loss-0.0000870, val_loss-0.0081440
2024-12-27 08:14:55 - INFO - epoch-274, train_loss-0.0000734, val_loss-0.0102736
2024-12-27 08:18:16 - INFO - epoch-275, train_loss-0.0000826, val_loss-0.0086232
2024-12-27 08:21:36 - INFO - epoch-276, train_loss-0.0000823, val_loss-0.0083731
2024-12-27 08:24:56 - INFO - epoch-277, train_loss-0.0000954, val_loss-0.0107440
2024-12-27 08:28:16 - INFO - epoch-278, train_loss-0.0001086, val_loss-0.0080274
2024-12-27 08:31:37 - INFO - epoch-279, train_loss-0.0000973, val_loss-0.0083305
2024-12-27 08:34:58 - INFO - epoch-280, train_loss-0.0000884, val_loss-0.0084343
2024-12-27 08:38:18 - INFO - epoch-281, train_loss-0.0000747, val_loss-0.0083425
2024-12-27 08:42:43 - INFO - epoch-282, train_loss-0.0000827, val_loss-0.0076749
2024-12-27 08:48:33 - INFO - epoch-283, train_loss-0.0000866, val_loss-0.0090502
2024-12-27 08:51:53 - INFO - epoch-284, train_loss-0.0000820, val_loss-0.0095386
2024-12-27 08:55:14 - INFO - epoch-285, train_loss-0.0000827, val_loss-0.0080787
2024-12-27 08:58:34 - INFO - epoch-286, train_loss-0.0000713, val_loss-0.0076477
2024-12-27 09:01:55 - INFO - epoch-287, train_loss-0.0000974, val_loss-0.0131220
2024-12-27 09:05:18 - INFO - epoch-288, train_loss-0.0001040, val_loss-0.0067452
2024-12-27 09:08:46 - INFO - epoch-289, train_loss-0.0000921, val_loss-0.0077441
2024-12-27 09:13:21 - INFO - epoch-290, train_loss-0.0000883, val_loss-0.0070360
2024-12-27 09:17:59 - INFO - epoch-291, train_loss-0.0000710, val_loss-0.0080700
2024-12-27 09:21:20 - INFO - epoch-292, train_loss-0.0000886, val_loss-0.0083119
2024-12-27 09:24:40 - INFO - epoch-293, train_loss-0.0001069, val_loss-0.0080136
2024-12-27 09:28:00 - INFO - epoch-294, train_loss-0.0000847, val_loss-0.0078391
2024-12-27 09:31:20 - INFO - epoch-295, train_loss-0.0000707, val_loss-0.0081411
2024-12-27 09:34:40 - INFO - epoch-296, train_loss-0.0002465, val_loss-0.0071346
2024-12-27 09:38:00 - INFO - epoch-297, train_loss-0.0000920, val_loss-0.0079736
2024-12-27 09:41:20 - INFO - epoch-298, train_loss-0.0000831, val_loss-0.0080926
2024-12-27 09:44:42 - INFO - epoch-299, train_loss-0.0000979, val_loss-0.0090032
