2024-12-31 12:55:10 - INFO - /proj/berzelius-2022-haloi/users/x_elima/CryoLigate_GIGN_Unet/train_example_berzilius.py
2024-12-31 12:55:10 - INFO - train data: 6809
2024-12-31 12:55:10 - INFO - train unqiue data: 6809
2024-12-31 12:55:10 - INFO - valid data: 757
2024-12-31 12:55:10 - INFO - valid unqiue data: 757
2024-12-31 12:55:55 - INFO - epoch-0, train_loss-0.0444930, val_loss-0.0522866
2024-12-31 12:55:57 - INFO - Saved model at epoch 0
2024-12-31 12:56:31 - INFO - epoch-1, train_loss-0.0411014, val_loss-0.0501099
2024-12-31 12:57:05 - INFO - epoch-2, train_loss-0.0406196, val_loss-0.0497337
2024-12-31 12:57:39 - INFO - epoch-3, train_loss-0.0405042, val_loss-0.0524339
2024-12-31 12:58:13 - INFO - epoch-4, train_loss-0.0403003, val_loss-0.0483173
2024-12-31 12:58:47 - INFO - epoch-5, train_loss-0.0402244, val_loss-0.0543674
2024-12-31 12:59:21 - INFO - epoch-6, train_loss-0.0401307, val_loss-0.0477647
2024-12-31 12:59:56 - INFO - epoch-7, train_loss-0.0400797, val_loss-0.0510420
2024-12-31 13:00:30 - INFO - epoch-8, train_loss-0.0399572, val_loss-0.0463481
2024-12-31 13:01:04 - INFO - epoch-9, train_loss-0.0399464, val_loss-0.0549434
2024-12-31 13:01:38 - INFO - epoch-10, train_loss-0.0398071, val_loss-0.0524865
2024-12-31 13:01:40 - INFO - Saved model at epoch 10
2024-12-31 13:02:14 - INFO - epoch-11, train_loss-0.0397614, val_loss-0.0545467
2024-12-31 13:02:48 - INFO - epoch-12, train_loss-0.0398043, val_loss-0.0567389
2024-12-31 13:03:22 - INFO - epoch-13, train_loss-0.0396243, val_loss-0.0512290
2024-12-31 13:03:56 - INFO - epoch-14, train_loss-0.0395089, val_loss-0.0598161
2024-12-31 13:04:30 - INFO - epoch-15, train_loss-0.0394367, val_loss-0.0573730
2024-12-31 13:05:04 - INFO - epoch-16, train_loss-0.0393587, val_loss-0.0550084
2024-12-31 13:05:38 - INFO - epoch-17, train_loss-0.0392044, val_loss-0.0608562
2024-12-31 13:06:12 - INFO - epoch-18, train_loss-0.0391070, val_loss-0.0554108
2024-12-31 13:06:46 - INFO - epoch-19, train_loss-0.0390566, val_loss-0.0587404
2024-12-31 13:07:20 - INFO - epoch-20, train_loss-0.0389255, val_loss-0.0573508
2024-12-31 13:07:22 - INFO - Saved model at epoch 20
2024-12-31 13:07:56 - INFO - epoch-21, train_loss-0.0388305, val_loss-0.0552528
2024-12-31 13:08:31 - INFO - epoch-22, train_loss-0.0386927, val_loss-0.0590231
2024-12-31 13:09:05 - INFO - epoch-23, train_loss-0.0385385, val_loss-0.0521445
2024-12-31 13:09:39 - INFO - epoch-24, train_loss-0.0383776, val_loss-0.0556342
2024-12-31 13:10:13 - INFO - epoch-25, train_loss-0.0381804, val_loss-0.0541525
2024-12-31 13:10:47 - INFO - epoch-26, train_loss-0.0380283, val_loss-0.0592966
2024-12-31 13:11:21 - INFO - epoch-27, train_loss-0.0378887, val_loss-0.0650035
2024-12-31 13:11:55 - INFO - epoch-28, train_loss-0.0376102, val_loss-0.0638688
2024-12-31 13:12:30 - INFO - epoch-29, train_loss-0.0372819, val_loss-0.0556272
2024-12-31 13:13:04 - INFO - epoch-30, train_loss-0.0370331, val_loss-0.0573103
2024-12-31 13:13:06 - INFO - Saved model at epoch 30
2024-12-31 13:13:40 - INFO - epoch-31, train_loss-0.0367038, val_loss-0.0655731
2024-12-31 13:14:14 - INFO - epoch-32, train_loss-0.0363183, val_loss-0.0602993
2024-12-31 13:14:48 - INFO - epoch-33, train_loss-0.0359469, val_loss-0.0655075
2024-12-31 13:15:22 - INFO - epoch-34, train_loss-0.0355466, val_loss-0.0669114
2024-12-31 13:15:56 - INFO - epoch-35, train_loss-0.0350613, val_loss-0.0662905
2024-12-31 13:16:30 - INFO - epoch-36, train_loss-0.0345315, val_loss-0.0685382
2024-12-31 13:17:04 - INFO - epoch-37, train_loss-0.0342211, val_loss-0.0666218
2024-12-31 13:17:38 - INFO - epoch-38, train_loss-0.0336598, val_loss-0.0624295
2024-12-31 13:18:12 - INFO - epoch-39, train_loss-0.0331715, val_loss-0.0657537
2024-12-31 13:18:46 - INFO - epoch-40, train_loss-0.0325935, val_loss-0.0764146
2024-12-31 13:18:48 - INFO - Saved model at epoch 40
2024-12-31 13:19:23 - INFO - epoch-41, train_loss-0.0320306, val_loss-0.0766254
2024-12-31 13:19:57 - INFO - epoch-42, train_loss-0.0313952, val_loss-0.0873859
2024-12-31 13:20:31 - INFO - epoch-43, train_loss-0.0308217, val_loss-0.0825944
2024-12-31 13:21:05 - INFO - epoch-44, train_loss-0.0302197, val_loss-0.0740311
2024-12-31 13:21:39 - INFO - epoch-45, train_loss-0.0295617, val_loss-0.0776476
2024-12-31 13:22:13 - INFO - epoch-46, train_loss-0.0289756, val_loss-0.0675615
2024-12-31 13:22:47 - INFO - epoch-47, train_loss-0.0281670, val_loss-0.0688049
2024-12-31 13:23:21 - INFO - epoch-48, train_loss-0.0275404, val_loss-0.0793038
2024-12-31 13:23:56 - INFO - epoch-49, train_loss-0.0267262, val_loss-0.0781839
2024-12-31 13:24:30 - INFO - epoch-50, train_loss-0.0259184, val_loss-0.0771643
2024-12-31 13:24:32 - INFO - Saved model at epoch 50
2024-12-31 13:25:06 - INFO - epoch-51, train_loss-0.0252430, val_loss-0.0942764
2024-12-31 13:25:40 - INFO - epoch-52, train_loss-0.0244963, val_loss-0.0817884
2024-12-31 13:26:14 - INFO - epoch-53, train_loss-0.0237674, val_loss-0.0982924
2024-12-31 13:26:48 - INFO - epoch-54, train_loss-0.0231672, val_loss-0.0922504
2024-12-31 13:27:22 - INFO - epoch-55, train_loss-0.0224755, val_loss-0.0901786
2024-12-31 13:27:56 - INFO - epoch-56, train_loss-0.0216719, val_loss-0.0906900
2024-12-31 13:28:30 - INFO - epoch-57, train_loss-0.0209928, val_loss-0.0862529
2024-12-31 13:29:04 - INFO - epoch-58, train_loss-0.0202934, val_loss-0.1000009
2024-12-31 13:29:38 - INFO - epoch-59, train_loss-0.0195443, val_loss-0.0905719
2024-12-31 13:30:12 - INFO - epoch-60, train_loss-0.0190040, val_loss-0.0994662
2024-12-31 13:30:15 - INFO - Saved model at epoch 60
2024-12-31 13:30:49 - INFO - epoch-61, train_loss-0.0183341, val_loss-0.1064485
2024-12-31 13:31:23 - INFO - epoch-62, train_loss-0.0178852, val_loss-0.1039063
2024-12-31 13:31:57 - INFO - epoch-63, train_loss-0.0172708, val_loss-0.1153929
2024-12-31 13:32:31 - INFO - epoch-64, train_loss-0.0167453, val_loss-0.1002107
2024-12-31 13:33:05 - INFO - epoch-65, train_loss-0.0162171, val_loss-0.1036747
2024-12-31 13:33:39 - INFO - epoch-66, train_loss-0.0156845, val_loss-0.1158703
2024-12-31 13:34:14 - INFO - epoch-67, train_loss-0.0153281, val_loss-0.1037705
2024-12-31 13:34:48 - INFO - epoch-68, train_loss-0.0148276, val_loss-0.1291045
2024-12-31 13:35:21 - INFO - epoch-69, train_loss-0.0142514, val_loss-0.1038452
2024-12-31 13:35:55 - INFO - epoch-70, train_loss-0.0139617, val_loss-0.1214559
2024-12-31 13:35:57 - INFO - Saved model at epoch 70
2024-12-31 13:36:31 - INFO - epoch-71, train_loss-0.0134233, val_loss-0.1223550
2024-12-31 13:37:05 - INFO - epoch-72, train_loss-0.0131044, val_loss-0.1133433
2024-12-31 13:37:39 - INFO - epoch-73, train_loss-0.0128165, val_loss-0.1357590
2024-12-31 13:38:13 - INFO - epoch-74, train_loss-0.0123734, val_loss-0.1297931
2024-12-31 13:38:47 - INFO - epoch-75, train_loss-0.0121683, val_loss-0.1294575
2024-12-31 13:39:21 - INFO - epoch-76, train_loss-0.0119521, val_loss-0.1284746
2024-12-31 13:39:55 - INFO - epoch-77, train_loss-0.0114863, val_loss-0.1225640
2024-12-31 13:40:29 - INFO - epoch-78, train_loss-0.0112981, val_loss-0.1140419
2024-12-31 13:41:03 - INFO - epoch-79, train_loss-0.0110665, val_loss-0.1193561
2024-12-31 13:41:37 - INFO - epoch-80, train_loss-0.0107132, val_loss-0.1501819
2024-12-31 13:41:39 - INFO - Saved model at epoch 80
2024-12-31 13:42:13 - INFO - epoch-81, train_loss-0.0106290, val_loss-0.1308379
2024-12-31 13:42:47 - INFO - epoch-82, train_loss-0.0102612, val_loss-0.1303637
2024-12-31 13:43:21 - INFO - epoch-83, train_loss-0.0101408, val_loss-0.1534023
2024-12-31 13:43:55 - INFO - epoch-84, train_loss-0.0098678, val_loss-0.1423251
2024-12-31 13:44:29 - INFO - epoch-85, train_loss-0.0096952, val_loss-0.1399647
2024-12-31 13:45:03 - INFO - epoch-86, train_loss-0.0095807, val_loss-0.1281652
2024-12-31 13:45:37 - INFO - epoch-87, train_loss-0.0092849, val_loss-0.1430565
2024-12-31 13:46:11 - INFO - epoch-88, train_loss-0.0090416, val_loss-0.1290346
2024-12-31 13:46:45 - INFO - epoch-89, train_loss-0.0088732, val_loss-0.1433841
2024-12-31 13:47:19 - INFO - epoch-90, train_loss-0.0087365, val_loss-0.1190099
2024-12-31 13:47:21 - INFO - Saved model at epoch 90
2024-12-31 13:47:55 - INFO - epoch-91, train_loss-0.0088399, val_loss-0.1232408
2024-12-31 13:48:29 - INFO - epoch-92, train_loss-0.0086563, val_loss-0.1201951
2024-12-31 13:49:03 - INFO - epoch-93, train_loss-0.0084462, val_loss-0.1205037
2024-12-31 13:49:37 - INFO - epoch-94, train_loss-0.0082647, val_loss-0.1465101
2024-12-31 13:50:11 - INFO - epoch-95, train_loss-0.0081315, val_loss-0.1308186
2024-12-31 13:50:45 - INFO - epoch-96, train_loss-0.0081335, val_loss-0.1404042
2024-12-31 13:51:19 - INFO - epoch-97, train_loss-0.0080375, val_loss-0.1539542
2024-12-31 13:51:53 - INFO - epoch-98, train_loss-0.0078826, val_loss-0.1501981
2024-12-31 13:52:27 - INFO - epoch-99, train_loss-0.0077174, val_loss-0.2064588
2024-12-31 13:53:01 - INFO - epoch-100, train_loss-0.0075777, val_loss-0.2553470
2024-12-31 13:53:03 - INFO - Saved model at epoch 100
2024-12-31 13:53:37 - INFO - epoch-101, train_loss-0.0076580, val_loss-0.1902474
2024-12-31 13:54:11 - INFO - epoch-102, train_loss-0.0075854, val_loss-0.2264653
2024-12-31 13:54:45 - INFO - epoch-103, train_loss-0.0074364, val_loss-0.2130260
2024-12-31 13:55:19 - INFO - epoch-104, train_loss-0.0073614, val_loss-0.2088577
2024-12-31 13:55:53 - INFO - epoch-105, train_loss-0.0070723, val_loss-0.1258089
2024-12-31 13:56:27 - INFO - epoch-106, train_loss-0.0070235, val_loss-0.1759657
2024-12-31 13:57:01 - INFO - epoch-107, train_loss-0.0071244, val_loss-0.1997272
2024-12-31 13:57:35 - INFO - epoch-108, train_loss-0.0071393, val_loss-0.2155239
2024-12-31 13:58:09 - INFO - epoch-109, train_loss-0.0069839, val_loss-0.1894608
2024-12-31 13:58:43 - INFO - epoch-110, train_loss-0.0069224, val_loss-0.2337105
2024-12-31 13:58:45 - INFO - Saved model at epoch 110
2024-12-31 13:59:19 - INFO - epoch-111, train_loss-0.0069327, val_loss-0.2018476
2024-12-31 13:59:53 - INFO - epoch-112, train_loss-0.0068057, val_loss-0.1898693
2024-12-31 14:00:29 - INFO - epoch-113, train_loss-0.0065936, val_loss-0.1851361
2024-12-31 14:01:03 - INFO - epoch-114, train_loss-0.0064816, val_loss-0.1752590
2024-12-31 14:01:37 - INFO - epoch-115, train_loss-0.0064650, val_loss-0.2719347
2024-12-31 14:02:11 - INFO - epoch-116, train_loss-0.0065028, val_loss-0.2120420
2024-12-31 14:02:45 - INFO - epoch-117, train_loss-0.0064952, val_loss-0.1996212
2024-12-31 14:03:19 - INFO - epoch-118, train_loss-0.0062544, val_loss-0.1955130
2024-12-31 14:03:53 - INFO - epoch-119, train_loss-0.0062795, val_loss-0.2033496
2024-12-31 14:04:27 - INFO - epoch-120, train_loss-0.0063125, val_loss-0.1726221
2024-12-31 14:04:29 - INFO - Saved model at epoch 120
2024-12-31 14:05:03 - INFO - epoch-121, train_loss-0.0062642, val_loss-0.1948709
2024-12-31 14:05:37 - INFO - epoch-122, train_loss-0.0062618, val_loss-0.1849882
2024-12-31 14:06:11 - INFO - epoch-123, train_loss-0.0062425, val_loss-0.1879384
2024-12-31 14:06:45 - INFO - epoch-124, train_loss-0.0062203, val_loss-0.1703158
2024-12-31 14:07:19 - INFO - epoch-125, train_loss-0.0059471, val_loss-0.1713629
2024-12-31 14:07:53 - INFO - epoch-126, train_loss-0.0059989, val_loss-0.1875552
2024-12-31 14:08:27 - INFO - epoch-127, train_loss-0.0061623, val_loss-0.1990259
2024-12-31 14:09:01 - INFO - epoch-128, train_loss-0.0061198, val_loss-0.2000213
2024-12-31 14:09:36 - INFO - epoch-129, train_loss-0.0058787, val_loss-0.1771376
2024-12-31 14:10:09 - INFO - epoch-130, train_loss-0.0055937, val_loss-0.2178071
2024-12-31 14:10:11 - INFO - Saved model at epoch 130
2024-12-31 14:10:46 - INFO - epoch-131, train_loss-0.0057050, val_loss-0.1805748
2024-12-31 14:11:53 - INFO - epoch-132, train_loss-0.0061239, val_loss-0.2288131
2024-12-31 14:12:33 - INFO - epoch-133, train_loss-0.0060186, val_loss-0.1705681
2024-12-31 14:13:23 - INFO - epoch-134, train_loss-0.0057554, val_loss-0.1831308
2024-12-31 14:14:02 - INFO - epoch-135, train_loss-0.0056699, val_loss-0.2050692
2024-12-31 14:14:37 - INFO - epoch-136, train_loss-0.0054136, val_loss-0.2581507
2024-12-31 14:15:13 - INFO - epoch-137, train_loss-0.0054747, val_loss-0.1789513
2024-12-31 14:15:47 - INFO - epoch-138, train_loss-0.0056739, val_loss-0.1735119
2024-12-31 14:16:21 - INFO - epoch-139, train_loss-0.0059483, val_loss-0.1845414
2024-12-31 14:16:55 - INFO - epoch-140, train_loss-0.0055953, val_loss-0.1783284
2024-12-31 14:16:57 - INFO - Saved model at epoch 140
2024-12-31 14:17:32 - INFO - epoch-141, train_loss-0.0052716, val_loss-0.1788851
2024-12-31 14:18:06 - INFO - epoch-142, train_loss-0.0053123, val_loss-0.1715020
2024-12-31 14:18:41 - INFO - epoch-143, train_loss-0.0055250, val_loss-0.1599781
2024-12-31 14:19:16 - INFO - epoch-144, train_loss-0.0057091, val_loss-0.1611176
2024-12-31 14:19:50 - INFO - epoch-145, train_loss-0.0055313, val_loss-0.2219794
2024-12-31 14:20:24 - INFO - epoch-146, train_loss-0.0053486, val_loss-0.2161285
2024-12-31 14:20:58 - INFO - epoch-147, train_loss-0.0053304, val_loss-0.2068206
2024-12-31 14:21:32 - INFO - epoch-148, train_loss-0.0051272, val_loss-0.2102713
2024-12-31 14:22:06 - INFO - epoch-149, train_loss-0.0055198, val_loss-0.1958510
2024-12-31 14:22:40 - INFO - epoch-150, train_loss-0.0054475, val_loss-0.1757537
2024-12-31 14:22:42 - INFO - Saved model at epoch 150
2024-12-31 14:23:16 - INFO - epoch-151, train_loss-0.0054090, val_loss-0.1955649
2024-12-31 14:23:50 - INFO - epoch-152, train_loss-0.0053280, val_loss-0.1745734
2024-12-31 14:24:24 - INFO - epoch-153, train_loss-0.0051580, val_loss-0.1572871
2024-12-31 14:24:59 - INFO - epoch-154, train_loss-0.0051643, val_loss-0.1409564
2024-12-31 14:25:33 - INFO - epoch-155, train_loss-0.0053471, val_loss-0.1823902
2024-12-31 14:26:07 - INFO - epoch-156, train_loss-0.0051326, val_loss-0.1525529
2024-12-31 14:26:41 - INFO - epoch-157, train_loss-0.0049829, val_loss-0.1701315
2024-12-31 14:27:15 - INFO - epoch-158, train_loss-0.0051681, val_loss-0.1573326
2024-12-31 14:27:49 - INFO - epoch-159, train_loss-0.0053371, val_loss-0.1973227
2024-12-31 14:28:23 - INFO - epoch-160, train_loss-0.0052026, val_loss-0.1774120
2024-12-31 14:28:25 - INFO - Saved model at epoch 160
2024-12-31 14:28:59 - INFO - epoch-161, train_loss-0.0050878, val_loss-0.1767008
2024-12-31 14:29:33 - INFO - epoch-162, train_loss-0.0049121, val_loss-0.1825039
2024-12-31 14:30:07 - INFO - epoch-163, train_loss-0.0049219, val_loss-0.1651751
2024-12-31 14:30:42 - INFO - epoch-164, train_loss-0.0052841, val_loss-0.1634768
2024-12-31 14:31:16 - INFO - epoch-165, train_loss-0.0056113, val_loss-0.1532659
2024-12-31 14:31:50 - INFO - epoch-166, train_loss-0.0052242, val_loss-0.1398378
2024-12-31 14:32:24 - INFO - epoch-167, train_loss-0.0048953, val_loss-0.1842848
2024-12-31 14:32:58 - INFO - epoch-168, train_loss-0.0045627, val_loss-0.1570746
2024-12-31 14:33:32 - INFO - epoch-169, train_loss-0.0045515, val_loss-0.1603822
2024-12-31 14:34:06 - INFO - epoch-170, train_loss-0.0049238, val_loss-0.1666683
2024-12-31 14:34:08 - INFO - Saved model at epoch 170
2024-12-31 14:34:42 - INFO - epoch-171, train_loss-0.0056402, val_loss-0.1677722
2024-12-31 14:35:16 - INFO - epoch-172, train_loss-0.0053689, val_loss-0.1380837
2024-12-31 14:35:50 - INFO - epoch-173, train_loss-0.0049410, val_loss-0.1870017
2024-12-31 14:36:24 - INFO - epoch-174, train_loss-0.0045809, val_loss-0.1748024
2024-12-31 14:36:58 - INFO - epoch-175, train_loss-0.0044138, val_loss-0.1932378
2024-12-31 14:37:32 - INFO - epoch-176, train_loss-0.0045997, val_loss-0.1887393
2024-12-31 14:38:06 - INFO - epoch-177, train_loss-0.0053470, val_loss-0.1622234
2024-12-31 14:38:41 - INFO - epoch-178, train_loss-0.0054223, val_loss-0.1842676
2024-12-31 14:39:15 - INFO - epoch-179, train_loss-0.0048365, val_loss-0.1664482
2024-12-31 14:39:49 - INFO - epoch-180, train_loss-0.0045106, val_loss-0.1518142
2024-12-31 14:39:51 - INFO - Saved model at epoch 180
2024-12-31 14:40:25 - INFO - epoch-181, train_loss-0.0044766, val_loss-0.1435344
2024-12-31 14:40:59 - INFO - epoch-182, train_loss-0.0046088, val_loss-0.1469408
2024-12-31 14:41:33 - INFO - epoch-183, train_loss-0.0050809, val_loss-0.1323904
2024-12-31 14:42:07 - INFO - epoch-184, train_loss-0.0052316, val_loss-0.1931620
2024-12-31 14:42:41 - INFO - epoch-185, train_loss-0.0051296, val_loss-0.1451226
2024-12-31 14:43:15 - INFO - epoch-186, train_loss-0.0045823, val_loss-0.1668749
2024-12-31 14:43:49 - INFO - epoch-187, train_loss-0.0044198, val_loss-0.1488501
2024-12-31 14:44:23 - INFO - epoch-188, train_loss-0.0044594, val_loss-0.1178311
2024-12-31 14:44:57 - INFO - epoch-189, train_loss-0.0045692, val_loss-0.1498679
2024-12-31 14:45:32 - INFO - epoch-190, train_loss-0.0047878, val_loss-0.1392181
2024-12-31 14:45:34 - INFO - Saved model at epoch 190
2024-12-31 14:46:08 - INFO - epoch-191, train_loss-0.0054258, val_loss-0.1674132
2024-12-31 14:46:42 - INFO - epoch-192, train_loss-0.0049201, val_loss-0.1433255
2024-12-31 14:47:16 - INFO - epoch-193, train_loss-0.0044175, val_loss-0.1343709
2024-12-31 14:47:50 - INFO - epoch-194, train_loss-0.0042408, val_loss-0.1515823
2024-12-31 14:48:25 - INFO - epoch-195, train_loss-0.0042871, val_loss-0.1277655
2024-12-31 14:48:59 - INFO - epoch-196, train_loss-0.0044610, val_loss-0.1576958
2024-12-31 14:49:33 - INFO - epoch-197, train_loss-0.0052599, val_loss-0.1833836
2024-12-31 14:50:08 - INFO - epoch-198, train_loss-0.0054661, val_loss-0.1595357
2024-12-31 14:50:42 - INFO - epoch-199, train_loss-0.0046369, val_loss-0.1497596
2024-12-31 14:51:16 - INFO - epoch-200, train_loss-0.0040084, val_loss-0.1352613
2024-12-31 14:51:18 - INFO - Saved model at epoch 200
2024-12-31 14:51:53 - INFO - epoch-201, train_loss-0.0039113, val_loss-0.1427132
2024-12-31 14:52:27 - INFO - epoch-202, train_loss-0.0042298, val_loss-0.1647044
2024-12-31 14:53:02 - INFO - epoch-203, train_loss-0.0053456, val_loss-0.1329503
2024-12-31 14:53:37 - INFO - epoch-204, train_loss-0.0057858, val_loss-0.1557732
2024-12-31 14:54:10 - INFO - epoch-205, train_loss-0.0049224, val_loss-0.1560863
2024-12-31 14:54:45 - INFO - epoch-206, train_loss-0.0040046, val_loss-0.1343242
2024-12-31 14:55:19 - INFO - epoch-207, train_loss-0.0036417, val_loss-0.1496745
2024-12-31 14:55:53 - INFO - epoch-208, train_loss-0.0037895, val_loss-0.1469997
2024-12-31 14:56:27 - INFO - epoch-209, train_loss-0.0045830, val_loss-0.1910590
2024-12-31 14:57:01 - INFO - epoch-210, train_loss-0.0058631, val_loss-0.1434229
2024-12-31 14:57:03 - INFO - Saved model at epoch 210
2024-12-31 14:57:37 - INFO - epoch-211, train_loss-0.0054538, val_loss-0.1568807
2024-12-31 14:58:11 - INFO - epoch-212, train_loss-0.0044189, val_loss-0.1436751
2024-12-31 14:58:45 - INFO - epoch-213, train_loss-0.0037402, val_loss-0.1690990
2024-12-31 14:59:19 - INFO - epoch-214, train_loss-0.0036212, val_loss-0.1652331
2024-12-31 14:59:53 - INFO - epoch-215, train_loss-0.0039227, val_loss-0.1426172
2024-12-31 15:00:27 - INFO - epoch-216, train_loss-0.0048437, val_loss-0.1238309
2024-12-31 15:01:01 - INFO - epoch-217, train_loss-0.0060006, val_loss-0.1438522
2024-12-31 15:01:36 - INFO - epoch-218, train_loss-0.0055657, val_loss-0.1368196
2024-12-31 15:02:10 - INFO - epoch-219, train_loss-0.0043126, val_loss-0.1327790
2024-12-31 15:02:46 - INFO - epoch-220, train_loss-0.0035493, val_loss-0.1645676
2024-12-31 15:02:48 - INFO - Saved model at epoch 220
2024-12-31 15:03:22 - INFO - epoch-221, train_loss-0.0033016, val_loss-0.1590473
2024-12-31 15:03:56 - INFO - epoch-222, train_loss-0.0037120, val_loss-0.1857704
2024-12-31 15:04:30 - INFO - epoch-223, train_loss-0.0050493, val_loss-0.1593019
2024-12-31 15:05:04 - INFO - epoch-224, train_loss-0.0066391, val_loss-0.1435038
2024-12-31 15:05:39 - INFO - epoch-225, train_loss-0.0054339, val_loss-0.1507119
2024-12-31 15:06:14 - INFO - epoch-226, train_loss-0.0039585, val_loss-0.1547661
2024-12-31 15:06:51 - INFO - epoch-227, train_loss-0.0033262, val_loss-0.1684406
2024-12-31 15:07:27 - INFO - epoch-228, train_loss-0.0032091, val_loss-0.1423390
2024-12-31 15:08:03 - INFO - epoch-229, train_loss-0.0040252, val_loss-0.1253101
2024-12-31 15:08:37 - INFO - epoch-230, train_loss-0.0056385, val_loss-0.1352240
2024-12-31 15:08:39 - INFO - Saved model at epoch 230
2024-12-31 15:09:13 - INFO - epoch-231, train_loss-0.0061215, val_loss-0.1287335
2024-12-31 15:09:48 - INFO - epoch-232, train_loss-0.0046253, val_loss-0.1193641
2024-12-31 15:10:22 - INFO - epoch-233, train_loss-0.0037703, val_loss-0.1334958
2024-12-31 15:10:56 - INFO - epoch-234, train_loss-0.0033773, val_loss-0.1217315
2024-12-31 15:11:31 - INFO - epoch-235, train_loss-0.0034333, val_loss-0.1265536
2024-12-31 15:12:05 - INFO - epoch-236, train_loss-0.0038989, val_loss-0.1395746
2024-12-31 15:12:40 - INFO - epoch-237, train_loss-0.0057295, val_loss-0.1121736
2024-12-31 15:13:14 - INFO - epoch-238, train_loss-0.0064504, val_loss-0.1179874
2024-12-31 15:13:48 - INFO - epoch-239, train_loss-0.0047135, val_loss-0.1151984
2024-12-31 15:14:22 - INFO - epoch-240, train_loss-0.0035992, val_loss-0.1235750
2024-12-31 15:14:24 - INFO - Saved model at epoch 240
2024-12-31 15:14:58 - INFO - epoch-241, train_loss-0.0032572, val_loss-0.1239987
2024-12-31 15:15:33 - INFO - epoch-242, train_loss-0.0032852, val_loss-0.1069139
2024-12-31 15:16:07 - INFO - epoch-243, train_loss-0.0037656, val_loss-0.1388870
2024-12-31 15:16:42 - INFO - epoch-244, train_loss-0.0052928, val_loss-0.1163845
2024-12-31 15:17:16 - INFO - epoch-245, train_loss-0.0066565, val_loss-0.1289988
2024-12-31 15:17:50 - INFO - epoch-246, train_loss-0.0051138, val_loss-0.1198250
2024-12-31 15:18:24 - INFO - epoch-247, train_loss-0.0037325, val_loss-0.1203297
2024-12-31 15:18:58 - INFO - epoch-248, train_loss-0.0031735, val_loss-0.1362113
2024-12-31 15:19:32 - INFO - epoch-249, train_loss-0.0030727, val_loss-0.1161180
2024-12-31 15:20:06 - INFO - epoch-250, train_loss-0.0035570, val_loss-0.1131945
2024-12-31 15:20:10 - INFO - Saved model at epoch 250
2024-12-31 15:20:45 - INFO - epoch-251, train_loss-0.0059485, val_loss-0.1204239
2024-12-31 15:21:19 - INFO - epoch-252, train_loss-0.0067169, val_loss-0.1219046
2024-12-31 15:21:53 - INFO - epoch-253, train_loss-0.0046851, val_loss-0.1201172
2024-12-31 15:22:27 - INFO - epoch-254, train_loss-0.0034276, val_loss-0.1162007
2024-12-31 15:23:01 - INFO - epoch-255, train_loss-0.0029577, val_loss-0.1408511
2024-12-31 15:23:35 - INFO - epoch-256, train_loss-0.0030777, val_loss-0.1346170
2024-12-31 15:24:09 - INFO - epoch-257, train_loss-0.0038691, val_loss-0.1122982
2024-12-31 15:24:43 - INFO - epoch-258, train_loss-0.0066657, val_loss-0.1130927
2024-12-31 15:25:17 - INFO - epoch-259, train_loss-0.0063634, val_loss-0.1033140
2024-12-31 15:25:51 - INFO - epoch-260, train_loss-0.0043806, val_loss-0.1057280
2024-12-31 15:25:53 - INFO - Saved model at epoch 260
2024-12-31 15:26:27 - INFO - epoch-261, train_loss-0.0033212, val_loss-0.1089946
2024-12-31 15:27:01 - INFO - epoch-262, train_loss-0.0029840, val_loss-0.1063139
2024-12-31 15:27:35 - INFO - epoch-263, train_loss-0.0030540, val_loss-0.1158676
2024-12-31 15:28:10 - INFO - epoch-264, train_loss-0.0035943, val_loss-0.1261472
2024-12-31 15:28:44 - INFO - epoch-265, train_loss-0.0056951, val_loss-0.1080086
2024-12-31 15:29:18 - INFO - epoch-266, train_loss-0.0068005, val_loss-0.1238238
2024-12-31 15:29:52 - INFO - epoch-267, train_loss-0.0049035, val_loss-0.1144366
2024-12-31 15:30:26 - INFO - epoch-268, train_loss-0.0035654, val_loss-0.1111866
2024-12-31 15:31:00 - INFO - epoch-269, train_loss-0.0028957, val_loss-0.1074578
2024-12-31 15:31:34 - INFO - epoch-270, train_loss-0.0028870, val_loss-0.1055370
2024-12-31 15:31:37 - INFO - Saved model at epoch 270
2024-12-31 15:32:12 - INFO - epoch-271, train_loss-0.0034042, val_loss-0.1318332
2024-12-31 15:32:46 - INFO - epoch-272, train_loss-0.0060654, val_loss-0.1085173
2024-12-31 15:33:20 - INFO - epoch-273, train_loss-0.0068481, val_loss-0.1033547
2024-12-31 15:33:54 - INFO - epoch-274, train_loss-0.0048159, val_loss-0.1232231
2024-12-31 15:34:32 - INFO - epoch-275, train_loss-0.0034559, val_loss-0.1183272
2024-12-31 15:35:07 - INFO - epoch-276, train_loss-0.0029874, val_loss-0.1073406
2024-12-31 15:35:42 - INFO - epoch-277, train_loss-0.0029840, val_loss-0.1225995
2024-12-31 15:36:17 - INFO - epoch-278, train_loss-0.0033985, val_loss-0.1200720
2024-12-31 15:36:51 - INFO - epoch-279, train_loss-0.0053670, val_loss-0.1129371
2024-12-31 15:37:28 - INFO - epoch-280, train_loss-0.0065963, val_loss-0.1215088
2024-12-31 15:37:30 - INFO - Saved model at epoch 280
2024-12-31 15:38:04 - INFO - epoch-281, train_loss-0.0050252, val_loss-0.1052848
2024-12-31 15:38:42 - INFO - epoch-282, train_loss-0.0036245, val_loss-0.1073324
2024-12-31 15:39:22 - INFO - epoch-283, train_loss-0.0029873, val_loss-0.1126079
2024-12-31 15:39:59 - INFO - epoch-284, train_loss-0.0029618, val_loss-0.1205319
2024-12-31 15:40:41 - INFO - epoch-285, train_loss-0.0032775, val_loss-0.1023725
2024-12-31 15:41:20 - INFO - epoch-286, train_loss-0.0052671, val_loss-0.1077444
2024-12-31 15:41:55 - INFO - epoch-287, train_loss-0.0068520, val_loss-0.1235307
2024-12-31 15:42:29 - INFO - epoch-288, train_loss-0.0048910, val_loss-0.1205973
2024-12-31 15:43:03 - INFO - epoch-289, train_loss-0.0035146, val_loss-0.1008278
2024-12-31 15:43:37 - INFO - epoch-290, train_loss-0.0028845, val_loss-0.1185950
2024-12-31 15:43:40 - INFO - Saved model at epoch 290
2024-12-31 15:44:14 - INFO - epoch-291, train_loss-0.0028022, val_loss-0.1192550
2024-12-31 15:44:48 - INFO - epoch-292, train_loss-0.0032303, val_loss-0.1287913
2024-12-31 15:45:22 - INFO - epoch-293, train_loss-0.0057988, val_loss-0.1247682
2024-12-31 15:45:56 - INFO - epoch-294, train_loss-0.0072184, val_loss-0.1130915
2024-12-31 15:46:30 - INFO - epoch-295, train_loss-0.0049121, val_loss-0.1070081
2024-12-31 15:47:04 - INFO - epoch-296, train_loss-0.0034043, val_loss-0.1044699
2024-12-31 15:47:39 - INFO - epoch-297, train_loss-0.0027716, val_loss-0.1048674
2024-12-31 15:48:13 - INFO - epoch-298, train_loss-0.0026824, val_loss-0.1147029
2024-12-31 15:48:47 - INFO - epoch-299, train_loss-0.0031488, val_loss-0.1101948
