2025-01-16 22:09:03 - INFO - /proj/berzelius-2022-haloi/users/x_elima/CryoLigate_GIGN_Unet/train_example_berzilius.py
2025-01-16 22:09:03 - INFO - train data: 13259
2025-01-16 22:09:03 - INFO - train unqiue data: 13259
2025-01-16 22:09:03 - INFO - valid data: 1474
2025-01-16 22:09:03 - INFO - valid unqiue data: 1474
2025-01-16 22:13:42 - INFO - epoch-0, train_mse_loss-0.0013116, train_ssim_loss-0.3656256, val_mse_loss-0.0003691, val_ssim_loss-0.3568177
2025-01-16 22:17:47 - INFO - epoch-1, train_mse_loss-0.0003748, train_ssim_loss-0.3387714, val_mse_loss-0.0010661, val_ssim_loss-0.4559550
2025-01-16 22:21:51 - INFO - epoch-2, train_mse_loss-0.0003695, train_ssim_loss-0.3338377, val_mse_loss-0.0016486, val_ssim_loss-0.5000806
2025-01-16 22:22:01 - INFO - Saved new best model at epoch 2 with validation loss 0.5017292
2025-01-16 22:26:07 - INFO - epoch-3, train_mse_loss-0.0003651, train_ssim_loss-0.3299092, val_mse_loss-0.0018239, val_ssim_loss-0.4741146
2025-01-16 22:26:17 - INFO - Saved new best model at epoch 3 with validation loss 0.4759385
2025-01-16 22:30:20 - INFO - epoch-4, train_mse_loss-0.0003634, train_ssim_loss-0.3278855, val_mse_loss-0.0019164, val_ssim_loss-0.5001234
2025-01-16 22:34:23 - INFO - epoch-5, train_mse_loss-0.0003601, train_ssim_loss-0.3246090, val_mse_loss-0.0014341, val_ssim_loss-0.4991915
2025-01-16 22:38:26 - INFO - epoch-6, train_mse_loss-0.0003581, train_ssim_loss-0.3222566, val_mse_loss-0.0020048, val_ssim_loss-0.5137728
2025-01-16 22:42:29 - INFO - epoch-7, train_mse_loss-0.0003563, train_ssim_loss-0.3197525, val_mse_loss-0.0005432, val_ssim_loss-0.4457940
2025-01-16 22:42:39 - INFO - Saved new best model at epoch 7 with validation loss 0.4463372
2025-01-16 22:46:45 - INFO - epoch-8, train_mse_loss-0.0003541, train_ssim_loss-0.3162993, val_mse_loss-0.0003734, val_ssim_loss-0.3738918
2025-01-16 22:46:55 - INFO - Saved new best model at epoch 8 with validation loss 0.3742652
2025-01-16 22:50:58 - INFO - epoch-9, train_mse_loss-0.0003522, train_ssim_loss-0.3118929, val_mse_loss-0.0003647, val_ssim_loss-0.3726187
2025-01-16 22:51:08 - INFO - Saved new best model at epoch 9 with validation loss 0.3729833
2025-01-16 22:55:10 - INFO - epoch-10, train_mse_loss-0.0003492, train_ssim_loss-0.3067821, val_mse_loss-0.0007758, val_ssim_loss-0.4389019
2025-01-16 23:00:05 - INFO - epoch-11, train_mse_loss-0.0003459, train_ssim_loss-0.3019986, val_mse_loss-0.0004683, val_ssim_loss-0.3884123
2025-01-16 23:04:39 - INFO - epoch-12, train_mse_loss-0.0003418, train_ssim_loss-0.2962060, val_mse_loss-0.0006122, val_ssim_loss-0.4184404
2025-01-16 23:08:46 - INFO - epoch-13, train_mse_loss-0.0003369, train_ssim_loss-0.2903742, val_mse_loss-0.0004620, val_ssim_loss-0.3801721
2025-01-16 23:12:51 - INFO - epoch-14, train_mse_loss-0.0003316, train_ssim_loss-0.2847838, val_mse_loss-0.0005512, val_ssim_loss-0.4006100
2025-01-16 23:16:53 - INFO - epoch-15, train_mse_loss-0.0003273, train_ssim_loss-0.2802601, val_mse_loss-0.0004988, val_ssim_loss-0.3982607
2025-01-16 23:20:54 - INFO - epoch-16, train_mse_loss-0.0003210, train_ssim_loss-0.2738024, val_mse_loss-0.0005562, val_ssim_loss-0.4186032
2025-01-16 23:24:54 - INFO - epoch-17, train_mse_loss-0.0003161, train_ssim_loss-0.2685182, val_mse_loss-0.0004016, val_ssim_loss-0.3814187
2025-01-16 23:28:56 - INFO - epoch-18, train_mse_loss-0.0003128, train_ssim_loss-0.2654916, val_mse_loss-0.0003786, val_ssim_loss-0.3691756
2025-01-16 23:29:05 - INFO - Saved new best model at epoch 18 with validation loss 0.3695542
2025-01-16 23:33:06 - INFO - epoch-19, train_mse_loss-0.0003078, train_ssim_loss-0.2609319, val_mse_loss-0.0003366, val_ssim_loss-0.3911920
2025-01-16 23:37:07 - INFO - epoch-20, train_mse_loss-0.0003039, train_ssim_loss-0.2573819, val_mse_loss-0.0003563, val_ssim_loss-0.3792292
2025-01-16 23:41:08 - INFO - epoch-21, train_mse_loss-0.0002982, train_ssim_loss-0.2519010, val_mse_loss-0.0003501, val_ssim_loss-0.4289847
2025-01-16 23:45:09 - INFO - epoch-22, train_mse_loss-0.0002941, train_ssim_loss-0.2478408, val_mse_loss-0.0003484, val_ssim_loss-0.3944838
2025-01-16 23:49:10 - INFO - epoch-23, train_mse_loss-0.0002888, train_ssim_loss-0.2429674, val_mse_loss-0.0003458, val_ssim_loss-0.4176957
2025-01-16 23:53:11 - INFO - epoch-24, train_mse_loss-0.0002855, train_ssim_loss-0.2396205, val_mse_loss-0.0003515, val_ssim_loss-0.4348380
2025-01-16 23:57:13 - INFO - epoch-25, train_mse_loss-0.0002823, train_ssim_loss-0.2373555, val_mse_loss-0.0003896, val_ssim_loss-0.4970885
2025-01-17 00:01:13 - INFO - epoch-26, train_mse_loss-0.0002809, train_ssim_loss-0.2366911, val_mse_loss-0.0003613, val_ssim_loss-0.3953736
2025-01-17 00:05:14 - INFO - epoch-27, train_mse_loss-0.0002782, train_ssim_loss-0.2341372, val_mse_loss-0.0003534, val_ssim_loss-0.4250656
2025-01-17 00:09:14 - INFO - epoch-28, train_mse_loss-0.0002748, train_ssim_loss-0.2303866, val_mse_loss-0.0003641, val_ssim_loss-0.4986509
2025-01-17 00:13:14 - INFO - epoch-29, train_mse_loss-0.0002705, train_ssim_loss-0.2269183, val_mse_loss-0.0003762, val_ssim_loss-0.5335593
2025-01-17 00:17:20 - INFO - epoch-30, train_mse_loss-0.0002677, train_ssim_loss-0.2242299, val_mse_loss-0.0003748, val_ssim_loss-0.4928980
2025-01-17 00:21:33 - INFO - epoch-31, train_mse_loss-0.0002647, train_ssim_loss-0.2219091, val_mse_loss-0.0003851, val_ssim_loss-0.5065813
2025-01-17 00:25:33 - INFO - epoch-32, train_mse_loss-0.0002607, train_ssim_loss-0.2182620, val_mse_loss-0.0003828, val_ssim_loss-0.5528963
2025-01-17 00:29:34 - INFO - epoch-33, train_mse_loss-0.0002568, train_ssim_loss-0.2149249, val_mse_loss-0.0003928, val_ssim_loss-0.5640246
2025-01-17 00:33:36 - INFO - epoch-34, train_mse_loss-0.0002532, train_ssim_loss-0.2114562, val_mse_loss-0.0003809, val_ssim_loss-0.5145022
2025-01-17 00:37:37 - INFO - epoch-35, train_mse_loss-0.0002513, train_ssim_loss-0.2102503, val_mse_loss-0.0003669, val_ssim_loss-0.4939837
2025-01-17 00:41:39 - INFO - epoch-36, train_mse_loss-0.0002482, train_ssim_loss-0.2076757, val_mse_loss-0.0004137, val_ssim_loss-0.5696540
2025-01-17 00:45:40 - INFO - epoch-37, train_mse_loss-0.0002460, train_ssim_loss-0.2056713, val_mse_loss-0.0004352, val_ssim_loss-0.6446861
2025-01-17 00:49:41 - INFO - epoch-38, train_mse_loss-0.0002454, train_ssim_loss-0.2054697, val_mse_loss-0.0003897, val_ssim_loss-0.5580230
2025-01-17 00:53:43 - INFO - epoch-39, train_mse_loss-0.0002424, train_ssim_loss-0.2026499, val_mse_loss-0.0003753, val_ssim_loss-0.5239160
2025-01-17 00:57:43 - INFO - epoch-40, train_mse_loss-0.0002394, train_ssim_loss-0.2005377, val_mse_loss-0.0003715, val_ssim_loss-0.5158536
2025-01-17 01:01:44 - INFO - epoch-41, train_mse_loss-0.0002428, train_ssim_loss-0.2035645, val_mse_loss-0.0003812, val_ssim_loss-0.5416310
2025-01-17 01:05:45 - INFO - epoch-42, train_mse_loss-0.0002393, train_ssim_loss-0.2002046, val_mse_loss-0.0003988, val_ssim_loss-0.5786346
2025-01-17 01:09:46 - INFO - epoch-43, train_mse_loss-0.0002315, train_ssim_loss-0.1932596, val_mse_loss-0.0003870, val_ssim_loss-0.5601758
2025-01-17 01:13:47 - INFO - epoch-44, train_mse_loss-0.0002305, train_ssim_loss-0.1924803, val_mse_loss-0.0004120, val_ssim_loss-0.6490319
2025-01-17 01:17:48 - INFO - epoch-45, train_mse_loss-0.0002264, train_ssim_loss-0.1887923, val_mse_loss-0.0004052, val_ssim_loss-0.6265328
2025-01-17 01:21:48 - INFO - epoch-46, train_mse_loss-0.0002238, train_ssim_loss-0.1865911, val_mse_loss-0.0004276, val_ssim_loss-0.6463506
2025-01-17 01:25:50 - INFO - epoch-47, train_mse_loss-0.0002233, train_ssim_loss-0.1861208, val_mse_loss-0.0004612, val_ssim_loss-0.7343684
2025-01-17 01:29:55 - INFO - epoch-48, train_mse_loss-0.0002208, train_ssim_loss-0.1843068, val_mse_loss-0.0003942, val_ssim_loss-0.5793720
2025-01-17 01:33:57 - INFO - epoch-49, train_mse_loss-0.0002199, train_ssim_loss-0.1834285, val_mse_loss-0.0004161, val_ssim_loss-0.6118426
2025-01-17 01:37:57 - INFO - epoch-50, train_mse_loss-0.0002208, train_ssim_loss-0.1844794, val_mse_loss-0.0004456, val_ssim_loss-0.6890213
2025-01-17 01:41:59 - INFO - epoch-51, train_mse_loss-0.0002212, train_ssim_loss-0.1846370, val_mse_loss-0.0004137, val_ssim_loss-0.6331496
2025-01-17 01:46:00 - INFO - epoch-52, train_mse_loss-0.0002213, train_ssim_loss-0.1847710, val_mse_loss-0.0004141, val_ssim_loss-0.6364211
2025-01-17 01:50:03 - INFO - epoch-53, train_mse_loss-0.0002254, train_ssim_loss-0.1883472, val_mse_loss-0.0003736, val_ssim_loss-0.5228979
2025-01-17 01:54:05 - INFO - epoch-54, train_mse_loss-0.0002191, train_ssim_loss-0.1824930, val_mse_loss-0.0004107, val_ssim_loss-0.5909024
2025-01-17 01:58:06 - INFO - epoch-55, train_mse_loss-0.0002215, train_ssim_loss-0.1848887, val_mse_loss-0.0004136, val_ssim_loss-0.6243301
2025-01-17 02:02:08 - INFO - epoch-56, train_mse_loss-0.0002187, train_ssim_loss-0.1822622, val_mse_loss-0.0003647, val_ssim_loss-0.4973177
2025-01-17 02:06:09 - INFO - epoch-57, train_mse_loss-0.0002157, train_ssim_loss-0.1795898, val_mse_loss-0.0003894, val_ssim_loss-0.5643207
2025-01-17 02:10:10 - INFO - epoch-58, train_mse_loss-0.0002166, train_ssim_loss-0.1804268, val_mse_loss-0.0003638, val_ssim_loss-0.4935984
2025-01-17 02:14:13 - INFO - epoch-59, train_mse_loss-0.0002149, train_ssim_loss-0.1786835, val_mse_loss-0.0003831, val_ssim_loss-0.5402830
2025-01-17 02:18:13 - INFO - epoch-60, train_mse_loss-0.0002175, train_ssim_loss-0.1815459, val_mse_loss-0.0003845, val_ssim_loss-0.5379782
2025-01-17 02:22:14 - INFO - epoch-61, train_mse_loss-0.0002153, train_ssim_loss-0.1799347, val_mse_loss-0.0003745, val_ssim_loss-0.5335351
2025-01-17 02:26:15 - INFO - epoch-62, train_mse_loss-0.0002085, train_ssim_loss-0.1735544, val_mse_loss-0.0003687, val_ssim_loss-0.4795674
2025-01-17 02:30:15 - INFO - epoch-63, train_mse_loss-0.0002066, train_ssim_loss-0.1715946, val_mse_loss-0.0003666, val_ssim_loss-0.4947150
2025-01-17 02:34:16 - INFO - epoch-64, train_mse_loss-0.0002100, train_ssim_loss-0.1746727, val_mse_loss-0.0003721, val_ssim_loss-0.5025056
2025-01-17 02:38:21 - INFO - epoch-65, train_mse_loss-0.0002059, train_ssim_loss-0.1713575, val_mse_loss-0.0003729, val_ssim_loss-0.5264870
2025-01-17 02:42:22 - INFO - epoch-66, train_mse_loss-0.0002008, train_ssim_loss-0.1669333, val_mse_loss-0.0003726, val_ssim_loss-0.5037798
2025-01-17 02:46:23 - INFO - epoch-67, train_mse_loss-0.0002044, train_ssim_loss-0.1698231, val_mse_loss-0.0003884, val_ssim_loss-0.5588802
2025-01-17 02:50:24 - INFO - epoch-68, train_mse_loss-0.0002038, train_ssim_loss-0.1692920, val_mse_loss-0.0003662, val_ssim_loss-0.4945203
2025-01-17 02:54:26 - INFO - epoch-69, train_mse_loss-0.0002003, train_ssim_loss-0.1663463, val_mse_loss-0.0003779, val_ssim_loss-0.5358917
2025-01-17 02:58:26 - INFO - epoch-70, train_mse_loss-0.0001972, train_ssim_loss-0.1635767, val_mse_loss-0.0003765, val_ssim_loss-0.5186594
2025-01-17 03:02:27 - INFO - epoch-71, train_mse_loss-0.0001986, train_ssim_loss-0.1648170, val_mse_loss-0.0003838, val_ssim_loss-0.5344488
2025-01-17 03:06:28 - INFO - epoch-72, train_mse_loss-0.0001986, train_ssim_loss-0.1648606, val_mse_loss-0.0003734, val_ssim_loss-0.5095627
2025-01-17 03:10:29 - INFO - epoch-73, train_mse_loss-0.0002017, train_ssim_loss-0.1675689, val_mse_loss-0.0004013, val_ssim_loss-0.5838016
2025-01-17 03:14:30 - INFO - epoch-74, train_mse_loss-0.0002004, train_ssim_loss-0.1664879, val_mse_loss-0.0003881, val_ssim_loss-0.5751902
2025-01-17 03:18:32 - INFO - epoch-75, train_mse_loss-0.0002014, train_ssim_loss-0.1673269, val_mse_loss-0.0003736, val_ssim_loss-0.4997143
2025-01-17 03:22:33 - INFO - epoch-76, train_mse_loss-0.0002039, train_ssim_loss-0.1697178, val_mse_loss-0.0003681, val_ssim_loss-0.4588006
2025-01-17 03:26:33 - INFO - epoch-77, train_mse_loss-0.0001989, train_ssim_loss-0.1650804, val_mse_loss-0.0003726, val_ssim_loss-0.5176330
2025-01-17 03:30:35 - INFO - epoch-78, train_mse_loss-0.0001973, train_ssim_loss-0.1637158, val_mse_loss-0.0003826, val_ssim_loss-0.5549111
2025-01-17 03:34:36 - INFO - epoch-79, train_mse_loss-0.0002028, train_ssim_loss-0.1684100, val_mse_loss-0.0003787, val_ssim_loss-0.5422826
2025-01-17 03:38:37 - INFO - epoch-80, train_mse_loss-0.0002043, train_ssim_loss-0.1697749, val_mse_loss-0.0004225, val_ssim_loss-0.6327618
2025-01-17 03:42:38 - INFO - epoch-81, train_mse_loss-0.0002020, train_ssim_loss-0.1680205, val_mse_loss-0.0004334, val_ssim_loss-0.6685135
2025-01-17 03:46:44 - INFO - epoch-82, train_mse_loss-0.0001955, train_ssim_loss-0.1617899, val_mse_loss-0.0004211, val_ssim_loss-0.6443459
2025-01-17 03:50:45 - INFO - epoch-83, train_mse_loss-0.0002041, train_ssim_loss-0.1693650, val_mse_loss-0.0004465, val_ssim_loss-0.6874643
2025-01-17 03:54:46 - INFO - epoch-84, train_mse_loss-0.0001998, train_ssim_loss-0.1663887, val_mse_loss-0.0005005, val_ssim_loss-0.7620164
2025-01-17 03:58:47 - INFO - epoch-85, train_mse_loss-0.0001948, train_ssim_loss-0.1616817, val_mse_loss-0.0004538, val_ssim_loss-0.7126456
2025-01-17 04:02:47 - INFO - epoch-86, train_mse_loss-0.0001918, train_ssim_loss-0.1587913, val_mse_loss-0.0004357, val_ssim_loss-0.6709849
2025-01-17 04:06:48 - INFO - epoch-87, train_mse_loss-0.0001960, train_ssim_loss-0.1626747, val_mse_loss-0.0004733, val_ssim_loss-0.7243495
2025-01-17 04:10:49 - INFO - epoch-88, train_mse_loss-0.0001875, train_ssim_loss-0.1549261, val_mse_loss-0.0004910, val_ssim_loss-0.7798455
2025-01-17 04:14:50 - INFO - epoch-89, train_mse_loss-0.0001887, train_ssim_loss-0.1559504, val_mse_loss-0.0004618, val_ssim_loss-0.6939040
2025-01-17 04:18:51 - INFO - epoch-90, train_mse_loss-0.0001909, train_ssim_loss-0.1583737, val_mse_loss-0.0004810, val_ssim_loss-0.7448271
2025-01-17 04:22:52 - INFO - epoch-91, train_mse_loss-0.0001881, train_ssim_loss-0.1554372, val_mse_loss-0.0004895, val_ssim_loss-0.7904316
2025-01-17 04:26:53 - INFO - epoch-92, train_mse_loss-0.0001875, train_ssim_loss-0.1552830, val_mse_loss-0.0004844, val_ssim_loss-0.7679733
2025-01-17 04:30:54 - INFO - epoch-93, train_mse_loss-0.0001815, train_ssim_loss-0.1499865, val_mse_loss-0.0005266, val_ssim_loss-0.8501667
2025-01-17 04:34:55 - INFO - epoch-94, train_mse_loss-0.0001846, train_ssim_loss-0.1526109, val_mse_loss-0.0005019, val_ssim_loss-0.8064780
2025-01-17 04:38:56 - INFO - epoch-95, train_mse_loss-0.0001831, train_ssim_loss-0.1517134, val_mse_loss-0.0005307, val_ssim_loss-0.8462983
2025-01-17 04:42:57 - INFO - epoch-96, train_mse_loss-0.0001925, train_ssim_loss-0.1600316, val_mse_loss-0.0005418, val_ssim_loss-0.8914591
2025-01-17 04:46:59 - INFO - epoch-97, train_mse_loss-0.0001907, train_ssim_loss-0.1579412, val_mse_loss-0.0005492, val_ssim_loss-0.8927109
2025-01-17 04:51:00 - INFO - epoch-98, train_mse_loss-0.0001979, train_ssim_loss-0.1647686, val_mse_loss-0.0005638, val_ssim_loss-0.9401116
2025-01-17 04:55:06 - INFO - epoch-99, train_mse_loss-0.0001881, train_ssim_loss-0.1559832, val_mse_loss-0.0005812, val_ssim_loss-0.8913590
2025-01-17 04:59:07 - INFO - epoch-100, train_mse_loss-0.0001842, train_ssim_loss-0.1522285, val_mse_loss-0.0005482, val_ssim_loss-0.8741060
2025-01-17 05:03:08 - INFO - epoch-101, train_mse_loss-0.0001892, train_ssim_loss-0.1562521, val_mse_loss-0.0006225, val_ssim_loss-0.8938686
2025-01-17 05:07:09 - INFO - epoch-102, train_mse_loss-0.0001895, train_ssim_loss-0.1572875, val_mse_loss-0.0005590, val_ssim_loss-0.8823493
2025-01-17 05:11:09 - INFO - epoch-103, train_mse_loss-0.0001926, train_ssim_loss-0.1599340, val_mse_loss-0.0007224, val_ssim_loss-0.9365368
2025-01-17 05:15:10 - INFO - epoch-104, train_mse_loss-0.0001821, train_ssim_loss-0.1505735, val_mse_loss-0.0005545, val_ssim_loss-0.9012369
2025-01-17 05:19:12 - INFO - epoch-105, train_mse_loss-0.0001831, train_ssim_loss-0.1513901, val_mse_loss-0.0005504, val_ssim_loss-0.8926458
2025-01-17 05:23:13 - INFO - epoch-106, train_mse_loss-0.0001843, train_ssim_loss-0.1523125, val_mse_loss-0.0005606, val_ssim_loss-0.8996296
2025-01-17 05:27:13 - INFO - epoch-107, train_mse_loss-0.0001830, train_ssim_loss-0.1512505, val_mse_loss-0.0005798, val_ssim_loss-0.9231187
2025-01-17 05:31:14 - INFO - epoch-108, train_mse_loss-0.0001825, train_ssim_loss-0.1510300, val_mse_loss-0.0011896, val_ssim_loss-0.9808247
2025-01-17 05:35:15 - INFO - epoch-109, train_mse_loss-0.0001811, train_ssim_loss-0.1497798, val_mse_loss-0.0007217, val_ssim_loss-0.9598824
2025-01-17 05:39:16 - INFO - epoch-110, train_mse_loss-0.0001836, train_ssim_loss-0.1520329, val_mse_loss-0.0006224, val_ssim_loss-0.9175597
2025-01-17 05:43:17 - INFO - epoch-111, train_mse_loss-0.0001805, train_ssim_loss-0.1492641, val_mse_loss-0.0007169, val_ssim_loss-0.9595590
2025-01-17 05:47:19 - INFO - epoch-112, train_mse_loss-0.0001723, train_ssim_loss-0.1419127, val_mse_loss-0.0007873, val_ssim_loss-0.9651575
2025-01-17 05:51:20 - INFO - epoch-113, train_mse_loss-0.0001753, train_ssim_loss-0.1446118, val_mse_loss-0.0014288, val_ssim_loss-0.9907293
2025-01-17 05:55:22 - INFO - epoch-114, train_mse_loss-0.0001725, train_ssim_loss-0.1424318, val_mse_loss-0.0005580, val_ssim_loss-0.9222244
2025-01-17 05:59:23 - INFO - epoch-115, train_mse_loss-0.0001686, train_ssim_loss-0.1388346, val_mse_loss-0.0006082, val_ssim_loss-0.9251360
2025-01-17 06:03:28 - INFO - epoch-116, train_mse_loss-0.0001693, train_ssim_loss-0.1394386, val_mse_loss-0.0008072, val_ssim_loss-0.9746355
2025-01-17 06:07:28 - INFO - epoch-117, train_mse_loss-0.0001735, train_ssim_loss-0.1432345, val_mse_loss-0.0008400, val_ssim_loss-0.9868520
2025-01-17 06:11:29 - INFO - epoch-118, train_mse_loss-0.0001674, train_ssim_loss-0.1378326, val_mse_loss-0.0012094, val_ssim_loss-0.9633663
2025-01-17 06:15:29 - INFO - epoch-119, train_mse_loss-0.0001730, train_ssim_loss-0.1426310, val_mse_loss-0.0009879, val_ssim_loss-0.9521144
2025-01-17 06:19:30 - INFO - epoch-120, train_mse_loss-0.0001717, train_ssim_loss-0.1417945, val_mse_loss-0.0008810, val_ssim_loss-0.9618549
2025-01-17 06:23:31 - INFO - epoch-121, train_mse_loss-0.0001692, train_ssim_loss-0.1398630, val_mse_loss-0.0005648, val_ssim_loss-0.9160712
2025-01-17 06:27:33 - INFO - epoch-122, train_mse_loss-0.0001662, train_ssim_loss-0.1368034, val_mse_loss-0.0006597, val_ssim_loss-0.9397185
2025-01-17 06:31:35 - INFO - epoch-123, train_mse_loss-0.0001690, train_ssim_loss-0.1393577, val_mse_loss-0.0005957, val_ssim_loss-0.9408963
2025-01-17 06:35:36 - INFO - epoch-124, train_mse_loss-0.0001657, train_ssim_loss-0.1364932, val_mse_loss-0.0008676, val_ssim_loss-0.9618902
2025-01-17 06:39:37 - INFO - epoch-125, train_mse_loss-0.0001708, train_ssim_loss-0.1410722, val_mse_loss-0.0009324, val_ssim_loss-0.9812917
2025-01-17 06:43:38 - INFO - epoch-126, train_mse_loss-0.0001719, train_ssim_loss-0.1419941, val_mse_loss-0.0010489, val_ssim_loss-0.9911886
2025-01-17 06:47:39 - INFO - epoch-127, train_mse_loss-0.0001728, train_ssim_loss-0.1425627, val_mse_loss-0.0009132, val_ssim_loss-0.9731851
2025-01-17 06:51:40 - INFO - epoch-128, train_mse_loss-0.0001657, train_ssim_loss-0.1366502, val_mse_loss-0.0007416, val_ssim_loss-0.9719794
2025-01-17 06:55:41 - INFO - epoch-129, train_mse_loss-0.0001711, train_ssim_loss-0.1411286, val_mse_loss-0.0009707, val_ssim_loss-0.9691419
2025-01-17 06:59:41 - INFO - epoch-130, train_mse_loss-0.0001810, train_ssim_loss-0.1508660, val_mse_loss-0.0009593, val_ssim_loss-0.9851877
2025-01-17 07:03:41 - INFO - epoch-131, train_mse_loss-0.0001722, train_ssim_loss-0.1427372, val_mse_loss-0.0007894, val_ssim_loss-0.9738231
2025-01-17 07:07:42 - INFO - epoch-132, train_mse_loss-0.0001697, train_ssim_loss-0.1400214, val_mse_loss-0.0006380, val_ssim_loss-0.9429069
2025-01-17 07:11:46 - INFO - epoch-133, train_mse_loss-0.0001751, train_ssim_loss-0.1447198, val_mse_loss-0.0005637, val_ssim_loss-0.9413372
2025-01-17 07:15:47 - INFO - epoch-134, train_mse_loss-0.0001664, train_ssim_loss-0.1374052, val_mse_loss-0.0005567, val_ssim_loss-0.9178935
2025-01-17 07:19:47 - INFO - epoch-135, train_mse_loss-0.0001686, train_ssim_loss-0.1395926, val_mse_loss-0.0005574, val_ssim_loss-0.9172961
2025-01-17 07:23:47 - INFO - epoch-136, train_mse_loss-0.0001695, train_ssim_loss-0.1397625, val_mse_loss-0.0005948, val_ssim_loss-0.9153162
2025-01-17 07:27:47 - INFO - epoch-137, train_mse_loss-0.0001671, train_ssim_loss-0.1376733, val_mse_loss-0.0007094, val_ssim_loss-0.9420042
2025-01-17 07:31:48 - INFO - epoch-138, train_mse_loss-0.0001645, train_ssim_loss-0.1354869, val_mse_loss-0.0005898, val_ssim_loss-0.9187654
2025-01-17 07:35:48 - INFO - epoch-139, train_mse_loss-0.0001628, train_ssim_loss-0.1341287, val_mse_loss-0.0005612, val_ssim_loss-0.8921095
2025-01-17 07:39:48 - INFO - epoch-140, train_mse_loss-0.0001624, train_ssim_loss-0.1339878, val_mse_loss-0.0008672, val_ssim_loss-0.9603516
2025-01-17 07:43:49 - INFO - epoch-141, train_mse_loss-0.0001631, train_ssim_loss-0.1345043, val_mse_loss-0.0009137, val_ssim_loss-0.9805593
2025-01-17 07:47:49 - INFO - epoch-142, train_mse_loss-0.0001609, train_ssim_loss-0.1327397, val_mse_loss-0.0006835, val_ssim_loss-0.9696643
2025-01-17 07:51:50 - INFO - epoch-143, train_mse_loss-0.0001673, train_ssim_loss-0.1380297, val_mse_loss-0.0007986, val_ssim_loss-0.9769309
2025-01-17 07:55:51 - INFO - epoch-144, train_mse_loss-0.0001634, train_ssim_loss-0.1352771, val_mse_loss-0.0006335, val_ssim_loss-0.9660085
2025-01-17 07:59:53 - INFO - epoch-145, train_mse_loss-0.0001597, train_ssim_loss-0.1319354, val_mse_loss-0.0006729, val_ssim_loss-0.9449556
2025-01-17 08:03:52 - INFO - epoch-146, train_mse_loss-0.0001553, train_ssim_loss-0.1277926, val_mse_loss-0.0017897, val_ssim_loss-1.0067847
2025-01-17 08:07:52 - INFO - epoch-147, train_mse_loss-0.0001540, train_ssim_loss-0.1267254, val_mse_loss-0.0007156, val_ssim_loss-0.9620656
2025-01-17 08:11:52 - INFO - epoch-148, train_mse_loss-0.0001635, train_ssim_loss-0.1354502, val_mse_loss-0.0013113, val_ssim_loss-1.0013283
2025-01-17 08:15:52 - INFO - epoch-149, train_mse_loss-0.0001683, train_ssim_loss-0.1395399, val_mse_loss-0.0010457, val_ssim_loss-1.0036460
2025-01-17 08:19:55 - INFO - epoch-150, train_mse_loss-0.0001592, train_ssim_loss-0.1315166, val_mse_loss-0.0007543, val_ssim_loss-0.9558490
2025-01-17 08:23:55 - INFO - epoch-151, train_mse_loss-0.0001600, train_ssim_loss-0.1322098, val_mse_loss-0.0007146, val_ssim_loss-0.9460712
2025-01-17 08:27:55 - INFO - epoch-152, train_mse_loss-0.0001645, train_ssim_loss-0.1361116, val_mse_loss-0.0020154, val_ssim_loss-1.0100276
2025-01-17 08:31:55 - INFO - epoch-153, train_mse_loss-0.0001637, train_ssim_loss-0.1354354, val_mse_loss-0.0011465, val_ssim_loss-1.0060904
2025-01-17 08:35:56 - INFO - epoch-154, train_mse_loss-0.0001590, train_ssim_loss-0.1311300, val_mse_loss-0.0010846, val_ssim_loss-1.0011924
2025-01-17 08:39:57 - INFO - epoch-155, train_mse_loss-0.0001543, train_ssim_loss-0.1269950, val_mse_loss-0.0009192, val_ssim_loss-0.9850465
2025-01-17 08:43:57 - INFO - epoch-156, train_mse_loss-0.0001643, train_ssim_loss-0.1356377, val_mse_loss-0.0005895, val_ssim_loss-0.9621191
2025-01-17 08:47:57 - INFO - epoch-157, train_mse_loss-0.0001600, train_ssim_loss-0.1323130, val_mse_loss-0.0007320, val_ssim_loss-0.9843406
2025-01-17 08:51:57 - INFO - epoch-158, train_mse_loss-0.0001586, train_ssim_loss-0.1307186, val_mse_loss-0.0009852, val_ssim_loss-0.9989148
2025-01-17 08:55:57 - INFO - epoch-159, train_mse_loss-0.0001797, train_ssim_loss-0.1500045, val_mse_loss-0.0007939, val_ssim_loss-0.9813631
2025-01-17 08:59:57 - INFO - epoch-160, train_mse_loss-0.0001763, train_ssim_loss-0.1460631, val_mse_loss-0.0007540, val_ssim_loss-0.9688998
2025-01-17 09:03:57 - INFO - epoch-161, train_mse_loss-0.0001573, train_ssim_loss-0.1297318, val_mse_loss-0.0007409, val_ssim_loss-0.9793318
2025-01-17 09:07:58 - INFO - epoch-162, train_mse_loss-0.0001508, train_ssim_loss-0.1237736, val_mse_loss-0.0006088, val_ssim_loss-0.9685792
2025-01-17 09:11:58 - INFO - epoch-163, train_mse_loss-0.0001485, train_ssim_loss-0.1219486, val_mse_loss-0.0008640, val_ssim_loss-0.9996785
2025-01-17 09:15:58 - INFO - epoch-164, train_mse_loss-0.0001514, train_ssim_loss-0.1243960, val_mse_loss-0.0017822, val_ssim_loss-1.0159022
2025-01-17 09:19:58 - INFO - epoch-165, train_mse_loss-0.0001486, train_ssim_loss-0.1222804, val_mse_loss-0.0007682, val_ssim_loss-0.9972702
2025-01-17 09:23:58 - INFO - epoch-166, train_mse_loss-0.0001493, train_ssim_loss-0.1229506, val_mse_loss-0.0009489, val_ssim_loss-1.0030059
2025-01-17 09:28:02 - INFO - epoch-167, train_mse_loss-0.0001442, train_ssim_loss-0.1183773, val_mse_loss-0.0005842, val_ssim_loss-0.9630148
2025-01-17 09:32:02 - INFO - epoch-168, train_mse_loss-0.0001430, train_ssim_loss-0.1173478, val_mse_loss-0.0006188, val_ssim_loss-0.9673831
2025-01-17 09:36:01 - INFO - epoch-169, train_mse_loss-0.0001489, train_ssim_loss-0.1222149, val_mse_loss-0.0005872, val_ssim_loss-0.9756537
2025-01-17 09:40:01 - INFO - epoch-170, train_mse_loss-0.0001447, train_ssim_loss-0.1189614, val_mse_loss-0.0006104, val_ssim_loss-0.9802323
2025-01-17 09:44:00 - INFO - epoch-171, train_mse_loss-0.0001376, train_ssim_loss-0.1129573, val_mse_loss-0.0005725, val_ssim_loss-0.9641235
2025-01-17 09:48:02 - INFO - epoch-172, train_mse_loss-0.0001392, train_ssim_loss-0.1141983, val_mse_loss-0.0006351, val_ssim_loss-0.9752062
2025-01-17 09:52:03 - INFO - epoch-173, train_mse_loss-0.0001406, train_ssim_loss-0.1156753, val_mse_loss-0.0006228, val_ssim_loss-0.9892102
2025-01-17 09:56:07 - INFO - epoch-174, train_mse_loss-0.0001390, train_ssim_loss-0.1143597, val_mse_loss-0.0005677, val_ssim_loss-0.9521466
2025-01-17 10:00:07 - INFO - epoch-175, train_mse_loss-0.0001354, train_ssim_loss-0.1108800, val_mse_loss-0.0005785, val_ssim_loss-0.9553981
2025-01-17 10:04:07 - INFO - epoch-176, train_mse_loss-0.0001341, train_ssim_loss-0.1099651, val_mse_loss-0.0005661, val_ssim_loss-0.9505999
2025-01-17 10:08:09 - INFO - epoch-177, train_mse_loss-0.0001330, train_ssim_loss-0.1092561, val_mse_loss-0.0005739, val_ssim_loss-0.9756703
2025-01-17 10:12:09 - INFO - epoch-178, train_mse_loss-0.0001338, train_ssim_loss-0.1099125, val_mse_loss-0.0005742, val_ssim_loss-0.9703418
2025-01-17 10:16:10 - INFO - epoch-179, train_mse_loss-0.0001418, train_ssim_loss-0.1165830, val_mse_loss-0.0005695, val_ssim_loss-0.9632782
2025-01-17 10:20:26 - INFO - epoch-180, train_mse_loss-0.0001412, train_ssim_loss-0.1161906, val_mse_loss-0.0005668, val_ssim_loss-0.9561637
2025-01-17 10:24:54 - INFO - epoch-181, train_mse_loss-0.0001351, train_ssim_loss-0.1109061, val_mse_loss-0.0005742, val_ssim_loss-0.9715378
2025-01-17 10:29:01 - INFO - epoch-182, train_mse_loss-0.0001310, train_ssim_loss-0.1072741, val_mse_loss-0.0005752, val_ssim_loss-0.9730663
2025-01-17 10:33:12 - INFO - epoch-183, train_mse_loss-0.0001336, train_ssim_loss-0.1095760, val_mse_loss-0.0005677, val_ssim_loss-0.9586851
2025-01-17 10:37:19 - INFO - epoch-184, train_mse_loss-0.0001383, train_ssim_loss-0.1139685, val_mse_loss-0.0005728, val_ssim_loss-0.9724620
2025-01-17 10:41:25 - INFO - epoch-185, train_mse_loss-0.0001382, train_ssim_loss-0.1137668, val_mse_loss-0.0005791, val_ssim_loss-0.9771179
2025-01-17 10:45:31 - INFO - epoch-186, train_mse_loss-0.0001467, train_ssim_loss-0.1209791, val_mse_loss-0.0005702, val_ssim_loss-0.9670084
2025-01-17 10:49:35 - INFO - epoch-187, train_mse_loss-0.0001632, train_ssim_loss-0.1356563, val_mse_loss-0.0005753, val_ssim_loss-0.9783932
2025-01-17 10:53:40 - INFO - epoch-188, train_mse_loss-0.0001401, train_ssim_loss-0.1152447, val_mse_loss-0.0005734, val_ssim_loss-0.9768706
2025-01-17 10:57:43 - INFO - epoch-189, train_mse_loss-0.0001349, train_ssim_loss-0.1105813, val_mse_loss-0.0005777, val_ssim_loss-0.9758324
2025-01-17 11:01:46 - INFO - epoch-190, train_mse_loss-0.0001338, train_ssim_loss-0.1095648, val_mse_loss-0.0005766, val_ssim_loss-0.9832783
2025-01-17 11:05:50 - INFO - epoch-191, train_mse_loss-0.0001367, train_ssim_loss-0.1122619, val_mse_loss-0.0005759, val_ssim_loss-0.9805882
2025-01-17 11:09:51 - INFO - epoch-192, train_mse_loss-0.0001423, train_ssim_loss-0.1175224, val_mse_loss-0.0005789, val_ssim_loss-0.9879401
2025-01-17 11:13:51 - INFO - epoch-193, train_mse_loss-0.0001368, train_ssim_loss-0.1129179, val_mse_loss-0.0005763, val_ssim_loss-0.9825960
2025-01-17 11:17:53 - INFO - epoch-194, train_mse_loss-0.0001343, train_ssim_loss-0.1104116, val_mse_loss-0.0005767, val_ssim_loss-0.9837362
2025-01-17 11:21:53 - INFO - epoch-195, train_mse_loss-0.0001459, train_ssim_loss-0.1201635, val_mse_loss-0.0005767, val_ssim_loss-0.9865011
2025-01-17 11:25:53 - INFO - epoch-196, train_mse_loss-0.0001522, train_ssim_loss-0.1261626, val_mse_loss-0.0006053, val_ssim_loss-0.9878605
2025-01-17 11:29:53 - INFO - epoch-197, train_mse_loss-0.0001378, train_ssim_loss-0.1131695, val_mse_loss-0.0006038, val_ssim_loss-0.9884164
2025-01-17 11:33:53 - INFO - epoch-198, train_mse_loss-0.0001381, train_ssim_loss-0.1133510, val_mse_loss-0.0005771, val_ssim_loss-0.9828537
2025-01-17 11:37:53 - INFO - epoch-199, train_mse_loss-0.0001400, train_ssim_loss-0.1152852, val_mse_loss-0.0005861, val_ssim_loss-0.9925414
2025-01-17 11:41:56 - INFO - epoch-200, train_mse_loss-0.0001429, train_ssim_loss-0.1178844, val_mse_loss-0.0005716, val_ssim_loss-0.9696997
2025-01-17 11:46:01 - INFO - epoch-201, train_mse_loss-0.0001547, train_ssim_loss-0.1281362, val_mse_loss-0.0005741, val_ssim_loss-0.9779802
2025-01-17 11:50:03 - INFO - epoch-202, train_mse_loss-0.0001512, train_ssim_loss-0.1250581, val_mse_loss-0.0005776, val_ssim_loss-0.9840397
2025-01-17 11:54:03 - INFO - epoch-203, train_mse_loss-0.0001415, train_ssim_loss-0.1163707, val_mse_loss-0.0005832, val_ssim_loss-0.9892023
2025-01-17 11:58:05 - INFO - epoch-204, train_mse_loss-0.0001371, train_ssim_loss-0.1126587, val_mse_loss-0.0005777, val_ssim_loss-0.9894704
2025-01-17 12:02:05 - INFO - epoch-205, train_mse_loss-0.0001496, train_ssim_loss-0.1238152, val_mse_loss-0.0005774, val_ssim_loss-0.9889439
2025-01-17 12:06:06 - INFO - epoch-206, train_mse_loss-0.0001506, train_ssim_loss-0.1248739, val_mse_loss-0.0005804, val_ssim_loss-0.9917170
2025-01-17 12:10:07 - INFO - epoch-207, train_mse_loss-0.0001402, train_ssim_loss-0.1155141, val_mse_loss-0.0005785, val_ssim_loss-0.9934836
2025-01-17 12:14:08 - INFO - epoch-208, train_mse_loss-0.0001394, train_ssim_loss-0.1149801, val_mse_loss-0.0005789, val_ssim_loss-0.9931937
2025-01-17 12:18:08 - INFO - epoch-209, train_mse_loss-0.0001497, train_ssim_loss-0.1239202, val_mse_loss-0.0005786, val_ssim_loss-0.9934778
2025-01-17 12:22:10 - INFO - epoch-210, train_mse_loss-0.0001427, train_ssim_loss-0.1176974, val_mse_loss-0.0005784, val_ssim_loss-0.9917754
2025-01-17 12:26:11 - INFO - epoch-211, train_mse_loss-0.0001432, train_ssim_loss-0.1177000, val_mse_loss-0.0005775, val_ssim_loss-0.9901238
2025-01-17 12:30:13 - INFO - epoch-212, train_mse_loss-0.0001404, train_ssim_loss-0.1157922, val_mse_loss-0.0005775, val_ssim_loss-0.9881721
2025-01-17 12:34:15 - INFO - epoch-213, train_mse_loss-0.0001345, train_ssim_loss-0.1107433, val_mse_loss-0.0005769, val_ssim_loss-0.9858543
2025-01-17 12:38:17 - INFO - epoch-214, train_mse_loss-0.0001369, train_ssim_loss-0.1128317, val_mse_loss-0.0005758, val_ssim_loss-0.9835101
2025-01-17 12:42:17 - INFO - epoch-215, train_mse_loss-0.0001422, train_ssim_loss-0.1171960, val_mse_loss-0.0005771, val_ssim_loss-0.9869179
2025-01-17 12:46:17 - INFO - epoch-216, train_mse_loss-0.0001356, train_ssim_loss-0.1121724, val_mse_loss-0.0005782, val_ssim_loss-0.9920725
2025-01-17 12:50:20 - INFO - epoch-217, train_mse_loss-0.0001317, train_ssim_loss-0.1084461, val_mse_loss-0.0005783, val_ssim_loss-0.9928512
2025-01-17 12:54:20 - INFO - epoch-218, train_mse_loss-0.0001307, train_ssim_loss-0.1077497, val_mse_loss-0.0005787, val_ssim_loss-0.9944445
2025-01-17 12:58:20 - INFO - epoch-219, train_mse_loss-0.0001343, train_ssim_loss-0.1106617, val_mse_loss-0.0005786, val_ssim_loss-0.9940987
2025-01-17 13:02:21 - INFO - epoch-220, train_mse_loss-0.0001366, train_ssim_loss-0.1126071, val_mse_loss-0.0005888, val_ssim_loss-0.9912125
2025-01-17 13:06:21 - INFO - epoch-221, train_mse_loss-0.0001395, train_ssim_loss-0.1147864, val_mse_loss-0.0005796, val_ssim_loss-0.9907541
2025-01-17 13:10:21 - INFO - epoch-222, train_mse_loss-0.0001308, train_ssim_loss-0.1074842, val_mse_loss-0.0005780, val_ssim_loss-0.9907436
2025-01-17 13:14:21 - INFO - epoch-223, train_mse_loss-0.0001263, train_ssim_loss-0.1036891, val_mse_loss-0.0005780, val_ssim_loss-0.9906091
2025-01-17 13:18:23 - INFO - epoch-224, train_mse_loss-0.0001320, train_ssim_loss-0.1086714, val_mse_loss-0.0005786, val_ssim_loss-0.9929236
2025-01-17 13:22:24 - INFO - epoch-225, train_mse_loss-0.0001292, train_ssim_loss-0.1066849, val_mse_loss-0.0005786, val_ssim_loss-0.9903508
2025-01-17 13:26:24 - INFO - epoch-226, train_mse_loss-0.0001231, train_ssim_loss-0.1012449, val_mse_loss-0.0005788, val_ssim_loss-0.9892059
2025-01-17 13:30:24 - INFO - epoch-227, train_mse_loss-0.0001274, train_ssim_loss-0.1049660, val_mse_loss-0.0005768, val_ssim_loss-0.9860012
2025-01-17 13:34:24 - INFO - epoch-228, train_mse_loss-0.0001381, train_ssim_loss-0.1144892, val_mse_loss-0.0005779, val_ssim_loss-0.9893418
2025-01-17 13:38:24 - INFO - epoch-229, train_mse_loss-0.0001346, train_ssim_loss-0.1114962, val_mse_loss-0.0005788, val_ssim_loss-0.9938549
2025-01-17 13:42:23 - INFO - epoch-230, train_mse_loss-0.0001315, train_ssim_loss-0.1087191, val_mse_loss-0.0005781, val_ssim_loss-0.9909949
2025-01-17 13:46:24 - INFO - epoch-231, train_mse_loss-0.0001298, train_ssim_loss-0.1068334, val_mse_loss-0.0006689, val_ssim_loss-0.9996893
2025-01-17 13:50:25 - INFO - epoch-232, train_mse_loss-0.0001272, train_ssim_loss-0.1049275, val_mse_loss-0.0005782, val_ssim_loss-0.9909465
2025-01-17 13:54:26 - INFO - epoch-233, train_mse_loss-0.0001348, train_ssim_loss-0.1116860, val_mse_loss-0.0005773, val_ssim_loss-0.9873106
2025-01-17 13:58:30 - INFO - epoch-234, train_mse_loss-0.0001292, train_ssim_loss-0.1066202, val_mse_loss-0.0005775, val_ssim_loss-0.9895590
2025-01-17 14:02:30 - INFO - epoch-235, train_mse_loss-0.0001297, train_ssim_loss-0.1068998, val_mse_loss-0.0005774, val_ssim_loss-0.9875302
2025-01-17 14:06:30 - INFO - epoch-236, train_mse_loss-0.0001288, train_ssim_loss-0.1067272, val_mse_loss-0.0005794, val_ssim_loss-0.9912236
2025-01-17 14:10:30 - INFO - epoch-237, train_mse_loss-0.0001282, train_ssim_loss-0.1059001, val_mse_loss-0.0005780, val_ssim_loss-0.9911175
2025-01-17 14:14:31 - INFO - epoch-238, train_mse_loss-0.0001338, train_ssim_loss-0.1110608, val_mse_loss-0.0005781, val_ssim_loss-0.9914849
2025-01-17 14:18:30 - INFO - epoch-239, train_mse_loss-0.0001335, train_ssim_loss-0.1107029, val_mse_loss-0.0005798, val_ssim_loss-0.9925306
2025-01-17 14:22:31 - INFO - epoch-240, train_mse_loss-0.0001331, train_ssim_loss-0.1100529, val_mse_loss-0.0005784, val_ssim_loss-0.9923350
2025-01-17 14:26:31 - INFO - epoch-241, train_mse_loss-0.0001446, train_ssim_loss-0.1195180, val_mse_loss-0.0005778, val_ssim_loss-0.9901124
2025-01-17 14:30:30 - INFO - epoch-242, train_mse_loss-0.0001580, train_ssim_loss-0.1320716, val_mse_loss-0.0005781, val_ssim_loss-0.9920299
2025-01-17 14:34:30 - INFO - epoch-243, train_mse_loss-0.0001380, train_ssim_loss-0.1140919, val_mse_loss-0.0005788, val_ssim_loss-0.9943951
2025-01-17 14:38:31 - INFO - epoch-244, train_mse_loss-0.0001359, train_ssim_loss-0.1120527, val_mse_loss-0.0005778, val_ssim_loss-0.9901595
2025-01-17 14:42:36 - INFO - epoch-245, train_mse_loss-0.0001351, train_ssim_loss-0.1111962, val_mse_loss-0.0005752, val_ssim_loss-0.9816453
2025-01-17 14:46:40 - INFO - epoch-246, train_mse_loss-0.0001299, train_ssim_loss-0.1070455, val_mse_loss-0.0005777, val_ssim_loss-0.9897384
2025-01-17 14:50:47 - INFO - epoch-247, train_mse_loss-0.0001237, train_ssim_loss-0.1020074, val_mse_loss-0.0005785, val_ssim_loss-0.9934763
2025-01-17 14:54:50 - INFO - epoch-248, train_mse_loss-0.0001219, train_ssim_loss-0.1003490, val_mse_loss-0.0005785, val_ssim_loss-0.9934030
2025-01-17 14:58:51 - INFO - epoch-249, train_mse_loss-0.0001244, train_ssim_loss-0.1023484, val_mse_loss-0.0005773, val_ssim_loss-0.9883071
2025-01-17 15:02:52 - INFO - epoch-250, train_mse_loss-0.0001274, train_ssim_loss-0.1051705, val_mse_loss-0.0005780, val_ssim_loss-0.9918300
2025-01-17 15:06:56 - INFO - epoch-251, train_mse_loss-0.0001309, train_ssim_loss-0.1083708, val_mse_loss-0.0005786, val_ssim_loss-0.9936629
2025-01-17 15:10:55 - INFO - epoch-252, train_mse_loss-0.0001290, train_ssim_loss-0.1067567, val_mse_loss-0.0005786, val_ssim_loss-0.9937670
2025-01-17 15:14:57 - INFO - epoch-253, train_mse_loss-0.0001225, train_ssim_loss-0.1011132, val_mse_loss-0.0005790, val_ssim_loss-0.9936088
2025-01-17 15:19:02 - INFO - epoch-254, train_mse_loss-0.0001305, train_ssim_loss-0.1076400, val_mse_loss-0.0005782, val_ssim_loss-0.9923704
2025-01-17 15:23:02 - INFO - epoch-255, train_mse_loss-0.0001253, train_ssim_loss-0.1031928, val_mse_loss-0.0005784, val_ssim_loss-0.9932064
2025-01-17 15:27:02 - INFO - epoch-256, train_mse_loss-0.0001274, train_ssim_loss-0.1051044, val_mse_loss-0.0005793, val_ssim_loss-0.9954015
2025-01-17 15:31:02 - INFO - epoch-257, train_mse_loss-0.0001336, train_ssim_loss-0.1102803, val_mse_loss-0.0005784, val_ssim_loss-0.9927099
2025-01-17 15:35:03 - INFO - epoch-258, train_mse_loss-0.0001333, train_ssim_loss-0.1098663, val_mse_loss-0.0005783, val_ssim_loss-0.9924384
2025-01-17 15:39:04 - INFO - epoch-259, train_mse_loss-0.0001258, train_ssim_loss-0.1036645, val_mse_loss-0.0005780, val_ssim_loss-0.9908285
2025-01-17 15:43:09 - INFO - epoch-260, train_mse_loss-0.0001232, train_ssim_loss-0.1014238, val_mse_loss-0.0005779, val_ssim_loss-0.9915739
2025-01-17 15:47:09 - INFO - epoch-261, train_mse_loss-0.0001273, train_ssim_loss-0.1052892, val_mse_loss-0.0005779, val_ssim_loss-0.9911872
2025-01-17 15:51:09 - INFO - epoch-262, train_mse_loss-0.0001254, train_ssim_loss-0.1036154, val_mse_loss-0.0005784, val_ssim_loss-0.9933883
2025-01-17 15:55:10 - INFO - epoch-263, train_mse_loss-0.0001228, train_ssim_loss-0.1012940, val_mse_loss-0.0005785, val_ssim_loss-0.9935862
2025-01-17 15:59:11 - INFO - epoch-264, train_mse_loss-0.0001468, train_ssim_loss-0.1221893, val_mse_loss-0.0005787, val_ssim_loss-0.9940341
2025-01-17 16:03:12 - INFO - epoch-265, train_mse_loss-0.0001465, train_ssim_loss-0.1218891, val_mse_loss-0.0005791, val_ssim_loss-0.9957809
2025-01-17 16:07:14 - INFO - epoch-266, train_mse_loss-0.0001292, train_ssim_loss-0.1065727, val_mse_loss-0.0005787, val_ssim_loss-0.9937049
2025-01-17 16:11:16 - INFO - epoch-267, train_mse_loss-0.0001158, train_ssim_loss-0.0949115, val_mse_loss-0.0005788, val_ssim_loss-0.9944436
2025-01-17 16:15:22 - INFO - epoch-268, train_mse_loss-0.0001148, train_ssim_loss-0.0938344, val_mse_loss-0.0005788, val_ssim_loss-0.9945773
2025-01-17 16:19:22 - INFO - epoch-269, train_mse_loss-0.0001176, train_ssim_loss-0.0967801, val_mse_loss-0.0005790, val_ssim_loss-0.9950756
2025-01-17 16:23:22 - INFO - epoch-270, train_mse_loss-0.0001161, train_ssim_loss-0.0957620, val_mse_loss-0.0005783, val_ssim_loss-0.9923648
2025-01-17 16:27:22 - INFO - epoch-271, train_mse_loss-0.0001202, train_ssim_loss-0.0995096, val_mse_loss-0.0005790, val_ssim_loss-0.9953217
2025-01-17 16:31:23 - INFO - epoch-272, train_mse_loss-0.0001191, train_ssim_loss-0.0980961, val_mse_loss-0.0005788, val_ssim_loss-0.9945282
2025-01-17 16:35:23 - INFO - epoch-273, train_mse_loss-0.0001185, train_ssim_loss-0.0980163, val_mse_loss-0.0005788, val_ssim_loss-0.9949192
2025-01-17 16:39:23 - INFO - epoch-274, train_mse_loss-0.0001165, train_ssim_loss-0.0963110, val_mse_loss-0.0005790, val_ssim_loss-0.9952273
2025-01-17 16:43:22 - INFO - epoch-275, train_mse_loss-0.0001125, train_ssim_loss-0.0931219, val_mse_loss-0.0005787, val_ssim_loss-0.9942899
2025-01-17 16:47:23 - INFO - epoch-276, train_mse_loss-0.0001165, train_ssim_loss-0.0963822, val_mse_loss-0.0005790, val_ssim_loss-0.9955453
2025-01-17 16:51:24 - INFO - epoch-277, train_mse_loss-0.0001142, train_ssim_loss-0.0944083, val_mse_loss-0.0005786, val_ssim_loss-0.9932266
2025-01-17 16:55:24 - INFO - epoch-278, train_mse_loss-0.0001192, train_ssim_loss-0.0981174, val_mse_loss-0.0005786, val_ssim_loss-0.9931837
2025-01-17 16:59:25 - INFO - epoch-279, train_mse_loss-0.0001225, train_ssim_loss-0.1011458, val_mse_loss-0.0005790, val_ssim_loss-0.9952856
2025-01-17 17:03:27 - INFO - epoch-280, train_mse_loss-0.0001183, train_ssim_loss-0.0974608, val_mse_loss-0.0005793, val_ssim_loss-0.9968837
2025-01-17 17:07:28 - INFO - epoch-281, train_mse_loss-0.0001111, train_ssim_loss-0.0916770, val_mse_loss-0.0005792, val_ssim_loss-0.9963120
2025-01-17 17:11:30 - INFO - epoch-282, train_mse_loss-0.0001090, train_ssim_loss-0.0899394, val_mse_loss-0.0005789, val_ssim_loss-0.9950335
2025-01-17 17:15:30 - INFO - epoch-283, train_mse_loss-0.0001102, train_ssim_loss-0.0909801, val_mse_loss-0.0005786, val_ssim_loss-0.9939674
2025-01-17 17:19:33 - INFO - epoch-284, train_mse_loss-0.0001145, train_ssim_loss-0.0945880, val_mse_loss-0.0005782, val_ssim_loss-0.9921052
2025-01-17 17:23:36 - INFO - epoch-285, train_mse_loss-0.0001210, train_ssim_loss-0.1005474, val_mse_loss-0.0005788, val_ssim_loss-0.9945408
2025-01-17 17:27:36 - INFO - epoch-286, train_mse_loss-0.0001151, train_ssim_loss-0.0955071, val_mse_loss-0.0005787, val_ssim_loss-0.9941145
2025-01-17 17:31:37 - INFO - epoch-287, train_mse_loss-0.0001094, train_ssim_loss-0.0904547, val_mse_loss-0.0005789, val_ssim_loss-0.9951813
2025-01-17 17:35:38 - INFO - epoch-288, train_mse_loss-0.0001163, train_ssim_loss-0.0961811, val_mse_loss-0.0005792, val_ssim_loss-0.9963192
2025-01-17 17:39:41 - INFO - epoch-289, train_mse_loss-0.0001150, train_ssim_loss-0.0953988, val_mse_loss-0.0005788, val_ssim_loss-0.9949018
2025-01-17 17:43:44 - INFO - epoch-290, train_mse_loss-0.0001093, train_ssim_loss-0.0904561, val_mse_loss-0.0005790, val_ssim_loss-0.9953830
2025-01-17 17:47:44 - INFO - epoch-291, train_mse_loss-0.0001154, train_ssim_loss-0.0957769, val_mse_loss-0.0005791, val_ssim_loss-0.9957477
2025-01-17 17:51:46 - INFO - epoch-292, train_mse_loss-0.0001124, train_ssim_loss-0.0929602, val_mse_loss-0.0005789, val_ssim_loss-0.9952022
2025-01-17 17:55:51 - INFO - epoch-293, train_mse_loss-0.0001277, train_ssim_loss-0.1055174, val_mse_loss-0.0005782, val_ssim_loss-0.9924306
2025-01-17 17:59:54 - INFO - epoch-294, train_mse_loss-0.0001337, train_ssim_loss-0.1110126, val_mse_loss-0.0005783, val_ssim_loss-0.9923624
2025-01-17 18:03:58 - INFO - epoch-295, train_mse_loss-0.0001233, train_ssim_loss-0.1022274, val_mse_loss-0.0005790, val_ssim_loss-0.9956014
2025-01-17 18:08:01 - INFO - epoch-296, train_mse_loss-0.0001174, train_ssim_loss-0.0968201, val_mse_loss-0.0005791, val_ssim_loss-0.9957030
2025-01-17 18:12:02 - INFO - epoch-297, train_mse_loss-0.0001232, train_ssim_loss-0.1013104, val_mse_loss-0.0005791, val_ssim_loss-0.9957458
2025-01-17 18:16:02 - INFO - epoch-298, train_mse_loss-0.0001313, train_ssim_loss-0.1089282, val_mse_loss-0.0005788, val_ssim_loss-0.9948407
2025-01-17 18:20:02 - INFO - epoch-299, train_mse_loss-0.0001290, train_ssim_loss-0.1067707, val_mse_loss-0.0005785, val_ssim_loss-0.9935846
2025-01-17 18:24:05 - INFO - epoch-300, train_mse_loss-0.0001242, train_ssim_loss-0.1023980, val_mse_loss-0.0005791, val_ssim_loss-0.9961298
2025-01-17 18:28:07 - INFO - epoch-301, train_mse_loss-0.0001427, train_ssim_loss-0.1180099, val_mse_loss-0.0005789, val_ssim_loss-0.9948786
2025-01-17 18:32:11 - INFO - epoch-302, train_mse_loss-0.0001295, train_ssim_loss-0.1074097, val_mse_loss-0.0005790, val_ssim_loss-0.9953494
2025-01-17 18:36:13 - INFO - epoch-303, train_mse_loss-0.0001116, train_ssim_loss-0.0920500, val_mse_loss-0.0005782, val_ssim_loss-0.9921454
2025-01-17 18:40:16 - INFO - epoch-304, train_mse_loss-0.0001075, train_ssim_loss-0.0882533, val_mse_loss-0.0005787, val_ssim_loss-0.9941286
2025-01-17 18:44:18 - INFO - epoch-305, train_mse_loss-0.0001151, train_ssim_loss-0.0944946, val_mse_loss-0.0005790, val_ssim_loss-0.9955006
2025-01-17 18:48:20 - INFO - epoch-306, train_mse_loss-0.0001180, train_ssim_loss-0.0973273, val_mse_loss-0.0005792, val_ssim_loss-0.9963278
2025-01-17 18:52:21 - INFO - epoch-307, train_mse_loss-0.0001196, train_ssim_loss-0.0993622, val_mse_loss-0.0005792, val_ssim_loss-0.9962653
2025-01-17 18:56:24 - INFO - epoch-308, train_mse_loss-0.0001185, train_ssim_loss-0.0980687, val_mse_loss-0.0005791, val_ssim_loss-0.9960260
2025-01-17 19:00:24 - INFO - epoch-309, train_mse_loss-0.0001107, train_ssim_loss-0.0912607, val_mse_loss-0.0005792, val_ssim_loss-0.9964275
2025-01-17 19:04:25 - INFO - epoch-310, train_mse_loss-0.0001059, train_ssim_loss-0.0873556, val_mse_loss-0.0005791, val_ssim_loss-0.9958774
2025-01-17 19:08:26 - INFO - epoch-311, train_mse_loss-0.0001084, train_ssim_loss-0.0894252, val_mse_loss-0.0005793, val_ssim_loss-0.9964446
2025-01-17 19:12:28 - INFO - epoch-312, train_mse_loss-0.0001084, train_ssim_loss-0.0895801, val_mse_loss-0.0005791, val_ssim_loss-0.9956149
2025-01-17 19:16:33 - INFO - epoch-313, train_mse_loss-0.0001070, train_ssim_loss-0.0883667, val_mse_loss-0.0005787, val_ssim_loss-0.9943530
2025-01-17 19:20:34 - INFO - epoch-314, train_mse_loss-0.0001124, train_ssim_loss-0.0931085, val_mse_loss-0.0005788, val_ssim_loss-0.9943052
2025-01-17 19:24:36 - INFO - epoch-315, train_mse_loss-0.0001169, train_ssim_loss-0.0968799, val_mse_loss-0.0005788, val_ssim_loss-0.9946300
2025-01-17 19:28:37 - INFO - epoch-316, train_mse_loss-0.0001202, train_ssim_loss-0.0996817, val_mse_loss-0.0005790, val_ssim_loss-0.9951872
2025-01-17 19:32:39 - INFO - epoch-317, train_mse_loss-0.0001217, train_ssim_loss-0.1011777, val_mse_loss-0.0005790, val_ssim_loss-0.9956567
2025-01-17 19:36:41 - INFO - epoch-318, train_mse_loss-0.0001123, train_ssim_loss-0.0925796, val_mse_loss-0.0005790, val_ssim_loss-0.9957153
2025-01-17 19:40:50 - INFO - epoch-319, train_mse_loss-0.0001095, train_ssim_loss-0.0901813, val_mse_loss-0.0005783, val_ssim_loss-0.9929634
2025-01-17 19:44:52 - INFO - epoch-320, train_mse_loss-0.0001075, train_ssim_loss-0.0885198, val_mse_loss-0.0005793, val_ssim_loss-0.9966324
2025-01-17 19:48:54 - INFO - epoch-321, train_mse_loss-0.0001108, train_ssim_loss-0.0913556, val_mse_loss-0.0005785, val_ssim_loss-0.9936242
2025-01-17 19:52:55 - INFO - epoch-322, train_mse_loss-0.0001130, train_ssim_loss-0.0931673, val_mse_loss-0.0005789, val_ssim_loss-0.9947811
2025-01-17 19:56:58 - INFO - epoch-323, train_mse_loss-0.0001113, train_ssim_loss-0.0924121, val_mse_loss-0.0005788, val_ssim_loss-0.9945903
2025-01-17 20:01:00 - INFO - epoch-324, train_mse_loss-0.0001028, train_ssim_loss-0.0848378, val_mse_loss-0.0005790, val_ssim_loss-0.9956249
2025-01-17 20:05:01 - INFO - epoch-325, train_mse_loss-0.0001003, train_ssim_loss-0.0827185, val_mse_loss-0.0005790, val_ssim_loss-0.9953959
2025-01-17 20:09:02 - INFO - epoch-326, train_mse_loss-0.0001026, train_ssim_loss-0.0848020, val_mse_loss-0.0005790, val_ssim_loss-0.9950947
2025-01-17 20:13:06 - INFO - epoch-327, train_mse_loss-0.0001054, train_ssim_loss-0.0872122, val_mse_loss-0.0005787, val_ssim_loss-0.9940643
2025-01-17 20:17:07 - INFO - epoch-328, train_mse_loss-0.0001097, train_ssim_loss-0.0908546, val_mse_loss-0.0005791, val_ssim_loss-0.9958802
2025-01-17 20:21:08 - INFO - epoch-329, train_mse_loss-0.0001101, train_ssim_loss-0.0910422, val_mse_loss-0.0005790, val_ssim_loss-0.9953814
2025-01-17 20:25:08 - INFO - epoch-330, train_mse_loss-0.0001108, train_ssim_loss-0.0912033, val_mse_loss-0.0005791, val_ssim_loss-0.9959505
2025-01-17 20:29:09 - INFO - epoch-331, train_mse_loss-0.0001145, train_ssim_loss-0.0950954, val_mse_loss-0.0005790, val_ssim_loss-0.9957666
2025-01-17 20:33:12 - INFO - epoch-332, train_mse_loss-0.0001020, train_ssim_loss-0.0844978, val_mse_loss-0.0005786, val_ssim_loss-0.9942797
2025-01-17 20:37:13 - INFO - epoch-333, train_mse_loss-0.0000986, train_ssim_loss-0.0811478, val_mse_loss-0.0005785, val_ssim_loss-0.9934607
2025-01-17 20:41:15 - INFO - epoch-334, train_mse_loss-0.0001007, train_ssim_loss-0.0829243, val_mse_loss-0.0005790, val_ssim_loss-0.9953241
2025-01-17 20:45:16 - INFO - epoch-335, train_mse_loss-0.0001037, train_ssim_loss-0.0856948, val_mse_loss-0.0005786, val_ssim_loss-0.9943743
2025-01-17 20:49:21 - INFO - epoch-336, train_mse_loss-0.0001077, train_ssim_loss-0.0889049, val_mse_loss-0.0005790, val_ssim_loss-0.9952836
2025-01-17 20:53:21 - INFO - epoch-337, train_mse_loss-0.0001154, train_ssim_loss-0.0953623, val_mse_loss-0.0005787, val_ssim_loss-0.9945334
2025-01-17 20:57:22 - INFO - epoch-338, train_mse_loss-0.0001065, train_ssim_loss-0.0883003, val_mse_loss-0.0005789, val_ssim_loss-0.9951092
2025-01-17 21:01:22 - INFO - epoch-339, train_mse_loss-0.0000964, train_ssim_loss-0.0794616, val_mse_loss-0.0005784, val_ssim_loss-0.9935859
2025-01-17 21:05:24 - INFO - epoch-340, train_mse_loss-0.0000984, train_ssim_loss-0.0810149, val_mse_loss-0.0005790, val_ssim_loss-0.9953420
2025-01-17 21:09:26 - INFO - epoch-341, train_mse_loss-0.0000987, train_ssim_loss-0.0814125, val_mse_loss-0.0005787, val_ssim_loss-0.9943710
2025-01-17 21:13:26 - INFO - epoch-342, train_mse_loss-0.0001020, train_ssim_loss-0.0841042, val_mse_loss-0.0005790, val_ssim_loss-0.9955229
2025-01-17 21:17:27 - INFO - epoch-343, train_mse_loss-0.0001025, train_ssim_loss-0.0847201, val_mse_loss-0.0005792, val_ssim_loss-0.9964007
2025-01-17 21:21:28 - INFO - epoch-344, train_mse_loss-0.0001064, train_ssim_loss-0.0881226, val_mse_loss-0.0005792, val_ssim_loss-0.9963908
2025-01-17 21:25:29 - INFO - epoch-345, train_mse_loss-0.0000999, train_ssim_loss-0.0825155, val_mse_loss-0.0005790, val_ssim_loss-0.9957639
2025-01-17 21:29:29 - INFO - epoch-346, train_mse_loss-0.0001015, train_ssim_loss-0.0835962, val_mse_loss-0.0005788, val_ssim_loss-0.9945428
2025-01-17 21:33:30 - INFO - epoch-347, train_mse_loss-0.0000999, train_ssim_loss-0.0824116, val_mse_loss-0.0005783, val_ssim_loss-0.9923123
2025-01-17 21:37:30 - INFO - epoch-348, train_mse_loss-0.0000974, train_ssim_loss-0.0802928, val_mse_loss-0.0005790, val_ssim_loss-0.9953473
2025-01-17 21:41:31 - INFO - epoch-349, train_mse_loss-0.0001042, train_ssim_loss-0.0862600, val_mse_loss-0.0005786, val_ssim_loss-0.9934328
2025-01-17 21:45:33 - INFO - epoch-350, train_mse_loss-0.0001125, train_ssim_loss-0.0929508, val_mse_loss-0.0005788, val_ssim_loss-0.9944574
2025-01-17 21:49:34 - INFO - epoch-351, train_mse_loss-0.0001086, train_ssim_loss-0.0896619, val_mse_loss-0.0005789, val_ssim_loss-0.9951048
2025-01-17 21:53:35 - INFO - epoch-352, train_mse_loss-0.0001011, train_ssim_loss-0.0830483, val_mse_loss-0.0005793, val_ssim_loss-0.9965423
2025-01-17 21:57:43 - INFO - epoch-353, train_mse_loss-0.0000969, train_ssim_loss-0.0797556, val_mse_loss-0.0005786, val_ssim_loss-0.9941484
2025-01-17 22:01:45 - INFO - epoch-354, train_mse_loss-0.0000951, train_ssim_loss-0.0783423, val_mse_loss-0.0005786, val_ssim_loss-0.9942136
2025-01-17 22:05:47 - INFO - epoch-355, train_mse_loss-0.0000992, train_ssim_loss-0.0819761, val_mse_loss-0.0005786, val_ssim_loss-0.9940492
2025-01-17 22:09:48 - INFO - epoch-356, train_mse_loss-0.0001036, train_ssim_loss-0.0857335, val_mse_loss-0.0005785, val_ssim_loss-0.9938764
2025-01-17 22:13:49 - INFO - epoch-357, train_mse_loss-0.0001044, train_ssim_loss-0.0864627, val_mse_loss-0.0005788, val_ssim_loss-0.9946868
2025-01-17 22:17:49 - INFO - epoch-358, train_mse_loss-0.0001045, train_ssim_loss-0.0864332, val_mse_loss-0.0005792, val_ssim_loss-0.9963350
2025-01-17 22:21:51 - INFO - epoch-359, train_mse_loss-0.0001089, train_ssim_loss-0.0899972, val_mse_loss-0.0005785, val_ssim_loss-0.9939416
2025-01-17 22:25:52 - INFO - epoch-360, train_mse_loss-0.0001084, train_ssim_loss-0.0896196, val_mse_loss-0.0005787, val_ssim_loss-0.9943349
2025-01-17 22:29:53 - INFO - epoch-361, train_mse_loss-0.0001030, train_ssim_loss-0.0850776, val_mse_loss-0.0005789, val_ssim_loss-0.9950300
2025-01-17 22:33:56 - INFO - epoch-362, train_mse_loss-0.0000967, train_ssim_loss-0.0795667, val_mse_loss-0.0005788, val_ssim_loss-0.9943448
2025-01-17 22:37:58 - INFO - epoch-363, train_mse_loss-0.0000964, train_ssim_loss-0.0793919, val_mse_loss-0.0005785, val_ssim_loss-0.9935928
2025-01-17 22:41:59 - INFO - epoch-364, train_mse_loss-0.0001006, train_ssim_loss-0.0832019, val_mse_loss-0.0005782, val_ssim_loss-0.9916915
2025-01-17 22:46:02 - INFO - epoch-365, train_mse_loss-0.0000984, train_ssim_loss-0.0814770, val_mse_loss-0.0005786, val_ssim_loss-0.9939888
2025-01-17 22:50:04 - INFO - epoch-366, train_mse_loss-0.0001049, train_ssim_loss-0.0867767, val_mse_loss-0.0005782, val_ssim_loss-0.9924097
2025-01-17 22:54:05 - INFO - epoch-367, train_mse_loss-0.0001021, train_ssim_loss-0.0842857, val_mse_loss-0.0005784, val_ssim_loss-0.9930906
2025-01-17 22:58:06 - INFO - epoch-368, train_mse_loss-0.0000999, train_ssim_loss-0.0823908, val_mse_loss-0.0005787, val_ssim_loss-0.9941960
2025-01-17 23:02:07 - INFO - epoch-369, train_mse_loss-0.0001004, train_ssim_loss-0.0831010, val_mse_loss-0.0005777, val_ssim_loss-0.9906557
2025-01-17 23:06:14 - INFO - epoch-370, train_mse_loss-0.0000993, train_ssim_loss-0.0821200, val_mse_loss-0.0005780, val_ssim_loss-0.9915897
2025-01-17 23:10:15 - INFO - epoch-371, train_mse_loss-0.0001001, train_ssim_loss-0.0827347, val_mse_loss-0.0005781, val_ssim_loss-0.9913923
2025-01-17 23:14:15 - INFO - epoch-372, train_mse_loss-0.0001102, train_ssim_loss-0.0916125, val_mse_loss-0.0005786, val_ssim_loss-0.9939225
2025-01-17 23:18:17 - INFO - epoch-373, train_mse_loss-0.0001114, train_ssim_loss-0.0924400, val_mse_loss-0.0005781, val_ssim_loss-0.9908037
2025-01-17 23:22:19 - INFO - epoch-374, train_mse_loss-0.0001120, train_ssim_loss-0.0921462, val_mse_loss-0.0005784, val_ssim_loss-0.9929852
2025-01-17 23:26:20 - INFO - epoch-375, train_mse_loss-0.0001083, train_ssim_loss-0.0891967, val_mse_loss-0.0005786, val_ssim_loss-0.9933838
2025-01-17 23:30:21 - INFO - epoch-376, train_mse_loss-0.0000993, train_ssim_loss-0.0818722, val_mse_loss-0.0005787, val_ssim_loss-0.9943545
2025-01-17 23:34:22 - INFO - epoch-377, train_mse_loss-0.0001219, train_ssim_loss-0.1003844, val_mse_loss-0.0005786, val_ssim_loss-0.9935447
2025-01-17 23:38:23 - INFO - epoch-378, train_mse_loss-0.0001117, train_ssim_loss-0.0926585, val_mse_loss-0.0005785, val_ssim_loss-0.9925872
2025-01-17 23:42:23 - INFO - epoch-379, train_mse_loss-0.0000974, train_ssim_loss-0.0803856, val_mse_loss-0.0005781, val_ssim_loss-0.9908505
2025-01-17 23:46:23 - INFO - epoch-380, train_mse_loss-0.0000941, train_ssim_loss-0.0771566, val_mse_loss-0.0005783, val_ssim_loss-0.9925997
2025-01-17 23:50:24 - INFO - epoch-381, train_mse_loss-0.0001006, train_ssim_loss-0.0829231, val_mse_loss-0.0005772, val_ssim_loss-0.9885793
2025-01-17 23:54:26 - INFO - epoch-382, train_mse_loss-0.0001030, train_ssim_loss-0.0854996, val_mse_loss-0.0005781, val_ssim_loss-0.9917064
2025-01-17 23:58:26 - INFO - epoch-383, train_mse_loss-0.0001000, train_ssim_loss-0.0826315, val_mse_loss-0.0005785, val_ssim_loss-0.9927152
2025-01-18 00:02:26 - INFO - epoch-384, train_mse_loss-0.0000957, train_ssim_loss-0.0791551, val_mse_loss-0.0005784, val_ssim_loss-0.9929222
2025-01-18 00:06:27 - INFO - epoch-385, train_mse_loss-0.0000973, train_ssim_loss-0.0803928, val_mse_loss-0.0005789, val_ssim_loss-0.9951685
2025-01-18 00:10:27 - INFO - epoch-386, train_mse_loss-0.0001009, train_ssim_loss-0.0836833, val_mse_loss-0.0005786, val_ssim_loss-0.9938130
2025-01-18 00:14:30 - INFO - epoch-387, train_mse_loss-0.0000960, train_ssim_loss-0.0795231, val_mse_loss-0.0005785, val_ssim_loss-0.9931231
2025-01-18 00:18:29 - INFO - epoch-388, train_mse_loss-0.0000947, train_ssim_loss-0.0784743, val_mse_loss-0.0005782, val_ssim_loss-0.9923406
2025-01-18 00:22:31 - INFO - epoch-389, train_mse_loss-0.0000970, train_ssim_loss-0.0801995, val_mse_loss-0.0005781, val_ssim_loss-0.9913796
2025-01-18 00:26:31 - INFO - epoch-390, train_mse_loss-0.0001015, train_ssim_loss-0.0840439, val_mse_loss-0.0005782, val_ssim_loss-0.9919504
2025-01-18 00:30:31 - INFO - epoch-391, train_mse_loss-0.0000978, train_ssim_loss-0.0809792, val_mse_loss-0.0005780, val_ssim_loss-0.9913186
2025-01-18 00:34:31 - INFO - epoch-392, train_mse_loss-0.0000963, train_ssim_loss-0.0797155, val_mse_loss-0.0005785, val_ssim_loss-0.9930579
2025-01-18 00:38:32 - INFO - epoch-393, train_mse_loss-0.0000926, train_ssim_loss-0.0764314, val_mse_loss-0.0005785, val_ssim_loss-0.9930362
2025-01-18 00:42:33 - INFO - epoch-394, train_mse_loss-0.0000934, train_ssim_loss-0.0772902, val_mse_loss-0.0005788, val_ssim_loss-0.9946168
2025-01-18 00:46:33 - INFO - epoch-395, train_mse_loss-0.0000980, train_ssim_loss-0.0815040, val_mse_loss-0.0005787, val_ssim_loss-0.9941397
2025-01-18 00:50:33 - INFO - epoch-396, train_mse_loss-0.0000952, train_ssim_loss-0.0789625, val_mse_loss-0.0005782, val_ssim_loss-0.9923896
2025-01-18 00:54:34 - INFO - epoch-397, train_mse_loss-0.0000966, train_ssim_loss-0.0801677, val_mse_loss-0.0005785, val_ssim_loss-0.9934130
2025-01-18 00:58:35 - INFO - epoch-398, train_mse_loss-0.0000942, train_ssim_loss-0.0780850, val_mse_loss-0.0005783, val_ssim_loss-0.9925963
2025-01-18 01:02:36 - INFO - epoch-399, train_mse_loss-0.0000917, train_ssim_loss-0.0759894, val_mse_loss-0.0005780, val_ssim_loss-0.9908936
2025-01-18 01:06:37 - INFO - epoch-400, train_mse_loss-0.0000992, train_ssim_loss-0.0820075, val_mse_loss-0.0005787, val_ssim_loss-0.9940183
2025-01-18 01:10:38 - INFO - epoch-401, train_mse_loss-0.0001041, train_ssim_loss-0.0866620, val_mse_loss-0.0005784, val_ssim_loss-0.9923994
2025-01-18 01:14:38 - INFO - epoch-402, train_mse_loss-0.0001067, train_ssim_loss-0.0890728, val_mse_loss-0.0005787, val_ssim_loss-0.9940362
2025-01-18 01:18:39 - INFO - epoch-403, train_mse_loss-0.0000949, train_ssim_loss-0.0786836, val_mse_loss-0.0005786, val_ssim_loss-0.9929616
2025-01-18 01:22:46 - INFO - epoch-404, train_mse_loss-0.0000923, train_ssim_loss-0.0761294, val_mse_loss-0.0005784, val_ssim_loss-0.9927681
2025-01-18 01:26:46 - INFO - epoch-405, train_mse_loss-0.0001033, train_ssim_loss-0.0865139, val_mse_loss-0.0005786, val_ssim_loss-0.9934749
2025-01-18 01:30:46 - INFO - epoch-406, train_mse_loss-0.0000966, train_ssim_loss-0.0804006, val_mse_loss-0.0005786, val_ssim_loss-0.9935048
2025-01-18 01:34:47 - INFO - epoch-407, train_mse_loss-0.0000977, train_ssim_loss-0.0811217, val_mse_loss-0.0005785, val_ssim_loss-0.9933580
2025-01-18 01:38:47 - INFO - epoch-408, train_mse_loss-0.0000962, train_ssim_loss-0.0798263, val_mse_loss-0.0005784, val_ssim_loss-0.9931389
2025-01-18 01:42:48 - INFO - epoch-409, train_mse_loss-0.0000938, train_ssim_loss-0.0778301, val_mse_loss-0.0005780, val_ssim_loss-0.9909969
2025-01-18 01:46:49 - INFO - epoch-410, train_mse_loss-0.0001100, train_ssim_loss-0.0921711, val_mse_loss-0.0005779, val_ssim_loss-0.9908630
2025-01-18 01:50:49 - INFO - epoch-411, train_mse_loss-0.0001033, train_ssim_loss-0.0863179, val_mse_loss-0.0005775, val_ssim_loss-0.9885494
2025-01-18 01:54:49 - INFO - epoch-412, train_mse_loss-0.0001078, train_ssim_loss-0.0899545, val_mse_loss-0.0005780, val_ssim_loss-0.9906054
2025-01-18 01:58:50 - INFO - epoch-413, train_mse_loss-0.0000993, train_ssim_loss-0.0821640, val_mse_loss-0.0005783, val_ssim_loss-0.9915099
2025-01-18 02:02:51 - INFO - epoch-414, train_mse_loss-0.0001075, train_ssim_loss-0.0896411, val_mse_loss-0.0005783, val_ssim_loss-0.9923553
2025-01-18 02:06:54 - INFO - epoch-415, train_mse_loss-0.0000982, train_ssim_loss-0.0814609, val_mse_loss-0.0005783, val_ssim_loss-0.9923918
2025-01-18 02:10:55 - INFO - epoch-416, train_mse_loss-0.0000931, train_ssim_loss-0.0770286, val_mse_loss-0.0005788, val_ssim_loss-0.9939714
2025-01-18 02:14:56 - INFO - epoch-417, train_mse_loss-0.0001002, train_ssim_loss-0.0831996, val_mse_loss-0.0005785, val_ssim_loss-0.9929834
2025-01-18 02:18:57 - INFO - epoch-418, train_mse_loss-0.0001085, train_ssim_loss-0.0903441, val_mse_loss-0.0005776, val_ssim_loss-0.9880316
2025-01-18 02:22:58 - INFO - epoch-419, train_mse_loss-0.0001020, train_ssim_loss-0.0852035, val_mse_loss-0.0005778, val_ssim_loss-0.9899400
2025-01-18 02:26:59 - INFO - epoch-420, train_mse_loss-0.0000957, train_ssim_loss-0.0792912, val_mse_loss-0.0005785, val_ssim_loss-0.9928157
2025-01-18 02:31:06 - INFO - epoch-421, train_mse_loss-0.0000961, train_ssim_loss-0.0794529, val_mse_loss-0.0005784, val_ssim_loss-0.9925286
2025-01-18 02:35:07 - INFO - epoch-422, train_mse_loss-0.0001051, train_ssim_loss-0.0873772, val_mse_loss-0.0005779, val_ssim_loss-0.9904568
2025-01-18 02:39:08 - INFO - epoch-423, train_mse_loss-0.0000958, train_ssim_loss-0.0794084, val_mse_loss-0.0005776, val_ssim_loss-0.9891066
2025-01-18 02:43:10 - INFO - epoch-424, train_mse_loss-0.0000920, train_ssim_loss-0.0760905, val_mse_loss-0.0005779, val_ssim_loss-0.9893218
2025-01-18 02:47:12 - INFO - epoch-425, train_mse_loss-0.0000932, train_ssim_loss-0.0774654, val_mse_loss-0.0005781, val_ssim_loss-0.9910138
2025-01-18 02:51:12 - INFO - epoch-426, train_mse_loss-0.0000947, train_ssim_loss-0.0787155, val_mse_loss-0.0005774, val_ssim_loss-0.9877577
2025-01-18 02:55:13 - INFO - epoch-427, train_mse_loss-0.0000963, train_ssim_loss-0.0798434, val_mse_loss-0.0005779, val_ssim_loss-0.9904005
2025-01-18 02:59:15 - INFO - epoch-428, train_mse_loss-0.0000971, train_ssim_loss-0.0805387, val_mse_loss-0.0005781, val_ssim_loss-0.9907660
2025-01-18 03:03:16 - INFO - epoch-429, train_mse_loss-0.0000979, train_ssim_loss-0.0814373, val_mse_loss-0.0005784, val_ssim_loss-0.9924493
2025-01-18 03:07:17 - INFO - epoch-430, train_mse_loss-0.0001058, train_ssim_loss-0.0882862, val_mse_loss-0.0005786, val_ssim_loss-0.9936227
2025-01-18 03:11:19 - INFO - epoch-431, train_mse_loss-0.0001049, train_ssim_loss-0.0872408, val_mse_loss-0.0005786, val_ssim_loss-0.9934121
2025-01-18 03:15:20 - INFO - epoch-432, train_mse_loss-0.0000989, train_ssim_loss-0.0824351, val_mse_loss-0.0005779, val_ssim_loss-0.9900022
2025-01-18 03:19:21 - INFO - epoch-433, train_mse_loss-0.0000987, train_ssim_loss-0.0818627, val_mse_loss-0.0005775, val_ssim_loss-0.9882752
2025-01-18 03:23:22 - INFO - epoch-434, train_mse_loss-0.0000955, train_ssim_loss-0.0791698, val_mse_loss-0.0005780, val_ssim_loss-0.9903927
2025-01-18 03:27:23 - INFO - epoch-435, train_mse_loss-0.0000928, train_ssim_loss-0.0769967, val_mse_loss-0.0005783, val_ssim_loss-0.9919181
2025-01-18 03:31:23 - INFO - epoch-436, train_mse_loss-0.0000926, train_ssim_loss-0.0769336, val_mse_loss-0.0005781, val_ssim_loss-0.9912967
2025-01-18 03:35:24 - INFO - epoch-437, train_mse_loss-0.0000932, train_ssim_loss-0.0777886, val_mse_loss-0.0005783, val_ssim_loss-0.9924129
2025-01-18 03:39:34 - INFO - epoch-438, train_mse_loss-0.0000955, train_ssim_loss-0.0796192, val_mse_loss-0.0005782, val_ssim_loss-0.9920760
2025-01-18 03:43:35 - INFO - epoch-439, train_mse_loss-0.0000929, train_ssim_loss-0.0771354, val_mse_loss-0.0005783, val_ssim_loss-0.9924018
2025-01-18 03:47:35 - INFO - epoch-440, train_mse_loss-0.0000919, train_ssim_loss-0.0762454, val_mse_loss-0.0005772, val_ssim_loss-0.9872184
2025-01-18 03:51:36 - INFO - epoch-441, train_mse_loss-0.0000920, train_ssim_loss-0.0765217, val_mse_loss-0.0005777, val_ssim_loss-0.9899608
2025-01-18 03:55:37 - INFO - epoch-442, train_mse_loss-0.0000959, train_ssim_loss-0.0797504, val_mse_loss-0.0005783, val_ssim_loss-0.9926915
2025-01-18 03:59:38 - INFO - epoch-443, train_mse_loss-0.0000917, train_ssim_loss-0.0763179, val_mse_loss-0.0005783, val_ssim_loss-0.9920661
2025-01-18 04:03:39 - INFO - epoch-444, train_mse_loss-0.0000963, train_ssim_loss-0.0800039, val_mse_loss-0.0005781, val_ssim_loss-0.9910628
2025-01-18 04:07:40 - INFO - epoch-445, train_mse_loss-0.0000951, train_ssim_loss-0.0792586, val_mse_loss-0.0005773, val_ssim_loss-0.9887788
2025-01-18 04:11:41 - INFO - epoch-446, train_mse_loss-0.0000929, train_ssim_loss-0.0775387, val_mse_loss-0.0005781, val_ssim_loss-0.9916549
2025-01-18 04:15:42 - INFO - epoch-447, train_mse_loss-0.0000907, train_ssim_loss-0.0752511, val_mse_loss-0.0005783, val_ssim_loss-0.9926302
2025-01-18 04:19:42 - INFO - epoch-448, train_mse_loss-0.0000895, train_ssim_loss-0.0741451, val_mse_loss-0.0005784, val_ssim_loss-0.9922939
2025-01-18 04:23:43 - INFO - epoch-449, train_mse_loss-0.0000934, train_ssim_loss-0.0775883, val_mse_loss-0.0005774, val_ssim_loss-0.9881642
2025-01-18 04:27:44 - INFO - epoch-450, train_mse_loss-0.0000970, train_ssim_loss-0.0805053, val_mse_loss-0.0005783, val_ssim_loss-0.9919393
2025-01-18 04:31:45 - INFO - epoch-451, train_mse_loss-0.0001037, train_ssim_loss-0.0869011, val_mse_loss-0.0005785, val_ssim_loss-0.9925687
2025-01-18 04:35:47 - INFO - epoch-452, train_mse_loss-0.0001080, train_ssim_loss-0.0902597, val_mse_loss-0.0005784, val_ssim_loss-0.9922118
2025-01-18 04:39:47 - INFO - epoch-453, train_mse_loss-0.0001101, train_ssim_loss-0.0926802, val_mse_loss-0.0005777, val_ssim_loss-0.9897797
2025-01-18 04:43:49 - INFO - epoch-454, train_mse_loss-0.0000962, train_ssim_loss-0.0800960, val_mse_loss-0.0005783, val_ssim_loss-0.9916936
2025-01-18 04:47:57 - INFO - epoch-455, train_mse_loss-0.0000888, train_ssim_loss-0.0734993, val_mse_loss-0.0005783, val_ssim_loss-0.9924357
2025-01-18 04:51:59 - INFO - epoch-456, train_mse_loss-0.0000907, train_ssim_loss-0.0752693, val_mse_loss-0.0005782, val_ssim_loss-0.9915309
2025-01-18 04:56:00 - INFO - epoch-457, train_mse_loss-0.0000914, train_ssim_loss-0.0759803, val_mse_loss-0.0005783, val_ssim_loss-0.9922505
2025-01-18 05:00:07 - INFO - epoch-458, train_mse_loss-0.0000977, train_ssim_loss-0.0812187, val_mse_loss-0.0005783, val_ssim_loss-0.9923519
2025-01-18 05:04:09 - INFO - epoch-459, train_mse_loss-0.0000926, train_ssim_loss-0.0773402, val_mse_loss-0.0005779, val_ssim_loss-0.9902722
2025-01-18 05:08:10 - INFO - epoch-460, train_mse_loss-0.0000896, train_ssim_loss-0.0747184, val_mse_loss-0.0005781, val_ssim_loss-0.9910638
2025-01-18 05:12:11 - INFO - epoch-461, train_mse_loss-0.0000890, train_ssim_loss-0.0740558, val_mse_loss-0.0005786, val_ssim_loss-0.9933973
2025-01-18 05:16:12 - INFO - epoch-462, train_mse_loss-0.0000892, train_ssim_loss-0.0741649, val_mse_loss-0.0005776, val_ssim_loss-0.9888995
2025-01-18 05:20:14 - INFO - epoch-463, train_mse_loss-0.0001043, train_ssim_loss-0.0870440, val_mse_loss-0.0005784, val_ssim_loss-0.9924425
2025-01-18 05:24:15 - INFO - epoch-464, train_mse_loss-0.0000967, train_ssim_loss-0.0808320, val_mse_loss-0.0005781, val_ssim_loss-0.9911198
2025-01-18 05:28:16 - INFO - epoch-465, train_mse_loss-0.0000863, train_ssim_loss-0.0718874, val_mse_loss-0.0005787, val_ssim_loss-0.9946161
2025-01-18 05:32:17 - INFO - epoch-466, train_mse_loss-0.0000865, train_ssim_loss-0.0716795, val_mse_loss-0.0005785, val_ssim_loss-0.9931383
2025-01-18 05:36:18 - INFO - epoch-467, train_mse_loss-0.0000922, train_ssim_loss-0.0765943, val_mse_loss-0.0005786, val_ssim_loss-0.9935875
2025-01-18 05:40:19 - INFO - epoch-468, train_mse_loss-0.0000932, train_ssim_loss-0.0779611, val_mse_loss-0.0005789, val_ssim_loss-0.9947659
2025-01-18 05:44:21 - INFO - epoch-469, train_mse_loss-0.0000892, train_ssim_loss-0.0744213, val_mse_loss-0.0005785, val_ssim_loss-0.9927846
2025-01-18 05:48:22 - INFO - epoch-470, train_mse_loss-0.0000920, train_ssim_loss-0.0768970, val_mse_loss-0.0005781, val_ssim_loss-0.9915055
2025-01-18 05:52:24 - INFO - epoch-471, train_mse_loss-0.0000932, train_ssim_loss-0.0777975, val_mse_loss-0.0005783, val_ssim_loss-0.9919080
2025-01-18 05:56:29 - INFO - epoch-472, train_mse_loss-0.0000910, train_ssim_loss-0.0755492, val_mse_loss-0.0005788, val_ssim_loss-0.9944771
2025-01-18 06:00:30 - INFO - epoch-473, train_mse_loss-0.0000916, train_ssim_loss-0.0763297, val_mse_loss-0.0005786, val_ssim_loss-0.9935839
2025-01-18 06:04:31 - INFO - epoch-474, train_mse_loss-0.0000945, train_ssim_loss-0.0790004, val_mse_loss-0.0005782, val_ssim_loss-0.9916083
2025-01-18 06:08:32 - INFO - epoch-475, train_mse_loss-0.0000913, train_ssim_loss-0.0758706, val_mse_loss-0.0005778, val_ssim_loss-0.9901846
2025-01-18 06:12:34 - INFO - epoch-476, train_mse_loss-0.0000957, train_ssim_loss-0.0800250, val_mse_loss-0.0005782, val_ssim_loss-0.9914801
2025-01-18 06:16:35 - INFO - epoch-477, train_mse_loss-0.0000876, train_ssim_loss-0.0731020, val_mse_loss-0.0005781, val_ssim_loss-0.9911745
2025-01-18 06:20:36 - INFO - epoch-478, train_mse_loss-0.0000868, train_ssim_loss-0.0721565, val_mse_loss-0.0005784, val_ssim_loss-0.9922304
2025-01-18 06:24:37 - INFO - epoch-479, train_mse_loss-0.0000892, train_ssim_loss-0.0743161, val_mse_loss-0.0005772, val_ssim_loss-0.9889036
2025-01-18 06:28:37 - INFO - epoch-480, train_mse_loss-0.0000892, train_ssim_loss-0.0745481, val_mse_loss-0.0005773, val_ssim_loss-0.9872985
2025-01-18 06:32:38 - INFO - epoch-481, train_mse_loss-0.0000896, train_ssim_loss-0.0747070, val_mse_loss-0.0005783, val_ssim_loss-0.9930928
2025-01-18 06:36:39 - INFO - epoch-482, train_mse_loss-0.0000871, train_ssim_loss-0.0724839, val_mse_loss-0.0005785, val_ssim_loss-0.9929459
2025-01-18 06:40:40 - INFO - epoch-483, train_mse_loss-0.0000856, train_ssim_loss-0.0713147, val_mse_loss-0.0005782, val_ssim_loss-0.9917936
2025-01-18 06:44:41 - INFO - epoch-484, train_mse_loss-0.0000861, train_ssim_loss-0.0720028, val_mse_loss-0.0005784, val_ssim_loss-0.9927187
2025-01-18 06:48:42 - INFO - epoch-485, train_mse_loss-0.0000960, train_ssim_loss-0.0802587, val_mse_loss-0.0005782, val_ssim_loss-0.9914995
2025-01-18 06:52:43 - INFO - epoch-486, train_mse_loss-0.0000902, train_ssim_loss-0.0754557, val_mse_loss-0.0005783, val_ssim_loss-0.9916658
2025-01-18 06:56:44 - INFO - epoch-487, train_mse_loss-0.0000859, train_ssim_loss-0.0716740, val_mse_loss-0.0005781, val_ssim_loss-0.9912813
2025-01-18 07:00:45 - INFO - epoch-488, train_mse_loss-0.0000861, train_ssim_loss-0.0715227, val_mse_loss-0.0005776, val_ssim_loss-0.9895712
2025-01-18 07:04:49 - INFO - epoch-489, train_mse_loss-0.0000968, train_ssim_loss-0.0812899, val_mse_loss-0.0005779, val_ssim_loss-0.9908227
2025-01-18 07:08:51 - INFO - epoch-490, train_mse_loss-0.0000928, train_ssim_loss-0.0773352, val_mse_loss-0.0005774, val_ssim_loss-0.9887562
2025-01-18 07:12:52 - INFO - epoch-491, train_mse_loss-0.0000868, train_ssim_loss-0.0724594, val_mse_loss-0.0005778, val_ssim_loss-0.9904423
2025-01-18 07:16:53 - INFO - epoch-492, train_mse_loss-0.0001068, train_ssim_loss-0.0894433, val_mse_loss-0.0005772, val_ssim_loss-0.9881874
2025-01-18 07:20:55 - INFO - epoch-493, train_mse_loss-0.0000979, train_ssim_loss-0.0815344, val_mse_loss-0.0005781, val_ssim_loss-0.9918111
2025-01-18 07:24:55 - INFO - epoch-494, train_mse_loss-0.0000855, train_ssim_loss-0.0709717, val_mse_loss-0.0005778, val_ssim_loss-0.9907594
2025-01-18 07:28:56 - INFO - epoch-495, train_mse_loss-0.0000824, train_ssim_loss-0.0682318, val_mse_loss-0.0005780, val_ssim_loss-0.9912779
2025-01-18 07:32:57 - INFO - epoch-496, train_mse_loss-0.0000906, train_ssim_loss-0.0756475, val_mse_loss-0.0005783, val_ssim_loss-0.9922228
2025-01-18 07:36:58 - INFO - epoch-497, train_mse_loss-0.0000901, train_ssim_loss-0.0753530, val_mse_loss-0.0005783, val_ssim_loss-0.9926109
2025-01-18 07:40:59 - INFO - epoch-498, train_mse_loss-0.0000910, train_ssim_loss-0.0759764, val_mse_loss-0.0005781, val_ssim_loss-0.9916369
2025-01-18 07:45:00 - INFO - epoch-499, train_mse_loss-0.0000862, train_ssim_loss-0.0718301, val_mse_loss-0.0005774, val_ssim_loss-0.9890043
