2025-03-19 11:44:10 - INFO - train data: 13259
2025-03-19 11:44:10 - INFO - train data: 13259
2025-03-19 11:44:10 - INFO - train data: 13259
2025-03-19 11:44:10 - INFO - train data: 13259
2025-03-19 11:44:10 - INFO - train data: 13259
2025-03-19 11:44:10 - INFO - train data: 13259
2025-03-19 11:44:10 - INFO - train unqiue data: 13259
2025-03-19 11:44:10 - INFO - valid data: 1474
2025-03-19 11:44:10 - INFO - train unqiue data: 13259
2025-03-19 11:44:10 - INFO - valid data: 1474
2025-03-19 11:44:10 - INFO - train unqiue data: 13259
2025-03-19 11:44:10 - INFO - train unqiue data: 13259
2025-03-19 11:44:10 - INFO - valid data: 1474
2025-03-19 11:44:10 - INFO - valid data: 1474
2025-03-19 11:44:10 - INFO - train unqiue data: 13259
2025-03-19 11:44:10 - INFO - train unqiue data: 13259
2025-03-19 11:44:10 - INFO - valid data: 1474
2025-03-19 11:44:10 - INFO - valid data: 1474
2025-03-19 11:44:10 - INFO - valid unqiue data: 1474
2025-03-19 11:44:10 - INFO - valid unqiue data: 1474
2025-03-19 11:44:10 - INFO - valid unqiue data: 1474
2025-03-19 11:44:10 - INFO - valid unqiue data: 1474
2025-03-19 11:44:10 - INFO - valid unqiue data: 1474
2025-03-19 11:44:10 - INFO - valid unqiue data: 1474
2025-03-19 11:49:03 - INFO - epoch-0, train_mse_loss-0.0005823, train_kl_loss-0.0017595, val_mse_loss-0.0005795, val_kl_loss-0.0000712
2025-03-19 11:49:03 - INFO - epoch-0, train_mse_loss-0.0004227, train_kl_loss-0.0018881, val_mse_loss-0.0044215, val_kl_loss-0.0000732
2025-03-19 11:49:03 - INFO - epoch-0, train_mse_loss-0.0003831, train_kl_loss-0.0017721, val_mse_loss-0.0029938, val_kl_loss-0.0000682
2025-03-19 11:49:03 - INFO - epoch-0, train_mse_loss-0.0005598, train_kl_loss-0.0018370, val_mse_loss-0.0144848, val_kl_loss-0.0000723
2025-03-19 11:49:03 - INFO - epoch-0, train_mse_loss-0.0005579, train_kl_loss-0.0017841, val_mse_loss-0.0021329, val_kl_loss-0.0000712
2025-03-19 11:49:03 - INFO - epoch-0, train_mse_loss-0.0005918, train_kl_loss-0.0017610, val_mse_loss-0.0005795, val_kl_loss-0.0000715
2025-03-19 11:53:20 - INFO - epoch-1, train_mse_loss-0.0003328, train_kl_loss-0.0000305, val_mse_loss-0.0006394, val_kl_loss-0.0000143
2025-03-19 11:53:21 - INFO - epoch-1, train_mse_loss-0.0003374, train_kl_loss-0.0000334, val_mse_loss-0.0008044, val_kl_loss-0.0000159
2025-03-19 11:53:21 - INFO - epoch-1, train_mse_loss-0.0003357, train_kl_loss-0.0000324, val_mse_loss-0.0094582, val_kl_loss-0.0000153
2025-03-19 11:53:23 - INFO - epoch-1, train_mse_loss-0.0003357, train_kl_loss-0.0000332, val_mse_loss-0.0013451, val_kl_loss-0.0000155
2025-03-19 11:53:23 - INFO - epoch-1, train_mse_loss-0.0005821, train_kl_loss-0.0000305, val_mse_loss-0.0005795, val_kl_loss-0.0000151
2025-03-19 11:53:24 - INFO - epoch-1, train_mse_loss-0.0005818, train_kl_loss-0.0000315, val_mse_loss-0.0005795, val_kl_loss-0.0000152
2025-03-19 11:57:38 - INFO - epoch-2, train_mse_loss-0.0003329, train_kl_loss-0.0000072, val_mse_loss-0.0003414, val_kl_loss-0.0000037
2025-03-19 11:57:38 - INFO - epoch-2, train_mse_loss-0.0003344, train_kl_loss-0.0000081, val_mse_loss-0.0014350, val_kl_loss-0.0000043
2025-03-19 11:57:39 - INFO - epoch-2, train_mse_loss-0.0003352, train_kl_loss-0.0000081, val_mse_loss-0.0045423, val_kl_loss-0.0000043
2025-03-19 11:57:40 - INFO - epoch-2, train_mse_loss-0.0005818, train_kl_loss-0.0000071, val_mse_loss-0.0005795, val_kl_loss-0.0000037
2025-03-19 11:57:42 - INFO - epoch-2, train_mse_loss-0.0003344, train_kl_loss-0.0000081, val_mse_loss-0.0008821, val_kl_loss-0.0000042
2025-03-19 11:57:43 - INFO - epoch-2, train_mse_loss-0.0005818, train_kl_loss-0.0000076, val_mse_loss-0.0005795, val_kl_loss-0.0000041
2025-03-19 11:57:50 - INFO - Saved new best model at epoch 2 with validation loss 0.0003451
2025-03-19 11:57:52 - INFO - Saved new best model at epoch 2 with validation loss 0.0014393
2025-03-19 11:57:56 - INFO - Saved new best model at epoch 2 with validation loss 0.0045465
2025-03-19 11:57:57 - INFO - Saved new best model at epoch 2 with validation loss 0.0005832
2025-03-19 11:58:01 - INFO - Saved new best model at epoch 2 with validation loss 0.0005835
2025-03-19 11:58:01 - INFO - Saved new best model at epoch 2 with validation loss 0.0008863
2025-03-19 12:02:08 - INFO - epoch-3, train_mse_loss-0.0003327, train_kl_loss-0.0000018, val_mse_loss-0.0005302, val_kl_loss-0.0000010
2025-03-19 12:02:10 - INFO - epoch-3, train_mse_loss-0.0003339, train_kl_loss-0.0000021, val_mse_loss-0.0003365, val_kl_loss-0.0000010
2025-03-19 12:02:14 - INFO - epoch-3, train_mse_loss-0.0003341, train_kl_loss-0.0000022, val_mse_loss-0.0035048, val_kl_loss-0.0000011
2025-03-19 12:02:15 - INFO - epoch-3, train_mse_loss-0.0005818, train_kl_loss-0.0000018, val_mse_loss-0.0005795, val_kl_loss-0.0000009
2025-03-19 12:02:18 - INFO - Saved new best model at epoch 3 with validation loss 0.0003376
2025-03-19 12:02:20 - INFO - epoch-3, train_mse_loss-0.0005882, train_kl_loss-0.0000020, val_mse_loss-0.0005795, val_kl_loss-0.0000010
2025-03-19 12:02:22 - INFO - epoch-3, train_mse_loss-0.0003323, train_kl_loss-0.0000021, val_mse_loss-0.0004754, val_kl_loss-0.0000010
2025-03-19 12:02:27 - INFO - Saved new best model at epoch 3 with validation loss 0.0035059
2025-03-19 12:02:28 - INFO - Saved new best model at epoch 3 with validation loss 0.0005803
2025-03-19 12:02:31 - INFO - Saved new best model at epoch 3 with validation loss 0.0005805
2025-03-19 12:02:32 - INFO - Saved new best model at epoch 3 with validation loss 0.0004764
2025-03-19 12:06:26 - INFO - epoch-4, train_mse_loss-0.0003366, train_kl_loss-0.0000006, val_mse_loss-0.0003438, val_kl_loss-0.0000003
2025-03-19 12:06:33 - INFO - Saved new best model at epoch 4 with validation loss 0.0003440
2025-03-19 12:06:36 - INFO - epoch-4, train_mse_loss-0.0003342, train_kl_loss-0.0000006, val_mse_loss-0.0003307, val_kl_loss-0.0000007
2025-03-19 12:06:43 - INFO - Saved new best model at epoch 4 with validation loss 0.0003314
2025-03-19 12:06:45 - INFO - epoch-4, train_mse_loss-0.0005818, train_kl_loss-0.0000005, val_mse_loss-0.0005795, val_kl_loss-0.0000024
2025-03-19 12:06:45 - INFO - epoch-4, train_mse_loss-0.0003331, train_kl_loss-0.0000006, val_mse_loss-0.0016912, val_kl_loss-0.0000017
2025-03-19 12:06:50 - INFO - epoch-4, train_mse_loss-0.0005818, train_kl_loss-0.0000005, val_mse_loss-0.0005795, val_kl_loss-0.0000003
2025-03-19 12:06:51 - INFO - epoch-4, train_mse_loss-0.0003324, train_kl_loss-0.0000005, val_mse_loss-0.0007388, val_kl_loss-0.0000003
2025-03-19 12:06:54 - INFO - Saved new best model at epoch 4 with validation loss 0.0016929
2025-03-19 12:06:58 - INFO - Saved new best model at epoch 4 with validation loss 0.0005798
2025-03-19 12:10:51 - INFO - epoch-5, train_mse_loss-0.0003328, train_kl_loss-0.0000001, val_mse_loss-0.0005947, val_kl_loss-0.0000000
2025-03-19 12:11:00 - INFO - epoch-5, train_mse_loss-0.0003349, train_kl_loss-0.0000001, val_mse_loss-0.0003316, val_kl_loss-0.0000000
2025-03-19 12:11:01 - INFO - epoch-5, train_mse_loss-0.0005818, train_kl_loss-0.0000001, val_mse_loss-0.0005795, val_kl_loss-0.0000000
2025-03-19 12:11:09 - INFO - Saved new best model at epoch 5 with validation loss 0.0005795
2025-03-19 12:11:10 - INFO - epoch-5, train_mse_loss-0.0003332, train_kl_loss-0.0000001, val_mse_loss-0.0005241, val_kl_loss-0.0000000
2025-03-19 12:11:12 - INFO - epoch-5, train_mse_loss-0.0003382, train_kl_loss-0.0000001, val_mse_loss-0.0014912, val_kl_loss-0.0000000
2025-03-19 12:11:17 - INFO - epoch-5, train_mse_loss-0.0005818, train_kl_loss-0.0000001, val_mse_loss-0.0005795, val_kl_loss-0.0000000
2025-03-19 12:11:21 - INFO - Saved new best model at epoch 5 with validation loss 0.0014912
2025-03-19 12:11:24 - INFO - Saved new best model at epoch 5 with validation loss 0.0005795
2025-03-19 12:15:09 - INFO - epoch-6, train_mse_loss-0.0003368, train_kl_loss-0.0000000, val_mse_loss-0.0003322, val_kl_loss-0.0000000
2025-03-19 12:15:17 - INFO - Saved new best model at epoch 6 with validation loss 0.0003322
2025-03-19 12:15:18 - INFO - epoch-6, train_mse_loss-0.0003340, train_kl_loss-0.0000000, val_mse_loss-0.0003413, val_kl_loss-0.0000000
2025-03-19 12:15:24 - INFO - epoch-6, train_mse_loss-0.0005818, train_kl_loss-0.0000000, val_mse_loss-0.0005795, val_kl_loss-0.0000000
2025-03-19 12:15:29 - INFO - epoch-6, train_mse_loss-0.0003335, train_kl_loss-0.0000000, val_mse_loss-0.0005479, val_kl_loss-0.0000000
2025-03-19 12:15:31 - INFO - Saved new best model at epoch 6 with validation loss 0.0005795
2025-03-19 12:15:41 - INFO - epoch-6, train_mse_loss-0.0003363, train_kl_loss-0.0000000, val_mse_loss-0.0012187, val_kl_loss-0.0000000
2025-03-19 12:15:43 - INFO - epoch-6, train_mse_loss-0.0005818, train_kl_loss-0.0000000, val_mse_loss-0.0005795, val_kl_loss-0.0000000
2025-03-19 12:15:50 - INFO - Saved new best model at epoch 6 with validation loss 0.0012187
2025-03-19 12:15:51 - INFO - Saved new best model at epoch 6 with validation loss 0.0005795
2025-03-19 12:19:33 - INFO - epoch-7, train_mse_loss-0.0003335, train_kl_loss-0.0000000, val_mse_loss-0.0003331, val_kl_loss--0.0000000
2025-03-19 12:19:35 - INFO - epoch-7, train_mse_loss-0.0003342, train_kl_loss-0.0000000, val_mse_loss-0.0004833, val_kl_loss--0.0000000
2025-03-19 12:19:48 - INFO - epoch-7, train_mse_loss-0.0005818, train_kl_loss-0.0000000, val_mse_loss-0.0005795, val_kl_loss-0.0000000
2025-03-19 12:19:48 - INFO - epoch-7, train_mse_loss-0.0003333, train_kl_loss-0.0000000, val_mse_loss-0.0004011, val_kl_loss-0.0000000
2025-03-19 12:19:57 - INFO - Saved new best model at epoch 7 with validation loss 0.0005795
2025-03-19 12:19:58 - INFO - Saved new best model at epoch 7 with validation loss 0.0004011
2025-03-19 12:20:08 - INFO - epoch-7, train_mse_loss-0.0003335, train_kl_loss-0.0000000, val_mse_loss-0.0007531, val_kl_loss--0.0000000
2025-03-19 12:20:09 - INFO - epoch-7, train_mse_loss-0.0005818, train_kl_loss-0.0000000, val_mse_loss-0.0005795, val_kl_loss--0.0000000
2025-03-19 12:20:15 - INFO - Saved new best model at epoch 7 with validation loss 0.0007531
2025-03-19 12:23:50 - INFO - epoch-8, train_mse_loss-0.0003324, train_kl_loss--0.0000000, val_mse_loss-0.0004272, val_kl_loss--0.0000000
2025-03-19 12:23:52 - INFO - epoch-8, train_mse_loss-0.0003346, train_kl_loss--0.0000000, val_mse_loss-0.0003543, val_kl_loss--0.0000000
2025-03-19 12:24:15 - INFO - epoch-8, train_mse_loss-0.0005818, train_kl_loss--0.0000000, val_mse_loss-0.0005795, val_kl_loss--0.0000000
2025-03-19 12:24:16 - INFO - epoch-8, train_mse_loss-0.0003327, train_kl_loss--0.0000000, val_mse_loss-0.0004813, val_kl_loss--0.0000000
2025-03-19 12:24:23 - INFO - Saved new best model at epoch 8 with validation loss 0.0005795
2025-03-19 12:24:29 - INFO - epoch-8, train_mse_loss-0.0005818, train_kl_loss--0.0000000, val_mse_loss-0.0005910, val_kl_loss--0.0000000
2025-03-19 12:24:32 - INFO - epoch-8, train_mse_loss-0.0003335, train_kl_loss--0.0000000, val_mse_loss-0.0005617, val_kl_loss--0.0000000
2025-03-19 12:24:39 - INFO - Saved new best model at epoch 8 with validation loss 0.0005617
2025-03-19 12:28:08 - INFO - epoch-9, train_mse_loss-0.0003350, train_kl_loss--0.0000000, val_mse_loss-0.0003823, val_kl_loss--0.0000000
2025-03-19 12:28:08 - INFO - epoch-9, train_mse_loss-0.0003316, train_kl_loss--0.0000000, val_mse_loss-0.0006276, val_kl_loss--0.0000000
2025-03-19 12:28:35 - INFO - epoch-9, train_mse_loss-0.0003330, train_kl_loss--0.0000000, val_mse_loss-0.0003611, val_kl_loss--0.0000000
2025-03-19 12:28:40 - INFO - epoch-9, train_mse_loss-0.0005818, train_kl_loss--0.0000000, val_mse_loss-0.0005795, val_kl_loss--0.0000000
2025-03-19 12:28:43 - INFO - Saved new best model at epoch 9 with validation loss 0.0003611
2025-03-19 12:28:48 - INFO - epoch-9, train_mse_loss-0.0005818, train_kl_loss--0.0000000, val_mse_loss-0.0005795, val_kl_loss--0.0000000
2025-03-19 12:28:49 - INFO - Saved new best model at epoch 9 with validation loss 0.0005795
2025-03-19 12:28:56 - INFO - Saved new best model at epoch 9 with validation loss 0.0005795
2025-03-19 12:29:00 - INFO - epoch-9, train_mse_loss-0.0003338, train_kl_loss--0.0000000, val_mse_loss-0.0005801, val_kl_loss--0.0000000
2025-03-19 12:32:25 - INFO - epoch-10, train_mse_loss-0.0003347, train_kl_loss--0.0000000, val_mse_loss-0.0003538, val_kl_loss--0.0000000
2025-03-19 12:32:27 - INFO - epoch-10, train_mse_loss-0.0003309, train_kl_loss--0.0000000, val_mse_loss-0.0004972, val_kl_loss--0.0000000
2025-03-19 12:33:02 - INFO - epoch-10, train_mse_loss-0.0003325, train_kl_loss--0.0000000, val_mse_loss-0.0003502, val_kl_loss--0.0000000
2025-03-19 12:33:06 - INFO - epoch-10, train_mse_loss-0.0005818, train_kl_loss--0.0000000, val_mse_loss-0.0005795, val_kl_loss-0.0000000
2025-03-19 12:33:09 - INFO - Saved new best model at epoch 10 with validation loss 0.0003502
2025-03-19 12:33:14 - INFO - epoch-10, train_mse_loss-0.0005818, train_kl_loss--0.0000000, val_mse_loss-0.0005794, val_kl_loss--0.0000000
2025-03-19 12:33:18 - INFO - epoch-10, train_mse_loss-0.0003331, train_kl_loss--0.0000000, val_mse_loss-0.0006384, val_kl_loss--0.0000000
2025-03-19 12:33:21 - INFO - Saved new best model at epoch 10 with validation loss 0.0005794
2025-03-19 12:36:42 - INFO - epoch-11, train_mse_loss-0.0003348, train_kl_loss--0.0000000, val_mse_loss-0.0005156, val_kl_loss--0.0000000
2025-03-19 12:36:44 - INFO - epoch-11, train_mse_loss-0.0003300, train_kl_loss--0.0000000, val_mse_loss-0.0003457, val_kl_loss-0.0000000
2025-03-19 12:37:24 - INFO - epoch-11, train_mse_loss-0.0005818, train_kl_loss--0.0000000, val_mse_loss-0.0005795, val_kl_loss--0.0000000
2025-03-19 12:37:28 - INFO - epoch-11, train_mse_loss-0.0003317, train_kl_loss--0.0000000, val_mse_loss-0.0003970, val_kl_loss-0.0000000
2025-03-19 12:37:35 - INFO - epoch-11, train_mse_loss-0.0003322, train_kl_loss--0.0000000, val_mse_loss-0.0004143, val_kl_loss--0.0000000
2025-03-19 12:37:41 - INFO - epoch-11, train_mse_loss-0.0005818, train_kl_loss--0.0000000, val_mse_loss-0.0005795, val_kl_loss-0.0000000
2025-03-19 12:37:43 - INFO - Saved new best model at epoch 11 with validation loss 0.0004143
2025-03-19 12:40:59 - INFO - epoch-12, train_mse_loss-0.0003340, train_kl_loss--0.0000000, val_mse_loss-0.0003530, val_kl_loss-0.0000000
2025-03-19 12:41:00 - INFO - epoch-12, train_mse_loss-0.0003299, train_kl_loss-0.0000000, val_mse_loss-0.0003492, val_kl_loss-0.0000000
2025-03-19 12:41:40 - INFO - epoch-12, train_mse_loss-0.0005818, train_kl_loss--0.0000000, val_mse_loss-0.0005795, val_kl_loss-0.0000000
2025-03-19 12:41:47 - INFO - epoch-12, train_mse_loss-0.0003309, train_kl_loss-0.0000000, val_mse_loss-0.0004255, val_kl_loss-0.0000000
2025-03-19 12:41:59 - INFO - epoch-12, train_mse_loss-0.0005818, train_kl_loss-0.0000000, val_mse_loss-0.0005795, val_kl_loss-0.0000000
2025-03-19 12:42:00 - INFO - epoch-12, train_mse_loss-0.0003314, train_kl_loss--0.0000000, val_mse_loss-0.0003541, val_kl_loss-0.0000000
2025-03-19 12:42:07 - INFO - Saved new best model at epoch 12 with validation loss 0.0003541
2025-03-19 12:45:16 - INFO - epoch-13, train_mse_loss-0.0003290, train_kl_loss-0.0000000, val_mse_loss-0.0003660, val_kl_loss-0.0000000
2025-03-19 12:45:17 - INFO - epoch-13, train_mse_loss-0.0003327, train_kl_loss-0.0000000, val_mse_loss-0.0004353, val_kl_loss-0.0000000
2025-03-19 12:45:57 - INFO - epoch-13, train_mse_loss-0.0005818, train_kl_loss-0.0000000, val_mse_loss-0.0005795, val_kl_loss-0.0000000
2025-03-19 12:46:05 - INFO - epoch-13, train_mse_loss-0.0003301, train_kl_loss-0.0000000, val_mse_loss-0.0004933, val_kl_loss-0.0000000
2025-03-19 12:46:19 - INFO - epoch-13, train_mse_loss-0.0005818, train_kl_loss-0.0000000, val_mse_loss-0.0005795, val_kl_loss-0.0000000
2025-03-19 12:46:24 - INFO - epoch-13, train_mse_loss-0.0003302, train_kl_loss-0.0000000, val_mse_loss-0.0003995, val_kl_loss-0.0000000
2025-03-19 12:49:33 - INFO - epoch-14, train_mse_loss-0.0003281, train_kl_loss-0.0000000, val_mse_loss-0.0005380, val_kl_loss-0.0000000
2025-03-19 12:49:34 - INFO - epoch-14, train_mse_loss-0.0003308, train_kl_loss-0.0000000, val_mse_loss-0.0005661, val_kl_loss-0.0000000
2025-03-19 12:50:14 - INFO - epoch-14, train_mse_loss-0.0005818, train_kl_loss-0.0000000, val_mse_loss-0.0005795, val_kl_loss-0.0000000
2025-03-19 12:50:25 - INFO - epoch-14, train_mse_loss-0.0003291, train_kl_loss-0.0000000, val_mse_loss-0.0005348, val_kl_loss-0.0000000
2025-03-19 12:50:37 - INFO - epoch-14, train_mse_loss-0.0005818, train_kl_loss-0.0000000, val_mse_loss-0.0005795, val_kl_loss-0.0000000
2025-03-19 12:50:41 - INFO - epoch-14, train_mse_loss-0.0003293, train_kl_loss-0.0000000, val_mse_loss-0.0004741, val_kl_loss-0.0000000
2025-03-19 12:53:52 - INFO - epoch-15, train_mse_loss-0.0003298, train_kl_loss-0.0000000, val_mse_loss-0.0005787, val_kl_loss-0.0000000
2025-03-19 12:53:52 - INFO - epoch-15, train_mse_loss-0.0003273, train_kl_loss-0.0000000, val_mse_loss-0.0005347, val_kl_loss-0.0000000
2025-03-19 12:54:30 - INFO - epoch-15, train_mse_loss-0.0005818, train_kl_loss-0.0000000, val_mse_loss-0.0005795, val_kl_loss-0.0000000
2025-03-19 12:54:45 - INFO - epoch-15, train_mse_loss-0.0003284, train_kl_loss-0.0000000, val_mse_loss-0.0005552, val_kl_loss-0.0000000
2025-03-19 12:54:56 - INFO - epoch-15, train_mse_loss-0.0005818, train_kl_loss-0.0000000, val_mse_loss-0.0005795, val_kl_loss-0.0000000
2025-03-19 12:54:58 - INFO - epoch-15, train_mse_loss-0.0003288, train_kl_loss-0.0000000, val_mse_loss-0.0005263, val_kl_loss-0.0000000
2025-03-19 12:58:09 - INFO - epoch-16, train_mse_loss-0.0003290, train_kl_loss-0.0000000, val_mse_loss-0.0005794, val_kl_loss-0.0000000
2025-03-19 12:58:09 - INFO - epoch-16, train_mse_loss-0.0003270, train_kl_loss-0.0000000, val_mse_loss-0.0005758, val_kl_loss-0.0000000
2025-03-19 12:58:47 - INFO - epoch-16, train_mse_loss-0.0005798, train_kl_loss-0.0000000, val_mse_loss-0.0005757, val_kl_loss-0.0000000
2025-03-19 12:58:54 - INFO - Saved new best model at epoch 16 with validation loss 0.0005757
2025-03-19 12:59:04 - INFO - epoch-16, train_mse_loss-0.0003279, train_kl_loss-0.0000000, val_mse_loss-0.0005619, val_kl_loss-0.0000000
2025-03-19 12:59:14 - INFO - epoch-16, train_mse_loss-0.0005818, train_kl_loss-0.0000000, val_mse_loss-0.0005795, val_kl_loss-0.0000000
2025-03-19 12:59:15 - INFO - epoch-16, train_mse_loss-0.0003284, train_kl_loss-0.0000000, val_mse_loss-0.0005464, val_kl_loss-0.0000000
2025-03-19 13:02:26 - INFO - epoch-17, train_mse_loss-0.0003285, train_kl_loss-0.0000000, val_mse_loss-0.0005794, val_kl_loss-0.0000000
2025-03-19 13:02:26 - INFO - epoch-17, train_mse_loss-0.0003267, train_kl_loss-0.0000000, val_mse_loss-0.0005780, val_kl_loss-0.0000000
2025-03-19 13:03:11 - INFO - epoch-17, train_mse_loss-0.0005780, train_kl_loss-0.0000000, val_mse_loss-0.0005757, val_kl_loss-0.0000000
2025-03-19 13:03:23 - INFO - epoch-17, train_mse_loss-0.0003275, train_kl_loss-0.0000000, val_mse_loss-0.0005626, val_kl_loss-0.0000000
2025-03-19 13:03:32 - INFO - epoch-17, train_mse_loss-0.0005818, train_kl_loss-0.0000000, val_mse_loss-0.0005795, val_kl_loss-0.0000000
2025-03-19 13:03:33 - INFO - epoch-17, train_mse_loss-0.0003280, train_kl_loss-0.0000000, val_mse_loss-0.0005406, val_kl_loss-0.0000000
2025-03-19 13:06:43 - INFO - epoch-18, train_mse_loss-0.0003281, train_kl_loss-0.0000000, val_mse_loss-0.0005793, val_kl_loss-0.0000000
2025-03-19 13:06:43 - INFO - epoch-18, train_mse_loss-0.0003263, train_kl_loss-0.0000000, val_mse_loss-0.0005747, val_kl_loss-0.0000000
2025-03-19 13:07:27 - INFO - epoch-18, train_mse_loss-0.0005780, train_kl_loss-0.0000000, val_mse_loss-0.0005757, val_kl_loss-0.0000000
2025-03-19 13:07:42 - INFO - epoch-18, train_mse_loss-0.0003272, train_kl_loss-0.0000000, val_mse_loss-0.0005573, val_kl_loss-0.0000000
2025-03-19 13:07:50 - INFO - epoch-18, train_mse_loss-0.0003277, train_kl_loss-0.0000000, val_mse_loss-0.0005317, val_kl_loss-0.0000000
2025-03-19 13:07:51 - INFO - epoch-18, train_mse_loss-0.0005818, train_kl_loss-0.0000000, val_mse_loss-0.0005795, val_kl_loss-0.0000000
2025-03-19 13:10:59 - INFO - epoch-19, train_mse_loss-0.0003260, train_kl_loss-0.0000000, val_mse_loss-0.0005674, val_kl_loss-0.0000000
2025-03-19 13:10:59 - INFO - epoch-19, train_mse_loss-0.0003277, train_kl_loss-0.0000000, val_mse_loss-0.0005784, val_kl_loss-0.0000000
2025-03-19 13:11:44 - INFO - epoch-19, train_mse_loss-0.0005780, train_kl_loss-0.0000000, val_mse_loss-0.0005757, val_kl_loss-0.0000000
2025-03-19 13:12:00 - INFO - epoch-19, train_mse_loss-0.0003270, train_kl_loss-0.0000000, val_mse_loss-0.0005527, val_kl_loss-0.0000000
2025-03-19 13:12:07 - INFO - epoch-19, train_mse_loss-0.0003274, train_kl_loss-0.0000000, val_mse_loss-0.0005213, val_kl_loss-0.0000000
2025-03-19 13:12:09 - INFO - epoch-19, train_mse_loss-0.0005818, train_kl_loss-0.0000000, val_mse_loss-0.0005795, val_kl_loss-0.0000000
2025-03-19 13:15:15 - INFO - epoch-20, train_mse_loss-0.0003257, train_kl_loss-0.0000000, val_mse_loss-0.0005558, val_kl_loss-0.0000000
2025-03-19 13:15:16 - INFO - epoch-20, train_mse_loss-0.0003273, train_kl_loss-0.0000000, val_mse_loss-0.0005754, val_kl_loss-0.0000000
2025-03-19 13:15:59 - INFO - epoch-20, train_mse_loss-0.0005780, train_kl_loss-0.0000000, val_mse_loss-0.0005757, val_kl_loss-0.0000000
2025-03-19 13:16:18 - INFO - epoch-20, train_mse_loss-0.0003270, train_kl_loss-0.0000000, val_mse_loss-0.0005470, val_kl_loss-0.0000000
2025-03-19 13:16:24 - INFO - epoch-20, train_mse_loss-0.0003272, train_kl_loss-0.0000000, val_mse_loss-0.0005060, val_kl_loss-0.0000000
2025-03-19 13:16:27 - INFO - epoch-20, train_mse_loss-0.0005818, train_kl_loss-0.0000000, val_mse_loss-0.0005795, val_kl_loss-0.0000000
2025-03-19 13:19:31 - INFO - epoch-21, train_mse_loss-0.0003256, train_kl_loss-0.0000000, val_mse_loss-0.0005443, val_kl_loss-0.0000000
2025-03-19 13:19:33 - INFO - epoch-21, train_mse_loss-0.0003266, train_kl_loss-0.0000000, val_mse_loss-0.0005712, val_kl_loss-0.0000000
2025-03-19 13:20:15 - INFO - epoch-21, train_mse_loss-0.0005780, train_kl_loss-0.0000000, val_mse_loss-0.0005757, val_kl_loss-0.0000000
2025-03-19 13:20:36 - INFO - epoch-21, train_mse_loss-0.0003267, train_kl_loss-0.0000000, val_mse_loss-0.0005283, val_kl_loss-0.0000000
2025-03-19 13:20:41 - INFO - epoch-21, train_mse_loss-0.0003268, train_kl_loss-0.0000000, val_mse_loss-0.0004801, val_kl_loss-0.0000000
2025-03-19 13:20:45 - INFO - epoch-21, train_mse_loss-0.0005806, train_kl_loss-0.0000000, val_mse_loss-0.0005757, val_kl_loss-0.0000000
2025-03-19 13:20:56 - INFO - Saved new best model at epoch 21 with validation loss 0.0005757
2025-03-19 13:23:49 - INFO - epoch-22, train_mse_loss-0.0003254, train_kl_loss-0.0000000, val_mse_loss-0.0005283, val_kl_loss-0.0000000
2025-03-19 13:23:49 - INFO - epoch-22, train_mse_loss-0.0003256, train_kl_loss-0.0000000, val_mse_loss-0.0005519, val_kl_loss-0.0000000
2025-03-19 13:24:32 - INFO - epoch-22, train_mse_loss-0.0005780, train_kl_loss-0.0000000, val_mse_loss-0.0005757, val_kl_loss-0.0000000
2025-03-19 13:24:55 - INFO - epoch-22, train_mse_loss-0.0003266, train_kl_loss-0.0000000, val_mse_loss-0.0005195, val_kl_loss-0.0000000
2025-03-19 13:24:57 - INFO - epoch-22, train_mse_loss-0.0003263, train_kl_loss-0.0000000, val_mse_loss-0.0004503, val_kl_loss-0.0000000
2025-03-19 13:25:13 - INFO - epoch-22, train_mse_loss-0.0005780, train_kl_loss-0.0000000, val_mse_loss-0.0005757, val_kl_loss-0.0000000
2025-03-19 13:28:07 - INFO - epoch-23, train_mse_loss-0.0003249, train_kl_loss-0.0000000, val_mse_loss-0.0005120, val_kl_loss-0.0000000
2025-03-19 13:28:07 - INFO - epoch-23, train_mse_loss-0.0003253, train_kl_loss-0.0000000, val_mse_loss-0.0005104, val_kl_loss-0.0000000
2025-03-19 13:28:50 - INFO - epoch-23, train_mse_loss-0.0005780, train_kl_loss-0.0000000, val_mse_loss-0.0005757, val_kl_loss-0.0000000
2025-03-19 13:29:15 - INFO - epoch-23, train_mse_loss-0.0003261, train_kl_loss-0.0000000, val_mse_loss-0.0004210, val_kl_loss-0.0000000
2025-03-19 13:29:16 - INFO - epoch-23, train_mse_loss-0.0003263, train_kl_loss-0.0000000, val_mse_loss-0.0004952, val_kl_loss-0.0000000
2025-03-19 13:29:35 - INFO - epoch-23, train_mse_loss-0.0005780, train_kl_loss-0.0000000, val_mse_loss-0.0005757, val_kl_loss-0.0000000
2025-03-19 13:32:25 - INFO - epoch-24, train_mse_loss-0.0003252, train_kl_loss-0.0000000, val_mse_loss-0.0004901, val_kl_loss-0.0000000
2025-03-19 13:32:25 - INFO - epoch-24, train_mse_loss-0.0003245, train_kl_loss-0.0000000, val_mse_loss-0.0004999, val_kl_loss-0.0000000
2025-03-19 13:33:07 - INFO - epoch-24, train_mse_loss-0.0005780, train_kl_loss-0.0000000, val_mse_loss-0.0005757, val_kl_loss-0.0000000
2025-03-19 13:33:32 - INFO - epoch-24, train_mse_loss-0.0003257, train_kl_loss-0.0000000, val_mse_loss-0.0003964, val_kl_loss-0.0000000
2025-03-19 13:33:36 - INFO - epoch-24, train_mse_loss-0.0003258, train_kl_loss-0.0000000, val_mse_loss-0.0004739, val_kl_loss-0.0000000
2025-03-19 13:33:58 - INFO - epoch-24, train_mse_loss-0.0005780, train_kl_loss-0.0000000, val_mse_loss-0.0005757, val_kl_loss-0.0000000
2025-03-19 13:36:42 - INFO - epoch-25, train_mse_loss-0.0003244, train_kl_loss-0.0000000, val_mse_loss-0.0004949, val_kl_loss-0.0000000
2025-03-19 13:36:42 - INFO - epoch-25, train_mse_loss-0.0003251, train_kl_loss-0.0000000, val_mse_loss-0.0004463, val_kl_loss-0.0000000
2025-03-19 13:37:24 - INFO - epoch-25, train_mse_loss-0.0005780, train_kl_loss-0.0000000, val_mse_loss-0.0005757, val_kl_loss-0.0000000
2025-03-19 13:37:49 - INFO - epoch-25, train_mse_loss-0.0003254, train_kl_loss-0.0000000, val_mse_loss-0.0003726, val_kl_loss-0.0000000
2025-03-19 13:37:56 - INFO - epoch-25, train_mse_loss-0.0003255, train_kl_loss-0.0000000, val_mse_loss-0.0004532, val_kl_loss-0.0000000
2025-03-19 13:38:16 - INFO - epoch-25, train_mse_loss-0.0005780, train_kl_loss-0.0000000, val_mse_loss-0.0005757, val_kl_loss-0.0000000
2025-03-19 13:40:58 - INFO - epoch-26, train_mse_loss-0.0003247, train_kl_loss-0.0000000, val_mse_loss-0.0004145, val_kl_loss-0.0000000
2025-03-19 13:40:59 - INFO - epoch-26, train_mse_loss-0.0003240, train_kl_loss-0.0000000, val_mse_loss-0.0004671, val_kl_loss-0.0000000
2025-03-19 13:41:41 - INFO - epoch-26, train_mse_loss-0.0005780, train_kl_loss-0.0000000, val_mse_loss-0.0005757, val_kl_loss-0.0000000
2025-03-19 13:42:06 - INFO - epoch-26, train_mse_loss-0.0003251, train_kl_loss-0.0000000, val_mse_loss-0.0003585, val_kl_loss-0.0000000
2025-03-19 13:42:14 - INFO - epoch-26, train_mse_loss-0.0003255, train_kl_loss-0.0000000, val_mse_loss-0.0004329, val_kl_loss-0.0000000
2025-03-19 13:42:35 - INFO - epoch-26, train_mse_loss-0.0005780, train_kl_loss-0.0000000, val_mse_loss-0.0005757, val_kl_loss-0.0000000
2025-03-19 13:45:15 - INFO - epoch-27, train_mse_loss-0.0003245, train_kl_loss-0.0000000, val_mse_loss-0.0003841, val_kl_loss-0.0000000
2025-03-19 13:45:16 - INFO - epoch-27, train_mse_loss-0.0003237, train_kl_loss-0.0000000, val_mse_loss-0.0004305, val_kl_loss-0.0000000
2025-03-19 13:45:58 - INFO - epoch-27, train_mse_loss-0.0005780, train_kl_loss-0.0000000, val_mse_loss-0.0005757, val_kl_loss-0.0000000
2025-03-19 13:46:23 - INFO - epoch-27, train_mse_loss-0.0003248, train_kl_loss-0.0000000, val_mse_loss-0.0003613, val_kl_loss-0.0000000
2025-03-19 13:46:33 - INFO - epoch-27, train_mse_loss-0.0003253, train_kl_loss-0.0000000, val_mse_loss-0.0004075, val_kl_loss-0.0000000
2025-03-19 13:46:54 - INFO - epoch-27, train_mse_loss-0.0005780, train_kl_loss-0.0000000, val_mse_loss-0.0005757, val_kl_loss-0.0000000
2025-03-19 13:49:31 - INFO - epoch-28, train_mse_loss-0.0003243, train_kl_loss-0.0000000, val_mse_loss-0.0003669, val_kl_loss-0.0000000
2025-03-19 13:49:33 - INFO - epoch-28, train_mse_loss-0.0003235, train_kl_loss-0.0000000, val_mse_loss-0.0004056, val_kl_loss-0.0000000
2025-03-19 13:50:14 - INFO - epoch-28, train_mse_loss-0.0005780, train_kl_loss-0.0000000, val_mse_loss-0.0005757, val_kl_loss-0.0000000
2025-03-19 13:50:40 - INFO - epoch-28, train_mse_loss-0.0003248, train_kl_loss-0.0000000, val_mse_loss-0.0003592, val_kl_loss-0.0000000
2025-03-19 13:50:51 - INFO - epoch-28, train_mse_loss-0.0003251, train_kl_loss-0.0000000, val_mse_loss-0.0003796, val_kl_loss-0.0000000
2025-03-19 13:51:12 - INFO - epoch-28, train_mse_loss-0.0005780, train_kl_loss-0.0000000, val_mse_loss-0.0005757, val_kl_loss-0.0000000
2025-03-19 13:53:48 - INFO - epoch-29, train_mse_loss-0.0003241, train_kl_loss-0.0000000, val_mse_loss-0.0003572, val_kl_loss-0.0000000
2025-03-19 13:53:50 - INFO - epoch-29, train_mse_loss-0.0003234, train_kl_loss-0.0000000, val_mse_loss-0.0003957, val_kl_loss-0.0000000
2025-03-19 13:54:31 - INFO - epoch-29, train_mse_loss-0.0005780, train_kl_loss-0.0000000, val_mse_loss-0.0005757, val_kl_loss-0.0000000
2025-03-19 13:54:57 - INFO - epoch-29, train_mse_loss-0.0003248, train_kl_loss-0.0000000, val_mse_loss-0.0003508, val_kl_loss-0.0000000
2025-03-19 13:55:08 - INFO - Saved new best model at epoch 29 with validation loss 0.0003508
2025-03-19 13:55:10 - INFO - epoch-29, train_mse_loss-0.0003249, train_kl_loss-0.0000000, val_mse_loss-0.0003653, val_kl_loss-0.0000000
2025-03-19 13:55:31 - INFO - epoch-29, train_mse_loss-0.0005780, train_kl_loss-0.0000000, val_mse_loss-0.0005757, val_kl_loss-0.0000000
2025-03-19 13:58:07 - INFO - epoch-30, train_mse_loss-0.0003233, train_kl_loss-0.0000000, val_mse_loss-0.0003860, val_kl_loss-0.0000000
2025-03-19 13:58:07 - INFO - epoch-30, train_mse_loss-0.0003240, train_kl_loss-0.0000000, val_mse_loss-0.0003471, val_kl_loss-0.0000000
2025-03-19 13:58:49 - INFO - epoch-30, train_mse_loss-0.0005780, train_kl_loss-0.0000000, val_mse_loss-0.0005757, val_kl_loss-0.0000000
