2025-03-19 15:02:38 - INFO - train data: 13259
2025-03-19 15:02:38 - INFO - train unqiue data: 13259
2025-03-19 15:02:38 - INFO - valid data: 1474
2025-03-19 15:02:38 - INFO - valid unqiue data: 1474
2025-03-19 15:07:07 - INFO - epoch-0, train_mse_loss-0.0004394, train_kl_loss-0.0337141, train_diff_loss-0.9056371, val_mse_loss-0.0022518, val_kl_loss-0.0625714, val_diff_loss-0.7884889
<<<<<<< HEAD
2025-03-19 15:11:27 - INFO - epoch-1, train_mse_loss-0.0003342, train_kl_loss-0.2366795, train_diff_loss-0.6557966, val_mse_loss-0.0023893, val_kl_loss-0.4027876, val_diff_loss-0.5354246
2025-03-19 15:15:47 - INFO - epoch-2, train_mse_loss-0.0003358, train_kl_loss-0.4568292, train_diff_loss-0.4503667, val_mse_loss-0.0008853, val_kl_loss-0.4986889, val_diff_loss-0.3735650
2025-03-19 15:15:54 - INFO - Saved new best model at epoch 2 with validation loss 0.8731392
2025-03-19 15:20:14 - INFO - epoch-3, train_mse_loss-0.0003358, train_kl_loss-0.5579885, train_diff_loss-0.3329355, val_mse_loss-0.0018325, val_kl_loss-0.6040851, val_diff_loss-0.2904750
2025-03-19 15:24:35 - INFO - epoch-4, train_mse_loss-0.0003351, train_kl_loss-0.6257015, train_diff_loss-0.2667921, val_mse_loss-0.0014079, val_kl_loss-0.6560626, val_diff_loss-0.2455739
2025-03-19 15:28:56 - INFO - epoch-5, train_mse_loss-0.0003345, train_kl_loss-0.6612353, train_diff_loss-0.2296773, val_mse_loss-0.0003640, val_kl_loss-0.6676892, val_diff_loss-0.2279770
2025-03-19 15:33:15 - INFO - epoch-6, train_mse_loss-0.0003343, train_kl_loss-0.6750312, train_diff_loss-0.2113863, val_mse_loss-0.0003846, val_kl_loss-0.6848247, val_diff_loss-0.2088443
2025-03-19 15:37:35 - INFO - epoch-7, train_mse_loss-0.0003339, train_kl_loss-0.6796153, train_diff_loss-0.2022466, val_mse_loss-0.0004214, val_kl_loss-0.6482033, val_diff_loss-0.2000910
2025-03-19 15:37:43 - INFO - Saved new best model at epoch 7 with validation loss 0.8487156
2025-03-19 15:42:04 - INFO - epoch-8, train_mse_loss-0.0003344, train_kl_loss-0.6823241, train_diff_loss-0.1993316, val_mse_loss-0.0005182, val_kl_loss-0.6863624, val_diff_loss-0.1946334
2025-03-19 15:46:27 - INFO - epoch-9, train_mse_loss-0.0003341, train_kl_loss-0.6857683, train_diff_loss-0.1945759, val_mse_loss-0.0003744, val_kl_loss-0.6820704, val_diff_loss-0.1876803
2025-03-19 15:50:47 - INFO - epoch-10, train_mse_loss-0.0003345, train_kl_loss-0.6727416, train_diff_loss-0.1936244, val_mse_loss-0.0003655, val_kl_loss-0.6700747, val_diff_loss-0.1955490
2025-03-19 15:55:06 - INFO - epoch-11, train_mse_loss-0.0003349, train_kl_loss-0.6716937, train_diff_loss-0.1897587, val_mse_loss-0.0004273, val_kl_loss-0.6534936, val_diff_loss-0.1970902
2025-03-19 15:59:26 - INFO - epoch-12, train_mse_loss-0.0003341, train_kl_loss-0.6680893, train_diff_loss-0.1926753, val_mse_loss-0.0004038, val_kl_loss-0.6864129, val_diff_loss-0.1897959
2025-03-19 16:03:46 - INFO - epoch-13, train_mse_loss-0.0003327, train_kl_loss-0.6538825, train_diff_loss-0.1878262, val_mse_loss-0.0005089, val_kl_loss-0.6473190, val_diff_loss-0.1863609
2025-03-19 16:03:55 - INFO - Saved new best model at epoch 13 with validation loss 0.8341888
2025-03-19 16:08:17 - INFO - epoch-14, train_mse_loss-0.0003316, train_kl_loss-0.6557893, train_diff_loss-0.1863790, val_mse_loss-0.0005586, val_kl_loss-0.6246306, val_diff_loss-0.1833330
2025-03-19 16:08:28 - INFO - Saved new best model at epoch 14 with validation loss 0.8085222
2025-03-19 16:12:50 - INFO - epoch-15, train_mse_loss-0.0003307, train_kl_loss-0.6389727, train_diff_loss-0.1830370, val_mse_loss-0.0005626, val_kl_loss-0.6560146, val_diff_loss-0.1766027
2025-03-19 16:17:11 - INFO - epoch-16, train_mse_loss-0.0003298, train_kl_loss-0.6467279, train_diff_loss-0.1835962, val_mse_loss-0.0005642, val_kl_loss-0.6521908, val_diff_loss-0.1764609
2025-03-19 16:21:31 - INFO - epoch-17, train_mse_loss-0.0003288, train_kl_loss-0.6337211, train_diff_loss-0.1821952, val_mse_loss-0.0005522, val_kl_loss-0.6581975, val_diff_loss-0.1685094
2025-03-19 16:25:51 - INFO - epoch-18, train_mse_loss-0.0003281, train_kl_loss-0.6361231, train_diff_loss-0.1840044, val_mse_loss-0.0005383, val_kl_loss-0.6262158, val_diff_loss-0.1704788
2025-03-19 16:25:59 - INFO - Saved new best model at epoch 18 with validation loss 0.7972329
2025-03-19 16:30:20 - INFO - epoch-19, train_mse_loss-0.0003274, train_kl_loss-0.6223092, train_diff_loss-0.1806227, val_mse_loss-0.0005299, val_kl_loss-0.6083087, val_diff_loss-0.1961908
2025-03-19 16:34:40 - INFO - epoch-20, train_mse_loss-0.0003270, train_kl_loss-0.6189784, train_diff_loss-0.1804675, val_mse_loss-0.0005186, val_kl_loss-0.6069333, val_diff_loss-0.1893376
2025-03-19 16:34:48 - INFO - Saved new best model at epoch 20 with validation loss 0.7967895
2025-03-19 16:39:09 - INFO - epoch-21, train_mse_loss-0.0003264, train_kl_loss-0.6146134, train_diff_loss-0.1781114, val_mse_loss-0.0005143, val_kl_loss-0.6244294, val_diff_loss-0.1760762
2025-03-19 16:43:29 - INFO - epoch-22, train_mse_loss-0.0003258, train_kl_loss-0.6062151, train_diff_loss-0.1767321, val_mse_loss-0.0004991, val_kl_loss-0.5953341, val_diff_loss-0.1768331
2025-03-19 16:43:37 - INFO - Saved new best model at epoch 22 with validation loss 0.7726664
2025-03-19 16:47:56 - INFO - epoch-23, train_mse_loss-0.0003255, train_kl_loss-0.5970672, train_diff_loss-0.1751478, val_mse_loss-0.0004889, val_kl_loss-0.6103793, val_diff_loss-0.1855978
2025-03-19 16:52:17 - INFO - epoch-24, train_mse_loss-0.0003252, train_kl_loss-0.5982140, train_diff_loss-0.1735935, val_mse_loss-0.0004762, val_kl_loss-0.5796888, val_diff_loss-0.1740742
2025-03-19 16:52:25 - INFO - Saved new best model at epoch 24 with validation loss 0.7542392
2025-03-19 16:56:45 - INFO - epoch-25, train_mse_loss-0.0003250, train_kl_loss-0.5956093, train_diff_loss-0.1784820, val_mse_loss-0.0004593, val_kl_loss-0.5896809, val_diff_loss-0.1690500
2025-03-19 17:01:05 - INFO - epoch-26, train_mse_loss-0.0003247, train_kl_loss-0.5891144, train_diff_loss-0.1734571, val_mse_loss-0.0004444, val_kl_loss-0.5823024, val_diff_loss-0.1885896
2025-03-19 17:05:25 - INFO - epoch-27, train_mse_loss-0.0003246, train_kl_loss-0.5779308, train_diff_loss-0.1693903, val_mse_loss-0.0004232, val_kl_loss-0.5646955, val_diff_loss-0.1717759
2025-03-19 17:05:33 - INFO - Saved new best model at epoch 27 with validation loss 0.7368946
2025-03-19 17:09:53 - INFO - epoch-28, train_mse_loss-0.0003244, train_kl_loss-0.5799239, train_diff_loss-0.1749664, val_mse_loss-0.0004070, val_kl_loss-0.5920875, val_diff_loss-0.1696687
2025-03-19 17:14:15 - INFO - epoch-29, train_mse_loss-0.0003243, train_kl_loss-0.5744746, train_diff_loss-0.1725367, val_mse_loss-0.0003869, val_kl_loss-0.5776571, val_diff_loss-0.1784305
2025-03-19 17:18:37 - INFO - epoch-30, train_mse_loss-0.0003241, train_kl_loss-0.5801411, train_diff_loss-0.1749246, val_mse_loss-0.0003817, val_kl_loss-0.5650062, val_diff_loss-0.1686011
2025-03-19 17:18:45 - INFO - Saved new best model at epoch 30 with validation loss 0.7339890
2025-03-19 17:23:05 - INFO - epoch-31, train_mse_loss-0.0003240, train_kl_loss-0.5771710, train_diff_loss-0.1744743, val_mse_loss-0.0003702, val_kl_loss-0.5728839, val_diff_loss-0.1757617
2025-03-19 17:27:25 - INFO - epoch-32, train_mse_loss-0.0003240, train_kl_loss-0.5672691, train_diff_loss-0.1707168, val_mse_loss-0.0003515, val_kl_loss-0.5660710, val_diff_loss-0.1742267
2025-03-19 17:31:45 - INFO - epoch-33, train_mse_loss-0.0003240, train_kl_loss-0.5712495, train_diff_loss-0.1745268, val_mse_loss-0.0003480, val_kl_loss-0.5818756, val_diff_loss-0.1630413
2025-03-19 17:36:06 - INFO - epoch-34, train_mse_loss-0.0003240, train_kl_loss-0.5583603, train_diff_loss-0.1691728, val_mse_loss-0.0003294, val_kl_loss-0.5523702, val_diff_loss-0.1603189
2025-03-19 17:36:14 - INFO - Saved new best model at epoch 34 with validation loss 0.7130185
2025-03-19 17:40:34 - INFO - epoch-35, train_mse_loss-0.0003240, train_kl_loss-0.5535482, train_diff_loss-0.1692706, val_mse_loss-0.0003395, val_kl_loss-0.5604332, val_diff_loss-0.1696145
2025-03-19 17:44:55 - INFO - epoch-36, train_mse_loss-0.0003241, train_kl_loss-0.5634722, train_diff_loss-0.1718677, val_mse_loss-0.0003392, val_kl_loss-0.5608154, val_diff_loss-0.1727121
2025-03-19 17:49:16 - INFO - epoch-37, train_mse_loss-0.0003241, train_kl_loss-0.5506320, train_diff_loss-0.1688800, val_mse_loss-0.0003454, val_kl_loss-0.5490668, val_diff_loss-0.1726697
2025-03-19 17:53:38 - INFO - epoch-38, train_mse_loss-0.0003242, train_kl_loss-0.5463719, train_diff_loss-0.1653984, val_mse_loss-0.0003354, val_kl_loss-0.5597402, val_diff_loss-0.1648096
2025-03-19 17:57:59 - INFO - epoch-39, train_mse_loss-0.0003242, train_kl_loss-0.5536461, train_diff_loss-0.1699141, val_mse_loss-0.0003306, val_kl_loss-0.5583330, val_diff_loss-0.1525097
2025-03-19 17:58:07 - INFO - Saved new best model at epoch 39 with validation loss 0.7111733
2025-03-19 18:02:29 - INFO - epoch-40, train_mse_loss-0.0003241, train_kl_loss-0.5549122, train_diff_loss-0.1692360, val_mse_loss-0.0003304, val_kl_loss-0.5550138, val_diff_loss-0.1741615
2025-03-19 18:06:49 - INFO - epoch-41, train_mse_loss-0.0003241, train_kl_loss-0.5506813, train_diff_loss-0.1679096, val_mse_loss-0.0003283, val_kl_loss-0.5520875, val_diff_loss-0.1663068
2025-03-19 18:11:11 - INFO - epoch-42, train_mse_loss-0.0003241, train_kl_loss-0.5494069, train_diff_loss-0.1694162, val_mse_loss-0.0003262, val_kl_loss-0.5514596, val_diff_loss-0.1596224
2025-03-19 18:15:30 - INFO - epoch-43, train_mse_loss-0.0003241, train_kl_loss-0.5444617, train_diff_loss-0.1667237, val_mse_loss-0.0003261, val_kl_loss-0.5474226, val_diff_loss-0.1718577
2025-03-19 18:19:53 - INFO - epoch-44, train_mse_loss-0.0003240, train_kl_loss-0.5450419, train_diff_loss-0.1686745, val_mse_loss-0.0003261, val_kl_loss-0.5414295, val_diff_loss-0.1588849
2025-03-19 18:20:01 - INFO - Saved new best model at epoch 44 with validation loss 0.7006406
2025-03-19 18:24:24 - INFO - epoch-45, train_mse_loss-0.0003240, train_kl_loss-0.5456763, train_diff_loss-0.1681204, val_mse_loss-0.0003260, val_kl_loss-0.5391646, val_diff_loss-0.1733620
2025-03-19 18:28:44 - INFO - epoch-46, train_mse_loss-0.0003240, train_kl_loss-0.5412417, train_diff_loss-0.1673594, val_mse_loss-0.0003261, val_kl_loss-0.5479968, val_diff_loss-0.1628441
2025-03-19 18:33:04 - INFO - epoch-47, train_mse_loss-0.0003240, train_kl_loss-0.5346321, train_diff_loss-0.1635884, val_mse_loss-0.0003250, val_kl_loss-0.5417408, val_diff_loss-0.1589827
2025-03-19 18:37:23 - INFO - epoch-48, train_mse_loss-0.0003239, train_kl_loss-0.5371697, train_diff_loss-0.1667799, val_mse_loss-0.0003244, val_kl_loss-0.5525039, val_diff_loss-0.1698915
2025-03-19 18:41:43 - INFO - epoch-49, train_mse_loss-0.0003239, train_kl_loss-0.5381759, train_diff_loss-0.1651576, val_mse_loss-0.0003244, val_kl_loss-0.5299740, val_diff_loss-0.1719149
2025-03-19 18:46:02 - INFO - epoch-50, train_mse_loss-0.0003239, train_kl_loss-0.5344674, train_diff_loss-0.1666898, val_mse_loss-0.0003249, val_kl_loss-0.5424782, val_diff_loss-0.1687686
2025-03-19 18:50:22 - INFO - epoch-51, train_mse_loss-0.0003239, train_kl_loss-0.5345539, train_diff_loss-0.1668302, val_mse_loss-0.0003245, val_kl_loss-0.5386290, val_diff_loss-0.1521575
2025-03-19 18:50:31 - INFO - Saved new best model at epoch 51 with validation loss 0.6911111
2025-03-19 18:54:52 - INFO - epoch-52, train_mse_loss-0.0003239, train_kl_loss-0.5278852, train_diff_loss-0.1637516, val_mse_loss-0.0003243, val_kl_loss-0.5361339, val_diff_loss-0.1661422
2025-03-19 18:59:12 - INFO - epoch-53, train_mse_loss-0.0003239, train_kl_loss-0.5354547, train_diff_loss-0.1673306, val_mse_loss-0.0003243, val_kl_loss-0.5524360, val_diff_loss-0.1667521
2025-03-19 19:03:32 - INFO - epoch-54, train_mse_loss-0.0003238, train_kl_loss-0.5310569, train_diff_loss-0.1607846, val_mse_loss-0.0003241, val_kl_loss-0.5050583, val_diff_loss-0.1605434
2025-03-19 19:03:40 - INFO - Saved new best model at epoch 54 with validation loss 0.6659258
2025-03-19 19:07:59 - INFO - epoch-55, train_mse_loss-0.0003238, train_kl_loss-0.5322988, train_diff_loss-0.1663739, val_mse_loss-0.0003245, val_kl_loss-0.5300952, val_diff_loss-0.1631441
2025-03-19 19:12:17 - INFO - epoch-56, train_mse_loss-0.0003238, train_kl_loss-0.5317352, train_diff_loss-0.1635267, val_mse_loss-0.0003243, val_kl_loss-0.5361535, val_diff_loss-0.1630413
2025-03-19 19:16:37 - INFO - epoch-57, train_mse_loss-0.0003238, train_kl_loss-0.5377689, train_diff_loss-0.1656470, val_mse_loss-0.0003243, val_kl_loss-0.5386888, val_diff_loss-0.1656023
2025-03-19 19:20:56 - INFO - epoch-58, train_mse_loss-0.0003238, train_kl_loss-0.5410760, train_diff_loss-0.1690067, val_mse_loss-0.0003241, val_kl_loss-0.5599396, val_diff_loss-0.1673034
2025-03-19 19:25:16 - INFO - epoch-59, train_mse_loss-0.0003238, train_kl_loss-0.5334972, train_diff_loss-0.1623905, val_mse_loss-0.0003242, val_kl_loss-0.5229124, val_diff_loss-0.1676044
2025-03-19 19:29:38 - INFO - epoch-60, train_mse_loss-0.0003238, train_kl_loss-0.5305910, train_diff_loss-0.1647660, val_mse_loss-0.0003240, val_kl_loss-0.5347686, val_diff_loss-0.1656560
2025-03-19 19:33:57 - INFO - epoch-61, train_mse_loss-0.0003237, train_kl_loss-0.5242339, train_diff_loss-0.1624345, val_mse_loss-0.0003243, val_kl_loss-0.5120326, val_diff_loss-0.1642921
2025-03-19 19:38:16 - INFO - epoch-62, train_mse_loss-0.0003237, train_kl_loss-0.5322121, train_diff_loss-0.1676451, val_mse_loss-0.0003238, val_kl_loss-0.5220285, val_diff_loss-0.1586253
2025-03-19 19:42:35 - INFO - epoch-63, train_mse_loss-0.0003237, train_kl_loss-0.5318099, train_diff_loss-0.1669738, val_mse_loss-0.0003242, val_kl_loss-0.5299163, val_diff_loss-0.1767791
2025-03-19 19:46:55 - INFO - epoch-64, train_mse_loss-0.0003237, train_kl_loss-0.5305928, train_diff_loss-0.1630341, val_mse_loss-0.0003240, val_kl_loss-0.5335663, val_diff_loss-0.1625245
2025-03-19 19:51:15 - INFO - epoch-65, train_mse_loss-0.0003237, train_kl_loss-0.5304423, train_diff_loss-0.1655777, val_mse_loss-0.0003242, val_kl_loss-0.5309647, val_diff_loss-0.1648876
2025-03-19 19:55:34 - INFO - epoch-66, train_mse_loss-0.0003237, train_kl_loss-0.5270178, train_diff_loss-0.1636268, val_mse_loss-0.0003236, val_kl_loss-0.5306431, val_diff_loss-0.1600017
2025-03-19 19:59:54 - INFO - epoch-67, train_mse_loss-0.0003237, train_kl_loss-0.5277365, train_diff_loss-0.1628913, val_mse_loss-0.0003262, val_kl_loss-0.5207770, val_diff_loss-0.1651479
2025-03-19 20:04:13 - INFO - epoch-68, train_mse_loss-0.0003237, train_kl_loss-0.5284363, train_diff_loss-0.1638437, val_mse_loss-0.0003245, val_kl_loss-0.5283382, val_diff_loss-0.1641133
2025-03-19 20:08:33 - INFO - epoch-69, train_mse_loss-0.0003237, train_kl_loss-0.5304854, train_diff_loss-0.1648063, val_mse_loss-0.0003249, val_kl_loss-0.5389147, val_diff_loss-0.1756536
2025-03-19 20:12:52 - INFO - epoch-70, train_mse_loss-0.0003237, train_kl_loss-0.5323408, train_diff_loss-0.1645025, val_mse_loss-0.0003252, val_kl_loss-0.5322933, val_diff_loss-0.1618166
2025-03-19 20:17:11 - INFO - epoch-71, train_mse_loss-0.0003236, train_kl_loss-0.5263339, train_diff_loss-0.1605992, val_mse_loss-0.0003252, val_kl_loss-0.5151796, val_diff_loss-0.1584890
2025-03-19 20:21:30 - INFO - epoch-72, train_mse_loss-0.0003236, train_kl_loss-0.5264525, train_diff_loss-0.1628078, val_mse_loss-0.0003256, val_kl_loss-0.5278789, val_diff_loss-0.1613666
2025-03-19 20:25:50 - INFO - epoch-73, train_mse_loss-0.0003236, train_kl_loss-0.5326901, train_diff_loss-0.1683255, val_mse_loss-0.0003257, val_kl_loss-0.5503556, val_diff_loss-0.1758651
2025-03-19 20:30:10 - INFO - epoch-74, train_mse_loss-0.0003236, train_kl_loss-0.5260811, train_diff_loss-0.1619536, val_mse_loss-0.0003264, val_kl_loss-0.5312120, val_diff_loss-0.1588031
2025-03-19 20:34:31 - INFO - epoch-75, train_mse_loss-0.0003236, train_kl_loss-0.5243276, train_diff_loss-0.1642454, val_mse_loss-0.0003272, val_kl_loss-0.5255147, val_diff_loss-0.1572258
2025-03-19 20:38:51 - INFO - epoch-76, train_mse_loss-0.0003236, train_kl_loss-0.5256155, train_diff_loss-0.1632510, val_mse_loss-0.0003265, val_kl_loss-0.5230920, val_diff_loss-0.1567694
2025-03-19 20:43:10 - INFO - epoch-77, train_mse_loss-0.0003236, train_kl_loss-0.5256134, train_diff_loss-0.1628268, val_mse_loss-0.0003266, val_kl_loss-0.5317268, val_diff_loss-0.1645230
2025-03-19 20:47:30 - INFO - epoch-78, train_mse_loss-0.0003236, train_kl_loss-0.5255971, train_diff_loss-0.1620244, val_mse_loss-0.0003272, val_kl_loss-0.5227118, val_diff_loss-0.1624009
2025-03-19 20:51:48 - INFO - epoch-79, train_mse_loss-0.0003236, train_kl_loss-0.5311411, train_diff_loss-0.1664813, val_mse_loss-0.0003270, val_kl_loss-0.5313303, val_diff_loss-0.1774887
2025-03-19 20:56:08 - INFO - epoch-80, train_mse_loss-0.0003236, train_kl_loss-0.5299468, train_diff_loss-0.1662315, val_mse_loss-0.0003269, val_kl_loss-0.5479040, val_diff_loss-0.1575904
2025-03-19 21:00:26 - INFO - epoch-81, train_mse_loss-0.0003236, train_kl_loss-0.5337487, train_diff_loss-0.1649106, val_mse_loss-0.0003276, val_kl_loss-0.5354389, val_diff_loss-0.1649406
2025-03-19 21:04:45 - INFO - epoch-82, train_mse_loss-0.0003236, train_kl_loss-0.5304453, train_diff_loss-0.1630902, val_mse_loss-0.0003271, val_kl_loss-0.5237302, val_diff_loss-0.1805281
2025-03-19 21:09:03 - INFO - epoch-83, train_mse_loss-0.0003236, train_kl_loss-0.5277542, train_diff_loss-0.1645829, val_mse_loss-0.0003269, val_kl_loss-0.5300128, val_diff_loss-0.1632657
2025-03-19 21:13:22 - INFO - epoch-84, train_mse_loss-0.0003236, train_kl_loss-0.5307620, train_diff_loss-0.1633653, val_mse_loss-0.0003273, val_kl_loss-0.5228280, val_diff_loss-0.1751801
2025-03-19 21:17:42 - INFO - epoch-85, train_mse_loss-0.0003236, train_kl_loss-0.5257346, train_diff_loss-0.1621193, val_mse_loss-0.0003267, val_kl_loss-0.5251272, val_diff_loss-0.1692209
2025-03-19 21:22:01 - INFO - epoch-86, train_mse_loss-0.0003236, train_kl_loss-0.5267096, train_diff_loss-0.1640903, val_mse_loss-0.0003272, val_kl_loss-0.5427856, val_diff_loss-0.1615170
2025-03-19 21:26:20 - INFO - epoch-87, train_mse_loss-0.0003236, train_kl_loss-0.5341209, train_diff_loss-0.1655600, val_mse_loss-0.0003269, val_kl_loss-0.5474346, val_diff_loss-0.1550056
2025-03-19 21:30:40 - INFO - epoch-88, train_mse_loss-0.0003236, train_kl_loss-0.5365858, train_diff_loss-0.1640638, val_mse_loss-0.0003276, val_kl_loss-0.5307354, val_diff_loss-0.1644733
2025-03-19 21:34:59 - INFO - epoch-89, train_mse_loss-0.0003236, train_kl_loss-0.5231297, train_diff_loss-0.1616249, val_mse_loss-0.0003264, val_kl_loss-0.4494203, val_diff_loss-0.1779848
2025-03-19 21:35:07 - INFO - Saved new best model at epoch 89 with validation loss 0.6277314
2025-03-19 21:39:29 - INFO - epoch-90, train_mse_loss-0.0003236, train_kl_loss-0.5317095, train_diff_loss-0.1634117, val_mse_loss-0.0003260, val_kl_loss-0.5242270, val_diff_loss-0.1528585
2025-03-19 21:43:50 - INFO - epoch-91, train_mse_loss-0.0003236, train_kl_loss-0.5245680, train_diff_loss-0.1624726, val_mse_loss-0.0003261, val_kl_loss-0.5113580, val_diff_loss-0.1753354
2025-03-19 21:48:08 - INFO - epoch-92, train_mse_loss-0.0003236, train_kl_loss-0.5291270, train_diff_loss-0.1654450, val_mse_loss-0.0003260, val_kl_loss-0.5319418, val_diff_loss-0.1711735
2025-03-19 21:52:27 - INFO - epoch-93, train_mse_loss-0.0003236, train_kl_loss-0.5268725, train_diff_loss-0.1649025, val_mse_loss-0.0003260, val_kl_loss-0.5296195, val_diff_loss-0.1630943
2025-03-19 21:56:46 - INFO - epoch-94, train_mse_loss-0.0003236, train_kl_loss-0.5339795, train_diff_loss-0.1650696, val_mse_loss-0.0003259, val_kl_loss-0.5300937, val_diff_loss-0.1740927
2025-03-19 22:01:06 - INFO - epoch-95, train_mse_loss-0.0003236, train_kl_loss-0.5319356, train_diff_loss-0.1664857, val_mse_loss-0.0003260, val_kl_loss-0.5182624, val_diff_loss-0.1706949
2025-03-19 22:05:26 - INFO - epoch-96, train_mse_loss-0.0003236, train_kl_loss-0.5218629, train_diff_loss-0.1601543, val_mse_loss-0.0003261, val_kl_loss-0.5153632, val_diff_loss-0.1542179
2025-03-19 22:09:45 - INFO - epoch-97, train_mse_loss-0.0003236, train_kl_loss-0.5272009, train_diff_loss-0.1636640, val_mse_loss-0.0003256, val_kl_loss-0.5344654, val_diff_loss-0.1612349
2025-03-19 22:14:03 - INFO - epoch-98, train_mse_loss-0.0003236, train_kl_loss-0.5254739, train_diff_loss-0.1623842, val_mse_loss-0.0003261, val_kl_loss-0.5198691, val_diff_loss-0.1631048
2025-03-19 22:18:21 - INFO - epoch-99, train_mse_loss-0.0003236, train_kl_loss-0.5231619, train_diff_loss-0.1636451, val_mse_loss-0.0003255, val_kl_loss-0.5188369, val_diff_loss-0.1612949
2025-03-19 22:22:39 - INFO - epoch-100, train_mse_loss-0.0003236, train_kl_loss-0.5237251, train_diff_loss-0.1642691, val_mse_loss-0.0003254, val_kl_loss-0.5203732, val_diff_loss-0.1635348
2025-03-19 22:26:59 - INFO - epoch-101, train_mse_loss-0.0003236, train_kl_loss-0.5264522, train_diff_loss-0.1627639, val_mse_loss-0.0003272, val_kl_loss-0.5323250, val_diff_loss-0.1643144
2025-03-19 22:31:17 - INFO - epoch-102, train_mse_loss-0.0003236, train_kl_loss-0.5337289, train_diff_loss-0.1637267, val_mse_loss-0.0003257, val_kl_loss-0.5397885, val_diff_loss-0.1680259
2025-03-19 22:35:35 - INFO - epoch-103, train_mse_loss-0.0003236, train_kl_loss-0.5400463, train_diff_loss-0.1674080, val_mse_loss-0.0003255, val_kl_loss-0.5404363, val_diff_loss-0.1639042
2025-03-19 22:39:54 - INFO - epoch-104, train_mse_loss-0.0003236, train_kl_loss-0.5354485, train_diff_loss-0.1645626, val_mse_loss-0.0003254, val_kl_loss-0.5345593, val_diff_loss-0.1595622
2025-03-19 22:44:12 - INFO - epoch-105, train_mse_loss-0.0003236, train_kl_loss-0.5323014, train_diff_loss-0.1631407, val_mse_loss-0.0003253, val_kl_loss-0.5226537, val_diff_loss-0.1750272
2025-03-19 22:48:32 - INFO - epoch-106, train_mse_loss-0.0003236, train_kl_loss-0.5305102, train_diff_loss-0.1655448, val_mse_loss-0.0003266, val_kl_loss-0.5180028, val_diff_loss-0.1700682
2025-03-19 22:52:54 - INFO - epoch-107, train_mse_loss-0.0003236, train_kl_loss-0.5245656, train_diff_loss-0.1648640, val_mse_loss-0.0003253, val_kl_loss-0.5384073, val_diff_loss-0.1524486
2025-03-19 22:57:13 - INFO - epoch-108, train_mse_loss-0.0003236, train_kl_loss-0.5248123, train_diff_loss-0.1620978, val_mse_loss-0.0003254, val_kl_loss-0.5311760, val_diff_loss-0.1669798
2025-03-19 23:01:31 - INFO - epoch-109, train_mse_loss-0.0003236, train_kl_loss-0.5307970, train_diff_loss-0.1637835, val_mse_loss-0.0003254, val_kl_loss-0.5280452, val_diff_loss-0.1723227
2025-03-19 23:05:50 - INFO - epoch-110, train_mse_loss-0.0003236, train_kl_loss-0.5290781, train_diff_loss-0.1638822, val_mse_loss-0.0003262, val_kl_loss-0.5193195, val_diff_loss-0.1654207
2025-03-19 23:10:10 - INFO - epoch-111, train_mse_loss-0.0003237, train_kl_loss-0.5298348, train_diff_loss-0.1633239, val_mse_loss-0.0003255, val_kl_loss-0.5206727, val_diff_loss-0.1679231
2025-03-19 23:14:28 - INFO - epoch-112, train_mse_loss-0.0003237, train_kl_loss-0.5295737, train_diff_loss-0.1660880, val_mse_loss-0.0003257, val_kl_loss-0.5290831, val_diff_loss-0.1616565
2025-03-19 23:18:48 - INFO - epoch-113, train_mse_loss-0.0003237, train_kl_loss-0.5305896, train_diff_loss-0.1637588, val_mse_loss-0.0003263, val_kl_loss-0.5222889, val_diff_loss-0.1631214
2025-03-19 23:23:08 - INFO - epoch-114, train_mse_loss-0.0003237, train_kl_loss-0.5215809, train_diff_loss-0.1622846, val_mse_loss-0.0003257, val_kl_loss-0.5316836, val_diff_loss-0.1752039
2025-03-19 23:27:26 - INFO - epoch-115, train_mse_loss-0.0003237, train_kl_loss-0.5324692, train_diff_loss-0.1658312, val_mse_loss-0.0003275, val_kl_loss-0.5231376, val_diff_loss-0.1675894
2025-03-19 23:31:44 - INFO - epoch-116, train_mse_loss-0.0003237, train_kl_loss-0.5273748, train_diff_loss-0.1638965, val_mse_loss-0.0003259, val_kl_loss-0.5271990, val_diff_loss-0.1632844
2025-03-19 23:36:03 - INFO - epoch-117, train_mse_loss-0.0003237, train_kl_loss-0.5200597, train_diff_loss-0.1597724, val_mse_loss-0.0003264, val_kl_loss-0.5187588, val_diff_loss-0.1559064
2025-03-19 23:40:25 - INFO - epoch-118, train_mse_loss-0.0003237, train_kl_loss-0.5269569, train_diff_loss-0.1641668, val_mse_loss-0.0003258, val_kl_loss-0.5289385, val_diff_loss-0.1594008
2025-03-19 23:44:44 - INFO - epoch-119, train_mse_loss-0.0003237, train_kl_loss-0.5246645, train_diff_loss-0.1654115, val_mse_loss-0.0003276, val_kl_loss-0.5324224, val_diff_loss-0.1630162
2025-03-19 23:49:02 - INFO - epoch-120, train_mse_loss-0.0003237, train_kl_loss-0.5238604, train_diff_loss-0.1619851, val_mse_loss-0.0003258, val_kl_loss-0.5321104, val_diff_loss-0.1579180
2025-03-19 23:53:23 - INFO - epoch-121, train_mse_loss-0.0003237, train_kl_loss-0.5314889, train_diff_loss-0.1642000, val_mse_loss-0.0003257, val_kl_loss-0.5268715, val_diff_loss-0.1647359
2025-03-19 23:57:43 - INFO - epoch-122, train_mse_loss-0.0003237, train_kl_loss-0.5249154, train_diff_loss-0.1626598, val_mse_loss-0.0003258, val_kl_loss-0.5167228, val_diff_loss-0.1746032
2025-03-20 00:02:02 - INFO - epoch-123, train_mse_loss-0.0003237, train_kl_loss-0.5336010, train_diff_loss-0.1669875, val_mse_loss-0.0003284, val_kl_loss-0.5479590, val_diff_loss-0.1625899
2025-03-20 00:06:20 - INFO - epoch-124, train_mse_loss-0.0003237, train_kl_loss-0.5216658, train_diff_loss-0.1592940, val_mse_loss-0.0003258, val_kl_loss-0.5044793, val_diff_loss-0.1631417
2025-03-20 00:10:40 - INFO - epoch-125, train_mse_loss-0.0003237, train_kl_loss-0.5295449, train_diff_loss-0.1636671, val_mse_loss-0.0003302, val_kl_loss-0.5267950, val_diff_loss-0.1671537
2025-03-20 00:14:58 - INFO - epoch-126, train_mse_loss-0.0003237, train_kl_loss-0.5264530, train_diff_loss-0.1617606, val_mse_loss-0.0003258, val_kl_loss-0.5208568, val_diff_loss-0.1712409
2025-03-20 00:19:16 - INFO - epoch-127, train_mse_loss-0.0003237, train_kl_loss-0.5249964, train_diff_loss-0.1635565, val_mse_loss-0.0003280, val_kl_loss-0.5225755, val_diff_loss-0.1585467
2025-03-20 00:23:35 - INFO - epoch-128, train_mse_loss-0.0003237, train_kl_loss-0.5256771, train_diff_loss-0.1623495, val_mse_loss-0.0003256, val_kl_loss-0.5305628, val_diff_loss-0.1506559
2025-03-20 00:27:54 - INFO - epoch-129, train_mse_loss-0.0003237, train_kl_loss-0.5322723, train_diff_loss-0.1646384, val_mse_loss-0.0003259, val_kl_loss-0.5351058, val_diff_loss-0.1629537
2025-03-20 00:32:13 - INFO - epoch-130, train_mse_loss-0.0003237, train_kl_loss-0.5328946, train_diff_loss-0.1636698, val_mse_loss-0.0003284, val_kl_loss-0.5268437, val_diff_loss-0.1721089
2025-03-20 00:36:32 - INFO - epoch-131, train_mse_loss-0.0003237, train_kl_loss-0.5284094, train_diff_loss-0.1633485, val_mse_loss-0.0003257, val_kl_loss-0.5113462, val_diff_loss-0.1661553
2025-03-20 00:40:50 - INFO - epoch-132, train_mse_loss-0.0003237, train_kl_loss-0.5270311, train_diff_loss-0.1627399, val_mse_loss-0.0003259, val_kl_loss-0.5274681, val_diff_loss-0.1603933
2025-03-20 00:45:10 - INFO - epoch-133, train_mse_loss-0.0003237, train_kl_loss-0.5299271, train_diff_loss-0.1653049, val_mse_loss-0.0003276, val_kl_loss-0.5074075, val_diff_loss-0.1696701
2025-03-20 00:49:29 - INFO - epoch-134, train_mse_loss-0.0003237, train_kl_loss-0.5280186, train_diff_loss-0.1652158, val_mse_loss-0.0003258, val_kl_loss-0.5366093, val_diff_loss-0.1610751
2025-03-20 00:53:48 - INFO - epoch-135, train_mse_loss-0.0003237, train_kl_loss-0.5213110, train_diff_loss-0.1612512, val_mse_loss-0.0003258, val_kl_loss-0.5161999, val_diff_loss-0.1582209
2025-03-20 00:58:07 - INFO - epoch-136, train_mse_loss-0.0003237, train_kl_loss-0.5229822, train_diff_loss-0.1629921, val_mse_loss-0.0003280, val_kl_loss-0.5354291, val_diff_loss-0.1674433
2025-03-20 01:02:26 - INFO - epoch-137, train_mse_loss-0.0003237, train_kl_loss-0.5241748, train_diff_loss-0.1615584, val_mse_loss-0.0003259, val_kl_loss-0.5298642, val_diff_loss-0.1566401
2025-03-20 01:06:44 - INFO - epoch-138, train_mse_loss-0.0003237, train_kl_loss-0.5261840, train_diff_loss-0.1621460, val_mse_loss-0.0003271, val_kl_loss-0.5200037, val_diff_loss-0.1746861
2025-03-20 01:11:03 - INFO - epoch-139, train_mse_loss-0.0003237, train_kl_loss-0.5240624, train_diff_loss-0.1622817, val_mse_loss-0.0003257, val_kl_loss-0.5193911, val_diff_loss-0.1764082
2025-03-20 01:15:22 - INFO - epoch-140, train_mse_loss-0.0003237, train_kl_loss-0.5332179, train_diff_loss-0.1659484, val_mse_loss-0.0003263, val_kl_loss-0.5257232, val_diff_loss-0.1643638
2025-03-20 01:19:41 - INFO - epoch-141, train_mse_loss-0.0003237, train_kl_loss-0.5244576, train_diff_loss-0.1598434, val_mse_loss-0.0003259, val_kl_loss-0.5268323, val_diff_loss-0.1665206
2025-03-20 01:24:01 - INFO - epoch-142, train_mse_loss-0.0003237, train_kl_loss-0.5243624, train_diff_loss-0.1628561, val_mse_loss-0.0003258, val_kl_loss-0.5188183, val_diff_loss-0.1601481
2025-03-20 01:28:19 - INFO - epoch-143, train_mse_loss-0.0003237, train_kl_loss-0.5320270, train_diff_loss-0.1657544, val_mse_loss-0.0003265, val_kl_loss-0.5350947, val_diff_loss-0.1646118
2025-03-20 01:32:39 - INFO - epoch-144, train_mse_loss-0.0003237, train_kl_loss-0.5333612, train_diff_loss-0.1647986, val_mse_loss-0.0003257, val_kl_loss-0.5419147, val_diff_loss-0.1634615
2025-03-20 01:36:57 - INFO - epoch-145, train_mse_loss-0.0003237, train_kl_loss-0.5298044, train_diff_loss-0.1627242, val_mse_loss-0.0003272, val_kl_loss-0.5297696, val_diff_loss-0.1656939
2025-03-20 01:41:16 - INFO - epoch-146, train_mse_loss-0.0003237, train_kl_loss-0.5280049, train_diff_loss-0.1637795, val_mse_loss-0.0003256, val_kl_loss-0.5258572, val_diff_loss-0.1695286
2025-03-20 01:45:35 - INFO - epoch-147, train_mse_loss-0.0003237, train_kl_loss-0.5178493, train_diff_loss-0.1585633, val_mse_loss-0.0003273, val_kl_loss-0.5219475, val_diff_loss-0.1694345
2025-03-20 01:49:54 - INFO - epoch-148, train_mse_loss-0.0003238, train_kl_loss-0.5247562, train_diff_loss-0.1643187, val_mse_loss-0.0003255, val_kl_loss-0.5251598, val_diff_loss-0.1600707
2025-03-20 01:54:13 - INFO - epoch-149, train_mse_loss-0.0003238, train_kl_loss-0.5240647, train_diff_loss-0.1629948, val_mse_loss-0.0003272, val_kl_loss-0.5271598, val_diff_loss-0.1593653
2025-03-20 01:58:32 - INFO - epoch-150, train_mse_loss-0.0003238, train_kl_loss-0.5257586, train_diff_loss-0.1654397, val_mse_loss-0.0003255, val_kl_loss-0.5293129, val_diff_loss-0.1618430
2025-03-20 02:02:52 - INFO - epoch-151, train_mse_loss-0.0003238, train_kl_loss-0.5238327, train_diff_loss-0.1612360, val_mse_loss-0.0003270, val_kl_loss-0.5314171, val_diff_loss-0.1566034
2025-03-20 02:07:12 - INFO - epoch-152, train_mse_loss-0.0003238, train_kl_loss-0.5254542, train_diff_loss-0.1635477, val_mse_loss-0.0003258, val_kl_loss-0.5340353, val_diff_loss-0.1687660
2025-03-20 02:11:33 - INFO - epoch-153, train_mse_loss-0.0003238, train_kl_loss-0.5293004, train_diff_loss-0.1635802, val_mse_loss-0.0003267, val_kl_loss-0.5356203, val_diff_loss-0.1738175
2025-03-20 02:15:51 - INFO - epoch-154, train_mse_loss-0.0003238, train_kl_loss-0.5321032, train_diff_loss-0.1646501, val_mse_loss-0.0003283, val_kl_loss-0.5303571, val_diff_loss-0.1689026
2025-03-20 02:20:11 - INFO - epoch-155, train_mse_loss-0.0003238, train_kl_loss-0.5283352, train_diff_loss-0.1624084, val_mse_loss-0.0003263, val_kl_loss-0.5197967, val_diff_loss-0.1742031
2025-03-20 02:24:29 - INFO - epoch-156, train_mse_loss-0.0003238, train_kl_loss-0.5190563, train_diff_loss-0.1617770, val_mse_loss-0.0003264, val_kl_loss-0.5167568, val_diff_loss-0.1726574
2025-03-20 02:28:48 - INFO - epoch-157, train_mse_loss-0.0003238, train_kl_loss-0.5259034, train_diff_loss-0.1617760, val_mse_loss-0.0003290, val_kl_loss-0.5262262, val_diff_loss-0.1684309
2025-03-20 02:33:09 - INFO - epoch-158, train_mse_loss-0.0003238, train_kl_loss-0.5251509, train_diff_loss-0.1616246, val_mse_loss-0.0003266, val_kl_loss-0.4407367, val_diff_loss-0.1677301
2025-03-20 02:33:16 - INFO - Saved new best model at epoch 158 with validation loss 0.6087934
2025-03-20 02:37:35 - INFO - epoch-159, train_mse_loss-0.0003238, train_kl_loss-0.5229768, train_diff_loss-0.1620032, val_mse_loss-0.0003267, val_kl_loss-0.5398855, val_diff_loss-0.1554834
2025-03-20 02:41:54 - INFO - epoch-160, train_mse_loss-0.0003238, train_kl_loss-0.5357675, train_diff_loss-0.1618979, val_mse_loss-0.0003296, val_kl_loss-0.5108763, val_diff_loss-0.1503762
2025-03-20 02:46:16 - INFO - epoch-161, train_mse_loss-0.0003238, train_kl_loss-0.5311807, train_diff_loss-0.1644710, val_mse_loss-0.0003269, val_kl_loss-0.5342310, val_diff_loss-0.1669786
2025-03-20 02:50:36 - INFO - epoch-162, train_mse_loss-0.0003238, train_kl_loss-0.5316563, train_diff_loss-0.1653458, val_mse_loss-0.0003269, val_kl_loss-0.5300547, val_diff_loss-0.1633550
2025-03-20 02:54:54 - INFO - epoch-163, train_mse_loss-0.0003238, train_kl_loss-0.5307399, train_diff_loss-0.1655809, val_mse_loss-0.0003302, val_kl_loss-0.5358691, val_diff_loss-0.1608734
2025-03-20 02:59:53 - INFO - epoch-164, train_mse_loss-0.0003238, train_kl_loss-0.5237000, train_diff_loss-0.1592956, val_mse_loss-0.0003271, val_kl_loss-0.5213793, val_diff_loss-0.1651909
2025-03-20 03:06:03 - INFO - epoch-165, train_mse_loss-0.0003238, train_kl_loss-0.5205994, train_diff_loss-0.1599392, val_mse_loss-0.0003282, val_kl_loss-0.5223688, val_diff_loss-0.1716061
2025-03-20 03:11:25 - INFO - epoch-166, train_mse_loss-0.0003238, train_kl_loss-0.5284170, train_diff_loss-0.1638387, val_mse_loss-0.0003291, val_kl_loss-0.5336008, val_diff_loss-0.1599067
2025-03-20 03:15:59 - INFO - epoch-167, train_mse_loss-0.0003238, train_kl_loss-0.5204785, train_diff_loss-0.1612807, val_mse_loss-0.0003288, val_kl_loss-0.5161138, val_diff_loss-0.1592106
2025-03-20 03:20:51 - INFO - epoch-168, train_mse_loss-0.0003238, train_kl_loss-0.5283203, train_diff_loss-0.1660566, val_mse_loss-0.0003274, val_kl_loss-0.5320790, val_diff_loss-0.1593883
2025-03-20 03:26:56 - INFO - epoch-169, train_mse_loss-0.0003238, train_kl_loss-0.5203122, train_diff_loss-0.1613536, val_mse_loss-0.0003289, val_kl_loss-0.5237061, val_diff_loss-0.1728917
2025-03-20 03:31:40 - INFO - epoch-170, train_mse_loss-0.0003238, train_kl_loss-0.5247488, train_diff_loss-0.1601138, val_mse_loss-0.0003275, val_kl_loss-0.5124609, val_diff_loss-0.1726037
2025-03-20 03:37:16 - INFO - epoch-171, train_mse_loss-0.0003238, train_kl_loss-0.5235451, train_diff_loss-0.1624069, val_mse_loss-0.0003297, val_kl_loss-0.5252081, val_diff_loss-0.1587875
2025-03-20 03:42:38 - INFO - epoch-172, train_mse_loss-0.0003238, train_kl_loss-0.5290885, train_diff_loss-0.1649281, val_mse_loss-0.0003278, val_kl_loss-0.5366972, val_diff_loss-0.1661234
2025-03-20 03:47:04 - INFO - epoch-173, train_mse_loss-0.0003238, train_kl_loss-0.5303074, train_diff_loss-0.1628065, val_mse_loss-0.0003312, val_kl_loss-0.5316074, val_diff_loss-0.1585626
2025-03-20 03:51:23 - INFO - epoch-174, train_mse_loss-0.0003238, train_kl_loss-0.5287837, train_diff_loss-0.1607170, val_mse_loss-0.0003276, val_kl_loss-0.5303493, val_diff_loss-0.1594769
2025-03-20 03:55:41 - INFO - epoch-175, train_mse_loss-0.0003238, train_kl_loss-0.5273210, train_diff_loss-0.1639839, val_mse_loss-0.0003278, val_kl_loss-0.5575154, val_diff_loss-0.1501733
2025-03-20 03:59:59 - INFO - epoch-176, train_mse_loss-0.0003238, train_kl_loss-0.5405574, train_diff_loss-0.1645565, val_mse_loss-0.0003290, val_kl_loss-0.5370806, val_diff_loss-0.1602150
2025-03-20 04:04:18 - INFO - epoch-177, train_mse_loss-0.0003238, train_kl_loss-0.5197257, train_diff_loss-0.1573387, val_mse_loss-0.0003278, val_kl_loss-0.5132694, val_diff_loss-0.1567184
2025-03-20 04:08:36 - INFO - epoch-178, train_mse_loss-0.0003238, train_kl_loss-0.5226156, train_diff_loss-0.1608336, val_mse_loss-0.0003278, val_kl_loss-0.5248924, val_diff_loss-0.1653267
2025-03-20 04:12:55 - INFO - epoch-179, train_mse_loss-0.0003238, train_kl_loss-0.5239248, train_diff_loss-0.1627784, val_mse_loss-0.0003280, val_kl_loss-0.5284704, val_diff_loss-0.1668996
2025-03-20 04:17:13 - INFO - epoch-180, train_mse_loss-0.0003238, train_kl_loss-0.5260654, train_diff_loss-0.1629116, val_mse_loss-0.0003284, val_kl_loss-0.5276724, val_diff_loss-0.1592099
2025-03-20 04:21:31 - INFO - epoch-181, train_mse_loss-0.0003238, train_kl_loss-0.5290423, train_diff_loss-0.1651919, val_mse_loss-0.0003275, val_kl_loss-0.5386231, val_diff_loss-0.1555968
2025-03-20 04:25:48 - INFO - epoch-182, train_mse_loss-0.0003238, train_kl_loss-0.5273204, train_diff_loss-0.1628373, val_mse_loss-0.0003280, val_kl_loss-0.5323400, val_diff_loss-0.1652800
2025-03-20 04:30:06 - INFO - epoch-183, train_mse_loss-0.0003238, train_kl_loss-0.5307170, train_diff_loss-0.1633992, val_mse_loss-0.0003282, val_kl_loss-0.5233897, val_diff_loss-0.1492366
2025-03-20 04:34:23 - INFO - epoch-184, train_mse_loss-0.0003238, train_kl_loss-0.5212181, train_diff_loss-0.1602071, val_mse_loss-0.0003281, val_kl_loss-0.5089561, val_diff_loss-0.1659982
2025-03-20 04:38:41 - INFO - epoch-185, train_mse_loss-0.0003238, train_kl_loss-0.5218200, train_diff_loss-0.1605188, val_mse_loss-0.0003301, val_kl_loss-0.5249729, val_diff_loss-0.1592092
2025-03-20 04:42:59 - INFO - epoch-186, train_mse_loss-0.0003239, train_kl_loss-0.5269931, train_diff_loss-0.1634968, val_mse_loss-0.0003284, val_kl_loss-0.5232308, val_diff_loss-0.1688288
2025-03-20 04:47:17 - INFO - epoch-187, train_mse_loss-0.0003238, train_kl_loss-0.5327601, train_diff_loss-0.1659162, val_mse_loss-0.0003287, val_kl_loss-0.5393266, val_diff_loss-0.1607083
2025-03-20 04:51:37 - INFO - epoch-188, train_mse_loss-0.0003238, train_kl_loss-0.5290981, train_diff_loss-0.1633001, val_mse_loss-0.0003284, val_kl_loss-0.5370136, val_diff_loss-0.1561216
2025-03-20 04:55:56 - INFO - epoch-189, train_mse_loss-0.0003238, train_kl_loss-0.5261172, train_diff_loss-0.1609481, val_mse_loss-0.0003303, val_kl_loss-0.5156827, val_diff_loss-0.1608207
2025-03-20 05:00:16 - INFO - epoch-190, train_mse_loss-0.0003238, train_kl_loss-0.5241006, train_diff_loss-0.1652643, val_mse_loss-0.0003283, val_kl_loss-0.5334900, val_diff_loss-0.1610035
2025-03-20 05:04:34 - INFO - epoch-191, train_mse_loss-0.0003238, train_kl_loss-0.5246202, train_diff_loss-0.1595875, val_mse_loss-0.0003286, val_kl_loss-0.5241044, val_diff_loss-0.1550022
2025-03-20 05:08:52 - INFO - epoch-192, train_mse_loss-0.0003238, train_kl_loss-0.5240633, train_diff_loss-0.1634003, val_mse_loss-0.0003306, val_kl_loss-0.5200505, val_diff_loss-0.1725915
2025-03-20 05:13:10 - INFO - epoch-193, train_mse_loss-0.0003238, train_kl_loss-0.5263085, train_diff_loss-0.1636622, val_mse_loss-0.0003288, val_kl_loss-0.4907547, val_diff_loss-0.1627234
2025-03-20 05:17:29 - INFO - epoch-194, train_mse_loss-0.0003238, train_kl_loss-0.5215146, train_diff_loss-0.1622904, val_mse_loss-0.0003286, val_kl_loss-0.5033811, val_diff_loss-0.1677538
2025-03-20 05:21:50 - INFO - epoch-195, train_mse_loss-0.0003238, train_kl_loss-0.5223439, train_diff_loss-0.1636705, val_mse_loss-0.0003294, val_kl_loss-0.5361732, val_diff_loss-0.1509299
2025-03-20 05:26:08 - INFO - epoch-196, train_mse_loss-0.0003238, train_kl_loss-0.5286440, train_diff_loss-0.1622075, val_mse_loss-0.0003292, val_kl_loss-0.5259795, val_diff_loss-0.1587591
2025-03-20 05:30:26 - INFO - epoch-197, train_mse_loss-0.0003238, train_kl_loss-0.5221009, train_diff_loss-0.1613563, val_mse_loss-0.0003297, val_kl_loss-0.5265793, val_diff_loss-0.1565564
2025-03-20 05:34:45 - INFO - epoch-198, train_mse_loss-0.0003238, train_kl_loss-0.5276101, train_diff_loss-0.1624102, val_mse_loss-0.0003294, val_kl_loss-0.5241968, val_diff_loss-0.1606229
2025-03-20 05:39:05 - INFO - epoch-199, train_mse_loss-0.0003238, train_kl_loss-0.5204661, train_diff_loss-0.1631933, val_mse_loss-0.0003311, val_kl_loss-0.5332493, val_diff_loss-0.1508038
2025-03-20 05:43:24 - INFO - epoch-200, train_mse_loss-0.0003238, train_kl_loss-0.5301142, train_diff_loss-0.1644703, val_mse_loss-0.0003288, val_kl_loss-0.5256795, val_diff_loss-0.1619605
2025-03-20 05:47:42 - INFO - epoch-201, train_mse_loss-0.0003238, train_kl_loss-0.5276029, train_diff_loss-0.1660189, val_mse_loss-0.0003288, val_kl_loss-0.5429735, val_diff_loss-0.1627700
2025-03-20 05:52:00 - INFO - epoch-202, train_mse_loss-0.0003238, train_kl_loss-0.5319862, train_diff_loss-0.1636427, val_mse_loss-0.0003304, val_kl_loss-0.5299704, val_diff_loss-0.1611526
2025-03-20 05:56:18 - INFO - epoch-203, train_mse_loss-0.0003238, train_kl_loss-0.5236387, train_diff_loss-0.1610514, val_mse_loss-0.0003287, val_kl_loss-0.5298688, val_diff_loss-0.1624596
2025-03-20 06:00:38 - INFO - epoch-204, train_mse_loss-0.0003238, train_kl_loss-0.5283054, train_diff_loss-0.1627245, val_mse_loss-0.0003299, val_kl_loss-0.5329348, val_diff_loss-0.1581745
2025-03-20 06:04:56 - INFO - epoch-205, train_mse_loss-0.0003238, train_kl_loss-0.5276837, train_diff_loss-0.1622341, val_mse_loss-0.0003290, val_kl_loss-0.5328488, val_diff_loss-0.1599279
2025-03-20 06:09:15 - INFO - epoch-206, train_mse_loss-0.0003238, train_kl_loss-0.5282148, train_diff_loss-0.1653240, val_mse_loss-0.0003296, val_kl_loss-0.5361547, val_diff_loss-0.1620104
2025-03-20 06:13:33 - INFO - epoch-207, train_mse_loss-0.0003238, train_kl_loss-0.5347735, train_diff_loss-0.1660438, val_mse_loss-0.0003291, val_kl_loss-0.5343313, val_diff_loss-0.1651356
2025-03-20 06:18:06 - INFO - epoch-208, train_mse_loss-0.0003238, train_kl_loss-0.5280740, train_diff_loss-0.1626035, val_mse_loss-0.0003288, val_kl_loss-0.5351636, val_diff_loss-0.1595437
2025-03-20 06:22:25 - INFO - epoch-209, train_mse_loss-0.0003238, train_kl_loss-0.5295011, train_diff_loss-0.1661426, val_mse_loss-0.0003297, val_kl_loss-0.5446417, val_diff_loss-0.1764391
2025-03-20 06:26:43 - INFO - epoch-210, train_mse_loss-0.0003238, train_kl_loss-0.5324883, train_diff_loss-0.1639867, val_mse_loss-0.0003289, val_kl_loss-0.5381798, val_diff_loss-0.1563603
2025-03-20 06:31:03 - INFO - epoch-211, train_mse_loss-0.0003238, train_kl_loss-0.5307659, train_diff_loss-0.1627504, val_mse_loss-0.0003315, val_kl_loss-0.5196010, val_diff_loss-0.1632035
2025-03-20 06:35:23 - INFO - epoch-212, train_mse_loss-0.0003238, train_kl_loss-0.5250359, train_diff_loss-0.1645447, val_mse_loss-0.0003293, val_kl_loss-0.5334811, val_diff_loss-0.1559061
2025-03-20 06:39:43 - INFO - epoch-213, train_mse_loss-0.0003238, train_kl_loss-0.5240720, train_diff_loss-0.1625574, val_mse_loss-0.0003293, val_kl_loss-0.5178060, val_diff_loss-0.1689389
2025-03-20 06:44:01 - INFO - epoch-214, train_mse_loss-0.0003238, train_kl_loss-0.5219647, train_diff_loss-0.1620148, val_mse_loss-0.0003303, val_kl_loss-0.5295740, val_diff_loss-0.1580278
2025-03-20 06:48:20 - INFO - epoch-215, train_mse_loss-0.0003238, train_kl_loss-0.5262204, train_diff_loss-0.1619202, val_mse_loss-0.0003291, val_kl_loss-0.5237349, val_diff_loss-0.1748250
2025-03-20 06:52:40 - INFO - epoch-216, train_mse_loss-0.0003238, train_kl_loss-0.5300747, train_diff_loss-0.1632528, val_mse_loss-0.0003288, val_kl_loss-0.5340554, val_diff_loss-0.1522119
2025-03-20 06:56:58 - INFO - epoch-217, train_mse_loss-0.0003238, train_kl_loss-0.5289354, train_diff_loss-0.1633778, val_mse_loss-0.0003298, val_kl_loss-0.5341300, val_diff_loss-0.1568610
2025-03-20 07:01:17 - INFO - epoch-218, train_mse_loss-0.0003238, train_kl_loss-0.5253211, train_diff_loss-0.1617767, val_mse_loss-0.0003295, val_kl_loss-0.5195257, val_diff_loss-0.1510280
2025-03-20 07:05:36 - INFO - epoch-219, train_mse_loss-0.0003238, train_kl_loss-0.5257360, train_diff_loss-0.1625041, val_mse_loss-0.0003299, val_kl_loss-0.5235885, val_diff_loss-0.1647477
2025-03-20 07:09:55 - INFO - epoch-220, train_mse_loss-0.0003238, train_kl_loss-0.5232377, train_diff_loss-0.1613628, val_mse_loss-0.0003292, val_kl_loss-0.5321721, val_diff_loss-0.1708081
2025-03-20 07:14:14 - INFO - epoch-221, train_mse_loss-0.0003238, train_kl_loss-0.5329954, train_diff_loss-0.1639417, val_mse_loss-0.0003296, val_kl_loss-0.5367693, val_diff_loss-0.1591108
2025-03-20 07:18:33 - INFO - epoch-222, train_mse_loss-0.0003238, train_kl_loss-0.5301354, train_diff_loss-0.1623547, val_mse_loss-0.0003292, val_kl_loss-0.5317969, val_diff_loss-0.1489913
2025-03-20 07:22:51 - INFO - epoch-223, train_mse_loss-0.0003238, train_kl_loss-0.5283785, train_diff_loss-0.1632197, val_mse_loss-0.0003295, val_kl_loss-0.5281401, val_diff_loss-0.1536758
2025-03-20 07:27:10 - INFO - epoch-224, train_mse_loss-0.0003238, train_kl_loss-0.5267824, train_diff_loss-0.1644575, val_mse_loss-0.0003291, val_kl_loss-0.5292490, val_diff_loss-0.1596530
2025-03-20 07:31:30 - INFO - epoch-225, train_mse_loss-0.0003238, train_kl_loss-0.5277764, train_diff_loss-0.1600961, val_mse_loss-0.0003301, val_kl_loss-0.5179904, val_diff_loss-0.1688999
2025-03-20 07:35:50 - INFO - epoch-226, train_mse_loss-0.0003238, train_kl_loss-0.5208569, train_diff_loss-0.1604113, val_mse_loss-0.0003293, val_kl_loss-0.5335610, val_diff_loss-0.1552293
2025-03-20 07:40:09 - INFO - epoch-227, train_mse_loss-0.0003238, train_kl_loss-0.5248175, train_diff_loss-0.1608472, val_mse_loss-0.0003290, val_kl_loss-0.5318670, val_diff_loss-0.1585055
2025-03-20 07:44:28 - INFO - epoch-228, train_mse_loss-0.0003238, train_kl_loss-0.5221896, train_diff_loss-0.1612643, val_mse_loss-0.0003290, val_kl_loss-0.5376340, val_diff_loss-0.1600271
2025-03-20 07:48:57 - INFO - epoch-229, train_mse_loss-0.0003238, train_kl_loss-0.5332680, train_diff_loss-0.1639755, val_mse_loss-0.0003313, val_kl_loss-0.5345610, val_diff_loss-0.1635862
2025-03-20 07:53:17 - INFO - epoch-230, train_mse_loss-0.0003238, train_kl_loss-0.5251849, train_diff_loss-0.1619050, val_mse_loss-0.0003294, val_kl_loss-0.5274341, val_diff_loss-0.1637477
2025-03-20 07:57:37 - INFO - epoch-231, train_mse_loss-0.0003238, train_kl_loss-0.5338502, train_diff_loss-0.1635472, val_mse_loss-0.0003286, val_kl_loss-0.5245938, val_diff_loss-0.1572275
2025-03-20 08:01:55 - INFO - epoch-232, train_mse_loss-0.0003238, train_kl_loss-0.5251348, train_diff_loss-0.1612221, val_mse_loss-0.0003291, val_kl_loss-0.5260043, val_diff_loss-0.1730146
2025-03-20 08:06:16 - INFO - epoch-233, train_mse_loss-0.0003238, train_kl_loss-0.5246455, train_diff_loss-0.1634596, val_mse_loss-0.0003292, val_kl_loss-0.5310225, val_diff_loss-0.1575470
2025-03-20 08:10:37 - INFO - epoch-234, train_mse_loss-0.0003238, train_kl_loss-0.5254152, train_diff_loss-0.1601910, val_mse_loss-0.0003292, val_kl_loss-0.5208295, val_diff_loss-0.1513395
2025-03-20 08:14:55 - INFO - epoch-235, train_mse_loss-0.0003238, train_kl_loss-0.5262658, train_diff_loss-0.1646468, val_mse_loss-0.0003294, val_kl_loss-0.5263810, val_diff_loss-0.1558705
2025-03-20 08:19:14 - INFO - epoch-236, train_mse_loss-0.0003238, train_kl_loss-0.5281314, train_diff_loss-0.1632138, val_mse_loss-0.0003305, val_kl_loss-0.5191563, val_diff_loss-0.1658714
2025-03-20 08:23:34 - INFO - epoch-237, train_mse_loss-0.0003238, train_kl_loss-0.5234670, train_diff_loss-0.1616197, val_mse_loss-0.0003294, val_kl_loss-0.5283182, val_diff_loss-0.1617527
2025-03-20 08:27:54 - INFO - epoch-238, train_mse_loss-0.0003238, train_kl_loss-0.5244379, train_diff_loss-0.1642654, val_mse_loss-0.0003296, val_kl_loss-0.5254637, val_diff_loss-0.1657722
2025-03-20 08:32:13 - INFO - epoch-239, train_mse_loss-0.0003238, train_kl_loss-0.5278841, train_diff_loss-0.1637356, val_mse_loss-0.0003294, val_kl_loss-0.5290485, val_diff_loss-0.1707912
2025-03-20 08:36:33 - INFO - epoch-240, train_mse_loss-0.0003238, train_kl_loss-0.5350854, train_diff_loss-0.1652739, val_mse_loss-0.0003293, val_kl_loss-0.5321518, val_diff_loss-0.1586671
2025-03-20 08:40:53 - INFO - epoch-241, train_mse_loss-0.0003238, train_kl_loss-0.5322159, train_diff_loss-0.1654618, val_mse_loss-0.0003291, val_kl_loss-0.5404415, val_diff_loss-0.1596957
2025-03-20 08:45:14 - INFO - epoch-242, train_mse_loss-0.0003238, train_kl_loss-0.5272632, train_diff_loss-0.1613874, val_mse_loss-0.0003291, val_kl_loss-0.5177789, val_diff_loss-0.1540998
2025-03-20 08:49:34 - INFO - epoch-243, train_mse_loss-0.0003238, train_kl_loss-0.5297642, train_diff_loss-0.1669184, val_mse_loss-0.0003310, val_kl_loss-0.5345118, val_diff_loss-0.1677488
2025-03-20 08:53:54 - INFO - epoch-244, train_mse_loss-0.0003238, train_kl_loss-0.5331406, train_diff_loss-0.1664057, val_mse_loss-0.0003298, val_kl_loss-0.5366772, val_diff_loss-0.1567597
2025-03-20 08:58:16 - INFO - epoch-245, train_mse_loss-0.0003238, train_kl_loss-0.5221993, train_diff_loss-0.1612620, val_mse_loss-0.0003293, val_kl_loss-0.5215715, val_diff_loss-0.1609177
2025-03-20 09:02:38 - INFO - epoch-246, train_mse_loss-0.0003238, train_kl_loss-0.5324738, train_diff_loss-0.1663669, val_mse_loss-0.0003307, val_kl_loss-0.5309583, val_diff_loss-0.1685100
2025-03-20 09:06:58 - INFO - epoch-247, train_mse_loss-0.0003238, train_kl_loss-0.5288058, train_diff_loss-0.1635260, val_mse_loss-0.0003293, val_kl_loss-0.5265248, val_diff_loss-0.1724444
2025-03-20 09:11:18 - INFO - epoch-248, train_mse_loss-0.0003238, train_kl_loss-0.5224670, train_diff_loss-0.1603052, val_mse_loss-0.0003292, val_kl_loss-0.5249558, val_diff_loss-0.1636664
2025-03-20 09:15:38 - INFO - epoch-249, train_mse_loss-0.0003238, train_kl_loss-0.5274754, train_diff_loss-0.1646979, val_mse_loss-0.0003292, val_kl_loss-0.5329146, val_diff_loss-0.1677230
2025-03-20 09:19:58 - INFO - epoch-250, train_mse_loss-0.0003238, train_kl_loss-0.5265160, train_diff_loss-0.1609057, val_mse_loss-0.0003312, val_kl_loss-0.5253527, val_diff_loss-0.1771478
2025-03-20 09:24:18 - INFO - epoch-251, train_mse_loss-0.0003238, train_kl_loss-0.5235806, train_diff_loss-0.1628124, val_mse_loss-0.0003295, val_kl_loss-0.5265975, val_diff_loss-0.1571014
2025-03-20 09:28:41 - INFO - epoch-252, train_mse_loss-0.0003238, train_kl_loss-0.5341459, train_diff_loss-0.1657491, val_mse_loss-0.0003292, val_kl_loss-0.5345059, val_diff_loss-0.1664470
2025-03-20 09:33:02 - INFO - epoch-253, train_mse_loss-0.0003238, train_kl_loss-0.5287457, train_diff_loss-0.1640314, val_mse_loss-0.0003294, val_kl_loss-0.5441626, val_diff_loss-0.1655297
2025-03-20 09:37:23 - INFO - epoch-254, train_mse_loss-0.0003238, train_kl_loss-0.5332279, train_diff_loss-0.1612191, val_mse_loss-0.0003294, val_kl_loss-0.5288214, val_diff_loss-0.1582555
2025-03-20 09:41:45 - INFO - epoch-255, train_mse_loss-0.0003238, train_kl_loss-0.5267723, train_diff_loss-0.1642642, val_mse_loss-0.0003292, val_kl_loss-0.5310768, val_diff_loss-0.1817783
2025-03-20 09:46:08 - INFO - epoch-256, train_mse_loss-0.0003238, train_kl_loss-0.5266330, train_diff_loss-0.1624784, val_mse_loss-0.0003303, val_kl_loss-0.5192816, val_diff_loss-0.1620659
2025-03-20 09:50:32 - INFO - epoch-257, train_mse_loss-0.0003238, train_kl_loss-0.5230347, train_diff_loss-0.1608378, val_mse_loss-0.0003294, val_kl_loss-0.5283909, val_diff_loss-0.1602944
2025-03-20 09:54:53 - INFO - epoch-258, train_mse_loss-0.0003238, train_kl_loss-0.5231011, train_diff_loss-0.1610864, val_mse_loss-0.0003303, val_kl_loss-0.5213771, val_diff_loss-0.1718388
2025-03-20 09:59:13 - INFO - epoch-259, train_mse_loss-0.0003238, train_kl_loss-0.5260161, train_diff_loss-0.1632686, val_mse_loss-0.0003290, val_kl_loss-0.5267462, val_diff_loss-0.1703010
2025-03-20 10:03:35 - INFO - epoch-260, train_mse_loss-0.0003238, train_kl_loss-0.5275103, train_diff_loss-0.1639362, val_mse_loss-0.0003310, val_kl_loss-0.5278130, val_diff_loss-0.1599983
2025-03-20 10:07:55 - INFO - epoch-261, train_mse_loss-0.0003238, train_kl_loss-0.5307224, train_diff_loss-0.1649638, val_mse_loss-0.0003293, val_kl_loss-0.5393172, val_diff_loss-0.1494424
2025-03-20 10:12:16 - INFO - epoch-262, train_mse_loss-0.0003238, train_kl_loss-0.5356766, train_diff_loss-0.1677901, val_mse_loss-0.0003292, val_kl_loss-0.5491180, val_diff_loss-0.1581566
2025-03-20 10:16:38 - INFO - epoch-263, train_mse_loss-0.0003238, train_kl_loss-0.5386093, train_diff_loss-0.1652794, val_mse_loss-0.0003298, val_kl_loss-0.5290856, val_diff_loss-0.1618693
2025-03-20 10:20:58 - INFO - epoch-264, train_mse_loss-0.0003238, train_kl_loss-0.5324817, train_diff_loss-0.1616143, val_mse_loss-0.0003292, val_kl_loss-0.5280634, val_diff_loss-0.1657655
2025-03-20 10:25:18 - INFO - epoch-265, train_mse_loss-0.0003238, train_kl_loss-0.5316496, train_diff_loss-0.1625151, val_mse_loss-0.0003300, val_kl_loss-0.5220904, val_diff_loss-0.1787393
2025-03-20 10:29:39 - INFO - epoch-266, train_mse_loss-0.0003238, train_kl_loss-0.5318787, train_diff_loss-0.1645290, val_mse_loss-0.0003318, val_kl_loss-0.5370903, val_diff_loss-0.1555358
2025-03-20 10:33:59 - INFO - epoch-267, train_mse_loss-0.0003238, train_kl_loss-0.5365119, train_diff_loss-0.1649229, val_mse_loss-0.0003292, val_kl_loss-0.5353727, val_diff_loss-0.1493346
2025-03-20 10:38:22 - INFO - epoch-268, train_mse_loss-0.0003238, train_kl_loss-0.5286077, train_diff_loss-0.1640065, val_mse_loss-0.0003295, val_kl_loss-0.5137496, val_diff_loss-0.1690305
2025-03-20 10:42:43 - INFO - epoch-269, train_mse_loss-0.0003238, train_kl_loss-0.5241772, train_diff_loss-0.1622982, val_mse_loss-0.0003294, val_kl_loss-0.5369975, val_diff_loss-0.1558973
2025-03-20 10:47:04 - INFO - epoch-270, train_mse_loss-0.0003238, train_kl_loss-0.5308493, train_diff_loss-0.1631104, val_mse_loss-0.0003302, val_kl_loss-0.5349968, val_diff_loss-0.1651345
2025-03-20 10:51:26 - INFO - epoch-271, train_mse_loss-0.0003238, train_kl_loss-0.5347288, train_diff_loss-0.1647239, val_mse_loss-0.0003290, val_kl_loss-0.5283186, val_diff_loss-0.1647445
2025-03-20 10:55:49 - INFO - epoch-272, train_mse_loss-0.0003238, train_kl_loss-0.5300967, train_diff_loss-0.1625642, val_mse_loss-0.0003301, val_kl_loss-0.5156888, val_diff_loss-0.1713414
2025-03-20 11:00:09 - INFO - epoch-273, train_mse_loss-0.0003238, train_kl_loss-0.5235710, train_diff_loss-0.1592331, val_mse_loss-0.0003291, val_kl_loss-0.5223014, val_diff_loss-0.1766921
2025-03-20 11:04:29 - INFO - epoch-274, train_mse_loss-0.0003238, train_kl_loss-0.5269725, train_diff_loss-0.1640733, val_mse_loss-0.0003301, val_kl_loss-0.5335417, val_diff_loss-0.1564377
2025-03-20 11:08:50 - INFO - epoch-275, train_mse_loss-0.0003238, train_kl_loss-0.5248620, train_diff_loss-0.1636321, val_mse_loss-0.0003298, val_kl_loss-0.5258880, val_diff_loss-0.1513247
2025-03-20 11:13:11 - INFO - epoch-276, train_mse_loss-0.0003238, train_kl_loss-0.5276079, train_diff_loss-0.1632005, val_mse_loss-0.0003299, val_kl_loss-0.5327688, val_diff_loss-0.1592108
2025-03-20 11:17:32 - INFO - epoch-277, train_mse_loss-0.0003238, train_kl_loss-0.5384181, train_diff_loss-0.1672070, val_mse_loss-0.0003304, val_kl_loss-0.5389891, val_diff_loss-0.1583136
2025-03-20 11:21:54 - INFO - epoch-278, train_mse_loss-0.0003238, train_kl_loss-0.5324737, train_diff_loss-0.1635332, val_mse_loss-0.0003294, val_kl_loss-0.5407449, val_diff_loss-0.1542976
2025-03-20 11:26:14 - INFO - epoch-279, train_mse_loss-0.0003238, train_kl_loss-0.5248590, train_diff_loss-0.1621127, val_mse_loss-0.0003293, val_kl_loss-0.5283599, val_diff_loss-0.1658844
2025-03-20 11:30:36 - INFO - epoch-280, train_mse_loss-0.0003238, train_kl_loss-0.5302474, train_diff_loss-0.1638840, val_mse_loss-0.0003308, val_kl_loss-0.5278199, val_diff_loss-0.1609732
2025-03-20 11:35:00 - INFO - epoch-281, train_mse_loss-0.0003238, train_kl_loss-0.5288958, train_diff_loss-0.1627113, val_mse_loss-0.0003292, val_kl_loss-0.5300478, val_diff_loss-0.1636305
2025-03-20 11:39:21 - INFO - epoch-282, train_mse_loss-0.0003238, train_kl_loss-0.5323317, train_diff_loss-0.1660324, val_mse_loss-0.0003326, val_kl_loss-0.5421792, val_diff_loss-0.1592244
2025-03-20 11:43:43 - INFO - epoch-283, train_mse_loss-0.0003238, train_kl_loss-0.5279374, train_diff_loss-0.1610441, val_mse_loss-0.0003294, val_kl_loss-0.5170417, val_diff_loss-0.1522063
2025-03-20 11:48:05 - INFO - epoch-284, train_mse_loss-0.0003238, train_kl_loss-0.5313855, train_diff_loss-0.1623249, val_mse_loss-0.0003308, val_kl_loss-0.5338593, val_diff_loss-0.1530594
2025-03-20 11:52:28 - INFO - epoch-285, train_mse_loss-0.0003238, train_kl_loss-0.5306285, train_diff_loss-0.1640345, val_mse_loss-0.0003300, val_kl_loss-0.5257135, val_diff_loss-0.1641495
2025-03-20 11:56:51 - INFO - epoch-286, train_mse_loss-0.0003238, train_kl_loss-0.5248675, train_diff_loss-0.1615828, val_mse_loss-0.0003297, val_kl_loss-0.5297528, val_diff_loss-0.1629127
2025-03-20 12:01:15 - INFO - epoch-287, train_mse_loss-0.0003238, train_kl_loss-0.5292632, train_diff_loss-0.1617083, val_mse_loss-0.0003297, val_kl_loss-0.5305678, val_diff_loss-0.1588330
2025-03-20 12:05:35 - INFO - epoch-288, train_mse_loss-0.0003238, train_kl_loss-0.5207362, train_diff_loss-0.1594194, val_mse_loss-0.0003291, val_kl_loss-0.5272262, val_diff_loss-0.1623227
2025-03-20 12:09:55 - INFO - epoch-289, train_mse_loss-0.0003238, train_kl_loss-0.5208927, train_diff_loss-0.1601216, val_mse_loss-0.0003291, val_kl_loss-0.5244179, val_diff_loss-0.1592646
2025-03-20 12:14:17 - INFO - epoch-290, train_mse_loss-0.0003238, train_kl_loss-0.5284804, train_diff_loss-0.1639431, val_mse_loss-0.0003291, val_kl_loss-0.5313192, val_diff_loss-0.1507379
2025-03-20 12:18:37 - INFO - epoch-291, train_mse_loss-0.0003238, train_kl_loss-0.5207964, train_diff_loss-0.1586518, val_mse_loss-0.0003301, val_kl_loss-0.5367652, val_diff_loss-0.1574050
2025-03-20 12:22:58 - INFO - epoch-292, train_mse_loss-0.0003238, train_kl_loss-0.5328650, train_diff_loss-0.1648470, val_mse_loss-0.0003290, val_kl_loss-0.5356577, val_diff_loss-0.1622829
2025-03-20 12:27:19 - INFO - epoch-293, train_mse_loss-0.0003238, train_kl_loss-0.5326464, train_diff_loss-0.1662637, val_mse_loss-0.0003305, val_kl_loss-0.5370011, val_diff_loss-0.1612219
2025-03-20 12:31:40 - INFO - epoch-294, train_mse_loss-0.0003238, train_kl_loss-0.5365873, train_diff_loss-0.1649681, val_mse_loss-0.0003298, val_kl_loss-0.5336872, val_diff_loss-0.1561242
2025-03-20 12:36:02 - INFO - epoch-295, train_mse_loss-0.0003238, train_kl_loss-0.5285851, train_diff_loss-0.1608450, val_mse_loss-0.0003300, val_kl_loss-0.5307010, val_diff_loss-0.1618282
2025-03-20 12:40:24 - INFO - epoch-296, train_mse_loss-0.0003238, train_kl_loss-0.5271541, train_diff_loss-0.1632597, val_mse_loss-0.0003300, val_kl_loss-0.5230049, val_diff_loss-0.1534238
2025-03-20 12:44:45 - INFO - epoch-297, train_mse_loss-0.0003238, train_kl_loss-0.5228906, train_diff_loss-0.1618613, val_mse_loss-0.0003295, val_kl_loss-0.5242705, val_diff_loss-0.1759158
2025-03-20 12:49:08 - INFO - epoch-298, train_mse_loss-0.0003238, train_kl_loss-0.5270389, train_diff_loss-0.1624926, val_mse_loss-0.0003292, val_kl_loss-0.5075717, val_diff_loss-0.1555764
2025-03-20 12:53:29 - INFO - epoch-299, train_mse_loss-0.0003238, train_kl_loss-0.5295481, train_diff_loss-0.1648905, val_mse_loss-0.0003302, val_kl_loss-0.5467343, val_diff_loss-0.1613394
2025-03-20 12:57:51 - INFO - epoch-300, train_mse_loss-0.0003238, train_kl_loss-0.5289379, train_diff_loss-0.1624534, val_mse_loss-0.0003304, val_kl_loss-0.5296572, val_diff_loss-0.1592974
2025-03-20 13:02:14 - INFO - epoch-301, train_mse_loss-0.0003238, train_kl_loss-0.5206149, train_diff_loss-0.1578017, val_mse_loss-0.0003303, val_kl_loss-0.5118834, val_diff_loss-0.1639729
2025-03-20 13:06:39 - INFO - epoch-302, train_mse_loss-0.0003238, train_kl_loss-0.5229910, train_diff_loss-0.1624503, val_mse_loss-0.0003294, val_kl_loss-0.5287110, val_diff_loss-0.1548301
2025-03-20 13:11:02 - INFO - epoch-303, train_mse_loss-0.0003238, train_kl_loss-0.5238886, train_diff_loss-0.1626480, val_mse_loss-0.0003299, val_kl_loss-0.5247061, val_diff_loss-0.1683477
2025-03-20 13:15:23 - INFO - epoch-304, train_mse_loss-0.0003238, train_kl_loss-0.5311601, train_diff_loss-0.1656582, val_mse_loss-0.0003291, val_kl_loss-0.5352203, val_diff_loss-0.1563254
2025-03-20 13:19:56 - INFO - epoch-305, train_mse_loss-0.0003238, train_kl_loss-0.5273110, train_diff_loss-0.1626719, val_mse_loss-0.0003292, val_kl_loss-0.5231064, val_diff_loss-0.1575379
2025-03-20 13:24:41 - INFO - epoch-306, train_mse_loss-0.0003238, train_kl_loss-0.5300585, train_diff_loss-0.1649442, val_mse_loss-0.0003288, val_kl_loss-0.5313545, val_diff_loss-0.1653056
2025-03-20 13:29:32 - INFO - epoch-307, train_mse_loss-0.0003238, train_kl_loss-0.5246338, train_diff_loss-0.1600265, val_mse_loss-0.0003295, val_kl_loss-0.5163104, val_diff_loss-0.1546048
2025-03-20 13:34:00 - INFO - epoch-308, train_mse_loss-0.0003238, train_kl_loss-0.5197113, train_diff_loss-0.1627650, val_mse_loss-0.0003295, val_kl_loss-0.5009954, val_diff_loss-0.1682830
2025-03-20 13:38:31 - INFO - epoch-309, train_mse_loss-0.0003238, train_kl_loss-0.5277194, train_diff_loss-0.1637852, val_mse_loss-0.0003292, val_kl_loss-0.5207837, val_diff_loss-0.1478699
2025-03-20 13:43:05 - INFO - epoch-310, train_mse_loss-0.0003238, train_kl_loss-0.5254426, train_diff_loss-0.1628793, val_mse_loss-0.0003319, val_kl_loss-0.5274431, val_diff_loss-0.1606960
2025-03-20 13:47:36 - INFO - epoch-311, train_mse_loss-0.0003238, train_kl_loss-0.5291564, train_diff_loss-0.1644128, val_mse_loss-0.0003291, val_kl_loss-0.5311659, val_diff_loss-0.1583189
2025-03-20 13:52:14 - INFO - epoch-312, train_mse_loss-0.0003238, train_kl_loss-0.5302123, train_diff_loss-0.1625319, val_mse_loss-0.0003310, val_kl_loss-0.5218578, val_diff_loss-0.1719002
2025-03-20 13:56:57 - INFO - epoch-313, train_mse_loss-0.0003238, train_kl_loss-0.5257030, train_diff_loss-0.1631197, val_mse_loss-0.0003304, val_kl_loss-0.5236261, val_diff_loss-0.1580448
2025-03-20 14:01:37 - INFO - epoch-314, train_mse_loss-0.0003238, train_kl_loss-0.5319208, train_diff_loss-0.1623182, val_mse_loss-0.0003298, val_kl_loss-0.5276861, val_diff_loss-0.1593569
2025-03-20 14:06:16 - INFO - epoch-315, train_mse_loss-0.0003238, train_kl_loss-0.5278529, train_diff_loss-0.1628604, val_mse_loss-0.0003304, val_kl_loss-0.5334429, val_diff_loss-0.1586634
2025-03-20 14:10:36 - INFO - epoch-316, train_mse_loss-0.0003238, train_kl_loss-0.5258847, train_diff_loss-0.1617583, val_mse_loss-0.0003295, val_kl_loss-0.5239776, val_diff_loss-0.1603324
2025-03-20 14:14:55 - INFO - epoch-317, train_mse_loss-0.0003238, train_kl_loss-0.5301385, train_diff_loss-0.1650630, val_mse_loss-0.0003296, val_kl_loss-0.5305760, val_diff_loss-0.1752500
2025-03-20 14:19:16 - INFO - epoch-318, train_mse_loss-0.0003238, train_kl_loss-0.5263704, train_diff_loss-0.1626523, val_mse_loss-0.0003299, val_kl_loss-0.5307212, val_diff_loss-0.1591881
2025-03-20 14:23:37 - INFO - epoch-319, train_mse_loss-0.0003238, train_kl_loss-0.5312696, train_diff_loss-0.1636798, val_mse_loss-0.0003319, val_kl_loss-0.5283413, val_diff_loss-0.1683155
2025-03-20 14:27:56 - INFO - epoch-320, train_mse_loss-0.0003238, train_kl_loss-0.5181590, train_diff_loss-0.1601186, val_mse_loss-0.0003295, val_kl_loss-0.5096885, val_diff_loss-0.1613150
2025-03-20 14:32:15 - INFO - epoch-321, train_mse_loss-0.0003238, train_kl_loss-0.5290787, train_diff_loss-0.1652142, val_mse_loss-0.0003302, val_kl_loss-0.5327779, val_diff_loss-0.1577520
2025-03-20 14:36:35 - INFO - epoch-322, train_mse_loss-0.0003238, train_kl_loss-0.5329913, train_diff_loss-0.1642307, val_mse_loss-0.0003296, val_kl_loss-0.5319051, val_diff_loss-0.1544749
2025-03-20 14:40:53 - INFO - epoch-323, train_mse_loss-0.0003239, train_kl_loss-0.5281049, train_diff_loss-0.1636770, val_mse_loss-0.0003295, val_kl_loss-0.5283484, val_diff_loss-0.1649166
2025-03-20 14:45:13 - INFO - epoch-324, train_mse_loss-0.0003238, train_kl_loss-0.5321086, train_diff_loss-0.1638124, val_mse_loss-0.0003299, val_kl_loss-0.5348590, val_diff_loss-0.1706005
2025-03-20 14:49:33 - INFO - epoch-325, train_mse_loss-0.0003238, train_kl_loss-0.5327881, train_diff_loss-0.1642134, val_mse_loss-0.0003296, val_kl_loss-0.5266662, val_diff_loss-0.1652415
2025-03-20 14:53:52 - INFO - epoch-326, train_mse_loss-0.0003238, train_kl_loss-0.5272975, train_diff_loss-0.1619500, val_mse_loss-0.0003304, val_kl_loss-0.5233665, val_diff_loss-0.1698163
2025-03-20 14:58:11 - INFO - epoch-327, train_mse_loss-0.0003238, train_kl_loss-0.5246013, train_diff_loss-0.1628247, val_mse_loss-0.0003317, val_kl_loss-0.5230834, val_diff_loss-0.1538165
2025-03-20 15:02:30 - INFO - epoch-328, train_mse_loss-0.0003238, train_kl_loss-0.5253287, train_diff_loss-0.1630408, val_mse_loss-0.0003300, val_kl_loss-0.5337593, val_diff_loss-0.1635873
2025-03-20 15:06:50 - INFO - epoch-329, train_mse_loss-0.0003238, train_kl_loss-0.5332880, train_diff_loss-0.1667014, val_mse_loss-0.0003309, val_kl_loss-0.5382451, val_diff_loss-0.1571813
2025-03-20 15:11:10 - INFO - epoch-330, train_mse_loss-0.0003238, train_kl_loss-0.5251488, train_diff_loss-0.1628943, val_mse_loss-0.0003295, val_kl_loss-0.5373187, val_diff_loss-0.1538465
2025-03-20 15:15:31 - INFO - epoch-331, train_mse_loss-0.0003239, train_kl_loss-0.5252495, train_diff_loss-0.1598622, val_mse_loss-0.0003298, val_kl_loss-0.5226786, val_diff_loss-0.1640815
2025-03-20 15:19:51 - INFO - epoch-332, train_mse_loss-0.0003238, train_kl_loss-0.5229986, train_diff_loss-0.1611175, val_mse_loss-0.0003294, val_kl_loss-0.5265494, val_diff_loss-0.1579180
2025-03-20 15:24:12 - INFO - epoch-333, train_mse_loss-0.0003238, train_kl_loss-0.5202565, train_diff_loss-0.1591538, val_mse_loss-0.0003299, val_kl_loss-0.5186377, val_diff_loss-0.1565772
2025-03-20 15:28:32 - INFO - epoch-334, train_mse_loss-0.0003238, train_kl_loss-0.5216440, train_diff_loss-0.1599880, val_mse_loss-0.0003307, val_kl_loss-0.5183432, val_diff_loss-0.1631114
2025-03-20 15:32:54 - INFO - epoch-335, train_mse_loss-0.0003238, train_kl_loss-0.5262855, train_diff_loss-0.1641519, val_mse_loss-0.0003301, val_kl_loss-0.5286286, val_diff_loss-0.1699026
2025-03-20 15:37:13 - INFO - epoch-336, train_mse_loss-0.0003238, train_kl_loss-0.5243819, train_diff_loss-0.1628434, val_mse_loss-0.0003306, val_kl_loss-0.5248549, val_diff_loss-0.1630128
2025-03-20 15:41:36 - INFO - epoch-337, train_mse_loss-0.0003238, train_kl_loss-0.5269794, train_diff_loss-0.1667100, val_mse_loss-0.0003299, val_kl_loss-0.4836718, val_diff_loss-0.1687832
2025-03-20 15:46:00 - INFO - epoch-338, train_mse_loss-0.0003238, train_kl_loss-0.5259056, train_diff_loss-0.1612789, val_mse_loss-0.0003297, val_kl_loss-0.5050280, val_diff_loss-0.1707808
2025-03-20 15:50:20 - INFO - epoch-339, train_mse_loss-0.0003238, train_kl_loss-0.5345625, train_diff_loss-0.1657231, val_mse_loss-0.0003307, val_kl_loss-0.5385078, val_diff_loss-0.1658603
2025-03-20 15:54:40 - INFO - epoch-340, train_mse_loss-0.0003238, train_kl_loss-0.5319369, train_diff_loss-0.1636951, val_mse_loss-0.0003301, val_kl_loss-0.5200152, val_diff_loss-0.1774843
2025-03-20 15:59:01 - INFO - epoch-341, train_mse_loss-0.0003238, train_kl_loss-0.5291169, train_diff_loss-0.1657754, val_mse_loss-0.0003296, val_kl_loss-0.5361697, val_diff_loss-0.1685394
2025-03-20 16:03:21 - INFO - epoch-342, train_mse_loss-0.0003238, train_kl_loss-0.5304402, train_diff_loss-0.1623938, val_mse_loss-0.0003311, val_kl_loss-0.5298912, val_diff_loss-0.1653237
2025-03-20 16:07:41 - INFO - epoch-343, train_mse_loss-0.0003238, train_kl_loss-0.5313009, train_diff_loss-0.1641868, val_mse_loss-0.0003299, val_kl_loss-0.5264950, val_diff_loss-0.1548865
2025-03-20 16:12:01 - INFO - epoch-344, train_mse_loss-0.0003238, train_kl_loss-0.5275280, train_diff_loss-0.1623659, val_mse_loss-0.0003308, val_kl_loss-0.5183332, val_diff_loss-0.1506687
2025-03-20 16:16:21 - INFO - epoch-345, train_mse_loss-0.0003238, train_kl_loss-0.5195006, train_diff_loss-0.1625312, val_mse_loss-0.0003296, val_kl_loss-0.5345206, val_diff_loss-0.1611622
2025-03-20 16:20:41 - INFO - epoch-346, train_mse_loss-0.0003238, train_kl_loss-0.5305785, train_diff_loss-0.1642422, val_mse_loss-0.0003301, val_kl_loss-0.5401181, val_diff_loss-0.1529822
2025-03-20 16:25:00 - INFO - epoch-347, train_mse_loss-0.0003238, train_kl_loss-0.5232972, train_diff_loss-0.1587589, val_mse_loss-0.0003293, val_kl_loss-0.5204282, val_diff_loss-0.1718699
2025-03-20 16:29:21 - INFO - epoch-348, train_mse_loss-0.0003238, train_kl_loss-0.5244572, train_diff_loss-0.1622913, val_mse_loss-0.0003307, val_kl_loss-0.5239273, val_diff_loss-0.1615530
2025-03-20 16:33:41 - INFO - epoch-349, train_mse_loss-0.0003238, train_kl_loss-0.5214090, train_diff_loss-0.1636097, val_mse_loss-0.0003297, val_kl_loss-0.5268919, val_diff_loss-0.1614026
2025-03-20 16:38:00 - INFO - epoch-350, train_mse_loss-0.0003238, train_kl_loss-0.5250573, train_diff_loss-0.1618405, val_mse_loss-0.0003310, val_kl_loss-0.5238219, val_diff_loss-0.1558194
2025-03-20 16:42:20 - INFO - epoch-351, train_mse_loss-0.0003238, train_kl_loss-0.5293369, train_diff_loss-0.1645757, val_mse_loss-0.0003306, val_kl_loss-0.5218390, val_diff_loss-0.1593667
2025-03-20 16:46:40 - INFO - epoch-352, train_mse_loss-0.0003238, train_kl_loss-0.5234952, train_diff_loss-0.1646552, val_mse_loss-0.0003298, val_kl_loss-0.5381080, val_diff_loss-0.1580036
2025-03-20 16:51:00 - INFO - epoch-353, train_mse_loss-0.0003238, train_kl_loss-0.5330631, train_diff_loss-0.1639319, val_mse_loss-0.0003316, val_kl_loss-0.5380316, val_diff_loss-0.1793682
2025-03-20 16:55:21 - INFO - epoch-354, train_mse_loss-0.0003238, train_kl_loss-0.5188481, train_diff_loss-0.1603068, val_mse_loss-0.0003309, val_kl_loss-0.5264045, val_diff_loss-0.1721101
2025-03-20 16:59:41 - INFO - epoch-355, train_mse_loss-0.0003238, train_kl_loss-0.5302826, train_diff_loss-0.1669780, val_mse_loss-0.0003321, val_kl_loss-0.5382373, val_diff_loss-0.1575835
2025-03-20 17:04:02 - INFO - epoch-356, train_mse_loss-0.0003238, train_kl_loss-0.5262572, train_diff_loss-0.1633040, val_mse_loss-0.0003295, val_kl_loss-0.5386477, val_diff_loss-0.1716119
2025-03-20 17:08:22 - INFO - epoch-357, train_mse_loss-0.0003238, train_kl_loss-0.5339171, train_diff_loss-0.1634725, val_mse_loss-0.0003299, val_kl_loss-0.5260963, val_diff_loss-0.1572712
2025-03-20 17:12:45 - INFO - epoch-358, train_mse_loss-0.0003238, train_kl_loss-0.5290396, train_diff_loss-0.1632914, val_mse_loss-0.0003296, val_kl_loss-0.5307395, val_diff_loss-0.1619679
2025-03-20 17:17:06 - INFO - epoch-359, train_mse_loss-0.0003238, train_kl_loss-0.5311892, train_diff_loss-0.1625244, val_mse_loss-0.0003287, val_kl_loss-0.5287207, val_diff_loss-0.1516824
2025-03-20 17:21:26 - INFO - epoch-360, train_mse_loss-0.0003238, train_kl_loss-0.5337735, train_diff_loss-0.1634296, val_mse_loss-0.0003306, val_kl_loss-0.5297828, val_diff_loss-0.1709837
2025-03-20 17:25:46 - INFO - epoch-361, train_mse_loss-0.0003238, train_kl_loss-0.5277631, train_diff_loss-0.1617546, val_mse_loss-0.0003299, val_kl_loss-0.5255427, val_diff_loss-0.1693792
2025-03-20 17:30:05 - INFO - epoch-362, train_mse_loss-0.0003238, train_kl_loss-0.5293036, train_diff_loss-0.1638519, val_mse_loss-0.0003309, val_kl_loss-0.5217760, val_diff_loss-0.1670084
2025-03-20 17:34:24 - INFO - epoch-363, train_mse_loss-0.0003238, train_kl_loss-0.5295841, train_diff_loss-0.1645470, val_mse_loss-0.0003305, val_kl_loss-0.5323393, val_diff_loss-0.1674696
2025-03-20 17:38:43 - INFO - epoch-364, train_mse_loss-0.0003238, train_kl_loss-0.5364510, train_diff_loss-0.1672307, val_mse_loss-0.0003297, val_kl_loss-0.5419463, val_diff_loss-0.1536879
2025-03-20 17:43:02 - INFO - epoch-365, train_mse_loss-0.0003238, train_kl_loss-0.5341173, train_diff_loss-0.1633911, val_mse_loss-0.0003309, val_kl_loss-0.5242296, val_diff_loss-0.1599589
2025-03-20 17:47:22 - INFO - epoch-366, train_mse_loss-0.0003238, train_kl_loss-0.5287145, train_diff_loss-0.1617474, val_mse_loss-0.0003298, val_kl_loss-0.5153449, val_diff_loss-0.1657591
2025-03-20 17:51:41 - INFO - epoch-367, train_mse_loss-0.0003238, train_kl_loss-0.5253962, train_diff_loss-0.1636763, val_mse_loss-0.0003300, val_kl_loss-0.5271826, val_diff_loss-0.1626114
2025-03-20 17:56:01 - INFO - epoch-368, train_mse_loss-0.0003238, train_kl_loss-0.5319341, train_diff_loss-0.1657187, val_mse_loss-0.0003302, val_kl_loss-0.5131553, val_diff_loss-0.1699541
2025-03-20 18:00:21 - INFO - epoch-369, train_mse_loss-0.0003238, train_kl_loss-0.5366435, train_diff_loss-0.1666919, val_mse_loss-0.0003297, val_kl_loss-0.5392880, val_diff_loss-0.1629369
2025-03-20 18:04:39 - INFO - epoch-370, train_mse_loss-0.0003238, train_kl_loss-0.5329270, train_diff_loss-0.1629017, val_mse_loss-0.0003302, val_kl_loss-0.5309080, val_diff_loss-0.1683597
2025-03-20 18:08:58 - INFO - epoch-371, train_mse_loss-0.0003238, train_kl_loss-0.5282199, train_diff_loss-0.1637828, val_mse_loss-0.0003321, val_kl_loss-0.5316408, val_diff_loss-0.1676821
2025-03-20 18:13:17 - INFO - epoch-372, train_mse_loss-0.0003238, train_kl_loss-0.5238819, train_diff_loss-0.1627928, val_mse_loss-0.0003306, val_kl_loss-0.5220913, val_diff_loss-0.1490088
2025-03-20 18:17:37 - INFO - epoch-373, train_mse_loss-0.0003238, train_kl_loss-0.5298140, train_diff_loss-0.1671152, val_mse_loss-0.0003302, val_kl_loss-0.5292904, val_diff_loss-0.1643789
2025-03-20 18:21:59 - INFO - epoch-374, train_mse_loss-0.0003238, train_kl_loss-0.5276849, train_diff_loss-0.1630053, val_mse_loss-0.0003307, val_kl_loss-0.5267252, val_diff_loss-0.1630341
2025-03-20 18:26:19 - INFO - epoch-375, train_mse_loss-0.0003238, train_kl_loss-0.5282991, train_diff_loss-0.1621736, val_mse_loss-0.0003304, val_kl_loss-0.5319559, val_diff_loss-0.1654645
2025-03-20 18:30:39 - INFO - epoch-376, train_mse_loss-0.0003238, train_kl_loss-0.5201792, train_diff_loss-0.1598369, val_mse_loss-0.0003311, val_kl_loss-0.5294101, val_diff_loss-0.1737236
2025-03-20 18:34:59 - INFO - epoch-377, train_mse_loss-0.0003238, train_kl_loss-0.5280305, train_diff_loss-0.1616523, val_mse_loss-0.0003314, val_kl_loss-0.5321761, val_diff_loss-0.1630258
2025-03-20 18:39:19 - INFO - epoch-378, train_mse_loss-0.0003238, train_kl_loss-0.5264745, train_diff_loss-0.1621040, val_mse_loss-0.0003305, val_kl_loss-0.5329476, val_diff_loss-0.1678965
2025-03-20 18:43:38 - INFO - epoch-379, train_mse_loss-0.0003238, train_kl_loss-0.5333707, train_diff_loss-0.1638680, val_mse_loss-0.0003300, val_kl_loss-0.5388293, val_diff_loss-0.1614076
2025-03-20 18:47:57 - INFO - epoch-380, train_mse_loss-0.0003238, train_kl_loss-0.5280731, train_diff_loss-0.1627809, val_mse_loss-0.0003305, val_kl_loss-0.5313529, val_diff_loss-0.1594152
2025-03-20 18:52:16 - INFO - epoch-381, train_mse_loss-0.0003238, train_kl_loss-0.5319814, train_diff_loss-0.1640079, val_mse_loss-0.0003319, val_kl_loss-0.5347453, val_diff_loss-0.1637398
2025-03-20 18:56:36 - INFO - epoch-382, train_mse_loss-0.0003238, train_kl_loss-0.5275256, train_diff_loss-0.1627625, val_mse_loss-0.0003302, val_kl_loss-0.5312016, val_diff_loss-0.1740413
2025-03-20 19:00:56 - INFO - epoch-383, train_mse_loss-0.0003238, train_kl_loss-0.5282437, train_diff_loss-0.1621040, val_mse_loss-0.0003308, val_kl_loss-0.5303591, val_diff_loss-0.1682628
2025-03-20 19:05:16 - INFO - epoch-384, train_mse_loss-0.0003238, train_kl_loss-0.5264008, train_diff_loss-0.1604035, val_mse_loss-0.0003284, val_kl_loss-0.5268259, val_diff_loss-0.1576166
2025-03-20 19:09:37 - INFO - epoch-385, train_mse_loss-0.0003238, train_kl_loss-0.5211614, train_diff_loss-0.1599792, val_mse_loss-0.0003304, val_kl_loss-0.5263017, val_diff_loss-0.1583239
2025-03-20 19:13:56 - INFO - epoch-386, train_mse_loss-0.0003238, train_kl_loss-0.5320048, train_diff_loss-0.1645806, val_mse_loss-0.0003306, val_kl_loss-0.5375369, val_diff_loss-0.1713363
2025-03-20 19:18:16 - INFO - epoch-387, train_mse_loss-0.0003238, train_kl_loss-0.5364654, train_diff_loss-0.1657624, val_mse_loss-0.0003310, val_kl_loss-0.5349603, val_diff_loss-0.1573012
2025-03-20 19:22:35 - INFO - epoch-388, train_mse_loss-0.0003238, train_kl_loss-0.5251313, train_diff_loss-0.1619132, val_mse_loss-0.0003310, val_kl_loss-0.5343019, val_diff_loss-0.1512207
2025-03-20 19:26:55 - INFO - epoch-389, train_mse_loss-0.0003238, train_kl_loss-0.5289808, train_diff_loss-0.1628660, val_mse_loss-0.0003317, val_kl_loss-0.5302019, val_diff_loss-0.1594490
2025-03-20 19:31:13 - INFO - epoch-390, train_mse_loss-0.0003238, train_kl_loss-0.5210411, train_diff_loss-0.1613660, val_mse_loss-0.0003302, val_kl_loss-0.5199095, val_diff_loss-0.1598870
2025-03-20 19:35:34 - INFO - epoch-391, train_mse_loss-0.0003238, train_kl_loss-0.5204081, train_diff_loss-0.1611055, val_mse_loss-0.0003304, val_kl_loss-0.5207079, val_diff_loss-0.1720952
2025-03-20 19:39:55 - INFO - epoch-392, train_mse_loss-0.0003238, train_kl_loss-0.5259058, train_diff_loss-0.1659708, val_mse_loss-0.0003308, val_kl_loss-0.5293098, val_diff_loss-0.1789511
2025-03-20 19:44:14 - INFO - epoch-393, train_mse_loss-0.0003238, train_kl_loss-0.5299420, train_diff_loss-0.1649817, val_mse_loss-0.0003306, val_kl_loss-0.5401447, val_diff_loss-0.1520839
2025-03-20 19:48:34 - INFO - epoch-394, train_mse_loss-0.0003238, train_kl_loss-0.5351516, train_diff_loss-0.1654376, val_mse_loss-0.0003307, val_kl_loss-0.5351221, val_diff_loss-0.1670716
2025-03-20 19:52:55 - INFO - epoch-395, train_mse_loss-0.0003238, train_kl_loss-0.5362136, train_diff_loss-0.1655499, val_mse_loss-0.0003307, val_kl_loss-0.5291996, val_diff_loss-0.1517548
2025-03-20 19:57:13 - INFO - epoch-396, train_mse_loss-0.0003238, train_kl_loss-0.5275697, train_diff_loss-0.1634547, val_mse_loss-0.0003302, val_kl_loss-0.5321427, val_diff_loss-0.1637378
2025-03-20 20:01:32 - INFO - epoch-397, train_mse_loss-0.0003238, train_kl_loss-0.5262674, train_diff_loss-0.1608347, val_mse_loss-0.0003299, val_kl_loss-0.5235017, val_diff_loss-0.1726035
2025-03-20 20:05:51 - INFO - epoch-398, train_mse_loss-0.0003238, train_kl_loss-0.5324272, train_diff_loss-0.1667346, val_mse_loss-0.0003297, val_kl_loss-0.5374533, val_diff_loss-0.1534163
2025-03-20 20:10:10 - INFO - epoch-399, train_mse_loss-0.0003238, train_kl_loss-0.5304817, train_diff_loss-0.1617584, val_mse_loss-0.0003299, val_kl_loss-0.5308750, val_diff_loss-0.1567181
2025-03-20 20:14:34 - INFO - epoch-400, train_mse_loss-0.0003238, train_kl_loss-0.5265004, train_diff_loss-0.1612669, val_mse_loss-0.0003295, val_kl_loss-0.5342850, val_diff_loss-0.1708956
2025-03-20 20:18:54 - INFO - epoch-401, train_mse_loss-0.0003238, train_kl_loss-0.5360728, train_diff_loss-0.1649562, val_mse_loss-0.0003291, val_kl_loss-0.5306773, val_diff_loss-0.1681211
2025-03-20 20:23:13 - INFO - epoch-402, train_mse_loss-0.0003238, train_kl_loss-0.5316816, train_diff_loss-0.1636746, val_mse_loss-0.0003283, val_kl_loss-0.5280167, val_diff_loss-0.1619584
2025-03-20 20:27:32 - INFO - epoch-403, train_mse_loss-0.0003238, train_kl_loss-0.5266426, train_diff_loss-0.1631489, val_mse_loss-0.0003287, val_kl_loss-0.5330901, val_diff_loss-0.1675706
2025-03-20 20:31:51 - INFO - epoch-404, train_mse_loss-0.0003238, train_kl_loss-0.5213194, train_diff_loss-0.1604419, val_mse_loss-0.0003287, val_kl_loss-0.5241692, val_diff_loss-0.1637186
2025-03-20 20:36:10 - INFO - epoch-405, train_mse_loss-0.0003238, train_kl_loss-0.5217818, train_diff_loss-0.1622784, val_mse_loss-0.0003286, val_kl_loss-0.5273285, val_diff_loss-0.1709351
2025-03-20 20:40:29 - INFO - epoch-406, train_mse_loss-0.0003238, train_kl_loss-0.5252462, train_diff_loss-0.1619977, val_mse_loss-0.0003289, val_kl_loss-0.5300370, val_diff_loss-0.1654552
2025-03-20 20:44:49 - INFO - epoch-407, train_mse_loss-0.0003238, train_kl_loss-0.5306302, train_diff_loss-0.1631496, val_mse_loss-0.0003285, val_kl_loss-0.5263520, val_diff_loss-0.1530814
2025-03-20 20:49:08 - INFO - epoch-408, train_mse_loss-0.0003238, train_kl_loss-0.5306136, train_diff_loss-0.1644299, val_mse_loss-0.0003305, val_kl_loss-0.5331253, val_diff_loss-0.1587322
2025-03-20 20:53:32 - INFO - epoch-409, train_mse_loss-0.0003238, train_kl_loss-0.5296926, train_diff_loss-0.1653605, val_mse_loss-0.0003282, val_kl_loss-0.4145830, val_diff_loss-0.1754517
2025-03-20 20:53:41 - INFO - Saved new best model at epoch 409 with validation loss 0.5903630
2025-03-20 20:58:00 - INFO - epoch-410, train_mse_loss-0.0003238, train_kl_loss-0.5303275, train_diff_loss-0.1616366, val_mse_loss-0.0003297, val_kl_loss-0.5258037, val_diff_loss-0.1735916
2025-03-20 21:02:19 - INFO - epoch-411, train_mse_loss-0.0003238, train_kl_loss-0.5250787, train_diff_loss-0.1619386, val_mse_loss-0.0003301, val_kl_loss-0.5316314, val_diff_loss-0.1724719
2025-03-20 21:06:38 - INFO - epoch-412, train_mse_loss-0.0003238, train_kl_loss-0.5269827, train_diff_loss-0.1612136, val_mse_loss-0.0003298, val_kl_loss-0.5245187, val_diff_loss-0.1580669
2025-03-20 21:10:57 - INFO - epoch-413, train_mse_loss-0.0003238, train_kl_loss-0.5276930, train_diff_loss-0.1658468, val_mse_loss-0.0003296, val_kl_loss-0.5407825, val_diff_loss-0.1605611
2025-03-20 21:15:17 - INFO - epoch-414, train_mse_loss-0.0003238, train_kl_loss-0.5252219, train_diff_loss-0.1616229, val_mse_loss-0.0003294, val_kl_loss-0.5308478, val_diff_loss-0.1571931
2025-03-20 21:19:37 - INFO - epoch-415, train_mse_loss-0.0003238, train_kl_loss-0.5282229, train_diff_loss-0.1640263, val_mse_loss-0.0003295, val_kl_loss-0.5309190, val_diff_loss-0.1644977
2025-03-20 21:23:56 - INFO - epoch-416, train_mse_loss-0.0003238, train_kl_loss-0.5309756, train_diff_loss-0.1640101, val_mse_loss-0.0003292, val_kl_loss-0.5333251, val_diff_loss-0.1684188
2025-03-20 21:28:15 - INFO - epoch-417, train_mse_loss-0.0003238, train_kl_loss-0.5347757, train_diff_loss-0.1663725, val_mse_loss-0.0003287, val_kl_loss-0.5327740, val_diff_loss-0.1593023
2025-03-20 21:32:34 - INFO - epoch-418, train_mse_loss-0.0003238, train_kl_loss-0.5226456, train_diff_loss-0.1611714, val_mse_loss-0.0003299, val_kl_loss-0.5273305, val_diff_loss-0.1591926
2025-03-20 21:36:53 - INFO - epoch-419, train_mse_loss-0.0003238, train_kl_loss-0.5237602, train_diff_loss-0.1633778, val_mse_loss-0.0003292, val_kl_loss-0.5332326, val_diff_loss-0.1658286
2025-03-20 21:41:11 - INFO - epoch-420, train_mse_loss-0.0003238, train_kl_loss-0.5229629, train_diff_loss-0.1616696, val_mse_loss-0.0003294, val_kl_loss-0.5315194, val_diff_loss-0.1624896
2025-03-20 21:45:30 - INFO - epoch-421, train_mse_loss-0.0003238, train_kl_loss-0.5322716, train_diff_loss-0.1647984, val_mse_loss-0.0003290, val_kl_loss-0.5302619, val_diff_loss-0.1593884
2025-03-20 21:49:50 - INFO - epoch-422, train_mse_loss-0.0003238, train_kl_loss-0.5281725, train_diff_loss-0.1634175, val_mse_loss-0.0003295, val_kl_loss-0.5281755, val_diff_loss-0.1650984
2025-03-20 21:54:12 - INFO - epoch-423, train_mse_loss-0.0003238, train_kl_loss-0.5265066, train_diff_loss-0.1632165, val_mse_loss-0.0003292, val_kl_loss-0.5290045, val_diff_loss-0.1722409
2025-03-20 21:58:31 - INFO - epoch-424, train_mse_loss-0.0003238, train_kl_loss-0.5278486, train_diff_loss-0.1634392, val_mse_loss-0.0003292, val_kl_loss-0.5280782, val_diff_loss-0.1490876
2025-03-20 22:02:51 - INFO - epoch-425, train_mse_loss-0.0003238, train_kl_loss-0.5246559, train_diff_loss-0.1610209, val_mse_loss-0.0003289, val_kl_loss-0.5255869, val_diff_loss-0.1601500
2025-03-20 22:07:10 - INFO - epoch-426, train_mse_loss-0.0003238, train_kl_loss-0.5310961, train_diff_loss-0.1646859, val_mse_loss-0.0003287, val_kl_loss-0.5353976, val_diff_loss-0.1487981
2025-03-20 22:11:30 - INFO - epoch-427, train_mse_loss-0.0003238, train_kl_loss-0.5323890, train_diff_loss-0.1638407, val_mse_loss-0.0003291, val_kl_loss-0.5252380, val_diff_loss-0.1739228
2025-03-20 22:15:50 - INFO - epoch-428, train_mse_loss-0.0003238, train_kl_loss-0.5282791, train_diff_loss-0.1657329, val_mse_loss-0.0003291, val_kl_loss-0.5595878, val_diff_loss-0.1646065
2025-03-20 22:20:09 - INFO - epoch-429, train_mse_loss-0.0003238, train_kl_loss-0.5343861, train_diff_loss-0.1610245, val_mse_loss-0.0003288, val_kl_loss-0.5317322, val_diff_loss-0.1753852
2025-03-20 22:24:29 - INFO - epoch-430, train_mse_loss-0.0003238, train_kl_loss-0.5277396, train_diff_loss-0.1588150, val_mse_loss-0.0003292, val_kl_loss-0.5209524, val_diff_loss-0.1725581
2025-03-20 22:28:48 - INFO - epoch-431, train_mse_loss-0.0003238, train_kl_loss-0.5257392, train_diff_loss-0.1650408, val_mse_loss-0.0003277, val_kl_loss-0.5287875, val_diff_loss-0.1690513
2025-03-20 22:33:08 - INFO - epoch-432, train_mse_loss-0.0003238, train_kl_loss-0.5249929, train_diff_loss-0.1620551, val_mse_loss-0.0003284, val_kl_loss-0.5227106, val_diff_loss-0.1640929
2025-03-20 22:37:27 - INFO - epoch-433, train_mse_loss-0.0003238, train_kl_loss-0.5212530, train_diff_loss-0.1609308, val_mse_loss-0.0003292, val_kl_loss-0.5280997, val_diff_loss-0.1560105
2025-03-20 22:41:46 - INFO - epoch-434, train_mse_loss-0.0003238, train_kl_loss-0.5207829, train_diff_loss-0.1586766, val_mse_loss-0.0003289, val_kl_loss-0.5220093, val_diff_loss-0.1528271
2025-03-20 22:46:06 - INFO - epoch-435, train_mse_loss-0.0003238, train_kl_loss-0.5249262, train_diff_loss-0.1655631, val_mse_loss-0.0003283, val_kl_loss-0.3882665, val_diff_loss-0.1877748
2025-03-20 22:46:14 - INFO - Saved new best model at epoch 435 with validation loss 0.5763696
2025-03-20 22:50:33 - INFO - epoch-436, train_mse_loss-0.0003238, train_kl_loss-0.5222357, train_diff_loss-0.1620561, val_mse_loss-0.0003287, val_kl_loss-0.5264210, val_diff_loss-0.1539874
2025-03-20 22:54:54 - INFO - epoch-437, train_mse_loss-0.0003238, train_kl_loss-0.5247847, train_diff_loss-0.1596228, val_mse_loss-0.0003285, val_kl_loss-0.5202734, val_diff_loss-0.1623178
2025-03-20 22:59:16 - INFO - epoch-438, train_mse_loss-0.0003238, train_kl_loss-0.5224177, train_diff_loss-0.1627178, val_mse_loss-0.0003286, val_kl_loss-0.5300211, val_diff_loss-0.1646413
2025-03-20 23:03:36 - INFO - epoch-439, train_mse_loss-0.0003238, train_kl_loss-0.5312300, train_diff_loss-0.1674300, val_mse_loss-0.0003282, val_kl_loss-0.5425413, val_diff_loss-0.1573481
2025-03-20 23:07:56 - INFO - epoch-440, train_mse_loss-0.0003238, train_kl_loss-0.5304898, train_diff_loss-0.1603245, val_mse_loss-0.0003285, val_kl_loss-0.5427175, val_diff_loss-0.1638124
2025-03-20 23:12:15 - INFO - epoch-441, train_mse_loss-0.0003238, train_kl_loss-0.5371165, train_diff_loss-0.1649714, val_mse_loss-0.0003282, val_kl_loss-0.5177768, val_diff_loss-0.1682417
2025-03-20 23:16:34 - INFO - epoch-442, train_mse_loss-0.0003238, train_kl_loss-0.5305383, train_diff_loss-0.1650901, val_mse_loss-0.0003282, val_kl_loss-0.5323116, val_diff_loss-0.1512374
2025-03-20 23:20:54 - INFO - epoch-443, train_mse_loss-0.0003238, train_kl_loss-0.5333956, train_diff_loss-0.1648198, val_mse_loss-0.0003282, val_kl_loss-0.5291544, val_diff_loss-0.1591770
2025-03-20 23:25:13 - INFO - epoch-444, train_mse_loss-0.0003238, train_kl_loss-0.5263195, train_diff_loss-0.1616414, val_mse_loss-0.0003283, val_kl_loss-0.5254204, val_diff_loss-0.1516277
2025-03-20 23:29:34 - INFO - epoch-445, train_mse_loss-0.0003238, train_kl_loss-0.5256794, train_diff_loss-0.1644654, val_mse_loss-0.0003284, val_kl_loss-0.5147132, val_diff_loss-0.1689224
2025-03-20 23:33:52 - INFO - epoch-446, train_mse_loss-0.0003238, train_kl_loss-0.5239821, train_diff_loss-0.1617581, val_mse_loss-0.0003280, val_kl_loss-0.5244620, val_diff_loss-0.1540863
2025-03-20 23:38:11 - INFO - epoch-447, train_mse_loss-0.0003238, train_kl_loss-0.5256746, train_diff_loss-0.1649733, val_mse_loss-0.0003285, val_kl_loss-0.5338066, val_diff_loss-0.1657502
2025-03-20 23:42:30 - INFO - epoch-448, train_mse_loss-0.0003238, train_kl_loss-0.5348681, train_diff_loss-0.1636386, val_mse_loss-0.0003290, val_kl_loss-0.5423113, val_diff_loss-0.1553473
2025-03-20 23:46:48 - INFO - epoch-449, train_mse_loss-0.0003238, train_kl_loss-0.5388428, train_diff_loss-0.1669475, val_mse_loss-0.0003289, val_kl_loss-0.5359659, val_diff_loss-0.1689488
2025-03-20 23:51:08 - INFO - epoch-450, train_mse_loss-0.0003238, train_kl_loss-0.5240328, train_diff_loss-0.1597553, val_mse_loss-0.0003286, val_kl_loss-0.5239076, val_diff_loss-0.1604838
2025-03-20 23:55:29 - INFO - epoch-451, train_mse_loss-0.0003238, train_kl_loss-0.5247817, train_diff_loss-0.1618836, val_mse_loss-0.0003283, val_kl_loss-0.5332883, val_diff_loss-0.1616544
2025-03-20 23:59:49 - INFO - epoch-452, train_mse_loss-0.0003238, train_kl_loss-0.5339653, train_diff_loss-0.1655127, val_mse_loss-0.0003285, val_kl_loss-0.5223610, val_diff_loss-0.1630703
2025-03-21 00:04:08 - INFO - epoch-453, train_mse_loss-0.0003238, train_kl_loss-0.5258928, train_diff_loss-0.1606243, val_mse_loss-0.0003283, val_kl_loss-0.5269987, val_diff_loss-0.1647328
2025-03-21 00:08:28 - INFO - epoch-454, train_mse_loss-0.0003238, train_kl_loss-0.5309884, train_diff_loss-0.1641772, val_mse_loss-0.0003284, val_kl_loss-0.5344807, val_diff_loss-0.1628350
2025-03-21 00:12:47 - INFO - epoch-455, train_mse_loss-0.0003238, train_kl_loss-0.5236631, train_diff_loss-0.1582204, val_mse_loss-0.0003284, val_kl_loss-0.5202977, val_diff_loss-0.1628954
2025-03-21 00:17:05 - INFO - epoch-456, train_mse_loss-0.0003238, train_kl_loss-0.5290547, train_diff_loss-0.1648098, val_mse_loss-0.0003280, val_kl_loss-0.5349192, val_diff_loss-0.1567906
2025-03-21 00:21:24 - INFO - epoch-457, train_mse_loss-0.0003238, train_kl_loss-0.5285188, train_diff_loss-0.1640024, val_mse_loss-0.0003280, val_kl_loss-0.5341860, val_diff_loss-0.1512792
2025-03-21 00:25:43 - INFO - epoch-458, train_mse_loss-0.0003238, train_kl_loss-0.5296736, train_diff_loss-0.1622621, val_mse_loss-0.0003295, val_kl_loss-0.5326035, val_diff_loss-0.1543557
2025-03-21 00:30:02 - INFO - epoch-459, train_mse_loss-0.0003238, train_kl_loss-0.5303267, train_diff_loss-0.1640909, val_mse_loss-0.0003284, val_kl_loss-0.5309679, val_diff_loss-0.1586898
2025-03-21 00:34:21 - INFO - epoch-460, train_mse_loss-0.0003238, train_kl_loss-0.5253868, train_diff_loss-0.1663656, val_mse_loss-0.0003279, val_kl_loss-0.5478590, val_diff_loss-0.1566669
2025-03-21 00:38:41 - INFO - epoch-461, train_mse_loss-0.0003238, train_kl_loss-0.5302294, train_diff_loss-0.1598947, val_mse_loss-0.0003285, val_kl_loss-0.5312672, val_diff_loss-0.1729699
2025-03-21 00:43:00 - INFO - epoch-462, train_mse_loss-0.0003238, train_kl_loss-0.5301151, train_diff_loss-0.1621066, val_mse_loss-0.0003289, val_kl_loss-0.5331169, val_diff_loss-0.1757890
2025-03-21 00:47:18 - INFO - epoch-463, train_mse_loss-0.0003238, train_kl_loss-0.5341681, train_diff_loss-0.1637427, val_mse_loss-0.0003286, val_kl_loss-0.5346299, val_diff_loss-0.1581394
2025-03-21 00:51:36 - INFO - epoch-464, train_mse_loss-0.0003238, train_kl_loss-0.5279366, train_diff_loss-0.1636311, val_mse_loss-0.0003288, val_kl_loss-0.5345872, val_diff_loss-0.1709622
2025-03-21 00:55:55 - INFO - epoch-465, train_mse_loss-0.0003238, train_kl_loss-0.5348660, train_diff_loss-0.1629847, val_mse_loss-0.0003285, val_kl_loss-0.5289902, val_diff_loss-0.1694961
2025-03-21 01:00:13 - INFO - epoch-466, train_mse_loss-0.0003238, train_kl_loss-0.5304142, train_diff_loss-0.1622560, val_mse_loss-0.0003285, val_kl_loss-0.5314308, val_diff_loss-0.1572152
2025-03-21 01:04:32 - INFO - epoch-467, train_mse_loss-0.0003238, train_kl_loss-0.5287958, train_diff_loss-0.1635205, val_mse_loss-0.0003291, val_kl_loss-0.5311399, val_diff_loss-0.1556933
2025-03-21 01:08:51 - INFO - epoch-468, train_mse_loss-0.0003238, train_kl_loss-0.5228337, train_diff_loss-0.1625625, val_mse_loss-0.0003290, val_kl_loss-0.5333343, val_diff_loss-0.1551141
2025-03-21 01:13:09 - INFO - epoch-469, train_mse_loss-0.0003238, train_kl_loss-0.5263705, train_diff_loss-0.1635722, val_mse_loss-0.0003292, val_kl_loss-0.5253378, val_diff_loss-0.1697744
2025-03-21 01:17:28 - INFO - epoch-470, train_mse_loss-0.0003238, train_kl_loss-0.5196756, train_diff_loss-0.1618061, val_mse_loss-0.0003294, val_kl_loss-0.5270322, val_diff_loss-0.1607964
2025-03-21 01:21:47 - INFO - epoch-471, train_mse_loss-0.0003238, train_kl_loss-0.5272518, train_diff_loss-0.1607153, val_mse_loss-0.0003295, val_kl_loss-0.5246837, val_diff_loss-0.1667682
2025-03-21 01:26:06 - INFO - epoch-472, train_mse_loss-0.0003238, train_kl_loss-0.5305277, train_diff_loss-0.1641047, val_mse_loss-0.0003295, val_kl_loss-0.5271588, val_diff_loss-0.1664788
2025-03-21 01:30:24 - INFO - epoch-473, train_mse_loss-0.0003238, train_kl_loss-0.5263704, train_diff_loss-0.1630551, val_mse_loss-0.0003300, val_kl_loss-0.5331475, val_diff_loss-0.1613715
2025-03-21 01:34:43 - INFO - epoch-474, train_mse_loss-0.0003238, train_kl_loss-0.5267563, train_diff_loss-0.1613496, val_mse_loss-0.0003301, val_kl_loss-0.5242997, val_diff_loss-0.1655455
2025-03-21 01:39:02 - INFO - epoch-475, train_mse_loss-0.0003238, train_kl_loss-0.5266470, train_diff_loss-0.1643734, val_mse_loss-0.0003300, val_kl_loss-0.5337085, val_diff_loss-0.1559514
2025-03-21 01:43:21 - INFO - epoch-476, train_mse_loss-0.0003238, train_kl_loss-0.5281260, train_diff_loss-0.1607435, val_mse_loss-0.0003300, val_kl_loss-0.5222333, val_diff_loss-0.1703232
2025-03-21 01:47:41 - INFO - epoch-477, train_mse_loss-0.0003238, train_kl_loss-0.5304286, train_diff_loss-0.1658096, val_mse_loss-0.0003300, val_kl_loss-0.5335741, val_diff_loss-0.1611082
2025-03-21 01:51:59 - INFO - epoch-478, train_mse_loss-0.0003238, train_kl_loss-0.5318677, train_diff_loss-0.1628488, val_mse_loss-0.0003308, val_kl_loss-0.5283801, val_diff_loss-0.1720981
2025-03-21 01:56:18 - INFO - epoch-479, train_mse_loss-0.0003238, train_kl_loss-0.5217172, train_diff_loss-0.1629059, val_mse_loss-0.0003305, val_kl_loss-0.5244193, val_diff_loss-0.1589785
2025-03-21 02:00:36 - INFO - epoch-480, train_mse_loss-0.0003238, train_kl_loss-0.5230730, train_diff_loss-0.1591867, val_mse_loss-0.0003304, val_kl_loss-0.5231985, val_diff_loss-0.1463517
2025-03-21 02:04:56 - INFO - epoch-481, train_mse_loss-0.0003238, train_kl_loss-0.5273501, train_diff_loss-0.1629510, val_mse_loss-0.0003307, val_kl_loss-0.5268731, val_diff_loss-0.1611189
2025-03-21 02:09:14 - INFO - epoch-482, train_mse_loss-0.0003238, train_kl_loss-0.5335380, train_diff_loss-0.1676533, val_mse_loss-0.0003309, val_kl_loss-0.5337377, val_diff_loss-0.1643652
2025-03-21 02:13:32 - INFO - epoch-483, train_mse_loss-0.0003238, train_kl_loss-0.5310406, train_diff_loss-0.1621531, val_mse_loss-0.0003305, val_kl_loss-0.5258216, val_diff_loss-0.1727209
2025-03-21 02:17:51 - INFO - epoch-484, train_mse_loss-0.0003238, train_kl_loss-0.5247793, train_diff_loss-0.1625220, val_mse_loss-0.0003312, val_kl_loss-0.5370378, val_diff_loss-0.1557330
2025-03-21 02:22:09 - INFO - epoch-485, train_mse_loss-0.0003238, train_kl_loss-0.5296319, train_diff_loss-0.1598167, val_mse_loss-0.0003310, val_kl_loss-0.5289846, val_diff_loss-0.1698488
2025-03-21 02:26:27 - INFO - epoch-486, train_mse_loss-0.0003238, train_kl_loss-0.5267119, train_diff_loss-0.1611492, val_mse_loss-0.0003313, val_kl_loss-0.5290119, val_diff_loss-0.1709593
2025-03-21 02:30:46 - INFO - epoch-487, train_mse_loss-0.0003238, train_kl_loss-0.5298287, train_diff_loss-0.1631206, val_mse_loss-0.0003309, val_kl_loss-0.5248025, val_diff_loss-0.1604048
2025-03-21 02:35:04 - INFO - epoch-488, train_mse_loss-0.0003238, train_kl_loss-0.5318529, train_diff_loss-0.1644448, val_mse_loss-0.0003314, val_kl_loss-0.5365220, val_diff_loss-0.1551427
2025-03-21 02:39:22 - INFO - epoch-489, train_mse_loss-0.0003238, train_kl_loss-0.5318484, train_diff_loss-0.1632687, val_mse_loss-0.0003318, val_kl_loss-0.5385610, val_diff_loss-0.1643030
2025-03-21 02:43:41 - INFO - epoch-490, train_mse_loss-0.0003238, train_kl_loss-0.5263399, train_diff_loss-0.1611717, val_mse_loss-0.0003313, val_kl_loss-0.5356058, val_diff_loss-0.1573474
2025-03-21 02:48:00 - INFO - epoch-491, train_mse_loss-0.0003238, train_kl_loss-0.5300170, train_diff_loss-0.1636348, val_mse_loss-0.0003313, val_kl_loss-0.5350243, val_diff_loss-0.1633419
2025-03-21 02:52:19 - INFO - epoch-492, train_mse_loss-0.0003238, train_kl_loss-0.5282519, train_diff_loss-0.1631156, val_mse_loss-0.0003319, val_kl_loss-0.5341642, val_diff_loss-0.1619185
2025-03-21 02:56:38 - INFO - epoch-493, train_mse_loss-0.0003238, train_kl_loss-0.5327869, train_diff_loss-0.1623493, val_mse_loss-0.0003320, val_kl_loss-0.5228967, val_diff_loss-0.1707030
2025-03-21 03:00:56 - INFO - epoch-494, train_mse_loss-0.0003238, train_kl_loss-0.5219330, train_diff_loss-0.1619258, val_mse_loss-0.0003320, val_kl_loss-0.5189971, val_diff_loss-0.1607833
2025-03-21 03:05:15 - INFO - epoch-495, train_mse_loss-0.0003238, train_kl_loss-0.5198353, train_diff_loss-0.1619861, val_mse_loss-0.0003321, val_kl_loss-0.5282607, val_diff_loss-0.1661432
2025-03-21 03:09:33 - INFO - epoch-496, train_mse_loss-0.0003238, train_kl_loss-0.5341141, train_diff_loss-0.1669312, val_mse_loss-0.0003319, val_kl_loss-0.5308334, val_diff_loss-0.1631710
2025-03-21 03:13:52 - INFO - epoch-497, train_mse_loss-0.0003238, train_kl_loss-0.5346839, train_diff_loss-0.1663426, val_mse_loss-0.0003323, val_kl_loss-0.5459687, val_diff_loss-0.1614084
2025-03-21 03:18:12 - INFO - epoch-498, train_mse_loss-0.0003238, train_kl_loss-0.5311015, train_diff_loss-0.1627533, val_mse_loss-0.0003324, val_kl_loss-0.5410533, val_diff_loss-0.1581486
2025-03-21 03:22:34 - INFO - epoch-499, train_mse_loss-0.0003238, train_kl_loss-0.5337366, train_diff_loss-0.1618673, val_mse_loss-0.0003322, val_kl_loss-0.5290077, val_diff_loss-0.1617203
=======
>>>>>>> 276e8a8d297e2d3032d43656c072e4505f40cf1d
