2025-03-05 08:50:48 - INFO - train data: 13259
2025-03-05 08:50:48 - INFO - train unqiue data: 13259
2025-03-05 08:50:48 - INFO - valid data: 1474
2025-03-05 08:50:48 - INFO - valid unqiue data: 1474
2025-03-05 08:55:42 - INFO - epoch-0, train_mse_loss-0.0005847, train_kl_loss-0.0016995, val_mse_loss-0.0005856, val_kl_loss-0.0000498
2025-03-05 09:00:07 - INFO - epoch-1, train_mse_loss-0.0004875, train_kl_loss-0.0000179, val_mse_loss-0.0006083, val_kl_loss-0.0000060
2025-03-05 09:04:30 - INFO - epoch-2, train_mse_loss-0.0003351, train_kl_loss-0.0000025, val_mse_loss-0.0004151, val_kl_loss-0.0000008
2025-03-05 09:04:41 - INFO - Saved new best model at epoch 2 with validation loss 0.0004159
2025-03-05 09:09:05 - INFO - epoch-3, train_mse_loss-0.0003338, train_kl_loss-0.0000003, val_mse_loss-0.0005506, val_kl_loss-0.0000000
2025-03-05 09:13:29 - INFO - epoch-4, train_mse_loss-0.0003330, train_kl_loss-0.0000000, val_mse_loss-0.0007034, val_kl_loss-0.0000000
2025-03-05 09:17:55 - INFO - epoch-5, train_mse_loss-0.0003321, train_kl_loss-0.0000000, val_mse_loss-0.0005251, val_kl_loss--0.0000000
2025-03-05 09:22:18 - INFO - epoch-6, train_mse_loss-0.0003319, train_kl_loss--0.0000000, val_mse_loss-0.0003992, val_kl_loss--0.0000000
2025-03-05 09:22:27 - INFO - Saved new best model at epoch 6 with validation loss 0.0003992
2025-03-05 09:26:52 - INFO - epoch-7, train_mse_loss-0.0003316, train_kl_loss--0.0000000, val_mse_loss-0.0004047, val_kl_loss--0.0000000
2025-03-05 09:31:12 - INFO - epoch-8, train_mse_loss-0.0003312, train_kl_loss--0.0000000, val_mse_loss-0.0003293, val_kl_loss--0.0000000
2025-03-05 09:31:20 - INFO - Saved new best model at epoch 8 with validation loss 0.0003293
2025-03-05 09:35:39 - INFO - epoch-9, train_mse_loss-0.0003311, train_kl_loss--0.0000000, val_mse_loss-0.0003308, val_kl_loss-0.0000000
2025-03-05 09:39:58 - INFO - epoch-10, train_mse_loss-0.0003309, train_kl_loss-0.0000000, val_mse_loss-0.0003269, val_kl_loss-0.0000000
2025-03-05 09:40:06 - INFO - Saved new best model at epoch 10 with validation loss 0.0003269
2025-03-05 09:44:25 - INFO - epoch-11, train_mse_loss-0.0003309, train_kl_loss-0.0000000, val_mse_loss-0.0003273, val_kl_loss-0.0000000
2025-03-05 09:48:42 - INFO - epoch-12, train_mse_loss-0.0003303, train_kl_loss-0.0000000, val_mse_loss-0.0004118, val_kl_loss-0.0000000
2025-03-05 09:53:00 - INFO - epoch-13, train_mse_loss-0.0003293, train_kl_loss-0.0000000, val_mse_loss-0.0005251, val_kl_loss-0.0000000
2025-03-05 09:57:17 - INFO - epoch-14, train_mse_loss-0.0003287, train_kl_loss-0.0000000, val_mse_loss-0.0005551, val_kl_loss-0.0000000
2025-03-05 10:01:33 - INFO - epoch-15, train_mse_loss-0.0003280, train_kl_loss-0.0000000, val_mse_loss-0.0005644, val_kl_loss-0.0000000
2025-03-05 10:05:59 - INFO - epoch-16, train_mse_loss-0.0003275, train_kl_loss-0.0000000, val_mse_loss-0.0005650, val_kl_loss-0.0000000
2025-03-05 10:10:17 - INFO - epoch-17, train_mse_loss-0.0003270, train_kl_loss-0.0000000, val_mse_loss-0.0005610, val_kl_loss-0.0000000
2025-03-05 10:14:35 - INFO - epoch-18, train_mse_loss-0.0003267, train_kl_loss-0.0000000, val_mse_loss-0.0005505, val_kl_loss-0.0000000
2025-03-05 10:18:55 - INFO - epoch-19, train_mse_loss-0.0003263, train_kl_loss-0.0000000, val_mse_loss-0.0005302, val_kl_loss-0.0000000
2025-03-05 10:23:13 - INFO - epoch-20, train_mse_loss-0.0003258, train_kl_loss-0.0000000, val_mse_loss-0.0005064, val_kl_loss-0.0000000
2025-03-05 10:27:31 - INFO - epoch-21, train_mse_loss-0.0003254, train_kl_loss-0.0000000, val_mse_loss-0.0004658, val_kl_loss-0.0000000
2025-03-05 10:31:50 - INFO - epoch-22, train_mse_loss-0.0003250, train_kl_loss-0.0000000, val_mse_loss-0.0004228, val_kl_loss-0.0000000
2025-03-05 10:36:09 - INFO - epoch-23, train_mse_loss-0.0003247, train_kl_loss-0.0000000, val_mse_loss-0.0003789, val_kl_loss-0.0000000
2025-03-05 10:40:26 - INFO - epoch-24, train_mse_loss-0.0003243, train_kl_loss-0.0000000, val_mse_loss-0.0003431, val_kl_loss-0.0000000
2025-03-05 10:44:43 - INFO - epoch-25, train_mse_loss-0.0003241, train_kl_loss-0.0000000, val_mse_loss-0.0003587, val_kl_loss-0.0000000
2025-03-05 10:49:00 - INFO - epoch-26, train_mse_loss-0.0003239, train_kl_loss-0.0000000, val_mse_loss-0.0003545, val_kl_loss-0.0000000
2025-03-05 10:53:17 - INFO - epoch-27, train_mse_loss-0.0003238, train_kl_loss-0.0000000, val_mse_loss-0.0003444, val_kl_loss-0.0000000
2025-03-05 10:57:35 - INFO - epoch-28, train_mse_loss-0.0003237, train_kl_loss-0.0000000, val_mse_loss-0.0003351, val_kl_loss-0.0000000
2025-03-05 11:01:52 - INFO - epoch-29, train_mse_loss-0.0003237, train_kl_loss-0.0000000, val_mse_loss-0.0003276, val_kl_loss-0.0000000
2025-03-05 11:06:10 - INFO - epoch-30, train_mse_loss-0.0003236, train_kl_loss-0.0000000, val_mse_loss-0.0003240, val_kl_loss-0.0000000
2025-03-05 11:06:18 - INFO - Saved new best model at epoch 30 with validation loss 0.0003240
2025-03-05 11:10:36 - INFO - epoch-31, train_mse_loss-0.0003236, train_kl_loss-0.0000000, val_mse_loss-0.0003228, val_kl_loss-0.0000000
2025-03-05 11:10:43 - INFO - Saved new best model at epoch 31 with validation loss 0.0003228
2025-03-05 11:15:03 - INFO - epoch-32, train_mse_loss-0.0003235, train_kl_loss-0.0000000, val_mse_loss-0.0003309, val_kl_loss-0.0000000
2025-03-05 11:19:20 - INFO - epoch-33, train_mse_loss-0.0003235, train_kl_loss-0.0000000, val_mse_loss-0.0003340, val_kl_loss-0.0000000
2025-03-05 11:23:37 - INFO - epoch-34, train_mse_loss-0.0003235, train_kl_loss-0.0000000, val_mse_loss-0.0003373, val_kl_loss-0.0000000
2025-03-05 11:27:55 - INFO - epoch-35, train_mse_loss-0.0003235, train_kl_loss-0.0000000, val_mse_loss-0.0003390, val_kl_loss-0.0000000
2025-03-05 11:32:13 - INFO - epoch-36, train_mse_loss-0.0003235, train_kl_loss-0.0000000, val_mse_loss-0.0003450, val_kl_loss-0.0000000
2025-03-05 11:36:30 - INFO - epoch-37, train_mse_loss-0.0003235, train_kl_loss-0.0000000, val_mse_loss-0.0003540, val_kl_loss-0.0000000
2025-03-05 11:40:48 - INFO - epoch-38, train_mse_loss-0.0003235, train_kl_loss-0.0000000, val_mse_loss-0.0003570, val_kl_loss-0.0000000
2025-03-05 11:45:06 - INFO - epoch-39, train_mse_loss-0.0003234, train_kl_loss-0.0000000, val_mse_loss-0.0003609, val_kl_loss-0.0000000
2025-03-05 11:49:24 - INFO - epoch-40, train_mse_loss-0.0003234, train_kl_loss-0.0000000, val_mse_loss-0.0003603, val_kl_loss-0.0000000
2025-03-05 11:53:42 - INFO - epoch-41, train_mse_loss-0.0003234, train_kl_loss-0.0000000, val_mse_loss-0.0003654, val_kl_loss-0.0000000
2025-03-05 11:58:00 - INFO - epoch-42, train_mse_loss-0.0003234, train_kl_loss-0.0000000, val_mse_loss-0.0003635, val_kl_loss-0.0000000
2025-03-05 12:02:17 - INFO - epoch-43, train_mse_loss-0.0003234, train_kl_loss-0.0000000, val_mse_loss-0.0003626, val_kl_loss-0.0000000
2025-03-05 12:06:35 - INFO - epoch-44, train_mse_loss-0.0003234, train_kl_loss-0.0000000, val_mse_loss-0.0003625, val_kl_loss-0.0000000
2025-03-05 12:10:53 - INFO - epoch-45, train_mse_loss-0.0003233, train_kl_loss-0.0000000, val_mse_loss-0.0003623, val_kl_loss-0.0000000
2025-03-05 12:15:11 - INFO - epoch-46, train_mse_loss-0.0003233, train_kl_loss-0.0000000, val_mse_loss-0.0003592, val_kl_loss-0.0000000
2025-03-05 12:19:28 - INFO - epoch-47, train_mse_loss-0.0003233, train_kl_loss-0.0000000, val_mse_loss-0.0003593, val_kl_loss-0.0000000
2025-03-05 12:23:47 - INFO - epoch-48, train_mse_loss-0.0003233, train_kl_loss-0.0000000, val_mse_loss-0.0003603, val_kl_loss-0.0000000
2025-03-05 12:28:06 - INFO - epoch-49, train_mse_loss-0.0003233, train_kl_loss-0.0000000, val_mse_loss-0.0003591, val_kl_loss-0.0000000
2025-03-05 12:32:26 - INFO - epoch-50, train_mse_loss-0.0003233, train_kl_loss-0.0000000, val_mse_loss-0.0003604, val_kl_loss-0.0000000
2025-03-05 12:36:45 - INFO - epoch-51, train_mse_loss-0.0003233, train_kl_loss-0.0000000, val_mse_loss-0.0003583, val_kl_loss-0.0000000
2025-03-05 12:41:04 - INFO - epoch-52, train_mse_loss-0.0003233, train_kl_loss-0.0000000, val_mse_loss-0.0003590, val_kl_loss-0.0000000
2025-03-05 12:45:22 - INFO - epoch-53, train_mse_loss-0.0003233, train_kl_loss-0.0000000, val_mse_loss-0.0003592, val_kl_loss-0.0000000
2025-03-05 12:49:42 - INFO - epoch-54, train_mse_loss-0.0003233, train_kl_loss-0.0000000, val_mse_loss-0.0003576, val_kl_loss-0.0000000
2025-03-05 12:54:03 - INFO - epoch-55, train_mse_loss-0.0003233, train_kl_loss-0.0000000, val_mse_loss-0.0003582, val_kl_loss-0.0000000
2025-03-05 12:58:23 - INFO - epoch-56, train_mse_loss-0.0003233, train_kl_loss-0.0000000, val_mse_loss-0.0003569, val_kl_loss-0.0000000
2025-03-05 13:02:43 - INFO - epoch-57, train_mse_loss-0.0003233, train_kl_loss-0.0000000, val_mse_loss-0.0003567, val_kl_loss-0.0000000
2025-03-05 13:07:01 - INFO - epoch-58, train_mse_loss-0.0003232, train_kl_loss-0.0000000, val_mse_loss-0.0003557, val_kl_loss-0.0000000
2025-03-05 13:11:21 - INFO - epoch-59, train_mse_loss-0.0003232, train_kl_loss-0.0000000, val_mse_loss-0.0003561, val_kl_loss-0.0000000
2025-03-05 13:15:40 - INFO - epoch-60, train_mse_loss-0.0003232, train_kl_loss-0.0000000, val_mse_loss-0.0003547, val_kl_loss-0.0000000
2025-03-05 13:20:00 - INFO - epoch-61, train_mse_loss-0.0003232, train_kl_loss-0.0000000, val_mse_loss-0.0003568, val_kl_loss-0.0000000
2025-03-05 13:24:19 - INFO - epoch-62, train_mse_loss-0.0003232, train_kl_loss-0.0000000, val_mse_loss-0.0003546, val_kl_loss-0.0000000
2025-03-05 13:28:37 - INFO - epoch-63, train_mse_loss-0.0003232, train_kl_loss-0.0000000, val_mse_loss-0.0003553, val_kl_loss-0.0000000
2025-03-05 13:32:56 - INFO - epoch-64, train_mse_loss-0.0003232, train_kl_loss-0.0000000, val_mse_loss-0.0003542, val_kl_loss-0.0000000
2025-03-05 13:37:14 - INFO - epoch-65, train_mse_loss-0.0003232, train_kl_loss-0.0000000, val_mse_loss-0.0003555, val_kl_loss-0.0000000
2025-03-05 13:41:34 - INFO - epoch-66, train_mse_loss-0.0003232, train_kl_loss-0.0000000, val_mse_loss-0.0003549, val_kl_loss-0.0000000
2025-03-05 13:45:53 - INFO - epoch-67, train_mse_loss-0.0003232, train_kl_loss-0.0000000, val_mse_loss-0.0003534, val_kl_loss-0.0000000
2025-03-05 13:50:17 - INFO - epoch-68, train_mse_loss-0.0003232, train_kl_loss-0.0000000, val_mse_loss-0.0003524, val_kl_loss-0.0000000
2025-03-05 13:56:09 - INFO - epoch-69, train_mse_loss-0.0003232, train_kl_loss-0.0000000, val_mse_loss-0.0003520, val_kl_loss-0.0000000
2025-03-05 14:00:33 - INFO - epoch-70, train_mse_loss-0.0003232, train_kl_loss-0.0000000, val_mse_loss-0.0003502, val_kl_loss-0.0000000
2025-03-05 14:04:54 - INFO - epoch-71, train_mse_loss-0.0003231, train_kl_loss-0.0000000, val_mse_loss-0.0003498, val_kl_loss-0.0000000
2025-03-05 14:09:26 - INFO - epoch-72, train_mse_loss-0.0003231, train_kl_loss-0.0000000, val_mse_loss-0.0003495, val_kl_loss-0.0000000
2025-03-05 14:14:47 - INFO - epoch-73, train_mse_loss-0.0003231, train_kl_loss-0.0000000, val_mse_loss-0.0003506, val_kl_loss-0.0000000
2025-03-05 14:21:59 - INFO - epoch-74, train_mse_loss-0.0003231, train_kl_loss-0.0000000, val_mse_loss-0.0003512, val_kl_loss-0.0000000
2025-03-05 14:26:36 - INFO - epoch-75, train_mse_loss-0.0003231, train_kl_loss-0.0000000, val_mse_loss-0.0003523, val_kl_loss-0.0000000
2025-03-05 14:31:16 - INFO - epoch-76, train_mse_loss-0.0003231, train_kl_loss-0.0000000, val_mse_loss-0.0003530, val_kl_loss-0.0000000
2025-03-05 14:35:45 - INFO - epoch-77, train_mse_loss-0.0003231, train_kl_loss-0.0000000, val_mse_loss-0.0003538, val_kl_loss-0.0000000
2025-03-05 14:43:24 - INFO - epoch-78, train_mse_loss-0.0003230, train_kl_loss-0.0000000, val_mse_loss-0.0003556, val_kl_loss-0.0000000
2025-03-05 14:50:21 - INFO - epoch-79, train_mse_loss-0.0003230, train_kl_loss-0.0000000, val_mse_loss-0.0003572, val_kl_loss-0.0000000
2025-03-05 14:55:14 - INFO - epoch-80, train_mse_loss-0.0003230, train_kl_loss-0.0000000, val_mse_loss-0.0003611, val_kl_loss-0.0000000
2025-03-05 14:59:33 - INFO - epoch-81, train_mse_loss-0.0003230, train_kl_loss-0.0000000, val_mse_loss-0.0003690, val_kl_loss-0.0000000
2025-03-05 15:03:58 - INFO - epoch-82, train_mse_loss-0.0003230, train_kl_loss-0.0000000, val_mse_loss-0.0003674, val_kl_loss-0.0000000
2025-03-05 15:09:52 - INFO - epoch-83, train_mse_loss-0.0003230, train_kl_loss-0.0000000, val_mse_loss-0.0003670, val_kl_loss-0.0000000
2025-03-05 15:17:17 - INFO - epoch-84, train_mse_loss-0.0003230, train_kl_loss-0.0000000, val_mse_loss-0.0003558, val_kl_loss-0.0000000
2025-03-05 15:23:20 - INFO - epoch-85, train_mse_loss-0.0003230, train_kl_loss-0.0000000, val_mse_loss-0.0003676, val_kl_loss-0.0000000
2025-03-05 15:28:40 - INFO - epoch-86, train_mse_loss-0.0003230, train_kl_loss-0.0000000, val_mse_loss-0.0003648, val_kl_loss-0.0000000
2025-03-05 15:33:56 - INFO - epoch-87, train_mse_loss-0.0003230, train_kl_loss-0.0000000, val_mse_loss-0.0003673, val_kl_loss-0.0000000
2025-03-05 15:39:02 - INFO - epoch-88, train_mse_loss-0.0003230, train_kl_loss-0.0000000, val_mse_loss-0.0003665, val_kl_loss-0.0000000
2025-03-05 15:43:26 - INFO - epoch-89, train_mse_loss-0.0003230, train_kl_loss-0.0000000, val_mse_loss-0.0003637, val_kl_loss-0.0000000
2025-03-05 15:47:44 - INFO - epoch-90, train_mse_loss-0.0003230, train_kl_loss-0.0000000, val_mse_loss-0.0003599, val_kl_loss-0.0000000
2025-03-05 15:52:01 - INFO - epoch-91, train_mse_loss-0.0003230, train_kl_loss-0.0000000, val_mse_loss-0.0003520, val_kl_loss-0.0000000
2025-03-05 15:56:19 - INFO - epoch-92, train_mse_loss-0.0003230, train_kl_loss-0.0000000, val_mse_loss-0.0003634, val_kl_loss-0.0000000
2025-03-05 16:00:37 - INFO - epoch-93, train_mse_loss-0.0003230, train_kl_loss-0.0000000, val_mse_loss-0.0003628, val_kl_loss-0.0000000
2025-03-05 16:04:55 - INFO - epoch-94, train_mse_loss-0.0003230, train_kl_loss-0.0000000, val_mse_loss-0.0003628, val_kl_loss-0.0000000
2025-03-05 16:09:13 - INFO - epoch-95, train_mse_loss-0.0003230, train_kl_loss-0.0000000, val_mse_loss-0.0003636, val_kl_loss-0.0000000
2025-03-05 16:13:34 - INFO - epoch-96, train_mse_loss-0.0003230, train_kl_loss-0.0000000, val_mse_loss-0.0003630, val_kl_loss-0.0000000
2025-03-05 16:17:52 - INFO - epoch-97, train_mse_loss-0.0003230, train_kl_loss-0.0000000, val_mse_loss-0.0003612, val_kl_loss-0.0000000
2025-03-05 16:22:10 - INFO - epoch-98, train_mse_loss-0.0003230, train_kl_loss-0.0000000, val_mse_loss-0.0003599, val_kl_loss-0.0000000
2025-03-05 16:26:29 - INFO - epoch-99, train_mse_loss-0.0003230, train_kl_loss-0.0000000, val_mse_loss-0.0003577, val_kl_loss-0.0000000
2025-03-05 16:30:48 - INFO - epoch-100, train_mse_loss-0.0003230, train_kl_loss-0.0000000, val_mse_loss-0.0003540, val_kl_loss-0.0000000
2025-03-05 16:35:07 - INFO - epoch-101, train_mse_loss-0.0003230, train_kl_loss-0.0000000, val_mse_loss-0.0003599, val_kl_loss-0.0000000
2025-03-05 16:39:25 - INFO - epoch-102, train_mse_loss-0.0003230, train_kl_loss-0.0000000, val_mse_loss-0.0003572, val_kl_loss-0.0000000
2025-03-05 16:43:43 - INFO - epoch-103, train_mse_loss-0.0003230, train_kl_loss-0.0000000, val_mse_loss-0.0003565, val_kl_loss-0.0000000
2025-03-05 16:48:00 - INFO - epoch-104, train_mse_loss-0.0003230, train_kl_loss-0.0000000, val_mse_loss-0.0003575, val_kl_loss-0.0000000
2025-03-05 16:52:17 - INFO - epoch-105, train_mse_loss-0.0003230, train_kl_loss-0.0000000, val_mse_loss-0.0003560, val_kl_loss-0.0000000
2025-03-05 16:56:35 - INFO - epoch-106, train_mse_loss-0.0003230, train_kl_loss-0.0000000, val_mse_loss-0.0003563, val_kl_loss-0.0000000
2025-03-05 17:00:53 - INFO - epoch-107, train_mse_loss-0.0003230, train_kl_loss-0.0000000, val_mse_loss-0.0003551, val_kl_loss-0.0000000
2025-03-05 17:05:10 - INFO - epoch-108, train_mse_loss-0.0003230, train_kl_loss-0.0000000, val_mse_loss-0.0003545, val_kl_loss-0.0000000
2025-03-05 17:09:29 - INFO - epoch-109, train_mse_loss-0.0003230, train_kl_loss-0.0000000, val_mse_loss-0.0003524, val_kl_loss-0.0000000
2025-03-05 17:13:48 - INFO - epoch-110, train_mse_loss-0.0003230, train_kl_loss-0.0000000, val_mse_loss-0.0003523, val_kl_loss-0.0000000
2025-03-05 17:18:08 - INFO - epoch-111, train_mse_loss-0.0003230, train_kl_loss-0.0000000, val_mse_loss-0.0003528, val_kl_loss-0.0000000
2025-03-05 17:22:26 - INFO - epoch-112, train_mse_loss-0.0003230, train_kl_loss-0.0000000, val_mse_loss-0.0003500, val_kl_loss-0.0000000
2025-03-05 17:26:46 - INFO - epoch-113, train_mse_loss-0.0003230, train_kl_loss-0.0000000, val_mse_loss-0.0003504, val_kl_loss-0.0000000
2025-03-05 17:31:06 - INFO - epoch-114, train_mse_loss-0.0003230, train_kl_loss-0.0000000, val_mse_loss-0.0003493, val_kl_loss-0.0000000
2025-03-05 17:35:25 - INFO - epoch-115, train_mse_loss-0.0003230, train_kl_loss-0.0000000, val_mse_loss-0.0003468, val_kl_loss-0.0000000
2025-03-05 17:39:44 - INFO - epoch-116, train_mse_loss-0.0003230, train_kl_loss-0.0000000, val_mse_loss-0.0003460, val_kl_loss-0.0000000
2025-03-05 17:44:02 - INFO - epoch-117, train_mse_loss-0.0003230, train_kl_loss-0.0000000, val_mse_loss-0.0003453, val_kl_loss-0.0000000
2025-03-05 17:48:34 - INFO - epoch-118, train_mse_loss-0.0003229, train_kl_loss-0.0000000, val_mse_loss-0.0003447, val_kl_loss-0.0000000
2025-03-05 17:53:22 - INFO - epoch-119, train_mse_loss-0.0003229, train_kl_loss-0.0000000, val_mse_loss-0.0003433, val_kl_loss-0.0000000
2025-03-05 17:57:41 - INFO - epoch-120, train_mse_loss-0.0003229, train_kl_loss-0.0000000, val_mse_loss-0.0003415, val_kl_loss-0.0000000
2025-03-05 18:02:27 - INFO - epoch-121, train_mse_loss-0.0003229, train_kl_loss-0.0000000, val_mse_loss-0.0003417, val_kl_loss-0.0000000
2025-03-05 18:08:52 - INFO - epoch-122, train_mse_loss-0.0003229, train_kl_loss-0.0000000, val_mse_loss-0.0003410, val_kl_loss-0.0000000
2025-03-05 18:13:41 - INFO - epoch-123, train_mse_loss-0.0003229, train_kl_loss-0.0000000, val_mse_loss-0.0003406, val_kl_loss-0.0000000
2025-03-05 18:18:15 - INFO - epoch-124, train_mse_loss-0.0003229, train_kl_loss-0.0000000, val_mse_loss-0.0003408, val_kl_loss-0.0000000
2025-03-05 18:22:46 - INFO - epoch-125, train_mse_loss-0.0003229, train_kl_loss-0.0000000, val_mse_loss-0.0003416, val_kl_loss-0.0000000
2025-03-05 18:27:08 - INFO - epoch-126, train_mse_loss-0.0003229, train_kl_loss-0.0000000, val_mse_loss-0.0003428, val_kl_loss-0.0000000
2025-03-05 18:31:26 - INFO - epoch-127, train_mse_loss-0.0003229, train_kl_loss-0.0000000, val_mse_loss-0.0003416, val_kl_loss-0.0000000
2025-03-05 18:35:45 - INFO - epoch-128, train_mse_loss-0.0003229, train_kl_loss-0.0000000, val_mse_loss-0.0003418, val_kl_loss-0.0000000
2025-03-05 18:40:40 - INFO - epoch-129, train_mse_loss-0.0003229, train_kl_loss-0.0000000, val_mse_loss-0.0003429, val_kl_loss-0.0000000
2025-03-05 18:45:54 - INFO - epoch-130, train_mse_loss-0.0003229, train_kl_loss-0.0000000, val_mse_loss-0.0003404, val_kl_loss-0.0000000
2025-03-05 18:50:34 - INFO - epoch-131, train_mse_loss-0.0003229, train_kl_loss-0.0000000, val_mse_loss-0.0003403, val_kl_loss-0.0000000
2025-03-05 18:54:57 - INFO - epoch-132, train_mse_loss-0.0003229, train_kl_loss-0.0000000, val_mse_loss-0.0003411, val_kl_loss-0.0000000
2025-03-05 18:59:18 - INFO - epoch-133, train_mse_loss-0.0003229, train_kl_loss-0.0000000, val_mse_loss-0.0003429, val_kl_loss-0.0000000
2025-03-05 19:03:54 - INFO - epoch-134, train_mse_loss-0.0003229, train_kl_loss-0.0000000, val_mse_loss-0.0003421, val_kl_loss-0.0000000
2025-03-05 19:08:16 - INFO - epoch-135, train_mse_loss-0.0003229, train_kl_loss-0.0000000, val_mse_loss-0.0003426, val_kl_loss-0.0000000
2025-03-05 19:12:48 - INFO - epoch-136, train_mse_loss-0.0003229, train_kl_loss-0.0000000, val_mse_loss-0.0003415, val_kl_loss-0.0000000
2025-03-05 19:19:29 - INFO - epoch-137, train_mse_loss-0.0003229, train_kl_loss-0.0000000, val_mse_loss-0.0003421, val_kl_loss-0.0000000
2025-03-05 19:26:06 - INFO - epoch-138, train_mse_loss-0.0003229, train_kl_loss-0.0000000, val_mse_loss-0.0003423, val_kl_loss-0.0000000
2025-03-05 19:31:25 - INFO - epoch-139, train_mse_loss-0.0003229, train_kl_loss-0.0000000, val_mse_loss-0.0003419, val_kl_loss-0.0000000
2025-03-05 19:36:06 - INFO - epoch-140, train_mse_loss-0.0003229, train_kl_loss-0.0000000, val_mse_loss-0.0003427, val_kl_loss-0.0000000
2025-03-05 19:40:50 - INFO - epoch-141, train_mse_loss-0.0003229, train_kl_loss-0.0000000, val_mse_loss-0.0003433, val_kl_loss-0.0000000
2025-03-05 19:45:21 - INFO - epoch-142, train_mse_loss-0.0003229, train_kl_loss-0.0000000, val_mse_loss-0.0003420, val_kl_loss-0.0000000
2025-03-05 19:49:40 - INFO - epoch-143, train_mse_loss-0.0003229, train_kl_loss-0.0000000, val_mse_loss-0.0003435, val_kl_loss-0.0000000
2025-03-05 19:53:58 - INFO - epoch-144, train_mse_loss-0.0003229, train_kl_loss-0.0000000, val_mse_loss-0.0003419, val_kl_loss-0.0000000
2025-03-05 19:58:17 - INFO - epoch-145, train_mse_loss-0.0003229, train_kl_loss-0.0000000, val_mse_loss-0.0003424, val_kl_loss-0.0000000
2025-03-05 20:02:34 - INFO - epoch-146, train_mse_loss-0.0003229, train_kl_loss-0.0000000, val_mse_loss-0.0003424, val_kl_loss-0.0000000
2025-03-05 20:06:51 - INFO - epoch-147, train_mse_loss-0.0003229, train_kl_loss-0.0000000, val_mse_loss-0.0003424, val_kl_loss-0.0000000
2025-03-05 20:11:09 - INFO - epoch-148, train_mse_loss-0.0003229, train_kl_loss-0.0000000, val_mse_loss-0.0003429, val_kl_loss-0.0000000
2025-03-05 20:15:27 - INFO - epoch-149, train_mse_loss-0.0003229, train_kl_loss-0.0000000, val_mse_loss-0.0003450, val_kl_loss-0.0000000
2025-03-05 20:19:45 - INFO - epoch-150, train_mse_loss-0.0003229, train_kl_loss-0.0000000, val_mse_loss-0.0003434, val_kl_loss-0.0000000
2025-03-05 20:24:02 - INFO - epoch-151, train_mse_loss-0.0003229, train_kl_loss-0.0000000, val_mse_loss-0.0003435, val_kl_loss-0.0000000
2025-03-05 20:28:19 - INFO - epoch-152, train_mse_loss-0.0003229, train_kl_loss-0.0000000, val_mse_loss-0.0003431, val_kl_loss-0.0000000
2025-03-05 20:32:37 - INFO - epoch-153, train_mse_loss-0.0003229, train_kl_loss-0.0000000, val_mse_loss-0.0003442, val_kl_loss-0.0000000
2025-03-05 20:36:56 - INFO - epoch-154, train_mse_loss-0.0003229, train_kl_loss-0.0000000, val_mse_loss-0.0003444, val_kl_loss-0.0000000
2025-03-05 20:41:17 - INFO - epoch-155, train_mse_loss-0.0003229, train_kl_loss-0.0000000, val_mse_loss-0.0003435, val_kl_loss-0.0000000
2025-03-05 20:45:36 - INFO - epoch-156, train_mse_loss-0.0003229, train_kl_loss-0.0000000, val_mse_loss-0.0003448, val_kl_loss-0.0000000
2025-03-05 20:49:53 - INFO - epoch-157, train_mse_loss-0.0003229, train_kl_loss-0.0000000, val_mse_loss-0.0003456, val_kl_loss-0.0000000
2025-03-05 20:54:11 - INFO - epoch-158, train_mse_loss-0.0003229, train_kl_loss-0.0000000, val_mse_loss-0.0003453, val_kl_loss-0.0000000
2025-03-05 20:58:28 - INFO - epoch-159, train_mse_loss-0.0003229, train_kl_loss-0.0000000, val_mse_loss-0.0003446, val_kl_loss-0.0000000
2025-03-05 21:02:47 - INFO - epoch-160, train_mse_loss-0.0003229, train_kl_loss-0.0000000, val_mse_loss-0.0003446, val_kl_loss-0.0000000
2025-03-05 21:07:04 - INFO - epoch-161, train_mse_loss-0.0003229, train_kl_loss-0.0000000, val_mse_loss-0.0003451, val_kl_loss-0.0000000
2025-03-05 21:11:26 - INFO - epoch-162, train_mse_loss-0.0003229, train_kl_loss-0.0000000, val_mse_loss-0.0003467, val_kl_loss-0.0000000
2025-03-05 21:15:45 - INFO - epoch-163, train_mse_loss-0.0003229, train_kl_loss-0.0000000, val_mse_loss-0.0003464, val_kl_loss-0.0000000
2025-03-05 21:20:02 - INFO - epoch-164, train_mse_loss-0.0003229, train_kl_loss-0.0000000, val_mse_loss-0.0003471, val_kl_loss-0.0000000
2025-03-05 21:24:20 - INFO - epoch-165, train_mse_loss-0.0003229, train_kl_loss-0.0000000, val_mse_loss-0.0003460, val_kl_loss-0.0000000
2025-03-05 21:28:37 - INFO - epoch-166, train_mse_loss-0.0003229, train_kl_loss-0.0000000, val_mse_loss-0.0003481, val_kl_loss-0.0000000
2025-03-05 21:32:56 - INFO - epoch-167, train_mse_loss-0.0003229, train_kl_loss-0.0000000, val_mse_loss-0.0003460, val_kl_loss-0.0000000
2025-03-05 21:37:15 - INFO - epoch-168, train_mse_loss-0.0003229, train_kl_loss-0.0000000, val_mse_loss-0.0003503, val_kl_loss-0.0000000
2025-03-05 21:41:32 - INFO - epoch-169, train_mse_loss-0.0003229, train_kl_loss-0.0000000, val_mse_loss-0.0003485, val_kl_loss-0.0000000
2025-03-05 21:45:52 - INFO - epoch-170, train_mse_loss-0.0003229, train_kl_loss-0.0000000, val_mse_loss-0.0003491, val_kl_loss-0.0000000
2025-03-05 21:50:20 - INFO - epoch-171, train_mse_loss-0.0003229, train_kl_loss-0.0000000, val_mse_loss-0.0003502, val_kl_loss-0.0000000
2025-03-05 21:54:51 - INFO - epoch-172, train_mse_loss-0.0003229, train_kl_loss-0.0000000, val_mse_loss-0.0003495, val_kl_loss-0.0000000
2025-03-05 21:59:25 - INFO - epoch-173, train_mse_loss-0.0003229, train_kl_loss-0.0000000, val_mse_loss-0.0003480, val_kl_loss-0.0000000
2025-03-05 22:03:55 - INFO - epoch-174, train_mse_loss-0.0003229, train_kl_loss-0.0000000, val_mse_loss-0.0003481, val_kl_loss-0.0000000
2025-03-05 22:08:25 - INFO - epoch-175, train_mse_loss-0.0003229, train_kl_loss-0.0000000, val_mse_loss-0.0003480, val_kl_loss-0.0000000
2025-03-05 22:13:02 - INFO - epoch-176, train_mse_loss-0.0003229, train_kl_loss-0.0000000, val_mse_loss-0.0003523, val_kl_loss-0.0000000
2025-03-05 22:17:35 - INFO - epoch-177, train_mse_loss-0.0003229, train_kl_loss-0.0000000, val_mse_loss-0.0003502, val_kl_loss-0.0000000
2025-03-05 22:22:05 - INFO - epoch-178, train_mse_loss-0.0003229, train_kl_loss-0.0000000, val_mse_loss-0.0003492, val_kl_loss-0.0000000
2025-03-05 22:26:37 - INFO - epoch-179, train_mse_loss-0.0003229, train_kl_loss-0.0000000, val_mse_loss-0.0003489, val_kl_loss-0.0000000
2025-03-05 22:31:08 - INFO - epoch-180, train_mse_loss-0.0003229, train_kl_loss-0.0000000, val_mse_loss-0.0003489, val_kl_loss-0.0000000
2025-03-05 22:35:41 - INFO - epoch-181, train_mse_loss-0.0003229, train_kl_loss-0.0000000, val_mse_loss-0.0003474, val_kl_loss-0.0000000
2025-03-05 22:40:11 - INFO - epoch-182, train_mse_loss-0.0003229, train_kl_loss-0.0000000, val_mse_loss-0.0003483, val_kl_loss-0.0000000
2025-03-05 22:44:43 - INFO - epoch-183, train_mse_loss-0.0003229, train_kl_loss-0.0000000, val_mse_loss-0.0003481, val_kl_loss-0.0000000
2025-03-05 22:49:13 - INFO - epoch-184, train_mse_loss-0.0003229, train_kl_loss-0.0000000, val_mse_loss-0.0003476, val_kl_loss-0.0000000
2025-03-05 22:53:45 - INFO - epoch-185, train_mse_loss-0.0003229, train_kl_loss-0.0000000, val_mse_loss-0.0003500, val_kl_loss-0.0000000
2025-03-05 22:58:16 - INFO - epoch-186, train_mse_loss-0.0003229, train_kl_loss-0.0000000, val_mse_loss-0.0003478, val_kl_loss-0.0000000
2025-03-05 23:02:47 - INFO - epoch-187, train_mse_loss-0.0003229, train_kl_loss-0.0000000, val_mse_loss-0.0003483, val_kl_loss-0.0000000
2025-03-05 23:07:15 - INFO - epoch-188, train_mse_loss-0.0003229, train_kl_loss-0.0000000, val_mse_loss-0.0003482, val_kl_loss-0.0000000
2025-03-05 23:11:43 - INFO - epoch-189, train_mse_loss-0.0003229, train_kl_loss-0.0000000, val_mse_loss-0.0003472, val_kl_loss-0.0000000
2025-03-05 23:16:13 - INFO - epoch-190, train_mse_loss-0.0003229, train_kl_loss-0.0000000, val_mse_loss-0.0003484, val_kl_loss-0.0000000
2025-03-05 23:20:31 - INFO - epoch-191, train_mse_loss-0.0003229, train_kl_loss-0.0000000, val_mse_loss-0.0003474, val_kl_loss-0.0000000
2025-03-05 23:24:48 - INFO - epoch-192, train_mse_loss-0.0003229, train_kl_loss-0.0000000, val_mse_loss-0.0003467, val_kl_loss-0.0000000
2025-03-05 23:29:06 - INFO - epoch-193, train_mse_loss-0.0003229, train_kl_loss-0.0000000, val_mse_loss-0.0003490, val_kl_loss-0.0000000
2025-03-05 23:33:24 - INFO - epoch-194, train_mse_loss-0.0003229, train_kl_loss-0.0000000, val_mse_loss-0.0003478, val_kl_loss-0.0000000
2025-03-05 23:37:42 - INFO - epoch-195, train_mse_loss-0.0003229, train_kl_loss-0.0000000, val_mse_loss-0.0003534, val_kl_loss-0.0000000
2025-03-05 23:42:00 - INFO - epoch-196, train_mse_loss-0.0003229, train_kl_loss-0.0000000, val_mse_loss-0.0003478, val_kl_loss-0.0000000
2025-03-05 23:46:18 - INFO - epoch-197, train_mse_loss-0.0003229, train_kl_loss-0.0000000, val_mse_loss-0.0003518, val_kl_loss-0.0000000
2025-03-05 23:50:36 - INFO - epoch-198, train_mse_loss-0.0003229, train_kl_loss-0.0000000, val_mse_loss-0.0003535, val_kl_loss-0.0000000
2025-03-05 23:54:54 - INFO - epoch-199, train_mse_loss-0.0003229, train_kl_loss-0.0000000, val_mse_loss-0.0003547, val_kl_loss-0.0000000
2025-03-05 23:59:13 - INFO - epoch-200, train_mse_loss-0.0003229, train_kl_loss-0.0000000, val_mse_loss-0.0003536, val_kl_loss-0.0000000
2025-03-06 00:03:33 - INFO - epoch-201, train_mse_loss-0.0003229, train_kl_loss-0.0000000, val_mse_loss-0.0003537, val_kl_loss-0.0000000
2025-03-06 00:07:54 - INFO - epoch-202, train_mse_loss-0.0003229, train_kl_loss-0.0000000, val_mse_loss-0.0003543, val_kl_loss-0.0000000
2025-03-06 00:12:12 - INFO - epoch-203, train_mse_loss-0.0003229, train_kl_loss-0.0000000, val_mse_loss-0.0003500, val_kl_loss-0.0000000
2025-03-06 00:16:30 - INFO - epoch-204, train_mse_loss-0.0003229, train_kl_loss-0.0000000, val_mse_loss-0.0003523, val_kl_loss-0.0000000
2025-03-06 00:20:49 - INFO - epoch-205, train_mse_loss-0.0003229, train_kl_loss-0.0000000, val_mse_loss-0.0003533, val_kl_loss-0.0000000
2025-03-06 00:25:08 - INFO - epoch-206, train_mse_loss-0.0003229, train_kl_loss-0.0000000, val_mse_loss-0.0003532, val_kl_loss-0.0000000
2025-03-06 00:29:26 - INFO - epoch-207, train_mse_loss-0.0003229, train_kl_loss-0.0000000, val_mse_loss-0.0003524, val_kl_loss-0.0000000
2025-03-06 00:33:45 - INFO - epoch-208, train_mse_loss-0.0003229, train_kl_loss-0.0000000, val_mse_loss-0.0003548, val_kl_loss-0.0000000
2025-03-06 00:38:04 - INFO - epoch-209, train_mse_loss-0.0003229, train_kl_loss-0.0000000, val_mse_loss-0.0003518, val_kl_loss-0.0000000
2025-03-06 00:42:22 - INFO - epoch-210, train_mse_loss-0.0003229, train_kl_loss-0.0000000, val_mse_loss-0.0003499, val_kl_loss-0.0000000
2025-03-06 00:46:42 - INFO - epoch-211, train_mse_loss-0.0003229, train_kl_loss-0.0000000, val_mse_loss-0.0003558, val_kl_loss-0.0000000
2025-03-06 00:51:00 - INFO - epoch-212, train_mse_loss-0.0003229, train_kl_loss-0.0000000, val_mse_loss-0.0003521, val_kl_loss-0.0000000
2025-03-06 00:55:18 - INFO - epoch-213, train_mse_loss-0.0003229, train_kl_loss-0.0000000, val_mse_loss-0.0003522, val_kl_loss-0.0000000
2025-03-06 00:59:36 - INFO - epoch-214, train_mse_loss-0.0003229, train_kl_loss-0.0000000, val_mse_loss-0.0003531, val_kl_loss-0.0000000
2025-03-06 01:03:55 - INFO - epoch-215, train_mse_loss-0.0003229, train_kl_loss-0.0000000, val_mse_loss-0.0003533, val_kl_loss-0.0000000
2025-03-06 01:08:12 - INFO - epoch-216, train_mse_loss-0.0003229, train_kl_loss-0.0000000, val_mse_loss-0.0003539, val_kl_loss-0.0000000
2025-03-06 01:12:31 - INFO - epoch-217, train_mse_loss-0.0003229, train_kl_loss-0.0000000, val_mse_loss-0.0003510, val_kl_loss-0.0000000
2025-03-06 01:16:48 - INFO - epoch-218, train_mse_loss-0.0003229, train_kl_loss-0.0000000, val_mse_loss-0.0003543, val_kl_loss-0.0000000
2025-03-06 01:21:06 - INFO - epoch-219, train_mse_loss-0.0003229, train_kl_loss-0.0000000, val_mse_loss-0.0003532, val_kl_loss-0.0000000
2025-03-06 01:25:24 - INFO - epoch-220, train_mse_loss-0.0003229, train_kl_loss-0.0000000, val_mse_loss-0.0003497, val_kl_loss-0.0000000
2025-03-06 01:29:43 - INFO - epoch-221, train_mse_loss-0.0003229, train_kl_loss-0.0000000, val_mse_loss-0.0003531, val_kl_loss-0.0000000
2025-03-06 01:34:02 - INFO - epoch-222, train_mse_loss-0.0003229, train_kl_loss-0.0000000, val_mse_loss-0.0003546, val_kl_loss-0.0000000
2025-03-06 01:38:21 - INFO - epoch-223, train_mse_loss-0.0003229, train_kl_loss-0.0000000, val_mse_loss-0.0003529, val_kl_loss-0.0000000
2025-03-06 01:42:40 - INFO - epoch-224, train_mse_loss-0.0003229, train_kl_loss-0.0000000, val_mse_loss-0.0003541, val_kl_loss-0.0000000
2025-03-06 01:46:58 - INFO - epoch-225, train_mse_loss-0.0003229, train_kl_loss-0.0000000, val_mse_loss-0.0003535, val_kl_loss-0.0000000
2025-03-06 01:51:15 - INFO - epoch-226, train_mse_loss-0.0003229, train_kl_loss-0.0000000, val_mse_loss-0.0003535, val_kl_loss-0.0000000
2025-03-06 01:55:33 - INFO - epoch-227, train_mse_loss-0.0003229, train_kl_loss-0.0000000, val_mse_loss-0.0003517, val_kl_loss-0.0000000
2025-03-06 01:59:51 - INFO - epoch-228, train_mse_loss-0.0003229, train_kl_loss-0.0000000, val_mse_loss-0.0003535, val_kl_loss-0.0000000
2025-03-06 02:04:09 - INFO - epoch-229, train_mse_loss-0.0003229, train_kl_loss-0.0000000, val_mse_loss-0.0003545, val_kl_loss-0.0000000
2025-03-06 02:08:27 - INFO - epoch-230, train_mse_loss-0.0003229, train_kl_loss-0.0000000, val_mse_loss-0.0003538, val_kl_loss-0.0000000
2025-03-06 02:12:45 - INFO - epoch-231, train_mse_loss-0.0003229, train_kl_loss-0.0000000, val_mse_loss-0.0003533, val_kl_loss-0.0000000
2025-03-06 02:17:05 - INFO - epoch-232, train_mse_loss-0.0003229, train_kl_loss-0.0000000, val_mse_loss-0.0003553, val_kl_loss-0.0000000
2025-03-06 02:21:24 - INFO - epoch-233, train_mse_loss-0.0003229, train_kl_loss-0.0000000, val_mse_loss-0.0003520, val_kl_loss-0.0000000
2025-03-06 02:25:44 - INFO - epoch-234, train_mse_loss-0.0003229, train_kl_loss-0.0000000, val_mse_loss-0.0003538, val_kl_loss-0.0000000
2025-03-06 02:30:04 - INFO - epoch-235, train_mse_loss-0.0003229, train_kl_loss-0.0000000, val_mse_loss-0.0003513, val_kl_loss-0.0000000
2025-03-06 02:34:24 - INFO - epoch-236, train_mse_loss-0.0003229, train_kl_loss-0.0000000, val_mse_loss-0.0003532, val_kl_loss-0.0000000
2025-03-06 02:38:43 - INFO - epoch-237, train_mse_loss-0.0003229, train_kl_loss-0.0000000, val_mse_loss-0.0003533, val_kl_loss-0.0000000
2025-03-06 02:43:02 - INFO - epoch-238, train_mse_loss-0.0003229, train_kl_loss-0.0000000, val_mse_loss-0.0003518, val_kl_loss-0.0000000
2025-03-06 02:47:21 - INFO - epoch-239, train_mse_loss-0.0003229, train_kl_loss-0.0000000, val_mse_loss-0.0003531, val_kl_loss-0.0000000
2025-03-06 02:51:40 - INFO - epoch-240, train_mse_loss-0.0003229, train_kl_loss-0.0000000, val_mse_loss-0.0003524, val_kl_loss-0.0000000
2025-03-06 02:55:59 - INFO - epoch-241, train_mse_loss-0.0003229, train_kl_loss-0.0000000, val_mse_loss-0.0003536, val_kl_loss-0.0000000
2025-03-06 03:00:19 - INFO - epoch-242, train_mse_loss-0.0003229, train_kl_loss-0.0000000, val_mse_loss-0.0003528, val_kl_loss-0.0000000
2025-03-06 03:04:38 - INFO - epoch-243, train_mse_loss-0.0003229, train_kl_loss-0.0000000, val_mse_loss-0.0003526, val_kl_loss-0.0000000
2025-03-06 03:08:57 - INFO - epoch-244, train_mse_loss-0.0003229, train_kl_loss-0.0000000, val_mse_loss-0.0003531, val_kl_loss-0.0000000
2025-03-06 03:13:17 - INFO - epoch-245, train_mse_loss-0.0003229, train_kl_loss-0.0000000, val_mse_loss-0.0003534, val_kl_loss-0.0000000
2025-03-06 03:17:36 - INFO - epoch-246, train_mse_loss-0.0003229, train_kl_loss-0.0000000, val_mse_loss-0.0003504, val_kl_loss-0.0000000
2025-03-06 03:21:55 - INFO - epoch-247, train_mse_loss-0.0003229, train_kl_loss-0.0000000, val_mse_loss-0.0003535, val_kl_loss-0.0000000
2025-03-06 03:26:14 - INFO - epoch-248, train_mse_loss-0.0003229, train_kl_loss-0.0000000, val_mse_loss-0.0003508, val_kl_loss-0.0000000
2025-03-06 03:30:32 - INFO - epoch-249, train_mse_loss-0.0003229, train_kl_loss-0.0000000, val_mse_loss-0.0003508, val_kl_loss-0.0000000
2025-03-06 03:34:51 - INFO - epoch-250, train_mse_loss-0.0003229, train_kl_loss-0.0000000, val_mse_loss-0.0003540, val_kl_loss-0.0000000
2025-03-06 03:39:10 - INFO - epoch-251, train_mse_loss-0.0003229, train_kl_loss-0.0000000, val_mse_loss-0.0003514, val_kl_loss-0.0000000
2025-03-06 03:43:28 - INFO - epoch-252, train_mse_loss-0.0003229, train_kl_loss-0.0000000, val_mse_loss-0.0003537, val_kl_loss-0.0000000
2025-03-06 03:47:47 - INFO - epoch-253, train_mse_loss-0.0003229, train_kl_loss-0.0000000, val_mse_loss-0.0003506, val_kl_loss-0.0000000
2025-03-06 03:52:05 - INFO - epoch-254, train_mse_loss-0.0003229, train_kl_loss-0.0000000, val_mse_loss-0.0003524, val_kl_loss-0.0000000
2025-03-06 03:56:24 - INFO - epoch-255, train_mse_loss-0.0003229, train_kl_loss-0.0000000, val_mse_loss-0.0003531, val_kl_loss-0.0000000
2025-03-06 04:00:42 - INFO - epoch-256, train_mse_loss-0.0003229, train_kl_loss-0.0000000, val_mse_loss-0.0003506, val_kl_loss-0.0000000
2025-03-06 04:05:01 - INFO - epoch-257, train_mse_loss-0.0003229, train_kl_loss-0.0000000, val_mse_loss-0.0003555, val_kl_loss-0.0000000
2025-03-06 04:09:19 - INFO - epoch-258, train_mse_loss-0.0003229, train_kl_loss-0.0000000, val_mse_loss-0.0003518, val_kl_loss-0.0000000
2025-03-06 04:13:39 - INFO - epoch-259, train_mse_loss-0.0003229, train_kl_loss-0.0000000, val_mse_loss-0.0003526, val_kl_loss-0.0000000
2025-03-06 04:17:59 - INFO - epoch-260, train_mse_loss-0.0003229, train_kl_loss-0.0000000, val_mse_loss-0.0003504, val_kl_loss-0.0000000
2025-03-06 04:22:17 - INFO - epoch-261, train_mse_loss-0.0003229, train_kl_loss-0.0000000, val_mse_loss-0.0003536, val_kl_loss-0.0000000
2025-03-06 04:26:37 - INFO - epoch-262, train_mse_loss-0.0003229, train_kl_loss-0.0000000, val_mse_loss-0.0003528, val_kl_loss-0.0000000
2025-03-06 04:30:57 - INFO - epoch-263, train_mse_loss-0.0003229, train_kl_loss-0.0000000, val_mse_loss-0.0003537, val_kl_loss-0.0000000
2025-03-06 04:35:17 - INFO - epoch-264, train_mse_loss-0.0003229, train_kl_loss-0.0000000, val_mse_loss-0.0003507, val_kl_loss-0.0000000
2025-03-06 04:39:36 - INFO - epoch-265, train_mse_loss-0.0003229, train_kl_loss-0.0000000, val_mse_loss-0.0003520, val_kl_loss-0.0000000
2025-03-06 04:43:55 - INFO - epoch-266, train_mse_loss-0.0003229, train_kl_loss-0.0000000, val_mse_loss-0.0003514, val_kl_loss-0.0000000
2025-03-06 04:48:16 - INFO - epoch-267, train_mse_loss-0.0003229, train_kl_loss-0.0000000, val_mse_loss-0.0003497, val_kl_loss-0.0000000
2025-03-06 04:52:36 - INFO - epoch-268, train_mse_loss-0.0003229, train_kl_loss-0.0000000, val_mse_loss-0.0003511, val_kl_loss-0.0000000
2025-03-06 04:56:55 - INFO - epoch-269, train_mse_loss-0.0003229, train_kl_loss-0.0000000, val_mse_loss-0.0003511, val_kl_loss-0.0000000
2025-03-06 05:01:14 - INFO - epoch-270, train_mse_loss-0.0003229, train_kl_loss-0.0000000, val_mse_loss-0.0003517, val_kl_loss-0.0000000
2025-03-06 05:05:34 - INFO - epoch-271, train_mse_loss-0.0003229, train_kl_loss-0.0000000, val_mse_loss-0.0003520, val_kl_loss-0.0000000
2025-03-06 05:09:55 - INFO - epoch-272, train_mse_loss-0.0003229, train_kl_loss-0.0000000, val_mse_loss-0.0003500, val_kl_loss-0.0000000
2025-03-06 05:14:14 - INFO - epoch-273, train_mse_loss-0.0003229, train_kl_loss-0.0000000, val_mse_loss-0.0003525, val_kl_loss-0.0000000
2025-03-06 05:18:34 - INFO - epoch-274, train_mse_loss-0.0003229, train_kl_loss-0.0000000, val_mse_loss-0.0003516, val_kl_loss-0.0000000
2025-03-06 05:22:54 - INFO - epoch-275, train_mse_loss-0.0003229, train_kl_loss-0.0000000, val_mse_loss-0.0003519, val_kl_loss-0.0000000
2025-03-06 05:27:14 - INFO - epoch-276, train_mse_loss-0.0003229, train_kl_loss-0.0000000, val_mse_loss-0.0003547, val_kl_loss-0.0000000
2025-03-06 05:31:34 - INFO - epoch-277, train_mse_loss-0.0003229, train_kl_loss-0.0000000, val_mse_loss-0.0003510, val_kl_loss-0.0000000
2025-03-06 05:35:55 - INFO - epoch-278, train_mse_loss-0.0003229, train_kl_loss-0.0000000, val_mse_loss-0.0003533, val_kl_loss-0.0000000
2025-03-06 05:40:15 - INFO - epoch-279, train_mse_loss-0.0003229, train_kl_loss-0.0000000, val_mse_loss-0.0003521, val_kl_loss-0.0000000
2025-03-06 05:44:36 - INFO - epoch-280, train_mse_loss-0.0003229, train_kl_loss-0.0000000, val_mse_loss-0.0003555, val_kl_loss-0.0000000
2025-03-06 05:48:57 - INFO - epoch-281, train_mse_loss-0.0003229, train_kl_loss-0.0000000, val_mse_loss-0.0003511, val_kl_loss-0.0000000
2025-03-06 05:53:16 - INFO - epoch-282, train_mse_loss-0.0003229, train_kl_loss-0.0000000, val_mse_loss-0.0003548, val_kl_loss-0.0000000
2025-03-06 05:57:38 - INFO - epoch-283, train_mse_loss-0.0003229, train_kl_loss-0.0000000, val_mse_loss-0.0003516, val_kl_loss-0.0000000
2025-03-06 06:01:57 - INFO - epoch-284, train_mse_loss-0.0003229, train_kl_loss-0.0000000, val_mse_loss-0.0003540, val_kl_loss-0.0000000
2025-03-06 06:06:23 - INFO - epoch-285, train_mse_loss-0.0003229, train_kl_loss-0.0000000, val_mse_loss-0.0003518, val_kl_loss-0.0000000
2025-03-06 06:10:42 - INFO - epoch-286, train_mse_loss-0.0003229, train_kl_loss-0.0000000, val_mse_loss-0.0003538, val_kl_loss-0.0000000
2025-03-06 06:15:03 - INFO - epoch-287, train_mse_loss-0.0003229, train_kl_loss-0.0000000, val_mse_loss-0.0003516, val_kl_loss-0.0000000
2025-03-06 06:19:23 - INFO - epoch-288, train_mse_loss-0.0003229, train_kl_loss-0.0000000, val_mse_loss-0.0003518, val_kl_loss-0.0000000
2025-03-06 06:23:42 - INFO - epoch-289, train_mse_loss-0.0003229, train_kl_loss-0.0000000, val_mse_loss-0.0003506, val_kl_loss-0.0000000
2025-03-06 06:28:00 - INFO - epoch-290, train_mse_loss-0.0003229, train_kl_loss-0.0000000, val_mse_loss-0.0003511, val_kl_loss-0.0000000
2025-03-06 06:32:20 - INFO - epoch-291, train_mse_loss-0.0003229, train_kl_loss-0.0000000, val_mse_loss-0.0003527, val_kl_loss-0.0000000
2025-03-06 06:36:41 - INFO - epoch-292, train_mse_loss-0.0003229, train_kl_loss-0.0000000, val_mse_loss-0.0003502, val_kl_loss-0.0000000
2025-03-06 06:41:03 - INFO - epoch-293, train_mse_loss-0.0003229, train_kl_loss-0.0000000, val_mse_loss-0.0003502, val_kl_loss-0.0000000
2025-03-06 06:45:23 - INFO - epoch-294, train_mse_loss-0.0003229, train_kl_loss-0.0000000, val_mse_loss-0.0003508, val_kl_loss-0.0000000
2025-03-06 06:49:44 - INFO - epoch-295, train_mse_loss-0.0003229, train_kl_loss-0.0000000, val_mse_loss-0.0003488, val_kl_loss-0.0000000
2025-03-06 06:54:05 - INFO - epoch-296, train_mse_loss-0.0003229, train_kl_loss-0.0000000, val_mse_loss-0.0003484, val_kl_loss-0.0000000
2025-03-06 06:58:26 - INFO - epoch-297, train_mse_loss-0.0003229, train_kl_loss-0.0000000, val_mse_loss-0.0003483, val_kl_loss-0.0000000
2025-03-06 07:02:48 - INFO - epoch-298, train_mse_loss-0.0003229, train_kl_loss-0.0000000, val_mse_loss-0.0003494, val_kl_loss-0.0000000
2025-03-06 07:07:09 - INFO - epoch-299, train_mse_loss-0.0003229, train_kl_loss-0.0000000, val_mse_loss-0.0003536, val_kl_loss-0.0000000
2025-03-06 07:11:30 - INFO - epoch-300, train_mse_loss-0.0003229, train_kl_loss-0.0000000, val_mse_loss-0.0003512, val_kl_loss-0.0000000
2025-03-06 07:15:51 - INFO - epoch-301, train_mse_loss-0.0003229, train_kl_loss-0.0000000, val_mse_loss-0.0003507, val_kl_loss-0.0000000
2025-03-06 07:20:11 - INFO - epoch-302, train_mse_loss-0.0003229, train_kl_loss-0.0000000, val_mse_loss-0.0003502, val_kl_loss-0.0000000
2025-03-06 07:24:35 - INFO - epoch-303, train_mse_loss-0.0003229, train_kl_loss-0.0000000, val_mse_loss-0.0003510, val_kl_loss-0.0000000
2025-03-06 07:28:55 - INFO - epoch-304, train_mse_loss-0.0003229, train_kl_loss-0.0000000, val_mse_loss-0.0003511, val_kl_loss-0.0000000
2025-03-06 07:33:16 - INFO - epoch-305, train_mse_loss-0.0003229, train_kl_loss-0.0000000, val_mse_loss-0.0003473, val_kl_loss-0.0000000
2025-03-06 07:37:38 - INFO - epoch-306, train_mse_loss-0.0003229, train_kl_loss-0.0000000, val_mse_loss-0.0003514, val_kl_loss-0.0000000
2025-03-06 07:42:00 - INFO - epoch-307, train_mse_loss-0.0003229, train_kl_loss-0.0000000, val_mse_loss-0.0003484, val_kl_loss-0.0000000
2025-03-06 07:46:22 - INFO - epoch-308, train_mse_loss-0.0003229, train_kl_loss-0.0000000, val_mse_loss-0.0003492, val_kl_loss-0.0000000
2025-03-06 07:50:44 - INFO - epoch-309, train_mse_loss-0.0003229, train_kl_loss-0.0000000, val_mse_loss-0.0003484, val_kl_loss-0.0000000
2025-03-06 07:55:06 - INFO - epoch-310, train_mse_loss-0.0003229, train_kl_loss-0.0000000, val_mse_loss-0.0003527, val_kl_loss-0.0000000
2025-03-06 07:59:28 - INFO - epoch-311, train_mse_loss-0.0003229, train_kl_loss-0.0000000, val_mse_loss-0.0003506, val_kl_loss-0.0000000
2025-03-06 08:03:49 - INFO - epoch-312, train_mse_loss-0.0003229, train_kl_loss-0.0000000, val_mse_loss-0.0003492, val_kl_loss-0.0000000
2025-03-06 08:08:10 - INFO - epoch-313, train_mse_loss-0.0003229, train_kl_loss-0.0000000, val_mse_loss-0.0003476, val_kl_loss-0.0000000
2025-03-06 08:12:31 - INFO - epoch-314, train_mse_loss-0.0003229, train_kl_loss-0.0000000, val_mse_loss-0.0003492, val_kl_loss-0.0000000
2025-03-06 08:16:51 - INFO - epoch-315, train_mse_loss-0.0003229, train_kl_loss-0.0000000, val_mse_loss-0.0003488, val_kl_loss-0.0000000
2025-03-06 08:21:12 - INFO - epoch-316, train_mse_loss-0.0003229, train_kl_loss-0.0000000, val_mse_loss-0.0003539, val_kl_loss-0.0000000
2025-03-06 08:25:33 - INFO - epoch-317, train_mse_loss-0.0003229, train_kl_loss-0.0000000, val_mse_loss-0.0003527, val_kl_loss-0.0000000
2025-03-06 08:29:55 - INFO - epoch-318, train_mse_loss-0.0003229, train_kl_loss-0.0000000, val_mse_loss-0.0003485, val_kl_loss-0.0000000
2025-03-06 08:34:15 - INFO - epoch-319, train_mse_loss-0.0003229, train_kl_loss-0.0000000, val_mse_loss-0.0003509, val_kl_loss-0.0000000
2025-03-06 08:38:37 - INFO - epoch-320, train_mse_loss-0.0003229, train_kl_loss-0.0000000, val_mse_loss-0.0003493, val_kl_loss-0.0000000
2025-03-06 08:43:01 - INFO - epoch-321, train_mse_loss-0.0003229, train_kl_loss-0.0000000, val_mse_loss-0.0003500, val_kl_loss-0.0000000
2025-03-06 08:47:23 - INFO - epoch-322, train_mse_loss-0.0003229, train_kl_loss-0.0000000, val_mse_loss-0.0003476, val_kl_loss-0.0000000
2025-03-06 08:51:45 - INFO - epoch-323, train_mse_loss-0.0003229, train_kl_loss-0.0000000, val_mse_loss-0.0003479, val_kl_loss-0.0000000
2025-03-06 08:56:06 - INFO - epoch-324, train_mse_loss-0.0003229, train_kl_loss-0.0000000, val_mse_loss-0.0003486, val_kl_loss-0.0000000
2025-03-06 09:00:28 - INFO - epoch-325, train_mse_loss-0.0003229, train_kl_loss-0.0000000, val_mse_loss-0.0003490, val_kl_loss-0.0000000
2025-03-06 09:04:53 - INFO - epoch-326, train_mse_loss-0.0003229, train_kl_loss-0.0000000, val_mse_loss-0.0003493, val_kl_loss-0.0000000
2025-03-06 09:09:28 - INFO - epoch-327, train_mse_loss-0.0003229, train_kl_loss-0.0000000, val_mse_loss-0.0003506, val_kl_loss-0.0000000
2025-03-06 09:14:02 - INFO - epoch-328, train_mse_loss-0.0003229, train_kl_loss-0.0000000, val_mse_loss-0.0003473, val_kl_loss-0.0000000
2025-03-06 09:18:31 - INFO - epoch-329, train_mse_loss-0.0003229, train_kl_loss-0.0000000, val_mse_loss-0.0003495, val_kl_loss-0.0000000
2025-03-06 09:22:54 - INFO - epoch-330, train_mse_loss-0.0003229, train_kl_loss-0.0000000, val_mse_loss-0.0003492, val_kl_loss-0.0000000
2025-03-06 09:27:23 - INFO - epoch-331, train_mse_loss-0.0003229, train_kl_loss-0.0000000, val_mse_loss-0.0003481, val_kl_loss-0.0000000
2025-03-06 09:31:51 - INFO - epoch-332, train_mse_loss-0.0003229, train_kl_loss-0.0000000, val_mse_loss-0.0003485, val_kl_loss-0.0000000
2025-03-06 09:36:13 - INFO - epoch-333, train_mse_loss-0.0003229, train_kl_loss-0.0000000, val_mse_loss-0.0003488, val_kl_loss-0.0000000
2025-03-06 09:40:31 - INFO - epoch-334, train_mse_loss-0.0003229, train_kl_loss-0.0000000, val_mse_loss-0.0003474, val_kl_loss-0.0000000
2025-03-06 09:44:50 - INFO - epoch-335, train_mse_loss-0.0003229, train_kl_loss-0.0000000, val_mse_loss-0.0003488, val_kl_loss-0.0000000
2025-03-06 09:49:08 - INFO - epoch-336, train_mse_loss-0.0003229, train_kl_loss-0.0000000, val_mse_loss-0.0003484, val_kl_loss-0.0000000
2025-03-06 09:53:28 - INFO - epoch-337, train_mse_loss-0.0003229, train_kl_loss-0.0000000, val_mse_loss-0.0003463, val_kl_loss-0.0000000
2025-03-06 09:57:46 - INFO - epoch-338, train_mse_loss-0.0003229, train_kl_loss-0.0000000, val_mse_loss-0.0003488, val_kl_loss-0.0000000
2025-03-06 10:02:05 - INFO - epoch-339, train_mse_loss-0.0003229, train_kl_loss-0.0000000, val_mse_loss-0.0003473, val_kl_loss-0.0000000
2025-03-06 10:06:24 - INFO - epoch-340, train_mse_loss-0.0003229, train_kl_loss-0.0000000, val_mse_loss-0.0003477, val_kl_loss-0.0000000
2025-03-06 10:10:42 - INFO - epoch-341, train_mse_loss-0.0003229, train_kl_loss-0.0000000, val_mse_loss-0.0003491, val_kl_loss-0.0000000
2025-03-06 10:15:00 - INFO - epoch-342, train_mse_loss-0.0003229, train_kl_loss-0.0000000, val_mse_loss-0.0003488, val_kl_loss-0.0000000
2025-03-06 10:19:18 - INFO - epoch-343, train_mse_loss-0.0003229, train_kl_loss-0.0000000, val_mse_loss-0.0003476, val_kl_loss-0.0000000
2025-03-06 10:23:36 - INFO - epoch-344, train_mse_loss-0.0003229, train_kl_loss-0.0000000, val_mse_loss-0.0003489, val_kl_loss-0.0000000
2025-03-06 10:27:56 - INFO - epoch-345, train_mse_loss-0.0003229, train_kl_loss-0.0000000, val_mse_loss-0.0003484, val_kl_loss-0.0000000
2025-03-06 10:32:15 - INFO - epoch-346, train_mse_loss-0.0003229, train_kl_loss-0.0000000, val_mse_loss-0.0003474, val_kl_loss-0.0000000
2025-03-06 10:36:34 - INFO - epoch-347, train_mse_loss-0.0003229, train_kl_loss-0.0000000, val_mse_loss-0.0003483, val_kl_loss-0.0000000
2025-03-06 10:40:54 - INFO - epoch-348, train_mse_loss-0.0003229, train_kl_loss-0.0000000, val_mse_loss-0.0003486, val_kl_loss-0.0000000
2025-03-06 10:45:13 - INFO - epoch-349, train_mse_loss-0.0003229, train_kl_loss-0.0000000, val_mse_loss-0.0003498, val_kl_loss-0.0000000
2025-03-06 10:49:31 - INFO - epoch-350, train_mse_loss-0.0003229, train_kl_loss-0.0000000, val_mse_loss-0.0003486, val_kl_loss-0.0000000
2025-03-06 10:53:49 - INFO - epoch-351, train_mse_loss-0.0003229, train_kl_loss-0.0000000, val_mse_loss-0.0003515, val_kl_loss-0.0000000
2025-03-06 10:58:08 - INFO - epoch-352, train_mse_loss-0.0003229, train_kl_loss-0.0000000, val_mse_loss-0.0003492, val_kl_loss-0.0000000
2025-03-06 11:02:32 - INFO - epoch-353, train_mse_loss-0.0003229, train_kl_loss-0.0000000, val_mse_loss-0.0003537, val_kl_loss-0.0000000
2025-03-06 11:06:54 - INFO - epoch-354, train_mse_loss-0.0003229, train_kl_loss-0.0000000, val_mse_loss-0.0003534, val_kl_loss-0.0000000
2025-03-06 11:11:14 - INFO - epoch-355, train_mse_loss-0.0003229, train_kl_loss-0.0000000, val_mse_loss-0.0003526, val_kl_loss-0.0000000
2025-03-06 11:15:33 - INFO - epoch-356, train_mse_loss-0.0003229, train_kl_loss-0.0000000, val_mse_loss-0.0003491, val_kl_loss-0.0000000
2025-03-06 11:19:52 - INFO - epoch-357, train_mse_loss-0.0003229, train_kl_loss-0.0000000, val_mse_loss-0.0003480, val_kl_loss-0.0000000
2025-03-06 11:24:12 - INFO - epoch-358, train_mse_loss-0.0003229, train_kl_loss-0.0000000, val_mse_loss-0.0003475, val_kl_loss-0.0000000
2025-03-06 11:28:30 - INFO - epoch-359, train_mse_loss-0.0003229, train_kl_loss-0.0000000, val_mse_loss-0.0003477, val_kl_loss-0.0000000
2025-03-06 11:32:49 - INFO - epoch-360, train_mse_loss-0.0003229, train_kl_loss-0.0000000, val_mse_loss-0.0003503, val_kl_loss-0.0000000
2025-03-06 11:37:08 - INFO - epoch-361, train_mse_loss-0.0003229, train_kl_loss-0.0000000, val_mse_loss-0.0003506, val_kl_loss-0.0000000
2025-03-06 11:41:28 - INFO - epoch-362, train_mse_loss-0.0003229, train_kl_loss-0.0000000, val_mse_loss-0.0003474, val_kl_loss-0.0000000
2025-03-06 11:45:46 - INFO - epoch-363, train_mse_loss-0.0003229, train_kl_loss-0.0000000, val_mse_loss-0.0003498, val_kl_loss-0.0000000
2025-03-06 11:50:07 - INFO - epoch-364, train_mse_loss-0.0003229, train_kl_loss-0.0000000, val_mse_loss-0.0003511, val_kl_loss-0.0000000
2025-03-06 11:54:27 - INFO - epoch-365, train_mse_loss-0.0003229, train_kl_loss-0.0000000, val_mse_loss-0.0003491, val_kl_loss-0.0000000
2025-03-06 11:58:46 - INFO - epoch-366, train_mse_loss-0.0003229, train_kl_loss-0.0000000, val_mse_loss-0.0003497, val_kl_loss-0.0000000
2025-03-06 12:03:06 - INFO - epoch-367, train_mse_loss-0.0003229, train_kl_loss-0.0000000, val_mse_loss-0.0003483, val_kl_loss-0.0000000
2025-03-06 12:07:26 - INFO - epoch-368, train_mse_loss-0.0003229, train_kl_loss-0.0000000, val_mse_loss-0.0003476, val_kl_loss-0.0000000
2025-03-06 12:11:47 - INFO - epoch-369, train_mse_loss-0.0003229, train_kl_loss-0.0000000, val_mse_loss-0.0003488, val_kl_loss-0.0000000
2025-03-06 12:16:05 - INFO - epoch-370, train_mse_loss-0.0003229, train_kl_loss-0.0000000, val_mse_loss-0.0003475, val_kl_loss-0.0000000
2025-03-06 12:20:24 - INFO - epoch-371, train_mse_loss-0.0003229, train_kl_loss-0.0000000, val_mse_loss-0.0003472, val_kl_loss-0.0000000
2025-03-06 12:24:42 - INFO - epoch-372, train_mse_loss-0.0003229, train_kl_loss-0.0000000, val_mse_loss-0.0003479, val_kl_loss-0.0000000
2025-03-06 12:29:03 - INFO - epoch-373, train_mse_loss-0.0003229, train_kl_loss-0.0000000, val_mse_loss-0.0003491, val_kl_loss-0.0000000
2025-03-06 12:33:22 - INFO - epoch-374, train_mse_loss-0.0003229, train_kl_loss-0.0000000, val_mse_loss-0.0003479, val_kl_loss-0.0000000
2025-03-06 12:37:41 - INFO - epoch-375, train_mse_loss-0.0003229, train_kl_loss-0.0000000, val_mse_loss-0.0003488, val_kl_loss-0.0000000
2025-03-06 12:41:59 - INFO - epoch-376, train_mse_loss-0.0003229, train_kl_loss-0.0000000, val_mse_loss-0.0003472, val_kl_loss-0.0000000
2025-03-06 12:46:18 - INFO - epoch-377, train_mse_loss-0.0003229, train_kl_loss-0.0000000, val_mse_loss-0.0003486, val_kl_loss-0.0000000
2025-03-06 12:50:36 - INFO - epoch-378, train_mse_loss-0.0003229, train_kl_loss-0.0000000, val_mse_loss-0.0003492, val_kl_loss-0.0000000
2025-03-06 12:54:55 - INFO - epoch-379, train_mse_loss-0.0003229, train_kl_loss-0.0000000, val_mse_loss-0.0003492, val_kl_loss-0.0000000
2025-03-06 12:59:14 - INFO - epoch-380, train_mse_loss-0.0003229, train_kl_loss-0.0000000, val_mse_loss-0.0003482, val_kl_loss-0.0000000
2025-03-06 13:03:32 - INFO - epoch-381, train_mse_loss-0.0003229, train_kl_loss-0.0000000, val_mse_loss-0.0003483, val_kl_loss-0.0000000
2025-03-06 13:07:51 - INFO - epoch-382, train_mse_loss-0.0003229, train_kl_loss-0.0000000, val_mse_loss-0.0003478, val_kl_loss-0.0000000
2025-03-06 13:12:11 - INFO - epoch-383, train_mse_loss-0.0003229, train_kl_loss-0.0000000, val_mse_loss-0.0003467, val_kl_loss-0.0000000
2025-03-06 13:16:29 - INFO - epoch-384, train_mse_loss-0.0003229, train_kl_loss-0.0000000, val_mse_loss-0.0003481, val_kl_loss-0.0000000
2025-03-06 13:20:51 - INFO - epoch-385, train_mse_loss-0.0003229, train_kl_loss-0.0000000, val_mse_loss-0.0003481, val_kl_loss-0.0000000
2025-03-06 13:25:11 - INFO - epoch-386, train_mse_loss-0.0003229, train_kl_loss-0.0000000, val_mse_loss-0.0003483, val_kl_loss-0.0000000
2025-03-06 13:29:29 - INFO - epoch-387, train_mse_loss-0.0003229, train_kl_loss-0.0000000, val_mse_loss-0.0003480, val_kl_loss-0.0000000
2025-03-06 13:33:48 - INFO - epoch-388, train_mse_loss-0.0003229, train_kl_loss-0.0000000, val_mse_loss-0.0003480, val_kl_loss-0.0000000
2025-03-06 13:38:08 - INFO - epoch-389, train_mse_loss-0.0003229, train_kl_loss-0.0000000, val_mse_loss-0.0003499, val_kl_loss-0.0000000
2025-03-06 13:42:28 - INFO - epoch-390, train_mse_loss-0.0003229, train_kl_loss-0.0000000, val_mse_loss-0.0003494, val_kl_loss-0.0000000
2025-03-06 13:46:47 - INFO - epoch-391, train_mse_loss-0.0003229, train_kl_loss-0.0000000, val_mse_loss-0.0003480, val_kl_loss-0.0000000
2025-03-06 13:51:07 - INFO - epoch-392, train_mse_loss-0.0003229, train_kl_loss-0.0000000, val_mse_loss-0.0003492, val_kl_loss-0.0000000
2025-03-06 13:55:26 - INFO - epoch-393, train_mse_loss-0.0003229, train_kl_loss-0.0000000, val_mse_loss-0.0003468, val_kl_loss-0.0000000
2025-03-06 13:59:45 - INFO - epoch-394, train_mse_loss-0.0003229, train_kl_loss-0.0000000, val_mse_loss-0.0003476, val_kl_loss-0.0000000
2025-03-06 14:04:06 - INFO - epoch-395, train_mse_loss-0.0003229, train_kl_loss-0.0000000, val_mse_loss-0.0003473, val_kl_loss-0.0000000
2025-03-06 14:08:25 - INFO - epoch-396, train_mse_loss-0.0003229, train_kl_loss-0.0000000, val_mse_loss-0.0003471, val_kl_loss-0.0000000
2025-03-06 14:12:45 - INFO - epoch-397, train_mse_loss-0.0003229, train_kl_loss-0.0000000, val_mse_loss-0.0003473, val_kl_loss-0.0000000
2025-03-06 14:17:04 - INFO - epoch-398, train_mse_loss-0.0003229, train_kl_loss-0.0000000, val_mse_loss-0.0003499, val_kl_loss-0.0000000
2025-03-06 14:21:23 - INFO - epoch-399, train_mse_loss-0.0003229, train_kl_loss-0.0000000, val_mse_loss-0.0003496, val_kl_loss-0.0000000
2025-03-06 14:25:44 - INFO - epoch-400, train_mse_loss-0.0003229, train_kl_loss-0.0000000, val_mse_loss-0.0003476, val_kl_loss-0.0000000
2025-03-06 14:30:06 - INFO - epoch-401, train_mse_loss-0.0003229, train_kl_loss-0.0000000, val_mse_loss-0.0003471, val_kl_loss-0.0000000
2025-03-06 14:34:27 - INFO - epoch-402, train_mse_loss-0.0003229, train_kl_loss-0.0000000, val_mse_loss-0.0003474, val_kl_loss-0.0000000
2025-03-06 14:38:51 - INFO - epoch-403, train_mse_loss-0.0003229, train_kl_loss-0.0000000, val_mse_loss-0.0003481, val_kl_loss-0.0000000
2025-03-06 14:43:10 - INFO - epoch-404, train_mse_loss-0.0003229, train_kl_loss-0.0000000, val_mse_loss-0.0003493, val_kl_loss-0.0000000
2025-03-06 14:47:31 - INFO - epoch-405, train_mse_loss-0.0003229, train_kl_loss-0.0000000, val_mse_loss-0.0003483, val_kl_loss-0.0000000
2025-03-06 14:51:52 - INFO - epoch-406, train_mse_loss-0.0003229, train_kl_loss-0.0000000, val_mse_loss-0.0003490, val_kl_loss-0.0000000
2025-03-06 14:56:12 - INFO - epoch-407, train_mse_loss-0.0003229, train_kl_loss-0.0000000, val_mse_loss-0.0003482, val_kl_loss-0.0000000
2025-03-06 15:00:32 - INFO - epoch-408, train_mse_loss-0.0003229, train_kl_loss-0.0000000, val_mse_loss-0.0003483, val_kl_loss-0.0000000
2025-03-06 15:04:53 - INFO - epoch-409, train_mse_loss-0.0003229, train_kl_loss-0.0000000, val_mse_loss-0.0003470, val_kl_loss-0.0000000
2025-03-06 15:09:14 - INFO - epoch-410, train_mse_loss-0.0003229, train_kl_loss-0.0000000, val_mse_loss-0.0003497, val_kl_loss-0.0000000
2025-03-06 15:13:34 - INFO - epoch-411, train_mse_loss-0.0003229, train_kl_loss-0.0000000, val_mse_loss-0.0003488, val_kl_loss-0.0000000
2025-03-06 15:17:54 - INFO - epoch-412, train_mse_loss-0.0003229, train_kl_loss-0.0000000, val_mse_loss-0.0003526, val_kl_loss-0.0000000
2025-03-06 15:22:13 - INFO - epoch-413, train_mse_loss-0.0003229, train_kl_loss-0.0000000, val_mse_loss-0.0003517, val_kl_loss-0.0000000
2025-03-06 15:26:33 - INFO - epoch-414, train_mse_loss-0.0003229, train_kl_loss-0.0000000, val_mse_loss-0.0003499, val_kl_loss-0.0000000
2025-03-06 15:30:53 - INFO - epoch-415, train_mse_loss-0.0003229, train_kl_loss-0.0000000, val_mse_loss-0.0003499, val_kl_loss-0.0000000
2025-03-06 15:35:13 - INFO - epoch-416, train_mse_loss-0.0003229, train_kl_loss-0.0000000, val_mse_loss-0.0003486, val_kl_loss-0.0000000
2025-03-06 15:39:33 - INFO - epoch-417, train_mse_loss-0.0003229, train_kl_loss-0.0000000, val_mse_loss-0.0003471, val_kl_loss-0.0000000
2025-03-06 15:43:50 - INFO - epoch-418, train_mse_loss-0.0003229, train_kl_loss-0.0000000, val_mse_loss-0.0003540, val_kl_loss-0.0000000
2025-03-06 15:48:06 - INFO - epoch-419, train_mse_loss-0.0003229, train_kl_loss-0.0000000, val_mse_loss-0.0003500, val_kl_loss-0.0000000
2025-03-06 15:52:23 - INFO - epoch-420, train_mse_loss-0.0003229, train_kl_loss-0.0000000, val_mse_loss-0.0003484, val_kl_loss-0.0000000
2025-03-06 15:56:40 - INFO - epoch-421, train_mse_loss-0.0003229, train_kl_loss-0.0000000, val_mse_loss-0.0003496, val_kl_loss-0.0000000
2025-03-06 16:00:58 - INFO - epoch-422, train_mse_loss-0.0003229, train_kl_loss-0.0000000, val_mse_loss-0.0003488, val_kl_loss-0.0000000
2025-03-06 16:05:15 - INFO - epoch-423, train_mse_loss-0.0003229, train_kl_loss-0.0000000, val_mse_loss-0.0003486, val_kl_loss-0.0000000
2025-03-06 16:09:33 - INFO - epoch-424, train_mse_loss-0.0003229, train_kl_loss-0.0000000, val_mse_loss-0.0003488, val_kl_loss-0.0000000
2025-03-06 16:13:49 - INFO - epoch-425, train_mse_loss-0.0003229, train_kl_loss-0.0000000, val_mse_loss-0.0003472, val_kl_loss-0.0000000
2025-03-06 16:18:06 - INFO - epoch-426, train_mse_loss-0.0003229, train_kl_loss-0.0000000, val_mse_loss-0.0003479, val_kl_loss-0.0000000
2025-03-06 16:22:24 - INFO - epoch-427, train_mse_loss-0.0003229, train_kl_loss-0.0000000, val_mse_loss-0.0003494, val_kl_loss-0.0000000
2025-03-06 16:26:41 - INFO - epoch-428, train_mse_loss-0.0003229, train_kl_loss-0.0000000, val_mse_loss-0.0003479, val_kl_loss-0.0000000
2025-03-06 16:30:59 - INFO - epoch-429, train_mse_loss-0.0003229, train_kl_loss-0.0000000, val_mse_loss-0.0003492, val_kl_loss-0.0000000
2025-03-06 16:35:17 - INFO - epoch-430, train_mse_loss-0.0003229, train_kl_loss-0.0000000, val_mse_loss-0.0003479, val_kl_loss-0.0000000
2025-03-06 16:39:37 - INFO - epoch-431, train_mse_loss-0.0003229, train_kl_loss-0.0000000, val_mse_loss-0.0003477, val_kl_loss-0.0000000
2025-03-06 16:43:56 - INFO - epoch-432, train_mse_loss-0.0003229, train_kl_loss-0.0000000, val_mse_loss-0.0003486, val_kl_loss-0.0000000
2025-03-06 16:48:14 - INFO - epoch-433, train_mse_loss-0.0003229, train_kl_loss-0.0000000, val_mse_loss-0.0003462, val_kl_loss-0.0000000
2025-03-06 16:52:33 - INFO - epoch-434, train_mse_loss-0.0003229, train_kl_loss-0.0000000, val_mse_loss-0.0003507, val_kl_loss-0.0000000
2025-03-06 16:56:50 - INFO - epoch-435, train_mse_loss-0.0003229, train_kl_loss-0.0000000, val_mse_loss-0.0003512, val_kl_loss-0.0000000
2025-03-06 17:01:08 - INFO - epoch-436, train_mse_loss-0.0003229, train_kl_loss-0.0000000, val_mse_loss-0.0003493, val_kl_loss-0.0000000
2025-03-06 17:05:25 - INFO - epoch-437, train_mse_loss-0.0003229, train_kl_loss-0.0000000, val_mse_loss-0.0003501, val_kl_loss-0.0000000
2025-03-06 17:09:44 - INFO - epoch-438, train_mse_loss-0.0003229, train_kl_loss-0.0000000, val_mse_loss-0.0003480, val_kl_loss-0.0000000
2025-03-06 17:14:03 - INFO - epoch-439, train_mse_loss-0.0003229, train_kl_loss-0.0000000, val_mse_loss-0.0003528, val_kl_loss-0.0000000
2025-03-06 17:18:21 - INFO - epoch-440, train_mse_loss-0.0003229, train_kl_loss-0.0000000, val_mse_loss-0.0003490, val_kl_loss-0.0000000
2025-03-06 17:22:38 - INFO - epoch-441, train_mse_loss-0.0003229, train_kl_loss-0.0000000, val_mse_loss-0.0003485, val_kl_loss-0.0000000
2025-03-06 17:26:55 - INFO - epoch-442, train_mse_loss-0.0003229, train_kl_loss-0.0000000, val_mse_loss-0.0003528, val_kl_loss-0.0000000
2025-03-06 17:31:13 - INFO - epoch-443, train_mse_loss-0.0003229, train_kl_loss-0.0000000, val_mse_loss-0.0003499, val_kl_loss-0.0000000
2025-03-06 17:35:31 - INFO - epoch-444, train_mse_loss-0.0003229, train_kl_loss-0.0000000, val_mse_loss-0.0003499, val_kl_loss-0.0000000
2025-03-06 17:39:49 - INFO - epoch-445, train_mse_loss-0.0003229, train_kl_loss-0.0000000, val_mse_loss-0.0003479, val_kl_loss-0.0000000
2025-03-06 17:44:06 - INFO - epoch-446, train_mse_loss-0.0003229, train_kl_loss-0.0000000, val_mse_loss-0.0003481, val_kl_loss-0.0000000
2025-03-06 17:48:24 - INFO - epoch-447, train_mse_loss-0.0003229, train_kl_loss-0.0000000, val_mse_loss-0.0003478, val_kl_loss-0.0000000
2025-03-06 17:52:43 - INFO - epoch-448, train_mse_loss-0.0003229, train_kl_loss-0.0000000, val_mse_loss-0.0003484, val_kl_loss-0.0000000
2025-03-06 17:57:00 - INFO - epoch-449, train_mse_loss-0.0003229, train_kl_loss-0.0000000, val_mse_loss-0.0003486, val_kl_loss-0.0000000
2025-03-06 18:01:18 - INFO - epoch-450, train_mse_loss-0.0003229, train_kl_loss-0.0000000, val_mse_loss-0.0003507, val_kl_loss-0.0000000
2025-03-06 18:05:37 - INFO - epoch-451, train_mse_loss-0.0003229, train_kl_loss-0.0000000, val_mse_loss-0.0003486, val_kl_loss-0.0000000
2025-03-06 18:09:54 - INFO - epoch-452, train_mse_loss-0.0003229, train_kl_loss-0.0000000, val_mse_loss-0.0003471, val_kl_loss-0.0000000
2025-03-06 18:14:11 - INFO - epoch-453, train_mse_loss-0.0003229, train_kl_loss-0.0000000, val_mse_loss-0.0003483, val_kl_loss-0.0000000
2025-03-06 18:18:29 - INFO - epoch-454, train_mse_loss-0.0003229, train_kl_loss-0.0000000, val_mse_loss-0.0003479, val_kl_loss-0.0000000
2025-03-06 18:22:46 - INFO - epoch-455, train_mse_loss-0.0003229, train_kl_loss-0.0000000, val_mse_loss-0.0003481, val_kl_loss-0.0000000
2025-03-06 18:27:04 - INFO - epoch-456, train_mse_loss-0.0003229, train_kl_loss-0.0000000, val_mse_loss-0.0003474, val_kl_loss-0.0000000
2025-03-06 18:31:21 - INFO - epoch-457, train_mse_loss-0.0003229, train_kl_loss-0.0000000, val_mse_loss-0.0003470, val_kl_loss-0.0000000
2025-03-06 18:35:39 - INFO - epoch-458, train_mse_loss-0.0003229, train_kl_loss-0.0000000, val_mse_loss-0.0003479, val_kl_loss-0.0000000
2025-03-06 18:39:56 - INFO - epoch-459, train_mse_loss-0.0003229, train_kl_loss-0.0000000, val_mse_loss-0.0003476, val_kl_loss-0.0000000
2025-03-06 18:44:14 - INFO - epoch-460, train_mse_loss-0.0003229, train_kl_loss-0.0000000, val_mse_loss-0.0003476, val_kl_loss-0.0000000
2025-03-06 18:48:32 - INFO - epoch-461, train_mse_loss-0.0003229, train_kl_loss-0.0000000, val_mse_loss-0.0003476, val_kl_loss-0.0000000
2025-03-06 18:52:51 - INFO - epoch-462, train_mse_loss-0.0003229, train_kl_loss-0.0000000, val_mse_loss-0.0003489, val_kl_loss-0.0000000
2025-03-06 18:57:10 - INFO - epoch-463, train_mse_loss-0.0003229, train_kl_loss-0.0000000, val_mse_loss-0.0003505, val_kl_loss-0.0000000
2025-03-06 19:01:27 - INFO - epoch-464, train_mse_loss-0.0003229, train_kl_loss-0.0000000, val_mse_loss-0.0003492, val_kl_loss-0.0000000
2025-03-06 19:05:44 - INFO - epoch-465, train_mse_loss-0.0003229, train_kl_loss-0.0000000, val_mse_loss-0.0003507, val_kl_loss-0.0000000
2025-03-06 19:10:02 - INFO - epoch-466, train_mse_loss-0.0003229, train_kl_loss-0.0000000, val_mse_loss-0.0003486, val_kl_loss-0.0000000
2025-03-06 19:14:20 - INFO - epoch-467, train_mse_loss-0.0003229, train_kl_loss-0.0000000, val_mse_loss-0.0003481, val_kl_loss-0.0000000
2025-03-06 19:18:37 - INFO - epoch-468, train_mse_loss-0.0003229, train_kl_loss-0.0000000, val_mse_loss-0.0003478, val_kl_loss-0.0000000
2025-03-06 19:22:54 - INFO - epoch-469, train_mse_loss-0.0003229, train_kl_loss-0.0000000, val_mse_loss-0.0003470, val_kl_loss-0.0000000
2025-03-06 19:27:12 - INFO - epoch-470, train_mse_loss-0.0003229, train_kl_loss-0.0000000, val_mse_loss-0.0003487, val_kl_loss-0.0000000
2025-03-06 19:31:29 - INFO - epoch-471, train_mse_loss-0.0003229, train_kl_loss-0.0000000, val_mse_loss-0.0003482, val_kl_loss-0.0000000
2025-03-06 19:35:47 - INFO - epoch-472, train_mse_loss-0.0003229, train_kl_loss-0.0000000, val_mse_loss-0.0003489, val_kl_loss-0.0000000
2025-03-06 19:40:04 - INFO - epoch-473, train_mse_loss-0.0003229, train_kl_loss-0.0000000, val_mse_loss-0.0003479, val_kl_loss-0.0000000
2025-03-06 19:44:21 - INFO - epoch-474, train_mse_loss-0.0003229, train_kl_loss-0.0000000, val_mse_loss-0.0003480, val_kl_loss-0.0000000
2025-03-06 19:48:39 - INFO - epoch-475, train_mse_loss-0.0003229, train_kl_loss-0.0000000, val_mse_loss-0.0003490, val_kl_loss-0.0000000
2025-03-06 19:52:56 - INFO - epoch-476, train_mse_loss-0.0003229, train_kl_loss-0.0000000, val_mse_loss-0.0003483, val_kl_loss-0.0000000
2025-03-06 19:57:13 - INFO - epoch-477, train_mse_loss-0.0003229, train_kl_loss-0.0000000, val_mse_loss-0.0003483, val_kl_loss-0.0000000
2025-03-06 20:01:31 - INFO - epoch-478, train_mse_loss-0.0003229, train_kl_loss-0.0000000, val_mse_loss-0.0003473, val_kl_loss-0.0000000
2025-03-06 20:05:48 - INFO - epoch-479, train_mse_loss-0.0003229, train_kl_loss-0.0000000, val_mse_loss-0.0003478, val_kl_loss-0.0000000
2025-03-06 20:10:07 - INFO - epoch-480, train_mse_loss-0.0003229, train_kl_loss-0.0000000, val_mse_loss-0.0003471, val_kl_loss-0.0000000
2025-03-06 20:14:24 - INFO - epoch-481, train_mse_loss-0.0003229, train_kl_loss-0.0000000, val_mse_loss-0.0003481, val_kl_loss-0.0000000
2025-03-06 20:18:41 - INFO - epoch-482, train_mse_loss-0.0003229, train_kl_loss-0.0000000, val_mse_loss-0.0003501, val_kl_loss-0.0000000
2025-03-06 20:22:57 - INFO - epoch-483, train_mse_loss-0.0003229, train_kl_loss-0.0000000, val_mse_loss-0.0003475, val_kl_loss-0.0000000
2025-03-06 20:27:15 - INFO - epoch-484, train_mse_loss-0.0003229, train_kl_loss-0.0000000, val_mse_loss-0.0003484, val_kl_loss-0.0000000
2025-03-06 20:31:32 - INFO - epoch-485, train_mse_loss-0.0003229, train_kl_loss-0.0000000, val_mse_loss-0.0003485, val_kl_loss-0.0000000
2025-03-06 20:35:49 - INFO - epoch-486, train_mse_loss-0.0003229, train_kl_loss-0.0000000, val_mse_loss-0.0003474, val_kl_loss-0.0000000
2025-03-06 20:40:06 - INFO - epoch-487, train_mse_loss-0.0003229, train_kl_loss-0.0000000, val_mse_loss-0.0003486, val_kl_loss-0.0000000
2025-03-06 20:44:23 - INFO - epoch-488, train_mse_loss-0.0003229, train_kl_loss-0.0000000, val_mse_loss-0.0003472, val_kl_loss-0.0000000
2025-03-06 20:48:40 - INFO - epoch-489, train_mse_loss-0.0003229, train_kl_loss-0.0000000, val_mse_loss-0.0003497, val_kl_loss-0.0000000
2025-03-06 20:52:57 - INFO - epoch-490, train_mse_loss-0.0003229, train_kl_loss-0.0000000, val_mse_loss-0.0003491, val_kl_loss-0.0000000
2025-03-06 20:57:14 - INFO - epoch-491, train_mse_loss-0.0003229, train_kl_loss-0.0000000, val_mse_loss-0.0003496, val_kl_loss-0.0000000
2025-03-06 21:01:32 - INFO - epoch-492, train_mse_loss-0.0003229, train_kl_loss-0.0000000, val_mse_loss-0.0003488, val_kl_loss-0.0000000
2025-03-06 21:05:51 - INFO - epoch-493, train_mse_loss-0.0003229, train_kl_loss-0.0000000, val_mse_loss-0.0003474, val_kl_loss-0.0000000
2025-03-06 21:10:10 - INFO - epoch-494, train_mse_loss-0.0003229, train_kl_loss-0.0000000, val_mse_loss-0.0003493, val_kl_loss-0.0000000
2025-03-06 21:14:27 - INFO - epoch-495, train_mse_loss-0.0003229, train_kl_loss-0.0000000, val_mse_loss-0.0003484, val_kl_loss-0.0000000
2025-03-06 21:18:44 - INFO - epoch-496, train_mse_loss-0.0003229, train_kl_loss-0.0000000, val_mse_loss-0.0003488, val_kl_loss-0.0000000
2025-03-06 21:23:01 - INFO - epoch-497, train_mse_loss-0.0003229, train_kl_loss-0.0000000, val_mse_loss-0.0003480, val_kl_loss-0.0000000
2025-03-06 21:27:19 - INFO - epoch-498, train_mse_loss-0.0003229, train_kl_loss-0.0000000, val_mse_loss-0.0003463, val_kl_loss-0.0000000
2025-03-06 21:31:35 - INFO - epoch-499, train_mse_loss-0.0003229, train_kl_loss-0.0000000, val_mse_loss-0.0003473, val_kl_loss-0.0000000
