2024-12-27 14:24:58 - INFO - /mnt/cephfs/projects/2023110101_Ligand_fitting_to_EM_maps/My_Code/CryoLigate_Github/CryoLigate/GIGN/GIGN_EM/For_Elisei_Nov_2024/CryoLigate_GIGN_Unet/train_example.py
2024-12-27 14:24:58 - INFO - train data: 6799
2024-12-27 14:24:58 - INFO - train unqiue data: 6799
2024-12-27 14:24:58 - INFO - valid data: 755
2024-12-27 14:24:58 - INFO - valid unqiue data: 755
2024-12-27 14:34:12 - INFO - epoch-0, train_loss-0.0599273, val_loss-0.0719286
2024-12-27 14:40:36 - INFO - epoch-1, train_loss-0.0564974, val_loss-0.0717834
2024-12-27 14:46:37 - INFO - epoch-2, train_loss-0.0557643, val_loss-0.0734613
2024-12-27 14:52:30 - INFO - epoch-3, train_loss-0.0553564, val_loss-0.0700621
2024-12-27 14:58:15 - INFO - epoch-4, train_loss-0.0548677, val_loss-0.0658676
2024-12-27 15:03:54 - INFO - epoch-5, train_loss-0.0545768, val_loss-0.0646486
2024-12-27 15:09:29 - INFO - epoch-6, train_loss-0.0541394, val_loss-0.0639567
2024-12-27 15:14:59 - INFO - epoch-7, train_loss-0.0540148, val_loss-0.0623739
2024-12-27 15:20:19 - INFO - epoch-8, train_loss-0.0537732, val_loss-0.0620764
2024-12-27 15:25:37 - INFO - epoch-9, train_loss-0.0535124, val_loss-0.0632140
2024-12-27 15:30:49 - INFO - epoch-10, train_loss-0.0533113, val_loss-0.0622949
2024-12-27 15:30:52 - INFO - Saved new best model at epoch 10 with validation loss 0.0622949
2024-12-27 15:36:06 - INFO - epoch-11, train_loss-0.0531212, val_loss-0.0604998
2024-12-27 15:36:09 - INFO - Saved new best model at epoch 11 with validation loss 0.0604998
2024-12-27 15:41:20 - INFO - epoch-12, train_loss-0.0528265, val_loss-0.0614738
2024-12-27 15:46:17 - INFO - epoch-13, train_loss-0.0525101, val_loss-0.0624906
2024-12-27 15:51:05 - INFO - epoch-14, train_loss-0.0521946, val_loss-0.0615085
2024-12-27 15:55:52 - INFO - epoch-15, train_loss-0.0517366, val_loss-0.0578072
2024-12-27 15:55:56 - INFO - Saved new best model at epoch 15 with validation loss 0.0578072
2024-12-27 16:00:45 - INFO - epoch-16, train_loss-0.0513854, val_loss-0.0605901
2024-12-27 16:05:26 - INFO - epoch-17, train_loss-0.0509123, val_loss-0.0648687
2024-12-27 16:10:03 - INFO - epoch-18, train_loss-0.0503160, val_loss-0.0637447
2024-12-27 16:14:36 - INFO - epoch-19, train_loss-0.0497354, val_loss-0.0644312
2024-12-27 16:19:03 - INFO - epoch-20, train_loss-0.0492050, val_loss-0.0610507
2024-12-27 16:23:31 - INFO - epoch-21, train_loss-0.0483545, val_loss-0.0619416
2024-12-27 16:27:52 - INFO - epoch-22, train_loss-0.0475354, val_loss-0.0616018
2024-12-27 16:32:10 - INFO - epoch-23, train_loss-0.0465238, val_loss-0.0628334
2024-12-27 16:36:24 - INFO - epoch-24, train_loss-0.0458513, val_loss-0.0671279
2024-12-27 16:40:37 - INFO - epoch-25, train_loss-0.0446042, val_loss-0.0636675
2024-12-27 16:44:47 - INFO - epoch-26, train_loss-0.0434726, val_loss-0.0661946
2024-12-27 16:48:55 - INFO - epoch-27, train_loss-0.0423964, val_loss-0.0702827
2024-12-27 16:52:59 - INFO - epoch-28, train_loss-0.0414137, val_loss-0.0653655
2024-12-27 16:57:03 - INFO - epoch-29, train_loss-0.0401103, val_loss-0.0669614
2024-12-27 17:01:06 - INFO - epoch-30, train_loss-0.0387676, val_loss-0.0678266
2024-12-27 17:05:04 - INFO - epoch-31, train_loss-0.0374385, val_loss-0.0773612
2024-12-27 17:09:00 - INFO - epoch-32, train_loss-0.0362934, val_loss-0.0746086
2024-12-27 17:12:56 - INFO - epoch-33, train_loss-0.0350597, val_loss-0.0733462
2024-12-27 17:16:46 - INFO - epoch-34, train_loss-0.0337885, val_loss-0.0697984
2024-12-27 17:20:33 - INFO - epoch-35, train_loss-0.0326027, val_loss-0.0730944
2024-12-27 17:24:17 - INFO - epoch-36, train_loss-0.0311900, val_loss-0.0702060
2024-12-27 17:28:02 - INFO - epoch-37, train_loss-0.0299577, val_loss-0.0720046
2024-12-27 17:31:46 - INFO - epoch-38, train_loss-0.0288117, val_loss-0.0728588
2024-12-27 17:35:28 - INFO - epoch-39, train_loss-0.0275949, val_loss-0.0666137
2024-12-27 17:39:08 - INFO - epoch-40, train_loss-0.0265464, val_loss-0.0705746
2024-12-27 17:42:51 - INFO - epoch-41, train_loss-0.0253907, val_loss-0.0684252
2024-12-27 17:46:28 - INFO - epoch-42, train_loss-0.0240236, val_loss-0.0692014
2024-12-27 17:50:06 - INFO - epoch-43, train_loss-0.0230120, val_loss-0.0696315
2024-12-27 17:53:43 - INFO - epoch-44, train_loss-0.0221316, val_loss-0.0699907
2024-12-27 17:57:20 - INFO - epoch-45, train_loss-0.0211106, val_loss-0.0709114
2024-12-27 18:00:56 - INFO - epoch-46, train_loss-0.0201238, val_loss-0.0707386
2024-12-27 18:04:30 - INFO - epoch-47, train_loss-0.0190427, val_loss-0.0671499
2024-12-27 18:08:04 - INFO - epoch-48, train_loss-0.0182099, val_loss-0.0684266
2024-12-27 18:11:37 - INFO - epoch-49, train_loss-0.0174563, val_loss-0.0676295
2024-12-27 18:15:08 - INFO - epoch-50, train_loss-0.0166100, val_loss-0.0696969
2024-12-27 18:18:39 - INFO - epoch-51, train_loss-0.0158479, val_loss-0.0700885
2024-12-27 18:22:12 - INFO - epoch-52, train_loss-0.0151197, val_loss-0.0680484
2024-12-27 18:25:44 - INFO - epoch-53, train_loss-0.0146513, val_loss-0.0662625
2024-12-27 18:29:15 - INFO - epoch-54, train_loss-0.0141601, val_loss-0.0680453
2024-12-27 18:32:44 - INFO - epoch-55, train_loss-0.0135567, val_loss-0.0708853
2024-12-27 18:36:12 - INFO - epoch-56, train_loss-0.0130400, val_loss-0.0713092
2024-12-27 18:39:40 - INFO - epoch-57, train_loss-0.0127325, val_loss-0.0676534
2024-12-27 18:43:08 - INFO - epoch-58, train_loss-0.0119281, val_loss-0.0667175
2024-12-27 18:46:36 - INFO - epoch-59, train_loss-0.0118850, val_loss-0.0649026
2024-12-27 18:50:03 - INFO - epoch-60, train_loss-0.0116805, val_loss-0.0659706
2024-12-27 18:53:30 - INFO - epoch-61, train_loss-0.0112515, val_loss-0.0673720
2024-12-27 18:56:55 - INFO - epoch-62, train_loss-0.0109829, val_loss-0.0687049
2024-12-27 19:00:21 - INFO - epoch-63, train_loss-0.0106273, val_loss-0.0672935
2024-12-27 19:03:46 - INFO - epoch-64, train_loss-0.0101840, val_loss-0.0684514
2024-12-27 19:07:12 - INFO - epoch-65, train_loss-0.0100615, val_loss-0.0719302
2024-12-27 19:10:37 - INFO - epoch-66, train_loss-0.0100777, val_loss-0.0693333
2024-12-27 19:14:03 - INFO - epoch-67, train_loss-0.0097967, val_loss-0.0674689
2024-12-27 19:17:27 - INFO - epoch-68, train_loss-0.0095773, val_loss-0.0690877
2024-12-27 19:20:53 - INFO - epoch-69, train_loss-0.0091670, val_loss-0.0690433
2024-12-27 19:24:17 - INFO - epoch-70, train_loss-0.0093315, val_loss-0.0661803
2024-12-27 19:27:42 - INFO - epoch-71, train_loss-0.0092650, val_loss-0.0675701
2024-12-27 19:31:06 - INFO - epoch-72, train_loss-0.0089430, val_loss-0.0683154
2024-12-27 19:34:31 - INFO - epoch-73, train_loss-0.0085604, val_loss-0.0692467
2024-12-27 19:37:55 - INFO - epoch-74, train_loss-0.0084340, val_loss-0.0696120
2024-12-27 19:41:20 - INFO - epoch-75, train_loss-0.0084251, val_loss-0.0668858
2024-12-27 19:44:44 - INFO - epoch-76, train_loss-0.0084933, val_loss-0.0660798
2024-12-27 19:48:07 - INFO - epoch-77, train_loss-0.0082362, val_loss-0.0677032
2024-12-27 19:51:30 - INFO - epoch-78, train_loss-0.0080649, val_loss-0.0676922
2024-12-27 19:54:54 - INFO - epoch-79, train_loss-0.0080769, val_loss-0.0676119
2024-12-27 19:58:17 - INFO - epoch-80, train_loss-0.0079580, val_loss-0.0683672
2024-12-27 20:01:41 - INFO - epoch-81, train_loss-0.0076428, val_loss-0.0717273
2024-12-27 20:05:04 - INFO - epoch-82, train_loss-0.0077277, val_loss-0.0707791
2024-12-27 20:08:28 - INFO - epoch-83, train_loss-0.0079203, val_loss-0.0698530
2024-12-27 20:11:51 - INFO - epoch-84, train_loss-0.0075799, val_loss-0.0697880
2024-12-27 20:15:15 - INFO - epoch-85, train_loss-0.0073372, val_loss-0.0684691
2024-12-27 20:18:38 - INFO - epoch-86, train_loss-0.0071321, val_loss-0.0694809
2024-12-27 20:22:01 - INFO - epoch-87, train_loss-0.0072228, val_loss-0.0713908
2024-12-27 20:25:24 - INFO - epoch-88, train_loss-0.0075008, val_loss-0.0687076
2024-12-27 20:28:48 - INFO - epoch-89, train_loss-0.0073867, val_loss-0.0675291
2024-12-27 20:32:11 - INFO - epoch-90, train_loss-0.0072877, val_loss-0.0696261
2024-12-27 20:35:34 - INFO - epoch-91, train_loss-0.0068660, val_loss-0.0680426
2024-12-27 20:38:57 - INFO - epoch-92, train_loss-0.0065177, val_loss-0.0677715
2024-12-27 20:42:22 - INFO - epoch-93, train_loss-0.0068254, val_loss-0.0663414
2024-12-27 20:45:45 - INFO - epoch-94, train_loss-0.0072017, val_loss-0.0680303
2024-12-27 20:49:08 - INFO - epoch-95, train_loss-0.0068904, val_loss-0.0662160
2024-12-27 20:52:32 - INFO - epoch-96, train_loss-0.0066206, val_loss-0.0663906
2024-12-27 20:55:55 - INFO - epoch-97, train_loss-0.0067998, val_loss-0.0642314
2024-12-27 20:59:18 - INFO - epoch-98, train_loss-0.0067721, val_loss-0.0656252
2024-12-27 21:02:41 - INFO - epoch-99, train_loss-0.0065759, val_loss-0.0644453
2024-12-27 21:06:05 - INFO - epoch-100, train_loss-0.0062619, val_loss-0.0645853
2024-12-27 21:09:28 - INFO - epoch-101, train_loss-0.0061917, val_loss-0.0666120
2024-12-27 21:12:52 - INFO - epoch-102, train_loss-0.0065648, val_loss-0.0658474
2024-12-27 21:16:15 - INFO - epoch-103, train_loss-0.0068074, val_loss-0.0677231
2024-12-27 21:19:38 - INFO - epoch-104, train_loss-0.0064128, val_loss-0.0672236
2024-12-27 21:23:01 - INFO - epoch-105, train_loss-0.0062127, val_loss-0.0652384
2024-12-27 21:26:24 - INFO - epoch-106, train_loss-0.0060175, val_loss-0.0657922
2024-12-27 21:29:47 - INFO - epoch-107, train_loss-0.0060057, val_loss-0.0645456
2024-12-27 21:33:11 - INFO - epoch-108, train_loss-0.0062698, val_loss-0.0684635
2024-12-27 21:36:34 - INFO - epoch-109, train_loss-0.0064209, val_loss-0.0651584
2024-12-27 21:39:58 - INFO - epoch-110, train_loss-0.0062646, val_loss-0.0647365
2024-12-27 21:43:20 - INFO - epoch-111, train_loss-0.0060332, val_loss-0.0644825
2024-12-27 21:46:44 - INFO - epoch-112, train_loss-0.0057291, val_loss-0.0650989
2024-12-27 21:50:07 - INFO - epoch-113, train_loss-0.0058817, val_loss-0.0644357
2024-12-27 21:53:29 - INFO - epoch-114, train_loss-0.0059637, val_loss-0.0642567
2024-12-27 21:56:52 - INFO - epoch-115, train_loss-0.0060832, val_loss-0.0644670
2024-12-27 22:00:16 - INFO - epoch-116, train_loss-0.0058711, val_loss-0.0628036
2024-12-27 22:03:39 - INFO - epoch-117, train_loss-0.0060982, val_loss-0.0638952
2024-12-27 22:07:02 - INFO - epoch-118, train_loss-0.0060378, val_loss-0.0626979
2024-12-27 22:10:25 - INFO - epoch-119, train_loss-0.0058216, val_loss-0.0631701
2024-12-27 22:13:49 - INFO - epoch-120, train_loss-0.0054131, val_loss-0.0640009
2024-12-27 22:17:12 - INFO - epoch-121, train_loss-0.0054771, val_loss-0.0661251
2024-12-27 22:20:35 - INFO - epoch-122, train_loss-0.0058937, val_loss-0.0648435
2024-12-27 22:23:58 - INFO - epoch-123, train_loss-0.0060835, val_loss-0.0636518
2024-12-27 22:27:22 - INFO - epoch-124, train_loss-0.0059198, val_loss-0.0645338
2024-12-27 22:30:44 - INFO - epoch-125, train_loss-0.0055663, val_loss-0.0673270
2024-12-27 22:34:08 - INFO - epoch-126, train_loss-0.0052792, val_loss-0.0649725
2024-12-27 22:37:31 - INFO - epoch-127, train_loss-0.0053888, val_loss-0.0649704
2024-12-27 22:40:54 - INFO - epoch-128, train_loss-0.0058389, val_loss-0.0642450
2024-12-27 22:44:17 - INFO - epoch-129, train_loss-0.0058310, val_loss-0.0651387
2024-12-27 22:47:40 - INFO - epoch-130, train_loss-0.0055731, val_loss-0.0663597
2024-12-27 22:51:03 - INFO - epoch-131, train_loss-0.0053153, val_loss-0.0644546
2024-12-27 22:54:26 - INFO - epoch-132, train_loss-0.0050481, val_loss-0.0681615
2024-12-27 22:57:50 - INFO - epoch-133, train_loss-0.0052300, val_loss-0.0668450
2024-12-27 23:01:13 - INFO - epoch-134, train_loss-0.0056975, val_loss-0.0673788
2024-12-27 23:04:37 - INFO - epoch-135, train_loss-0.0061171, val_loss-0.0654645
2024-12-27 23:08:00 - INFO - epoch-136, train_loss-0.0057865, val_loss-0.0675478
2024-12-27 23:11:23 - INFO - epoch-137, train_loss-0.0050986, val_loss-0.0684638
2024-12-27 23:14:47 - INFO - epoch-138, train_loss-0.0048797, val_loss-0.0642507
2024-12-27 23:18:10 - INFO - epoch-139, train_loss-0.0048045, val_loss-0.0665251
2024-12-27 23:21:33 - INFO - epoch-140, train_loss-0.0050686, val_loss-0.0671775
2024-12-27 23:24:56 - INFO - epoch-141, train_loss-0.0057724, val_loss-0.0676293
2024-12-27 23:28:18 - INFO - epoch-142, train_loss-0.0062575, val_loss-0.0667981
2024-12-27 23:31:41 - INFO - epoch-143, train_loss-0.0057824, val_loss-0.0650185
2024-12-27 23:35:04 - INFO - epoch-144, train_loss-0.0049357, val_loss-0.0681661
2024-12-27 23:38:27 - INFO - epoch-145, train_loss-0.0045933, val_loss-0.0667065
2024-12-27 23:41:50 - INFO - epoch-146, train_loss-0.0043238, val_loss-0.0690422
2024-12-27 23:45:13 - INFO - epoch-147, train_loss-0.0048224, val_loss-0.0636872
2024-12-27 23:48:36 - INFO - epoch-148, train_loss-0.0062572, val_loss-0.0679358
2024-12-27 23:51:59 - INFO - epoch-149, train_loss-0.0067302, val_loss-0.0636700
2024-12-27 23:55:23 - INFO - epoch-150, train_loss-0.0054120, val_loss-0.0647927
2024-12-27 23:58:45 - INFO - epoch-151, train_loss-0.0042312, val_loss-0.0684440
2024-12-28 00:02:08 - INFO - epoch-152, train_loss-0.0038333, val_loss-0.0689124
2024-12-28 00:05:32 - INFO - epoch-153, train_loss-0.0041914, val_loss-0.0671409
2024-12-28 00:08:54 - INFO - epoch-154, train_loss-0.0058929, val_loss-0.0696147
2024-12-28 00:12:17 - INFO - epoch-155, train_loss-0.0071442, val_loss-0.0656876
2024-12-28 00:15:40 - INFO - epoch-156, train_loss-0.0057941, val_loss-0.0666748
2024-12-28 00:19:03 - INFO - epoch-157, train_loss-0.0044579, val_loss-0.0666481
2024-12-28 00:22:27 - INFO - epoch-158, train_loss-0.0035738, val_loss-0.0676205
2024-12-28 00:25:50 - INFO - epoch-159, train_loss-0.0034244, val_loss-0.0682857
2024-12-28 00:29:14 - INFO - epoch-160, train_loss-0.0044037, val_loss-0.0709207
2024-12-28 00:32:39 - INFO - epoch-161, train_loss-0.0079138, val_loss-0.0705744
2024-12-28 00:36:02 - INFO - epoch-162, train_loss-0.0072288, val_loss-0.0683692
2024-12-28 00:39:24 - INFO - epoch-163, train_loss-0.0049042, val_loss-0.0660650
2024-12-28 00:42:47 - INFO - epoch-164, train_loss-0.0035380, val_loss-0.0667291
2024-12-28 00:46:09 - INFO - epoch-165, train_loss-0.0030609, val_loss-0.0662427
2024-12-28 00:49:32 - INFO - epoch-166, train_loss-0.0033224, val_loss-0.0690417
2024-12-28 00:52:55 - INFO - epoch-167, train_loss-0.0055720, val_loss-0.0702397
2024-12-28 00:56:17 - INFO - epoch-168, train_loss-0.0090013, val_loss-0.0669790
2024-12-28 00:59:40 - INFO - epoch-169, train_loss-0.0063097, val_loss-0.0678736
2024-12-28 01:03:03 - INFO - epoch-170, train_loss-0.0042801, val_loss-0.0682224
2024-12-28 01:06:26 - INFO - epoch-171, train_loss-0.0033854, val_loss-0.0687488
2024-12-28 01:09:49 - INFO - epoch-172, train_loss-0.0031411, val_loss-0.0670467
2024-12-28 01:13:12 - INFO - epoch-173, train_loss-0.0035456, val_loss-0.0682839
2024-12-28 01:16:35 - INFO - epoch-174, train_loss-0.0064381, val_loss-0.0708435
2024-12-28 01:19:58 - INFO - epoch-175, train_loss-0.0080815, val_loss-0.0684126
2024-12-28 01:23:21 - INFO - epoch-176, train_loss-0.0056336, val_loss-0.0699320
2024-12-28 01:26:44 - INFO - epoch-177, train_loss-0.0039824, val_loss-0.0689980
2024-12-28 01:30:06 - INFO - epoch-178, train_loss-0.0032743, val_loss-0.0683549
2024-12-28 01:33:29 - INFO - epoch-179, train_loss-0.0033368, val_loss-0.0710366
2024-12-28 01:36:53 - INFO - epoch-180, train_loss-0.0038061, val_loss-0.0685157
2024-12-28 01:40:15 - INFO - epoch-181, train_loss-0.0065759, val_loss-0.0708984
2024-12-28 01:43:38 - INFO - epoch-182, train_loss-0.0076950, val_loss-0.0694741
2024-12-28 01:47:00 - INFO - epoch-183, train_loss-0.0054929, val_loss-0.0677158
2024-12-28 01:50:23 - INFO - epoch-184, train_loss-0.0038616, val_loss-0.0668542
2024-12-28 01:53:45 - INFO - epoch-185, train_loss-0.0030705, val_loss-0.0657930
2024-12-28 01:57:07 - INFO - epoch-186, train_loss-0.0029419, val_loss-0.0679154
2024-12-28 02:00:30 - INFO - epoch-187, train_loss-0.0037814, val_loss-0.0674629
2024-12-28 02:03:53 - INFO - epoch-188, train_loss-0.0078740, val_loss-0.0730765
2024-12-28 02:07:15 - INFO - epoch-189, train_loss-0.0076057, val_loss-0.0661437
2024-12-28 02:10:38 - INFO - epoch-190, train_loss-0.0049302, val_loss-0.0676052
2024-12-28 02:14:00 - INFO - epoch-191, train_loss-0.0035072, val_loss-0.0685919
2024-12-28 02:17:23 - INFO - epoch-192, train_loss-0.0028470, val_loss-0.0682395
2024-12-28 02:20:45 - INFO - epoch-193, train_loss-0.0027162, val_loss-0.0681994
2024-12-28 02:24:09 - INFO - epoch-194, train_loss-0.0037976, val_loss-0.0689884
2024-12-28 02:27:32 - INFO - epoch-195, train_loss-0.0082662, val_loss-0.0701001
2024-12-28 02:30:55 - INFO - epoch-196, train_loss-0.0077106, val_loss-0.0686648
2024-12-28 02:34:17 - INFO - epoch-197, train_loss-0.0048816, val_loss-0.0683205
2024-12-28 02:37:40 - INFO - epoch-198, train_loss-0.0033753, val_loss-0.0685372
2024-12-28 02:41:03 - INFO - epoch-199, train_loss-0.0027262, val_loss-0.0678718
2024-12-28 02:44:26 - INFO - epoch-200, train_loss-0.0026869, val_loss-0.0687948
2024-12-28 02:47:48 - INFO - epoch-201, train_loss-0.0035323, val_loss-0.0693247
2024-12-28 02:51:11 - INFO - epoch-202, train_loss-0.0088612, val_loss-0.0674539
2024-12-28 02:54:33 - INFO - epoch-203, train_loss-0.0074743, val_loss-0.0698515
2024-12-28 02:57:56 - INFO - epoch-204, train_loss-0.0046825, val_loss-0.0682206
2024-12-28 03:01:19 - INFO - epoch-205, train_loss-0.0032902, val_loss-0.0681262
2024-12-28 03:04:43 - INFO - epoch-206, train_loss-0.0027533, val_loss-0.0685178
2024-12-28 03:08:05 - INFO - epoch-207, train_loss-0.0027708, val_loss-0.0681432
2024-12-28 03:11:28 - INFO - epoch-208, train_loss-0.0036532, val_loss-0.0711053
2024-12-28 03:14:51 - INFO - epoch-209, train_loss-0.0087893, val_loss-0.0709692
2024-12-28 03:18:14 - INFO - epoch-210, train_loss-0.0072817, val_loss-0.0716030
2024-12-28 03:21:37 - INFO - epoch-211, train_loss-0.0045023, val_loss-0.0720054
2024-12-28 03:24:59 - INFO - epoch-212, train_loss-0.0031874, val_loss-0.0691848
2024-12-28 03:28:23 - INFO - epoch-213, train_loss-0.0026349, val_loss-0.0690638
2024-12-28 03:31:47 - INFO - epoch-214, train_loss-0.0027728, val_loss-0.0685692
2024-12-28 03:35:11 - INFO - epoch-215, train_loss-0.0037528, val_loss-0.0728992
2024-12-28 03:38:35 - INFO - epoch-216, train_loss-0.0088486, val_loss-0.0748729
2024-12-28 03:41:58 - INFO - epoch-217, train_loss-0.0073631, val_loss-0.0702358
2024-12-28 03:45:20 - INFO - epoch-218, train_loss-0.0044742, val_loss-0.0697275
2024-12-28 03:48:43 - INFO - epoch-219, train_loss-0.0030744, val_loss-0.0708856
2024-12-28 03:52:06 - INFO - epoch-220, train_loss-0.0025742, val_loss-0.0715835
2024-12-28 03:55:28 - INFO - epoch-221, train_loss-0.0025519, val_loss-0.0699930
2024-12-28 03:58:51 - INFO - epoch-222, train_loss-0.0035083, val_loss-0.0745273
2024-12-28 04:02:14 - INFO - epoch-223, train_loss-0.0090129, val_loss-0.0741198
2024-12-28 04:05:37 - INFO - epoch-224, train_loss-0.0075884, val_loss-0.0698042
2024-12-28 04:08:59 - INFO - epoch-225, train_loss-0.0046320, val_loss-0.0714286
2024-12-28 04:12:21 - INFO - epoch-226, train_loss-0.0031012, val_loss-0.0713896
2024-12-28 04:15:44 - INFO - epoch-227, train_loss-0.0025111, val_loss-0.0708623
2024-12-28 04:19:08 - INFO - epoch-228, train_loss-0.0025064, val_loss-0.0699221
2024-12-28 04:22:31 - INFO - epoch-229, train_loss-0.0031205, val_loss-0.0706692
2024-12-28 04:25:53 - INFO - epoch-230, train_loss-0.0081203, val_loss-0.0790289
2024-12-28 04:29:16 - INFO - epoch-231, train_loss-0.0084183, val_loss-0.0714597
2024-12-28 04:32:38 - INFO - epoch-232, train_loss-0.0049386, val_loss-0.0695918
2024-12-28 04:36:02 - INFO - epoch-233, train_loss-0.0032358, val_loss-0.0685139
2024-12-28 04:39:25 - INFO - epoch-234, train_loss-0.0025368, val_loss-0.0692373
2024-12-28 04:42:47 - INFO - epoch-235, train_loss-0.0023758, val_loss-0.0695760
2024-12-28 04:46:10 - INFO - epoch-236, train_loss-0.0028676, val_loss-0.0702671
2024-12-28 04:49:32 - INFO - epoch-237, train_loss-0.0068953, val_loss-0.0749921
2024-12-28 04:52:55 - INFO - epoch-238, train_loss-0.0090045, val_loss-0.0733506
2024-12-28 04:56:18 - INFO - epoch-239, train_loss-0.0051962, val_loss-0.0697103
2024-12-28 04:59:40 - INFO - epoch-240, train_loss-0.0033276, val_loss-0.0716764
2024-12-28 05:03:03 - INFO - epoch-241, train_loss-0.0026254, val_loss-0.0690459
2024-12-28 05:06:25 - INFO - epoch-242, train_loss-0.0024426, val_loss-0.0722841
2024-12-28 05:09:48 - INFO - epoch-243, train_loss-0.0027160, val_loss-0.0729418
2024-12-28 05:13:10 - INFO - epoch-244, train_loss-0.0060896, val_loss-0.0683183
2024-12-28 05:16:33 - INFO - epoch-245, train_loss-0.0094665, val_loss-0.0719494
2024-12-28 05:19:55 - INFO - epoch-246, train_loss-0.0057317, val_loss-0.0703906
2024-12-28 05:23:19 - INFO - epoch-247, train_loss-0.0036425, val_loss-0.0703674
2024-12-28 05:26:42 - INFO - epoch-248, train_loss-0.0026414, val_loss-0.0708706
2024-12-28 05:30:06 - INFO - epoch-249, train_loss-0.0022429, val_loss-0.0686446
2024-12-28 05:33:28 - INFO - epoch-250, train_loss-0.0023501, val_loss-0.0696960
2024-12-28 05:36:51 - INFO - epoch-251, train_loss-0.0041670, val_loss-0.0762092
2024-12-28 05:40:13 - INFO - epoch-252, train_loss-0.0104407, val_loss-0.0728647
2024-12-28 05:43:36 - INFO - epoch-253, train_loss-0.0065619, val_loss-0.0748554
2024-12-28 05:46:58 - INFO - epoch-254, train_loss-0.0039313, val_loss-0.0755788
2024-12-28 05:50:21 - INFO - epoch-255, train_loss-0.0026985, val_loss-0.0731492
2024-12-28 05:53:43 - INFO - epoch-256, train_loss-0.0023101, val_loss-0.0715338
2024-12-28 05:57:07 - INFO - epoch-257, train_loss-0.0024544, val_loss-0.0724739
2024-12-28 06:00:30 - INFO - epoch-258, train_loss-0.0036854, val_loss-0.0712740
2024-12-28 06:03:53 - INFO - epoch-259, train_loss-0.0098666, val_loss-0.0715460
2024-12-28 06:07:16 - INFO - epoch-260, train_loss-0.0068956, val_loss-0.0712693
2024-12-28 06:10:38 - INFO - epoch-261, train_loss-0.0039767, val_loss-0.0734084
2024-12-28 06:14:01 - INFO - epoch-262, train_loss-0.0028142, val_loss-0.0730437
2024-12-28 06:17:23 - INFO - epoch-263, train_loss-0.0023990, val_loss-0.0721753
2024-12-28 06:20:46 - INFO - epoch-264, train_loss-0.0024751, val_loss-0.0704263
2024-12-28 06:24:08 - INFO - epoch-265, train_loss-0.0033097, val_loss-0.0695447
2024-12-28 06:27:31 - INFO - epoch-266, train_loss-0.0089815, val_loss-0.0738695
2024-12-28 06:30:53 - INFO - epoch-267, train_loss-0.0075104, val_loss-0.0724804
2024-12-28 06:34:15 - INFO - epoch-268, train_loss-0.0043501, val_loss-0.0733510
2024-12-28 06:37:38 - INFO - epoch-269, train_loss-0.0029098, val_loss-0.0723698
2024-12-28 06:41:00 - INFO - epoch-270, train_loss-0.0024000, val_loss-0.0689531
2024-12-28 06:44:23 - INFO - epoch-271, train_loss-0.0024350, val_loss-0.0694732
2024-12-28 06:47:45 - INFO - epoch-272, train_loss-0.0031046, val_loss-0.0719880
2024-12-28 06:51:09 - INFO - epoch-273, train_loss-0.0074548, val_loss-0.0683547
2024-12-28 06:54:31 - INFO - epoch-274, train_loss-0.0080401, val_loss-0.0683222
2024-12-28 06:57:54 - INFO - epoch-275, train_loss-0.0047656, val_loss-0.0706880
2024-12-28 07:01:16 - INFO - epoch-276, train_loss-0.0031700, val_loss-0.0694502
2024-12-28 07:04:38 - INFO - epoch-277, train_loss-0.0024809, val_loss-0.0697249
2024-12-28 07:08:00 - INFO - epoch-278, train_loss-0.0022317, val_loss-0.0704012
2024-12-28 07:11:23 - INFO - epoch-279, train_loss-0.0025556, val_loss-0.0702092
2024-12-28 07:14:45 - INFO - epoch-280, train_loss-0.0068861, val_loss-0.0694256
2024-12-28 07:18:08 - INFO - epoch-281, train_loss-0.0089722, val_loss-0.0717910
2024-12-28 07:21:31 - INFO - epoch-282, train_loss-0.0051010, val_loss-0.0695117
2024-12-28 07:24:54 - INFO - epoch-283, train_loss-0.0032285, val_loss-0.0725498
2024-12-28 07:28:16 - INFO - epoch-284, train_loss-0.0024085, val_loss-0.0715361
2024-12-28 07:31:39 - INFO - epoch-285, train_loss-0.0022161, val_loss-0.0721688
2024-12-28 07:35:01 - INFO - epoch-286, train_loss-0.0025946, val_loss-0.0688786
2024-12-28 07:38:25 - INFO - epoch-287, train_loss-0.0057401, val_loss-0.0724851
2024-12-28 07:41:47 - INFO - epoch-288, train_loss-0.0094943, val_loss-0.0693464
2024-12-28 07:45:10 - INFO - epoch-289, train_loss-0.0055160, val_loss-0.0739430
2024-12-28 07:48:32 - INFO - epoch-290, train_loss-0.0034304, val_loss-0.0704511
2024-12-28 07:51:55 - INFO - epoch-291, train_loss-0.0024461, val_loss-0.0721232
2024-12-28 07:55:18 - INFO - epoch-292, train_loss-0.0021221, val_loss-0.0684408
2024-12-28 07:58:40 - INFO - epoch-293, train_loss-0.0023010, val_loss-0.0700007
2024-12-28 08:02:02 - INFO - epoch-294, train_loss-0.0035543, val_loss-0.0737124
2024-12-28 08:05:24 - INFO - epoch-295, train_loss-0.0103241, val_loss-0.0675768
2024-12-28 08:08:46 - INFO - epoch-296, train_loss-0.0069068, val_loss-0.0675213
2024-12-28 08:12:09 - INFO - epoch-297, train_loss-0.0039754, val_loss-0.0696190
2024-12-28 08:15:32 - INFO - epoch-298, train_loss-0.0026275, val_loss-0.0675091
2024-12-28 08:18:54 - INFO - epoch-299, train_loss-0.0021329, val_loss-0.0680033
