2025-03-19 15:07:22 - INFO - train data: 13259
2025-03-19 15:07:22 - INFO - train unqiue data: 13259
2025-03-19 15:07:22 - INFO - valid data: 1474
2025-03-19 15:07:22 - INFO - valid unqiue data: 1474
<<<<<<< HEAD
2025-03-19 15:12:14 - INFO - epoch-0, train_mse_loss-0.0003499, train_kl_loss-0.0019702, train_diff_loss-0.9192623, val_mse_loss-0.0016970, val_kl_loss-0.0004103, val_diff_loss-0.8123833
2025-03-19 15:16:34 - INFO - epoch-1, train_mse_loss-0.0003338, train_kl_loss-0.0003874, train_diff_loss-0.7368361, val_mse_loss-0.0020748, val_kl_loss-0.0005108, val_diff_loss-0.6643009
2025-03-19 15:20:54 - INFO - epoch-2, train_mse_loss-0.0003345, train_kl_loss-0.0005564, train_diff_loss-0.6118822, val_mse_loss-0.0011007, val_kl_loss-0.0006922, val_diff_loss-0.5700058
2025-03-19 15:21:03 - INFO - Saved new best model at epoch 2 with validation loss 0.5717986
2025-03-19 15:25:22 - INFO - epoch-3, train_mse_loss-0.0003347, train_kl_loss-0.0006809, train_diff_loss-0.5209465, val_mse_loss-0.0017326, val_kl_loss-0.0005980, val_diff_loss-0.4848281
2025-03-19 15:25:30 - INFO - Saved new best model at epoch 3 with validation loss 0.4871586
2025-03-19 15:29:50 - INFO - epoch-4, train_mse_loss-0.0003344, train_kl_loss-0.0008292, train_diff_loss-0.4723292, val_mse_loss-0.0009095, val_kl_loss-0.0008929, val_diff_loss-0.4617600
2025-03-19 15:30:00 - INFO - Saved new best model at epoch 4 with validation loss 0.4635624
2025-03-19 15:34:20 - INFO - epoch-5, train_mse_loss-0.0003343, train_kl_loss-0.0009387, train_diff_loss-0.4430781, val_mse_loss-0.0007574, val_kl_loss-0.0009009, val_diff_loss-0.4256033
2025-03-19 15:34:30 - INFO - Saved new best model at epoch 5 with validation loss 0.4272616
2025-03-19 15:38:49 - INFO - epoch-6, train_mse_loss-0.0003333, train_kl_loss-0.0009728, train_diff_loss-0.4208860, val_mse_loss-0.0005338, val_kl_loss-0.0008440, val_diff_loss-0.4017912
2025-03-19 15:38:57 - INFO - Saved new best model at epoch 6 with validation loss 0.4031690
2025-03-19 15:43:17 - INFO - epoch-7, train_mse_loss-0.0003329, train_kl_loss-0.0010302, train_diff_loss-0.4140646, val_mse_loss-0.0004610, val_kl_loss-0.0009134, val_diff_loss-0.4049741
2025-03-19 15:47:38 - INFO - epoch-8, train_mse_loss-0.0003323, train_kl_loss-0.0010481, train_diff_loss-0.4118219, val_mse_loss-0.0003609, val_kl_loss-0.0012172, val_diff_loss-0.3974172
2025-03-19 15:47:45 - INFO - Saved new best model at epoch 8 with validation loss 0.3989953
2025-03-19 15:52:09 - INFO - epoch-9, train_mse_loss-0.0003322, train_kl_loss-0.0010309, train_diff_loss-0.4060822, val_mse_loss-0.0003953, val_kl_loss-0.0008751, val_diff_loss-0.4090993
2025-03-19 15:56:33 - INFO - epoch-10, train_mse_loss-0.0003316, train_kl_loss-0.0009759, train_diff_loss-0.3947951, val_mse_loss-0.0003323, val_kl_loss-0.0009422, val_diff_loss-0.4020431
2025-03-19 16:00:54 - INFO - epoch-11, train_mse_loss-0.0003314, train_kl_loss-0.0009677, train_diff_loss-0.3935850, val_mse_loss-0.0003928, val_kl_loss-0.0010301, val_diff_loss-0.3904960
2025-03-19 16:01:02 - INFO - Saved new best model at epoch 11 with validation loss 0.3919189
2025-03-19 16:05:21 - INFO - epoch-12, train_mse_loss-0.0003302, train_kl_loss-0.0009800, train_diff_loss-0.3958140, val_mse_loss-0.0004546, val_kl_loss-0.0008777, val_diff_loss-0.3834182
2025-03-19 16:05:28 - INFO - Saved new best model at epoch 12 with validation loss 0.3847505
2025-03-19 16:09:49 - INFO - epoch-13, train_mse_loss-0.0003296, train_kl_loss-0.0009378, train_diff_loss-0.3875945, val_mse_loss-0.0005045, val_kl_loss-0.0012086, val_diff_loss-0.3759990
2025-03-19 16:09:57 - INFO - Saved new best model at epoch 13 with validation loss 0.3777122
2025-03-19 16:14:16 - INFO - epoch-14, train_mse_loss-0.0003289, train_kl_loss-0.0009280, train_diff_loss-0.3859168, val_mse_loss-0.0005273, val_kl_loss-0.0009429, val_diff_loss-0.3965327
2025-03-19 16:18:37 - INFO - epoch-15, train_mse_loss-0.0003284, train_kl_loss-0.0009295, train_diff_loss-0.3891490, val_mse_loss-0.0005384, val_kl_loss-0.0010334, val_diff_loss-0.3924746
2025-03-19 16:22:57 - INFO - epoch-16, train_mse_loss-0.0003282, train_kl_loss-0.0009072, train_diff_loss-0.3882501, val_mse_loss-0.0005404, val_kl_loss-0.0008648, val_diff_loss-0.3672984
2025-03-19 16:23:05 - INFO - Saved new best model at epoch 16 with validation loss 0.3687035
2025-03-19 16:27:26 - INFO - epoch-17, train_mse_loss-0.0003281, train_kl_loss-0.0008972, train_diff_loss-0.3880656, val_mse_loss-0.0005383, val_kl_loss-0.0010997, val_diff_loss-0.3688981
2025-03-19 16:31:48 - INFO - epoch-18, train_mse_loss-0.0003277, train_kl_loss-0.0008997, train_diff_loss-0.3880392, val_mse_loss-0.0005253, val_kl_loss-0.0008512, val_diff_loss-0.3652333
2025-03-19 16:31:57 - INFO - Saved new best model at epoch 18 with validation loss 0.3666097
2025-03-19 16:36:19 - INFO - epoch-19, train_mse_loss-0.0003274, train_kl_loss-0.0008816, train_diff_loss-0.3829437, val_mse_loss-0.0005087, val_kl_loss-0.0012650, val_diff_loss-0.3837333
2025-03-19 16:40:43 - INFO - epoch-20, train_mse_loss-0.0003273, train_kl_loss-0.0008826, train_diff_loss-0.3843975, val_mse_loss-0.0004938, val_kl_loss-0.0010150, val_diff_loss-0.3884824
2025-03-19 16:45:06 - INFO - epoch-21, train_mse_loss-0.0003271, train_kl_loss-0.0008970, train_diff_loss-0.3828482, val_mse_loss-0.0004384, val_kl_loss-0.0008357, val_diff_loss-0.3765675
2025-03-19 16:49:28 - INFO - epoch-22, train_mse_loss-0.0003268, train_kl_loss-0.0008894, train_diff_loss-0.3827218, val_mse_loss-0.0004099, val_kl_loss-0.0007045, val_diff_loss-0.3873608
2025-03-19 16:53:53 - INFO - epoch-23, train_mse_loss-0.0003264, train_kl_loss-0.0009043, train_diff_loss-0.3849702, val_mse_loss-0.0003760, val_kl_loss-0.0009655, val_diff_loss-0.3943771
2025-03-19 16:58:17 - INFO - epoch-24, train_mse_loss-0.0003260, train_kl_loss-0.0009066, train_diff_loss-0.3823475, val_mse_loss-0.0003795, val_kl_loss-0.0009447, val_diff_loss-0.3862038
2025-03-19 17:02:41 - INFO - epoch-25, train_mse_loss-0.0003256, train_kl_loss-0.0008926, train_diff_loss-0.3799432, val_mse_loss-0.0003706, val_kl_loss-0.0008890, val_diff_loss-0.3691662
2025-03-19 17:07:05 - INFO - epoch-26, train_mse_loss-0.0003254, train_kl_loss-0.0009109, train_diff_loss-0.3806004, val_mse_loss-0.0003648, val_kl_loss-0.0009812, val_diff_loss-0.3884203
2025-03-19 17:11:29 - INFO - epoch-27, train_mse_loss-0.0003252, train_kl_loss-0.0008714, train_diff_loss-0.3749731, val_mse_loss-0.0003561, val_kl_loss-0.0007123, val_diff_loss-0.3756097
2025-03-19 17:15:53 - INFO - epoch-28, train_mse_loss-0.0003250, train_kl_loss-0.0008988, train_diff_loss-0.3780269, val_mse_loss-0.0003480, val_kl_loss-0.0008688, val_diff_loss-0.3691543
2025-03-19 17:20:15 - INFO - epoch-29, train_mse_loss-0.0003248, train_kl_loss-0.0009138, train_diff_loss-0.3813452, val_mse_loss-0.0003439, val_kl_loss-0.0008940, val_diff_loss-0.3639781
2025-03-19 17:20:23 - INFO - Saved new best model at epoch 29 with validation loss 0.3652159
2025-03-19 17:24:44 - INFO - epoch-30, train_mse_loss-0.0003245, train_kl_loss-0.0009086, train_diff_loss-0.3794919, val_mse_loss-0.0003378, val_kl_loss-0.0009314, val_diff_loss-0.3667186
2025-03-19 17:29:05 - INFO - epoch-31, train_mse_loss-0.0003243, train_kl_loss-0.0008949, train_diff_loss-0.3785918, val_mse_loss-0.0003338, val_kl_loss-0.0009385, val_diff_loss-0.3961512
2025-03-19 17:33:25 - INFO - epoch-32, train_mse_loss-0.0003243, train_kl_loss-0.0009159, train_diff_loss-0.3800062, val_mse_loss-0.0003303, val_kl_loss-0.0008526, val_diff_loss-0.3832238
2025-03-19 17:37:46 - INFO - epoch-33, train_mse_loss-0.0003241, train_kl_loss-0.0009084, train_diff_loss-0.3794059, val_mse_loss-0.0003280, val_kl_loss-0.0008448, val_diff_loss-0.3767482
2025-03-19 17:42:07 - INFO - epoch-34, train_mse_loss-0.0003240, train_kl_loss-0.0009253, train_diff_loss-0.3841052, val_mse_loss-0.0003283, val_kl_loss-0.0008454, val_diff_loss-0.3636259
2025-03-19 17:42:15 - INFO - Saved new best model at epoch 34 with validation loss 0.3647996
2025-03-19 17:46:39 - INFO - epoch-35, train_mse_loss-0.0003239, train_kl_loss-0.0009229, train_diff_loss-0.3821451, val_mse_loss-0.0003310, val_kl_loss-0.0007357, val_diff_loss-0.3793966
2025-03-19 17:51:00 - INFO - epoch-36, train_mse_loss-0.0003239, train_kl_loss-0.0008866, train_diff_loss-0.3771057, val_mse_loss-0.0003338, val_kl_loss-0.0008958, val_diff_loss-0.3789979
2025-03-19 17:55:22 - INFO - epoch-37, train_mse_loss-0.0003238, train_kl_loss-0.0009273, train_diff_loss-0.3801697, val_mse_loss-0.0003345, val_kl_loss-0.0008045, val_diff_loss-0.3645927
2025-03-19 17:59:44 - INFO - epoch-38, train_mse_loss-0.0003238, train_kl_loss-0.0009074, train_diff_loss-0.3810189, val_mse_loss-0.0003344, val_kl_loss-0.0008870, val_diff_loss-0.3773411
2025-03-19 18:04:05 - INFO - epoch-39, train_mse_loss-0.0003237, train_kl_loss-0.0008789, train_diff_loss-0.3739862, val_mse_loss-0.0003346, val_kl_loss-0.0009302, val_diff_loss-0.3696980
2025-03-19 18:08:26 - INFO - epoch-40, train_mse_loss-0.0003237, train_kl_loss-0.0009173, train_diff_loss-0.3771339, val_mse_loss-0.0003337, val_kl_loss-0.0009225, val_diff_loss-0.3759230
2025-03-19 18:12:49 - INFO - epoch-41, train_mse_loss-0.0003237, train_kl_loss-0.0009337, train_diff_loss-0.3805111, val_mse_loss-0.0003326, val_kl_loss-0.0008534, val_diff_loss-0.3629969
2025-03-19 18:12:57 - INFO - Saved new best model at epoch 41 with validation loss 0.3641828
2025-03-19 18:17:16 - INFO - epoch-42, train_mse_loss-0.0003237, train_kl_loss-0.0009285, train_diff_loss-0.3817778, val_mse_loss-0.0003334, val_kl_loss-0.0008916, val_diff_loss-0.3899002
2025-03-19 18:21:36 - INFO - epoch-43, train_mse_loss-0.0003236, train_kl_loss-0.0008954, train_diff_loss-0.3733975, val_mse_loss-0.0003341, val_kl_loss-0.0009727, val_diff_loss-0.3794889
2025-03-19 18:25:55 - INFO - epoch-44, train_mse_loss-0.0003236, train_kl_loss-0.0009242, train_diff_loss-0.3812904, val_mse_loss-0.0003340, val_kl_loss-0.0009606, val_diff_loss-0.3748995
2025-03-19 18:30:16 - INFO - epoch-45, train_mse_loss-0.0003236, train_kl_loss-0.0009072, train_diff_loss-0.3791879, val_mse_loss-0.0003328, val_kl_loss-0.0009294, val_diff_loss-0.3532565
2025-03-19 18:30:24 - INFO - Saved new best model at epoch 45 with validation loss 0.3545188
2025-03-19 18:34:45 - INFO - epoch-46, train_mse_loss-0.0003236, train_kl_loss-0.0009195, train_diff_loss-0.3825815, val_mse_loss-0.0003324, val_kl_loss-0.0010473, val_diff_loss-0.3760801
2025-03-19 18:39:05 - INFO - epoch-47, train_mse_loss-0.0003236, train_kl_loss-0.0008924, train_diff_loss-0.3725731, val_mse_loss-0.0003342, val_kl_loss-0.0009575, val_diff_loss-0.3702973
2025-03-19 18:43:26 - INFO - epoch-48, train_mse_loss-0.0003236, train_kl_loss-0.0009199, train_diff_loss-0.3767542, val_mse_loss-0.0003321, val_kl_loss-0.0007502, val_diff_loss-0.3665799
2025-03-19 18:47:46 - INFO - epoch-49, train_mse_loss-0.0003236, train_kl_loss-0.0009086, train_diff_loss-0.3778551, val_mse_loss-0.0003322, val_kl_loss-0.0009673, val_diff_loss-0.3702460
2025-03-19 18:52:06 - INFO - epoch-50, train_mse_loss-0.0003236, train_kl_loss-0.0009067, train_diff_loss-0.3757395, val_mse_loss-0.0003322, val_kl_loss-0.0009241, val_diff_loss-0.3814474
2025-03-19 18:56:25 - INFO - epoch-51, train_mse_loss-0.0003236, train_kl_loss-0.0008981, train_diff_loss-0.3752121, val_mse_loss-0.0003319, val_kl_loss-0.0008999, val_diff_loss-0.3698149
2025-03-19 19:00:45 - INFO - epoch-52, train_mse_loss-0.0003236, train_kl_loss-0.0009235, train_diff_loss-0.3787808, val_mse_loss-0.0003316, val_kl_loss-0.0009161, val_diff_loss-0.3760744
2025-03-19 19:05:06 - INFO - epoch-53, train_mse_loss-0.0003235, train_kl_loss-0.0008994, train_diff_loss-0.3749364, val_mse_loss-0.0003322, val_kl_loss-0.0010678, val_diff_loss-0.3682164
2025-03-19 19:09:29 - INFO - epoch-54, train_mse_loss-0.0003236, train_kl_loss-0.0008945, train_diff_loss-0.3793459, val_mse_loss-0.0003318, val_kl_loss-0.0009453, val_diff_loss-0.3761214
2025-03-19 19:13:52 - INFO - epoch-55, train_mse_loss-0.0003236, train_kl_loss-0.0009004, train_diff_loss-0.3748907, val_mse_loss-0.0003324, val_kl_loss-0.0008799, val_diff_loss-0.3765911
2025-03-19 19:18:14 - INFO - epoch-56, train_mse_loss-0.0003236, train_kl_loss-0.0009095, train_diff_loss-0.3732328, val_mse_loss-0.0003329, val_kl_loss-0.0008340, val_diff_loss-0.3800686
2025-03-19 19:22:35 - INFO - epoch-57, train_mse_loss-0.0003236, train_kl_loss-0.0009090, train_diff_loss-0.3752438, val_mse_loss-0.0003320, val_kl_loss-0.0008880, val_diff_loss-0.3775776
2025-03-19 19:26:59 - INFO - epoch-58, train_mse_loss-0.0003236, train_kl_loss-0.0009096, train_diff_loss-0.3763786, val_mse_loss-0.0003332, val_kl_loss-0.0009405, val_diff_loss-0.3676474
2025-03-19 19:31:22 - INFO - epoch-59, train_mse_loss-0.0003236, train_kl_loss-0.0009442, train_diff_loss-0.3832575, val_mse_loss-0.0003334, val_kl_loss-0.0010025, val_diff_loss-0.3896338
2025-03-19 19:35:45 - INFO - epoch-60, train_mse_loss-0.0003236, train_kl_loss-0.0009243, train_diff_loss-0.3798199, val_mse_loss-0.0003331, val_kl_loss-0.0008567, val_diff_loss-0.3744502
2025-03-19 19:40:09 - INFO - epoch-61, train_mse_loss-0.0003236, train_kl_loss-0.0009060, train_diff_loss-0.3780083, val_mse_loss-0.0003334, val_kl_loss-0.0008944, val_diff_loss-0.3845308
2025-03-19 19:44:32 - INFO - epoch-62, train_mse_loss-0.0003236, train_kl_loss-0.0009308, train_diff_loss-0.3805047, val_mse_loss-0.0003342, val_kl_loss-0.0009007, val_diff_loss-0.3722372
2025-03-19 19:49:00 - INFO - epoch-63, train_mse_loss-0.0003236, train_kl_loss-0.0008990, train_diff_loss-0.3788705, val_mse_loss-0.0003352, val_kl_loss-0.0009856, val_diff_loss-0.3857195
2025-03-19 19:53:24 - INFO - epoch-64, train_mse_loss-0.0003236, train_kl_loss-0.0009298, train_diff_loss-0.3808485, val_mse_loss-0.0003356, val_kl_loss-0.0008145, val_diff_loss-0.3647189
2025-03-19 19:57:47 - INFO - epoch-65, train_mse_loss-0.0003236, train_kl_loss-0.0009325, train_diff_loss-0.3849632, val_mse_loss-0.0003336, val_kl_loss-0.0008944, val_diff_loss-0.3777976
2025-03-19 20:02:10 - INFO - epoch-66, train_mse_loss-0.0003236, train_kl_loss-0.0009399, train_diff_loss-0.3849584, val_mse_loss-0.0003346, val_kl_loss-0.0008642, val_diff_loss-0.3743438
2025-03-19 20:06:35 - INFO - epoch-67, train_mse_loss-0.0003236, train_kl_loss-0.0008957, train_diff_loss-0.3769613, val_mse_loss-0.0003349, val_kl_loss-0.0009222, val_diff_loss-0.3940120
2025-03-19 20:10:55 - INFO - epoch-68, train_mse_loss-0.0003236, train_kl_loss-0.0008874, train_diff_loss-0.3747407, val_mse_loss-0.0003351, val_kl_loss-0.0009363, val_diff_loss-0.3849383
2025-03-19 20:15:13 - INFO - epoch-69, train_mse_loss-0.0003236, train_kl_loss-0.0009111, train_diff_loss-0.3759850, val_mse_loss-0.0003345, val_kl_loss-0.0009611, val_diff_loss-0.3674231
2025-03-19 20:19:31 - INFO - epoch-70, train_mse_loss-0.0003236, train_kl_loss-0.0009034, train_diff_loss-0.3722300, val_mse_loss-0.0003343, val_kl_loss-0.0009063, val_diff_loss-0.3605824
2025-03-19 20:23:51 - INFO - epoch-71, train_mse_loss-0.0003236, train_kl_loss-0.0008968, train_diff_loss-0.3779376, val_mse_loss-0.0003348, val_kl_loss-0.0004286, val_diff_loss-0.3783748
2025-03-19 20:28:10 - INFO - epoch-72, train_mse_loss-0.0003236, train_kl_loss-0.0009052, train_diff_loss-0.3751135, val_mse_loss-0.0003351, val_kl_loss-0.0010431, val_diff_loss-0.3839446
2025-03-19 20:32:29 - INFO - epoch-73, train_mse_loss-0.0003236, train_kl_loss-0.0009344, train_diff_loss-0.3786295, val_mse_loss-0.0003347, val_kl_loss-0.0009628, val_diff_loss-0.3764501
2025-03-19 20:36:49 - INFO - epoch-74, train_mse_loss-0.0003235, train_kl_loss-0.0009608, train_diff_loss-0.3841537, val_mse_loss-0.0003359, val_kl_loss-0.0009242, val_diff_loss-0.3800688
2025-03-19 20:41:09 - INFO - epoch-75, train_mse_loss-0.0003235, train_kl_loss-0.0009161, train_diff_loss-0.3793386, val_mse_loss-0.0003353, val_kl_loss-0.0009526, val_diff_loss-0.3721660
2025-03-19 20:45:29 - INFO - epoch-76, train_mse_loss-0.0003235, train_kl_loss-0.0009145, train_diff_loss-0.3787439, val_mse_loss-0.0003361, val_kl_loss-0.0010661, val_diff_loss-0.3930528
2025-03-19 20:49:50 - INFO - epoch-77, train_mse_loss-0.0003235, train_kl_loss-0.0009297, train_diff_loss-0.3792089, val_mse_loss-0.0003354, val_kl_loss-0.0009487, val_diff_loss-0.3776378
2025-03-19 20:54:10 - INFO - epoch-78, train_mse_loss-0.0003235, train_kl_loss-0.0009189, train_diff_loss-0.3776122, val_mse_loss-0.0003367, val_kl_loss-0.0009469, val_diff_loss-0.3733490
2025-03-19 20:58:31 - INFO - epoch-79, train_mse_loss-0.0003235, train_kl_loss-0.0009231, train_diff_loss-0.3811443, val_mse_loss-0.0003368, val_kl_loss-0.0010157, val_diff_loss-0.3805870
2025-03-19 21:02:52 - INFO - epoch-80, train_mse_loss-0.0003235, train_kl_loss-0.0009360, train_diff_loss-0.3809829, val_mse_loss-0.0003373, val_kl_loss-0.0009418, val_diff_loss-0.3979101
2025-03-19 21:07:13 - INFO - epoch-81, train_mse_loss-0.0003235, train_kl_loss-0.0009074, train_diff_loss-0.3759781, val_mse_loss-0.0003372, val_kl_loss-0.0009550, val_diff_loss-0.3732351
2025-03-19 21:11:35 - INFO - epoch-82, train_mse_loss-0.0003235, train_kl_loss-0.0009117, train_diff_loss-0.3740877, val_mse_loss-0.0003376, val_kl_loss-0.0008604, val_diff_loss-0.3825673
2025-03-19 21:15:57 - INFO - epoch-83, train_mse_loss-0.0003235, train_kl_loss-0.0009100, train_diff_loss-0.3767578, val_mse_loss-0.0003365, val_kl_loss-0.0008271, val_diff_loss-0.3703529
2025-03-19 21:20:19 - INFO - epoch-84, train_mse_loss-0.0003235, train_kl_loss-0.0009013, train_diff_loss-0.3749157, val_mse_loss-0.0003385, val_kl_loss-0.0010205, val_diff_loss-0.3848111
2025-03-19 21:24:40 - INFO - epoch-85, train_mse_loss-0.0003235, train_kl_loss-0.0009281, train_diff_loss-0.3780597, val_mse_loss-0.0003383, val_kl_loss-0.0008450, val_diff_loss-0.3901163
2025-03-19 21:29:01 - INFO - epoch-86, train_mse_loss-0.0003235, train_kl_loss-0.0009189, train_diff_loss-0.3784298, val_mse_loss-0.0003391, val_kl_loss-0.0009655, val_diff_loss-0.3882585
2025-03-19 21:33:22 - INFO - epoch-87, train_mse_loss-0.0003235, train_kl_loss-0.0009439, train_diff_loss-0.3814479, val_mse_loss-0.0003394, val_kl_loss-0.0008861, val_diff_loss-0.3786725
2025-03-19 21:37:43 - INFO - epoch-88, train_mse_loss-0.0003235, train_kl_loss-0.0009070, train_diff_loss-0.3743819, val_mse_loss-0.0003386, val_kl_loss-0.0008660, val_diff_loss-0.3851399
2025-03-19 21:42:05 - INFO - epoch-89, train_mse_loss-0.0003235, train_kl_loss-0.0009106, train_diff_loss-0.3762819, val_mse_loss-0.0003386, val_kl_loss-0.0009145, val_diff_loss-0.3834084
2025-03-19 21:46:26 - INFO - epoch-90, train_mse_loss-0.0003235, train_kl_loss-0.0009453, train_diff_loss-0.3836893, val_mse_loss-0.0003389, val_kl_loss-0.0009559, val_diff_loss-0.3772111
2025-03-19 21:50:48 - INFO - epoch-91, train_mse_loss-0.0003235, train_kl_loss-0.0009193, train_diff_loss-0.3753229, val_mse_loss-0.0003394, val_kl_loss-0.0008938, val_diff_loss-0.3766704
2025-03-19 21:55:08 - INFO - epoch-92, train_mse_loss-0.0003235, train_kl_loss-0.0009087, train_diff_loss-0.3784999, val_mse_loss-0.0003406, val_kl_loss-0.0009746, val_diff_loss-0.3779346
2025-03-19 21:59:27 - INFO - epoch-93, train_mse_loss-0.0003235, train_kl_loss-0.0009251, train_diff_loss-0.3792935, val_mse_loss-0.0003403, val_kl_loss-0.0009392, val_diff_loss-0.3697970
2025-03-19 22:03:46 - INFO - epoch-94, train_mse_loss-0.0003235, train_kl_loss-0.0009180, train_diff_loss-0.3765656, val_mse_loss-0.0003404, val_kl_loss-0.0008029, val_diff_loss-0.3719799
2025-03-19 22:08:05 - INFO - epoch-95, train_mse_loss-0.0003235, train_kl_loss-0.0009090, train_diff_loss-0.3796489, val_mse_loss-0.0003403, val_kl_loss-0.0008640, val_diff_loss-0.3819067
2025-03-19 22:12:24 - INFO - epoch-96, train_mse_loss-0.0003235, train_kl_loss-0.0009566, train_diff_loss-0.3862162, val_mse_loss-0.0003401, val_kl_loss-0.0009523, val_diff_loss-0.3789916
2025-03-19 22:16:43 - INFO - epoch-97, train_mse_loss-0.0003235, train_kl_loss-0.0009276, train_diff_loss-0.3830336, val_mse_loss-0.0003401, val_kl_loss-0.0008727, val_diff_loss-0.3909248
2025-03-19 22:21:02 - INFO - epoch-98, train_mse_loss-0.0003235, train_kl_loss-0.0009029, train_diff_loss-0.3802112, val_mse_loss-0.0003418, val_kl_loss-0.0008635, val_diff_loss-0.3776935
2025-03-19 22:25:21 - INFO - epoch-99, train_mse_loss-0.0003235, train_kl_loss-0.0009174, train_diff_loss-0.3801822, val_mse_loss-0.0003411, val_kl_loss-0.0009696, val_diff_loss-0.3795909
2025-03-19 22:29:41 - INFO - epoch-100, train_mse_loss-0.0003235, train_kl_loss-0.0009248, train_diff_loss-0.3790893, val_mse_loss-0.0003419, val_kl_loss-0.0008827, val_diff_loss-0.3915496
2025-03-19 22:33:59 - INFO - epoch-101, train_mse_loss-0.0003235, train_kl_loss-0.0009257, train_diff_loss-0.3839532, val_mse_loss-0.0003412, val_kl_loss-0.0009106, val_diff_loss-0.3815334
2025-03-19 22:38:17 - INFO - epoch-102, train_mse_loss-0.0003235, train_kl_loss-0.0009156, train_diff_loss-0.3796707, val_mse_loss-0.0003413, val_kl_loss-0.0010162, val_diff_loss-0.3834050
2025-03-19 22:42:36 - INFO - epoch-103, train_mse_loss-0.0003235, train_kl_loss-0.0009277, train_diff_loss-0.3810022, val_mse_loss-0.0003422, val_kl_loss-0.0009856, val_diff_loss-0.3683546
2025-03-19 22:46:54 - INFO - epoch-104, train_mse_loss-0.0003235, train_kl_loss-0.0009153, train_diff_loss-0.3784303, val_mse_loss-0.0003416, val_kl_loss-0.0008354, val_diff_loss-0.3787116
2025-03-19 22:51:13 - INFO - epoch-105, train_mse_loss-0.0003235, train_kl_loss-0.0009240, train_diff_loss-0.3792911, val_mse_loss-0.0003419, val_kl_loss-0.0009336, val_diff_loss-0.3679232
2025-03-19 22:55:31 - INFO - epoch-106, train_mse_loss-0.0003235, train_kl_loss-0.0009063, train_diff_loss-0.3761701, val_mse_loss-0.0003424, val_kl_loss-0.0008443, val_diff_loss-0.3814094
2025-03-19 22:59:50 - INFO - epoch-107, train_mse_loss-0.0003235, train_kl_loss-0.0009055, train_diff_loss-0.3743712, val_mse_loss-0.0003421, val_kl_loss-0.0008567, val_diff_loss-0.3680581
2025-03-19 23:04:09 - INFO - epoch-108, train_mse_loss-0.0003235, train_kl_loss-0.0009010, train_diff_loss-0.3756854, val_mse_loss-0.0003421, val_kl_loss-0.0009401, val_diff_loss-0.3821234
2025-03-19 23:08:28 - INFO - epoch-109, train_mse_loss-0.0003235, train_kl_loss-0.0009091, train_diff_loss-0.3795815, val_mse_loss-0.0003426, val_kl_loss-0.0010132, val_diff_loss-0.3655120
2025-03-19 23:12:48 - INFO - epoch-110, train_mse_loss-0.0003235, train_kl_loss-0.0009446, train_diff_loss-0.3833307, val_mse_loss-0.0003428, val_kl_loss-0.0009321, val_diff_loss-0.3946767
2025-03-19 23:17:05 - INFO - epoch-111, train_mse_loss-0.0003235, train_kl_loss-0.0009081, train_diff_loss-0.3781188, val_mse_loss-0.0003428, val_kl_loss-0.0009750, val_diff_loss-0.3828147
2025-03-19 23:21:24 - INFO - epoch-112, train_mse_loss-0.0003235, train_kl_loss-0.0009306, train_diff_loss-0.3832822, val_mse_loss-0.0003431, val_kl_loss-0.0009568, val_diff_loss-0.3940190
2025-03-19 23:25:43 - INFO - epoch-113, train_mse_loss-0.0003235, train_kl_loss-0.0009186, train_diff_loss-0.3800396, val_mse_loss-0.0003434, val_kl_loss-0.0009389, val_diff_loss-0.3862307
2025-03-19 23:30:01 - INFO - epoch-114, train_mse_loss-0.0003235, train_kl_loss-0.0009141, train_diff_loss-0.3773608, val_mse_loss-0.0003434, val_kl_loss-0.0009138, val_diff_loss-0.3753943
2025-03-19 23:34:19 - INFO - epoch-115, train_mse_loss-0.0003235, train_kl_loss-0.0009390, train_diff_loss-0.3831722, val_mse_loss-0.0003437, val_kl_loss-0.0009483, val_diff_loss-0.3670592
2025-03-19 23:38:38 - INFO - epoch-116, train_mse_loss-0.0003235, train_kl_loss-0.0009181, train_diff_loss-0.3803874, val_mse_loss-0.0003434, val_kl_loss-0.0009779, val_diff_loss-0.3715324
2025-03-19 23:42:56 - INFO - epoch-117, train_mse_loss-0.0003235, train_kl_loss-0.0009138, train_diff_loss-0.3763517, val_mse_loss-0.0003435, val_kl_loss-0.0008764, val_diff_loss-0.3797652
2025-03-19 23:47:15 - INFO - epoch-118, train_mse_loss-0.0003235, train_kl_loss-0.0009195, train_diff_loss-0.3817664, val_mse_loss-0.0003436, val_kl_loss-0.0009664, val_diff_loss-0.3805293
2025-03-19 23:51:34 - INFO - epoch-119, train_mse_loss-0.0003235, train_kl_loss-0.0008930, train_diff_loss-0.3756634, val_mse_loss-0.0003436, val_kl_loss-0.0009975, val_diff_loss-0.3798008
2025-03-19 23:55:52 - INFO - epoch-120, train_mse_loss-0.0003235, train_kl_loss-0.0009394, train_diff_loss-0.3821272, val_mse_loss-0.0003442, val_kl_loss-0.0009773, val_diff_loss-0.3673245
2025-03-20 00:00:11 - INFO - epoch-121, train_mse_loss-0.0003235, train_kl_loss-0.0008740, train_diff_loss-0.3725950, val_mse_loss-0.0003437, val_kl_loss-0.0009081, val_diff_loss-0.3856026
2025-03-20 00:04:29 - INFO - epoch-122, train_mse_loss-0.0003235, train_kl_loss-0.0009070, train_diff_loss-0.3731768, val_mse_loss-0.0003440, val_kl_loss-0.0008881, val_diff_loss-0.3806537
2025-03-20 00:08:48 - INFO - epoch-123, train_mse_loss-0.0003235, train_kl_loss-0.0009272, train_diff_loss-0.3784021, val_mse_loss-0.0003443, val_kl_loss-0.0009324, val_diff_loss-0.3888741
2025-03-20 00:13:08 - INFO - epoch-124, train_mse_loss-0.0003235, train_kl_loss-0.0009496, train_diff_loss-0.3802694, val_mse_loss-0.0003444, val_kl_loss-0.0008494, val_diff_loss-0.3712584
2025-03-20 00:17:26 - INFO - epoch-125, train_mse_loss-0.0003235, train_kl_loss-0.0009006, train_diff_loss-0.3744797, val_mse_loss-0.0003442, val_kl_loss-0.0008673, val_diff_loss-0.3750917
2025-03-20 00:21:46 - INFO - epoch-126, train_mse_loss-0.0003235, train_kl_loss-0.0009196, train_diff_loss-0.3782324, val_mse_loss-0.0003446, val_kl_loss-0.0009299, val_diff_loss-0.3871515
2025-03-20 00:26:05 - INFO - epoch-127, train_mse_loss-0.0003235, train_kl_loss-0.0009307, train_diff_loss-0.3814986, val_mse_loss-0.0003443, val_kl_loss-0.0009589, val_diff_loss-0.3759714
2025-03-20 00:30:24 - INFO - epoch-128, train_mse_loss-0.0003235, train_kl_loss-0.0009164, train_diff_loss-0.3762124, val_mse_loss-0.0003445, val_kl_loss-0.0008716, val_diff_loss-0.3709911
2025-03-20 00:34:43 - INFO - epoch-129, train_mse_loss-0.0003235, train_kl_loss-0.0009131, train_diff_loss-0.3768830, val_mse_loss-0.0003446, val_kl_loss-0.0009696, val_diff_loss-0.3843259
2025-03-20 00:39:02 - INFO - epoch-130, train_mse_loss-0.0003235, train_kl_loss-0.0009325, train_diff_loss-0.3784310, val_mse_loss-0.0003442, val_kl_loss-0.0009747, val_diff_loss-0.3920117
2025-03-20 00:43:20 - INFO - epoch-131, train_mse_loss-0.0003235, train_kl_loss-0.0009317, train_diff_loss-0.3795094, val_mse_loss-0.0003446, val_kl_loss-0.0009190, val_diff_loss-0.3790695
2025-03-20 00:47:39 - INFO - epoch-132, train_mse_loss-0.0003235, train_kl_loss-0.0009221, train_diff_loss-0.3807884, val_mse_loss-0.0003445, val_kl_loss-0.0010106, val_diff_loss-0.3719125
2025-03-20 00:51:57 - INFO - epoch-133, train_mse_loss-0.0003235, train_kl_loss-0.0009079, train_diff_loss-0.3750088, val_mse_loss-0.0003446, val_kl_loss-0.0007816, val_diff_loss-0.3719359
2025-03-20 00:56:15 - INFO - epoch-134, train_mse_loss-0.0003235, train_kl_loss-0.0009094, train_diff_loss-0.3767967, val_mse_loss-0.0003453, val_kl_loss-0.0008794, val_diff_loss-0.3802565
2025-03-20 01:00:33 - INFO - epoch-135, train_mse_loss-0.0003235, train_kl_loss-0.0009175, train_diff_loss-0.3767891, val_mse_loss-0.0003454, val_kl_loss-0.0009537, val_diff_loss-0.3889988
2025-03-20 01:04:52 - INFO - epoch-136, train_mse_loss-0.0003235, train_kl_loss-0.0009454, train_diff_loss-0.3826167, val_mse_loss-0.0003449, val_kl_loss-0.0009545, val_diff_loss-0.3660815
2025-03-20 01:09:10 - INFO - epoch-137, train_mse_loss-0.0003236, train_kl_loss-0.0009591, train_diff_loss-0.3905749, val_mse_loss-0.0003451, val_kl_loss-0.0010250, val_diff_loss-0.3729958
2025-03-20 01:13:29 - INFO - epoch-138, train_mse_loss-0.0003235, train_kl_loss-0.0009130, train_diff_loss-0.3810482, val_mse_loss-0.0003450, val_kl_loss-0.0009266, val_diff_loss-0.3724414
2025-03-20 01:17:47 - INFO - epoch-139, train_mse_loss-0.0003236, train_kl_loss-0.0009280, train_diff_loss-0.3821159, val_mse_loss-0.0003448, val_kl_loss-0.0010050, val_diff_loss-0.3783508
2025-03-20 01:22:06 - INFO - epoch-140, train_mse_loss-0.0003236, train_kl_loss-0.0008967, train_diff_loss-0.3725066, val_mse_loss-0.0003448, val_kl_loss-0.0008789, val_diff_loss-0.3859953
2025-03-20 01:26:24 - INFO - epoch-141, train_mse_loss-0.0003236, train_kl_loss-0.0008974, train_diff_loss-0.3778888, val_mse_loss-0.0003461, val_kl_loss-0.0008683, val_diff_loss-0.3795641
2025-03-20 01:30:43 - INFO - epoch-142, train_mse_loss-0.0003236, train_kl_loss-0.0009040, train_diff_loss-0.3750558, val_mse_loss-0.0003455, val_kl_loss-0.0008971, val_diff_loss-0.3872261
2025-03-20 01:35:01 - INFO - epoch-143, train_mse_loss-0.0003236, train_kl_loss-0.0009130, train_diff_loss-0.3766616, val_mse_loss-0.0003460, val_kl_loss-0.0009546, val_diff_loss-0.3707185
2025-03-20 01:39:20 - INFO - epoch-144, train_mse_loss-0.0003236, train_kl_loss-0.0009119, train_diff_loss-0.3748216, val_mse_loss-0.0003455, val_kl_loss-0.0008763, val_diff_loss-0.3699993
2025-03-20 01:43:38 - INFO - epoch-145, train_mse_loss-0.0003236, train_kl_loss-0.0009192, train_diff_loss-0.3777011, val_mse_loss-0.0003456, val_kl_loss-0.0009421, val_diff_loss-0.3858764
2025-03-20 01:47:57 - INFO - epoch-146, train_mse_loss-0.0003236, train_kl_loss-0.0009083, train_diff_loss-0.3741011, val_mse_loss-0.0003459, val_kl_loss-0.0008795, val_diff_loss-0.3559975
2025-03-20 01:52:15 - INFO - epoch-147, train_mse_loss-0.0003236, train_kl_loss-0.0009129, train_diff_loss-0.3767447, val_mse_loss-0.0003453, val_kl_loss-0.0009170, val_diff_loss-0.3716849
2025-03-20 01:56:34 - INFO - epoch-148, train_mse_loss-0.0003236, train_kl_loss-0.0009501, train_diff_loss-0.3826736, val_mse_loss-0.0003449, val_kl_loss-0.0009412, val_diff_loss-0.3823121
2025-03-20 02:00:53 - INFO - epoch-149, train_mse_loss-0.0003236, train_kl_loss-0.0008941, train_diff_loss-0.3739967, val_mse_loss-0.0003464, val_kl_loss-0.0009119, val_diff_loss-0.3769824
2025-03-20 02:05:13 - INFO - epoch-150, train_mse_loss-0.0003236, train_kl_loss-0.0009223, train_diff_loss-0.3779388, val_mse_loss-0.0003460, val_kl_loss-0.0009644, val_diff_loss-0.3875304
2025-03-20 02:09:32 - INFO - epoch-151, train_mse_loss-0.0003236, train_kl_loss-0.0009434, train_diff_loss-0.3801644, val_mse_loss-0.0003463, val_kl_loss-0.0009355, val_diff_loss-0.3871929
2025-03-20 02:13:51 - INFO - epoch-152, train_mse_loss-0.0003236, train_kl_loss-0.0009409, train_diff_loss-0.3832854, val_mse_loss-0.0003461, val_kl_loss-0.0009325, val_diff_loss-0.3835484
2025-03-20 02:18:11 - INFO - epoch-153, train_mse_loss-0.0003236, train_kl_loss-0.0008965, train_diff_loss-0.3738816, val_mse_loss-0.0003467, val_kl_loss-0.0009727, val_diff_loss-0.3827403
2025-03-20 02:22:30 - INFO - epoch-154, train_mse_loss-0.0003236, train_kl_loss-0.0009559, train_diff_loss-0.3857002, val_mse_loss-0.0003461, val_kl_loss-0.0008969, val_diff_loss-0.3943184
2025-03-20 02:26:50 - INFO - epoch-155, train_mse_loss-0.0003236, train_kl_loss-0.0009185, train_diff_loss-0.3806762, val_mse_loss-0.0003468, val_kl_loss-0.0008957, val_diff_loss-0.3807589
2025-03-20 02:31:09 - INFO - epoch-156, train_mse_loss-0.0003236, train_kl_loss-0.0009029, train_diff_loss-0.3790501, val_mse_loss-0.0003463, val_kl_loss-0.0009748, val_diff_loss-0.3746294
2025-03-20 02:35:28 - INFO - epoch-157, train_mse_loss-0.0003236, train_kl_loss-0.0009189, train_diff_loss-0.3789343, val_mse_loss-0.0003473, val_kl_loss-0.0008754, val_diff_loss-0.3828428
2025-03-20 02:39:47 - INFO - epoch-158, train_mse_loss-0.0003236, train_kl_loss-0.0009094, train_diff_loss-0.3766787, val_mse_loss-0.0003463, val_kl_loss-0.0009609, val_diff_loss-0.3940170
2025-03-20 02:44:06 - INFO - epoch-159, train_mse_loss-0.0003236, train_kl_loss-0.0009259, train_diff_loss-0.3786766, val_mse_loss-0.0003469, val_kl_loss-0.0009591, val_diff_loss-0.3738745
2025-03-20 02:48:25 - INFO - epoch-160, train_mse_loss-0.0003236, train_kl_loss-0.0009236, train_diff_loss-0.3782871, val_mse_loss-0.0003462, val_kl_loss-0.0008156, val_diff_loss-0.3760310
2025-03-20 02:52:45 - INFO - epoch-161, train_mse_loss-0.0003236, train_kl_loss-0.0009351, train_diff_loss-0.3822878, val_mse_loss-0.0003462, val_kl_loss-0.0009793, val_diff_loss-0.3551535
2025-03-20 02:57:04 - INFO - epoch-162, train_mse_loss-0.0003236, train_kl_loss-0.0009150, train_diff_loss-0.3789148, val_mse_loss-0.0003470, val_kl_loss-0.0009332, val_diff_loss-0.3807030
2025-03-20 03:01:24 - INFO - epoch-163, train_mse_loss-0.0003236, train_kl_loss-0.0009397, train_diff_loss-0.3811003, val_mse_loss-0.0003461, val_kl_loss-0.0009372, val_diff_loss-0.3645723
2025-03-20 03:05:45 - INFO - epoch-164, train_mse_loss-0.0003236, train_kl_loss-0.0009110, train_diff_loss-0.3773302, val_mse_loss-0.0003466, val_kl_loss-0.0008936, val_diff_loss-0.3765429
2025-03-20 03:10:04 - INFO - epoch-165, train_mse_loss-0.0003236, train_kl_loss-0.0009060, train_diff_loss-0.3753510, val_mse_loss-0.0003463, val_kl_loss-0.0008502, val_diff_loss-0.3623647
2025-03-20 03:14:24 - INFO - epoch-166, train_mse_loss-0.0003236, train_kl_loss-0.0009145, train_diff_loss-0.3764887, val_mse_loss-0.0003468, val_kl_loss-0.0008844, val_diff_loss-0.3761885
2025-03-20 03:18:44 - INFO - epoch-167, train_mse_loss-0.0003236, train_kl_loss-0.0008956, train_diff_loss-0.3740732, val_mse_loss-0.0003463, val_kl_loss-0.0009592, val_diff_loss-0.3808610
2025-03-20 03:23:03 - INFO - epoch-168, train_mse_loss-0.0003236, train_kl_loss-0.0009248, train_diff_loss-0.3767349, val_mse_loss-0.0003466, val_kl_loss-0.0009238, val_diff_loss-0.3739882
2025-03-20 03:27:23 - INFO - epoch-169, train_mse_loss-0.0003236, train_kl_loss-0.0009451, train_diff_loss-0.3827455, val_mse_loss-0.0003469, val_kl_loss-0.0009729, val_diff_loss-0.3604003
2025-03-20 03:31:43 - INFO - epoch-170, train_mse_loss-0.0003236, train_kl_loss-0.0009278, train_diff_loss-0.3789352, val_mse_loss-0.0003470, val_kl_loss-0.0009169, val_diff_loss-0.3895119
2025-03-20 03:36:02 - INFO - epoch-171, train_mse_loss-0.0003236, train_kl_loss-0.0009193, train_diff_loss-0.3812713, val_mse_loss-0.0003466, val_kl_loss-0.0009455, val_diff_loss-0.3890642
2025-03-20 03:40:22 - INFO - epoch-172, train_mse_loss-0.0003237, train_kl_loss-0.0009246, train_diff_loss-0.3808057, val_mse_loss-0.0003466, val_kl_loss-0.0009808, val_diff_loss-0.3744658
2025-03-20 03:44:41 - INFO - epoch-173, train_mse_loss-0.0003237, train_kl_loss-0.0008938, train_diff_loss-0.3730014, val_mse_loss-0.0003466, val_kl_loss-0.0008297, val_diff_loss-0.3611207
2025-03-20 03:49:00 - INFO - epoch-174, train_mse_loss-0.0003237, train_kl_loss-0.0009086, train_diff_loss-0.3777418, val_mse_loss-0.0003465, val_kl_loss-0.0009442, val_diff_loss-0.3722069
2025-03-20 03:53:19 - INFO - epoch-175, train_mse_loss-0.0003237, train_kl_loss-0.0009075, train_diff_loss-0.3779716, val_mse_loss-0.0003466, val_kl_loss-0.0008815, val_diff_loss-0.3901555
2025-03-20 03:57:38 - INFO - epoch-176, train_mse_loss-0.0003237, train_kl_loss-0.0009077, train_diff_loss-0.3752016, val_mse_loss-0.0003470, val_kl_loss-0.0009203, val_diff_loss-0.3578542
2025-03-20 04:01:57 - INFO - epoch-177, train_mse_loss-0.0003237, train_kl_loss-0.0009268, train_diff_loss-0.3797722, val_mse_loss-0.0003475, val_kl_loss-0.0009945, val_diff_loss-0.3847686
2025-03-20 04:06:15 - INFO - epoch-178, train_mse_loss-0.0003237, train_kl_loss-0.0009085, train_diff_loss-0.3743168, val_mse_loss-0.0003477, val_kl_loss-0.0009235, val_diff_loss-0.3628453
2025-03-20 04:10:34 - INFO - epoch-179, train_mse_loss-0.0003237, train_kl_loss-0.0009291, train_diff_loss-0.3818461, val_mse_loss-0.0003473, val_kl_loss-0.0010281, val_diff_loss-0.3930424
2025-03-20 04:14:54 - INFO - epoch-180, train_mse_loss-0.0003237, train_kl_loss-0.0009480, train_diff_loss-0.3838127, val_mse_loss-0.0003470, val_kl_loss-0.0008971, val_diff_loss-0.3906412
2025-03-20 04:19:13 - INFO - epoch-181, train_mse_loss-0.0003237, train_kl_loss-0.0008972, train_diff_loss-0.3750575, val_mse_loss-0.0003469, val_kl_loss-0.0009256, val_diff_loss-0.3845657
2025-03-20 04:23:32 - INFO - epoch-182, train_mse_loss-0.0003237, train_kl_loss-0.0009132, train_diff_loss-0.3766626, val_mse_loss-0.0003472, val_kl_loss-0.0008799, val_diff_loss-0.3766478
2025-03-20 04:27:51 - INFO - epoch-183, train_mse_loss-0.0003237, train_kl_loss-0.0009298, train_diff_loss-0.3800219, val_mse_loss-0.0003469, val_kl_loss-0.0009118, val_diff_loss-0.3686209
2025-03-20 04:32:10 - INFO - epoch-184, train_mse_loss-0.0003237, train_kl_loss-0.0008990, train_diff_loss-0.3751186, val_mse_loss-0.0003458, val_kl_loss-0.0009605, val_diff_loss-0.3722958
2025-03-20 04:36:30 - INFO - epoch-185, train_mse_loss-0.0003237, train_kl_loss-0.0009265, train_diff_loss-0.3770128, val_mse_loss-0.0003465, val_kl_loss-0.0008466, val_diff_loss-0.3938796
2025-03-20 04:40:49 - INFO - epoch-186, train_mse_loss-0.0003238, train_kl_loss-0.0009302, train_diff_loss-0.3806000, val_mse_loss-0.0003462, val_kl_loss-0.0009845, val_diff_loss-0.3826891
2025-03-20 04:45:09 - INFO - epoch-187, train_mse_loss-0.0003238, train_kl_loss-0.0009313, train_diff_loss-0.3799801, val_mse_loss-0.0003460, val_kl_loss-0.0009146, val_diff_loss-0.3775220
2025-03-20 04:49:28 - INFO - epoch-188, train_mse_loss-0.0003238, train_kl_loss-0.0008971, train_diff_loss-0.3760581, val_mse_loss-0.0003467, val_kl_loss-0.0009113, val_diff_loss-0.3966108
2025-03-20 04:53:47 - INFO - epoch-189, train_mse_loss-0.0003238, train_kl_loss-0.0009336, train_diff_loss-0.3808712, val_mse_loss-0.0003456, val_kl_loss-0.0008988, val_diff_loss-0.3776190
2025-03-20 04:58:06 - INFO - epoch-190, train_mse_loss-0.0003238, train_kl_loss-0.0009227, train_diff_loss-0.3806705, val_mse_loss-0.0003462, val_kl_loss-0.0009265, val_diff_loss-0.3731879
2025-03-20 05:02:26 - INFO - epoch-191, train_mse_loss-0.0003238, train_kl_loss-0.0008988, train_diff_loss-0.3804670, val_mse_loss-0.0003457, val_kl_loss-0.0012220, val_diff_loss-0.3829049
2025-03-20 05:06:45 - INFO - epoch-192, train_mse_loss-0.0003238, train_kl_loss-0.0009315, train_diff_loss-0.3778260, val_mse_loss-0.0003467, val_kl_loss-0.0008281, val_diff_loss-0.3634254
2025-03-20 05:11:03 - INFO - epoch-193, train_mse_loss-0.0003238, train_kl_loss-0.0009297, train_diff_loss-0.3806813, val_mse_loss-0.0003475, val_kl_loss-0.0009220, val_diff_loss-0.3693364
2025-03-20 05:15:22 - INFO - epoch-194, train_mse_loss-0.0003238, train_kl_loss-0.0009075, train_diff_loss-0.3778815, val_mse_loss-0.0003478, val_kl_loss-0.0009945, val_diff_loss-0.3897821
2025-03-20 05:19:41 - INFO - epoch-195, train_mse_loss-0.0003238, train_kl_loss-0.0009313, train_diff_loss-0.3812097, val_mse_loss-0.0003472, val_kl_loss-0.0008236, val_diff_loss-0.3753370
2025-03-20 05:24:00 - INFO - epoch-196, train_mse_loss-0.0003238, train_kl_loss-0.0009296, train_diff_loss-0.3803058, val_mse_loss-0.0003474, val_kl_loss-0.0009195, val_diff_loss-0.3847357
2025-03-20 05:28:20 - INFO - epoch-197, train_mse_loss-0.0003238, train_kl_loss-0.0009196, train_diff_loss-0.3797219, val_mse_loss-0.0003480, val_kl_loss-0.0009624, val_diff_loss-0.3662918
2025-03-20 05:32:38 - INFO - epoch-198, train_mse_loss-0.0003238, train_kl_loss-0.0009132, train_diff_loss-0.3797629, val_mse_loss-0.0003481, val_kl_loss-0.0008791, val_diff_loss-0.3720078
2025-03-20 05:36:58 - INFO - epoch-199, train_mse_loss-0.0003238, train_kl_loss-0.0009153, train_diff_loss-0.3783382, val_mse_loss-0.0003487, val_kl_loss-0.0009183, val_diff_loss-0.3858883
2025-03-20 05:41:17 - INFO - epoch-200, train_mse_loss-0.0003238, train_kl_loss-0.0009041, train_diff_loss-0.3755648, val_mse_loss-0.0003498, val_kl_loss-0.0009081, val_diff_loss-0.3829725
2025-03-20 05:45:37 - INFO - epoch-201, train_mse_loss-0.0003238, train_kl_loss-0.0009140, train_diff_loss-0.3741289, val_mse_loss-0.0003502, val_kl_loss-0.0009432, val_diff_loss-0.3767159
2025-03-20 05:49:56 - INFO - epoch-202, train_mse_loss-0.0003238, train_kl_loss-0.0009084, train_diff_loss-0.3739406, val_mse_loss-0.0003513, val_kl_loss-0.0009362, val_diff_loss-0.3965570
2025-03-20 05:54:14 - INFO - epoch-203, train_mse_loss-0.0003238, train_kl_loss-0.0009129, train_diff_loss-0.3749055, val_mse_loss-0.0003510, val_kl_loss-0.0009079, val_diff_loss-0.3702004
2025-03-20 05:58:33 - INFO - epoch-204, train_mse_loss-0.0003238, train_kl_loss-0.0009294, train_diff_loss-0.3815589, val_mse_loss-0.0003510, val_kl_loss-0.0009060, val_diff_loss-0.3815238
2025-03-20 06:02:52 - INFO - epoch-205, train_mse_loss-0.0003238, train_kl_loss-0.0009216, train_diff_loss-0.3804005, val_mse_loss-0.0003512, val_kl_loss-0.0008891, val_diff_loss-0.3881999
2025-03-20 06:07:14 - INFO - epoch-206, train_mse_loss-0.0003238, train_kl_loss-0.0009055, train_diff_loss-0.3761775, val_mse_loss-0.0003513, val_kl_loss-0.0009020, val_diff_loss-0.3664985
2025-03-20 06:11:33 - INFO - epoch-207, train_mse_loss-0.0003238, train_kl_loss-0.0009271, train_diff_loss-0.3794183, val_mse_loss-0.0003513, val_kl_loss-0.0009867, val_diff_loss-0.3875857
2025-03-20 06:15:52 - INFO - epoch-208, train_mse_loss-0.0003238, train_kl_loss-0.0009073, train_diff_loss-0.3753202, val_mse_loss-0.0003513, val_kl_loss-0.0009240, val_diff_loss-0.3710857
2025-03-20 06:20:11 - INFO - epoch-209, train_mse_loss-0.0003238, train_kl_loss-0.0009363, train_diff_loss-0.3787908, val_mse_loss-0.0003514, val_kl_loss-0.0009112, val_diff_loss-0.3760239
2025-03-20 06:24:30 - INFO - epoch-210, train_mse_loss-0.0003238, train_kl_loss-0.0009410, train_diff_loss-0.3848681, val_mse_loss-0.0003520, val_kl_loss-0.0009677, val_diff_loss-0.3831465
2025-03-20 06:28:49 - INFO - epoch-211, train_mse_loss-0.0003238, train_kl_loss-0.0009247, train_diff_loss-0.3823611, val_mse_loss-0.0003502, val_kl_loss-0.0009727, val_diff_loss-0.3690720
2025-03-20 06:33:09 - INFO - epoch-212, train_mse_loss-0.0003238, train_kl_loss-0.0009327, train_diff_loss-0.3844759, val_mse_loss-0.0003512, val_kl_loss-0.0009375, val_diff_loss-0.3815895
2025-03-20 06:37:28 - INFO - epoch-213, train_mse_loss-0.0003238, train_kl_loss-0.0009344, train_diff_loss-0.3846557, val_mse_loss-0.0003502, val_kl_loss-0.0009393, val_diff_loss-0.3783866
2025-03-20 06:41:48 - INFO - epoch-214, train_mse_loss-0.0003238, train_kl_loss-0.0009119, train_diff_loss-0.3789945, val_mse_loss-0.0003498, val_kl_loss-0.0009531, val_diff_loss-0.3753804
2025-03-20 06:46:07 - INFO - epoch-215, train_mse_loss-0.0003238, train_kl_loss-0.0009293, train_diff_loss-0.3807561, val_mse_loss-0.0003506, val_kl_loss-0.0009823, val_diff_loss-0.3873976
2025-03-20 06:50:27 - INFO - epoch-216, train_mse_loss-0.0003238, train_kl_loss-0.0009406, train_diff_loss-0.3806020, val_mse_loss-0.0003513, val_kl_loss-0.0009399, val_diff_loss-0.3753492
2025-03-20 06:54:45 - INFO - epoch-217, train_mse_loss-0.0003238, train_kl_loss-0.0009098, train_diff_loss-0.3786693, val_mse_loss-0.0003506, val_kl_loss-0.0008445, val_diff_loss-0.3813722
2025-03-20 06:59:05 - INFO - epoch-218, train_mse_loss-0.0003238, train_kl_loss-0.0009255, train_diff_loss-0.3824206, val_mse_loss-0.0003503, val_kl_loss-0.0009255, val_diff_loss-0.3849504
2025-03-20 07:03:24 - INFO - epoch-219, train_mse_loss-0.0003238, train_kl_loss-0.0009059, train_diff_loss-0.3748921, val_mse_loss-0.0003506, val_kl_loss-0.0009021, val_diff_loss-0.3973194
2025-03-20 07:07:43 - INFO - epoch-220, train_mse_loss-0.0003238, train_kl_loss-0.0009258, train_diff_loss-0.3819415, val_mse_loss-0.0003513, val_kl_loss-0.0009542, val_diff_loss-0.3868880
2025-03-20 07:12:02 - INFO - epoch-221, train_mse_loss-0.0003238, train_kl_loss-0.0009038, train_diff_loss-0.3754685, val_mse_loss-0.0003506, val_kl_loss-0.0009228, val_diff_loss-0.3814560
2025-03-20 07:16:22 - INFO - epoch-222, train_mse_loss-0.0003238, train_kl_loss-0.0009315, train_diff_loss-0.3857032, val_mse_loss-0.0003510, val_kl_loss-0.0006598, val_diff_loss-0.3913775
2025-03-20 07:20:41 - INFO - epoch-223, train_mse_loss-0.0003238, train_kl_loss-0.0009318, train_diff_loss-0.3829853, val_mse_loss-0.0003508, val_kl_loss-0.0009955, val_diff_loss-0.3731664
2025-03-20 07:25:00 - INFO - epoch-224, train_mse_loss-0.0003238, train_kl_loss-0.0009129, train_diff_loss-0.3798311, val_mse_loss-0.0003523, val_kl_loss-0.0008868, val_diff_loss-0.3905285
2025-03-20 07:29:20 - INFO - epoch-225, train_mse_loss-0.0003238, train_kl_loss-0.0009169, train_diff_loss-0.3787331, val_mse_loss-0.0003512, val_kl_loss-0.0008782, val_diff_loss-0.3730489
2025-03-20 07:33:40 - INFO - epoch-226, train_mse_loss-0.0003238, train_kl_loss-0.0008833, train_diff_loss-0.3723850, val_mse_loss-0.0003511, val_kl_loss-0.0009048, val_diff_loss-0.3963830
2025-03-20 07:38:02 - INFO - epoch-227, train_mse_loss-0.0003238, train_kl_loss-0.0009434, train_diff_loss-0.3845884, val_mse_loss-0.0003506, val_kl_loss-0.0009553, val_diff_loss-0.3822477
2025-03-20 07:42:21 - INFO - epoch-228, train_mse_loss-0.0003238, train_kl_loss-0.0009172, train_diff_loss-0.3773865, val_mse_loss-0.0003512, val_kl_loss-0.0008662, val_diff_loss-0.3645551
2025-03-20 07:46:40 - INFO - epoch-229, train_mse_loss-0.0003238, train_kl_loss-0.0008967, train_diff_loss-0.3770074, val_mse_loss-0.0003516, val_kl_loss-0.0008891, val_diff_loss-0.3956549
2025-03-20 07:50:59 - INFO - epoch-230, train_mse_loss-0.0003238, train_kl_loss-0.0009098, train_diff_loss-0.3786005, val_mse_loss-0.0003512, val_kl_loss-0.0009591, val_diff_loss-0.3610940
2025-03-20 07:55:18 - INFO - epoch-231, train_mse_loss-0.0003238, train_kl_loss-0.0009416, train_diff_loss-0.3833962, val_mse_loss-0.0003514, val_kl_loss-0.0008585, val_diff_loss-0.3350166
2025-03-20 07:55:26 - INFO - Saved new best model at epoch 231 with validation loss 0.3362264
2025-03-20 07:59:47 - INFO - epoch-232, train_mse_loss-0.0003238, train_kl_loss-0.0009118, train_diff_loss-0.3789392, val_mse_loss-0.0003515, val_kl_loss-0.0009333, val_diff_loss-0.3750546
2025-03-20 08:04:06 - INFO - epoch-233, train_mse_loss-0.0003238, train_kl_loss-0.0009045, train_diff_loss-0.3779589, val_mse_loss-0.0003517, val_kl_loss-0.0009950, val_diff_loss-0.3837792
2025-03-20 08:08:25 - INFO - epoch-234, train_mse_loss-0.0003238, train_kl_loss-0.0009322, train_diff_loss-0.3848420, val_mse_loss-0.0003520, val_kl_loss-0.0009845, val_diff_loss-0.3785058
2025-03-20 08:12:43 - INFO - epoch-235, train_mse_loss-0.0003238, train_kl_loss-0.0009268, train_diff_loss-0.3820980, val_mse_loss-0.0003515, val_kl_loss-0.0009656, val_diff_loss-0.3863821
2025-03-20 08:17:01 - INFO - epoch-236, train_mse_loss-0.0003238, train_kl_loss-0.0009330, train_diff_loss-0.3824666, val_mse_loss-0.0003518, val_kl_loss-0.0009923, val_diff_loss-0.3817051
2025-03-20 08:21:20 - INFO - epoch-237, train_mse_loss-0.0003238, train_kl_loss-0.0009129, train_diff_loss-0.3795995, val_mse_loss-0.0003514, val_kl_loss-0.0009241, val_diff_loss-0.3688793
2025-03-20 08:25:39 - INFO - epoch-238, train_mse_loss-0.0003238, train_kl_loss-0.0009231, train_diff_loss-0.3825657, val_mse_loss-0.0003514, val_kl_loss-0.0009422, val_diff_loss-0.3693078
2025-03-20 08:29:58 - INFO - epoch-239, train_mse_loss-0.0003238, train_kl_loss-0.0008941, train_diff_loss-0.3728962, val_mse_loss-0.0003519, val_kl_loss-0.0009618, val_diff_loss-0.3665898
2025-03-20 08:34:16 - INFO - epoch-240, train_mse_loss-0.0003238, train_kl_loss-0.0009183, train_diff_loss-0.3764623, val_mse_loss-0.0003508, val_kl_loss-0.0009697, val_diff_loss-0.3958014
2025-03-20 08:38:35 - INFO - epoch-241, train_mse_loss-0.0003238, train_kl_loss-0.0009471, train_diff_loss-0.3802886, val_mse_loss-0.0003517, val_kl_loss-0.0009339, val_diff_loss-0.3837355
2025-03-20 08:42:53 - INFO - epoch-242, train_mse_loss-0.0003238, train_kl_loss-0.0008895, train_diff_loss-0.3714017, val_mse_loss-0.0003509, val_kl_loss-0.0009258, val_diff_loss-0.3775868
2025-03-20 08:47:12 - INFO - epoch-243, train_mse_loss-0.0003238, train_kl_loss-0.0009123, train_diff_loss-0.3756602, val_mse_loss-0.0003506, val_kl_loss-0.0009480, val_diff_loss-0.3856144
2025-03-20 08:51:30 - INFO - epoch-244, train_mse_loss-0.0003238, train_kl_loss-0.0009362, train_diff_loss-0.3808300, val_mse_loss-0.0003515, val_kl_loss-0.0009117, val_diff_loss-0.3771468
2025-03-20 08:55:49 - INFO - epoch-245, train_mse_loss-0.0003238, train_kl_loss-0.0009175, train_diff_loss-0.3781392, val_mse_loss-0.0003507, val_kl_loss-0.0009463, val_diff_loss-0.3643276
2025-03-20 09:00:08 - INFO - epoch-246, train_mse_loss-0.0003238, train_kl_loss-0.0009290, train_diff_loss-0.3811805, val_mse_loss-0.0003516, val_kl_loss-0.0009603, val_diff_loss-0.3737581
2025-03-20 09:04:28 - INFO - epoch-247, train_mse_loss-0.0003238, train_kl_loss-0.0009152, train_diff_loss-0.3748521, val_mse_loss-0.0003517, val_kl_loss-0.0008387, val_diff_loss-0.3741231
2025-03-20 09:08:47 - INFO - epoch-248, train_mse_loss-0.0003238, train_kl_loss-0.0009302, train_diff_loss-0.3835772, val_mse_loss-0.0003508, val_kl_loss-0.0009104, val_diff_loss-0.3668912
2025-03-20 09:13:06 - INFO - epoch-249, train_mse_loss-0.0003238, train_kl_loss-0.0009265, train_diff_loss-0.3813546, val_mse_loss-0.0003513, val_kl_loss-0.0009463, val_diff_loss-0.3804475
2025-03-20 09:17:25 - INFO - epoch-250, train_mse_loss-0.0003238, train_kl_loss-0.0009374, train_diff_loss-0.3813746, val_mse_loss-0.0003499, val_kl_loss-0.0009095, val_diff_loss-0.3867499
2025-03-20 09:21:45 - INFO - epoch-251, train_mse_loss-0.0003238, train_kl_loss-0.0009086, train_diff_loss-0.3792275, val_mse_loss-0.0003516, val_kl_loss-0.0009256, val_diff_loss-0.3818063
2025-03-20 09:26:05 - INFO - epoch-252, train_mse_loss-0.0003238, train_kl_loss-0.0009104, train_diff_loss-0.3756190, val_mse_loss-0.0003511, val_kl_loss-0.0008929, val_diff_loss-0.3793846
2025-03-20 09:30:25 - INFO - epoch-253, train_mse_loss-0.0003238, train_kl_loss-0.0009407, train_diff_loss-0.3827568, val_mse_loss-0.0003502, val_kl_loss-0.0009490, val_diff_loss-0.3829004
2025-03-20 09:34:45 - INFO - epoch-254, train_mse_loss-0.0003238, train_kl_loss-0.0009229, train_diff_loss-0.3788609, val_mse_loss-0.0003520, val_kl_loss-0.0009453, val_diff_loss-0.3927493
2025-03-20 09:39:06 - INFO - epoch-255, train_mse_loss-0.0003238, train_kl_loss-0.0008970, train_diff_loss-0.3740732, val_mse_loss-0.0003517, val_kl_loss-0.0008527, val_diff_loss-0.3653946
2025-03-20 09:43:26 - INFO - epoch-256, train_mse_loss-0.0003238, train_kl_loss-0.0009121, train_diff_loss-0.3747141, val_mse_loss-0.0003520, val_kl_loss-0.0008558, val_diff_loss-0.3952071
2025-03-20 09:47:47 - INFO - epoch-257, train_mse_loss-0.0003238, train_kl_loss-0.0009234, train_diff_loss-0.3803063, val_mse_loss-0.0003509, val_kl_loss-0.0009567, val_diff_loss-0.3766920
2025-03-20 09:52:08 - INFO - epoch-258, train_mse_loss-0.0003238, train_kl_loss-0.0009149, train_diff_loss-0.3791565, val_mse_loss-0.0003517, val_kl_loss-0.0010055, val_diff_loss-0.3749228
2025-03-20 09:56:27 - INFO - epoch-259, train_mse_loss-0.0003238, train_kl_loss-0.0008914, train_diff_loss-0.3720178, val_mse_loss-0.0003515, val_kl_loss-0.0009822, val_diff_loss-0.3925890
2025-03-20 10:00:47 - INFO - epoch-260, train_mse_loss-0.0003238, train_kl_loss-0.0009517, train_diff_loss-0.3796496, val_mse_loss-0.0003510, val_kl_loss-0.0008805, val_diff_loss-0.3682143
2025-03-20 10:05:08 - INFO - epoch-261, train_mse_loss-0.0003238, train_kl_loss-0.0009125, train_diff_loss-0.3778336, val_mse_loss-0.0003516, val_kl_loss-0.0009432, val_diff_loss-0.3789179
2025-03-20 10:09:28 - INFO - epoch-262, train_mse_loss-0.0003238, train_kl_loss-0.0009108, train_diff_loss-0.3772444, val_mse_loss-0.0003508, val_kl_loss-0.0009207, val_diff_loss-0.3798130
2025-03-20 10:13:48 - INFO - epoch-263, train_mse_loss-0.0003238, train_kl_loss-0.0009250, train_diff_loss-0.3766718, val_mse_loss-0.0003517, val_kl_loss-0.0008813, val_diff_loss-0.3991354
2025-03-20 10:18:08 - INFO - epoch-264, train_mse_loss-0.0003238, train_kl_loss-0.0009370, train_diff_loss-0.3819317, val_mse_loss-0.0003514, val_kl_loss-0.0009170, val_diff_loss-0.3708106
2025-03-20 10:22:28 - INFO - epoch-265, train_mse_loss-0.0003238, train_kl_loss-0.0009135, train_diff_loss-0.3783942, val_mse_loss-0.0003520, val_kl_loss-0.0008631, val_diff_loss-0.3832399
2025-03-20 10:26:48 - INFO - epoch-266, train_mse_loss-0.0003238, train_kl_loss-0.0009266, train_diff_loss-0.3811136, val_mse_loss-0.0003523, val_kl_loss-0.0008640, val_diff_loss-0.3626214
2025-03-20 10:31:08 - INFO - epoch-267, train_mse_loss-0.0003238, train_kl_loss-0.0008923, train_diff_loss-0.3746944, val_mse_loss-0.0003527, val_kl_loss-0.0008507, val_diff_loss-0.3745705
2025-03-20 10:35:28 - INFO - epoch-268, train_mse_loss-0.0003238, train_kl_loss-0.0009125, train_diff_loss-0.3793695, val_mse_loss-0.0003540, val_kl_loss-0.0009110, val_diff_loss-0.3809643
2025-03-20 10:39:48 - INFO - epoch-269, train_mse_loss-0.0003238, train_kl_loss-0.0009139, train_diff_loss-0.3796734, val_mse_loss-0.0003540, val_kl_loss-0.0009670, val_diff_loss-0.3803169
2025-03-20 10:44:08 - INFO - epoch-270, train_mse_loss-0.0003238, train_kl_loss-0.0009229, train_diff_loss-0.3803357, val_mse_loss-0.0003520, val_kl_loss-0.0009145, val_diff_loss-0.3834490
2025-03-20 10:48:28 - INFO - epoch-271, train_mse_loss-0.0003238, train_kl_loss-0.0008990, train_diff_loss-0.3747039, val_mse_loss-0.0003537, val_kl_loss-0.0009016, val_diff_loss-0.3811997
2025-03-20 10:52:47 - INFO - epoch-272, train_mse_loss-0.0003238, train_kl_loss-0.0009172, train_diff_loss-0.3777405, val_mse_loss-0.0003534, val_kl_loss-0.0009078, val_diff_loss-0.3875966
2025-03-20 10:57:06 - INFO - epoch-273, train_mse_loss-0.0003238, train_kl_loss-0.0009327, train_diff_loss-0.3798896, val_mse_loss-0.0003534, val_kl_loss-0.0009041, val_diff_loss-0.3627176
2025-03-20 11:01:28 - INFO - epoch-274, train_mse_loss-0.0003238, train_kl_loss-0.0008961, train_diff_loss-0.3725488, val_mse_loss-0.0003539, val_kl_loss-0.0008744, val_diff_loss-0.3718113
2025-03-20 11:05:47 - INFO - epoch-275, train_mse_loss-0.0003238, train_kl_loss-0.0009176, train_diff_loss-0.3746233, val_mse_loss-0.0003534, val_kl_loss-0.0009591, val_diff_loss-0.3792739
2025-03-20 11:10:08 - INFO - epoch-276, train_mse_loss-0.0003238, train_kl_loss-0.0009149, train_diff_loss-0.3751443, val_mse_loss-0.0003532, val_kl_loss-0.0008348, val_diff_loss-0.3769497
2025-03-20 11:14:29 - INFO - epoch-277, train_mse_loss-0.0003238, train_kl_loss-0.0009145, train_diff_loss-0.3772478, val_mse_loss-0.0003535, val_kl_loss-0.0009206, val_diff_loss-0.3767675
2025-03-20 11:18:47 - INFO - epoch-278, train_mse_loss-0.0003238, train_kl_loss-0.0009392, train_diff_loss-0.3809568, val_mse_loss-0.0003542, val_kl_loss-0.0010030, val_diff_loss-0.3854085
2025-03-20 11:23:08 - INFO - epoch-279, train_mse_loss-0.0003238, train_kl_loss-0.0009595, train_diff_loss-0.3840165, val_mse_loss-0.0003551, val_kl_loss-0.0009345, val_diff_loss-0.3730007
2025-03-20 11:27:28 - INFO - epoch-280, train_mse_loss-0.0003238, train_kl_loss-0.0009474, train_diff_loss-0.3847817, val_mse_loss-0.0003542, val_kl_loss-0.0009163, val_diff_loss-0.3818910
2025-03-20 11:31:48 - INFO - epoch-281, train_mse_loss-0.0003238, train_kl_loss-0.0009039, train_diff_loss-0.3752170, val_mse_loss-0.0003549, val_kl_loss-0.0008795, val_diff_loss-0.3826300
2025-03-20 11:36:09 - INFO - epoch-282, train_mse_loss-0.0003238, train_kl_loss-0.0009210, train_diff_loss-0.3791003, val_mse_loss-0.0003549, val_kl_loss-0.0009590, val_diff_loss-0.3834983
2025-03-20 11:40:28 - INFO - epoch-283, train_mse_loss-0.0003238, train_kl_loss-0.0009290, train_diff_loss-0.3794381, val_mse_loss-0.0003553, val_kl_loss-0.0008828, val_diff_loss-0.3670933
2025-03-20 11:44:49 - INFO - epoch-284, train_mse_loss-0.0003238, train_kl_loss-0.0009120, train_diff_loss-0.3750993, val_mse_loss-0.0003547, val_kl_loss-0.0009503, val_diff_loss-0.3674397
2025-03-20 11:49:10 - INFO - epoch-285, train_mse_loss-0.0003238, train_kl_loss-0.0009130, train_diff_loss-0.3777352, val_mse_loss-0.0003552, val_kl_loss-0.0009395, val_diff_loss-0.3587951
2025-03-20 11:53:30 - INFO - epoch-286, train_mse_loss-0.0003238, train_kl_loss-0.0009083, train_diff_loss-0.3751306, val_mse_loss-0.0003556, val_kl_loss-0.0009379, val_diff_loss-0.3824390
2025-03-20 11:57:49 - INFO - epoch-287, train_mse_loss-0.0003238, train_kl_loss-0.0008893, train_diff_loss-0.3727664, val_mse_loss-0.0003550, val_kl_loss-0.0008638, val_diff_loss-0.3734714
2025-03-20 12:02:10 - INFO - epoch-288, train_mse_loss-0.0003238, train_kl_loss-0.0009210, train_diff_loss-0.3821651, val_mse_loss-0.0003556, val_kl_loss-0.0006930, val_diff_loss-0.3830185
2025-03-20 12:06:30 - INFO - epoch-289, train_mse_loss-0.0003238, train_kl_loss-0.0009249, train_diff_loss-0.3799693, val_mse_loss-0.0003557, val_kl_loss-0.0009822, val_diff_loss-0.3749117
2025-03-20 12:10:50 - INFO - epoch-290, train_mse_loss-0.0003238, train_kl_loss-0.0009350, train_diff_loss-0.3795941, val_mse_loss-0.0003557, val_kl_loss-0.0009267, val_diff_loss-0.3832017
2025-03-20 12:15:10 - INFO - epoch-291, train_mse_loss-0.0003238, train_kl_loss-0.0009281, train_diff_loss-0.3804617, val_mse_loss-0.0003549, val_kl_loss-0.0008868, val_diff_loss-0.3794738
2025-03-20 12:19:30 - INFO - epoch-292, train_mse_loss-0.0003238, train_kl_loss-0.0008991, train_diff_loss-0.3768951, val_mse_loss-0.0003553, val_kl_loss-0.0009789, val_diff_loss-0.3654549
2025-03-20 12:23:49 - INFO - epoch-293, train_mse_loss-0.0003238, train_kl_loss-0.0009344, train_diff_loss-0.3793471, val_mse_loss-0.0003556, val_kl_loss-0.0009092, val_diff_loss-0.3706595
2025-03-20 12:28:09 - INFO - epoch-294, train_mse_loss-0.0003238, train_kl_loss-0.0008976, train_diff_loss-0.3743091, val_mse_loss-0.0003562, val_kl_loss-0.0009210, val_diff_loss-0.3752875
2025-03-20 12:32:30 - INFO - epoch-295, train_mse_loss-0.0003238, train_kl_loss-0.0008809, train_diff_loss-0.3701127, val_mse_loss-0.0003559, val_kl_loss-0.0009875, val_diff_loss-0.3844166
2025-03-20 12:36:50 - INFO - epoch-296, train_mse_loss-0.0003238, train_kl_loss-0.0009192, train_diff_loss-0.3761027, val_mse_loss-0.0003565, val_kl_loss-0.0009483, val_diff_loss-0.3591307
2025-03-20 12:41:09 - INFO - epoch-297, train_mse_loss-0.0003238, train_kl_loss-0.0009126, train_diff_loss-0.3757401, val_mse_loss-0.0003570, val_kl_loss-0.0009196, val_diff_loss-0.3618692
2025-03-20 12:45:29 - INFO - epoch-298, train_mse_loss-0.0003238, train_kl_loss-0.0009543, train_diff_loss-0.3832456, val_mse_loss-0.0003558, val_kl_loss-0.0009001, val_diff_loss-0.3798069
2025-03-20 12:49:49 - INFO - epoch-299, train_mse_loss-0.0003238, train_kl_loss-0.0009329, train_diff_loss-0.3827617, val_mse_loss-0.0003564, val_kl_loss-0.0009341, val_diff_loss-0.3868315
2025-03-20 12:54:09 - INFO - epoch-300, train_mse_loss-0.0003238, train_kl_loss-0.0009283, train_diff_loss-0.3808192, val_mse_loss-0.0003563, val_kl_loss-0.0009775, val_diff_loss-0.3805817
2025-03-20 12:58:28 - INFO - epoch-301, train_mse_loss-0.0003238, train_kl_loss-0.0009414, train_diff_loss-0.3830010, val_mse_loss-0.0003561, val_kl_loss-0.0008781, val_diff_loss-0.3768886
2025-03-20 13:02:49 - INFO - epoch-302, train_mse_loss-0.0003238, train_kl_loss-0.0008872, train_diff_loss-0.3757305, val_mse_loss-0.0003559, val_kl_loss-0.0009077, val_diff_loss-0.3813036
2025-03-20 13:07:11 - INFO - epoch-303, train_mse_loss-0.0003238, train_kl_loss-0.0009228, train_diff_loss-0.3798046, val_mse_loss-0.0003555, val_kl_loss-0.0009200, val_diff_loss-0.3913656
2025-03-20 13:11:31 - INFO - epoch-304, train_mse_loss-0.0003238, train_kl_loss-0.0009035, train_diff_loss-0.3759255, val_mse_loss-0.0003571, val_kl_loss-0.0008414, val_diff_loss-0.3705716
2025-03-20 13:15:51 - INFO - epoch-305, train_mse_loss-0.0003238, train_kl_loss-0.0009215, train_diff_loss-0.3795779, val_mse_loss-0.0003561, val_kl_loss-0.0009983, val_diff_loss-0.3804667
2025-03-20 13:20:11 - INFO - epoch-306, train_mse_loss-0.0003238, train_kl_loss-0.0009325, train_diff_loss-0.3782311, val_mse_loss-0.0003571, val_kl_loss-0.0008622, val_diff_loss-0.3789287
2025-03-20 13:24:30 - INFO - epoch-307, train_mse_loss-0.0003238, train_kl_loss-0.0008840, train_diff_loss-0.3730695, val_mse_loss-0.0003572, val_kl_loss-0.0009266, val_diff_loss-0.3779598
2025-03-20 13:28:50 - INFO - epoch-308, train_mse_loss-0.0003238, train_kl_loss-0.0009151, train_diff_loss-0.3764691, val_mse_loss-0.0003571, val_kl_loss-0.0009259, val_diff_loss-0.3954999
2025-03-20 13:33:09 - INFO - epoch-309, train_mse_loss-0.0003238, train_kl_loss-0.0009192, train_diff_loss-0.3765372, val_mse_loss-0.0003574, val_kl_loss-0.0008988, val_diff_loss-0.3779953
2025-03-20 13:37:29 - INFO - epoch-310, train_mse_loss-0.0003238, train_kl_loss-0.0009016, train_diff_loss-0.3741460, val_mse_loss-0.0003569, val_kl_loss-0.0009076, val_diff_loss-0.3748372
2025-03-20 13:41:49 - INFO - epoch-311, train_mse_loss-0.0003238, train_kl_loss-0.0009248, train_diff_loss-0.3796318, val_mse_loss-0.0003561, val_kl_loss-0.0008140, val_diff_loss-0.3811847
2025-03-20 13:46:09 - INFO - epoch-312, train_mse_loss-0.0003238, train_kl_loss-0.0009177, train_diff_loss-0.3768953, val_mse_loss-0.0003574, val_kl_loss-0.0008585, val_diff_loss-0.3628132
2025-03-20 13:50:29 - INFO - epoch-313, train_mse_loss-0.0003238, train_kl_loss-0.0009229, train_diff_loss-0.3809087, val_mse_loss-0.0003576, val_kl_loss-0.0009710, val_diff_loss-0.3673796
2025-03-20 13:54:49 - INFO - epoch-314, train_mse_loss-0.0003238, train_kl_loss-0.0009297, train_diff_loss-0.3793295, val_mse_loss-0.0003576, val_kl_loss-0.0009390, val_diff_loss-0.3822785
2025-03-20 13:59:09 - INFO - epoch-315, train_mse_loss-0.0003238, train_kl_loss-0.0009254, train_diff_loss-0.3781552, val_mse_loss-0.0003569, val_kl_loss-0.0009256, val_diff_loss-0.3756149
2025-03-20 14:03:28 - INFO - epoch-316, train_mse_loss-0.0003238, train_kl_loss-0.0009309, train_diff_loss-0.3819971, val_mse_loss-0.0003571, val_kl_loss-0.0009337, val_diff_loss-0.3950993
2025-03-20 14:07:47 - INFO - epoch-317, train_mse_loss-0.0003238, train_kl_loss-0.0009078, train_diff_loss-0.3767339, val_mse_loss-0.0003558, val_kl_loss-0.0008954, val_diff_loss-0.3894849
2025-03-20 14:12:07 - INFO - epoch-318, train_mse_loss-0.0003238, train_kl_loss-0.0009175, train_diff_loss-0.3785609, val_mse_loss-0.0003575, val_kl_loss-0.0009240, val_diff_loss-0.3871329
2025-03-20 14:16:26 - INFO - epoch-319, train_mse_loss-0.0003238, train_kl_loss-0.0009207, train_diff_loss-0.3784782, val_mse_loss-0.0003571, val_kl_loss-0.0009347, val_diff_loss-0.3779311
2025-03-20 14:20:45 - INFO - epoch-320, train_mse_loss-0.0003238, train_kl_loss-0.0009051, train_diff_loss-0.3778052, val_mse_loss-0.0003564, val_kl_loss-0.0009250, val_diff_loss-0.3818966
2025-03-20 14:25:04 - INFO - epoch-321, train_mse_loss-0.0003238, train_kl_loss-0.0009017, train_diff_loss-0.3767538, val_mse_loss-0.0003570, val_kl_loss-0.0009448, val_diff_loss-0.3825103
2025-03-20 14:29:24 - INFO - epoch-322, train_mse_loss-0.0003238, train_kl_loss-0.0009219, train_diff_loss-0.3783137, val_mse_loss-0.0003591, val_kl_loss-0.0009002, val_diff_loss-0.3700205
2025-03-20 14:33:43 - INFO - epoch-323, train_mse_loss-0.0003238, train_kl_loss-0.0008965, train_diff_loss-0.3750426, val_mse_loss-0.0003573, val_kl_loss-0.0009089, val_diff_loss-0.3683430
2025-03-20 14:38:04 - INFO - epoch-324, train_mse_loss-0.0003238, train_kl_loss-0.0009118, train_diff_loss-0.3730738, val_mse_loss-0.0003571, val_kl_loss-0.0009304, val_diff_loss-0.3820346
2025-03-20 14:42:24 - INFO - epoch-325, train_mse_loss-0.0003238, train_kl_loss-0.0009059, train_diff_loss-0.3735432, val_mse_loss-0.0003573, val_kl_loss-0.0009554, val_diff_loss-0.3625668
2025-03-20 14:46:43 - INFO - epoch-326, train_mse_loss-0.0003238, train_kl_loss-0.0009350, train_diff_loss-0.3788620, val_mse_loss-0.0003577, val_kl_loss-0.0009187, val_diff_loss-0.3626151
2025-03-20 14:51:03 - INFO - epoch-327, train_mse_loss-0.0003238, train_kl_loss-0.0009267, train_diff_loss-0.3786258, val_mse_loss-0.0003570, val_kl_loss-0.0009383, val_diff_loss-0.3851903
2025-03-20 14:55:23 - INFO - epoch-328, train_mse_loss-0.0003238, train_kl_loss-0.0009050, train_diff_loss-0.3727762, val_mse_loss-0.0003565, val_kl_loss-0.0009294, val_diff_loss-0.3650904
2025-03-20 14:59:42 - INFO - epoch-329, train_mse_loss-0.0003238, train_kl_loss-0.0009279, train_diff_loss-0.3758614, val_mse_loss-0.0003570, val_kl_loss-0.0009086, val_diff_loss-0.3729963
2025-03-20 15:04:02 - INFO - epoch-330, train_mse_loss-0.0003238, train_kl_loss-0.0009470, train_diff_loss-0.3842974, val_mse_loss-0.0003569, val_kl_loss-0.0009488, val_diff_loss-0.3821106
2025-03-20 15:08:22 - INFO - epoch-331, train_mse_loss-0.0003238, train_kl_loss-0.0008816, train_diff_loss-0.3702432, val_mse_loss-0.0003564, val_kl_loss-0.0008990, val_diff_loss-0.3801584
2025-03-20 15:12:41 - INFO - epoch-332, train_mse_loss-0.0003238, train_kl_loss-0.0008862, train_diff_loss-0.3695046, val_mse_loss-0.0003569, val_kl_loss-0.0008554, val_diff_loss-0.3769311
2025-03-20 15:17:01 - INFO - epoch-333, train_mse_loss-0.0003238, train_kl_loss-0.0009105, train_diff_loss-0.3734371, val_mse_loss-0.0003570, val_kl_loss-0.0009049, val_diff_loss-0.3767092
2025-03-20 15:21:22 - INFO - epoch-334, train_mse_loss-0.0003238, train_kl_loss-0.0009227, train_diff_loss-0.3760714, val_mse_loss-0.0003576, val_kl_loss-0.0009900, val_diff_loss-0.3732084
2025-03-20 15:25:41 - INFO - epoch-335, train_mse_loss-0.0003238, train_kl_loss-0.0009296, train_diff_loss-0.3762665, val_mse_loss-0.0003570, val_kl_loss-0.0009091, val_diff_loss-0.3722860
2025-03-20 15:30:01 - INFO - epoch-336, train_mse_loss-0.0003238, train_kl_loss-0.0009184, train_diff_loss-0.3768504, val_mse_loss-0.0003566, val_kl_loss-0.0009913, val_diff_loss-0.3911844
2025-03-20 15:34:22 - INFO - epoch-337, train_mse_loss-0.0003238, train_kl_loss-0.0009206, train_diff_loss-0.3753548, val_mse_loss-0.0003566, val_kl_loss-0.0008560, val_diff_loss-0.3743112
2025-03-20 15:38:42 - INFO - epoch-338, train_mse_loss-0.0003238, train_kl_loss-0.0009231, train_diff_loss-0.3775382, val_mse_loss-0.0003560, val_kl_loss-0.0009080, val_diff_loss-0.3845204
2025-03-20 15:43:03 - INFO - epoch-339, train_mse_loss-0.0003238, train_kl_loss-0.0009031, train_diff_loss-0.3748797, val_mse_loss-0.0003560, val_kl_loss-0.0009492, val_diff_loss-0.3924950
2025-03-20 15:47:24 - INFO - epoch-340, train_mse_loss-0.0003238, train_kl_loss-0.0009372, train_diff_loss-0.3793279, val_mse_loss-0.0003559, val_kl_loss-0.0008095, val_diff_loss-0.3681353
2025-03-20 15:51:44 - INFO - epoch-341, train_mse_loss-0.0003238, train_kl_loss-0.0009047, train_diff_loss-0.3739223, val_mse_loss-0.0003555, val_kl_loss-0.0008619, val_diff_loss-0.3859190
2025-03-20 15:56:05 - INFO - epoch-342, train_mse_loss-0.0003238, train_kl_loss-0.0009203, train_diff_loss-0.3764564, val_mse_loss-0.0003560, val_kl_loss-0.0009812, val_diff_loss-0.3767461
2025-03-20 16:00:26 - INFO - epoch-343, train_mse_loss-0.0003238, train_kl_loss-0.0009224, train_diff_loss-0.3758417, val_mse_loss-0.0003560, val_kl_loss-0.0009376, val_diff_loss-0.3683004
2025-03-20 16:04:46 - INFO - epoch-344, train_mse_loss-0.0003238, train_kl_loss-0.0009171, train_diff_loss-0.3764583, val_mse_loss-0.0003552, val_kl_loss-0.0009448, val_diff_loss-0.3896204
2025-03-20 16:09:07 - INFO - epoch-345, train_mse_loss-0.0003238, train_kl_loss-0.0009252, train_diff_loss-0.3791795, val_mse_loss-0.0003561, val_kl_loss-0.0009120, val_diff_loss-0.3680730
2025-03-20 16:13:28 - INFO - epoch-346, train_mse_loss-0.0003238, train_kl_loss-0.0009304, train_diff_loss-0.3791466, val_mse_loss-0.0003552, val_kl_loss-0.0008941, val_diff_loss-0.3643825
2025-03-20 16:17:49 - INFO - epoch-347, train_mse_loss-0.0003238, train_kl_loss-0.0009274, train_diff_loss-0.3807838, val_mse_loss-0.0003556, val_kl_loss-0.0009453, val_diff_loss-0.3665675
2025-03-20 16:22:10 - INFO - epoch-348, train_mse_loss-0.0003238, train_kl_loss-0.0009279, train_diff_loss-0.3812751, val_mse_loss-0.0003551, val_kl_loss-0.0009377, val_diff_loss-0.3802878
2025-03-20 16:26:30 - INFO - epoch-349, train_mse_loss-0.0003238, train_kl_loss-0.0009220, train_diff_loss-0.3805109, val_mse_loss-0.0003546, val_kl_loss-0.0009387, val_diff_loss-0.3875281
2025-03-20 16:30:51 - INFO - epoch-350, train_mse_loss-0.0003238, train_kl_loss-0.0009051, train_diff_loss-0.3751930, val_mse_loss-0.0003547, val_kl_loss-0.0009029, val_diff_loss-0.3900558
2025-03-20 16:35:13 - INFO - epoch-351, train_mse_loss-0.0003238, train_kl_loss-0.0009448, train_diff_loss-0.3858573, val_mse_loss-0.0003547, val_kl_loss-0.0009631, val_diff_loss-0.3725073
2025-03-20 16:39:33 - INFO - epoch-352, train_mse_loss-0.0003238, train_kl_loss-0.0009084, train_diff_loss-0.3741392, val_mse_loss-0.0003562, val_kl_loss-0.0008962, val_diff_loss-0.3773407
2025-03-20 16:43:53 - INFO - epoch-353, train_mse_loss-0.0003238, train_kl_loss-0.0009134, train_diff_loss-0.3762617, val_mse_loss-0.0003550, val_kl_loss-0.0008778, val_diff_loss-0.3936479
2025-03-20 16:48:14 - INFO - epoch-354, train_mse_loss-0.0003238, train_kl_loss-0.0009111, train_diff_loss-0.3754306, val_mse_loss-0.0003543, val_kl_loss-0.0008778, val_diff_loss-0.3794148
2025-03-20 16:52:34 - INFO - epoch-355, train_mse_loss-0.0003238, train_kl_loss-0.0008986, train_diff_loss-0.3744452, val_mse_loss-0.0003548, val_kl_loss-0.0008697, val_diff_loss-0.3856726
2025-03-20 16:56:55 - INFO - epoch-356, train_mse_loss-0.0003238, train_kl_loss-0.0009307, train_diff_loss-0.3838476, val_mse_loss-0.0003542, val_kl_loss-0.0008982, val_diff_loss-0.3657847
2025-03-20 17:01:15 - INFO - epoch-357, train_mse_loss-0.0003238, train_kl_loss-0.0009322, train_diff_loss-0.3811938, val_mse_loss-0.0003548, val_kl_loss-0.0010084, val_diff_loss-0.3642536
2025-03-20 17:05:36 - INFO - epoch-358, train_mse_loss-0.0003238, train_kl_loss-0.0009123, train_diff_loss-0.3771728, val_mse_loss-0.0003532, val_kl_loss-0.0009187, val_diff_loss-0.3713309
2025-03-20 17:09:57 - INFO - epoch-359, train_mse_loss-0.0003238, train_kl_loss-0.0008982, train_diff_loss-0.3746595, val_mse_loss-0.0003536, val_kl_loss-0.0009749, val_diff_loss-0.3778756
2025-03-20 17:14:18 - INFO - epoch-360, train_mse_loss-0.0003238, train_kl_loss-0.0009190, train_diff_loss-0.3767552, val_mse_loss-0.0003531, val_kl_loss-0.0009949, val_diff_loss-0.3900292
2025-03-20 17:18:39 - INFO - epoch-361, train_mse_loss-0.0003238, train_kl_loss-0.0009059, train_diff_loss-0.3734052, val_mse_loss-0.0003534, val_kl_loss-0.0009112, val_diff_loss-0.3822330
2025-03-20 17:22:59 - INFO - epoch-362, train_mse_loss-0.0003238, train_kl_loss-0.0009062, train_diff_loss-0.3738725, val_mse_loss-0.0003540, val_kl_loss-0.0008578, val_diff_loss-0.3782449
2025-03-20 17:27:19 - INFO - epoch-363, train_mse_loss-0.0003238, train_kl_loss-0.0009255, train_diff_loss-0.3808795, val_mse_loss-0.0003528, val_kl_loss-0.0009886, val_diff_loss-0.3784689
2025-03-20 17:31:40 - INFO - epoch-364, train_mse_loss-0.0003238, train_kl_loss-0.0009261, train_diff_loss-0.3776918, val_mse_loss-0.0003532, val_kl_loss-0.0009371, val_diff_loss-0.3749126
2025-03-20 17:36:01 - INFO - epoch-365, train_mse_loss-0.0003238, train_kl_loss-0.0009225, train_diff_loss-0.3787990, val_mse_loss-0.0003528, val_kl_loss-0.0009035, val_diff_loss-0.3764430
2025-03-20 17:40:22 - INFO - epoch-366, train_mse_loss-0.0003238, train_kl_loss-0.0009073, train_diff_loss-0.3764892, val_mse_loss-0.0003539, val_kl_loss-0.0009602, val_diff_loss-0.3775674
2025-03-20 17:44:43 - INFO - epoch-367, train_mse_loss-0.0003238, train_kl_loss-0.0009198, train_diff_loss-0.3774719, val_mse_loss-0.0003545, val_kl_loss-0.0009655, val_diff_loss-0.3667613
2025-03-20 17:49:03 - INFO - epoch-368, train_mse_loss-0.0003238, train_kl_loss-0.0009100, train_diff_loss-0.3734963, val_mse_loss-0.0003515, val_kl_loss-0.0007939, val_diff_loss-0.3908728
2025-03-20 17:53:24 - INFO - epoch-369, train_mse_loss-0.0003238, train_kl_loss-0.0009290, train_diff_loss-0.3796746, val_mse_loss-0.0003524, val_kl_loss-0.0009608, val_diff_loss-0.3754195
2025-03-20 17:57:44 - INFO - epoch-370, train_mse_loss-0.0003238, train_kl_loss-0.0009393, train_diff_loss-0.3856875, val_mse_loss-0.0003522, val_kl_loss-0.0009859, val_diff_loss-0.3831371
2025-03-20 18:02:04 - INFO - epoch-371, train_mse_loss-0.0003238, train_kl_loss-0.0009074, train_diff_loss-0.3764483, val_mse_loss-0.0003527, val_kl_loss-0.0008719, val_diff_loss-0.3795388
2025-03-20 18:06:25 - INFO - epoch-372, train_mse_loss-0.0003238, train_kl_loss-0.0008962, train_diff_loss-0.3741953, val_mse_loss-0.0003523, val_kl_loss-0.0008744, val_diff_loss-0.3758691
2025-03-20 18:10:45 - INFO - epoch-373, train_mse_loss-0.0003238, train_kl_loss-0.0009039, train_diff_loss-0.3716924, val_mse_loss-0.0003523, val_kl_loss-0.0009504, val_diff_loss-0.3783210
2025-03-20 18:15:06 - INFO - epoch-374, train_mse_loss-0.0003238, train_kl_loss-0.0008979, train_diff_loss-0.3724786, val_mse_loss-0.0003520, val_kl_loss-0.0009031, val_diff_loss-0.3693670
2025-03-20 18:19:27 - INFO - epoch-375, train_mse_loss-0.0003238, train_kl_loss-0.0009313, train_diff_loss-0.3798934, val_mse_loss-0.0003519, val_kl_loss-0.0009921, val_diff_loss-0.3785714
2025-03-20 18:23:48 - INFO - epoch-376, train_mse_loss-0.0003238, train_kl_loss-0.0009219, train_diff_loss-0.3764263, val_mse_loss-0.0003512, val_kl_loss-0.0009566, val_diff_loss-0.3789206
2025-03-20 18:28:08 - INFO - epoch-377, train_mse_loss-0.0003238, train_kl_loss-0.0009258, train_diff_loss-0.3763761, val_mse_loss-0.0003519, val_kl_loss-0.0008880, val_diff_loss-0.3672700
2025-03-20 18:32:30 - INFO - epoch-378, train_mse_loss-0.0003238, train_kl_loss-0.0009178, train_diff_loss-0.3801876, val_mse_loss-0.0003517, val_kl_loss-0.0009188, val_diff_loss-0.3637732
2025-03-20 18:36:52 - INFO - epoch-379, train_mse_loss-0.0003238, train_kl_loss-0.0008954, train_diff_loss-0.3762304, val_mse_loss-0.0003524, val_kl_loss-0.0009732, val_diff_loss-0.3744083
2025-03-20 18:41:11 - INFO - epoch-380, train_mse_loss-0.0003238, train_kl_loss-0.0009314, train_diff_loss-0.3815559, val_mse_loss-0.0003508, val_kl_loss-0.0009134, val_diff_loss-0.3720367
2025-03-20 18:45:31 - INFO - epoch-381, train_mse_loss-0.0003238, train_kl_loss-0.0009030, train_diff_loss-0.3738086, val_mse_loss-0.0003511, val_kl_loss-0.0008763, val_diff_loss-0.3528464
2025-03-20 18:49:51 - INFO - epoch-382, train_mse_loss-0.0003238, train_kl_loss-0.0009314, train_diff_loss-0.3806348, val_mse_loss-0.0003499, val_kl_loss-0.0009146, val_diff_loss-0.3816094
2025-03-20 18:54:11 - INFO - epoch-383, train_mse_loss-0.0003238, train_kl_loss-0.0009129, train_diff_loss-0.3758129, val_mse_loss-0.0003506, val_kl_loss-0.0008879, val_diff_loss-0.3733254
2025-03-20 18:58:32 - INFO - epoch-384, train_mse_loss-0.0003238, train_kl_loss-0.0009191, train_diff_loss-0.3799543, val_mse_loss-0.0003506, val_kl_loss-0.0009101, val_diff_loss-0.3735920
2025-03-20 19:02:51 - INFO - epoch-385, train_mse_loss-0.0003238, train_kl_loss-0.0009199, train_diff_loss-0.3781698, val_mse_loss-0.0003506, val_kl_loss-0.0009050, val_diff_loss-0.3753018
2025-03-20 19:07:11 - INFO - epoch-386, train_mse_loss-0.0003238, train_kl_loss-0.0009174, train_diff_loss-0.3787473, val_mse_loss-0.0003500, val_kl_loss-0.0008985, val_diff_loss-0.3665492
2025-03-20 19:11:30 - INFO - epoch-387, train_mse_loss-0.0003238, train_kl_loss-0.0009216, train_diff_loss-0.3783886, val_mse_loss-0.0003510, val_kl_loss-0.0009604, val_diff_loss-0.3887541
2025-03-20 19:15:49 - INFO - epoch-388, train_mse_loss-0.0003238, train_kl_loss-0.0009229, train_diff_loss-0.3788798, val_mse_loss-0.0003502, val_kl_loss-0.0009380, val_diff_loss-0.3765598
2025-03-20 19:20:10 - INFO - epoch-389, train_mse_loss-0.0003238, train_kl_loss-0.0009148, train_diff_loss-0.3781006, val_mse_loss-0.0003504, val_kl_loss-0.0008698, val_diff_loss-0.3732426
2025-03-20 19:24:30 - INFO - epoch-390, train_mse_loss-0.0003238, train_kl_loss-0.0009097, train_diff_loss-0.3768043, val_mse_loss-0.0003500, val_kl_loss-0.0009419, val_diff_loss-0.3797483
2025-03-20 19:28:50 - INFO - epoch-391, train_mse_loss-0.0003238, train_kl_loss-0.0008955, train_diff_loss-0.3747670, val_mse_loss-0.0003505, val_kl_loss-0.0008702, val_diff_loss-0.3694705
2025-03-20 19:33:09 - INFO - epoch-392, train_mse_loss-0.0003238, train_kl_loss-0.0009063, train_diff_loss-0.3742765, val_mse_loss-0.0003500, val_kl_loss-0.0009557, val_diff_loss-0.3789007
2025-03-20 19:37:31 - INFO - epoch-393, train_mse_loss-0.0003238, train_kl_loss-0.0009467, train_diff_loss-0.3816780, val_mse_loss-0.0003495, val_kl_loss-0.0009757, val_diff_loss-0.3731770
2025-03-20 19:41:53 - INFO - epoch-394, train_mse_loss-0.0003238, train_kl_loss-0.0009391, train_diff_loss-0.3815307, val_mse_loss-0.0003494, val_kl_loss-0.0009392, val_diff_loss-0.3672602
2025-03-20 19:46:13 - INFO - epoch-395, train_mse_loss-0.0003238, train_kl_loss-0.0009245, train_diff_loss-0.3796698, val_mse_loss-0.0003502, val_kl_loss-0.0009663, val_diff_loss-0.3819037
2025-03-20 19:50:31 - INFO - epoch-396, train_mse_loss-0.0003238, train_kl_loss-0.0009121, train_diff_loss-0.3786946, val_mse_loss-0.0003502, val_kl_loss-0.0009699, val_diff_loss-0.3952137
2025-03-20 19:54:51 - INFO - epoch-397, train_mse_loss-0.0003238, train_kl_loss-0.0009170, train_diff_loss-0.3761606, val_mse_loss-0.0003488, val_kl_loss-0.0009020, val_diff_loss-0.3760765
2025-03-20 19:59:10 - INFO - epoch-398, train_mse_loss-0.0003238, train_kl_loss-0.0009092, train_diff_loss-0.3768882, val_mse_loss-0.0003481, val_kl_loss-0.0009095, val_diff_loss-0.3589242
2025-03-20 20:03:29 - INFO - epoch-399, train_mse_loss-0.0003238, train_kl_loss-0.0008919, train_diff_loss-0.3736614, val_mse_loss-0.0003490, val_kl_loss-0.0009047, val_diff_loss-0.3854197
2025-03-20 20:07:49 - INFO - epoch-400, train_mse_loss-0.0003238, train_kl_loss-0.0009313, train_diff_loss-0.3800059, val_mse_loss-0.0003479, val_kl_loss-0.0009474, val_diff_loss-0.3653263
2025-03-20 20:12:09 - INFO - epoch-401, train_mse_loss-0.0003237, train_kl_loss-0.0009199, train_diff_loss-0.3781820, val_mse_loss-0.0003478, val_kl_loss-0.0009185, val_diff_loss-0.3796879
2025-03-20 20:16:28 - INFO - epoch-402, train_mse_loss-0.0003238, train_kl_loss-0.0009364, train_diff_loss-0.3790206, val_mse_loss-0.0003486, val_kl_loss-0.0008804, val_diff_loss-0.3802908
2025-03-20 20:20:49 - INFO - epoch-403, train_mse_loss-0.0003238, train_kl_loss-0.0008963, train_diff_loss-0.3744795, val_mse_loss-0.0003490, val_kl_loss-0.0008829, val_diff_loss-0.3849181
2025-03-20 20:25:08 - INFO - epoch-404, train_mse_loss-0.0003238, train_kl_loss-0.0009211, train_diff_loss-0.3817259, val_mse_loss-0.0003480, val_kl_loss-0.0009488, val_diff_loss-0.3884118
2025-03-20 20:29:28 - INFO - epoch-405, train_mse_loss-0.0003238, train_kl_loss-0.0009216, train_diff_loss-0.3770643, val_mse_loss-0.0003479, val_kl_loss-0.0009463, val_diff_loss-0.3861748
2025-03-20 20:33:47 - INFO - epoch-406, train_mse_loss-0.0003237, train_kl_loss-0.0009082, train_diff_loss-0.3754859, val_mse_loss-0.0003473, val_kl_loss-0.0008742, val_diff_loss-0.3808169
2025-03-20 20:38:07 - INFO - epoch-407, train_mse_loss-0.0003238, train_kl_loss-0.0009159, train_diff_loss-0.3769691, val_mse_loss-0.0003476, val_kl_loss-0.0009204, val_diff_loss-0.3997867
2025-03-20 20:42:26 - INFO - epoch-408, train_mse_loss-0.0003238, train_kl_loss-0.0009199, train_diff_loss-0.3765546, val_mse_loss-0.0003471, val_kl_loss-0.0008987, val_diff_loss-0.3692562
2025-03-20 20:46:45 - INFO - epoch-409, train_mse_loss-0.0003238, train_kl_loss-0.0009308, train_diff_loss-0.3782025, val_mse_loss-0.0003466, val_kl_loss-0.0009124, val_diff_loss-0.3966801
2025-03-20 20:51:05 - INFO - epoch-410, train_mse_loss-0.0003237, train_kl_loss-0.0009168, train_diff_loss-0.3808319, val_mse_loss-0.0003465, val_kl_loss-0.0009670, val_diff_loss-0.3908577
2025-03-20 20:55:25 - INFO - epoch-411, train_mse_loss-0.0003238, train_kl_loss-0.0009332, train_diff_loss-0.3822742, val_mse_loss-0.0003473, val_kl_loss-0.0009144, val_diff_loss-0.3664567
2025-03-20 20:59:44 - INFO - epoch-412, train_mse_loss-0.0003237, train_kl_loss-0.0009252, train_diff_loss-0.3801188, val_mse_loss-0.0003472, val_kl_loss-0.0009983, val_diff_loss-0.3821173
2025-03-20 21:04:03 - INFO - epoch-413, train_mse_loss-0.0003237, train_kl_loss-0.0009439, train_diff_loss-0.3829082, val_mse_loss-0.0003465, val_kl_loss-0.0009178, val_diff_loss-0.3668923
2025-03-20 21:08:22 - INFO - epoch-414, train_mse_loss-0.0003238, train_kl_loss-0.0009369, train_diff_loss-0.3834311, val_mse_loss-0.0003468, val_kl_loss-0.0009002, val_diff_loss-0.3644174
2025-03-20 21:12:41 - INFO - epoch-415, train_mse_loss-0.0003237, train_kl_loss-0.0009286, train_diff_loss-0.3823362, val_mse_loss-0.0003467, val_kl_loss-0.0009018, val_diff_loss-0.3827976
2025-03-20 21:17:00 - INFO - epoch-416, train_mse_loss-0.0003238, train_kl_loss-0.0008889, train_diff_loss-0.3741918, val_mse_loss-0.0003465, val_kl_loss-0.0008700, val_diff_loss-0.3792497
2025-03-20 21:21:20 - INFO - epoch-417, train_mse_loss-0.0003238, train_kl_loss-0.0009024, train_diff_loss-0.3739963, val_mse_loss-0.0003454, val_kl_loss-0.0009131, val_diff_loss-0.3952926
2025-03-20 21:25:39 - INFO - epoch-418, train_mse_loss-0.0003238, train_kl_loss-0.0009206, train_diff_loss-0.3767752, val_mse_loss-0.0003459, val_kl_loss-0.0008663, val_diff_loss-0.3780565
2025-03-20 21:29:59 - INFO - epoch-419, train_mse_loss-0.0003238, train_kl_loss-0.0009059, train_diff_loss-0.3732639, val_mse_loss-0.0003457, val_kl_loss-0.0009250, val_diff_loss-0.3875544
2025-03-20 21:34:17 - INFO - epoch-420, train_mse_loss-0.0003237, train_kl_loss-0.0009083, train_diff_loss-0.3775216, val_mse_loss-0.0003451, val_kl_loss-0.0009335, val_diff_loss-0.3734254
2025-03-20 21:38:35 - INFO - epoch-421, train_mse_loss-0.0003237, train_kl_loss-0.0009182, train_diff_loss-0.3787647, val_mse_loss-0.0003450, val_kl_loss-0.0009331, val_diff_loss-0.3889705
2025-03-20 21:42:54 - INFO - epoch-422, train_mse_loss-0.0003237, train_kl_loss-0.0009353, train_diff_loss-0.3792380, val_mse_loss-0.0003446, val_kl_loss-0.0008833, val_diff_loss-0.3895663
2025-03-20 21:47:14 - INFO - epoch-423, train_mse_loss-0.0003238, train_kl_loss-0.0009400, train_diff_loss-0.3826400, val_mse_loss-0.0003456, val_kl_loss-0.0010068, val_diff_loss-0.3853096
2025-03-20 21:51:33 - INFO - epoch-424, train_mse_loss-0.0003237, train_kl_loss-0.0009169, train_diff_loss-0.3769205, val_mse_loss-0.0003442, val_kl_loss-0.0009205, val_diff_loss-0.3682116
2025-03-20 21:55:52 - INFO - epoch-425, train_mse_loss-0.0003238, train_kl_loss-0.0009144, train_diff_loss-0.3761278, val_mse_loss-0.0003437, val_kl_loss-0.0008244, val_diff_loss-0.3887518
2025-03-20 22:00:11 - INFO - epoch-426, train_mse_loss-0.0003238, train_kl_loss-0.0009018, train_diff_loss-0.3739061, val_mse_loss-0.0003455, val_kl_loss-0.0009317, val_diff_loss-0.3715040
2025-03-20 22:04:31 - INFO - epoch-427, train_mse_loss-0.0003237, train_kl_loss-0.0009424, train_diff_loss-0.3821429, val_mse_loss-0.0003432, val_kl_loss-0.0009229, val_diff_loss-0.4060648
2025-03-20 22:08:52 - INFO - epoch-428, train_mse_loss-0.0003237, train_kl_loss-0.0009185, train_diff_loss-0.3787019, val_mse_loss-0.0003439, val_kl_loss-0.0010180, val_diff_loss-0.3943245
2025-03-20 22:13:12 - INFO - epoch-429, train_mse_loss-0.0003237, train_kl_loss-0.0009272, train_diff_loss-0.3802858, val_mse_loss-0.0003442, val_kl_loss-0.0009606, val_diff_loss-0.3888099
2025-03-20 22:17:32 - INFO - epoch-430, train_mse_loss-0.0003237, train_kl_loss-0.0009124, train_diff_loss-0.3801150, val_mse_loss-0.0003437, val_kl_loss-0.0009713, val_diff_loss-0.3941703
2025-03-20 22:21:52 - INFO - epoch-431, train_mse_loss-0.0003237, train_kl_loss-0.0009355, train_diff_loss-0.3823123, val_mse_loss-0.0003433, val_kl_loss-0.0009380, val_diff_loss-0.3706072
2025-03-20 22:26:11 - INFO - epoch-432, train_mse_loss-0.0003237, train_kl_loss-0.0009120, train_diff_loss-0.3786827, val_mse_loss-0.0003436, val_kl_loss-0.0008378, val_diff_loss-0.3652600
2025-03-20 22:30:31 - INFO - epoch-433, train_mse_loss-0.0003237, train_kl_loss-0.0009032, train_diff_loss-0.3784711, val_mse_loss-0.0003440, val_kl_loss-0.0009574, val_diff_loss-0.3832219
2025-03-20 22:34:51 - INFO - epoch-434, train_mse_loss-0.0003237, train_kl_loss-0.0009131, train_diff_loss-0.3774277, val_mse_loss-0.0003431, val_kl_loss-0.0008742, val_diff_loss-0.3773506
2025-03-20 22:39:11 - INFO - epoch-435, train_mse_loss-0.0003237, train_kl_loss-0.0009191, train_diff_loss-0.3788245, val_mse_loss-0.0003436, val_kl_loss-0.0009229, val_diff_loss-0.3687987
2025-03-20 22:43:30 - INFO - epoch-436, train_mse_loss-0.0003237, train_kl_loss-0.0009118, train_diff_loss-0.3784411, val_mse_loss-0.0003429, val_kl_loss-0.0009103, val_diff_loss-0.3968828
2025-03-20 22:47:50 - INFO - epoch-437, train_mse_loss-0.0003237, train_kl_loss-0.0009199, train_diff_loss-0.3787661, val_mse_loss-0.0003426, val_kl_loss-0.0007631, val_diff_loss-0.3737956
2025-03-20 22:52:10 - INFO - epoch-438, train_mse_loss-0.0003237, train_kl_loss-0.0009130, train_diff_loss-0.3769837, val_mse_loss-0.0003445, val_kl_loss-0.0007433, val_diff_loss-0.3764298
2025-03-20 22:56:31 - INFO - epoch-439, train_mse_loss-0.0003237, train_kl_loss-0.0009243, train_diff_loss-0.3782812, val_mse_loss-0.0003438, val_kl_loss-0.0008650, val_diff_loss-0.3648881
2025-03-20 23:00:52 - INFO - epoch-440, train_mse_loss-0.0003237, train_kl_loss-0.0009024, train_diff_loss-0.3767924, val_mse_loss-0.0003423, val_kl_loss-0.0008836, val_diff_loss-0.3723952
2025-03-20 23:05:12 - INFO - epoch-441, train_mse_loss-0.0003237, train_kl_loss-0.0009256, train_diff_loss-0.3799089, val_mse_loss-0.0003431, val_kl_loss-0.0009602, val_diff_loss-0.3909501
2025-03-20 23:09:33 - INFO - epoch-442, train_mse_loss-0.0003237, train_kl_loss-0.0009378, train_diff_loss-0.3804173, val_mse_loss-0.0003423, val_kl_loss-0.0008786, val_diff_loss-0.3823518
2025-03-20 23:13:57 - INFO - epoch-443, train_mse_loss-0.0003237, train_kl_loss-0.0009206, train_diff_loss-0.3791952, val_mse_loss-0.0003422, val_kl_loss-0.0009112, val_diff_loss-0.3730458
2025-03-20 23:18:17 - INFO - epoch-444, train_mse_loss-0.0003237, train_kl_loss-0.0009234, train_diff_loss-0.3813635, val_mse_loss-0.0003423, val_kl_loss-0.0009420, val_diff_loss-0.3742655
2025-03-20 23:22:36 - INFO - epoch-445, train_mse_loss-0.0003237, train_kl_loss-0.0009243, train_diff_loss-0.3776248, val_mse_loss-0.0003417, val_kl_loss-0.0009335, val_diff_loss-0.3649050
2025-03-20 23:26:56 - INFO - epoch-446, train_mse_loss-0.0003237, train_kl_loss-0.0009027, train_diff_loss-0.3757769, val_mse_loss-0.0003424, val_kl_loss-0.0008605, val_diff_loss-0.3797132
2025-03-20 23:31:15 - INFO - epoch-447, train_mse_loss-0.0003237, train_kl_loss-0.0008813, train_diff_loss-0.3705427, val_mse_loss-0.0003431, val_kl_loss-0.0008898, val_diff_loss-0.3925581
2025-03-20 23:35:35 - INFO - epoch-448, train_mse_loss-0.0003237, train_kl_loss-0.0009144, train_diff_loss-0.3754884, val_mse_loss-0.0003423, val_kl_loss-0.0008965, val_diff_loss-0.3738589
2025-03-20 23:39:54 - INFO - epoch-449, train_mse_loss-0.0003237, train_kl_loss-0.0009091, train_diff_loss-0.3739437, val_mse_loss-0.0003414, val_kl_loss-0.0009137, val_diff_loss-0.3811275
2025-03-20 23:44:14 - INFO - epoch-450, train_mse_loss-0.0003237, train_kl_loss-0.0009368, train_diff_loss-0.3804901, val_mse_loss-0.0003419, val_kl_loss-0.0008966, val_diff_loss-0.3928768
2025-03-20 23:48:33 - INFO - epoch-451, train_mse_loss-0.0003237, train_kl_loss-0.0009160, train_diff_loss-0.3813397, val_mse_loss-0.0003421, val_kl_loss-0.0009190, val_diff_loss-0.3775629
2025-03-20 23:52:52 - INFO - epoch-452, train_mse_loss-0.0003237, train_kl_loss-0.0009282, train_diff_loss-0.3855346, val_mse_loss-0.0003422, val_kl_loss-0.0009262, val_diff_loss-0.3810126
2025-03-20 23:57:12 - INFO - epoch-453, train_mse_loss-0.0003237, train_kl_loss-0.0009135, train_diff_loss-0.3798760, val_mse_loss-0.0003415, val_kl_loss-0.0009480, val_diff_loss-0.3799083
2025-03-21 00:01:33 - INFO - epoch-454, train_mse_loss-0.0003237, train_kl_loss-0.0008716, train_diff_loss-0.3722796, val_mse_loss-0.0003417, val_kl_loss-0.0009043, val_diff_loss-0.3825282
2025-03-21 00:05:55 - INFO - epoch-455, train_mse_loss-0.0003237, train_kl_loss-0.0009224, train_diff_loss-0.3801300, val_mse_loss-0.0003413, val_kl_loss-0.0008915, val_diff_loss-0.3602300
2025-03-21 00:10:14 - INFO - epoch-456, train_mse_loss-0.0003237, train_kl_loss-0.0009230, train_diff_loss-0.3802266, val_mse_loss-0.0003413, val_kl_loss-0.0008689, val_diff_loss-0.3884366
2025-03-21 00:14:32 - INFO - epoch-457, train_mse_loss-0.0003237, train_kl_loss-0.0009046, train_diff_loss-0.3789358, val_mse_loss-0.0003420, val_kl_loss-0.0009584, val_diff_loss-0.3849533
2025-03-21 00:18:52 - INFO - epoch-458, train_mse_loss-0.0003237, train_kl_loss-0.0009030, train_diff_loss-0.3746309, val_mse_loss-0.0003415, val_kl_loss-0.0009147, val_diff_loss-0.3932956
2025-03-21 00:23:12 - INFO - epoch-459, train_mse_loss-0.0003237, train_kl_loss-0.0009050, train_diff_loss-0.3746673, val_mse_loss-0.0003416, val_kl_loss-0.0008831, val_diff_loss-0.3781362
2025-03-21 00:27:33 - INFO - epoch-460, train_mse_loss-0.0003237, train_kl_loss-0.0009068, train_diff_loss-0.3747265, val_mse_loss-0.0003419, val_kl_loss-0.0009446, val_diff_loss-0.3722017
2025-03-21 00:31:51 - INFO - epoch-461, train_mse_loss-0.0003237, train_kl_loss-0.0009219, train_diff_loss-0.3780356, val_mse_loss-0.0003414, val_kl_loss-0.0009160, val_diff_loss-0.3827424
2025-03-21 00:36:10 - INFO - epoch-462, train_mse_loss-0.0003237, train_kl_loss-0.0008986, train_diff_loss-0.3733121, val_mse_loss-0.0003415, val_kl_loss-0.0008554, val_diff_loss-0.3823180
2025-03-21 00:40:28 - INFO - epoch-463, train_mse_loss-0.0003237, train_kl_loss-0.0009014, train_diff_loss-0.3767924, val_mse_loss-0.0003412, val_kl_loss-0.0009025, val_diff_loss-0.3937314
2025-03-21 00:44:46 - INFO - epoch-464, train_mse_loss-0.0003237, train_kl_loss-0.0009163, train_diff_loss-0.3765529, val_mse_loss-0.0003408, val_kl_loss-0.0009142, val_diff_loss-0.3735590
2025-03-21 00:49:04 - INFO - epoch-465, train_mse_loss-0.0003237, train_kl_loss-0.0009393, train_diff_loss-0.3800081, val_mse_loss-0.0003416, val_kl_loss-0.0009265, val_diff_loss-0.3672839
2025-03-21 00:53:22 - INFO - epoch-466, train_mse_loss-0.0003237, train_kl_loss-0.0009155, train_diff_loss-0.3782263, val_mse_loss-0.0003404, val_kl_loss-0.0009532, val_diff_loss-0.3874733
2025-03-21 00:57:40 - INFO - epoch-467, train_mse_loss-0.0003237, train_kl_loss-0.0009219, train_diff_loss-0.3788237, val_mse_loss-0.0003419, val_kl_loss-0.0008917, val_diff_loss-0.3757804
2025-03-21 01:01:58 - INFO - epoch-468, train_mse_loss-0.0003237, train_kl_loss-0.0009247, train_diff_loss-0.3802899, val_mse_loss-0.0003416, val_kl_loss-0.0009388, val_diff_loss-0.3908075
2025-03-21 01:06:17 - INFO - epoch-469, train_mse_loss-0.0003237, train_kl_loss-0.0009079, train_diff_loss-0.3766351, val_mse_loss-0.0003408, val_kl_loss-0.0009423, val_diff_loss-0.3798748
2025-03-21 01:10:36 - INFO - epoch-470, train_mse_loss-0.0003237, train_kl_loss-0.0009308, train_diff_loss-0.3813063, val_mse_loss-0.0003404, val_kl_loss-0.0009579, val_diff_loss-0.3932782
2025-03-21 01:14:55 - INFO - epoch-471, train_mse_loss-0.0003237, train_kl_loss-0.0009133, train_diff_loss-0.3772257, val_mse_loss-0.0003413, val_kl_loss-0.0010048, val_diff_loss-0.3652512
2025-03-21 01:19:14 - INFO - epoch-472, train_mse_loss-0.0003237, train_kl_loss-0.0008999, train_diff_loss-0.3702960, val_mse_loss-0.0003415, val_kl_loss-0.0008856, val_diff_loss-0.3769840
2025-03-21 01:23:32 - INFO - epoch-473, train_mse_loss-0.0003237, train_kl_loss-0.0009093, train_diff_loss-0.3741978, val_mse_loss-0.0003403, val_kl_loss-0.0009129, val_diff_loss-0.3806655
2025-03-21 01:27:50 - INFO - epoch-474, train_mse_loss-0.0003237, train_kl_loss-0.0009250, train_diff_loss-0.3779968, val_mse_loss-0.0003407, val_kl_loss-0.0009658, val_diff_loss-0.3644160
2025-03-21 01:32:08 - INFO - epoch-475, train_mse_loss-0.0003237, train_kl_loss-0.0009506, train_diff_loss-0.3845365, val_mse_loss-0.0003395, val_kl_loss-0.0009591, val_diff_loss-0.3725564
2025-03-21 01:36:26 - INFO - epoch-476, train_mse_loss-0.0003237, train_kl_loss-0.0009240, train_diff_loss-0.3810753, val_mse_loss-0.0003406, val_kl_loss-0.0009565, val_diff_loss-0.3760322
2025-03-21 01:40:44 - INFO - epoch-477, train_mse_loss-0.0003237, train_kl_loss-0.0009026, train_diff_loss-0.3769366, val_mse_loss-0.0003394, val_kl_loss-0.0009073, val_diff_loss-0.3803754
2025-03-21 01:45:02 - INFO - epoch-478, train_mse_loss-0.0003237, train_kl_loss-0.0009058, train_diff_loss-0.3770625, val_mse_loss-0.0003394, val_kl_loss-0.0009187, val_diff_loss-0.3848820
2025-03-21 01:49:20 - INFO - epoch-479, train_mse_loss-0.0003237, train_kl_loss-0.0008990, train_diff_loss-0.3735191, val_mse_loss-0.0003394, val_kl_loss-0.0008848, val_diff_loss-0.3868671
2025-03-21 01:53:38 - INFO - epoch-480, train_mse_loss-0.0003237, train_kl_loss-0.0009056, train_diff_loss-0.3754531, val_mse_loss-0.0003403, val_kl_loss-0.0008584, val_diff_loss-0.3783102
2025-03-21 01:57:56 - INFO - epoch-481, train_mse_loss-0.0003237, train_kl_loss-0.0009312, train_diff_loss-0.3778488, val_mse_loss-0.0003389, val_kl_loss-0.0009053, val_diff_loss-0.3744685
2025-03-21 02:02:14 - INFO - epoch-482, train_mse_loss-0.0003237, train_kl_loss-0.0009118, train_diff_loss-0.3748844, val_mse_loss-0.0003394, val_kl_loss-0.0008699, val_diff_loss-0.3850063
2025-03-21 02:06:32 - INFO - epoch-483, train_mse_loss-0.0003237, train_kl_loss-0.0009388, train_diff_loss-0.3790276, val_mse_loss-0.0003398, val_kl_loss-0.0009378, val_diff_loss-0.3576905
2025-03-21 02:10:50 - INFO - epoch-484, train_mse_loss-0.0003237, train_kl_loss-0.0009363, train_diff_loss-0.3802557, val_mse_loss-0.0003393, val_kl_loss-0.0010116, val_diff_loss-0.3810737
2025-03-21 02:15:09 - INFO - epoch-485, train_mse_loss-0.0003237, train_kl_loss-0.0009093, train_diff_loss-0.3755148, val_mse_loss-0.0003393, val_kl_loss-0.0009087, val_diff_loss-0.3802434
2025-03-21 02:19:27 - INFO - epoch-486, train_mse_loss-0.0003237, train_kl_loss-0.0009118, train_diff_loss-0.3770723, val_mse_loss-0.0003395, val_kl_loss-0.0009205, val_diff_loss-0.3726387
2025-03-21 02:23:45 - INFO - epoch-487, train_mse_loss-0.0003237, train_kl_loss-0.0008947, train_diff_loss-0.3723779, val_mse_loss-0.0003396, val_kl_loss-0.0008838, val_diff_loss-0.3792374
2025-03-21 02:28:04 - INFO - epoch-488, train_mse_loss-0.0003237, train_kl_loss-0.0009201, train_diff_loss-0.3786178, val_mse_loss-0.0003392, val_kl_loss-0.0008735, val_diff_loss-0.3745463
2025-03-21 02:32:23 - INFO - epoch-489, train_mse_loss-0.0003237, train_kl_loss-0.0009217, train_diff_loss-0.3766032, val_mse_loss-0.0003396, val_kl_loss-0.0008751, val_diff_loss-0.3912097
2025-03-21 02:36:41 - INFO - epoch-490, train_mse_loss-0.0003237, train_kl_loss-0.0009120, train_diff_loss-0.3777593, val_mse_loss-0.0003397, val_kl_loss-0.0009100, val_diff_loss-0.3709098
2025-03-21 02:40:59 - INFO - epoch-491, train_mse_loss-0.0003237, train_kl_loss-0.0009218, train_diff_loss-0.3786366, val_mse_loss-0.0003387, val_kl_loss-0.0008622, val_diff_loss-0.3724636
2025-03-21 02:45:18 - INFO - epoch-492, train_mse_loss-0.0003237, train_kl_loss-0.0009306, train_diff_loss-0.3819014, val_mse_loss-0.0003388, val_kl_loss-0.0009295, val_diff_loss-0.3812566
2025-03-21 02:49:35 - INFO - epoch-493, train_mse_loss-0.0003237, train_kl_loss-0.0009367, train_diff_loss-0.3840929, val_mse_loss-0.0003389, val_kl_loss-0.0009001, val_diff_loss-0.3899886
2025-03-21 02:53:53 - INFO - epoch-494, train_mse_loss-0.0003237, train_kl_loss-0.0009123, train_diff_loss-0.3788939, val_mse_loss-0.0003396, val_kl_loss-0.0008928, val_diff_loss-0.3720899
2025-03-21 02:58:11 - INFO - epoch-495, train_mse_loss-0.0003237, train_kl_loss-0.0009033, train_diff_loss-0.3762765, val_mse_loss-0.0003388, val_kl_loss-0.0008403, val_diff_loss-0.3827138
2025-03-21 03:02:30 - INFO - epoch-496, train_mse_loss-0.0003237, train_kl_loss-0.0008975, train_diff_loss-0.3754294, val_mse_loss-0.0003379, val_kl_loss-0.0009167, val_diff_loss-0.3935690
2025-03-21 03:06:50 - INFO - epoch-497, train_mse_loss-0.0003237, train_kl_loss-0.0009018, train_diff_loss-0.3768660, val_mse_loss-0.0003385, val_kl_loss-0.0008556, val_diff_loss-0.3780641
2025-03-21 03:11:10 - INFO - epoch-498, train_mse_loss-0.0003237, train_kl_loss-0.0009146, train_diff_loss-0.3754570, val_mse_loss-0.0003384, val_kl_loss-0.0008567, val_diff_loss-0.3690868
2025-03-21 03:15:30 - INFO - epoch-499, train_mse_loss-0.0003237, train_kl_loss-0.0009204, train_diff_loss-0.3786050, val_mse_loss-0.0003381, val_kl_loss-0.0010303, val_diff_loss-0.3710613
=======
>>>>>>> 276e8a8d297e2d3032d43656c072e4505f40cf1d
