2024-12-25 07:33:15 - INFO - /mnt/cephfs/projects/2023110101_Ligand_fitting_to_EM_maps/My_Code/CryoLigate_Github/CryoLigate/GIGN/GIGN_EM/For_Elisei_Nov_2024/CryoLigate_GIGN_Unet/train_example.py
2024-12-25 07:33:15 - INFO - train data: 6053
2024-12-25 07:33:15 - INFO - valid data: 1513
2024-12-25 07:34:32 - INFO - Initial_train_loss-0.0026896  Initial_val_loss-0.0026734
2024-12-25 07:38:22 - INFO - epoch-0, train_loss-0.0041874, val_loss-0.1330445
2024-12-25 07:42:13 - INFO - epoch-1, train_loss-0.0013660, val_loss-0.0687817
2024-12-25 07:46:04 - INFO - epoch-2, train_loss-0.0013503, val_loss-0.0682082
2024-12-25 07:49:55 - INFO - epoch-3, train_loss-0.0013431, val_loss-0.0449832
2024-12-25 07:53:45 - INFO - epoch-4, train_loss-0.0013365, val_loss-0.0276468
2024-12-25 07:57:36 - INFO - epoch-5, train_loss-0.0013301, val_loss-0.0163785
2024-12-25 08:01:26 - INFO - epoch-6, train_loss-0.0013259, val_loss-0.0113765
2024-12-25 08:05:16 - INFO - epoch-7, train_loss-0.0013204, val_loss-0.0092658
2024-12-25 08:09:07 - INFO - epoch-8, train_loss-0.0013206, val_loss-0.0091423
2024-12-25 08:12:57 - INFO - epoch-9, train_loss-0.0013174, val_loss-0.0096015
2024-12-25 08:16:47 - INFO - epoch-10, train_loss-0.0013133, val_loss-0.0066309
2024-12-25 08:21:40 - INFO - epoch-11, train_loss-0.0013127, val_loss-0.0047130
2024-12-25 08:26:53 - INFO - epoch-12, train_loss-0.0013108, val_loss-0.0039226
2024-12-25 08:30:43 - INFO - epoch-13, train_loss-0.0013093, val_loss-0.0045340
2024-12-25 08:34:33 - INFO - epoch-14, train_loss-0.0013081, val_loss-0.0034013
2024-12-25 08:38:25 - INFO - epoch-15, train_loss-0.0013074, val_loss-0.0027606
2024-12-25 08:42:14 - INFO - epoch-16, train_loss-0.0013064, val_loss-0.0025745
2024-12-25 08:46:04 - INFO - epoch-17, train_loss-0.0013051, val_loss-0.0024842
2024-12-25 08:49:53 - INFO - epoch-18, train_loss-0.0013047, val_loss-0.0022171
2024-12-25 08:53:42 - INFO - epoch-19, train_loss-0.0013043, val_loss-0.0020566
2024-12-25 08:57:31 - INFO - epoch-20, train_loss-0.0013030, val_loss-0.0018993
2024-12-25 09:01:20 - INFO - epoch-21, train_loss-0.0013032, val_loss-0.0017151
2024-12-25 09:05:10 - INFO - epoch-22, train_loss-0.0013024, val_loss-0.0016062
2024-12-25 09:08:59 - INFO - epoch-23, train_loss-0.0013035, val_loss-0.0014961
2024-12-25 09:12:47 - INFO - epoch-24, train_loss-0.0013024, val_loss-0.0015138
2024-12-25 09:16:35 - INFO - epoch-25, train_loss-0.0013022, val_loss-0.0014454
2024-12-25 09:20:35 - INFO - epoch-26, train_loss-0.0013030, val_loss-0.0014723
2024-12-25 09:26:52 - INFO - epoch-27, train_loss-0.0013029, val_loss-0.0014322
2024-12-25 09:30:40 - INFO - epoch-28, train_loss-0.0013029, val_loss-0.0014400
2024-12-25 09:34:27 - INFO - epoch-29, train_loss-0.0013015, val_loss-0.0013884
2024-12-25 09:38:15 - INFO - epoch-30, train_loss-0.0013021, val_loss-0.0015689
2024-12-25 09:42:02 - INFO - epoch-31, train_loss-0.0013015, val_loss-0.0014055
2024-12-25 09:45:50 - INFO - epoch-32, train_loss-0.0013007, val_loss-0.0014731
2024-12-25 09:49:37 - INFO - epoch-33, train_loss-0.0013008, val_loss-0.0014441
2024-12-25 09:53:24 - INFO - epoch-34, train_loss-0.0013002, val_loss-0.0013736
2024-12-25 09:57:11 - INFO - epoch-35, train_loss-0.0013001, val_loss-0.0013608
2024-12-25 10:00:58 - INFO - epoch-36, train_loss-0.0013006, val_loss-0.0013637
2024-12-25 10:04:46 - INFO - epoch-37, train_loss-0.0013000, val_loss-0.0013784
2024-12-25 10:08:33 - INFO - epoch-38, train_loss-0.0012997, val_loss-0.0013282
2024-12-25 10:12:19 - INFO - epoch-39, train_loss-0.0012987, val_loss-0.0013199
2024-12-25 10:16:05 - INFO - epoch-40, train_loss-0.0012996, val_loss-0.0012864
2024-12-25 10:19:52 - INFO - epoch-41, train_loss-0.0012994, val_loss-0.0013550
2024-12-25 10:24:40 - INFO - epoch-42, train_loss-0.0012987, val_loss-0.0013162
2024-12-25 10:29:59 - INFO - epoch-43, train_loss-0.0012985, val_loss-0.0014150
2024-12-25 10:33:45 - INFO - epoch-44, train_loss-0.0012987, val_loss-0.0013573
2024-12-25 10:37:33 - INFO - epoch-45, train_loss-0.0012977, val_loss-0.0012899
2024-12-25 10:41:20 - INFO - epoch-46, train_loss-0.0012974, val_loss-0.0013223
2024-12-25 10:45:06 - INFO - epoch-47, train_loss-0.0012976, val_loss-0.0013423
2024-12-25 10:48:52 - INFO - epoch-48, train_loss-0.0012984, val_loss-0.0012976
2024-12-25 10:52:39 - INFO - epoch-49, train_loss-0.0012969, val_loss-0.0013936
2024-12-25 10:56:25 - INFO - epoch-50, train_loss-0.0012970, val_loss-0.0013076
2024-12-25 11:00:11 - INFO - epoch-51, train_loss-0.0012968, val_loss-0.0014624
2024-12-25 11:03:58 - INFO - epoch-52, train_loss-0.0012965, val_loss-0.0015171
2024-12-25 11:07:44 - INFO - epoch-53, train_loss-0.0012984, val_loss-0.0014540
2024-12-25 11:11:30 - INFO - epoch-54, train_loss-0.0012963, val_loss-0.0014012
2024-12-25 11:15:16 - INFO - epoch-55, train_loss-0.0012957, val_loss-0.0013669
2024-12-25 11:19:02 - INFO - epoch-56, train_loss-0.0012958, val_loss-0.0013450
2024-12-25 11:22:48 - INFO - epoch-57, train_loss-0.0012959, val_loss-0.0014691
2024-12-25 11:28:24 - INFO - epoch-58, train_loss-0.0012961, val_loss-0.0015319
2024-12-25 11:32:43 - INFO - epoch-59, train_loss-0.0012960, val_loss-0.0014569
2024-12-25 11:36:29 - INFO - epoch-60, train_loss-0.0012956, val_loss-0.0013819
2024-12-25 11:40:15 - INFO - epoch-61, train_loss-0.0012958, val_loss-0.0013415
2024-12-25 11:44:01 - INFO - epoch-62, train_loss-0.0012956, val_loss-0.0015215
2024-12-25 11:47:47 - INFO - epoch-63, train_loss-0.0012956, val_loss-0.0013707
2024-12-25 11:51:33 - INFO - epoch-64, train_loss-0.0012956, val_loss-0.0014909
2024-12-25 11:55:18 - INFO - epoch-65, train_loss-0.0012951, val_loss-0.0014863
2024-12-25 11:59:04 - INFO - epoch-66, train_loss-0.0012950, val_loss-0.0013216
2024-12-25 12:02:52 - INFO - epoch-67, train_loss-0.0012950, val_loss-0.0014193
2024-12-25 12:06:38 - INFO - epoch-68, train_loss-0.0012949, val_loss-0.0015094
2024-12-25 12:10:24 - INFO - epoch-69, train_loss-0.0012952, val_loss-0.0014738
2024-12-25 12:14:09 - INFO - epoch-70, train_loss-0.0012947, val_loss-0.0014499
2024-12-25 12:17:56 - INFO - epoch-71, train_loss-0.0012952, val_loss-0.0014666
2024-12-25 12:21:41 - INFO - epoch-72, train_loss-0.0012948, val_loss-0.0015131
2024-12-25 12:25:35 - INFO - epoch-73, train_loss-0.0012941, val_loss-0.0014626
2024-12-25 12:31:21 - INFO - epoch-74, train_loss-0.0012952, val_loss-0.0014583
2024-12-25 12:35:06 - INFO - epoch-75, train_loss-0.0012941, val_loss-0.0014937
2024-12-25 12:38:52 - INFO - epoch-76, train_loss-0.0012943, val_loss-0.0014387
2024-12-25 12:42:37 - INFO - epoch-77, train_loss-0.0012943, val_loss-0.0015164
2024-12-25 12:46:22 - INFO - epoch-78, train_loss-0.0012943, val_loss-0.0015132
2024-12-25 12:50:07 - INFO - epoch-79, train_loss-0.0012940, val_loss-0.0014989
2024-12-25 12:53:53 - INFO - epoch-80, train_loss-0.0012939, val_loss-0.0015073
2024-12-25 12:57:39 - INFO - epoch-81, train_loss-0.0012940, val_loss-0.0014677
2024-12-25 13:01:25 - INFO - epoch-82, train_loss-0.0012941, val_loss-0.0014706
2024-12-25 13:05:10 - INFO - epoch-83, train_loss-0.0012940, val_loss-0.0015117
2024-12-25 13:08:56 - INFO - epoch-84, train_loss-0.0012935, val_loss-0.0014512
2024-12-25 13:12:41 - INFO - epoch-85, train_loss-0.0012939, val_loss-0.0014939
2024-12-25 13:16:26 - INFO - epoch-86, train_loss-0.0012935, val_loss-0.0015151
2024-12-25 13:20:12 - INFO - epoch-87, train_loss-0.0012934, val_loss-0.0015167
2024-12-25 13:24:00 - INFO - epoch-88, train_loss-0.0012935, val_loss-0.0015127
2024-12-25 13:27:45 - INFO - epoch-89, train_loss-0.0012935, val_loss-0.0015140
2024-12-25 13:31:31 - INFO - epoch-90, train_loss-0.0012934, val_loss-0.0015125
2024-12-25 13:35:16 - INFO - epoch-91, train_loss-0.0012934, val_loss-0.0015153
2024-12-25 13:39:51 - INFO - epoch-92, train_loss-0.0012937, val_loss-0.0015202
2024-12-25 13:44:52 - INFO - epoch-93, train_loss-0.0012932, val_loss-0.0015266
2024-12-25 13:48:38 - INFO - epoch-94, train_loss-0.0012939, val_loss-0.0015190
2024-12-25 13:52:25 - INFO - epoch-95, train_loss-0.0012933, val_loss-0.0015212
2024-12-25 13:56:10 - INFO - epoch-96, train_loss-0.0012930, val_loss-0.0015290
2024-12-25 13:59:55 - INFO - epoch-97, train_loss-0.0012930, val_loss-0.0015229
2024-12-25 14:03:40 - INFO - epoch-98, train_loss-0.0012930, val_loss-0.0015322
2024-12-25 14:07:25 - INFO - epoch-99, train_loss-0.0012929, val_loss-0.0015227
2024-12-25 14:11:10 - INFO - epoch-100, train_loss-0.0012934, val_loss-0.0015295
2024-12-25 14:14:55 - INFO - epoch-101, train_loss-0.0012930, val_loss-0.0015225
2024-12-25 14:18:40 - INFO - epoch-102, train_loss-0.0012928, val_loss-0.0015263
2024-12-25 14:22:25 - INFO - epoch-103, train_loss-0.0012928, val_loss-0.0015276
2024-12-25 14:26:10 - INFO - epoch-104, train_loss-0.0012924, val_loss-0.0015278
2024-12-25 14:29:55 - INFO - epoch-105, train_loss-0.0012928, val_loss-0.0015217
2024-12-25 14:33:42 - INFO - epoch-106, train_loss-0.0012929, val_loss-0.0015198
2024-12-25 14:37:27 - INFO - epoch-107, train_loss-0.0012926, val_loss-0.0015311
2024-12-25 14:41:57 - INFO - epoch-108, train_loss-0.0012926, val_loss-0.0015306
2024-12-25 14:46:44 - INFO - epoch-109, train_loss-0.0012923, val_loss-0.0015348
2024-12-25 14:50:28 - INFO - epoch-110, train_loss-0.0012924, val_loss-0.0015324
2024-12-25 14:54:13 - INFO - epoch-111, train_loss-0.0012925, val_loss-0.0015341
2024-12-25 14:57:58 - INFO - epoch-112, train_loss-0.0012923, val_loss-0.0015402
2024-12-25 15:01:43 - INFO - epoch-113, train_loss-0.0012926, val_loss-0.0015335
2024-12-25 15:05:28 - INFO - epoch-114, train_loss-0.0012922, val_loss-0.0015286
2024-12-25 15:09:12 - INFO - epoch-115, train_loss-0.0012922, val_loss-0.0015177
2024-12-25 15:12:57 - INFO - epoch-116, train_loss-0.0012925, val_loss-0.0015337
2024-12-25 15:16:42 - INFO - epoch-117, train_loss-0.0012923, val_loss-0.0015229
2024-12-25 15:20:27 - INFO - epoch-118, train_loss-0.0012927, val_loss-0.0015115
2024-12-25 15:24:11 - INFO - epoch-119, train_loss-0.0012922, val_loss-0.0015183
2024-12-25 15:27:56 - INFO - epoch-120, train_loss-0.0012921, val_loss-0.0015227
2024-12-25 15:31:41 - INFO - epoch-121, train_loss-0.0012923, val_loss-0.0015187
2024-12-25 15:35:25 - INFO - epoch-122, train_loss-0.0012923, val_loss-0.0015175
2024-12-25 15:39:10 - INFO - epoch-123, train_loss-0.0012922, val_loss-0.0015135
2024-12-25 15:43:53 - INFO - epoch-124, train_loss-0.0012922, val_loss-0.0015227
2024-12-25 15:49:13 - INFO - epoch-125, train_loss-0.0012919, val_loss-0.0015238
2024-12-25 15:52:57 - INFO - epoch-126, train_loss-0.0012921, val_loss-0.0015209
2024-12-25 15:56:42 - INFO - epoch-127, train_loss-0.0012921, val_loss-0.0015251
2024-12-25 16:00:27 - INFO - epoch-128, train_loss-0.0012919, val_loss-0.0015155
2024-12-25 16:04:11 - INFO - epoch-129, train_loss-0.0012919, val_loss-0.0015231
2024-12-25 16:07:56 - INFO - epoch-130, train_loss-0.0012923, val_loss-0.0015121
2024-12-25 16:11:40 - INFO - epoch-131, train_loss-0.0012918, val_loss-0.0015215
2024-12-25 16:15:26 - INFO - epoch-132, train_loss-0.0012918, val_loss-0.0015115
2024-12-25 16:19:10 - INFO - epoch-133, train_loss-0.0012917, val_loss-0.0015332
2024-12-25 16:22:55 - INFO - epoch-134, train_loss-0.0012918, val_loss-0.0015273
2024-12-25 16:26:41 - INFO - epoch-135, train_loss-0.0012918, val_loss-0.0015192
2024-12-25 16:30:26 - INFO - epoch-136, train_loss-0.0012917, val_loss-0.0015195
2024-12-25 16:34:12 - INFO - epoch-137, train_loss-0.0012917, val_loss-0.0015341
2024-12-25 16:37:56 - INFO - epoch-138, train_loss-0.0012916, val_loss-0.0015206
2024-12-25 16:41:41 - INFO - epoch-139, train_loss-0.0012919, val_loss-0.0015275
2024-12-25 16:46:02 - INFO - epoch-140, train_loss-0.0012917, val_loss-0.0015264
2024-12-25 16:51:44 - INFO - epoch-141, train_loss-0.0012917, val_loss-0.0015260
2024-12-25 16:55:28 - INFO - epoch-142, train_loss-0.0012917, val_loss-0.0015183
2024-12-25 16:59:13 - INFO - epoch-143, train_loss-0.0012917, val_loss-0.0015214
2024-12-25 17:02:57 - INFO - epoch-144, train_loss-0.0012917, val_loss-0.0015043
2024-12-25 17:06:42 - INFO - epoch-145, train_loss-0.0012916, val_loss-0.0015215
2024-12-25 17:10:26 - INFO - epoch-146, train_loss-0.0012915, val_loss-0.0015014
2024-12-25 17:14:11 - INFO - epoch-147, train_loss-0.0012913, val_loss-0.0015257
2024-12-25 17:17:55 - INFO - epoch-148, train_loss-0.0012913, val_loss-0.0015252
2024-12-25 17:21:40 - INFO - epoch-149, train_loss-0.0012919, val_loss-0.0015322
2024-12-25 17:25:24 - INFO - epoch-150, train_loss-0.0012915, val_loss-0.0015181
2024-12-25 17:29:08 - INFO - epoch-151, train_loss-0.0012917, val_loss-0.0015241
2024-12-25 17:32:53 - INFO - epoch-152, train_loss-0.0012913, val_loss-0.0015280
2024-12-25 17:36:37 - INFO - epoch-153, train_loss-0.0012912, val_loss-0.0015184
2024-12-25 17:40:21 - INFO - epoch-154, train_loss-0.0012914, val_loss-0.0015250
2024-12-25 17:44:05 - INFO - epoch-155, train_loss-0.0012915, val_loss-0.0015337
2024-12-25 17:48:51 - INFO - epoch-156, train_loss-0.0012913, val_loss-0.0015099
2024-12-25 17:54:28 - INFO - epoch-157, train_loss-0.0012913, val_loss-0.0015161
2024-12-25 17:58:12 - INFO - epoch-158, train_loss-0.0012912, val_loss-0.0015287
2024-12-25 18:01:57 - INFO - epoch-159, train_loss-0.0012913, val_loss-0.0015312
2024-12-25 18:05:43 - INFO - epoch-160, train_loss-0.0012908, val_loss-0.0015129
2024-12-25 18:09:27 - INFO - epoch-161, train_loss-0.0012908, val_loss-0.0015173
2024-12-25 18:13:11 - INFO - epoch-162, train_loss-0.0012909, val_loss-0.0015267
2024-12-25 18:16:55 - INFO - epoch-163, train_loss-0.0012912, val_loss-0.0015159
2024-12-25 18:20:39 - INFO - epoch-164, train_loss-0.0012909, val_loss-0.0015131
2024-12-25 18:24:23 - INFO - epoch-165, train_loss-0.0012908, val_loss-0.0015297
2024-12-25 18:28:07 - INFO - epoch-166, train_loss-0.0012913, val_loss-0.0015261
2024-12-25 18:31:51 - INFO - epoch-167, train_loss-0.0012907, val_loss-0.0015229
2024-12-25 18:35:35 - INFO - epoch-168, train_loss-0.0012909, val_loss-0.0015312
2024-12-25 18:39:18 - INFO - epoch-169, train_loss-0.0012908, val_loss-0.0015212
2024-12-25 18:43:02 - INFO - epoch-170, train_loss-0.0012909, val_loss-0.0015065
2024-12-25 18:46:46 - INFO - epoch-171, train_loss-0.0012908, val_loss-0.0015343
2024-12-25 18:51:31 - INFO - epoch-172, train_loss-0.0012907, val_loss-0.0015246
2024-12-25 18:56:51 - INFO - epoch-173, train_loss-0.0012911, val_loss-0.0015279
2024-12-25 19:00:34 - INFO - epoch-174, train_loss-0.0012907, val_loss-0.0015316
2024-12-25 19:04:18 - INFO - epoch-175, train_loss-0.0012906, val_loss-0.0015225
2024-12-25 19:08:03 - INFO - epoch-176, train_loss-0.0012904, val_loss-0.0015337
2024-12-25 19:11:46 - INFO - epoch-177, train_loss-0.0012904, val_loss-0.0015345
2024-12-25 19:15:30 - INFO - epoch-178, train_loss-0.0012907, val_loss-0.0015229
2024-12-25 19:19:14 - INFO - epoch-179, train_loss-0.0012905, val_loss-0.0015246
2024-12-25 19:22:58 - INFO - epoch-180, train_loss-0.0012904, val_loss-0.0015255
2024-12-25 19:26:42 - INFO - epoch-181, train_loss-0.0012906, val_loss-0.0015298
2024-12-25 19:30:26 - INFO - epoch-182, train_loss-0.0012905, val_loss-0.0015187
2024-12-25 19:34:10 - INFO - epoch-183, train_loss-0.0012901, val_loss-0.0015225
2024-12-25 19:37:53 - INFO - epoch-184, train_loss-0.0012902, val_loss-0.0015228
2024-12-25 19:41:37 - INFO - epoch-185, train_loss-0.0012902, val_loss-0.0015249
2024-12-25 19:45:21 - INFO - epoch-186, train_loss-0.0012901, val_loss-0.0015199
2024-12-25 19:49:07 - INFO - epoch-187, train_loss-0.0012900, val_loss-0.0015323
2024-12-25 19:53:58 - INFO - epoch-188, train_loss-0.0012899, val_loss-0.0015186
2024-12-25 19:59:26 - INFO - epoch-189, train_loss-0.0012900, val_loss-0.0015363
2024-12-25 20:03:10 - INFO - epoch-190, train_loss-0.0012901, val_loss-0.0015346
2024-12-25 20:06:54 - INFO - epoch-191, train_loss-0.0012901, val_loss-0.0015176
2024-12-25 20:10:38 - INFO - epoch-192, train_loss-0.0012902, val_loss-0.0015118
2024-12-25 20:14:22 - INFO - epoch-193, train_loss-0.0012897, val_loss-0.0015256
2024-12-25 20:18:05 - INFO - epoch-194, train_loss-0.0012897, val_loss-0.0015129
2024-12-25 20:21:49 - INFO - epoch-195, train_loss-0.0012898, val_loss-0.0015225
2024-12-25 20:25:33 - INFO - epoch-196, train_loss-0.0012896, val_loss-0.0015323
2024-12-25 20:29:17 - INFO - epoch-197, train_loss-0.0012895, val_loss-0.0015154
2024-12-25 20:33:01 - INFO - epoch-198, train_loss-0.0012895, val_loss-0.0015203
2024-12-25 20:36:46 - INFO - epoch-199, train_loss-0.0012894, val_loss-0.0015051
2024-12-25 20:40:30 - INFO - epoch-200, train_loss-0.0012896, val_loss-0.0015181
2024-12-25 20:44:15 - INFO - epoch-201, train_loss-0.0012897, val_loss-0.0015016
2024-12-25 20:47:59 - INFO - epoch-202, train_loss-0.0012895, val_loss-0.0015196
2024-12-25 20:51:45 - INFO - epoch-203, train_loss-0.0012895, val_loss-0.0015254
2024-12-25 20:56:46 - INFO - epoch-204, train_loss-0.0012893, val_loss-0.0015133
2024-12-25 21:02:25 - INFO - epoch-205, train_loss-0.0012893, val_loss-0.0015078
2024-12-25 21:06:09 - INFO - epoch-206, train_loss-0.0012894, val_loss-0.0015139
2024-12-25 21:09:52 - INFO - epoch-207, train_loss-0.0012891, val_loss-0.0014846
2024-12-25 21:13:36 - INFO - epoch-208, train_loss-0.0012894, val_loss-0.0014934
2024-12-25 21:17:19 - INFO - epoch-209, train_loss-0.0012891, val_loss-0.0014821
2024-12-25 21:21:03 - INFO - epoch-210, train_loss-0.0012891, val_loss-0.0015005
2024-12-25 21:24:47 - INFO - epoch-211, train_loss-0.0012893, val_loss-0.0014956
2024-12-25 21:28:30 - INFO - epoch-212, train_loss-0.0012889, val_loss-0.0014923
2024-12-25 21:32:14 - INFO - epoch-213, train_loss-0.0012892, val_loss-0.0015082
2024-12-25 21:35:58 - INFO - epoch-214, train_loss-0.0012891, val_loss-0.0014995
2024-12-25 21:39:42 - INFO - epoch-215, train_loss-0.0012891, val_loss-0.0015062
2024-12-25 21:43:25 - INFO - epoch-216, train_loss-0.0012890, val_loss-0.0015165
2024-12-25 21:47:09 - INFO - epoch-217, train_loss-0.0012890, val_loss-0.0015043
2024-12-25 21:50:53 - INFO - epoch-218, train_loss-0.0012889, val_loss-0.0015404
2024-12-25 21:54:37 - INFO - epoch-219, train_loss-0.0012892, val_loss-0.0014783
2024-12-25 21:59:29 - INFO - epoch-220, train_loss-0.0012892, val_loss-0.0014783
2024-12-25 22:04:49 - INFO - epoch-221, train_loss-0.0012887, val_loss-0.0014665
2024-12-25 22:08:33 - INFO - epoch-222, train_loss-0.0012888, val_loss-0.0014992
2024-12-25 22:12:16 - INFO - epoch-223, train_loss-0.0012887, val_loss-0.0014762
2024-12-25 22:16:00 - INFO - epoch-224, train_loss-0.0012887, val_loss-0.0014872
2024-12-25 22:19:44 - INFO - epoch-225, train_loss-0.0012887, val_loss-0.0014847
2024-12-25 22:23:27 - INFO - epoch-226, train_loss-0.0012885, val_loss-0.0015049
2024-12-25 22:27:11 - INFO - epoch-227, train_loss-0.0012888, val_loss-0.0014846
2024-12-25 22:30:55 - INFO - epoch-228, train_loss-0.0012889, val_loss-0.0015173
2024-12-25 22:34:38 - INFO - epoch-229, train_loss-0.0012888, val_loss-0.0014886
2024-12-25 22:38:22 - INFO - epoch-230, train_loss-0.0012884, val_loss-0.0014892
2024-12-25 22:42:07 - INFO - epoch-231, train_loss-0.0012887, val_loss-0.0014804
2024-12-25 22:45:51 - INFO - epoch-232, train_loss-0.0012885, val_loss-0.0015011
2024-12-25 22:49:34 - INFO - epoch-233, train_loss-0.0012884, val_loss-0.0014731
2024-12-25 22:53:18 - INFO - epoch-234, train_loss-0.0012883, val_loss-0.0014609
2024-12-25 22:57:02 - INFO - epoch-235, train_loss-0.0012883, val_loss-0.0014838
2024-12-25 23:01:52 - INFO - epoch-236, train_loss-0.0012884, val_loss-0.0014583
2024-12-25 23:07:19 - INFO - epoch-237, train_loss-0.0012881, val_loss-0.0014757
2024-12-25 23:11:02 - INFO - epoch-238, train_loss-0.0012883, val_loss-0.0014683
2024-12-25 23:14:46 - INFO - epoch-239, train_loss-0.0012882, val_loss-0.0015035
2024-12-25 23:18:30 - INFO - epoch-240, train_loss-0.0012883, val_loss-0.0014506
2024-12-25 23:22:14 - INFO - epoch-241, train_loss-0.0012877, val_loss-0.0014006
2024-12-25 23:25:57 - INFO - epoch-242, train_loss-0.0012877, val_loss-0.0014257
2024-12-25 23:29:41 - INFO - epoch-243, train_loss-0.0012877, val_loss-0.0013857
2024-12-25 23:33:24 - INFO - epoch-244, train_loss-0.0012879, val_loss-0.0014878
2024-12-25 23:37:08 - INFO - epoch-245, train_loss-0.0012885, val_loss-0.0014769
2024-12-25 23:40:51 - INFO - epoch-246, train_loss-0.0012878, val_loss-0.0013953
2024-12-25 23:44:35 - INFO - epoch-247, train_loss-0.0012878, val_loss-0.0014368
2024-12-25 23:48:18 - INFO - epoch-248, train_loss-0.0012878, val_loss-0.0014346
2024-12-25 23:52:02 - INFO - epoch-249, train_loss-0.0012877, val_loss-0.0014302
2024-12-25 23:55:45 - INFO - epoch-250, train_loss-0.0012878, val_loss-0.0014438
2024-12-25 23:59:29 - INFO - epoch-251, train_loss-0.0012875, val_loss-0.0014542
2024-12-26 00:04:11 - INFO - epoch-252, train_loss-0.0012877, val_loss-0.0014430
2024-12-26 00:09:30 - INFO - epoch-253, train_loss-0.0012877, val_loss-0.0014396
2024-12-26 00:13:13 - INFO - epoch-254, train_loss-0.0012877, val_loss-0.0014247
2024-12-26 00:16:57 - INFO - epoch-255, train_loss-0.0012875, val_loss-0.0014149
2024-12-26 00:20:40 - INFO - epoch-256, train_loss-0.0012877, val_loss-0.0016823
2024-12-26 00:24:24 - INFO - epoch-257, train_loss-0.0012876, val_loss-0.0020818
2024-12-26 00:28:07 - INFO - epoch-258, train_loss-0.0012874, val_loss-0.0014088
2024-12-26 00:31:51 - INFO - epoch-259, train_loss-0.0012875, val_loss-0.0015288
2024-12-26 00:35:34 - INFO - epoch-260, train_loss-0.0012871, val_loss-0.0014954
2024-12-26 00:39:17 - INFO - epoch-261, train_loss-0.0012873, val_loss-0.0014274
2024-12-26 00:43:01 - INFO - epoch-262, train_loss-0.0012872, val_loss-0.0014580
2024-12-26 00:46:47 - INFO - epoch-263, train_loss-0.0012874, val_loss-0.0013937
2024-12-26 00:50:30 - INFO - epoch-264, train_loss-0.0012874, val_loss-0.0015053
2024-12-26 00:54:14 - INFO - epoch-265, train_loss-0.0012874, val_loss-0.0014393
2024-12-26 00:57:57 - INFO - epoch-266, train_loss-0.0012873, val_loss-0.0014475
2024-12-26 01:01:40 - INFO - epoch-267, train_loss-0.0012878, val_loss-0.0013713
2024-12-26 01:06:19 - INFO - epoch-268, train_loss-0.0012871, val_loss-0.0013816
2024-12-26 01:11:38 - INFO - epoch-269, train_loss-0.0012871, val_loss-0.0013973
2024-12-26 01:15:22 - INFO - epoch-270, train_loss-0.0012871, val_loss-0.0013598
2024-12-26 01:19:05 - INFO - epoch-271, train_loss-0.0012872, val_loss-0.0013636
2024-12-26 01:22:48 - INFO - epoch-272, train_loss-0.0012873, val_loss-0.0013714
2024-12-26 01:26:31 - INFO - epoch-273, train_loss-0.0012874, val_loss-0.0013572
2024-12-26 01:30:14 - INFO - epoch-274, train_loss-0.0012874, val_loss-0.0013523
2024-12-26 01:33:57 - INFO - epoch-275, train_loss-0.0012873, val_loss-0.0013656
2024-12-26 01:37:40 - INFO - epoch-276, train_loss-0.0012873, val_loss-0.0013561
2024-12-26 01:41:24 - INFO - epoch-277, train_loss-0.0012875, val_loss-0.0013496
2024-12-26 01:45:07 - INFO - epoch-278, train_loss-0.0012870, val_loss-0.0013386
2024-12-26 01:48:52 - INFO - epoch-279, train_loss-0.0012871, val_loss-0.0013419
2024-12-26 01:52:35 - INFO - epoch-280, train_loss-0.0012870, val_loss-0.0013471
2024-12-26 01:56:20 - INFO - epoch-281, train_loss-0.0012870, val_loss-0.0013591
2024-12-26 02:00:03 - INFO - epoch-282, train_loss-0.0012874, val_loss-0.0013671
2024-12-26 02:03:46 - INFO - epoch-283, train_loss-0.0012871, val_loss-0.0014079
2024-12-26 02:08:26 - INFO - epoch-284, train_loss-0.0012872, val_loss-0.0013760
2024-12-26 02:13:53 - INFO - epoch-285, train_loss-0.0012872, val_loss-0.0013833
2024-12-26 02:17:38 - INFO - epoch-286, train_loss-0.0012873, val_loss-0.0013727
2024-12-26 02:21:21 - INFO - epoch-287, train_loss-0.0012870, val_loss-0.0013835
2024-12-26 02:25:04 - INFO - epoch-288, train_loss-0.0012872, val_loss-0.0014062
2024-12-26 02:28:47 - INFO - epoch-289, train_loss-0.0012872, val_loss-0.0013994
2024-12-26 02:32:32 - INFO - epoch-290, train_loss-0.0012870, val_loss-0.0013765
2024-12-26 02:36:15 - INFO - epoch-291, train_loss-0.0012871, val_loss-0.0014345
2024-12-26 02:39:58 - INFO - epoch-292, train_loss-0.0012870, val_loss-0.0013907
2024-12-26 02:43:42 - INFO - epoch-293, train_loss-0.0012869, val_loss-0.0013953
2024-12-26 02:47:24 - INFO - epoch-294, train_loss-0.0012870, val_loss-0.0014020
2024-12-26 02:51:07 - INFO - epoch-295, train_loss-0.0012871, val_loss-0.0013897
2024-12-26 02:54:50 - INFO - epoch-296, train_loss-0.0012871, val_loss-0.0013902
2024-12-26 02:58:33 - INFO - epoch-297, train_loss-0.0012871, val_loss-0.0013904
2024-12-26 03:02:16 - INFO - epoch-298, train_loss-0.0012870, val_loss-0.0014065
2024-12-26 03:05:59 - INFO - epoch-299, train_loss-0.0012870, val_loss-0.0013924
