2025-03-19 14:31:47 - INFO - train data: 13259
2025-03-19 14:31:47 - INFO - train unqiue data: 13259
2025-03-19 14:31:47 - INFO - valid data: 1474
2025-03-19 14:31:47 - INFO - valid unqiue data: 1474
2025-03-19 14:36:14 - INFO - epoch-0, train_mse_loss-0.0005166, train_kl_loss-0.0030950, train_diff_loss-0.9220398, val_mse_loss-0.0189259, val_kl_loss-0.0013097, val_diff_loss-0.8209270
2025-03-19 14:40:33 - INFO - epoch-1, train_mse_loss-0.0003370, train_kl_loss-0.0017072, train_diff_loss-0.7570186, val_mse_loss-0.0050248, val_kl_loss-0.0018962, val_diff_loss-0.6954936
2025-03-19 14:44:51 - INFO - epoch-2, train_mse_loss-0.0003346, train_kl_loss-0.0024974, train_diff_loss-0.6481684, val_mse_loss-0.0006473, val_kl_loss-0.0026748, val_diff_loss-0.5952661
2025-03-19 14:44:59 - INFO - Saved new best model at epoch 2 with validation loss 0.5985882
2025-03-19 14:49:17 - INFO - epoch-3, train_mse_loss-0.0003342, train_kl_loss-0.0033173, train_diff_loss-0.5666299, val_mse_loss-0.0008365, val_kl_loss-0.0030019, val_diff_loss-0.5204832
2025-03-19 14:49:24 - INFO - Saved new best model at epoch 3 with validation loss 0.5243216
2025-03-19 14:53:43 - INFO - epoch-4, train_mse_loss-0.0003380, train_kl_loss-0.0044154, train_diff_loss-0.5104332, val_mse_loss-0.0007064, val_kl_loss-0.0055219, val_diff_loss-0.5007686
2025-03-19 14:53:51 - INFO - Saved new best model at epoch 4 with validation loss 0.5069969
2025-03-19 14:58:08 - INFO - epoch-5, train_mse_loss-0.0003366, train_kl_loss-0.0053134, train_diff_loss-0.4698052, val_mse_loss-0.0008354, val_kl_loss-0.0061419, val_diff_loss-0.4497710
2025-03-19 14:58:16 - INFO - Saved new best model at epoch 5 with validation loss 0.4567483
2025-03-19 15:02:34 - INFO - epoch-6, train_mse_loss-0.0003357, train_kl_loss-0.0061687, train_diff_loss-0.4429683, val_mse_loss-0.0004687, val_kl_loss-0.0063717, val_diff_loss-0.4401543
2025-03-19 15:02:42 - INFO - Saved new best model at epoch 6 with validation loss 0.4469948
2025-03-19 15:07:02 - INFO - epoch-7, train_mse_loss-0.0003343, train_kl_loss-0.0068362, train_diff_loss-0.4297169, val_mse_loss-0.0004380, val_kl_loss-0.0059996, val_diff_loss-0.4314729
2025-03-19 15:07:10 - INFO - Saved new best model at epoch 7 with validation loss 0.4379105
<<<<<<< HEAD
2025-03-19 15:11:28 - INFO - epoch-8, train_mse_loss-0.0003400, train_kl_loss-0.0070695, train_diff_loss-0.4153559, val_mse_loss-0.0004137, val_kl_loss-0.0064817, val_diff_loss-0.4228621
2025-03-19 15:11:36 - INFO - Saved new best model at epoch 8 with validation loss 0.4297574
2025-03-19 15:15:54 - INFO - epoch-9, train_mse_loss-0.0003319, train_kl_loss-0.0072869, train_diff_loss-0.4081653, val_mse_loss-0.0004425, val_kl_loss-0.0078456, val_diff_loss-0.4133706
2025-03-19 15:16:02 - INFO - Saved new best model at epoch 9 with validation loss 0.4216588
2025-03-19 15:20:20 - INFO - epoch-10, train_mse_loss-0.0003315, train_kl_loss-0.0080127, train_diff_loss-0.4154017, val_mse_loss-0.0010412, val_kl_loss-0.0083816, val_diff_loss-0.4053922
2025-03-19 15:20:28 - INFO - Saved new best model at epoch 10 with validation loss 0.4148151
2025-03-19 15:24:46 - INFO - epoch-11, train_mse_loss-0.0003310, train_kl_loss-0.0075602, train_diff_loss-0.4048318, val_mse_loss-0.0003607, val_kl_loss-0.0085057, val_diff_loss-0.4077797
2025-03-19 15:29:05 - INFO - epoch-12, train_mse_loss-0.0003304, train_kl_loss-0.0079424, train_diff_loss-0.4089161, val_mse_loss-0.0003695, val_kl_loss-0.0088249, val_diff_loss-0.4013924
2025-03-19 15:29:13 - INFO - Saved new best model at epoch 12 with validation loss 0.4105867
2025-03-19 15:33:31 - INFO - epoch-13, train_mse_loss-0.0003300, train_kl_loss-0.0078672, train_diff_loss-0.4048414, val_mse_loss-0.0005155, val_kl_loss-0.0080905, val_diff_loss-0.3969058
2025-03-19 15:33:39 - INFO - Saved new best model at epoch 13 with validation loss 0.4055118
2025-03-19 15:37:58 - INFO - epoch-14, train_mse_loss-0.0003296, train_kl_loss-0.0077107, train_diff_loss-0.4016576, val_mse_loss-0.0005124, val_kl_loss-0.0081228, val_diff_loss-0.4039827
2025-03-19 15:42:17 - INFO - epoch-15, train_mse_loss-0.0003293, train_kl_loss-0.0080079, train_diff_loss-0.4030753, val_mse_loss-0.0005532, val_kl_loss-0.0076463, val_diff_loss-0.3850935
2025-03-19 15:42:25 - INFO - Saved new best model at epoch 15 with validation loss 0.3932930
2025-03-19 15:46:50 - INFO - epoch-16, train_mse_loss-0.0003289, train_kl_loss-0.0079459, train_diff_loss-0.4026575, val_mse_loss-0.0005632, val_kl_loss-0.0079201, val_diff_loss-0.4054546
2025-03-19 15:51:10 - INFO - epoch-17, train_mse_loss-0.0003283, train_kl_loss-0.0078991, train_diff_loss-0.3996836, val_mse_loss-0.0005622, val_kl_loss-0.0083743, val_diff_loss-0.4043080
2025-03-19 15:55:33 - INFO - epoch-18, train_mse_loss-0.0003279, train_kl_loss-0.0079827, train_diff_loss-0.3999604, val_mse_loss-0.0005609, val_kl_loss-0.0071721, val_diff_loss-0.4120054
2025-03-19 15:59:55 - INFO - epoch-19, train_mse_loss-0.0003275, train_kl_loss-0.0078794, train_diff_loss-0.3999669, val_mse_loss-0.0005502, val_kl_loss-0.0085710, val_diff_loss-0.4159282
2025-03-19 16:04:15 - INFO - epoch-20, train_mse_loss-0.0003271, train_kl_loss-0.0082725, train_diff_loss-0.4037950, val_mse_loss-0.0005389, val_kl_loss-0.0080900, val_diff_loss-0.4105361
2025-03-19 16:08:40 - INFO - epoch-21, train_mse_loss-0.0003267, train_kl_loss-0.0080861, train_diff_loss-0.4024834, val_mse_loss-0.0005274, val_kl_loss-0.0079419, val_diff_loss-0.3940417
2025-03-19 16:13:03 - INFO - epoch-22, train_mse_loss-0.0003264, train_kl_loss-0.0078939, train_diff_loss-0.3960649, val_mse_loss-0.0005161, val_kl_loss-0.0075526, val_diff_loss-0.3886483
2025-03-19 16:17:22 - INFO - epoch-23, train_mse_loss-0.0003260, train_kl_loss-0.0080621, train_diff_loss-0.3973921, val_mse_loss-0.0005013, val_kl_loss-0.0077703, val_diff_loss-0.3909793
2025-03-19 16:21:41 - INFO - epoch-24, train_mse_loss-0.0003259, train_kl_loss-0.0080407, train_diff_loss-0.4020740, val_mse_loss-0.0004789, val_kl_loss-0.0085255, val_diff_loss-0.4119612
2025-03-19 16:26:04 - INFO - epoch-25, train_mse_loss-0.0003256, train_kl_loss-0.0077882, train_diff_loss-0.3914558, val_mse_loss-0.0004382, val_kl_loss-0.0083628, val_diff_loss-0.4207503
2025-03-19 16:30:25 - INFO - epoch-26, train_mse_loss-0.0003252, train_kl_loss-0.0080712, train_diff_loss-0.3958094, val_mse_loss-0.0004025, val_kl_loss-0.0083092, val_diff_loss-0.3946411
2025-03-19 16:34:47 - INFO - epoch-27, train_mse_loss-0.0003250, train_kl_loss-0.0081041, train_diff_loss-0.3971183, val_mse_loss-0.0003755, val_kl_loss-0.0075772, val_diff_loss-0.3974572
2025-03-19 16:39:08 - INFO - epoch-28, train_mse_loss-0.0003246, train_kl_loss-0.0080198, train_diff_loss-0.3978104, val_mse_loss-0.0003431, val_kl_loss-0.0079128, val_diff_loss-0.4059949
2025-03-19 16:43:29 - INFO - epoch-29, train_mse_loss-0.0003243, train_kl_loss-0.0083071, train_diff_loss-0.4043785, val_mse_loss-0.0003308, val_kl_loss-0.0083507, val_diff_loss-0.4060403
2025-03-19 16:47:50 - INFO - epoch-30, train_mse_loss-0.0003240, train_kl_loss-0.0080406, train_diff_loss-0.3995792, val_mse_loss-0.0003292, val_kl_loss-0.0083564, val_diff_loss-0.3870860
2025-03-19 16:52:09 - INFO - epoch-31, train_mse_loss-0.0003237, train_kl_loss-0.0080876, train_diff_loss-0.3975529, val_mse_loss-0.0003273, val_kl_loss-0.0077857, val_diff_loss-0.4002682
2025-03-19 16:56:42 - INFO - epoch-32, train_mse_loss-0.0003236, train_kl_loss-0.0081577, train_diff_loss-0.4011243, val_mse_loss-0.0003274, val_kl_loss-0.0082459, val_diff_loss-0.3952198
2025-03-19 17:01:23 - INFO - epoch-33, train_mse_loss-0.0003235, train_kl_loss-0.0080805, train_diff_loss-0.3976541, val_mse_loss-0.0003235, val_kl_loss-0.0079829, val_diff_loss-0.4052492
2025-03-19 17:05:46 - INFO - epoch-34, train_mse_loss-0.0003235, train_kl_loss-0.0081024, train_diff_loss-0.3986421, val_mse_loss-0.0003220, val_kl_loss-0.0085215, val_diff_loss-0.3945668
2025-03-19 17:10:04 - INFO - epoch-35, train_mse_loss-0.0003234, train_kl_loss-0.0082288, train_diff_loss-0.4019635, val_mse_loss-0.0003237, val_kl_loss-0.0083757, val_diff_loss-0.3998157
2025-03-19 17:14:22 - INFO - epoch-36, train_mse_loss-0.0003234, train_kl_loss-0.0080527, train_diff_loss-0.3990594, val_mse_loss-0.0003410, val_kl_loss-0.0081141, val_diff_loss-0.3984797
2025-03-19 17:18:41 - INFO - epoch-37, train_mse_loss-0.0003233, train_kl_loss-0.0082861, train_diff_loss-0.4033155, val_mse_loss-0.0003405, val_kl_loss-0.0082060, val_diff_loss-0.3852540
2025-03-19 17:23:00 - INFO - epoch-38, train_mse_loss-0.0003233, train_kl_loss-0.0080147, train_diff_loss-0.3976860, val_mse_loss-0.0003448, val_kl_loss-0.0084859, val_diff_loss-0.3970377
2025-03-19 17:27:17 - INFO - epoch-39, train_mse_loss-0.0003234, train_kl_loss-0.0080523, train_diff_loss-0.3951390, val_mse_loss-0.0003597, val_kl_loss-0.0079931, val_diff_loss-0.3910900
2025-03-19 17:31:35 - INFO - epoch-40, train_mse_loss-0.0003234, train_kl_loss-0.0081838, train_diff_loss-0.4016537, val_mse_loss-0.0003718, val_kl_loss-0.0085531, val_diff_loss-0.3986086
2025-03-19 17:35:55 - INFO - epoch-41, train_mse_loss-0.0003233, train_kl_loss-0.0081722, train_diff_loss-0.3988528, val_mse_loss-0.0003852, val_kl_loss-0.0084755, val_diff_loss-0.4079105
2025-03-19 17:40:16 - INFO - epoch-42, train_mse_loss-0.0003233, train_kl_loss-0.0080814, train_diff_loss-0.3973366, val_mse_loss-0.0003878, val_kl_loss-0.0086770, val_diff_loss-0.4042353
2025-03-19 17:44:42 - INFO - epoch-43, train_mse_loss-0.0003233, train_kl_loss-0.0081770, train_diff_loss-0.3985582, val_mse_loss-0.0003965, val_kl_loss-0.0083544, val_diff_loss-0.3952768
2025-03-19 17:49:19 - INFO - epoch-44, train_mse_loss-0.0003233, train_kl_loss-0.0081045, train_diff_loss-0.3982844, val_mse_loss-0.0003947, val_kl_loss-0.0077400, val_diff_loss-0.4027066
2025-03-19 17:54:13 - INFO - epoch-45, train_mse_loss-0.0003232, train_kl_loss-0.0081629, train_diff_loss-0.4030577, val_mse_loss-0.0004066, val_kl_loss-0.0080449, val_diff_loss-0.4064550
2025-03-19 17:58:42 - INFO - epoch-46, train_mse_loss-0.0003232, train_kl_loss-0.0081786, train_diff_loss-0.4016558, val_mse_loss-0.0004090, val_kl_loss-0.0080848, val_diff_loss-0.3940316
2025-03-19 18:03:18 - INFO - epoch-47, train_mse_loss-0.0003232, train_kl_loss-0.0083980, train_diff_loss-0.4046545, val_mse_loss-0.0004203, val_kl_loss-0.0078610, val_diff_loss-0.3957102
2025-03-19 18:07:47 - INFO - epoch-48, train_mse_loss-0.0003232, train_kl_loss-0.0079136, train_diff_loss-0.3974799, val_mse_loss-0.0004167, val_kl_loss-0.0084086, val_diff_loss-0.3948450
2025-03-19 18:12:07 - INFO - epoch-49, train_mse_loss-0.0003232, train_kl_loss-0.0080963, train_diff_loss-0.3979177, val_mse_loss-0.0004177, val_kl_loss-0.0083579, val_diff_loss-0.4033813
2025-03-19 18:16:25 - INFO - epoch-50, train_mse_loss-0.0003232, train_kl_loss-0.0081010, train_diff_loss-0.3984431, val_mse_loss-0.0004194, val_kl_loss-0.0083779, val_diff_loss-0.3851819
2025-03-19 18:20:45 - INFO - epoch-51, train_mse_loss-0.0003231, train_kl_loss-0.0081959, train_diff_loss-0.3975043, val_mse_loss-0.0004205, val_kl_loss-0.0074798, val_diff_loss-0.4106763
2025-03-19 18:25:03 - INFO - epoch-52, train_mse_loss-0.0003231, train_kl_loss-0.0080783, train_diff_loss-0.3973219, val_mse_loss-0.0004189, val_kl_loss-0.0082200, val_diff_loss-0.3846532
2025-03-19 18:25:11 - INFO - Saved new best model at epoch 52 with validation loss 0.3932921
2025-03-19 18:29:35 - INFO - epoch-53, train_mse_loss-0.0003231, train_kl_loss-0.0080556, train_diff_loss-0.3969344, val_mse_loss-0.0004135, val_kl_loss-0.0083020, val_diff_loss-0.4070925
2025-03-19 18:33:57 - INFO - epoch-54, train_mse_loss-0.0003231, train_kl_loss-0.0082498, train_diff_loss-0.3987462, val_mse_loss-0.0004163, val_kl_loss-0.0080408, val_diff_loss-0.3904180
2025-03-19 18:38:29 - INFO - epoch-55, train_mse_loss-0.0003230, train_kl_loss-0.0081043, train_diff_loss-0.3958285, val_mse_loss-0.0004059, val_kl_loss-0.0075974, val_diff_loss-0.4017403
2025-03-19 18:42:59 - INFO - epoch-56, train_mse_loss-0.0003230, train_kl_loss-0.0081112, train_diff_loss-0.3993365, val_mse_loss-0.0004072, val_kl_loss-0.0078921, val_diff_loss-0.4024667
2025-03-19 18:47:31 - INFO - epoch-57, train_mse_loss-0.0003230, train_kl_loss-0.0079972, train_diff_loss-0.3975893, val_mse_loss-0.0004010, val_kl_loss-0.0085849, val_diff_loss-0.3959106
2025-03-19 18:52:07 - INFO - epoch-58, train_mse_loss-0.0003230, train_kl_loss-0.0082840, train_diff_loss-0.3994711, val_mse_loss-0.0004030, val_kl_loss-0.0077687, val_diff_loss-0.4125330
2025-03-19 18:56:47 - INFO - epoch-59, train_mse_loss-0.0003229, train_kl_loss-0.0083033, train_diff_loss-0.4050669, val_mse_loss-0.0004021, val_kl_loss-0.0087753, val_diff_loss-0.4177634
2025-03-19 19:01:19 - INFO - epoch-60, train_mse_loss-0.0003229, train_kl_loss-0.0081475, train_diff_loss-0.3981909, val_mse_loss-0.0003968, val_kl_loss-0.0086566, val_diff_loss-0.3895927
2025-03-19 19:05:46 - INFO - epoch-61, train_mse_loss-0.0003229, train_kl_loss-0.0081273, train_diff_loss-0.3995028, val_mse_loss-0.0003962, val_kl_loss-0.0079322, val_diff_loss-0.4061392
2025-03-19 19:10:11 - INFO - epoch-62, train_mse_loss-0.0003229, train_kl_loss-0.0080207, train_diff_loss-0.3979717, val_mse_loss-0.0003960, val_kl_loss-0.0080346, val_diff_loss-0.3905110
2025-03-19 19:14:39 - INFO - epoch-63, train_mse_loss-0.0003228, train_kl_loss-0.0082345, train_diff_loss-0.3997999, val_mse_loss-0.0003951, val_kl_loss-0.0086583, val_diff_loss-0.3996663
2025-03-19 19:18:59 - INFO - epoch-64, train_mse_loss-0.0003228, train_kl_loss-0.0081350, train_diff_loss-0.3984679, val_mse_loss-0.0003916, val_kl_loss-0.0084706, val_diff_loss-0.3900285
2025-03-19 19:23:22 - INFO - epoch-65, train_mse_loss-0.0003228, train_kl_loss-0.0082772, train_diff_loss-0.3999977, val_mse_loss-0.0003920, val_kl_loss-0.0080841, val_diff_loss-0.4079840
2025-03-19 19:27:52 - INFO - epoch-66, train_mse_loss-0.0003228, train_kl_loss-0.0081847, train_diff_loss-0.3991427, val_mse_loss-0.0003894, val_kl_loss-0.0085410, val_diff_loss-0.4002388
2025-03-19 19:32:25 - INFO - epoch-67, train_mse_loss-0.0003228, train_kl_loss-0.0082291, train_diff_loss-0.4017364, val_mse_loss-0.0003980, val_kl_loss-0.0080461, val_diff_loss-0.3967108
2025-03-19 19:37:00 - INFO - epoch-68, train_mse_loss-0.0003228, train_kl_loss-0.0082783, train_diff_loss-0.4048233, val_mse_loss-0.0004006, val_kl_loss-0.0079868, val_diff_loss-0.4037051
2025-03-19 19:41:31 - INFO - epoch-69, train_mse_loss-0.0003228, train_kl_loss-0.0081653, train_diff_loss-0.4019952, val_mse_loss-0.0004001, val_kl_loss-0.0084544, val_diff_loss-0.4053227
2025-03-19 19:46:10 - INFO - epoch-70, train_mse_loss-0.0003228, train_kl_loss-0.0080881, train_diff_loss-0.3985847, val_mse_loss-0.0004027, val_kl_loss-0.0082770, val_diff_loss-0.3892822
2025-03-19 19:50:43 - INFO - epoch-71, train_mse_loss-0.0003228, train_kl_loss-0.0080081, train_diff_loss-0.3956233, val_mse_loss-0.0004036, val_kl_loss-0.0082661, val_diff_loss-0.3882098
2025-03-19 19:55:10 - INFO - epoch-72, train_mse_loss-0.0003228, train_kl_loss-0.0081978, train_diff_loss-0.3980337, val_mse_loss-0.0004007, val_kl_loss-0.0079572, val_diff_loss-0.3949660
2025-03-19 19:59:32 - INFO - epoch-73, train_mse_loss-0.0003228, train_kl_loss-0.0082169, train_diff_loss-0.4016188, val_mse_loss-0.0004049, val_kl_loss-0.0079850, val_diff_loss-0.3967636
2025-03-19 20:03:52 - INFO - epoch-74, train_mse_loss-0.0003228, train_kl_loss-0.0079415, train_diff_loss-0.3973039, val_mse_loss-0.0004048, val_kl_loss-0.0080431, val_diff_loss-0.4069323
2025-03-19 20:08:12 - INFO - epoch-75, train_mse_loss-0.0003228, train_kl_loss-0.0083667, train_diff_loss-0.4017201, val_mse_loss-0.0004055, val_kl_loss-0.0078343, val_diff_loss-0.3991356
2025-03-19 20:12:32 - INFO - epoch-76, train_mse_loss-0.0003228, train_kl_loss-0.0081163, train_diff_loss-0.4019908, val_mse_loss-0.0004098, val_kl_loss-0.0083860, val_diff_loss-0.4010123
2025-03-19 20:16:50 - INFO - epoch-77, train_mse_loss-0.0003228, train_kl_loss-0.0082435, train_diff_loss-0.4016464, val_mse_loss-0.0004097, val_kl_loss-0.0082914, val_diff_loss-0.3937130
2025-03-19 20:21:10 - INFO - epoch-78, train_mse_loss-0.0003228, train_kl_loss-0.0082658, train_diff_loss-0.4024199, val_mse_loss-0.0004048, val_kl_loss-0.0082156, val_diff_loss-0.4235401
2025-03-19 20:25:29 - INFO - epoch-79, train_mse_loss-0.0003228, train_kl_loss-0.0081167, train_diff_loss-0.3984190, val_mse_loss-0.0004115, val_kl_loss-0.0069377, val_diff_loss-0.3984523
2025-03-19 20:29:50 - INFO - epoch-80, train_mse_loss-0.0003228, train_kl_loss-0.0082602, train_diff_loss-0.4024369, val_mse_loss-0.0004115, val_kl_loss-0.0082749, val_diff_loss-0.4042817
2025-03-19 20:34:09 - INFO - epoch-81, train_mse_loss-0.0003228, train_kl_loss-0.0082091, train_diff_loss-0.4014795, val_mse_loss-0.0004153, val_kl_loss-0.0084103, val_diff_loss-0.3992112
2025-03-19 20:38:27 - INFO - epoch-82, train_mse_loss-0.0003228, train_kl_loss-0.0081598, train_diff_loss-0.3987491, val_mse_loss-0.0004139, val_kl_loss-0.0082078, val_diff_loss-0.3914072
2025-03-19 20:42:46 - INFO - epoch-83, train_mse_loss-0.0003228, train_kl_loss-0.0080073, train_diff_loss-0.3962226, val_mse_loss-0.0004145, val_kl_loss-0.0084217, val_diff_loss-0.4178643
2025-03-19 20:47:04 - INFO - epoch-84, train_mse_loss-0.0003228, train_kl_loss-0.0082384, train_diff_loss-0.3994954, val_mse_loss-0.0004158, val_kl_loss-0.0081883, val_diff_loss-0.3930322
2025-03-19 20:51:24 - INFO - epoch-85, train_mse_loss-0.0003228, train_kl_loss-0.0081589, train_diff_loss-0.3977292, val_mse_loss-0.0004086, val_kl_loss-0.0077257, val_diff_loss-0.3986612
2025-03-19 20:55:42 - INFO - epoch-86, train_mse_loss-0.0003227, train_kl_loss-0.0080714, train_diff_loss-0.3968774, val_mse_loss-0.0004061, val_kl_loss-0.0079466, val_diff_loss-0.3973295
2025-03-19 21:00:01 - INFO - epoch-87, train_mse_loss-0.0003227, train_kl_loss-0.0081785, train_diff_loss-0.3979678, val_mse_loss-0.0004038, val_kl_loss-0.0082086, val_diff_loss-0.3990647
2025-03-19 21:04:19 - INFO - epoch-88, train_mse_loss-0.0003227, train_kl_loss-0.0081625, train_diff_loss-0.3997912, val_mse_loss-0.0004026, val_kl_loss-0.0082443, val_diff_loss-0.3860340
2025-03-19 21:08:37 - INFO - epoch-89, train_mse_loss-0.0003227, train_kl_loss-0.0082196, train_diff_loss-0.3986765, val_mse_loss-0.0004016, val_kl_loss-0.0080672, val_diff_loss-0.3865964
2025-03-19 21:12:56 - INFO - epoch-90, train_mse_loss-0.0003227, train_kl_loss-0.0081610, train_diff_loss-0.3970963, val_mse_loss-0.0004021, val_kl_loss-0.0081377, val_diff_loss-0.3895819
2025-03-19 21:17:15 - INFO - epoch-91, train_mse_loss-0.0003227, train_kl_loss-0.0080240, train_diff_loss-0.3937678, val_mse_loss-0.0004036, val_kl_loss-0.0083910, val_diff_loss-0.4005129
2025-03-19 21:21:34 - INFO - epoch-92, train_mse_loss-0.0003227, train_kl_loss-0.0083070, train_diff_loss-0.3995840, val_mse_loss-0.0004049, val_kl_loss-0.0082273, val_diff_loss-0.3974907
2025-03-19 21:26:09 - INFO - epoch-93, train_mse_loss-0.0003227, train_kl_loss-0.0082543, train_diff_loss-0.4020529, val_mse_loss-0.0003986, val_kl_loss-0.0084701, val_diff_loss-0.4048831
2025-03-19 21:30:31 - INFO - epoch-94, train_mse_loss-0.0003227, train_kl_loss-0.0082183, train_diff_loss-0.3970026, val_mse_loss-0.0003979, val_kl_loss-0.0078435, val_diff_loss-0.4064552
2025-03-19 21:34:51 - INFO - epoch-95, train_mse_loss-0.0003227, train_kl_loss-0.0079649, train_diff_loss-0.3950497, val_mse_loss-0.0004013, val_kl_loss-0.0083310, val_diff_loss-0.4012084
2025-03-19 21:39:10 - INFO - epoch-96, train_mse_loss-0.0003227, train_kl_loss-0.0084069, train_diff_loss-0.4008590, val_mse_loss-0.0004037, val_kl_loss-0.0080660, val_diff_loss-0.4042543
2025-03-19 21:43:32 - INFO - epoch-97, train_mse_loss-0.0003227, train_kl_loss-0.0080505, train_diff_loss-0.3977030, val_mse_loss-0.0004046, val_kl_loss-0.0076494, val_diff_loss-0.4011314
2025-03-19 21:47:49 - INFO - epoch-98, train_mse_loss-0.0003227, train_kl_loss-0.0082042, train_diff_loss-0.4007753, val_mse_loss-0.0004107, val_kl_loss-0.0079253, val_diff_loss-0.3934186
2025-03-19 21:52:08 - INFO - epoch-99, train_mse_loss-0.0003228, train_kl_loss-0.0080173, train_diff_loss-0.3951498, val_mse_loss-0.0004056, val_kl_loss-0.0082948, val_diff_loss-0.3985854
2025-03-19 21:56:27 - INFO - epoch-100, train_mse_loss-0.0003227, train_kl_loss-0.0082557, train_diff_loss-0.3994391, val_mse_loss-0.0004086, val_kl_loss-0.0083625, val_diff_loss-0.4013725
2025-03-19 22:00:48 - INFO - epoch-101, train_mse_loss-0.0003228, train_kl_loss-0.0079502, train_diff_loss-0.3946048, val_mse_loss-0.0004102, val_kl_loss-0.0082730, val_diff_loss-0.3989325
2025-03-19 22:05:09 - INFO - epoch-102, train_mse_loss-0.0003227, train_kl_loss-0.0082303, train_diff_loss-0.3971335, val_mse_loss-0.0004072, val_kl_loss-0.0080967, val_diff_loss-0.4060149
2025-03-19 22:09:29 - INFO - epoch-103, train_mse_loss-0.0003227, train_kl_loss-0.0086477, train_diff_loss-0.4073594, val_mse_loss-0.0004097, val_kl_loss-0.0085159, val_diff_loss-0.4014460
2025-03-19 22:13:48 - INFO - epoch-104, train_mse_loss-0.0003227, train_kl_loss-0.0080530, train_diff_loss-0.3946373, val_mse_loss-0.0004111, val_kl_loss-0.0082227, val_diff_loss-0.3930051
2025-03-19 22:18:07 - INFO - epoch-105, train_mse_loss-0.0003228, train_kl_loss-0.0083234, train_diff_loss-0.4006809, val_mse_loss-0.0004100, val_kl_loss-0.0084425, val_diff_loss-0.4087773
2025-03-19 22:22:26 - INFO - epoch-106, train_mse_loss-0.0003227, train_kl_loss-0.0084179, train_diff_loss-0.4022821, val_mse_loss-0.0004117, val_kl_loss-0.0079014, val_diff_loss-0.4091869
2025-03-19 22:26:46 - INFO - epoch-107, train_mse_loss-0.0003228, train_kl_loss-0.0081935, train_diff_loss-0.4003190, val_mse_loss-0.0004119, val_kl_loss-0.0084109, val_diff_loss-0.4059558
2025-03-19 22:31:05 - INFO - epoch-108, train_mse_loss-0.0003228, train_kl_loss-0.0083623, train_diff_loss-0.4025152, val_mse_loss-0.0004110, val_kl_loss-0.0081578, val_diff_loss-0.3928850
2025-03-19 22:35:24 - INFO - epoch-109, train_mse_loss-0.0003228, train_kl_loss-0.0082141, train_diff_loss-0.4011396, val_mse_loss-0.0004118, val_kl_loss-0.0086106, val_diff_loss-0.3923163
2025-03-19 22:39:42 - INFO - epoch-110, train_mse_loss-0.0003228, train_kl_loss-0.0081851, train_diff_loss-0.4009524, val_mse_loss-0.0004114, val_kl_loss-0.0078033, val_diff_loss-0.4015355
2025-03-19 22:44:02 - INFO - epoch-111, train_mse_loss-0.0003228, train_kl_loss-0.0080483, train_diff_loss-0.3979425, val_mse_loss-0.0004159, val_kl_loss-0.0082832, val_diff_loss-0.4219287
2025-03-19 22:48:22 - INFO - epoch-112, train_mse_loss-0.0003227, train_kl_loss-0.0080967, train_diff_loss-0.3933929, val_mse_loss-0.0004169, val_kl_loss-0.0075398, val_diff_loss-0.3947659
2025-03-19 22:52:43 - INFO - epoch-113, train_mse_loss-0.0003228, train_kl_loss-0.0083760, train_diff_loss-0.4036395, val_mse_loss-0.0004172, val_kl_loss-0.0070233, val_diff_loss-0.4026325
2025-03-19 22:57:04 - INFO - epoch-114, train_mse_loss-0.0003228, train_kl_loss-0.0079391, train_diff_loss-0.3948298, val_mse_loss-0.0004146, val_kl_loss-0.0080449, val_diff_loss-0.3949293
2025-03-19 23:01:21 - INFO - epoch-115, train_mse_loss-0.0003227, train_kl_loss-0.0080072, train_diff_loss-0.3985932, val_mse_loss-0.0004177, val_kl_loss-0.0085250, val_diff_loss-0.4020692
2025-03-19 23:05:39 - INFO - epoch-116, train_mse_loss-0.0003228, train_kl_loss-0.0081652, train_diff_loss-0.3950632, val_mse_loss-0.0004180, val_kl_loss-0.0081879, val_diff_loss-0.3901426
2025-03-19 23:09:57 - INFO - epoch-117, train_mse_loss-0.0003228, train_kl_loss-0.0080882, train_diff_loss-0.3940502, val_mse_loss-0.0004158, val_kl_loss-0.0080314, val_diff_loss-0.4052941
2025-03-19 23:14:15 - INFO - epoch-118, train_mse_loss-0.0003228, train_kl_loss-0.0082284, train_diff_loss-0.3990397, val_mse_loss-0.0004191, val_kl_loss-0.0077373, val_diff_loss-0.3935039
2025-03-19 23:18:32 - INFO - epoch-119, train_mse_loss-0.0003228, train_kl_loss-0.0081528, train_diff_loss-0.3996609, val_mse_loss-0.0004197, val_kl_loss-0.0085609, val_diff_loss-0.4072588
2025-03-19 23:22:52 - INFO - epoch-120, train_mse_loss-0.0003227, train_kl_loss-0.0084429, train_diff_loss-0.4037953, val_mse_loss-0.0004196, val_kl_loss-0.0083134, val_diff_loss-0.4001127
2025-03-19 23:27:09 - INFO - epoch-121, train_mse_loss-0.0003228, train_kl_loss-0.0082398, train_diff_loss-0.3995196, val_mse_loss-0.0004196, val_kl_loss-0.0081545, val_diff_loss-0.3959554
2025-03-19 23:31:26 - INFO - epoch-122, train_mse_loss-0.0003227, train_kl_loss-0.0082225, train_diff_loss-0.4029853, val_mse_loss-0.0004203, val_kl_loss-0.0082110, val_diff_loss-0.4023889
2025-03-19 23:35:44 - INFO - epoch-123, train_mse_loss-0.0003227, train_kl_loss-0.0081987, train_diff_loss-0.4023518, val_mse_loss-0.0004168, val_kl_loss-0.0080479, val_diff_loss-0.4012211
2025-03-19 23:40:01 - INFO - epoch-124, train_mse_loss-0.0003227, train_kl_loss-0.0080100, train_diff_loss-0.3951967, val_mse_loss-0.0004184, val_kl_loss-0.0082999, val_diff_loss-0.4114787
2025-03-19 23:44:19 - INFO - epoch-125, train_mse_loss-0.0003227, train_kl_loss-0.0081366, train_diff_loss-0.3951731, val_mse_loss-0.0004206, val_kl_loss-0.0079302, val_diff_loss-0.3977890
2025-03-19 23:48:38 - INFO - epoch-126, train_mse_loss-0.0003227, train_kl_loss-0.0081068, train_diff_loss-0.3974110, val_mse_loss-0.0004136, val_kl_loss-0.0081611, val_diff_loss-0.3983972
2025-03-19 23:52:59 - INFO - epoch-127, train_mse_loss-0.0003227, train_kl_loss-0.0080830, train_diff_loss-0.3959040, val_mse_loss-0.0004140, val_kl_loss-0.0081714, val_diff_loss-0.4075126
2025-03-19 23:57:21 - INFO - epoch-128, train_mse_loss-0.0003227, train_kl_loss-0.0082706, train_diff_loss-0.3987043, val_mse_loss-0.0004176, val_kl_loss-0.0083841, val_diff_loss-0.3889381
2025-03-20 00:01:41 - INFO - epoch-129, train_mse_loss-0.0003227, train_kl_loss-0.0084347, train_diff_loss-0.4029140, val_mse_loss-0.0004121, val_kl_loss-0.0081797, val_diff_loss-0.3960591
2025-03-20 00:06:02 - INFO - epoch-130, train_mse_loss-0.0003227, train_kl_loss-0.0081495, train_diff_loss-0.3994311, val_mse_loss-0.0004187, val_kl_loss-0.0083606, val_diff_loss-0.3937921
2025-03-20 00:10:23 - INFO - epoch-131, train_mse_loss-0.0003227, train_kl_loss-0.0082701, train_diff_loss-0.4018097, val_mse_loss-0.0004139, val_kl_loss-0.0085758, val_diff_loss-0.4043863
2025-03-20 00:14:43 - INFO - epoch-132, train_mse_loss-0.0003227, train_kl_loss-0.0081587, train_diff_loss-0.3966097, val_mse_loss-0.0004118, val_kl_loss-0.0077667, val_diff_loss-0.4047683
2025-03-20 00:19:05 - INFO - epoch-133, train_mse_loss-0.0003227, train_kl_loss-0.0080829, train_diff_loss-0.3981593, val_mse_loss-0.0004123, val_kl_loss-0.0084010, val_diff_loss-0.3967656
2025-03-20 00:23:29 - INFO - epoch-134, train_mse_loss-0.0003227, train_kl_loss-0.0080256, train_diff_loss-0.3961420, val_mse_loss-0.0004141, val_kl_loss-0.0084162, val_diff_loss-0.4064148
2025-03-20 00:27:49 - INFO - epoch-135, train_mse_loss-0.0003227, train_kl_loss-0.0083399, train_diff_loss-0.3983438, val_mse_loss-0.0004099, val_kl_loss-0.0081705, val_diff_loss-0.3877270
2025-03-20 00:32:10 - INFO - epoch-136, train_mse_loss-0.0003227, train_kl_loss-0.0081524, train_diff_loss-0.3989541, val_mse_loss-0.0004134, val_kl_loss-0.0081397, val_diff_loss-0.4140667
2025-03-20 00:36:31 - INFO - epoch-137, train_mse_loss-0.0003227, train_kl_loss-0.0081494, train_diff_loss-0.3967755, val_mse_loss-0.0004196, val_kl_loss-0.0083582, val_diff_loss-0.3942552
2025-03-20 00:40:49 - INFO - epoch-138, train_mse_loss-0.0003227, train_kl_loss-0.0081298, train_diff_loss-0.3966406, val_mse_loss-0.0004152, val_kl_loss-0.0081536, val_diff_loss-0.4070814
2025-03-20 00:45:09 - INFO - epoch-139, train_mse_loss-0.0003227, train_kl_loss-0.0082758, train_diff_loss-0.4011583, val_mse_loss-0.0004185, val_kl_loss-0.0083876, val_diff_loss-0.3939604
2025-03-20 00:49:28 - INFO - epoch-140, train_mse_loss-0.0003227, train_kl_loss-0.0081242, train_diff_loss-0.3963400, val_mse_loss-0.0004127, val_kl_loss-0.0082437, val_diff_loss-0.4020672
2025-03-20 00:53:50 - INFO - epoch-141, train_mse_loss-0.0003227, train_kl_loss-0.0082616, train_diff_loss-0.3985580, val_mse_loss-0.0004096, val_kl_loss-0.0080524, val_diff_loss-0.3959655
2025-03-20 00:58:10 - INFO - epoch-142, train_mse_loss-0.0003227, train_kl_loss-0.0082528, train_diff_loss-0.3985147, val_mse_loss-0.0004132, val_kl_loss-0.0084505, val_diff_loss-0.4118877
2025-03-20 01:02:35 - INFO - epoch-143, train_mse_loss-0.0003227, train_kl_loss-0.0082437, train_diff_loss-0.3985460, val_mse_loss-0.0004173, val_kl_loss-0.0082875, val_diff_loss-0.3942797
2025-03-20 01:06:55 - INFO - epoch-144, train_mse_loss-0.0003227, train_kl_loss-0.0082264, train_diff_loss-0.4005155, val_mse_loss-0.0004176, val_kl_loss-0.0083355, val_diff_loss-0.4113929
2025-03-20 01:11:14 - INFO - epoch-145, train_mse_loss-0.0003227, train_kl_loss-0.0083762, train_diff_loss-0.4031833, val_mse_loss-0.0004092, val_kl_loss-0.0077503, val_diff_loss-0.4001477
2025-03-20 01:15:34 - INFO - epoch-146, train_mse_loss-0.0003227, train_kl_loss-0.0083550, train_diff_loss-0.4036292, val_mse_loss-0.0004117, val_kl_loss-0.0083524, val_diff_loss-0.3934736
2025-03-20 01:19:59 - INFO - epoch-147, train_mse_loss-0.0003227, train_kl_loss-0.0080122, train_diff_loss-0.3960052, val_mse_loss-0.0004083, val_kl_loss-0.0076399, val_diff_loss-0.4039823
2025-03-20 01:24:18 - INFO - epoch-148, train_mse_loss-0.0003227, train_kl_loss-0.0080061, train_diff_loss-0.3955900, val_mse_loss-0.0004100, val_kl_loss-0.0082886, val_diff_loss-0.3919963
2025-03-20 01:28:44 - INFO - epoch-149, train_mse_loss-0.0003227, train_kl_loss-0.0082844, train_diff_loss-0.3996850, val_mse_loss-0.0004109, val_kl_loss-0.0084082, val_diff_loss-0.4047804
2025-03-20 01:33:12 - INFO - epoch-150, train_mse_loss-0.0003227, train_kl_loss-0.0083399, train_diff_loss-0.4021204, val_mse_loss-0.0004082, val_kl_loss-0.0087813, val_diff_loss-0.3996028
2025-03-20 01:37:33 - INFO - epoch-151, train_mse_loss-0.0003227, train_kl_loss-0.0081634, train_diff_loss-0.4013123, val_mse_loss-0.0004132, val_kl_loss-0.0082837, val_diff_loss-0.3877371
2025-03-20 01:41:56 - INFO - epoch-152, train_mse_loss-0.0003227, train_kl_loss-0.0080116, train_diff_loss-0.3972877, val_mse_loss-0.0004122, val_kl_loss-0.0080792, val_diff_loss-0.4018174
2025-03-20 01:46:16 - INFO - epoch-153, train_mse_loss-0.0003227, train_kl_loss-0.0082115, train_diff_loss-0.4002104, val_mse_loss-0.0004127, val_kl_loss-0.0080927, val_diff_loss-0.3951456
2025-03-20 01:50:36 - INFO - epoch-154, train_mse_loss-0.0003227, train_kl_loss-0.0081419, train_diff_loss-0.3993304, val_mse_loss-0.0004126, val_kl_loss-0.0086037, val_diff_loss-0.4063200
2025-03-20 01:54:56 - INFO - epoch-155, train_mse_loss-0.0003227, train_kl_loss-0.0081971, train_diff_loss-0.3963087, val_mse_loss-0.0004164, val_kl_loss-0.0083604, val_diff_loss-0.3827402
2025-03-20 01:55:04 - INFO - Saved new best model at epoch 155 with validation loss 0.3915170
2025-03-20 01:59:28 - INFO - epoch-156, train_mse_loss-0.0003227, train_kl_loss-0.0083962, train_diff_loss-0.4018361, val_mse_loss-0.0004169, val_kl_loss-0.0088292, val_diff_loss-0.3838369
2025-03-20 02:03:53 - INFO - epoch-157, train_mse_loss-0.0003227, train_kl_loss-0.0080887, train_diff_loss-0.3955657, val_mse_loss-0.0004110, val_kl_loss-0.0080539, val_diff_loss-0.4047106
2025-03-20 02:08:14 - INFO - epoch-158, train_mse_loss-0.0003227, train_kl_loss-0.0080860, train_diff_loss-0.3985675, val_mse_loss-0.0004126, val_kl_loss-0.0087592, val_diff_loss-0.4027987
2025-03-20 02:12:35 - INFO - epoch-159, train_mse_loss-0.0003227, train_kl_loss-0.0084476, train_diff_loss-0.4030326, val_mse_loss-0.0004117, val_kl_loss-0.0085358, val_diff_loss-0.4078637
2025-03-20 02:16:56 - INFO - epoch-160, train_mse_loss-0.0003227, train_kl_loss-0.0078388, train_diff_loss-0.3910039, val_mse_loss-0.0004121, val_kl_loss-0.0078897, val_diff_loss-0.4081923
2025-03-20 02:21:13 - INFO - epoch-161, train_mse_loss-0.0003227, train_kl_loss-0.0082788, train_diff_loss-0.4002463, val_mse_loss-0.0004145, val_kl_loss-0.0081788, val_diff_loss-0.4031305
2025-03-20 02:25:32 - INFO - epoch-162, train_mse_loss-0.0003227, train_kl_loss-0.0084075, train_diff_loss-0.4018436, val_mse_loss-0.0004122, val_kl_loss-0.0083527, val_diff_loss-0.4047348
2025-03-20 02:29:50 - INFO - epoch-163, train_mse_loss-0.0003227, train_kl_loss-0.0083100, train_diff_loss-0.4021196, val_mse_loss-0.0004109, val_kl_loss-0.0082038, val_diff_loss-0.4031379
2025-03-20 02:34:11 - INFO - epoch-164, train_mse_loss-0.0003227, train_kl_loss-0.0082200, train_diff_loss-0.4034857, val_mse_loss-0.0004104, val_kl_loss-0.0080251, val_diff_loss-0.3993546
2025-03-20 02:38:30 - INFO - epoch-165, train_mse_loss-0.0003227, train_kl_loss-0.0079518, train_diff_loss-0.3953787, val_mse_loss-0.0004136, val_kl_loss-0.0078357, val_diff_loss-0.4160562
2025-03-20 02:42:49 - INFO - epoch-166, train_mse_loss-0.0003227, train_kl_loss-0.0081143, train_diff_loss-0.3975465, val_mse_loss-0.0004149, val_kl_loss-0.0083270, val_diff_loss-0.3977866
2025-03-20 02:47:07 - INFO - epoch-167, train_mse_loss-0.0003227, train_kl_loss-0.0082573, train_diff_loss-0.3993072, val_mse_loss-0.0004158, val_kl_loss-0.0083796, val_diff_loss-0.4009987
2025-03-20 02:51:24 - INFO - epoch-168, train_mse_loss-0.0003227, train_kl_loss-0.0084261, train_diff_loss-0.4029340, val_mse_loss-0.0004135, val_kl_loss-0.0084853, val_diff_loss-0.3900441
2025-03-20 02:55:46 - INFO - epoch-169, train_mse_loss-0.0003227, train_kl_loss-0.0081605, train_diff_loss-0.3997140, val_mse_loss-0.0004142, val_kl_loss-0.0083612, val_diff_loss-0.3951834
2025-03-20 03:00:05 - INFO - epoch-170, train_mse_loss-0.0003227, train_kl_loss-0.0080075, train_diff_loss-0.3929160, val_mse_loss-0.0004135, val_kl_loss-0.0077280, val_diff_loss-0.3996454
2025-03-20 03:04:24 - INFO - epoch-171, train_mse_loss-0.0003227, train_kl_loss-0.0081321, train_diff_loss-0.3962923, val_mse_loss-0.0004095, val_kl_loss-0.0080912, val_diff_loss-0.4085479
2025-03-20 03:08:42 - INFO - epoch-172, train_mse_loss-0.0003227, train_kl_loss-0.0083591, train_diff_loss-0.4043717, val_mse_loss-0.0004135, val_kl_loss-0.0085779, val_diff_loss-0.4154128
2025-03-20 03:13:01 - INFO - epoch-173, train_mse_loss-0.0003227, train_kl_loss-0.0083074, train_diff_loss-0.4015112, val_mse_loss-0.0004122, val_kl_loss-0.0081889, val_diff_loss-0.3941370
2025-03-20 03:17:18 - INFO - epoch-174, train_mse_loss-0.0003227, train_kl_loss-0.0080767, train_diff_loss-0.3981113, val_mse_loss-0.0004240, val_kl_loss-0.0076179, val_diff_loss-0.3993267
2025-03-20 03:21:38 - INFO - epoch-175, train_mse_loss-0.0003227, train_kl_loss-0.0079731, train_diff_loss-0.3981271, val_mse_loss-0.0004123, val_kl_loss-0.0085177, val_diff_loss-0.3921891
2025-03-20 03:25:56 - INFO - epoch-176, train_mse_loss-0.0003227, train_kl_loss-0.0080440, train_diff_loss-0.3943120, val_mse_loss-0.0004152, val_kl_loss-0.0081742, val_diff_loss-0.3991260
2025-03-20 03:30:14 - INFO - epoch-177, train_mse_loss-0.0003227, train_kl_loss-0.0082693, train_diff_loss-0.3977798, val_mse_loss-0.0004145, val_kl_loss-0.0080559, val_diff_loss-0.3943662
2025-03-20 03:34:34 - INFO - epoch-178, train_mse_loss-0.0003227, train_kl_loss-0.0079667, train_diff_loss-0.3956960, val_mse_loss-0.0004107, val_kl_loss-0.0084182, val_diff_loss-0.3841053
2025-03-20 03:38:54 - INFO - epoch-179, train_mse_loss-0.0003227, train_kl_loss-0.0084113, train_diff_loss-0.4011130, val_mse_loss-0.0004125, val_kl_loss-0.0086317, val_diff_loss-0.3914835
2025-03-20 03:43:12 - INFO - epoch-180, train_mse_loss-0.0003227, train_kl_loss-0.0083872, train_diff_loss-0.4021259, val_mse_loss-0.0004192, val_kl_loss-0.0082385, val_diff_loss-0.4004122
2025-03-20 03:47:30 - INFO - epoch-181, train_mse_loss-0.0003227, train_kl_loss-0.0082158, train_diff_loss-0.4023966, val_mse_loss-0.0004116, val_kl_loss-0.0088578, val_diff_loss-0.4104784
2025-03-20 03:51:47 - INFO - epoch-182, train_mse_loss-0.0003227, train_kl_loss-0.0081945, train_diff_loss-0.3963964, val_mse_loss-0.0004199, val_kl_loss-0.0081041, val_diff_loss-0.4039740
2025-03-20 03:56:06 - INFO - epoch-183, train_mse_loss-0.0003227, train_kl_loss-0.0082185, train_diff_loss-0.4007327, val_mse_loss-0.0004201, val_kl_loss-0.0085111, val_diff_loss-0.3979852
2025-03-20 04:00:26 - INFO - epoch-184, train_mse_loss-0.0003227, train_kl_loss-0.0079858, train_diff_loss-0.3933448, val_mse_loss-0.0004205, val_kl_loss-0.0081732, val_diff_loss-0.3978271
2025-03-20 04:04:44 - INFO - epoch-185, train_mse_loss-0.0003227, train_kl_loss-0.0082721, train_diff_loss-0.3965936, val_mse_loss-0.0004198, val_kl_loss-0.0080628, val_diff_loss-0.4144573
2025-03-20 04:09:02 - INFO - epoch-186, train_mse_loss-0.0003227, train_kl_loss-0.0081121, train_diff_loss-0.3967250, val_mse_loss-0.0004190, val_kl_loss-0.0081328, val_diff_loss-0.4022899
2025-03-20 04:13:21 - INFO - epoch-187, train_mse_loss-0.0003227, train_kl_loss-0.0082110, train_diff_loss-0.3988764, val_mse_loss-0.0004161, val_kl_loss-0.0083314, val_diff_loss-0.4019163
2025-03-20 04:17:39 - INFO - epoch-188, train_mse_loss-0.0003227, train_kl_loss-0.0081715, train_diff_loss-0.3981047, val_mse_loss-0.0004218, val_kl_loss-0.0084596, val_diff_loss-0.4039935
2025-03-20 04:22:00 - INFO - epoch-189, train_mse_loss-0.0003227, train_kl_loss-0.0080037, train_diff_loss-0.3947902, val_mse_loss-0.0004216, val_kl_loss-0.0081023, val_diff_loss-0.3952460
2025-03-20 04:26:19 - INFO - epoch-190, train_mse_loss-0.0003227, train_kl_loss-0.0082170, train_diff_loss-0.4004885, val_mse_loss-0.0004179, val_kl_loss-0.0081348, val_diff_loss-0.4054645
2025-03-20 04:30:35 - INFO - epoch-191, train_mse_loss-0.0003227, train_kl_loss-0.0083169, train_diff_loss-0.3995036, val_mse_loss-0.0004180, val_kl_loss-0.0078172, val_diff_loss-0.4001181
2025-03-20 04:34:54 - INFO - epoch-192, train_mse_loss-0.0003227, train_kl_loss-0.0082462, train_diff_loss-0.4005418, val_mse_loss-0.0004183, val_kl_loss-0.0080928, val_diff_loss-0.3934360
2025-03-20 04:39:11 - INFO - epoch-193, train_mse_loss-0.0003227, train_kl_loss-0.0083564, train_diff_loss-0.4022611, val_mse_loss-0.0004192, val_kl_loss-0.0079119, val_diff_loss-0.4003303
2025-03-20 04:43:29 - INFO - epoch-194, train_mse_loss-0.0003227, train_kl_loss-0.0082431, train_diff_loss-0.4011759, val_mse_loss-0.0004164, val_kl_loss-0.0081879, val_diff_loss-0.3933579
2025-03-20 04:47:49 - INFO - epoch-195, train_mse_loss-0.0003227, train_kl_loss-0.0081434, train_diff_loss-0.3972533, val_mse_loss-0.0004242, val_kl_loss-0.0083392, val_diff_loss-0.3888777
2025-03-20 04:52:07 - INFO - epoch-196, train_mse_loss-0.0003227, train_kl_loss-0.0081198, train_diff_loss-0.3952321, val_mse_loss-0.0004231, val_kl_loss-0.0080679, val_diff_loss-0.3901142
2025-03-20 04:56:29 - INFO - epoch-197, train_mse_loss-0.0003227, train_kl_loss-0.0082309, train_diff_loss-0.3969661, val_mse_loss-0.0004205, val_kl_loss-0.0083051, val_diff_loss-0.4073624
2025-03-20 05:00:48 - INFO - epoch-198, train_mse_loss-0.0003227, train_kl_loss-0.0080514, train_diff_loss-0.3944734, val_mse_loss-0.0004222, val_kl_loss-0.0083507, val_diff_loss-0.3961228
2025-03-20 05:05:05 - INFO - epoch-199, train_mse_loss-0.0003227, train_kl_loss-0.0082636, train_diff_loss-0.3975848, val_mse_loss-0.0004220, val_kl_loss-0.0079824, val_diff_loss-0.3971707
2025-03-20 05:09:22 - INFO - epoch-200, train_mse_loss-0.0003227, train_kl_loss-0.0082309, train_diff_loss-0.4001549, val_mse_loss-0.0004278, val_kl_loss-0.0086870, val_diff_loss-0.3995772
2025-03-20 05:13:40 - INFO - epoch-201, train_mse_loss-0.0003227, train_kl_loss-0.0083779, train_diff_loss-0.3990829, val_mse_loss-0.0004219, val_kl_loss-0.0082117, val_diff_loss-0.3908866
2025-03-20 05:17:59 - INFO - epoch-202, train_mse_loss-0.0003227, train_kl_loss-0.0080519, train_diff_loss-0.3967973, val_mse_loss-0.0004288, val_kl_loss-0.0080192, val_diff_loss-0.3995952
2025-03-20 05:22:17 - INFO - epoch-203, train_mse_loss-0.0003227, train_kl_loss-0.0081789, train_diff_loss-0.3994074, val_mse_loss-0.0004251, val_kl_loss-0.0083363, val_diff_loss-0.3993767
2025-03-20 05:26:36 - INFO - epoch-204, train_mse_loss-0.0003227, train_kl_loss-0.0082992, train_diff_loss-0.3997429, val_mse_loss-0.0004234, val_kl_loss-0.0083735, val_diff_loss-0.4059442
2025-03-20 05:30:54 - INFO - epoch-205, train_mse_loss-0.0003226, train_kl_loss-0.0081944, train_diff_loss-0.3991720, val_mse_loss-0.0004267, val_kl_loss-0.0080209, val_diff_loss-0.3956593
2025-03-20 05:35:12 - INFO - epoch-206, train_mse_loss-0.0003226, train_kl_loss-0.0082582, train_diff_loss-0.3997769, val_mse_loss-0.0004293, val_kl_loss-0.0081255, val_diff_loss-0.4112161
2025-03-20 05:39:30 - INFO - epoch-207, train_mse_loss-0.0003227, train_kl_loss-0.0082903, train_diff_loss-0.4005828, val_mse_loss-0.0004302, val_kl_loss-0.0087012, val_diff_loss-0.4082015
2025-03-20 05:43:48 - INFO - epoch-208, train_mse_loss-0.0003227, train_kl_loss-0.0083283, train_diff_loss-0.3973438, val_mse_loss-0.0004299, val_kl_loss-0.0081814, val_diff_loss-0.4006442
2025-03-20 05:48:07 - INFO - epoch-209, train_mse_loss-0.0003226, train_kl_loss-0.0084064, train_diff_loss-0.4011412, val_mse_loss-0.0004291, val_kl_loss-0.0081029, val_diff_loss-0.3954933
2025-03-20 05:52:24 - INFO - epoch-210, train_mse_loss-0.0003227, train_kl_loss-0.0081750, train_diff_loss-0.3968103, val_mse_loss-0.0004338, val_kl_loss-0.0080848, val_diff_loss-0.3876723
2025-03-20 05:56:43 - INFO - epoch-211, train_mse_loss-0.0003226, train_kl_loss-0.0083965, train_diff_loss-0.4018042, val_mse_loss-0.0004348, val_kl_loss-0.0079986, val_diff_loss-0.3958278
2025-03-20 06:01:02 - INFO - epoch-212, train_mse_loss-0.0003227, train_kl_loss-0.0079619, train_diff_loss-0.3945308, val_mse_loss-0.0004316, val_kl_loss-0.0079315, val_diff_loss-0.3983070
2025-03-20 06:05:19 - INFO - epoch-213, train_mse_loss-0.0003227, train_kl_loss-0.0083903, train_diff_loss-0.4031878, val_mse_loss-0.0004323, val_kl_loss-0.0086017, val_diff_loss-0.4044177
2025-03-20 06:09:38 - INFO - epoch-214, train_mse_loss-0.0003227, train_kl_loss-0.0082341, train_diff_loss-0.3965685, val_mse_loss-0.0004350, val_kl_loss-0.0076598, val_diff_loss-0.4112310
2025-03-20 06:13:55 - INFO - epoch-215, train_mse_loss-0.0003227, train_kl_loss-0.0082873, train_diff_loss-0.3996609, val_mse_loss-0.0004229, val_kl_loss-0.0083839, val_diff_loss-0.3924448
2025-03-20 06:18:12 - INFO - epoch-216, train_mse_loss-0.0003227, train_kl_loss-0.0080683, train_diff_loss-0.3956600, val_mse_loss-0.0004370, val_kl_loss-0.0079619, val_diff_loss-0.3952670
2025-03-20 06:22:30 - INFO - epoch-217, train_mse_loss-0.0003227, train_kl_loss-0.0082792, train_diff_loss-0.3999633, val_mse_loss-0.0004361, val_kl_loss-0.0083793, val_diff_loss-0.3981954
2025-03-20 06:26:49 - INFO - epoch-218, train_mse_loss-0.0003227, train_kl_loss-0.0084135, train_diff_loss-0.4010390, val_mse_loss-0.0004219, val_kl_loss-0.0081762, val_diff_loss-0.4073144
2025-03-20 06:31:07 - INFO - epoch-219, train_mse_loss-0.0003227, train_kl_loss-0.0081449, train_diff_loss-0.3977659, val_mse_loss-0.0004346, val_kl_loss-0.0080814, val_diff_loss-0.3935523
2025-03-20 06:35:28 - INFO - epoch-220, train_mse_loss-0.0003227, train_kl_loss-0.0082090, train_diff_loss-0.3980177, val_mse_loss-0.0004355, val_kl_loss-0.0080152, val_diff_loss-0.3992386
2025-03-20 06:39:46 - INFO - epoch-221, train_mse_loss-0.0003227, train_kl_loss-0.0081893, train_diff_loss-0.3967136, val_mse_loss-0.0004221, val_kl_loss-0.0078257, val_diff_loss-0.4049648
2025-03-20 06:44:05 - INFO - epoch-222, train_mse_loss-0.0003227, train_kl_loss-0.0082308, train_diff_loss-0.3998108, val_mse_loss-0.0004290, val_kl_loss-0.0085367, val_diff_loss-0.3883828
2025-03-20 06:48:24 - INFO - epoch-223, train_mse_loss-0.0003227, train_kl_loss-0.0083808, train_diff_loss-0.4009017, val_mse_loss-0.0004334, val_kl_loss-0.0080577, val_diff_loss-0.3868670
2025-03-20 06:52:44 - INFO - epoch-224, train_mse_loss-0.0003227, train_kl_loss-0.0083312, train_diff_loss-0.4035160, val_mse_loss-0.0004288, val_kl_loss-0.0089664, val_diff_loss-0.3972338
2025-03-20 06:57:07 - INFO - epoch-225, train_mse_loss-0.0003226, train_kl_loss-0.0083389, train_diff_loss-0.3993258, val_mse_loss-0.0004306, val_kl_loss-0.0079654, val_diff_loss-0.3973579
2025-03-20 07:01:32 - INFO - epoch-226, train_mse_loss-0.0003227, train_kl_loss-0.0080108, train_diff_loss-0.3971948, val_mse_loss-0.0004332, val_kl_loss-0.0078729, val_diff_loss-0.4085046
2025-03-20 07:05:56 - INFO - epoch-227, train_mse_loss-0.0003227, train_kl_loss-0.0083736, train_diff_loss-0.4015626, val_mse_loss-0.0004302, val_kl_loss-0.0082454, val_diff_loss-0.4008190
2025-03-20 07:10:17 - INFO - epoch-228, train_mse_loss-0.0003227, train_kl_loss-0.0080523, train_diff_loss-0.3947858, val_mse_loss-0.0004298, val_kl_loss-0.0080660, val_diff_loss-0.4052101
2025-03-20 07:14:42 - INFO - epoch-229, train_mse_loss-0.0003227, train_kl_loss-0.0081328, train_diff_loss-0.3974876, val_mse_loss-0.0004310, val_kl_loss-0.0082937, val_diff_loss-0.3995074
2025-03-20 07:19:05 - INFO - epoch-230, train_mse_loss-0.0003227, train_kl_loss-0.0082245, train_diff_loss-0.3984035, val_mse_loss-0.0004321, val_kl_loss-0.0085855, val_diff_loss-0.4067362
2025-03-20 07:23:25 - INFO - epoch-231, train_mse_loss-0.0003227, train_kl_loss-0.0081118, train_diff_loss-0.3951267, val_mse_loss-0.0004305, val_kl_loss-0.0082257, val_diff_loss-0.3993634
2025-03-20 07:27:51 - INFO - epoch-232, train_mse_loss-0.0003227, train_kl_loss-0.0083595, train_diff_loss-0.3994284, val_mse_loss-0.0004282, val_kl_loss-0.0084643, val_diff_loss-0.4139201
2025-03-20 07:32:11 - INFO - epoch-233, train_mse_loss-0.0003227, train_kl_loss-0.0080097, train_diff_loss-0.3960744, val_mse_loss-0.0004288, val_kl_loss-0.0085035, val_diff_loss-0.4053829
2025-03-20 07:36:32 - INFO - epoch-234, train_mse_loss-0.0003226, train_kl_loss-0.0082446, train_diff_loss-0.3947386, val_mse_loss-0.0004283, val_kl_loss-0.0078618, val_diff_loss-0.4009998
2025-03-20 07:40:53 - INFO - epoch-235, train_mse_loss-0.0003226, train_kl_loss-0.0080549, train_diff_loss-0.3931636, val_mse_loss-0.0004301, val_kl_loss-0.0082682, val_diff_loss-0.4065129
2025-03-20 07:45:12 - INFO - epoch-236, train_mse_loss-0.0003227, train_kl_loss-0.0083509, train_diff_loss-0.3978585, val_mse_loss-0.0004346, val_kl_loss-0.0078736, val_diff_loss-0.3951741
2025-03-20 07:49:34 - INFO - epoch-237, train_mse_loss-0.0003227, train_kl_loss-0.0082498, train_diff_loss-0.3997652, val_mse_loss-0.0004360, val_kl_loss-0.0084822, val_diff_loss-0.4047320
2025-03-20 07:53:55 - INFO - epoch-238, train_mse_loss-0.0003226, train_kl_loss-0.0082557, train_diff_loss-0.4006526, val_mse_loss-0.0004389, val_kl_loss-0.0086745, val_diff_loss-0.4001120
2025-03-20 07:58:15 - INFO - epoch-239, train_mse_loss-0.0003226, train_kl_loss-0.0081949, train_diff_loss-0.3971545, val_mse_loss-0.0004395, val_kl_loss-0.0083335, val_diff_loss-0.4023392
2025-03-20 08:02:35 - INFO - epoch-240, train_mse_loss-0.0003226, train_kl_loss-0.0082645, train_diff_loss-0.3991048, val_mse_loss-0.0004429, val_kl_loss-0.0083023, val_diff_loss-0.4039022
2025-03-20 08:06:58 - INFO - epoch-241, train_mse_loss-0.0003226, train_kl_loss-0.0081373, train_diff_loss-0.3971570, val_mse_loss-0.0004441, val_kl_loss-0.0078642, val_diff_loss-0.3903771
2025-03-20 08:11:16 - INFO - epoch-242, train_mse_loss-0.0003226, train_kl_loss-0.0080800, train_diff_loss-0.3977554, val_mse_loss-0.0004435, val_kl_loss-0.0082921, val_diff_loss-0.4024523
2025-03-20 08:15:36 - INFO - epoch-243, train_mse_loss-0.0003226, train_kl_loss-0.0083960, train_diff_loss-0.4020962, val_mse_loss-0.0004409, val_kl_loss-0.0084039, val_diff_loss-0.3985860
2025-03-20 08:19:54 - INFO - epoch-244, train_mse_loss-0.0003226, train_kl_loss-0.0083523, train_diff_loss-0.3999758, val_mse_loss-0.0004500, val_kl_loss-0.0081272, val_diff_loss-0.3772956
2025-03-20 08:20:03 - INFO - Saved new best model at epoch 244 with validation loss 0.3858728
2025-03-20 08:24:21 - INFO - epoch-245, train_mse_loss-0.0003226, train_kl_loss-0.0080402, train_diff_loss-0.3966039, val_mse_loss-0.0004430, val_kl_loss-0.0080558, val_diff_loss-0.3953729
2025-03-20 08:28:40 - INFO - epoch-246, train_mse_loss-0.0003226, train_kl_loss-0.0080623, train_diff_loss-0.3949027, val_mse_loss-0.0004511, val_kl_loss-0.0079402, val_diff_loss-0.4008095
2025-03-20 08:32:58 - INFO - epoch-247, train_mse_loss-0.0003226, train_kl_loss-0.0084537, train_diff_loss-0.4030355, val_mse_loss-0.0004531, val_kl_loss-0.0086764, val_diff_loss-0.4007105
2025-03-20 08:37:16 - INFO - epoch-248, train_mse_loss-0.0003226, train_kl_loss-0.0084317, train_diff_loss-0.4055100, val_mse_loss-0.0004459, val_kl_loss-0.0081271, val_diff_loss-0.3973555
2025-03-20 08:41:32 - INFO - epoch-249, train_mse_loss-0.0003226, train_kl_loss-0.0082850, train_diff_loss-0.4033012, val_mse_loss-0.0004489, val_kl_loss-0.0086172, val_diff_loss-0.3876252
2025-03-20 08:45:51 - INFO - epoch-250, train_mse_loss-0.0003226, train_kl_loss-0.0083699, train_diff_loss-0.4030662, val_mse_loss-0.0004412, val_kl_loss-0.0084104, val_diff_loss-0.4019381
2025-03-20 08:50:08 - INFO - epoch-251, train_mse_loss-0.0003226, train_kl_loss-0.0081503, train_diff_loss-0.3992698, val_mse_loss-0.0004486, val_kl_loss-0.0082175, val_diff_loss-0.3897717
2025-03-20 08:54:27 - INFO - epoch-252, train_mse_loss-0.0003226, train_kl_loss-0.0079299, train_diff_loss-0.3924174, val_mse_loss-0.0004532, val_kl_loss-0.0081578, val_diff_loss-0.3907338
2025-03-20 08:58:45 - INFO - epoch-253, train_mse_loss-0.0003226, train_kl_loss-0.0082864, train_diff_loss-0.3989284, val_mse_loss-0.0004490, val_kl_loss-0.0078242, val_diff_loss-0.3974065
2025-03-20 09:03:03 - INFO - epoch-254, train_mse_loss-0.0003226, train_kl_loss-0.0081307, train_diff_loss-0.3956545, val_mse_loss-0.0004522, val_kl_loss-0.0081160, val_diff_loss-0.3969584
2025-03-20 09:07:21 - INFO - epoch-255, train_mse_loss-0.0003226, train_kl_loss-0.0083224, train_diff_loss-0.3991947, val_mse_loss-0.0004370, val_kl_loss-0.0080875, val_diff_loss-0.3969298
2025-03-20 09:11:43 - INFO - epoch-256, train_mse_loss-0.0003226, train_kl_loss-0.0081552, train_diff_loss-0.3981963, val_mse_loss-0.0004466, val_kl_loss-0.0079833, val_diff_loss-0.4106497
2025-03-20 09:16:09 - INFO - epoch-257, train_mse_loss-0.0003226, train_kl_loss-0.0082009, train_diff_loss-0.4010246, val_mse_loss-0.0004402, val_kl_loss-0.0084079, val_diff_loss-0.3916406
2025-03-20 09:20:28 - INFO - epoch-258, train_mse_loss-0.0003226, train_kl_loss-0.0083157, train_diff_loss-0.4027127, val_mse_loss-0.0004412, val_kl_loss-0.0086946, val_diff_loss-0.3956117
2025-03-20 09:24:48 - INFO - epoch-259, train_mse_loss-0.0003226, train_kl_loss-0.0082905, train_diff_loss-0.4004170, val_mse_loss-0.0004365, val_kl_loss-0.0082921, val_diff_loss-0.4061785
2025-03-20 09:29:07 - INFO - epoch-260, train_mse_loss-0.0003226, train_kl_loss-0.0081392, train_diff_loss-0.3979942, val_mse_loss-0.0004344, val_kl_loss-0.0077517, val_diff_loss-0.4080067
2025-03-20 09:33:26 - INFO - epoch-261, train_mse_loss-0.0003226, train_kl_loss-0.0081465, train_diff_loss-0.4008708, val_mse_loss-0.0004376, val_kl_loss-0.0083814, val_diff_loss-0.4091385
2025-03-20 09:37:46 - INFO - epoch-262, train_mse_loss-0.0003226, train_kl_loss-0.0081746, train_diff_loss-0.3989470, val_mse_loss-0.0004380, val_kl_loss-0.0081001, val_diff_loss-0.4125455
2025-03-20 09:42:04 - INFO - epoch-263, train_mse_loss-0.0003226, train_kl_loss-0.0081936, train_diff_loss-0.3961912, val_mse_loss-0.0004399, val_kl_loss-0.0085312, val_diff_loss-0.3948839
2025-03-20 09:46:24 - INFO - epoch-264, train_mse_loss-0.0003226, train_kl_loss-0.0083713, train_diff_loss-0.4008243, val_mse_loss-0.0004380, val_kl_loss-0.0085068, val_diff_loss-0.4049936
2025-03-20 09:50:44 - INFO - epoch-265, train_mse_loss-0.0003226, train_kl_loss-0.0080541, train_diff_loss-0.3943750, val_mse_loss-0.0004402, val_kl_loss-0.0079959, val_diff_loss-0.3976933
2025-03-20 09:55:04 - INFO - epoch-266, train_mse_loss-0.0003226, train_kl_loss-0.0082607, train_diff_loss-0.3997644, val_mse_loss-0.0004497, val_kl_loss-0.0079762, val_diff_loss-0.4016675
2025-03-20 09:59:23 - INFO - epoch-267, train_mse_loss-0.0003226, train_kl_loss-0.0082134, train_diff_loss-0.3977167, val_mse_loss-0.0004435, val_kl_loss-0.0080268, val_diff_loss-0.4006550
2025-03-20 10:03:44 - INFO - epoch-268, train_mse_loss-0.0003226, train_kl_loss-0.0081158, train_diff_loss-0.3982883, val_mse_loss-0.0004472, val_kl_loss-0.0084198, val_diff_loss-0.4045346
2025-03-20 10:08:04 - INFO - epoch-269, train_mse_loss-0.0003226, train_kl_loss-0.0083338, train_diff_loss-0.3985906, val_mse_loss-0.0004401, val_kl_loss-0.0080462, val_diff_loss-0.3851203
2025-03-20 10:12:26 - INFO - epoch-270, train_mse_loss-0.0003226, train_kl_loss-0.0081004, train_diff_loss-0.3958919, val_mse_loss-0.0004386, val_kl_loss-0.0084681, val_diff_loss-0.3975617
2025-03-20 10:16:45 - INFO - epoch-271, train_mse_loss-0.0003226, train_kl_loss-0.0082191, train_diff_loss-0.3964230, val_mse_loss-0.0004390, val_kl_loss-0.0086434, val_diff_loss-0.4044109
2025-03-20 10:21:08 - INFO - epoch-272, train_mse_loss-0.0003226, train_kl_loss-0.0082430, train_diff_loss-0.3957254, val_mse_loss-0.0004388, val_kl_loss-0.0083968, val_diff_loss-0.4143104
2025-03-20 10:25:30 - INFO - epoch-273, train_mse_loss-0.0003226, train_kl_loss-0.0083330, train_diff_loss-0.3993215, val_mse_loss-0.0004391, val_kl_loss-0.0085187, val_diff_loss-0.3924721
2025-03-20 10:29:50 - INFO - epoch-274, train_mse_loss-0.0003226, train_kl_loss-0.0080226, train_diff_loss-0.3932672, val_mse_loss-0.0004420, val_kl_loss-0.0084232, val_diff_loss-0.4029695
2025-03-20 10:34:09 - INFO - epoch-275, train_mse_loss-0.0003226, train_kl_loss-0.0082798, train_diff_loss-0.3983857, val_mse_loss-0.0004402, val_kl_loss-0.0082965, val_diff_loss-0.4059446
2025-03-20 10:38:28 - INFO - epoch-276, train_mse_loss-0.0003226, train_kl_loss-0.0082529, train_diff_loss-0.3976198, val_mse_loss-0.0004426, val_kl_loss-0.0082605, val_diff_loss-0.3872748
2025-03-20 10:42:48 - INFO - epoch-277, train_mse_loss-0.0003226, train_kl_loss-0.0083289, train_diff_loss-0.3987338, val_mse_loss-0.0004453, val_kl_loss-0.0077928, val_diff_loss-0.4005384
2025-03-20 10:47:08 - INFO - epoch-278, train_mse_loss-0.0003226, train_kl_loss-0.0080574, train_diff_loss-0.3970252, val_mse_loss-0.0004408, val_kl_loss-0.0079363, val_diff_loss-0.3883659
2025-03-20 10:51:26 - INFO - epoch-279, train_mse_loss-0.0003226, train_kl_loss-0.0083728, train_diff_loss-0.4010358, val_mse_loss-0.0004389, val_kl_loss-0.0083058, val_diff_loss-0.3973906
2025-03-20 10:55:44 - INFO - epoch-280, train_mse_loss-0.0003226, train_kl_loss-0.0082854, train_diff_loss-0.4008545, val_mse_loss-0.0004471, val_kl_loss-0.0081984, val_diff_loss-0.3998665
2025-03-20 11:00:08 - INFO - epoch-281, train_mse_loss-0.0003226, train_kl_loss-0.0081289, train_diff_loss-0.3986392, val_mse_loss-0.0004398, val_kl_loss-0.0084906, val_diff_loss-0.3952807
2025-03-20 11:04:30 - INFO - epoch-282, train_mse_loss-0.0003226, train_kl_loss-0.0083671, train_diff_loss-0.3998480, val_mse_loss-0.0004406, val_kl_loss-0.0078904, val_diff_loss-0.4116350
2025-03-20 11:08:49 - INFO - epoch-283, train_mse_loss-0.0003226, train_kl_loss-0.0081091, train_diff_loss-0.3977014, val_mse_loss-0.0004426, val_kl_loss-0.0080007, val_diff_loss-0.3950516
2025-03-20 11:13:10 - INFO - epoch-284, train_mse_loss-0.0003226, train_kl_loss-0.0080419, train_diff_loss-0.3953745, val_mse_loss-0.0004419, val_kl_loss-0.0082338, val_diff_loss-0.3956315
2025-03-20 11:17:30 - INFO - epoch-285, train_mse_loss-0.0003226, train_kl_loss-0.0080937, train_diff_loss-0.3938525, val_mse_loss-0.0004449, val_kl_loss-0.0081771, val_diff_loss-0.3816414
2025-03-20 11:22:07 - INFO - epoch-286, train_mse_loss-0.0003226, train_kl_loss-0.0080269, train_diff_loss-0.3926319, val_mse_loss-0.0004424, val_kl_loss-0.0083577, val_diff_loss-0.4097757
2025-03-20 11:26:45 - INFO - epoch-287, train_mse_loss-0.0003226, train_kl_loss-0.0082798, train_diff_loss-0.3956666, val_mse_loss-0.0004407, val_kl_loss-0.0081132, val_diff_loss-0.3882074
2025-03-20 11:31:23 - INFO - epoch-288, train_mse_loss-0.0003226, train_kl_loss-0.0083110, train_diff_loss-0.3976164, val_mse_loss-0.0004390, val_kl_loss-0.0080497, val_diff_loss-0.4061575
2025-03-20 11:35:56 - INFO - epoch-289, train_mse_loss-0.0003226, train_kl_loss-0.0080577, train_diff_loss-0.3937407, val_mse_loss-0.0004449, val_kl_loss-0.0082983, val_diff_loss-0.3998545
2025-03-20 11:40:29 - INFO - epoch-290, train_mse_loss-0.0003226, train_kl_loss-0.0082402, train_diff_loss-0.3962833, val_mse_loss-0.0004472, val_kl_loss-0.0077740, val_diff_loss-0.3887622
2025-03-20 11:44:51 - INFO - epoch-291, train_mse_loss-0.0003226, train_kl_loss-0.0080981, train_diff_loss-0.3940374, val_mse_loss-0.0004414, val_kl_loss-0.0061848, val_diff_loss-0.3912662
2025-03-20 11:49:11 - INFO - epoch-292, train_mse_loss-0.0003226, train_kl_loss-0.0081305, train_diff_loss-0.3965236, val_mse_loss-0.0004477, val_kl_loss-0.0086917, val_diff_loss-0.3925673
2025-03-20 11:53:38 - INFO - epoch-293, train_mse_loss-0.0003226, train_kl_loss-0.0080505, train_diff_loss-0.3953954, val_mse_loss-0.0004447, val_kl_loss-0.0080197, val_diff_loss-0.4038832
2025-03-20 11:58:06 - INFO - epoch-294, train_mse_loss-0.0003226, train_kl_loss-0.0081191, train_diff_loss-0.3956280, val_mse_loss-0.0004376, val_kl_loss-0.0080596, val_diff_loss-0.3998204
2025-03-20 12:02:33 - INFO - epoch-295, train_mse_loss-0.0003226, train_kl_loss-0.0084378, train_diff_loss-0.4047306, val_mse_loss-0.0004466, val_kl_loss-0.0082814, val_diff_loss-0.3995754
2025-03-20 12:06:57 - INFO - epoch-296, train_mse_loss-0.0003226, train_kl_loss-0.0080998, train_diff_loss-0.3979148, val_mse_loss-0.0004477, val_kl_loss-0.0079050, val_diff_loss-0.3936151
2025-03-20 12:11:16 - INFO - epoch-297, train_mse_loss-0.0003226, train_kl_loss-0.0079562, train_diff_loss-0.3924218, val_mse_loss-0.0004446, val_kl_loss-0.0077345, val_diff_loss-0.3916232
2025-03-20 12:15:35 - INFO - epoch-298, train_mse_loss-0.0003226, train_kl_loss-0.0081703, train_diff_loss-0.3969704, val_mse_loss-0.0004392, val_kl_loss-0.0083930, val_diff_loss-0.3952815
2025-03-20 12:19:54 - INFO - epoch-299, train_mse_loss-0.0003226, train_kl_loss-0.0083186, train_diff_loss-0.3957008, val_mse_loss-0.0004421, val_kl_loss-0.0084018, val_diff_loss-0.3774277
2025-03-20 12:24:11 - INFO - epoch-300, train_mse_loss-0.0003226, train_kl_loss-0.0082794, train_diff_loss-0.3962811, val_mse_loss-0.0004385, val_kl_loss-0.0080397, val_diff_loss-0.3861256
2025-03-20 12:28:30 - INFO - epoch-301, train_mse_loss-0.0003226, train_kl_loss-0.0082680, train_diff_loss-0.3993902, val_mse_loss-0.0004415, val_kl_loss-0.0079954, val_diff_loss-0.3964563
2025-03-20 12:32:49 - INFO - epoch-302, train_mse_loss-0.0003226, train_kl_loss-0.0080949, train_diff_loss-0.3974838, val_mse_loss-0.0004455, val_kl_loss-0.0082149, val_diff_loss-0.4051218
2025-03-20 12:37:06 - INFO - epoch-303, train_mse_loss-0.0003226, train_kl_loss-0.0080660, train_diff_loss-0.3957674, val_mse_loss-0.0004447, val_kl_loss-0.0081650, val_diff_loss-0.3995188
2025-03-20 12:41:24 - INFO - epoch-304, train_mse_loss-0.0003226, train_kl_loss-0.0085035, train_diff_loss-0.4051412, val_mse_loss-0.0004323, val_kl_loss-0.0082357, val_diff_loss-0.3972949
2025-03-20 12:45:43 - INFO - epoch-305, train_mse_loss-0.0003226, train_kl_loss-0.0082618, train_diff_loss-0.3997536, val_mse_loss-0.0004419, val_kl_loss-0.0082826, val_diff_loss-0.3889357
2025-03-20 12:50:00 - INFO - epoch-306, train_mse_loss-0.0003226, train_kl_loss-0.0082048, train_diff_loss-0.3987001, val_mse_loss-0.0004385, val_kl_loss-0.0081882, val_diff_loss-0.3986343
2025-03-20 12:54:18 - INFO - epoch-307, train_mse_loss-0.0003226, train_kl_loss-0.0081191, train_diff_loss-0.3952875, val_mse_loss-0.0004421, val_kl_loss-0.0084717, val_diff_loss-0.3943166
2025-03-20 12:58:36 - INFO - epoch-308, train_mse_loss-0.0003226, train_kl_loss-0.0083522, train_diff_loss-0.3995283, val_mse_loss-0.0004433, val_kl_loss-0.0084051, val_diff_loss-0.3878268
2025-03-20 13:02:54 - INFO - epoch-309, train_mse_loss-0.0003226, train_kl_loss-0.0082418, train_diff_loss-0.3986543, val_mse_loss-0.0004425, val_kl_loss-0.0081600, val_diff_loss-0.3836561
2025-03-20 13:07:15 - INFO - epoch-310, train_mse_loss-0.0003226, train_kl_loss-0.0081905, train_diff_loss-0.3983762, val_mse_loss-0.0004394, val_kl_loss-0.0082810, val_diff_loss-0.3945111
2025-03-20 13:11:34 - INFO - epoch-311, train_mse_loss-0.0003226, train_kl_loss-0.0081695, train_diff_loss-0.3986321, val_mse_loss-0.0004418, val_kl_loss-0.0081012, val_diff_loss-0.3884971
2025-03-20 13:15:52 - INFO - epoch-312, train_mse_loss-0.0003226, train_kl_loss-0.0084428, train_diff_loss-0.4034685, val_mse_loss-0.0004434, val_kl_loss-0.0086385, val_diff_loss-0.3960038
2025-03-20 13:20:12 - INFO - epoch-313, train_mse_loss-0.0003226, train_kl_loss-0.0081800, train_diff_loss-0.3960804, val_mse_loss-0.0004465, val_kl_loss-0.0083108, val_diff_loss-0.4115076
2025-03-20 13:24:30 - INFO - epoch-314, train_mse_loss-0.0003226, train_kl_loss-0.0082981, train_diff_loss-0.3998526, val_mse_loss-0.0004405, val_kl_loss-0.0084496, val_diff_loss-0.3974926
2025-03-20 13:28:49 - INFO - epoch-315, train_mse_loss-0.0003226, train_kl_loss-0.0080201, train_diff_loss-0.3943245, val_mse_loss-0.0004397, val_kl_loss-0.0084111, val_diff_loss-0.4063967
2025-03-20 13:33:08 - INFO - epoch-316, train_mse_loss-0.0003226, train_kl_loss-0.0083373, train_diff_loss-0.3970739, val_mse_loss-0.0004455, val_kl_loss-0.0082057, val_diff_loss-0.3981104
2025-03-20 13:37:25 - INFO - epoch-317, train_mse_loss-0.0003226, train_kl_loss-0.0083008, train_diff_loss-0.4001080, val_mse_loss-0.0004441, val_kl_loss-0.0084449, val_diff_loss-0.3986931
2025-03-20 13:41:43 - INFO - epoch-318, train_mse_loss-0.0003226, train_kl_loss-0.0083153, train_diff_loss-0.4000849, val_mse_loss-0.0004415, val_kl_loss-0.0081650, val_diff_loss-0.4078462
2025-03-20 13:46:01 - INFO - epoch-319, train_mse_loss-0.0003226, train_kl_loss-0.0081729, train_diff_loss-0.3982773, val_mse_loss-0.0004404, val_kl_loss-0.0083226, val_diff_loss-0.4047977
2025-03-20 13:50:21 - INFO - epoch-320, train_mse_loss-0.0003226, train_kl_loss-0.0083232, train_diff_loss-0.4020385, val_mse_loss-0.0004410, val_kl_loss-0.0084195, val_diff_loss-0.3975084
2025-03-20 13:54:39 - INFO - epoch-321, train_mse_loss-0.0003226, train_kl_loss-0.0083229, train_diff_loss-0.4001366, val_mse_loss-0.0004429, val_kl_loss-0.0080972, val_diff_loss-0.4123739
2025-03-20 13:58:58 - INFO - epoch-322, train_mse_loss-0.0003226, train_kl_loss-0.0079475, train_diff_loss-0.3967344, val_mse_loss-0.0004416, val_kl_loss-0.0081863, val_diff_loss-0.3929734
2025-03-20 14:03:17 - INFO - epoch-323, train_mse_loss-0.0003226, train_kl_loss-0.0082170, train_diff_loss-0.3968674, val_mse_loss-0.0004397, val_kl_loss-0.0080927, val_diff_loss-0.3968874
2025-03-20 14:07:35 - INFO - epoch-324, train_mse_loss-0.0003226, train_kl_loss-0.0082267, train_diff_loss-0.3994882, val_mse_loss-0.0004382, val_kl_loss-0.0082742, val_diff_loss-0.3973382
2025-03-20 14:11:53 - INFO - epoch-325, train_mse_loss-0.0003226, train_kl_loss-0.0083063, train_diff_loss-0.4004292, val_mse_loss-0.0004439, val_kl_loss-0.0082769, val_diff_loss-0.4099824
2025-03-20 14:16:11 - INFO - epoch-326, train_mse_loss-0.0003226, train_kl_loss-0.0080899, train_diff_loss-0.3963527, val_mse_loss-0.0004434, val_kl_loss-0.0084107, val_diff_loss-0.3991825
2025-03-20 14:20:29 - INFO - epoch-327, train_mse_loss-0.0003226, train_kl_loss-0.0083389, train_diff_loss-0.3998647, val_mse_loss-0.0004378, val_kl_loss-0.0078647, val_diff_loss-0.3994149
2025-03-20 14:24:47 - INFO - epoch-328, train_mse_loss-0.0003226, train_kl_loss-0.0082016, train_diff_loss-0.3978007, val_mse_loss-0.0004446, val_kl_loss-0.0079577, val_diff_loss-0.4014072
2025-03-20 14:29:05 - INFO - epoch-329, train_mse_loss-0.0003226, train_kl_loss-0.0081224, train_diff_loss-0.3957808, val_mse_loss-0.0004434, val_kl_loss-0.0079847, val_diff_loss-0.4016115
2025-03-20 14:33:24 - INFO - epoch-330, train_mse_loss-0.0003226, train_kl_loss-0.0083443, train_diff_loss-0.4012170, val_mse_loss-0.0004401, val_kl_loss-0.0085632, val_diff_loss-0.4019401
2025-03-20 14:37:43 - INFO - epoch-331, train_mse_loss-0.0003226, train_kl_loss-0.0081924, train_diff_loss-0.3989085, val_mse_loss-0.0004395, val_kl_loss-0.0083308, val_diff_loss-0.4000744
2025-03-20 14:42:03 - INFO - epoch-332, train_mse_loss-0.0003226, train_kl_loss-0.0081105, train_diff_loss-0.3969591, val_mse_loss-0.0004435, val_kl_loss-0.0082631, val_diff_loss-0.4071326
2025-03-20 14:46:22 - INFO - epoch-333, train_mse_loss-0.0003226, train_kl_loss-0.0081382, train_diff_loss-0.3968701, val_mse_loss-0.0004438, val_kl_loss-0.0080487, val_diff_loss-0.4004138
2025-03-20 14:50:41 - INFO - epoch-334, train_mse_loss-0.0003226, train_kl_loss-0.0080029, train_diff_loss-0.3955632, val_mse_loss-0.0004454, val_kl_loss-0.0081683, val_diff_loss-0.3931727
2025-03-20 14:54:59 - INFO - epoch-335, train_mse_loss-0.0003226, train_kl_loss-0.0082087, train_diff_loss-0.3961981, val_mse_loss-0.0004443, val_kl_loss-0.0085123, val_diff_loss-0.4030654
2025-03-20 14:59:19 - INFO - epoch-336, train_mse_loss-0.0003226, train_kl_loss-0.0083115, train_diff_loss-0.3978664, val_mse_loss-0.0004459, val_kl_loss-0.0083750, val_diff_loss-0.4028470
2025-03-20 15:03:38 - INFO - epoch-337, train_mse_loss-0.0003226, train_kl_loss-0.0082952, train_diff_loss-0.4004905, val_mse_loss-0.0004435, val_kl_loss-0.0085625, val_diff_loss-0.3966279
2025-03-20 15:07:57 - INFO - epoch-338, train_mse_loss-0.0003226, train_kl_loss-0.0080795, train_diff_loss-0.3948397, val_mse_loss-0.0004397, val_kl_loss-0.0084207, val_diff_loss-0.3970179
2025-03-20 15:12:15 - INFO - epoch-339, train_mse_loss-0.0003226, train_kl_loss-0.0080083, train_diff_loss-0.3934657, val_mse_loss-0.0004461, val_kl_loss-0.0080878, val_diff_loss-0.3983895
2025-03-20 15:16:33 - INFO - epoch-340, train_mse_loss-0.0003226, train_kl_loss-0.0082151, train_diff_loss-0.3977051, val_mse_loss-0.0004419, val_kl_loss-0.0082911, val_diff_loss-0.3983423
2025-03-20 15:20:51 - INFO - epoch-341, train_mse_loss-0.0003226, train_kl_loss-0.0085087, train_diff_loss-0.4037915, val_mse_loss-0.0004424, val_kl_loss-0.0082607, val_diff_loss-0.4215766
2025-03-20 15:25:10 - INFO - epoch-342, train_mse_loss-0.0003226, train_kl_loss-0.0080555, train_diff_loss-0.3938096, val_mse_loss-0.0004409, val_kl_loss-0.0081377, val_diff_loss-0.4001059
2025-03-20 15:29:28 - INFO - epoch-343, train_mse_loss-0.0003226, train_kl_loss-0.0082120, train_diff_loss-0.3986787, val_mse_loss-0.0004396, val_kl_loss-0.0084246, val_diff_loss-0.3887457
2025-03-20 15:33:48 - INFO - epoch-344, train_mse_loss-0.0003226, train_kl_loss-0.0080611, train_diff_loss-0.3934099, val_mse_loss-0.0004473, val_kl_loss-0.0082006, val_diff_loss-0.4043280
2025-03-20 15:38:17 - INFO - epoch-345, train_mse_loss-0.0003226, train_kl_loss-0.0081689, train_diff_loss-0.3958402, val_mse_loss-0.0004426, val_kl_loss-0.0080665, val_diff_loss-0.3987577
2025-03-20 15:42:38 - INFO - epoch-346, train_mse_loss-0.0003226, train_kl_loss-0.0080678, train_diff_loss-0.3934452, val_mse_loss-0.0004455, val_kl_loss-0.0081738, val_diff_loss-0.3868159
2025-03-20 15:46:58 - INFO - epoch-347, train_mse_loss-0.0003226, train_kl_loss-0.0081276, train_diff_loss-0.3953599, val_mse_loss-0.0004484, val_kl_loss-0.0085163, val_diff_loss-0.3947428
2025-03-20 15:51:17 - INFO - epoch-348, train_mse_loss-0.0003226, train_kl_loss-0.0083138, train_diff_loss-0.3967315, val_mse_loss-0.0004362, val_kl_loss-0.0081433, val_diff_loss-0.4025823
2025-03-20 15:55:35 - INFO - epoch-349, train_mse_loss-0.0003226, train_kl_loss-0.0081321, train_diff_loss-0.3965917, val_mse_loss-0.0004379, val_kl_loss-0.0083940, val_diff_loss-0.3994715
2025-03-20 15:59:54 - INFO - epoch-350, train_mse_loss-0.0003226, train_kl_loss-0.0082169, train_diff_loss-0.3954879, val_mse_loss-0.0004356, val_kl_loss-0.0076255, val_diff_loss-0.4018815
2025-03-20 16:04:11 - INFO - epoch-351, train_mse_loss-0.0003226, train_kl_loss-0.0081072, train_diff_loss-0.3970583, val_mse_loss-0.0004416, val_kl_loss-0.0082898, val_diff_loss-0.4083829
2025-03-20 16:08:29 - INFO - epoch-352, train_mse_loss-0.0003226, train_kl_loss-0.0081542, train_diff_loss-0.3944264, val_mse_loss-0.0004414, val_kl_loss-0.0080161, val_diff_loss-0.3878557
2025-03-20 16:12:46 - INFO - epoch-353, train_mse_loss-0.0003226, train_kl_loss-0.0082061, train_diff_loss-0.3976481, val_mse_loss-0.0004397, val_kl_loss-0.0081295, val_diff_loss-0.4022232
2025-03-20 16:17:04 - INFO - epoch-354, train_mse_loss-0.0003226, train_kl_loss-0.0082319, train_diff_loss-0.3982613, val_mse_loss-0.0004439, val_kl_loss-0.0080821, val_diff_loss-0.4055650
2025-03-20 16:21:27 - INFO - epoch-355, train_mse_loss-0.0003226, train_kl_loss-0.0082192, train_diff_loss-0.3996487, val_mse_loss-0.0004466, val_kl_loss-0.0080467, val_diff_loss-0.4003566
2025-03-20 16:25:47 - INFO - epoch-356, train_mse_loss-0.0003226, train_kl_loss-0.0084367, train_diff_loss-0.4037309, val_mse_loss-0.0004422, val_kl_loss-0.0083618, val_diff_loss-0.3997321
2025-03-20 16:30:09 - INFO - epoch-357, train_mse_loss-0.0003226, train_kl_loss-0.0081582, train_diff_loss-0.4005803, val_mse_loss-0.0004443, val_kl_loss-0.0081086, val_diff_loss-0.3997601
2025-03-20 16:34:32 - INFO - epoch-358, train_mse_loss-0.0003226, train_kl_loss-0.0080837, train_diff_loss-0.3987347, val_mse_loss-0.0004404, val_kl_loss-0.0082239, val_diff_loss-0.3907564
2025-03-20 16:38:52 - INFO - epoch-359, train_mse_loss-0.0003226, train_kl_loss-0.0080873, train_diff_loss-0.3963827, val_mse_loss-0.0004431, val_kl_loss-0.0074373, val_diff_loss-0.4055557
2025-03-20 16:43:13 - INFO - epoch-360, train_mse_loss-0.0003226, train_kl_loss-0.0078855, train_diff_loss-0.3932444, val_mse_loss-0.0004466, val_kl_loss-0.0079958, val_diff_loss-0.4015670
2025-03-20 16:47:37 - INFO - epoch-361, train_mse_loss-0.0003226, train_kl_loss-0.0082697, train_diff_loss-0.3983529, val_mse_loss-0.0004425, val_kl_loss-0.0084172, val_diff_loss-0.4094073
2025-03-20 16:51:59 - INFO - epoch-362, train_mse_loss-0.0003226, train_kl_loss-0.0082284, train_diff_loss-0.3970864, val_mse_loss-0.0004414, val_kl_loss-0.0081701, val_diff_loss-0.3876256
2025-03-20 16:56:20 - INFO - epoch-363, train_mse_loss-0.0003226, train_kl_loss-0.0082724, train_diff_loss-0.3990330, val_mse_loss-0.0004425, val_kl_loss-0.0081000, val_diff_loss-0.3842318
2025-03-20 17:00:41 - INFO - epoch-364, train_mse_loss-0.0003226, train_kl_loss-0.0081656, train_diff_loss-0.3986871, val_mse_loss-0.0004477, val_kl_loss-0.0079217, val_diff_loss-0.4055383
2025-03-20 17:04:59 - INFO - epoch-365, train_mse_loss-0.0003226, train_kl_loss-0.0080940, train_diff_loss-0.3957913, val_mse_loss-0.0004373, val_kl_loss-0.0078955, val_diff_loss-0.4091071
2025-03-20 17:09:17 - INFO - epoch-366, train_mse_loss-0.0003226, train_kl_loss-0.0081802, train_diff_loss-0.3973059, val_mse_loss-0.0004413, val_kl_loss-0.0078822, val_diff_loss-0.4044775
2025-03-20 17:13:36 - INFO - epoch-367, train_mse_loss-0.0003226, train_kl_loss-0.0082245, train_diff_loss-0.3971607, val_mse_loss-0.0004379, val_kl_loss-0.0080836, val_diff_loss-0.4046798
2025-03-20 17:17:55 - INFO - epoch-368, train_mse_loss-0.0003226, train_kl_loss-0.0081270, train_diff_loss-0.3951920, val_mse_loss-0.0004423, val_kl_loss-0.0080315, val_diff_loss-0.3984443
2025-03-20 17:22:13 - INFO - epoch-369, train_mse_loss-0.0003226, train_kl_loss-0.0082781, train_diff_loss-0.3979691, val_mse_loss-0.0004380, val_kl_loss-0.0082822, val_diff_loss-0.3979984
2025-03-20 17:26:31 - INFO - epoch-370, train_mse_loss-0.0003226, train_kl_loss-0.0081158, train_diff_loss-0.3976149, val_mse_loss-0.0004443, val_kl_loss-0.0084984, val_diff_loss-0.3852755
2025-03-20 17:30:48 - INFO - epoch-371, train_mse_loss-0.0003226, train_kl_loss-0.0082325, train_diff_loss-0.3956069, val_mse_loss-0.0004429, val_kl_loss-0.0082476, val_diff_loss-0.3853133
2025-03-20 17:35:06 - INFO - epoch-372, train_mse_loss-0.0003226, train_kl_loss-0.0084462, train_diff_loss-0.4004776, val_mse_loss-0.0004432, val_kl_loss-0.0082567, val_diff_loss-0.3928386
2025-03-20 17:39:25 - INFO - epoch-373, train_mse_loss-0.0003226, train_kl_loss-0.0081801, train_diff_loss-0.3973562, val_mse_loss-0.0004426, val_kl_loss-0.0078906, val_diff_loss-0.3959557
2025-03-20 17:43:44 - INFO - epoch-374, train_mse_loss-0.0003226, train_kl_loss-0.0080709, train_diff_loss-0.3962831, val_mse_loss-0.0004384, val_kl_loss-0.0083536, val_diff_loss-0.4020334
2025-03-20 17:48:02 - INFO - epoch-375, train_mse_loss-0.0003226, train_kl_loss-0.0082665, train_diff_loss-0.3991369, val_mse_loss-0.0004357, val_kl_loss-0.0080785, val_diff_loss-0.3850409
2025-03-20 17:52:22 - INFO - epoch-376, train_mse_loss-0.0003226, train_kl_loss-0.0082799, train_diff_loss-0.3998621, val_mse_loss-0.0004446, val_kl_loss-0.0079425, val_diff_loss-0.3912998
2025-03-20 17:56:40 - INFO - epoch-377, train_mse_loss-0.0003226, train_kl_loss-0.0082044, train_diff_loss-0.3996179, val_mse_loss-0.0004394, val_kl_loss-0.0083127, val_diff_loss-0.3970795
2025-03-20 18:01:06 - INFO - epoch-378, train_mse_loss-0.0003226, train_kl_loss-0.0082094, train_diff_loss-0.3974027, val_mse_loss-0.0004381, val_kl_loss-0.0081944, val_diff_loss-0.3832529
2025-03-20 18:06:06 - INFO - epoch-379, train_mse_loss-0.0003226, train_kl_loss-0.0080391, train_diff_loss-0.3951441, val_mse_loss-0.0004392, val_kl_loss-0.0082511, val_diff_loss-0.3993818
2025-03-20 18:10:48 - INFO - epoch-380, train_mse_loss-0.0003226, train_kl_loss-0.0079938, train_diff_loss-0.3899764, val_mse_loss-0.0004451, val_kl_loss-0.0076836, val_diff_loss-0.4057897
2025-03-20 18:15:20 - INFO - epoch-381, train_mse_loss-0.0003226, train_kl_loss-0.0083410, train_diff_loss-0.3981862, val_mse_loss-0.0004433, val_kl_loss-0.0081411, val_diff_loss-0.4128688
2025-03-20 18:19:47 - INFO - epoch-382, train_mse_loss-0.0003226, train_kl_loss-0.0082728, train_diff_loss-0.3971173, val_mse_loss-0.0004434, val_kl_loss-0.0082998, val_diff_loss-0.4044103
2025-03-20 18:24:11 - INFO - epoch-383, train_mse_loss-0.0003226, train_kl_loss-0.0080260, train_diff_loss-0.3924572, val_mse_loss-0.0004422, val_kl_loss-0.0079131, val_diff_loss-0.4202604
2025-03-20 18:28:38 - INFO - epoch-384, train_mse_loss-0.0003226, train_kl_loss-0.0079732, train_diff_loss-0.3936738, val_mse_loss-0.0004411, val_kl_loss-0.0084137, val_diff_loss-0.4184155
2025-03-20 18:33:09 - INFO - epoch-385, train_mse_loss-0.0003226, train_kl_loss-0.0080419, train_diff_loss-0.3941072, val_mse_loss-0.0004381, val_kl_loss-0.0080942, val_diff_loss-0.4012548
2025-03-20 18:37:37 - INFO - epoch-386, train_mse_loss-0.0003226, train_kl_loss-0.0082330, train_diff_loss-0.3964872, val_mse_loss-0.0004391, val_kl_loss-0.0087777, val_diff_loss-0.4072299
2025-03-20 18:42:06 - INFO - epoch-387, train_mse_loss-0.0003226, train_kl_loss-0.0082842, train_diff_loss-0.3984527, val_mse_loss-0.0004435, val_kl_loss-0.0083276, val_diff_loss-0.3919375
2025-03-20 18:46:39 - INFO - epoch-388, train_mse_loss-0.0003226, train_kl_loss-0.0082252, train_diff_loss-0.3961633, val_mse_loss-0.0004437, val_kl_loss-0.0079241, val_diff_loss-0.4061374
2025-03-20 18:51:04 - INFO - epoch-389, train_mse_loss-0.0003226, train_kl_loss-0.0081236, train_diff_loss-0.3962608, val_mse_loss-0.0004425, val_kl_loss-0.0086025, val_diff_loss-0.3982963
2025-03-20 18:55:21 - INFO - epoch-390, train_mse_loss-0.0003226, train_kl_loss-0.0082899, train_diff_loss-0.3953177, val_mse_loss-0.0004417, val_kl_loss-0.0083596, val_diff_loss-0.3883053
2025-03-20 18:59:40 - INFO - epoch-391, train_mse_loss-0.0003226, train_kl_loss-0.0084826, train_diff_loss-0.4023167, val_mse_loss-0.0004433, val_kl_loss-0.0083388, val_diff_loss-0.3993549
2025-03-20 19:03:59 - INFO - epoch-392, train_mse_loss-0.0003226, train_kl_loss-0.0082232, train_diff_loss-0.3965916, val_mse_loss-0.0004448, val_kl_loss-0.0082806, val_diff_loss-0.3952420
2025-03-20 19:08:17 - INFO - epoch-393, train_mse_loss-0.0003226, train_kl_loss-0.0083502, train_diff_loss-0.3995243, val_mse_loss-0.0004413, val_kl_loss-0.0082781, val_diff_loss-0.4026135
2025-03-20 19:12:34 - INFO - epoch-394, train_mse_loss-0.0003226, train_kl_loss-0.0081356, train_diff_loss-0.3976289, val_mse_loss-0.0004406, val_kl_loss-0.0081412, val_diff_loss-0.4013120
2025-03-20 19:16:51 - INFO - epoch-395, train_mse_loss-0.0003226, train_kl_loss-0.0079639, train_diff_loss-0.3938662, val_mse_loss-0.0004411, val_kl_loss-0.0080271, val_diff_loss-0.4053940
2025-03-20 19:21:08 - INFO - epoch-396, train_mse_loss-0.0003226, train_kl_loss-0.0080908, train_diff_loss-0.3944342, val_mse_loss-0.0004406, val_kl_loss-0.0080498, val_diff_loss-0.3965358
2025-03-20 19:25:25 - INFO - epoch-397, train_mse_loss-0.0003226, train_kl_loss-0.0082293, train_diff_loss-0.3963545, val_mse_loss-0.0004428, val_kl_loss-0.0082585, val_diff_loss-0.3892169
2025-03-20 19:29:42 - INFO - epoch-398, train_mse_loss-0.0003226, train_kl_loss-0.0081398, train_diff_loss-0.3914654, val_mse_loss-0.0004412, val_kl_loss-0.0079001, val_diff_loss-0.4043377
2025-03-20 19:33:59 - INFO - epoch-399, train_mse_loss-0.0003226, train_kl_loss-0.0085685, train_diff_loss-0.4052340, val_mse_loss-0.0004379, val_kl_loss-0.0086245, val_diff_loss-0.3926832
2025-03-20 19:38:16 - INFO - epoch-400, train_mse_loss-0.0003226, train_kl_loss-0.0083904, train_diff_loss-0.4007630, val_mse_loss-0.0004405, val_kl_loss-0.0081340, val_diff_loss-0.3932792
2025-03-20 19:42:33 - INFO - epoch-401, train_mse_loss-0.0003226, train_kl_loss-0.0083175, train_diff_loss-0.4003173, val_mse_loss-0.0004380, val_kl_loss-0.0081761, val_diff_loss-0.3897702
2025-03-20 19:46:51 - INFO - epoch-402, train_mse_loss-0.0003226, train_kl_loss-0.0078985, train_diff_loss-0.3938996, val_mse_loss-0.0004441, val_kl_loss-0.0079795, val_diff_loss-0.3950117
2025-03-20 19:51:07 - INFO - epoch-403, train_mse_loss-0.0003226, train_kl_loss-0.0081916, train_diff_loss-0.3999513, val_mse_loss-0.0004465, val_kl_loss-0.0083809, val_diff_loss-0.3879048
2025-03-20 19:55:24 - INFO - epoch-404, train_mse_loss-0.0003226, train_kl_loss-0.0081031, train_diff_loss-0.3937266, val_mse_loss-0.0004389, val_kl_loss-0.0079602, val_diff_loss-0.3999191
2025-03-20 19:59:41 - INFO - epoch-405, train_mse_loss-0.0003226, train_kl_loss-0.0081988, train_diff_loss-0.3960465, val_mse_loss-0.0004417, val_kl_loss-0.0080398, val_diff_loss-0.3954782
2025-03-20 20:03:58 - INFO - epoch-406, train_mse_loss-0.0003226, train_kl_loss-0.0082367, train_diff_loss-0.4004537, val_mse_loss-0.0004443, val_kl_loss-0.0086891, val_diff_loss-0.3866888
2025-03-20 20:08:15 - INFO - epoch-407, train_mse_loss-0.0003226, train_kl_loss-0.0082887, train_diff_loss-0.3963211, val_mse_loss-0.0004417, val_kl_loss-0.0081937, val_diff_loss-0.4002068
2025-03-20 20:12:32 - INFO - epoch-408, train_mse_loss-0.0003226, train_kl_loss-0.0082556, train_diff_loss-0.3984137, val_mse_loss-0.0004444, val_kl_loss-0.0079723, val_diff_loss-0.3899792
2025-03-20 20:16:49 - INFO - epoch-409, train_mse_loss-0.0003226, train_kl_loss-0.0082097, train_diff_loss-0.3979495, val_mse_loss-0.0004379, val_kl_loss-0.0081798, val_diff_loss-0.4015108
2025-03-20 20:21:06 - INFO - epoch-410, train_mse_loss-0.0003226, train_kl_loss-0.0081095, train_diff_loss-0.3964810, val_mse_loss-0.0004392, val_kl_loss-0.0079419, val_diff_loss-0.4041069
2025-03-20 20:25:23 - INFO - epoch-411, train_mse_loss-0.0003226, train_kl_loss-0.0082069, train_diff_loss-0.3964496, val_mse_loss-0.0004389, val_kl_loss-0.0082663, val_diff_loss-0.3906660
2025-03-20 20:29:40 - INFO - epoch-412, train_mse_loss-0.0003226, train_kl_loss-0.0079750, train_diff_loss-0.3904557, val_mse_loss-0.0004415, val_kl_loss-0.0081176, val_diff_loss-0.3985092
2025-03-20 20:33:56 - INFO - epoch-413, train_mse_loss-0.0003226, train_kl_loss-0.0083430, train_diff_loss-0.3992007, val_mse_loss-0.0004416, val_kl_loss-0.0077181, val_diff_loss-0.3966891
2025-03-20 20:38:14 - INFO - epoch-414, train_mse_loss-0.0003226, train_kl_loss-0.0080660, train_diff_loss-0.3954713, val_mse_loss-0.0004452, val_kl_loss-0.0082501, val_diff_loss-0.3839658
2025-03-20 20:42:31 - INFO - epoch-415, train_mse_loss-0.0003226, train_kl_loss-0.0081564, train_diff_loss-0.3934044, val_mse_loss-0.0004439, val_kl_loss-0.0078348, val_diff_loss-0.3966020
2025-03-20 20:46:48 - INFO - epoch-416, train_mse_loss-0.0003226, train_kl_loss-0.0082681, train_diff_loss-0.3975805, val_mse_loss-0.0004442, val_kl_loss-0.0080770, val_diff_loss-0.3936104
2025-03-20 20:51:05 - INFO - epoch-417, train_mse_loss-0.0003226, train_kl_loss-0.0080674, train_diff_loss-0.3915643, val_mse_loss-0.0004403, val_kl_loss-0.0082693, val_diff_loss-0.3932801
2025-03-20 20:55:21 - INFO - epoch-418, train_mse_loss-0.0003226, train_kl_loss-0.0081209, train_diff_loss-0.3942442, val_mse_loss-0.0004449, val_kl_loss-0.0083017, val_diff_loss-0.3981881
2025-03-20 20:59:38 - INFO - epoch-419, train_mse_loss-0.0003226, train_kl_loss-0.0084311, train_diff_loss-0.4006116, val_mse_loss-0.0004426, val_kl_loss-0.0084523, val_diff_loss-0.4029377
2025-03-20 21:03:55 - INFO - epoch-420, train_mse_loss-0.0003226, train_kl_loss-0.0081842, train_diff_loss-0.3941687, val_mse_loss-0.0004379, val_kl_loss-0.0079231, val_diff_loss-0.3916735
2025-03-20 21:08:11 - INFO - epoch-421, train_mse_loss-0.0003226, train_kl_loss-0.0080016, train_diff_loss-0.3922807, val_mse_loss-0.0004395, val_kl_loss-0.0077430, val_diff_loss-0.3878504
2025-03-20 21:12:28 - INFO - epoch-422, train_mse_loss-0.0003226, train_kl_loss-0.0081727, train_diff_loss-0.3920901, val_mse_loss-0.0004468, val_kl_loss-0.0079486, val_diff_loss-0.3989418
2025-03-20 21:16:45 - INFO - epoch-423, train_mse_loss-0.0003226, train_kl_loss-0.0082893, train_diff_loss-0.4000355, val_mse_loss-0.0004404, val_kl_loss-0.0083622, val_diff_loss-0.3907477
2025-03-20 21:21:01 - INFO - epoch-424, train_mse_loss-0.0003226, train_kl_loss-0.0083679, train_diff_loss-0.4009090, val_mse_loss-0.0004513, val_kl_loss-0.0084743, val_diff_loss-0.3875203
2025-03-20 21:25:18 - INFO - epoch-425, train_mse_loss-0.0003226, train_kl_loss-0.0083874, train_diff_loss-0.4011217, val_mse_loss-0.0004450, val_kl_loss-0.0082827, val_diff_loss-0.3873944
2025-03-20 21:29:34 - INFO - epoch-426, train_mse_loss-0.0003226, train_kl_loss-0.0083822, train_diff_loss-0.4028005, val_mse_loss-0.0004406, val_kl_loss-0.0083493, val_diff_loss-0.3912315
2025-03-20 21:33:51 - INFO - epoch-427, train_mse_loss-0.0003226, train_kl_loss-0.0082027, train_diff_loss-0.3972977, val_mse_loss-0.0004422, val_kl_loss-0.0079903, val_diff_loss-0.4021334
2025-03-20 21:38:07 - INFO - epoch-428, train_mse_loss-0.0003226, train_kl_loss-0.0081484, train_diff_loss-0.3988854, val_mse_loss-0.0004400, val_kl_loss-0.0080950, val_diff_loss-0.3968860
2025-03-20 21:42:23 - INFO - epoch-429, train_mse_loss-0.0003226, train_kl_loss-0.0081900, train_diff_loss-0.3982673, val_mse_loss-0.0004401, val_kl_loss-0.0081346, val_diff_loss-0.3970129
2025-03-20 21:46:40 - INFO - epoch-430, train_mse_loss-0.0003226, train_kl_loss-0.0083704, train_diff_loss-0.4036938, val_mse_loss-0.0004403, val_kl_loss-0.0077661, val_diff_loss-0.3998727
2025-03-20 21:50:56 - INFO - epoch-431, train_mse_loss-0.0003226, train_kl_loss-0.0080717, train_diff_loss-0.3963692, val_mse_loss-0.0004404, val_kl_loss-0.0078782, val_diff_loss-0.4017070
2025-03-20 21:55:13 - INFO - epoch-432, train_mse_loss-0.0003226, train_kl_loss-0.0082854, train_diff_loss-0.4023710, val_mse_loss-0.0004419, val_kl_loss-0.0081133, val_diff_loss-0.3991156
2025-03-20 21:59:30 - INFO - epoch-433, train_mse_loss-0.0003226, train_kl_loss-0.0080833, train_diff_loss-0.3969044, val_mse_loss-0.0004425, val_kl_loss-0.0081465, val_diff_loss-0.4038512
2025-03-20 22:03:46 - INFO - epoch-434, train_mse_loss-0.0003226, train_kl_loss-0.0082260, train_diff_loss-0.3978289, val_mse_loss-0.0004424, val_kl_loss-0.0082583, val_diff_loss-0.4171708
2025-03-20 22:08:03 - INFO - epoch-435, train_mse_loss-0.0003226, train_kl_loss-0.0082091, train_diff_loss-0.3960310, val_mse_loss-0.0004454, val_kl_loss-0.0077616, val_diff_loss-0.3933421
2025-03-20 22:12:20 - INFO - epoch-436, train_mse_loss-0.0003226, train_kl_loss-0.0080715, train_diff_loss-0.3946386, val_mse_loss-0.0004387, val_kl_loss-0.0079490, val_diff_loss-0.3986432
2025-03-20 22:16:37 - INFO - epoch-437, train_mse_loss-0.0003226, train_kl_loss-0.0081225, train_diff_loss-0.3952738, val_mse_loss-0.0004403, val_kl_loss-0.0080565, val_diff_loss-0.3979823
2025-03-20 22:20:54 - INFO - epoch-438, train_mse_loss-0.0003226, train_kl_loss-0.0083996, train_diff_loss-0.4005316, val_mse_loss-0.0004408, val_kl_loss-0.0085116, val_diff_loss-0.4091801
2025-03-20 22:25:11 - INFO - epoch-439, train_mse_loss-0.0003226, train_kl_loss-0.0084721, train_diff_loss-0.4023988, val_mse_loss-0.0004387, val_kl_loss-0.0084781, val_diff_loss-0.4099896
2025-03-20 22:29:28 - INFO - epoch-440, train_mse_loss-0.0003226, train_kl_loss-0.0081584, train_diff_loss-0.3962373, val_mse_loss-0.0004394, val_kl_loss-0.0078589, val_diff_loss-0.3947249
2025-03-20 22:33:45 - INFO - epoch-441, train_mse_loss-0.0003226, train_kl_loss-0.0079628, train_diff_loss-0.3919688, val_mse_loss-0.0004411, val_kl_loss-0.0080330, val_diff_loss-0.4037311
2025-03-20 22:38:02 - INFO - epoch-442, train_mse_loss-0.0003226, train_kl_loss-0.0081048, train_diff_loss-0.3927566, val_mse_loss-0.0004418, val_kl_loss-0.0084909, val_diff_loss-0.3918779
2025-03-20 22:42:20 - INFO - epoch-443, train_mse_loss-0.0003226, train_kl_loss-0.0082782, train_diff_loss-0.3966616, val_mse_loss-0.0004445, val_kl_loss-0.0077892, val_diff_loss-0.3972750
2025-03-20 22:46:37 - INFO - epoch-444, train_mse_loss-0.0003226, train_kl_loss-0.0081066, train_diff_loss-0.3928904, val_mse_loss-0.0004449, val_kl_loss-0.0079000, val_diff_loss-0.3871885
2025-03-20 22:50:54 - INFO - epoch-445, train_mse_loss-0.0003226, train_kl_loss-0.0080364, train_diff_loss-0.3933819, val_mse_loss-0.0004425, val_kl_loss-0.0082385, val_diff_loss-0.3884372
2025-03-20 22:55:10 - INFO - epoch-446, train_mse_loss-0.0003226, train_kl_loss-0.0082206, train_diff_loss-0.3947299, val_mse_loss-0.0004392, val_kl_loss-0.0083115, val_diff_loss-0.3886204
2025-03-20 22:59:26 - INFO - epoch-447, train_mse_loss-0.0003226, train_kl_loss-0.0080739, train_diff_loss-0.3905753, val_mse_loss-0.0004428, val_kl_loss-0.0068802, val_diff_loss-0.4091424
2025-03-20 23:03:44 - INFO - epoch-448, train_mse_loss-0.0003226, train_kl_loss-0.0082182, train_diff_loss-0.3973302, val_mse_loss-0.0004443, val_kl_loss-0.0080692, val_diff_loss-0.4103763
2025-03-20 23:08:01 - INFO - epoch-449, train_mse_loss-0.0003226, train_kl_loss-0.0081853, train_diff_loss-0.3954815, val_mse_loss-0.0004456, val_kl_loss-0.0083274, val_diff_loss-0.4136390
2025-03-20 23:12:20 - INFO - epoch-450, train_mse_loss-0.0003226, train_kl_loss-0.0082408, train_diff_loss-0.3944301, val_mse_loss-0.0004422, val_kl_loss-0.0083958, val_diff_loss-0.3885904
2025-03-20 23:16:37 - INFO - epoch-451, train_mse_loss-0.0003226, train_kl_loss-0.0082878, train_diff_loss-0.3972207, val_mse_loss-0.0004394, val_kl_loss-0.0087874, val_diff_loss-0.3889406
2025-03-20 23:20:54 - INFO - epoch-452, train_mse_loss-0.0003226, train_kl_loss-0.0081486, train_diff_loss-0.3930895, val_mse_loss-0.0004443, val_kl_loss-0.0083594, val_diff_loss-0.4088951
2025-03-20 23:25:11 - INFO - epoch-453, train_mse_loss-0.0003226, train_kl_loss-0.0082239, train_diff_loss-0.3957717, val_mse_loss-0.0004381, val_kl_loss-0.0083481, val_diff_loss-0.4110698
2025-03-20 23:29:28 - INFO - epoch-454, train_mse_loss-0.0003226, train_kl_loss-0.0083650, train_diff_loss-0.4010156, val_mse_loss-0.0004460, val_kl_loss-0.0086214, val_diff_loss-0.4015948
2025-03-20 23:33:47 - INFO - epoch-455, train_mse_loss-0.0003226, train_kl_loss-0.0081344, train_diff_loss-0.3955396, val_mse_loss-0.0004445, val_kl_loss-0.0079438, val_diff_loss-0.4066895
2025-03-20 23:38:06 - INFO - epoch-456, train_mse_loss-0.0003226, train_kl_loss-0.0082809, train_diff_loss-0.4007623, val_mse_loss-0.0004405, val_kl_loss-0.0079077, val_diff_loss-0.4036587
2025-03-20 23:42:23 - INFO - epoch-457, train_mse_loss-0.0003226, train_kl_loss-0.0082178, train_diff_loss-0.3965194, val_mse_loss-0.0004453, val_kl_loss-0.0083851, val_diff_loss-0.4005588
2025-03-20 23:46:42 - INFO - epoch-458, train_mse_loss-0.0003226, train_kl_loss-0.0083458, train_diff_loss-0.3982316, val_mse_loss-0.0004445, val_kl_loss-0.0082916, val_diff_loss-0.3852739
2025-03-20 23:51:00 - INFO - epoch-459, train_mse_loss-0.0003226, train_kl_loss-0.0078524, train_diff_loss-0.3907904, val_mse_loss-0.0004411, val_kl_loss-0.0080557, val_diff_loss-0.3905247
2025-03-20 23:55:18 - INFO - epoch-460, train_mse_loss-0.0003226, train_kl_loss-0.0081667, train_diff_loss-0.3948028, val_mse_loss-0.0004452, val_kl_loss-0.0079382, val_diff_loss-0.3931402
2025-03-20 23:59:36 - INFO - epoch-461, train_mse_loss-0.0003226, train_kl_loss-0.0081876, train_diff_loss-0.3954462, val_mse_loss-0.0004422, val_kl_loss-0.0082059, val_diff_loss-0.4158481
2025-03-21 00:03:55 - INFO - epoch-462, train_mse_loss-0.0003226, train_kl_loss-0.0080443, train_diff_loss-0.3929023, val_mse_loss-0.0004422, val_kl_loss-0.0079201, val_diff_loss-0.3844369
2025-03-21 00:08:13 - INFO - epoch-463, train_mse_loss-0.0003226, train_kl_loss-0.0082929, train_diff_loss-0.3963980, val_mse_loss-0.0004402, val_kl_loss-0.0081739, val_diff_loss-0.3892111
2025-03-21 00:12:31 - INFO - epoch-464, train_mse_loss-0.0003226, train_kl_loss-0.0081925, train_diff_loss-0.3947622, val_mse_loss-0.0004395, val_kl_loss-0.0079986, val_diff_loss-0.4077519
2025-03-21 00:16:53 - INFO - epoch-465, train_mse_loss-0.0003226, train_kl_loss-0.0081468, train_diff_loss-0.3967415, val_mse_loss-0.0004458, val_kl_loss-0.0085553, val_diff_loss-0.3886434
2025-03-21 00:21:12 - INFO - epoch-466, train_mse_loss-0.0003226, train_kl_loss-0.0081152, train_diff_loss-0.3924313, val_mse_loss-0.0004445, val_kl_loss-0.0084503, val_diff_loss-0.3998111
2025-03-21 00:25:34 - INFO - epoch-467, train_mse_loss-0.0003226, train_kl_loss-0.0084114, train_diff_loss-0.3997189, val_mse_loss-0.0004415, val_kl_loss-0.0080643, val_diff_loss-0.4093099
2025-03-21 00:29:53 - INFO - epoch-468, train_mse_loss-0.0003226, train_kl_loss-0.0083322, train_diff_loss-0.4004179, val_mse_loss-0.0004401, val_kl_loss-0.0088484, val_diff_loss-0.4087729
2025-03-21 00:34:13 - INFO - epoch-469, train_mse_loss-0.0003226, train_kl_loss-0.0082294, train_diff_loss-0.3968721, val_mse_loss-0.0004392, val_kl_loss-0.0081416, val_diff_loss-0.3899640
2025-03-21 00:38:33 - INFO - epoch-470, train_mse_loss-0.0003226, train_kl_loss-0.0082617, train_diff_loss-0.3992167, val_mse_loss-0.0004429, val_kl_loss-0.0085301, val_diff_loss-0.3970184
2025-03-21 00:42:53 - INFO - epoch-471, train_mse_loss-0.0003226, train_kl_loss-0.0080583, train_diff_loss-0.3898061, val_mse_loss-0.0004404, val_kl_loss-0.0080125, val_diff_loss-0.3867695
2025-03-21 00:47:12 - INFO - epoch-472, train_mse_loss-0.0003226, train_kl_loss-0.0080235, train_diff_loss-0.3910837, val_mse_loss-0.0004442, val_kl_loss-0.0085520, val_diff_loss-0.4044171
2025-03-21 00:51:31 - INFO - epoch-473, train_mse_loss-0.0003226, train_kl_loss-0.0081155, train_diff_loss-0.3873472, val_mse_loss-0.0004411, val_kl_loss-0.0080378, val_diff_loss-0.4090295
2025-03-21 00:55:50 - INFO - epoch-474, train_mse_loss-0.0003226, train_kl_loss-0.0085704, train_diff_loss-0.4015649, val_mse_loss-0.0004397, val_kl_loss-0.0083169, val_diff_loss-0.3898626
2025-03-21 01:00:08 - INFO - epoch-475, train_mse_loss-0.0003226, train_kl_loss-0.0082527, train_diff_loss-0.3952019, val_mse_loss-0.0004425, val_kl_loss-0.0082713, val_diff_loss-0.3999241
2025-03-21 01:04:26 - INFO - epoch-476, train_mse_loss-0.0003226, train_kl_loss-0.0079848, train_diff_loss-0.3909243, val_mse_loss-0.0004430, val_kl_loss-0.0076263, val_diff_loss-0.4103697
2025-03-21 01:08:44 - INFO - epoch-477, train_mse_loss-0.0003226, train_kl_loss-0.0081244, train_diff_loss-0.3928745, val_mse_loss-0.0004442, val_kl_loss-0.0080791, val_diff_loss-0.3940326
2025-03-21 01:13:02 - INFO - epoch-478, train_mse_loss-0.0003226, train_kl_loss-0.0083170, train_diff_loss-0.3978560, val_mse_loss-0.0004418, val_kl_loss-0.0083626, val_diff_loss-0.3875650
2025-03-21 01:17:22 - INFO - epoch-479, train_mse_loss-0.0003226, train_kl_loss-0.0083525, train_diff_loss-0.3973747, val_mse_loss-0.0004392, val_kl_loss-0.0083382, val_diff_loss-0.4014925
2025-03-21 01:21:42 - INFO - epoch-480, train_mse_loss-0.0003226, train_kl_loss-0.0080926, train_diff_loss-0.3927011, val_mse_loss-0.0004317, val_kl_loss-0.0081411, val_diff_loss-0.3896990
2025-03-21 01:26:02 - INFO - epoch-481, train_mse_loss-0.0003226, train_kl_loss-0.0081480, train_diff_loss-0.3956812, val_mse_loss-0.0004404, val_kl_loss-0.0080907, val_diff_loss-0.4053523
2025-03-21 01:30:22 - INFO - epoch-482, train_mse_loss-0.0003226, train_kl_loss-0.0082962, train_diff_loss-0.3991790, val_mse_loss-0.0004360, val_kl_loss-0.0083184, val_diff_loss-0.4026416
2025-03-21 01:34:43 - INFO - epoch-483, train_mse_loss-0.0003226, train_kl_loss-0.0081230, train_diff_loss-0.3950039, val_mse_loss-0.0004396, val_kl_loss-0.0076423, val_diff_loss-0.3871643
2025-03-21 01:39:03 - INFO - epoch-484, train_mse_loss-0.0003226, train_kl_loss-0.0079341, train_diff_loss-0.3906204, val_mse_loss-0.0004393, val_kl_loss-0.0079890, val_diff_loss-0.3950155
2025-03-21 01:43:21 - INFO - epoch-485, train_mse_loss-0.0003226, train_kl_loss-0.0081751, train_diff_loss-0.3954736, val_mse_loss-0.0004391, val_kl_loss-0.0081862, val_diff_loss-0.3981749
2025-03-21 01:47:39 - INFO - epoch-486, train_mse_loss-0.0003226, train_kl_loss-0.0082381, train_diff_loss-0.3974983, val_mse_loss-0.0004439, val_kl_loss-0.0084843, val_diff_loss-0.4048604
2025-03-21 01:51:58 - INFO - epoch-487, train_mse_loss-0.0003226, train_kl_loss-0.0081585, train_diff_loss-0.3954378, val_mse_loss-0.0004425, val_kl_loss-0.0077552, val_diff_loss-0.4069813
2025-03-21 01:56:15 - INFO - epoch-488, train_mse_loss-0.0003226, train_kl_loss-0.0080998, train_diff_loss-0.3954259, val_mse_loss-0.0004433, val_kl_loss-0.0081366, val_diff_loss-0.3896761
2025-03-21 02:00:32 - INFO - epoch-489, train_mse_loss-0.0003226, train_kl_loss-0.0083263, train_diff_loss-0.3950780, val_mse_loss-0.0004400, val_kl_loss-0.0083502, val_diff_loss-0.3969312
2025-03-21 02:04:52 - INFO - epoch-490, train_mse_loss-0.0003226, train_kl_loss-0.0084617, train_diff_loss-0.4032238, val_mse_loss-0.0004439, val_kl_loss-0.0089114, val_diff_loss-0.4036501
2025-03-21 02:09:09 - INFO - epoch-491, train_mse_loss-0.0003226, train_kl_loss-0.0082024, train_diff_loss-0.3946054, val_mse_loss-0.0004460, val_kl_loss-0.0082039, val_diff_loss-0.3882631
2025-03-21 02:13:27 - INFO - epoch-492, train_mse_loss-0.0003226, train_kl_loss-0.0080460, train_diff_loss-0.3940520, val_mse_loss-0.0004408, val_kl_loss-0.0080840, val_diff_loss-0.3806752
2025-03-21 02:17:46 - INFO - epoch-493, train_mse_loss-0.0003226, train_kl_loss-0.0083330, train_diff_loss-0.3990660, val_mse_loss-0.0004415, val_kl_loss-0.0081070, val_diff_loss-0.3891636
2025-03-21 02:22:04 - INFO - epoch-494, train_mse_loss-0.0003226, train_kl_loss-0.0081695, train_diff_loss-0.3961304, val_mse_loss-0.0004400, val_kl_loss-0.0082969, val_diff_loss-0.3920848
2025-03-21 02:26:22 - INFO - epoch-495, train_mse_loss-0.0003226, train_kl_loss-0.0079171, train_diff_loss-0.3897914, val_mse_loss-0.0004434, val_kl_loss-0.0078639, val_diff_loss-0.3896267
2025-03-21 02:30:41 - INFO - epoch-496, train_mse_loss-0.0003226, train_kl_loss-0.0081970, train_diff_loss-0.3980168, val_mse_loss-0.0004406, val_kl_loss-0.0082677, val_diff_loss-0.3877797
2025-03-21 02:34:58 - INFO - epoch-497, train_mse_loss-0.0003226, train_kl_loss-0.0081924, train_diff_loss-0.3939627, val_mse_loss-0.0004414, val_kl_loss-0.0079932, val_diff_loss-0.4046613
2025-03-21 02:39:15 - INFO - epoch-498, train_mse_loss-0.0003226, train_kl_loss-0.0081201, train_diff_loss-0.3943671, val_mse_loss-0.0004411, val_kl_loss-0.0078450, val_diff_loss-0.3949214
2025-03-21 02:43:32 - INFO - epoch-499, train_mse_loss-0.0003226, train_kl_loss-0.0081240, train_diff_loss-0.3948108, val_mse_loss-0.0004440, val_kl_loss-0.0085893, val_diff_loss-0.3970248
=======
>>>>>>> 276e8a8d297e2d3032d43656c072e4505f40cf1d
