2024-12-21 15:47:23 - INFO - /mnt/cephfs/projects/2023110101_Ligand_fitting_to_EM_maps/My_Code/CryoLigate_Github/CryoLigate/GIGN/GIGN_EM/For_Elisei_Nov_2024/CryoLigate_GIGN_Unet/train_example.py
2024-12-21 15:47:23 - INFO - train data: 6810
2024-12-21 15:47:23 - INFO - valid data: 756
2024-12-21 15:47:40 - INFO - Initial_train_loss-0.0061754  Initial_val_loss-0.0061685
2024-12-21 15:48:19 - INFO - epoch-0, train_loss-0.0218947, val_loss-0.0059808
2024-12-21 15:48:57 - INFO - epoch-1, train_loss-0.0008585, val_loss-0.0069491
2024-12-21 15:49:35 - INFO - epoch-2, train_loss-0.0007632, val_loss-0.0099385
2024-12-21 15:50:13 - INFO - epoch-3, train_loss-0.0007219, val_loss-0.0162172
2024-12-21 15:50:52 - INFO - epoch-4, train_loss-0.0007033, val_loss-0.0479741
2024-12-21 15:51:30 - INFO - epoch-5, train_loss-0.0006916, val_loss-0.0743187
2024-12-21 15:52:08 - INFO - epoch-6, train_loss-0.0006828, val_loss-0.1110483
2024-12-21 15:52:46 - INFO - epoch-7, train_loss-0.0006861, val_loss-0.1107179
2024-12-21 15:53:24 - INFO - epoch-8, train_loss-0.0006838, val_loss-0.1759026
2024-12-21 15:54:02 - INFO - epoch-9, train_loss-0.0006821, val_loss-0.1766602
2024-12-21 15:54:40 - INFO - epoch-10, train_loss-0.0006747, val_loss-0.2815605
2024-12-21 15:55:19 - INFO - epoch-11, train_loss-0.0006810, val_loss-0.0854078
2024-12-21 15:55:57 - INFO - epoch-12, train_loss-0.0006726, val_loss-0.1246896
2024-12-21 15:56:35 - INFO - epoch-13, train_loss-0.0006698, val_loss-0.2003110
2024-12-21 15:57:13 - INFO - epoch-14, train_loss-0.0006684, val_loss-0.2548269
2024-12-21 15:57:51 - INFO - epoch-15, train_loss-0.0006711, val_loss-0.0206184
2024-12-21 15:58:30 - INFO - epoch-16, train_loss-0.0006700, val_loss-0.0661982
2024-12-21 15:59:08 - INFO - epoch-17, train_loss-0.0006679, val_loss-0.1410256
2024-12-21 15:59:46 - INFO - epoch-18, train_loss-0.0006659, val_loss-0.3970918
2024-12-21 16:00:24 - INFO - epoch-19, train_loss-0.0006664, val_loss-0.0501534
2024-12-21 16:01:02 - INFO - epoch-20, train_loss-0.0006644, val_loss-0.0819960
2024-12-21 16:01:40 - INFO - epoch-21, train_loss-0.0006664, val_loss-0.1795062
2024-12-21 16:02:18 - INFO - epoch-22, train_loss-0.0006663, val_loss-0.1058716
2024-12-21 16:02:56 - INFO - epoch-23, train_loss-0.0006644, val_loss-0.1081473
2024-12-21 16:03:34 - INFO - epoch-24, train_loss-0.0006635, val_loss-0.1503189
2024-12-21 16:04:12 - INFO - epoch-25, train_loss-0.0006635, val_loss-0.3818205
2024-12-21 16:04:50 - INFO - epoch-26, train_loss-0.0006656, val_loss-0.0236250
2024-12-21 16:05:30 - INFO - epoch-27, train_loss-0.0006628, val_loss-0.0481046
2024-12-21 16:06:08 - INFO - epoch-28, train_loss-0.0006622, val_loss-0.0470822
2024-12-21 16:06:46 - INFO - epoch-29, train_loss-0.0006603, val_loss-0.0493141
2024-12-21 16:07:24 - INFO - epoch-30, train_loss-0.0006602, val_loss-0.0601322
2024-12-21 16:08:02 - INFO - epoch-31, train_loss-0.0006588, val_loss-0.0728893
2024-12-21 16:08:40 - INFO - epoch-32, train_loss-0.0006598, val_loss-0.2752180
2024-12-21 16:09:18 - INFO - epoch-33, train_loss-0.0006600, val_loss-0.3606465
2024-12-21 16:09:56 - INFO - epoch-34, train_loss-0.0006581, val_loss-0.1282504
2024-12-21 16:10:34 - INFO - epoch-35, train_loss-0.0006574, val_loss-0.2927059
2024-12-21 16:11:12 - INFO - epoch-36, train_loss-0.0006586, val_loss-0.0037662
2024-12-21 16:11:50 - INFO - epoch-37, train_loss-0.0006583, val_loss-0.0841642
2024-12-21 16:12:28 - INFO - epoch-38, train_loss-0.0006690, val_loss-0.0045574
2024-12-21 16:13:06 - INFO - epoch-39, train_loss-0.0006570, val_loss-0.0703641
2024-12-21 16:13:46 - INFO - epoch-40, train_loss-0.0006568, val_loss-0.0034647
2024-12-21 16:14:24 - INFO - epoch-41, train_loss-0.0006690, val_loss-0.0078227
2024-12-21 16:15:02 - INFO - epoch-42, train_loss-0.0006605, val_loss-0.0057563
2024-12-21 16:15:40 - INFO - epoch-43, train_loss-0.0006585, val_loss-0.0064556
2024-12-21 16:16:18 - INFO - epoch-44, train_loss-0.0006565, val_loss-0.0048697
2024-12-21 16:16:56 - INFO - epoch-45, train_loss-0.0006559, val_loss-0.0038918
2024-12-21 16:17:35 - INFO - epoch-46, train_loss-0.0006553, val_loss-0.0064517
2024-12-21 16:18:14 - INFO - epoch-47, train_loss-0.0006569, val_loss-0.0064572
2024-12-21 16:18:52 - INFO - epoch-48, train_loss-0.0006549, val_loss-0.0039825
2024-12-21 16:19:30 - INFO - epoch-49, train_loss-0.0006548, val_loss-0.0050597
2024-12-21 16:20:08 - INFO - epoch-50, train_loss-0.0006560, val_loss-0.0075354
2024-12-21 16:20:46 - INFO - epoch-51, train_loss-0.0006545, val_loss-0.0089388
2024-12-21 16:21:24 - INFO - epoch-52, train_loss-0.0006538, val_loss-0.0065941
2024-12-21 16:22:03 - INFO - epoch-53, train_loss-0.0006533, val_loss-0.0058233
2024-12-21 16:22:41 - INFO - epoch-54, train_loss-0.0006537, val_loss-0.0203465
2024-12-21 16:23:19 - INFO - epoch-55, train_loss-0.0006542, val_loss-0.0174865
2024-12-21 16:23:57 - INFO - epoch-56, train_loss-0.0006527, val_loss-0.0086793
2024-12-21 16:24:35 - INFO - epoch-57, train_loss-0.0006528, val_loss-0.0116459
2024-12-21 16:25:13 - INFO - epoch-58, train_loss-0.0006518, val_loss-0.0085863
2024-12-21 16:25:51 - INFO - epoch-59, train_loss-0.0006514, val_loss-0.0089137
2024-12-21 16:26:29 - INFO - epoch-60, train_loss-0.0006523, val_loss-0.0095447
2024-12-21 16:27:08 - INFO - epoch-61, train_loss-0.0006517, val_loss-0.0105974
2024-12-21 16:27:46 - INFO - epoch-62, train_loss-0.0006512, val_loss-0.0085849
2024-12-21 16:28:24 - INFO - epoch-63, train_loss-0.0006508, val_loss-0.0059949
2024-12-21 16:29:02 - INFO - epoch-64, train_loss-0.0006512, val_loss-0.0047400
2024-12-21 16:30:12 - INFO - epoch-65, train_loss-0.0006508, val_loss-0.0043019
2024-12-21 16:32:49 - INFO - epoch-66, train_loss-0.0006512, val_loss-0.0045894
2024-12-21 16:33:27 - INFO - epoch-67, train_loss-0.0006512, val_loss-0.0041400
2024-12-21 16:34:05 - INFO - epoch-68, train_loss-0.0006507, val_loss-0.0031322
2024-12-21 16:34:43 - INFO - epoch-69, train_loss-0.0006493, val_loss-0.0037285
2024-12-21 16:35:21 - INFO - epoch-70, train_loss-0.0006503, val_loss-0.0031808
2024-12-21 16:35:59 - INFO - epoch-71, train_loss-0.0006508, val_loss-0.0027202
2024-12-21 16:36:37 - INFO - epoch-72, train_loss-0.0006491, val_loss-0.0020083
2024-12-21 16:37:15 - INFO - epoch-73, train_loss-0.0006491, val_loss-0.0016478
2024-12-21 16:37:53 - INFO - epoch-74, train_loss-0.0006494, val_loss-0.0017047
2024-12-21 16:38:31 - INFO - epoch-75, train_loss-0.0006481, val_loss-0.0015960
2024-12-21 16:39:09 - INFO - epoch-76, train_loss-0.0006477, val_loss-0.0012325
2024-12-21 16:39:47 - INFO - epoch-77, train_loss-0.0006476, val_loss-0.0010431
2024-12-21 16:40:25 - INFO - epoch-78, train_loss-0.0006475, val_loss-0.0013996
2024-12-21 16:41:03 - INFO - epoch-79, train_loss-0.0006474, val_loss-0.0453179
2024-12-21 16:41:41 - INFO - epoch-80, train_loss-0.0006482, val_loss-0.0008548
2024-12-21 16:42:19 - INFO - epoch-81, train_loss-0.0006467, val_loss-0.0007769
2024-12-21 16:42:57 - INFO - epoch-82, train_loss-0.0006459, val_loss-0.0007510
2024-12-21 16:43:35 - INFO - epoch-83, train_loss-0.0006452, val_loss-0.0007161
2024-12-21 16:44:13 - INFO - epoch-84, train_loss-0.0006456, val_loss-0.0006655
2024-12-21 16:44:51 - INFO - epoch-85, train_loss-0.0006451, val_loss-0.0006677
2024-12-21 16:45:29 - INFO - epoch-86, train_loss-0.0006452, val_loss-0.0006701
2024-12-21 16:46:07 - INFO - epoch-87, train_loss-0.0006464, val_loss-0.0006709
2024-12-21 16:46:45 - INFO - epoch-88, train_loss-0.0006444, val_loss-0.0006748
2024-12-21 16:47:24 - INFO - epoch-89, train_loss-0.0006441, val_loss-0.0006787
2024-12-21 16:48:02 - INFO - epoch-90, train_loss-0.0006444, val_loss-0.0007130
2024-12-21 16:48:40 - INFO - epoch-91, train_loss-0.0006424, val_loss-0.0007072
2024-12-21 16:49:18 - INFO - epoch-92, train_loss-0.0006450, val_loss-0.0007747
2024-12-21 16:49:56 - INFO - epoch-93, train_loss-0.0006424, val_loss-0.0007115
2024-12-21 16:50:33 - INFO - epoch-94, train_loss-0.0006424, val_loss-0.0006816
2024-12-21 16:51:11 - INFO - epoch-95, train_loss-0.0006428, val_loss-0.0006928
2024-12-21 16:51:49 - INFO - epoch-96, train_loss-0.0006413, val_loss-0.0006974
2024-12-21 16:52:27 - INFO - epoch-97, train_loss-0.0006408, val_loss-0.0007594
2024-12-21 16:53:05 - INFO - epoch-98, train_loss-0.0006400, val_loss-0.0007001
2024-12-21 16:53:43 - INFO - epoch-99, train_loss-0.0006388, val_loss-0.0007238
2024-12-21 16:54:21 - INFO - epoch-100, train_loss-0.0006384, val_loss-0.0007563
2024-12-21 16:54:59 - INFO - epoch-101, train_loss-0.0006381, val_loss-0.0007113
2024-12-21 16:55:37 - INFO - epoch-102, train_loss-0.0006370, val_loss-0.0006871
2024-12-21 16:56:15 - INFO - epoch-103, train_loss-0.0006450, val_loss-0.0008106
2024-12-21 16:56:53 - INFO - epoch-104, train_loss-0.0006413, val_loss-0.0006980
2024-12-21 16:57:31 - INFO - epoch-105, train_loss-0.0006341, val_loss-0.0006925
2024-12-21 16:58:09 - INFO - epoch-106, train_loss-0.0006327, val_loss-0.0006950
2024-12-21 16:58:46 - INFO - epoch-107, train_loss-0.0006341, val_loss-0.0006758
2024-12-21 16:59:24 - INFO - epoch-108, train_loss-0.0006339, val_loss-0.0006826
2024-12-21 17:00:03 - INFO - epoch-109, train_loss-0.0006337, val_loss-0.0006939
2024-12-21 17:00:41 - INFO - epoch-110, train_loss-0.0006358, val_loss-0.0006855
2024-12-21 17:01:20 - INFO - epoch-111, train_loss-0.0006393, val_loss-0.0006677
2024-12-21 17:01:58 - INFO - epoch-112, train_loss-0.0006376, val_loss-0.0006697
2024-12-21 17:02:36 - INFO - epoch-113, train_loss-0.0006369, val_loss-0.0006733
2024-12-21 17:03:14 - INFO - epoch-114, train_loss-0.0006357, val_loss-0.0006802
2024-12-21 17:03:53 - INFO - epoch-115, train_loss-0.0006331, val_loss-0.0006695
2024-12-21 17:04:31 - INFO - epoch-116, train_loss-0.0006372, val_loss-0.0006743
2024-12-21 17:05:10 - INFO - epoch-117, train_loss-0.0006391, val_loss-0.0006827
2024-12-21 17:05:48 - INFO - epoch-118, train_loss-0.0006369, val_loss-0.0006747
2024-12-21 17:06:26 - INFO - epoch-119, train_loss-0.0006333, val_loss-0.0006774
2024-12-21 17:07:05 - INFO - epoch-120, train_loss-0.0006352, val_loss-0.0006686
2024-12-21 17:07:43 - INFO - epoch-121, train_loss-0.0006501, val_loss-0.0006874
2024-12-21 17:08:21 - INFO - epoch-122, train_loss-0.0006495, val_loss-0.0006683
2024-12-21 17:08:59 - INFO - epoch-123, train_loss-0.0006321, val_loss-0.0007129
2024-12-21 17:09:37 - INFO - epoch-124, train_loss-0.0006318, val_loss-0.0006719
2024-12-21 17:10:15 - INFO - epoch-125, train_loss-0.0006416, val_loss-0.0006787
2024-12-21 17:10:53 - INFO - epoch-126, train_loss-0.0006301, val_loss-0.0006827
2024-12-21 17:11:31 - INFO - epoch-127, train_loss-0.0006267, val_loss-0.0006821
2024-12-21 17:12:08 - INFO - epoch-128, train_loss-0.0006281, val_loss-0.0006774
2024-12-21 17:12:47 - INFO - epoch-129, train_loss-0.0006303, val_loss-0.0006930
2024-12-21 17:13:25 - INFO - epoch-130, train_loss-0.0006252, val_loss-0.0006865
2024-12-21 17:14:04 - INFO - epoch-131, train_loss-0.0006276, val_loss-0.0006873
2024-12-21 17:14:42 - INFO - epoch-132, train_loss-0.0006405, val_loss-0.0006849
2024-12-21 17:15:19 - INFO - epoch-133, train_loss-0.0006407, val_loss-0.0006900
2024-12-21 17:15:57 - INFO - epoch-134, train_loss-0.0006330, val_loss-0.0006805
2024-12-21 17:16:36 - INFO - epoch-135, train_loss-0.0006271, val_loss-0.0006800
2024-12-21 17:17:15 - INFO - epoch-136, train_loss-0.0006223, val_loss-0.0006819
2024-12-21 17:17:53 - INFO - epoch-137, train_loss-0.0006234, val_loss-0.0006967
2024-12-21 17:18:31 - INFO - epoch-138, train_loss-0.0006190, val_loss-0.0007146
2024-12-21 17:19:09 - INFO - epoch-139, train_loss-0.0006178, val_loss-0.0006823
2024-12-21 17:19:46 - INFO - epoch-140, train_loss-0.0006188, val_loss-0.0006983
2024-12-21 17:20:24 - INFO - epoch-141, train_loss-0.0006166, val_loss-0.0007045
2024-12-21 17:21:02 - INFO - epoch-142, train_loss-0.0006161, val_loss-0.0006835
2024-12-21 17:21:40 - INFO - epoch-143, train_loss-0.0006151, val_loss-0.0006944
2024-12-21 17:22:17 - INFO - epoch-144, train_loss-0.0006156, val_loss-0.0006849
2024-12-21 17:22:55 - INFO - epoch-145, train_loss-0.0006157, val_loss-0.0006907
2024-12-21 17:23:55 - INFO - epoch-146, train_loss-0.0006135, val_loss-0.0006832
2024-12-21 17:26:15 - INFO - epoch-147, train_loss-0.0006144, val_loss-0.0006988
2024-12-21 17:26:53 - INFO - epoch-148, train_loss-0.0006080, val_loss-0.0006846
2024-12-21 17:27:31 - INFO - epoch-149, train_loss-0.0006046, val_loss-0.0006992
2024-12-21 17:28:10 - INFO - epoch-150, train_loss-0.0006037, val_loss-0.0006837
2024-12-21 17:28:48 - INFO - epoch-151, train_loss-0.0006010, val_loss-0.0006846
2024-12-21 17:29:25 - INFO - epoch-152, train_loss-0.0006017, val_loss-0.0006819
2024-12-21 17:30:03 - INFO - epoch-153, train_loss-0.0005993, val_loss-0.0006782
2024-12-21 17:30:42 - INFO - epoch-154, train_loss-0.0006022, val_loss-0.0006908
2024-12-21 17:31:20 - INFO - epoch-155, train_loss-0.0006017, val_loss-0.0006749
2024-12-21 17:31:57 - INFO - epoch-156, train_loss-0.0006013, val_loss-0.0006824
2024-12-21 17:32:35 - INFO - epoch-157, train_loss-0.0006031, val_loss-0.0006843
2024-12-21 17:33:13 - INFO - epoch-158, train_loss-0.0005989, val_loss-0.0006853
2024-12-21 17:33:52 - INFO - epoch-159, train_loss-0.0005972, val_loss-0.0007021
2024-12-21 17:34:31 - INFO - epoch-160, train_loss-0.0005983, val_loss-0.0007066
2024-12-21 17:35:09 - INFO - epoch-161, train_loss-0.0005957, val_loss-0.0006898
2024-12-21 17:35:46 - INFO - epoch-162, train_loss-0.0005916, val_loss-0.0006829
2024-12-21 17:36:24 - INFO - epoch-163, train_loss-0.0005892, val_loss-0.0006822
2024-12-21 17:37:02 - INFO - epoch-164, train_loss-0.0005873, val_loss-0.0006875
2024-12-21 17:37:40 - INFO - epoch-165, train_loss-0.0005894, val_loss-0.0006874
2024-12-21 17:38:17 - INFO - epoch-166, train_loss-0.0005861, val_loss-0.0006788
2024-12-21 17:38:55 - INFO - epoch-167, train_loss-0.0005869, val_loss-0.0006706
2024-12-21 17:39:33 - INFO - epoch-168, train_loss-0.0005864, val_loss-0.0006713
2024-12-21 17:40:10 - INFO - epoch-169, train_loss-0.0005854, val_loss-0.0006710
2024-12-21 17:40:49 - INFO - epoch-170, train_loss-0.0005837, val_loss-0.0006692
2024-12-21 17:41:27 - INFO - epoch-171, train_loss-0.0005842, val_loss-0.0006689
2024-12-21 17:42:05 - INFO - epoch-172, train_loss-0.0005817, val_loss-0.0006647
2024-12-21 17:42:44 - INFO - epoch-173, train_loss-0.0005789, val_loss-0.0006675
2024-12-21 17:43:23 - INFO - epoch-174, train_loss-0.0005767, val_loss-0.0006676
2024-12-21 17:44:01 - INFO - epoch-175, train_loss-0.0005755, val_loss-0.0006638
2024-12-21 17:44:38 - INFO - epoch-176, train_loss-0.0005739, val_loss-0.0006673
2024-12-21 17:45:16 - INFO - epoch-177, train_loss-0.0005720, val_loss-0.0006665
2024-12-21 17:45:54 - INFO - epoch-178, train_loss-0.0005715, val_loss-0.0006685
2024-12-21 17:46:31 - INFO - epoch-179, train_loss-0.0005706, val_loss-0.0006640
2024-12-21 17:47:10 - INFO - epoch-180, train_loss-0.0005711, val_loss-0.0006674
2024-12-21 17:47:48 - INFO - epoch-181, train_loss-0.0005703, val_loss-0.0006778
2024-12-21 17:48:26 - INFO - epoch-182, train_loss-0.0005690, val_loss-0.0006614
2024-12-21 17:49:03 - INFO - epoch-183, train_loss-0.0005678, val_loss-0.0006652
2024-12-21 17:49:42 - INFO - epoch-184, train_loss-0.0005641, val_loss-0.0006608
2024-12-21 17:50:20 - INFO - epoch-185, train_loss-0.0005659, val_loss-0.0006665
2024-12-21 17:50:58 - INFO - epoch-186, train_loss-0.0005635, val_loss-0.0006600
2024-12-21 17:51:36 - INFO - epoch-187, train_loss-0.0005615, val_loss-0.0006592
2024-12-21 17:52:13 - INFO - epoch-188, train_loss-0.0005592, val_loss-0.0006593
2024-12-21 17:52:52 - INFO - epoch-189, train_loss-0.0005794, val_loss-0.0006590
2024-12-21 17:53:31 - INFO - epoch-190, train_loss-0.0005601, val_loss-0.0006636
2024-12-21 17:54:09 - INFO - epoch-191, train_loss-0.0005521, val_loss-0.0006624
2024-12-21 17:54:47 - INFO - epoch-192, train_loss-0.0005523, val_loss-0.0006614
2024-12-21 17:55:24 - INFO - epoch-193, train_loss-0.0005526, val_loss-0.0006631
2024-12-21 17:56:02 - INFO - epoch-194, train_loss-0.0005508, val_loss-0.0006633
2024-12-21 17:56:40 - INFO - epoch-195, train_loss-0.0005489, val_loss-0.0006711
2024-12-21 17:57:18 - INFO - epoch-196, train_loss-0.0005556, val_loss-0.0006611
2024-12-21 17:57:55 - INFO - epoch-197, train_loss-0.0005512, val_loss-0.0006617
2024-12-21 17:58:34 - INFO - epoch-198, train_loss-0.0005464, val_loss-0.0006637
2024-12-21 17:59:12 - INFO - epoch-199, train_loss-0.0005433, val_loss-0.0006728
2024-12-21 17:59:49 - INFO - epoch-200, train_loss-0.0005425, val_loss-0.0006673
2024-12-21 18:00:27 - INFO - epoch-201, train_loss-0.0005423, val_loss-0.0006691
2024-12-21 18:01:05 - INFO - epoch-202, train_loss-0.0005410, val_loss-0.0006724
2024-12-21 18:01:43 - INFO - epoch-203, train_loss-0.0005392, val_loss-0.0006747
2024-12-21 18:02:20 - INFO - epoch-204, train_loss-0.0005372, val_loss-0.0006722
2024-12-21 18:02:58 - INFO - epoch-205, train_loss-0.0005335, val_loss-0.0006833
2024-12-21 18:03:36 - INFO - epoch-206, train_loss-0.0005326, val_loss-0.0006751
2024-12-21 18:04:13 - INFO - epoch-207, train_loss-0.0005338, val_loss-0.0006822
2024-12-21 18:04:51 - INFO - epoch-208, train_loss-0.0005306, val_loss-0.0006791
2024-12-21 18:05:29 - INFO - epoch-209, train_loss-0.0005309, val_loss-0.0006966
2024-12-21 18:06:06 - INFO - epoch-210, train_loss-0.0005241, val_loss-0.0007363
2024-12-21 18:06:44 - INFO - epoch-211, train_loss-0.0005176, val_loss-0.0006636
2024-12-21 18:07:21 - INFO - epoch-212, train_loss-0.0005203, val_loss-0.0006706
2024-12-21 18:07:59 - INFO - epoch-213, train_loss-0.0005173, val_loss-0.0006793
2024-12-21 18:08:38 - INFO - epoch-214, train_loss-0.0005183, val_loss-0.0006749
2024-12-21 18:09:15 - INFO - epoch-215, train_loss-0.0005157, val_loss-0.0006754
2024-12-21 18:09:53 - INFO - epoch-216, train_loss-0.0005109, val_loss-0.0006818
2024-12-21 18:10:30 - INFO - epoch-217, train_loss-0.0005103, val_loss-0.0006801
2024-12-21 18:11:08 - INFO - epoch-218, train_loss-0.0005123, val_loss-0.0006970
2024-12-21 18:11:45 - INFO - epoch-219, train_loss-0.0005073, val_loss-0.0006749
2024-12-21 18:12:23 - INFO - epoch-220, train_loss-0.0005040, val_loss-0.0006684
2024-12-21 18:13:01 - INFO - epoch-221, train_loss-0.0005021, val_loss-0.0006651
2024-12-21 18:13:38 - INFO - epoch-222, train_loss-0.0005006, val_loss-0.0006745
2024-12-21 18:14:16 - INFO - epoch-223, train_loss-0.0004976, val_loss-0.0006796
2024-12-21 18:14:53 - INFO - epoch-224, train_loss-0.0004967, val_loss-0.0006764
2024-12-21 18:15:31 - INFO - epoch-225, train_loss-0.0004933, val_loss-0.0006781
2024-12-21 18:16:09 - INFO - epoch-226, train_loss-0.0004940, val_loss-0.0006739
2024-12-21 18:16:47 - INFO - epoch-227, train_loss-0.0004913, val_loss-0.0006752
2024-12-21 18:18:39 - INFO - epoch-228, train_loss-0.0004912, val_loss-0.0006719
2024-12-21 18:20:28 - INFO - epoch-229, train_loss-0.0004911, val_loss-0.0006737
2024-12-21 18:21:06 - INFO - epoch-230, train_loss-0.0004909, val_loss-0.0006692
2024-12-21 18:21:43 - INFO - epoch-231, train_loss-0.0004905, val_loss-0.0006671
2024-12-21 18:22:21 - INFO - epoch-232, train_loss-0.0004887, val_loss-0.0006748
2024-12-21 18:22:58 - INFO - epoch-233, train_loss-0.0004859, val_loss-0.0006778
2024-12-21 18:23:36 - INFO - epoch-234, train_loss-0.0004836, val_loss-0.0007340
2024-12-21 18:24:13 - INFO - epoch-235, train_loss-0.0004806, val_loss-0.0006651
2024-12-21 18:24:51 - INFO - epoch-236, train_loss-0.0004759, val_loss-0.0006662
2024-12-21 18:25:30 - INFO - epoch-237, train_loss-0.0004746, val_loss-0.0006742
2024-12-21 18:26:08 - INFO - epoch-238, train_loss-0.0004719, val_loss-0.0006941
2024-12-21 18:26:46 - INFO - epoch-239, train_loss-0.0004723, val_loss-0.0006918
2024-12-21 18:27:23 - INFO - epoch-240, train_loss-0.0004743, val_loss-0.0006794
2024-12-21 18:28:01 - INFO - epoch-241, train_loss-0.0004752, val_loss-0.0006684
2024-12-21 18:28:39 - INFO - epoch-242, train_loss-0.0004764, val_loss-0.0006665
2024-12-21 18:29:17 - INFO - epoch-243, train_loss-0.0004744, val_loss-0.0006562
2024-12-21 18:29:55 - INFO - epoch-244, train_loss-0.0004717, val_loss-0.0006661
2024-12-21 18:30:33 - INFO - epoch-245, train_loss-0.0004735, val_loss-0.0006733
2024-12-21 18:31:10 - INFO - epoch-246, train_loss-0.0004718, val_loss-0.0006749
2024-12-21 18:31:48 - INFO - epoch-247, train_loss-0.0004688, val_loss-0.0006748
2024-12-21 18:32:26 - INFO - epoch-248, train_loss-0.0004696, val_loss-0.0006672
2024-12-21 18:33:04 - INFO - epoch-249, train_loss-0.0004698, val_loss-0.0006686
2024-12-21 18:33:42 - INFO - epoch-250, train_loss-0.0004706, val_loss-0.0006927
2024-12-21 18:34:20 - INFO - epoch-251, train_loss-0.0004677, val_loss-0.0006722
2024-12-21 18:34:57 - INFO - epoch-252, train_loss-0.0004668, val_loss-0.0006791
2024-12-21 18:35:35 - INFO - epoch-253, train_loss-0.0004617, val_loss-0.0006925
2024-12-21 18:36:13 - INFO - epoch-254, train_loss-0.0004603, val_loss-0.0006884
2024-12-21 18:36:50 - INFO - epoch-255, train_loss-0.0004591, val_loss-0.0006740
2024-12-21 18:37:28 - INFO - epoch-256, train_loss-0.0004623, val_loss-0.0006789
2024-12-21 18:38:05 - INFO - epoch-257, train_loss-0.0004616, val_loss-0.0006751
2024-12-21 18:38:43 - INFO - epoch-258, train_loss-0.0004608, val_loss-0.0006812
2024-12-21 18:39:20 - INFO - epoch-259, train_loss-0.0004579, val_loss-0.0006905
2024-12-21 18:39:58 - INFO - epoch-260, train_loss-0.0004600, val_loss-0.0006896
2024-12-21 18:40:35 - INFO - epoch-261, train_loss-0.0004601, val_loss-0.0006785
2024-12-21 18:41:13 - INFO - epoch-262, train_loss-0.0004625, val_loss-0.0006740
2024-12-21 18:41:51 - INFO - epoch-263, train_loss-0.0004678, val_loss-0.0006958
2024-12-21 18:42:28 - INFO - epoch-264, train_loss-0.0004560, val_loss-0.0006832
2024-12-21 18:43:06 - INFO - epoch-265, train_loss-0.0004529, val_loss-0.0006824
2024-12-21 18:43:43 - INFO - epoch-266, train_loss-0.0004519, val_loss-0.0007079
2024-12-21 18:44:21 - INFO - epoch-267, train_loss-0.0004512, val_loss-0.0007439
2024-12-21 18:44:58 - INFO - epoch-268, train_loss-0.0004500, val_loss-0.0007115
2024-12-21 18:45:36 - INFO - epoch-269, train_loss-0.0004497, val_loss-0.0006831
2024-12-21 18:46:15 - INFO - epoch-270, train_loss-0.0004480, val_loss-0.0006744
2024-12-21 18:46:53 - INFO - epoch-271, train_loss-0.0004491, val_loss-0.0006819
2024-12-21 18:47:31 - INFO - epoch-272, train_loss-0.0004468, val_loss-0.0006961
2024-12-21 18:48:09 - INFO - epoch-273, train_loss-0.0004464, val_loss-0.0007001
2024-12-21 18:48:47 - INFO - epoch-274, train_loss-0.0004464, val_loss-0.0007082
2024-12-21 18:49:24 - INFO - epoch-275, train_loss-0.0004459, val_loss-0.0006935
2024-12-21 18:50:02 - INFO - epoch-276, train_loss-0.0004457, val_loss-0.0006886
2024-12-21 18:50:39 - INFO - epoch-277, train_loss-0.0004432, val_loss-0.0007121
2024-12-21 18:51:17 - INFO - epoch-278, train_loss-0.0004395, val_loss-0.0007067
2024-12-21 18:51:55 - INFO - epoch-279, train_loss-0.0004385, val_loss-0.0007006
2024-12-21 18:52:32 - INFO - epoch-280, train_loss-0.0004390, val_loss-0.0007018
2024-12-21 18:53:10 - INFO - epoch-281, train_loss-0.0004373, val_loss-0.0007110
2024-12-21 18:53:48 - INFO - epoch-282, train_loss-0.0004342, val_loss-0.0007262
2024-12-21 18:54:26 - INFO - epoch-283, train_loss-0.0004330, val_loss-0.0007251
2024-12-21 18:55:04 - INFO - epoch-284, train_loss-0.0004345, val_loss-0.0007103
2024-12-21 18:55:41 - INFO - epoch-285, train_loss-0.0004393, val_loss-0.0007024
2024-12-21 18:56:18 - INFO - epoch-286, train_loss-0.0004359, val_loss-0.0007129
2024-12-21 18:56:56 - INFO - epoch-287, train_loss-0.0004309, val_loss-0.0007161
2024-12-21 18:57:34 - INFO - epoch-288, train_loss-0.0004290, val_loss-0.0006980
2024-12-21 18:58:11 - INFO - epoch-289, train_loss-0.0004300, val_loss-0.0007086
2024-12-21 18:58:49 - INFO - epoch-290, train_loss-0.0004294, val_loss-0.0007399
2024-12-21 18:59:26 - INFO - epoch-291, train_loss-0.0004272, val_loss-0.0007496
2024-12-21 19:00:03 - INFO - epoch-292, train_loss-0.0004276, val_loss-0.0007472
2024-12-21 19:00:41 - INFO - epoch-293, train_loss-0.0004284, val_loss-0.0007673
2024-12-21 19:01:19 - INFO - epoch-294, train_loss-0.0004305, val_loss-0.0007476
2024-12-21 19:01:57 - INFO - epoch-295, train_loss-0.0004280, val_loss-0.0007665
2024-12-21 19:02:36 - INFO - epoch-296, train_loss-0.0004241, val_loss-0.0007508
2024-12-21 19:03:13 - INFO - epoch-297, train_loss-0.0004226, val_loss-0.0007535
2024-12-21 19:03:51 - INFO - epoch-298, train_loss-0.0004248, val_loss-0.0007407
2024-12-21 19:04:28 - INFO - epoch-299, train_loss-0.0004234, val_loss-0.0007334
