2025-03-04 16:52:58 - INFO - train data: 13259
2025-03-04 16:52:58 - INFO - train unqiue data: 13259
2025-03-04 16:52:58 - INFO - valid data: 1474
2025-03-04 16:52:58 - INFO - valid unqiue data: 1474
2025-03-04 16:57:31 - INFO - epoch-0, train_mse_loss-0.0003911, train_kl_loss-0.0712685, val_mse_loss-0.0003915, val_kl_loss-0.0003769
2025-03-04 17:01:49 - INFO - epoch-1, train_mse_loss-0.0003373, train_kl_loss-0.0012387, val_mse_loss-0.0003427, val_kl_loss-0.0009484
2025-03-04 17:06:07 - INFO - epoch-2, train_mse_loss-0.0003351, train_kl_loss-0.0039438, val_mse_loss-0.0003588, val_kl_loss-0.0896936
2025-03-04 17:06:15 - INFO - Saved new best model at epoch 2 with validation loss 0.0900524
2025-03-04 17:10:32 - INFO - epoch-3, train_mse_loss-0.0003627, train_kl_loss-2.5463019, val_mse_loss-0.0003919, val_kl_loss-2.5840723
2025-03-04 17:14:49 - INFO - epoch-4, train_mse_loss-0.0003493, train_kl_loss-2.5842641, val_mse_loss-0.0004039, val_kl_loss-2.5844998
2025-03-04 17:19:07 - INFO - epoch-5, train_mse_loss-0.0003451, train_kl_loss-2.6059328, val_mse_loss-0.0004109, val_kl_loss-4.3764853
2025-03-04 17:23:24 - INFO - epoch-6, train_mse_loss-0.0005785, train_kl_loss-2.7841205, val_mse_loss-0.0005795, val_kl_loss-2.6461727
2025-03-04 17:27:42 - INFO - epoch-7, train_mse_loss-0.0005818, train_kl_loss-2.5842904, val_mse_loss-0.0005795, val_kl_loss-4.5068993
2025-03-04 17:31:58 - INFO - epoch-8, train_mse_loss-0.0005818, train_kl_loss-2.3950697, val_mse_loss-0.0005795, val_kl_loss-2.3034799
2025-03-04 17:36:15 - INFO - epoch-9, train_mse_loss-0.0005816, train_kl_loss-2.0612463, val_mse_loss-0.0013144, val_kl_loss-1.7592551
2025-03-04 17:40:33 - INFO - epoch-10, train_mse_loss-0.0005801, train_kl_loss-0.6337315, val_mse_loss-0.0041669, val_kl_loss-0.0144518
2025-03-04 17:40:40 - INFO - Saved new best model at epoch 10 with validation loss 0.0186187
2025-03-04 17:44:58 - INFO - epoch-11, train_mse_loss-0.0005816, train_kl_loss-0.0017522, val_mse_loss-0.0024709, val_kl_loss-0.0015696
2025-03-04 17:45:05 - INFO - Saved new best model at epoch 11 with validation loss 0.0040406
2025-03-04 17:49:22 - INFO - epoch-12, train_mse_loss-0.0005819, train_kl_loss-0.0008225, val_mse_loss-0.0005795, val_kl_loss-0.0011130
2025-03-04 17:49:30 - INFO - Saved new best model at epoch 12 with validation loss 0.0016925
2025-03-04 17:53:47 - INFO - epoch-13, train_mse_loss-0.0005818, train_kl_loss-0.0006999, val_mse_loss-0.0005795, val_kl_loss-0.0008152
2025-03-04 17:53:55 - INFO - Saved new best model at epoch 13 with validation loss 0.0013947
2025-03-04 17:58:12 - INFO - epoch-14, train_mse_loss-0.0005818, train_kl_loss-0.0008035, val_mse_loss-0.0005795, val_kl_loss-0.0002087
2025-03-04 17:58:20 - INFO - Saved new best model at epoch 14 with validation loss 0.0007882
2025-03-04 18:02:36 - INFO - epoch-15, train_mse_loss-0.0005818, train_kl_loss-0.0005706, val_mse_loss-0.0005795, val_kl_loss-0.0001402
2025-03-04 18:02:44 - INFO - Saved new best model at epoch 15 with validation loss 0.0007196
2025-03-04 18:07:02 - INFO - epoch-16, train_mse_loss-0.0004720, train_kl_loss-0.0005311, val_mse_loss-0.0005445, val_kl_loss-0.0000766
2025-03-04 18:07:09 - INFO - Saved new best model at epoch 16 with validation loss 0.0006210
2025-03-04 18:11:26 - INFO - epoch-17, train_mse_loss-0.0003744, train_kl_loss-0.0024102, val_mse_loss-0.0005795, val_kl_loss-0.0000825
2025-03-04 18:15:42 - INFO - epoch-18, train_mse_loss-0.0003594, train_kl_loss-0.0000398, val_mse_loss-0.0004121, val_kl_loss-0.0000200
2025-03-04 18:15:50 - INFO - Saved new best model at epoch 18 with validation loss 0.0004321
2025-03-04 18:20:05 - INFO - epoch-19, train_mse_loss-0.0003379, train_kl_loss-0.0000218, val_mse_loss-0.0004917, val_kl_loss-0.0000050
2025-03-04 18:24:22 - INFO - epoch-20, train_mse_loss-0.0003330, train_kl_loss-0.0000181, val_mse_loss-0.0005045, val_kl_loss-0.0000003
2025-03-04 18:28:38 - INFO - epoch-21, train_mse_loss-0.0003313, train_kl_loss-0.0064648, val_mse_loss-0.0004872, val_kl_loss-0.6121800
2025-03-04 18:32:55 - INFO - epoch-22, train_mse_loss-0.0003670, train_kl_loss-0.0039486, val_mse_loss-0.0004953, val_kl_loss-0.0000144
2025-03-04 18:37:11 - INFO - epoch-23, train_mse_loss-0.0003399, train_kl_loss-0.0000226, val_mse_loss-0.0004534, val_kl_loss-0.0000033
2025-03-04 18:41:27 - INFO - epoch-24, train_mse_loss-0.0003365, train_kl_loss-0.0000109, val_mse_loss-0.0004272, val_kl_loss-0.0000023
2025-03-04 18:41:35 - INFO - Saved new best model at epoch 24 with validation loss 0.0004294
2025-03-04 18:45:50 - INFO - epoch-25, train_mse_loss-0.0003337, train_kl_loss-0.0000088, val_mse_loss-0.0004242, val_kl_loss-0.0000032
2025-03-04 18:45:58 - INFO - Saved new best model at epoch 25 with validation loss 0.0004273
2025-03-04 18:50:15 - INFO - epoch-26, train_mse_loss-0.0003322, train_kl_loss-0.0000252, val_mse_loss-0.0004048, val_kl_loss-0.0000002
2025-03-04 18:50:22 - INFO - Saved new best model at epoch 26 with validation loss 0.0004050
2025-03-04 18:54:38 - INFO - epoch-27, train_mse_loss-0.0003309, train_kl_loss-0.0000061, val_mse_loss-0.0003977, val_kl_loss-0.0000018
2025-03-04 18:54:46 - INFO - Saved new best model at epoch 27 with validation loss 0.0003995
2025-03-04 18:59:03 - INFO - epoch-28, train_mse_loss-0.0003300, train_kl_loss-0.0000069, val_mse_loss-0.0004013, val_kl_loss-0.0000072
2025-03-04 19:03:19 - INFO - epoch-29, train_mse_loss-0.0003327, train_kl_loss-0.0003385, val_mse_loss-0.0004169, val_kl_loss-0.0000003
2025-03-04 19:07:35 - INFO - epoch-30, train_mse_loss-0.0003307, train_kl_loss-0.0000013, val_mse_loss-0.0004096, val_kl_loss-0.0000021
2025-03-04 19:11:50 - INFO - epoch-31, train_mse_loss-0.0003287, train_kl_loss-0.0000034, val_mse_loss-0.0004075, val_kl_loss-0.0000002
2025-03-04 19:16:06 - INFO - epoch-32, train_mse_loss-0.0003283, train_kl_loss-0.0000005, val_mse_loss-0.0003985, val_kl_loss-0.0000000
2025-03-04 19:16:14 - INFO - Saved new best model at epoch 32 with validation loss 0.0003985
2025-03-04 19:20:30 - INFO - epoch-33, train_mse_loss-0.0003320, train_kl_loss-0.0004743, val_mse_loss-0.0004387, val_kl_loss-0.0000005
2025-03-04 19:24:46 - INFO - epoch-34, train_mse_loss-0.0003314, train_kl_loss-0.0000005, val_mse_loss-0.0004186, val_kl_loss-0.0000001
2025-03-04 19:29:02 - INFO - epoch-35, train_mse_loss-0.0003299, train_kl_loss-0.0000003, val_mse_loss-0.0004024, val_kl_loss-0.0000000
2025-03-04 19:33:18 - INFO - epoch-36, train_mse_loss-0.0003292, train_kl_loss-0.0000005, val_mse_loss-0.0004091, val_kl_loss-0.0000000
2025-03-04 19:37:33 - INFO - epoch-37, train_mse_loss-0.0003283, train_kl_loss-0.0000002, val_mse_loss-0.0003949, val_kl_loss-0.0000000
2025-03-04 19:37:41 - INFO - Saved new best model at epoch 37 with validation loss 0.0003950
2025-03-04 19:41:57 - INFO - epoch-38, train_mse_loss-0.0003278, train_kl_loss-0.0000000, val_mse_loss-0.0004029, val_kl_loss-0.0000000
2025-03-04 19:46:13 - INFO - epoch-39, train_mse_loss-0.0003274, train_kl_loss-0.0000000, val_mse_loss-0.0003780, val_kl_loss-0.0000000
2025-03-04 19:46:21 - INFO - Saved new best model at epoch 39 with validation loss 0.0003780
2025-03-04 19:50:36 - INFO - epoch-40, train_mse_loss-0.0003272, train_kl_loss-0.0000000, val_mse_loss-0.0003718, val_kl_loss-0.0000000
2025-03-04 19:50:44 - INFO - Saved new best model at epoch 40 with validation loss 0.0003718
2025-03-04 19:55:01 - INFO - epoch-41, train_mse_loss-0.0003270, train_kl_loss-0.0000000, val_mse_loss-0.0003664, val_kl_loss-0.0000000
2025-03-04 19:55:08 - INFO - Saved new best model at epoch 41 with validation loss 0.0003664
2025-03-04 19:59:24 - INFO - epoch-42, train_mse_loss-0.0003270, train_kl_loss-0.0000000, val_mse_loss-0.0003602, val_kl_loss-0.0000000
2025-03-04 19:59:32 - INFO - Saved new best model at epoch 42 with validation loss 0.0003602
2025-03-04 20:03:48 - INFO - epoch-43, train_mse_loss-0.0003270, train_kl_loss-0.0000000, val_mse_loss-0.0003448, val_kl_loss-0.0000000
2025-03-04 20:03:56 - INFO - Saved new best model at epoch 43 with validation loss 0.0003448
2025-03-04 20:08:12 - INFO - epoch-44, train_mse_loss-0.0003266, train_kl_loss-0.0000000, val_mse_loss-0.0003345, val_kl_loss-0.0000000
2025-03-04 20:08:19 - INFO - Saved new best model at epoch 44 with validation loss 0.0003345
2025-03-04 20:12:35 - INFO - epoch-45, train_mse_loss-0.0003265, train_kl_loss-0.0000000, val_mse_loss-0.0003333, val_kl_loss-0.0000000
2025-03-04 20:12:43 - INFO - Saved new best model at epoch 45 with validation loss 0.0003333
2025-03-04 20:16:59 - INFO - epoch-46, train_mse_loss-0.0003262, train_kl_loss-0.0000000, val_mse_loss-0.0003407, val_kl_loss-0.0000000
2025-03-04 20:21:14 - INFO - epoch-47, train_mse_loss-0.0003262, train_kl_loss-0.0000000, val_mse_loss-0.0003457, val_kl_loss-0.0000000
2025-03-04 20:25:30 - INFO - epoch-48, train_mse_loss-0.0003258, train_kl_loss-0.0000000, val_mse_loss-0.0003552, val_kl_loss-0.0000000
2025-03-04 20:29:46 - INFO - epoch-49, train_mse_loss-0.0003257, train_kl_loss-0.0000000, val_mse_loss-0.0003543, val_kl_loss-0.0000000
2025-03-04 20:34:02 - INFO - epoch-50, train_mse_loss-0.0003256, train_kl_loss-0.0000000, val_mse_loss-0.0003692, val_kl_loss-0.0000000
2025-03-04 20:38:18 - INFO - epoch-51, train_mse_loss-0.0003255, train_kl_loss-0.0000000, val_mse_loss-0.0003664, val_kl_loss-0.0000000
2025-03-04 20:42:37 - INFO - epoch-52, train_mse_loss-0.0003254, train_kl_loss-0.0000000, val_mse_loss-0.0003680, val_kl_loss-0.0000000
2025-03-04 20:46:54 - INFO - epoch-53, train_mse_loss-0.0003253, train_kl_loss-0.0000000, val_mse_loss-0.0003602, val_kl_loss-0.0000000
2025-03-04 20:51:09 - INFO - epoch-54, train_mse_loss-0.0003253, train_kl_loss-0.0000000, val_mse_loss-0.0003569, val_kl_loss-0.0000000
2025-03-04 20:55:26 - INFO - epoch-55, train_mse_loss-0.0003252, train_kl_loss-0.0000000, val_mse_loss-0.0003537, val_kl_loss-0.0000000
2025-03-04 20:59:41 - INFO - epoch-56, train_mse_loss-0.0003251, train_kl_loss-0.0000000, val_mse_loss-0.0003514, val_kl_loss-0.0000000
2025-03-04 21:03:57 - INFO - epoch-57, train_mse_loss-0.0003250, train_kl_loss-0.0000000, val_mse_loss-0.0003489, val_kl_loss-0.0000000
2025-03-04 21:08:14 - INFO - epoch-58, train_mse_loss-0.0003249, train_kl_loss-0.0000000, val_mse_loss-0.0003465, val_kl_loss-0.0000000
2025-03-04 21:12:29 - INFO - epoch-59, train_mse_loss-0.0003249, train_kl_loss-0.0000000, val_mse_loss-0.0003454, val_kl_loss-0.0000000
2025-03-04 21:16:47 - INFO - epoch-60, train_mse_loss-0.0003248, train_kl_loss-0.0000000, val_mse_loss-0.0003454, val_kl_loss-0.0000000
2025-03-04 21:21:03 - INFO - epoch-61, train_mse_loss-0.0003248, train_kl_loss-0.0000000, val_mse_loss-0.0003451, val_kl_loss-0.0000000
2025-03-04 21:25:18 - INFO - epoch-62, train_mse_loss-0.0003248, train_kl_loss-0.0000000, val_mse_loss-0.0003448, val_kl_loss-0.0000000
2025-03-04 21:29:34 - INFO - epoch-63, train_mse_loss-0.0003247, train_kl_loss-0.0000000, val_mse_loss-0.0003448, val_kl_loss-0.0000000
2025-03-04 21:33:51 - INFO - epoch-64, train_mse_loss-0.0003247, train_kl_loss-0.0000000, val_mse_loss-0.0003436, val_kl_loss-0.0000000
2025-03-04 21:38:07 - INFO - epoch-65, train_mse_loss-0.0003247, train_kl_loss-0.0000000, val_mse_loss-0.0003444, val_kl_loss-0.0000000
2025-03-04 21:42:23 - INFO - epoch-66, train_mse_loss-0.0003247, train_kl_loss-0.0000000, val_mse_loss-0.0003440, val_kl_loss-0.0000000
2025-03-04 21:46:40 - INFO - epoch-67, train_mse_loss-0.0003247, train_kl_loss-0.0000000, val_mse_loss-0.0003442, val_kl_loss-0.0000000
2025-03-04 21:50:56 - INFO - epoch-68, train_mse_loss-0.0003246, train_kl_loss-0.0000000, val_mse_loss-0.0003447, val_kl_loss-0.0000000
2025-03-04 21:55:13 - INFO - epoch-69, train_mse_loss-0.0003246, train_kl_loss-0.0000000, val_mse_loss-0.0003441, val_kl_loss-0.0000000
2025-03-04 21:59:28 - INFO - epoch-70, train_mse_loss-0.0003246, train_kl_loss-0.0000000, val_mse_loss-0.0003454, val_kl_loss-0.0000000
2025-03-04 22:03:45 - INFO - epoch-71, train_mse_loss-0.0003246, train_kl_loss-0.0000000, val_mse_loss-0.0003585, val_kl_loss-0.0000000
2025-03-04 22:08:01 - INFO - epoch-72, train_mse_loss-0.0003246, train_kl_loss-0.0000000, val_mse_loss-0.0003463, val_kl_loss-0.0000000
2025-03-04 22:12:17 - INFO - epoch-73, train_mse_loss-0.0003246, train_kl_loss-0.0000000, val_mse_loss-0.0003461, val_kl_loss-0.0000000
2025-03-04 22:16:33 - INFO - epoch-74, train_mse_loss-0.0003246, train_kl_loss-0.0000000, val_mse_loss-0.0003472, val_kl_loss-0.0000000
2025-03-04 22:20:49 - INFO - epoch-75, train_mse_loss-0.0003246, train_kl_loss-0.0000000, val_mse_loss-0.0003468, val_kl_loss-0.0000000
2025-03-04 22:25:05 - INFO - epoch-76, train_mse_loss-0.0003246, train_kl_loss-0.0000000, val_mse_loss-0.0003472, val_kl_loss-0.0000000
2025-03-04 22:29:21 - INFO - epoch-77, train_mse_loss-0.0003246, train_kl_loss-0.0000000, val_mse_loss-0.0003481, val_kl_loss-0.0000000
2025-03-04 22:33:37 - INFO - epoch-78, train_mse_loss-0.0003246, train_kl_loss-0.0000000, val_mse_loss-0.0003485, val_kl_loss-0.0000000
2025-03-04 22:37:53 - INFO - epoch-79, train_mse_loss-0.0003246, train_kl_loss-0.0000000, val_mse_loss-0.0003483, val_kl_loss-0.0000000
2025-03-04 22:42:09 - INFO - epoch-80, train_mse_loss-0.0003246, train_kl_loss-0.0000000, val_mse_loss-0.0003486, val_kl_loss-0.0000000
2025-03-04 22:46:25 - INFO - epoch-81, train_mse_loss-0.0003246, train_kl_loss-0.0000000, val_mse_loss-0.0003488, val_kl_loss-0.0000000
2025-03-04 22:50:41 - INFO - epoch-82, train_mse_loss-0.0003246, train_kl_loss-0.0000000, val_mse_loss-0.0003503, val_kl_loss-0.0000000
2025-03-04 22:54:57 - INFO - epoch-83, train_mse_loss-0.0003246, train_kl_loss-0.0000000, val_mse_loss-0.0003498, val_kl_loss-0.0000000
2025-03-04 22:59:13 - INFO - epoch-84, train_mse_loss-0.0003245, train_kl_loss-0.0000000, val_mse_loss-0.0003493, val_kl_loss-0.0000000
2025-03-04 23:03:30 - INFO - epoch-85, train_mse_loss-0.0003245, train_kl_loss-0.0000000, val_mse_loss-0.0003512, val_kl_loss-0.0000000
2025-03-04 23:07:46 - INFO - epoch-86, train_mse_loss-0.0003245, train_kl_loss-0.0000000, val_mse_loss-0.0003518, val_kl_loss-0.0000000
2025-03-04 23:12:00 - INFO - epoch-87, train_mse_loss-0.0003246, train_kl_loss-0.0000000, val_mse_loss-0.0003512, val_kl_loss-0.0000000
2025-03-04 23:16:16 - INFO - epoch-88, train_mse_loss-0.0003245, train_kl_loss-0.0000000, val_mse_loss-0.0003522, val_kl_loss-0.0000000
2025-03-04 23:20:32 - INFO - epoch-89, train_mse_loss-0.0003245, train_kl_loss-0.0000000, val_mse_loss-0.0003523, val_kl_loss-0.0000000
2025-03-04 23:24:47 - INFO - epoch-90, train_mse_loss-0.0003245, train_kl_loss-0.0000000, val_mse_loss-0.0003528, val_kl_loss-0.0000000
2025-03-04 23:29:04 - INFO - epoch-91, train_mse_loss-0.0003245, train_kl_loss-0.0000000, val_mse_loss-0.0003525, val_kl_loss-0.0000000
2025-03-04 23:33:19 - INFO - epoch-92, train_mse_loss-0.0003245, train_kl_loss-0.0000000, val_mse_loss-0.0003529, val_kl_loss-0.0000000
2025-03-04 23:37:35 - INFO - epoch-93, train_mse_loss-0.0003245, train_kl_loss-0.0000000, val_mse_loss-0.0003535, val_kl_loss-0.0000000
2025-03-04 23:41:50 - INFO - epoch-94, train_mse_loss-0.0003245, train_kl_loss-0.0000000, val_mse_loss-0.0003524, val_kl_loss-0.0000000
2025-03-04 23:46:06 - INFO - epoch-95, train_mse_loss-0.0003245, train_kl_loss-0.0000000, val_mse_loss-0.0003534, val_kl_loss-0.0000000
2025-03-04 23:50:21 - INFO - epoch-96, train_mse_loss-0.0003245, train_kl_loss-0.0000000, val_mse_loss-0.0003544, val_kl_loss-0.0000000
2025-03-04 23:54:37 - INFO - epoch-97, train_mse_loss-0.0003245, train_kl_loss-0.0000000, val_mse_loss-0.0003546, val_kl_loss-0.0000000
2025-03-04 23:58:53 - INFO - epoch-98, train_mse_loss-0.0003245, train_kl_loss-0.0000000, val_mse_loss-0.0003552, val_kl_loss-0.0000000
2025-03-05 00:03:09 - INFO - epoch-99, train_mse_loss-0.0003245, train_kl_loss-0.0000000, val_mse_loss-0.0003555, val_kl_loss-0.0000000
2025-03-05 00:07:25 - INFO - epoch-100, train_mse_loss-0.0003245, train_kl_loss-0.0000000, val_mse_loss-0.0003554, val_kl_loss-0.0000000
2025-03-05 00:11:41 - INFO - epoch-101, train_mse_loss-0.0003245, train_kl_loss-0.0000000, val_mse_loss-0.0003556, val_kl_loss-0.0000000
2025-03-05 00:15:57 - INFO - epoch-102, train_mse_loss-0.0003245, train_kl_loss-0.0000000, val_mse_loss-0.0003553, val_kl_loss-0.0000000
2025-03-05 00:20:14 - INFO - epoch-103, train_mse_loss-0.0003245, train_kl_loss-0.0000000, val_mse_loss-0.0003562, val_kl_loss-0.0000000
2025-03-05 00:24:31 - INFO - epoch-104, train_mse_loss-0.0003245, train_kl_loss-0.0000000, val_mse_loss-0.0003567, val_kl_loss-0.0000000
2025-03-05 00:28:46 - INFO - epoch-105, train_mse_loss-0.0003245, train_kl_loss-0.0000000, val_mse_loss-0.0003552, val_kl_loss-0.0000000
2025-03-05 00:33:02 - INFO - epoch-106, train_mse_loss-0.0003245, train_kl_loss-0.0000000, val_mse_loss-0.0003568, val_kl_loss-0.0000000
2025-03-05 00:37:17 - INFO - epoch-107, train_mse_loss-0.0003245, train_kl_loss-0.0000000, val_mse_loss-0.0003570, val_kl_loss-0.0000000
2025-03-05 00:41:33 - INFO - epoch-108, train_mse_loss-0.0003246, train_kl_loss-0.0000000, val_mse_loss-0.0003567, val_kl_loss-0.0000000
2025-03-05 00:45:49 - INFO - epoch-109, train_mse_loss-0.0003245, train_kl_loss-0.0000000, val_mse_loss-0.0003576, val_kl_loss-0.0000000
2025-03-05 00:50:06 - INFO - epoch-110, train_mse_loss-0.0003245, train_kl_loss-0.0000000, val_mse_loss-0.0003571, val_kl_loss-0.0000000
2025-03-05 00:54:22 - INFO - epoch-111, train_mse_loss-0.0003245, train_kl_loss-0.0000000, val_mse_loss-0.0003574, val_kl_loss-0.0000000
2025-03-05 00:58:38 - INFO - epoch-112, train_mse_loss-0.0003246, train_kl_loss-0.0000000, val_mse_loss-0.0003582, val_kl_loss-0.0000000
2025-03-05 01:02:54 - INFO - epoch-113, train_mse_loss-0.0003246, train_kl_loss-0.0000000, val_mse_loss-0.0003579, val_kl_loss-0.0000000
2025-03-05 01:07:10 - INFO - epoch-114, train_mse_loss-0.0003246, train_kl_loss-0.0000000, val_mse_loss-0.0003588, val_kl_loss-0.0000000
2025-03-05 01:11:27 - INFO - epoch-115, train_mse_loss-0.0003246, train_kl_loss-0.0000000, val_mse_loss-0.0003594, val_kl_loss-0.0000000
2025-03-05 01:15:43 - INFO - epoch-116, train_mse_loss-0.0003246, train_kl_loss-0.0000000, val_mse_loss-0.0003600, val_kl_loss-0.0000000
2025-03-05 01:19:59 - INFO - epoch-117, train_mse_loss-0.0003246, train_kl_loss-0.0000000, val_mse_loss-0.0003583, val_kl_loss-0.0000000
2025-03-05 01:24:14 - INFO - epoch-118, train_mse_loss-0.0003245, train_kl_loss-0.0000000, val_mse_loss-0.0003605, val_kl_loss-0.0000000
2025-03-05 01:28:30 - INFO - epoch-119, train_mse_loss-0.0003246, train_kl_loss-0.0000000, val_mse_loss-0.0003599, val_kl_loss-0.0000000
2025-03-05 01:32:46 - INFO - epoch-120, train_mse_loss-0.0003246, train_kl_loss-0.0000000, val_mse_loss-0.0003595, val_kl_loss-0.0000000
2025-03-05 01:37:03 - INFO - epoch-121, train_mse_loss-0.0003246, train_kl_loss-0.0000000, val_mse_loss-0.0003603, val_kl_loss-0.0000000
2025-03-05 01:41:22 - INFO - epoch-122, train_mse_loss-0.0003245, train_kl_loss-0.0000000, val_mse_loss-0.0003591, val_kl_loss-0.0000000
2025-03-05 01:45:38 - INFO - epoch-123, train_mse_loss-0.0003246, train_kl_loss-0.0000000, val_mse_loss-0.0003592, val_kl_loss-0.0000000
2025-03-05 01:49:55 - INFO - epoch-124, train_mse_loss-0.0003246, train_kl_loss-0.0000000, val_mse_loss-0.0003591, val_kl_loss-0.0000000
2025-03-05 01:54:10 - INFO - epoch-125, train_mse_loss-0.0003246, train_kl_loss-0.0000000, val_mse_loss-0.0003594, val_kl_loss-0.0000000
2025-03-05 01:58:26 - INFO - epoch-126, train_mse_loss-0.0003245, train_kl_loss-0.0000000, val_mse_loss-0.0003591, val_kl_loss-0.0000000
2025-03-05 02:02:42 - INFO - epoch-127, train_mse_loss-0.0003245, train_kl_loss-0.0000000, val_mse_loss-0.0003591, val_kl_loss-0.0000000
2025-03-05 02:07:02 - INFO - epoch-128, train_mse_loss-0.0003245, train_kl_loss-0.0000000, val_mse_loss-0.0003595, val_kl_loss-0.0000000
2025-03-05 02:11:17 - INFO - epoch-129, train_mse_loss-0.0003245, train_kl_loss-0.0000000, val_mse_loss-0.0003619, val_kl_loss-0.0000000
2025-03-05 02:15:34 - INFO - epoch-130, train_mse_loss-0.0003245, train_kl_loss-0.0000000, val_mse_loss-0.0003589, val_kl_loss-0.0000000
2025-03-05 02:19:50 - INFO - epoch-131, train_mse_loss-0.0003245, train_kl_loss-0.0000000, val_mse_loss-0.0003599, val_kl_loss-0.0000000
2025-03-05 02:24:05 - INFO - epoch-132, train_mse_loss-0.0003245, train_kl_loss-0.0000000, val_mse_loss-0.0003571, val_kl_loss-0.0000000
2025-03-05 02:28:21 - INFO - epoch-133, train_mse_loss-0.0003245, train_kl_loss-0.0000000, val_mse_loss-0.0003586, val_kl_loss-0.0000000
2025-03-05 02:32:37 - INFO - epoch-134, train_mse_loss-0.0003245, train_kl_loss-0.0000000, val_mse_loss-0.0003575, val_kl_loss-0.0000000
2025-03-05 02:36:53 - INFO - epoch-135, train_mse_loss-0.0003245, train_kl_loss-0.0000000, val_mse_loss-0.0003568, val_kl_loss-0.0000000
2025-03-05 02:41:09 - INFO - epoch-136, train_mse_loss-0.0003245, train_kl_loss-0.0000000, val_mse_loss-0.0003572, val_kl_loss-0.0000000
2025-03-05 02:45:25 - INFO - epoch-137, train_mse_loss-0.0003245, train_kl_loss-0.0000000, val_mse_loss-0.0003580, val_kl_loss-0.0000000
2025-03-05 02:49:41 - INFO - epoch-138, train_mse_loss-0.0003245, train_kl_loss-0.0000000, val_mse_loss-0.0003573, val_kl_loss-0.0000000
2025-03-05 02:53:57 - INFO - epoch-139, train_mse_loss-0.0003245, train_kl_loss-0.0000000, val_mse_loss-0.0003558, val_kl_loss-0.0000000
2025-03-05 02:58:13 - INFO - epoch-140, train_mse_loss-0.0003245, train_kl_loss-0.0000000, val_mse_loss-0.0003551, val_kl_loss-0.0000000
2025-03-05 03:02:30 - INFO - epoch-141, train_mse_loss-0.0003245, train_kl_loss-0.0000000, val_mse_loss-0.0003557, val_kl_loss-0.0000000
2025-03-05 03:06:47 - INFO - epoch-142, train_mse_loss-0.0003245, train_kl_loss-0.0000000, val_mse_loss-0.0003547, val_kl_loss-0.0000000
2025-03-05 03:11:02 - INFO - epoch-143, train_mse_loss-0.0003245, train_kl_loss-0.0000000, val_mse_loss-0.0003534, val_kl_loss-0.0000000
2025-03-05 03:15:18 - INFO - epoch-144, train_mse_loss-0.0003245, train_kl_loss-0.0000000, val_mse_loss-0.0003516, val_kl_loss-0.0000000
2025-03-05 03:19:34 - INFO - epoch-145, train_mse_loss-0.0003246, train_kl_loss-0.0000000, val_mse_loss-0.0003526, val_kl_loss-0.0000000
2025-03-05 03:23:50 - INFO - epoch-146, train_mse_loss-0.0003245, train_kl_loss-0.0000000, val_mse_loss-0.0003522, val_kl_loss-0.0000000
2025-03-05 03:28:06 - INFO - epoch-147, train_mse_loss-0.0003245, train_kl_loss-0.0000000, val_mse_loss-0.0003530, val_kl_loss-0.0000000
2025-03-05 03:32:21 - INFO - epoch-148, train_mse_loss-0.0003245, train_kl_loss-0.0000000, val_mse_loss-0.0003524, val_kl_loss-0.0000000
2025-03-05 03:36:37 - INFO - epoch-149, train_mse_loss-0.0003245, train_kl_loss-0.0000000, val_mse_loss-0.0003542, val_kl_loss-0.0000000
2025-03-05 03:40:53 - INFO - epoch-150, train_mse_loss-0.0003245, train_kl_loss-0.0000000, val_mse_loss-0.0003527, val_kl_loss-0.0000000
2025-03-05 03:45:09 - INFO - epoch-151, train_mse_loss-0.0003245, train_kl_loss-0.0000000, val_mse_loss-0.0003533, val_kl_loss-0.0000000
2025-03-05 03:49:25 - INFO - epoch-152, train_mse_loss-0.0003245, train_kl_loss-0.0000000, val_mse_loss-0.0003556, val_kl_loss-0.0000000
2025-03-05 03:53:41 - INFO - epoch-153, train_mse_loss-0.0003245, train_kl_loss-0.0000000, val_mse_loss-0.0003523, val_kl_loss-0.0000000
2025-03-05 03:57:57 - INFO - epoch-154, train_mse_loss-0.0003245, train_kl_loss-0.0000000, val_mse_loss-0.0003520, val_kl_loss-0.0000000
2025-03-05 04:02:13 - INFO - epoch-155, train_mse_loss-0.0003245, train_kl_loss-0.0000000, val_mse_loss-0.0003525, val_kl_loss-0.0000000
2025-03-05 04:06:29 - INFO - epoch-156, train_mse_loss-0.0003245, train_kl_loss-0.0000000, val_mse_loss-0.0003527, val_kl_loss-0.0000000
2025-03-05 04:10:44 - INFO - epoch-157, train_mse_loss-0.0003245, train_kl_loss-0.0000000, val_mse_loss-0.0003513, val_kl_loss-0.0000000
2025-03-05 04:15:01 - INFO - epoch-158, train_mse_loss-0.0003245, train_kl_loss-0.0000000, val_mse_loss-0.0003527, val_kl_loss-0.0000000
2025-03-05 04:19:17 - INFO - epoch-159, train_mse_loss-0.0003245, train_kl_loss-0.0000000, val_mse_loss-0.0003522, val_kl_loss-0.0000000
2025-03-05 04:23:34 - INFO - epoch-160, train_mse_loss-0.0003245, train_kl_loss-0.0000000, val_mse_loss-0.0003524, val_kl_loss-0.0000000
2025-03-05 04:27:50 - INFO - epoch-161, train_mse_loss-0.0003245, train_kl_loss-0.0000000, val_mse_loss-0.0003522, val_kl_loss-0.0000000
2025-03-05 04:32:06 - INFO - epoch-162, train_mse_loss-0.0003245, train_kl_loss-0.0000000, val_mse_loss-0.0003522, val_kl_loss-0.0000000
2025-03-05 04:36:22 - INFO - epoch-163, train_mse_loss-0.0003245, train_kl_loss-0.0000000, val_mse_loss-0.0003521, val_kl_loss-0.0000000
2025-03-05 04:40:38 - INFO - epoch-164, train_mse_loss-0.0003245, train_kl_loss-0.0000000, val_mse_loss-0.0003522, val_kl_loss-0.0000000
2025-03-05 04:44:54 - INFO - epoch-165, train_mse_loss-0.0003245, train_kl_loss-0.0000000, val_mse_loss-0.0003524, val_kl_loss-0.0000000
2025-03-05 04:49:09 - INFO - epoch-166, train_mse_loss-0.0003245, train_kl_loss-0.0000000, val_mse_loss-0.0003518, val_kl_loss-0.0000000
2025-03-05 04:53:25 - INFO - epoch-167, train_mse_loss-0.0003245, train_kl_loss-0.0000000, val_mse_loss-0.0003518, val_kl_loss-0.0000000
2025-03-05 04:57:44 - INFO - epoch-168, train_mse_loss-0.0003245, train_kl_loss-0.0000000, val_mse_loss-0.0003529, val_kl_loss-0.0000000
2025-03-05 05:02:00 - INFO - epoch-169, train_mse_loss-0.0003245, train_kl_loss-0.0000000, val_mse_loss-0.0003521, val_kl_loss-0.0000000
2025-03-05 05:06:18 - INFO - epoch-170, train_mse_loss-0.0003245, train_kl_loss-0.0000000, val_mse_loss-0.0003511, val_kl_loss-0.0000000
2025-03-05 05:10:35 - INFO - epoch-171, train_mse_loss-0.0003245, train_kl_loss-0.0000000, val_mse_loss-0.0003515, val_kl_loss-0.0000000
2025-03-05 05:14:51 - INFO - epoch-172, train_mse_loss-0.0003245, train_kl_loss-0.0000000, val_mse_loss-0.0003515, val_kl_loss-0.0000000
2025-03-05 05:19:08 - INFO - epoch-173, train_mse_loss-0.0003245, train_kl_loss-0.0000000, val_mse_loss-0.0003519, val_kl_loss-0.0000000
2025-03-05 05:23:24 - INFO - epoch-174, train_mse_loss-0.0003245, train_kl_loss-0.0000000, val_mse_loss-0.0003516, val_kl_loss-0.0000000
2025-03-05 05:27:40 - INFO - epoch-175, train_mse_loss-0.0003245, train_kl_loss-0.0000000, val_mse_loss-0.0003507, val_kl_loss-0.0000000
2025-03-05 05:31:56 - INFO - epoch-176, train_mse_loss-0.0003245, train_kl_loss-0.0000000, val_mse_loss-0.0003517, val_kl_loss-0.0000000
2025-03-05 05:36:12 - INFO - epoch-177, train_mse_loss-0.0003245, train_kl_loss-0.0000000, val_mse_loss-0.0003516, val_kl_loss-0.0000000
2025-03-05 05:40:28 - INFO - epoch-178, train_mse_loss-0.0003245, train_kl_loss-0.0000000, val_mse_loss-0.0003516, val_kl_loss-0.0000000
2025-03-05 05:44:45 - INFO - epoch-179, train_mse_loss-0.0003245, train_kl_loss-0.0000000, val_mse_loss-0.0003512, val_kl_loss-0.0000000
2025-03-05 05:49:01 - INFO - epoch-180, train_mse_loss-0.0003245, train_kl_loss-0.0000000, val_mse_loss-0.0003512, val_kl_loss-0.0000000
2025-03-05 05:53:17 - INFO - epoch-181, train_mse_loss-0.0003245, train_kl_loss-0.0000000, val_mse_loss-0.0003513, val_kl_loss-0.0000000
2025-03-05 05:57:33 - INFO - epoch-182, train_mse_loss-0.0003245, train_kl_loss-0.0000000, val_mse_loss-0.0003525, val_kl_loss-0.0000000
2025-03-05 06:01:49 - INFO - epoch-183, train_mse_loss-0.0003245, train_kl_loss-0.0000000, val_mse_loss-0.0003515, val_kl_loss-0.0000000
2025-03-05 06:06:06 - INFO - epoch-184, train_mse_loss-0.0003245, train_kl_loss-0.0000000, val_mse_loss-0.0003522, val_kl_loss-0.0000000
2025-03-05 06:10:22 - INFO - epoch-185, train_mse_loss-0.0003245, train_kl_loss-0.0000000, val_mse_loss-0.0003514, val_kl_loss-0.0000000
2025-03-05 06:14:39 - INFO - epoch-186, train_mse_loss-0.0003245, train_kl_loss-0.0000000, val_mse_loss-0.0003524, val_kl_loss-0.0000000
2025-03-05 06:18:55 - INFO - epoch-187, train_mse_loss-0.0003245, train_kl_loss-0.0000000, val_mse_loss-0.0003490, val_kl_loss-0.0000000
2025-03-05 06:23:11 - INFO - epoch-188, train_mse_loss-0.0003245, train_kl_loss-0.0000000, val_mse_loss-0.0003509, val_kl_loss-0.0000000
2025-03-05 06:27:27 - INFO - epoch-189, train_mse_loss-0.0003245, train_kl_loss-0.0000000, val_mse_loss-0.0003557, val_kl_loss-0.0000000
2025-03-05 06:31:42 - INFO - epoch-190, train_mse_loss-0.0003245, train_kl_loss-0.0000000, val_mse_loss-0.0003515, val_kl_loss-0.0000000
2025-03-05 06:35:58 - INFO - epoch-191, train_mse_loss-0.0003245, train_kl_loss-0.0000000, val_mse_loss-0.0003519, val_kl_loss-0.0000000
2025-03-05 06:40:13 - INFO - epoch-192, train_mse_loss-0.0003245, train_kl_loss-0.0000000, val_mse_loss-0.0003512, val_kl_loss-0.0000000
2025-03-05 06:44:29 - INFO - epoch-193, train_mse_loss-0.0003245, train_kl_loss-0.0000000, val_mse_loss-0.0003518, val_kl_loss-0.0000000
2025-03-05 06:48:45 - INFO - epoch-194, train_mse_loss-0.0003245, train_kl_loss-0.0000000, val_mse_loss-0.0003513, val_kl_loss-0.0000000
2025-03-05 06:53:01 - INFO - epoch-195, train_mse_loss-0.0003245, train_kl_loss-0.0000000, val_mse_loss-0.0003519, val_kl_loss-0.0000000
2025-03-05 06:57:17 - INFO - epoch-196, train_mse_loss-0.0003245, train_kl_loss-0.0000000, val_mse_loss-0.0003524, val_kl_loss-0.0000000
2025-03-05 07:01:33 - INFO - epoch-197, train_mse_loss-0.0003245, train_kl_loss-0.0000000, val_mse_loss-0.0003523, val_kl_loss-0.0000000
2025-03-05 07:05:49 - INFO - epoch-198, train_mse_loss-0.0003245, train_kl_loss-0.0000000, val_mse_loss-0.0003517, val_kl_loss-0.0000000
2025-03-05 07:10:04 - INFO - epoch-199, train_mse_loss-0.0003245, train_kl_loss-0.0000000, val_mse_loss-0.0003522, val_kl_loss-0.0000000
2025-03-05 07:14:21 - INFO - epoch-200, train_mse_loss-0.0003245, train_kl_loss-0.0000000, val_mse_loss-0.0003519, val_kl_loss-0.0000000
2025-03-05 07:18:36 - INFO - epoch-201, train_mse_loss-0.0003245, train_kl_loss-0.0000000, val_mse_loss-0.0003525, val_kl_loss-0.0000000
2025-03-05 07:22:52 - INFO - epoch-202, train_mse_loss-0.0003245, train_kl_loss-0.0000000, val_mse_loss-0.0003515, val_kl_loss-0.0000000
2025-03-05 07:27:09 - INFO - epoch-203, train_mse_loss-0.0003245, train_kl_loss-0.0000000, val_mse_loss-0.0003521, val_kl_loss-0.0000000
2025-03-05 07:31:24 - INFO - epoch-204, train_mse_loss-0.0003245, train_kl_loss-0.0000000, val_mse_loss-0.0003516, val_kl_loss-0.0000000
2025-03-05 07:35:40 - INFO - epoch-205, train_mse_loss-0.0003245, train_kl_loss-0.0000000, val_mse_loss-0.0003523, val_kl_loss-0.0000000
2025-03-05 07:39:56 - INFO - epoch-206, train_mse_loss-0.0003245, train_kl_loss-0.0000000, val_mse_loss-0.0003522, val_kl_loss-0.0000000
2025-03-05 07:44:13 - INFO - epoch-207, train_mse_loss-0.0003245, train_kl_loss-0.0000000, val_mse_loss-0.0003532, val_kl_loss-0.0000000
2025-03-05 07:48:27 - INFO - epoch-208, train_mse_loss-0.0003245, train_kl_loss-0.0000000, val_mse_loss-0.0003531, val_kl_loss-0.0000000
2025-03-05 07:52:44 - INFO - epoch-209, train_mse_loss-0.0003245, train_kl_loss-0.0000000, val_mse_loss-0.0003535, val_kl_loss-0.0000000
2025-03-05 07:57:01 - INFO - epoch-210, train_mse_loss-0.0003244, train_kl_loss-0.0000000, val_mse_loss-0.0003533, val_kl_loss-0.0000000
2025-03-05 08:01:16 - INFO - epoch-211, train_mse_loss-0.0003244, train_kl_loss-0.0000000, val_mse_loss-0.0003528, val_kl_loss-0.0000000
2025-03-05 08:05:32 - INFO - epoch-212, train_mse_loss-0.0003244, train_kl_loss-0.0000000, val_mse_loss-0.0003536, val_kl_loss-0.0000000
2025-03-05 08:09:48 - INFO - epoch-213, train_mse_loss-0.0003244, train_kl_loss-0.0000000, val_mse_loss-0.0003524, val_kl_loss-0.0000000
2025-03-05 08:14:07 - INFO - epoch-214, train_mse_loss-0.0003244, train_kl_loss-0.0000000, val_mse_loss-0.0003537, val_kl_loss-0.0000000
2025-03-05 08:18:22 - INFO - epoch-215, train_mse_loss-0.0003244, train_kl_loss-0.0000000, val_mse_loss-0.0003544, val_kl_loss-0.0000000
2025-03-05 08:22:38 - INFO - epoch-216, train_mse_loss-0.0003244, train_kl_loss-0.0000000, val_mse_loss-0.0003541, val_kl_loss-0.0000000
2025-03-05 08:26:54 - INFO - epoch-217, train_mse_loss-0.0003244, train_kl_loss-0.0000000, val_mse_loss-0.0003540, val_kl_loss-0.0000000
2025-03-05 08:31:10 - INFO - epoch-218, train_mse_loss-0.0003244, train_kl_loss-0.0000000, val_mse_loss-0.0003542, val_kl_loss-0.0000000
2025-03-05 08:35:27 - INFO - epoch-219, train_mse_loss-0.0003244, train_kl_loss-0.0000000, val_mse_loss-0.0003541, val_kl_loss-0.0000000
2025-03-05 08:39:43 - INFO - epoch-220, train_mse_loss-0.0003244, train_kl_loss-0.0000000, val_mse_loss-0.0003539, val_kl_loss-0.0000000
2025-03-05 08:44:00 - INFO - epoch-221, train_mse_loss-0.0003244, train_kl_loss-0.0000000, val_mse_loss-0.0003547, val_kl_loss-0.0000000
2025-03-05 08:48:17 - INFO - epoch-222, train_mse_loss-0.0003244, train_kl_loss-0.0000000, val_mse_loss-0.0003549, val_kl_loss-0.0000000
2025-03-05 08:52:33 - INFO - epoch-223, train_mse_loss-0.0003244, train_kl_loss-0.0000000, val_mse_loss-0.0003549, val_kl_loss-0.0000000
2025-03-05 08:56:49 - INFO - epoch-224, train_mse_loss-0.0003244, train_kl_loss-0.0000000, val_mse_loss-0.0003550, val_kl_loss-0.0000000
2025-03-05 09:01:05 - INFO - epoch-225, train_mse_loss-0.0003244, train_kl_loss-0.0000000, val_mse_loss-0.0003556, val_kl_loss-0.0000000
2025-03-05 09:05:22 - INFO - epoch-226, train_mse_loss-0.0003244, train_kl_loss-0.0000000, val_mse_loss-0.0003546, val_kl_loss-0.0000000
2025-03-05 09:09:39 - INFO - epoch-227, train_mse_loss-0.0003244, train_kl_loss-0.0000000, val_mse_loss-0.0003552, val_kl_loss-0.0000000
2025-03-05 09:13:56 - INFO - epoch-228, train_mse_loss-0.0003244, train_kl_loss-0.0000000, val_mse_loss-0.0003548, val_kl_loss-0.0000000
2025-03-05 09:18:12 - INFO - epoch-229, train_mse_loss-0.0003244, train_kl_loss-0.0000000, val_mse_loss-0.0003559, val_kl_loss-0.0000000
2025-03-05 09:22:28 - INFO - epoch-230, train_mse_loss-0.0003244, train_kl_loss-0.0000000, val_mse_loss-0.0003564, val_kl_loss-0.0000000
2025-03-05 09:26:44 - INFO - epoch-231, train_mse_loss-0.0003244, train_kl_loss-0.0000000, val_mse_loss-0.0003552, val_kl_loss-0.0000000
2025-03-05 09:31:00 - INFO - epoch-232, train_mse_loss-0.0003244, train_kl_loss-0.0000000, val_mse_loss-0.0003550, val_kl_loss-0.0000000
2025-03-05 09:35:16 - INFO - epoch-233, train_mse_loss-0.0003244, train_kl_loss-0.0000000, val_mse_loss-0.0003554, val_kl_loss-0.0000000
2025-03-05 09:39:34 - INFO - epoch-234, train_mse_loss-0.0003244, train_kl_loss-0.0000000, val_mse_loss-0.0003553, val_kl_loss-0.0000000
2025-03-05 09:43:50 - INFO - epoch-235, train_mse_loss-0.0003244, train_kl_loss-0.0000000, val_mse_loss-0.0003551, val_kl_loss-0.0000000
2025-03-05 09:48:06 - INFO - epoch-236, train_mse_loss-0.0003244, train_kl_loss-0.0000000, val_mse_loss-0.0003559, val_kl_loss-0.0000000
2025-03-05 09:52:22 - INFO - epoch-237, train_mse_loss-0.0003244, train_kl_loss-0.0000000, val_mse_loss-0.0003560, val_kl_loss-0.0000000
2025-03-05 09:56:38 - INFO - epoch-238, train_mse_loss-0.0003244, train_kl_loss-0.0000000, val_mse_loss-0.0003562, val_kl_loss-0.0000000
2025-03-05 10:00:54 - INFO - epoch-239, train_mse_loss-0.0003244, train_kl_loss-0.0000000, val_mse_loss-0.0003550, val_kl_loss-0.0000000
2025-03-05 10:05:11 - INFO - epoch-240, train_mse_loss-0.0003244, train_kl_loss-0.0000000, val_mse_loss-0.0003559, val_kl_loss-0.0000000
2025-03-05 10:09:28 - INFO - epoch-241, train_mse_loss-0.0003244, train_kl_loss-0.0000000, val_mse_loss-0.0003558, val_kl_loss-0.0000000
2025-03-05 10:13:44 - INFO - epoch-242, train_mse_loss-0.0003244, train_kl_loss-0.0000000, val_mse_loss-0.0003576, val_kl_loss-0.0000000
2025-03-05 10:18:01 - INFO - epoch-243, train_mse_loss-0.0003244, train_kl_loss-0.0000000, val_mse_loss-0.0003566, val_kl_loss-0.0000000
2025-03-05 10:22:18 - INFO - epoch-244, train_mse_loss-0.0003244, train_kl_loss-0.0000000, val_mse_loss-0.0003557, val_kl_loss-0.0000000
2025-03-05 10:26:34 - INFO - epoch-245, train_mse_loss-0.0003244, train_kl_loss-0.0000000, val_mse_loss-0.0003571, val_kl_loss-0.0000000
2025-03-05 10:30:50 - INFO - epoch-246, train_mse_loss-0.0003244, train_kl_loss-0.0000000, val_mse_loss-0.0003563, val_kl_loss-0.0000000
2025-03-05 10:35:06 - INFO - epoch-247, train_mse_loss-0.0003244, train_kl_loss-0.0000000, val_mse_loss-0.0003563, val_kl_loss-0.0000000
2025-03-05 10:39:22 - INFO - epoch-248, train_mse_loss-0.0003244, train_kl_loss-0.0000000, val_mse_loss-0.0003567, val_kl_loss-0.0000000
2025-03-05 10:43:38 - INFO - epoch-249, train_mse_loss-0.0003244, train_kl_loss-0.0000000, val_mse_loss-0.0003570, val_kl_loss-0.0000000
2025-03-05 10:47:55 - INFO - epoch-250, train_mse_loss-0.0003244, train_kl_loss-0.0000000, val_mse_loss-0.0003560, val_kl_loss-0.0000000
2025-03-05 10:52:11 - INFO - epoch-251, train_mse_loss-0.0003244, train_kl_loss-0.0000000, val_mse_loss-0.0003563, val_kl_loss-0.0000000
2025-03-05 10:56:26 - INFO - epoch-252, train_mse_loss-0.0003244, train_kl_loss-0.0000000, val_mse_loss-0.0003567, val_kl_loss-0.0000000
2025-03-05 11:00:42 - INFO - epoch-253, train_mse_loss-0.0003244, train_kl_loss-0.0000000, val_mse_loss-0.0003567, val_kl_loss-0.0000000
2025-03-05 11:04:58 - INFO - epoch-254, train_mse_loss-0.0003244, train_kl_loss-0.0000000, val_mse_loss-0.0003575, val_kl_loss-0.0000000
2025-03-05 11:09:14 - INFO - epoch-255, train_mse_loss-0.0003244, train_kl_loss-0.0000000, val_mse_loss-0.0003564, val_kl_loss-0.0000000
2025-03-05 11:13:30 - INFO - epoch-256, train_mse_loss-0.0003244, train_kl_loss-0.0000000, val_mse_loss-0.0003567, val_kl_loss-0.0000000
2025-03-05 11:17:46 - INFO - epoch-257, train_mse_loss-0.0003244, train_kl_loss-0.0000000, val_mse_loss-0.0003566, val_kl_loss-0.0000000
2025-03-05 11:22:02 - INFO - epoch-258, train_mse_loss-0.0003244, train_kl_loss-0.0000000, val_mse_loss-0.0003564, val_kl_loss-0.0000000
2025-03-05 11:26:18 - INFO - epoch-259, train_mse_loss-0.0003244, train_kl_loss-0.0000000, val_mse_loss-0.0003576, val_kl_loss-0.0000000
2025-03-05 11:30:34 - INFO - epoch-260, train_mse_loss-0.0003244, train_kl_loss-0.0000000, val_mse_loss-0.0003572, val_kl_loss-0.0000000
2025-03-05 11:34:50 - INFO - epoch-261, train_mse_loss-0.0003244, train_kl_loss-0.0000000, val_mse_loss-0.0003573, val_kl_loss-0.0000000
2025-03-05 11:39:06 - INFO - epoch-262, train_mse_loss-0.0003244, train_kl_loss-0.0000000, val_mse_loss-0.0003576, val_kl_loss-0.0000000
2025-03-05 11:43:22 - INFO - epoch-263, train_mse_loss-0.0003244, train_kl_loss-0.0000000, val_mse_loss-0.0003571, val_kl_loss-0.0000000
2025-03-05 11:47:38 - INFO - epoch-264, train_mse_loss-0.0003244, train_kl_loss-0.0000000, val_mse_loss-0.0003573, val_kl_loss-0.0000000
2025-03-05 11:51:56 - INFO - epoch-265, train_mse_loss-0.0003243, train_kl_loss-0.0000000, val_mse_loss-0.0003573, val_kl_loss-0.0000000
2025-03-05 11:56:12 - INFO - epoch-266, train_mse_loss-0.0003243, train_kl_loss-0.0000000, val_mse_loss-0.0003576, val_kl_loss-0.0000000
2025-03-05 12:00:27 - INFO - epoch-267, train_mse_loss-0.0003243, train_kl_loss-0.0000000, val_mse_loss-0.0003573, val_kl_loss-0.0000000
2025-03-05 12:04:44 - INFO - epoch-268, train_mse_loss-0.0003243, train_kl_loss-0.0000000, val_mse_loss-0.0003566, val_kl_loss-0.0000000
2025-03-05 12:09:00 - INFO - epoch-269, train_mse_loss-0.0003243, train_kl_loss-0.0000000, val_mse_loss-0.0003576, val_kl_loss-0.0000000
2025-03-05 12:13:16 - INFO - epoch-270, train_mse_loss-0.0003243, train_kl_loss-0.0000000, val_mse_loss-0.0003564, val_kl_loss-0.0000000
2025-03-05 12:17:32 - INFO - epoch-271, train_mse_loss-0.0003243, train_kl_loss-0.0000000, val_mse_loss-0.0003582, val_kl_loss-0.0000000
2025-03-05 12:21:49 - INFO - epoch-272, train_mse_loss-0.0003243, train_kl_loss-0.0000000, val_mse_loss-0.0003575, val_kl_loss-0.0000000
2025-03-05 12:26:04 - INFO - epoch-273, train_mse_loss-0.0003243, train_kl_loss-0.0000000, val_mse_loss-0.0003571, val_kl_loss-0.0000000
2025-03-05 12:30:20 - INFO - epoch-274, train_mse_loss-0.0003243, train_kl_loss-0.0000000, val_mse_loss-0.0003577, val_kl_loss-0.0000000
2025-03-05 12:34:37 - INFO - epoch-275, train_mse_loss-0.0003243, train_kl_loss-0.0000000, val_mse_loss-0.0003570, val_kl_loss-0.0000000
2025-03-05 12:38:53 - INFO - epoch-276, train_mse_loss-0.0003243, train_kl_loss-0.0000000, val_mse_loss-0.0003575, val_kl_loss-0.0000000
2025-03-05 12:43:09 - INFO - epoch-277, train_mse_loss-0.0003243, train_kl_loss-0.0000000, val_mse_loss-0.0003581, val_kl_loss-0.0000000
2025-03-05 12:47:25 - INFO - epoch-278, train_mse_loss-0.0003243, train_kl_loss-0.0000000, val_mse_loss-0.0003577, val_kl_loss-0.0000000
2025-03-05 12:51:41 - INFO - epoch-279, train_mse_loss-0.0003243, train_kl_loss-0.0000000, val_mse_loss-0.0003580, val_kl_loss-0.0000000
2025-03-05 12:55:57 - INFO - epoch-280, train_mse_loss-0.0003243, train_kl_loss-0.0000000, val_mse_loss-0.0003553, val_kl_loss-0.0000000
2025-03-05 13:00:14 - INFO - epoch-281, train_mse_loss-0.0003243, train_kl_loss-0.0000000, val_mse_loss-0.0003582, val_kl_loss-0.0000000
2025-03-05 13:04:31 - INFO - epoch-282, train_mse_loss-0.0003243, train_kl_loss-0.0000000, val_mse_loss-0.0003584, val_kl_loss-0.0000000
2025-03-05 13:08:47 - INFO - epoch-283, train_mse_loss-0.0003243, train_kl_loss-0.0000000, val_mse_loss-0.0003581, val_kl_loss-0.0000000
2025-03-05 13:13:03 - INFO - epoch-284, train_mse_loss-0.0003243, train_kl_loss-0.0000000, val_mse_loss-0.0003586, val_kl_loss-0.0000000
2025-03-05 13:17:19 - INFO - epoch-285, train_mse_loss-0.0003243, train_kl_loss-0.0000000, val_mse_loss-0.0003580, val_kl_loss-0.0000000
2025-03-05 13:21:37 - INFO - epoch-286, train_mse_loss-0.0003243, train_kl_loss-0.0000000, val_mse_loss-0.0003581, val_kl_loss-0.0000000
2025-03-05 13:25:53 - INFO - epoch-287, train_mse_loss-0.0003243, train_kl_loss-0.0000000, val_mse_loss-0.0003586, val_kl_loss-0.0000000
2025-03-05 13:30:09 - INFO - epoch-288, train_mse_loss-0.0003243, train_kl_loss-0.0000000, val_mse_loss-0.0003590, val_kl_loss-0.0000000
2025-03-05 13:34:24 - INFO - epoch-289, train_mse_loss-0.0003243, train_kl_loss-0.0000000, val_mse_loss-0.0003599, val_kl_loss-0.0000000
2025-03-05 13:38:40 - INFO - epoch-290, train_mse_loss-0.0003243, train_kl_loss-0.0000000, val_mse_loss-0.0003574, val_kl_loss-0.0000000
2025-03-05 13:42:56 - INFO - epoch-291, train_mse_loss-0.0003242, train_kl_loss-0.0000000, val_mse_loss-0.0003583, val_kl_loss-0.0000000
2025-03-05 13:47:11 - INFO - epoch-292, train_mse_loss-0.0003242, train_kl_loss-0.0000000, val_mse_loss-0.0003584, val_kl_loss-0.0000000
2025-03-05 13:51:29 - INFO - epoch-293, train_mse_loss-0.0003242, train_kl_loss-0.0000000, val_mse_loss-0.0003583, val_kl_loss-0.0000000
2025-03-05 13:55:44 - INFO - epoch-294, train_mse_loss-0.0003242, train_kl_loss-0.0000000, val_mse_loss-0.0003577, val_kl_loss-0.0000000
2025-03-05 14:00:00 - INFO - epoch-295, train_mse_loss-0.0003242, train_kl_loss-0.0000000, val_mse_loss-0.0003583, val_kl_loss-0.0000000
2025-03-05 14:04:17 - INFO - epoch-296, train_mse_loss-0.0003242, train_kl_loss-0.0000000, val_mse_loss-0.0003579, val_kl_loss-0.0000000
2025-03-05 14:08:44 - INFO - epoch-297, train_mse_loss-0.0003242, train_kl_loss-0.0000000, val_mse_loss-0.0003580, val_kl_loss-0.0000000
2025-03-05 14:13:13 - INFO - epoch-298, train_mse_loss-0.0003242, train_kl_loss-0.0000000, val_mse_loss-0.0003574, val_kl_loss-0.0000000
2025-03-05 14:17:41 - INFO - epoch-299, train_mse_loss-0.0003242, train_kl_loss-0.0000000, val_mse_loss-0.0003573, val_kl_loss-0.0000000
2025-03-05 14:21:58 - INFO - epoch-300, train_mse_loss-0.0003242, train_kl_loss-0.0000000, val_mse_loss-0.0003576, val_kl_loss-0.0000000
2025-03-05 14:26:15 - INFO - epoch-301, train_mse_loss-0.0003242, train_kl_loss-0.0000000, val_mse_loss-0.0003574, val_kl_loss-0.0000000
2025-03-05 14:30:31 - INFO - epoch-302, train_mse_loss-0.0003242, train_kl_loss-0.0000000, val_mse_loss-0.0003571, val_kl_loss-0.0000000
2025-03-05 14:34:49 - INFO - epoch-303, train_mse_loss-0.0003242, train_kl_loss-0.0000000, val_mse_loss-0.0003577, val_kl_loss-0.0000000
2025-03-05 14:39:10 - INFO - epoch-304, train_mse_loss-0.0003242, train_kl_loss-0.0000000, val_mse_loss-0.0003572, val_kl_loss-0.0000000
2025-03-05 14:43:29 - INFO - epoch-305, train_mse_loss-0.0003242, train_kl_loss-0.0000000, val_mse_loss-0.0003571, val_kl_loss-0.0000000
2025-03-05 14:47:47 - INFO - epoch-306, train_mse_loss-0.0003242, train_kl_loss-0.0000000, val_mse_loss-0.0003572, val_kl_loss-0.0000000
2025-03-05 14:52:04 - INFO - epoch-307, train_mse_loss-0.0003242, train_kl_loss-0.0000000, val_mse_loss-0.0003577, val_kl_loss-0.0000000
2025-03-05 14:56:20 - INFO - epoch-308, train_mse_loss-0.0003242, train_kl_loss-0.0000000, val_mse_loss-0.0003581, val_kl_loss-0.0000000
2025-03-05 15:00:37 - INFO - epoch-309, train_mse_loss-0.0003242, train_kl_loss-0.0000000, val_mse_loss-0.0003577, val_kl_loss-0.0000000
2025-03-05 15:04:54 - INFO - epoch-310, train_mse_loss-0.0003242, train_kl_loss-0.0000000, val_mse_loss-0.0003583, val_kl_loss-0.0000000
2025-03-05 15:09:12 - INFO - epoch-311, train_mse_loss-0.0003242, train_kl_loss-0.0000000, val_mse_loss-0.0003585, val_kl_loss-0.0000000
2025-03-05 15:13:30 - INFO - epoch-312, train_mse_loss-0.0003242, train_kl_loss-0.0000000, val_mse_loss-0.0003586, val_kl_loss-0.0000000
2025-03-05 15:17:47 - INFO - epoch-313, train_mse_loss-0.0003242, train_kl_loss-0.0000000, val_mse_loss-0.0003590, val_kl_loss-0.0000000
2025-03-05 15:22:05 - INFO - epoch-314, train_mse_loss-0.0003242, train_kl_loss-0.0000000, val_mse_loss-0.0003584, val_kl_loss-0.0000000
2025-03-05 15:26:21 - INFO - epoch-315, train_mse_loss-0.0003242, train_kl_loss-0.0000000, val_mse_loss-0.0003592, val_kl_loss-0.0000000
2025-03-05 15:30:37 - INFO - epoch-316, train_mse_loss-0.0003242, train_kl_loss-0.0000000, val_mse_loss-0.0003594, val_kl_loss-0.0000000
2025-03-05 15:34:57 - INFO - epoch-317, train_mse_loss-0.0003242, train_kl_loss-0.0000000, val_mse_loss-0.0003592, val_kl_loss-0.0000000
2025-03-05 15:39:15 - INFO - epoch-318, train_mse_loss-0.0003241, train_kl_loss-0.0000000, val_mse_loss-0.0003595, val_kl_loss-0.0000000
2025-03-05 15:43:32 - INFO - epoch-319, train_mse_loss-0.0003241, train_kl_loss-0.0000000, val_mse_loss-0.0003593, val_kl_loss-0.0000000
2025-03-05 15:47:49 - INFO - epoch-320, train_mse_loss-0.0003241, train_kl_loss-0.0000000, val_mse_loss-0.0003598, val_kl_loss-0.0000000
2025-03-05 15:52:08 - INFO - epoch-321, train_mse_loss-0.0003241, train_kl_loss-0.0000000, val_mse_loss-0.0003599, val_kl_loss-0.0000000
2025-03-05 15:56:28 - INFO - epoch-322, train_mse_loss-0.0003241, train_kl_loss-0.0000000, val_mse_loss-0.0003598, val_kl_loss-0.0000000
2025-03-05 16:00:44 - INFO - epoch-323, train_mse_loss-0.0003241, train_kl_loss-0.0000000, val_mse_loss-0.0003601, val_kl_loss-0.0000000
2025-03-05 16:05:04 - INFO - epoch-324, train_mse_loss-0.0003241, train_kl_loss-0.0000000, val_mse_loss-0.0003602, val_kl_loss-0.0000000
2025-03-05 16:09:21 - INFO - epoch-325, train_mse_loss-0.0003241, train_kl_loss-0.0000000, val_mse_loss-0.0003593, val_kl_loss-0.0000000
2025-03-05 16:13:37 - INFO - epoch-326, train_mse_loss-0.0003241, train_kl_loss-0.0000000, val_mse_loss-0.0003598, val_kl_loss-0.0000000
2025-03-05 16:17:54 - INFO - epoch-327, train_mse_loss-0.0003241, train_kl_loss-0.0000000, val_mse_loss-0.0003597, val_kl_loss-0.0000000
2025-03-05 16:22:10 - INFO - epoch-328, train_mse_loss-0.0003241, train_kl_loss-0.0000000, val_mse_loss-0.0003587, val_kl_loss-0.0000000
2025-03-05 16:26:28 - INFO - epoch-329, train_mse_loss-0.0003241, train_kl_loss-0.0000000, val_mse_loss-0.0003593, val_kl_loss-0.0000000
2025-03-05 16:30:47 - INFO - epoch-330, train_mse_loss-0.0003241, train_kl_loss-0.0000000, val_mse_loss-0.0003576, val_kl_loss-0.0000000
2025-03-05 16:35:05 - INFO - epoch-331, train_mse_loss-0.0003241, train_kl_loss-0.0000000, val_mse_loss-0.0003578, val_kl_loss-0.0000000
2025-03-05 16:39:22 - INFO - epoch-332, train_mse_loss-0.0003241, train_kl_loss-0.0000000, val_mse_loss-0.0003580, val_kl_loss-0.0000000
2025-03-05 16:43:39 - INFO - epoch-333, train_mse_loss-0.0003241, train_kl_loss-0.0000000, val_mse_loss-0.0003568, val_kl_loss-0.0000000
2025-03-05 16:47:56 - INFO - epoch-334, train_mse_loss-0.0003241, train_kl_loss-0.0000000, val_mse_loss-0.0003586, val_kl_loss-0.0000000
2025-03-05 16:52:12 - INFO - epoch-335, train_mse_loss-0.0003241, train_kl_loss-0.0000000, val_mse_loss-0.0003525, val_kl_loss-0.0000000
2025-03-05 16:56:28 - INFO - epoch-336, train_mse_loss-0.0003241, train_kl_loss-0.0000000, val_mse_loss-0.0003566, val_kl_loss-0.0000000
2025-03-05 17:00:45 - INFO - epoch-337, train_mse_loss-0.0003241, train_kl_loss-0.0000000, val_mse_loss-0.0003538, val_kl_loss-0.0000000
2025-03-05 17:05:03 - INFO - epoch-338, train_mse_loss-0.0003241, train_kl_loss-0.0000000, val_mse_loss-0.0003510, val_kl_loss-0.0000000
2025-03-05 17:09:21 - INFO - epoch-339, train_mse_loss-0.0003241, train_kl_loss-0.0000000, val_mse_loss-0.0003522, val_kl_loss-0.0000000
2025-03-05 17:13:38 - INFO - epoch-340, train_mse_loss-0.0003241, train_kl_loss-0.0000000, val_mse_loss-0.0003504, val_kl_loss-0.0000000
2025-03-05 17:17:55 - INFO - epoch-341, train_mse_loss-0.0003241, train_kl_loss-0.0000000, val_mse_loss-0.0003492, val_kl_loss-0.0000000
2025-03-05 17:22:12 - INFO - epoch-342, train_mse_loss-0.0003241, train_kl_loss-0.0000000, val_mse_loss-0.0003488, val_kl_loss-0.0000000
2025-03-05 17:26:31 - INFO - epoch-343, train_mse_loss-0.0003241, train_kl_loss-0.0000000, val_mse_loss-0.0003474, val_kl_loss-0.0000000
2025-03-05 17:30:47 - INFO - epoch-344, train_mse_loss-0.0003241, train_kl_loss-0.0000000, val_mse_loss-0.0003470, val_kl_loss-0.0000000
2025-03-05 17:35:05 - INFO - epoch-345, train_mse_loss-0.0003241, train_kl_loss-0.0000000, val_mse_loss-0.0003466, val_kl_loss-0.0000000
2025-03-05 17:39:22 - INFO - epoch-346, train_mse_loss-0.0003241, train_kl_loss-0.0000000, val_mse_loss-0.0003462, val_kl_loss-0.0000000
2025-03-05 17:43:39 - INFO - epoch-347, train_mse_loss-0.0003241, train_kl_loss-0.0000000, val_mse_loss-0.0003453, val_kl_loss-0.0000000
2025-03-05 17:47:56 - INFO - epoch-348, train_mse_loss-0.0003241, train_kl_loss-0.0000000, val_mse_loss-0.0003458, val_kl_loss-0.0000000
2025-03-05 17:52:13 - INFO - epoch-349, train_mse_loss-0.0003241, train_kl_loss-0.0000000, val_mse_loss-0.0003459, val_kl_loss-0.0000000
2025-03-05 17:56:29 - INFO - epoch-350, train_mse_loss-0.0003240, train_kl_loss-0.0000000, val_mse_loss-0.0003455, val_kl_loss-0.0000000
2025-03-05 18:00:45 - INFO - epoch-351, train_mse_loss-0.0003240, train_kl_loss-0.0000000, val_mse_loss-0.0003458, val_kl_loss-0.0000000
2025-03-05 18:05:02 - INFO - epoch-352, train_mse_loss-0.0003240, train_kl_loss-0.0000000, val_mse_loss-0.0003465, val_kl_loss-0.0000000
2025-03-05 18:09:18 - INFO - epoch-353, train_mse_loss-0.0003240, train_kl_loss-0.0000000, val_mse_loss-0.0003474, val_kl_loss-0.0000000
2025-03-05 18:13:34 - INFO - epoch-354, train_mse_loss-0.0003240, train_kl_loss-0.0000000, val_mse_loss-0.0003458, val_kl_loss-0.0000000
2025-03-05 18:17:51 - INFO - epoch-355, train_mse_loss-0.0003240, train_kl_loss-0.0000000, val_mse_loss-0.0003465, val_kl_loss-0.0000000
2025-03-05 18:22:08 - INFO - epoch-356, train_mse_loss-0.0003240, train_kl_loss-0.0000000, val_mse_loss-0.0003460, val_kl_loss-0.0000000
2025-03-05 18:26:28 - INFO - epoch-357, train_mse_loss-0.0003240, train_kl_loss-0.0000000, val_mse_loss-0.0003467, val_kl_loss-0.0000000
2025-03-05 18:30:44 - INFO - epoch-358, train_mse_loss-0.0003240, train_kl_loss-0.0000000, val_mse_loss-0.0003454, val_kl_loss-0.0000000
2025-03-05 18:35:00 - INFO - epoch-359, train_mse_loss-0.0003240, train_kl_loss-0.0000000, val_mse_loss-0.0003452, val_kl_loss-0.0000000
2025-03-05 18:39:17 - INFO - epoch-360, train_mse_loss-0.0003240, train_kl_loss-0.0000000, val_mse_loss-0.0003454, val_kl_loss-0.0000000
2025-03-05 18:43:34 - INFO - epoch-361, train_mse_loss-0.0003240, train_kl_loss-0.0000000, val_mse_loss-0.0003446, val_kl_loss-0.0000000
2025-03-05 18:47:50 - INFO - epoch-362, train_mse_loss-0.0003240, train_kl_loss-0.0000000, val_mse_loss-0.0003446, val_kl_loss-0.0000000
2025-03-05 18:52:08 - INFO - epoch-363, train_mse_loss-0.0003240, train_kl_loss-0.0000000, val_mse_loss-0.0003445, val_kl_loss-0.0000000
2025-03-05 18:56:24 - INFO - epoch-364, train_mse_loss-0.0003240, train_kl_loss-0.0000000, val_mse_loss-0.0003451, val_kl_loss-0.0000000
2025-03-05 19:00:41 - INFO - epoch-365, train_mse_loss-0.0003240, train_kl_loss-0.0000000, val_mse_loss-0.0003440, val_kl_loss-0.0000000
2025-03-05 19:04:58 - INFO - epoch-366, train_mse_loss-0.0003240, train_kl_loss-0.0000000, val_mse_loss-0.0003444, val_kl_loss-0.0000000
2025-03-05 19:09:15 - INFO - epoch-367, train_mse_loss-0.0003240, train_kl_loss-0.0000000, val_mse_loss-0.0003448, val_kl_loss-0.0000000
2025-03-05 19:13:34 - INFO - epoch-368, train_mse_loss-0.0003240, train_kl_loss-0.0000000, val_mse_loss-0.0003442, val_kl_loss-0.0000000
2025-03-05 19:17:52 - INFO - epoch-369, train_mse_loss-0.0003240, train_kl_loss-0.0000000, val_mse_loss-0.0003440, val_kl_loss-0.0000000
2025-03-05 19:22:08 - INFO - epoch-370, train_mse_loss-0.0003240, train_kl_loss-0.0000000, val_mse_loss-0.0003436, val_kl_loss-0.0000000
2025-03-05 19:26:25 - INFO - epoch-371, train_mse_loss-0.0003240, train_kl_loss-0.0000000, val_mse_loss-0.0003442, val_kl_loss-0.0000000
2025-03-05 19:30:42 - INFO - epoch-372, train_mse_loss-0.0003240, train_kl_loss-0.0000000, val_mse_loss-0.0003438, val_kl_loss-0.0000000
2025-03-05 19:34:59 - INFO - epoch-373, train_mse_loss-0.0003240, train_kl_loss-0.0000000, val_mse_loss-0.0003441, val_kl_loss-0.0000000
2025-03-05 19:39:17 - INFO - epoch-374, train_mse_loss-0.0003240, train_kl_loss-0.0000000, val_mse_loss-0.0003454, val_kl_loss-0.0000000
2025-03-05 19:43:35 - INFO - epoch-375, train_mse_loss-0.0003240, train_kl_loss-0.0000000, val_mse_loss-0.0003437, val_kl_loss-0.0000000
2025-03-05 19:47:52 - INFO - epoch-376, train_mse_loss-0.0003240, train_kl_loss-0.0000000, val_mse_loss-0.0003429, val_kl_loss-0.0000000
2025-03-05 19:52:09 - INFO - epoch-377, train_mse_loss-0.0003240, train_kl_loss-0.0000000, val_mse_loss-0.0003440, val_kl_loss-0.0000000
2025-03-05 19:56:26 - INFO - epoch-378, train_mse_loss-0.0003240, train_kl_loss-0.0000000, val_mse_loss-0.0003438, val_kl_loss-0.0000000
2025-03-05 20:00:44 - INFO - epoch-379, train_mse_loss-0.0003240, train_kl_loss-0.0000000, val_mse_loss-0.0003427, val_kl_loss-0.0000000
2025-03-05 20:05:01 - INFO - epoch-380, train_mse_loss-0.0003240, train_kl_loss-0.0000000, val_mse_loss-0.0003436, val_kl_loss-0.0000000
2025-03-05 20:09:18 - INFO - epoch-381, train_mse_loss-0.0003240, train_kl_loss-0.0000000, val_mse_loss-0.0003440, val_kl_loss-0.0000000
2025-03-05 20:13:35 - INFO - epoch-382, train_mse_loss-0.0003240, train_kl_loss-0.0000000, val_mse_loss-0.0003428, val_kl_loss-0.0000000
2025-03-05 20:17:53 - INFO - epoch-383, train_mse_loss-0.0003240, train_kl_loss-0.0000000, val_mse_loss-0.0003431, val_kl_loss-0.0000000
2025-03-05 20:22:11 - INFO - epoch-384, train_mse_loss-0.0003240, train_kl_loss-0.0000000, val_mse_loss-0.0003429, val_kl_loss-0.0000000
2025-03-05 20:26:28 - INFO - epoch-385, train_mse_loss-0.0003240, train_kl_loss-0.0000000, val_mse_loss-0.0003423, val_kl_loss-0.0000000
2025-03-05 20:30:45 - INFO - epoch-386, train_mse_loss-0.0003240, train_kl_loss-0.0000000, val_mse_loss-0.0003425, val_kl_loss-0.0000000
2025-03-05 20:35:02 - INFO - epoch-387, train_mse_loss-0.0003240, train_kl_loss-0.0000000, val_mse_loss-0.0003419, val_kl_loss-0.0000000
2025-03-05 20:39:19 - INFO - epoch-388, train_mse_loss-0.0003240, train_kl_loss-0.0000000, val_mse_loss-0.0003418, val_kl_loss-0.0000000
2025-03-05 20:43:36 - INFO - epoch-389, train_mse_loss-0.0003240, train_kl_loss-0.0000000, val_mse_loss-0.0003413, val_kl_loss-0.0000000
2025-03-05 20:47:54 - INFO - epoch-390, train_mse_loss-0.0003240, train_kl_loss-0.0000000, val_mse_loss-0.0003410, val_kl_loss-0.0000000
2025-03-05 20:52:11 - INFO - epoch-391, train_mse_loss-0.0003240, train_kl_loss-0.0000000, val_mse_loss-0.0003408, val_kl_loss-0.0000000
2025-03-05 20:56:28 - INFO - epoch-392, train_mse_loss-0.0003240, train_kl_loss-0.0000000, val_mse_loss-0.0003421, val_kl_loss-0.0000000
2025-03-05 21:00:45 - INFO - epoch-393, train_mse_loss-0.0003240, train_kl_loss-0.0000000, val_mse_loss-0.0003414, val_kl_loss-0.0000000
2025-03-05 21:05:02 - INFO - epoch-394, train_mse_loss-0.0003240, train_kl_loss-0.0000000, val_mse_loss-0.0003420, val_kl_loss-0.0000000
2025-03-05 21:09:20 - INFO - epoch-395, train_mse_loss-0.0003240, train_kl_loss-0.0000000, val_mse_loss-0.0003416, val_kl_loss-0.0000000
2025-03-05 21:13:37 - INFO - epoch-396, train_mse_loss-0.0003240, train_kl_loss-0.0000000, val_mse_loss-0.0003413, val_kl_loss-0.0000000
2025-03-05 21:17:54 - INFO - epoch-397, train_mse_loss-0.0003239, train_kl_loss-0.0000000, val_mse_loss-0.0003420, val_kl_loss-0.0000000
2025-03-05 21:22:11 - INFO - epoch-398, train_mse_loss-0.0003240, train_kl_loss-0.0000000, val_mse_loss-0.0003409, val_kl_loss-0.0000000
2025-03-05 21:26:28 - INFO - epoch-399, train_mse_loss-0.0003240, train_kl_loss-0.0000000, val_mse_loss-0.0003418, val_kl_loss-0.0000000
2025-03-05 21:30:45 - INFO - epoch-400, train_mse_loss-0.0003240, train_kl_loss-0.0000000, val_mse_loss-0.0003418, val_kl_loss-0.0000000
2025-03-05 21:35:02 - INFO - epoch-401, train_mse_loss-0.0003240, train_kl_loss-0.0000000, val_mse_loss-0.0003416, val_kl_loss-0.0000000
2025-03-05 21:39:19 - INFO - epoch-402, train_mse_loss-0.0003240, train_kl_loss-0.0000000, val_mse_loss-0.0003408, val_kl_loss-0.0000000
2025-03-05 21:43:36 - INFO - epoch-403, train_mse_loss-0.0003239, train_kl_loss-0.0000000, val_mse_loss-0.0003415, val_kl_loss-0.0000000
2025-03-05 21:47:53 - INFO - epoch-404, train_mse_loss-0.0003239, train_kl_loss-0.0000000, val_mse_loss-0.0003411, val_kl_loss-0.0000000
2025-03-05 21:52:17 - INFO - epoch-405, train_mse_loss-0.0003240, train_kl_loss-0.0000000, val_mse_loss-0.0003407, val_kl_loss-0.0000000
2025-03-05 21:56:47 - INFO - epoch-406, train_mse_loss-0.0003239, train_kl_loss-0.0000000, val_mse_loss-0.0003412, val_kl_loss-0.0000000
2025-03-05 22:01:11 - INFO - epoch-407, train_mse_loss-0.0003239, train_kl_loss-0.0000000, val_mse_loss-0.0003402, val_kl_loss-0.0000000
2025-03-05 22:05:41 - INFO - epoch-408, train_mse_loss-0.0003239, train_kl_loss-0.0000000, val_mse_loss-0.0003415, val_kl_loss-0.0000000
2025-03-05 22:10:05 - INFO - epoch-409, train_mse_loss-0.0003239, train_kl_loss-0.0000000, val_mse_loss-0.0003404, val_kl_loss-0.0000000
2025-03-05 22:14:30 - INFO - epoch-410, train_mse_loss-0.0003239, train_kl_loss-0.0000000, val_mse_loss-0.0003408, val_kl_loss-0.0000000
2025-03-05 22:18:55 - INFO - epoch-411, train_mse_loss-0.0003239, train_kl_loss-0.0000000, val_mse_loss-0.0003416, val_kl_loss-0.0000000
2025-03-05 22:23:24 - INFO - epoch-412, train_mse_loss-0.0003239, train_kl_loss-0.0000000, val_mse_loss-0.0003411, val_kl_loss-0.0000000
2025-03-05 22:27:49 - INFO - epoch-413, train_mse_loss-0.0003239, train_kl_loss-0.0000000, val_mse_loss-0.0003398, val_kl_loss-0.0000000
2025-03-05 22:32:16 - INFO - epoch-414, train_mse_loss-0.0003239, train_kl_loss-0.0000000, val_mse_loss-0.0003402, val_kl_loss-0.0000000
2025-03-05 22:36:44 - INFO - epoch-415, train_mse_loss-0.0003239, train_kl_loss-0.0000000, val_mse_loss-0.0003410, val_kl_loss-0.0000000
2025-03-05 22:41:09 - INFO - epoch-416, train_mse_loss-0.0003239, train_kl_loss-0.0000000, val_mse_loss-0.0003412, val_kl_loss-0.0000000
2025-03-05 22:45:37 - INFO - epoch-417, train_mse_loss-0.0003239, train_kl_loss-0.0000000, val_mse_loss-0.0003405, val_kl_loss-0.0000000
2025-03-05 22:50:02 - INFO - epoch-418, train_mse_loss-0.0003239, train_kl_loss-0.0000000, val_mse_loss-0.0003397, val_kl_loss-0.0000000
2025-03-05 22:54:27 - INFO - epoch-419, train_mse_loss-0.0003239, train_kl_loss-0.0000000, val_mse_loss-0.0003411, val_kl_loss-0.0000000
2025-03-05 22:58:53 - INFO - epoch-420, train_mse_loss-0.0003239, train_kl_loss-0.0000000, val_mse_loss-0.0003403, val_kl_loss-0.0000000
2025-03-05 23:03:16 - INFO - epoch-421, train_mse_loss-0.0003239, train_kl_loss-0.0000000, val_mse_loss-0.0003405, val_kl_loss-0.0000000
2025-03-05 23:07:41 - INFO - epoch-422, train_mse_loss-0.0003239, train_kl_loss-0.0000000, val_mse_loss-0.0003400, val_kl_loss-0.0000000
2025-03-05 23:12:04 - INFO - epoch-423, train_mse_loss-0.0003239, train_kl_loss-0.0000000, val_mse_loss-0.0003400, val_kl_loss-0.0000000
2025-03-05 23:16:26 - INFO - epoch-424, train_mse_loss-0.0003239, train_kl_loss-0.0000000, val_mse_loss-0.0003397, val_kl_loss-0.0000000
2025-03-05 23:20:43 - INFO - epoch-425, train_mse_loss-0.0003239, train_kl_loss-0.0000000, val_mse_loss-0.0003401, val_kl_loss-0.0000000
2025-03-05 23:24:59 - INFO - epoch-426, train_mse_loss-0.0003239, train_kl_loss-0.0000000, val_mse_loss-0.0003407, val_kl_loss-0.0000000
2025-03-05 23:29:16 - INFO - epoch-427, train_mse_loss-0.0003239, train_kl_loss-0.0000000, val_mse_loss-0.0003408, val_kl_loss-0.0000000
2025-03-05 23:33:33 - INFO - epoch-428, train_mse_loss-0.0003239, train_kl_loss-0.0000000, val_mse_loss-0.0003408, val_kl_loss-0.0000000
2025-03-05 23:37:51 - INFO - epoch-429, train_mse_loss-0.0003239, train_kl_loss-0.0000000, val_mse_loss-0.0003401, val_kl_loss-0.0000000
2025-03-05 23:42:07 - INFO - epoch-430, train_mse_loss-0.0003239, train_kl_loss-0.0000000, val_mse_loss-0.0003401, val_kl_loss-0.0000000
2025-03-05 23:46:24 - INFO - epoch-431, train_mse_loss-0.0003239, train_kl_loss-0.0000000, val_mse_loss-0.0003401, val_kl_loss-0.0000000
2025-03-05 23:50:43 - INFO - epoch-432, train_mse_loss-0.0003239, train_kl_loss-0.0000000, val_mse_loss-0.0003406, val_kl_loss-0.0000000
2025-03-05 23:55:00 - INFO - epoch-433, train_mse_loss-0.0003239, train_kl_loss-0.0000000, val_mse_loss-0.0003398, val_kl_loss-0.0000000
2025-03-05 23:59:17 - INFO - epoch-434, train_mse_loss-0.0003239, train_kl_loss-0.0000000, val_mse_loss-0.0003410, val_kl_loss-0.0000000
2025-03-06 00:03:34 - INFO - epoch-435, train_mse_loss-0.0003239, train_kl_loss-0.0000000, val_mse_loss-0.0003413, val_kl_loss-0.0000000
2025-03-06 00:07:51 - INFO - epoch-436, train_mse_loss-0.0003239, train_kl_loss-0.0000000, val_mse_loss-0.0003405, val_kl_loss-0.0000000
2025-03-06 00:12:08 - INFO - epoch-437, train_mse_loss-0.0003239, train_kl_loss-0.0000000, val_mse_loss-0.0003402, val_kl_loss-0.0000000
2025-03-06 00:16:24 - INFO - epoch-438, train_mse_loss-0.0003239, train_kl_loss-0.0000000, val_mse_loss-0.0003405, val_kl_loss-0.0000000
2025-03-06 00:20:41 - INFO - epoch-439, train_mse_loss-0.0003239, train_kl_loss-0.0000000, val_mse_loss-0.0003411, val_kl_loss-0.0000000
2025-03-06 00:24:58 - INFO - epoch-440, train_mse_loss-0.0003239, train_kl_loss-0.0000000, val_mse_loss-0.0003409, val_kl_loss-0.0000000
2025-03-06 00:29:15 - INFO - epoch-441, train_mse_loss-0.0003239, train_kl_loss-0.0000000, val_mse_loss-0.0003408, val_kl_loss-0.0000000
2025-03-06 00:33:32 - INFO - epoch-442, train_mse_loss-0.0003239, train_kl_loss-0.0000000, val_mse_loss-0.0003407, val_kl_loss-0.0000000
2025-03-06 00:37:50 - INFO - epoch-443, train_mse_loss-0.0003239, train_kl_loss-0.0000000, val_mse_loss-0.0003409, val_kl_loss-0.0000000
2025-03-06 00:42:10 - INFO - epoch-444, train_mse_loss-0.0003239, train_kl_loss-0.0000000, val_mse_loss-0.0003413, val_kl_loss-0.0000000
2025-03-06 00:46:27 - INFO - epoch-445, train_mse_loss-0.0003239, train_kl_loss-0.0000000, val_mse_loss-0.0003406, val_kl_loss-0.0000000
2025-03-06 00:50:44 - INFO - epoch-446, train_mse_loss-0.0003239, train_kl_loss-0.0000000, val_mse_loss-0.0003400, val_kl_loss-0.0000000
2025-03-06 00:55:03 - INFO - epoch-447, train_mse_loss-0.0003239, train_kl_loss-0.0000000, val_mse_loss-0.0003403, val_kl_loss-0.0000000
2025-03-06 00:59:20 - INFO - epoch-448, train_mse_loss-0.0003239, train_kl_loss-0.0000000, val_mse_loss-0.0003402, val_kl_loss-0.0000000
2025-03-06 01:03:38 - INFO - epoch-449, train_mse_loss-0.0003239, train_kl_loss-0.0000000, val_mse_loss-0.0003404, val_kl_loss-0.0000000
2025-03-06 01:07:55 - INFO - epoch-450, train_mse_loss-0.0003239, train_kl_loss-0.0000000, val_mse_loss-0.0003403, val_kl_loss-0.0000000
2025-03-06 01:12:12 - INFO - epoch-451, train_mse_loss-0.0003239, train_kl_loss-0.0000000, val_mse_loss-0.0003405, val_kl_loss-0.0000000
2025-03-06 01:16:30 - INFO - epoch-452, train_mse_loss-0.0003239, train_kl_loss-0.0000000, val_mse_loss-0.0003409, val_kl_loss-0.0000000
2025-03-06 01:20:47 - INFO - epoch-453, train_mse_loss-0.0003239, train_kl_loss-0.0000000, val_mse_loss-0.0003409, val_kl_loss-0.0000000
2025-03-06 01:25:05 - INFO - epoch-454, train_mse_loss-0.0003239, train_kl_loss-0.0000000, val_mse_loss-0.0003414, val_kl_loss-0.0000000
2025-03-06 01:29:22 - INFO - epoch-455, train_mse_loss-0.0003239, train_kl_loss-0.0000000, val_mse_loss-0.0003404, val_kl_loss-0.0000000
2025-03-06 01:33:39 - INFO - epoch-456, train_mse_loss-0.0003239, train_kl_loss-0.0000000, val_mse_loss-0.0003407, val_kl_loss-0.0000000
2025-03-06 01:37:56 - INFO - epoch-457, train_mse_loss-0.0003239, train_kl_loss-0.0000000, val_mse_loss-0.0003406, val_kl_loss-0.0000000
2025-03-06 01:42:13 - INFO - epoch-458, train_mse_loss-0.0003239, train_kl_loss-0.0000000, val_mse_loss-0.0003402, val_kl_loss-0.0000000
2025-03-06 01:46:31 - INFO - epoch-459, train_mse_loss-0.0003239, train_kl_loss-0.0000000, val_mse_loss-0.0003398, val_kl_loss-0.0000000
2025-03-06 01:50:48 - INFO - epoch-460, train_mse_loss-0.0003239, train_kl_loss-0.0000000, val_mse_loss-0.0003404, val_kl_loss-0.0000000
2025-03-06 01:55:06 - INFO - epoch-461, train_mse_loss-0.0003239, train_kl_loss-0.0000000, val_mse_loss-0.0003407, val_kl_loss-0.0000000
2025-03-06 01:59:24 - INFO - epoch-462, train_mse_loss-0.0003239, train_kl_loss-0.0000000, val_mse_loss-0.0003406, val_kl_loss-0.0000000
2025-03-06 02:03:45 - INFO - epoch-463, train_mse_loss-0.0003239, train_kl_loss-0.0000000, val_mse_loss-0.0003409, val_kl_loss-0.0000000
2025-03-06 02:08:01 - INFO - epoch-464, train_mse_loss-0.0003239, train_kl_loss-0.0000000, val_mse_loss-0.0003408, val_kl_loss-0.0000000
2025-03-06 02:12:18 - INFO - epoch-465, train_mse_loss-0.0003239, train_kl_loss-0.0000000, val_mse_loss-0.0003403, val_kl_loss-0.0000000
2025-03-06 02:16:35 - INFO - epoch-466, train_mse_loss-0.0003239, train_kl_loss-0.0000000, val_mse_loss-0.0003402, val_kl_loss-0.0000000
2025-03-06 02:20:53 - INFO - epoch-467, train_mse_loss-0.0003239, train_kl_loss-0.0000000, val_mse_loss-0.0003402, val_kl_loss-0.0000000
2025-03-06 02:25:09 - INFO - epoch-468, train_mse_loss-0.0003239, train_kl_loss-0.0000000, val_mse_loss-0.0003407, val_kl_loss-0.0000000
2025-03-06 02:29:26 - INFO - epoch-469, train_mse_loss-0.0003239, train_kl_loss-0.0000000, val_mse_loss-0.0003401, val_kl_loss-0.0000000
2025-03-06 02:33:44 - INFO - epoch-470, train_mse_loss-0.0003239, train_kl_loss-0.0000000, val_mse_loss-0.0003399, val_kl_loss-0.0000000
2025-03-06 02:38:00 - INFO - epoch-471, train_mse_loss-0.0003239, train_kl_loss-0.0000000, val_mse_loss-0.0003395, val_kl_loss-0.0000000
2025-03-06 02:42:17 - INFO - epoch-472, train_mse_loss-0.0003239, train_kl_loss-0.0000000, val_mse_loss-0.0003403, val_kl_loss-0.0000000
2025-03-06 02:46:33 - INFO - epoch-473, train_mse_loss-0.0003239, train_kl_loss-0.0000000, val_mse_loss-0.0003406, val_kl_loss-0.0000000
2025-03-06 02:50:50 - INFO - epoch-474, train_mse_loss-0.0003239, train_kl_loss-0.0000000, val_mse_loss-0.0003404, val_kl_loss-0.0000000
2025-03-06 02:55:07 - INFO - epoch-475, train_mse_loss-0.0003239, train_kl_loss-0.0000000, val_mse_loss-0.0003404, val_kl_loss-0.0000000
2025-03-06 02:59:24 - INFO - epoch-476, train_mse_loss-0.0003239, train_kl_loss-0.0000000, val_mse_loss-0.0003405, val_kl_loss-0.0000000
2025-03-06 03:03:42 - INFO - epoch-477, train_mse_loss-0.0003239, train_kl_loss-0.0000000, val_mse_loss-0.0003414, val_kl_loss-0.0000000
2025-03-06 03:08:00 - INFO - epoch-478, train_mse_loss-0.0003239, train_kl_loss-0.0000000, val_mse_loss-0.0003406, val_kl_loss-0.0000000
2025-03-06 03:12:17 - INFO - epoch-479, train_mse_loss-0.0003239, train_kl_loss-0.0000000, val_mse_loss-0.0003411, val_kl_loss-0.0000000
2025-03-06 03:16:33 - INFO - epoch-480, train_mse_loss-0.0003239, train_kl_loss-0.0000000, val_mse_loss-0.0003406, val_kl_loss-0.0000000
2025-03-06 03:20:50 - INFO - epoch-481, train_mse_loss-0.0003239, train_kl_loss-0.0000000, val_mse_loss-0.0003406, val_kl_loss-0.0000000
2025-03-06 03:25:07 - INFO - epoch-482, train_mse_loss-0.0003239, train_kl_loss-0.0000000, val_mse_loss-0.0003406, val_kl_loss-0.0000000
2025-03-06 03:29:25 - INFO - epoch-483, train_mse_loss-0.0003239, train_kl_loss-0.0000000, val_mse_loss-0.0003400, val_kl_loss-0.0000000
2025-03-06 03:33:42 - INFO - epoch-484, train_mse_loss-0.0003239, train_kl_loss-0.0000000, val_mse_loss-0.0003409, val_kl_loss-0.0000000
2025-03-06 03:37:59 - INFO - epoch-485, train_mse_loss-0.0003239, train_kl_loss-0.0000000, val_mse_loss-0.0003397, val_kl_loss-0.0000000
2025-03-06 03:42:16 - INFO - epoch-486, train_mse_loss-0.0003239, train_kl_loss-0.0000000, val_mse_loss-0.0003409, val_kl_loss-0.0000000
2025-03-06 03:46:32 - INFO - epoch-487, train_mse_loss-0.0003239, train_kl_loss-0.0000000, val_mse_loss-0.0003400, val_kl_loss-0.0000000
2025-03-06 03:50:49 - INFO - epoch-488, train_mse_loss-0.0003239, train_kl_loss-0.0000000, val_mse_loss-0.0003402, val_kl_loss-0.0000000
2025-03-06 03:55:05 - INFO - epoch-489, train_mse_loss-0.0003239, train_kl_loss-0.0000000, val_mse_loss-0.0003404, val_kl_loss-0.0000000
2025-03-06 03:59:21 - INFO - epoch-490, train_mse_loss-0.0003239, train_kl_loss-0.0000000, val_mse_loss-0.0003404, val_kl_loss-0.0000000
2025-03-06 04:03:38 - INFO - epoch-491, train_mse_loss-0.0003239, train_kl_loss-0.0000000, val_mse_loss-0.0003405, val_kl_loss-0.0000000
2025-03-06 04:07:55 - INFO - epoch-492, train_mse_loss-0.0003239, train_kl_loss-0.0000000, val_mse_loss-0.0003403, val_kl_loss-0.0000000
2025-03-06 04:12:12 - INFO - epoch-493, train_mse_loss-0.0003239, train_kl_loss-0.0000000, val_mse_loss-0.0003406, val_kl_loss-0.0000000
2025-03-06 04:16:29 - INFO - epoch-494, train_mse_loss-0.0003239, train_kl_loss-0.0000000, val_mse_loss-0.0003404, val_kl_loss-0.0000000
2025-03-06 04:20:46 - INFO - epoch-495, train_mse_loss-0.0003239, train_kl_loss-0.0000000, val_mse_loss-0.0003407, val_kl_loss-0.0000000
2025-03-06 04:25:04 - INFO - epoch-496, train_mse_loss-0.0003239, train_kl_loss-0.0000000, val_mse_loss-0.0003399, val_kl_loss-0.0000000
2025-03-06 04:29:20 - INFO - epoch-497, train_mse_loss-0.0003239, train_kl_loss-0.0000000, val_mse_loss-0.0003404, val_kl_loss-0.0000000
2025-03-06 04:33:37 - INFO - epoch-498, train_mse_loss-0.0003239, train_kl_loss-0.0000000, val_mse_loss-0.0003395, val_kl_loss-0.0000000
2025-03-06 04:37:54 - INFO - epoch-499, train_mse_loss-0.0003239, train_kl_loss-0.0000000, val_mse_loss-0.0003402, val_kl_loss-0.0000000
