2024-12-20 16:36:10 - INFO - /mnt/cephfs/projects/2023110101_Ligand_fitting_to_EM_maps/My_Code/CryoLigate_Github/CryoLigate/GIGN/GIGN_EM/For_Elisei_Nov_2024/CryoLigate_GIGN_Unet/train_example.py
2024-12-20 16:36:10 - INFO - train data: 6809
2024-12-20 16:36:10 - INFO - valid data: 757
2024-12-20 16:39:17 - INFO - Initial_train_loss-0.0049850  Initial_val_loss-0.0049973
2024-12-20 16:40:23 - INFO - epoch-0, train_loss-0.0153299, val_loss-0.0393788
2024-12-20 16:41:28 - INFO - epoch-1, train_loss-0.0008329, val_loss-0.0295913
2024-12-20 16:42:34 - INFO - epoch-2, train_loss-0.0007578, val_loss-0.0270141
2024-12-20 16:43:40 - INFO - epoch-3, train_loss-0.0007261, val_loss-0.0257191
2024-12-20 16:44:45 - INFO - epoch-4, train_loss-0.0007079, val_loss-0.0248396
2024-12-20 16:45:51 - INFO - epoch-5, train_loss-0.0006967, val_loss-0.0250382
2024-12-20 16:46:56 - INFO - epoch-6, train_loss-0.0006884, val_loss-0.0246977
2024-12-20 16:48:02 - INFO - epoch-7, train_loss-0.0006809, val_loss-0.0228604
2024-12-20 16:49:08 - INFO - epoch-8, train_loss-0.0006763, val_loss-0.0229295
2024-12-20 16:50:13 - INFO - epoch-9, train_loss-0.0006726, val_loss-0.0234043
2024-12-20 16:51:19 - INFO - epoch-10, train_loss-0.0006696, val_loss-0.0220280
2024-12-20 16:52:26 - INFO - epoch-11, train_loss-0.0006671, val_loss-0.0227279
2024-12-20 16:53:31 - INFO - epoch-12, train_loss-0.0006644, val_loss-0.0241991
2024-12-20 16:54:37 - INFO - epoch-13, train_loss-0.0006629, val_loss-0.0233387
2024-12-20 16:55:42 - INFO - epoch-14, train_loss-0.0006606, val_loss-0.0244717
2024-12-20 16:56:48 - INFO - epoch-15, train_loss-0.0006596, val_loss-0.0215609
2024-12-20 16:57:53 - INFO - epoch-16, train_loss-0.0006586, val_loss-0.0208776
2024-12-20 16:58:59 - INFO - epoch-17, train_loss-0.0006575, val_loss-0.0200296
2024-12-20 17:00:05 - INFO - epoch-18, train_loss-0.0006569, val_loss-0.0189060
2024-12-20 17:01:10 - INFO - epoch-19, train_loss-0.0006560, val_loss-0.0179367
2024-12-20 17:02:16 - INFO - epoch-20, train_loss-0.0006549, val_loss-0.0167019
2024-12-20 17:03:21 - INFO - epoch-21, train_loss-0.0006542, val_loss-0.0162992
2024-12-20 17:04:27 - INFO - epoch-22, train_loss-0.0006534, val_loss-0.0156270
2024-12-20 17:05:32 - INFO - epoch-23, train_loss-0.0006526, val_loss-0.0154957
2024-12-20 17:06:38 - INFO - epoch-24, train_loss-0.0006519, val_loss-0.0143822
2024-12-20 17:07:44 - INFO - epoch-25, train_loss-0.0006515, val_loss-0.0135540
2024-12-20 17:08:50 - INFO - epoch-26, train_loss-0.0006506, val_loss-0.0134015
2024-12-20 17:09:56 - INFO - epoch-27, train_loss-0.0006505, val_loss-0.0113843
2024-12-20 17:11:01 - INFO - epoch-28, train_loss-0.0006501, val_loss-0.0122374
2024-12-20 17:12:07 - INFO - epoch-29, train_loss-0.0006497, val_loss-0.0117436
2024-12-20 17:13:12 - INFO - epoch-30, train_loss-0.0006493, val_loss-0.0106878
2024-12-20 17:14:18 - INFO - epoch-31, train_loss-0.0006488, val_loss-0.0092512
2024-12-20 17:15:24 - INFO - epoch-32, train_loss-0.0006484, val_loss-0.0088141
2024-12-20 17:16:29 - INFO - epoch-33, train_loss-0.0006481, val_loss-0.0083960
2024-12-20 17:17:35 - INFO - epoch-34, train_loss-0.0006478, val_loss-0.0075870
2024-12-20 17:18:41 - INFO - epoch-35, train_loss-0.0006476, val_loss-0.0074219
2024-12-20 17:19:47 - INFO - epoch-36, train_loss-0.0006473, val_loss-0.0066926
2024-12-20 17:20:54 - INFO - epoch-37, train_loss-0.0006471, val_loss-0.0064817
2024-12-20 17:21:59 - INFO - epoch-38, train_loss-0.0006467, val_loss-0.0059896
2024-12-20 17:23:05 - INFO - epoch-39, train_loss-0.0006465, val_loss-0.0057449
2024-12-20 17:24:11 - INFO - epoch-40, train_loss-0.0006462, val_loss-0.0052130
2024-12-20 17:25:16 - INFO - epoch-41, train_loss-0.0006461, val_loss-0.0052344
2024-12-20 17:26:21 - INFO - epoch-42, train_loss-0.0006456, val_loss-0.0044253
2024-12-20 17:27:27 - INFO - epoch-43, train_loss-0.0006456, val_loss-0.0048301
2024-12-20 17:28:32 - INFO - epoch-44, train_loss-0.0006455, val_loss-0.0042993
2024-12-20 17:29:38 - INFO - epoch-45, train_loss-0.0006452, val_loss-0.0041712
2024-12-20 17:30:43 - INFO - epoch-46, train_loss-0.0006446, val_loss-0.0041949
2024-12-20 17:31:49 - INFO - epoch-47, train_loss-0.0006448, val_loss-0.0041760
2024-12-20 17:32:54 - INFO - epoch-48, train_loss-0.0006446, val_loss-0.0034706
2024-12-20 17:34:00 - INFO - epoch-49, train_loss-0.0006446, val_loss-0.0037409
2024-12-20 17:35:05 - INFO - epoch-50, train_loss-0.0006441, val_loss-0.0032273
2024-12-20 17:36:12 - INFO - epoch-51, train_loss-0.0006438, val_loss-0.0030770
2024-12-20 17:37:18 - INFO - epoch-52, train_loss-0.0006436, val_loss-0.0025099
2024-12-20 17:39:38 - INFO - epoch-53, train_loss-0.0006438, val_loss-0.0024147
2024-12-20 17:42:19 - INFO - epoch-54, train_loss-0.0006436, val_loss-0.0028138
2024-12-20 17:43:24 - INFO - epoch-55, train_loss-0.0006429, val_loss-0.0023569
2024-12-20 17:44:30 - INFO - epoch-56, train_loss-0.0006428, val_loss-0.0020562
2024-12-20 17:45:36 - INFO - epoch-57, train_loss-0.0006425, val_loss-0.0021314
2024-12-20 17:46:42 - INFO - epoch-58, train_loss-0.0006425, val_loss-0.0019704
2024-12-20 17:47:47 - INFO - epoch-59, train_loss-0.0006425, val_loss-0.0019441
2024-12-20 17:48:52 - INFO - epoch-60, train_loss-0.0006422, val_loss-0.0017649
2024-12-20 17:49:59 - INFO - epoch-61, train_loss-0.0006418, val_loss-0.0017422
2024-12-20 17:51:04 - INFO - epoch-62, train_loss-0.0006416, val_loss-0.0015485
2024-12-20 17:52:09 - INFO - epoch-63, train_loss-0.0006417, val_loss-0.0016904
2024-12-20 17:53:15 - INFO - epoch-64, train_loss-0.0006419, val_loss-0.0014984
2024-12-20 17:54:21 - INFO - epoch-65, train_loss-0.0006415, val_loss-0.0016700
2024-12-20 17:55:27 - INFO - epoch-66, train_loss-0.0006414, val_loss-0.0016333
2024-12-20 17:56:32 - INFO - epoch-67, train_loss-0.0006411, val_loss-0.0015748
2024-12-20 17:57:37 - INFO - epoch-68, train_loss-0.0006411, val_loss-0.0015008
2024-12-20 17:58:43 - INFO - epoch-69, train_loss-0.0006409, val_loss-0.0011433
2024-12-20 17:59:48 - INFO - epoch-70, train_loss-0.0006404, val_loss-0.0011989
2024-12-20 18:00:53 - INFO - epoch-71, train_loss-0.0006405, val_loss-0.0010732
2024-12-20 18:01:58 - INFO - epoch-72, train_loss-0.0006401, val_loss-0.0012205
2024-12-20 18:03:03 - INFO - epoch-73, train_loss-0.0006398, val_loss-0.0012938
2024-12-20 18:04:08 - INFO - epoch-74, train_loss-0.0006397, val_loss-0.0014128
2024-12-20 18:05:15 - INFO - epoch-75, train_loss-0.0006392, val_loss-0.0014381
2024-12-20 18:06:21 - INFO - epoch-76, train_loss-0.0006396, val_loss-0.0012659
2024-12-20 18:07:26 - INFO - epoch-77, train_loss-0.0006390, val_loss-0.0011312
2024-12-20 18:08:31 - INFO - epoch-78, train_loss-0.0006391, val_loss-0.0014124
2024-12-20 18:09:37 - INFO - epoch-79, train_loss-0.0006386, val_loss-0.0013051
2024-12-20 18:10:42 - INFO - epoch-80, train_loss-0.0006382, val_loss-0.0010685
2024-12-20 18:11:48 - INFO - epoch-81, train_loss-0.0006383, val_loss-0.0012148
2024-12-20 18:12:53 - INFO - epoch-82, train_loss-0.0006385, val_loss-0.0011083
2024-12-20 18:13:58 - INFO - epoch-83, train_loss-0.0006381, val_loss-0.0012059
2024-12-20 18:15:03 - INFO - epoch-84, train_loss-0.0006382, val_loss-0.0015782
2024-12-20 18:16:08 - INFO - epoch-85, train_loss-0.0006379, val_loss-0.0010180
2024-12-20 18:17:14 - INFO - epoch-86, train_loss-0.0006384, val_loss-0.0011268
2024-12-20 18:18:18 - INFO - epoch-87, train_loss-0.0006383, val_loss-0.0009226
2024-12-20 18:19:23 - INFO - epoch-88, train_loss-0.0006388, val_loss-0.0008206
2024-12-20 18:20:29 - INFO - epoch-89, train_loss-0.0006468, val_loss-0.0007771
2024-12-20 18:21:33 - INFO - epoch-90, train_loss-0.0006387, val_loss-0.0007894
2024-12-20 18:22:39 - INFO - epoch-91, train_loss-0.0006387, val_loss-0.0007847
2024-12-20 18:23:43 - INFO - epoch-92, train_loss-0.0006378, val_loss-0.0008082
2024-12-20 18:24:48 - INFO - epoch-93, train_loss-0.0006378, val_loss-0.0007891
2024-12-20 18:25:54 - INFO - epoch-94, train_loss-0.0006373, val_loss-0.0008241
2024-12-20 18:26:59 - INFO - epoch-95, train_loss-0.0006370, val_loss-0.0007864
2024-12-20 18:28:04 - INFO - epoch-96, train_loss-0.0006364, val_loss-0.0007646
2024-12-20 18:29:09 - INFO - epoch-97, train_loss-0.0006372, val_loss-0.0007280
2024-12-20 18:30:14 - INFO - epoch-98, train_loss-0.0006359, val_loss-0.0007320
2024-12-20 18:31:18 - INFO - epoch-99, train_loss-0.0006367, val_loss-0.0007362
2024-12-20 18:32:25 - INFO - epoch-100, train_loss-0.0006367, val_loss-0.0007378
2024-12-20 18:33:30 - INFO - epoch-101, train_loss-0.0006377, val_loss-0.0007267
2024-12-20 18:34:35 - INFO - epoch-102, train_loss-0.0006351, val_loss-0.0007038
2024-12-20 18:35:40 - INFO - epoch-103, train_loss-0.0006358, val_loss-0.0007436
2024-12-20 18:36:45 - INFO - epoch-104, train_loss-0.0006367, val_loss-0.0007539
2024-12-20 18:37:50 - INFO - epoch-105, train_loss-0.0006384, val_loss-0.0007202
2024-12-20 18:38:54 - INFO - epoch-106, train_loss-0.0006345, val_loss-0.0006905
2024-12-20 18:39:59 - INFO - epoch-107, train_loss-0.0006359, val_loss-0.0006707
2024-12-20 18:41:04 - INFO - epoch-108, train_loss-0.0006353, val_loss-0.0006969
2024-12-20 18:42:09 - INFO - epoch-109, train_loss-0.0006359, val_loss-0.0006754
2024-12-20 18:43:13 - INFO - epoch-110, train_loss-0.0006334, val_loss-0.0006716
2024-12-20 18:44:18 - INFO - epoch-111, train_loss-0.0006354, val_loss-0.0006741
2024-12-20 18:45:23 - INFO - epoch-112, train_loss-0.0006362, val_loss-0.0006769
2024-12-20 18:46:27 - INFO - epoch-113, train_loss-0.0006328, val_loss-0.0006830
2024-12-20 18:47:32 - INFO - epoch-114, train_loss-0.0006347, val_loss-0.0006646
2024-12-20 18:48:36 - INFO - epoch-115, train_loss-0.0006339, val_loss-0.0006626
2024-12-20 18:49:41 - INFO - epoch-116, train_loss-0.0006319, val_loss-0.0006749
2024-12-20 18:50:46 - INFO - epoch-117, train_loss-0.0006314, val_loss-0.0006711
2024-12-20 18:51:50 - INFO - epoch-118, train_loss-0.0006328, val_loss-0.0006948
2024-12-20 18:52:55 - INFO - epoch-119, train_loss-0.0006314, val_loss-0.0006644
2024-12-20 18:53:59 - INFO - epoch-120, train_loss-0.0006309, val_loss-0.0006688
2024-12-20 18:55:05 - INFO - epoch-121, train_loss-0.0006300, val_loss-0.0006700
2024-12-20 18:56:09 - INFO - epoch-122, train_loss-0.0006317, val_loss-0.0006691
2024-12-20 18:57:14 - INFO - epoch-123, train_loss-0.0006321, val_loss-0.0006658
2024-12-20 18:58:18 - INFO - epoch-124, train_loss-0.0006297, val_loss-0.0006663
2024-12-20 18:59:24 - INFO - epoch-125, train_loss-0.0006299, val_loss-0.0006656
2024-12-20 19:00:29 - INFO - epoch-126, train_loss-0.0006300, val_loss-0.0006706
2024-12-20 19:01:33 - INFO - epoch-127, train_loss-0.0006289, val_loss-0.0006757
2024-12-20 19:02:38 - INFO - epoch-128, train_loss-0.0006285, val_loss-0.0006760
2024-12-20 19:03:42 - INFO - epoch-129, train_loss-0.0006332, val_loss-0.0006639
2024-12-20 19:04:47 - INFO - epoch-130, train_loss-0.0006279, val_loss-0.0006690
2024-12-20 19:05:51 - INFO - epoch-131, train_loss-0.0006275, val_loss-0.0006758
2024-12-20 19:06:56 - INFO - epoch-132, train_loss-0.0006288, val_loss-0.0006693
2024-12-20 19:08:00 - INFO - epoch-133, train_loss-0.0006279, val_loss-0.0006729
2024-12-20 19:09:05 - INFO - epoch-134, train_loss-0.0006279, val_loss-0.0006853
2024-12-20 19:10:09 - INFO - epoch-135, train_loss-0.0006247, val_loss-0.0006800
2024-12-20 19:11:14 - INFO - epoch-136, train_loss-0.0006248, val_loss-0.0007612
2024-12-20 19:12:18 - INFO - epoch-137, train_loss-0.0006235, val_loss-0.0008062
2024-12-20 19:13:23 - INFO - epoch-138, train_loss-0.0006229, val_loss-0.0006879
2024-12-20 19:14:27 - INFO - epoch-139, train_loss-0.0006246, val_loss-0.0008177
2024-12-20 19:15:32 - INFO - epoch-140, train_loss-0.0006231, val_loss-0.0008628
2024-12-20 19:16:36 - INFO - epoch-141, train_loss-0.0006227, val_loss-0.0008212
2024-12-20 19:17:41 - INFO - epoch-142, train_loss-0.0006241, val_loss-0.0007157
2024-12-20 19:20:42 - INFO - epoch-143, train_loss-0.0006223, val_loss-0.0008691
2024-12-20 19:22:49 - INFO - epoch-144, train_loss-0.0006224, val_loss-0.0008755
2024-12-20 19:23:53 - INFO - epoch-145, train_loss-0.0006228, val_loss-0.0008197
2024-12-20 19:24:57 - INFO - epoch-146, train_loss-0.0006218, val_loss-0.0009849
2024-12-20 19:26:02 - INFO - epoch-147, train_loss-0.0006201, val_loss-0.0008291
2024-12-20 19:27:06 - INFO - epoch-148, train_loss-0.0006193, val_loss-0.0009950
2024-12-20 19:28:10 - INFO - epoch-149, train_loss-0.0006194, val_loss-0.0009240
2024-12-20 19:29:15 - INFO - epoch-150, train_loss-0.0006204, val_loss-0.0009973
2024-12-20 19:30:19 - INFO - epoch-151, train_loss-0.0006187, val_loss-0.0014714
2024-12-20 19:31:24 - INFO - epoch-152, train_loss-0.0006179, val_loss-0.0011465
2024-12-20 19:32:28 - INFO - epoch-153, train_loss-0.0006182, val_loss-0.0010111
2024-12-20 19:33:32 - INFO - epoch-154, train_loss-0.0006193, val_loss-0.0008740
2024-12-20 19:34:38 - INFO - epoch-155, train_loss-0.0006198, val_loss-0.0010227
2024-12-20 19:35:42 - INFO - epoch-156, train_loss-0.0006188, val_loss-0.0009024
2024-12-20 19:36:48 - INFO - epoch-157, train_loss-0.0006164, val_loss-0.0009319
2024-12-20 19:37:52 - INFO - epoch-158, train_loss-0.0006158, val_loss-0.0010205
2024-12-20 19:38:57 - INFO - epoch-159, train_loss-0.0006147, val_loss-0.0009308
2024-12-20 19:40:02 - INFO - epoch-160, train_loss-0.0006137, val_loss-0.0010021
2024-12-20 19:41:07 - INFO - epoch-161, train_loss-0.0006150, val_loss-0.0009467
2024-12-20 19:42:11 - INFO - epoch-162, train_loss-0.0006149, val_loss-0.0009780
2024-12-20 19:43:15 - INFO - epoch-163, train_loss-0.0006140, val_loss-0.0010368
2024-12-20 19:44:20 - INFO - epoch-164, train_loss-0.0006136, val_loss-0.0016698
2024-12-20 19:45:25 - INFO - epoch-165, train_loss-0.0006137, val_loss-0.0009993
2024-12-20 19:46:31 - INFO - epoch-166, train_loss-0.0006126, val_loss-0.0010174
2024-12-20 19:47:35 - INFO - epoch-167, train_loss-0.0006131, val_loss-0.0014295
2024-12-20 19:48:41 - INFO - epoch-168, train_loss-0.0006131, val_loss-0.0009274
2024-12-20 19:49:45 - INFO - epoch-169, train_loss-0.0006127, val_loss-0.0010014
2024-12-20 19:50:50 - INFO - epoch-170, train_loss-0.0006146, val_loss-0.0007226
2024-12-20 19:51:54 - INFO - epoch-171, train_loss-0.0006119, val_loss-0.0010831
2024-12-20 19:52:59 - INFO - epoch-172, train_loss-0.0006140, val_loss-0.0008872
2024-12-20 19:54:04 - INFO - epoch-173, train_loss-0.0006096, val_loss-0.0011204
2024-12-20 19:55:09 - INFO - epoch-174, train_loss-0.0006145, val_loss-0.0014005
2024-12-20 19:56:13 - INFO - epoch-175, train_loss-0.0006086, val_loss-0.0014667
2024-12-20 19:57:17 - INFO - epoch-176, train_loss-0.0006073, val_loss-0.0015353
2024-12-20 19:58:22 - INFO - epoch-177, train_loss-0.0006077, val_loss-0.0018582
2024-12-20 19:59:26 - INFO - epoch-178, train_loss-0.0006070, val_loss-0.0016755
2024-12-20 20:00:32 - INFO - epoch-179, train_loss-0.0006075, val_loss-0.0015668
2024-12-20 20:01:36 - INFO - epoch-180, train_loss-0.0006083, val_loss-0.0012140
2024-12-20 20:02:41 - INFO - epoch-181, train_loss-0.0006101, val_loss-0.0011252
2024-12-20 20:03:46 - INFO - epoch-182, train_loss-0.0006077, val_loss-0.0010445
2024-12-20 20:04:50 - INFO - epoch-183, train_loss-0.0006055, val_loss-0.0012821
2024-12-20 20:05:55 - INFO - epoch-184, train_loss-0.0006041, val_loss-0.0016412
2024-12-20 20:07:00 - INFO - epoch-185, train_loss-0.0006055, val_loss-0.0010006
2024-12-20 20:08:04 - INFO - epoch-186, train_loss-0.0006062, val_loss-0.0014228
2024-12-20 20:09:09 - INFO - epoch-187, train_loss-0.0006053, val_loss-0.0013696
2024-12-20 20:10:13 - INFO - epoch-188, train_loss-0.0006066, val_loss-0.0012211
2024-12-20 20:11:18 - INFO - epoch-189, train_loss-0.0006049, val_loss-0.0008059
2024-12-20 20:12:23 - INFO - epoch-190, train_loss-0.0006032, val_loss-0.0008998
2024-12-20 20:13:27 - INFO - epoch-191, train_loss-0.0006024, val_loss-0.0009792
2024-12-20 20:14:31 - INFO - epoch-192, train_loss-0.0006018, val_loss-0.0013780
2024-12-20 20:15:37 - INFO - epoch-193, train_loss-0.0006040, val_loss-0.0008284
2024-12-20 20:16:41 - INFO - epoch-194, train_loss-0.0006015, val_loss-0.0007975
2024-12-20 20:17:45 - INFO - epoch-195, train_loss-0.0006014, val_loss-0.0012034
2024-12-20 20:18:50 - INFO - epoch-196, train_loss-0.0006018, val_loss-0.0009273
2024-12-20 20:19:55 - INFO - epoch-197, train_loss-0.0005994, val_loss-0.0009763
2024-12-20 20:21:00 - INFO - epoch-198, train_loss-0.0005998, val_loss-0.0010634
2024-12-20 20:22:04 - INFO - epoch-199, train_loss-0.0005994, val_loss-0.0010105
2024-12-20 20:23:08 - INFO - epoch-200, train_loss-0.0005986, val_loss-0.0012736
2024-12-20 20:24:13 - INFO - epoch-201, train_loss-0.0006006, val_loss-0.0009136
2024-12-20 20:25:17 - INFO - epoch-202, train_loss-0.0005973, val_loss-0.0009053
2024-12-20 20:26:21 - INFO - epoch-203, train_loss-0.0005980, val_loss-0.0009505
2024-12-20 20:27:26 - INFO - epoch-204, train_loss-0.0005981, val_loss-0.0010948
2024-12-20 20:28:30 - INFO - epoch-205, train_loss-0.0006013, val_loss-0.0010199
2024-12-20 20:29:34 - INFO - epoch-206, train_loss-0.0005975, val_loss-0.0009490
2024-12-20 20:30:39 - INFO - epoch-207, train_loss-0.0005957, val_loss-0.0011044
2024-12-20 20:31:43 - INFO - epoch-208, train_loss-0.0005944, val_loss-0.0012736
2024-12-20 20:32:47 - INFO - epoch-209, train_loss-0.0005965, val_loss-0.0010724
2024-12-20 20:33:52 - INFO - epoch-210, train_loss-0.0005960, val_loss-0.0009329
2024-12-20 20:34:56 - INFO - epoch-211, train_loss-0.0005952, val_loss-0.0008811
2024-12-20 20:37:12 - INFO - epoch-212, train_loss-0.0005954, val_loss-0.0012182
2024-12-20 20:39:23 - INFO - epoch-213, train_loss-0.0005952, val_loss-0.0009278
2024-12-20 20:40:27 - INFO - epoch-214, train_loss-0.0005966, val_loss-0.0008874
2024-12-20 20:41:33 - INFO - epoch-215, train_loss-0.0005950, val_loss-0.0008362
2024-12-20 20:42:37 - INFO - epoch-216, train_loss-0.0005954, val_loss-0.0008093
2024-12-20 20:43:41 - INFO - epoch-217, train_loss-0.0005962, val_loss-0.0007708
2024-12-20 20:44:47 - INFO - epoch-218, train_loss-0.0005966, val_loss-0.0008159
2024-12-20 20:45:52 - INFO - epoch-219, train_loss-0.0005931, val_loss-0.0007978
2024-12-20 20:46:56 - INFO - epoch-220, train_loss-0.0005923, val_loss-0.0008289
2024-12-20 20:48:02 - INFO - epoch-221, train_loss-0.0005934, val_loss-0.0007957
2024-12-20 20:49:06 - INFO - epoch-222, train_loss-0.0005941, val_loss-0.0007878
2024-12-20 20:50:10 - INFO - epoch-223, train_loss-0.0005969, val_loss-0.0007495
2024-12-20 20:51:15 - INFO - epoch-224, train_loss-0.0005928, val_loss-0.0008270
2024-12-20 20:52:20 - INFO - epoch-225, train_loss-0.0005913, val_loss-0.0008651
2024-12-20 20:53:25 - INFO - epoch-226, train_loss-0.0005910, val_loss-0.0008181
2024-12-20 20:54:31 - INFO - epoch-227, train_loss-0.0005928, val_loss-0.0008095
2024-12-20 20:55:35 - INFO - epoch-228, train_loss-0.0005918, val_loss-0.0008861
2024-12-20 20:56:39 - INFO - epoch-229, train_loss-0.0005913, val_loss-0.0009745
2024-12-20 20:57:44 - INFO - epoch-230, train_loss-0.0005913, val_loss-0.0008291
2024-12-20 20:58:48 - INFO - epoch-231, train_loss-0.0005910, val_loss-0.0008490
2024-12-20 20:59:52 - INFO - epoch-232, train_loss-0.0005903, val_loss-0.0008633
2024-12-20 21:00:56 - INFO - epoch-233, train_loss-0.0005940, val_loss-0.0008453
2024-12-20 21:02:01 - INFO - epoch-234, train_loss-0.0005909, val_loss-0.0008615
2024-12-20 21:03:05 - INFO - epoch-235, train_loss-0.0005917, val_loss-0.0008122
2024-12-20 21:04:09 - INFO - epoch-236, train_loss-0.0005876, val_loss-0.0008017
2024-12-20 21:05:13 - INFO - epoch-237, train_loss-0.0005858, val_loss-0.0010297
2024-12-20 21:06:18 - INFO - epoch-238, train_loss-0.0005865, val_loss-0.0011834
2024-12-20 21:07:23 - INFO - epoch-239, train_loss-0.0005860, val_loss-0.0008364
2024-12-20 21:08:28 - INFO - epoch-240, train_loss-0.0005857, val_loss-0.0008052
2024-12-20 21:09:34 - INFO - epoch-241, train_loss-0.0005849, val_loss-0.0008757
2024-12-20 21:10:38 - INFO - epoch-242, train_loss-0.0005859, val_loss-0.0007540
2024-12-20 21:11:43 - INFO - epoch-243, train_loss-0.0005869, val_loss-0.0008189
2024-12-20 21:12:48 - INFO - epoch-244, train_loss-0.0005864, val_loss-0.0008473
2024-12-20 21:13:52 - INFO - epoch-245, train_loss-0.0005873, val_loss-0.0008805
2024-12-20 21:14:56 - INFO - epoch-246, train_loss-0.0005863, val_loss-0.0008132
2024-12-20 21:16:00 - INFO - epoch-247, train_loss-0.0005877, val_loss-0.0008195
2024-12-20 21:17:06 - INFO - epoch-248, train_loss-0.0005855, val_loss-0.0008356
2024-12-20 21:18:10 - INFO - epoch-249, train_loss-0.0005859, val_loss-0.0008618
2024-12-20 21:19:14 - INFO - epoch-250, train_loss-0.0005852, val_loss-0.0009100
2024-12-20 21:20:18 - INFO - epoch-251, train_loss-0.0005840, val_loss-0.0008236
2024-12-20 21:21:23 - INFO - epoch-252, train_loss-0.0005848, val_loss-0.0008602
2024-12-20 21:22:28 - INFO - epoch-253, train_loss-0.0005852, val_loss-0.0008734
2024-12-20 21:23:32 - INFO - epoch-254, train_loss-0.0005855, val_loss-0.0010126
2024-12-20 21:24:36 - INFO - epoch-255, train_loss-0.0005830, val_loss-0.0010584
2024-12-20 21:25:41 - INFO - epoch-256, train_loss-0.0005829, val_loss-0.0011517
2024-12-20 21:26:45 - INFO - epoch-257, train_loss-0.0005828, val_loss-0.0008177
2024-12-20 21:27:49 - INFO - epoch-258, train_loss-0.0005844, val_loss-0.0008422
2024-12-20 21:28:53 - INFO - epoch-259, train_loss-0.0005816, val_loss-0.0010300
2024-12-20 21:29:59 - INFO - epoch-260, train_loss-0.0005838, val_loss-0.0009761
2024-12-20 21:31:03 - INFO - epoch-261, train_loss-0.0005836, val_loss-0.0013079
2024-12-20 21:32:08 - INFO - epoch-262, train_loss-0.0005827, val_loss-0.0016703
2024-12-20 21:33:12 - INFO - epoch-263, train_loss-0.0005818, val_loss-0.0016721
2024-12-20 21:34:16 - INFO - epoch-264, train_loss-0.0005821, val_loss-0.0009979
2024-12-20 21:35:20 - INFO - epoch-265, train_loss-0.0005801, val_loss-0.0012683
2024-12-20 21:36:26 - INFO - epoch-266, train_loss-0.0005792, val_loss-0.0017833
2024-12-20 21:37:30 - INFO - epoch-267, train_loss-0.0005813, val_loss-0.0007515
2024-12-20 21:38:34 - INFO - epoch-268, train_loss-0.0005809, val_loss-0.0021631
2024-12-20 21:39:38 - INFO - epoch-269, train_loss-0.0005807, val_loss-0.0016553
2024-12-20 21:40:42 - INFO - epoch-270, train_loss-0.0005801, val_loss-0.0016484
2024-12-20 21:41:47 - INFO - epoch-271, train_loss-0.0005797, val_loss-0.0018423
2024-12-20 21:42:57 - INFO - epoch-272, train_loss-0.0005790, val_loss-0.0018367
2024-12-20 21:45:51 - INFO - epoch-273, train_loss-0.0005770, val_loss-0.0020569
2024-12-20 21:46:56 - INFO - epoch-274, train_loss-0.0005769, val_loss-0.0011148
2024-12-20 21:48:00 - INFO - epoch-275, train_loss-0.0005772, val_loss-0.0013255
2024-12-20 21:49:04 - INFO - epoch-276, train_loss-0.0005767, val_loss-0.0014063
2024-12-20 21:50:08 - INFO - epoch-277, train_loss-0.0005774, val_loss-0.0016081
2024-12-20 21:51:12 - INFO - epoch-278, train_loss-0.0005763, val_loss-0.0008799
2024-12-20 21:52:17 - INFO - epoch-279, train_loss-0.0005772, val_loss-0.0014739
2024-12-20 21:53:22 - INFO - epoch-280, train_loss-0.0005751, val_loss-0.0008836
2024-12-20 21:54:27 - INFO - epoch-281, train_loss-0.0005741, val_loss-0.0008516
2024-12-20 21:55:32 - INFO - epoch-282, train_loss-0.0005731, val_loss-0.0008403
2024-12-20 21:56:36 - INFO - epoch-283, train_loss-0.0005765, val_loss-0.0010975
2024-12-20 21:57:40 - INFO - epoch-284, train_loss-0.0005750, val_loss-0.0008449
2024-12-20 21:58:44 - INFO - epoch-285, train_loss-0.0005779, val_loss-0.0008319
2024-12-20 21:59:49 - INFO - epoch-286, train_loss-0.0005760, val_loss-0.0008439
2024-12-20 22:00:53 - INFO - epoch-287, train_loss-0.0005751, val_loss-0.0008337
2024-12-20 22:01:57 - INFO - epoch-288, train_loss-0.0005729, val_loss-0.0008945
2024-12-20 22:03:02 - INFO - epoch-289, train_loss-0.0005717, val_loss-0.0015194
2024-12-20 22:04:08 - INFO - epoch-290, train_loss-0.0005710, val_loss-0.0011250
2024-12-20 22:05:12 - INFO - epoch-291, train_loss-0.0005707, val_loss-0.0008494
2024-12-20 22:06:16 - INFO - epoch-292, train_loss-0.0005709, val_loss-0.0008511
2024-12-20 22:07:21 - INFO - epoch-293, train_loss-0.0005705, val_loss-0.0007831
2024-12-20 22:08:25 - INFO - epoch-294, train_loss-0.0005688, val_loss-0.0011656
2024-12-20 22:09:29 - INFO - epoch-295, train_loss-0.0005682, val_loss-0.0009152
2024-12-20 22:10:33 - INFO - epoch-296, train_loss-0.0005674, val_loss-0.0008622
2024-12-20 22:11:37 - INFO - epoch-297, train_loss-0.0005668, val_loss-0.0011815
2024-12-20 22:12:42 - INFO - epoch-298, train_loss-0.0005673, val_loss-0.0012975
2024-12-20 22:13:47 - INFO - epoch-299, train_loss-0.0005701, val_loss-0.0011844
