2025-03-05 08:51:01 - INFO - train data: 13259
2025-03-05 08:51:01 - INFO - train unqiue data: 13259
2025-03-05 08:51:01 - INFO - valid data: 1474
2025-03-05 08:51:01 - INFO - valid unqiue data: 1474
2025-03-05 08:55:46 - INFO - epoch-0, train_mse_loss-0.0008439, train_kl_loss-0.0017246, val_mse_loss-0.0084293, val_kl_loss-0.0000629
2025-03-05 09:00:05 - INFO - epoch-1, train_mse_loss-0.0003430, train_kl_loss-0.0000267, val_mse_loss-0.0052356, val_kl_loss-0.0000122
2025-03-05 09:04:25 - INFO - epoch-2, train_mse_loss-0.0003403, train_kl_loss-0.0000057, val_mse_loss-0.0016666, val_kl_loss-0.0000028
2025-03-05 09:04:33 - INFO - Saved new best model at epoch 2 with validation loss 0.0016694
2025-03-05 09:08:52 - INFO - epoch-3, train_mse_loss-0.0003349, train_kl_loss-0.0000013, val_mse_loss-0.0015302, val_kl_loss-0.0000007
2025-03-05 09:09:00 - INFO - Saved new best model at epoch 3 with validation loss 0.0015309
2025-03-05 09:13:19 - INFO - epoch-4, train_mse_loss-0.0003366, train_kl_loss-0.0000004, val_mse_loss-0.0019348, val_kl_loss-0.0000001
2025-03-05 09:17:37 - INFO - epoch-5, train_mse_loss-0.0003375, train_kl_loss-0.0000000, val_mse_loss-0.0013815, val_kl_loss-0.0000000
2025-03-05 09:17:45 - INFO - Saved new best model at epoch 5 with validation loss 0.0013815
2025-03-05 09:22:02 - INFO - epoch-6, train_mse_loss-0.0003337, train_kl_loss-0.0000000, val_mse_loss-0.0011948, val_kl_loss-0.0000000
2025-03-05 09:22:10 - INFO - Saved new best model at epoch 6 with validation loss 0.0011948
2025-03-05 09:26:27 - INFO - epoch-7, train_mse_loss-0.0003330, train_kl_loss--0.0000000, val_mse_loss-0.0012964, val_kl_loss--0.0000000
2025-03-05 09:30:44 - INFO - epoch-8, train_mse_loss-0.0003344, train_kl_loss--0.0000000, val_mse_loss-0.0010428, val_kl_loss--0.0000000
2025-03-05 09:30:52 - INFO - Saved new best model at epoch 8 with validation loss 0.0010428
2025-03-05 09:35:11 - INFO - epoch-9, train_mse_loss-0.0003332, train_kl_loss--0.0000000, val_mse_loss-0.0008043, val_kl_loss--0.0000000
2025-03-05 09:35:18 - INFO - Saved new best model at epoch 9 with validation loss 0.0008043
2025-03-05 09:39:37 - INFO - epoch-10, train_mse_loss-0.0003331, train_kl_loss--0.0000000, val_mse_loss-0.0004818, val_kl_loss--0.0000000
2025-03-05 09:39:44 - INFO - Saved new best model at epoch 10 with validation loss 0.0004818
2025-03-05 09:44:01 - INFO - epoch-11, train_mse_loss-0.0003332, train_kl_loss--0.0000000, val_mse_loss-0.0004774, val_kl_loss-0.0000000
2025-03-05 09:44:09 - INFO - Saved new best model at epoch 11 with validation loss 0.0004774
2025-03-05 09:48:27 - INFO - epoch-12, train_mse_loss-0.0003333, train_kl_loss-0.0000000, val_mse_loss-0.0004413, val_kl_loss-0.0000000
2025-03-05 09:48:35 - INFO - Saved new best model at epoch 12 with validation loss 0.0004413
2025-03-05 09:52:54 - INFO - epoch-13, train_mse_loss-0.0003322, train_kl_loss-0.0000000, val_mse_loss-0.0004919, val_kl_loss-0.0000000
2025-03-05 09:57:14 - INFO - epoch-14, train_mse_loss-0.0003309, train_kl_loss-0.0000000, val_mse_loss-0.0005291, val_kl_loss-0.0000000
2025-03-05 10:01:31 - INFO - epoch-15, train_mse_loss-0.0003298, train_kl_loss-0.0000000, val_mse_loss-0.0005528, val_kl_loss-0.0000000
2025-03-05 10:05:48 - INFO - epoch-16, train_mse_loss-0.0003291, train_kl_loss-0.0000000, val_mse_loss-0.0005605, val_kl_loss-0.0000000
2025-03-05 10:10:04 - INFO - epoch-17, train_mse_loss-0.0003285, train_kl_loss-0.0000000, val_mse_loss-0.0005558, val_kl_loss-0.0000000
2025-03-05 10:14:21 - INFO - epoch-18, train_mse_loss-0.0003282, train_kl_loss-0.0000000, val_mse_loss-0.0005520, val_kl_loss-0.0000000
2025-03-05 10:18:37 - INFO - epoch-19, train_mse_loss-0.0003280, train_kl_loss-0.0000000, val_mse_loss-0.0005414, val_kl_loss-0.0000000
2025-03-05 10:22:55 - INFO - epoch-20, train_mse_loss-0.0003276, train_kl_loss-0.0000000, val_mse_loss-0.0005378, val_kl_loss-0.0000000
2025-03-05 10:27:12 - INFO - epoch-21, train_mse_loss-0.0003274, train_kl_loss-0.0000000, val_mse_loss-0.0005189, val_kl_loss-0.0000000
2025-03-05 10:31:30 - INFO - epoch-22, train_mse_loss-0.0003273, train_kl_loss-0.0000000, val_mse_loss-0.0004896, val_kl_loss-0.0000000
2025-03-05 10:35:47 - INFO - epoch-23, train_mse_loss-0.0003270, train_kl_loss-0.0000000, val_mse_loss-0.0004597, val_kl_loss-0.0000000
2025-03-05 10:40:06 - INFO - epoch-24, train_mse_loss-0.0003267, train_kl_loss-0.0000000, val_mse_loss-0.0004288, val_kl_loss-0.0000000
2025-03-05 10:40:14 - INFO - Saved new best model at epoch 24 with validation loss 0.0004288
2025-03-05 10:44:34 - INFO - epoch-25, train_mse_loss-0.0003266, train_kl_loss-0.0000000, val_mse_loss-0.0004139, val_kl_loss-0.0000000
2025-03-05 10:44:42 - INFO - Saved new best model at epoch 25 with validation loss 0.0004139
2025-03-05 10:48:59 - INFO - epoch-26, train_mse_loss-0.0003264, train_kl_loss-0.0000000, val_mse_loss-0.0003959, val_kl_loss-0.0000000
2025-03-05 10:49:07 - INFO - Saved new best model at epoch 26 with validation loss 0.0003959
2025-03-05 10:53:26 - INFO - epoch-27, train_mse_loss-0.0003262, train_kl_loss-0.0000000, val_mse_loss-0.0003840, val_kl_loss-0.0000000
2025-03-05 10:53:34 - INFO - Saved new best model at epoch 27 with validation loss 0.0003840
2025-03-05 10:57:52 - INFO - epoch-28, train_mse_loss-0.0003261, train_kl_loss-0.0000000, val_mse_loss-0.0003724, val_kl_loss-0.0000000
2025-03-05 10:58:00 - INFO - Saved new best model at epoch 28 with validation loss 0.0003724
2025-03-05 11:02:17 - INFO - epoch-29, train_mse_loss-0.0003260, train_kl_loss-0.0000000, val_mse_loss-0.0003652, val_kl_loss-0.0000000
2025-03-05 11:02:25 - INFO - Saved new best model at epoch 29 with validation loss 0.0003652
2025-03-05 11:06:43 - INFO - epoch-30, train_mse_loss-0.0003259, train_kl_loss-0.0000000, val_mse_loss-0.0003515, val_kl_loss-0.0000000
2025-03-05 11:06:51 - INFO - Saved new best model at epoch 30 with validation loss 0.0003515
2025-03-05 11:11:10 - INFO - epoch-31, train_mse_loss-0.0003258, train_kl_loss-0.0000000, val_mse_loss-0.0003513, val_kl_loss-0.0000000
2025-03-05 11:11:18 - INFO - Saved new best model at epoch 31 with validation loss 0.0003513
2025-03-05 11:15:36 - INFO - epoch-32, train_mse_loss-0.0003257, train_kl_loss-0.0000000, val_mse_loss-0.0003439, val_kl_loss-0.0000000
2025-03-05 11:15:44 - INFO - Saved new best model at epoch 32 with validation loss 0.0003439
2025-03-05 11:20:02 - INFO - epoch-33, train_mse_loss-0.0003256, train_kl_loss-0.0000000, val_mse_loss-0.0003380, val_kl_loss-0.0000000
2025-03-05 11:20:10 - INFO - Saved new best model at epoch 33 with validation loss 0.0003380
2025-03-05 11:24:29 - INFO - epoch-34, train_mse_loss-0.0003255, train_kl_loss-0.0000000, val_mse_loss-0.0003325, val_kl_loss-0.0000000
2025-03-05 11:24:37 - INFO - Saved new best model at epoch 34 with validation loss 0.0003325
2025-03-05 11:28:55 - INFO - epoch-35, train_mse_loss-0.0003255, train_kl_loss-0.0000000, val_mse_loss-0.0003286, val_kl_loss-0.0000000
2025-03-05 11:29:03 - INFO - Saved new best model at epoch 35 with validation loss 0.0003286
2025-03-05 11:33:22 - INFO - epoch-36, train_mse_loss-0.0003254, train_kl_loss-0.0000000, val_mse_loss-0.0003258, val_kl_loss-0.0000000
2025-03-05 11:33:30 - INFO - Saved new best model at epoch 36 with validation loss 0.0003258
2025-03-05 11:37:49 - INFO - epoch-37, train_mse_loss-0.0003254, train_kl_loss-0.0000000, val_mse_loss-0.0003252, val_kl_loss-0.0000000
2025-03-05 11:37:57 - INFO - Saved new best model at epoch 37 with validation loss 0.0003252
2025-03-05 11:42:15 - INFO - epoch-38, train_mse_loss-0.0003254, train_kl_loss-0.0000000, val_mse_loss-0.0003251, val_kl_loss-0.0000000
2025-03-05 11:42:22 - INFO - Saved new best model at epoch 38 with validation loss 0.0003251
2025-03-05 11:46:40 - INFO - epoch-39, train_mse_loss-0.0003254, train_kl_loss-0.0000000, val_mse_loss-0.0003244, val_kl_loss-0.0000000
2025-03-05 11:46:47 - INFO - Saved new best model at epoch 39 with validation loss 0.0003244
2025-03-05 11:51:06 - INFO - epoch-40, train_mse_loss-0.0003254, train_kl_loss-0.0000000, val_mse_loss-0.0003248, val_kl_loss-0.0000000
2025-03-05 11:55:24 - INFO - epoch-41, train_mse_loss-0.0003254, train_kl_loss-0.0000000, val_mse_loss-0.0003243, val_kl_loss-0.0000000
2025-03-05 11:55:31 - INFO - Saved new best model at epoch 41 with validation loss 0.0003243
2025-03-05 11:59:48 - INFO - epoch-42, train_mse_loss-0.0003254, train_kl_loss-0.0000000, val_mse_loss-0.0003243, val_kl_loss-0.0000000
2025-03-05 11:59:56 - INFO - Saved new best model at epoch 42 with validation loss 0.0003243
2025-03-05 12:04:13 - INFO - epoch-43, train_mse_loss-0.0003253, train_kl_loss-0.0000000, val_mse_loss-0.0003255, val_kl_loss-0.0000000
2025-03-05 12:08:30 - INFO - epoch-44, train_mse_loss-0.0003253, train_kl_loss-0.0000000, val_mse_loss-0.0003257, val_kl_loss-0.0000000
2025-03-05 12:12:47 - INFO - epoch-45, train_mse_loss-0.0003253, train_kl_loss-0.0000000, val_mse_loss-0.0003262, val_kl_loss-0.0000000
2025-03-05 12:17:03 - INFO - epoch-46, train_mse_loss-0.0003253, train_kl_loss-0.0000000, val_mse_loss-0.0003268, val_kl_loss-0.0000000
2025-03-05 12:21:20 - INFO - epoch-47, train_mse_loss-0.0003252, train_kl_loss-0.0000000, val_mse_loss-0.0003275, val_kl_loss-0.0000000
2025-03-05 12:25:36 - INFO - epoch-48, train_mse_loss-0.0003252, train_kl_loss-0.0000000, val_mse_loss-0.0003277, val_kl_loss-0.0000000
2025-03-05 12:29:53 - INFO - epoch-49, train_mse_loss-0.0003252, train_kl_loss-0.0000000, val_mse_loss-0.0003279, val_kl_loss-0.0000000
2025-03-05 12:34:09 - INFO - epoch-50, train_mse_loss-0.0003252, train_kl_loss-0.0000000, val_mse_loss-0.0003279, val_kl_loss-0.0000000
2025-03-05 12:38:26 - INFO - epoch-51, train_mse_loss-0.0003252, train_kl_loss-0.0000000, val_mse_loss-0.0003279, val_kl_loss-0.0000000
2025-03-05 12:42:42 - INFO - epoch-52, train_mse_loss-0.0003252, train_kl_loss-0.0000000, val_mse_loss-0.0003281, val_kl_loss-0.0000000
2025-03-05 12:46:59 - INFO - epoch-53, train_mse_loss-0.0003252, train_kl_loss-0.0000000, val_mse_loss-0.0003279, val_kl_loss-0.0000000
2025-03-05 12:51:16 - INFO - epoch-54, train_mse_loss-0.0003252, train_kl_loss-0.0000000, val_mse_loss-0.0003281, val_kl_loss-0.0000000
2025-03-05 12:55:33 - INFO - epoch-55, train_mse_loss-0.0003252, train_kl_loss-0.0000000, val_mse_loss-0.0003285, val_kl_loss-0.0000000
2025-03-05 12:59:50 - INFO - epoch-56, train_mse_loss-0.0003252, train_kl_loss-0.0000000, val_mse_loss-0.0003289, val_kl_loss-0.0000000
2025-03-05 13:04:08 - INFO - epoch-57, train_mse_loss-0.0003252, train_kl_loss-0.0000000, val_mse_loss-0.0003292, val_kl_loss-0.0000000
2025-03-05 13:08:24 - INFO - epoch-58, train_mse_loss-0.0003252, train_kl_loss-0.0000000, val_mse_loss-0.0003299, val_kl_loss-0.0000000
2025-03-05 13:12:40 - INFO - epoch-59, train_mse_loss-0.0003252, train_kl_loss-0.0000000, val_mse_loss-0.0003307, val_kl_loss-0.0000000
2025-03-05 13:16:57 - INFO - epoch-60, train_mse_loss-0.0003251, train_kl_loss-0.0000000, val_mse_loss-0.0003315, val_kl_loss-0.0000000
2025-03-05 13:21:14 - INFO - epoch-61, train_mse_loss-0.0003251, train_kl_loss-0.0000000, val_mse_loss-0.0003328, val_kl_loss-0.0000000
2025-03-05 13:25:30 - INFO - epoch-62, train_mse_loss-0.0003251, train_kl_loss-0.0000000, val_mse_loss-0.0003334, val_kl_loss-0.0000000
2025-03-05 13:29:46 - INFO - epoch-63, train_mse_loss-0.0003251, train_kl_loss-0.0000000, val_mse_loss-0.0003342, val_kl_loss-0.0000000
2025-03-05 13:34:01 - INFO - epoch-64, train_mse_loss-0.0003251, train_kl_loss-0.0000000, val_mse_loss-0.0003350, val_kl_loss-0.0000000
2025-03-05 13:38:17 - INFO - epoch-65, train_mse_loss-0.0003251, train_kl_loss-0.0000000, val_mse_loss-0.0003352, val_kl_loss-0.0000000
2025-03-05 13:42:34 - INFO - epoch-66, train_mse_loss-0.0003251, train_kl_loss-0.0000000, val_mse_loss-0.0003353, val_kl_loss-0.0000000
2025-03-05 13:47:00 - INFO - epoch-67, train_mse_loss-0.0003251, train_kl_loss-0.0000000, val_mse_loss-0.0003356, val_kl_loss-0.0000000
2025-03-05 13:51:16 - INFO - epoch-68, train_mse_loss-0.0003251, train_kl_loss-0.0000000, val_mse_loss-0.0003360, val_kl_loss-0.0000000
2025-03-05 13:55:33 - INFO - epoch-69, train_mse_loss-0.0003251, train_kl_loss-0.0000000, val_mse_loss-0.0003361, val_kl_loss-0.0000000
2025-03-05 13:59:50 - INFO - epoch-70, train_mse_loss-0.0003251, train_kl_loss-0.0000000, val_mse_loss-0.0003362, val_kl_loss-0.0000000
2025-03-05 14:04:12 - INFO - epoch-71, train_mse_loss-0.0003251, train_kl_loss-0.0000000, val_mse_loss-0.0003363, val_kl_loss-0.0000000
2025-03-05 14:08:28 - INFO - epoch-72, train_mse_loss-0.0003250, train_kl_loss-0.0000000, val_mse_loss-0.0003363, val_kl_loss-0.0000000
2025-03-05 14:13:47 - INFO - epoch-73, train_mse_loss-0.0003250, train_kl_loss-0.0000000, val_mse_loss-0.0003368, val_kl_loss-0.0000000
2025-03-05 14:19:43 - INFO - epoch-74, train_mse_loss-0.0003250, train_kl_loss-0.0000000, val_mse_loss-0.0003368, val_kl_loss-0.0000000
2025-03-05 14:24:35 - INFO - epoch-75, train_mse_loss-0.0003250, train_kl_loss-0.0000000, val_mse_loss-0.0003367, val_kl_loss-0.0000000
2025-03-05 14:29:44 - INFO - epoch-76, train_mse_loss-0.0003250, train_kl_loss-0.0000000, val_mse_loss-0.0003366, val_kl_loss-0.0000000
2025-03-05 14:35:17 - INFO - epoch-77, train_mse_loss-0.0003250, train_kl_loss-0.0000000, val_mse_loss-0.0003366, val_kl_loss-0.0000000
2025-03-05 14:42:41 - INFO - epoch-78, train_mse_loss-0.0003250, train_kl_loss-0.0000000, val_mse_loss-0.0003367, val_kl_loss-0.0000000
2025-03-05 14:47:41 - INFO - epoch-79, train_mse_loss-0.0003250, train_kl_loss-0.0000000, val_mse_loss-0.0003368, val_kl_loss-0.0000000
2025-03-05 14:52:00 - INFO - epoch-80, train_mse_loss-0.0003250, train_kl_loss-0.0000000, val_mse_loss-0.0003367, val_kl_loss-0.0000000
2025-03-05 14:56:22 - INFO - epoch-81, train_mse_loss-0.0003250, train_kl_loss-0.0000000, val_mse_loss-0.0003370, val_kl_loss-0.0000000
2025-03-05 15:01:24 - INFO - epoch-82, train_mse_loss-0.0003250, train_kl_loss-0.0000000, val_mse_loss-0.0003365, val_kl_loss-0.0000000
2025-03-05 15:06:25 - INFO - epoch-83, train_mse_loss-0.0003250, train_kl_loss-0.0000000, val_mse_loss-0.0003365, val_kl_loss-0.0000000
2025-03-05 15:13:28 - INFO - epoch-84, train_mse_loss-0.0003250, train_kl_loss-0.0000000, val_mse_loss-0.0003364, val_kl_loss-0.0000000
2025-03-05 15:18:30 - INFO - epoch-85, train_mse_loss-0.0003250, train_kl_loss-0.0000000, val_mse_loss-0.0003364, val_kl_loss-0.0000000
2025-03-05 15:23:35 - INFO - epoch-86, train_mse_loss-0.0003250, train_kl_loss-0.0000000, val_mse_loss-0.0003365, val_kl_loss-0.0000000
2025-03-05 15:28:39 - INFO - epoch-87, train_mse_loss-0.0003250, train_kl_loss-0.0000000, val_mse_loss-0.0003363, val_kl_loss-0.0000000
2025-03-05 15:35:11 - INFO - epoch-88, train_mse_loss-0.0003250, train_kl_loss-0.0000000, val_mse_loss-0.0003364, val_kl_loss-0.0000000
2025-03-05 15:41:17 - INFO - epoch-89, train_mse_loss-0.0003250, train_kl_loss-0.0000000, val_mse_loss-0.0003362, val_kl_loss-0.0000000
2025-03-05 15:45:54 - INFO - epoch-90, train_mse_loss-0.0003250, train_kl_loss-0.0000000, val_mse_loss-0.0003361, val_kl_loss-0.0000000
2025-03-05 15:50:25 - INFO - epoch-91, train_mse_loss-0.0003250, train_kl_loss-0.0000000, val_mse_loss-0.0003360, val_kl_loss-0.0000000
2025-03-05 15:55:06 - INFO - epoch-92, train_mse_loss-0.0003250, train_kl_loss-0.0000000, val_mse_loss-0.0003358, val_kl_loss-0.0000000
2025-03-05 16:00:21 - INFO - epoch-93, train_mse_loss-0.0003250, train_kl_loss-0.0000000, val_mse_loss-0.0003355, val_kl_loss-0.0000000
2025-03-05 16:06:50 - INFO - epoch-94, train_mse_loss-0.0003250, train_kl_loss-0.0000000, val_mse_loss-0.0003356, val_kl_loss-0.0000000
2025-03-05 16:12:40 - INFO - epoch-95, train_mse_loss-0.0003250, train_kl_loss-0.0000000, val_mse_loss-0.0003353, val_kl_loss-0.0000000
2025-03-05 16:18:20 - INFO - epoch-96, train_mse_loss-0.0003250, train_kl_loss-0.0000000, val_mse_loss-0.0003348, val_kl_loss-0.0000000
2025-03-05 16:24:01 - INFO - epoch-97, train_mse_loss-0.0003250, train_kl_loss-0.0000000, val_mse_loss-0.0003348, val_kl_loss-0.0000000
2025-03-05 16:31:45 - INFO - epoch-98, train_mse_loss-0.0003250, train_kl_loss-0.0000000, val_mse_loss-0.0003343, val_kl_loss-0.0000000
2025-03-05 16:37:54 - INFO - epoch-99, train_mse_loss-0.0003249, train_kl_loss-0.0000000, val_mse_loss-0.0003344, val_kl_loss-0.0000000
2025-03-05 16:42:32 - INFO - epoch-100, train_mse_loss-0.0003249, train_kl_loss-0.0000000, val_mse_loss-0.0003343, val_kl_loss-0.0000000
2025-03-05 16:46:54 - INFO - epoch-101, train_mse_loss-0.0003249, train_kl_loss-0.0000000, val_mse_loss-0.0003340, val_kl_loss-0.0000000
2025-03-05 16:51:32 - INFO - epoch-102, train_mse_loss-0.0003249, train_kl_loss-0.0000000, val_mse_loss-0.0003344, val_kl_loss-0.0000000
2025-03-05 16:55:56 - INFO - epoch-103, train_mse_loss-0.0003249, train_kl_loss-0.0000000, val_mse_loss-0.0003340, val_kl_loss-0.0000000
2025-03-05 17:01:48 - INFO - epoch-104, train_mse_loss-0.0003249, train_kl_loss-0.0000000, val_mse_loss-0.0003341, val_kl_loss-0.0000000
2025-03-05 17:07:50 - INFO - epoch-105, train_mse_loss-0.0003249, train_kl_loss-0.0000000, val_mse_loss-0.0003338, val_kl_loss-0.0000000
2025-03-05 17:13:16 - INFO - epoch-106, train_mse_loss-0.0003249, train_kl_loss-0.0000000, val_mse_loss-0.0003338, val_kl_loss-0.0000000
2025-03-05 17:18:36 - INFO - epoch-107, train_mse_loss-0.0003249, train_kl_loss-0.0000000, val_mse_loss-0.0003337, val_kl_loss-0.0000000
2025-03-05 17:25:23 - INFO - epoch-108, train_mse_loss-0.0003249, train_kl_loss-0.0000000, val_mse_loss-0.0003337, val_kl_loss-0.0000000
2025-03-05 17:32:05 - INFO - epoch-109, train_mse_loss-0.0003249, train_kl_loss-0.0000000, val_mse_loss-0.0003335, val_kl_loss-0.0000000
2025-03-05 17:36:59 - INFO - epoch-110, train_mse_loss-0.0003249, train_kl_loss-0.0000000, val_mse_loss-0.0003333, val_kl_loss-0.0000000
2025-03-05 17:41:31 - INFO - epoch-111, train_mse_loss-0.0003249, train_kl_loss-0.0000000, val_mse_loss-0.0003334, val_kl_loss-0.0000000
2025-03-05 17:46:02 - INFO - epoch-112, train_mse_loss-0.0003249, train_kl_loss-0.0000000, val_mse_loss-0.0003333, val_kl_loss-0.0000000
2025-03-05 17:51:08 - INFO - epoch-113, train_mse_loss-0.0003249, train_kl_loss-0.0000000, val_mse_loss-0.0003332, val_kl_loss-0.0000000
2025-03-05 17:56:18 - INFO - epoch-114, train_mse_loss-0.0003249, train_kl_loss-0.0000000, val_mse_loss-0.0003328, val_kl_loss-0.0000000
2025-03-05 18:02:13 - INFO - epoch-115, train_mse_loss-0.0003249, train_kl_loss-0.0000000, val_mse_loss-0.0003327, val_kl_loss-0.0000000
2025-03-05 18:07:34 - INFO - epoch-116, train_mse_loss-0.0003249, train_kl_loss-0.0000000, val_mse_loss-0.0003328, val_kl_loss-0.0000000
2025-03-05 18:12:45 - INFO - epoch-117, train_mse_loss-0.0003249, train_kl_loss-0.0000000, val_mse_loss-0.0003326, val_kl_loss-0.0000000
2025-03-05 18:18:30 - INFO - epoch-118, train_mse_loss-0.0003249, train_kl_loss-0.0000000, val_mse_loss-0.0003324, val_kl_loss-0.0000000
2025-03-05 18:25:29 - INFO - epoch-119, train_mse_loss-0.0003249, train_kl_loss-0.0000000, val_mse_loss-0.0003322, val_kl_loss-0.0000000
2025-03-05 18:30:27 - INFO - epoch-120, train_mse_loss-0.0003249, train_kl_loss-0.0000000, val_mse_loss-0.0003321, val_kl_loss-0.0000000
2025-03-05 18:34:58 - INFO - epoch-121, train_mse_loss-0.0003249, train_kl_loss-0.0000000, val_mse_loss-0.0003319, val_kl_loss-0.0000000
2025-03-05 18:39:22 - INFO - epoch-122, train_mse_loss-0.0003249, train_kl_loss-0.0000000, val_mse_loss-0.0003319, val_kl_loss-0.0000000
2025-03-05 18:44:29 - INFO - epoch-123, train_mse_loss-0.0003249, train_kl_loss-0.0000000, val_mse_loss-0.0003316, val_kl_loss-0.0000000
2025-03-05 18:49:47 - INFO - epoch-124, train_mse_loss-0.0003249, train_kl_loss-0.0000000, val_mse_loss-0.0003313, val_kl_loss-0.0000000
2025-03-05 18:55:46 - INFO - epoch-125, train_mse_loss-0.0003249, train_kl_loss-0.0000000, val_mse_loss-0.0003311, val_kl_loss-0.0000000
2025-03-05 19:00:41 - INFO - epoch-126, train_mse_loss-0.0003249, train_kl_loss-0.0000000, val_mse_loss-0.0003323, val_kl_loss-0.0000000
2025-03-05 19:05:34 - INFO - epoch-127, train_mse_loss-0.0003248, train_kl_loss-0.0000000, val_mse_loss-0.0003345, val_kl_loss-0.0000000
2025-03-05 19:10:48 - INFO - epoch-128, train_mse_loss-0.0003246, train_kl_loss-0.0000000, val_mse_loss-0.0003348, val_kl_loss-0.0000000
2025-03-05 19:15:38 - INFO - epoch-129, train_mse_loss-0.0003245, train_kl_loss-0.0000000, val_mse_loss-0.0003356, val_kl_loss-0.0000000
2025-03-05 19:19:59 - INFO - epoch-130, train_mse_loss-0.0003245, train_kl_loss-0.0000000, val_mse_loss-0.0003352, val_kl_loss-0.0000000
2025-03-05 19:24:18 - INFO - epoch-131, train_mse_loss-0.0003244, train_kl_loss-0.0000000, val_mse_loss-0.0003353, val_kl_loss-0.0000000
2025-03-05 19:28:35 - INFO - epoch-132, train_mse_loss-0.0003244, train_kl_loss-0.0000000, val_mse_loss-0.0003349, val_kl_loss-0.0000000
2025-03-05 19:33:13 - INFO - epoch-133, train_mse_loss-0.0003244, train_kl_loss-0.0000000, val_mse_loss-0.0003347, val_kl_loss-0.0000000
2025-03-05 19:38:11 - INFO - epoch-134, train_mse_loss-0.0003244, train_kl_loss-0.0000000, val_mse_loss-0.0003345, val_kl_loss-0.0000000
2025-03-05 19:43:07 - INFO - epoch-135, train_mse_loss-0.0003244, train_kl_loss-0.0000000, val_mse_loss-0.0003342, val_kl_loss-0.0000000
2025-03-05 19:47:46 - INFO - epoch-136, train_mse_loss-0.0003243, train_kl_loss-0.0000000, val_mse_loss-0.0003344, val_kl_loss-0.0000000
2025-03-05 19:52:12 - INFO - epoch-137, train_mse_loss-0.0003243, train_kl_loss-0.0000000, val_mse_loss-0.0003343, val_kl_loss-0.0000000
2025-03-05 19:56:31 - INFO - epoch-138, train_mse_loss-0.0003243, train_kl_loss-0.0000000, val_mse_loss-0.0003343, val_kl_loss-0.0000000
2025-03-05 20:00:49 - INFO - epoch-139, train_mse_loss-0.0003243, train_kl_loss-0.0000000, val_mse_loss-0.0003345, val_kl_loss-0.0000000
2025-03-05 20:05:07 - INFO - epoch-140, train_mse_loss-0.0003243, train_kl_loss-0.0000000, val_mse_loss-0.0003347, val_kl_loss-0.0000000
2025-03-05 20:09:25 - INFO - epoch-141, train_mse_loss-0.0003243, train_kl_loss-0.0000000, val_mse_loss-0.0003349, val_kl_loss-0.0000000
2025-03-05 20:13:42 - INFO - epoch-142, train_mse_loss-0.0003243, train_kl_loss-0.0000000, val_mse_loss-0.0003349, val_kl_loss-0.0000000
2025-03-05 20:18:01 - INFO - epoch-143, train_mse_loss-0.0003243, train_kl_loss-0.0000000, val_mse_loss-0.0003347, val_kl_loss-0.0000000
2025-03-05 20:22:20 - INFO - epoch-144, train_mse_loss-0.0003243, train_kl_loss-0.0000000, val_mse_loss-0.0003348, val_kl_loss-0.0000000
2025-03-05 20:26:38 - INFO - epoch-145, train_mse_loss-0.0003243, train_kl_loss-0.0000000, val_mse_loss-0.0003344, val_kl_loss-0.0000000
2025-03-05 20:30:58 - INFO - epoch-146, train_mse_loss-0.0003243, train_kl_loss-0.0000000, val_mse_loss-0.0003344, val_kl_loss-0.0000000
2025-03-05 20:35:20 - INFO - epoch-147, train_mse_loss-0.0003243, train_kl_loss-0.0000000, val_mse_loss-0.0003343, val_kl_loss-0.0000000
2025-03-05 20:39:39 - INFO - epoch-148, train_mse_loss-0.0003243, train_kl_loss-0.0000000, val_mse_loss-0.0003344, val_kl_loss-0.0000000
2025-03-05 20:44:00 - INFO - epoch-149, train_mse_loss-0.0003243, train_kl_loss-0.0000000, val_mse_loss-0.0003343, val_kl_loss-0.0000000
2025-03-05 20:48:18 - INFO - epoch-150, train_mse_loss-0.0003242, train_kl_loss-0.0000000, val_mse_loss-0.0003341, val_kl_loss-0.0000000
2025-03-05 20:52:48 - INFO - epoch-151, train_mse_loss-0.0003242, train_kl_loss-0.0000000, val_mse_loss-0.0003340, val_kl_loss-0.0000000
2025-03-05 20:57:07 - INFO - epoch-152, train_mse_loss-0.0003242, train_kl_loss-0.0000000, val_mse_loss-0.0003334, val_kl_loss-0.0000000
2025-03-05 21:01:27 - INFO - epoch-153, train_mse_loss-0.0003242, train_kl_loss-0.0000000, val_mse_loss-0.0003329, val_kl_loss-0.0000000
2025-03-05 21:05:46 - INFO - epoch-154, train_mse_loss-0.0003242, train_kl_loss-0.0000000, val_mse_loss-0.0003327, val_kl_loss-0.0000000
2025-03-05 21:10:05 - INFO - epoch-155, train_mse_loss-0.0003242, train_kl_loss-0.0000000, val_mse_loss-0.0003330, val_kl_loss-0.0000000
2025-03-05 21:14:23 - INFO - epoch-156, train_mse_loss-0.0003242, train_kl_loss-0.0000000, val_mse_loss-0.0003329, val_kl_loss-0.0000000
2025-03-05 21:18:41 - INFO - epoch-157, train_mse_loss-0.0003241, train_kl_loss-0.0000000, val_mse_loss-0.0003327, val_kl_loss-0.0000000
2025-03-05 21:22:59 - INFO - epoch-158, train_mse_loss-0.0003241, train_kl_loss-0.0000000, val_mse_loss-0.0003326, val_kl_loss-0.0000000
2025-03-05 21:27:19 - INFO - epoch-159, train_mse_loss-0.0003241, train_kl_loss-0.0000000, val_mse_loss-0.0003325, val_kl_loss-0.0000000
2025-03-05 21:31:37 - INFO - epoch-160, train_mse_loss-0.0003241, train_kl_loss-0.0000000, val_mse_loss-0.0003325, val_kl_loss-0.0000000
2025-03-05 21:35:54 - INFO - epoch-161, train_mse_loss-0.0003241, train_kl_loss-0.0000000, val_mse_loss-0.0003328, val_kl_loss-0.0000000
2025-03-05 21:40:10 - INFO - epoch-162, train_mse_loss-0.0003241, train_kl_loss-0.0000000, val_mse_loss-0.0003324, val_kl_loss-0.0000000
2025-03-05 21:44:27 - INFO - epoch-163, train_mse_loss-0.0003241, train_kl_loss-0.0000000, val_mse_loss-0.0003327, val_kl_loss-0.0000000
2025-03-05 21:48:44 - INFO - epoch-164, train_mse_loss-0.0003241, train_kl_loss-0.0000000, val_mse_loss-0.0003327, val_kl_loss-0.0000000
2025-03-05 21:53:08 - INFO - epoch-165, train_mse_loss-0.0003241, train_kl_loss-0.0000000, val_mse_loss-0.0003330, val_kl_loss-0.0000000
2025-03-05 21:57:33 - INFO - epoch-166, train_mse_loss-0.0003241, train_kl_loss-0.0000000, val_mse_loss-0.0003332, val_kl_loss-0.0000000
2025-03-05 22:01:58 - INFO - epoch-167, train_mse_loss-0.0003241, train_kl_loss-0.0000000, val_mse_loss-0.0003331, val_kl_loss-0.0000000
2025-03-05 22:06:21 - INFO - epoch-168, train_mse_loss-0.0003241, train_kl_loss-0.0000000, val_mse_loss-0.0003334, val_kl_loss-0.0000000
2025-03-05 22:10:43 - INFO - epoch-169, train_mse_loss-0.0003241, train_kl_loss-0.0000000, val_mse_loss-0.0003333, val_kl_loss-0.0000000
2025-03-05 22:15:09 - INFO - epoch-170, train_mse_loss-0.0003241, train_kl_loss-0.0000000, val_mse_loss-0.0003330, val_kl_loss-0.0000000
2025-03-05 22:19:31 - INFO - epoch-171, train_mse_loss-0.0003241, train_kl_loss-0.0000000, val_mse_loss-0.0003336, val_kl_loss-0.0000000
2025-03-05 22:23:52 - INFO - epoch-172, train_mse_loss-0.0003241, train_kl_loss-0.0000000, val_mse_loss-0.0003334, val_kl_loss-0.0000000
2025-03-05 22:28:15 - INFO - epoch-173, train_mse_loss-0.0003241, train_kl_loss-0.0000000, val_mse_loss-0.0003334, val_kl_loss-0.0000000
2025-03-05 22:32:37 - INFO - epoch-174, train_mse_loss-0.0003241, train_kl_loss-0.0000000, val_mse_loss-0.0003334, val_kl_loss-0.0000000
2025-03-05 22:37:02 - INFO - epoch-175, train_mse_loss-0.0003241, train_kl_loss-0.0000000, val_mse_loss-0.0003338, val_kl_loss-0.0000000
2025-03-05 22:41:25 - INFO - epoch-176, train_mse_loss-0.0003241, train_kl_loss-0.0000000, val_mse_loss-0.0003338, val_kl_loss-0.0000000
2025-03-05 22:45:44 - INFO - epoch-177, train_mse_loss-0.0003240, train_kl_loss-0.0000000, val_mse_loss-0.0003337, val_kl_loss-0.0000000
2025-03-05 22:50:07 - INFO - epoch-178, train_mse_loss-0.0003240, train_kl_loss-0.0000000, val_mse_loss-0.0003336, val_kl_loss-0.0000000
2025-03-05 22:54:31 - INFO - epoch-179, train_mse_loss-0.0003240, train_kl_loss-0.0000000, val_mse_loss-0.0003341, val_kl_loss-0.0000000
2025-03-05 22:58:52 - INFO - epoch-180, train_mse_loss-0.0003240, train_kl_loss-0.0000000, val_mse_loss-0.0003339, val_kl_loss-0.0000000
2025-03-05 23:03:11 - INFO - epoch-181, train_mse_loss-0.0003240, train_kl_loss-0.0000000, val_mse_loss-0.0003338, val_kl_loss-0.0000000
2025-03-05 23:07:34 - INFO - epoch-182, train_mse_loss-0.0003240, train_kl_loss-0.0000000, val_mse_loss-0.0003337, val_kl_loss-0.0000000
2025-03-05 23:11:59 - INFO - epoch-183, train_mse_loss-0.0003240, train_kl_loss-0.0000000, val_mse_loss-0.0003340, val_kl_loss-0.0000000
2025-03-05 23:16:25 - INFO - epoch-184, train_mse_loss-0.0003240, train_kl_loss-0.0000000, val_mse_loss-0.0003341, val_kl_loss-0.0000000
2025-03-05 23:20:41 - INFO - epoch-185, train_mse_loss-0.0003240, train_kl_loss-0.0000000, val_mse_loss-0.0003341, val_kl_loss-0.0000000
2025-03-05 23:24:59 - INFO - epoch-186, train_mse_loss-0.0003240, train_kl_loss-0.0000000, val_mse_loss-0.0003341, val_kl_loss-0.0000000
2025-03-05 23:29:16 - INFO - epoch-187, train_mse_loss-0.0003240, train_kl_loss-0.0000000, val_mse_loss-0.0003340, val_kl_loss-0.0000000
2025-03-05 23:33:33 - INFO - epoch-188, train_mse_loss-0.0003240, train_kl_loss-0.0000000, val_mse_loss-0.0003345, val_kl_loss-0.0000000
2025-03-05 23:37:50 - INFO - epoch-189, train_mse_loss-0.0003240, train_kl_loss-0.0000000, val_mse_loss-0.0003345, val_kl_loss-0.0000000
2025-03-05 23:42:07 - INFO - epoch-190, train_mse_loss-0.0003240, train_kl_loss-0.0000000, val_mse_loss-0.0003345, val_kl_loss-0.0000000
2025-03-05 23:46:24 - INFO - epoch-191, train_mse_loss-0.0003240, train_kl_loss-0.0000000, val_mse_loss-0.0003346, val_kl_loss-0.0000000
2025-03-05 23:50:41 - INFO - epoch-192, train_mse_loss-0.0003240, train_kl_loss-0.0000000, val_mse_loss-0.0003341, val_kl_loss-0.0000000
2025-03-05 23:54:59 - INFO - epoch-193, train_mse_loss-0.0003240, train_kl_loss-0.0000000, val_mse_loss-0.0003343, val_kl_loss-0.0000000
2025-03-05 23:59:17 - INFO - epoch-194, train_mse_loss-0.0003240, train_kl_loss-0.0000000, val_mse_loss-0.0003344, val_kl_loss-0.0000000
2025-03-06 00:03:34 - INFO - epoch-195, train_mse_loss-0.0003240, train_kl_loss-0.0000000, val_mse_loss-0.0003342, val_kl_loss-0.0000000
2025-03-06 00:07:52 - INFO - epoch-196, train_mse_loss-0.0003240, train_kl_loss-0.0000000, val_mse_loss-0.0003343, val_kl_loss-0.0000000
2025-03-06 00:12:09 - INFO - epoch-197, train_mse_loss-0.0003240, train_kl_loss-0.0000000, val_mse_loss-0.0003344, val_kl_loss-0.0000000
2025-03-06 00:16:28 - INFO - epoch-198, train_mse_loss-0.0003240, train_kl_loss-0.0000000, val_mse_loss-0.0003346, val_kl_loss-0.0000000
2025-03-06 00:20:45 - INFO - epoch-199, train_mse_loss-0.0003240, train_kl_loss-0.0000000, val_mse_loss-0.0003345, val_kl_loss-0.0000000
2025-03-06 00:25:02 - INFO - epoch-200, train_mse_loss-0.0003240, train_kl_loss-0.0000000, val_mse_loss-0.0003346, val_kl_loss-0.0000000
2025-03-06 00:29:20 - INFO - epoch-201, train_mse_loss-0.0003240, train_kl_loss-0.0000000, val_mse_loss-0.0003345, val_kl_loss-0.0000000
2025-03-06 00:33:38 - INFO - epoch-202, train_mse_loss-0.0003240, train_kl_loss-0.0000000, val_mse_loss-0.0003348, val_kl_loss-0.0000000
2025-03-06 00:37:56 - INFO - epoch-203, train_mse_loss-0.0003240, train_kl_loss-0.0000000, val_mse_loss-0.0003349, val_kl_loss-0.0000000
2025-03-06 00:42:13 - INFO - epoch-204, train_mse_loss-0.0003240, train_kl_loss-0.0000000, val_mse_loss-0.0003348, val_kl_loss-0.0000000
2025-03-06 00:46:32 - INFO - epoch-205, train_mse_loss-0.0003240, train_kl_loss-0.0000000, val_mse_loss-0.0003350, val_kl_loss-0.0000000
2025-03-06 00:50:50 - INFO - epoch-206, train_mse_loss-0.0003240, train_kl_loss-0.0000000, val_mse_loss-0.0003348, val_kl_loss-0.0000000
2025-03-06 00:55:07 - INFO - epoch-207, train_mse_loss-0.0003240, train_kl_loss-0.0000000, val_mse_loss-0.0003352, val_kl_loss-0.0000000
2025-03-06 00:59:24 - INFO - epoch-208, train_mse_loss-0.0003240, train_kl_loss-0.0000000, val_mse_loss-0.0003351, val_kl_loss-0.0000000
2025-03-06 01:03:42 - INFO - epoch-209, train_mse_loss-0.0003240, train_kl_loss-0.0000000, val_mse_loss-0.0003350, val_kl_loss-0.0000000
2025-03-06 01:07:59 - INFO - epoch-210, train_mse_loss-0.0003240, train_kl_loss-0.0000000, val_mse_loss-0.0003352, val_kl_loss-0.0000000
2025-03-06 01:12:16 - INFO - epoch-211, train_mse_loss-0.0003240, train_kl_loss-0.0000000, val_mse_loss-0.0003352, val_kl_loss-0.0000000
2025-03-06 01:16:34 - INFO - epoch-212, train_mse_loss-0.0003240, train_kl_loss-0.0000000, val_mse_loss-0.0003350, val_kl_loss-0.0000000
2025-03-06 01:20:51 - INFO - epoch-213, train_mse_loss-0.0003240, train_kl_loss-0.0000000, val_mse_loss-0.0003354, val_kl_loss-0.0000000
2025-03-06 01:25:10 - INFO - epoch-214, train_mse_loss-0.0003240, train_kl_loss-0.0000000, val_mse_loss-0.0003349, val_kl_loss-0.0000000
2025-03-06 01:29:27 - INFO - epoch-215, train_mse_loss-0.0003240, train_kl_loss-0.0000000, val_mse_loss-0.0003350, val_kl_loss-0.0000000
2025-03-06 01:33:44 - INFO - epoch-216, train_mse_loss-0.0003240, train_kl_loss-0.0000000, val_mse_loss-0.0003353, val_kl_loss-0.0000000
2025-03-06 01:38:05 - INFO - epoch-217, train_mse_loss-0.0003240, train_kl_loss-0.0000000, val_mse_loss-0.0003354, val_kl_loss-0.0000000
2025-03-06 01:42:23 - INFO - epoch-218, train_mse_loss-0.0003240, train_kl_loss-0.0000000, val_mse_loss-0.0003353, val_kl_loss-0.0000000
2025-03-06 01:46:41 - INFO - epoch-219, train_mse_loss-0.0003240, train_kl_loss-0.0000000, val_mse_loss-0.0003356, val_kl_loss-0.0000000
2025-03-06 01:50:59 - INFO - epoch-220, train_mse_loss-0.0003240, train_kl_loss-0.0000000, val_mse_loss-0.0003354, val_kl_loss-0.0000000
2025-03-06 01:55:16 - INFO - epoch-221, train_mse_loss-0.0003240, train_kl_loss-0.0000000, val_mse_loss-0.0003354, val_kl_loss-0.0000000
2025-03-06 01:59:34 - INFO - epoch-222, train_mse_loss-0.0003240, train_kl_loss-0.0000000, val_mse_loss-0.0003356, val_kl_loss-0.0000000
2025-03-06 02:03:53 - INFO - epoch-223, train_mse_loss-0.0003240, train_kl_loss-0.0000000, val_mse_loss-0.0003354, val_kl_loss-0.0000000
2025-03-06 02:08:15 - INFO - epoch-224, train_mse_loss-0.0003240, train_kl_loss-0.0000000, val_mse_loss-0.0003356, val_kl_loss-0.0000000
2025-03-06 02:12:33 - INFO - epoch-225, train_mse_loss-0.0003240, train_kl_loss-0.0000000, val_mse_loss-0.0003356, val_kl_loss-0.0000000
2025-03-06 02:16:52 - INFO - epoch-226, train_mse_loss-0.0003240, train_kl_loss-0.0000000, val_mse_loss-0.0003360, val_kl_loss-0.0000000
2025-03-06 02:21:10 - INFO - epoch-227, train_mse_loss-0.0003240, train_kl_loss-0.0000000, val_mse_loss-0.0003356, val_kl_loss-0.0000000
2025-03-06 02:25:29 - INFO - epoch-228, train_mse_loss-0.0003240, train_kl_loss-0.0000000, val_mse_loss-0.0003357, val_kl_loss-0.0000000
2025-03-06 02:29:48 - INFO - epoch-229, train_mse_loss-0.0003240, train_kl_loss-0.0000000, val_mse_loss-0.0003364, val_kl_loss-0.0000000
2025-03-06 02:34:06 - INFO - epoch-230, train_mse_loss-0.0003240, train_kl_loss-0.0000000, val_mse_loss-0.0003359, val_kl_loss-0.0000000
2025-03-06 02:38:24 - INFO - epoch-231, train_mse_loss-0.0003240, train_kl_loss-0.0000000, val_mse_loss-0.0003361, val_kl_loss-0.0000000
2025-03-06 02:42:42 - INFO - epoch-232, train_mse_loss-0.0003240, train_kl_loss-0.0000000, val_mse_loss-0.0003363, val_kl_loss-0.0000000
2025-03-06 02:47:01 - INFO - epoch-233, train_mse_loss-0.0003240, train_kl_loss-0.0000000, val_mse_loss-0.0003362, val_kl_loss-0.0000000
2025-03-06 02:51:19 - INFO - epoch-234, train_mse_loss-0.0003240, train_kl_loss-0.0000000, val_mse_loss-0.0003367, val_kl_loss-0.0000000
2025-03-06 02:55:36 - INFO - epoch-235, train_mse_loss-0.0003240, train_kl_loss-0.0000000, val_mse_loss-0.0003367, val_kl_loss-0.0000000
2025-03-06 02:59:55 - INFO - epoch-236, train_mse_loss-0.0003240, train_kl_loss-0.0000000, val_mse_loss-0.0003364, val_kl_loss-0.0000000
2025-03-06 03:04:13 - INFO - epoch-237, train_mse_loss-0.0003240, train_kl_loss-0.0000000, val_mse_loss-0.0003370, val_kl_loss-0.0000000
2025-03-06 03:08:31 - INFO - epoch-238, train_mse_loss-0.0003240, train_kl_loss-0.0000000, val_mse_loss-0.0003363, val_kl_loss-0.0000000
2025-03-06 03:12:49 - INFO - epoch-239, train_mse_loss-0.0003240, train_kl_loss-0.0000000, val_mse_loss-0.0003364, val_kl_loss-0.0000000
2025-03-06 03:17:07 - INFO - epoch-240, train_mse_loss-0.0003240, train_kl_loss-0.0000000, val_mse_loss-0.0003367, val_kl_loss-0.0000000
2025-03-06 03:21:26 - INFO - epoch-241, train_mse_loss-0.0003240, train_kl_loss-0.0000000, val_mse_loss-0.0003364, val_kl_loss-0.0000000
2025-03-06 03:25:44 - INFO - epoch-242, train_mse_loss-0.0003240, train_kl_loss-0.0000000, val_mse_loss-0.0003366, val_kl_loss-0.0000000
2025-03-06 03:30:02 - INFO - epoch-243, train_mse_loss-0.0003240, train_kl_loss-0.0000000, val_mse_loss-0.0003366, val_kl_loss-0.0000000
2025-03-06 03:34:20 - INFO - epoch-244, train_mse_loss-0.0003240, train_kl_loss-0.0000000, val_mse_loss-0.0003365, val_kl_loss-0.0000000
2025-03-06 03:38:39 - INFO - epoch-245, train_mse_loss-0.0003240, train_kl_loss-0.0000000, val_mse_loss-0.0003367, val_kl_loss-0.0000000
2025-03-06 03:42:56 - INFO - epoch-246, train_mse_loss-0.0003240, train_kl_loss-0.0000000, val_mse_loss-0.0003369, val_kl_loss-0.0000000
2025-03-06 03:47:15 - INFO - epoch-247, train_mse_loss-0.0003240, train_kl_loss-0.0000000, val_mse_loss-0.0003363, val_kl_loss-0.0000000
2025-03-06 03:51:33 - INFO - epoch-248, train_mse_loss-0.0003240, train_kl_loss-0.0000000, val_mse_loss-0.0003368, val_kl_loss-0.0000000
2025-03-06 03:55:50 - INFO - epoch-249, train_mse_loss-0.0003240, train_kl_loss-0.0000000, val_mse_loss-0.0003370, val_kl_loss-0.0000000
2025-03-06 04:00:09 - INFO - epoch-250, train_mse_loss-0.0003240, train_kl_loss-0.0000000, val_mse_loss-0.0003368, val_kl_loss-0.0000000
2025-03-06 04:04:26 - INFO - epoch-251, train_mse_loss-0.0003240, train_kl_loss-0.0000000, val_mse_loss-0.0003371, val_kl_loss-0.0000000
2025-03-06 04:08:44 - INFO - epoch-252, train_mse_loss-0.0003240, train_kl_loss-0.0000000, val_mse_loss-0.0003370, val_kl_loss-0.0000000
2025-03-06 04:13:04 - INFO - epoch-253, train_mse_loss-0.0003240, train_kl_loss-0.0000000, val_mse_loss-0.0003373, val_kl_loss-0.0000000
2025-03-06 04:17:23 - INFO - epoch-254, train_mse_loss-0.0003240, train_kl_loss-0.0000000, val_mse_loss-0.0003365, val_kl_loss-0.0000000
2025-03-06 04:21:41 - INFO - epoch-255, train_mse_loss-0.0003240, train_kl_loss-0.0000000, val_mse_loss-0.0003371, val_kl_loss-0.0000000
2025-03-06 04:25:59 - INFO - epoch-256, train_mse_loss-0.0003240, train_kl_loss-0.0000000, val_mse_loss-0.0003360, val_kl_loss-0.0000000
2025-03-06 04:30:17 - INFO - epoch-257, train_mse_loss-0.0003240, train_kl_loss-0.0000000, val_mse_loss-0.0003369, val_kl_loss-0.0000000
2025-03-06 04:34:35 - INFO - epoch-258, train_mse_loss-0.0003240, train_kl_loss-0.0000000, val_mse_loss-0.0003364, val_kl_loss-0.0000000
2025-03-06 04:38:53 - INFO - epoch-259, train_mse_loss-0.0003240, train_kl_loss-0.0000000, val_mse_loss-0.0003365, val_kl_loss-0.0000000
2025-03-06 04:43:11 - INFO - epoch-260, train_mse_loss-0.0003240, train_kl_loss-0.0000000, val_mse_loss-0.0003366, val_kl_loss-0.0000000
2025-03-06 04:47:30 - INFO - epoch-261, train_mse_loss-0.0003240, train_kl_loss-0.0000000, val_mse_loss-0.0003366, val_kl_loss-0.0000000
2025-03-06 04:51:49 - INFO - epoch-262, train_mse_loss-0.0003240, train_kl_loss-0.0000000, val_mse_loss-0.0003366, val_kl_loss-0.0000000
2025-03-06 04:56:07 - INFO - epoch-263, train_mse_loss-0.0003240, train_kl_loss-0.0000000, val_mse_loss-0.0003369, val_kl_loss-0.0000000
2025-03-06 05:00:26 - INFO - epoch-264, train_mse_loss-0.0003240, train_kl_loss-0.0000000, val_mse_loss-0.0003367, val_kl_loss-0.0000000
2025-03-06 05:04:45 - INFO - epoch-265, train_mse_loss-0.0003240, train_kl_loss-0.0000000, val_mse_loss-0.0003368, val_kl_loss-0.0000000
2025-03-06 05:09:03 - INFO - epoch-266, train_mse_loss-0.0003240, train_kl_loss-0.0000000, val_mse_loss-0.0003364, val_kl_loss-0.0000000
2025-03-06 05:13:22 - INFO - epoch-267, train_mse_loss-0.0003240, train_kl_loss-0.0000000, val_mse_loss-0.0003368, val_kl_loss-0.0000000
2025-03-06 05:17:40 - INFO - epoch-268, train_mse_loss-0.0003240, train_kl_loss-0.0000000, val_mse_loss-0.0003369, val_kl_loss-0.0000000
2025-03-06 05:21:59 - INFO - epoch-269, train_mse_loss-0.0003240, train_kl_loss-0.0000000, val_mse_loss-0.0003365, val_kl_loss-0.0000000
2025-03-06 05:26:18 - INFO - epoch-270, train_mse_loss-0.0003240, train_kl_loss-0.0000000, val_mse_loss-0.0003369, val_kl_loss-0.0000000
2025-03-06 05:30:37 - INFO - epoch-271, train_mse_loss-0.0003240, train_kl_loss-0.0000000, val_mse_loss-0.0003369, val_kl_loss-0.0000000
2025-03-06 05:34:55 - INFO - epoch-272, train_mse_loss-0.0003240, train_kl_loss-0.0000000, val_mse_loss-0.0003368, val_kl_loss-0.0000000
2025-03-06 05:39:14 - INFO - epoch-273, train_mse_loss-0.0003240, train_kl_loss-0.0000000, val_mse_loss-0.0003369, val_kl_loss-0.0000000
2025-03-06 05:43:33 - INFO - epoch-274, train_mse_loss-0.0003240, train_kl_loss-0.0000000, val_mse_loss-0.0003370, val_kl_loss-0.0000000
2025-03-06 05:47:52 - INFO - epoch-275, train_mse_loss-0.0003240, train_kl_loss-0.0000000, val_mse_loss-0.0003368, val_kl_loss-0.0000000
2025-03-06 05:52:11 - INFO - epoch-276, train_mse_loss-0.0003240, train_kl_loss-0.0000000, val_mse_loss-0.0003370, val_kl_loss-0.0000000
2025-03-06 05:56:29 - INFO - epoch-277, train_mse_loss-0.0003240, train_kl_loss-0.0000000, val_mse_loss-0.0003367, val_kl_loss-0.0000000
2025-03-06 06:00:47 - INFO - epoch-278, train_mse_loss-0.0003240, train_kl_loss-0.0000000, val_mse_loss-0.0003370, val_kl_loss-0.0000000
2025-03-06 06:05:06 - INFO - epoch-279, train_mse_loss-0.0003240, train_kl_loss-0.0000000, val_mse_loss-0.0003371, val_kl_loss-0.0000000
2025-03-06 06:09:25 - INFO - epoch-280, train_mse_loss-0.0003240, train_kl_loss-0.0000000, val_mse_loss-0.0003368, val_kl_loss-0.0000000
2025-03-06 06:13:42 - INFO - epoch-281, train_mse_loss-0.0003240, train_kl_loss-0.0000000, val_mse_loss-0.0003369, val_kl_loss-0.0000000
2025-03-06 06:18:00 - INFO - epoch-282, train_mse_loss-0.0003240, train_kl_loss-0.0000000, val_mse_loss-0.0003371, val_kl_loss-0.0000000
2025-03-06 06:22:20 - INFO - epoch-283, train_mse_loss-0.0003240, train_kl_loss-0.0000000, val_mse_loss-0.0003367, val_kl_loss-0.0000000
2025-03-06 06:26:38 - INFO - epoch-284, train_mse_loss-0.0003240, train_kl_loss-0.0000000, val_mse_loss-0.0003367, val_kl_loss-0.0000000
2025-03-06 06:30:57 - INFO - epoch-285, train_mse_loss-0.0003240, train_kl_loss-0.0000000, val_mse_loss-0.0003372, val_kl_loss-0.0000000
2025-03-06 06:35:17 - INFO - epoch-286, train_mse_loss-0.0003240, train_kl_loss-0.0000000, val_mse_loss-0.0003369, val_kl_loss-0.0000000
2025-03-06 06:39:35 - INFO - epoch-287, train_mse_loss-0.0003240, train_kl_loss-0.0000000, val_mse_loss-0.0003373, val_kl_loss-0.0000000
2025-03-06 06:43:54 - INFO - epoch-288, train_mse_loss-0.0003240, train_kl_loss-0.0000000, val_mse_loss-0.0003370, val_kl_loss-0.0000000
2025-03-06 06:48:14 - INFO - epoch-289, train_mse_loss-0.0003240, train_kl_loss-0.0000000, val_mse_loss-0.0003371, val_kl_loss-0.0000000
2025-03-06 06:52:33 - INFO - epoch-290, train_mse_loss-0.0003240, train_kl_loss-0.0000000, val_mse_loss-0.0003369, val_kl_loss-0.0000000
2025-03-06 06:56:52 - INFO - epoch-291, train_mse_loss-0.0003240, train_kl_loss-0.0000000, val_mse_loss-0.0003369, val_kl_loss-0.0000000
2025-03-06 07:01:12 - INFO - epoch-292, train_mse_loss-0.0003240, train_kl_loss-0.0000000, val_mse_loss-0.0003372, val_kl_loss-0.0000000
2025-03-06 07:05:32 - INFO - epoch-293, train_mse_loss-0.0003240, train_kl_loss-0.0000000, val_mse_loss-0.0003371, val_kl_loss-0.0000000
2025-03-06 07:09:50 - INFO - epoch-294, train_mse_loss-0.0003240, train_kl_loss-0.0000000, val_mse_loss-0.0003371, val_kl_loss-0.0000000
2025-03-06 07:14:09 - INFO - epoch-295, train_mse_loss-0.0003240, train_kl_loss-0.0000000, val_mse_loss-0.0003371, val_kl_loss-0.0000000
2025-03-06 07:18:27 - INFO - epoch-296, train_mse_loss-0.0003240, train_kl_loss-0.0000000, val_mse_loss-0.0003368, val_kl_loss-0.0000000
2025-03-06 07:22:46 - INFO - epoch-297, train_mse_loss-0.0003240, train_kl_loss-0.0000000, val_mse_loss-0.0003367, val_kl_loss-0.0000000
2025-03-06 07:27:04 - INFO - epoch-298, train_mse_loss-0.0003240, train_kl_loss-0.0000000, val_mse_loss-0.0003367, val_kl_loss-0.0000000
2025-03-06 07:31:23 - INFO - epoch-299, train_mse_loss-0.0003240, train_kl_loss-0.0000000, val_mse_loss-0.0003372, val_kl_loss-0.0000000
2025-03-06 07:35:41 - INFO - epoch-300, train_mse_loss-0.0003240, train_kl_loss-0.0000000, val_mse_loss-0.0003373, val_kl_loss-0.0000000
2025-03-06 07:40:00 - INFO - epoch-301, train_mse_loss-0.0003240, train_kl_loss-0.0000000, val_mse_loss-0.0003372, val_kl_loss-0.0000000
2025-03-06 07:44:20 - INFO - epoch-302, train_mse_loss-0.0003240, train_kl_loss-0.0000000, val_mse_loss-0.0003373, val_kl_loss-0.0000000
2025-03-06 07:48:40 - INFO - epoch-303, train_mse_loss-0.0003240, train_kl_loss-0.0000000, val_mse_loss-0.0003369, val_kl_loss-0.0000000
2025-03-06 07:53:01 - INFO - epoch-304, train_mse_loss-0.0003240, train_kl_loss-0.0000000, val_mse_loss-0.0003369, val_kl_loss-0.0000000
2025-03-06 07:57:22 - INFO - epoch-305, train_mse_loss-0.0003240, train_kl_loss-0.0000000, val_mse_loss-0.0003368, val_kl_loss-0.0000000
2025-03-06 08:01:44 - INFO - epoch-306, train_mse_loss-0.0003240, train_kl_loss-0.0000000, val_mse_loss-0.0003370, val_kl_loss-0.0000000
2025-03-06 08:06:10 - INFO - epoch-307, train_mse_loss-0.0003240, train_kl_loss-0.0000000, val_mse_loss-0.0003372, val_kl_loss-0.0000000
2025-03-06 08:10:32 - INFO - epoch-308, train_mse_loss-0.0003240, train_kl_loss-0.0000000, val_mse_loss-0.0003369, val_kl_loss-0.0000000
2025-03-06 08:14:57 - INFO - epoch-309, train_mse_loss-0.0003240, train_kl_loss-0.0000000, val_mse_loss-0.0003375, val_kl_loss-0.0000000
2025-03-06 08:19:21 - INFO - epoch-310, train_mse_loss-0.0003240, train_kl_loss-0.0000000, val_mse_loss-0.0003367, val_kl_loss-0.0000000
2025-03-06 08:23:43 - INFO - epoch-311, train_mse_loss-0.0003240, train_kl_loss-0.0000000, val_mse_loss-0.0003371, val_kl_loss-0.0000000
2025-03-06 08:28:09 - INFO - epoch-312, train_mse_loss-0.0003240, train_kl_loss-0.0000000, val_mse_loss-0.0003374, val_kl_loss-0.0000000
2025-03-06 08:32:34 - INFO - epoch-313, train_mse_loss-0.0003240, train_kl_loss-0.0000000, val_mse_loss-0.0003377, val_kl_loss-0.0000000
2025-03-06 08:37:02 - INFO - epoch-314, train_mse_loss-0.0003240, train_kl_loss-0.0000000, val_mse_loss-0.0003371, val_kl_loss-0.0000000
2025-03-06 08:41:32 - INFO - epoch-315, train_mse_loss-0.0003240, train_kl_loss-0.0000000, val_mse_loss-0.0003366, val_kl_loss-0.0000000
2025-03-06 08:45:57 - INFO - epoch-316, train_mse_loss-0.0003240, train_kl_loss-0.0000000, val_mse_loss-0.0003371, val_kl_loss-0.0000000
2025-03-06 08:50:25 - INFO - epoch-317, train_mse_loss-0.0003240, train_kl_loss-0.0000000, val_mse_loss-0.0003370, val_kl_loss-0.0000000
2025-03-06 08:54:50 - INFO - epoch-318, train_mse_loss-0.0003240, train_kl_loss-0.0000000, val_mse_loss-0.0003369, val_kl_loss-0.0000000
2025-03-06 08:59:14 - INFO - epoch-319, train_mse_loss-0.0003240, train_kl_loss-0.0000000, val_mse_loss-0.0003376, val_kl_loss-0.0000000
2025-03-06 09:03:42 - INFO - epoch-320, train_mse_loss-0.0003240, train_kl_loss-0.0000000, val_mse_loss-0.0003370, val_kl_loss-0.0000000
2025-03-06 09:08:18 - INFO - epoch-321, train_mse_loss-0.0003240, train_kl_loss-0.0000000, val_mse_loss-0.0003367, val_kl_loss-0.0000000
2025-03-06 09:13:00 - INFO - epoch-322, train_mse_loss-0.0003240, train_kl_loss-0.0000000, val_mse_loss-0.0003369, val_kl_loss-0.0000000
2025-03-06 09:17:43 - INFO - epoch-323, train_mse_loss-0.0003240, train_kl_loss-0.0000000, val_mse_loss-0.0003375, val_kl_loss-0.0000000
2025-03-06 09:22:15 - INFO - epoch-324, train_mse_loss-0.0003240, train_kl_loss-0.0000000, val_mse_loss-0.0003371, val_kl_loss-0.0000000
2025-03-06 09:26:51 - INFO - epoch-325, train_mse_loss-0.0003240, train_kl_loss-0.0000000, val_mse_loss-0.0003374, val_kl_loss-0.0000000
2025-03-06 09:31:32 - INFO - epoch-326, train_mse_loss-0.0003240, train_kl_loss-0.0000000, val_mse_loss-0.0003370, val_kl_loss-0.0000000
2025-03-06 09:36:01 - INFO - epoch-327, train_mse_loss-0.0003240, train_kl_loss-0.0000000, val_mse_loss-0.0003372, val_kl_loss-0.0000000
2025-03-06 09:40:18 - INFO - epoch-328, train_mse_loss-0.0003240, train_kl_loss-0.0000000, val_mse_loss-0.0003372, val_kl_loss-0.0000000
2025-03-06 09:44:36 - INFO - epoch-329, train_mse_loss-0.0003240, train_kl_loss-0.0000000, val_mse_loss-0.0003376, val_kl_loss-0.0000000
2025-03-06 09:48:55 - INFO - epoch-330, train_mse_loss-0.0003240, train_kl_loss-0.0000000, val_mse_loss-0.0003376, val_kl_loss-0.0000000
2025-03-06 09:53:13 - INFO - epoch-331, train_mse_loss-0.0003240, train_kl_loss-0.0000000, val_mse_loss-0.0003379, val_kl_loss-0.0000000
2025-03-06 09:57:30 - INFO - epoch-332, train_mse_loss-0.0003240, train_kl_loss-0.0000000, val_mse_loss-0.0003374, val_kl_loss-0.0000000
2025-03-06 10:01:48 - INFO - epoch-333, train_mse_loss-0.0003240, train_kl_loss-0.0000000, val_mse_loss-0.0003376, val_kl_loss-0.0000000
2025-03-06 10:06:08 - INFO - epoch-334, train_mse_loss-0.0003240, train_kl_loss-0.0000000, val_mse_loss-0.0003375, val_kl_loss-0.0000000
2025-03-06 10:10:26 - INFO - epoch-335, train_mse_loss-0.0003240, train_kl_loss-0.0000000, val_mse_loss-0.0003375, val_kl_loss-0.0000000
2025-03-06 10:14:43 - INFO - epoch-336, train_mse_loss-0.0003240, train_kl_loss-0.0000000, val_mse_loss-0.0003376, val_kl_loss-0.0000000
2025-03-06 10:19:00 - INFO - epoch-337, train_mse_loss-0.0003240, train_kl_loss-0.0000000, val_mse_loss-0.0003375, val_kl_loss-0.0000000
2025-03-06 10:23:18 - INFO - epoch-338, train_mse_loss-0.0003240, train_kl_loss-0.0000000, val_mse_loss-0.0003384, val_kl_loss-0.0000000
2025-03-06 10:27:37 - INFO - epoch-339, train_mse_loss-0.0003240, train_kl_loss-0.0000000, val_mse_loss-0.0003376, val_kl_loss-0.0000000
2025-03-06 10:31:55 - INFO - epoch-340, train_mse_loss-0.0003240, train_kl_loss-0.0000000, val_mse_loss-0.0003379, val_kl_loss-0.0000000
2025-03-06 10:36:13 - INFO - epoch-341, train_mse_loss-0.0003240, train_kl_loss-0.0000000, val_mse_loss-0.0003377, val_kl_loss-0.0000000
2025-03-06 10:40:31 - INFO - epoch-342, train_mse_loss-0.0003240, train_kl_loss-0.0000000, val_mse_loss-0.0003379, val_kl_loss-0.0000000
2025-03-06 10:44:49 - INFO - epoch-343, train_mse_loss-0.0003240, train_kl_loss-0.0000000, val_mse_loss-0.0003372, val_kl_loss-0.0000000
2025-03-06 10:49:08 - INFO - epoch-344, train_mse_loss-0.0003240, train_kl_loss-0.0000000, val_mse_loss-0.0003377, val_kl_loss-0.0000000
2025-03-06 10:53:27 - INFO - epoch-345, train_mse_loss-0.0003240, train_kl_loss-0.0000000, val_mse_loss-0.0003371, val_kl_loss-0.0000000
2025-03-06 10:57:44 - INFO - epoch-346, train_mse_loss-0.0003240, train_kl_loss-0.0000000, val_mse_loss-0.0003370, val_kl_loss-0.0000000
2025-03-06 11:02:02 - INFO - epoch-347, train_mse_loss-0.0003240, train_kl_loss-0.0000000, val_mse_loss-0.0003382, val_kl_loss-0.0000000
2025-03-06 11:06:20 - INFO - epoch-348, train_mse_loss-0.0003240, train_kl_loss-0.0000000, val_mse_loss-0.0003369, val_kl_loss-0.0000000
2025-03-06 11:10:37 - INFO - epoch-349, train_mse_loss-0.0003240, train_kl_loss-0.0000000, val_mse_loss-0.0003371, val_kl_loss-0.0000000
2025-03-06 11:14:55 - INFO - epoch-350, train_mse_loss-0.0003240, train_kl_loss-0.0000000, val_mse_loss-0.0003378, val_kl_loss-0.0000000
2025-03-06 11:19:14 - INFO - epoch-351, train_mse_loss-0.0003240, train_kl_loss-0.0000000, val_mse_loss-0.0003377, val_kl_loss-0.0000000
2025-03-06 11:23:33 - INFO - epoch-352, train_mse_loss-0.0003240, train_kl_loss-0.0000000, val_mse_loss-0.0003376, val_kl_loss-0.0000000
2025-03-06 11:27:50 - INFO - epoch-353, train_mse_loss-0.0003240, train_kl_loss-0.0000000, val_mse_loss-0.0003379, val_kl_loss-0.0000000
2025-03-06 11:32:08 - INFO - epoch-354, train_mse_loss-0.0003240, train_kl_loss-0.0000000, val_mse_loss-0.0003377, val_kl_loss-0.0000000
2025-03-06 11:36:26 - INFO - epoch-355, train_mse_loss-0.0003240, train_kl_loss-0.0000000, val_mse_loss-0.0003378, val_kl_loss-0.0000000
2025-03-06 11:40:44 - INFO - epoch-356, train_mse_loss-0.0003240, train_kl_loss-0.0000000, val_mse_loss-0.0003379, val_kl_loss-0.0000000
2025-03-06 11:45:03 - INFO - epoch-357, train_mse_loss-0.0003240, train_kl_loss-0.0000000, val_mse_loss-0.0003375, val_kl_loss-0.0000000
2025-03-06 11:49:20 - INFO - epoch-358, train_mse_loss-0.0003240, train_kl_loss-0.0000000, val_mse_loss-0.0003380, val_kl_loss-0.0000000
2025-03-06 11:53:38 - INFO - epoch-359, train_mse_loss-0.0003240, train_kl_loss-0.0000000, val_mse_loss-0.0003385, val_kl_loss-0.0000000
2025-03-06 11:57:56 - INFO - epoch-360, train_mse_loss-0.0003240, train_kl_loss-0.0000000, val_mse_loss-0.0003383, val_kl_loss-0.0000000
2025-03-06 12:02:15 - INFO - epoch-361, train_mse_loss-0.0003239, train_kl_loss-0.0000000, val_mse_loss-0.0003376, val_kl_loss-0.0000000
2025-03-06 12:06:33 - INFO - epoch-362, train_mse_loss-0.0003239, train_kl_loss-0.0000000, val_mse_loss-0.0003380, val_kl_loss-0.0000000
2025-03-06 12:10:50 - INFO - epoch-363, train_mse_loss-0.0003239, train_kl_loss-0.0000000, val_mse_loss-0.0003386, val_kl_loss-0.0000000
2025-03-06 12:15:07 - INFO - epoch-364, train_mse_loss-0.0003239, train_kl_loss-0.0000000, val_mse_loss-0.0003379, val_kl_loss-0.0000000
2025-03-06 12:19:25 - INFO - epoch-365, train_mse_loss-0.0003239, train_kl_loss-0.0000000, val_mse_loss-0.0003379, val_kl_loss-0.0000000
2025-03-06 12:23:43 - INFO - epoch-366, train_mse_loss-0.0003239, train_kl_loss-0.0000000, val_mse_loss-0.0003394, val_kl_loss-0.0000000
2025-03-06 12:28:01 - INFO - epoch-367, train_mse_loss-0.0003239, train_kl_loss-0.0000000, val_mse_loss-0.0003389, val_kl_loss-0.0000000
2025-03-06 12:32:20 - INFO - epoch-368, train_mse_loss-0.0003239, train_kl_loss-0.0000000, val_mse_loss-0.0003392, val_kl_loss-0.0000000
2025-03-06 12:36:39 - INFO - epoch-369, train_mse_loss-0.0003239, train_kl_loss-0.0000000, val_mse_loss-0.0003385, val_kl_loss-0.0000000
2025-03-06 12:40:57 - INFO - epoch-370, train_mse_loss-0.0003239, train_kl_loss-0.0000000, val_mse_loss-0.0003393, val_kl_loss-0.0000000
2025-03-06 12:45:15 - INFO - epoch-371, train_mse_loss-0.0003239, train_kl_loss-0.0000000, val_mse_loss-0.0003391, val_kl_loss-0.0000000
2025-03-06 12:49:32 - INFO - epoch-372, train_mse_loss-0.0003239, train_kl_loss-0.0000000, val_mse_loss-0.0003389, val_kl_loss-0.0000000
2025-03-06 12:53:51 - INFO - epoch-373, train_mse_loss-0.0003239, train_kl_loss-0.0000000, val_mse_loss-0.0003395, val_kl_loss-0.0000000
2025-03-06 12:58:09 - INFO - epoch-374, train_mse_loss-0.0003239, train_kl_loss-0.0000000, val_mse_loss-0.0003390, val_kl_loss-0.0000000
2025-03-06 13:02:28 - INFO - epoch-375, train_mse_loss-0.0003239, train_kl_loss-0.0000000, val_mse_loss-0.0003387, val_kl_loss-0.0000000
2025-03-06 13:06:46 - INFO - epoch-376, train_mse_loss-0.0003239, train_kl_loss-0.0000000, val_mse_loss-0.0003383, val_kl_loss-0.0000000
2025-03-06 13:11:04 - INFO - epoch-377, train_mse_loss-0.0003239, train_kl_loss-0.0000000, val_mse_loss-0.0003380, val_kl_loss-0.0000000
2025-03-06 13:15:21 - INFO - epoch-378, train_mse_loss-0.0003239, train_kl_loss-0.0000000, val_mse_loss-0.0003387, val_kl_loss-0.0000000
2025-03-06 13:19:40 - INFO - epoch-379, train_mse_loss-0.0003239, train_kl_loss-0.0000000, val_mse_loss-0.0003399, val_kl_loss-0.0000000
2025-03-06 13:23:58 - INFO - epoch-380, train_mse_loss-0.0003239, train_kl_loss-0.0000000, val_mse_loss-0.0003384, val_kl_loss-0.0000000
2025-03-06 13:28:17 - INFO - epoch-381, train_mse_loss-0.0003239, train_kl_loss-0.0000000, val_mse_loss-0.0003384, val_kl_loss-0.0000000
2025-03-06 13:32:37 - INFO - epoch-382, train_mse_loss-0.0003239, train_kl_loss-0.0000000, val_mse_loss-0.0003387, val_kl_loss-0.0000000
2025-03-06 13:36:57 - INFO - epoch-383, train_mse_loss-0.0003239, train_kl_loss-0.0000000, val_mse_loss-0.0003387, val_kl_loss-0.0000000
2025-03-06 13:41:15 - INFO - epoch-384, train_mse_loss-0.0003239, train_kl_loss-0.0000000, val_mse_loss-0.0003393, val_kl_loss-0.0000000
2025-03-06 13:45:33 - INFO - epoch-385, train_mse_loss-0.0003239, train_kl_loss-0.0000000, val_mse_loss-0.0003397, val_kl_loss-0.0000000
2025-03-06 13:49:53 - INFO - epoch-386, train_mse_loss-0.0003239, train_kl_loss-0.0000000, val_mse_loss-0.0003387, val_kl_loss-0.0000000
2025-03-06 13:54:12 - INFO - epoch-387, train_mse_loss-0.0003239, train_kl_loss-0.0000000, val_mse_loss-0.0003391, val_kl_loss-0.0000000
2025-03-06 13:58:31 - INFO - epoch-388, train_mse_loss-0.0003239, train_kl_loss-0.0000000, val_mse_loss-0.0003386, val_kl_loss-0.0000000
2025-03-06 14:02:49 - INFO - epoch-389, train_mse_loss-0.0003239, train_kl_loss-0.0000000, val_mse_loss-0.0003393, val_kl_loss-0.0000000
2025-03-06 14:07:09 - INFO - epoch-390, train_mse_loss-0.0003239, train_kl_loss-0.0000000, val_mse_loss-0.0003390, val_kl_loss-0.0000000
2025-03-06 14:11:28 - INFO - epoch-391, train_mse_loss-0.0003239, train_kl_loss-0.0000000, val_mse_loss-0.0003389, val_kl_loss-0.0000000
2025-03-06 14:15:47 - INFO - epoch-392, train_mse_loss-0.0003239, train_kl_loss-0.0000000, val_mse_loss-0.0003392, val_kl_loss-0.0000000
2025-03-06 14:20:06 - INFO - epoch-393, train_mse_loss-0.0003239, train_kl_loss-0.0000000, val_mse_loss-0.0003394, val_kl_loss-0.0000000
2025-03-06 14:24:25 - INFO - epoch-394, train_mse_loss-0.0003239, train_kl_loss-0.0000000, val_mse_loss-0.0003387, val_kl_loss-0.0000000
2025-03-06 14:28:44 - INFO - epoch-395, train_mse_loss-0.0003239, train_kl_loss-0.0000000, val_mse_loss-0.0003394, val_kl_loss-0.0000000
2025-03-06 14:33:03 - INFO - epoch-396, train_mse_loss-0.0003239, train_kl_loss-0.0000000, val_mse_loss-0.0003396, val_kl_loss-0.0000000
2025-03-06 14:37:21 - INFO - epoch-397, train_mse_loss-0.0003239, train_kl_loss-0.0000000, val_mse_loss-0.0003393, val_kl_loss-0.0000000
2025-03-06 14:41:40 - INFO - epoch-398, train_mse_loss-0.0003239, train_kl_loss-0.0000000, val_mse_loss-0.0003398, val_kl_loss-0.0000000
2025-03-06 14:46:02 - INFO - epoch-399, train_mse_loss-0.0003239, train_kl_loss-0.0000000, val_mse_loss-0.0003396, val_kl_loss-0.0000000
2025-03-06 14:50:22 - INFO - epoch-400, train_mse_loss-0.0003239, train_kl_loss-0.0000000, val_mse_loss-0.0003409, val_kl_loss-0.0000000
2025-03-06 14:54:41 - INFO - epoch-401, train_mse_loss-0.0003239, train_kl_loss-0.0000000, val_mse_loss-0.0003404, val_kl_loss-0.0000000
2025-03-06 14:59:00 - INFO - epoch-402, train_mse_loss-0.0003239, train_kl_loss-0.0000000, val_mse_loss-0.0003413, val_kl_loss-0.0000000
2025-03-06 15:03:20 - INFO - epoch-403, train_mse_loss-0.0003239, train_kl_loss-0.0000000, val_mse_loss-0.0003415, val_kl_loss-0.0000000
2025-03-06 15:07:39 - INFO - epoch-404, train_mse_loss-0.0003239, train_kl_loss-0.0000000, val_mse_loss-0.0003420, val_kl_loss-0.0000000
2025-03-06 15:11:58 - INFO - epoch-405, train_mse_loss-0.0003239, train_kl_loss-0.0000000, val_mse_loss-0.0003412, val_kl_loss-0.0000000
2025-03-06 15:16:18 - INFO - epoch-406, train_mse_loss-0.0003239, train_kl_loss-0.0000000, val_mse_loss-0.0003412, val_kl_loss-0.0000000
2025-03-06 15:20:38 - INFO - epoch-407, train_mse_loss-0.0003239, train_kl_loss-0.0000000, val_mse_loss-0.0003421, val_kl_loss-0.0000000
2025-03-06 15:24:58 - INFO - epoch-408, train_mse_loss-0.0003239, train_kl_loss-0.0000000, val_mse_loss-0.0003414, val_kl_loss-0.0000000
2025-03-06 15:29:17 - INFO - epoch-409, train_mse_loss-0.0003239, train_kl_loss-0.0000000, val_mse_loss-0.0003417, val_kl_loss-0.0000000
2025-03-06 15:33:37 - INFO - epoch-410, train_mse_loss-0.0003239, train_kl_loss-0.0000000, val_mse_loss-0.0003426, val_kl_loss-0.0000000
2025-03-06 15:37:55 - INFO - epoch-411, train_mse_loss-0.0003239, train_kl_loss-0.0000000, val_mse_loss-0.0003433, val_kl_loss-0.0000000
2025-03-06 15:42:13 - INFO - epoch-412, train_mse_loss-0.0003239, train_kl_loss-0.0000000, val_mse_loss-0.0003435, val_kl_loss-0.0000000
2025-03-06 15:46:31 - INFO - epoch-413, train_mse_loss-0.0003239, train_kl_loss-0.0000000, val_mse_loss-0.0003431, val_kl_loss-0.0000000
2025-03-06 15:50:49 - INFO - epoch-414, train_mse_loss-0.0003239, train_kl_loss-0.0000000, val_mse_loss-0.0003431, val_kl_loss-0.0000000
2025-03-06 15:55:07 - INFO - epoch-415, train_mse_loss-0.0003239, train_kl_loss-0.0000000, val_mse_loss-0.0003428, val_kl_loss-0.0000000
2025-03-06 15:59:25 - INFO - epoch-416, train_mse_loss-0.0003239, train_kl_loss-0.0000000, val_mse_loss-0.0003432, val_kl_loss-0.0000000
2025-03-06 16:03:44 - INFO - epoch-417, train_mse_loss-0.0003239, train_kl_loss-0.0000000, val_mse_loss-0.0003433, val_kl_loss-0.0000000
2025-03-06 16:08:02 - INFO - epoch-418, train_mse_loss-0.0003239, train_kl_loss-0.0000000, val_mse_loss-0.0003435, val_kl_loss-0.0000000
2025-03-06 16:12:21 - INFO - epoch-419, train_mse_loss-0.0003239, train_kl_loss-0.0000000, val_mse_loss-0.0003442, val_kl_loss-0.0000000
2025-03-06 16:16:38 - INFO - epoch-420, train_mse_loss-0.0003239, train_kl_loss-0.0000000, val_mse_loss-0.0003444, val_kl_loss-0.0000000
2025-03-06 16:20:56 - INFO - epoch-421, train_mse_loss-0.0003239, train_kl_loss-0.0000000, val_mse_loss-0.0003439, val_kl_loss-0.0000000
2025-03-06 16:25:15 - INFO - epoch-422, train_mse_loss-0.0003239, train_kl_loss-0.0000000, val_mse_loss-0.0003443, val_kl_loss-0.0000000
2025-03-06 16:29:33 - INFO - epoch-423, train_mse_loss-0.0003239, train_kl_loss-0.0000000, val_mse_loss-0.0003439, val_kl_loss-0.0000000
2025-03-06 16:33:51 - INFO - epoch-424, train_mse_loss-0.0003239, train_kl_loss-0.0000000, val_mse_loss-0.0003446, val_kl_loss-0.0000000
2025-03-06 16:38:08 - INFO - epoch-425, train_mse_loss-0.0003239, train_kl_loss-0.0000000, val_mse_loss-0.0003449, val_kl_loss-0.0000000
2025-03-06 16:42:26 - INFO - epoch-426, train_mse_loss-0.0003239, train_kl_loss-0.0000000, val_mse_loss-0.0003446, val_kl_loss-0.0000000
2025-03-06 16:46:45 - INFO - epoch-427, train_mse_loss-0.0003239, train_kl_loss-0.0000000, val_mse_loss-0.0003453, val_kl_loss-0.0000000
2025-03-06 16:51:03 - INFO - epoch-428, train_mse_loss-0.0003239, train_kl_loss-0.0000000, val_mse_loss-0.0003444, val_kl_loss-0.0000000
2025-03-06 16:55:21 - INFO - epoch-429, train_mse_loss-0.0003239, train_kl_loss-0.0000000, val_mse_loss-0.0003445, val_kl_loss-0.0000000
2025-03-06 16:59:40 - INFO - epoch-430, train_mse_loss-0.0003239, train_kl_loss-0.0000000, val_mse_loss-0.0003442, val_kl_loss-0.0000000
2025-03-06 17:03:58 - INFO - epoch-431, train_mse_loss-0.0003239, train_kl_loss-0.0000000, val_mse_loss-0.0003447, val_kl_loss-0.0000000
2025-03-06 17:08:16 - INFO - epoch-432, train_mse_loss-0.0003239, train_kl_loss-0.0000000, val_mse_loss-0.0003447, val_kl_loss-0.0000000
2025-03-06 17:12:34 - INFO - epoch-433, train_mse_loss-0.0003239, train_kl_loss-0.0000000, val_mse_loss-0.0003440, val_kl_loss-0.0000000
2025-03-06 17:16:52 - INFO - epoch-434, train_mse_loss-0.0003239, train_kl_loss-0.0000000, val_mse_loss-0.0003449, val_kl_loss-0.0000000
2025-03-06 17:21:10 - INFO - epoch-435, train_mse_loss-0.0003239, train_kl_loss-0.0000000, val_mse_loss-0.0003446, val_kl_loss-0.0000000
2025-03-06 17:25:28 - INFO - epoch-436, train_mse_loss-0.0003239, train_kl_loss-0.0000000, val_mse_loss-0.0003450, val_kl_loss-0.0000000
2025-03-06 17:29:45 - INFO - epoch-437, train_mse_loss-0.0003239, train_kl_loss-0.0000000, val_mse_loss-0.0003443, val_kl_loss-0.0000000
2025-03-06 17:34:03 - INFO - epoch-438, train_mse_loss-0.0003239, train_kl_loss-0.0000000, val_mse_loss-0.0003443, val_kl_loss-0.0000000
2025-03-06 17:38:20 - INFO - epoch-439, train_mse_loss-0.0003239, train_kl_loss-0.0000000, val_mse_loss-0.0003445, val_kl_loss-0.0000000
2025-03-06 17:42:38 - INFO - epoch-440, train_mse_loss-0.0003239, train_kl_loss-0.0000000, val_mse_loss-0.0003455, val_kl_loss-0.0000000
2025-03-06 17:46:56 - INFO - epoch-441, train_mse_loss-0.0003239, train_kl_loss-0.0000000, val_mse_loss-0.0003446, val_kl_loss-0.0000000
2025-03-06 17:51:14 - INFO - epoch-442, train_mse_loss-0.0003239, train_kl_loss-0.0000000, val_mse_loss-0.0003446, val_kl_loss-0.0000000
2025-03-06 17:55:32 - INFO - epoch-443, train_mse_loss-0.0003239, train_kl_loss-0.0000000, val_mse_loss-0.0003445, val_kl_loss-0.0000000
2025-03-06 17:59:49 - INFO - epoch-444, train_mse_loss-0.0003239, train_kl_loss-0.0000000, val_mse_loss-0.0003448, val_kl_loss-0.0000000
2025-03-06 18:04:08 - INFO - epoch-445, train_mse_loss-0.0003239, train_kl_loss-0.0000000, val_mse_loss-0.0003443, val_kl_loss-0.0000000
2025-03-06 18:08:26 - INFO - epoch-446, train_mse_loss-0.0003239, train_kl_loss-0.0000000, val_mse_loss-0.0003442, val_kl_loss-0.0000000
2025-03-06 18:12:44 - INFO - epoch-447, train_mse_loss-0.0003239, train_kl_loss-0.0000000, val_mse_loss-0.0003446, val_kl_loss-0.0000000
2025-03-06 18:17:01 - INFO - epoch-448, train_mse_loss-0.0003239, train_kl_loss-0.0000000, val_mse_loss-0.0003442, val_kl_loss-0.0000000
2025-03-06 18:21:19 - INFO - epoch-449, train_mse_loss-0.0003239, train_kl_loss-0.0000000, val_mse_loss-0.0003451, val_kl_loss-0.0000000
2025-03-06 18:25:36 - INFO - epoch-450, train_mse_loss-0.0003239, train_kl_loss-0.0000000, val_mse_loss-0.0003453, val_kl_loss-0.0000000
2025-03-06 18:29:55 - INFO - epoch-451, train_mse_loss-0.0003239, train_kl_loss-0.0000000, val_mse_loss-0.0003451, val_kl_loss-0.0000000
2025-03-06 18:34:13 - INFO - epoch-452, train_mse_loss-0.0003239, train_kl_loss-0.0000000, val_mse_loss-0.0003452, val_kl_loss-0.0000000
2025-03-06 18:38:31 - INFO - epoch-453, train_mse_loss-0.0003239, train_kl_loss-0.0000000, val_mse_loss-0.0003449, val_kl_loss-0.0000000
2025-03-06 18:42:49 - INFO - epoch-454, train_mse_loss-0.0003239, train_kl_loss-0.0000000, val_mse_loss-0.0003457, val_kl_loss-0.0000000
2025-03-06 18:47:07 - INFO - epoch-455, train_mse_loss-0.0003239, train_kl_loss-0.0000000, val_mse_loss-0.0003455, val_kl_loss-0.0000000
2025-03-06 18:51:24 - INFO - epoch-456, train_mse_loss-0.0003239, train_kl_loss-0.0000000, val_mse_loss-0.0003455, val_kl_loss-0.0000000
2025-03-06 18:55:42 - INFO - epoch-457, train_mse_loss-0.0003239, train_kl_loss-0.0000000, val_mse_loss-0.0003457, val_kl_loss-0.0000000
2025-03-06 18:59:59 - INFO - epoch-458, train_mse_loss-0.0003239, train_kl_loss-0.0000000, val_mse_loss-0.0003460, val_kl_loss-0.0000000
2025-03-06 19:04:17 - INFO - epoch-459, train_mse_loss-0.0003239, train_kl_loss-0.0000000, val_mse_loss-0.0003463, val_kl_loss-0.0000000
2025-03-06 19:08:35 - INFO - epoch-460, train_mse_loss-0.0003239, train_kl_loss-0.0000000, val_mse_loss-0.0003463, val_kl_loss-0.0000000
2025-03-06 19:12:53 - INFO - epoch-461, train_mse_loss-0.0003239, train_kl_loss-0.0000000, val_mse_loss-0.0003466, val_kl_loss-0.0000000
2025-03-06 19:17:11 - INFO - epoch-462, train_mse_loss-0.0003239, train_kl_loss-0.0000000, val_mse_loss-0.0003452, val_kl_loss-0.0000000
2025-03-06 19:21:29 - INFO - epoch-463, train_mse_loss-0.0003239, train_kl_loss-0.0000000, val_mse_loss-0.0003462, val_kl_loss-0.0000000
2025-03-06 19:25:46 - INFO - epoch-464, train_mse_loss-0.0003239, train_kl_loss-0.0000000, val_mse_loss-0.0003455, val_kl_loss-0.0000000
2025-03-06 19:30:04 - INFO - epoch-465, train_mse_loss-0.0003239, train_kl_loss-0.0000000, val_mse_loss-0.0003463, val_kl_loss-0.0000000
2025-03-06 19:34:21 - INFO - epoch-466, train_mse_loss-0.0003239, train_kl_loss-0.0000000, val_mse_loss-0.0003468, val_kl_loss-0.0000000
2025-03-06 19:38:38 - INFO - epoch-467, train_mse_loss-0.0003239, train_kl_loss-0.0000000, val_mse_loss-0.0003475, val_kl_loss-0.0000000
2025-03-06 19:42:56 - INFO - epoch-468, train_mse_loss-0.0003239, train_kl_loss-0.0000000, val_mse_loss-0.0003469, val_kl_loss-0.0000000
2025-03-06 19:47:14 - INFO - epoch-469, train_mse_loss-0.0003239, train_kl_loss-0.0000000, val_mse_loss-0.0003473, val_kl_loss-0.0000000
2025-03-06 19:51:32 - INFO - epoch-470, train_mse_loss-0.0003239, train_kl_loss-0.0000000, val_mse_loss-0.0003468, val_kl_loss-0.0000000
2025-03-06 19:55:50 - INFO - epoch-471, train_mse_loss-0.0003239, train_kl_loss-0.0000000, val_mse_loss-0.0003470, val_kl_loss-0.0000000
2025-03-06 20:00:07 - INFO - epoch-472, train_mse_loss-0.0003239, train_kl_loss-0.0000000, val_mse_loss-0.0003469, val_kl_loss-0.0000000
2025-03-06 20:04:25 - INFO - epoch-473, train_mse_loss-0.0003239, train_kl_loss-0.0000000, val_mse_loss-0.0003464, val_kl_loss-0.0000000
2025-03-06 20:08:43 - INFO - epoch-474, train_mse_loss-0.0003239, train_kl_loss-0.0000000, val_mse_loss-0.0003467, val_kl_loss-0.0000000
2025-03-06 20:13:01 - INFO - epoch-475, train_mse_loss-0.0003239, train_kl_loss-0.0000000, val_mse_loss-0.0003467, val_kl_loss-0.0000000
2025-03-06 20:17:19 - INFO - epoch-476, train_mse_loss-0.0003239, train_kl_loss-0.0000000, val_mse_loss-0.0003467, val_kl_loss-0.0000000
2025-03-06 20:21:37 - INFO - epoch-477, train_mse_loss-0.0003239, train_kl_loss-0.0000000, val_mse_loss-0.0003471, val_kl_loss-0.0000000
2025-03-06 20:25:55 - INFO - epoch-478, train_mse_loss-0.0003239, train_kl_loss-0.0000000, val_mse_loss-0.0003467, val_kl_loss-0.0000000
2025-03-06 20:30:13 - INFO - epoch-479, train_mse_loss-0.0003239, train_kl_loss-0.0000000, val_mse_loss-0.0003465, val_kl_loss-0.0000000
2025-03-06 20:34:31 - INFO - epoch-480, train_mse_loss-0.0003239, train_kl_loss-0.0000000, val_mse_loss-0.0003473, val_kl_loss-0.0000000
2025-03-06 20:38:49 - INFO - epoch-481, train_mse_loss-0.0003239, train_kl_loss-0.0000000, val_mse_loss-0.0003471, val_kl_loss-0.0000000
2025-03-06 20:43:08 - INFO - epoch-482, train_mse_loss-0.0003239, train_kl_loss-0.0000000, val_mse_loss-0.0003470, val_kl_loss-0.0000000
2025-03-06 20:47:26 - INFO - epoch-483, train_mse_loss-0.0003239, train_kl_loss-0.0000000, val_mse_loss-0.0003471, val_kl_loss-0.0000000
2025-03-06 20:51:43 - INFO - epoch-484, train_mse_loss-0.0003239, train_kl_loss-0.0000000, val_mse_loss-0.0003469, val_kl_loss-0.0000000
2025-03-06 20:56:01 - INFO - epoch-485, train_mse_loss-0.0003239, train_kl_loss-0.0000000, val_mse_loss-0.0003466, val_kl_loss-0.0000000
2025-03-06 21:00:19 - INFO - epoch-486, train_mse_loss-0.0003239, train_kl_loss-0.0000000, val_mse_loss-0.0003471, val_kl_loss-0.0000000
2025-03-06 21:04:36 - INFO - epoch-487, train_mse_loss-0.0003239, train_kl_loss-0.0000000, val_mse_loss-0.0003463, val_kl_loss-0.0000000
2025-03-06 21:08:53 - INFO - epoch-488, train_mse_loss-0.0003239, train_kl_loss-0.0000000, val_mse_loss-0.0003473, val_kl_loss-0.0000000
2025-03-06 21:13:11 - INFO - epoch-489, train_mse_loss-0.0003239, train_kl_loss-0.0000000, val_mse_loss-0.0003468, val_kl_loss-0.0000000
2025-03-06 21:17:28 - INFO - epoch-490, train_mse_loss-0.0003239, train_kl_loss-0.0000000, val_mse_loss-0.0003471, val_kl_loss-0.0000000
2025-03-06 21:21:45 - INFO - epoch-491, train_mse_loss-0.0003239, train_kl_loss-0.0000000, val_mse_loss-0.0003472, val_kl_loss-0.0000000
2025-03-06 21:26:03 - INFO - epoch-492, train_mse_loss-0.0003239, train_kl_loss-0.0000000, val_mse_loss-0.0003466, val_kl_loss-0.0000000
2025-03-06 21:30:20 - INFO - epoch-493, train_mse_loss-0.0003239, train_kl_loss-0.0000000, val_mse_loss-0.0003475, val_kl_loss-0.0000000
2025-03-06 21:34:38 - INFO - epoch-494, train_mse_loss-0.0003239, train_kl_loss-0.0000000, val_mse_loss-0.0003464, val_kl_loss-0.0000000
2025-03-06 21:38:55 - INFO - epoch-495, train_mse_loss-0.0003239, train_kl_loss-0.0000000, val_mse_loss-0.0003469, val_kl_loss-0.0000000
2025-03-06 21:43:13 - INFO - epoch-496, train_mse_loss-0.0003239, train_kl_loss-0.0000000, val_mse_loss-0.0003475, val_kl_loss-0.0000000
2025-03-06 21:47:31 - INFO - epoch-497, train_mse_loss-0.0003239, train_kl_loss-0.0000000, val_mse_loss-0.0003469, val_kl_loss-0.0000000
2025-03-06 21:51:48 - INFO - epoch-498, train_mse_loss-0.0003239, train_kl_loss-0.0000000, val_mse_loss-0.0003463, val_kl_loss-0.0000000
2025-03-06 21:56:06 - INFO - epoch-499, train_mse_loss-0.0003239, train_kl_loss-0.0000000, val_mse_loss-0.0003473, val_kl_loss-0.0000000
