2025-01-02 16:59:51 - INFO - /proj/berzelius-2022-haloi/users/x_elima/CryoLigate_GIGN_Unet/train_example_berzilius.py
2025-01-02 16:59:51 - INFO - train data: 16027
2025-01-02 16:59:51 - INFO - train unqiue data: 16027
2025-01-02 16:59:51 - INFO - valid data: 1781
2025-01-02 16:59:51 - INFO - valid unqiue data: 1781
2025-01-02 17:07:17 - INFO - epoch-0, train_loss-0.0040793, val_loss-0.0122883
2025-01-02 17:07:19 - INFO - Saved model at epoch 0
2025-01-02 17:14:13 - INFO - epoch-1, train_loss-0.0004399, val_loss-0.0113720
2025-01-02 17:21:10 - INFO - epoch-2, train_loss-0.0004292, val_loss-0.0112312
2025-01-02 17:28:08 - INFO - epoch-3, train_loss-0.0004239, val_loss-0.0110273
2025-01-02 17:35:19 - INFO - epoch-4, train_loss-0.0004203, val_loss-0.0096821
2025-01-02 17:42:19 - INFO - epoch-5, train_loss-0.0004188, val_loss-0.0094426
2025-01-02 17:49:14 - INFO - epoch-6, train_loss-0.0004176, val_loss-0.0088566
2025-01-02 17:56:10 - INFO - epoch-7, train_loss-0.0004175, val_loss-0.0087198
2025-01-02 18:03:13 - INFO - epoch-8, train_loss-0.0004161, val_loss-0.0080310
2025-01-02 18:10:40 - INFO - epoch-9, train_loss-0.0004154, val_loss-0.0077888
2025-01-02 18:18:15 - INFO - epoch-10, train_loss-0.0004148, val_loss-0.0069480
2025-01-02 18:25:39 - INFO - epoch-11, train_loss-0.0004149, val_loss-0.0064804
2025-01-02 18:33:10 - INFO - epoch-12, train_loss-0.0004134, val_loss-0.0060881
2025-01-02 18:40:13 - INFO - epoch-13, train_loss-0.0004137, val_loss-0.0059338
2025-01-02 18:47:11 - INFO - epoch-14, train_loss-0.0004128, val_loss-0.0058267
2025-01-02 18:54:06 - INFO - epoch-15, train_loss-0.0004118, val_loss-0.0054462
2025-01-02 19:01:04 - INFO - epoch-16, train_loss-0.0004116, val_loss-0.0049630
2025-01-02 19:08:10 - INFO - epoch-17, train_loss-0.0004143, val_loss-0.0045654
2025-01-02 19:15:36 - INFO - epoch-18, train_loss-0.0004120, val_loss-0.0037481
2025-01-02 19:23:12 - INFO - epoch-19, train_loss-0.0004136, val_loss-0.0037944
2025-01-02 19:30:38 - INFO - epoch-20, train_loss-0.0004114, val_loss-0.0031109
2025-01-02 19:30:40 - INFO - Saved model at epoch 20
2025-01-02 19:38:14 - INFO - epoch-21, train_loss-0.0004140, val_loss-0.0026086
2025-01-02 19:45:18 - INFO - epoch-22, train_loss-0.0004132, val_loss-0.0022333
2025-01-02 19:52:35 - INFO - epoch-23, train_loss-0.0004116, val_loss-0.0017205
2025-01-02 20:00:11 - INFO - epoch-24, train_loss-0.0004127, val_loss-0.0015340
2025-01-02 20:07:32 - INFO - epoch-25, train_loss-0.0004124, val_loss-0.0012759
2025-01-02 20:14:32 - INFO - epoch-26, train_loss-0.0004106, val_loss-0.0010666
2025-01-02 20:21:29 - INFO - epoch-27, train_loss-0.0004113, val_loss-0.0008711
2025-01-02 20:28:28 - INFO - epoch-28, train_loss-0.0004114, val_loss-0.0007815
2025-01-02 20:35:24 - INFO - epoch-29, train_loss-0.0004115, val_loss-0.0007397
2025-01-02 20:42:23 - INFO - epoch-30, train_loss-0.0004109, val_loss-0.0007858
2025-01-02 20:49:21 - INFO - epoch-31, train_loss-0.0004109, val_loss-0.0007409
2025-01-02 20:56:15 - INFO - epoch-32, train_loss-0.0004120, val_loss-0.0006276
2025-01-02 21:03:11 - INFO - epoch-33, train_loss-0.0004111, val_loss-0.0006685
2025-01-02 21:10:38 - INFO - epoch-34, train_loss-0.0004110, val_loss-0.0006624
2025-01-02 21:17:59 - INFO - epoch-35, train_loss-0.0004110, val_loss-0.0005831
2025-01-02 21:25:14 - INFO - epoch-36, train_loss-0.0004112, val_loss-0.0007154
2025-01-02 21:32:37 - INFO - epoch-37, train_loss-0.0004117, val_loss-0.0006508
2025-01-02 21:39:58 - INFO - epoch-38, train_loss-0.0004096, val_loss-0.0006254
2025-01-02 21:47:17 - INFO - epoch-39, train_loss-0.0004102, val_loss-0.0006438
2025-01-02 21:54:27 - INFO - epoch-40, train_loss-0.0004115, val_loss-0.0006649
2025-01-02 21:54:29 - INFO - Saved model at epoch 40
2025-01-02 22:01:24 - INFO - epoch-41, train_loss-0.0004098, val_loss-0.0006443
2025-01-02 22:08:17 - INFO - epoch-42, train_loss-0.0004095, val_loss-0.0006714
2025-01-02 22:15:10 - INFO - epoch-43, train_loss-0.0004088, val_loss-0.0006591
2025-01-02 22:22:03 - INFO - epoch-44, train_loss-0.0004096, val_loss-0.0006647
2025-01-02 22:28:57 - INFO - epoch-45, train_loss-0.0004087, val_loss-0.0006548
2025-01-02 22:35:51 - INFO - epoch-46, train_loss-0.0004096, val_loss-0.0006507
2025-01-02 22:42:52 - INFO - epoch-47, train_loss-0.0004081, val_loss-0.0006708
2025-01-02 22:49:57 - INFO - epoch-48, train_loss-0.0004089, val_loss-0.0006514
2025-01-02 22:56:59 - INFO - epoch-49, train_loss-0.0004088, val_loss-0.0006592
2025-01-02 23:03:57 - INFO - epoch-50, train_loss-0.0004079, val_loss-0.0006579
2025-01-02 23:10:52 - INFO - epoch-51, train_loss-0.0004086, val_loss-0.0006583
2025-01-02 23:17:52 - INFO - epoch-52, train_loss-0.0004087, val_loss-0.0006648
2025-01-02 23:24:54 - INFO - epoch-53, train_loss-0.0004084, val_loss-0.0006672
2025-01-02 23:31:55 - INFO - epoch-54, train_loss-0.0004076, val_loss-0.0006620
2025-01-02 23:38:55 - INFO - epoch-55, train_loss-0.0004075, val_loss-0.0006673
2025-01-02 23:45:54 - INFO - epoch-56, train_loss-0.0004090, val_loss-0.0006740
2025-01-02 23:52:53 - INFO - epoch-57, train_loss-0.0004075, val_loss-0.0006669
2025-01-02 23:59:50 - INFO - epoch-58, train_loss-0.0004082, val_loss-0.0006655
2025-01-03 00:06:44 - INFO - epoch-59, train_loss-0.0004079, val_loss-0.0006653
2025-01-03 00:13:39 - INFO - epoch-60, train_loss-0.0004070, val_loss-0.0006647
2025-01-03 00:13:43 - INFO - Saved model at epoch 60
2025-01-03 00:20:43 - INFO - epoch-61, train_loss-0.0004077, val_loss-0.0006662
2025-01-03 00:27:37 - INFO - epoch-62, train_loss-0.0004074, val_loss-0.0006650
2025-01-03 00:34:29 - INFO - epoch-63, train_loss-0.0004082, val_loss-0.0006657
2025-01-03 00:41:23 - INFO - epoch-64, train_loss-0.0004080, val_loss-0.0006652
2025-01-03 00:48:16 - INFO - epoch-65, train_loss-0.0004079, val_loss-0.0006652
2025-01-03 00:55:08 - INFO - epoch-66, train_loss-0.0004065, val_loss-0.0006649
2025-01-03 01:02:04 - INFO - epoch-67, train_loss-0.0004079, val_loss-0.0006651
2025-01-03 01:08:58 - INFO - epoch-68, train_loss-0.0004065, val_loss-0.0006649
2025-01-03 01:15:51 - INFO - epoch-69, train_loss-0.0004071, val_loss-0.0006745
2025-01-03 01:22:44 - INFO - epoch-70, train_loss-0.0004066, val_loss-0.0006658
2025-01-03 01:29:39 - INFO - epoch-71, train_loss-0.0004074, val_loss-0.0006661
2025-01-03 01:36:31 - INFO - epoch-72, train_loss-0.0004064, val_loss-0.0006660
2025-01-03 01:43:31 - INFO - epoch-73, train_loss-0.0004058, val_loss-0.0006655
2025-01-03 01:50:26 - INFO - epoch-74, train_loss-0.0004059, val_loss-0.0006648
2025-01-03 01:57:17 - INFO - epoch-75, train_loss-0.0004064, val_loss-0.0006655
2025-01-03 02:04:10 - INFO - epoch-76, train_loss-0.0004063, val_loss-0.0006658
2025-01-03 02:11:03 - INFO - epoch-77, train_loss-0.0004066, val_loss-0.0006655
2025-01-03 02:17:56 - INFO - epoch-78, train_loss-0.0004070, val_loss-0.0006654
2025-01-03 02:24:49 - INFO - epoch-79, train_loss-0.0004057, val_loss-0.0006647
2025-01-03 02:31:40 - INFO - epoch-80, train_loss-0.0004067, val_loss-0.0006655
2025-01-03 02:31:50 - INFO - Saved model at epoch 80
2025-01-03 02:38:43 - INFO - epoch-81, train_loss-0.0004058, val_loss-0.0006622
2025-01-03 02:45:35 - INFO - epoch-82, train_loss-0.0004067, val_loss-0.0006647
2025-01-03 02:52:26 - INFO - epoch-83, train_loss-0.0004056, val_loss-0.0006449
2025-01-03 02:59:17 - INFO - epoch-84, train_loss-0.0004054, val_loss-0.0006585
2025-01-03 03:06:09 - INFO - epoch-85, train_loss-0.0004061, val_loss-0.0006539
2025-01-03 03:13:02 - INFO - epoch-86, train_loss-0.0004051, val_loss-0.0006377
2025-01-03 03:19:55 - INFO - epoch-87, train_loss-0.0004051, val_loss-0.0006340
2025-01-03 03:26:49 - INFO - epoch-88, train_loss-0.0004059, val_loss-0.0006375
2025-01-03 03:33:43 - INFO - epoch-89, train_loss-0.0004061, val_loss-0.0005244
2025-01-03 03:40:35 - INFO - epoch-90, train_loss-0.0004050, val_loss-0.0005559
2025-01-03 03:47:27 - INFO - epoch-91, train_loss-0.0004055, val_loss-0.0005260
2025-01-03 03:54:18 - INFO - epoch-92, train_loss-0.0004060, val_loss-0.0004721
2025-01-03 04:01:10 - INFO - epoch-93, train_loss-0.0004049, val_loss-0.0005906
2025-01-03 04:08:01 - INFO - epoch-94, train_loss-0.0004055, val_loss-0.0005100
2025-01-03 04:14:52 - INFO - epoch-95, train_loss-0.0004056, val_loss-0.0005236
2025-01-03 04:21:47 - INFO - epoch-96, train_loss-0.0004061, val_loss-0.0005799
2025-01-03 04:28:40 - INFO - epoch-97, train_loss-0.0004059, val_loss-0.0005192
2025-01-03 04:35:33 - INFO - epoch-98, train_loss-0.0004057, val_loss-0.0005661
2025-01-03 04:42:26 - INFO - epoch-99, train_loss-0.0004049, val_loss-0.0005641
2025-01-03 04:49:17 - INFO - epoch-100, train_loss-0.0004061, val_loss-0.0004413
2025-01-03 04:49:22 - INFO - Saved model at epoch 100
2025-01-03 04:56:16 - INFO - epoch-101, train_loss-0.0004051, val_loss-0.0004604
2025-01-03 05:03:08 - INFO - epoch-102, train_loss-0.0004057, val_loss-0.0004617
2025-01-03 05:10:00 - INFO - epoch-103, train_loss-0.0004049, val_loss-0.0005081
2025-01-03 05:16:51 - INFO - epoch-104, train_loss-0.0004056, val_loss-0.0004796
2025-01-03 05:23:42 - INFO - epoch-105, train_loss-0.0004046, val_loss-0.0005350
2025-01-03 05:30:34 - INFO - epoch-106, train_loss-0.0004050, val_loss-0.0005813
2025-01-03 05:37:29 - INFO - epoch-107, train_loss-0.0004052, val_loss-0.0004886
2025-01-03 05:44:22 - INFO - epoch-108, train_loss-0.0004047, val_loss-0.0004920
2025-01-03 05:51:16 - INFO - epoch-109, train_loss-0.0004044, val_loss-0.0004913
2025-01-03 05:58:09 - INFO - epoch-110, train_loss-0.0004050, val_loss-0.0004940
2025-01-03 06:05:01 - INFO - epoch-111, train_loss-0.0004043, val_loss-0.0005102
2025-01-03 06:11:56 - INFO - epoch-112, train_loss-0.0004041, val_loss-0.0004851
2025-01-03 06:18:48 - INFO - epoch-113, train_loss-0.0004048, val_loss-0.0004726
2025-01-03 06:25:40 - INFO - epoch-114, train_loss-0.0004052, val_loss-0.0004722
2025-01-03 06:32:31 - INFO - epoch-115, train_loss-0.0004048, val_loss-0.0004487
2025-01-03 06:39:24 - INFO - epoch-116, train_loss-0.0004044, val_loss-0.0004859
2025-01-03 06:46:17 - INFO - epoch-117, train_loss-0.0004050, val_loss-0.0004455
2025-01-03 06:53:11 - INFO - epoch-118, train_loss-0.0004043, val_loss-0.0005569
2025-01-03 07:00:03 - INFO - epoch-119, train_loss-0.0004045, val_loss-0.0005312
2025-01-03 07:06:56 - INFO - epoch-120, train_loss-0.0004042, val_loss-0.0004971
2025-01-03 07:07:13 - INFO - Saved model at epoch 120
2025-01-03 07:14:09 - INFO - epoch-121, train_loss-0.0004039, val_loss-0.0004154
2025-01-03 07:21:01 - INFO - epoch-122, train_loss-0.0004044, val_loss-0.0005005
2025-01-03 07:27:53 - INFO - epoch-123, train_loss-0.0004043, val_loss-0.0004857
2025-01-03 07:34:45 - INFO - epoch-124, train_loss-0.0004045, val_loss-0.0004717
2025-01-03 07:41:37 - INFO - epoch-125, train_loss-0.0004040, val_loss-0.0004283
2025-01-03 07:48:29 - INFO - epoch-126, train_loss-0.0004039, val_loss-0.0004489
2025-01-03 07:55:23 - INFO - epoch-127, train_loss-0.0004046, val_loss-0.0004576
2025-01-03 08:02:15 - INFO - epoch-128, train_loss-0.0004040, val_loss-0.0005049
2025-01-03 08:09:08 - INFO - epoch-129, train_loss-0.0004040, val_loss-0.0004220
2025-01-03 08:16:05 - INFO - epoch-130, train_loss-0.0004040, val_loss-0.0004466
2025-01-03 08:23:09 - INFO - epoch-131, train_loss-0.0004035, val_loss-0.0006126
2025-01-03 08:30:02 - INFO - epoch-132, train_loss-0.0004038, val_loss-0.0005046
2025-01-03 08:36:56 - INFO - epoch-133, train_loss-0.0004042, val_loss-0.0004583
2025-01-03 08:43:50 - INFO - epoch-134, train_loss-0.0004041, val_loss-0.0004943
2025-01-03 08:50:45 - INFO - epoch-135, train_loss-0.0004034, val_loss-0.0004757
2025-01-03 08:57:39 - INFO - epoch-136, train_loss-0.0004036, val_loss-0.0004364
2025-01-03 09:04:33 - INFO - epoch-137, train_loss-0.0004042, val_loss-0.0005081
2025-01-03 09:11:27 - INFO - epoch-138, train_loss-0.0004038, val_loss-0.0004325
2025-01-03 09:18:22 - INFO - epoch-139, train_loss-0.0004040, val_loss-0.0005056
2025-01-03 09:25:16 - INFO - epoch-140, train_loss-0.0004033, val_loss-0.0005071
2025-01-03 09:25:22 - INFO - Saved model at epoch 140
2025-01-03 09:32:16 - INFO - epoch-141, train_loss-0.0004036, val_loss-0.0005287
2025-01-03 09:39:20 - INFO - epoch-142, train_loss-0.0004033, val_loss-0.0004529
2025-01-03 09:46:26 - INFO - epoch-143, train_loss-0.0004037, val_loss-0.0004412
2025-01-03 09:53:18 - INFO - epoch-144, train_loss-0.0004032, val_loss-0.0004650
2025-01-03 10:00:10 - INFO - epoch-145, train_loss-0.0004039, val_loss-0.0004265
2025-01-03 10:07:05 - INFO - epoch-146, train_loss-0.0004037, val_loss-0.0004534
2025-01-03 10:13:58 - INFO - epoch-147, train_loss-0.0004034, val_loss-0.0004379
2025-01-03 10:20:51 - INFO - epoch-148, train_loss-0.0004031, val_loss-0.0004360
2025-01-03 10:27:43 - INFO - epoch-149, train_loss-0.0004029, val_loss-0.0006223
2025-01-03 10:34:38 - INFO - epoch-150, train_loss-0.0004037, val_loss-0.0004719
2025-01-03 10:41:31 - INFO - epoch-151, train_loss-0.0004032, val_loss-0.0004490
2025-01-03 10:48:26 - INFO - epoch-152, train_loss-0.0004035, val_loss-0.0004479
2025-01-03 10:55:19 - INFO - epoch-153, train_loss-0.0004026, val_loss-0.0004475
2025-01-03 11:02:13 - INFO - epoch-154, train_loss-0.0004033, val_loss-0.0016273
2025-01-03 11:09:06 - INFO - epoch-155, train_loss-0.0004029, val_loss-0.0004377
2025-01-03 11:15:59 - INFO - epoch-156, train_loss-0.0004030, val_loss-0.0004188
2025-01-03 11:22:53 - INFO - epoch-157, train_loss-0.0004029, val_loss-0.0004670
2025-01-03 11:29:46 - INFO - epoch-158, train_loss-0.0004030, val_loss-0.0004255
2025-01-03 11:36:40 - INFO - epoch-159, train_loss-0.0004028, val_loss-0.0004417
2025-01-03 11:43:32 - INFO - epoch-160, train_loss-0.0004030, val_loss-0.0004798
2025-01-03 11:43:34 - INFO - Saved model at epoch 160
2025-01-03 11:50:28 - INFO - epoch-161, train_loss-0.0004033, val_loss-0.0004438
2025-01-03 11:57:20 - INFO - epoch-162, train_loss-0.0004026, val_loss-0.0005987
2025-01-03 12:04:12 - INFO - epoch-163, train_loss-0.0004028, val_loss-0.0004325
2025-01-03 12:11:04 - INFO - epoch-164, train_loss-0.0004024, val_loss-0.0004395
2025-01-03 12:17:58 - INFO - epoch-165, train_loss-0.0004029, val_loss-0.0004482
2025-01-03 12:24:50 - INFO - epoch-166, train_loss-0.0004028, val_loss-0.0004776
2025-01-03 12:31:44 - INFO - epoch-167, train_loss-0.0004021, val_loss-0.0006022
2025-01-03 12:38:36 - INFO - epoch-168, train_loss-0.0004025, val_loss-0.0005178
2025-01-03 12:45:28 - INFO - epoch-169, train_loss-0.0004026, val_loss-0.0004983
2025-01-03 12:52:21 - INFO - epoch-170, train_loss-0.0004027, val_loss-0.0004393
2025-01-03 12:59:16 - INFO - epoch-171, train_loss-0.0004025, val_loss-0.0004310
2025-01-03 13:06:07 - INFO - epoch-172, train_loss-0.0004027, val_loss-0.0005250
2025-01-03 13:12:59 - INFO - epoch-173, train_loss-0.0004022, val_loss-0.0004570
2025-01-03 13:19:50 - INFO - epoch-174, train_loss-0.0004026, val_loss-0.0004929
2025-01-03 13:26:41 - INFO - epoch-175, train_loss-0.0004023, val_loss-0.0004419
2025-01-03 13:33:33 - INFO - epoch-176, train_loss-0.0004027, val_loss-0.0004378
2025-01-03 13:40:25 - INFO - epoch-177, train_loss-0.0004031, val_loss-0.0004505
2025-01-03 13:47:17 - INFO - epoch-178, train_loss-0.0004025, val_loss-0.0004422
2025-01-03 13:54:08 - INFO - epoch-179, train_loss-0.0004024, val_loss-0.0004327
2025-01-03 14:01:00 - INFO - epoch-180, train_loss-0.0004024, val_loss-0.0004259
2025-01-03 14:01:03 - INFO - Saved model at epoch 180
2025-01-03 14:07:56 - INFO - epoch-181, train_loss-0.0004026, val_loss-0.0004437
2025-01-03 14:14:47 - INFO - epoch-182, train_loss-0.0004025, val_loss-0.0004297
2025-01-03 14:21:37 - INFO - epoch-183, train_loss-0.0004024, val_loss-0.0004622
2025-01-03 14:28:29 - INFO - epoch-184, train_loss-0.0004023, val_loss-0.0004250
2025-01-03 14:35:20 - INFO - epoch-185, train_loss-0.0004024, val_loss-0.0004138
2025-01-03 14:42:13 - INFO - epoch-186, train_loss-0.0004021, val_loss-0.0004390
2025-01-03 14:49:05 - INFO - epoch-187, train_loss-0.0004026, val_loss-0.0004446
2025-01-03 14:55:56 - INFO - epoch-188, train_loss-0.0004025, val_loss-0.0004385
2025-01-03 15:02:48 - INFO - epoch-189, train_loss-0.0004026, val_loss-0.0004537
2025-01-03 15:09:39 - INFO - epoch-190, train_loss-0.0004021, val_loss-0.0004237
2025-01-03 15:16:31 - INFO - epoch-191, train_loss-0.0004021, val_loss-0.0004878
2025-01-03 15:23:23 - INFO - epoch-192, train_loss-0.0004029, val_loss-0.0005153
2025-01-03 15:30:19 - INFO - epoch-193, train_loss-0.0004021, val_loss-0.0004510
2025-01-03 15:37:12 - INFO - epoch-194, train_loss-0.0004022, val_loss-0.0004194
2025-01-03 15:44:03 - INFO - epoch-195, train_loss-0.0004020, val_loss-0.0004293
2025-01-03 15:50:57 - INFO - epoch-196, train_loss-0.0004023, val_loss-0.0004385
2025-01-03 15:57:49 - INFO - epoch-197, train_loss-0.0004023, val_loss-0.0004233
2025-01-03 16:04:42 - INFO - epoch-198, train_loss-0.0004020, val_loss-0.0004470
2025-01-03 16:11:36 - INFO - epoch-199, train_loss-0.0004024, val_loss-0.0004353
2025-01-03 16:18:29 - INFO - epoch-200, train_loss-0.0004021, val_loss-0.0004237
2025-01-03 16:18:31 - INFO - Saved model at epoch 200
2025-01-03 16:25:23 - INFO - epoch-201, train_loss-0.0004021, val_loss-0.0004596
2025-01-03 16:32:14 - INFO - epoch-202, train_loss-0.0004024, val_loss-0.0004307
2025-01-03 16:39:07 - INFO - epoch-203, train_loss-0.0004022, val_loss-0.0004085
2025-01-03 16:46:01 - INFO - epoch-204, train_loss-0.0004021, val_loss-0.0004581
2025-01-03 16:52:54 - INFO - epoch-205, train_loss-0.0004022, val_loss-0.0004244
2025-01-03 16:59:47 - INFO - epoch-206, train_loss-0.0004022, val_loss-0.0004381
2025-01-03 17:06:41 - INFO - epoch-207, train_loss-0.0004018, val_loss-0.0004294
2025-01-03 17:13:35 - INFO - epoch-208, train_loss-0.0004022, val_loss-0.0004385
2025-01-03 17:20:27 - INFO - epoch-209, train_loss-0.0004017, val_loss-0.0004314
2025-01-03 17:27:19 - INFO - epoch-210, train_loss-0.0004018, val_loss-0.0004238
2025-01-03 17:34:11 - INFO - epoch-211, train_loss-0.0004020, val_loss-0.0004940
2025-01-03 17:41:03 - INFO - epoch-212, train_loss-0.0004018, val_loss-0.0005286
2025-01-03 17:47:54 - INFO - epoch-213, train_loss-0.0004016, val_loss-0.0004458
2025-01-03 17:54:46 - INFO - epoch-214, train_loss-0.0004017, val_loss-0.0004918
2025-01-03 18:01:38 - INFO - epoch-215, train_loss-0.0004018, val_loss-0.0004823
2025-01-03 18:08:30 - INFO - epoch-216, train_loss-0.0004017, val_loss-0.0004659
2025-01-03 18:15:22 - INFO - epoch-217, train_loss-0.0004021, val_loss-0.0004248
2025-01-03 18:22:14 - INFO - epoch-218, train_loss-0.0004017, val_loss-0.0004854
2025-01-03 18:29:06 - INFO - epoch-219, train_loss-0.0004017, val_loss-0.0004402
2025-01-03 18:36:00 - INFO - epoch-220, train_loss-0.0004018, val_loss-0.0004907
2025-01-03 18:36:02 - INFO - Saved model at epoch 220
2025-01-03 18:42:55 - INFO - epoch-221, train_loss-0.0004020, val_loss-0.0004265
2025-01-03 18:49:46 - INFO - epoch-222, train_loss-0.0004019, val_loss-0.0004246
2025-01-03 18:56:37 - INFO - epoch-223, train_loss-0.0004015, val_loss-0.0004826
2025-01-03 19:03:30 - INFO - epoch-224, train_loss-0.0004014, val_loss-0.0004334
2025-01-03 19:10:21 - INFO - epoch-225, train_loss-0.0004021, val_loss-0.0004925
2025-01-03 19:17:13 - INFO - epoch-226, train_loss-0.0004018, val_loss-0.0004374
2025-01-03 19:24:04 - INFO - epoch-227, train_loss-0.0004019, val_loss-0.0004533
2025-01-03 19:30:56 - INFO - epoch-228, train_loss-0.0004021, val_loss-0.0004064
2025-01-03 19:37:47 - INFO - epoch-229, train_loss-0.0004020, val_loss-0.0004210
2025-01-03 19:44:38 - INFO - epoch-230, train_loss-0.0004015, val_loss-0.0004247
2025-01-03 19:51:29 - INFO - epoch-231, train_loss-0.0004021, val_loss-0.0004469
2025-01-03 19:58:20 - INFO - epoch-232, train_loss-0.0004018, val_loss-0.0004289
2025-01-03 20:05:11 - INFO - epoch-233, train_loss-0.0004019, val_loss-0.0004510
2025-01-03 20:12:03 - INFO - epoch-234, train_loss-0.0004021, val_loss-0.0004195
2025-01-03 20:18:55 - INFO - epoch-235, train_loss-0.0004016, val_loss-0.0004192
2025-01-03 20:25:47 - INFO - epoch-236, train_loss-0.0004021, val_loss-0.0004046
2025-01-03 20:32:39 - INFO - epoch-237, train_loss-0.0004021, val_loss-0.0004272
2025-01-03 20:39:33 - INFO - epoch-238, train_loss-0.0004019, val_loss-0.0004079
2025-01-03 20:46:26 - INFO - epoch-239, train_loss-0.0004017, val_loss-0.0004097
2025-01-03 20:53:18 - INFO - epoch-240, train_loss-0.0004019, val_loss-0.0004023
2025-01-03 20:53:21 - INFO - Saved model at epoch 240
2025-01-03 21:00:12 - INFO - epoch-241, train_loss-0.0004019, val_loss-0.0004190
2025-01-03 21:07:05 - INFO - epoch-242, train_loss-0.0004021, val_loss-0.0004575
2025-01-03 21:14:19 - INFO - epoch-243, train_loss-0.0004019, val_loss-0.0004043
2025-01-03 21:21:18 - INFO - epoch-244, train_loss-0.0004016, val_loss-0.0004288
2025-01-03 21:28:13 - INFO - epoch-245, train_loss-0.0004021, val_loss-0.0004097
2025-01-03 21:35:08 - INFO - epoch-246, train_loss-0.0004020, val_loss-0.0004317
2025-01-03 21:42:03 - INFO - epoch-247, train_loss-0.0004019, val_loss-0.0004063
2025-01-03 21:48:58 - INFO - epoch-248, train_loss-0.0004020, val_loss-0.0004217
2025-01-03 21:55:52 - INFO - epoch-249, train_loss-0.0004016, val_loss-0.0003970
2025-01-03 22:02:46 - INFO - epoch-250, train_loss-0.0004017, val_loss-0.0004125
2025-01-03 22:09:41 - INFO - epoch-251, train_loss-0.0004015, val_loss-0.0004367
2025-01-03 22:16:34 - INFO - epoch-252, train_loss-0.0004022, val_loss-0.0004125
2025-01-03 22:23:27 - INFO - epoch-253, train_loss-0.0004023, val_loss-0.0004259
2025-01-03 22:30:20 - INFO - epoch-254, train_loss-0.0004018, val_loss-0.0004105
2025-01-03 22:37:17 - INFO - epoch-255, train_loss-0.0004021, val_loss-0.0004158
2025-01-03 22:44:33 - INFO - epoch-256, train_loss-0.0004015, val_loss-0.0004302
2025-01-03 22:51:25 - INFO - epoch-257, train_loss-0.0004017, val_loss-0.0004334
2025-01-03 22:58:17 - INFO - epoch-258, train_loss-0.0004019, val_loss-0.0004174
2025-01-03 23:05:10 - INFO - epoch-259, train_loss-0.0004018, val_loss-0.0004562
2025-01-03 23:12:01 - INFO - epoch-260, train_loss-0.0004015, val_loss-0.0004093
2025-01-03 23:12:03 - INFO - Saved model at epoch 260
2025-01-03 23:18:54 - INFO - epoch-261, train_loss-0.0004022, val_loss-0.0004034
2025-01-03 23:25:45 - INFO - epoch-262, train_loss-0.0004019, val_loss-0.0004324
2025-01-03 23:32:36 - INFO - epoch-263, train_loss-0.0004017, val_loss-0.0004193
2025-01-03 23:39:27 - INFO - epoch-264, train_loss-0.0004019, val_loss-0.0004112
2025-01-03 23:46:18 - INFO - epoch-265, train_loss-0.0004015, val_loss-0.0004177
2025-01-03 23:53:09 - INFO - epoch-266, train_loss-0.0004021, val_loss-0.0004300
2025-01-04 00:00:04 - INFO - epoch-267, train_loss-0.0004020, val_loss-0.0004136
2025-01-04 00:06:57 - INFO - epoch-268, train_loss-0.0004014, val_loss-0.0004103
2025-01-04 00:13:48 - INFO - epoch-269, train_loss-0.0004019, val_loss-0.0004059
2025-01-04 00:20:40 - INFO - epoch-270, train_loss-0.0004022, val_loss-0.0004006
2025-01-04 00:27:32 - INFO - epoch-271, train_loss-0.0004019, val_loss-0.0004070
2025-01-04 00:34:25 - INFO - epoch-272, train_loss-0.0004019, val_loss-0.0004111
2025-01-04 00:41:17 - INFO - epoch-273, train_loss-0.0004021, val_loss-0.0004049
2025-01-04 00:48:08 - INFO - epoch-274, train_loss-0.0004018, val_loss-0.0004150
2025-01-04 00:55:00 - INFO - epoch-275, train_loss-0.0004022, val_loss-0.0004078
2025-01-04 01:01:52 - INFO - epoch-276, train_loss-0.0004020, val_loss-0.0003967
2025-01-04 01:08:44 - INFO - epoch-277, train_loss-0.0004017, val_loss-0.0004047
2025-01-04 01:15:36 - INFO - epoch-278, train_loss-0.0004021, val_loss-0.0003986
2025-01-04 01:22:27 - INFO - epoch-279, train_loss-0.0004020, val_loss-0.0004330
2025-01-04 01:29:18 - INFO - epoch-280, train_loss-0.0004019, val_loss-0.0004061
2025-01-04 01:29:21 - INFO - Saved model at epoch 280
2025-01-04 01:36:13 - INFO - epoch-281, train_loss-0.0004023, val_loss-0.0004725
2025-01-04 01:43:05 - INFO - epoch-282, train_loss-0.0004018, val_loss-0.0004221
2025-01-04 01:49:56 - INFO - epoch-283, train_loss-0.0004018, val_loss-0.0004054
2025-01-04 01:56:48 - INFO - epoch-284, train_loss-0.0004020, val_loss-0.0004094
2025-01-04 02:03:40 - INFO - epoch-285, train_loss-0.0004017, val_loss-0.0004072
2025-01-04 02:10:31 - INFO - epoch-286, train_loss-0.0004016, val_loss-0.0004017
2025-01-04 02:17:23 - INFO - epoch-287, train_loss-0.0004021, val_loss-0.0004110
2025-01-04 02:24:15 - INFO - epoch-288, train_loss-0.0004019, val_loss-0.0004433
2025-01-04 02:31:08 - INFO - epoch-289, train_loss-0.0004025, val_loss-0.0004153
2025-01-04 02:37:59 - INFO - epoch-290, train_loss-0.0004024, val_loss-0.0004210
2025-01-04 02:44:50 - INFO - epoch-291, train_loss-0.0004019, val_loss-0.0003989
2025-01-04 02:51:45 - INFO - epoch-292, train_loss-0.0004018, val_loss-0.0004137
2025-01-04 02:58:41 - INFO - epoch-293, train_loss-0.0004021, val_loss-0.0004070
2025-01-04 03:05:34 - INFO - epoch-294, train_loss-0.0004017, val_loss-0.0004123
2025-01-04 03:12:25 - INFO - epoch-295, train_loss-0.0004013, val_loss-0.0004566
2025-01-04 03:19:16 - INFO - epoch-296, train_loss-0.0004020, val_loss-0.0004007
2025-01-04 03:26:07 - INFO - epoch-297, train_loss-0.0004019, val_loss-0.0004010
2025-01-04 03:32:59 - INFO - epoch-298, train_loss-0.0004019, val_loss-0.0004205
2025-01-04 03:39:50 - INFO - epoch-299, train_loss-0.0004018, val_loss-0.0004219
2025-01-04 03:46:42 - INFO - epoch-300, train_loss-0.0004017, val_loss-0.0004111
2025-01-04 03:46:45 - INFO - Saved model at epoch 300
2025-01-04 03:53:37 - INFO - epoch-301, train_loss-0.0004019, val_loss-0.0004119
2025-01-04 04:00:33 - INFO - epoch-302, train_loss-0.0004022, val_loss-0.0004149
2025-01-04 04:07:27 - INFO - epoch-303, train_loss-0.0004021, val_loss-0.0004008
2025-01-04 04:14:17 - INFO - epoch-304, train_loss-0.0004020, val_loss-0.0004462
2025-01-04 04:21:09 - INFO - epoch-305, train_loss-0.0004017, val_loss-0.0004295
2025-01-04 04:28:00 - INFO - epoch-306, train_loss-0.0004021, val_loss-0.0004286
2025-01-04 04:34:52 - INFO - epoch-307, train_loss-0.0004024, val_loss-0.0004005
2025-01-04 04:41:44 - INFO - epoch-308, train_loss-0.0004021, val_loss-0.0004156
2025-01-04 04:48:36 - INFO - epoch-309, train_loss-0.0004022, val_loss-0.0004160
2025-01-04 04:55:29 - INFO - epoch-310, train_loss-0.0004018, val_loss-0.0004169
2025-01-04 05:02:21 - INFO - epoch-311, train_loss-0.0004017, val_loss-0.0004152
2025-01-04 05:09:11 - INFO - epoch-312, train_loss-0.0004017, val_loss-0.0004015
2025-01-04 05:16:02 - INFO - epoch-313, train_loss-0.0004017, val_loss-0.0004011
2025-01-04 05:22:53 - INFO - epoch-314, train_loss-0.0004017, val_loss-0.0004054
2025-01-04 05:29:43 - INFO - epoch-315, train_loss-0.0004018, val_loss-0.0004097
2025-01-04 05:36:34 - INFO - epoch-316, train_loss-0.0004021, val_loss-0.0004058
2025-01-04 05:43:27 - INFO - epoch-317, train_loss-0.0004023, val_loss-0.0004122
2025-01-04 05:50:19 - INFO - epoch-318, train_loss-0.0004017, val_loss-0.0004363
2025-01-04 05:57:09 - INFO - epoch-319, train_loss-0.0004017, val_loss-0.0004102
2025-01-04 06:04:02 - INFO - epoch-320, train_loss-0.0004019, val_loss-0.0004133
2025-01-04 06:04:04 - INFO - Saved model at epoch 320
2025-01-04 06:11:00 - INFO - epoch-321, train_loss-0.0004018, val_loss-0.0004109
2025-01-04 06:17:52 - INFO - epoch-322, train_loss-0.0004017, val_loss-0.0004063
2025-01-04 06:24:43 - INFO - epoch-323, train_loss-0.0004019, val_loss-0.0004029
2025-01-04 06:31:33 - INFO - epoch-324, train_loss-0.0004016, val_loss-0.0004676
2025-01-04 06:38:24 - INFO - epoch-325, train_loss-0.0004021, val_loss-0.0004118
2025-01-04 06:45:16 - INFO - epoch-326, train_loss-0.0004019, val_loss-0.0004178
2025-01-04 06:52:08 - INFO - epoch-327, train_loss-0.0004019, val_loss-0.0004039
2025-01-04 06:59:00 - INFO - epoch-328, train_loss-0.0004017, val_loss-0.0004058
2025-01-04 07:05:54 - INFO - epoch-329, train_loss-0.0004021, val_loss-0.0004211
2025-01-04 07:12:46 - INFO - epoch-330, train_loss-0.0004015, val_loss-0.0004055
2025-01-04 07:19:38 - INFO - epoch-331, train_loss-0.0004019, val_loss-0.0004046
2025-01-04 07:26:29 - INFO - epoch-332, train_loss-0.0004017, val_loss-0.0005064
2025-01-04 07:33:20 - INFO - epoch-333, train_loss-0.0004024, val_loss-0.0004202
2025-01-04 07:40:11 - INFO - epoch-334, train_loss-0.0004018, val_loss-0.0004222
2025-01-04 07:47:03 - INFO - epoch-335, train_loss-0.0004015, val_loss-0.0004027
2025-01-04 07:53:55 - INFO - epoch-336, train_loss-0.0004019, val_loss-0.0004357
2025-01-04 08:00:46 - INFO - epoch-337, train_loss-0.0004013, val_loss-0.0004078
2025-01-04 08:07:40 - INFO - epoch-338, train_loss-0.0004017, val_loss-0.0005534
2025-01-04 08:14:36 - INFO - epoch-339, train_loss-0.0004018, val_loss-0.0003984
2025-01-04 08:21:28 - INFO - epoch-340, train_loss-0.0004019, val_loss-0.0004166
2025-01-04 08:21:31 - INFO - Saved model at epoch 340
2025-01-04 08:28:26 - INFO - epoch-341, train_loss-0.0004020, val_loss-0.0004384
2025-01-04 08:35:17 - INFO - epoch-342, train_loss-0.0004021, val_loss-0.0004290
2025-01-04 08:42:08 - INFO - epoch-343, train_loss-0.0004018, val_loss-0.0004277
2025-01-04 08:48:58 - INFO - epoch-344, train_loss-0.0004018, val_loss-0.0004068
2025-01-04 08:55:50 - INFO - epoch-345, train_loss-0.0004013, val_loss-0.0004105
2025-01-04 09:02:41 - INFO - epoch-346, train_loss-0.0004018, val_loss-0.0004162
2025-01-04 09:09:36 - INFO - epoch-347, train_loss-0.0004018, val_loss-0.0004357
2025-01-04 09:16:29 - INFO - epoch-348, train_loss-0.0004018, val_loss-0.0004482
2025-01-04 09:23:20 - INFO - epoch-349, train_loss-0.0004022, val_loss-0.0004136
2025-01-04 09:30:11 - INFO - epoch-350, train_loss-0.0004020, val_loss-0.0004007
2025-01-04 09:37:04 - INFO - epoch-351, train_loss-0.0004017, val_loss-0.0004069
2025-01-04 09:43:54 - INFO - epoch-352, train_loss-0.0004020, val_loss-0.0004354
2025-01-04 09:50:45 - INFO - epoch-353, train_loss-0.0004019, val_loss-0.0004020
2025-01-04 09:57:36 - INFO - epoch-354, train_loss-0.0004016, val_loss-0.0004189
2025-01-04 10:04:28 - INFO - epoch-355, train_loss-0.0004018, val_loss-0.0004044
2025-01-04 10:11:21 - INFO - epoch-356, train_loss-0.0004021, val_loss-0.0003998
2025-01-04 10:18:13 - INFO - epoch-357, train_loss-0.0004016, val_loss-0.0004338
2025-01-04 10:25:05 - INFO - epoch-358, train_loss-0.0004021, val_loss-0.0004117
2025-01-04 10:31:56 - INFO - epoch-359, train_loss-0.0004022, val_loss-0.0004561
2025-01-04 10:38:47 - INFO - epoch-360, train_loss-0.0004018, val_loss-0.0004062
2025-01-04 10:38:49 - INFO - Saved model at epoch 360
2025-01-04 10:45:42 - INFO - epoch-361, train_loss-0.0004017, val_loss-0.0004085
2025-01-04 10:52:34 - INFO - epoch-362, train_loss-0.0004016, val_loss-0.0004066
2025-01-04 10:59:29 - INFO - epoch-363, train_loss-0.0004013, val_loss-0.0004129
2025-01-04 11:06:20 - INFO - epoch-364, train_loss-0.0004019, val_loss-0.0004011
2025-01-04 11:13:11 - INFO - epoch-365, train_loss-0.0004020, val_loss-0.0004073
2025-01-04 11:20:07 - INFO - epoch-366, train_loss-0.0004021, val_loss-0.0004012
2025-01-04 11:27:00 - INFO - epoch-367, train_loss-0.0004023, val_loss-0.0004107
2025-01-04 11:33:52 - INFO - epoch-368, train_loss-0.0004017, val_loss-0.0004573
2025-01-04 11:40:45 - INFO - epoch-369, train_loss-0.0004010, val_loss-0.0004033
2025-01-04 11:47:37 - INFO - epoch-370, train_loss-0.0004018, val_loss-0.0004163
2025-01-04 11:54:28 - INFO - epoch-371, train_loss-0.0004018, val_loss-0.0004078
2025-01-04 12:01:19 - INFO - epoch-372, train_loss-0.0004016, val_loss-0.0004078
2025-01-04 12:08:10 - INFO - epoch-373, train_loss-0.0004019, val_loss-0.0003995
2025-01-04 12:15:01 - INFO - epoch-374, train_loss-0.0004016, val_loss-0.0004427
2025-01-04 12:21:52 - INFO - epoch-375, train_loss-0.0004020, val_loss-0.0004122
2025-01-04 12:28:44 - INFO - epoch-376, train_loss-0.0004019, val_loss-0.0004217
2025-01-04 12:35:36 - INFO - epoch-377, train_loss-0.0004021, val_loss-0.0004170
2025-01-04 12:42:28 - INFO - epoch-378, train_loss-0.0004018, val_loss-0.0004577
2025-01-04 12:49:21 - INFO - epoch-379, train_loss-0.0004021, val_loss-0.0004165
2025-01-04 12:56:14 - INFO - epoch-380, train_loss-0.0004015, val_loss-0.0004501
2025-01-04 12:56:16 - INFO - Saved model at epoch 380
2025-01-04 13:03:07 - INFO - epoch-381, train_loss-0.0004020, val_loss-0.0004238
2025-01-04 13:09:58 - INFO - epoch-382, train_loss-0.0004014, val_loss-0.0004133
2025-01-04 13:16:49 - INFO - epoch-383, train_loss-0.0004021, val_loss-0.0004173
2025-01-04 13:23:41 - INFO - epoch-384, train_loss-0.0004019, val_loss-0.0004114
2025-01-04 13:30:33 - INFO - epoch-385, train_loss-0.0004017, val_loss-0.0003993
2025-01-04 13:37:25 - INFO - epoch-386, train_loss-0.0004017, val_loss-0.0004093
2025-01-04 13:44:16 - INFO - epoch-387, train_loss-0.0004018, val_loss-0.0004173
2025-01-04 13:51:08 - INFO - epoch-388, train_loss-0.0004015, val_loss-0.0004144
2025-01-04 13:58:01 - INFO - epoch-389, train_loss-0.0004018, val_loss-0.0004071
2025-01-04 14:04:52 - INFO - epoch-390, train_loss-0.0004019, val_loss-0.0004414
2025-01-04 14:11:43 - INFO - epoch-391, train_loss-0.0004018, val_loss-0.0004233
2025-01-04 14:18:35 - INFO - epoch-392, train_loss-0.0004021, val_loss-0.0004092
2025-01-04 14:25:27 - INFO - epoch-393, train_loss-0.0004017, val_loss-0.0004205
2025-01-04 14:32:19 - INFO - epoch-394, train_loss-0.0004021, val_loss-0.0004093
2025-01-04 14:39:13 - INFO - epoch-395, train_loss-0.0004021, val_loss-0.0004195
2025-01-04 14:46:05 - INFO - epoch-396, train_loss-0.0004017, val_loss-0.0006708
2025-01-04 14:52:56 - INFO - epoch-397, train_loss-0.0004018, val_loss-0.0004045
2025-01-04 14:59:49 - INFO - epoch-398, train_loss-0.0004017, val_loss-0.0004665
2025-01-04 15:06:42 - INFO - epoch-399, train_loss-0.0004018, val_loss-0.0004392
2025-01-04 15:13:34 - INFO - epoch-400, train_loss-0.0004018, val_loss-0.0004177
2025-01-04 15:13:36 - INFO - Saved model at epoch 400
2025-01-04 15:20:29 - INFO - epoch-401, train_loss-0.0004021, val_loss-0.0004535
2025-01-04 15:27:21 - INFO - epoch-402, train_loss-0.0004017, val_loss-0.0004890
2025-01-04 15:34:13 - INFO - epoch-403, train_loss-0.0004019, val_loss-0.0004226
2025-01-04 15:41:05 - INFO - epoch-404, train_loss-0.0004018, val_loss-0.0004178
2025-01-04 15:47:57 - INFO - epoch-405, train_loss-0.0004018, val_loss-0.0004781
2025-01-04 15:54:49 - INFO - epoch-406, train_loss-0.0004021, val_loss-0.0004087
2025-01-04 16:01:42 - INFO - epoch-407, train_loss-0.0004015, val_loss-0.0004556
2025-01-04 16:08:35 - INFO - epoch-408, train_loss-0.0004018, val_loss-0.0004525
2025-01-04 16:15:27 - INFO - epoch-409, train_loss-0.0004019, val_loss-0.0004202
2025-01-04 16:22:20 - INFO - epoch-410, train_loss-0.0004019, val_loss-0.0004003
2025-01-04 16:29:12 - INFO - epoch-411, train_loss-0.0004021, val_loss-0.0004221
2025-01-04 16:36:03 - INFO - epoch-412, train_loss-0.0004020, val_loss-0.0004255
2025-01-04 16:42:54 - INFO - epoch-413, train_loss-0.0004019, val_loss-0.0004061
2025-01-04 16:49:45 - INFO - epoch-414, train_loss-0.0004014, val_loss-0.0004108
2025-01-04 16:56:37 - INFO - epoch-415, train_loss-0.0004021, val_loss-0.0004171
2025-01-04 17:03:29 - INFO - epoch-416, train_loss-0.0004019, val_loss-0.0004122
2025-01-04 17:10:21 - INFO - epoch-417, train_loss-0.0004021, val_loss-0.0004353
2025-01-04 17:17:13 - INFO - epoch-418, train_loss-0.0004017, val_loss-0.0004255
2025-01-04 17:24:05 - INFO - epoch-419, train_loss-0.0004017, val_loss-0.0004513
2025-01-04 17:30:56 - INFO - epoch-420, train_loss-0.0004024, val_loss-0.0004298
2025-01-04 17:30:58 - INFO - Saved model at epoch 420
2025-01-04 17:37:49 - INFO - epoch-421, train_loss-0.0004016, val_loss-0.0004671
2025-01-04 17:44:40 - INFO - epoch-422, train_loss-0.0004016, val_loss-0.0004090
2025-01-04 17:51:31 - INFO - epoch-423, train_loss-0.0004020, val_loss-0.0004185
2025-01-04 17:58:23 - INFO - epoch-424, train_loss-0.0004020, val_loss-0.0004075
2025-01-04 18:05:15 - INFO - epoch-425, train_loss-0.0004016, val_loss-0.0004143
2025-01-04 18:12:06 - INFO - epoch-426, train_loss-0.0004019, val_loss-0.0004543
2025-01-04 18:18:57 - INFO - epoch-427, train_loss-0.0004016, val_loss-0.0004147
2025-01-04 18:25:49 - INFO - epoch-428, train_loss-0.0004020, val_loss-0.0004146
2025-01-04 18:32:41 - INFO - epoch-429, train_loss-0.0004015, val_loss-0.0004268
2025-01-04 18:39:34 - INFO - epoch-430, train_loss-0.0004018, val_loss-0.0004198
2025-01-04 18:46:26 - INFO - epoch-431, train_loss-0.0004016, val_loss-0.0004018
2025-01-04 18:53:18 - INFO - epoch-432, train_loss-0.0004017, val_loss-0.0004111
2025-01-04 19:00:10 - INFO - epoch-433, train_loss-0.0004019, val_loss-0.0004066
2025-01-04 19:07:01 - INFO - epoch-434, train_loss-0.0004017, val_loss-0.0004040
2025-01-04 19:13:54 - INFO - epoch-435, train_loss-0.0004016, val_loss-0.0004104
2025-01-04 19:20:46 - INFO - epoch-436, train_loss-0.0004014, val_loss-0.0004060
2025-01-04 19:27:38 - INFO - epoch-437, train_loss-0.0004022, val_loss-0.0005155
2025-01-04 19:34:30 - INFO - epoch-438, train_loss-0.0004019, val_loss-0.0004196
2025-01-04 19:41:24 - INFO - epoch-439, train_loss-0.0004017, val_loss-0.0004569
2025-01-04 19:48:18 - INFO - epoch-440, train_loss-0.0004013, val_loss-0.0004122
2025-01-04 19:48:20 - INFO - Saved model at epoch 440
2025-01-04 19:55:11 - INFO - epoch-441, train_loss-0.0004021, val_loss-0.0004195
2025-01-04 20:02:03 - INFO - epoch-442, train_loss-0.0004018, val_loss-0.0004125
2025-01-04 20:08:54 - INFO - epoch-443, train_loss-0.0004013, val_loss-0.0004152
2025-01-04 20:15:49 - INFO - epoch-444, train_loss-0.0004021, val_loss-0.0004600
2025-01-04 20:22:44 - INFO - epoch-445, train_loss-0.0004018, val_loss-0.0004122
2025-01-04 20:29:41 - INFO - epoch-446, train_loss-0.0004017, val_loss-0.0004386
2025-01-04 20:36:35 - INFO - epoch-447, train_loss-0.0004021, val_loss-0.0004039
2025-01-04 20:43:28 - INFO - epoch-448, train_loss-0.0004018, val_loss-0.0004061
2025-01-04 20:50:21 - INFO - epoch-449, train_loss-0.0004015, val_loss-0.0004364
2025-01-04 20:57:58 - INFO - epoch-450, train_loss-0.0004023, val_loss-0.0004127
2025-01-04 21:05:10 - INFO - epoch-451, train_loss-0.0004016, val_loss-0.0004114
2025-01-04 21:12:04 - INFO - epoch-452, train_loss-0.0004024, val_loss-0.0004322
2025-01-04 21:18:57 - INFO - epoch-453, train_loss-0.0004018, val_loss-0.0004400
2025-01-04 21:25:52 - INFO - epoch-454, train_loss-0.0004020, val_loss-0.0004165
2025-01-04 21:34:54 - INFO - epoch-455, train_loss-0.0004014, val_loss-0.0004204
2025-01-04 21:42:05 - INFO - epoch-456, train_loss-0.0004018, val_loss-0.0004134
2025-01-04 21:48:57 - INFO - epoch-457, train_loss-0.0004018, val_loss-0.0004408
2025-01-04 21:55:50 - INFO - epoch-458, train_loss-0.0004017, val_loss-0.0004167
2025-01-04 22:02:41 - INFO - epoch-459, train_loss-0.0004018, val_loss-0.0004320
2025-01-04 22:09:33 - INFO - epoch-460, train_loss-0.0004021, val_loss-0.0004139
2025-01-04 22:09:35 - INFO - Saved model at epoch 460
2025-01-04 22:16:30 - INFO - epoch-461, train_loss-0.0004022, val_loss-0.0004264
2025-01-04 22:23:20 - INFO - epoch-462, train_loss-0.0004022, val_loss-0.0004147
2025-01-04 22:30:12 - INFO - epoch-463, train_loss-0.0004020, val_loss-0.0004178
2025-01-04 22:37:05 - INFO - epoch-464, train_loss-0.0004021, val_loss-0.0004367
2025-01-04 22:43:58 - INFO - epoch-465, train_loss-0.0004021, val_loss-0.0004312
2025-01-04 22:50:54 - INFO - epoch-466, train_loss-0.0004020, val_loss-0.0004041
2025-01-04 22:57:49 - INFO - epoch-467, train_loss-0.0004020, val_loss-0.0004149
2025-01-04 23:04:45 - INFO - epoch-468, train_loss-0.0004021, val_loss-0.0003996
2025-01-04 23:11:40 - INFO - epoch-469, train_loss-0.0004017, val_loss-0.0004301
2025-01-04 23:18:38 - INFO - epoch-470, train_loss-0.0004017, val_loss-0.0004144
2025-01-04 23:25:30 - INFO - epoch-471, train_loss-0.0004018, val_loss-0.0004272
2025-01-04 23:32:23 - INFO - epoch-472, train_loss-0.0004019, val_loss-0.0004263
2025-01-04 23:39:15 - INFO - epoch-473, train_loss-0.0004016, val_loss-0.0004117
2025-01-04 23:46:09 - INFO - epoch-474, train_loss-0.0004017, val_loss-0.0004581
2025-01-04 23:53:02 - INFO - epoch-475, train_loss-0.0004018, val_loss-0.0004211
2025-01-04 23:59:55 - INFO - epoch-476, train_loss-0.0004017, val_loss-0.0004323
2025-01-05 00:06:54 - INFO - epoch-477, train_loss-0.0004020, val_loss-0.0004991
2025-01-05 00:13:46 - INFO - epoch-478, train_loss-0.0004017, val_loss-0.0004224
2025-01-05 00:20:38 - INFO - epoch-479, train_loss-0.0004022, val_loss-0.0004258
2025-01-05 00:27:30 - INFO - epoch-480, train_loss-0.0004019, val_loss-0.0004128
2025-01-05 00:27:32 - INFO - Saved model at epoch 480
2025-01-05 00:34:24 - INFO - epoch-481, train_loss-0.0004022, val_loss-0.0004128
2025-01-05 00:41:16 - INFO - epoch-482, train_loss-0.0004018, val_loss-0.0004081
2025-01-05 00:48:07 - INFO - epoch-483, train_loss-0.0004015, val_loss-0.0004910
2025-01-05 00:55:01 - INFO - epoch-484, train_loss-0.0004015, val_loss-0.0004331
2025-01-05 01:01:55 - INFO - epoch-485, train_loss-0.0004014, val_loss-0.0004278
2025-01-05 01:08:48 - INFO - epoch-486, train_loss-0.0004018, val_loss-0.0004397
2025-01-05 01:15:41 - INFO - epoch-487, train_loss-0.0004023, val_loss-0.0004187
2025-01-05 01:22:33 - INFO - epoch-488, train_loss-0.0004016, val_loss-0.0004527
2025-01-05 01:29:27 - INFO - epoch-489, train_loss-0.0004017, val_loss-0.0004150
2025-01-05 01:36:20 - INFO - epoch-490, train_loss-0.0004015, val_loss-0.0004245
2025-01-05 01:43:15 - INFO - epoch-491, train_loss-0.0004013, val_loss-0.0004208
2025-01-05 01:50:11 - INFO - epoch-492, train_loss-0.0004018, val_loss-0.0004130
2025-01-05 01:57:06 - INFO - epoch-493, train_loss-0.0004013, val_loss-0.0004240
2025-01-05 02:03:59 - INFO - epoch-494, train_loss-0.0004019, val_loss-0.0004138
2025-01-05 02:10:50 - INFO - epoch-495, train_loss-0.0004021, val_loss-0.0004051
2025-01-05 02:17:42 - INFO - epoch-496, train_loss-0.0004017, val_loss-0.0004680
2025-01-05 02:24:34 - INFO - epoch-497, train_loss-0.0004016, val_loss-0.0004193
2025-01-05 02:31:26 - INFO - epoch-498, train_loss-0.0004018, val_loss-0.0004221
2025-01-05 02:38:19 - INFO - epoch-499, train_loss-0.0004023, val_loss-0.0004033
2025-01-05 02:45:11 - INFO - epoch-500, train_loss-0.0004015, val_loss-0.0004203
2025-01-05 02:45:13 - INFO - Saved model at epoch 500
2025-01-05 02:52:09 - INFO - epoch-501, train_loss-0.0004014, val_loss-0.0004041
2025-01-05 02:59:02 - INFO - epoch-502, train_loss-0.0004017, val_loss-0.0004123
2025-01-05 03:05:55 - INFO - epoch-503, train_loss-0.0004023, val_loss-0.0004433
2025-01-05 03:12:47 - INFO - epoch-504, train_loss-0.0004017, val_loss-0.0004037
2025-01-05 03:19:40 - INFO - epoch-505, train_loss-0.0004017, val_loss-0.0004899
2025-01-05 03:26:36 - INFO - epoch-506, train_loss-0.0004025, val_loss-0.0004041
2025-01-05 03:33:29 - INFO - epoch-507, train_loss-0.0004021, val_loss-0.0004064
2025-01-05 03:40:24 - INFO - epoch-508, train_loss-0.0004020, val_loss-0.0004213
2025-01-05 03:47:17 - INFO - epoch-509, train_loss-0.0004022, val_loss-0.0004208
2025-01-05 03:54:11 - INFO - epoch-510, train_loss-0.0004021, val_loss-0.0004025
2025-01-05 04:01:05 - INFO - epoch-511, train_loss-0.0004017, val_loss-0.0004171
2025-01-05 04:08:00 - INFO - epoch-512, train_loss-0.0004018, val_loss-0.0004287
2025-01-05 04:14:57 - INFO - epoch-513, train_loss-0.0004020, val_loss-0.0004548
2025-01-05 04:21:50 - INFO - epoch-514, train_loss-0.0004019, val_loss-0.0004582
2025-01-05 04:28:42 - INFO - epoch-515, train_loss-0.0004020, val_loss-0.0004079
2025-01-05 04:35:35 - INFO - epoch-516, train_loss-0.0004021, val_loss-0.0004130
2025-01-05 04:42:30 - INFO - epoch-517, train_loss-0.0004020, val_loss-0.0004037
2025-01-05 04:49:26 - INFO - epoch-518, train_loss-0.0004019, val_loss-0.0004151
2025-01-05 04:56:23 - INFO - epoch-519, train_loss-0.0004018, val_loss-0.0004020
2025-01-05 05:03:18 - INFO - epoch-520, train_loss-0.0004018, val_loss-0.0004070
2025-01-05 05:03:20 - INFO - Saved model at epoch 520
2025-01-05 05:10:13 - INFO - epoch-521, train_loss-0.0004017, val_loss-0.0004206
2025-01-05 05:17:07 - INFO - epoch-522, train_loss-0.0004019, val_loss-0.0004216
2025-01-05 05:24:01 - INFO - epoch-523, train_loss-0.0004019, val_loss-0.0004473
2025-01-05 05:30:55 - INFO - epoch-524, train_loss-0.0004018, val_loss-0.0004209
2025-01-05 05:37:49 - INFO - epoch-525, train_loss-0.0004020, val_loss-0.0004521
2025-01-05 05:44:43 - INFO - epoch-526, train_loss-0.0004018, val_loss-0.0004139
2025-01-05 05:51:37 - INFO - epoch-527, train_loss-0.0004019, val_loss-0.0004023
2025-01-05 05:58:29 - INFO - epoch-528, train_loss-0.0004019, val_loss-0.0004173
2025-01-05 06:05:23 - INFO - epoch-529, train_loss-0.0004023, val_loss-0.0004806
2025-01-05 06:12:19 - INFO - epoch-530, train_loss-0.0004021, val_loss-0.0004187
2025-01-05 06:19:10 - INFO - epoch-531, train_loss-0.0004022, val_loss-0.0004238
2025-01-05 06:26:01 - INFO - epoch-532, train_loss-0.0004018, val_loss-0.0004065
2025-01-05 06:32:52 - INFO - epoch-533, train_loss-0.0004018, val_loss-0.0004180
2025-01-05 06:39:42 - INFO - epoch-534, train_loss-0.0004020, val_loss-0.0004030
2025-01-05 06:46:41 - INFO - epoch-535, train_loss-0.0004016, val_loss-0.0004074
2025-01-05 06:53:32 - INFO - epoch-536, train_loss-0.0004021, val_loss-0.0004752
2025-01-05 07:00:24 - INFO - epoch-537, train_loss-0.0004022, val_loss-0.0003973
2025-01-05 07:07:16 - INFO - epoch-538, train_loss-0.0004024, val_loss-0.0004082
2025-01-05 07:14:08 - INFO - epoch-539, train_loss-0.0004021, val_loss-0.0004074
2025-01-05 07:21:00 - INFO - epoch-540, train_loss-0.0004018, val_loss-0.0004149
2025-01-05 07:21:03 - INFO - Saved model at epoch 540
2025-01-05 07:27:56 - INFO - epoch-541, train_loss-0.0004020, val_loss-0.0004044
2025-01-05 07:34:50 - INFO - epoch-542, train_loss-0.0004019, val_loss-0.0004176
2025-01-05 07:41:42 - INFO - epoch-543, train_loss-0.0004019, val_loss-0.0004072
2025-01-05 07:48:36 - INFO - epoch-544, train_loss-0.0004016, val_loss-0.0004328
2025-01-05 07:55:27 - INFO - epoch-545, train_loss-0.0004018, val_loss-0.0004155
2025-01-05 08:02:18 - INFO - epoch-546, train_loss-0.0004020, val_loss-0.0004053
2025-01-05 08:09:09 - INFO - epoch-547, train_loss-0.0004022, val_loss-0.0003959
2025-01-05 08:16:01 - INFO - epoch-548, train_loss-0.0004016, val_loss-0.0004098
2025-01-05 08:22:52 - INFO - epoch-549, train_loss-0.0004017, val_loss-0.0004144
2025-01-05 08:29:44 - INFO - epoch-550, train_loss-0.0004017, val_loss-0.0004411
2025-01-05 08:36:35 - INFO - epoch-551, train_loss-0.0004016, val_loss-0.0004028
2025-01-05 08:43:26 - INFO - epoch-552, train_loss-0.0004015, val_loss-0.0004042
2025-01-05 08:50:17 - INFO - epoch-553, train_loss-0.0004018, val_loss-0.0004341
2025-01-05 08:57:09 - INFO - epoch-554, train_loss-0.0004023, val_loss-0.0007747
2025-01-05 09:04:00 - INFO - epoch-555, train_loss-0.0004020, val_loss-0.0004079
2025-01-05 09:10:53 - INFO - epoch-556, train_loss-0.0004018, val_loss-0.0004199
2025-01-05 09:17:45 - INFO - epoch-557, train_loss-0.0004019, val_loss-0.0004108
2025-01-05 09:24:38 - INFO - epoch-558, train_loss-0.0004019, val_loss-0.0004421
2025-01-05 09:31:30 - INFO - epoch-559, train_loss-0.0004021, val_loss-0.0004041
2025-01-05 09:38:22 - INFO - epoch-560, train_loss-0.0004017, val_loss-0.0004231
2025-01-05 09:38:25 - INFO - Saved model at epoch 560
2025-01-05 09:45:19 - INFO - epoch-561, train_loss-0.0004018, val_loss-0.0004121
2025-01-05 09:52:10 - INFO - epoch-562, train_loss-0.0004021, val_loss-0.0003952
2025-01-05 09:59:01 - INFO - epoch-563, train_loss-0.0004018, val_loss-0.0004065
2025-01-05 10:05:54 - INFO - epoch-564, train_loss-0.0004016, val_loss-0.0004010
2025-01-05 10:12:49 - INFO - epoch-565, train_loss-0.0004020, val_loss-0.0004044
2025-01-05 10:19:42 - INFO - epoch-566, train_loss-0.0004022, val_loss-0.0004112
2025-01-05 10:26:34 - INFO - epoch-567, train_loss-0.0004021, val_loss-0.0004252
2025-01-05 10:33:26 - INFO - epoch-568, train_loss-0.0004018, val_loss-0.0004030
2025-01-05 10:40:18 - INFO - epoch-569, train_loss-0.0004017, val_loss-0.0004132
2025-01-05 10:47:09 - INFO - epoch-570, train_loss-0.0004022, val_loss-0.0004002
2025-01-05 10:54:01 - INFO - epoch-571, train_loss-0.0004017, val_loss-0.0004429
2025-01-05 11:00:53 - INFO - epoch-572, train_loss-0.0004020, val_loss-0.0004509
2025-01-05 11:07:45 - INFO - epoch-573, train_loss-0.0004017, val_loss-0.0004097
2025-01-05 11:14:38 - INFO - epoch-574, train_loss-0.0004017, val_loss-0.0004061
2025-01-05 11:21:29 - INFO - epoch-575, train_loss-0.0004017, val_loss-0.0004084
2025-01-05 11:28:21 - INFO - epoch-576, train_loss-0.0004017, val_loss-0.0006045
2025-01-05 11:35:13 - INFO - epoch-577, train_loss-0.0004020, val_loss-0.0004589
2025-01-05 11:42:05 - INFO - epoch-578, train_loss-0.0004020, val_loss-0.0004384
2025-01-05 11:48:58 - INFO - epoch-579, train_loss-0.0004017, val_loss-0.0004531
2025-01-05 11:55:50 - INFO - epoch-580, train_loss-0.0004016, val_loss-0.0004287
2025-01-05 11:55:53 - INFO - Saved model at epoch 580
2025-01-05 12:02:48 - INFO - epoch-581, train_loss-0.0004019, val_loss-0.0004172
2025-01-05 12:09:39 - INFO - epoch-582, train_loss-0.0004022, val_loss-0.0004096
2025-01-05 12:16:31 - INFO - epoch-583, train_loss-0.0004023, val_loss-0.0004093
2025-01-05 12:23:28 - INFO - epoch-584, train_loss-0.0004014, val_loss-0.0004150
2025-01-05 12:30:20 - INFO - epoch-585, train_loss-0.0004023, val_loss-0.0004096
2025-01-05 12:37:12 - INFO - epoch-586, train_loss-0.0004023, val_loss-0.0004061
2025-01-05 12:44:04 - INFO - epoch-587, train_loss-0.0004014, val_loss-0.0004944
2025-01-05 12:50:57 - INFO - epoch-588, train_loss-0.0004017, val_loss-0.0004109
2025-01-05 12:57:51 - INFO - epoch-589, train_loss-0.0004016, val_loss-0.0003970
2025-01-05 13:04:44 - INFO - epoch-590, train_loss-0.0004021, val_loss-0.0004132
2025-01-05 13:11:41 - INFO - epoch-591, train_loss-0.0004020, val_loss-0.0004019
2025-01-05 13:18:34 - INFO - epoch-592, train_loss-0.0004019, val_loss-0.0004291
2025-01-05 13:25:27 - INFO - epoch-593, train_loss-0.0004019, val_loss-0.0004050
2025-01-05 13:32:19 - INFO - epoch-594, train_loss-0.0004021, val_loss-0.0004032
2025-01-05 13:39:12 - INFO - epoch-595, train_loss-0.0004022, val_loss-0.0004130
2025-01-05 13:46:04 - INFO - epoch-596, train_loss-0.0004018, val_loss-0.0004093
2025-01-05 13:52:57 - INFO - epoch-597, train_loss-0.0004017, val_loss-0.0003996
2025-01-05 13:59:50 - INFO - epoch-598, train_loss-0.0004020, val_loss-0.0004108
2025-01-05 14:06:43 - INFO - epoch-599, train_loss-0.0004018, val_loss-0.0004222
2025-01-05 14:13:37 - INFO - epoch-600, train_loss-0.0004022, val_loss-0.0004049
2025-01-05 14:13:39 - INFO - Saved model at epoch 600
2025-01-05 14:20:34 - INFO - epoch-601, train_loss-0.0004019, val_loss-0.0004274
2025-01-05 14:27:27 - INFO - epoch-602, train_loss-0.0004022, val_loss-0.0004045
2025-01-05 14:34:19 - INFO - epoch-603, train_loss-0.0004020, val_loss-0.0004041
2025-01-05 14:41:10 - INFO - epoch-604, train_loss-0.0004016, val_loss-0.0004041
2025-01-05 14:48:04 - INFO - epoch-605, train_loss-0.0004024, val_loss-0.0004730
2025-01-05 14:54:56 - INFO - epoch-606, train_loss-0.0004019, val_loss-0.0004404
2025-01-05 15:01:49 - INFO - epoch-607, train_loss-0.0004016, val_loss-0.0004188
2025-01-05 15:08:40 - INFO - epoch-608, train_loss-0.0004013, val_loss-0.0004041
2025-01-05 15:15:32 - INFO - epoch-609, train_loss-0.0004017, val_loss-0.0004091
2025-01-05 15:22:23 - INFO - epoch-610, train_loss-0.0004020, val_loss-0.0004080
2025-01-05 15:29:17 - INFO - epoch-611, train_loss-0.0004020, val_loss-0.0004056
2025-01-05 15:36:09 - INFO - epoch-612, train_loss-0.0004020, val_loss-0.0004091
2025-01-05 15:43:01 - INFO - epoch-613, train_loss-0.0004021, val_loss-0.0004042
2025-01-05 15:49:53 - INFO - epoch-614, train_loss-0.0004018, val_loss-0.0004016
2025-01-05 15:56:45 - INFO - epoch-615, train_loss-0.0004017, val_loss-0.0004500
2025-01-05 16:03:36 - INFO - epoch-616, train_loss-0.0004018, val_loss-0.0004021
2025-01-05 16:10:29 - INFO - epoch-617, train_loss-0.0004020, val_loss-0.0004172
2025-01-05 16:17:22 - INFO - epoch-618, train_loss-0.0004022, val_loss-0.0004052
2025-01-05 16:24:14 - INFO - epoch-619, train_loss-0.0004019, val_loss-0.0004057
2025-01-05 16:31:06 - INFO - epoch-620, train_loss-0.0004021, val_loss-0.0004092
2025-01-05 16:31:10 - INFO - Saved model at epoch 620
2025-01-05 16:38:05 - INFO - epoch-621, train_loss-0.0004023, val_loss-0.0004060
2025-01-05 16:44:57 - INFO - epoch-622, train_loss-0.0004019, val_loss-0.0004128
2025-01-05 16:51:48 - INFO - epoch-623, train_loss-0.0004018, val_loss-0.0004014
2025-01-05 16:58:39 - INFO - epoch-624, train_loss-0.0004019, val_loss-0.0004015
