2024-12-31 01:10:29 - INFO - /mnt/cephfs/projects/2023110101_Ligand_fitting_to_EM_maps/My_Code/CryoLigate_Github/CryoLigate/GIGN/GIGN_EM/For_Elisei_Nov_2024/CryoLigate_GIGN_Unet/train_example.py
2024-12-31 01:10:29 - INFO - train data: 6809
2024-12-31 01:10:29 - INFO - train unqiue data: 6809
2024-12-31 01:10:29 - INFO - valid data: 757
2024-12-31 01:10:29 - INFO - valid unqiue data: 757
2024-12-31 01:19:28 - INFO - epoch-0, train_loss-0.0474434, val_loss-0.0611672
2024-12-31 01:22:53 - INFO - epoch-1, train_loss-0.0409416, val_loss-0.0645670
2024-12-31 01:26:18 - INFO - epoch-2, train_loss-0.0405858, val_loss-0.0571202
2024-12-31 01:29:43 - INFO - epoch-3, train_loss-0.0404718, val_loss-0.0593289
2024-12-31 01:33:08 - INFO - epoch-4, train_loss-0.0402852, val_loss-0.0552483
2024-12-31 01:36:34 - INFO - epoch-5, train_loss-0.0400281, val_loss-0.0517227
2024-12-31 01:39:59 - INFO - epoch-6, train_loss-0.0400206, val_loss-0.0557602
2024-12-31 01:43:24 - INFO - epoch-7, train_loss-0.0398742, val_loss-0.0513408
2024-12-31 01:46:49 - INFO - epoch-8, train_loss-0.0398307, val_loss-0.0437572
2024-12-31 01:50:14 - INFO - epoch-9, train_loss-0.0397372, val_loss-0.0451948
2024-12-31 01:53:39 - INFO - epoch-10, train_loss-0.0396367, val_loss-0.0501228
2024-12-31 01:53:42 - INFO - Saved new best model at epoch 10 with validation loss 0.0501228
2024-12-31 01:57:08 - INFO - epoch-11, train_loss-0.0395755, val_loss-0.0572886
2024-12-31 02:00:32 - INFO - epoch-12, train_loss-0.0394635, val_loss-0.0509200
2024-12-31 02:03:57 - INFO - epoch-13, train_loss-0.0393520, val_loss-0.0514876
2024-12-31 02:10:27 - INFO - epoch-14, train_loss-0.0392619, val_loss-0.0466586
2024-12-31 02:10:30 - INFO - Saved new best model at epoch 14 with validation loss 0.0466586
2024-12-31 02:14:33 - INFO - epoch-15, train_loss-0.0391838, val_loss-0.0582316
2024-12-31 02:17:58 - INFO - epoch-16, train_loss-0.0390792, val_loss-0.0500340
2024-12-31 02:21:23 - INFO - epoch-17, train_loss-0.0389938, val_loss-0.0546850
2024-12-31 02:24:47 - INFO - epoch-18, train_loss-0.0388492, val_loss-0.0499565
2024-12-31 02:28:11 - INFO - epoch-19, train_loss-0.0387217, val_loss-0.0543648
2024-12-31 02:31:36 - INFO - epoch-20, train_loss-0.0386208, val_loss-0.0564236
2024-12-31 02:35:00 - INFO - epoch-21, train_loss-0.0382777, val_loss-0.0513382
2024-12-31 02:38:25 - INFO - epoch-22, train_loss-0.0381391, val_loss-0.0705961
2024-12-31 02:41:49 - INFO - epoch-23, train_loss-0.0380238, val_loss-0.0638882
2024-12-31 02:45:14 - INFO - epoch-24, train_loss-0.0377407, val_loss-0.0582525
2024-12-31 02:48:38 - INFO - epoch-25, train_loss-0.0374603, val_loss-0.0615032
2024-12-31 02:52:02 - INFO - epoch-26, train_loss-0.0370465, val_loss-0.0811700
2024-12-31 02:55:27 - INFO - epoch-27, train_loss-0.0368874, val_loss-0.0708762
2024-12-31 02:58:51 - INFO - epoch-28, train_loss-0.0365962, val_loss-0.0553374
2024-12-31 03:02:16 - INFO - epoch-29, train_loss-0.0363442, val_loss-0.0554663
2024-12-31 03:05:40 - INFO - epoch-30, train_loss-0.0359084, val_loss-0.0620414
2024-12-31 03:09:58 - INFO - epoch-31, train_loss-0.0355503, val_loss-0.0569163
2024-12-31 03:15:59 - INFO - epoch-32, train_loss-0.0351017, val_loss-0.0733661
2024-12-31 03:19:23 - INFO - epoch-33, train_loss-0.0347356, val_loss-0.0745754
2024-12-31 03:22:47 - INFO - epoch-34, train_loss-0.0344680, val_loss-0.0575621
2024-12-31 03:26:12 - INFO - epoch-35, train_loss-0.0338211, val_loss-0.0615747
2024-12-31 03:29:38 - INFO - epoch-36, train_loss-0.0334349, val_loss-0.0625329
2024-12-31 03:33:03 - INFO - epoch-37, train_loss-0.0328556, val_loss-0.0712134
2024-12-31 03:36:28 - INFO - epoch-38, train_loss-0.0324216, val_loss-0.0665575
2024-12-31 03:39:52 - INFO - epoch-39, train_loss-0.0318133, val_loss-0.0591282
2024-12-31 03:43:16 - INFO - epoch-40, train_loss-0.0310675, val_loss-0.0673454
2024-12-31 03:46:40 - INFO - epoch-41, train_loss-0.0304835, val_loss-0.0719925
2024-12-31 03:50:04 - INFO - epoch-42, train_loss-0.0295909, val_loss-0.0800039
2024-12-31 03:53:28 - INFO - epoch-43, train_loss-0.0288968, val_loss-0.0721437
2024-12-31 03:56:52 - INFO - epoch-44, train_loss-0.0280869, val_loss-0.0890639
2024-12-31 04:00:16 - INFO - epoch-45, train_loss-0.0271165, val_loss-0.1032692
2024-12-31 04:03:40 - INFO - epoch-46, train_loss-0.0263067, val_loss-0.0964571
2024-12-31 04:07:04 - INFO - epoch-47, train_loss-0.0251656, val_loss-0.1038623
2024-12-31 04:10:28 - INFO - epoch-48, train_loss-0.0243434, val_loss-0.1125971
2024-12-31 04:16:11 - INFO - epoch-49, train_loss-0.0232832, val_loss-0.1046346
2024-12-31 04:20:24 - INFO - epoch-50, train_loss-0.0224467, val_loss-0.1598147
2024-12-31 04:23:47 - INFO - epoch-51, train_loss-0.0214051, val_loss-0.1258648
2024-12-31 04:27:11 - INFO - epoch-52, train_loss-0.0203402, val_loss-0.1347795
2024-12-31 04:30:35 - INFO - epoch-53, train_loss-0.0195741, val_loss-0.1367473
2024-12-31 04:33:58 - INFO - epoch-54, train_loss-0.0187231, val_loss-0.1376641
2024-12-31 04:37:22 - INFO - epoch-55, train_loss-0.0178193, val_loss-0.1442515
2024-12-31 04:40:46 - INFO - epoch-56, train_loss-0.0169353, val_loss-0.1311570
2024-12-31 04:44:09 - INFO - epoch-57, train_loss-0.0162874, val_loss-0.1211230
2024-12-31 04:47:33 - INFO - epoch-58, train_loss-0.0155007, val_loss-0.1289019
2024-12-31 04:50:57 - INFO - epoch-59, train_loss-0.0149637, val_loss-0.1371883
2024-12-31 04:54:21 - INFO - epoch-60, train_loss-0.0144264, val_loss-0.1234510
2024-12-31 04:57:45 - INFO - epoch-61, train_loss-0.0136733, val_loss-0.1316733
2024-12-31 05:01:08 - INFO - epoch-62, train_loss-0.0132052, val_loss-0.1415286
2024-12-31 05:04:32 - INFO - epoch-63, train_loss-0.0127238, val_loss-0.1522210
2024-12-31 05:07:55 - INFO - epoch-64, train_loss-0.0122530, val_loss-0.1520589
2024-12-31 05:11:19 - INFO - epoch-65, train_loss-0.0117319, val_loss-0.1761422
2024-12-31 05:15:07 - INFO - epoch-66, train_loss-0.0112531, val_loss-0.1658911
2024-12-31 05:21:32 - INFO - epoch-67, train_loss-0.0109711, val_loss-0.1678851
2024-12-31 05:24:56 - INFO - epoch-68, train_loss-0.0106883, val_loss-0.1930349
2024-12-31 05:28:19 - INFO - epoch-69, train_loss-0.0105089, val_loss-0.1603541
2024-12-31 05:31:42 - INFO - epoch-70, train_loss-0.0100599, val_loss-0.1458538
2024-12-31 05:35:06 - INFO - epoch-71, train_loss-0.0098044, val_loss-0.1258322
2024-12-31 05:38:29 - INFO - epoch-72, train_loss-0.0094404, val_loss-0.1292431
2024-12-31 05:41:52 - INFO - epoch-73, train_loss-0.0093374, val_loss-0.1193028
2024-12-31 05:45:15 - INFO - epoch-74, train_loss-0.0092067, val_loss-0.1162889
2024-12-31 05:48:39 - INFO - epoch-75, train_loss-0.0089188, val_loss-0.1410846
2024-12-31 05:52:02 - INFO - epoch-76, train_loss-0.0086196, val_loss-0.1421457
2024-12-31 05:55:25 - INFO - epoch-77, train_loss-0.0085649, val_loss-0.1297840
2024-12-31 05:58:48 - INFO - epoch-78, train_loss-0.0083384, val_loss-0.1406320
2024-12-31 06:02:12 - INFO - epoch-79, train_loss-0.0081797, val_loss-0.1270150
2024-12-31 06:05:35 - INFO - epoch-80, train_loss-0.0079832, val_loss-0.1250978
2024-12-31 06:08:58 - INFO - epoch-81, train_loss-0.0077804, val_loss-0.1257151
2024-12-31 06:12:21 - INFO - epoch-82, train_loss-0.0078987, val_loss-0.1145474
2024-12-31 06:15:45 - INFO - epoch-83, train_loss-0.0076650, val_loss-0.1141860
2024-12-31 06:20:13 - INFO - epoch-84, train_loss-0.0074554, val_loss-0.1290338
2024-12-31 06:25:42 - INFO - epoch-85, train_loss-0.0074571, val_loss-0.1235524
2024-12-31 06:29:05 - INFO - epoch-86, train_loss-0.0073809, val_loss-0.1196491
2024-12-31 06:32:29 - INFO - epoch-87, train_loss-0.0070866, val_loss-0.1010648
2024-12-31 06:35:52 - INFO - epoch-88, train_loss-0.0069556, val_loss-0.0992185
2024-12-31 06:39:16 - INFO - epoch-89, train_loss-0.0071400, val_loss-0.1105045
2024-12-31 06:42:39 - INFO - epoch-90, train_loss-0.0070473, val_loss-0.1026758
2024-12-31 06:46:02 - INFO - epoch-91, train_loss-0.0069172, val_loss-0.0998791
2024-12-31 06:49:25 - INFO - epoch-92, train_loss-0.0067785, val_loss-0.1075525
2024-12-31 06:52:49 - INFO - epoch-93, train_loss-0.0065588, val_loss-0.1009190
2024-12-31 06:56:12 - INFO - epoch-94, train_loss-0.0065406, val_loss-0.0944587
2024-12-31 06:59:35 - INFO - epoch-95, train_loss-0.0065770, val_loss-0.0954344
2024-12-31 07:02:58 - INFO - epoch-96, train_loss-0.0064718, val_loss-0.0940498
2024-12-31 07:06:21 - INFO - epoch-97, train_loss-0.0063021, val_loss-0.1039046
2024-12-31 07:09:44 - INFO - epoch-98, train_loss-0.0062158, val_loss-0.0927071
2024-12-31 07:13:07 - INFO - epoch-99, train_loss-0.0062707, val_loss-0.0941961
2024-12-31 07:16:31 - INFO - epoch-100, train_loss-0.0062345, val_loss-0.0925203
2024-12-31 07:19:54 - INFO - epoch-101, train_loss-0.0061906, val_loss-0.0886570
2024-12-31 07:24:38 - INFO - epoch-102, train_loss-0.0060726, val_loss-0.1032035
2024-12-31 07:29:56 - INFO - epoch-103, train_loss-0.0059750, val_loss-0.0976870
2024-12-31 07:33:19 - INFO - epoch-104, train_loss-0.0059576, val_loss-0.0850658
2024-12-31 07:36:42 - INFO - epoch-105, train_loss-0.0060966, val_loss-0.0849365
2024-12-31 07:40:05 - INFO - epoch-106, train_loss-0.0059777, val_loss-0.0886108
2024-12-31 07:43:29 - INFO - epoch-107, train_loss-0.0056574, val_loss-0.0894310
2024-12-31 07:46:52 - INFO - epoch-108, train_loss-0.0056323, val_loss-0.0966703
2024-12-31 07:50:16 - INFO - epoch-109, train_loss-0.0056875, val_loss-0.0942420
2024-12-31 07:53:39 - INFO - epoch-110, train_loss-0.0059492, val_loss-0.0769293
2024-12-31 07:57:02 - INFO - epoch-111, train_loss-0.0058397, val_loss-0.0848120
2024-12-31 08:00:25 - INFO - epoch-112, train_loss-0.0055700, val_loss-0.0850980
2024-12-31 08:03:48 - INFO - epoch-113, train_loss-0.0055447, val_loss-0.0861558
2024-12-31 08:07:11 - INFO - epoch-114, train_loss-0.0053800, val_loss-0.0796069
2024-12-31 08:10:34 - INFO - epoch-115, train_loss-0.0053602, val_loss-0.0711802
2024-12-31 08:13:59 - INFO - epoch-116, train_loss-0.0056325, val_loss-0.0745371
2024-12-31 08:17:22 - INFO - epoch-117, train_loss-0.0056773, val_loss-0.0731259
2024-12-31 08:20:45 - INFO - epoch-118, train_loss-0.0054973, val_loss-0.0796291
2024-12-31 08:24:08 - INFO - epoch-119, train_loss-0.0051591, val_loss-0.0694509
2024-12-31 08:29:40 - INFO - epoch-120, train_loss-0.0050633, val_loss-0.0685700
2024-12-31 08:33:57 - INFO - epoch-121, train_loss-0.0053382, val_loss-0.0757699
2024-12-31 08:37:20 - INFO - epoch-122, train_loss-0.0054279, val_loss-0.0692943
2024-12-31 08:40:43 - INFO - epoch-123, train_loss-0.0055777, val_loss-0.0697364
2024-12-31 08:44:06 - INFO - epoch-124, train_loss-0.0055760, val_loss-0.0715237
2024-12-31 08:47:30 - INFO - epoch-125, train_loss-0.0052915, val_loss-0.0742229
2024-12-31 08:50:55 - INFO - epoch-126, train_loss-0.0048724, val_loss-0.0698039
2024-12-31 08:54:18 - INFO - epoch-127, train_loss-0.0048447, val_loss-0.0797437
2024-12-31 08:57:41 - INFO - epoch-128, train_loss-0.0051480, val_loss-0.0684055
2024-12-31 09:01:04 - INFO - epoch-129, train_loss-0.0055875, val_loss-0.0622969
2024-12-31 09:04:27 - INFO - epoch-130, train_loss-0.0054979, val_loss-0.0624968
2024-12-31 09:07:52 - INFO - epoch-131, train_loss-0.0052270, val_loss-0.0671418
2024-12-31 09:11:15 - INFO - epoch-132, train_loss-0.0045823, val_loss-0.0628783
2024-12-31 09:14:38 - INFO - epoch-133, train_loss-0.0043315, val_loss-0.0646732
2024-12-31 09:18:01 - INFO - epoch-134, train_loss-0.0047161, val_loss-0.0607197
2024-12-31 09:21:24 - INFO - epoch-135, train_loss-0.0055463, val_loss-0.0579735
2024-12-31 09:24:47 - INFO - epoch-136, train_loss-0.0063038, val_loss-0.0589286
2024-12-31 09:28:25 - INFO - epoch-137, train_loss-0.0055674, val_loss-0.0581742
2024-12-31 09:34:44 - INFO - epoch-138, train_loss-0.0044942, val_loss-0.0607548
2024-12-31 09:38:07 - INFO - epoch-139, train_loss-0.0039577, val_loss-0.0627557
2024-12-31 09:41:30 - INFO - epoch-140, train_loss-0.0041567, val_loss-0.0646088
2024-12-31 09:44:53 - INFO - epoch-141, train_loss-0.0048644, val_loss-0.0677621
2024-12-31 09:48:16 - INFO - epoch-142, train_loss-0.0061937, val_loss-0.0594769
2024-12-31 09:51:39 - INFO - epoch-143, train_loss-0.0061630, val_loss-0.0607668
2024-12-31 09:55:02 - INFO - epoch-144, train_loss-0.0046980, val_loss-0.0641738
2024-12-31 09:58:25 - INFO - epoch-145, train_loss-0.0039264, val_loss-0.0642061
2024-12-31 10:01:48 - INFO - epoch-146, train_loss-0.0038874, val_loss-0.0704964
2024-12-31 10:05:11 - INFO - epoch-147, train_loss-0.0044883, val_loss-0.0645340
2024-12-31 10:08:35 - INFO - epoch-148, train_loss-0.0055761, val_loss-0.0570540
2024-12-31 10:11:58 - INFO - epoch-149, train_loss-0.0064663, val_loss-0.0620194
2024-12-31 10:15:21 - INFO - epoch-150, train_loss-0.0052577, val_loss-0.0731598
2024-12-31 10:18:44 - INFO - epoch-151, train_loss-0.0040926, val_loss-0.0640021
2024-12-31 10:22:07 - INFO - epoch-152, train_loss-0.0035981, val_loss-0.0637766
2024-12-31 10:25:32 - INFO - epoch-153, train_loss-0.0037301, val_loss-0.0735084
2024-12-31 10:28:55 - INFO - epoch-154, train_loss-0.0049298, val_loss-0.0673522
2024-12-31 10:33:18 - INFO - epoch-155, train_loss-0.0064667, val_loss-0.0605017
2024-12-31 10:38:44 - INFO - epoch-156, train_loss-0.0059505, val_loss-0.0717462
2024-12-31 10:42:07 - INFO - epoch-157, train_loss-0.0047878, val_loss-0.0691679
2024-12-31 10:45:30 - INFO - epoch-158, train_loss-0.0038094, val_loss-0.0672609
2024-12-31 10:48:53 - INFO - epoch-159, train_loss-0.0034452, val_loss-0.0647005
2024-12-31 10:52:16 - INFO - epoch-160, train_loss-0.0036666, val_loss-0.0711607
2024-12-31 10:55:39 - INFO - epoch-161, train_loss-0.0052246, val_loss-0.0585625
2024-12-31 10:59:03 - INFO - epoch-162, train_loss-0.0073110, val_loss-0.0550213
2024-12-31 11:02:26 - INFO - epoch-163, train_loss-0.0057693, val_loss-0.0612005
2024-12-31 11:05:49 - INFO - epoch-164, train_loss-0.0041012, val_loss-0.0627493
2024-12-31 11:09:12 - INFO - epoch-165, train_loss-0.0033054, val_loss-0.0597452
2024-12-31 11:12:35 - INFO - epoch-166, train_loss-0.0032880, val_loss-0.0627921
2024-12-31 11:15:58 - INFO - epoch-167, train_loss-0.0041455, val_loss-0.0581950
2024-12-31 11:19:21 - INFO - epoch-168, train_loss-0.0065754, val_loss-0.0705898
2024-12-31 11:22:44 - INFO - epoch-169, train_loss-0.0064826, val_loss-0.0629815
2024-12-31 11:26:07 - INFO - epoch-170, train_loss-0.0046809, val_loss-0.0657754
2024-12-31 11:29:30 - INFO - epoch-171, train_loss-0.0036215, val_loss-0.0638709
2024-12-31 11:32:54 - INFO - epoch-172, train_loss-0.0033001, val_loss-0.0666638
2024-12-31 11:36:37 - INFO - epoch-173, train_loss-0.0036075, val_loss-0.0816681
2024-12-31 11:43:07 - INFO - epoch-174, train_loss-0.0047072, val_loss-0.0605746
2024-12-31 11:46:30 - INFO - epoch-175, train_loss-0.0068998, val_loss-0.0712578
2024-12-31 11:49:53 - INFO - epoch-176, train_loss-0.0060643, val_loss-0.0567949
2024-12-31 11:53:16 - INFO - epoch-177, train_loss-0.0043067, val_loss-0.0643064
