2025-03-04 17:01:39 - INFO - train data: 13259
2025-03-04 17:01:39 - INFO - train unqiue data: 13259
2025-03-04 17:01:39 - INFO - valid data: 1474
2025-03-04 17:01:39 - INFO - valid unqiue data: 1474
2025-03-04 17:06:23 - INFO - epoch-0, train_mse_loss-0.0003950, train_kl_loss-0.0762705, val_mse_loss-0.0008934, val_kl_loss-0.0888279
2025-03-04 17:10:37 - INFO - epoch-1, train_mse_loss-0.0003352, train_kl_loss-0.1548589, val_mse_loss-0.0003518, val_kl_loss-0.1589337
2025-03-04 17:14:50 - INFO - epoch-2, train_mse_loss-0.0003776, train_kl_loss-0.7426022, val_mse_loss-0.0005794, val_kl_loss-5.9976657
2025-03-04 17:14:56 - INFO - Saved new best model at epoch 2 with validation loss 5.9982451
2025-03-04 17:19:11 - INFO - epoch-3, train_mse_loss-0.0005733, train_kl_loss-1.1728645, val_mse_loss-0.0026113, val_kl_loss-0.7817743
2025-03-04 17:19:17 - INFO - Saved new best model at epoch 3 with validation loss 0.7843856
2025-03-04 17:23:30 - INFO - epoch-4, train_mse_loss-0.0005260, train_kl_loss-0.7909150, val_mse_loss-0.0005444, val_kl_loss-0.7455158
2025-03-04 17:23:36 - INFO - Saved new best model at epoch 4 with validation loss 0.7460602
2025-03-04 17:27:50 - INFO - epoch-5, train_mse_loss-0.0004615, train_kl_loss-0.5623150, val_mse_loss-0.0005364, val_kl_loss-0.6538360
2025-03-04 17:27:56 - INFO - Saved new best model at epoch 5 with validation loss 0.6543724
2025-03-04 17:32:07 - INFO - epoch-6, train_mse_loss-0.0004440, train_kl_loss-0.3536076, val_mse_loss-0.0008443, val_kl_loss-0.6988852
2025-03-04 17:36:20 - INFO - epoch-7, train_mse_loss-0.0003931, train_kl_loss-0.0902515, val_mse_loss-0.0004187, val_kl_loss-0.5083599
2025-03-04 17:36:26 - INFO - Saved new best model at epoch 7 with validation loss 0.5087786
2025-03-04 17:40:38 - INFO - epoch-8, train_mse_loss-0.0003636, train_kl_loss-0.0015080, val_mse_loss-0.0003708, val_kl_loss-0.1277757
2025-03-04 17:40:44 - INFO - Saved new best model at epoch 8 with validation loss 0.1281464
2025-03-04 17:44:57 - INFO - epoch-9, train_mse_loss-0.0003536, train_kl_loss-0.0011180, val_mse_loss-0.0011693, val_kl_loss-0.0144919
2025-03-04 17:45:03 - INFO - Saved new best model at epoch 9 with validation loss 0.0156612
2025-03-04 17:49:16 - INFO - epoch-10, train_mse_loss-0.0003474, train_kl_loss-0.0008823, val_mse_loss-0.0003509, val_kl_loss-0.0063599
2025-03-04 17:49:22 - INFO - Saved new best model at epoch 10 with validation loss 0.0067108
2025-03-04 17:53:34 - INFO - epoch-11, train_mse_loss-0.0003442, train_kl_loss-0.0010869, val_mse_loss-0.0005696, val_kl_loss-0.0017271
2025-03-04 17:53:40 - INFO - Saved new best model at epoch 11 with validation loss 0.0022967
2025-03-04 17:57:53 - INFO - epoch-12, train_mse_loss-0.0003393, train_kl_loss-0.0004612, val_mse_loss-0.0003542, val_kl_loss-0.0010177
2025-03-04 17:57:59 - INFO - Saved new best model at epoch 12 with validation loss 0.0013719
2025-03-04 18:02:11 - INFO - epoch-13, train_mse_loss-0.0003374, train_kl_loss-0.0001397, val_mse_loss-0.0004176, val_kl_loss-0.0004068
2025-03-04 18:02:17 - INFO - Saved new best model at epoch 13 with validation loss 0.0008244
2025-03-04 18:06:32 - INFO - epoch-14, train_mse_loss-0.0003360, train_kl_loss-0.0001495, val_mse_loss-0.0003701, val_kl_loss-0.0002030
2025-03-04 18:06:38 - INFO - Saved new best model at epoch 14 with validation loss 0.0005731
2025-03-04 18:10:54 - INFO - epoch-15, train_mse_loss-0.0003560, train_kl_loss-0.0084320, val_mse_loss-0.0005795, val_kl_loss-0.0000172
2025-03-04 18:15:07 - INFO - epoch-16, train_mse_loss-0.0003421, train_kl_loss-0.0000183, val_mse_loss-0.0005630, val_kl_loss-0.0000045
2025-03-04 18:15:13 - INFO - Saved new best model at epoch 16 with validation loss 0.0005675
2025-03-04 18:19:26 - INFO - epoch-17, train_mse_loss-0.0003344, train_kl_loss-0.0000116, val_mse_loss-0.0005646, val_kl_loss-0.0000197
2025-03-04 18:23:39 - INFO - epoch-18, train_mse_loss-0.0003320, train_kl_loss-0.0000169, val_mse_loss-0.0005069, val_kl_loss-0.0000072
2025-03-04 18:23:44 - INFO - Saved new best model at epoch 18 with validation loss 0.0005141
2025-03-04 18:27:57 - INFO - epoch-19, train_mse_loss-0.0003302, train_kl_loss-0.0000142, val_mse_loss-0.0004267, val_kl_loss-0.0000010
2025-03-04 18:28:03 - INFO - Saved new best model at epoch 19 with validation loss 0.0004277
2025-03-04 18:32:17 - INFO - epoch-20, train_mse_loss-0.0003305, train_kl_loss-0.0001357, val_mse_loss-0.0003974, val_kl_loss-0.0000009
2025-03-04 18:32:23 - INFO - Saved new best model at epoch 20 with validation loss 0.0003983
2025-03-04 18:36:36 - INFO - epoch-21, train_mse_loss-0.0003285, train_kl_loss-0.0000034, val_mse_loss-0.0005500, val_kl_loss-0.0000030
2025-03-04 18:40:50 - INFO - epoch-22, train_mse_loss-0.0003452, train_kl_loss-0.0892506, val_mse_loss-0.0005586, val_kl_loss-0.0015914
2025-03-04 18:45:02 - INFO - epoch-23, train_mse_loss-0.0003390, train_kl_loss-0.0003438, val_mse_loss-0.0005792, val_kl_loss-0.0002177
2025-03-04 18:49:16 - INFO - epoch-24, train_mse_loss-0.0003358, train_kl_loss-0.0003115, val_mse_loss-0.0005407, val_kl_loss-0.0001835
2025-03-04 18:53:29 - INFO - epoch-25, train_mse_loss-0.0003338, train_kl_loss-0.0002080, val_mse_loss-0.0005587, val_kl_loss-0.0002655
2025-03-04 18:57:43 - INFO - epoch-26, train_mse_loss-0.0003326, train_kl_loss-0.0001658, val_mse_loss-0.0005431, val_kl_loss-0.0000488
2025-03-04 19:01:56 - INFO - epoch-27, train_mse_loss-0.0003306, train_kl_loss-0.0000482, val_mse_loss-0.0004999, val_kl_loss-0.0000162
2025-03-04 19:06:10 - INFO - epoch-28, train_mse_loss-0.0003299, train_kl_loss-0.0004247, val_mse_loss-0.0004842, val_kl_loss-0.0000059
2025-03-04 19:10:22 - INFO - epoch-29, train_mse_loss-0.0003289, train_kl_loss-0.0000133, val_mse_loss-0.0005081, val_kl_loss-0.0000304
2025-03-04 19:14:34 - INFO - epoch-30, train_mse_loss-0.0003282, train_kl_loss-0.0000176, val_mse_loss-0.0005057, val_kl_loss-0.0000087
2025-03-04 19:18:50 - INFO - epoch-31, train_mse_loss-0.0003280, train_kl_loss-0.0000072, val_mse_loss-0.0004714, val_kl_loss-0.0000014
2025-03-04 19:23:03 - INFO - epoch-32, train_mse_loss-0.0003280, train_kl_loss-0.0000021, val_mse_loss-0.0004796, val_kl_loss-0.0000004
2025-03-04 19:27:16 - INFO - epoch-33, train_mse_loss-0.0003279, train_kl_loss-0.0000005, val_mse_loss-0.0004667, val_kl_loss-0.0000004
2025-03-04 19:31:29 - INFO - epoch-34, train_mse_loss-0.0003277, train_kl_loss-0.0000001, val_mse_loss-0.0004562, val_kl_loss-0.0000000
2025-03-04 19:35:42 - INFO - epoch-35, train_mse_loss-0.0003276, train_kl_loss-0.0000000, val_mse_loss-0.0004668, val_kl_loss-0.0000000
2025-03-04 19:39:55 - INFO - epoch-36, train_mse_loss-0.0003275, train_kl_loss-0.0000000, val_mse_loss-0.0004383, val_kl_loss-0.0000000
2025-03-04 19:44:08 - INFO - epoch-37, train_mse_loss-0.0003276, train_kl_loss-0.0000000, val_mse_loss-0.0003925, val_kl_loss-0.0000000
2025-03-04 19:44:14 - INFO - Saved new best model at epoch 37 with validation loss 0.0003925
2025-03-04 19:48:27 - INFO - epoch-38, train_mse_loss-0.0003275, train_kl_loss-0.0000000, val_mse_loss-0.0003603, val_kl_loss-0.0000000
2025-03-04 19:48:33 - INFO - Saved new best model at epoch 38 with validation loss 0.0003603
2025-03-04 19:52:45 - INFO - epoch-39, train_mse_loss-0.0003273, train_kl_loss-0.0000000, val_mse_loss-0.0003434, val_kl_loss-0.0000000
2025-03-04 19:52:52 - INFO - Saved new best model at epoch 39 with validation loss 0.0003434
2025-03-04 19:57:04 - INFO - epoch-40, train_mse_loss-0.0003271, train_kl_loss-0.0000000, val_mse_loss-0.0003396, val_kl_loss-0.0000000
2025-03-04 19:57:10 - INFO - Saved new best model at epoch 40 with validation loss 0.0003396
2025-03-04 20:01:22 - INFO - epoch-41, train_mse_loss-0.0003272, train_kl_loss-0.0000000, val_mse_loss-0.0003456, val_kl_loss-0.0000000
2025-03-04 20:05:34 - INFO - epoch-42, train_mse_loss-0.0003269, train_kl_loss-0.0000000, val_mse_loss-0.0003538, val_kl_loss-0.0000000
2025-03-04 20:09:47 - INFO - epoch-43, train_mse_loss-0.0003268, train_kl_loss-0.0000000, val_mse_loss-0.0003623, val_kl_loss-0.0000000
2025-03-04 20:14:00 - INFO - epoch-44, train_mse_loss-0.0003264, train_kl_loss-0.0000000, val_mse_loss-0.0003580, val_kl_loss-0.0000000
2025-03-04 20:18:13 - INFO - epoch-45, train_mse_loss-0.0003261, train_kl_loss-0.0000000, val_mse_loss-0.0003423, val_kl_loss-0.0000000
2025-03-04 20:22:26 - INFO - epoch-46, train_mse_loss-0.0003259, train_kl_loss-0.0000000, val_mse_loss-0.0003359, val_kl_loss-0.0000000
2025-03-04 20:22:32 - INFO - Saved new best model at epoch 46 with validation loss 0.0003359
2025-03-04 20:26:44 - INFO - epoch-47, train_mse_loss-0.0003257, train_kl_loss-0.0000000, val_mse_loss-0.0003404, val_kl_loss-0.0000000
2025-03-04 20:31:01 - INFO - epoch-48, train_mse_loss-0.0003256, train_kl_loss-0.0000000, val_mse_loss-0.0003408, val_kl_loss-0.0000000
2025-03-04 20:35:13 - INFO - epoch-49, train_mse_loss-0.0003255, train_kl_loss-0.0000000, val_mse_loss-0.0003358, val_kl_loss-0.0000000
2025-03-04 20:35:19 - INFO - Saved new best model at epoch 49 with validation loss 0.0003358
2025-03-04 20:39:30 - INFO - epoch-50, train_mse_loss-0.0003254, train_kl_loss-0.0000000, val_mse_loss-0.0003385, val_kl_loss-0.0000000
2025-03-04 20:43:44 - INFO - epoch-51, train_mse_loss-0.0003252, train_kl_loss-0.0000000, val_mse_loss-0.0003396, val_kl_loss-0.0000000
2025-03-04 20:47:56 - INFO - epoch-52, train_mse_loss-0.0003251, train_kl_loss-0.0000000, val_mse_loss-0.0003375, val_kl_loss-0.0000000
2025-03-04 20:52:09 - INFO - epoch-53, train_mse_loss-0.0003250, train_kl_loss-0.0000000, val_mse_loss-0.0003379, val_kl_loss-0.0000000
2025-03-04 20:56:22 - INFO - epoch-54, train_mse_loss-0.0003249, train_kl_loss-0.0000000, val_mse_loss-0.0003377, val_kl_loss-0.0000000
2025-03-04 21:00:35 - INFO - epoch-55, train_mse_loss-0.0003249, train_kl_loss-0.0000000, val_mse_loss-0.0003361, val_kl_loss-0.0000000
2025-03-04 21:04:49 - INFO - epoch-56, train_mse_loss-0.0003249, train_kl_loss-0.0000000, val_mse_loss-0.0003375, val_kl_loss-0.0000000
2025-03-04 21:09:02 - INFO - epoch-57, train_mse_loss-0.0003248, train_kl_loss-0.0000000, val_mse_loss-0.0003376, val_kl_loss-0.0000000
2025-03-04 21:13:15 - INFO - epoch-58, train_mse_loss-0.0003248, train_kl_loss-0.0000000, val_mse_loss-0.0003357, val_kl_loss-0.0000000
2025-03-04 21:13:21 - INFO - Saved new best model at epoch 58 with validation loss 0.0003357
2025-03-04 21:17:34 - INFO - epoch-59, train_mse_loss-0.0003248, train_kl_loss-0.0000000, val_mse_loss-0.0003351, val_kl_loss-0.0000000
2025-03-04 21:17:40 - INFO - Saved new best model at epoch 59 with validation loss 0.0003351
2025-03-04 21:21:52 - INFO - epoch-60, train_mse_loss-0.0003247, train_kl_loss-0.0000000, val_mse_loss-0.0003355, val_kl_loss-0.0000000
2025-03-04 21:26:05 - INFO - epoch-61, train_mse_loss-0.0003247, train_kl_loss-0.0000000, val_mse_loss-0.0003345, val_kl_loss-0.0000000
2025-03-04 21:26:11 - INFO - Saved new best model at epoch 61 with validation loss 0.0003345
2025-03-04 21:30:28 - INFO - epoch-62, train_mse_loss-0.0003247, train_kl_loss-0.0000000, val_mse_loss-0.0003362, val_kl_loss-0.0000000
2025-03-04 21:34:41 - INFO - epoch-63, train_mse_loss-0.0003247, train_kl_loss-0.0000000, val_mse_loss-0.0003369, val_kl_loss-0.0000000
2025-03-04 21:39:04 - INFO - epoch-64, train_mse_loss-0.0003247, train_kl_loss-0.0000000, val_mse_loss-0.0003372, val_kl_loss-0.0000000
2025-03-04 21:43:20 - INFO - epoch-65, train_mse_loss-0.0003247, train_kl_loss-0.0000000, val_mse_loss-0.0003368, val_kl_loss-0.0000000
2025-03-04 21:47:36 - INFO - epoch-66, train_mse_loss-0.0003247, train_kl_loss-0.0000000, val_mse_loss-0.0003369, val_kl_loss-0.0000000
2025-03-04 21:51:51 - INFO - epoch-67, train_mse_loss-0.0003246, train_kl_loss-0.0000000, val_mse_loss-0.0003342, val_kl_loss-0.0000000
2025-03-04 21:52:01 - INFO - Saved new best model at epoch 67 with validation loss 0.0003342
2025-03-04 21:56:17 - INFO - epoch-68, train_mse_loss-0.0003247, train_kl_loss-0.0000000, val_mse_loss-0.0003361, val_kl_loss-0.0000000
2025-03-04 22:00:34 - INFO - epoch-69, train_mse_loss-0.0003246, train_kl_loss-0.0000000, val_mse_loss-0.0003358, val_kl_loss-0.0000000
2025-03-04 22:04:52 - INFO - epoch-70, train_mse_loss-0.0003246, train_kl_loss-0.0000000, val_mse_loss-0.0003364, val_kl_loss-0.0000000
2025-03-04 22:09:08 - INFO - epoch-71, train_mse_loss-0.0003246, train_kl_loss-0.0000000, val_mse_loss-0.0003360, val_kl_loss-0.0000000
2025-03-04 22:13:23 - INFO - epoch-72, train_mse_loss-0.0003246, train_kl_loss-0.0000000, val_mse_loss-0.0003354, val_kl_loss-0.0000000
2025-03-04 22:17:38 - INFO - epoch-73, train_mse_loss-0.0003247, train_kl_loss-0.0000000, val_mse_loss-0.0003361, val_kl_loss-0.0000000
2025-03-04 22:21:54 - INFO - epoch-74, train_mse_loss-0.0003246, train_kl_loss-0.0000000, val_mse_loss-0.0003343, val_kl_loss-0.0000000
2025-03-04 22:26:11 - INFO - epoch-75, train_mse_loss-0.0003246, train_kl_loss-0.0000000, val_mse_loss-0.0003352, val_kl_loss-0.0000000
2025-03-04 22:30:28 - INFO - epoch-76, train_mse_loss-0.0003246, train_kl_loss-0.0000000, val_mse_loss-0.0003343, val_kl_loss-0.0000000
2025-03-04 22:34:43 - INFO - epoch-77, train_mse_loss-0.0003246, train_kl_loss-0.0000000, val_mse_loss-0.0003357, val_kl_loss-0.0000000
2025-03-04 22:39:00 - INFO - epoch-78, train_mse_loss-0.0003245, train_kl_loss-0.0000000, val_mse_loss-0.0003364, val_kl_loss-0.0000000
2025-03-04 22:43:16 - INFO - epoch-79, train_mse_loss-0.0003245, train_kl_loss-0.0000000, val_mse_loss-0.0003382, val_kl_loss-0.0000000
2025-03-04 22:47:34 - INFO - epoch-80, train_mse_loss-0.0003245, train_kl_loss-0.0000000, val_mse_loss-0.0003378, val_kl_loss-0.0000000
2025-03-04 22:51:51 - INFO - epoch-81, train_mse_loss-0.0003245, train_kl_loss-0.0000000, val_mse_loss-0.0003384, val_kl_loss-0.0000000
2025-03-04 22:56:06 - INFO - epoch-82, train_mse_loss-0.0003245, train_kl_loss-0.0000000, val_mse_loss-0.0003404, val_kl_loss-0.0000000
2025-03-04 23:00:22 - INFO - epoch-83, train_mse_loss-0.0003245, train_kl_loss-0.0000000, val_mse_loss-0.0003395, val_kl_loss-0.0000000
2025-03-04 23:04:37 - INFO - epoch-84, train_mse_loss-0.0003245, train_kl_loss-0.0000000, val_mse_loss-0.0003415, val_kl_loss-0.0000000
2025-03-04 23:08:52 - INFO - epoch-85, train_mse_loss-0.0003245, train_kl_loss-0.0000000, val_mse_loss-0.0003412, val_kl_loss-0.0000000
2025-03-04 23:13:07 - INFO - epoch-86, train_mse_loss-0.0003245, train_kl_loss-0.0000000, val_mse_loss-0.0003423, val_kl_loss-0.0000000
2025-03-04 23:17:22 - INFO - epoch-87, train_mse_loss-0.0003245, train_kl_loss-0.0000000, val_mse_loss-0.0003422, val_kl_loss-0.0000000
2025-03-04 23:21:38 - INFO - epoch-88, train_mse_loss-0.0003245, train_kl_loss-0.0000000, val_mse_loss-0.0003417, val_kl_loss-0.0000000
2025-03-04 23:25:53 - INFO - epoch-89, train_mse_loss-0.0003245, train_kl_loss-0.0000000, val_mse_loss-0.0003435, val_kl_loss-0.0000000
2025-03-04 23:30:08 - INFO - epoch-90, train_mse_loss-0.0003244, train_kl_loss-0.0000000, val_mse_loss-0.0003432, val_kl_loss-0.0000000
2025-03-04 23:34:23 - INFO - epoch-91, train_mse_loss-0.0003244, train_kl_loss-0.0000000, val_mse_loss-0.0003438, val_kl_loss-0.0000000
2025-03-04 23:38:39 - INFO - epoch-92, train_mse_loss-0.0003244, train_kl_loss-0.0000000, val_mse_loss-0.0003430, val_kl_loss-0.0000000
2025-03-04 23:42:58 - INFO - epoch-93, train_mse_loss-0.0003244, train_kl_loss-0.0000000, val_mse_loss-0.0003438, val_kl_loss-0.0000000
2025-03-04 23:47:13 - INFO - epoch-94, train_mse_loss-0.0003244, train_kl_loss-0.0000000, val_mse_loss-0.0003433, val_kl_loss-0.0000000
2025-03-04 23:51:29 - INFO - epoch-95, train_mse_loss-0.0003244, train_kl_loss-0.0000000, val_mse_loss-0.0003429, val_kl_loss-0.0000000
2025-03-04 23:55:45 - INFO - epoch-96, train_mse_loss-0.0003244, train_kl_loss-0.0000000, val_mse_loss-0.0003430, val_kl_loss-0.0000000
2025-03-05 00:00:00 - INFO - epoch-97, train_mse_loss-0.0003244, train_kl_loss-0.0000000, val_mse_loss-0.0003429, val_kl_loss-0.0000000
2025-03-05 00:04:15 - INFO - epoch-98, train_mse_loss-0.0003244, train_kl_loss-0.0000000, val_mse_loss-0.0003422, val_kl_loss-0.0000000
2025-03-05 00:08:30 - INFO - epoch-99, train_mse_loss-0.0003244, train_kl_loss-0.0000000, val_mse_loss-0.0003426, val_kl_loss-0.0000000
2025-03-05 00:12:45 - INFO - epoch-100, train_mse_loss-0.0003244, train_kl_loss-0.0000000, val_mse_loss-0.0003426, val_kl_loss-0.0000000
2025-03-05 00:17:00 - INFO - epoch-101, train_mse_loss-0.0003244, train_kl_loss-0.0000000, val_mse_loss-0.0003420, val_kl_loss-0.0000000
2025-03-05 00:21:16 - INFO - epoch-102, train_mse_loss-0.0003244, train_kl_loss-0.0000000, val_mse_loss-0.0003423, val_kl_loss-0.0000000
2025-03-05 00:25:31 - INFO - epoch-103, train_mse_loss-0.0003244, train_kl_loss-0.0000000, val_mse_loss-0.0003424, val_kl_loss-0.0000000
2025-03-05 00:29:46 - INFO - epoch-104, train_mse_loss-0.0003244, train_kl_loss-0.0000000, val_mse_loss-0.0003422, val_kl_loss-0.0000000
2025-03-05 00:34:02 - INFO - epoch-105, train_mse_loss-0.0003244, train_kl_loss-0.0000000, val_mse_loss-0.0003414, val_kl_loss-0.0000000
2025-03-05 00:38:18 - INFO - epoch-106, train_mse_loss-0.0003244, train_kl_loss-0.0000000, val_mse_loss-0.0003417, val_kl_loss-0.0000000
2025-03-05 00:42:34 - INFO - epoch-107, train_mse_loss-0.0003244, train_kl_loss-0.0000000, val_mse_loss-0.0003412, val_kl_loss-0.0000000
2025-03-05 00:46:50 - INFO - epoch-108, train_mse_loss-0.0003244, train_kl_loss-0.0000000, val_mse_loss-0.0003411, val_kl_loss-0.0000000
2025-03-05 00:51:06 - INFO - epoch-109, train_mse_loss-0.0003244, train_kl_loss-0.0000000, val_mse_loss-0.0003416, val_kl_loss-0.0000000
2025-03-05 00:55:22 - INFO - epoch-110, train_mse_loss-0.0003244, train_kl_loss-0.0000000, val_mse_loss-0.0003411, val_kl_loss-0.0000000
2025-03-05 00:59:38 - INFO - epoch-111, train_mse_loss-0.0003244, train_kl_loss-0.0000000, val_mse_loss-0.0003407, val_kl_loss-0.0000000
2025-03-05 01:03:53 - INFO - epoch-112, train_mse_loss-0.0003244, train_kl_loss-0.0000000, val_mse_loss-0.0003404, val_kl_loss-0.0000000
2025-03-05 01:08:08 - INFO - epoch-113, train_mse_loss-0.0003244, train_kl_loss-0.0000000, val_mse_loss-0.0003404, val_kl_loss-0.0000000
2025-03-05 01:12:23 - INFO - epoch-114, train_mse_loss-0.0003244, train_kl_loss-0.0000000, val_mse_loss-0.0003403, val_kl_loss-0.0000000
2025-03-05 01:16:38 - INFO - epoch-115, train_mse_loss-0.0003244, train_kl_loss-0.0000000, val_mse_loss-0.0003406, val_kl_loss-0.0000000
2025-03-05 01:20:53 - INFO - epoch-116, train_mse_loss-0.0003244, train_kl_loss-0.0000000, val_mse_loss-0.0003404, val_kl_loss-0.0000000
2025-03-05 01:25:09 - INFO - epoch-117, train_mse_loss-0.0003244, train_kl_loss-0.0000000, val_mse_loss-0.0003402, val_kl_loss-0.0000000
2025-03-05 01:29:24 - INFO - epoch-118, train_mse_loss-0.0003244, train_kl_loss-0.0000000, val_mse_loss-0.0003403, val_kl_loss-0.0000000
2025-03-05 01:33:39 - INFO - epoch-119, train_mse_loss-0.0003244, train_kl_loss-0.0000000, val_mse_loss-0.0003403, val_kl_loss-0.0000000
2025-03-05 01:37:55 - INFO - epoch-120, train_mse_loss-0.0003244, train_kl_loss-0.0000000, val_mse_loss-0.0003401, val_kl_loss-0.0000000
2025-03-05 01:42:11 - INFO - epoch-121, train_mse_loss-0.0003244, train_kl_loss-0.0000000, val_mse_loss-0.0003398, val_kl_loss-0.0000000
2025-03-05 01:46:28 - INFO - epoch-122, train_mse_loss-0.0003244, train_kl_loss-0.0000000, val_mse_loss-0.0003399, val_kl_loss-0.0000000
2025-03-05 01:50:47 - INFO - epoch-123, train_mse_loss-0.0003244, train_kl_loss-0.0000000, val_mse_loss-0.0003400, val_kl_loss-0.0000000
2025-03-05 01:55:06 - INFO - epoch-124, train_mse_loss-0.0003244, train_kl_loss-0.0000000, val_mse_loss-0.0003396, val_kl_loss-0.0000000
2025-03-05 01:59:22 - INFO - epoch-125, train_mse_loss-0.0003244, train_kl_loss-0.0000000, val_mse_loss-0.0003398, val_kl_loss-0.0000000
2025-03-05 02:03:38 - INFO - epoch-126, train_mse_loss-0.0003244, train_kl_loss-0.0000000, val_mse_loss-0.0003399, val_kl_loss-0.0000000
2025-03-05 02:07:54 - INFO - epoch-127, train_mse_loss-0.0003244, train_kl_loss-0.0000000, val_mse_loss-0.0003395, val_kl_loss-0.0000000
2025-03-05 02:12:10 - INFO - epoch-128, train_mse_loss-0.0003244, train_kl_loss-0.0000000, val_mse_loss-0.0003395, val_kl_loss-0.0000000
2025-03-05 02:16:26 - INFO - epoch-129, train_mse_loss-0.0003244, train_kl_loss-0.0000000, val_mse_loss-0.0003394, val_kl_loss-0.0000000
2025-03-05 02:20:40 - INFO - epoch-130, train_mse_loss-0.0003244, train_kl_loss-0.0000000, val_mse_loss-0.0003398, val_kl_loss-0.0000000
2025-03-05 02:24:56 - INFO - epoch-131, train_mse_loss-0.0003244, train_kl_loss-0.0000000, val_mse_loss-0.0003391, val_kl_loss-0.0000000
2025-03-05 02:29:12 - INFO - epoch-132, train_mse_loss-0.0003244, train_kl_loss-0.0000000, val_mse_loss-0.0003401, val_kl_loss-0.0000000
2025-03-05 02:33:26 - INFO - epoch-133, train_mse_loss-0.0003244, train_kl_loss-0.0000000, val_mse_loss-0.0003396, val_kl_loss-0.0000000
2025-03-05 02:37:41 - INFO - epoch-134, train_mse_loss-0.0003244, train_kl_loss-0.0000000, val_mse_loss-0.0003395, val_kl_loss-0.0000000
2025-03-05 02:41:56 - INFO - epoch-135, train_mse_loss-0.0003244, train_kl_loss-0.0000000, val_mse_loss-0.0003392, val_kl_loss-0.0000000
2025-03-05 02:46:12 - INFO - epoch-136, train_mse_loss-0.0003244, train_kl_loss-0.0000000, val_mse_loss-0.0003398, val_kl_loss-0.0000000
2025-03-05 02:50:28 - INFO - epoch-137, train_mse_loss-0.0003244, train_kl_loss-0.0000000, val_mse_loss-0.0003397, val_kl_loss-0.0000000
2025-03-05 02:54:43 - INFO - epoch-138, train_mse_loss-0.0003244, train_kl_loss-0.0000000, val_mse_loss-0.0003391, val_kl_loss-0.0000000
2025-03-05 02:58:58 - INFO - epoch-139, train_mse_loss-0.0003244, train_kl_loss-0.0000000, val_mse_loss-0.0003395, val_kl_loss-0.0000000
2025-03-05 03:03:12 - INFO - epoch-140, train_mse_loss-0.0003244, train_kl_loss-0.0000000, val_mse_loss-0.0003394, val_kl_loss-0.0000000
2025-03-05 03:07:28 - INFO - epoch-141, train_mse_loss-0.0003244, train_kl_loss-0.0000000, val_mse_loss-0.0003396, val_kl_loss-0.0000000
2025-03-05 03:11:42 - INFO - epoch-142, train_mse_loss-0.0003244, train_kl_loss-0.0000000, val_mse_loss-0.0003397, val_kl_loss-0.0000000
2025-03-05 03:15:56 - INFO - epoch-143, train_mse_loss-0.0003244, train_kl_loss-0.0000000, val_mse_loss-0.0003393, val_kl_loss-0.0000000
2025-03-05 03:20:11 - INFO - epoch-144, train_mse_loss-0.0003244, train_kl_loss-0.0000000, val_mse_loss-0.0003398, val_kl_loss-0.0000000
2025-03-05 03:24:25 - INFO - epoch-145, train_mse_loss-0.0003244, train_kl_loss-0.0000000, val_mse_loss-0.0003397, val_kl_loss-0.0000000
2025-03-05 03:28:40 - INFO - epoch-146, train_mse_loss-0.0003244, train_kl_loss-0.0000000, val_mse_loss-0.0003396, val_kl_loss-0.0000000
2025-03-05 03:32:55 - INFO - epoch-147, train_mse_loss-0.0003244, train_kl_loss-0.0000000, val_mse_loss-0.0003397, val_kl_loss-0.0000000
2025-03-05 03:37:10 - INFO - epoch-148, train_mse_loss-0.0003244, train_kl_loss-0.0000000, val_mse_loss-0.0003399, val_kl_loss-0.0000000
2025-03-05 03:41:24 - INFO - epoch-149, train_mse_loss-0.0003244, train_kl_loss-0.0000000, val_mse_loss-0.0003392, val_kl_loss-0.0000000
2025-03-05 03:45:38 - INFO - epoch-150, train_mse_loss-0.0003244, train_kl_loss-0.0000000, val_mse_loss-0.0003391, val_kl_loss-0.0000000
2025-03-05 03:49:53 - INFO - epoch-151, train_mse_loss-0.0003244, train_kl_loss-0.0000000, val_mse_loss-0.0003394, val_kl_loss-0.0000000
2025-03-05 03:54:08 - INFO - epoch-152, train_mse_loss-0.0003244, train_kl_loss-0.0000000, val_mse_loss-0.0003394, val_kl_loss-0.0000000
2025-03-05 03:58:23 - INFO - epoch-153, train_mse_loss-0.0003244, train_kl_loss-0.0000000, val_mse_loss-0.0003391, val_kl_loss-0.0000000
2025-03-05 04:02:39 - INFO - epoch-154, train_mse_loss-0.0003244, train_kl_loss-0.0000000, val_mse_loss-0.0003391, val_kl_loss-0.0000000
2025-03-05 04:06:57 - INFO - epoch-155, train_mse_loss-0.0003244, train_kl_loss-0.0000000, val_mse_loss-0.0003391, val_kl_loss-0.0000000
2025-03-05 04:11:13 - INFO - epoch-156, train_mse_loss-0.0003244, train_kl_loss-0.0000000, val_mse_loss-0.0003390, val_kl_loss-0.0000000
2025-03-05 04:15:28 - INFO - epoch-157, train_mse_loss-0.0003244, train_kl_loss-0.0000000, val_mse_loss-0.0003390, val_kl_loss-0.0000000
2025-03-05 04:19:42 - INFO - epoch-158, train_mse_loss-0.0003244, train_kl_loss-0.0000000, val_mse_loss-0.0003389, val_kl_loss-0.0000000
2025-03-05 04:23:58 - INFO - epoch-159, train_mse_loss-0.0003244, train_kl_loss-0.0000000, val_mse_loss-0.0003387, val_kl_loss-0.0000000
2025-03-05 04:28:13 - INFO - epoch-160, train_mse_loss-0.0003244, train_kl_loss-0.0000000, val_mse_loss-0.0003386, val_kl_loss-0.0000000
2025-03-05 04:32:28 - INFO - epoch-161, train_mse_loss-0.0003244, train_kl_loss-0.0000000, val_mse_loss-0.0003383, val_kl_loss-0.0000000
2025-03-05 04:36:43 - INFO - epoch-162, train_mse_loss-0.0003244, train_kl_loss-0.0000000, val_mse_loss-0.0003385, val_kl_loss-0.0000000
2025-03-05 04:40:57 - INFO - epoch-163, train_mse_loss-0.0003244, train_kl_loss-0.0000000, val_mse_loss-0.0003385, val_kl_loss-0.0000000
2025-03-05 04:45:13 - INFO - epoch-164, train_mse_loss-0.0003244, train_kl_loss-0.0000000, val_mse_loss-0.0003389, val_kl_loss-0.0000000
2025-03-05 04:49:28 - INFO - epoch-165, train_mse_loss-0.0003244, train_kl_loss-0.0000000, val_mse_loss-0.0003379, val_kl_loss-0.0000000
2025-03-05 04:53:44 - INFO - epoch-166, train_mse_loss-0.0003244, train_kl_loss-0.0000000, val_mse_loss-0.0003384, val_kl_loss-0.0000000
2025-03-05 04:57:57 - INFO - epoch-167, train_mse_loss-0.0003244, train_kl_loss-0.0000000, val_mse_loss-0.0003382, val_kl_loss-0.0000000
2025-03-05 05:02:12 - INFO - epoch-168, train_mse_loss-0.0003244, train_kl_loss-0.0000000, val_mse_loss-0.0003380, val_kl_loss-0.0000000
2025-03-05 05:06:27 - INFO - epoch-169, train_mse_loss-0.0003244, train_kl_loss-0.0000000, val_mse_loss-0.0003377, val_kl_loss-0.0000000
2025-03-05 05:10:42 - INFO - epoch-170, train_mse_loss-0.0003244, train_kl_loss-0.0000000, val_mse_loss-0.0003381, val_kl_loss-0.0000000
2025-03-05 05:14:59 - INFO - epoch-171, train_mse_loss-0.0003244, train_kl_loss-0.0000000, val_mse_loss-0.0003379, val_kl_loss-0.0000000
2025-03-05 05:19:14 - INFO - epoch-172, train_mse_loss-0.0003244, train_kl_loss-0.0000000, val_mse_loss-0.0003375, val_kl_loss-0.0000000
2025-03-05 05:23:29 - INFO - epoch-173, train_mse_loss-0.0003244, train_kl_loss-0.0000000, val_mse_loss-0.0003380, val_kl_loss-0.0000000
2025-03-05 05:27:43 - INFO - epoch-174, train_mse_loss-0.0003244, train_kl_loss-0.0000000, val_mse_loss-0.0003374, val_kl_loss-0.0000000
2025-03-05 05:31:57 - INFO - epoch-175, train_mse_loss-0.0003244, train_kl_loss-0.0000000, val_mse_loss-0.0003375, val_kl_loss-0.0000000
2025-03-05 05:36:12 - INFO - epoch-176, train_mse_loss-0.0003244, train_kl_loss-0.0000000, val_mse_loss-0.0003373, val_kl_loss-0.0000000
2025-03-05 05:40:27 - INFO - epoch-177, train_mse_loss-0.0003244, train_kl_loss-0.0000000, val_mse_loss-0.0003375, val_kl_loss-0.0000000
2025-03-05 05:44:41 - INFO - epoch-178, train_mse_loss-0.0003244, train_kl_loss-0.0000000, val_mse_loss-0.0003367, val_kl_loss-0.0000000
2025-03-05 05:48:55 - INFO - epoch-179, train_mse_loss-0.0003244, train_kl_loss-0.0000000, val_mse_loss-0.0003370, val_kl_loss-0.0000000
2025-03-05 05:53:10 - INFO - epoch-180, train_mse_loss-0.0003244, train_kl_loss-0.0000000, val_mse_loss-0.0003366, val_kl_loss-0.0000000
2025-03-05 05:57:25 - INFO - epoch-181, train_mse_loss-0.0003244, train_kl_loss-0.0000000, val_mse_loss-0.0003371, val_kl_loss-0.0000000
2025-03-05 06:01:39 - INFO - epoch-182, train_mse_loss-0.0003244, train_kl_loss-0.0000000, val_mse_loss-0.0003366, val_kl_loss-0.0000000
2025-03-05 06:05:54 - INFO - epoch-183, train_mse_loss-0.0003244, train_kl_loss-0.0000000, val_mse_loss-0.0003365, val_kl_loss-0.0000000
2025-03-05 06:10:09 - INFO - epoch-184, train_mse_loss-0.0003244, train_kl_loss-0.0000000, val_mse_loss-0.0003361, val_kl_loss-0.0000000
2025-03-05 06:14:23 - INFO - epoch-185, train_mse_loss-0.0003244, train_kl_loss-0.0000000, val_mse_loss-0.0003361, val_kl_loss-0.0000000
2025-03-05 06:18:39 - INFO - epoch-186, train_mse_loss-0.0003244, train_kl_loss-0.0000000, val_mse_loss-0.0003364, val_kl_loss-0.0000000
2025-03-05 06:22:56 - INFO - epoch-187, train_mse_loss-0.0003244, train_kl_loss-0.0000000, val_mse_loss-0.0003358, val_kl_loss-0.0000000
2025-03-05 06:27:11 - INFO - epoch-188, train_mse_loss-0.0003244, train_kl_loss-0.0000000, val_mse_loss-0.0003363, val_kl_loss-0.0000000
2025-03-05 06:31:24 - INFO - epoch-189, train_mse_loss-0.0003244, train_kl_loss-0.0000000, val_mse_loss-0.0003359, val_kl_loss-0.0000000
2025-03-05 06:35:38 - INFO - epoch-190, train_mse_loss-0.0003244, train_kl_loss-0.0000000, val_mse_loss-0.0003359, val_kl_loss-0.0000000
2025-03-05 06:39:53 - INFO - epoch-191, train_mse_loss-0.0003244, train_kl_loss-0.0000000, val_mse_loss-0.0003360, val_kl_loss-0.0000000
2025-03-05 06:44:07 - INFO - epoch-192, train_mse_loss-0.0003244, train_kl_loss-0.0000000, val_mse_loss-0.0003358, val_kl_loss-0.0000000
2025-03-05 06:48:21 - INFO - epoch-193, train_mse_loss-0.0003244, train_kl_loss-0.0000000, val_mse_loss-0.0003359, val_kl_loss-0.0000000
2025-03-05 06:52:41 - INFO - epoch-194, train_mse_loss-0.0003244, train_kl_loss-0.0000000, val_mse_loss-0.0003352, val_kl_loss-0.0000000
2025-03-05 06:56:59 - INFO - epoch-195, train_mse_loss-0.0003244, train_kl_loss-0.0000000, val_mse_loss-0.0003358, val_kl_loss-0.0000000
2025-03-05 07:01:16 - INFO - epoch-196, train_mse_loss-0.0003244, train_kl_loss-0.0000000, val_mse_loss-0.0003354, val_kl_loss-0.0000000
2025-03-05 07:05:33 - INFO - epoch-197, train_mse_loss-0.0003244, train_kl_loss-0.0000000, val_mse_loss-0.0003358, val_kl_loss-0.0000000
2025-03-05 07:09:51 - INFO - epoch-198, train_mse_loss-0.0003244, train_kl_loss-0.0000000, val_mse_loss-0.0003351, val_kl_loss-0.0000000
2025-03-05 07:14:08 - INFO - epoch-199, train_mse_loss-0.0003244, train_kl_loss-0.0000000, val_mse_loss-0.0003353, val_kl_loss-0.0000000
2025-03-05 07:18:24 - INFO - epoch-200, train_mse_loss-0.0003244, train_kl_loss-0.0000000, val_mse_loss-0.0003348, val_kl_loss-0.0000000
2025-03-05 07:22:41 - INFO - epoch-201, train_mse_loss-0.0003244, train_kl_loss-0.0000000, val_mse_loss-0.0003352, val_kl_loss-0.0000000
2025-03-05 07:26:59 - INFO - epoch-202, train_mse_loss-0.0003244, train_kl_loss-0.0000000, val_mse_loss-0.0003349, val_kl_loss-0.0000000
2025-03-05 07:31:16 - INFO - epoch-203, train_mse_loss-0.0003244, train_kl_loss-0.0000000, val_mse_loss-0.0003347, val_kl_loss-0.0000000
2025-03-05 07:35:33 - INFO - epoch-204, train_mse_loss-0.0003244, train_kl_loss-0.0000000, val_mse_loss-0.0003344, val_kl_loss-0.0000000
2025-03-05 07:39:49 - INFO - epoch-205, train_mse_loss-0.0003244, train_kl_loss-0.0000000, val_mse_loss-0.0003349, val_kl_loss-0.0000000
2025-03-05 07:44:06 - INFO - epoch-206, train_mse_loss-0.0003244, train_kl_loss-0.0000000, val_mse_loss-0.0003344, val_kl_loss-0.0000000
2025-03-05 07:48:22 - INFO - epoch-207, train_mse_loss-0.0003244, train_kl_loss-0.0000000, val_mse_loss-0.0003344, val_kl_loss-0.0000000
2025-03-05 07:52:40 - INFO - epoch-208, train_mse_loss-0.0003244, train_kl_loss-0.0000000, val_mse_loss-0.0003346, val_kl_loss-0.0000000
2025-03-05 07:56:57 - INFO - epoch-209, train_mse_loss-0.0003244, train_kl_loss-0.0000000, val_mse_loss-0.0003346, val_kl_loss-0.0000000
2025-03-05 08:01:13 - INFO - epoch-210, train_mse_loss-0.0003244, train_kl_loss-0.0000000, val_mse_loss-0.0003345, val_kl_loss-0.0000000
2025-03-05 08:05:29 - INFO - epoch-211, train_mse_loss-0.0003244, train_kl_loss-0.0000000, val_mse_loss-0.0003344, val_kl_loss-0.0000000
2025-03-05 08:09:46 - INFO - epoch-212, train_mse_loss-0.0003244, train_kl_loss-0.0000000, val_mse_loss-0.0003344, val_kl_loss-0.0000000
2025-03-05 08:14:04 - INFO - epoch-213, train_mse_loss-0.0003244, train_kl_loss-0.0000000, val_mse_loss-0.0003345, val_kl_loss-0.0000000
2025-03-05 08:18:19 - INFO - epoch-214, train_mse_loss-0.0003244, train_kl_loss-0.0000000, val_mse_loss-0.0003349, val_kl_loss-0.0000000
2025-03-05 08:22:36 - INFO - epoch-215, train_mse_loss-0.0003244, train_kl_loss-0.0000000, val_mse_loss-0.0003345, val_kl_loss-0.0000000
2025-03-05 08:26:52 - INFO - epoch-216, train_mse_loss-0.0003244, train_kl_loss-0.0000000, val_mse_loss-0.0003348, val_kl_loss-0.0000000
2025-03-05 08:31:09 - INFO - epoch-217, train_mse_loss-0.0003244, train_kl_loss-0.0000000, val_mse_loss-0.0003346, val_kl_loss-0.0000000
2025-03-05 08:35:30 - INFO - epoch-218, train_mse_loss-0.0003244, train_kl_loss-0.0000000, val_mse_loss-0.0003352, val_kl_loss-0.0000000
2025-03-05 08:39:47 - INFO - epoch-219, train_mse_loss-0.0003244, train_kl_loss-0.0000000, val_mse_loss-0.0003357, val_kl_loss-0.0000000
2025-03-05 08:44:06 - INFO - epoch-220, train_mse_loss-0.0003244, train_kl_loss-0.0000000, val_mse_loss-0.0003358, val_kl_loss-0.0000000
2025-03-05 08:48:23 - INFO - epoch-221, train_mse_loss-0.0003244, train_kl_loss-0.0000000, val_mse_loss-0.0003361, val_kl_loss-0.0000000
2025-03-05 08:52:41 - INFO - epoch-222, train_mse_loss-0.0003244, train_kl_loss-0.0000000, val_mse_loss-0.0003360, val_kl_loss-0.0000000
2025-03-05 08:56:58 - INFO - epoch-223, train_mse_loss-0.0003244, train_kl_loss-0.0000000, val_mse_loss-0.0003369, val_kl_loss-0.0000000
2025-03-05 09:01:14 - INFO - epoch-224, train_mse_loss-0.0003244, train_kl_loss-0.0000000, val_mse_loss-0.0003365, val_kl_loss-0.0000000
2025-03-05 09:05:31 - INFO - epoch-225, train_mse_loss-0.0003244, train_kl_loss-0.0000000, val_mse_loss-0.0003373, val_kl_loss-0.0000000
2025-03-05 09:09:48 - INFO - epoch-226, train_mse_loss-0.0003244, train_kl_loss-0.0000000, val_mse_loss-0.0003374, val_kl_loss-0.0000000
2025-03-05 09:14:02 - INFO - epoch-227, train_mse_loss-0.0003244, train_kl_loss-0.0000000, val_mse_loss-0.0003372, val_kl_loss-0.0000000
2025-03-05 09:18:17 - INFO - epoch-228, train_mse_loss-0.0003244, train_kl_loss-0.0000000, val_mse_loss-0.0003370, val_kl_loss-0.0000000
2025-03-05 09:22:31 - INFO - epoch-229, train_mse_loss-0.0003244, train_kl_loss-0.0000000, val_mse_loss-0.0003371, val_kl_loss-0.0000000
2025-03-05 09:26:44 - INFO - epoch-230, train_mse_loss-0.0003244, train_kl_loss-0.0000000, val_mse_loss-0.0003378, val_kl_loss-0.0000000
2025-03-05 09:30:59 - INFO - epoch-231, train_mse_loss-0.0003244, train_kl_loss-0.0000000, val_mse_loss-0.0003375, val_kl_loss-0.0000000
2025-03-05 09:35:13 - INFO - epoch-232, train_mse_loss-0.0003244, train_kl_loss-0.0000000, val_mse_loss-0.0003374, val_kl_loss-0.0000000
2025-03-05 09:39:27 - INFO - epoch-233, train_mse_loss-0.0003244, train_kl_loss-0.0000000, val_mse_loss-0.0003370, val_kl_loss-0.0000000
2025-03-05 09:43:41 - INFO - epoch-234, train_mse_loss-0.0003244, train_kl_loss-0.0000000, val_mse_loss-0.0003372, val_kl_loss-0.0000000
2025-03-05 09:47:55 - INFO - epoch-235, train_mse_loss-0.0003244, train_kl_loss-0.0000000, val_mse_loss-0.0003373, val_kl_loss-0.0000000
2025-03-05 09:52:08 - INFO - epoch-236, train_mse_loss-0.0003244, train_kl_loss-0.0000000, val_mse_loss-0.0003374, val_kl_loss-0.0000000
2025-03-05 09:56:22 - INFO - epoch-237, train_mse_loss-0.0003244, train_kl_loss-0.0000000, val_mse_loss-0.0003372, val_kl_loss-0.0000000
2025-03-05 10:00:36 - INFO - epoch-238, train_mse_loss-0.0003244, train_kl_loss-0.0000000, val_mse_loss-0.0003372, val_kl_loss-0.0000000
2025-03-05 10:04:54 - INFO - epoch-239, train_mse_loss-0.0003244, train_kl_loss-0.0000000, val_mse_loss-0.0003372, val_kl_loss-0.0000000
2025-03-05 10:09:13 - INFO - epoch-240, train_mse_loss-0.0003244, train_kl_loss-0.0000000, val_mse_loss-0.0003367, val_kl_loss-0.0000000
2025-03-05 10:13:27 - INFO - epoch-241, train_mse_loss-0.0003244, train_kl_loss-0.0000000, val_mse_loss-0.0003366, val_kl_loss-0.0000000
2025-03-05 10:17:41 - INFO - epoch-242, train_mse_loss-0.0003244, train_kl_loss-0.0000000, val_mse_loss-0.0003370, val_kl_loss-0.0000000
2025-03-05 10:21:55 - INFO - epoch-243, train_mse_loss-0.0003244, train_kl_loss-0.0000000, val_mse_loss-0.0003365, val_kl_loss-0.0000000
2025-03-05 10:26:09 - INFO - epoch-244, train_mse_loss-0.0003244, train_kl_loss-0.0000000, val_mse_loss-0.0003358, val_kl_loss-0.0000000
2025-03-05 10:30:22 - INFO - epoch-245, train_mse_loss-0.0003244, train_kl_loss-0.0000000, val_mse_loss-0.0003364, val_kl_loss-0.0000000
2025-03-05 10:34:40 - INFO - epoch-246, train_mse_loss-0.0003244, train_kl_loss-0.0000000, val_mse_loss-0.0003362, val_kl_loss-0.0000000
2025-03-05 10:39:00 - INFO - epoch-247, train_mse_loss-0.0003244, train_kl_loss-0.0000000, val_mse_loss-0.0003365, val_kl_loss-0.0000000
2025-03-05 10:43:13 - INFO - epoch-248, train_mse_loss-0.0003244, train_kl_loss-0.0000000, val_mse_loss-0.0003361, val_kl_loss-0.0000000
2025-03-05 10:47:31 - INFO - epoch-249, train_mse_loss-0.0003244, train_kl_loss-0.0000000, val_mse_loss-0.0003355, val_kl_loss-0.0000000
2025-03-05 10:51:45 - INFO - epoch-250, train_mse_loss-0.0003244, train_kl_loss-0.0000000, val_mse_loss-0.0003358, val_kl_loss-0.0000000
2025-03-05 10:55:59 - INFO - epoch-251, train_mse_loss-0.0003244, train_kl_loss-0.0000000, val_mse_loss-0.0003353, val_kl_loss-0.0000000
2025-03-05 11:00:13 - INFO - epoch-252, train_mse_loss-0.0003244, train_kl_loss-0.0000000, val_mse_loss-0.0003358, val_kl_loss-0.0000000
2025-03-05 11:04:28 - INFO - epoch-253, train_mse_loss-0.0003244, train_kl_loss-0.0000000, val_mse_loss-0.0003357, val_kl_loss-0.0000000
2025-03-05 11:08:41 - INFO - epoch-254, train_mse_loss-0.0003244, train_kl_loss-0.0000000, val_mse_loss-0.0003356, val_kl_loss-0.0000000
2025-03-05 11:12:55 - INFO - epoch-255, train_mse_loss-0.0003244, train_kl_loss-0.0000000, val_mse_loss-0.0003358, val_kl_loss-0.0000000
2025-03-05 11:17:10 - INFO - epoch-256, train_mse_loss-0.0003244, train_kl_loss-0.0000000, val_mse_loss-0.0003359, val_kl_loss-0.0000000
2025-03-05 11:21:24 - INFO - epoch-257, train_mse_loss-0.0003244, train_kl_loss-0.0000000, val_mse_loss-0.0003350, val_kl_loss-0.0000000
2025-03-05 11:25:37 - INFO - epoch-258, train_mse_loss-0.0003244, train_kl_loss-0.0000000, val_mse_loss-0.0003353, val_kl_loss-0.0000000
2025-03-05 11:29:51 - INFO - epoch-259, train_mse_loss-0.0003244, train_kl_loss-0.0000000, val_mse_loss-0.0003353, val_kl_loss-0.0000000
2025-03-05 11:34:06 - INFO - epoch-260, train_mse_loss-0.0003244, train_kl_loss-0.0000000, val_mse_loss-0.0003350, val_kl_loss-0.0000000
2025-03-05 11:38:19 - INFO - epoch-261, train_mse_loss-0.0003244, train_kl_loss-0.0000000, val_mse_loss-0.0003351, val_kl_loss-0.0000000
2025-03-05 11:42:34 - INFO - epoch-262, train_mse_loss-0.0003244, train_kl_loss-0.0000000, val_mse_loss-0.0003348, val_kl_loss-0.0000000
2025-03-05 11:46:48 - INFO - epoch-263, train_mse_loss-0.0003244, train_kl_loss-0.0000000, val_mse_loss-0.0003352, val_kl_loss-0.0000000
2025-03-05 11:51:05 - INFO - epoch-264, train_mse_loss-0.0003244, train_kl_loss-0.0000000, val_mse_loss-0.0003349, val_kl_loss-0.0000000
2025-03-05 11:55:19 - INFO - epoch-265, train_mse_loss-0.0003244, train_kl_loss-0.0000000, val_mse_loss-0.0003346, val_kl_loss-0.0000000
2025-03-05 11:59:33 - INFO - epoch-266, train_mse_loss-0.0003244, train_kl_loss-0.0000000, val_mse_loss-0.0003348, val_kl_loss-0.0000000
2025-03-05 12:03:48 - INFO - epoch-267, train_mse_loss-0.0003244, train_kl_loss-0.0000000, val_mse_loss-0.0003346, val_kl_loss-0.0000000
2025-03-05 12:08:02 - INFO - epoch-268, train_mse_loss-0.0003244, train_kl_loss-0.0000000, val_mse_loss-0.0003346, val_kl_loss-0.0000000
2025-03-05 12:12:16 - INFO - epoch-269, train_mse_loss-0.0003244, train_kl_loss-0.0000000, val_mse_loss-0.0003347, val_kl_loss-0.0000000
2025-03-05 12:16:29 - INFO - epoch-270, train_mse_loss-0.0003244, train_kl_loss-0.0000000, val_mse_loss-0.0003346, val_kl_loss-0.0000000
2025-03-05 12:20:43 - INFO - epoch-271, train_mse_loss-0.0003244, train_kl_loss-0.0000000, val_mse_loss-0.0003347, val_kl_loss-0.0000000
2025-03-05 12:24:57 - INFO - epoch-272, train_mse_loss-0.0003244, train_kl_loss-0.0000000, val_mse_loss-0.0003344, val_kl_loss-0.0000000
2025-03-05 12:29:11 - INFO - epoch-273, train_mse_loss-0.0003244, train_kl_loss-0.0000000, val_mse_loss-0.0003341, val_kl_loss-0.0000000
2025-03-05 12:29:18 - INFO - Saved new best model at epoch 273 with validation loss 0.0003341
2025-03-05 12:33:32 - INFO - epoch-274, train_mse_loss-0.0003244, train_kl_loss-0.0000000, val_mse_loss-0.0003339, val_kl_loss-0.0000000
2025-03-05 12:33:38 - INFO - Saved new best model at epoch 274 with validation loss 0.0003339
2025-03-05 12:37:54 - INFO - epoch-275, train_mse_loss-0.0003244, train_kl_loss-0.0000000, val_mse_loss-0.0003343, val_kl_loss-0.0000000
2025-03-05 12:42:09 - INFO - epoch-276, train_mse_loss-0.0003244, train_kl_loss-0.0000000, val_mse_loss-0.0003341, val_kl_loss-0.0000000
2025-03-05 12:46:24 - INFO - epoch-277, train_mse_loss-0.0003244, train_kl_loss-0.0000000, val_mse_loss-0.0003345, val_kl_loss-0.0000000
2025-03-05 12:50:38 - INFO - epoch-278, train_mse_loss-0.0003244, train_kl_loss-0.0000000, val_mse_loss-0.0003343, val_kl_loss-0.0000000
2025-03-05 12:54:52 - INFO - epoch-279, train_mse_loss-0.0003244, train_kl_loss-0.0000000, val_mse_loss-0.0003342, val_kl_loss-0.0000000
2025-03-05 12:59:09 - INFO - epoch-280, train_mse_loss-0.0003244, train_kl_loss-0.0000000, val_mse_loss-0.0003338, val_kl_loss-0.0000000
2025-03-05 12:59:15 - INFO - Saved new best model at epoch 280 with validation loss 0.0003338
2025-03-05 13:03:30 - INFO - epoch-281, train_mse_loss-0.0003244, train_kl_loss-0.0000000, val_mse_loss-0.0003338, val_kl_loss-0.0000000
2025-03-05 13:03:35 - INFO - Saved new best model at epoch 281 with validation loss 0.0003338
2025-03-05 13:07:49 - INFO - epoch-282, train_mse_loss-0.0003244, train_kl_loss-0.0000000, val_mse_loss-0.0003340, val_kl_loss-0.0000000
2025-03-05 13:12:03 - INFO - epoch-283, train_mse_loss-0.0003244, train_kl_loss-0.0000000, val_mse_loss-0.0003336, val_kl_loss-0.0000000
2025-03-05 13:12:09 - INFO - Saved new best model at epoch 283 with validation loss 0.0003336
2025-03-05 13:16:24 - INFO - epoch-284, train_mse_loss-0.0003244, train_kl_loss-0.0000000, val_mse_loss-0.0003337, val_kl_loss-0.0000000
2025-03-05 13:20:38 - INFO - epoch-285, train_mse_loss-0.0003244, train_kl_loss-0.0000000, val_mse_loss-0.0003339, val_kl_loss-0.0000000
2025-03-05 13:24:52 - INFO - epoch-286, train_mse_loss-0.0003244, train_kl_loss-0.0000000, val_mse_loss-0.0003339, val_kl_loss-0.0000000
2025-03-05 13:29:05 - INFO - epoch-287, train_mse_loss-0.0003244, train_kl_loss-0.0000000, val_mse_loss-0.0003338, val_kl_loss-0.0000000
2025-03-05 13:33:18 - INFO - epoch-288, train_mse_loss-0.0003244, train_kl_loss-0.0000000, val_mse_loss-0.0003335, val_kl_loss-0.0000000
2025-03-05 13:33:24 - INFO - Saved new best model at epoch 288 with validation loss 0.0003335
2025-03-05 13:37:38 - INFO - epoch-289, train_mse_loss-0.0003244, train_kl_loss-0.0000000, val_mse_loss-0.0003335, val_kl_loss-0.0000000
2025-03-05 13:37:44 - INFO - Saved new best model at epoch 289 with validation loss 0.0003335
2025-03-05 13:41:59 - INFO - epoch-290, train_mse_loss-0.0003244, train_kl_loss-0.0000000, val_mse_loss-0.0003336, val_kl_loss-0.0000000
2025-03-05 13:46:17 - INFO - epoch-291, train_mse_loss-0.0003244, train_kl_loss-0.0000000, val_mse_loss-0.0003334, val_kl_loss-0.0000000
2025-03-05 13:46:24 - INFO - Saved new best model at epoch 291 with validation loss 0.0003334
2025-03-05 13:50:40 - INFO - epoch-292, train_mse_loss-0.0003244, train_kl_loss-0.0000000, val_mse_loss-0.0003335, val_kl_loss-0.0000000
2025-03-05 13:54:57 - INFO - epoch-293, train_mse_loss-0.0003244, train_kl_loss-0.0000000, val_mse_loss-0.0003332, val_kl_loss-0.0000000
2025-03-05 13:55:04 - INFO - Saved new best model at epoch 293 with validation loss 0.0003332
2025-03-05 13:59:19 - INFO - epoch-294, train_mse_loss-0.0003244, train_kl_loss-0.0000000, val_mse_loss-0.0003332, val_kl_loss-0.0000000
2025-03-05 13:59:25 - INFO - Saved new best model at epoch 294 with validation loss 0.0003332
2025-03-05 14:03:39 - INFO - epoch-295, train_mse_loss-0.0003244, train_kl_loss-0.0000000, val_mse_loss-0.0003332, val_kl_loss-0.0000000
2025-03-05 14:07:53 - INFO - epoch-296, train_mse_loss-0.0003244, train_kl_loss-0.0000000, val_mse_loss-0.0003334, val_kl_loss-0.0000000
2025-03-05 14:12:07 - INFO - epoch-297, train_mse_loss-0.0003244, train_kl_loss-0.0000000, val_mse_loss-0.0003333, val_kl_loss-0.0000000
2025-03-05 14:16:23 - INFO - epoch-298, train_mse_loss-0.0003244, train_kl_loss-0.0000000, val_mse_loss-0.0003329, val_kl_loss-0.0000000
2025-03-05 14:16:30 - INFO - Saved new best model at epoch 298 with validation loss 0.0003329
2025-03-05 14:20:49 - INFO - epoch-299, train_mse_loss-0.0003244, train_kl_loss-0.0000000, val_mse_loss-0.0003330, val_kl_loss-0.0000000
2025-03-05 14:25:04 - INFO - epoch-300, train_mse_loss-0.0003244, train_kl_loss-0.0000000, val_mse_loss-0.0003330, val_kl_loss-0.0000000
2025-03-05 14:29:20 - INFO - epoch-301, train_mse_loss-0.0003244, train_kl_loss-0.0000000, val_mse_loss-0.0003330, val_kl_loss-0.0000000
2025-03-05 14:33:34 - INFO - epoch-302, train_mse_loss-0.0003244, train_kl_loss-0.0000000, val_mse_loss-0.0003326, val_kl_loss-0.0000000
2025-03-05 14:33:44 - INFO - Saved new best model at epoch 302 with validation loss 0.0003326
2025-03-05 14:37:58 - INFO - epoch-303, train_mse_loss-0.0003244, train_kl_loss-0.0000000, val_mse_loss-0.0003328, val_kl_loss-0.0000000
2025-03-05 14:42:18 - INFO - epoch-304, train_mse_loss-0.0003244, train_kl_loss-0.0000000, val_mse_loss-0.0003328, val_kl_loss-0.0000000
2025-03-05 14:46:36 - INFO - epoch-305, train_mse_loss-0.0003244, train_kl_loss-0.0000000, val_mse_loss-0.0003327, val_kl_loss-0.0000000
2025-03-05 14:50:52 - INFO - epoch-306, train_mse_loss-0.0003244, train_kl_loss-0.0000000, val_mse_loss-0.0003328, val_kl_loss-0.0000000
2025-03-05 14:55:06 - INFO - epoch-307, train_mse_loss-0.0003244, train_kl_loss-0.0000000, val_mse_loss-0.0003329, val_kl_loss-0.0000000
2025-03-05 14:59:19 - INFO - epoch-308, train_mse_loss-0.0003244, train_kl_loss-0.0000000, val_mse_loss-0.0003328, val_kl_loss-0.0000000
2025-03-05 15:03:33 - INFO - epoch-309, train_mse_loss-0.0003244, train_kl_loss-0.0000000, val_mse_loss-0.0003328, val_kl_loss-0.0000000
2025-03-05 15:07:48 - INFO - epoch-310, train_mse_loss-0.0003244, train_kl_loss-0.0000000, val_mse_loss-0.0003329, val_kl_loss-0.0000000
2025-03-05 15:12:06 - INFO - epoch-311, train_mse_loss-0.0003244, train_kl_loss-0.0000000, val_mse_loss-0.0003327, val_kl_loss-0.0000000
2025-03-05 15:16:22 - INFO - epoch-312, train_mse_loss-0.0003244, train_kl_loss-0.0000000, val_mse_loss-0.0003325, val_kl_loss-0.0000000
2025-03-05 15:16:29 - INFO - Saved new best model at epoch 312 with validation loss 0.0003325
2025-03-05 15:20:44 - INFO - epoch-313, train_mse_loss-0.0003244, train_kl_loss-0.0000000, val_mse_loss-0.0003329, val_kl_loss-0.0000000
2025-03-05 15:25:00 - INFO - epoch-314, train_mse_loss-0.0003244, train_kl_loss-0.0000000, val_mse_loss-0.0003327, val_kl_loss-0.0000000
2025-03-05 15:29:15 - INFO - epoch-315, train_mse_loss-0.0003244, train_kl_loss-0.0000000, val_mse_loss-0.0003324, val_kl_loss-0.0000000
2025-03-05 15:29:21 - INFO - Saved new best model at epoch 315 with validation loss 0.0003324
2025-03-05 15:33:35 - INFO - epoch-316, train_mse_loss-0.0003244, train_kl_loss-0.0000000, val_mse_loss-0.0003325, val_kl_loss-0.0000000
2025-03-05 15:37:54 - INFO - epoch-317, train_mse_loss-0.0003244, train_kl_loss-0.0000000, val_mse_loss-0.0003326, val_kl_loss-0.0000000
2025-03-05 15:42:09 - INFO - epoch-318, train_mse_loss-0.0003244, train_kl_loss-0.0000000, val_mse_loss-0.0003325, val_kl_loss-0.0000000
2025-03-05 15:46:24 - INFO - epoch-319, train_mse_loss-0.0003244, train_kl_loss-0.0000000, val_mse_loss-0.0003326, val_kl_loss-0.0000000
2025-03-05 15:50:38 - INFO - epoch-320, train_mse_loss-0.0003244, train_kl_loss-0.0000000, val_mse_loss-0.0003324, val_kl_loss-0.0000000
2025-03-05 15:54:53 - INFO - epoch-321, train_mse_loss-0.0003244, train_kl_loss-0.0000000, val_mse_loss-0.0003325, val_kl_loss-0.0000000
2025-03-05 15:59:08 - INFO - epoch-322, train_mse_loss-0.0003244, train_kl_loss-0.0000000, val_mse_loss-0.0003327, val_kl_loss-0.0000000
2025-03-05 16:03:23 - INFO - epoch-323, train_mse_loss-0.0003244, train_kl_loss-0.0000000, val_mse_loss-0.0003324, val_kl_loss-0.0000000
2025-03-05 16:07:38 - INFO - epoch-324, train_mse_loss-0.0003244, train_kl_loss-0.0000000, val_mse_loss-0.0003324, val_kl_loss-0.0000000
2025-03-05 16:07:44 - INFO - Saved new best model at epoch 324 with validation loss 0.0003324
2025-03-05 16:11:59 - INFO - epoch-325, train_mse_loss-0.0003244, train_kl_loss-0.0000000, val_mse_loss-0.0003326, val_kl_loss-0.0000000
2025-03-05 16:16:12 - INFO - epoch-326, train_mse_loss-0.0003244, train_kl_loss-0.0000000, val_mse_loss-0.0003326, val_kl_loss-0.0000000
2025-03-05 16:20:26 - INFO - epoch-327, train_mse_loss-0.0003244, train_kl_loss-0.0000000, val_mse_loss-0.0003326, val_kl_loss-0.0000000
2025-03-05 16:24:40 - INFO - epoch-328, train_mse_loss-0.0003244, train_kl_loss-0.0000000, val_mse_loss-0.0003325, val_kl_loss-0.0000000
2025-03-05 16:28:54 - INFO - epoch-329, train_mse_loss-0.0003244, train_kl_loss-0.0000000, val_mse_loss-0.0003323, val_kl_loss-0.0000000
2025-03-05 16:29:01 - INFO - Saved new best model at epoch 329 with validation loss 0.0003323
2025-03-05 16:33:15 - INFO - epoch-330, train_mse_loss-0.0003244, train_kl_loss-0.0000000, val_mse_loss-0.0003323, val_kl_loss-0.0000000
2025-03-05 16:37:30 - INFO - epoch-331, train_mse_loss-0.0003244, train_kl_loss-0.0000000, val_mse_loss-0.0003322, val_kl_loss-0.0000000
2025-03-05 16:37:36 - INFO - Saved new best model at epoch 331 with validation loss 0.0003322
2025-03-05 16:41:50 - INFO - epoch-332, train_mse_loss-0.0003244, train_kl_loss-0.0000000, val_mse_loss-0.0003318, val_kl_loss-0.0000000
2025-03-05 16:41:56 - INFO - Saved new best model at epoch 332 with validation loss 0.0003318
2025-03-05 16:46:10 - INFO - epoch-333, train_mse_loss-0.0003244, train_kl_loss-0.0000000, val_mse_loss-0.0003322, val_kl_loss-0.0000000
2025-03-05 16:50:28 - INFO - epoch-334, train_mse_loss-0.0003244, train_kl_loss-0.0000000, val_mse_loss-0.0003321, val_kl_loss-0.0000000
2025-03-05 16:54:41 - INFO - epoch-335, train_mse_loss-0.0003244, train_kl_loss-0.0000000, val_mse_loss-0.0003322, val_kl_loss-0.0000000
2025-03-05 16:58:55 - INFO - epoch-336, train_mse_loss-0.0003245, train_kl_loss-0.0000000, val_mse_loss-0.0003319, val_kl_loss-0.0000000
2025-03-05 17:03:08 - INFO - epoch-337, train_mse_loss-0.0003245, train_kl_loss-0.0000000, val_mse_loss-0.0003321, val_kl_loss-0.0000000
2025-03-05 17:07:25 - INFO - epoch-338, train_mse_loss-0.0003245, train_kl_loss-0.0000000, val_mse_loss-0.0003321, val_kl_loss-0.0000000
2025-03-05 17:11:38 - INFO - epoch-339, train_mse_loss-0.0003245, train_kl_loss-0.0000000, val_mse_loss-0.0003319, val_kl_loss-0.0000000
2025-03-05 17:15:54 - INFO - epoch-340, train_mse_loss-0.0003245, train_kl_loss-0.0000000, val_mse_loss-0.0003315, val_kl_loss-0.0000000
2025-03-05 17:16:00 - INFO - Saved new best model at epoch 340 with validation loss 0.0003315
2025-03-05 17:20:14 - INFO - epoch-341, train_mse_loss-0.0003245, train_kl_loss-0.0000000, val_mse_loss-0.0003319, val_kl_loss-0.0000000
2025-03-05 17:24:31 - INFO - epoch-342, train_mse_loss-0.0003245, train_kl_loss-0.0000000, val_mse_loss-0.0003315, val_kl_loss-0.0000000
2025-03-05 17:24:40 - INFO - Saved new best model at epoch 342 with validation loss 0.0003315
2025-03-05 17:28:54 - INFO - epoch-343, train_mse_loss-0.0003245, train_kl_loss-0.0000000, val_mse_loss-0.0003314, val_kl_loss-0.0000000
2025-03-05 17:29:06 - INFO - Saved new best model at epoch 343 with validation loss 0.0003314
2025-03-05 17:33:20 - INFO - epoch-344, train_mse_loss-0.0003245, train_kl_loss-0.0000000, val_mse_loss-0.0003314, val_kl_loss-0.0000000
2025-03-05 17:37:34 - INFO - epoch-345, train_mse_loss-0.0003245, train_kl_loss-0.0000000, val_mse_loss-0.0003311, val_kl_loss-0.0000000
2025-03-05 17:37:47 - INFO - Saved new best model at epoch 345 with validation loss 0.0003311
2025-03-05 17:42:02 - INFO - epoch-346, train_mse_loss-0.0003245, train_kl_loss-0.0000000, val_mse_loss-0.0003311, val_kl_loss-0.0000000
2025-03-05 17:42:08 - INFO - Saved new best model at epoch 346 with validation loss 0.0003311
2025-03-05 17:46:22 - INFO - epoch-347, train_mse_loss-0.0003245, train_kl_loss-0.0000000, val_mse_loss-0.0003310, val_kl_loss-0.0000000
2025-03-05 17:46:45 - INFO - Saved new best model at epoch 347 with validation loss 0.0003310
2025-03-05 17:50:58 - INFO - epoch-348, train_mse_loss-0.0003245, train_kl_loss-0.0000000, val_mse_loss-0.0003313, val_kl_loss-0.0000000
2025-03-05 17:55:12 - INFO - epoch-349, train_mse_loss-0.0003245, train_kl_loss-0.0000000, val_mse_loss-0.0003310, val_kl_loss-0.0000000
2025-03-05 17:59:26 - INFO - epoch-350, train_mse_loss-0.0003245, train_kl_loss-0.0000000, val_mse_loss-0.0003310, val_kl_loss-0.0000000
2025-03-05 18:03:45 - INFO - epoch-351, train_mse_loss-0.0003245, train_kl_loss-0.0000000, val_mse_loss-0.0003310, val_kl_loss-0.0000000
2025-03-05 18:03:57 - INFO - Saved new best model at epoch 351 with validation loss 0.0003310
2025-03-05 18:08:15 - INFO - epoch-352, train_mse_loss-0.0003245, train_kl_loss-0.0000000, val_mse_loss-0.0003311, val_kl_loss-0.0000000
2025-03-05 18:12:33 - INFO - epoch-353, train_mse_loss-0.0003245, train_kl_loss-0.0000000, val_mse_loss-0.0003311, val_kl_loss-0.0000000
2025-03-05 18:16:51 - INFO - epoch-354, train_mse_loss-0.0003245, train_kl_loss-0.0000000, val_mse_loss-0.0003310, val_kl_loss-0.0000000
2025-03-05 18:21:09 - INFO - epoch-355, train_mse_loss-0.0003245, train_kl_loss-0.0000000, val_mse_loss-0.0003313, val_kl_loss-0.0000000
2025-03-05 18:25:28 - INFO - epoch-356, train_mse_loss-0.0003245, train_kl_loss-0.0000000, val_mse_loss-0.0003308, val_kl_loss-0.0000000
2025-03-05 18:25:35 - INFO - Saved new best model at epoch 356 with validation loss 0.0003308
2025-03-05 18:29:55 - INFO - epoch-357, train_mse_loss-0.0003245, train_kl_loss-0.0000000, val_mse_loss-0.0003309, val_kl_loss-0.0000000
2025-03-05 18:34:13 - INFO - epoch-358, train_mse_loss-0.0003245, train_kl_loss-0.0000000, val_mse_loss-0.0003308, val_kl_loss-0.0000000
2025-03-05 18:34:19 - INFO - Saved new best model at epoch 358 with validation loss 0.0003308
2025-03-05 18:38:52 - INFO - epoch-359, train_mse_loss-0.0003245, train_kl_loss-0.0000000, val_mse_loss-0.0003309, val_kl_loss-0.0000000
2025-03-05 18:43:14 - INFO - epoch-360, train_mse_loss-0.0003245, train_kl_loss-0.0000000, val_mse_loss-0.0003307, val_kl_loss-0.0000000
2025-03-05 18:43:20 - INFO - Saved new best model at epoch 360 with validation loss 0.0003307
2025-03-05 18:47:52 - INFO - epoch-361, train_mse_loss-0.0003245, train_kl_loss-0.0000000, val_mse_loss-0.0003309, val_kl_loss-0.0000000
2025-03-05 18:52:37 - INFO - epoch-362, train_mse_loss-0.0003245, train_kl_loss-0.0000000, val_mse_loss-0.0003307, val_kl_loss-0.0000000
2025-03-05 18:59:09 - INFO - epoch-363, train_mse_loss-0.0003245, train_kl_loss-0.0000000, val_mse_loss-0.0003309, val_kl_loss-0.0000000
2025-03-05 19:05:03 - INFO - epoch-364, train_mse_loss-0.0003245, train_kl_loss-0.0000000, val_mse_loss-0.0003309, val_kl_loss-0.0000000
2025-03-05 19:10:05 - INFO - epoch-365, train_mse_loss-0.0003245, train_kl_loss-0.0000000, val_mse_loss-0.0003307, val_kl_loss-0.0000000
2025-03-05 19:10:12 - INFO - Saved new best model at epoch 365 with validation loss 0.0003307
2025-03-05 19:14:59 - INFO - epoch-366, train_mse_loss-0.0003245, train_kl_loss-0.0000000, val_mse_loss-0.0003307, val_kl_loss-0.0000000
2025-03-05 19:19:49 - INFO - epoch-367, train_mse_loss-0.0003245, train_kl_loss-0.0000000, val_mse_loss-0.0003308, val_kl_loss-0.0000000
2025-03-05 19:24:08 - INFO - epoch-368, train_mse_loss-0.0003245, train_kl_loss-0.0000000, val_mse_loss-0.0003304, val_kl_loss-0.0000000
2025-03-05 19:24:14 - INFO - Saved new best model at epoch 368 with validation loss 0.0003304
2025-03-05 19:28:33 - INFO - epoch-369, train_mse_loss-0.0003245, train_kl_loss-0.0000000, val_mse_loss-0.0003304, val_kl_loss-0.0000000
2025-03-05 19:28:39 - INFO - Saved new best model at epoch 369 with validation loss 0.0003304
2025-03-05 19:32:59 - INFO - epoch-370, train_mse_loss-0.0003245, train_kl_loss-0.0000000, val_mse_loss-0.0003305, val_kl_loss-0.0000000
2025-03-05 19:37:21 - INFO - epoch-371, train_mse_loss-0.0003245, train_kl_loss-0.0000000, val_mse_loss-0.0003306, val_kl_loss-0.0000000
2025-03-05 19:41:40 - INFO - epoch-372, train_mse_loss-0.0003245, train_kl_loss-0.0000000, val_mse_loss-0.0003303, val_kl_loss-0.0000000
2025-03-05 19:41:46 - INFO - Saved new best model at epoch 372 with validation loss 0.0003303
2025-03-05 19:46:05 - INFO - epoch-373, train_mse_loss-0.0003245, train_kl_loss-0.0000000, val_mse_loss-0.0003305, val_kl_loss-0.0000000
2025-03-05 19:50:23 - INFO - epoch-374, train_mse_loss-0.0003245, train_kl_loss-0.0000000, val_mse_loss-0.0003306, val_kl_loss-0.0000000
2025-03-05 19:54:45 - INFO - epoch-375, train_mse_loss-0.0003246, train_kl_loss-0.0000000, val_mse_loss-0.0003303, val_kl_loss-0.0000000
2025-03-05 19:59:05 - INFO - epoch-376, train_mse_loss-0.0003246, train_kl_loss-0.0000000, val_mse_loss-0.0003304, val_kl_loss-0.0000000
2025-03-05 20:03:25 - INFO - epoch-377, train_mse_loss-0.0003246, train_kl_loss-0.0000000, val_mse_loss-0.0003303, val_kl_loss-0.0000000
2025-03-05 20:07:44 - INFO - epoch-378, train_mse_loss-0.0003246, train_kl_loss-0.0000000, val_mse_loss-0.0003302, val_kl_loss-0.0000000
2025-03-05 20:07:50 - INFO - Saved new best model at epoch 378 with validation loss 0.0003302
2025-03-05 20:12:08 - INFO - epoch-379, train_mse_loss-0.0003246, train_kl_loss-0.0000000, val_mse_loss-0.0003303, val_kl_loss-0.0000000
2025-03-05 20:16:27 - INFO - epoch-380, train_mse_loss-0.0003246, train_kl_loss-0.0000000, val_mse_loss-0.0003304, val_kl_loss-0.0000000
2025-03-05 20:20:47 - INFO - epoch-381, train_mse_loss-0.0003246, train_kl_loss-0.0000000, val_mse_loss-0.0003305, val_kl_loss-0.0000000
2025-03-05 20:25:05 - INFO - epoch-382, train_mse_loss-0.0003246, train_kl_loss-0.0000000, val_mse_loss-0.0003304, val_kl_loss-0.0000000
2025-03-05 20:29:24 - INFO - epoch-383, train_mse_loss-0.0003246, train_kl_loss-0.0000000, val_mse_loss-0.0003302, val_kl_loss-0.0000000
2025-03-05 20:29:30 - INFO - Saved new best model at epoch 383 with validation loss 0.0003302
2025-03-05 20:33:48 - INFO - epoch-384, train_mse_loss-0.0003246, train_kl_loss-0.0000000, val_mse_loss-0.0003303, val_kl_loss-0.0000000
2025-03-05 20:38:06 - INFO - epoch-385, train_mse_loss-0.0003246, train_kl_loss-0.0000000, val_mse_loss-0.0003305, val_kl_loss-0.0000000
2025-03-05 20:42:24 - INFO - epoch-386, train_mse_loss-0.0003246, train_kl_loss-0.0000000, val_mse_loss-0.0003303, val_kl_loss-0.0000000
2025-03-05 20:46:42 - INFO - epoch-387, train_mse_loss-0.0003246, train_kl_loss-0.0000000, val_mse_loss-0.0003303, val_kl_loss-0.0000000
2025-03-05 20:51:02 - INFO - epoch-388, train_mse_loss-0.0003246, train_kl_loss-0.0000000, val_mse_loss-0.0003305, val_kl_loss-0.0000000
2025-03-05 20:55:20 - INFO - epoch-389, train_mse_loss-0.0003246, train_kl_loss-0.0000000, val_mse_loss-0.0003306, val_kl_loss-0.0000000
2025-03-05 20:59:39 - INFO - epoch-390, train_mse_loss-0.0003246, train_kl_loss-0.0000000, val_mse_loss-0.0003306, val_kl_loss-0.0000000
2025-03-05 21:03:57 - INFO - epoch-391, train_mse_loss-0.0003246, train_kl_loss-0.0000000, val_mse_loss-0.0003304, val_kl_loss-0.0000000
2025-03-05 21:08:15 - INFO - epoch-392, train_mse_loss-0.0003246, train_kl_loss-0.0000000, val_mse_loss-0.0003308, val_kl_loss-0.0000000
2025-03-05 21:12:36 - INFO - epoch-393, train_mse_loss-0.0003246, train_kl_loss-0.0000000, val_mse_loss-0.0003307, val_kl_loss-0.0000000
2025-03-05 21:16:52 - INFO - epoch-394, train_mse_loss-0.0003246, train_kl_loss-0.0000000, val_mse_loss-0.0003307, val_kl_loss-0.0000000
2025-03-05 21:21:11 - INFO - epoch-395, train_mse_loss-0.0003246, train_kl_loss-0.0000000, val_mse_loss-0.0003306, val_kl_loss-0.0000000
2025-03-05 21:25:30 - INFO - epoch-396, train_mse_loss-0.0003246, train_kl_loss-0.0000000, val_mse_loss-0.0003308, val_kl_loss-0.0000000
2025-03-05 21:29:48 - INFO - epoch-397, train_mse_loss-0.0003246, train_kl_loss-0.0000000, val_mse_loss-0.0003305, val_kl_loss-0.0000000
2025-03-05 21:34:08 - INFO - epoch-398, train_mse_loss-0.0003246, train_kl_loss-0.0000000, val_mse_loss-0.0003309, val_kl_loss-0.0000000
2025-03-05 21:38:26 - INFO - epoch-399, train_mse_loss-0.0003246, train_kl_loss-0.0000000, val_mse_loss-0.0003306, val_kl_loss-0.0000000
2025-03-05 21:42:45 - INFO - epoch-400, train_mse_loss-0.0003246, train_kl_loss-0.0000000, val_mse_loss-0.0003310, val_kl_loss-0.0000000
2025-03-05 21:47:03 - INFO - epoch-401, train_mse_loss-0.0003246, train_kl_loss-0.0000000, val_mse_loss-0.0003307, val_kl_loss-0.0000000
2025-03-05 21:51:21 - INFO - epoch-402, train_mse_loss-0.0003246, train_kl_loss-0.0000000, val_mse_loss-0.0003308, val_kl_loss-0.0000000
2025-03-05 21:55:39 - INFO - epoch-403, train_mse_loss-0.0003246, train_kl_loss-0.0000000, val_mse_loss-0.0003307, val_kl_loss-0.0000000
2025-03-05 21:59:56 - INFO - epoch-404, train_mse_loss-0.0003246, train_kl_loss-0.0000000, val_mse_loss-0.0003309, val_kl_loss-0.0000000
2025-03-05 22:04:14 - INFO - epoch-405, train_mse_loss-0.0003246, train_kl_loss-0.0000000, val_mse_loss-0.0003306, val_kl_loss-0.0000000
2025-03-05 22:08:34 - INFO - epoch-406, train_mse_loss-0.0003246, train_kl_loss-0.0000000, val_mse_loss-0.0003305, val_kl_loss-0.0000000
2025-03-05 22:12:53 - INFO - epoch-407, train_mse_loss-0.0003246, train_kl_loss-0.0000000, val_mse_loss-0.0003308, val_kl_loss-0.0000000
2025-03-05 22:17:12 - INFO - epoch-408, train_mse_loss-0.0003246, train_kl_loss-0.0000000, val_mse_loss-0.0003307, val_kl_loss-0.0000000
2025-03-05 22:21:33 - INFO - epoch-409, train_mse_loss-0.0003246, train_kl_loss-0.0000000, val_mse_loss-0.0003308, val_kl_loss-0.0000000
2025-03-05 22:25:51 - INFO - epoch-410, train_mse_loss-0.0003246, train_kl_loss-0.0000000, val_mse_loss-0.0003307, val_kl_loss-0.0000000
2025-03-05 22:30:07 - INFO - epoch-411, train_mse_loss-0.0003246, train_kl_loss-0.0000000, val_mse_loss-0.0003308, val_kl_loss-0.0000000
2025-03-05 22:34:23 - INFO - epoch-412, train_mse_loss-0.0003246, train_kl_loss-0.0000000, val_mse_loss-0.0003307, val_kl_loss-0.0000000
2025-03-05 22:38:38 - INFO - epoch-413, train_mse_loss-0.0003246, train_kl_loss-0.0000000, val_mse_loss-0.0003307, val_kl_loss-0.0000000
2025-03-05 22:42:58 - INFO - epoch-414, train_mse_loss-0.0003246, train_kl_loss-0.0000000, val_mse_loss-0.0003305, val_kl_loss-0.0000000
2025-03-05 22:47:15 - INFO - epoch-415, train_mse_loss-0.0003246, train_kl_loss-0.0000000, val_mse_loss-0.0003305, val_kl_loss-0.0000000
2025-03-05 22:51:36 - INFO - epoch-416, train_mse_loss-0.0003246, train_kl_loss-0.0000000, val_mse_loss-0.0003306, val_kl_loss-0.0000000
2025-03-05 22:55:54 - INFO - epoch-417, train_mse_loss-0.0003246, train_kl_loss-0.0000000, val_mse_loss-0.0003307, val_kl_loss-0.0000000
2025-03-05 23:00:14 - INFO - epoch-418, train_mse_loss-0.0003246, train_kl_loss-0.0000000, val_mse_loss-0.0003307, val_kl_loss-0.0000000
2025-03-05 23:04:35 - INFO - epoch-419, train_mse_loss-0.0003246, train_kl_loss-0.0000000, val_mse_loss-0.0003307, val_kl_loss-0.0000000
2025-03-05 23:08:54 - INFO - epoch-420, train_mse_loss-0.0003246, train_kl_loss-0.0000000, val_mse_loss-0.0003309, val_kl_loss-0.0000000
2025-03-05 23:13:11 - INFO - epoch-421, train_mse_loss-0.0003246, train_kl_loss-0.0000000, val_mse_loss-0.0003308, val_kl_loss-0.0000000
2025-03-05 23:17:30 - INFO - epoch-422, train_mse_loss-0.0003246, train_kl_loss-0.0000000, val_mse_loss-0.0003307, val_kl_loss-0.0000000
2025-03-05 23:21:51 - INFO - epoch-423, train_mse_loss-0.0003246, train_kl_loss-0.0000000, val_mse_loss-0.0003307, val_kl_loss-0.0000000
2025-03-05 23:26:09 - INFO - epoch-424, train_mse_loss-0.0003246, train_kl_loss-0.0000000, val_mse_loss-0.0003307, val_kl_loss-0.0000000
2025-03-05 23:30:27 - INFO - epoch-425, train_mse_loss-0.0003246, train_kl_loss-0.0000000, val_mse_loss-0.0003304, val_kl_loss-0.0000000
2025-03-05 23:34:45 - INFO - epoch-426, train_mse_loss-0.0003246, train_kl_loss-0.0000000, val_mse_loss-0.0003306, val_kl_loss-0.0000000
2025-03-05 23:39:05 - INFO - epoch-427, train_mse_loss-0.0003246, train_kl_loss-0.0000000, val_mse_loss-0.0003308, val_kl_loss-0.0000000
2025-03-05 23:43:23 - INFO - epoch-428, train_mse_loss-0.0003246, train_kl_loss-0.0000000, val_mse_loss-0.0003308, val_kl_loss-0.0000000
2025-03-05 23:47:42 - INFO - epoch-429, train_mse_loss-0.0003246, train_kl_loss-0.0000000, val_mse_loss-0.0003306, val_kl_loss-0.0000000
2025-03-05 23:52:02 - INFO - epoch-430, train_mse_loss-0.0003246, train_kl_loss-0.0000000, val_mse_loss-0.0003306, val_kl_loss-0.0000000
2025-03-05 23:56:19 - INFO - epoch-431, train_mse_loss-0.0003246, train_kl_loss-0.0000000, val_mse_loss-0.0003306, val_kl_loss-0.0000000
2025-03-06 00:00:38 - INFO - epoch-432, train_mse_loss-0.0003246, train_kl_loss-0.0000000, val_mse_loss-0.0003307, val_kl_loss-0.0000000
2025-03-06 00:04:56 - INFO - epoch-433, train_mse_loss-0.0003246, train_kl_loss-0.0000000, val_mse_loss-0.0003306, val_kl_loss-0.0000000
2025-03-06 00:09:15 - INFO - epoch-434, train_mse_loss-0.0003246, train_kl_loss-0.0000000, val_mse_loss-0.0003304, val_kl_loss-0.0000000
2025-03-06 00:13:32 - INFO - epoch-435, train_mse_loss-0.0003246, train_kl_loss-0.0000000, val_mse_loss-0.0003306, val_kl_loss-0.0000000
2025-03-06 00:17:50 - INFO - epoch-436, train_mse_loss-0.0003246, train_kl_loss-0.0000000, val_mse_loss-0.0003305, val_kl_loss-0.0000000
2025-03-06 00:22:07 - INFO - epoch-437, train_mse_loss-0.0003246, train_kl_loss-0.0000000, val_mse_loss-0.0003307, val_kl_loss-0.0000000
2025-03-06 00:26:27 - INFO - epoch-438, train_mse_loss-0.0003246, train_kl_loss-0.0000000, val_mse_loss-0.0003304, val_kl_loss-0.0000000
2025-03-06 00:30:45 - INFO - epoch-439, train_mse_loss-0.0003246, train_kl_loss-0.0000000, val_mse_loss-0.0003305, val_kl_loss-0.0000000
2025-03-06 00:35:02 - INFO - epoch-440, train_mse_loss-0.0003246, train_kl_loss-0.0000000, val_mse_loss-0.0003305, val_kl_loss-0.0000000
2025-03-06 00:39:18 - INFO - epoch-441, train_mse_loss-0.0003246, train_kl_loss-0.0000000, val_mse_loss-0.0003304, val_kl_loss-0.0000000
2025-03-06 00:43:35 - INFO - epoch-442, train_mse_loss-0.0003246, train_kl_loss-0.0000000, val_mse_loss-0.0003305, val_kl_loss-0.0000000
2025-03-06 00:47:53 - INFO - epoch-443, train_mse_loss-0.0003246, train_kl_loss-0.0000000, val_mse_loss-0.0003306, val_kl_loss-0.0000000
2025-03-06 00:52:15 - INFO - epoch-444, train_mse_loss-0.0003246, train_kl_loss-0.0000000, val_mse_loss-0.0003304, val_kl_loss-0.0000000
2025-03-06 00:56:33 - INFO - epoch-445, train_mse_loss-0.0003246, train_kl_loss-0.0000000, val_mse_loss-0.0003305, val_kl_loss-0.0000000
2025-03-06 01:00:50 - INFO - epoch-446, train_mse_loss-0.0003246, train_kl_loss-0.0000000, val_mse_loss-0.0003307, val_kl_loss-0.0000000
2025-03-06 01:05:11 - INFO - epoch-447, train_mse_loss-0.0003246, train_kl_loss-0.0000000, val_mse_loss-0.0003306, val_kl_loss-0.0000000
2025-03-06 01:09:33 - INFO - epoch-448, train_mse_loss-0.0003246, train_kl_loss-0.0000000, val_mse_loss-0.0003304, val_kl_loss-0.0000000
2025-03-06 01:13:53 - INFO - epoch-449, train_mse_loss-0.0003246, train_kl_loss-0.0000000, val_mse_loss-0.0003304, val_kl_loss-0.0000000
2025-03-06 01:18:10 - INFO - epoch-450, train_mse_loss-0.0003246, train_kl_loss-0.0000000, val_mse_loss-0.0003304, val_kl_loss-0.0000000
2025-03-06 01:22:27 - INFO - epoch-451, train_mse_loss-0.0003246, train_kl_loss-0.0000000, val_mse_loss-0.0003306, val_kl_loss-0.0000000
2025-03-06 01:26:46 - INFO - epoch-452, train_mse_loss-0.0003246, train_kl_loss-0.0000000, val_mse_loss-0.0003305, val_kl_loss-0.0000000
2025-03-06 01:31:05 - INFO - epoch-453, train_mse_loss-0.0003246, train_kl_loss-0.0000000, val_mse_loss-0.0003305, val_kl_loss-0.0000000
2025-03-06 01:35:24 - INFO - epoch-454, train_mse_loss-0.0003246, train_kl_loss-0.0000000, val_mse_loss-0.0003306, val_kl_loss-0.0000000
2025-03-06 01:39:40 - INFO - epoch-455, train_mse_loss-0.0003246, train_kl_loss-0.0000000, val_mse_loss-0.0003306, val_kl_loss-0.0000000
2025-03-06 01:43:59 - INFO - epoch-456, train_mse_loss-0.0003246, train_kl_loss-0.0000000, val_mse_loss-0.0003304, val_kl_loss-0.0000000
2025-03-06 01:48:16 - INFO - epoch-457, train_mse_loss-0.0003246, train_kl_loss-0.0000000, val_mse_loss-0.0003306, val_kl_loss-0.0000000
2025-03-06 01:52:35 - INFO - epoch-458, train_mse_loss-0.0003246, train_kl_loss-0.0000000, val_mse_loss-0.0003305, val_kl_loss-0.0000000
2025-03-06 01:56:53 - INFO - epoch-459, train_mse_loss-0.0003246, train_kl_loss-0.0000000, val_mse_loss-0.0003305, val_kl_loss-0.0000000
2025-03-06 02:01:13 - INFO - epoch-460, train_mse_loss-0.0003246, train_kl_loss-0.0000000, val_mse_loss-0.0003305, val_kl_loss-0.0000000
2025-03-06 02:05:32 - INFO - epoch-461, train_mse_loss-0.0003246, train_kl_loss-0.0000000, val_mse_loss-0.0003305, val_kl_loss-0.0000000
2025-03-06 02:09:50 - INFO - epoch-462, train_mse_loss-0.0003246, train_kl_loss-0.0000000, val_mse_loss-0.0003305, val_kl_loss-0.0000000
2025-03-06 02:14:10 - INFO - epoch-463, train_mse_loss-0.0003246, train_kl_loss-0.0000000, val_mse_loss-0.0003305, val_kl_loss-0.0000000
2025-03-06 02:18:28 - INFO - epoch-464, train_mse_loss-0.0003246, train_kl_loss-0.0000000, val_mse_loss-0.0003305, val_kl_loss-0.0000000
2025-03-06 02:22:48 - INFO - epoch-465, train_mse_loss-0.0003246, train_kl_loss-0.0000000, val_mse_loss-0.0003303, val_kl_loss-0.0000000
2025-03-06 02:27:08 - INFO - epoch-466, train_mse_loss-0.0003246, train_kl_loss-0.0000000, val_mse_loss-0.0003303, val_kl_loss-0.0000000
2025-03-06 02:31:26 - INFO - epoch-467, train_mse_loss-0.0003246, train_kl_loss-0.0000000, val_mse_loss-0.0003306, val_kl_loss-0.0000000
2025-03-06 02:35:46 - INFO - epoch-468, train_mse_loss-0.0003246, train_kl_loss-0.0000000, val_mse_loss-0.0003306, val_kl_loss-0.0000000
2025-03-06 02:40:05 - INFO - epoch-469, train_mse_loss-0.0003246, train_kl_loss-0.0000000, val_mse_loss-0.0003305, val_kl_loss-0.0000000
2025-03-06 02:44:23 - INFO - epoch-470, train_mse_loss-0.0003246, train_kl_loss-0.0000000, val_mse_loss-0.0003304, val_kl_loss-0.0000000
2025-03-06 02:48:43 - INFO - epoch-471, train_mse_loss-0.0003246, train_kl_loss-0.0000000, val_mse_loss-0.0003304, val_kl_loss-0.0000000
2025-03-06 02:53:02 - INFO - epoch-472, train_mse_loss-0.0003246, train_kl_loss-0.0000000, val_mse_loss-0.0003303, val_kl_loss-0.0000000
2025-03-06 02:57:23 - INFO - epoch-473, train_mse_loss-0.0003246, train_kl_loss-0.0000000, val_mse_loss-0.0003304, val_kl_loss-0.0000000
2025-03-06 03:01:41 - INFO - epoch-474, train_mse_loss-0.0003246, train_kl_loss-0.0000000, val_mse_loss-0.0003306, val_kl_loss-0.0000000
2025-03-06 03:05:58 - INFO - epoch-475, train_mse_loss-0.0003246, train_kl_loss-0.0000000, val_mse_loss-0.0003304, val_kl_loss-0.0000000
2025-03-06 03:10:15 - INFO - epoch-476, train_mse_loss-0.0003246, train_kl_loss-0.0000000, val_mse_loss-0.0003304, val_kl_loss-0.0000000
2025-03-06 03:14:33 - INFO - epoch-477, train_mse_loss-0.0003246, train_kl_loss-0.0000000, val_mse_loss-0.0003305, val_kl_loss-0.0000000
2025-03-06 03:18:54 - INFO - epoch-478, train_mse_loss-0.0003246, train_kl_loss-0.0000000, val_mse_loss-0.0003307, val_kl_loss-0.0000000
2025-03-06 03:23:13 - INFO - epoch-479, train_mse_loss-0.0003246, train_kl_loss-0.0000000, val_mse_loss-0.0003306, val_kl_loss-0.0000000
2025-03-06 03:27:29 - INFO - epoch-480, train_mse_loss-0.0003246, train_kl_loss-0.0000000, val_mse_loss-0.0003305, val_kl_loss-0.0000000
2025-03-06 03:31:47 - INFO - epoch-481, train_mse_loss-0.0003246, train_kl_loss-0.0000000, val_mse_loss-0.0003304, val_kl_loss-0.0000000
2025-03-06 03:36:05 - INFO - epoch-482, train_mse_loss-0.0003246, train_kl_loss-0.0000000, val_mse_loss-0.0003305, val_kl_loss-0.0000000
2025-03-06 03:40:26 - INFO - epoch-483, train_mse_loss-0.0003246, train_kl_loss-0.0000000, val_mse_loss-0.0003307, val_kl_loss-0.0000000
2025-03-06 03:44:45 - INFO - epoch-484, train_mse_loss-0.0003246, train_kl_loss-0.0000000, val_mse_loss-0.0003302, val_kl_loss-0.0000000
2025-03-06 03:44:51 - INFO - Saved new best model at epoch 484 with validation loss 0.0003302
2025-03-06 03:49:08 - INFO - epoch-485, train_mse_loss-0.0003246, train_kl_loss-0.0000000, val_mse_loss-0.0003303, val_kl_loss-0.0000000
2025-03-06 03:53:25 - INFO - epoch-486, train_mse_loss-0.0003246, train_kl_loss-0.0000000, val_mse_loss-0.0003306, val_kl_loss-0.0000000
2025-03-06 03:57:45 - INFO - epoch-487, train_mse_loss-0.0003246, train_kl_loss-0.0000000, val_mse_loss-0.0003304, val_kl_loss-0.0000000
2025-03-06 04:02:03 - INFO - epoch-488, train_mse_loss-0.0003246, train_kl_loss-0.0000000, val_mse_loss-0.0003302, val_kl_loss-0.0000000
2025-03-06 04:06:22 - INFO - epoch-489, train_mse_loss-0.0003246, train_kl_loss-0.0000000, val_mse_loss-0.0003305, val_kl_loss-0.0000000
2025-03-06 04:10:43 - INFO - epoch-490, train_mse_loss-0.0003246, train_kl_loss-0.0000000, val_mse_loss-0.0003304, val_kl_loss-0.0000000
2025-03-06 04:15:00 - INFO - epoch-491, train_mse_loss-0.0003246, train_kl_loss-0.0000000, val_mse_loss-0.0003304, val_kl_loss-0.0000000
2025-03-06 04:19:18 - INFO - epoch-492, train_mse_loss-0.0003246, train_kl_loss-0.0000000, val_mse_loss-0.0003304, val_kl_loss-0.0000000
2025-03-06 04:23:36 - INFO - epoch-493, train_mse_loss-0.0003246, train_kl_loss-0.0000000, val_mse_loss-0.0003304, val_kl_loss-0.0000000
2025-03-06 04:27:54 - INFO - epoch-494, train_mse_loss-0.0003246, train_kl_loss-0.0000000, val_mse_loss-0.0003303, val_kl_loss-0.0000000
2025-03-06 04:32:12 - INFO - epoch-495, train_mse_loss-0.0003246, train_kl_loss-0.0000000, val_mse_loss-0.0003304, val_kl_loss-0.0000000
2025-03-06 04:36:31 - INFO - epoch-496, train_mse_loss-0.0003246, train_kl_loss-0.0000000, val_mse_loss-0.0003303, val_kl_loss-0.0000000
2025-03-06 04:40:48 - INFO - epoch-497, train_mse_loss-0.0003246, train_kl_loss-0.0000000, val_mse_loss-0.0003304, val_kl_loss-0.0000000
2025-03-06 04:45:06 - INFO - epoch-498, train_mse_loss-0.0003246, train_kl_loss-0.0000000, val_mse_loss-0.0003303, val_kl_loss-0.0000000
2025-03-06 04:49:25 - INFO - epoch-499, train_mse_loss-0.0003246, train_kl_loss-0.0000000, val_mse_loss-0.0003303, val_kl_loss-0.0000000
