2025-01-06 16:10:35 - INFO - /proj/berzelius-2022-haloi/users/x_elima/CryoLigate_GIGN_Unet/train_example_berzilius.py
2025-01-06 16:10:35 - INFO - train data: 16027
2025-01-06 16:10:35 - INFO - train unqiue data: 16027
2025-01-06 16:10:35 - INFO - valid data: 1781
2025-01-06 16:10:35 - INFO - valid unqiue data: 1781
2025-01-06 16:18:00 - INFO - epoch-0, train_loss-0.0019757, val_loss-0.0328517
2025-01-06 16:24:53 - INFO - epoch-1, train_loss-0.0004502, val_loss-0.0164000
2025-01-06 16:31:49 - INFO - epoch-2, train_loss-0.0004380, val_loss-0.0113780
2025-01-06 16:31:51 - INFO - Saved new best model at epoch 2 with validation loss 0.0113780
2025-01-06 16:38:43 - INFO - epoch-3, train_loss-0.0004334, val_loss-0.0088067
2025-01-06 16:38:45 - INFO - Saved new best model at epoch 3 with validation loss 0.0088067
2025-01-06 16:45:39 - INFO - epoch-4, train_loss-0.0004311, val_loss-0.0071313
2025-01-06 16:45:41 - INFO - Saved new best model at epoch 4 with validation loss 0.0071313
2025-01-06 16:52:34 - INFO - epoch-5, train_loss-0.0004295, val_loss-0.0062262
2025-01-06 16:52:37 - INFO - Saved new best model at epoch 5 with validation loss 0.0062262
2025-01-06 16:59:28 - INFO - epoch-6, train_loss-0.0004274, val_loss-0.0058086
2025-01-06 16:59:31 - INFO - Saved new best model at epoch 6 with validation loss 0.0058086
2025-01-06 17:06:25 - INFO - epoch-7, train_loss-0.0004255, val_loss-0.0051265
2025-01-06 17:06:28 - INFO - Saved new best model at epoch 7 with validation loss 0.0051265
2025-01-06 17:13:22 - INFO - epoch-8, train_loss-0.0004240, val_loss-0.0042350
2025-01-06 17:13:25 - INFO - Saved new best model at epoch 8 with validation loss 0.0042350
2025-01-06 17:20:19 - INFO - epoch-9, train_loss-0.0004229, val_loss-0.0041145
2025-01-06 17:20:23 - INFO - Saved new best model at epoch 9 with validation loss 0.0041145
2025-01-06 17:27:18 - INFO - epoch-10, train_loss-0.0004299, val_loss-0.0021169
2025-01-06 17:27:21 - INFO - Saved new best model at epoch 10 with validation loss 0.0021169
2025-01-06 17:34:15 - INFO - epoch-11, train_loss-0.0004203, val_loss-0.0018883
2025-01-06 17:34:17 - INFO - Saved new best model at epoch 11 with validation loss 0.0018883
2025-01-06 17:41:11 - INFO - epoch-12, train_loss-0.0004200, val_loss-0.0016379
2025-01-06 17:41:14 - INFO - Saved new best model at epoch 12 with validation loss 0.0016379
2025-01-06 17:48:07 - INFO - epoch-13, train_loss-0.0004196, val_loss-0.0014645
2025-01-06 17:48:09 - INFO - Saved new best model at epoch 13 with validation loss 0.0014645
2025-01-06 17:55:04 - INFO - epoch-14, train_loss-0.0004190, val_loss-0.0016114
2025-01-06 18:02:00 - INFO - epoch-15, train_loss-0.0004191, val_loss-0.0016223
2025-01-06 18:08:57 - INFO - epoch-16, train_loss-0.0004188, val_loss-0.0015617
2025-01-06 18:15:53 - INFO - epoch-17, train_loss-0.0004181, val_loss-0.0016888
2025-01-06 18:22:48 - INFO - epoch-18, train_loss-0.0004187, val_loss-0.0011734
2025-01-06 18:22:51 - INFO - Saved new best model at epoch 18 with validation loss 0.0011734
2025-01-06 18:29:47 - INFO - epoch-19, train_loss-0.0004179, val_loss-0.0013164
2025-01-06 18:36:40 - INFO - epoch-20, train_loss-0.0004184, val_loss-0.0013324
2025-01-06 18:43:33 - INFO - epoch-21, train_loss-0.0004183, val_loss-0.0011638
2025-01-06 18:43:35 - INFO - Saved new best model at epoch 21 with validation loss 0.0011638
2025-01-06 18:50:28 - INFO - epoch-22, train_loss-0.0004183, val_loss-0.0010935
2025-01-06 18:50:31 - INFO - Saved new best model at epoch 22 with validation loss 0.0010935
2025-01-06 18:57:25 - INFO - epoch-23, train_loss-0.0004187, val_loss-0.0005948
2025-01-06 18:57:27 - INFO - Saved new best model at epoch 23 with validation loss 0.0005948
2025-01-06 19:04:19 - INFO - epoch-24, train_loss-0.0004195, val_loss-0.0009493
2025-01-06 19:11:12 - INFO - epoch-25, train_loss-0.0004191, val_loss-0.0009452
2025-01-06 19:18:03 - INFO - epoch-26, train_loss-0.0004191, val_loss-0.0006431
2025-01-06 19:24:55 - INFO - epoch-27, train_loss-0.0004188, val_loss-0.0008456
2025-01-06 19:31:51 - INFO - epoch-28, train_loss-0.0004185, val_loss-0.0009970
2025-01-06 19:38:43 - INFO - epoch-29, train_loss-0.0004190, val_loss-0.0011633
2025-01-06 19:45:36 - INFO - epoch-30, train_loss-0.0004184, val_loss-0.0013067
2025-01-06 19:52:28 - INFO - epoch-31, train_loss-0.0004189, val_loss-0.0019343
2025-01-06 19:59:19 - INFO - epoch-32, train_loss-0.0004179, val_loss-0.0011670
2025-01-06 20:06:11 - INFO - epoch-33, train_loss-0.0004168, val_loss-0.0006874
2025-01-06 20:13:02 - INFO - epoch-34, train_loss-0.0004163, val_loss-0.0009198
2025-01-06 20:19:53 - INFO - epoch-35, train_loss-0.0004166, val_loss-0.0005978
2025-01-06 20:26:44 - INFO - epoch-36, train_loss-0.0004159, val_loss-0.0004709
2025-01-06 20:26:46 - INFO - Saved new best model at epoch 36 with validation loss 0.0004709
2025-01-06 20:33:38 - INFO - epoch-37, train_loss-0.0004156, val_loss-0.0004725
2025-01-06 20:40:30 - INFO - epoch-38, train_loss-0.0004206, val_loss-0.0008560
2025-01-06 20:47:22 - INFO - epoch-39, train_loss-0.0004148, val_loss-0.0020704
2025-01-06 20:54:12 - INFO - epoch-40, train_loss-0.0004143, val_loss-0.0010237
2025-01-06 21:01:04 - INFO - epoch-41, train_loss-0.0004143, val_loss-0.0005488
2025-01-06 21:07:56 - INFO - epoch-42, train_loss-0.0004148, val_loss-0.0005277
2025-01-06 21:14:48 - INFO - epoch-43, train_loss-0.0004141, val_loss-0.0009825
2025-01-06 21:21:40 - INFO - epoch-44, train_loss-0.0004263, val_loss-0.0006807
2025-01-06 21:28:38 - INFO - epoch-45, train_loss-0.0006738, val_loss-0.0006818
2025-01-06 21:35:34 - INFO - epoch-46, train_loss-0.0006739, val_loss-0.0006827
2025-01-06 21:42:27 - INFO - epoch-47, train_loss-0.0006739, val_loss-0.0006818
2025-01-06 21:49:21 - INFO - epoch-48, train_loss-0.0006739, val_loss-0.0006818
2025-01-06 21:56:15 - INFO - epoch-49, train_loss-0.0006739, val_loss-0.0006818
2025-01-06 22:03:08 - INFO - epoch-50, train_loss-0.0006739, val_loss-0.0006825
2025-01-06 22:10:03 - INFO - epoch-51, train_loss-0.0007050, val_loss-0.0006818
2025-01-06 22:16:55 - INFO - epoch-52, train_loss-0.0006739, val_loss-0.0006818
2025-01-06 22:23:48 - INFO - epoch-53, train_loss-0.0006739, val_loss-0.0006818
2025-01-06 22:30:42 - INFO - epoch-54, train_loss-0.0006739, val_loss-0.0006818
2025-01-06 22:37:35 - INFO - epoch-55, train_loss-0.0006739, val_loss-0.0006818
2025-01-06 22:44:28 - INFO - epoch-56, train_loss-0.0006739, val_loss-0.0006818
2025-01-06 22:51:23 - INFO - epoch-57, train_loss-0.0006739, val_loss-0.0006818
2025-01-06 22:58:25 - INFO - epoch-58, train_loss-0.0006739, val_loss-0.0006818
2025-01-06 23:05:46 - INFO - epoch-59, train_loss-0.0006739, val_loss-0.0006818
2025-01-06 23:12:39 - INFO - epoch-60, train_loss-0.0006739, val_loss-0.0006818
2025-01-06 23:19:32 - INFO - epoch-61, train_loss-0.0006739, val_loss-0.0006818
2025-01-06 23:26:26 - INFO - epoch-62, train_loss-0.0006739, val_loss-0.0006818
2025-01-06 23:33:18 - INFO - epoch-63, train_loss-0.0006739, val_loss-0.0006818
2025-01-06 23:40:10 - INFO - epoch-64, train_loss-0.0006739, val_loss-0.0006818
2025-01-06 23:47:03 - INFO - epoch-65, train_loss-0.0006739, val_loss-0.0006818
2025-01-06 23:53:56 - INFO - epoch-66, train_loss-0.0006739, val_loss-0.0006818
2025-01-07 00:00:50 - INFO - epoch-67, train_loss-0.0006739, val_loss-0.0006818
2025-01-07 00:07:48 - INFO - epoch-68, train_loss-0.0006739, val_loss-0.0006818
2025-01-07 00:14:41 - INFO - epoch-69, train_loss-0.0006739, val_loss-0.0006818
2025-01-07 00:21:34 - INFO - epoch-70, train_loss-0.0006739, val_loss-0.0006818
2025-01-07 00:28:26 - INFO - epoch-71, train_loss-0.0006739, val_loss-0.0006818
2025-01-07 00:35:19 - INFO - epoch-72, train_loss-0.0006739, val_loss-0.0006818
2025-01-07 00:42:11 - INFO - epoch-73, train_loss-0.0006739, val_loss-0.0006818
2025-01-07 00:49:04 - INFO - epoch-74, train_loss-0.0006739, val_loss-0.0006818
2025-01-07 00:55:58 - INFO - epoch-75, train_loss-0.0006739, val_loss-0.0006818
2025-01-07 01:02:52 - INFO - epoch-76, train_loss-0.0006739, val_loss-0.0006818
2025-01-07 01:09:44 - INFO - epoch-77, train_loss-0.0006739, val_loss-0.0006818
2025-01-07 01:16:36 - INFO - epoch-78, train_loss-0.0006739, val_loss-0.0006818
2025-01-07 01:23:30 - INFO - epoch-79, train_loss-0.0006739, val_loss-0.0006818
2025-01-07 01:30:23 - INFO - epoch-80, train_loss-0.0006739, val_loss-0.0006818
2025-01-07 01:37:18 - INFO - epoch-81, train_loss-0.0006739, val_loss-0.0006818
2025-01-07 01:44:11 - INFO - epoch-82, train_loss-0.0006739, val_loss-0.0006818
2025-01-07 01:51:04 - INFO - epoch-83, train_loss-0.0006739, val_loss-0.0006818
2025-01-07 01:57:58 - INFO - epoch-84, train_loss-0.0006739, val_loss-0.0006818
2025-01-07 02:04:54 - INFO - epoch-85, train_loss-0.0006739, val_loss-0.0006818
2025-01-07 02:11:49 - INFO - epoch-86, train_loss-0.0006739, val_loss-0.0006818
2025-01-07 02:18:41 - INFO - epoch-87, train_loss-0.0006739, val_loss-0.0006818
2025-01-07 02:25:35 - INFO - epoch-88, train_loss-0.0006739, val_loss-0.0006818
2025-01-07 02:32:30 - INFO - epoch-89, train_loss-0.0006739, val_loss-0.0006818
2025-01-07 02:39:23 - INFO - epoch-90, train_loss-0.0006739, val_loss-0.0006818
2025-01-07 02:46:16 - INFO - epoch-91, train_loss-0.0006739, val_loss-0.0006818
2025-01-07 02:53:08 - INFO - epoch-92, train_loss-0.0006739, val_loss-0.0006818
2025-01-07 03:00:00 - INFO - epoch-93, train_loss-0.0006739, val_loss-0.0006818
2025-01-07 03:06:52 - INFO - epoch-94, train_loss-0.0006739, val_loss-0.0006818
2025-01-07 03:13:45 - INFO - epoch-95, train_loss-0.0006739, val_loss-0.0006818
2025-01-07 03:20:39 - INFO - epoch-96, train_loss-0.0006739, val_loss-0.0006818
2025-01-07 03:27:32 - INFO - epoch-97, train_loss-0.0006739, val_loss-0.0006818
2025-01-07 03:34:26 - INFO - epoch-98, train_loss-0.0006739, val_loss-0.0006818
2025-01-07 03:41:19 - INFO - epoch-99, train_loss-0.0006739, val_loss-0.0006818
2025-01-07 03:48:10 - INFO - epoch-100, train_loss-0.0006739, val_loss-0.0006818
2025-01-07 03:55:03 - INFO - epoch-101, train_loss-0.0006739, val_loss-0.0006818
2025-01-07 04:01:55 - INFO - epoch-102, train_loss-0.0006739, val_loss-0.0006818
2025-01-07 04:08:56 - INFO - epoch-103, train_loss-0.0006739, val_loss-0.0006818
2025-01-07 04:15:49 - INFO - epoch-104, train_loss-0.0006739, val_loss-0.0006818
2025-01-07 04:22:44 - INFO - epoch-105, train_loss-0.0006739, val_loss-0.0006818
2025-01-07 04:29:37 - INFO - epoch-106, train_loss-0.0006739, val_loss-0.0006818
2025-01-07 04:36:31 - INFO - epoch-107, train_loss-0.0006739, val_loss-0.0006818
2025-01-07 04:43:25 - INFO - epoch-108, train_loss-0.0006739, val_loss-0.0006818
2025-01-07 04:50:17 - INFO - epoch-109, train_loss-0.0006739, val_loss-0.0006818
2025-01-07 04:57:11 - INFO - epoch-110, train_loss-0.0006739, val_loss-0.0006818
2025-01-07 05:04:04 - INFO - epoch-111, train_loss-0.0006739, val_loss-0.0006818
2025-01-07 05:10:59 - INFO - epoch-112, train_loss-0.0006739, val_loss-0.0006818
2025-01-07 05:17:53 - INFO - epoch-113, train_loss-0.0006739, val_loss-0.0006818
2025-01-07 05:24:46 - INFO - epoch-114, train_loss-0.0006739, val_loss-0.0006818
2025-01-07 05:31:43 - INFO - epoch-115, train_loss-0.0006739, val_loss-0.0006818
2025-01-07 05:38:36 - INFO - epoch-116, train_loss-0.0006739, val_loss-0.0006818
2025-01-07 05:45:29 - INFO - epoch-117, train_loss-0.0006696, val_loss-0.0006766
2025-01-07 05:52:22 - INFO - epoch-118, train_loss-0.0006688, val_loss-0.0006767
2025-01-07 05:59:16 - INFO - epoch-119, train_loss-0.0006688, val_loss-0.0006767
2025-01-07 06:06:10 - INFO - epoch-120, train_loss-0.0006687, val_loss-0.0006767
2025-01-07 06:13:05 - INFO - epoch-121, train_loss-0.0006687, val_loss-0.0006767
2025-01-07 06:19:58 - INFO - epoch-122, train_loss-0.0006687, val_loss-0.0006767
2025-01-07 06:26:52 - INFO - epoch-123, train_loss-0.0006687, val_loss-0.0006767
2025-01-07 06:33:50 - INFO - epoch-124, train_loss-0.0006687, val_loss-0.0006767
2025-01-07 06:40:47 - INFO - epoch-125, train_loss-0.0006687, val_loss-0.0006767
2025-01-07 06:47:41 - INFO - epoch-126, train_loss-0.0006687, val_loss-0.0006767
2025-01-07 06:54:33 - INFO - epoch-127, train_loss-0.0006687, val_loss-0.0006767
2025-01-07 07:01:26 - INFO - epoch-128, train_loss-0.0006687, val_loss-0.0006767
2025-01-07 07:08:18 - INFO - epoch-129, train_loss-0.0006687, val_loss-0.0006766
2025-01-07 07:15:11 - INFO - epoch-130, train_loss-0.0006687, val_loss-0.0006766
2025-01-07 07:22:01 - INFO - epoch-131, train_loss-0.0006687, val_loss-0.0006766
2025-01-07 07:28:53 - INFO - epoch-132, train_loss-0.0006687, val_loss-0.0006766
2025-01-07 07:35:45 - INFO - epoch-133, train_loss-0.0006687, val_loss-0.0006766
2025-01-07 07:42:37 - INFO - epoch-134, train_loss-0.0006687, val_loss-0.0006766
2025-01-07 07:49:28 - INFO - epoch-135, train_loss-0.0006687, val_loss-0.0006766
2025-01-07 07:56:19 - INFO - epoch-136, train_loss-0.0006687, val_loss-0.0006766
2025-01-07 08:03:10 - INFO - epoch-137, train_loss-0.0006687, val_loss-0.0006766
2025-01-07 08:10:01 - INFO - epoch-138, train_loss-0.0006687, val_loss-0.0006766
2025-01-07 08:16:53 - INFO - epoch-139, train_loss-0.0006687, val_loss-0.0006766
2025-01-07 08:23:45 - INFO - epoch-140, train_loss-0.0006687, val_loss-0.0006766
2025-01-07 08:30:37 - INFO - epoch-141, train_loss-0.0006687, val_loss-0.0006766
2025-01-07 08:37:28 - INFO - epoch-142, train_loss-0.0006687, val_loss-0.0006766
2025-01-07 08:44:22 - INFO - epoch-143, train_loss-0.0006687, val_loss-0.0006766
2025-01-07 08:51:14 - INFO - epoch-144, train_loss-0.0006687, val_loss-0.0006766
2025-01-07 08:58:08 - INFO - epoch-145, train_loss-0.0006687, val_loss-0.0006766
2025-01-07 09:05:02 - INFO - epoch-146, train_loss-0.0006687, val_loss-0.0006766
2025-01-07 09:11:54 - INFO - epoch-147, train_loss-0.0006687, val_loss-0.0006766
2025-01-07 09:18:48 - INFO - epoch-148, train_loss-0.0006687, val_loss-0.0006766
2025-01-07 09:25:41 - INFO - epoch-149, train_loss-0.0006687, val_loss-0.0006766
2025-01-07 09:32:33 - INFO - epoch-150, train_loss-0.0006687, val_loss-0.0006766
2025-01-07 09:39:27 - INFO - epoch-151, train_loss-0.0006687, val_loss-0.0006766
2025-01-07 09:46:20 - INFO - epoch-152, train_loss-0.0006687, val_loss-0.0006767
2025-01-07 09:53:44 - INFO - epoch-153, train_loss-0.0006687, val_loss-0.0006766
2025-01-07 10:00:37 - INFO - epoch-154, train_loss-0.0006687, val_loss-0.0006766
2025-01-07 10:07:32 - INFO - epoch-155, train_loss-0.0006687, val_loss-0.0006766
2025-01-07 10:14:25 - INFO - epoch-156, train_loss-0.0006687, val_loss-0.0006766
2025-01-07 10:21:19 - INFO - epoch-157, train_loss-0.0006687, val_loss-0.0006766
2025-01-07 10:28:13 - INFO - epoch-158, train_loss-0.0006687, val_loss-0.0006766
2025-01-07 10:35:09 - INFO - epoch-159, train_loss-0.0006687, val_loss-0.0006766
2025-01-07 10:42:03 - INFO - epoch-160, train_loss-0.0006687, val_loss-0.0006766
2025-01-07 10:48:58 - INFO - epoch-161, train_loss-0.0006687, val_loss-0.0006766
2025-01-07 10:55:54 - INFO - epoch-162, train_loss-0.0006687, val_loss-0.0006766
2025-01-07 11:02:48 - INFO - epoch-163, train_loss-0.0006687, val_loss-0.0006766
2025-01-07 11:09:43 - INFO - epoch-164, train_loss-0.0006687, val_loss-0.0006766
2025-01-07 11:16:36 - INFO - epoch-165, train_loss-0.0006687, val_loss-0.0006766
2025-01-07 11:23:30 - INFO - epoch-166, train_loss-0.0006687, val_loss-0.0006766
2025-01-07 11:30:26 - INFO - epoch-167, train_loss-0.0006687, val_loss-0.0006766
2025-01-07 11:37:21 - INFO - epoch-168, train_loss-0.0006687, val_loss-0.0006766
2025-01-07 11:44:15 - INFO - epoch-169, train_loss-0.0006687, val_loss-0.0006766
2025-01-07 11:51:09 - INFO - epoch-170, train_loss-0.0006687, val_loss-0.0006766
2025-01-07 11:58:02 - INFO - epoch-171, train_loss-0.0006687, val_loss-0.0006766
2025-01-07 12:04:55 - INFO - epoch-172, train_loss-0.0006687, val_loss-0.0006766
2025-01-07 12:11:49 - INFO - epoch-173, train_loss-0.0006687, val_loss-0.0006766
2025-01-07 12:18:43 - INFO - epoch-174, train_loss-0.0006687, val_loss-0.0006766
2025-01-07 12:25:35 - INFO - epoch-175, train_loss-0.0006687, val_loss-0.0006766
2025-01-07 12:32:28 - INFO - epoch-176, train_loss-0.0006687, val_loss-0.0006767
2025-01-07 12:39:20 - INFO - epoch-177, train_loss-0.0006687, val_loss-0.0006766
2025-01-07 12:46:12 - INFO - epoch-178, train_loss-0.0006687, val_loss-0.0006766
2025-01-07 12:53:06 - INFO - epoch-179, train_loss-0.0006687, val_loss-0.0006766
2025-01-07 12:59:59 - INFO - epoch-180, train_loss-0.0006687, val_loss-0.0006766
2025-01-07 13:06:52 - INFO - epoch-181, train_loss-0.0006687, val_loss-0.0006766
2025-01-07 13:13:53 - INFO - epoch-182, train_loss-0.0006687, val_loss-0.0006766
2025-01-07 13:20:45 - INFO - epoch-183, train_loss-0.0006687, val_loss-0.0006766
2025-01-07 13:27:38 - INFO - epoch-184, train_loss-0.0006687, val_loss-0.0006766
2025-01-07 13:34:31 - INFO - epoch-185, train_loss-0.0006687, val_loss-0.0006766
2025-01-07 13:41:29 - INFO - epoch-186, train_loss-0.0006687, val_loss-0.0006766
2025-01-07 13:48:36 - INFO - epoch-187, train_loss-0.0006687, val_loss-0.0006766
2025-01-07 13:55:43 - INFO - epoch-188, train_loss-0.0006687, val_loss-0.0006766
2025-01-07 14:02:49 - INFO - epoch-189, train_loss-0.0006687, val_loss-0.0006766
2025-01-07 14:10:08 - INFO - epoch-190, train_loss-0.0006687, val_loss-0.0006766
2025-01-07 14:17:05 - INFO - epoch-191, train_loss-0.0006687, val_loss-0.0006766
2025-01-07 14:23:57 - INFO - epoch-192, train_loss-0.0006687, val_loss-0.0006766
2025-01-07 14:30:52 - INFO - epoch-193, train_loss-0.0006687, val_loss-0.0006766
2025-01-07 14:37:43 - INFO - epoch-194, train_loss-0.0006687, val_loss-0.0006766
2025-01-07 14:44:35 - INFO - epoch-195, train_loss-0.0006687, val_loss-0.0006766
2025-01-07 14:51:26 - INFO - epoch-196, train_loss-0.0006687, val_loss-0.0006766
2025-01-07 14:58:20 - INFO - epoch-197, train_loss-0.0006687, val_loss-0.0006766
2025-01-07 15:05:13 - INFO - epoch-198, train_loss-0.0006687, val_loss-0.0006766
2025-01-07 15:12:08 - INFO - epoch-199, train_loss-0.0006687, val_loss-0.0006766
2025-01-07 15:19:02 - INFO - epoch-200, train_loss-0.0006687, val_loss-0.0006766
2025-01-07 15:25:56 - INFO - epoch-201, train_loss-0.0006687, val_loss-0.0006766
2025-01-07 15:32:55 - INFO - epoch-202, train_loss-0.0006687, val_loss-0.0006766
2025-01-07 15:39:49 - INFO - epoch-203, train_loss-0.0006687, val_loss-0.0006766
2025-01-07 15:46:41 - INFO - epoch-204, train_loss-0.0006687, val_loss-0.0006766
2025-01-07 15:53:36 - INFO - epoch-205, train_loss-0.0006687, val_loss-0.0006766
2025-01-07 16:00:31 - INFO - epoch-206, train_loss-0.0006687, val_loss-0.0006766
2025-01-07 16:07:31 - INFO - epoch-207, train_loss-0.0006687, val_loss-0.0006766
2025-01-07 16:14:24 - INFO - epoch-208, train_loss-0.0006687, val_loss-0.0006766
2025-01-07 16:21:18 - INFO - epoch-209, train_loss-0.0006687, val_loss-0.0006766
2025-01-07 16:28:17 - INFO - epoch-210, train_loss-0.0006687, val_loss-0.0006766
2025-01-07 16:35:21 - INFO - epoch-211, train_loss-0.0006687, val_loss-0.0006766
2025-01-07 16:42:24 - INFO - epoch-212, train_loss-0.0006687, val_loss-0.0006766
2025-01-07 16:49:33 - INFO - epoch-213, train_loss-0.0006687, val_loss-0.0006767
2025-01-07 16:56:37 - INFO - epoch-214, train_loss-0.0006687, val_loss-0.0006766
2025-01-07 17:03:43 - INFO - epoch-215, train_loss-0.0006687, val_loss-0.0006766
2025-01-07 17:10:43 - INFO - epoch-216, train_loss-0.0006687, val_loss-0.0006766
2025-01-07 17:17:34 - INFO - epoch-217, train_loss-0.0006687, val_loss-0.0006766
2025-01-07 17:24:26 - INFO - epoch-218, train_loss-0.0006687, val_loss-0.0006766
2025-01-07 17:31:19 - INFO - epoch-219, train_loss-0.0006687, val_loss-0.0006766
2025-01-07 17:38:11 - INFO - epoch-220, train_loss-0.0006687, val_loss-0.0006767
2025-01-07 17:45:03 - INFO - epoch-221, train_loss-0.0006687, val_loss-0.0006766
2025-01-07 17:51:55 - INFO - epoch-222, train_loss-0.0006687, val_loss-0.0006766
2025-01-07 17:58:47 - INFO - epoch-223, train_loss-0.0006687, val_loss-0.0006766
2025-01-07 18:05:39 - INFO - epoch-224, train_loss-0.0006687, val_loss-0.0006767
2025-01-07 18:12:32 - INFO - epoch-225, train_loss-0.0006687, val_loss-0.0006766
2025-01-07 18:19:24 - INFO - epoch-226, train_loss-0.0006687, val_loss-0.0006766
2025-01-07 18:26:15 - INFO - epoch-227, train_loss-0.0006687, val_loss-0.0006766
2025-01-07 18:33:06 - INFO - epoch-228, train_loss-0.0006687, val_loss-0.0006767
2025-01-07 18:39:58 - INFO - epoch-229, train_loss-0.0006687, val_loss-0.0006766
2025-01-07 18:46:50 - INFO - epoch-230, train_loss-0.0006687, val_loss-0.0006766
2025-01-07 18:53:42 - INFO - epoch-231, train_loss-0.0006687, val_loss-0.0006766
2025-01-07 19:00:34 - INFO - epoch-232, train_loss-0.0006687, val_loss-0.0006766
2025-01-07 19:07:27 - INFO - epoch-233, train_loss-0.0006687, val_loss-0.0006766
2025-01-07 19:14:19 - INFO - epoch-234, train_loss-0.0006687, val_loss-0.0006766
2025-01-07 19:21:11 - INFO - epoch-235, train_loss-0.0006687, val_loss-0.0006766
2025-01-07 19:28:04 - INFO - epoch-236, train_loss-0.0006687, val_loss-0.0006766
2025-01-07 19:34:56 - INFO - epoch-237, train_loss-0.0006687, val_loss-0.0006766
2025-01-07 19:41:56 - INFO - epoch-238, train_loss-0.0006687, val_loss-0.0006766
2025-01-07 19:48:54 - INFO - epoch-239, train_loss-0.0006687, val_loss-0.0006766
2025-01-07 19:55:55 - INFO - epoch-240, train_loss-0.0006687, val_loss-0.0006767
2025-01-07 20:03:02 - INFO - epoch-241, train_loss-0.0006687, val_loss-0.0006766
2025-01-07 20:10:01 - INFO - epoch-242, train_loss-0.0006687, val_loss-0.0006766
2025-01-07 20:17:05 - INFO - epoch-243, train_loss-0.0006687, val_loss-0.0006766
2025-01-07 20:24:11 - INFO - epoch-244, train_loss-0.0006687, val_loss-0.0006766
2025-01-07 20:31:13 - INFO - epoch-245, train_loss-0.0006687, val_loss-0.0006766
2025-01-07 20:38:25 - INFO - epoch-246, train_loss-0.0006687, val_loss-0.0006766
2025-01-07 20:45:28 - INFO - epoch-247, train_loss-0.0006687, val_loss-0.0006766
2025-01-07 20:52:38 - INFO - epoch-248, train_loss-0.0006687, val_loss-0.0006766
2025-01-07 20:59:42 - INFO - epoch-249, train_loss-0.0006687, val_loss-0.0006766
2025-01-07 21:06:53 - INFO - epoch-250, train_loss-0.0006687, val_loss-0.0006766
2025-01-07 21:13:55 - INFO - epoch-251, train_loss-0.0006687, val_loss-0.0006766
2025-01-07 21:20:59 - INFO - epoch-252, train_loss-0.0006687, val_loss-0.0006766
2025-01-07 21:28:01 - INFO - epoch-253, train_loss-0.0006687, val_loss-0.0006766
2025-01-07 21:34:54 - INFO - epoch-254, train_loss-0.0006687, val_loss-0.0006766
2025-01-07 21:41:45 - INFO - epoch-255, train_loss-0.0006687, val_loss-0.0006766
2025-01-07 21:48:37 - INFO - epoch-256, train_loss-0.0006687, val_loss-0.0006766
2025-01-07 21:55:28 - INFO - epoch-257, train_loss-0.0006687, val_loss-0.0006766
2025-01-07 22:02:22 - INFO - epoch-258, train_loss-0.0006687, val_loss-0.0006766
2025-01-07 22:09:36 - INFO - epoch-259, train_loss-0.0006687, val_loss-0.0006766
2025-01-07 22:16:28 - INFO - epoch-260, train_loss-0.0006687, val_loss-0.0006766
2025-01-07 22:23:21 - INFO - epoch-261, train_loss-0.0006687, val_loss-0.0006766
2025-01-07 22:30:13 - INFO - epoch-262, train_loss-0.0006687, val_loss-0.0006766
2025-01-07 22:37:05 - INFO - epoch-263, train_loss-0.0006687, val_loss-0.0006767
2025-01-07 22:43:57 - INFO - epoch-264, train_loss-0.0006687, val_loss-0.0006766
2025-01-07 22:50:49 - INFO - epoch-265, train_loss-0.0006687, val_loss-0.0006767
2025-01-07 22:57:41 - INFO - epoch-266, train_loss-0.0006687, val_loss-0.0006767
2025-01-07 23:04:33 - INFO - epoch-267, train_loss-0.0006687, val_loss-0.0006766
2025-01-07 23:11:27 - INFO - epoch-268, train_loss-0.0006687, val_loss-0.0006766
2025-01-07 23:18:19 - INFO - epoch-269, train_loss-0.0006687, val_loss-0.0006766
2025-01-07 23:25:11 - INFO - epoch-270, train_loss-0.0006687, val_loss-0.0006766
2025-01-07 23:32:03 - INFO - epoch-271, train_loss-0.0006687, val_loss-0.0006766
2025-01-07 23:38:56 - INFO - epoch-272, train_loss-0.0006687, val_loss-0.0006766
2025-01-07 23:45:48 - INFO - epoch-273, train_loss-0.0006687, val_loss-0.0006766
2025-01-07 23:52:40 - INFO - epoch-274, train_loss-0.0006687, val_loss-0.0006766
2025-01-07 23:59:33 - INFO - epoch-275, train_loss-0.0006687, val_loss-0.0006766
2025-01-08 00:06:25 - INFO - epoch-276, train_loss-0.0006687, val_loss-0.0006766
2025-01-08 00:13:19 - INFO - epoch-277, train_loss-0.0006687, val_loss-0.0006766
2025-01-08 00:20:12 - INFO - epoch-278, train_loss-0.0006687, val_loss-0.0006766
2025-01-08 00:27:06 - INFO - epoch-279, train_loss-0.0006687, val_loss-0.0006766
2025-01-08 00:33:57 - INFO - epoch-280, train_loss-0.0006687, val_loss-0.0006766
2025-01-08 00:40:49 - INFO - epoch-281, train_loss-0.0006687, val_loss-0.0006766
2025-01-08 00:47:41 - INFO - epoch-282, train_loss-0.0006687, val_loss-0.0006766
2025-01-08 00:54:32 - INFO - epoch-283, train_loss-0.0006687, val_loss-0.0006766
2025-01-08 01:01:25 - INFO - epoch-284, train_loss-0.0006687, val_loss-0.0006766
2025-01-08 01:08:17 - INFO - epoch-285, train_loss-0.0006687, val_loss-0.0006766
2025-01-08 01:15:13 - INFO - epoch-286, train_loss-0.0006687, val_loss-0.0006766
2025-01-08 01:22:05 - INFO - epoch-287, train_loss-0.0006687, val_loss-0.0006766
2025-01-08 01:29:00 - INFO - epoch-288, train_loss-0.0006687, val_loss-0.0006766
2025-01-08 01:35:53 - INFO - epoch-289, train_loss-0.0006687, val_loss-0.0006766
2025-01-08 01:42:44 - INFO - epoch-290, train_loss-0.0006687, val_loss-0.0006766
2025-01-08 01:49:40 - INFO - epoch-291, train_loss-0.0006687, val_loss-0.0006766
2025-01-08 01:56:34 - INFO - epoch-292, train_loss-0.0006687, val_loss-0.0006766
2025-01-08 02:03:29 - INFO - epoch-293, train_loss-0.0006687, val_loss-0.0006766
2025-01-08 02:10:23 - INFO - epoch-294, train_loss-0.0006687, val_loss-0.0006766
2025-01-08 02:17:17 - INFO - epoch-295, train_loss-0.0006687, val_loss-0.0006766
2025-01-08 02:24:10 - INFO - epoch-296, train_loss-0.0006687, val_loss-0.0006766
2025-01-08 02:31:04 - INFO - epoch-297, train_loss-0.0006687, val_loss-0.0006766
2025-01-08 02:37:58 - INFO - epoch-298, train_loss-0.0006687, val_loss-0.0006766
2025-01-08 02:44:50 - INFO - epoch-299, train_loss-0.0006687, val_loss-0.0006766
