2025-01-06 16:04:48 - INFO - /proj/berzelius-2022-haloi/users/x_elima/CryoLigate_GIGN_Unet/train_example_berzilius.py
2025-01-06 16:04:48 - INFO - train data: 16027
2025-01-06 16:04:48 - INFO - train unqiue data: 16027
2025-01-06 16:04:48 - INFO - valid data: 1781
2025-01-06 16:04:48 - INFO - valid unqiue data: 1781
2025-01-06 16:12:11 - INFO - epoch-0, train_loss-0.0013001, val_loss-0.0008109
2025-01-06 16:19:03 - INFO - epoch-1, train_loss-0.0006750, val_loss-0.0012420
2025-01-06 16:25:55 - INFO - epoch-2, train_loss-0.0006750, val_loss-0.0011694
2025-01-06 16:25:57 - INFO - Saved new best model at epoch 2 with validation loss 0.0011694
2025-01-06 16:32:49 - INFO - epoch-3, train_loss-0.0006750, val_loss-0.0009423
2025-01-06 16:32:51 - INFO - Saved new best model at epoch 3 with validation loss 0.0009423
2025-01-06 16:39:43 - INFO - epoch-4, train_loss-0.0006749, val_loss-0.0007880
2025-01-06 16:39:45 - INFO - Saved new best model at epoch 4 with validation loss 0.0007880
2025-01-06 16:46:37 - INFO - epoch-5, train_loss-0.0006749, val_loss-0.0007184
2025-01-06 16:46:40 - INFO - Saved new best model at epoch 5 with validation loss 0.0007184
2025-01-06 16:53:32 - INFO - epoch-6, train_loss-0.0006749, val_loss-0.0006922
2025-01-06 16:53:35 - INFO - Saved new best model at epoch 6 with validation loss 0.0006922
2025-01-06 17:00:26 - INFO - epoch-7, train_loss-0.0006749, val_loss-0.0006889
2025-01-06 17:00:29 - INFO - Saved new best model at epoch 7 with validation loss 0.0006889
2025-01-06 17:07:22 - INFO - epoch-8, train_loss-0.0006749, val_loss-0.0006897
2025-01-06 17:14:16 - INFO - epoch-9, train_loss-0.0006753, val_loss-0.0021354
2025-01-06 17:21:08 - INFO - epoch-10, train_loss-0.0006749, val_loss-0.0012940
2025-01-06 17:28:03 - INFO - epoch-11, train_loss-0.0006751, val_loss-0.0008385
2025-01-06 17:34:55 - INFO - epoch-12, train_loss-0.0006749, val_loss-0.0008105
2025-01-06 17:41:47 - INFO - epoch-13, train_loss-0.0006749, val_loss-0.0007692
2025-01-06 17:48:40 - INFO - epoch-14, train_loss-0.0006749, val_loss-0.0007151
2025-01-06 17:55:35 - INFO - epoch-15, train_loss-0.0006749, val_loss-0.0007100
2025-01-06 18:02:28 - INFO - epoch-16, train_loss-0.0006749, val_loss-0.0009298
2025-01-06 18:09:27 - INFO - epoch-17, train_loss-0.0006749, val_loss-0.0006998
2025-01-06 18:16:20 - INFO - epoch-18, train_loss-0.0006749, val_loss-0.0006935
2025-01-06 18:23:14 - INFO - epoch-19, train_loss-0.0006753, val_loss-0.0006716
2025-01-06 18:23:17 - INFO - Saved new best model at epoch 19 with validation loss 0.0006716
2025-01-06 18:30:09 - INFO - epoch-20, train_loss-0.0006749, val_loss-0.0006716
2025-01-06 18:37:01 - INFO - epoch-21, train_loss-0.0006749, val_loss-0.0006716
2025-01-06 18:43:53 - INFO - epoch-22, train_loss-0.0006747, val_loss-0.0006716
2025-01-06 18:50:45 - INFO - epoch-23, train_loss-0.0006749, val_loss-0.0006716
2025-01-06 18:57:38 - INFO - epoch-24, train_loss-0.0006749, val_loss-0.0006716
2025-01-06 19:04:31 - INFO - epoch-25, train_loss-0.0006750, val_loss-0.0006716
2025-01-06 19:11:23 - INFO - epoch-26, train_loss-0.0006749, val_loss-0.0006716
2025-01-06 19:18:15 - INFO - epoch-27, train_loss-0.0006749, val_loss-0.0006716
2025-01-06 19:25:07 - INFO - epoch-28, train_loss-0.0006749, val_loss-0.0006716
2025-01-06 19:32:05 - INFO - epoch-29, train_loss-0.0006749, val_loss-0.0006716
2025-01-06 19:38:59 - INFO - epoch-30, train_loss-0.0006749, val_loss-0.0006716
2025-01-06 19:45:50 - INFO - epoch-31, train_loss-0.0006691, val_loss-0.0013313
2025-01-06 19:52:42 - INFO - epoch-32, train_loss-0.0004430, val_loss-0.0008359
2025-01-06 19:59:33 - INFO - epoch-33, train_loss-0.0004216, val_loss-0.0008379
2025-01-06 20:06:22 - INFO - epoch-34, train_loss-0.0004170, val_loss-0.0008921
2025-01-06 20:13:12 - INFO - epoch-35, train_loss-0.0004158, val_loss-0.0006685
2025-01-06 20:13:14 - INFO - Saved new best model at epoch 35 with validation loss 0.0006685
2025-01-06 20:20:05 - INFO - epoch-36, train_loss-0.0004138, val_loss-0.0006629
2025-01-06 20:20:07 - INFO - Saved new best model at epoch 36 with validation loss 0.0006629
2025-01-06 20:26:57 - INFO - epoch-37, train_loss-0.0004131, val_loss-0.0005393
2025-01-06 20:26:59 - INFO - Saved new best model at epoch 37 with validation loss 0.0005393
2025-01-06 20:33:48 - INFO - epoch-38, train_loss-0.0004130, val_loss-0.0004999
2025-01-06 20:33:50 - INFO - Saved new best model at epoch 38 with validation loss 0.0004999
2025-01-06 20:40:43 - INFO - epoch-39, train_loss-0.0004125, val_loss-0.0004863
2025-01-06 20:40:45 - INFO - Saved new best model at epoch 39 with validation loss 0.0004863
2025-01-06 20:47:36 - INFO - epoch-40, train_loss-0.0004119, val_loss-0.0005118
2025-01-06 20:54:25 - INFO - epoch-41, train_loss-0.0004119, val_loss-0.0005346
2025-01-06 21:01:15 - INFO - epoch-42, train_loss-0.0004117, val_loss-0.0006105
2025-01-06 21:08:05 - INFO - epoch-43, train_loss-0.0004116, val_loss-0.0005553
2025-01-06 21:14:55 - INFO - epoch-44, train_loss-0.0004116, val_loss-0.0005580
2025-01-06 21:21:45 - INFO - epoch-45, train_loss-0.0004110, val_loss-0.0005859
2025-01-06 21:28:35 - INFO - epoch-46, train_loss-0.0004111, val_loss-0.0005766
2025-01-06 21:35:30 - INFO - epoch-47, train_loss-0.0004107, val_loss-0.0006284
2025-01-06 21:42:22 - INFO - epoch-48, train_loss-0.0004105, val_loss-0.0006353
2025-01-06 21:49:14 - INFO - epoch-49, train_loss-0.0004105, val_loss-0.0006149
2025-01-06 21:56:05 - INFO - epoch-50, train_loss-0.0004105, val_loss-0.0005735
2025-01-06 22:02:56 - INFO - epoch-51, train_loss-0.0004102, val_loss-0.0004903
2025-01-06 22:09:46 - INFO - epoch-52, train_loss-0.0004104, val_loss-0.0004335
2025-01-06 22:09:48 - INFO - Saved new best model at epoch 52 with validation loss 0.0004335
2025-01-06 22:16:38 - INFO - epoch-53, train_loss-0.0004103, val_loss-0.0004259
2025-01-06 22:16:40 - INFO - Saved new best model at epoch 53 with validation loss 0.0004259
2025-01-06 22:23:31 - INFO - epoch-54, train_loss-0.0004100, val_loss-0.0004379
2025-01-06 22:30:22 - INFO - epoch-55, train_loss-0.0004098, val_loss-0.0004461
2025-01-06 22:37:13 - INFO - epoch-56, train_loss-0.0004100, val_loss-0.0004428
2025-01-06 22:44:04 - INFO - epoch-57, train_loss-0.0004098, val_loss-0.0004294
2025-01-06 22:50:55 - INFO - epoch-58, train_loss-0.0004100, val_loss-0.0004331
2025-01-06 22:57:48 - INFO - epoch-59, train_loss-0.0004100, val_loss-0.0004190
2025-01-06 22:57:50 - INFO - Saved new best model at epoch 59 with validation loss 0.0004190
2025-01-06 23:05:22 - INFO - epoch-60, train_loss-0.0004099, val_loss-0.0004287
2025-01-06 23:12:19 - INFO - epoch-61, train_loss-0.0004096, val_loss-0.0004280
2025-01-06 23:19:09 - INFO - epoch-62, train_loss-0.0004094, val_loss-0.0004530
2025-01-06 23:25:59 - INFO - epoch-63, train_loss-0.0004094, val_loss-0.0004394
2025-01-06 23:32:59 - INFO - epoch-64, train_loss-0.0004094, val_loss-0.0004434
2025-01-06 23:41:32 - INFO - epoch-65, train_loss-0.0004094, val_loss-0.0004376
2025-01-06 23:48:32 - INFO - epoch-66, train_loss-0.0004093, val_loss-0.0004340
2025-01-06 23:55:26 - INFO - epoch-67, train_loss-0.0004093, val_loss-0.0004443
2025-01-07 00:02:18 - INFO - epoch-68, train_loss-0.0004092, val_loss-0.0004474
2025-01-07 00:09:10 - INFO - epoch-69, train_loss-0.0004091, val_loss-0.0004418
2025-01-07 00:16:03 - INFO - epoch-70, train_loss-0.0004092, val_loss-0.0004385
2025-01-07 00:22:55 - INFO - epoch-71, train_loss-0.0004091, val_loss-0.0004464
2025-01-07 00:29:46 - INFO - epoch-72, train_loss-0.0004092, val_loss-0.0004502
2025-01-07 00:36:38 - INFO - epoch-73, train_loss-0.0004090, val_loss-0.0004388
2025-01-07 00:44:16 - INFO - epoch-74, train_loss-0.0004090, val_loss-0.0004427
2025-01-07 00:51:18 - INFO - epoch-75, train_loss-0.0004090, val_loss-0.0004482
2025-01-07 00:58:10 - INFO - epoch-76, train_loss-0.0004088, val_loss-0.0004365
2025-01-07 01:05:03 - INFO - epoch-77, train_loss-0.0004089, val_loss-0.0004383
2025-01-07 01:11:56 - INFO - epoch-78, train_loss-0.0004088, val_loss-0.0004394
2025-01-07 01:18:50 - INFO - epoch-79, train_loss-0.0004088, val_loss-0.0004377
2025-01-07 01:25:41 - INFO - epoch-80, train_loss-0.0004088, val_loss-0.0004474
2025-01-07 01:32:32 - INFO - epoch-81, train_loss-0.0004090, val_loss-0.0005225
2025-01-07 01:39:24 - INFO - epoch-82, train_loss-0.0004089, val_loss-0.0005207
2025-01-07 01:46:15 - INFO - epoch-83, train_loss-0.0004086, val_loss-0.0005192
2025-01-07 01:53:06 - INFO - epoch-84, train_loss-0.0004086, val_loss-0.0005106
2025-01-07 01:59:57 - INFO - epoch-85, train_loss-0.0004086, val_loss-0.0004959
2025-01-07 02:06:51 - INFO - epoch-86, train_loss-0.0004086, val_loss-0.0005174
2025-01-07 02:13:44 - INFO - epoch-87, train_loss-0.0004088, val_loss-0.0005115
2025-01-07 02:20:36 - INFO - epoch-88, train_loss-0.0004086, val_loss-0.0005185
2025-01-07 02:27:27 - INFO - epoch-89, train_loss-0.0004086, val_loss-0.0005111
2025-01-07 02:34:19 - INFO - epoch-90, train_loss-0.0004086, val_loss-0.0005184
2025-01-07 02:41:11 - INFO - epoch-91, train_loss-0.0004085, val_loss-0.0005164
2025-01-07 02:48:03 - INFO - epoch-92, train_loss-0.0004085, val_loss-0.0005190
2025-01-07 02:54:55 - INFO - epoch-93, train_loss-0.0004084, val_loss-0.0005228
2025-01-07 03:01:48 - INFO - epoch-94, train_loss-0.0004084, val_loss-0.0005066
2025-01-07 03:08:39 - INFO - epoch-95, train_loss-0.0004084, val_loss-0.0005012
2025-01-07 03:15:31 - INFO - epoch-96, train_loss-0.0004084, val_loss-0.0005193
2025-01-07 03:22:23 - INFO - epoch-97, train_loss-0.0004084, val_loss-0.0005224
2025-01-07 03:29:14 - INFO - epoch-98, train_loss-0.0004084, val_loss-0.0004961
2025-01-07 03:36:07 - INFO - epoch-99, train_loss-0.0004084, val_loss-0.0005133
2025-01-07 03:43:00 - INFO - epoch-100, train_loss-0.0004084, val_loss-0.0004981
2025-01-07 03:49:53 - INFO - epoch-101, train_loss-0.0004084, val_loss-0.0005010
2025-01-07 03:56:45 - INFO - epoch-102, train_loss-0.0004084, val_loss-0.0004994
2025-01-07 04:03:36 - INFO - epoch-103, train_loss-0.0004082, val_loss-0.0004907
2025-01-07 04:10:27 - INFO - epoch-104, train_loss-0.0004083, val_loss-0.0004804
2025-01-07 04:17:20 - INFO - epoch-105, train_loss-0.0004081, val_loss-0.0004963
2025-01-07 04:24:12 - INFO - epoch-106, train_loss-0.0004081, val_loss-0.0004864
2025-01-07 04:31:05 - INFO - epoch-107, train_loss-0.0004080, val_loss-0.0004872
2025-01-07 04:37:58 - INFO - epoch-108, train_loss-0.0004079, val_loss-0.0004477
2025-01-07 04:44:50 - INFO - epoch-109, train_loss-0.0004079, val_loss-0.0005067
2025-01-07 04:52:16 - INFO - epoch-110, train_loss-0.0004079, val_loss-0.0004594
2025-01-07 04:59:23 - INFO - epoch-111, train_loss-0.0004079, val_loss-0.0005543
2025-01-07 05:06:18 - INFO - epoch-112, train_loss-0.0004078, val_loss-0.0005565
2025-01-07 05:13:10 - INFO - epoch-113, train_loss-0.0004078, val_loss-0.0005043
2025-01-07 05:20:02 - INFO - epoch-114, train_loss-0.0004078, val_loss-0.0005341
2025-01-07 05:26:56 - INFO - epoch-115, train_loss-0.0004078, val_loss-0.0006252
2025-01-07 05:33:47 - INFO - epoch-116, train_loss-0.0004077, val_loss-0.0005959
2025-01-07 05:40:39 - INFO - epoch-117, train_loss-0.0004077, val_loss-0.0006083
2025-01-07 05:47:31 - INFO - epoch-118, train_loss-0.0004077, val_loss-0.0004913
2025-01-07 05:54:23 - INFO - epoch-119, train_loss-0.0004077, val_loss-0.0005503
2025-01-07 06:01:15 - INFO - epoch-120, train_loss-0.0004077, val_loss-0.0005989
2025-01-07 06:08:07 - INFO - epoch-121, train_loss-0.0004076, val_loss-0.0005348
2025-01-07 06:15:00 - INFO - epoch-122, train_loss-0.0004076, val_loss-0.0005742
2025-01-07 06:21:52 - INFO - epoch-123, train_loss-0.0004076, val_loss-0.0005751
2025-01-07 06:28:43 - INFO - epoch-124, train_loss-0.0004076, val_loss-0.0005199
2025-01-07 06:35:34 - INFO - epoch-125, train_loss-0.0004076, val_loss-0.0004771
2025-01-07 06:42:25 - INFO - epoch-126, train_loss-0.0004076, val_loss-0.0005737
2025-01-07 06:49:17 - INFO - epoch-127, train_loss-0.0004076, val_loss-0.0005899
2025-01-07 06:56:10 - INFO - epoch-128, train_loss-0.0004076, val_loss-0.0004520
2025-01-07 07:03:02 - INFO - epoch-129, train_loss-0.0004075, val_loss-0.0006646
2025-01-07 07:09:55 - INFO - epoch-130, train_loss-0.0004076, val_loss-0.0007109
2025-01-07 07:16:47 - INFO - epoch-131, train_loss-0.0004078, val_loss-0.0006460
2025-01-07 07:23:38 - INFO - epoch-132, train_loss-0.0004074, val_loss-0.0007246
2025-01-07 07:30:30 - INFO - epoch-133, train_loss-0.0004075, val_loss-0.0006737
2025-01-07 07:37:21 - INFO - epoch-134, train_loss-0.0004075, val_loss-0.0004956
2025-01-07 07:44:13 - INFO - epoch-135, train_loss-0.0004075, val_loss-0.0007480
2025-01-07 07:51:06 - INFO - epoch-136, train_loss-0.0004076, val_loss-0.0006107
2025-01-07 07:57:57 - INFO - epoch-137, train_loss-0.0004076, val_loss-0.0006044
2025-01-07 08:04:48 - INFO - epoch-138, train_loss-0.0004074, val_loss-0.0004536
2025-01-07 08:11:39 - INFO - epoch-139, train_loss-0.0004075, val_loss-0.0007993
2025-01-07 08:18:33 - INFO - epoch-140, train_loss-0.0004075, val_loss-0.0005086
2025-01-07 08:25:25 - INFO - epoch-141, train_loss-0.0004075, val_loss-0.0004298
2025-01-07 08:32:17 - INFO - epoch-142, train_loss-0.0004075, val_loss-0.0005886
2025-01-07 08:39:07 - INFO - epoch-143, train_loss-0.0004074, val_loss-0.0005182
2025-01-07 08:45:58 - INFO - epoch-144, train_loss-0.0004075, val_loss-0.0004268
2025-01-07 08:52:49 - INFO - epoch-145, train_loss-0.0004075, val_loss-0.0004729
2025-01-07 08:59:42 - INFO - epoch-146, train_loss-0.0004074, val_loss-0.0004294
2025-01-07 09:06:33 - INFO - epoch-147, train_loss-0.0004075, val_loss-0.0005302
2025-01-07 09:13:25 - INFO - epoch-148, train_loss-0.0004074, val_loss-0.0004517
2025-01-07 09:20:18 - INFO - epoch-149, train_loss-0.0004075, val_loss-0.0005203
2025-01-07 09:27:10 - INFO - epoch-150, train_loss-0.0004074, val_loss-0.0005928
2025-01-07 09:34:02 - INFO - epoch-151, train_loss-0.0004074, val_loss-0.0004650
2025-01-07 09:40:54 - INFO - epoch-152, train_loss-0.0004074, val_loss-0.0005899
2025-01-07 09:47:45 - INFO - epoch-153, train_loss-0.0004073, val_loss-0.0005372
2025-01-07 09:54:39 - INFO - epoch-154, train_loss-0.0004074, val_loss-0.0004897
2025-01-07 10:01:31 - INFO - epoch-155, train_loss-0.0004074, val_loss-0.0005216
2025-01-07 10:08:25 - INFO - epoch-156, train_loss-0.0004075, val_loss-0.0004743
2025-01-07 10:15:17 - INFO - epoch-157, train_loss-0.0004073, val_loss-0.0004799
2025-01-07 10:22:09 - INFO - epoch-158, train_loss-0.0004075, val_loss-0.0006270
2025-01-07 10:29:00 - INFO - epoch-159, train_loss-0.0004073, val_loss-0.0004461
2025-01-07 10:35:51 - INFO - epoch-160, train_loss-0.0004074, val_loss-0.0004492
2025-01-07 10:42:42 - INFO - epoch-161, train_loss-0.0004074, val_loss-0.0006450
2025-01-07 10:49:35 - INFO - epoch-162, train_loss-0.0004074, val_loss-0.0005793
2025-01-07 10:56:27 - INFO - epoch-163, train_loss-0.0004074, val_loss-0.0005356
2025-01-07 11:03:19 - INFO - epoch-164, train_loss-0.0004074, val_loss-0.0005056
2025-01-07 11:10:11 - INFO - epoch-165, train_loss-0.0004073, val_loss-0.0004646
2025-01-07 11:17:04 - INFO - epoch-166, train_loss-0.0004074, val_loss-0.0006355
2025-01-07 11:23:56 - INFO - epoch-167, train_loss-0.0004073, val_loss-0.0004951
2025-01-07 11:30:48 - INFO - epoch-168, train_loss-0.0004073, val_loss-0.0006135
2025-01-07 11:37:39 - INFO - epoch-169, train_loss-0.0004073, val_loss-0.0005038
2025-01-07 11:44:30 - INFO - epoch-170, train_loss-0.0004074, val_loss-0.0004885
2025-01-07 11:51:22 - INFO - epoch-171, train_loss-0.0004074, val_loss-0.0004341
2025-01-07 11:58:13 - INFO - epoch-172, train_loss-0.0004073, val_loss-0.0005701
2025-01-07 12:05:03 - INFO - epoch-173, train_loss-0.0004074, val_loss-0.0004793
2025-01-07 12:11:53 - INFO - epoch-174, train_loss-0.0004073, val_loss-0.0004590
2025-01-07 12:18:45 - INFO - epoch-175, train_loss-0.0004075, val_loss-0.0004567
2025-01-07 12:25:36 - INFO - epoch-176, train_loss-0.0004073, val_loss-0.0007732
2025-01-07 12:32:27 - INFO - epoch-177, train_loss-0.0004073, val_loss-0.0006849
2025-01-07 12:39:19 - INFO - epoch-178, train_loss-0.0004074, val_loss-0.0005344
2025-01-07 12:46:15 - INFO - epoch-179, train_loss-0.0004073, val_loss-0.0006744
2025-01-07 12:53:17 - INFO - epoch-180, train_loss-0.0004073, val_loss-0.0008173
2025-01-07 13:00:07 - INFO - epoch-181, train_loss-0.0004074, val_loss-0.0004974
2025-01-07 13:06:57 - INFO - epoch-182, train_loss-0.0004073, val_loss-0.0014745
2025-01-07 13:13:57 - INFO - epoch-183, train_loss-0.0004072, val_loss-0.0004397
2025-01-07 13:20:48 - INFO - epoch-184, train_loss-0.0004072, val_loss-0.0004396
2025-01-07 13:27:38 - INFO - epoch-185, train_loss-0.0004071, val_loss-0.0004509
2025-01-07 13:34:30 - INFO - epoch-186, train_loss-0.0004070, val_loss-0.0004500
2025-01-07 13:41:22 - INFO - epoch-187, train_loss-0.0004071, val_loss-0.0004562
2025-01-07 13:48:14 - INFO - epoch-188, train_loss-0.0004071, val_loss-0.0004373
2025-01-07 13:55:05 - INFO - epoch-189, train_loss-0.0004071, val_loss-0.0004387
2025-01-07 14:01:57 - INFO - epoch-190, train_loss-0.0004069, val_loss-0.0004449
2025-01-07 14:09:03 - INFO - epoch-191, train_loss-0.0004071, val_loss-0.0004409
2025-01-07 14:16:36 - INFO - epoch-192, train_loss-0.0004069, val_loss-0.0004481
2025-01-07 14:23:40 - INFO - epoch-193, train_loss-0.0004069, val_loss-0.0004407
2025-01-07 14:30:37 - INFO - epoch-194, train_loss-0.0004070, val_loss-0.0004296
2025-01-07 14:37:37 - INFO - epoch-195, train_loss-0.0004069, val_loss-0.0004415
2025-01-07 14:44:34 - INFO - epoch-196, train_loss-0.0004070, val_loss-0.0004229
2025-01-07 14:51:28 - INFO - epoch-197, train_loss-0.0004069, val_loss-0.0004518
2025-01-07 14:58:21 - INFO - epoch-198, train_loss-0.0004069, val_loss-0.0004245
2025-01-07 15:05:16 - INFO - epoch-199, train_loss-0.0004071, val_loss-0.0004248
2025-01-07 15:12:11 - INFO - epoch-200, train_loss-0.0004070, val_loss-0.0004260
2025-01-07 15:19:05 - INFO - epoch-201, train_loss-0.0004069, val_loss-0.0004251
2025-01-07 15:26:04 - INFO - epoch-202, train_loss-0.0004070, val_loss-0.0004222
2025-01-07 15:33:22 - INFO - epoch-203, train_loss-0.0004071, val_loss-0.0004228
2025-01-07 15:40:41 - INFO - epoch-204, train_loss-0.0004070, val_loss-0.0004191
2025-01-07 15:48:05 - INFO - epoch-205, train_loss-0.0004070, val_loss-0.0004194
2025-01-07 15:55:11 - INFO - epoch-206, train_loss-0.0004069, val_loss-0.0004212
2025-01-07 16:02:05 - INFO - epoch-207, train_loss-0.0004069, val_loss-0.0004179
2025-01-07 16:02:07 - INFO - Saved new best model at epoch 207 with validation loss 0.0004179
2025-01-07 16:09:06 - INFO - epoch-208, train_loss-0.0004070, val_loss-0.0004298
2025-01-07 16:16:13 - INFO - epoch-209, train_loss-0.0004070, val_loss-0.0004448
2025-01-07 16:23:22 - INFO - epoch-210, train_loss-0.0004071, val_loss-0.0004300
2025-01-07 16:30:23 - INFO - epoch-211, train_loss-0.0004070, val_loss-0.0004168
2025-01-07 16:30:25 - INFO - Saved new best model at epoch 211 with validation loss 0.0004168
2025-01-07 16:37:21 - INFO - epoch-212, train_loss-0.0004070, val_loss-0.0004271
2025-01-07 16:44:22 - INFO - epoch-213, train_loss-0.0004071, val_loss-0.0004206
2025-01-07 16:51:27 - INFO - epoch-214, train_loss-0.0004070, val_loss-0.0004451
2025-01-07 16:58:24 - INFO - epoch-215, train_loss-0.0004070, val_loss-0.0005091
2025-01-07 17:05:18 - INFO - epoch-216, train_loss-0.0004069, val_loss-0.0004203
2025-01-07 17:12:19 - INFO - epoch-217, train_loss-0.0004070, val_loss-0.0004171
2025-01-07 17:19:29 - INFO - epoch-218, train_loss-0.0004070, val_loss-0.0004150
2025-01-07 17:19:31 - INFO - Saved new best model at epoch 218 with validation loss 0.0004150
2025-01-07 17:26:46 - INFO - epoch-219, train_loss-0.0004068, val_loss-0.0004164
2025-01-07 17:34:05 - INFO - epoch-220, train_loss-0.0004069, val_loss-0.0004153
2025-01-07 17:41:17 - INFO - epoch-221, train_loss-0.0004069, val_loss-0.0004687
2025-01-07 17:48:30 - INFO - epoch-222, train_loss-0.0004070, val_loss-0.0004149
2025-01-07 17:48:32 - INFO - Saved new best model at epoch 222 with validation loss 0.0004149
2025-01-07 17:55:52 - INFO - epoch-223, train_loss-0.0004069, val_loss-0.0004160
2025-01-07 18:03:06 - INFO - epoch-224, train_loss-0.0004069, val_loss-0.0004568
2025-01-07 18:10:28 - INFO - epoch-225, train_loss-0.0004069, val_loss-0.0004178
2025-01-07 18:17:41 - INFO - epoch-226, train_loss-0.0004069, val_loss-0.0004148
2025-01-07 18:17:43 - INFO - Saved new best model at epoch 226 with validation loss 0.0004148
2025-01-07 18:25:05 - INFO - epoch-227, train_loss-0.0004069, val_loss-0.0004217
2025-01-07 18:32:22 - INFO - epoch-228, train_loss-0.0004069, val_loss-0.0004157
2025-01-07 18:39:37 - INFO - epoch-229, train_loss-0.0004069, val_loss-0.0004159
2025-01-07 18:46:58 - INFO - epoch-230, train_loss-0.0004070, val_loss-0.0004502
2025-01-07 18:54:10 - INFO - epoch-231, train_loss-0.0004069, val_loss-0.0004256
2025-01-07 19:01:33 - INFO - epoch-232, train_loss-0.0004069, val_loss-0.0004265
2025-01-07 19:08:43 - INFO - epoch-233, train_loss-0.0004069, val_loss-0.0004223
2025-01-07 19:16:06 - INFO - epoch-234, train_loss-0.0004071, val_loss-0.0004165
2025-01-07 19:23:19 - INFO - epoch-235, train_loss-0.0004069, val_loss-0.0004151
2025-01-07 19:30:44 - INFO - epoch-236, train_loss-0.0004069, val_loss-0.0004166
2025-01-07 19:37:58 - INFO - epoch-237, train_loss-0.0004069, val_loss-0.0004190
2025-01-07 19:45:18 - INFO - epoch-238, train_loss-0.0004069, val_loss-0.0004538
2025-01-07 19:52:34 - INFO - epoch-239, train_loss-0.0004069, val_loss-0.0004144
2025-01-07 19:52:36 - INFO - Saved new best model at epoch 239 with validation loss 0.0004144
2025-01-07 19:59:46 - INFO - epoch-240, train_loss-0.0004069, val_loss-0.0004144
2025-01-07 19:59:48 - INFO - Saved new best model at epoch 240 with validation loss 0.0004144
2025-01-07 20:07:09 - INFO - epoch-241, train_loss-0.0004069, val_loss-0.0004161
2025-01-07 20:14:19 - INFO - epoch-242, train_loss-0.0004069, val_loss-0.0004242
2025-01-07 20:21:45 - INFO - epoch-243, train_loss-0.0004070, val_loss-0.0004186
2025-01-07 20:28:57 - INFO - epoch-244, train_loss-0.0004069, val_loss-0.0004181
2025-01-07 20:36:25 - INFO - epoch-245, train_loss-0.0004068, val_loss-0.0004166
2025-01-07 20:43:48 - INFO - epoch-246, train_loss-0.0004069, val_loss-0.0004748
2025-01-07 20:51:09 - INFO - epoch-247, train_loss-0.0004069, val_loss-0.0004222
2025-01-07 20:58:45 - INFO - epoch-248, train_loss-0.0004069, val_loss-0.0004179
2025-01-07 21:05:57 - INFO - epoch-249, train_loss-0.0004069, val_loss-0.0004627
2025-01-07 21:13:11 - INFO - epoch-250, train_loss-0.0004069, val_loss-0.0004175
2025-01-07 21:20:19 - INFO - epoch-251, train_loss-0.0004069, val_loss-0.0004166
2025-01-07 21:27:29 - INFO - epoch-252, train_loss-0.0004069, val_loss-0.0004189
2025-01-07 21:34:33 - INFO - epoch-253, train_loss-0.0004069, val_loss-0.0004181
2025-01-07 21:41:28 - INFO - epoch-254, train_loss-0.0004070, val_loss-0.0004233
2025-01-07 21:48:19 - INFO - epoch-255, train_loss-0.0004069, val_loss-0.0004239
2025-01-07 21:55:13 - INFO - epoch-256, train_loss-0.0004069, val_loss-0.0004198
2025-01-07 22:02:11 - INFO - epoch-257, train_loss-0.0004069, val_loss-0.0004159
2025-01-07 22:09:28 - INFO - epoch-258, train_loss-0.0004068, val_loss-0.0004179
2025-01-07 22:16:24 - INFO - epoch-259, train_loss-0.0004068, val_loss-0.0004177
2025-01-07 22:23:21 - INFO - epoch-260, train_loss-0.0004070, val_loss-0.0004206
2025-01-07 22:30:13 - INFO - epoch-261, train_loss-0.0004069, val_loss-0.0004165
2025-01-07 22:37:06 - INFO - epoch-262, train_loss-0.0004069, val_loss-0.0004186
2025-01-07 22:43:58 - INFO - epoch-263, train_loss-0.0004068, val_loss-0.0004180
2025-01-07 22:50:52 - INFO - epoch-264, train_loss-0.0004069, val_loss-0.0004200
2025-01-07 22:57:43 - INFO - epoch-265, train_loss-0.0004069, val_loss-0.0004247
2025-01-07 23:04:37 - INFO - epoch-266, train_loss-0.0004069, val_loss-0.0004636
2025-01-07 23:11:30 - INFO - epoch-267, train_loss-0.0004070, val_loss-0.0004181
2025-01-07 23:18:24 - INFO - epoch-268, train_loss-0.0004069, val_loss-0.0004203
2025-01-07 23:25:18 - INFO - epoch-269, train_loss-0.0004068, val_loss-0.0004201
2025-01-07 23:32:13 - INFO - epoch-270, train_loss-0.0004069, val_loss-0.0004206
2025-01-07 23:39:10 - INFO - epoch-271, train_loss-0.0004068, val_loss-0.0004193
2025-01-07 23:46:08 - INFO - epoch-272, train_loss-0.0004069, val_loss-0.0004210
2025-01-07 23:53:05 - INFO - epoch-273, train_loss-0.0004069, val_loss-0.0004189
2025-01-07 23:59:57 - INFO - epoch-274, train_loss-0.0004069, val_loss-0.0004204
2025-01-08 00:06:50 - INFO - epoch-275, train_loss-0.0004068, val_loss-0.0004195
2025-01-08 00:13:43 - INFO - epoch-276, train_loss-0.0004069, val_loss-0.0004216
2025-01-08 00:20:34 - INFO - epoch-277, train_loss-0.0004068, val_loss-0.0004191
2025-01-08 00:27:28 - INFO - epoch-278, train_loss-0.0004069, val_loss-0.0004163
2025-01-08 00:34:26 - INFO - epoch-279, train_loss-0.0004069, val_loss-0.0004230
2025-01-08 00:41:22 - INFO - epoch-280, train_loss-0.0004070, val_loss-0.0004239
2025-01-08 00:48:15 - INFO - epoch-281, train_loss-0.0004069, val_loss-0.0004211
2025-01-08 00:55:07 - INFO - epoch-282, train_loss-0.0004068, val_loss-0.0004200
2025-01-08 01:02:00 - INFO - epoch-283, train_loss-0.0004068, val_loss-0.0004203
2025-01-08 01:08:52 - INFO - epoch-284, train_loss-0.0004068, val_loss-0.0004193
2025-01-08 01:15:45 - INFO - epoch-285, train_loss-0.0004069, val_loss-0.0004190
2025-01-08 01:22:38 - INFO - epoch-286, train_loss-0.0004069, val_loss-0.0004222
2025-01-08 01:29:32 - INFO - epoch-287, train_loss-0.0004069, val_loss-0.0004196
2025-01-08 01:36:23 - INFO - epoch-288, train_loss-0.0004068, val_loss-0.0004201
2025-01-08 01:43:19 - INFO - epoch-289, train_loss-0.0004069, val_loss-0.0004189
2025-01-08 01:50:17 - INFO - epoch-290, train_loss-0.0004068, val_loss-0.0004198
2025-01-08 01:57:15 - INFO - epoch-291, train_loss-0.0004069, val_loss-0.0004200
2025-01-08 02:04:09 - INFO - epoch-292, train_loss-0.0004068, val_loss-0.0004182
2025-01-08 02:11:02 - INFO - epoch-293, train_loss-0.0004068, val_loss-0.0004197
2025-01-08 02:17:53 - INFO - epoch-294, train_loss-0.0004069, val_loss-0.0004201
2025-01-08 02:24:45 - INFO - epoch-295, train_loss-0.0004068, val_loss-0.0004269
2025-01-08 02:31:37 - INFO - epoch-296, train_loss-0.0004070, val_loss-0.0004172
2025-01-08 02:38:33 - INFO - epoch-297, train_loss-0.0004068, val_loss-0.0004194
2025-01-08 02:45:25 - INFO - epoch-298, train_loss-0.0004069, val_loss-0.0004747
2025-01-08 02:52:19 - INFO - epoch-299, train_loss-0.0004069, val_loss-0.0004189
