2025-02-25 11:40:58 - INFO - train data: 13259
2025-02-25 11:40:58 - INFO - train unqiue data: 13259
2025-02-25 11:40:58 - INFO - valid data: 1474
2025-02-25 11:40:58 - INFO - valid unqiue data: 1474
2025-02-25 11:45:25 - INFO - epoch-0, train_mse_loss-nan, train_kl_loss-nan, val_mse_loss-nan, val_kl_loss-nan
2025-02-25 11:49:18 - INFO - epoch-1, train_mse_loss-nan, train_kl_loss-nan, val_mse_loss-nan, val_kl_loss-nan
2025-02-25 11:53:12 - INFO - epoch-2, train_mse_loss-nan, train_kl_loss-nan, val_mse_loss-nan, val_kl_loss-nan
2025-02-25 11:57:08 - INFO - epoch-3, train_mse_loss-nan, train_kl_loss-nan, val_mse_loss-nan, val_kl_loss-nan
2025-02-25 12:01:05 - INFO - epoch-4, train_mse_loss-nan, train_kl_loss-nan, val_mse_loss-nan, val_kl_loss-nan
2025-02-25 12:05:00 - INFO - epoch-5, train_mse_loss-nan, train_kl_loss-nan, val_mse_loss-nan, val_kl_loss-nan
2025-02-25 12:08:55 - INFO - epoch-6, train_mse_loss-nan, train_kl_loss-nan, val_mse_loss-nan, val_kl_loss-nan
2025-02-25 12:12:48 - INFO - epoch-7, train_mse_loss-nan, train_kl_loss-nan, val_mse_loss-nan, val_kl_loss-nan
2025-02-25 12:16:42 - INFO - epoch-8, train_mse_loss-nan, train_kl_loss-nan, val_mse_loss-nan, val_kl_loss-nan
2025-02-25 12:20:36 - INFO - epoch-9, train_mse_loss-nan, train_kl_loss-nan, val_mse_loss-nan, val_kl_loss-nan
2025-02-25 12:24:30 - INFO - epoch-10, train_mse_loss-nan, train_kl_loss-nan, val_mse_loss-nan, val_kl_loss-nan
2025-02-25 12:28:24 - INFO - epoch-11, train_mse_loss-nan, train_kl_loss-nan, val_mse_loss-nan, val_kl_loss-nan
2025-02-25 12:32:18 - INFO - epoch-12, train_mse_loss-nan, train_kl_loss-nan, val_mse_loss-nan, val_kl_loss-nan
2025-02-25 12:36:12 - INFO - epoch-13, train_mse_loss-nan, train_kl_loss-nan, val_mse_loss-nan, val_kl_loss-nan
2025-02-25 12:40:06 - INFO - epoch-14, train_mse_loss-nan, train_kl_loss-nan, val_mse_loss-nan, val_kl_loss-nan
2025-02-25 12:44:01 - INFO - epoch-15, train_mse_loss-nan, train_kl_loss-nan, val_mse_loss-nan, val_kl_loss-nan
2025-02-25 12:47:56 - INFO - epoch-16, train_mse_loss-nan, train_kl_loss-nan, val_mse_loss-nan, val_kl_loss-nan
2025-02-25 12:51:52 - INFO - epoch-17, train_mse_loss-nan, train_kl_loss-nan, val_mse_loss-nan, val_kl_loss-nan
2025-02-25 12:55:45 - INFO - epoch-18, train_mse_loss-nan, train_kl_loss-nan, val_mse_loss-nan, val_kl_loss-nan
2025-02-25 12:59:39 - INFO - epoch-19, train_mse_loss-nan, train_kl_loss-nan, val_mse_loss-nan, val_kl_loss-nan
2025-02-25 13:03:32 - INFO - epoch-20, train_mse_loss-nan, train_kl_loss-nan, val_mse_loss-nan, val_kl_loss-nan
2025-02-25 13:07:27 - INFO - epoch-21, train_mse_loss-nan, train_kl_loss-nan, val_mse_loss-nan, val_kl_loss-nan
2025-02-25 13:11:20 - INFO - epoch-22, train_mse_loss-nan, train_kl_loss-nan, val_mse_loss-nan, val_kl_loss-nan
2025-02-25 13:15:14 - INFO - epoch-23, train_mse_loss-nan, train_kl_loss-nan, val_mse_loss-nan, val_kl_loss-nan
2025-02-25 13:19:07 - INFO - epoch-24, train_mse_loss-nan, train_kl_loss-nan, val_mse_loss-nan, val_kl_loss-nan
2025-02-25 13:23:00 - INFO - epoch-25, train_mse_loss-nan, train_kl_loss-nan, val_mse_loss-nan, val_kl_loss-nan
2025-02-25 13:26:53 - INFO - epoch-26, train_mse_loss-nan, train_kl_loss-nan, val_mse_loss-nan, val_kl_loss-nan
2025-02-25 13:30:48 - INFO - epoch-27, train_mse_loss-nan, train_kl_loss-nan, val_mse_loss-nan, val_kl_loss-nan
2025-02-25 13:34:41 - INFO - epoch-28, train_mse_loss-nan, train_kl_loss-nan, val_mse_loss-nan, val_kl_loss-nan
2025-02-25 13:38:35 - INFO - epoch-29, train_mse_loss-nan, train_kl_loss-nan, val_mse_loss-nan, val_kl_loss-nan
2025-02-25 13:42:29 - INFO - epoch-30, train_mse_loss-nan, train_kl_loss-nan, val_mse_loss-nan, val_kl_loss-nan
2025-02-25 13:46:25 - INFO - epoch-31, train_mse_loss-nan, train_kl_loss-nan, val_mse_loss-nan, val_kl_loss-nan
2025-02-25 13:50:20 - INFO - epoch-32, train_mse_loss-nan, train_kl_loss-nan, val_mse_loss-nan, val_kl_loss-nan
2025-02-25 13:54:16 - INFO - epoch-33, train_mse_loss-nan, train_kl_loss-nan, val_mse_loss-nan, val_kl_loss-nan
2025-02-25 13:58:12 - INFO - epoch-34, train_mse_loss-nan, train_kl_loss-nan, val_mse_loss-nan, val_kl_loss-nan
2025-02-25 14:02:07 - INFO - epoch-35, train_mse_loss-nan, train_kl_loss-nan, val_mse_loss-nan, val_kl_loss-nan
2025-02-25 14:06:03 - INFO - epoch-36, train_mse_loss-nan, train_kl_loss-nan, val_mse_loss-nan, val_kl_loss-nan
2025-02-25 14:09:57 - INFO - epoch-37, train_mse_loss-nan, train_kl_loss-nan, val_mse_loss-nan, val_kl_loss-nan
2025-02-25 14:13:51 - INFO - epoch-38, train_mse_loss-nan, train_kl_loss-nan, val_mse_loss-nan, val_kl_loss-nan
2025-02-25 14:17:45 - INFO - epoch-39, train_mse_loss-nan, train_kl_loss-nan, val_mse_loss-nan, val_kl_loss-nan
2025-02-25 14:21:39 - INFO - epoch-40, train_mse_loss-nan, train_kl_loss-nan, val_mse_loss-nan, val_kl_loss-nan
2025-02-25 14:25:33 - INFO - epoch-41, train_mse_loss-nan, train_kl_loss-nan, val_mse_loss-nan, val_kl_loss-nan
2025-02-25 14:29:28 - INFO - epoch-42, train_mse_loss-nan, train_kl_loss-nan, val_mse_loss-nan, val_kl_loss-nan
2025-02-25 14:33:22 - INFO - epoch-43, train_mse_loss-nan, train_kl_loss-nan, val_mse_loss-nan, val_kl_loss-nan
2025-02-25 14:37:16 - INFO - epoch-44, train_mse_loss-nan, train_kl_loss-nan, val_mse_loss-nan, val_kl_loss-nan
2025-02-25 14:41:09 - INFO - epoch-45, train_mse_loss-nan, train_kl_loss-nan, val_mse_loss-nan, val_kl_loss-nan
2025-02-25 14:45:03 - INFO - epoch-46, train_mse_loss-nan, train_kl_loss-nan, val_mse_loss-nan, val_kl_loss-nan
2025-02-25 14:48:58 - INFO - epoch-47, train_mse_loss-nan, train_kl_loss-nan, val_mse_loss-nan, val_kl_loss-nan
2025-02-25 14:52:52 - INFO - epoch-48, train_mse_loss-nan, train_kl_loss-nan, val_mse_loss-nan, val_kl_loss-nan
2025-02-25 14:56:46 - INFO - epoch-49, train_mse_loss-nan, train_kl_loss-nan, val_mse_loss-nan, val_kl_loss-nan
2025-02-25 15:00:42 - INFO - epoch-50, train_mse_loss-nan, train_kl_loss-nan, val_mse_loss-nan, val_kl_loss-nan
2025-02-25 15:04:39 - INFO - epoch-51, train_mse_loss-nan, train_kl_loss-nan, val_mse_loss-nan, val_kl_loss-nan
2025-02-25 15:08:35 - INFO - epoch-52, train_mse_loss-nan, train_kl_loss-nan, val_mse_loss-nan, val_kl_loss-nan
2025-02-25 15:12:32 - INFO - epoch-53, train_mse_loss-nan, train_kl_loss-nan, val_mse_loss-nan, val_kl_loss-nan
2025-02-25 15:16:29 - INFO - epoch-54, train_mse_loss-nan, train_kl_loss-nan, val_mse_loss-nan, val_kl_loss-nan
2025-02-25 15:20:23 - INFO - epoch-55, train_mse_loss-nan, train_kl_loss-nan, val_mse_loss-nan, val_kl_loss-nan
2025-02-25 15:24:19 - INFO - epoch-56, train_mse_loss-nan, train_kl_loss-nan, val_mse_loss-nan, val_kl_loss-nan
2025-02-25 15:28:14 - INFO - epoch-57, train_mse_loss-nan, train_kl_loss-nan, val_mse_loss-nan, val_kl_loss-nan
2025-02-25 15:32:09 - INFO - epoch-58, train_mse_loss-nan, train_kl_loss-nan, val_mse_loss-nan, val_kl_loss-nan
2025-02-25 15:36:04 - INFO - epoch-59, train_mse_loss-nan, train_kl_loss-nan, val_mse_loss-nan, val_kl_loss-nan
2025-02-25 15:40:00 - INFO - epoch-60, train_mse_loss-nan, train_kl_loss-nan, val_mse_loss-nan, val_kl_loss-nan
2025-02-25 15:43:54 - INFO - epoch-61, train_mse_loss-nan, train_kl_loss-nan, val_mse_loss-nan, val_kl_loss-nan
2025-02-25 15:47:49 - INFO - epoch-62, train_mse_loss-nan, train_kl_loss-nan, val_mse_loss-nan, val_kl_loss-nan
2025-02-25 15:51:48 - INFO - epoch-63, train_mse_loss-nan, train_kl_loss-nan, val_mse_loss-nan, val_kl_loss-nan
2025-02-25 15:55:41 - INFO - epoch-64, train_mse_loss-nan, train_kl_loss-nan, val_mse_loss-nan, val_kl_loss-nan
2025-02-25 15:59:36 - INFO - epoch-65, train_mse_loss-nan, train_kl_loss-nan, val_mse_loss-nan, val_kl_loss-nan
2025-02-25 16:03:31 - INFO - epoch-66, train_mse_loss-nan, train_kl_loss-nan, val_mse_loss-nan, val_kl_loss-nan
2025-02-25 16:07:29 - INFO - epoch-67, train_mse_loss-nan, train_kl_loss-nan, val_mse_loss-nan, val_kl_loss-nan
2025-02-25 16:11:26 - INFO - epoch-68, train_mse_loss-nan, train_kl_loss-nan, val_mse_loss-nan, val_kl_loss-nan
2025-02-25 16:15:20 - INFO - epoch-69, train_mse_loss-nan, train_kl_loss-nan, val_mse_loss-nan, val_kl_loss-nan
2025-02-25 16:19:14 - INFO - epoch-70, train_mse_loss-nan, train_kl_loss-nan, val_mse_loss-nan, val_kl_loss-nan
2025-02-25 16:23:08 - INFO - epoch-71, train_mse_loss-nan, train_kl_loss-nan, val_mse_loss-nan, val_kl_loss-nan
2025-02-25 16:27:03 - INFO - epoch-72, train_mse_loss-nan, train_kl_loss-nan, val_mse_loss-nan, val_kl_loss-nan
2025-02-25 16:30:57 - INFO - epoch-73, train_mse_loss-nan, train_kl_loss-nan, val_mse_loss-nan, val_kl_loss-nan
2025-02-25 16:34:52 - INFO - epoch-74, train_mse_loss-nan, train_kl_loss-nan, val_mse_loss-nan, val_kl_loss-nan
2025-02-25 16:38:46 - INFO - epoch-75, train_mse_loss-nan, train_kl_loss-nan, val_mse_loss-nan, val_kl_loss-nan
2025-02-25 16:42:39 - INFO - epoch-76, train_mse_loss-nan, train_kl_loss-nan, val_mse_loss-nan, val_kl_loss-nan
2025-02-25 16:46:33 - INFO - epoch-77, train_mse_loss-nan, train_kl_loss-nan, val_mse_loss-nan, val_kl_loss-nan
2025-02-25 16:50:27 - INFO - epoch-78, train_mse_loss-nan, train_kl_loss-nan, val_mse_loss-nan, val_kl_loss-nan
2025-02-25 16:54:20 - INFO - epoch-79, train_mse_loss-nan, train_kl_loss-nan, val_mse_loss-nan, val_kl_loss-nan
2025-02-25 16:58:15 - INFO - epoch-80, train_mse_loss-nan, train_kl_loss-nan, val_mse_loss-nan, val_kl_loss-nan
2025-02-25 17:02:09 - INFO - epoch-81, train_mse_loss-nan, train_kl_loss-nan, val_mse_loss-nan, val_kl_loss-nan
2025-02-25 17:06:02 - INFO - epoch-82, train_mse_loss-nan, train_kl_loss-nan, val_mse_loss-nan, val_kl_loss-nan
2025-02-25 17:09:55 - INFO - epoch-83, train_mse_loss-nan, train_kl_loss-nan, val_mse_loss-nan, val_kl_loss-nan
2025-02-25 17:13:52 - INFO - epoch-84, train_mse_loss-nan, train_kl_loss-nan, val_mse_loss-nan, val_kl_loss-nan
2025-02-25 17:17:48 - INFO - epoch-85, train_mse_loss-nan, train_kl_loss-nan, val_mse_loss-nan, val_kl_loss-nan
2025-02-25 17:21:41 - INFO - epoch-86, train_mse_loss-nan, train_kl_loss-nan, val_mse_loss-nan, val_kl_loss-nan
2025-02-25 17:25:35 - INFO - epoch-87, train_mse_loss-nan, train_kl_loss-nan, val_mse_loss-nan, val_kl_loss-nan
2025-02-25 17:29:29 - INFO - epoch-88, train_mse_loss-nan, train_kl_loss-nan, val_mse_loss-nan, val_kl_loss-nan
2025-02-25 17:33:22 - INFO - epoch-89, train_mse_loss-nan, train_kl_loss-nan, val_mse_loss-nan, val_kl_loss-nan
2025-02-25 17:37:17 - INFO - epoch-90, train_mse_loss-nan, train_kl_loss-nan, val_mse_loss-nan, val_kl_loss-nan
2025-02-25 17:41:12 - INFO - epoch-91, train_mse_loss-nan, train_kl_loss-nan, val_mse_loss-nan, val_kl_loss-nan
2025-02-25 17:45:06 - INFO - epoch-92, train_mse_loss-nan, train_kl_loss-nan, val_mse_loss-nan, val_kl_loss-nan
2025-02-25 17:49:01 - INFO - epoch-93, train_mse_loss-nan, train_kl_loss-nan, val_mse_loss-nan, val_kl_loss-nan
2025-02-25 17:52:56 - INFO - epoch-94, train_mse_loss-nan, train_kl_loss-nan, val_mse_loss-nan, val_kl_loss-nan
2025-02-25 17:56:52 - INFO - epoch-95, train_mse_loss-nan, train_kl_loss-nan, val_mse_loss-nan, val_kl_loss-nan
2025-02-25 18:00:48 - INFO - epoch-96, train_mse_loss-nan, train_kl_loss-nan, val_mse_loss-nan, val_kl_loss-nan
2025-02-25 18:04:42 - INFO - epoch-97, train_mse_loss-nan, train_kl_loss-nan, val_mse_loss-nan, val_kl_loss-nan
2025-02-25 18:08:37 - INFO - epoch-98, train_mse_loss-nan, train_kl_loss-nan, val_mse_loss-nan, val_kl_loss-nan
2025-02-25 18:12:32 - INFO - epoch-99, train_mse_loss-nan, train_kl_loss-nan, val_mse_loss-nan, val_kl_loss-nan
2025-02-25 18:16:26 - INFO - epoch-100, train_mse_loss-nan, train_kl_loss-nan, val_mse_loss-nan, val_kl_loss-nan
2025-02-25 18:20:22 - INFO - epoch-101, train_mse_loss-nan, train_kl_loss-nan, val_mse_loss-nan, val_kl_loss-nan
2025-02-25 18:24:18 - INFO - epoch-102, train_mse_loss-nan, train_kl_loss-nan, val_mse_loss-nan, val_kl_loss-nan
2025-02-25 18:28:13 - INFO - epoch-103, train_mse_loss-nan, train_kl_loss-nan, val_mse_loss-nan, val_kl_loss-nan
2025-02-25 18:32:09 - INFO - epoch-104, train_mse_loss-nan, train_kl_loss-nan, val_mse_loss-nan, val_kl_loss-nan
2025-02-25 18:36:03 - INFO - epoch-105, train_mse_loss-nan, train_kl_loss-nan, val_mse_loss-nan, val_kl_loss-nan
2025-02-25 18:39:58 - INFO - epoch-106, train_mse_loss-nan, train_kl_loss-nan, val_mse_loss-nan, val_kl_loss-nan
2025-02-25 18:43:51 - INFO - epoch-107, train_mse_loss-nan, train_kl_loss-nan, val_mse_loss-nan, val_kl_loss-nan
2025-02-25 18:47:45 - INFO - epoch-108, train_mse_loss-nan, train_kl_loss-nan, val_mse_loss-nan, val_kl_loss-nan
2025-02-25 18:51:41 - INFO - epoch-109, train_mse_loss-nan, train_kl_loss-nan, val_mse_loss-nan, val_kl_loss-nan
2025-02-25 18:55:38 - INFO - epoch-110, train_mse_loss-nan, train_kl_loss-nan, val_mse_loss-nan, val_kl_loss-nan
2025-02-25 18:59:34 - INFO - epoch-111, train_mse_loss-nan, train_kl_loss-nan, val_mse_loss-nan, val_kl_loss-nan
2025-02-25 19:03:30 - INFO - epoch-112, train_mse_loss-nan, train_kl_loss-nan, val_mse_loss-nan, val_kl_loss-nan
2025-02-25 19:07:26 - INFO - epoch-113, train_mse_loss-nan, train_kl_loss-nan, val_mse_loss-nan, val_kl_loss-nan
2025-02-25 19:11:23 - INFO - epoch-114, train_mse_loss-nan, train_kl_loss-nan, val_mse_loss-nan, val_kl_loss-nan
2025-02-25 19:15:20 - INFO - epoch-115, train_mse_loss-nan, train_kl_loss-nan, val_mse_loss-nan, val_kl_loss-nan
2025-02-25 19:19:16 - INFO - epoch-116, train_mse_loss-nan, train_kl_loss-nan, val_mse_loss-nan, val_kl_loss-nan
2025-02-25 19:23:11 - INFO - epoch-117, train_mse_loss-nan, train_kl_loss-nan, val_mse_loss-nan, val_kl_loss-nan
2025-02-25 19:27:09 - INFO - epoch-118, train_mse_loss-nan, train_kl_loss-nan, val_mse_loss-nan, val_kl_loss-nan
2025-02-25 19:31:05 - INFO - epoch-119, train_mse_loss-nan, train_kl_loss-nan, val_mse_loss-nan, val_kl_loss-nan
2025-02-25 19:35:03 - INFO - epoch-120, train_mse_loss-nan, train_kl_loss-nan, val_mse_loss-nan, val_kl_loss-nan
2025-02-25 19:39:00 - INFO - epoch-121, train_mse_loss-nan, train_kl_loss-nan, val_mse_loss-nan, val_kl_loss-nan
2025-02-25 19:42:56 - INFO - epoch-122, train_mse_loss-nan, train_kl_loss-nan, val_mse_loss-nan, val_kl_loss-nan
2025-02-25 19:46:50 - INFO - epoch-123, train_mse_loss-nan, train_kl_loss-nan, val_mse_loss-nan, val_kl_loss-nan
2025-02-25 19:50:45 - INFO - epoch-124, train_mse_loss-nan, train_kl_loss-nan, val_mse_loss-nan, val_kl_loss-nan
2025-02-25 19:54:40 - INFO - epoch-125, train_mse_loss-nan, train_kl_loss-nan, val_mse_loss-nan, val_kl_loss-nan
2025-02-25 19:58:36 - INFO - epoch-126, train_mse_loss-nan, train_kl_loss-nan, val_mse_loss-nan, val_kl_loss-nan
2025-02-25 20:02:29 - INFO - epoch-127, train_mse_loss-nan, train_kl_loss-nan, val_mse_loss-nan, val_kl_loss-nan
2025-02-25 20:06:23 - INFO - epoch-128, train_mse_loss-nan, train_kl_loss-nan, val_mse_loss-nan, val_kl_loss-nan
2025-02-25 20:10:19 - INFO - epoch-129, train_mse_loss-nan, train_kl_loss-nan, val_mse_loss-nan, val_kl_loss-nan
2025-02-25 20:14:14 - INFO - epoch-130, train_mse_loss-nan, train_kl_loss-nan, val_mse_loss-nan, val_kl_loss-nan
2025-02-25 20:18:09 - INFO - epoch-131, train_mse_loss-nan, train_kl_loss-nan, val_mse_loss-nan, val_kl_loss-nan
2025-02-25 20:22:03 - INFO - epoch-132, train_mse_loss-nan, train_kl_loss-nan, val_mse_loss-nan, val_kl_loss-nan
2025-02-25 20:25:58 - INFO - epoch-133, train_mse_loss-nan, train_kl_loss-nan, val_mse_loss-nan, val_kl_loss-nan
2025-02-25 20:29:52 - INFO - epoch-134, train_mse_loss-nan, train_kl_loss-nan, val_mse_loss-nan, val_kl_loss-nan
2025-02-25 20:33:50 - INFO - epoch-135, train_mse_loss-nan, train_kl_loss-nan, val_mse_loss-nan, val_kl_loss-nan
2025-02-25 20:37:49 - INFO - epoch-136, train_mse_loss-nan, train_kl_loss-nan, val_mse_loss-nan, val_kl_loss-nan
2025-02-25 20:41:45 - INFO - epoch-137, train_mse_loss-nan, train_kl_loss-nan, val_mse_loss-nan, val_kl_loss-nan
2025-02-25 20:45:40 - INFO - epoch-138, train_mse_loss-nan, train_kl_loss-nan, val_mse_loss-nan, val_kl_loss-nan
2025-02-25 20:49:35 - INFO - epoch-139, train_mse_loss-nan, train_kl_loss-nan, val_mse_loss-nan, val_kl_loss-nan
2025-02-25 20:53:29 - INFO - epoch-140, train_mse_loss-nan, train_kl_loss-nan, val_mse_loss-nan, val_kl_loss-nan
2025-02-25 20:57:22 - INFO - epoch-141, train_mse_loss-nan, train_kl_loss-nan, val_mse_loss-nan, val_kl_loss-nan
2025-02-25 21:01:16 - INFO - epoch-142, train_mse_loss-nan, train_kl_loss-nan, val_mse_loss-nan, val_kl_loss-nan
2025-02-25 21:05:10 - INFO - epoch-143, train_mse_loss-nan, train_kl_loss-nan, val_mse_loss-nan, val_kl_loss-nan
2025-02-25 21:09:06 - INFO - epoch-144, train_mse_loss-nan, train_kl_loss-nan, val_mse_loss-nan, val_kl_loss-nan
2025-02-25 21:13:00 - INFO - epoch-145, train_mse_loss-nan, train_kl_loss-nan, val_mse_loss-nan, val_kl_loss-nan
2025-02-25 21:16:56 - INFO - epoch-146, train_mse_loss-nan, train_kl_loss-nan, val_mse_loss-nan, val_kl_loss-nan
2025-02-25 21:20:53 - INFO - epoch-147, train_mse_loss-nan, train_kl_loss-nan, val_mse_loss-nan, val_kl_loss-nan
2025-02-25 21:24:48 - INFO - epoch-148, train_mse_loss-nan, train_kl_loss-nan, val_mse_loss-nan, val_kl_loss-nan
2025-02-25 21:28:44 - INFO - epoch-149, train_mse_loss-nan, train_kl_loss-nan, val_mse_loss-nan, val_kl_loss-nan
2025-02-25 21:32:39 - INFO - epoch-150, train_mse_loss-nan, train_kl_loss-nan, val_mse_loss-nan, val_kl_loss-nan
2025-02-25 21:36:33 - INFO - epoch-151, train_mse_loss-nan, train_kl_loss-nan, val_mse_loss-nan, val_kl_loss-nan
2025-02-25 21:40:30 - INFO - epoch-152, train_mse_loss-nan, train_kl_loss-nan, val_mse_loss-nan, val_kl_loss-nan
2025-02-25 21:44:28 - INFO - epoch-153, train_mse_loss-nan, train_kl_loss-nan, val_mse_loss-nan, val_kl_loss-nan
2025-02-25 21:48:25 - INFO - epoch-154, train_mse_loss-nan, train_kl_loss-nan, val_mse_loss-nan, val_kl_loss-nan
2025-02-25 21:52:19 - INFO - epoch-155, train_mse_loss-nan, train_kl_loss-nan, val_mse_loss-nan, val_kl_loss-nan
2025-02-25 21:56:16 - INFO - epoch-156, train_mse_loss-nan, train_kl_loss-nan, val_mse_loss-nan, val_kl_loss-nan
2025-02-25 22:00:14 - INFO - epoch-157, train_mse_loss-nan, train_kl_loss-nan, val_mse_loss-nan, val_kl_loss-nan
2025-02-25 22:04:10 - INFO - epoch-158, train_mse_loss-nan, train_kl_loss-nan, val_mse_loss-nan, val_kl_loss-nan
2025-02-25 22:08:07 - INFO - epoch-159, train_mse_loss-nan, train_kl_loss-nan, val_mse_loss-nan, val_kl_loss-nan
2025-02-25 22:12:01 - INFO - epoch-160, train_mse_loss-nan, train_kl_loss-nan, val_mse_loss-nan, val_kl_loss-nan
2025-02-25 22:15:57 - INFO - epoch-161, train_mse_loss-nan, train_kl_loss-nan, val_mse_loss-nan, val_kl_loss-nan
2025-02-25 22:19:51 - INFO - epoch-162, train_mse_loss-nan, train_kl_loss-nan, val_mse_loss-nan, val_kl_loss-nan
2025-02-25 22:23:43 - INFO - epoch-163, train_mse_loss-nan, train_kl_loss-nan, val_mse_loss-nan, val_kl_loss-nan
2025-02-25 22:27:36 - INFO - epoch-164, train_mse_loss-nan, train_kl_loss-nan, val_mse_loss-nan, val_kl_loss-nan
2025-02-25 22:31:30 - INFO - epoch-165, train_mse_loss-nan, train_kl_loss-nan, val_mse_loss-nan, val_kl_loss-nan
2025-02-25 22:35:23 - INFO - epoch-166, train_mse_loss-nan, train_kl_loss-nan, val_mse_loss-nan, val_kl_loss-nan
2025-02-25 22:39:15 - INFO - epoch-167, train_mse_loss-nan, train_kl_loss-nan, val_mse_loss-nan, val_kl_loss-nan
2025-02-25 22:43:07 - INFO - epoch-168, train_mse_loss-nan, train_kl_loss-nan, val_mse_loss-nan, val_kl_loss-nan
2025-02-25 22:47:03 - INFO - epoch-169, train_mse_loss-nan, train_kl_loss-nan, val_mse_loss-nan, val_kl_loss-nan
2025-02-25 22:51:00 - INFO - epoch-170, train_mse_loss-nan, train_kl_loss-nan, val_mse_loss-nan, val_kl_loss-nan
2025-02-25 22:54:53 - INFO - epoch-171, train_mse_loss-nan, train_kl_loss-nan, val_mse_loss-nan, val_kl_loss-nan
2025-02-25 22:58:46 - INFO - epoch-172, train_mse_loss-nan, train_kl_loss-nan, val_mse_loss-nan, val_kl_loss-nan
2025-02-25 23:02:39 - INFO - epoch-173, train_mse_loss-nan, train_kl_loss-nan, val_mse_loss-nan, val_kl_loss-nan
2025-02-25 23:06:32 - INFO - epoch-174, train_mse_loss-nan, train_kl_loss-nan, val_mse_loss-nan, val_kl_loss-nan
2025-02-25 23:10:25 - INFO - epoch-175, train_mse_loss-nan, train_kl_loss-nan, val_mse_loss-nan, val_kl_loss-nan
2025-02-25 23:14:17 - INFO - epoch-176, train_mse_loss-nan, train_kl_loss-nan, val_mse_loss-nan, val_kl_loss-nan
2025-02-25 23:18:11 - INFO - epoch-177, train_mse_loss-nan, train_kl_loss-nan, val_mse_loss-nan, val_kl_loss-nan
2025-02-25 23:22:04 - INFO - epoch-178, train_mse_loss-nan, train_kl_loss-nan, val_mse_loss-nan, val_kl_loss-nan
2025-02-25 23:25:59 - INFO - epoch-179, train_mse_loss-nan, train_kl_loss-nan, val_mse_loss-nan, val_kl_loss-nan
2025-02-25 23:29:52 - INFO - epoch-180, train_mse_loss-nan, train_kl_loss-nan, val_mse_loss-nan, val_kl_loss-nan
2025-02-25 23:33:47 - INFO - epoch-181, train_mse_loss-nan, train_kl_loss-nan, val_mse_loss-nan, val_kl_loss-nan
2025-02-25 23:37:40 - INFO - epoch-182, train_mse_loss-nan, train_kl_loss-nan, val_mse_loss-nan, val_kl_loss-nan
2025-02-25 23:41:34 - INFO - epoch-183, train_mse_loss-nan, train_kl_loss-nan, val_mse_loss-nan, val_kl_loss-nan
2025-02-25 23:45:28 - INFO - epoch-184, train_mse_loss-nan, train_kl_loss-nan, val_mse_loss-nan, val_kl_loss-nan
2025-02-25 23:49:25 - INFO - epoch-185, train_mse_loss-nan, train_kl_loss-nan, val_mse_loss-nan, val_kl_loss-nan
2025-02-25 23:53:22 - INFO - epoch-186, train_mse_loss-nan, train_kl_loss-nan, val_mse_loss-nan, val_kl_loss-nan
2025-02-25 23:57:17 - INFO - epoch-187, train_mse_loss-nan, train_kl_loss-nan, val_mse_loss-nan, val_kl_loss-nan
2025-02-26 00:01:11 - INFO - epoch-188, train_mse_loss-nan, train_kl_loss-nan, val_mse_loss-nan, val_kl_loss-nan
2025-02-26 00:05:06 - INFO - epoch-189, train_mse_loss-nan, train_kl_loss-nan, val_mse_loss-nan, val_kl_loss-nan
2025-02-26 00:09:01 - INFO - epoch-190, train_mse_loss-nan, train_kl_loss-nan, val_mse_loss-nan, val_kl_loss-nan
2025-02-26 00:12:55 - INFO - epoch-191, train_mse_loss-nan, train_kl_loss-nan, val_mse_loss-nan, val_kl_loss-nan
2025-02-26 00:16:49 - INFO - epoch-192, train_mse_loss-nan, train_kl_loss-nan, val_mse_loss-nan, val_kl_loss-nan
2025-02-26 00:20:46 - INFO - epoch-193, train_mse_loss-nan, train_kl_loss-nan, val_mse_loss-nan, val_kl_loss-nan
2025-02-26 00:24:40 - INFO - epoch-194, train_mse_loss-nan, train_kl_loss-nan, val_mse_loss-nan, val_kl_loss-nan
2025-02-26 00:28:34 - INFO - epoch-195, train_mse_loss-nan, train_kl_loss-nan, val_mse_loss-nan, val_kl_loss-nan
2025-02-26 00:32:28 - INFO - epoch-196, train_mse_loss-nan, train_kl_loss-nan, val_mse_loss-nan, val_kl_loss-nan
2025-02-26 00:36:23 - INFO - epoch-197, train_mse_loss-nan, train_kl_loss-nan, val_mse_loss-nan, val_kl_loss-nan
2025-02-26 00:40:19 - INFO - epoch-198, train_mse_loss-nan, train_kl_loss-nan, val_mse_loss-nan, val_kl_loss-nan
2025-02-26 00:44:15 - INFO - epoch-199, train_mse_loss-nan, train_kl_loss-nan, val_mse_loss-nan, val_kl_loss-nan
2025-02-26 00:48:08 - INFO - epoch-200, train_mse_loss-nan, train_kl_loss-nan, val_mse_loss-nan, val_kl_loss-nan
2025-02-26 00:52:03 - INFO - epoch-201, train_mse_loss-nan, train_kl_loss-nan, val_mse_loss-nan, val_kl_loss-nan
2025-02-26 00:55:57 - INFO - epoch-202, train_mse_loss-nan, train_kl_loss-nan, val_mse_loss-nan, val_kl_loss-nan
2025-02-26 00:59:51 - INFO - epoch-203, train_mse_loss-nan, train_kl_loss-nan, val_mse_loss-nan, val_kl_loss-nan
2025-02-26 01:03:48 - INFO - epoch-204, train_mse_loss-nan, train_kl_loss-nan, val_mse_loss-nan, val_kl_loss-nan
2025-02-26 01:07:43 - INFO - epoch-205, train_mse_loss-nan, train_kl_loss-nan, val_mse_loss-nan, val_kl_loss-nan
2025-02-26 01:11:37 - INFO - epoch-206, train_mse_loss-nan, train_kl_loss-nan, val_mse_loss-nan, val_kl_loss-nan
2025-02-26 01:15:31 - INFO - epoch-207, train_mse_loss-nan, train_kl_loss-nan, val_mse_loss-nan, val_kl_loss-nan
2025-02-26 01:19:25 - INFO - epoch-208, train_mse_loss-nan, train_kl_loss-nan, val_mse_loss-nan, val_kl_loss-nan
2025-02-26 01:23:19 - INFO - epoch-209, train_mse_loss-nan, train_kl_loss-nan, val_mse_loss-nan, val_kl_loss-nan
2025-02-26 01:27:14 - INFO - epoch-210, train_mse_loss-nan, train_kl_loss-nan, val_mse_loss-nan, val_kl_loss-nan
2025-02-26 01:31:08 - INFO - epoch-211, train_mse_loss-nan, train_kl_loss-nan, val_mse_loss-nan, val_kl_loss-nan
2025-02-26 01:35:02 - INFO - epoch-212, train_mse_loss-nan, train_kl_loss-nan, val_mse_loss-nan, val_kl_loss-nan
2025-02-26 01:38:55 - INFO - epoch-213, train_mse_loss-nan, train_kl_loss-nan, val_mse_loss-nan, val_kl_loss-nan
2025-02-26 01:42:49 - INFO - epoch-214, train_mse_loss-nan, train_kl_loss-nan, val_mse_loss-nan, val_kl_loss-nan
2025-02-26 01:46:43 - INFO - epoch-215, train_mse_loss-nan, train_kl_loss-nan, val_mse_loss-nan, val_kl_loss-nan
2025-02-26 01:50:37 - INFO - epoch-216, train_mse_loss-nan, train_kl_loss-nan, val_mse_loss-nan, val_kl_loss-nan
2025-02-26 01:54:30 - INFO - epoch-217, train_mse_loss-nan, train_kl_loss-nan, val_mse_loss-nan, val_kl_loss-nan
2025-02-26 01:58:25 - INFO - epoch-218, train_mse_loss-nan, train_kl_loss-nan, val_mse_loss-nan, val_kl_loss-nan
2025-02-26 02:02:18 - INFO - epoch-219, train_mse_loss-nan, train_kl_loss-nan, val_mse_loss-nan, val_kl_loss-nan
2025-02-26 02:06:15 - INFO - epoch-220, train_mse_loss-nan, train_kl_loss-nan, val_mse_loss-nan, val_kl_loss-nan
2025-02-26 02:10:10 - INFO - epoch-221, train_mse_loss-nan, train_kl_loss-nan, val_mse_loss-nan, val_kl_loss-nan
2025-02-26 02:14:04 - INFO - epoch-222, train_mse_loss-nan, train_kl_loss-nan, val_mse_loss-nan, val_kl_loss-nan
2025-02-26 02:17:57 - INFO - epoch-223, train_mse_loss-nan, train_kl_loss-nan, val_mse_loss-nan, val_kl_loss-nan
2025-02-26 02:21:52 - INFO - epoch-224, train_mse_loss-nan, train_kl_loss-nan, val_mse_loss-nan, val_kl_loss-nan
2025-02-26 02:25:45 - INFO - epoch-225, train_mse_loss-nan, train_kl_loss-nan, val_mse_loss-nan, val_kl_loss-nan
2025-02-26 02:29:39 - INFO - epoch-226, train_mse_loss-nan, train_kl_loss-nan, val_mse_loss-nan, val_kl_loss-nan
2025-02-26 02:33:34 - INFO - epoch-227, train_mse_loss-nan, train_kl_loss-nan, val_mse_loss-nan, val_kl_loss-nan
2025-02-26 02:37:28 - INFO - epoch-228, train_mse_loss-nan, train_kl_loss-nan, val_mse_loss-nan, val_kl_loss-nan
2025-02-26 02:41:23 - INFO - epoch-229, train_mse_loss-nan, train_kl_loss-nan, val_mse_loss-nan, val_kl_loss-nan
2025-02-26 02:45:18 - INFO - epoch-230, train_mse_loss-nan, train_kl_loss-nan, val_mse_loss-nan, val_kl_loss-nan
2025-02-26 02:49:13 - INFO - epoch-231, train_mse_loss-nan, train_kl_loss-nan, val_mse_loss-nan, val_kl_loss-nan
2025-02-26 02:53:07 - INFO - epoch-232, train_mse_loss-nan, train_kl_loss-nan, val_mse_loss-nan, val_kl_loss-nan
2025-02-26 02:57:02 - INFO - epoch-233, train_mse_loss-nan, train_kl_loss-nan, val_mse_loss-nan, val_kl_loss-nan
2025-02-26 03:00:55 - INFO - epoch-234, train_mse_loss-nan, train_kl_loss-nan, val_mse_loss-nan, val_kl_loss-nan
2025-02-26 03:04:50 - INFO - epoch-235, train_mse_loss-nan, train_kl_loss-nan, val_mse_loss-nan, val_kl_loss-nan
2025-02-26 03:08:44 - INFO - epoch-236, train_mse_loss-nan, train_kl_loss-nan, val_mse_loss-nan, val_kl_loss-nan
2025-02-26 03:12:40 - INFO - epoch-237, train_mse_loss-nan, train_kl_loss-nan, val_mse_loss-nan, val_kl_loss-nan
2025-02-26 03:16:37 - INFO - epoch-238, train_mse_loss-nan, train_kl_loss-nan, val_mse_loss-nan, val_kl_loss-nan
2025-02-26 03:20:30 - INFO - epoch-239, train_mse_loss-nan, train_kl_loss-nan, val_mse_loss-nan, val_kl_loss-nan
2025-02-26 03:24:24 - INFO - epoch-240, train_mse_loss-nan, train_kl_loss-nan, val_mse_loss-nan, val_kl_loss-nan
2025-02-26 03:28:18 - INFO - epoch-241, train_mse_loss-nan, train_kl_loss-nan, val_mse_loss-nan, val_kl_loss-nan
2025-02-26 03:32:11 - INFO - epoch-242, train_mse_loss-nan, train_kl_loss-nan, val_mse_loss-nan, val_kl_loss-nan
2025-02-26 03:36:05 - INFO - epoch-243, train_mse_loss-nan, train_kl_loss-nan, val_mse_loss-nan, val_kl_loss-nan
2025-02-26 03:39:59 - INFO - epoch-244, train_mse_loss-nan, train_kl_loss-nan, val_mse_loss-nan, val_kl_loss-nan
2025-02-26 03:43:53 - INFO - epoch-245, train_mse_loss-nan, train_kl_loss-nan, val_mse_loss-nan, val_kl_loss-nan
2025-02-26 03:47:46 - INFO - epoch-246, train_mse_loss-nan, train_kl_loss-nan, val_mse_loss-nan, val_kl_loss-nan
2025-02-26 03:51:39 - INFO - epoch-247, train_mse_loss-nan, train_kl_loss-nan, val_mse_loss-nan, val_kl_loss-nan
2025-02-26 03:55:33 - INFO - epoch-248, train_mse_loss-nan, train_kl_loss-nan, val_mse_loss-nan, val_kl_loss-nan
2025-02-26 03:59:27 - INFO - epoch-249, train_mse_loss-nan, train_kl_loss-nan, val_mse_loss-nan, val_kl_loss-nan
2025-02-26 04:03:20 - INFO - epoch-250, train_mse_loss-nan, train_kl_loss-nan, val_mse_loss-nan, val_kl_loss-nan
2025-02-26 04:07:14 - INFO - epoch-251, train_mse_loss-nan, train_kl_loss-nan, val_mse_loss-nan, val_kl_loss-nan
2025-02-26 04:11:09 - INFO - epoch-252, train_mse_loss-nan, train_kl_loss-nan, val_mse_loss-nan, val_kl_loss-nan
2025-02-26 04:15:04 - INFO - epoch-253, train_mse_loss-nan, train_kl_loss-nan, val_mse_loss-nan, val_kl_loss-nan
2025-02-26 04:19:00 - INFO - epoch-254, train_mse_loss-nan, train_kl_loss-nan, val_mse_loss-nan, val_kl_loss-nan
2025-02-26 04:22:57 - INFO - epoch-255, train_mse_loss-nan, train_kl_loss-nan, val_mse_loss-nan, val_kl_loss-nan
2025-02-26 04:26:51 - INFO - epoch-256, train_mse_loss-nan, train_kl_loss-nan, val_mse_loss-nan, val_kl_loss-nan
2025-02-26 04:30:45 - INFO - epoch-257, train_mse_loss-nan, train_kl_loss-nan, val_mse_loss-nan, val_kl_loss-nan
2025-02-26 04:34:39 - INFO - epoch-258, train_mse_loss-nan, train_kl_loss-nan, val_mse_loss-nan, val_kl_loss-nan
2025-02-26 04:38:32 - INFO - epoch-259, train_mse_loss-nan, train_kl_loss-nan, val_mse_loss-nan, val_kl_loss-nan
2025-02-26 04:42:26 - INFO - epoch-260, train_mse_loss-nan, train_kl_loss-nan, val_mse_loss-nan, val_kl_loss-nan
2025-02-26 04:46:19 - INFO - epoch-261, train_mse_loss-nan, train_kl_loss-nan, val_mse_loss-nan, val_kl_loss-nan
2025-02-26 04:50:14 - INFO - epoch-262, train_mse_loss-nan, train_kl_loss-nan, val_mse_loss-nan, val_kl_loss-nan
2025-02-26 04:54:08 - INFO - epoch-263, train_mse_loss-nan, train_kl_loss-nan, val_mse_loss-nan, val_kl_loss-nan
2025-02-26 04:58:02 - INFO - epoch-264, train_mse_loss-nan, train_kl_loss-nan, val_mse_loss-nan, val_kl_loss-nan
2025-02-26 05:01:57 - INFO - epoch-265, train_mse_loss-nan, train_kl_loss-nan, val_mse_loss-nan, val_kl_loss-nan
2025-02-26 05:05:51 - INFO - epoch-266, train_mse_loss-nan, train_kl_loss-nan, val_mse_loss-nan, val_kl_loss-nan
2025-02-26 05:09:44 - INFO - epoch-267, train_mse_loss-nan, train_kl_loss-nan, val_mse_loss-nan, val_kl_loss-nan
2025-02-26 05:13:39 - INFO - epoch-268, train_mse_loss-nan, train_kl_loss-nan, val_mse_loss-nan, val_kl_loss-nan
2025-02-26 05:17:35 - INFO - epoch-269, train_mse_loss-nan, train_kl_loss-nan, val_mse_loss-nan, val_kl_loss-nan
2025-02-26 05:21:29 - INFO - epoch-270, train_mse_loss-nan, train_kl_loss-nan, val_mse_loss-nan, val_kl_loss-nan
2025-02-26 05:25:25 - INFO - epoch-271, train_mse_loss-nan, train_kl_loss-nan, val_mse_loss-nan, val_kl_loss-nan
2025-02-26 05:29:21 - INFO - epoch-272, train_mse_loss-nan, train_kl_loss-nan, val_mse_loss-nan, val_kl_loss-nan
2025-02-26 05:33:15 - INFO - epoch-273, train_mse_loss-nan, train_kl_loss-nan, val_mse_loss-nan, val_kl_loss-nan
2025-02-26 05:37:09 - INFO - epoch-274, train_mse_loss-nan, train_kl_loss-nan, val_mse_loss-nan, val_kl_loss-nan
2025-02-26 05:41:04 - INFO - epoch-275, train_mse_loss-nan, train_kl_loss-nan, val_mse_loss-nan, val_kl_loss-nan
2025-02-26 05:44:58 - INFO - epoch-276, train_mse_loss-nan, train_kl_loss-nan, val_mse_loss-nan, val_kl_loss-nan
2025-02-26 05:48:52 - INFO - epoch-277, train_mse_loss-nan, train_kl_loss-nan, val_mse_loss-nan, val_kl_loss-nan
2025-02-26 05:52:46 - INFO - epoch-278, train_mse_loss-nan, train_kl_loss-nan, val_mse_loss-nan, val_kl_loss-nan
2025-02-26 05:56:40 - INFO - epoch-279, train_mse_loss-nan, train_kl_loss-nan, val_mse_loss-nan, val_kl_loss-nan
2025-02-26 06:00:35 - INFO - epoch-280, train_mse_loss-nan, train_kl_loss-nan, val_mse_loss-nan, val_kl_loss-nan
2025-02-26 06:04:28 - INFO - epoch-281, train_mse_loss-nan, train_kl_loss-nan, val_mse_loss-nan, val_kl_loss-nan
2025-02-26 06:08:24 - INFO - epoch-282, train_mse_loss-nan, train_kl_loss-nan, val_mse_loss-nan, val_kl_loss-nan
2025-02-26 06:12:19 - INFO - epoch-283, train_mse_loss-nan, train_kl_loss-nan, val_mse_loss-nan, val_kl_loss-nan
2025-02-26 06:16:13 - INFO - epoch-284, train_mse_loss-nan, train_kl_loss-nan, val_mse_loss-nan, val_kl_loss-nan
2025-02-26 06:20:07 - INFO - epoch-285, train_mse_loss-nan, train_kl_loss-nan, val_mse_loss-nan, val_kl_loss-nan
2025-02-26 06:24:01 - INFO - epoch-286, train_mse_loss-nan, train_kl_loss-nan, val_mse_loss-nan, val_kl_loss-nan
2025-02-26 06:27:58 - INFO - epoch-287, train_mse_loss-nan, train_kl_loss-nan, val_mse_loss-nan, val_kl_loss-nan
2025-02-26 06:31:54 - INFO - epoch-288, train_mse_loss-nan, train_kl_loss-nan, val_mse_loss-nan, val_kl_loss-nan
2025-02-26 06:35:50 - INFO - epoch-289, train_mse_loss-nan, train_kl_loss-nan, val_mse_loss-nan, val_kl_loss-nan
2025-02-26 06:39:44 - INFO - epoch-290, train_mse_loss-nan, train_kl_loss-nan, val_mse_loss-nan, val_kl_loss-nan
2025-02-26 06:43:38 - INFO - epoch-291, train_mse_loss-nan, train_kl_loss-nan, val_mse_loss-nan, val_kl_loss-nan
2025-02-26 06:47:32 - INFO - epoch-292, train_mse_loss-nan, train_kl_loss-nan, val_mse_loss-nan, val_kl_loss-nan
2025-02-26 06:51:25 - INFO - epoch-293, train_mse_loss-nan, train_kl_loss-nan, val_mse_loss-nan, val_kl_loss-nan
2025-02-26 06:55:19 - INFO - epoch-294, train_mse_loss-nan, train_kl_loss-nan, val_mse_loss-nan, val_kl_loss-nan
2025-02-26 06:59:13 - INFO - epoch-295, train_mse_loss-nan, train_kl_loss-nan, val_mse_loss-nan, val_kl_loss-nan
2025-02-26 07:03:06 - INFO - epoch-296, train_mse_loss-nan, train_kl_loss-nan, val_mse_loss-nan, val_kl_loss-nan
2025-02-26 07:07:01 - INFO - epoch-297, train_mse_loss-nan, train_kl_loss-nan, val_mse_loss-nan, val_kl_loss-nan
2025-02-26 07:10:55 - INFO - epoch-298, train_mse_loss-nan, train_kl_loss-nan, val_mse_loss-nan, val_kl_loss-nan
2025-02-26 07:14:48 - INFO - epoch-299, train_mse_loss-nan, train_kl_loss-nan, val_mse_loss-nan, val_kl_loss-nan
2025-02-26 07:18:41 - INFO - epoch-300, train_mse_loss-nan, train_kl_loss-nan, val_mse_loss-nan, val_kl_loss-nan
2025-02-26 07:22:35 - INFO - epoch-301, train_mse_loss-nan, train_kl_loss-nan, val_mse_loss-nan, val_kl_loss-nan
2025-02-26 07:26:29 - INFO - epoch-302, train_mse_loss-nan, train_kl_loss-nan, val_mse_loss-nan, val_kl_loss-nan
2025-02-26 07:30:22 - INFO - epoch-303, train_mse_loss-nan, train_kl_loss-nan, val_mse_loss-nan, val_kl_loss-nan
2025-02-26 07:34:18 - INFO - epoch-304, train_mse_loss-nan, train_kl_loss-nan, val_mse_loss-nan, val_kl_loss-nan
2025-02-26 07:38:14 - INFO - epoch-305, train_mse_loss-nan, train_kl_loss-nan, val_mse_loss-nan, val_kl_loss-nan
2025-02-26 07:42:11 - INFO - epoch-306, train_mse_loss-nan, train_kl_loss-nan, val_mse_loss-nan, val_kl_loss-nan
2025-02-26 07:46:06 - INFO - epoch-307, train_mse_loss-nan, train_kl_loss-nan, val_mse_loss-nan, val_kl_loss-nan
2025-02-26 07:50:00 - INFO - epoch-308, train_mse_loss-nan, train_kl_loss-nan, val_mse_loss-nan, val_kl_loss-nan
2025-02-26 07:53:54 - INFO - epoch-309, train_mse_loss-nan, train_kl_loss-nan, val_mse_loss-nan, val_kl_loss-nan
2025-02-26 07:57:49 - INFO - epoch-310, train_mse_loss-nan, train_kl_loss-nan, val_mse_loss-nan, val_kl_loss-nan
2025-02-26 08:01:43 - INFO - epoch-311, train_mse_loss-nan, train_kl_loss-nan, val_mse_loss-nan, val_kl_loss-nan
2025-02-26 08:05:37 - INFO - epoch-312, train_mse_loss-nan, train_kl_loss-nan, val_mse_loss-nan, val_kl_loss-nan
2025-02-26 08:09:30 - INFO - epoch-313, train_mse_loss-nan, train_kl_loss-nan, val_mse_loss-nan, val_kl_loss-nan
2025-02-26 08:13:25 - INFO - epoch-314, train_mse_loss-nan, train_kl_loss-nan, val_mse_loss-nan, val_kl_loss-nan
2025-02-26 08:17:19 - INFO - epoch-315, train_mse_loss-nan, train_kl_loss-nan, val_mse_loss-nan, val_kl_loss-nan
2025-02-26 08:21:13 - INFO - epoch-316, train_mse_loss-nan, train_kl_loss-nan, val_mse_loss-nan, val_kl_loss-nan
2025-02-26 08:25:07 - INFO - epoch-317, train_mse_loss-nan, train_kl_loss-nan, val_mse_loss-nan, val_kl_loss-nan
2025-02-26 08:29:01 - INFO - epoch-318, train_mse_loss-nan, train_kl_loss-nan, val_mse_loss-nan, val_kl_loss-nan
2025-02-26 08:32:54 - INFO - epoch-319, train_mse_loss-nan, train_kl_loss-nan, val_mse_loss-nan, val_kl_loss-nan
2025-02-26 08:36:48 - INFO - epoch-320, train_mse_loss-nan, train_kl_loss-nan, val_mse_loss-nan, val_kl_loss-nan
2025-02-26 08:40:42 - INFO - epoch-321, train_mse_loss-nan, train_kl_loss-nan, val_mse_loss-nan, val_kl_loss-nan
