2024-12-22 02:10:34 - INFO - /mnt/cephfs/projects/2023110101_Ligand_fitting_to_EM_maps/My_Code/CryoLigate_Github/CryoLigate/GIGN/GIGN_EM/For_Elisei_Nov_2024/CryoLigate_GIGN_Unet/train_example.py
2024-12-22 02:10:34 - INFO - train data: 6810
2024-12-22 02:10:34 - INFO - valid data: 756
2024-12-22 02:10:59 - INFO - Initial_train_loss-0.0127033  Initial_val_loss-0.0127011
2024-12-22 02:12:05 - INFO - epoch-0, train_loss-0.0203349, val_loss-0.0047458
2024-12-22 02:13:11 - INFO - epoch-1, train_loss-0.0008392, val_loss-0.0047183
2024-12-22 02:14:16 - INFO - epoch-2, train_loss-0.0007613, val_loss-0.0046846
2024-12-22 02:15:22 - INFO - epoch-3, train_loss-0.0007277, val_loss-0.0046696
2024-12-22 02:16:27 - INFO - epoch-4, train_loss-0.0007090, val_loss-0.0046872
2024-12-22 02:17:33 - INFO - epoch-5, train_loss-0.0006968, val_loss-0.0047564
2024-12-22 02:18:39 - INFO - epoch-6, train_loss-0.0006890, val_loss-0.0048936
2024-12-22 02:19:44 - INFO - epoch-7, train_loss-0.0006827, val_loss-0.0050500
2024-12-22 02:20:50 - INFO - epoch-8, train_loss-0.0006781, val_loss-0.0051457
2024-12-22 02:21:55 - INFO - epoch-9, train_loss-0.0006754, val_loss-0.0052136
2024-12-22 02:23:01 - INFO - epoch-10, train_loss-0.0006730, val_loss-0.0052780
2024-12-22 02:24:07 - INFO - epoch-11, train_loss-0.0006708, val_loss-0.0053931
2024-12-22 02:25:14 - INFO - epoch-12, train_loss-0.0006690, val_loss-0.0054479
2024-12-22 02:26:19 - INFO - epoch-13, train_loss-0.0006673, val_loss-0.0055244
2024-12-22 02:27:26 - INFO - epoch-14, train_loss-0.0006659, val_loss-0.0054914
2024-12-22 02:28:32 - INFO - epoch-15, train_loss-0.0006640, val_loss-0.0055081
2024-12-22 02:29:37 - INFO - epoch-16, train_loss-0.0006622, val_loss-0.0054004
2024-12-22 02:30:43 - INFO - epoch-17, train_loss-0.0006609, val_loss-0.0054126
2024-12-22 02:31:49 - INFO - epoch-18, train_loss-0.0006599, val_loss-0.0053563
2024-12-22 02:32:54 - INFO - epoch-19, train_loss-0.0006591, val_loss-0.0053872
2024-12-22 02:34:00 - INFO - epoch-20, train_loss-0.0006585, val_loss-0.0053010
2024-12-22 02:35:07 - INFO - epoch-21, train_loss-0.0006591, val_loss-0.0052880
2024-12-22 02:36:14 - INFO - epoch-22, train_loss-0.0006589, val_loss-0.0051607
2024-12-22 02:37:19 - INFO - epoch-23, train_loss-0.0006600, val_loss-0.0050624
2024-12-22 02:38:25 - INFO - epoch-24, train_loss-0.0006611, val_loss-0.0050792
2024-12-22 02:39:31 - INFO - epoch-25, train_loss-0.0006561, val_loss-0.0050355
2024-12-22 02:40:36 - INFO - epoch-26, train_loss-0.0006567, val_loss-0.0050012
2024-12-22 02:41:42 - INFO - epoch-27, train_loss-0.0006567, val_loss-0.0050462
2024-12-22 02:42:47 - INFO - epoch-28, train_loss-0.0006553, val_loss-0.0050471
2024-12-22 02:43:54 - INFO - epoch-29, train_loss-0.0006575, val_loss-0.0050395
2024-12-22 02:45:00 - INFO - epoch-30, train_loss-0.0006543, val_loss-0.0050169
2024-12-22 02:46:05 - INFO - epoch-31, train_loss-0.0006537, val_loss-0.0050170
2024-12-22 02:47:11 - INFO - epoch-32, train_loss-0.0006566, val_loss-0.0050758
2024-12-22 02:48:16 - INFO - epoch-33, train_loss-0.0006520, val_loss-0.0049986
2024-12-22 02:49:22 - INFO - epoch-34, train_loss-0.0006531, val_loss-0.0049143
2024-12-22 02:50:28 - INFO - epoch-35, train_loss-0.0006522, val_loss-0.0049131
2024-12-22 02:51:33 - INFO - epoch-36, train_loss-0.0006526, val_loss-0.0048855
2024-12-22 02:52:39 - INFO - epoch-37, train_loss-0.0006522, val_loss-0.0048578
2024-12-22 02:53:44 - INFO - epoch-38, train_loss-0.0006510, val_loss-0.0047309
2024-12-22 02:54:50 - INFO - epoch-39, train_loss-0.0006512, val_loss-0.0047087
2024-12-22 02:55:57 - INFO - epoch-40, train_loss-0.0006520, val_loss-0.0046018
2024-12-22 02:57:02 - INFO - epoch-41, train_loss-0.0006502, val_loss-0.0046022
2024-12-22 02:58:08 - INFO - epoch-42, train_loss-0.0006500, val_loss-0.0044372
2024-12-22 02:59:15 - INFO - epoch-43, train_loss-0.0006503, val_loss-0.0044368
2024-12-22 03:00:20 - INFO - epoch-44, train_loss-0.0006497, val_loss-0.0042833
2024-12-22 03:01:26 - INFO - epoch-45, train_loss-0.0006492, val_loss-0.0042382
2024-12-22 03:02:32 - INFO - epoch-46, train_loss-0.0006497, val_loss-0.0041503
2024-12-22 03:04:48 - INFO - epoch-47, train_loss-0.0006478, val_loss-0.0041439
2024-12-22 03:08:33 - INFO - epoch-48, train_loss-0.0006485, val_loss-0.0040034
2024-12-22 03:09:38 - INFO - epoch-49, train_loss-0.0006478, val_loss-0.0039276
2024-12-22 03:10:44 - INFO - epoch-50, train_loss-0.0006474, val_loss-0.0038636
2024-12-22 03:11:49 - INFO - epoch-51, train_loss-0.0006474, val_loss-0.0037548
2024-12-22 03:12:56 - INFO - epoch-52, train_loss-0.0006476, val_loss-0.0036670
2024-12-22 03:14:01 - INFO - epoch-53, train_loss-0.0006467, val_loss-0.0036036
2024-12-22 03:15:07 - INFO - epoch-54, train_loss-0.0006468, val_loss-0.0034793
2024-12-22 03:16:12 - INFO - epoch-55, train_loss-0.0006463, val_loss-0.0033241
2024-12-22 03:17:18 - INFO - epoch-56, train_loss-0.0006465, val_loss-0.0031920
2024-12-22 03:18:23 - INFO - epoch-57, train_loss-0.0006482, val_loss-0.0032588
2024-12-22 03:19:29 - INFO - epoch-58, train_loss-0.0006467, val_loss-0.0030542
2024-12-22 03:20:34 - INFO - epoch-59, train_loss-0.0006449, val_loss-0.0029295
2024-12-22 03:21:39 - INFO - epoch-60, train_loss-0.0006451, val_loss-0.0028166
2024-12-22 03:22:45 - INFO - epoch-61, train_loss-0.0006452, val_loss-0.0027937
2024-12-22 03:23:50 - INFO - epoch-62, train_loss-0.0006442, val_loss-0.0025312
2024-12-22 03:24:56 - INFO - epoch-63, train_loss-0.0006443, val_loss-0.0025096
2024-12-22 03:26:02 - INFO - epoch-64, train_loss-0.0006447, val_loss-0.0024870
2024-12-22 03:27:09 - INFO - epoch-65, train_loss-0.0006438, val_loss-0.0022531
2024-12-22 03:28:14 - INFO - epoch-66, train_loss-0.0006437, val_loss-0.0021992
2024-12-22 03:29:20 - INFO - epoch-67, train_loss-0.0006432, val_loss-0.0020788
2024-12-22 03:30:25 - INFO - epoch-68, train_loss-0.0006438, val_loss-0.0019851
2024-12-22 03:31:31 - INFO - epoch-69, train_loss-0.0006444, val_loss-0.0018628
2024-12-22 03:32:36 - INFO - epoch-70, train_loss-0.0006446, val_loss-0.0016849
2024-12-22 03:33:41 - INFO - epoch-71, train_loss-0.0006418, val_loss-0.0015517
2024-12-22 03:34:47 - INFO - epoch-72, train_loss-0.0006421, val_loss-0.0015113
2024-12-22 03:35:52 - INFO - epoch-73, train_loss-0.0006429, val_loss-0.0013372
2024-12-22 03:36:58 - INFO - epoch-74, train_loss-0.0006416, val_loss-0.0013215
2024-12-22 03:38:04 - INFO - epoch-75, train_loss-0.0006410, val_loss-0.0012037
2024-12-22 03:39:09 - INFO - epoch-76, train_loss-0.0006419, val_loss-0.0011374
2024-12-22 03:40:15 - INFO - epoch-77, train_loss-0.0006415, val_loss-0.0010624
2024-12-22 03:41:20 - INFO - epoch-78, train_loss-0.0006415, val_loss-0.0010074
2024-12-22 03:42:25 - INFO - epoch-79, train_loss-0.0006416, val_loss-0.0010116
2024-12-22 03:43:32 - INFO - epoch-80, train_loss-0.0006418, val_loss-0.0009407
2024-12-22 03:44:37 - INFO - epoch-81, train_loss-0.0006412, val_loss-0.0009494
2024-12-22 03:45:43 - INFO - epoch-82, train_loss-0.0006414, val_loss-0.0009663
2024-12-22 03:46:48 - INFO - epoch-83, train_loss-0.0006417, val_loss-0.0008650
2024-12-22 03:47:54 - INFO - epoch-84, train_loss-0.0006405, val_loss-0.0009719
2024-12-22 03:48:59 - INFO - epoch-85, train_loss-0.0006400, val_loss-0.0009083
2024-12-22 03:50:04 - INFO - epoch-86, train_loss-0.0006415, val_loss-0.0008088
2024-12-22 03:51:10 - INFO - epoch-87, train_loss-0.0006393, val_loss-0.0009965
2024-12-22 03:52:15 - INFO - epoch-88, train_loss-0.0006397, val_loss-0.0008654
2024-12-22 03:53:20 - INFO - epoch-89, train_loss-0.0006399, val_loss-0.0009290
2024-12-22 03:54:26 - INFO - epoch-90, train_loss-0.0006400, val_loss-0.0008443
2024-12-22 03:55:31 - INFO - epoch-91, train_loss-0.0006408, val_loss-0.0007294
2024-12-22 03:56:37 - INFO - epoch-92, train_loss-0.0006396, val_loss-0.0007686
2024-12-22 03:57:42 - INFO - epoch-93, train_loss-0.0006415, val_loss-0.0008203
2024-12-22 03:58:47 - INFO - epoch-94, train_loss-0.0006433, val_loss-0.0007211
2024-12-22 03:59:53 - INFO - epoch-95, train_loss-0.0006396, val_loss-0.0007454
2024-12-22 04:01:00 - INFO - epoch-96, train_loss-0.0006421, val_loss-0.0006761
2024-12-22 04:02:06 - INFO - epoch-97, train_loss-0.0006416, val_loss-0.0007208
2024-12-22 04:03:11 - INFO - epoch-98, train_loss-0.0006396, val_loss-0.0006997
2024-12-22 04:04:16 - INFO - epoch-99, train_loss-0.0006393, val_loss-0.0006858
2024-12-22 04:05:21 - INFO - epoch-100, train_loss-0.0006399, val_loss-0.0006963
2024-12-22 04:06:26 - INFO - epoch-101, train_loss-0.0006383, val_loss-0.0006958
2024-12-22 04:07:31 - INFO - epoch-102, train_loss-0.0006561, val_loss-0.0007259
2024-12-22 04:08:37 - INFO - epoch-103, train_loss-0.0006442, val_loss-0.0007126
2024-12-22 04:09:42 - INFO - epoch-104, train_loss-0.0006343, val_loss-0.0007166
2024-12-22 04:10:47 - INFO - epoch-105, train_loss-0.0006360, val_loss-0.0007010
2024-12-22 04:11:52 - INFO - epoch-106, train_loss-0.0006415, val_loss-0.0007214
2024-12-22 04:12:57 - INFO - epoch-107, train_loss-0.0006371, val_loss-0.0007044
2024-12-22 04:14:02 - INFO - epoch-108, train_loss-0.0006372, val_loss-0.0007202
2024-12-22 04:15:08 - INFO - epoch-109, train_loss-0.0006388, val_loss-0.0007083
2024-12-22 04:16:12 - INFO - epoch-110, train_loss-0.0006367, val_loss-0.0007135
2024-12-22 04:17:17 - INFO - epoch-111, train_loss-0.0006369, val_loss-0.0007287
2024-12-22 04:18:23 - INFO - epoch-112, train_loss-0.0006401, val_loss-0.0006860
2024-12-22 04:19:28 - INFO - epoch-113, train_loss-0.0006360, val_loss-0.0006985
2024-12-22 04:20:33 - INFO - epoch-114, train_loss-0.0006357, val_loss-0.0007948
2024-12-22 04:21:38 - INFO - epoch-115, train_loss-0.0006369, val_loss-0.0007056
2024-12-22 04:22:43 - INFO - epoch-116, train_loss-0.0006367, val_loss-0.0007022
2024-12-22 04:23:47 - INFO - epoch-117, train_loss-0.0006378, val_loss-0.0006665
2024-12-22 04:24:53 - INFO - epoch-118, train_loss-0.0006368, val_loss-0.0007160
2024-12-22 04:25:58 - INFO - epoch-119, train_loss-0.0006392, val_loss-0.0007649
2024-12-22 04:27:03 - INFO - epoch-120, train_loss-0.0006365, val_loss-0.0006570
2024-12-22 04:28:08 - INFO - epoch-121, train_loss-0.0006383, val_loss-0.0006800
2024-12-22 04:29:12 - INFO - epoch-122, train_loss-0.0006384, val_loss-0.0006735
2024-12-22 04:30:17 - INFO - epoch-123, train_loss-0.0006353, val_loss-0.0006760
2024-12-22 04:31:22 - INFO - epoch-124, train_loss-0.0006346, val_loss-0.0006762
2024-12-22 04:32:26 - INFO - epoch-125, train_loss-0.0006394, val_loss-0.0007589
2024-12-22 04:33:31 - INFO - epoch-126, train_loss-0.0006364, val_loss-0.0007454
2024-12-22 04:34:36 - INFO - epoch-127, train_loss-0.0006333, val_loss-0.0006823
2024-12-22 04:35:41 - INFO - epoch-128, train_loss-0.0006339, val_loss-0.0006906
2024-12-22 04:36:45 - INFO - epoch-129, train_loss-0.0006453, val_loss-0.0007906
2024-12-22 04:37:50 - INFO - epoch-130, train_loss-0.0006362, val_loss-0.0007394
2024-12-22 04:38:54 - INFO - epoch-131, train_loss-0.0006342, val_loss-0.0007461
2024-12-22 04:40:00 - INFO - epoch-132, train_loss-0.0006331, val_loss-0.0007550
2024-12-22 04:41:06 - INFO - epoch-133, train_loss-0.0006338, val_loss-0.0008230
2024-12-22 04:42:10 - INFO - epoch-134, train_loss-0.0006339, val_loss-0.0008702
2024-12-22 04:43:15 - INFO - epoch-135, train_loss-0.0006327, val_loss-0.0007812
2024-12-22 04:44:20 - INFO - epoch-136, train_loss-0.0006335, val_loss-0.0008671
2024-12-22 04:45:26 - INFO - epoch-137, train_loss-0.0006318, val_loss-0.0008642
2024-12-22 04:46:30 - INFO - epoch-138, train_loss-0.0006325, val_loss-0.0009072
2024-12-22 04:48:13 - INFO - epoch-139, train_loss-0.0006337, val_loss-0.0007214
2024-12-22 04:51:18 - INFO - epoch-140, train_loss-0.0006338, val_loss-0.0012734
2024-12-22 04:52:23 - INFO - epoch-141, train_loss-0.0006316, val_loss-0.0011513
2024-12-22 04:53:27 - INFO - epoch-142, train_loss-0.0006343, val_loss-0.0014925
2024-12-22 04:54:32 - INFO - epoch-143, train_loss-0.0006347, val_loss-0.0010105
2024-12-22 04:55:36 - INFO - epoch-144, train_loss-0.0006357, val_loss-0.0010323
2024-12-22 04:56:41 - INFO - epoch-145, train_loss-0.0006330, val_loss-0.0009321
2024-12-22 04:57:45 - INFO - epoch-146, train_loss-0.0006334, val_loss-0.0010388
2024-12-22 04:58:49 - INFO - epoch-147, train_loss-0.0006312, val_loss-0.0009823
2024-12-22 04:59:54 - INFO - epoch-148, train_loss-0.0006305, val_loss-0.0014497
2024-12-22 05:00:58 - INFO - epoch-149, train_loss-0.0006318, val_loss-0.0013870
2024-12-22 05:02:03 - INFO - epoch-150, train_loss-0.0006368, val_loss-0.0016731
2024-12-22 05:03:07 - INFO - epoch-151, train_loss-0.0006299, val_loss-0.0014989
2024-12-22 05:04:12 - INFO - epoch-152, train_loss-0.0006342, val_loss-0.0018914
2024-12-22 05:05:16 - INFO - epoch-153, train_loss-0.0006362, val_loss-0.0016065
2024-12-22 05:06:22 - INFO - epoch-154, train_loss-0.0006397, val_loss-0.0014984
2024-12-22 05:07:26 - INFO - epoch-155, train_loss-0.0006315, val_loss-0.0008903
2024-12-22 05:08:31 - INFO - epoch-156, train_loss-0.0006347, val_loss-0.0012857
2024-12-22 05:09:36 - INFO - epoch-157, train_loss-0.0006388, val_loss-0.0013428
2024-12-22 05:10:40 - INFO - epoch-158, train_loss-0.0006317, val_loss-0.0014576
2024-12-22 05:11:45 - INFO - epoch-159, train_loss-0.0006326, val_loss-0.0013595
2024-12-22 05:12:49 - INFO - epoch-160, train_loss-0.0006391, val_loss-0.0012611
2024-12-22 05:13:53 - INFO - epoch-161, train_loss-0.0006425, val_loss-0.0013665
2024-12-22 05:14:58 - INFO - epoch-162, train_loss-0.0006364, val_loss-0.0015361
2024-12-22 05:16:02 - INFO - epoch-163, train_loss-0.0006442, val_loss-0.0013277
2024-12-22 05:17:08 - INFO - epoch-164, train_loss-0.0006328, val_loss-0.0018710
2024-12-22 05:18:12 - INFO - epoch-165, train_loss-0.0006372, val_loss-0.0018608
2024-12-22 05:19:17 - INFO - epoch-166, train_loss-0.0006450, val_loss-0.0017434
2024-12-22 05:20:23 - INFO - epoch-167, train_loss-0.0006335, val_loss-0.0012916
2024-12-22 05:21:27 - INFO - epoch-168, train_loss-0.0006365, val_loss-0.0012273
2024-12-22 05:22:31 - INFO - epoch-169, train_loss-0.0006399, val_loss-0.0014174
2024-12-22 05:23:37 - INFO - epoch-170, train_loss-0.0006363, val_loss-0.0016403
2024-12-22 05:24:41 - INFO - epoch-171, train_loss-0.0006360, val_loss-0.0014927
2024-12-22 05:25:45 - INFO - epoch-172, train_loss-0.0006417, val_loss-0.0008923
2024-12-22 05:26:50 - INFO - epoch-173, train_loss-0.0006417, val_loss-0.0010650
2024-12-22 05:27:54 - INFO - epoch-174, train_loss-0.0006363, val_loss-0.0013135
2024-12-22 05:28:59 - INFO - epoch-175, train_loss-0.0006325, val_loss-0.0013211
2024-12-22 05:30:03 - INFO - epoch-176, train_loss-0.0006379, val_loss-0.0012035
2024-12-22 05:31:07 - INFO - epoch-177, train_loss-0.0006398, val_loss-0.0014989
2024-12-22 05:32:12 - INFO - epoch-178, train_loss-0.0006384, val_loss-0.0014230
2024-12-22 05:33:16 - INFO - epoch-179, train_loss-0.0006448, val_loss-0.0015804
2024-12-22 05:34:20 - INFO - epoch-180, train_loss-0.0006333, val_loss-0.0015194
2024-12-22 05:35:25 - INFO - epoch-181, train_loss-0.0006402, val_loss-0.0016047
2024-12-22 05:36:29 - INFO - epoch-182, train_loss-0.0006360, val_loss-0.0017375
2024-12-22 05:37:34 - INFO - epoch-183, train_loss-0.0006369, val_loss-0.0017205
2024-12-22 05:38:38 - INFO - epoch-184, train_loss-0.0006434, val_loss-0.0014146
2024-12-22 05:39:42 - INFO - epoch-185, train_loss-0.0006433, val_loss-0.0015036
2024-12-22 05:40:47 - INFO - epoch-186, train_loss-0.0006338, val_loss-0.0015239
2024-12-22 05:41:51 - INFO - epoch-187, train_loss-0.0006386, val_loss-0.0013153
2024-12-22 05:42:55 - INFO - epoch-188, train_loss-0.0006364, val_loss-0.0014540
2024-12-22 05:44:00 - INFO - epoch-189, train_loss-0.0006372, val_loss-0.0012953
2024-12-22 05:45:04 - INFO - epoch-190, train_loss-0.0006435, val_loss-0.0017136
2024-12-22 05:46:08 - INFO - epoch-191, train_loss-0.0006361, val_loss-0.0018395
2024-12-22 05:47:13 - INFO - epoch-192, train_loss-0.0006347, val_loss-0.0014466
2024-12-22 05:48:17 - INFO - epoch-193, train_loss-0.0006404, val_loss-0.0011555
2024-12-22 05:49:21 - INFO - epoch-194, train_loss-0.0006366, val_loss-0.0017398
2024-12-22 05:50:26 - INFO - epoch-195, train_loss-0.0006353, val_loss-0.0014774
2024-12-22 05:51:30 - INFO - epoch-196, train_loss-0.0006407, val_loss-0.0011251
2024-12-22 05:52:35 - INFO - epoch-197, train_loss-0.0006352, val_loss-0.0011617
2024-12-22 05:53:40 - INFO - epoch-198, train_loss-0.0006326, val_loss-0.0011971
2024-12-22 05:54:44 - INFO - epoch-199, train_loss-0.0006337, val_loss-0.0010761
2024-12-22 05:55:49 - INFO - epoch-200, train_loss-0.0006356, val_loss-0.0009453
2024-12-22 05:56:53 - INFO - epoch-201, train_loss-0.0006325, val_loss-0.0009992
2024-12-22 05:57:57 - INFO - epoch-202, train_loss-0.0006327, val_loss-0.0010538
2024-12-22 05:59:02 - INFO - epoch-203, train_loss-0.0006318, val_loss-0.0010590
2024-12-22 06:00:06 - INFO - epoch-204, train_loss-0.0006319, val_loss-0.0009575
2024-12-22 06:01:10 - INFO - epoch-205, train_loss-0.0006307, val_loss-0.0009630
2024-12-22 06:02:55 - INFO - epoch-206, train_loss-0.0006313, val_loss-0.0008977
2024-12-22 06:06:06 - INFO - epoch-207, train_loss-0.0006299, val_loss-0.0009403
2024-12-22 06:07:10 - INFO - epoch-208, train_loss-0.0006325, val_loss-0.0008984
2024-12-22 06:08:14 - INFO - epoch-209, train_loss-0.0006308, val_loss-0.0011142
2024-12-22 06:09:19 - INFO - epoch-210, train_loss-0.0006300, val_loss-0.0010066
2024-12-22 06:10:23 - INFO - epoch-211, train_loss-0.0006298, val_loss-0.0009448
2024-12-22 06:11:27 - INFO - epoch-212, train_loss-0.0006315, val_loss-0.0008967
2024-12-22 06:12:31 - INFO - epoch-213, train_loss-0.0006295, val_loss-0.0008849
2024-12-22 06:13:36 - INFO - epoch-214, train_loss-0.0006282, val_loss-0.0008960
2024-12-22 06:14:40 - INFO - epoch-215, train_loss-0.0006293, val_loss-0.0008574
2024-12-22 06:15:44 - INFO - epoch-216, train_loss-0.0006276, val_loss-0.0009458
2024-12-22 06:16:50 - INFO - epoch-217, train_loss-0.0006291, val_loss-0.0008721
2024-12-22 06:17:54 - INFO - epoch-218, train_loss-0.0006264, val_loss-0.0008406
2024-12-22 06:18:58 - INFO - epoch-219, train_loss-0.0006252, val_loss-0.0008014
2024-12-22 06:20:04 - INFO - epoch-220, train_loss-0.0006258, val_loss-0.0008846
2024-12-22 06:21:08 - INFO - epoch-221, train_loss-0.0006252, val_loss-0.0007999
2024-12-22 06:22:12 - INFO - epoch-222, train_loss-0.0006277, val_loss-0.0008146
2024-12-22 06:23:16 - INFO - epoch-223, train_loss-0.0006254, val_loss-0.0007553
2024-12-22 06:24:20 - INFO - epoch-224, train_loss-0.0006244, val_loss-0.0007791
2024-12-22 06:25:25 - INFO - epoch-225, train_loss-0.0006247, val_loss-0.0007753
2024-12-22 06:26:29 - INFO - epoch-226, train_loss-0.0006252, val_loss-0.0008473
2024-12-22 06:27:33 - INFO - epoch-227, train_loss-0.0006253, val_loss-0.0007289
2024-12-22 06:28:38 - INFO - epoch-228, train_loss-0.0006237, val_loss-0.0007650
2024-12-22 06:29:42 - INFO - epoch-229, train_loss-0.0006236, val_loss-0.0007520
2024-12-22 06:30:46 - INFO - epoch-230, train_loss-0.0006222, val_loss-0.0007364
2024-12-22 06:31:51 - INFO - epoch-231, train_loss-0.0006231, val_loss-0.0007341
2024-12-22 06:32:56 - INFO - epoch-232, train_loss-0.0006229, val_loss-0.0007385
2024-12-22 06:34:00 - INFO - epoch-233, train_loss-0.0006234, val_loss-0.0007207
2024-12-22 06:35:04 - INFO - epoch-234, train_loss-0.0006214, val_loss-0.0007691
2024-12-22 06:36:08 - INFO - epoch-235, train_loss-0.0006224, val_loss-0.0007863
2024-12-22 06:37:13 - INFO - epoch-236, train_loss-0.0006219, val_loss-0.0007427
2024-12-22 06:38:17 - INFO - epoch-237, train_loss-0.0006218, val_loss-0.0007562
2024-12-22 06:39:21 - INFO - epoch-238, train_loss-0.0006212, val_loss-0.0007290
2024-12-22 06:40:25 - INFO - epoch-239, train_loss-0.0006215, val_loss-0.0007161
2024-12-22 06:41:29 - INFO - epoch-240, train_loss-0.0006207, val_loss-0.0007323
2024-12-22 06:42:34 - INFO - epoch-241, train_loss-0.0006194, val_loss-0.0007311
2024-12-22 06:43:38 - INFO - epoch-242, train_loss-0.0006194, val_loss-0.0007289
2024-12-22 06:44:42 - INFO - epoch-243, train_loss-0.0006196, val_loss-0.0007111
2024-12-22 06:45:46 - INFO - epoch-244, train_loss-0.0006201, val_loss-0.0007374
2024-12-22 06:46:50 - INFO - epoch-245, train_loss-0.0006200, val_loss-0.0007054
2024-12-22 06:47:55 - INFO - epoch-246, train_loss-0.0006177, val_loss-0.0007232
2024-12-22 06:48:59 - INFO - epoch-247, train_loss-0.0006170, val_loss-0.0007191
2024-12-22 06:50:03 - INFO - epoch-248, train_loss-0.0006171, val_loss-0.0007328
2024-12-22 06:51:07 - INFO - epoch-249, train_loss-0.0006173, val_loss-0.0007200
2024-12-22 06:52:12 - INFO - epoch-250, train_loss-0.0006175, val_loss-0.0007333
2024-12-22 06:53:16 - INFO - epoch-251, train_loss-0.0006174, val_loss-0.0007337
2024-12-22 06:54:20 - INFO - epoch-252, train_loss-0.0006181, val_loss-0.0007372
2024-12-22 06:55:24 - INFO - epoch-253, train_loss-0.0006180, val_loss-0.0007200
2024-12-22 06:56:28 - INFO - epoch-254, train_loss-0.0006175, val_loss-0.0007233
2024-12-22 06:57:33 - INFO - epoch-255, train_loss-0.0006173, val_loss-0.0007423
2024-12-22 06:58:37 - INFO - epoch-256, train_loss-0.0006176, val_loss-0.0007228
2024-12-22 06:59:42 - INFO - epoch-257, train_loss-0.0006170, val_loss-0.0007074
2024-12-22 07:00:46 - INFO - epoch-258, train_loss-0.0006158, val_loss-0.0007255
2024-12-22 07:01:51 - INFO - epoch-259, train_loss-0.0006155, val_loss-0.0007264
2024-12-22 07:02:55 - INFO - epoch-260, train_loss-0.0006146, val_loss-0.0007157
2024-12-22 07:04:00 - INFO - epoch-261, train_loss-0.0006150, val_loss-0.0007139
2024-12-22 07:05:05 - INFO - epoch-262, train_loss-0.0006147, val_loss-0.0007248
2024-12-22 07:06:09 - INFO - epoch-263, train_loss-0.0006139, val_loss-0.0007188
2024-12-22 07:07:14 - INFO - epoch-264, train_loss-0.0006140, val_loss-0.0007141
2024-12-22 07:08:18 - INFO - epoch-265, train_loss-0.0006155, val_loss-0.0007038
2024-12-22 07:09:23 - INFO - epoch-266, train_loss-0.0006155, val_loss-0.0007060
2024-12-22 07:10:27 - INFO - epoch-267, train_loss-0.0006160, val_loss-0.0007130
2024-12-22 07:11:31 - INFO - epoch-268, train_loss-0.0006146, val_loss-0.0007101
2024-12-22 07:12:35 - INFO - epoch-269, train_loss-0.0006142, val_loss-0.0007005
2024-12-22 07:13:39 - INFO - epoch-270, train_loss-0.0006135, val_loss-0.0006960
2024-12-22 07:14:52 - INFO - epoch-271, train_loss-0.0006128, val_loss-0.0007015
2024-12-22 07:18:26 - INFO - epoch-272, train_loss-0.0006123, val_loss-0.0006948
2024-12-22 07:19:30 - INFO - epoch-273, train_loss-0.0006129, val_loss-0.0006910
2024-12-22 07:20:35 - INFO - epoch-274, train_loss-0.0006149, val_loss-0.0006964
2024-12-22 07:21:39 - INFO - epoch-275, train_loss-0.0006152, val_loss-0.0007041
2024-12-22 07:22:43 - INFO - epoch-276, train_loss-0.0006125, val_loss-0.0006869
2024-12-22 07:23:47 - INFO - epoch-277, train_loss-0.0006114, val_loss-0.0006846
2024-12-22 07:24:51 - INFO - epoch-278, train_loss-0.0006107, val_loss-0.0006761
2024-12-22 07:25:55 - INFO - epoch-279, train_loss-0.0006112, val_loss-0.0006791
2024-12-22 07:27:00 - INFO - epoch-280, train_loss-0.0006118, val_loss-0.0006827
2024-12-22 07:28:05 - INFO - epoch-281, train_loss-0.0006117, val_loss-0.0006804
2024-12-22 07:29:09 - INFO - epoch-282, train_loss-0.0006123, val_loss-0.0006794
2024-12-22 07:30:13 - INFO - epoch-283, train_loss-0.0006109, val_loss-0.0006766
2024-12-22 07:31:18 - INFO - epoch-284, train_loss-0.0006095, val_loss-0.0006756
2024-12-22 07:32:22 - INFO - epoch-285, train_loss-0.0006091, val_loss-0.0006763
2024-12-22 07:33:26 - INFO - epoch-286, train_loss-0.0006094, val_loss-0.0006777
2024-12-22 07:34:31 - INFO - epoch-287, train_loss-0.0006093, val_loss-0.0006821
2024-12-22 07:35:35 - INFO - epoch-288, train_loss-0.0006094, val_loss-0.0006728
2024-12-22 07:36:39 - INFO - epoch-289, train_loss-0.0006092, val_loss-0.0006750
2024-12-22 07:37:43 - INFO - epoch-290, train_loss-0.0006085, val_loss-0.0006809
2024-12-22 07:38:47 - INFO - epoch-291, train_loss-0.0006090, val_loss-0.0006714
2024-12-22 07:39:51 - INFO - epoch-292, train_loss-0.0006094, val_loss-0.0006774
2024-12-22 07:40:55 - INFO - epoch-293, train_loss-0.0006074, val_loss-0.0006744
2024-12-22 07:41:59 - INFO - epoch-294, train_loss-0.0006061, val_loss-0.0006731
2024-12-22 07:43:04 - INFO - epoch-295, train_loss-0.0006068, val_loss-0.0006689
2024-12-22 07:44:07 - INFO - epoch-296, train_loss-0.0006080, val_loss-0.0006718
2024-12-22 07:45:12 - INFO - epoch-297, train_loss-0.0006077, val_loss-0.0006702
2024-12-22 07:46:16 - INFO - epoch-298, train_loss-0.0006076, val_loss-0.0006727
2024-12-22 07:47:20 - INFO - epoch-299, train_loss-0.0006069, val_loss-0.0006714
