2024-12-21 03:49:45 - INFO - /mnt/cephfs/projects/2023110101_Ligand_fitting_to_EM_maps/My_Code/CryoLigate_Github/CryoLigate/GIGN/GIGN_EM/For_Elisei_Nov_2024/CryoLigate_GIGN_Unet/train_example.py
2024-12-21 03:49:45 - INFO - train data: 6809
2024-12-21 03:49:45 - INFO - valid data: 757
2024-12-21 03:50:10 - INFO - Initial_train_loss-0.0100730  Initial_val_loss-0.0101145
2024-12-21 03:51:16 - INFO - epoch-0, train_loss-0.0171704, val_loss-0.0494187
2024-12-21 03:52:21 - INFO - epoch-1, train_loss-0.0008377, val_loss-0.0391877
2024-12-21 03:53:27 - INFO - epoch-2, train_loss-0.0007614, val_loss-0.0345537
2024-12-21 03:54:33 - INFO - epoch-3, train_loss-0.0007311, val_loss-0.0318765
2024-12-21 03:55:38 - INFO - epoch-4, train_loss-0.0007128, val_loss-0.0300045
2024-12-21 03:56:44 - INFO - epoch-5, train_loss-0.0007051, val_loss-0.0303117
2024-12-21 03:57:49 - INFO - epoch-6, train_loss-0.0006978, val_loss-0.0310297
2024-12-21 03:58:56 - INFO - epoch-7, train_loss-0.0006921, val_loss-0.0313301
2024-12-21 04:00:01 - INFO - epoch-8, train_loss-0.0006879, val_loss-0.0322766
2024-12-21 04:01:07 - INFO - epoch-9, train_loss-0.0006839, val_loss-0.0292955
2024-12-21 04:02:13 - INFO - epoch-10, train_loss-0.0006825, val_loss-0.0320710
2024-12-21 04:03:19 - INFO - epoch-11, train_loss-0.0006778, val_loss-0.0289646
2024-12-21 04:04:24 - INFO - epoch-12, train_loss-0.0006773, val_loss-0.0308834
2024-12-21 04:05:30 - INFO - epoch-13, train_loss-0.0006759, val_loss-0.0312893
2024-12-21 04:06:35 - INFO - epoch-14, train_loss-0.0006744, val_loss-0.0248066
2024-12-21 04:07:41 - INFO - epoch-15, train_loss-0.0006701, val_loss-0.0244316
2024-12-21 04:08:46 - INFO - epoch-16, train_loss-0.0006672, val_loss-0.0273702
2024-12-21 04:09:52 - INFO - epoch-17, train_loss-0.0006664, val_loss-0.0267215
2024-12-21 04:10:59 - INFO - epoch-18, train_loss-0.0006644, val_loss-0.0231051
2024-12-21 04:12:05 - INFO - epoch-19, train_loss-0.0006620, val_loss-0.0218549
2024-12-21 04:13:10 - INFO - epoch-20, train_loss-0.0006608, val_loss-0.0201169
2024-12-21 04:14:16 - INFO - epoch-21, train_loss-0.0006593, val_loss-0.0268739
2024-12-21 04:15:21 - INFO - epoch-22, train_loss-0.0006585, val_loss-0.0234066
2024-12-21 04:16:27 - INFO - epoch-23, train_loss-0.0006586, val_loss-0.0235156
2024-12-21 04:17:32 - INFO - epoch-24, train_loss-0.0006570, val_loss-0.0235441
2024-12-21 04:18:38 - INFO - epoch-25, train_loss-0.0006561, val_loss-0.0258819
2024-12-21 04:19:45 - INFO - epoch-26, train_loss-0.0006552, val_loss-0.0266221
2024-12-21 04:20:51 - INFO - epoch-27, train_loss-0.0006542, val_loss-0.0330985
2024-12-21 04:21:58 - INFO - epoch-28, train_loss-0.0006531, val_loss-0.0267851
2024-12-21 04:23:03 - INFO - epoch-29, train_loss-0.0006523, val_loss-0.0295163
2024-12-21 04:24:09 - INFO - epoch-30, train_loss-0.0006514, val_loss-0.0295447
2024-12-21 04:25:14 - INFO - epoch-31, train_loss-0.0006519, val_loss-0.0311441
2024-12-21 04:26:20 - INFO - epoch-32, train_loss-0.0006511, val_loss-0.0335505
2024-12-21 04:27:27 - INFO - epoch-33, train_loss-0.0006503, val_loss-0.0294777
2024-12-21 04:28:32 - INFO - epoch-34, train_loss-0.0006500, val_loss-0.0340775
2024-12-21 04:29:38 - INFO - epoch-35, train_loss-0.0006504, val_loss-0.0296353
2024-12-21 04:30:43 - INFO - epoch-36, train_loss-0.0006497, val_loss-0.0339580
2024-12-21 04:31:49 - INFO - epoch-37, train_loss-0.0006506, val_loss-0.0369886
2024-12-21 04:32:54 - INFO - epoch-38, train_loss-0.0006499, val_loss-0.0317989
2024-12-21 04:34:00 - INFO - epoch-39, train_loss-0.0006476, val_loss-0.0315615
2024-12-21 04:35:05 - INFO - epoch-40, train_loss-0.0006470, val_loss-0.0280570
2024-12-21 04:36:11 - INFO - epoch-41, train_loss-0.0006468, val_loss-0.0309901
2024-12-21 04:37:16 - INFO - epoch-42, train_loss-0.0006464, val_loss-0.0311156
2024-12-21 04:38:22 - INFO - epoch-43, train_loss-0.0006463, val_loss-0.0301131
2024-12-21 04:39:27 - INFO - epoch-44, train_loss-0.0006457, val_loss-0.0341405
2024-12-21 04:40:33 - INFO - epoch-45, train_loss-0.0006454, val_loss-0.0296043
2024-12-21 04:41:38 - INFO - epoch-46, train_loss-0.0006449, val_loss-0.0274473
2024-12-21 04:45:40 - INFO - epoch-47, train_loss-0.0006456, val_loss-0.0296444
2024-12-21 04:46:52 - INFO - epoch-48, train_loss-0.0006444, val_loss-0.0313399
2024-12-21 04:47:58 - INFO - epoch-49, train_loss-0.0006438, val_loss-0.0288521
2024-12-21 04:49:03 - INFO - epoch-50, train_loss-0.0006436, val_loss-0.0315039
2024-12-21 04:50:08 - INFO - epoch-51, train_loss-0.0006440, val_loss-0.0273140
2024-12-21 04:51:15 - INFO - epoch-52, train_loss-0.0006428, val_loss-0.0302170
2024-12-21 04:52:20 - INFO - epoch-53, train_loss-0.0006434, val_loss-0.0317376
2024-12-21 04:53:26 - INFO - epoch-54, train_loss-0.0006439, val_loss-0.0269957
2024-12-21 04:54:32 - INFO - epoch-55, train_loss-0.0006437, val_loss-0.0227126
2024-12-21 04:55:37 - INFO - epoch-56, train_loss-0.0006446, val_loss-0.0237864
2024-12-21 04:56:42 - INFO - epoch-57, train_loss-0.0006472, val_loss-0.0263587
2024-12-21 04:57:47 - INFO - epoch-58, train_loss-0.0006445, val_loss-0.0205500
2024-12-21 04:58:52 - INFO - epoch-59, train_loss-0.0006434, val_loss-0.0143100
2024-12-21 04:59:57 - INFO - epoch-60, train_loss-0.0006423, val_loss-0.0181396
2024-12-21 05:01:02 - INFO - epoch-61, train_loss-0.0006424, val_loss-0.0131835
2024-12-21 05:02:07 - INFO - epoch-62, train_loss-0.0006417, val_loss-0.0125405
2024-12-21 05:03:12 - INFO - epoch-63, train_loss-0.0006425, val_loss-0.0122605
2024-12-21 05:04:17 - INFO - epoch-64, train_loss-0.0006421, val_loss-0.0099641
2024-12-21 05:05:24 - INFO - epoch-65, train_loss-0.0006416, val_loss-0.0074406
2024-12-21 05:06:30 - INFO - epoch-66, train_loss-0.0006420, val_loss-0.0110749
2024-12-21 05:07:35 - INFO - epoch-67, train_loss-0.0006419, val_loss-0.0096337
2024-12-21 05:08:40 - INFO - epoch-68, train_loss-0.0006435, val_loss-0.0100409
2024-12-21 05:09:45 - INFO - epoch-69, train_loss-0.0006395, val_loss-0.0067478
2024-12-21 05:10:50 - INFO - epoch-70, train_loss-0.0006391, val_loss-0.0086074
2024-12-21 05:11:55 - INFO - epoch-71, train_loss-0.0006388, val_loss-0.0034879
2024-12-21 05:13:00 - INFO - epoch-72, train_loss-0.0006385, val_loss-0.0043037
2024-12-21 05:14:05 - INFO - epoch-73, train_loss-0.0006408, val_loss-0.0039283
2024-12-21 05:15:10 - INFO - epoch-74, train_loss-0.0006404, val_loss-0.0042624
2024-12-21 05:16:15 - INFO - epoch-75, train_loss-0.0006387, val_loss-0.0049689
2024-12-21 05:17:20 - INFO - epoch-76, train_loss-0.0006382, val_loss-0.0030792
2024-12-21 05:18:24 - INFO - epoch-77, train_loss-0.0006394, val_loss-0.0040519
2024-12-21 05:19:29 - INFO - epoch-78, train_loss-0.0006413, val_loss-0.0034551
2024-12-21 05:20:34 - INFO - epoch-79, train_loss-0.0006377, val_loss-0.0024665
2024-12-21 05:21:39 - INFO - epoch-80, train_loss-0.0007193, val_loss-0.0016166
2024-12-21 05:22:44 - INFO - epoch-81, train_loss-0.0006383, val_loss-0.0016915
2024-12-21 05:23:49 - INFO - epoch-82, train_loss-0.0006366, val_loss-0.0017775
2024-12-21 05:24:55 - INFO - epoch-83, train_loss-0.0006359, val_loss-0.0016507
2024-12-21 05:26:01 - INFO - epoch-84, train_loss-0.0006361, val_loss-0.0016668
2024-12-21 05:27:06 - INFO - epoch-85, train_loss-0.0006368, val_loss-0.0016922
2024-12-21 05:28:12 - INFO - epoch-86, train_loss-0.0006368, val_loss-0.0015623
2024-12-21 05:29:17 - INFO - epoch-87, train_loss-0.0006360, val_loss-0.0015158
2024-12-21 05:30:23 - INFO - epoch-88, train_loss-0.0006360, val_loss-0.0015220
2024-12-21 05:31:28 - INFO - epoch-89, train_loss-0.0006365, val_loss-0.0014037
2024-12-21 05:32:33 - INFO - epoch-90, train_loss-0.0006370, val_loss-0.0015814
2024-12-21 05:33:38 - INFO - epoch-91, train_loss-0.0006364, val_loss-0.0014407
2024-12-21 05:34:43 - INFO - epoch-92, train_loss-0.0006361, val_loss-0.0015799
2024-12-21 05:35:48 - INFO - epoch-93, train_loss-0.0006366, val_loss-0.0015932
2024-12-21 05:36:53 - INFO - epoch-94, train_loss-0.0006365, val_loss-0.0015955
2024-12-21 05:37:59 - INFO - epoch-95, train_loss-0.0006356, val_loss-0.0016259
2024-12-21 05:39:03 - INFO - epoch-96, train_loss-0.0006356, val_loss-0.0015665
2024-12-21 05:40:08 - INFO - epoch-97, train_loss-0.0006355, val_loss-0.0015678
2024-12-21 05:41:13 - INFO - epoch-98, train_loss-0.0006359, val_loss-0.0015456
2024-12-21 05:42:19 - INFO - epoch-99, train_loss-0.0006340, val_loss-0.0015094
2024-12-21 05:43:23 - INFO - epoch-100, train_loss-0.0006364, val_loss-0.0013776
2024-12-21 05:44:28 - INFO - epoch-101, train_loss-0.0006363, val_loss-0.0012665
2024-12-21 05:45:33 - INFO - epoch-102, train_loss-0.0006338, val_loss-0.0011509
2024-12-21 05:46:39 - INFO - epoch-103, train_loss-0.0006378, val_loss-0.0012713
2024-12-21 05:47:44 - INFO - epoch-104, train_loss-0.0006409, val_loss-0.0011069
2024-12-21 05:48:48 - INFO - epoch-105, train_loss-0.0006358, val_loss-0.0012693
2024-12-21 05:49:53 - INFO - epoch-106, train_loss-0.0006339, val_loss-0.0028649
2024-12-21 05:50:57 - INFO - epoch-107, train_loss-0.0006372, val_loss-0.0012579
2024-12-21 05:52:02 - INFO - epoch-108, train_loss-0.0006340, val_loss-0.0013296
2024-12-21 05:53:07 - INFO - epoch-109, train_loss-0.0006346, val_loss-0.0008879
2024-12-21 05:54:11 - INFO - epoch-110, train_loss-0.0006391, val_loss-0.0009246
2024-12-21 05:56:52 - INFO - epoch-111, train_loss-0.0006416, val_loss-0.0015968
2024-12-21 05:59:11 - INFO - epoch-112, train_loss-0.0006375, val_loss-0.0013274
2024-12-21 06:00:15 - INFO - epoch-113, train_loss-0.0006343, val_loss-0.0010984
2024-12-21 06:01:20 - INFO - epoch-114, train_loss-0.0006337, val_loss-0.0017374
2024-12-21 06:02:24 - INFO - epoch-115, train_loss-0.0006345, val_loss-0.0011395
2024-12-21 06:03:29 - INFO - epoch-116, train_loss-0.0006599, val_loss-0.0008208
2024-12-21 06:04:33 - INFO - epoch-117, train_loss-0.0006397, val_loss-0.0010373
2024-12-21 06:05:38 - INFO - epoch-118, train_loss-0.0006437, val_loss-0.0007732
2024-12-21 06:06:42 - INFO - epoch-119, train_loss-0.0006351, val_loss-0.0009202
2024-12-21 06:07:47 - INFO - epoch-120, train_loss-0.0006311, val_loss-0.0008284
2024-12-21 06:08:51 - INFO - epoch-121, train_loss-0.0006312, val_loss-0.0008272
2024-12-21 06:09:56 - INFO - epoch-122, train_loss-0.0006349, val_loss-0.0008713
2024-12-21 06:11:00 - INFO - epoch-123, train_loss-0.0006336, val_loss-0.0008544
2024-12-21 06:12:06 - INFO - epoch-124, train_loss-0.0006338, val_loss-0.0009355
2024-12-21 06:13:10 - INFO - epoch-125, train_loss-0.0006322, val_loss-0.0008880
2024-12-21 06:14:15 - INFO - epoch-126, train_loss-0.0006329, val_loss-0.0009819
2024-12-21 06:15:20 - INFO - epoch-127, train_loss-0.0006322, val_loss-0.0008858
2024-12-21 06:16:25 - INFO - epoch-128, train_loss-0.0006367, val_loss-0.0009563
2024-12-21 06:17:29 - INFO - epoch-129, train_loss-0.0006346, val_loss-0.0009902
2024-12-21 06:18:34 - INFO - epoch-130, train_loss-0.0006345, val_loss-0.0011145
2024-12-21 06:19:38 - INFO - epoch-131, train_loss-0.0006321, val_loss-0.0012332
2024-12-21 06:20:43 - INFO - epoch-132, train_loss-0.0006312, val_loss-0.0011301
2024-12-21 06:21:47 - INFO - epoch-133, train_loss-0.0006314, val_loss-0.0010136
2024-12-21 06:22:52 - INFO - epoch-134, train_loss-0.0006310, val_loss-0.0010027
2024-12-21 06:23:57 - INFO - epoch-135, train_loss-0.0006777, val_loss-0.0010835
2024-12-21 06:25:01 - INFO - epoch-136, train_loss-0.0006431, val_loss-0.0011211
2024-12-21 06:26:06 - INFO - epoch-137, train_loss-0.0006294, val_loss-0.0010191
2024-12-21 06:27:10 - INFO - epoch-138, train_loss-0.0006268, val_loss-0.0009792
2024-12-21 06:28:15 - INFO - epoch-139, train_loss-0.0006277, val_loss-0.0011475
2024-12-21 06:29:19 - INFO - epoch-140, train_loss-0.0006279, val_loss-0.0010810
2024-12-21 06:30:23 - INFO - epoch-141, train_loss-0.0006294, val_loss-0.0010386
2024-12-21 06:31:28 - INFO - epoch-142, train_loss-0.0006301, val_loss-0.0010529
2024-12-21 06:32:32 - INFO - epoch-143, train_loss-0.0006282, val_loss-0.0012393
2024-12-21 06:33:37 - INFO - epoch-144, train_loss-0.0006288, val_loss-0.0011844
2024-12-21 06:34:41 - INFO - epoch-145, train_loss-0.0006270, val_loss-0.0013439
2024-12-21 06:35:45 - INFO - epoch-146, train_loss-0.0006285, val_loss-0.0013179
2024-12-21 06:36:50 - INFO - epoch-147, train_loss-0.0006284, val_loss-0.0012564
2024-12-21 06:37:54 - INFO - epoch-148, train_loss-0.0006266, val_loss-0.0014259
2024-12-21 06:38:58 - INFO - epoch-149, train_loss-0.0006257, val_loss-0.0015208
2024-12-21 06:40:03 - INFO - epoch-150, train_loss-0.0006248, val_loss-0.0013813
2024-12-21 06:41:07 - INFO - epoch-151, train_loss-0.0006244, val_loss-0.0015368
2024-12-21 06:42:11 - INFO - epoch-152, train_loss-0.0006237, val_loss-0.0014000
2024-12-21 06:43:16 - INFO - epoch-153, train_loss-0.0006232, val_loss-0.0013468
2024-12-21 06:44:21 - INFO - epoch-154, train_loss-0.0006234, val_loss-0.0013337
2024-12-21 06:45:25 - INFO - epoch-155, train_loss-0.0006229, val_loss-0.0013123
2024-12-21 06:46:30 - INFO - epoch-156, train_loss-0.0006219, val_loss-0.0013606
2024-12-21 06:47:34 - INFO - epoch-157, train_loss-0.0006226, val_loss-0.0014730
2024-12-21 06:48:38 - INFO - epoch-158, train_loss-0.0006225, val_loss-0.0014108
2024-12-21 06:49:43 - INFO - epoch-159, train_loss-0.0006238, val_loss-0.0013409
2024-12-21 06:50:47 - INFO - epoch-160, train_loss-0.0006232, val_loss-0.0013588
2024-12-21 06:51:52 - INFO - epoch-161, train_loss-0.0006231, val_loss-0.0012488
2024-12-21 06:52:56 - INFO - epoch-162, train_loss-0.0006214, val_loss-0.0012268
2024-12-21 06:54:00 - INFO - epoch-163, train_loss-0.0006208, val_loss-0.0012361
2024-12-21 06:55:05 - INFO - epoch-164, train_loss-0.0006217, val_loss-0.0014008
2024-12-21 06:56:09 - INFO - epoch-165, train_loss-0.0006206, val_loss-0.0011693
2024-12-21 06:57:14 - INFO - epoch-166, train_loss-0.0006202, val_loss-0.0012453
2024-12-21 06:58:18 - INFO - epoch-167, train_loss-0.0006215, val_loss-0.0012939
2024-12-21 06:59:22 - INFO - epoch-168, train_loss-0.0006198, val_loss-0.0011351
2024-12-21 07:00:26 - INFO - epoch-169, train_loss-0.0006198, val_loss-0.0013260
2024-12-21 07:01:31 - INFO - epoch-170, train_loss-0.0006196, val_loss-0.0012977
2024-12-21 07:02:35 - INFO - epoch-171, train_loss-0.0006199, val_loss-0.0014023
2024-12-21 07:03:40 - INFO - epoch-172, train_loss-0.0006181, val_loss-0.0012635
2024-12-21 07:04:44 - INFO - epoch-173, train_loss-0.0006171, val_loss-0.0012244
2024-12-21 07:05:48 - INFO - epoch-174, train_loss-0.0006170, val_loss-0.0011108
2024-12-21 07:06:52 - INFO - epoch-175, train_loss-0.0006174, val_loss-0.0010896
2024-12-21 07:07:57 - INFO - epoch-176, train_loss-0.0006184, val_loss-0.0012311
2024-12-21 07:09:01 - INFO - epoch-177, train_loss-0.0006171, val_loss-0.0012454
2024-12-21 07:10:06 - INFO - epoch-178, train_loss-0.0006155, val_loss-0.0012548
2024-12-21 07:11:10 - INFO - epoch-179, train_loss-0.0006149, val_loss-0.0010724
2024-12-21 07:12:14 - INFO - epoch-180, train_loss-0.0006135, val_loss-0.0009931
2024-12-21 07:13:18 - INFO - epoch-181, train_loss-0.0006134, val_loss-0.0011389
2024-12-21 07:14:23 - INFO - epoch-182, train_loss-0.0006153, val_loss-0.0010853
2024-12-21 07:15:27 - INFO - epoch-183, train_loss-0.0006152, val_loss-0.0011936
2024-12-21 07:16:31 - INFO - epoch-184, train_loss-0.0006156, val_loss-0.0010461
2024-12-21 07:17:35 - INFO - epoch-185, train_loss-0.0006155, val_loss-0.0011479
2024-12-21 07:19:55 - INFO - epoch-186, train_loss-0.0006147, val_loss-0.0011083
2024-12-21 07:22:22 - INFO - epoch-187, train_loss-0.0006189, val_loss-0.0010142
2024-12-21 07:23:28 - INFO - epoch-188, train_loss-0.0006155, val_loss-0.0009322
2024-12-21 07:24:32 - INFO - epoch-189, train_loss-0.0006146, val_loss-0.0008758
2024-12-21 07:25:36 - INFO - epoch-190, train_loss-0.0006134, val_loss-0.0009196
2024-12-21 07:26:40 - INFO - epoch-191, train_loss-0.0006133, val_loss-0.0010156
2024-12-21 07:27:45 - INFO - epoch-192, train_loss-0.0006123, val_loss-0.0008463
2024-12-21 07:28:49 - INFO - epoch-193, train_loss-0.0006125, val_loss-0.0008098
2024-12-21 07:29:53 - INFO - epoch-194, train_loss-0.0006123, val_loss-0.0008446
2024-12-21 07:30:58 - INFO - epoch-195, train_loss-0.0006122, val_loss-0.0008733
2024-12-21 07:32:02 - INFO - epoch-196, train_loss-0.0006119, val_loss-0.0008929
2024-12-21 07:33:06 - INFO - epoch-197, train_loss-0.0006117, val_loss-0.0007989
2024-12-21 07:34:10 - INFO - epoch-198, train_loss-0.0006103, val_loss-0.0007589
2024-12-21 07:35:14 - INFO - epoch-199, train_loss-0.0006117, val_loss-0.0008789
2024-12-21 07:36:19 - INFO - epoch-200, train_loss-0.0006093, val_loss-0.0008287
2024-12-21 07:37:23 - INFO - epoch-201, train_loss-0.0006091, val_loss-0.0009378
2024-12-21 07:38:27 - INFO - epoch-202, train_loss-0.0006096, val_loss-0.0007600
2024-12-21 07:39:31 - INFO - epoch-203, train_loss-0.0006094, val_loss-0.0007363
2024-12-21 07:40:36 - INFO - epoch-204, train_loss-0.0006085, val_loss-0.0007834
2024-12-21 07:41:40 - INFO - epoch-205, train_loss-0.0006094, val_loss-0.0008991
2024-12-21 07:42:44 - INFO - epoch-206, train_loss-0.0006089, val_loss-0.0008187
2024-12-21 07:43:48 - INFO - epoch-207, train_loss-0.0006072, val_loss-0.0008052
2024-12-21 07:44:52 - INFO - epoch-208, train_loss-0.0006074, val_loss-0.0007842
2024-12-21 07:45:57 - INFO - epoch-209, train_loss-0.0006060, val_loss-0.0009131
2024-12-21 07:47:01 - INFO - epoch-210, train_loss-0.0006079, val_loss-0.0010052
2024-12-21 07:48:05 - INFO - epoch-211, train_loss-0.0006071, val_loss-0.0008985
2024-12-21 07:49:09 - INFO - epoch-212, train_loss-0.0006076, val_loss-0.0008097
2024-12-21 07:50:15 - INFO - epoch-213, train_loss-0.0006078, val_loss-0.0008515
2024-12-21 07:51:20 - INFO - epoch-214, train_loss-0.0006064, val_loss-0.0007823
2024-12-21 07:52:24 - INFO - epoch-215, train_loss-0.0006063, val_loss-0.0007408
2024-12-21 07:53:28 - INFO - epoch-216, train_loss-0.0006076, val_loss-0.0007920
2024-12-21 07:54:33 - INFO - epoch-217, train_loss-0.0006069, val_loss-0.0007223
2024-12-21 07:55:37 - INFO - epoch-218, train_loss-0.0006042, val_loss-0.0007913
2024-12-21 07:56:41 - INFO - epoch-219, train_loss-0.0006045, val_loss-0.0007474
2024-12-21 07:57:45 - INFO - epoch-220, train_loss-0.0006039, val_loss-0.0007530
2024-12-21 07:58:49 - INFO - epoch-221, train_loss-0.0006029, val_loss-0.0007405
2024-12-21 07:59:54 - INFO - epoch-222, train_loss-0.0006043, val_loss-0.0008191
2024-12-21 08:01:00 - INFO - epoch-223, train_loss-0.0006036, val_loss-0.0008375
2024-12-21 08:02:04 - INFO - epoch-224, train_loss-0.0006013, val_loss-0.0007539
2024-12-21 08:03:08 - INFO - epoch-225, train_loss-0.0006023, val_loss-0.0008048
2024-12-21 08:04:12 - INFO - epoch-226, train_loss-0.0006027, val_loss-0.0007254
2024-12-21 08:05:16 - INFO - epoch-227, train_loss-0.0006009, val_loss-0.0007168
2024-12-21 08:06:20 - INFO - epoch-228, train_loss-0.0006018, val_loss-0.0008002
2024-12-21 08:07:25 - INFO - epoch-229, train_loss-0.0006032, val_loss-0.0007289
2024-12-21 08:08:29 - INFO - epoch-230, train_loss-0.0006023, val_loss-0.0008236
2024-12-21 08:09:34 - INFO - epoch-231, train_loss-0.0006023, val_loss-0.0007196
2024-12-21 08:10:38 - INFO - epoch-232, train_loss-0.0006001, val_loss-0.0007692
2024-12-21 08:11:42 - INFO - epoch-233, train_loss-0.0006011, val_loss-0.0007324
2024-12-21 08:12:46 - INFO - epoch-234, train_loss-0.0006003, val_loss-0.0007538
2024-12-21 08:13:50 - INFO - epoch-235, train_loss-0.0005974, val_loss-0.0007254
2024-12-21 08:14:54 - INFO - epoch-236, train_loss-0.0005994, val_loss-0.0007523
2024-12-21 08:16:00 - INFO - epoch-237, train_loss-0.0006009, val_loss-0.0007566
2024-12-21 08:17:05 - INFO - epoch-238, train_loss-0.0006004, val_loss-0.0007306
2024-12-21 08:18:10 - INFO - epoch-239, train_loss-0.0005998, val_loss-0.0007588
2024-12-21 08:19:14 - INFO - epoch-240, train_loss-0.0005995, val_loss-0.0007474
2024-12-21 08:20:18 - INFO - epoch-241, train_loss-0.0005994, val_loss-0.0007168
2024-12-21 08:21:24 - INFO - epoch-242, train_loss-0.0005996, val_loss-0.0007163
2024-12-21 08:22:28 - INFO - epoch-243, train_loss-0.0005990, val_loss-0.0008061
2024-12-21 08:23:32 - INFO - epoch-244, train_loss-0.0005994, val_loss-0.0007462
2024-12-21 08:24:36 - INFO - epoch-245, train_loss-0.0005979, val_loss-0.0007335
2024-12-21 08:25:40 - INFO - epoch-246, train_loss-0.0005968, val_loss-0.0007045
2024-12-21 08:26:45 - INFO - epoch-247, train_loss-0.0005973, val_loss-0.0007124
2024-12-21 08:27:49 - INFO - epoch-248, train_loss-0.0005984, val_loss-0.0007532
2024-12-21 08:28:53 - INFO - epoch-249, train_loss-0.0005964, val_loss-0.0007118
2024-12-21 08:29:58 - INFO - epoch-250, train_loss-0.0005958, val_loss-0.0007148
2024-12-21 08:31:02 - INFO - epoch-251, train_loss-0.0005955, val_loss-0.0007387
2024-12-21 08:32:06 - INFO - epoch-252, train_loss-0.0005965, val_loss-0.0007405
2024-12-21 08:33:10 - INFO - epoch-253, train_loss-0.0005964, val_loss-0.0007114
2024-12-21 08:34:31 - INFO - epoch-254, train_loss-0.0005969, val_loss-0.0007084
2024-12-21 08:37:37 - INFO - epoch-255, train_loss-0.0005958, val_loss-0.0007133
2024-12-21 08:38:41 - INFO - epoch-256, train_loss-0.0005951, val_loss-0.0007109
2024-12-21 08:39:45 - INFO - epoch-257, train_loss-0.0005960, val_loss-0.0007073
2024-12-21 08:40:49 - INFO - epoch-258, train_loss-0.0005942, val_loss-0.0007077
2024-12-21 08:41:55 - INFO - epoch-259, train_loss-0.0005955, val_loss-0.0007199
2024-12-21 08:42:59 - INFO - epoch-260, train_loss-0.0005958, val_loss-0.0007391
2024-12-21 08:44:03 - INFO - epoch-261, train_loss-0.0005964, val_loss-0.0007153
2024-12-21 08:45:07 - INFO - epoch-262, train_loss-0.0005974, val_loss-0.0007246
2024-12-21 08:46:11 - INFO - epoch-263, train_loss-0.0005944, val_loss-0.0007077
2024-12-21 08:47:15 - INFO - epoch-264, train_loss-0.0005930, val_loss-0.0007164
2024-12-21 08:48:19 - INFO - epoch-265, train_loss-0.0005945, val_loss-0.0007050
2024-12-21 08:49:24 - INFO - epoch-266, train_loss-0.0005955, val_loss-0.0007058
2024-12-21 08:50:29 - INFO - epoch-267, train_loss-0.0005936, val_loss-0.0007051
2024-12-21 08:51:33 - INFO - epoch-268, train_loss-0.0005964, val_loss-0.0007047
2024-12-21 08:52:37 - INFO - epoch-269, train_loss-0.0005955, val_loss-0.0007070
2024-12-21 08:53:42 - INFO - epoch-270, train_loss-0.0005943, val_loss-0.0007177
2024-12-21 08:54:46 - INFO - epoch-271, train_loss-0.0005942, val_loss-0.0007234
2024-12-21 08:55:50 - INFO - epoch-272, train_loss-0.0005944, val_loss-0.0007045
2024-12-21 08:56:54 - INFO - epoch-273, train_loss-0.0005938, val_loss-0.0007051
2024-12-21 08:57:59 - INFO - epoch-274, train_loss-0.0005927, val_loss-0.0007055
2024-12-21 08:59:03 - INFO - epoch-275, train_loss-0.0005924, val_loss-0.0007083
2024-12-21 09:00:07 - INFO - epoch-276, train_loss-0.0005930, val_loss-0.0007031
2024-12-21 09:01:11 - INFO - epoch-277, train_loss-0.0005908, val_loss-0.0007099
2024-12-21 09:02:15 - INFO - epoch-278, train_loss-0.0005915, val_loss-0.0007059
2024-12-21 09:03:19 - INFO - epoch-279, train_loss-0.0005925, val_loss-0.0007034
2024-12-21 09:04:23 - INFO - epoch-280, train_loss-0.0005897, val_loss-0.0007076
2024-12-21 09:05:27 - INFO - epoch-281, train_loss-0.0005895, val_loss-0.0007069
2024-12-21 09:06:32 - INFO - epoch-282, train_loss-0.0005920, val_loss-0.0007049
2024-12-21 09:07:36 - INFO - epoch-283, train_loss-0.0005935, val_loss-0.0007087
2024-12-21 09:08:41 - INFO - epoch-284, train_loss-0.0005928, val_loss-0.0007039
2024-12-21 09:09:45 - INFO - epoch-285, train_loss-0.0005896, val_loss-0.0007096
2024-12-21 09:10:49 - INFO - epoch-286, train_loss-0.0005896, val_loss-0.0007106
2024-12-21 09:11:53 - INFO - epoch-287, train_loss-0.0005888, val_loss-0.0007194
2024-12-21 09:12:57 - INFO - epoch-288, train_loss-0.0005894, val_loss-0.0007036
2024-12-21 09:14:01 - INFO - epoch-289, train_loss-0.0005889, val_loss-0.0007055
2024-12-21 09:15:05 - INFO - epoch-290, train_loss-0.0005883, val_loss-0.0007035
2024-12-21 09:16:11 - INFO - epoch-291, train_loss-0.0005870, val_loss-0.0007093
2024-12-21 09:17:15 - INFO - epoch-292, train_loss-0.0005907, val_loss-0.0007043
2024-12-21 09:18:19 - INFO - epoch-293, train_loss-0.0005896, val_loss-0.0007141
2024-12-21 09:19:23 - INFO - epoch-294, train_loss-0.0005879, val_loss-0.0007096
2024-12-21 09:20:27 - INFO - epoch-295, train_loss-0.0005873, val_loss-0.0007155
2024-12-21 09:21:31 - INFO - epoch-296, train_loss-0.0005880, val_loss-0.0007092
2024-12-21 09:22:35 - INFO - epoch-297, train_loss-0.0005894, val_loss-0.0007044
2024-12-21 09:23:39 - INFO - epoch-298, train_loss-0.0005873, val_loss-0.0007053
2024-12-21 09:24:43 - INFO - epoch-299, train_loss-0.0005888, val_loss-0.0007107
