2025-03-04 17:09:40 - INFO - train data: 13259
2025-03-04 17:09:40 - INFO - train unqiue data: 13259
2025-03-04 17:09:40 - INFO - valid data: 1474
2025-03-04 17:09:40 - INFO - valid unqiue data: 1474
2025-03-04 17:14:05 - INFO - epoch-0, train_mse_loss-0.0006018, train_kl_loss-0.0689750, val_mse_loss-0.0126493, val_kl_loss-0.0004350
2025-03-04 17:18:25 - INFO - epoch-1, train_mse_loss-0.0003490, train_kl_loss-0.0010952, val_mse_loss-0.0098411, val_kl_loss-0.0008747
2025-03-04 17:22:44 - INFO - epoch-2, train_mse_loss-0.0004306, train_kl_loss-0.2369726, val_mse_loss-0.0008513, val_kl_loss-0.4912700
2025-03-04 17:22:51 - INFO - Saved new best model at epoch 2 with validation loss 0.4921212
2025-03-04 17:27:09 - INFO - epoch-3, train_mse_loss-0.0004241, train_kl_loss-0.4756526, val_mse_loss-0.0007836, val_kl_loss-0.4756722
2025-03-04 17:27:16 - INFO - Saved new best model at epoch 3 with validation loss 0.4764558
2025-03-04 17:31:34 - INFO - epoch-4, train_mse_loss-0.0003915, train_kl_loss-0.4756815, val_mse_loss-0.0014137, val_kl_loss-0.4765431
2025-03-04 17:35:52 - INFO - epoch-5, train_mse_loss-0.0003765, train_kl_loss-0.4439979, val_mse_loss-0.0036099, val_kl_loss-0.2797182
2025-03-04 17:35:59 - INFO - Saved new best model at epoch 5 with validation loss 0.2833281
2025-03-04 17:40:16 - INFO - epoch-6, train_mse_loss-0.0003716, train_kl_loss-0.0154105, val_mse_loss-0.0023411, val_kl_loss-0.0000737
2025-03-04 17:40:22 - INFO - Saved new best model at epoch 6 with validation loss 0.0024148
2025-03-04 17:44:42 - INFO - epoch-7, train_mse_loss-0.0003527, train_kl_loss-0.0001375, val_mse_loss-0.0015844, val_kl_loss-0.0003212
2025-03-04 17:44:49 - INFO - Saved new best model at epoch 7 with validation loss 0.0019056
2025-03-04 17:49:08 - INFO - epoch-8, train_mse_loss-0.0003435, train_kl_loss-0.0002699, val_mse_loss-0.0007708, val_kl_loss-0.0011467
2025-03-04 17:53:27 - INFO - epoch-9, train_mse_loss-0.0003402, train_kl_loss-0.0001285, val_mse_loss-0.0005146, val_kl_loss-0.0003068
2025-03-04 17:53:33 - INFO - Saved new best model at epoch 9 with validation loss 0.0008214
2025-03-04 17:57:50 - INFO - epoch-10, train_mse_loss-0.0003374, train_kl_loss-0.0000866, val_mse_loss-0.0008842, val_kl_loss-0.0000528
2025-03-04 18:02:09 - INFO - epoch-11, train_mse_loss-0.0003414, train_kl_loss-0.0009217, val_mse_loss-0.0012124, val_kl_loss-0.0000015
2025-03-04 18:06:31 - INFO - epoch-12, train_mse_loss-0.0003360, train_kl_loss-0.0000078, val_mse_loss-0.0004499, val_kl_loss-0.0000084
2025-03-04 18:06:37 - INFO - Saved new best model at epoch 12 with validation loss 0.0004583
2025-03-04 18:10:54 - INFO - epoch-13, train_mse_loss-0.0003330, train_kl_loss-0.0000114, val_mse_loss-0.0003441, val_kl_loss-0.0000053
2025-03-04 18:11:00 - INFO - Saved new best model at epoch 13 with validation loss 0.0003494
2025-03-04 18:15:20 - INFO - epoch-14, train_mse_loss-0.0003469, train_kl_loss-0.0085530, val_mse_loss-0.0005187, val_kl_loss-0.0000230
2025-03-04 18:19:38 - INFO - epoch-15, train_mse_loss-0.0003493, train_kl_loss-0.0000280, val_mse_loss-0.0004881, val_kl_loss-0.0000112
2025-03-04 18:23:54 - INFO - epoch-16, train_mse_loss-0.0003393, train_kl_loss-0.0000171, val_mse_loss-0.0005736, val_kl_loss-0.0000038
2025-03-04 18:28:11 - INFO - epoch-17, train_mse_loss-0.0003342, train_kl_loss-0.0000121, val_mse_loss-0.0004797, val_kl_loss-0.0000024
2025-03-04 18:32:28 - INFO - epoch-18, train_mse_loss-0.0003321, train_kl_loss-0.0000130, val_mse_loss-0.0005020, val_kl_loss-0.0000062
2025-03-04 18:36:43 - INFO - epoch-19, train_mse_loss-0.0003306, train_kl_loss-0.0000140, val_mse_loss-0.0004297, val_kl_loss-0.0000016
2025-03-04 18:41:02 - INFO - epoch-20, train_mse_loss-0.0003295, train_kl_loss-0.0000142, val_mse_loss-0.0004870, val_kl_loss-0.0000013
2025-03-04 18:45:18 - INFO - epoch-21, train_mse_loss-0.0003288, train_kl_loss-0.0000030, val_mse_loss-0.0004883, val_kl_loss-0.0000002
2025-03-04 18:49:35 - INFO - epoch-22, train_mse_loss-0.0003343, train_kl_loss-0.0217926, val_mse_loss-0.0005548, val_kl_loss-0.0000498
2025-03-04 18:53:51 - INFO - epoch-23, train_mse_loss-0.0003362, train_kl_loss-0.0000540, val_mse_loss-0.0005195, val_kl_loss-0.0000165
2025-03-04 18:58:09 - INFO - epoch-24, train_mse_loss-0.0003342, train_kl_loss-0.0000216, val_mse_loss-0.0005110, val_kl_loss-0.0000060
2025-03-04 19:02:25 - INFO - epoch-25, train_mse_loss-0.0003334, train_kl_loss-0.0000182, val_mse_loss-0.0005244, val_kl_loss-0.0000028
2025-03-04 19:06:42 - INFO - epoch-26, train_mse_loss-0.0003332, train_kl_loss-0.0000103, val_mse_loss-0.0005241, val_kl_loss-0.0000029
2025-03-04 19:10:59 - INFO - epoch-27, train_mse_loss-0.0003325, train_kl_loss-0.0000120, val_mse_loss-0.0005013, val_kl_loss-0.0000024
2025-03-04 19:15:16 - INFO - epoch-28, train_mse_loss-0.0003319, train_kl_loss-0.0000094, val_mse_loss-0.0005005, val_kl_loss-0.0000006
2025-03-04 19:19:33 - INFO - epoch-29, train_mse_loss-0.0003316, train_kl_loss-0.0000039, val_mse_loss-0.0004986, val_kl_loss-0.0000012
2025-03-04 19:23:49 - INFO - epoch-30, train_mse_loss-0.0003309, train_kl_loss-0.0000635, val_mse_loss-0.0004983, val_kl_loss-0.0000002
2025-03-04 19:28:05 - INFO - epoch-31, train_mse_loss-0.0003298, train_kl_loss-0.0000015, val_mse_loss-0.0004694, val_kl_loss-0.0000000
2025-03-04 19:32:21 - INFO - epoch-32, train_mse_loss-0.0003284, train_kl_loss-0.0000002, val_mse_loss-0.0004481, val_kl_loss-0.0000000
2025-03-04 19:36:37 - INFO - epoch-33, train_mse_loss-0.0003275, train_kl_loss-0.0000000, val_mse_loss-0.0004184, val_kl_loss-0.0000000
2025-03-04 19:40:53 - INFO - epoch-34, train_mse_loss-0.0003270, train_kl_loss-0.0000000, val_mse_loss-0.0004123, val_kl_loss-0.0000000
2025-03-04 19:45:09 - INFO - epoch-35, train_mse_loss-0.0003267, train_kl_loss--0.0000000, val_mse_loss-0.0003545, val_kl_loss--0.0000000
2025-03-04 19:49:26 - INFO - epoch-36, train_mse_loss-0.0003264, train_kl_loss--0.0000000, val_mse_loss-0.0003782, val_kl_loss-0.0000000
2025-03-04 19:53:41 - INFO - epoch-37, train_mse_loss-0.0003263, train_kl_loss-0.0000000, val_mse_loss-0.0003917, val_kl_loss-0.0000000
2025-03-04 19:57:56 - INFO - epoch-38, train_mse_loss-0.0003261, train_kl_loss-0.0000000, val_mse_loss-0.0004399, val_kl_loss-0.0000000
2025-03-04 20:02:13 - INFO - epoch-39, train_mse_loss-0.0003259, train_kl_loss-0.0000000, val_mse_loss-0.0004374, val_kl_loss-0.0000000
2025-03-04 20:06:28 - INFO - epoch-40, train_mse_loss-0.0003258, train_kl_loss-0.0000000, val_mse_loss-0.0003962, val_kl_loss-0.0000000
2025-03-04 20:10:43 - INFO - epoch-41, train_mse_loss-0.0003257, train_kl_loss-0.0000000, val_mse_loss-0.0004808, val_kl_loss-0.0000000
2025-03-04 20:14:58 - INFO - epoch-42, train_mse_loss-0.0003257, train_kl_loss-0.0000000, val_mse_loss-0.0004355, val_kl_loss-0.0000000
2025-03-04 20:19:13 - INFO - epoch-43, train_mse_loss-0.0003256, train_kl_loss-0.0000000, val_mse_loss-0.0004508, val_kl_loss-0.0000000
2025-03-04 20:23:28 - INFO - epoch-44, train_mse_loss-0.0003254, train_kl_loss-0.0000000, val_mse_loss-0.0004110, val_kl_loss-0.0000000
2025-03-04 20:27:42 - INFO - epoch-45, train_mse_loss-0.0003253, train_kl_loss-0.0000000, val_mse_loss-0.0003919, val_kl_loss-0.0000000
2025-03-04 20:31:58 - INFO - epoch-46, train_mse_loss-0.0003252, train_kl_loss-0.0000000, val_mse_loss-0.0003815, val_kl_loss-0.0000000
2025-03-04 20:36:13 - INFO - epoch-47, train_mse_loss-0.0003251, train_kl_loss-0.0000000, val_mse_loss-0.0003817, val_kl_loss-0.0000000
2025-03-04 20:40:29 - INFO - epoch-48, train_mse_loss-0.0003250, train_kl_loss-0.0000000, val_mse_loss-0.0003813, val_kl_loss-0.0000000
2025-03-04 20:44:44 - INFO - epoch-49, train_mse_loss-0.0003250, train_kl_loss-0.0000000, val_mse_loss-0.0003908, val_kl_loss-0.0000000
2025-03-04 20:48:59 - INFO - epoch-50, train_mse_loss-0.0003249, train_kl_loss-0.0000000, val_mse_loss-0.0003826, val_kl_loss-0.0000000
2025-03-04 20:53:13 - INFO - epoch-51, train_mse_loss-0.0003249, train_kl_loss-0.0000000, val_mse_loss-0.0003848, val_kl_loss-0.0000000
2025-03-04 20:57:28 - INFO - epoch-52, train_mse_loss-0.0003249, train_kl_loss-0.0000000, val_mse_loss-0.0003911, val_kl_loss-0.0000000
2025-03-04 21:01:43 - INFO - epoch-53, train_mse_loss-0.0003248, train_kl_loss-0.0000000, val_mse_loss-0.0003796, val_kl_loss-0.0000000
2025-03-04 21:05:57 - INFO - epoch-54, train_mse_loss-0.0003248, train_kl_loss-0.0000000, val_mse_loss-0.0003855, val_kl_loss-0.0000000
2025-03-04 21:10:13 - INFO - epoch-55, train_mse_loss-0.0003248, train_kl_loss-0.0000000, val_mse_loss-0.0003829, val_kl_loss-0.0000000
2025-03-04 21:14:27 - INFO - epoch-56, train_mse_loss-0.0003247, train_kl_loss-0.0000000, val_mse_loss-0.0003811, val_kl_loss-0.0000000
2025-03-04 21:18:42 - INFO - epoch-57, train_mse_loss-0.0003247, train_kl_loss-0.0000000, val_mse_loss-0.0003884, val_kl_loss-0.0000000
2025-03-04 21:22:58 - INFO - epoch-58, train_mse_loss-0.0003247, train_kl_loss-0.0000000, val_mse_loss-0.0003942, val_kl_loss-0.0000000
2025-03-04 21:27:13 - INFO - epoch-59, train_mse_loss-0.0003247, train_kl_loss-0.0000000, val_mse_loss-0.0003920, val_kl_loss-0.0000000
2025-03-04 21:31:28 - INFO - epoch-60, train_mse_loss-0.0003246, train_kl_loss-0.0000000, val_mse_loss-0.0003831, val_kl_loss-0.0000000
2025-03-04 21:35:42 - INFO - epoch-61, train_mse_loss-0.0003246, train_kl_loss-0.0000000, val_mse_loss-0.0003911, val_kl_loss-0.0000000
2025-03-04 21:39:58 - INFO - epoch-62, train_mse_loss-0.0003246, train_kl_loss-0.0000000, val_mse_loss-0.0003992, val_kl_loss-0.0000000
2025-03-04 21:44:13 - INFO - epoch-63, train_mse_loss-0.0003246, train_kl_loss-0.0000000, val_mse_loss-0.0004131, val_kl_loss-0.0000000
2025-03-04 21:48:28 - INFO - epoch-64, train_mse_loss-0.0003246, train_kl_loss-0.0000000, val_mse_loss-0.0003905, val_kl_loss-0.0000000
2025-03-04 21:52:44 - INFO - epoch-65, train_mse_loss-0.0003245, train_kl_loss-0.0000000, val_mse_loss-0.0004060, val_kl_loss-0.0000000
2025-03-04 21:57:05 - INFO - epoch-66, train_mse_loss-0.0003245, train_kl_loss-0.0000000, val_mse_loss-0.0004046, val_kl_loss-0.0000000
2025-03-04 22:01:20 - INFO - epoch-67, train_mse_loss-0.0003245, train_kl_loss-0.0000000, val_mse_loss-0.0003958, val_kl_loss-0.0000000
2025-03-04 22:05:34 - INFO - epoch-68, train_mse_loss-0.0003245, train_kl_loss-0.0000000, val_mse_loss-0.0003975, val_kl_loss-0.0000000
2025-03-04 22:09:49 - INFO - epoch-69, train_mse_loss-0.0003245, train_kl_loss-0.0000000, val_mse_loss-0.0003986, val_kl_loss-0.0000000
2025-03-04 22:14:05 - INFO - epoch-70, train_mse_loss-0.0003245, train_kl_loss-0.0000000, val_mse_loss-0.0003862, val_kl_loss-0.0000000
2025-03-04 22:18:20 - INFO - epoch-71, train_mse_loss-0.0003245, train_kl_loss-0.0000000, val_mse_loss-0.0003976, val_kl_loss-0.0000000
2025-03-04 22:22:35 - INFO - epoch-72, train_mse_loss-0.0003245, train_kl_loss-0.0000000, val_mse_loss-0.0004032, val_kl_loss-0.0000000
2025-03-04 22:27:02 - INFO - epoch-73, train_mse_loss-0.0003245, train_kl_loss-0.0000000, val_mse_loss-0.0004062, val_kl_loss-0.0000000
2025-03-04 22:31:17 - INFO - epoch-74, train_mse_loss-0.0003245, train_kl_loss-0.0000000, val_mse_loss-0.0003928, val_kl_loss-0.0000000
2025-03-04 22:35:32 - INFO - epoch-75, train_mse_loss-0.0003245, train_kl_loss-0.0000000, val_mse_loss-0.0003969, val_kl_loss-0.0000000
2025-03-04 22:39:46 - INFO - epoch-76, train_mse_loss-0.0003244, train_kl_loss-0.0000000, val_mse_loss-0.0003971, val_kl_loss-0.0000000
2025-03-04 22:44:04 - INFO - epoch-77, train_mse_loss-0.0003244, train_kl_loss-0.0000000, val_mse_loss-0.0003953, val_kl_loss-0.0000000
2025-03-04 22:48:20 - INFO - epoch-78, train_mse_loss-0.0003244, train_kl_loss-0.0000000, val_mse_loss-0.0003979, val_kl_loss-0.0000000
2025-03-04 22:52:35 - INFO - epoch-79, train_mse_loss-0.0003244, train_kl_loss-0.0000000, val_mse_loss-0.0004321, val_kl_loss-0.0000000
2025-03-04 22:56:50 - INFO - epoch-80, train_mse_loss-0.0003244, train_kl_loss-0.0000000, val_mse_loss-0.0004071, val_kl_loss-0.0000000
2025-03-04 23:01:05 - INFO - epoch-81, train_mse_loss-0.0003244, train_kl_loss-0.0000000, val_mse_loss-0.0003990, val_kl_loss-0.0000000
2025-03-04 23:05:19 - INFO - epoch-82, train_mse_loss-0.0003244, train_kl_loss-0.0000000, val_mse_loss-0.0004020, val_kl_loss-0.0000000
2025-03-04 23:09:34 - INFO - epoch-83, train_mse_loss-0.0003244, train_kl_loss-0.0000000, val_mse_loss-0.0003907, val_kl_loss-0.0000000
2025-03-04 23:13:49 - INFO - epoch-84, train_mse_loss-0.0003244, train_kl_loss-0.0000000, val_mse_loss-0.0003971, val_kl_loss-0.0000000
2025-03-04 23:18:04 - INFO - epoch-85, train_mse_loss-0.0003244, train_kl_loss-0.0000000, val_mse_loss-0.0004081, val_kl_loss-0.0000000
2025-03-04 23:22:21 - INFO - epoch-86, train_mse_loss-0.0003244, train_kl_loss-0.0000000, val_mse_loss-0.0004238, val_kl_loss-0.0000000
2025-03-04 23:26:35 - INFO - epoch-87, train_mse_loss-0.0003244, train_kl_loss-0.0000000, val_mse_loss-0.0003818, val_kl_loss-0.0000000
2025-03-04 23:30:49 - INFO - epoch-88, train_mse_loss-0.0003243, train_kl_loss-0.0000000, val_mse_loss-0.0003913, val_kl_loss-0.0000000
2025-03-04 23:35:04 - INFO - epoch-89, train_mse_loss-0.0003243, train_kl_loss-0.0000000, val_mse_loss-0.0004105, val_kl_loss-0.0000000
2025-03-04 23:39:19 - INFO - epoch-90, train_mse_loss-0.0003243, train_kl_loss-0.0000000, val_mse_loss-0.0004178, val_kl_loss-0.0000000
2025-03-04 23:43:33 - INFO - epoch-91, train_mse_loss-0.0003243, train_kl_loss-0.0000000, val_mse_loss-0.0004071, val_kl_loss-0.0000000
2025-03-04 23:47:47 - INFO - epoch-92, train_mse_loss-0.0003243, train_kl_loss-0.0000000, val_mse_loss-0.0004131, val_kl_loss-0.0000000
2025-03-04 23:52:01 - INFO - epoch-93, train_mse_loss-0.0003243, train_kl_loss-0.0000000, val_mse_loss-0.0003996, val_kl_loss-0.0000000
2025-03-04 23:56:16 - INFO - epoch-94, train_mse_loss-0.0003243, train_kl_loss-0.0000000, val_mse_loss-0.0003974, val_kl_loss-0.0000000
2025-03-05 00:00:31 - INFO - epoch-95, train_mse_loss-0.0003243, train_kl_loss-0.0000000, val_mse_loss-0.0004020, val_kl_loss-0.0000000
2025-03-05 00:04:45 - INFO - epoch-96, train_mse_loss-0.0003243, train_kl_loss-0.0000000, val_mse_loss-0.0003944, val_kl_loss-0.0000000
2025-03-05 00:09:01 - INFO - epoch-97, train_mse_loss-0.0003243, train_kl_loss-0.0000000, val_mse_loss-0.0003933, val_kl_loss-0.0000000
2025-03-05 00:13:16 - INFO - epoch-98, train_mse_loss-0.0003243, train_kl_loss-0.0000000, val_mse_loss-0.0003961, val_kl_loss-0.0000000
2025-03-05 00:17:31 - INFO - epoch-99, train_mse_loss-0.0003242, train_kl_loss-0.0000000, val_mse_loss-0.0003807, val_kl_loss-0.0000000
2025-03-05 00:21:46 - INFO - epoch-100, train_mse_loss-0.0003242, train_kl_loss-0.0000000, val_mse_loss-0.0003879, val_kl_loss-0.0000000
2025-03-05 00:26:01 - INFO - epoch-101, train_mse_loss-0.0003242, train_kl_loss-0.0000000, val_mse_loss-0.0003847, val_kl_loss-0.0000000
2025-03-05 00:30:15 - INFO - epoch-102, train_mse_loss-0.0003242, train_kl_loss-0.0000000, val_mse_loss-0.0003902, val_kl_loss-0.0000000
2025-03-05 00:34:29 - INFO - epoch-103, train_mse_loss-0.0003241, train_kl_loss-0.0000000, val_mse_loss-0.0003759, val_kl_loss-0.0000000
2025-03-05 00:38:43 - INFO - epoch-104, train_mse_loss-0.0003240, train_kl_loss-0.0000000, val_mse_loss-0.0003675, val_kl_loss-0.0000000
2025-03-05 00:42:58 - INFO - epoch-105, train_mse_loss-0.0003240, train_kl_loss-0.0000000, val_mse_loss-0.0003604, val_kl_loss-0.0000000
2025-03-05 00:47:11 - INFO - epoch-106, train_mse_loss-0.0003239, train_kl_loss-0.0000000, val_mse_loss-0.0003534, val_kl_loss-0.0000000
2025-03-05 00:51:25 - INFO - epoch-107, train_mse_loss-0.0003238, train_kl_loss-0.0000000, val_mse_loss-0.0003487, val_kl_loss-0.0000000
2025-03-05 00:51:31 - INFO - Saved new best model at epoch 107 with validation loss 0.0003487
2025-03-05 00:55:48 - INFO - epoch-108, train_mse_loss-0.0003238, train_kl_loss-0.0000000, val_mse_loss-0.0003518, val_kl_loss-0.0000000
2025-03-05 01:00:02 - INFO - epoch-109, train_mse_loss-0.0003237, train_kl_loss-0.0000000, val_mse_loss-0.0003484, val_kl_loss-0.0000000
2025-03-05 01:00:08 - INFO - Saved new best model at epoch 109 with validation loss 0.0003484
2025-03-05 01:04:22 - INFO - epoch-110, train_mse_loss-0.0003237, train_kl_loss-0.0000000, val_mse_loss-0.0003468, val_kl_loss-0.0000000
2025-03-05 01:04:28 - INFO - Saved new best model at epoch 110 with validation loss 0.0003468
2025-03-05 01:08:43 - INFO - epoch-111, train_mse_loss-0.0003236, train_kl_loss-0.0000000, val_mse_loss-0.0003486, val_kl_loss-0.0000000
2025-03-05 01:12:56 - INFO - epoch-112, train_mse_loss-0.0003236, train_kl_loss-0.0000000, val_mse_loss-0.0003510, val_kl_loss-0.0000000
2025-03-05 01:17:11 - INFO - epoch-113, train_mse_loss-0.0003236, train_kl_loss-0.0000000, val_mse_loss-0.0003513, val_kl_loss-0.0000000
2025-03-05 01:21:25 - INFO - epoch-114, train_mse_loss-0.0003236, train_kl_loss-0.0000000, val_mse_loss-0.0003567, val_kl_loss-0.0000000
2025-03-05 01:25:39 - INFO - epoch-115, train_mse_loss-0.0003235, train_kl_loss-0.0000000, val_mse_loss-0.0003583, val_kl_loss-0.0000000
2025-03-05 01:29:53 - INFO - epoch-116, train_mse_loss-0.0003235, train_kl_loss-0.0000000, val_mse_loss-0.0003588, val_kl_loss-0.0000000
2025-03-05 01:34:08 - INFO - epoch-117, train_mse_loss-0.0003235, train_kl_loss-0.0000000, val_mse_loss-0.0003655, val_kl_loss-0.0000000
2025-03-05 01:38:22 - INFO - epoch-118, train_mse_loss-0.0003235, train_kl_loss-0.0000000, val_mse_loss-0.0003698, val_kl_loss-0.0000000
2025-03-05 01:42:36 - INFO - epoch-119, train_mse_loss-0.0003235, train_kl_loss-0.0000000, val_mse_loss-0.0003630, val_kl_loss-0.0000000
2025-03-05 01:46:51 - INFO - epoch-120, train_mse_loss-0.0003235, train_kl_loss-0.0000000, val_mse_loss-0.0003691, val_kl_loss-0.0000000
2025-03-05 01:51:06 - INFO - epoch-121, train_mse_loss-0.0003235, train_kl_loss-0.0000000, val_mse_loss-0.0003741, val_kl_loss-0.0000000
2025-03-05 01:55:20 - INFO - epoch-122, train_mse_loss-0.0003235, train_kl_loss-0.0000000, val_mse_loss-0.0003696, val_kl_loss-0.0000000
2025-03-05 01:59:34 - INFO - epoch-123, train_mse_loss-0.0003235, train_kl_loss-0.0000000, val_mse_loss-0.0003691, val_kl_loss-0.0000000
2025-03-05 02:03:48 - INFO - epoch-124, train_mse_loss-0.0003235, train_kl_loss-0.0000000, val_mse_loss-0.0003644, val_kl_loss-0.0000000
2025-03-05 02:08:03 - INFO - epoch-125, train_mse_loss-0.0003235, train_kl_loss-0.0000000, val_mse_loss-0.0003642, val_kl_loss-0.0000000
2025-03-05 02:12:17 - INFO - epoch-126, train_mse_loss-0.0003235, train_kl_loss-0.0000000, val_mse_loss-0.0003659, val_kl_loss-0.0000000
2025-03-05 02:16:30 - INFO - epoch-127, train_mse_loss-0.0003235, train_kl_loss-0.0000000, val_mse_loss-0.0003693, val_kl_loss-0.0000000
2025-03-05 02:20:45 - INFO - epoch-128, train_mse_loss-0.0003235, train_kl_loss-0.0000000, val_mse_loss-0.0003683, val_kl_loss-0.0000000
2025-03-05 02:24:59 - INFO - epoch-129, train_mse_loss-0.0003235, train_kl_loss-0.0000000, val_mse_loss-0.0003738, val_kl_loss-0.0000000
2025-03-05 02:29:13 - INFO - epoch-130, train_mse_loss-0.0003235, train_kl_loss-0.0000000, val_mse_loss-0.0003728, val_kl_loss-0.0000000
2025-03-05 02:33:27 - INFO - epoch-131, train_mse_loss-0.0003235, train_kl_loss-0.0000000, val_mse_loss-0.0003698, val_kl_loss-0.0000000
2025-03-05 02:37:42 - INFO - epoch-132, train_mse_loss-0.0003235, train_kl_loss-0.0000000, val_mse_loss-0.0003734, val_kl_loss-0.0000000
2025-03-05 02:41:56 - INFO - epoch-133, train_mse_loss-0.0003235, train_kl_loss-0.0000000, val_mse_loss-0.0003699, val_kl_loss-0.0000000
2025-03-05 02:46:09 - INFO - epoch-134, train_mse_loss-0.0003235, train_kl_loss-0.0000000, val_mse_loss-0.0003685, val_kl_loss-0.0000000
2025-03-05 02:50:23 - INFO - epoch-135, train_mse_loss-0.0003235, train_kl_loss-0.0000000, val_mse_loss-0.0003722, val_kl_loss-0.0000000
2025-03-05 02:54:37 - INFO - epoch-136, train_mse_loss-0.0003235, train_kl_loss-0.0000000, val_mse_loss-0.0003729, val_kl_loss-0.0000000
2025-03-05 02:58:51 - INFO - epoch-137, train_mse_loss-0.0003235, train_kl_loss-0.0000000, val_mse_loss-0.0003637, val_kl_loss-0.0000000
2025-03-05 03:03:05 - INFO - epoch-138, train_mse_loss-0.0003235, train_kl_loss-0.0000000, val_mse_loss-0.0003763, val_kl_loss-0.0000000
2025-03-05 03:07:32 - INFO - epoch-139, train_mse_loss-0.0003235, train_kl_loss-0.0000000, val_mse_loss-0.0003748, val_kl_loss-0.0000000
2025-03-05 03:11:50 - INFO - epoch-140, train_mse_loss-0.0003235, train_kl_loss-0.0000000, val_mse_loss-0.0003660, val_kl_loss-0.0000000
2025-03-05 03:16:03 - INFO - epoch-141, train_mse_loss-0.0003235, train_kl_loss-0.0000000, val_mse_loss-0.0003755, val_kl_loss-0.0000000
2025-03-05 03:20:17 - INFO - epoch-142, train_mse_loss-0.0003235, train_kl_loss-0.0000000, val_mse_loss-0.0003660, val_kl_loss-0.0000000
2025-03-05 03:24:30 - INFO - epoch-143, train_mse_loss-0.0003235, train_kl_loss-0.0000000, val_mse_loss-0.0003651, val_kl_loss-0.0000000
2025-03-05 03:28:45 - INFO - epoch-144, train_mse_loss-0.0003235, train_kl_loss-0.0000000, val_mse_loss-0.0003757, val_kl_loss-0.0000000
2025-03-05 03:32:58 - INFO - epoch-145, train_mse_loss-0.0003235, train_kl_loss-0.0000000, val_mse_loss-0.0003702, val_kl_loss-0.0000000
2025-03-05 03:37:11 - INFO - epoch-146, train_mse_loss-0.0003235, train_kl_loss-0.0000000, val_mse_loss-0.0003716, val_kl_loss-0.0000000
2025-03-05 03:41:24 - INFO - epoch-147, train_mse_loss-0.0003235, train_kl_loss-0.0000000, val_mse_loss-0.0003737, val_kl_loss-0.0000000
2025-03-05 03:45:38 - INFO - epoch-148, train_mse_loss-0.0003235, train_kl_loss-0.0000000, val_mse_loss-0.0003615, val_kl_loss-0.0000000
2025-03-05 03:49:52 - INFO - epoch-149, train_mse_loss-0.0003235, train_kl_loss-0.0000000, val_mse_loss-0.0003739, val_kl_loss-0.0000000
2025-03-05 03:54:05 - INFO - epoch-150, train_mse_loss-0.0003235, train_kl_loss-0.0000000, val_mse_loss-0.0003715, val_kl_loss-0.0000000
2025-03-05 03:58:19 - INFO - epoch-151, train_mse_loss-0.0003235, train_kl_loss-0.0000000, val_mse_loss-0.0003731, val_kl_loss-0.0000000
2025-03-05 04:02:32 - INFO - epoch-152, train_mse_loss-0.0003235, train_kl_loss-0.0000000, val_mse_loss-0.0003698, val_kl_loss-0.0000000
2025-03-05 04:06:45 - INFO - epoch-153, train_mse_loss-0.0003235, train_kl_loss-0.0000000, val_mse_loss-0.0003719, val_kl_loss-0.0000000
2025-03-05 04:10:58 - INFO - epoch-154, train_mse_loss-0.0003235, train_kl_loss-0.0000000, val_mse_loss-0.0003711, val_kl_loss-0.0000000
2025-03-05 04:15:11 - INFO - epoch-155, train_mse_loss-0.0003235, train_kl_loss-0.0000000, val_mse_loss-0.0003713, val_kl_loss-0.0000000
2025-03-05 04:19:24 - INFO - epoch-156, train_mse_loss-0.0003235, train_kl_loss-0.0000000, val_mse_loss-0.0003745, val_kl_loss-0.0000000
2025-03-05 04:23:37 - INFO - epoch-157, train_mse_loss-0.0003235, train_kl_loss-0.0000000, val_mse_loss-0.0003850, val_kl_loss-0.0000000
2025-03-05 04:27:50 - INFO - epoch-158, train_mse_loss-0.0003235, train_kl_loss-0.0000000, val_mse_loss-0.0003667, val_kl_loss-0.0000000
2025-03-05 04:32:03 - INFO - epoch-159, train_mse_loss-0.0003235, train_kl_loss-0.0000000, val_mse_loss-0.0003711, val_kl_loss-0.0000000
2025-03-05 04:36:17 - INFO - epoch-160, train_mse_loss-0.0003235, train_kl_loss-0.0000000, val_mse_loss-0.0003704, val_kl_loss-0.0000000
2025-03-05 04:40:30 - INFO - epoch-161, train_mse_loss-0.0003235, train_kl_loss-0.0000000, val_mse_loss-0.0003735, val_kl_loss-0.0000000
2025-03-05 04:44:44 - INFO - epoch-162, train_mse_loss-0.0003235, train_kl_loss-0.0000000, val_mse_loss-0.0003692, val_kl_loss-0.0000000
2025-03-05 04:48:56 - INFO - epoch-163, train_mse_loss-0.0003235, train_kl_loss-0.0000000, val_mse_loss-0.0003708, val_kl_loss-0.0000000
2025-03-05 04:53:09 - INFO - epoch-164, train_mse_loss-0.0003235, train_kl_loss-0.0000000, val_mse_loss-0.0003679, val_kl_loss-0.0000000
2025-03-05 04:57:22 - INFO - epoch-165, train_mse_loss-0.0003235, train_kl_loss-0.0000000, val_mse_loss-0.0003704, val_kl_loss-0.0000000
2025-03-05 05:01:36 - INFO - epoch-166, train_mse_loss-0.0003235, train_kl_loss-0.0000000, val_mse_loss-0.0003681, val_kl_loss-0.0000000
2025-03-05 05:05:51 - INFO - epoch-167, train_mse_loss-0.0003235, train_kl_loss-0.0000000, val_mse_loss-0.0003672, val_kl_loss-0.0000000
2025-03-05 05:10:04 - INFO - epoch-168, train_mse_loss-0.0003235, train_kl_loss-0.0000000, val_mse_loss-0.0003654, val_kl_loss-0.0000000
2025-03-05 05:14:18 - INFO - epoch-169, train_mse_loss-0.0003235, train_kl_loss-0.0000000, val_mse_loss-0.0003740, val_kl_loss-0.0000000
2025-03-05 05:18:33 - INFO - epoch-170, train_mse_loss-0.0003235, train_kl_loss-0.0000000, val_mse_loss-0.0003709, val_kl_loss-0.0000000
2025-03-05 05:22:47 - INFO - epoch-171, train_mse_loss-0.0003235, train_kl_loss-0.0000000, val_mse_loss-0.0003681, val_kl_loss-0.0000000
2025-03-05 05:27:00 - INFO - epoch-172, train_mse_loss-0.0003235, train_kl_loss-0.0000000, val_mse_loss-0.0003739, val_kl_loss-0.0000000
2025-03-05 05:31:13 - INFO - epoch-173, train_mse_loss-0.0003235, train_kl_loss-0.0000000, val_mse_loss-0.0003669, val_kl_loss-0.0000000
2025-03-05 05:35:26 - INFO - epoch-174, train_mse_loss-0.0003235, train_kl_loss-0.0000000, val_mse_loss-0.0003768, val_kl_loss-0.0000000
2025-03-05 05:39:40 - INFO - epoch-175, train_mse_loss-0.0003235, train_kl_loss-0.0000000, val_mse_loss-0.0003774, val_kl_loss-0.0000000
2025-03-05 05:43:54 - INFO - epoch-176, train_mse_loss-0.0003235, train_kl_loss-0.0000000, val_mse_loss-0.0003811, val_kl_loss-0.0000000
2025-03-05 05:48:06 - INFO - epoch-177, train_mse_loss-0.0003235, train_kl_loss-0.0000000, val_mse_loss-0.0003711, val_kl_loss-0.0000000
2025-03-05 05:52:20 - INFO - epoch-178, train_mse_loss-0.0003235, train_kl_loss-0.0000000, val_mse_loss-0.0003815, val_kl_loss-0.0000000
2025-03-05 05:56:33 - INFO - epoch-179, train_mse_loss-0.0003235, train_kl_loss-0.0000000, val_mse_loss-0.0003813, val_kl_loss-0.0000000
2025-03-05 06:00:46 - INFO - epoch-180, train_mse_loss-0.0003235, train_kl_loss-0.0000000, val_mse_loss-0.0003871, val_kl_loss-0.0000000
2025-03-05 06:04:59 - INFO - epoch-181, train_mse_loss-0.0003235, train_kl_loss-0.0000000, val_mse_loss-0.0003823, val_kl_loss-0.0000000
2025-03-05 06:09:13 - INFO - epoch-182, train_mse_loss-0.0003235, train_kl_loss-0.0000000, val_mse_loss-0.0003921, val_kl_loss-0.0000000
2025-03-05 06:13:26 - INFO - epoch-183, train_mse_loss-0.0003235, train_kl_loss-0.0000000, val_mse_loss-0.0003863, val_kl_loss-0.0000000
2025-03-05 06:17:40 - INFO - epoch-184, train_mse_loss-0.0003235, train_kl_loss-0.0000000, val_mse_loss-0.0003841, val_kl_loss-0.0000000
2025-03-05 06:21:54 - INFO - epoch-185, train_mse_loss-0.0003235, train_kl_loss-0.0000000, val_mse_loss-0.0003860, val_kl_loss-0.0000000
2025-03-05 06:26:07 - INFO - epoch-186, train_mse_loss-0.0003235, train_kl_loss-0.0000000, val_mse_loss-0.0003900, val_kl_loss-0.0000000
2025-03-05 06:30:21 - INFO - epoch-187, train_mse_loss-0.0003234, train_kl_loss-0.0000000, val_mse_loss-0.0003894, val_kl_loss-0.0000000
2025-03-05 06:34:33 - INFO - epoch-188, train_mse_loss-0.0003234, train_kl_loss-0.0000000, val_mse_loss-0.0003971, val_kl_loss-0.0000000
2025-03-05 06:38:47 - INFO - epoch-189, train_mse_loss-0.0003234, train_kl_loss-0.0000000, val_mse_loss-0.0003991, val_kl_loss-0.0000000
2025-03-05 06:43:00 - INFO - epoch-190, train_mse_loss-0.0003234, train_kl_loss-0.0000000, val_mse_loss-0.0003948, val_kl_loss-0.0000000
2025-03-05 06:47:14 - INFO - epoch-191, train_mse_loss-0.0003233, train_kl_loss-0.0000000, val_mse_loss-0.0003965, val_kl_loss-0.0000000
2025-03-05 06:51:28 - INFO - epoch-192, train_mse_loss-0.0003233, train_kl_loss-0.0000000, val_mse_loss-0.0003865, val_kl_loss-0.0000000
2025-03-05 06:55:42 - INFO - epoch-193, train_mse_loss-0.0003232, train_kl_loss-0.0000000, val_mse_loss-0.0003897, val_kl_loss-0.0000000
2025-03-05 06:59:56 - INFO - epoch-194, train_mse_loss-0.0003232, train_kl_loss-0.0000000, val_mse_loss-0.0003886, val_kl_loss-0.0000000
2025-03-05 07:04:10 - INFO - epoch-195, train_mse_loss-0.0003232, train_kl_loss-0.0000000, val_mse_loss-0.0003929, val_kl_loss-0.0000000
2025-03-05 07:08:24 - INFO - epoch-196, train_mse_loss-0.0003232, train_kl_loss-0.0000000, val_mse_loss-0.0003889, val_kl_loss-0.0000000
2025-03-05 07:12:38 - INFO - epoch-197, train_mse_loss-0.0003232, train_kl_loss-0.0000000, val_mse_loss-0.0003923, val_kl_loss-0.0000000
2025-03-05 07:16:53 - INFO - epoch-198, train_mse_loss-0.0003231, train_kl_loss-0.0000000, val_mse_loss-0.0003912, val_kl_loss-0.0000000
2025-03-05 07:21:07 - INFO - epoch-199, train_mse_loss-0.0003231, train_kl_loss-0.0000000, val_mse_loss-0.0004003, val_kl_loss-0.0000000
2025-03-05 07:25:21 - INFO - epoch-200, train_mse_loss-0.0003231, train_kl_loss-0.0000000, val_mse_loss-0.0003908, val_kl_loss-0.0000000
2025-03-05 07:29:38 - INFO - epoch-201, train_mse_loss-0.0003231, train_kl_loss-0.0000000, val_mse_loss-0.0003947, val_kl_loss-0.0000000
2025-03-05 07:33:53 - INFO - epoch-202, train_mse_loss-0.0003231, train_kl_loss-0.0000000, val_mse_loss-0.0003904, val_kl_loss-0.0000000
2025-03-05 07:38:07 - INFO - epoch-203, train_mse_loss-0.0003231, train_kl_loss-0.0000000, val_mse_loss-0.0003922, val_kl_loss-0.0000000
2025-03-05 07:42:21 - INFO - epoch-204, train_mse_loss-0.0003231, train_kl_loss-0.0000000, val_mse_loss-0.0003869, val_kl_loss-0.0000000
2025-03-05 07:46:35 - INFO - epoch-205, train_mse_loss-0.0003231, train_kl_loss-0.0000000, val_mse_loss-0.0003899, val_kl_loss-0.0000000
2025-03-05 07:50:49 - INFO - epoch-206, train_mse_loss-0.0003231, train_kl_loss-0.0000000, val_mse_loss-0.0003876, val_kl_loss-0.0000000
2025-03-05 07:55:03 - INFO - epoch-207, train_mse_loss-0.0003230, train_kl_loss-0.0000000, val_mse_loss-0.0003839, val_kl_loss-0.0000000
2025-03-05 07:59:17 - INFO - epoch-208, train_mse_loss-0.0003230, train_kl_loss-0.0000000, val_mse_loss-0.0003865, val_kl_loss-0.0000000
2025-03-05 08:03:32 - INFO - epoch-209, train_mse_loss-0.0003230, train_kl_loss-0.0000000, val_mse_loss-0.0003854, val_kl_loss-0.0000000
2025-03-05 08:07:45 - INFO - epoch-210, train_mse_loss-0.0003230, train_kl_loss-0.0000000, val_mse_loss-0.0003839, val_kl_loss-0.0000000
2025-03-05 08:11:59 - INFO - epoch-211, train_mse_loss-0.0003230, train_kl_loss-0.0000000, val_mse_loss-0.0003850, val_kl_loss-0.0000000
2025-03-05 08:16:14 - INFO - epoch-212, train_mse_loss-0.0003230, train_kl_loss-0.0000000, val_mse_loss-0.0003832, val_kl_loss-0.0000000
2025-03-05 08:20:28 - INFO - epoch-213, train_mse_loss-0.0003230, train_kl_loss-0.0000000, val_mse_loss-0.0003804, val_kl_loss-0.0000000
2025-03-05 08:24:42 - INFO - epoch-214, train_mse_loss-0.0003231, train_kl_loss-0.0000000, val_mse_loss-0.0003837, val_kl_loss-0.0000000
2025-03-05 08:28:56 - INFO - epoch-215, train_mse_loss-0.0003231, train_kl_loss-0.0000000, val_mse_loss-0.0003816, val_kl_loss-0.0000000
2025-03-05 08:33:11 - INFO - epoch-216, train_mse_loss-0.0003231, train_kl_loss-0.0000000, val_mse_loss-0.0003812, val_kl_loss-0.0000000
2025-03-05 08:37:24 - INFO - epoch-217, train_mse_loss-0.0003231, train_kl_loss-0.0000000, val_mse_loss-0.0003829, val_kl_loss-0.0000000
2025-03-05 08:41:39 - INFO - epoch-218, train_mse_loss-0.0003231, train_kl_loss-0.0000000, val_mse_loss-0.0003803, val_kl_loss-0.0000000
2025-03-05 08:45:53 - INFO - epoch-219, train_mse_loss-0.0003231, train_kl_loss-0.0000000, val_mse_loss-0.0003822, val_kl_loss-0.0000000
2025-03-05 08:50:07 - INFO - epoch-220, train_mse_loss-0.0003231, train_kl_loss-0.0000000, val_mse_loss-0.0003816, val_kl_loss-0.0000000
2025-03-05 08:54:20 - INFO - epoch-221, train_mse_loss-0.0003231, train_kl_loss-0.0000000, val_mse_loss-0.0003784, val_kl_loss-0.0000000
2025-03-05 08:58:35 - INFO - epoch-222, train_mse_loss-0.0003231, train_kl_loss-0.0000000, val_mse_loss-0.0003805, val_kl_loss-0.0000000
2025-03-05 09:02:49 - INFO - epoch-223, train_mse_loss-0.0003231, train_kl_loss-0.0000000, val_mse_loss-0.0003813, val_kl_loss-0.0000000
2025-03-05 09:07:04 - INFO - epoch-224, train_mse_loss-0.0003230, train_kl_loss-0.0000000, val_mse_loss-0.0003810, val_kl_loss-0.0000000
2025-03-05 09:11:18 - INFO - epoch-225, train_mse_loss-0.0003230, train_kl_loss-0.0000000, val_mse_loss-0.0003784, val_kl_loss-0.0000000
2025-03-05 09:15:33 - INFO - epoch-226, train_mse_loss-0.0003230, train_kl_loss-0.0000000, val_mse_loss-0.0003772, val_kl_loss-0.0000000
2025-03-05 09:19:47 - INFO - epoch-227, train_mse_loss-0.0003231, train_kl_loss-0.0000000, val_mse_loss-0.0003803, val_kl_loss-0.0000000
2025-03-05 09:24:02 - INFO - epoch-228, train_mse_loss-0.0003230, train_kl_loss-0.0000000, val_mse_loss-0.0003808, val_kl_loss-0.0000000
2025-03-05 09:28:16 - INFO - epoch-229, train_mse_loss-0.0003230, train_kl_loss-0.0000000, val_mse_loss-0.0003809, val_kl_loss-0.0000000
2025-03-05 09:32:29 - INFO - epoch-230, train_mse_loss-0.0003230, train_kl_loss-0.0000000, val_mse_loss-0.0003862, val_kl_loss-0.0000000
2025-03-05 09:36:44 - INFO - epoch-231, train_mse_loss-0.0003230, train_kl_loss-0.0000000, val_mse_loss-0.0003842, val_kl_loss-0.0000000
2025-03-05 09:41:02 - INFO - epoch-232, train_mse_loss-0.0003230, train_kl_loss-0.0000000, val_mse_loss-0.0003830, val_kl_loss-0.0000000
2025-03-05 09:45:16 - INFO - epoch-233, train_mse_loss-0.0003230, train_kl_loss-0.0000000, val_mse_loss-0.0003799, val_kl_loss-0.0000000
2025-03-05 09:49:31 - INFO - epoch-234, train_mse_loss-0.0003230, train_kl_loss-0.0000000, val_mse_loss-0.0003781, val_kl_loss-0.0000000
2025-03-05 09:53:44 - INFO - epoch-235, train_mse_loss-0.0003230, train_kl_loss-0.0000000, val_mse_loss-0.0003810, val_kl_loss-0.0000000
2025-03-05 09:57:58 - INFO - epoch-236, train_mse_loss-0.0003230, train_kl_loss-0.0000000, val_mse_loss-0.0003804, val_kl_loss-0.0000000
2025-03-05 10:02:13 - INFO - epoch-237, train_mse_loss-0.0003230, train_kl_loss-0.0000000, val_mse_loss-0.0003824, val_kl_loss-0.0000000
2025-03-05 10:06:28 - INFO - epoch-238, train_mse_loss-0.0003230, train_kl_loss-0.0000000, val_mse_loss-0.0003796, val_kl_loss-0.0000000
2025-03-05 10:10:42 - INFO - epoch-239, train_mse_loss-0.0003230, train_kl_loss-0.0000000, val_mse_loss-0.0003801, val_kl_loss-0.0000000
2025-03-05 10:14:56 - INFO - epoch-240, train_mse_loss-0.0003230, train_kl_loss-0.0000000, val_mse_loss-0.0003807, val_kl_loss-0.0000000
2025-03-05 10:19:10 - INFO - epoch-241, train_mse_loss-0.0003230, train_kl_loss-0.0000000, val_mse_loss-0.0003814, val_kl_loss-0.0000000
2025-03-05 10:23:25 - INFO - epoch-242, train_mse_loss-0.0003230, train_kl_loss-0.0000000, val_mse_loss-0.0003806, val_kl_loss-0.0000000
2025-03-05 10:27:38 - INFO - epoch-243, train_mse_loss-0.0003231, train_kl_loss-0.0000000, val_mse_loss-0.0003813, val_kl_loss-0.0000000
2025-03-05 10:31:51 - INFO - epoch-244, train_mse_loss-0.0003231, train_kl_loss-0.0000000, val_mse_loss-0.0003803, val_kl_loss-0.0000000
2025-03-05 10:36:05 - INFO - epoch-245, train_mse_loss-0.0003231, train_kl_loss-0.0000000, val_mse_loss-0.0003808, val_kl_loss-0.0000000
2025-03-05 10:40:19 - INFO - epoch-246, train_mse_loss-0.0003231, train_kl_loss-0.0000000, val_mse_loss-0.0003784, val_kl_loss-0.0000000
2025-03-05 10:44:33 - INFO - epoch-247, train_mse_loss-0.0003231, train_kl_loss-0.0000000, val_mse_loss-0.0003819, val_kl_loss-0.0000000
2025-03-05 10:48:47 - INFO - epoch-248, train_mse_loss-0.0003231, train_kl_loss-0.0000000, val_mse_loss-0.0003820, val_kl_loss-0.0000000
2025-03-05 10:53:02 - INFO - epoch-249, train_mse_loss-0.0003231, train_kl_loss-0.0000000, val_mse_loss-0.0003805, val_kl_loss-0.0000000
2025-03-05 10:57:19 - INFO - epoch-250, train_mse_loss-0.0003231, train_kl_loss-0.0000000, val_mse_loss-0.0003822, val_kl_loss-0.0000000
2025-03-05 11:01:33 - INFO - epoch-251, train_mse_loss-0.0003231, train_kl_loss-0.0000000, val_mse_loss-0.0003791, val_kl_loss-0.0000000
2025-03-05 11:05:47 - INFO - epoch-252, train_mse_loss-0.0003231, train_kl_loss-0.0000000, val_mse_loss-0.0003862, val_kl_loss-0.0000000
2025-03-05 11:10:01 - INFO - epoch-253, train_mse_loss-0.0003231, train_kl_loss-0.0000000, val_mse_loss-0.0003818, val_kl_loss-0.0000000
2025-03-05 11:14:17 - INFO - epoch-254, train_mse_loss-0.0003231, train_kl_loss-0.0000000, val_mse_loss-0.0003830, val_kl_loss-0.0000000
2025-03-05 11:18:31 - INFO - epoch-255, train_mse_loss-0.0003231, train_kl_loss-0.0000000, val_mse_loss-0.0003843, val_kl_loss-0.0000000
2025-03-05 11:22:47 - INFO - epoch-256, train_mse_loss-0.0003231, train_kl_loss-0.0000000, val_mse_loss-0.0003825, val_kl_loss-0.0000000
2025-03-05 11:27:02 - INFO - epoch-257, train_mse_loss-0.0003231, train_kl_loss-0.0000000, val_mse_loss-0.0003845, val_kl_loss-0.0000000
2025-03-05 11:31:17 - INFO - epoch-258, train_mse_loss-0.0003231, train_kl_loss-0.0000000, val_mse_loss-0.0003840, val_kl_loss-0.0000000
2025-03-05 11:35:32 - INFO - epoch-259, train_mse_loss-0.0003231, train_kl_loss-0.0000000, val_mse_loss-0.0003855, val_kl_loss-0.0000000
2025-03-05 11:39:46 - INFO - epoch-260, train_mse_loss-0.0003231, train_kl_loss-0.0000000, val_mse_loss-0.0003864, val_kl_loss-0.0000000
2025-03-05 11:44:02 - INFO - epoch-261, train_mse_loss-0.0003231, train_kl_loss-0.0000000, val_mse_loss-0.0003892, val_kl_loss-0.0000000
2025-03-05 11:48:16 - INFO - epoch-262, train_mse_loss-0.0003231, train_kl_loss-0.0000000, val_mse_loss-0.0003866, val_kl_loss-0.0000000
2025-03-05 11:52:35 - INFO - epoch-263, train_mse_loss-0.0003231, train_kl_loss-0.0000000, val_mse_loss-0.0003870, val_kl_loss-0.0000000
2025-03-05 11:56:51 - INFO - epoch-264, train_mse_loss-0.0003231, train_kl_loss-0.0000000, val_mse_loss-0.0003891, val_kl_loss-0.0000000
2025-03-05 12:01:07 - INFO - epoch-265, train_mse_loss-0.0003231, train_kl_loss-0.0000000, val_mse_loss-0.0003897, val_kl_loss-0.0000000
2025-03-05 12:05:22 - INFO - epoch-266, train_mse_loss-0.0003231, train_kl_loss-0.0000000, val_mse_loss-0.0003906, val_kl_loss-0.0000000
2025-03-05 12:09:38 - INFO - epoch-267, train_mse_loss-0.0003231, train_kl_loss-0.0000000, val_mse_loss-0.0003910, val_kl_loss-0.0000000
2025-03-05 12:13:52 - INFO - epoch-268, train_mse_loss-0.0003231, train_kl_loss-0.0000000, val_mse_loss-0.0003928, val_kl_loss-0.0000000
2025-03-05 12:18:07 - INFO - epoch-269, train_mse_loss-0.0003231, train_kl_loss-0.0000000, val_mse_loss-0.0003958, val_kl_loss-0.0000000
2025-03-05 12:22:22 - INFO - epoch-270, train_mse_loss-0.0003231, train_kl_loss-0.0000000, val_mse_loss-0.0003920, val_kl_loss-0.0000000
2025-03-05 12:26:37 - INFO - epoch-271, train_mse_loss-0.0003231, train_kl_loss-0.0000000, val_mse_loss-0.0003942, val_kl_loss-0.0000000
2025-03-05 12:30:52 - INFO - epoch-272, train_mse_loss-0.0003231, train_kl_loss-0.0000000, val_mse_loss-0.0003897, val_kl_loss-0.0000000
2025-03-05 12:35:06 - INFO - epoch-273, train_mse_loss-0.0003231, train_kl_loss-0.0000000, val_mse_loss-0.0003925, val_kl_loss-0.0000000
2025-03-05 12:39:21 - INFO - epoch-274, train_mse_loss-0.0003231, train_kl_loss-0.0000000, val_mse_loss-0.0003943, val_kl_loss-0.0000000
2025-03-05 12:43:36 - INFO - epoch-275, train_mse_loss-0.0003231, train_kl_loss-0.0000000, val_mse_loss-0.0003930, val_kl_loss-0.0000000
2025-03-05 12:47:50 - INFO - epoch-276, train_mse_loss-0.0003231, train_kl_loss-0.0000000, val_mse_loss-0.0003929, val_kl_loss-0.0000000
2025-03-05 12:52:04 - INFO - epoch-277, train_mse_loss-0.0003231, train_kl_loss-0.0000000, val_mse_loss-0.0003963, val_kl_loss-0.0000000
2025-03-05 12:56:19 - INFO - epoch-278, train_mse_loss-0.0003231, train_kl_loss-0.0000000, val_mse_loss-0.0003913, val_kl_loss-0.0000000
2025-03-05 13:00:34 - INFO - epoch-279, train_mse_loss-0.0003231, train_kl_loss-0.0000000, val_mse_loss-0.0003952, val_kl_loss-0.0000000
2025-03-05 13:04:49 - INFO - epoch-280, train_mse_loss-0.0003231, train_kl_loss-0.0000000, val_mse_loss-0.0003930, val_kl_loss-0.0000000
2025-03-05 13:09:04 - INFO - epoch-281, train_mse_loss-0.0003231, train_kl_loss-0.0000000, val_mse_loss-0.0003987, val_kl_loss-0.0000000
2025-03-05 13:13:19 - INFO - epoch-282, train_mse_loss-0.0003231, train_kl_loss-0.0000000, val_mse_loss-0.0003981, val_kl_loss-0.0000000
2025-03-05 13:17:34 - INFO - epoch-283, train_mse_loss-0.0003231, train_kl_loss-0.0000000, val_mse_loss-0.0003945, val_kl_loss-0.0000000
2025-03-05 13:21:47 - INFO - epoch-284, train_mse_loss-0.0003231, train_kl_loss-0.0000000, val_mse_loss-0.0003977, val_kl_loss-0.0000000
2025-03-05 13:26:02 - INFO - epoch-285, train_mse_loss-0.0003231, train_kl_loss-0.0000000, val_mse_loss-0.0003946, val_kl_loss-0.0000000
2025-03-05 13:30:16 - INFO - epoch-286, train_mse_loss-0.0003231, train_kl_loss-0.0000000, val_mse_loss-0.0004005, val_kl_loss-0.0000000
2025-03-05 13:34:30 - INFO - epoch-287, train_mse_loss-0.0003231, train_kl_loss-0.0000000, val_mse_loss-0.0003947, val_kl_loss-0.0000000
2025-03-05 13:38:44 - INFO - epoch-288, train_mse_loss-0.0003231, train_kl_loss-0.0000000, val_mse_loss-0.0004012, val_kl_loss-0.0000000
2025-03-05 13:42:58 - INFO - epoch-289, train_mse_loss-0.0003231, train_kl_loss-0.0000000, val_mse_loss-0.0003974, val_kl_loss-0.0000000
2025-03-05 13:47:12 - INFO - epoch-290, train_mse_loss-0.0003231, train_kl_loss-0.0000000, val_mse_loss-0.0003989, val_kl_loss-0.0000000
2025-03-05 13:51:26 - INFO - epoch-291, train_mse_loss-0.0003231, train_kl_loss-0.0000000, val_mse_loss-0.0004030, val_kl_loss-0.0000000
2025-03-05 13:55:40 - INFO - epoch-292, train_mse_loss-0.0003231, train_kl_loss-0.0000000, val_mse_loss-0.0004026, val_kl_loss-0.0000000
2025-03-05 13:59:54 - INFO - epoch-293, train_mse_loss-0.0003231, train_kl_loss-0.0000000, val_mse_loss-0.0004022, val_kl_loss-0.0000000
2025-03-05 14:04:09 - INFO - epoch-294, train_mse_loss-0.0003231, train_kl_loss-0.0000000, val_mse_loss-0.0004033, val_kl_loss-0.0000000
2025-03-05 14:08:22 - INFO - epoch-295, train_mse_loss-0.0003231, train_kl_loss-0.0000000, val_mse_loss-0.0004012, val_kl_loss-0.0000000
2025-03-05 14:12:37 - INFO - epoch-296, train_mse_loss-0.0003231, train_kl_loss-0.0000000, val_mse_loss-0.0004016, val_kl_loss-0.0000000
2025-03-05 14:16:52 - INFO - epoch-297, train_mse_loss-0.0003231, train_kl_loss-0.0000000, val_mse_loss-0.0004066, val_kl_loss-0.0000000
2025-03-05 14:21:06 - INFO - epoch-298, train_mse_loss-0.0003231, train_kl_loss-0.0000000, val_mse_loss-0.0004037, val_kl_loss-0.0000000
2025-03-05 14:25:20 - INFO - epoch-299, train_mse_loss-0.0003231, train_kl_loss-0.0000000, val_mse_loss-0.0004091, val_kl_loss-0.0000000
2025-03-05 14:29:34 - INFO - epoch-300, train_mse_loss-0.0003231, train_kl_loss-0.0000000, val_mse_loss-0.0004041, val_kl_loss-0.0000000
2025-03-05 14:33:48 - INFO - epoch-301, train_mse_loss-0.0003231, train_kl_loss-0.0000000, val_mse_loss-0.0004075, val_kl_loss-0.0000000
2025-03-05 14:38:04 - INFO - epoch-302, train_mse_loss-0.0003231, train_kl_loss-0.0000000, val_mse_loss-0.0004073, val_kl_loss-0.0000000
2025-03-05 14:42:18 - INFO - epoch-303, train_mse_loss-0.0003231, train_kl_loss-0.0000000, val_mse_loss-0.0004028, val_kl_loss-0.0000000
2025-03-05 14:46:33 - INFO - epoch-304, train_mse_loss-0.0003231, train_kl_loss-0.0000000, val_mse_loss-0.0003976, val_kl_loss-0.0000000
2025-03-05 14:50:48 - INFO - epoch-305, train_mse_loss-0.0003231, train_kl_loss-0.0000000, val_mse_loss-0.0003977, val_kl_loss-0.0000000
2025-03-05 14:55:02 - INFO - epoch-306, train_mse_loss-0.0003230, train_kl_loss-0.0000000, val_mse_loss-0.0003932, val_kl_loss-0.0000000
2025-03-05 14:59:17 - INFO - epoch-307, train_mse_loss-0.0003230, train_kl_loss-0.0000000, val_mse_loss-0.0003921, val_kl_loss-0.0000000
2025-03-05 15:03:32 - INFO - epoch-308, train_mse_loss-0.0003230, train_kl_loss-0.0000000, val_mse_loss-0.0003931, val_kl_loss-0.0000000
2025-03-05 15:07:46 - INFO - epoch-309, train_mse_loss-0.0003230, train_kl_loss-0.0000000, val_mse_loss-0.0003963, val_kl_loss-0.0000000
2025-03-05 15:12:02 - INFO - epoch-310, train_mse_loss-0.0003230, train_kl_loss-0.0000000, val_mse_loss-0.0003971, val_kl_loss-0.0000000
2025-03-05 15:16:16 - INFO - epoch-311, train_mse_loss-0.0003229, train_kl_loss-0.0000000, val_mse_loss-0.0004009, val_kl_loss-0.0000000
2025-03-05 15:20:31 - INFO - epoch-312, train_mse_loss-0.0003229, train_kl_loss-0.0000000, val_mse_loss-0.0004015, val_kl_loss-0.0000000
2025-03-05 15:24:46 - INFO - epoch-313, train_mse_loss-0.0003229, train_kl_loss-0.0000000, val_mse_loss-0.0004060, val_kl_loss-0.0000000
2025-03-05 15:29:01 - INFO - epoch-314, train_mse_loss-0.0003229, train_kl_loss-0.0000000, val_mse_loss-0.0004052, val_kl_loss-0.0000000
2025-03-05 15:33:16 - INFO - epoch-315, train_mse_loss-0.0003229, train_kl_loss-0.0000000, val_mse_loss-0.0004083, val_kl_loss-0.0000000
2025-03-05 15:37:31 - INFO - epoch-316, train_mse_loss-0.0003229, train_kl_loss-0.0000000, val_mse_loss-0.0004064, val_kl_loss-0.0000000
2025-03-05 15:41:46 - INFO - epoch-317, train_mse_loss-0.0003229, train_kl_loss-0.0000000, val_mse_loss-0.0004072, val_kl_loss-0.0000000
2025-03-05 15:46:01 - INFO - epoch-318, train_mse_loss-0.0003229, train_kl_loss-0.0000000, val_mse_loss-0.0004097, val_kl_loss-0.0000000
2025-03-05 15:50:15 - INFO - epoch-319, train_mse_loss-0.0003229, train_kl_loss-0.0000000, val_mse_loss-0.0004105, val_kl_loss-0.0000000
2025-03-05 15:54:30 - INFO - epoch-320, train_mse_loss-0.0003229, train_kl_loss-0.0000000, val_mse_loss-0.0004117, val_kl_loss-0.0000000
2025-03-05 15:58:45 - INFO - epoch-321, train_mse_loss-0.0003229, train_kl_loss-0.0000000, val_mse_loss-0.0004116, val_kl_loss-0.0000000
2025-03-05 16:03:09 - INFO - epoch-322, train_mse_loss-0.0003229, train_kl_loss-0.0000000, val_mse_loss-0.0004086, val_kl_loss-0.0000000
2025-03-05 16:07:27 - INFO - epoch-323, train_mse_loss-0.0003229, train_kl_loss-0.0000000, val_mse_loss-0.0004139, val_kl_loss-0.0000000
2025-03-05 16:11:44 - INFO - epoch-324, train_mse_loss-0.0003229, train_kl_loss-0.0000000, val_mse_loss-0.0004151, val_kl_loss-0.0000000
2025-03-05 16:16:12 - INFO - epoch-325, train_mse_loss-0.0003229, train_kl_loss-0.0000000, val_mse_loss-0.0004184, val_kl_loss-0.0000000
2025-03-05 16:20:34 - INFO - epoch-326, train_mse_loss-0.0003229, train_kl_loss-0.0000000, val_mse_loss-0.0004233, val_kl_loss-0.0000000
2025-03-05 16:25:29 - INFO - epoch-327, train_mse_loss-0.0003229, train_kl_loss-0.0000000, val_mse_loss-0.0004275, val_kl_loss-0.0000000
2025-03-05 16:29:47 - INFO - epoch-328, train_mse_loss-0.0003229, train_kl_loss-0.0000000, val_mse_loss-0.0004310, val_kl_loss-0.0000000
2025-03-05 16:36:16 - INFO - epoch-329, train_mse_loss-0.0003229, train_kl_loss-0.0000000, val_mse_loss-0.0004367, val_kl_loss-0.0000000
2025-03-05 16:41:40 - INFO - epoch-330, train_mse_loss-0.0003229, train_kl_loss-0.0000000, val_mse_loss-0.0004366, val_kl_loss-0.0000000
2025-03-05 16:47:19 - INFO - epoch-331, train_mse_loss-0.0003229, train_kl_loss-0.0000000, val_mse_loss-0.0004339, val_kl_loss-0.0000000
2025-03-05 16:52:30 - INFO - epoch-332, train_mse_loss-0.0003229, train_kl_loss-0.0000000, val_mse_loss-0.0004396, val_kl_loss-0.0000000
2025-03-05 16:56:49 - INFO - epoch-333, train_mse_loss-0.0003229, train_kl_loss-0.0000000, val_mse_loss-0.0004399, val_kl_loss-0.0000000
2025-03-05 17:01:04 - INFO - epoch-334, train_mse_loss-0.0003229, train_kl_loss-0.0000000, val_mse_loss-0.0004399, val_kl_loss-0.0000000
2025-03-05 17:05:18 - INFO - epoch-335, train_mse_loss-0.0003229, train_kl_loss-0.0000000, val_mse_loss-0.0004422, val_kl_loss-0.0000000
2025-03-05 17:09:34 - INFO - epoch-336, train_mse_loss-0.0003229, train_kl_loss-0.0000000, val_mse_loss-0.0004428, val_kl_loss-0.0000000
2025-03-05 17:13:48 - INFO - epoch-337, train_mse_loss-0.0003229, train_kl_loss-0.0000000, val_mse_loss-0.0004440, val_kl_loss-0.0000000
2025-03-05 17:18:04 - INFO - epoch-338, train_mse_loss-0.0003229, train_kl_loss-0.0000000, val_mse_loss-0.0004468, val_kl_loss-0.0000000
2025-03-05 17:22:18 - INFO - epoch-339, train_mse_loss-0.0003229, train_kl_loss-0.0000000, val_mse_loss-0.0004441, val_kl_loss-0.0000000
2025-03-05 17:26:36 - INFO - epoch-340, train_mse_loss-0.0003230, train_kl_loss-0.0000000, val_mse_loss-0.0004422, val_kl_loss-0.0000000
2025-03-05 17:30:51 - INFO - epoch-341, train_mse_loss-0.0003230, train_kl_loss-0.0000000, val_mse_loss-0.0004475, val_kl_loss-0.0000000
2025-03-05 17:35:06 - INFO - epoch-342, train_mse_loss-0.0003230, train_kl_loss-0.0000000, val_mse_loss-0.0004482, val_kl_loss-0.0000000
2025-03-05 17:39:20 - INFO - epoch-343, train_mse_loss-0.0003230, train_kl_loss-0.0000000, val_mse_loss-0.0004536, val_kl_loss-0.0000000
2025-03-05 17:43:35 - INFO - epoch-344, train_mse_loss-0.0003230, train_kl_loss-0.0000000, val_mse_loss-0.0004505, val_kl_loss-0.0000000
2025-03-05 17:47:50 - INFO - epoch-345, train_mse_loss-0.0003230, train_kl_loss-0.0000000, val_mse_loss-0.0004525, val_kl_loss-0.0000000
2025-03-05 17:52:05 - INFO - epoch-346, train_mse_loss-0.0003230, train_kl_loss-0.0000000, val_mse_loss-0.0004548, val_kl_loss-0.0000000
2025-03-05 17:56:20 - INFO - epoch-347, train_mse_loss-0.0003230, train_kl_loss-0.0000000, val_mse_loss-0.0004509, val_kl_loss-0.0000000
2025-03-05 18:00:34 - INFO - epoch-348, train_mse_loss-0.0003230, train_kl_loss-0.0000000, val_mse_loss-0.0004520, val_kl_loss-0.0000000
2025-03-05 18:04:50 - INFO - epoch-349, train_mse_loss-0.0003230, train_kl_loss-0.0000000, val_mse_loss-0.0004516, val_kl_loss-0.0000000
2025-03-05 18:09:06 - INFO - epoch-350, train_mse_loss-0.0003230, train_kl_loss-0.0000000, val_mse_loss-0.0004490, val_kl_loss-0.0000000
2025-03-05 18:13:20 - INFO - epoch-351, train_mse_loss-0.0003230, train_kl_loss-0.0000000, val_mse_loss-0.0004471, val_kl_loss-0.0000000
2025-03-05 18:17:35 - INFO - epoch-352, train_mse_loss-0.0003230, train_kl_loss-0.0000000, val_mse_loss-0.0004489, val_kl_loss-0.0000000
2025-03-05 18:21:52 - INFO - epoch-353, train_mse_loss-0.0003230, train_kl_loss-0.0000000, val_mse_loss-0.0004482, val_kl_loss-0.0000000
2025-03-05 18:26:07 - INFO - epoch-354, train_mse_loss-0.0003230, train_kl_loss-0.0000000, val_mse_loss-0.0004478, val_kl_loss-0.0000000
2025-03-05 18:30:21 - INFO - epoch-355, train_mse_loss-0.0003230, train_kl_loss-0.0000000, val_mse_loss-0.0004485, val_kl_loss-0.0000000
2025-03-05 18:34:36 - INFO - epoch-356, train_mse_loss-0.0003229, train_kl_loss-0.0000000, val_mse_loss-0.0004492, val_kl_loss-0.0000000
2025-03-05 18:38:52 - INFO - epoch-357, train_mse_loss-0.0003229, train_kl_loss-0.0000000, val_mse_loss-0.0004490, val_kl_loss-0.0000000
2025-03-05 18:43:07 - INFO - epoch-358, train_mse_loss-0.0003230, train_kl_loss-0.0000000, val_mse_loss-0.0004498, val_kl_loss-0.0000000
2025-03-05 18:47:23 - INFO - epoch-359, train_mse_loss-0.0003229, train_kl_loss-0.0000000, val_mse_loss-0.0004519, val_kl_loss-0.0000000
2025-03-05 18:51:39 - INFO - epoch-360, train_mse_loss-0.0003229, train_kl_loss-0.0000000, val_mse_loss-0.0004474, val_kl_loss-0.0000000
2025-03-05 18:55:56 - INFO - epoch-361, train_mse_loss-0.0003229, train_kl_loss-0.0000000, val_mse_loss-0.0004484, val_kl_loss-0.0000000
2025-03-05 19:00:11 - INFO - epoch-362, train_mse_loss-0.0003229, train_kl_loss-0.0000000, val_mse_loss-0.0004524, val_kl_loss-0.0000000
2025-03-05 19:04:27 - INFO - epoch-363, train_mse_loss-0.0003229, train_kl_loss-0.0000000, val_mse_loss-0.0004473, val_kl_loss-0.0000000
2025-03-05 19:08:43 - INFO - epoch-364, train_mse_loss-0.0003229, train_kl_loss-0.0000000, val_mse_loss-0.0004471, val_kl_loss-0.0000000
2025-03-05 19:13:00 - INFO - epoch-365, train_mse_loss-0.0003229, train_kl_loss-0.0000000, val_mse_loss-0.0004497, val_kl_loss-0.0000000
2025-03-05 19:17:17 - INFO - epoch-366, train_mse_loss-0.0003229, train_kl_loss-0.0000000, val_mse_loss-0.0004507, val_kl_loss-0.0000000
2025-03-05 19:21:34 - INFO - epoch-367, train_mse_loss-0.0003229, train_kl_loss-0.0000000, val_mse_loss-0.0004489, val_kl_loss-0.0000000
2025-03-05 19:25:56 - INFO - epoch-368, train_mse_loss-0.0003229, train_kl_loss-0.0000000, val_mse_loss-0.0004453, val_kl_loss-0.0000000
2025-03-05 19:30:13 - INFO - epoch-369, train_mse_loss-0.0003229, train_kl_loss-0.0000000, val_mse_loss-0.0004452, val_kl_loss-0.0000000
2025-03-05 19:34:29 - INFO - epoch-370, train_mse_loss-0.0003229, train_kl_loss-0.0000000, val_mse_loss-0.0004465, val_kl_loss-0.0000000
2025-03-05 19:38:47 - INFO - epoch-371, train_mse_loss-0.0003229, train_kl_loss-0.0000000, val_mse_loss-0.0004466, val_kl_loss-0.0000000
2025-03-05 19:43:02 - INFO - epoch-372, train_mse_loss-0.0003229, train_kl_loss-0.0000000, val_mse_loss-0.0004431, val_kl_loss-0.0000000
2025-03-05 19:47:17 - INFO - epoch-373, train_mse_loss-0.0003229, train_kl_loss-0.0000000, val_mse_loss-0.0004421, val_kl_loss-0.0000000
2025-03-05 19:51:32 - INFO - epoch-374, train_mse_loss-0.0003229, train_kl_loss-0.0000000, val_mse_loss-0.0004451, val_kl_loss-0.0000000
2025-03-05 19:55:47 - INFO - epoch-375, train_mse_loss-0.0003229, train_kl_loss-0.0000000, val_mse_loss-0.0004402, val_kl_loss-0.0000000
2025-03-05 20:00:05 - INFO - epoch-376, train_mse_loss-0.0003229, train_kl_loss-0.0000000, val_mse_loss-0.0004407, val_kl_loss-0.0000000
2025-03-05 20:04:21 - INFO - epoch-377, train_mse_loss-0.0003229, train_kl_loss-0.0000000, val_mse_loss-0.0004420, val_kl_loss-0.0000000
2025-03-05 20:08:36 - INFO - epoch-378, train_mse_loss-0.0003229, train_kl_loss-0.0000000, val_mse_loss-0.0004426, val_kl_loss-0.0000000
2025-03-05 20:12:52 - INFO - epoch-379, train_mse_loss-0.0003229, train_kl_loss-0.0000000, val_mse_loss-0.0004389, val_kl_loss-0.0000000
2025-03-05 20:17:08 - INFO - epoch-380, train_mse_loss-0.0003229, train_kl_loss-0.0000000, val_mse_loss-0.0004336, val_kl_loss-0.0000000
2025-03-05 20:21:23 - INFO - epoch-381, train_mse_loss-0.0003229, train_kl_loss-0.0000000, val_mse_loss-0.0004348, val_kl_loss-0.0000000
2025-03-05 20:25:39 - INFO - epoch-382, train_mse_loss-0.0003229, train_kl_loss-0.0000000, val_mse_loss-0.0004311, val_kl_loss-0.0000000
2025-03-05 20:29:55 - INFO - epoch-383, train_mse_loss-0.0003228, train_kl_loss-0.0000000, val_mse_loss-0.0004301, val_kl_loss-0.0000000
2025-03-05 20:34:09 - INFO - epoch-384, train_mse_loss-0.0003228, train_kl_loss-0.0000000, val_mse_loss-0.0004314, val_kl_loss-0.0000000
2025-03-05 20:38:24 - INFO - epoch-385, train_mse_loss-0.0003228, train_kl_loss-0.0000000, val_mse_loss-0.0004271, val_kl_loss-0.0000000
2025-03-05 20:42:39 - INFO - epoch-386, train_mse_loss-0.0003228, train_kl_loss-0.0000000, val_mse_loss-0.0004255, val_kl_loss-0.0000000
2025-03-05 20:46:55 - INFO - epoch-387, train_mse_loss-0.0003228, train_kl_loss-0.0000000, val_mse_loss-0.0004228, val_kl_loss-0.0000000
2025-03-05 20:51:10 - INFO - epoch-388, train_mse_loss-0.0003228, train_kl_loss-0.0000000, val_mse_loss-0.0004228, val_kl_loss-0.0000000
2025-03-05 20:55:26 - INFO - epoch-389, train_mse_loss-0.0003227, train_kl_loss-0.0000000, val_mse_loss-0.0004244, val_kl_loss-0.0000000
2025-03-05 20:59:43 - INFO - epoch-390, train_mse_loss-0.0003228, train_kl_loss-0.0000000, val_mse_loss-0.0004192, val_kl_loss-0.0000000
2025-03-05 21:03:59 - INFO - epoch-391, train_mse_loss-0.0003227, train_kl_loss-0.0000000, val_mse_loss-0.0004191, val_kl_loss-0.0000000
2025-03-05 21:08:15 - INFO - epoch-392, train_mse_loss-0.0003227, train_kl_loss-0.0000000, val_mse_loss-0.0004191, val_kl_loss-0.0000000
2025-03-05 21:12:34 - INFO - epoch-393, train_mse_loss-0.0003227, train_kl_loss-0.0000000, val_mse_loss-0.0004160, val_kl_loss-0.0000000
2025-03-05 21:16:50 - INFO - epoch-394, train_mse_loss-0.0003227, train_kl_loss-0.0000000, val_mse_loss-0.0004178, val_kl_loss-0.0000000
2025-03-05 21:21:04 - INFO - epoch-395, train_mse_loss-0.0003227, train_kl_loss-0.0000000, val_mse_loss-0.0004154, val_kl_loss-0.0000000
2025-03-05 21:25:19 - INFO - epoch-396, train_mse_loss-0.0003227, train_kl_loss-0.0000000, val_mse_loss-0.0004165, val_kl_loss-0.0000000
2025-03-05 21:29:34 - INFO - epoch-397, train_mse_loss-0.0003227, train_kl_loss-0.0000000, val_mse_loss-0.0004130, val_kl_loss-0.0000000
2025-03-05 21:33:48 - INFO - epoch-398, train_mse_loss-0.0003227, train_kl_loss-0.0000000, val_mse_loss-0.0004135, val_kl_loss-0.0000000
2025-03-05 21:38:03 - INFO - epoch-399, train_mse_loss-0.0003227, train_kl_loss-0.0000000, val_mse_loss-0.0004144, val_kl_loss-0.0000000
2025-03-05 21:42:18 - INFO - epoch-400, train_mse_loss-0.0003227, train_kl_loss-0.0000000, val_mse_loss-0.0004114, val_kl_loss-0.0000000
2025-03-05 21:46:32 - INFO - epoch-401, train_mse_loss-0.0003227, train_kl_loss-0.0000000, val_mse_loss-0.0004117, val_kl_loss-0.0000000
2025-03-05 21:50:51 - INFO - epoch-402, train_mse_loss-0.0003227, train_kl_loss-0.0000000, val_mse_loss-0.0004140, val_kl_loss-0.0000000
2025-03-05 21:55:05 - INFO - epoch-403, train_mse_loss-0.0003227, train_kl_loss-0.0000000, val_mse_loss-0.0004140, val_kl_loss-0.0000000
2025-03-05 21:59:21 - INFO - epoch-404, train_mse_loss-0.0003227, train_kl_loss-0.0000000, val_mse_loss-0.0004145, val_kl_loss-0.0000000
2025-03-05 22:03:36 - INFO - epoch-405, train_mse_loss-0.0003227, train_kl_loss-0.0000000, val_mse_loss-0.0004124, val_kl_loss-0.0000000
2025-03-05 22:07:50 - INFO - epoch-406, train_mse_loss-0.0003227, train_kl_loss-0.0000000, val_mse_loss-0.0004117, val_kl_loss-0.0000000
2025-03-05 22:12:05 - INFO - epoch-407, train_mse_loss-0.0003227, train_kl_loss-0.0000000, val_mse_loss-0.0004105, val_kl_loss-0.0000000
2025-03-05 22:16:20 - INFO - epoch-408, train_mse_loss-0.0003227, train_kl_loss-0.0000000, val_mse_loss-0.0004096, val_kl_loss-0.0000000
2025-03-05 22:20:35 - INFO - epoch-409, train_mse_loss-0.0003227, train_kl_loss-0.0000000, val_mse_loss-0.0004101, val_kl_loss-0.0000000
2025-03-05 22:24:50 - INFO - epoch-410, train_mse_loss-0.0003227, train_kl_loss-0.0000000, val_mse_loss-0.0004110, val_kl_loss-0.0000000
2025-03-05 22:29:04 - INFO - epoch-411, train_mse_loss-0.0003227, train_kl_loss-0.0000000, val_mse_loss-0.0004107, val_kl_loss-0.0000000
2025-03-05 22:33:20 - INFO - epoch-412, train_mse_loss-0.0003227, train_kl_loss-0.0000000, val_mse_loss-0.0004117, val_kl_loss-0.0000000
2025-03-05 22:37:34 - INFO - epoch-413, train_mse_loss-0.0003227, train_kl_loss-0.0000000, val_mse_loss-0.0004107, val_kl_loss-0.0000000
2025-03-05 22:41:48 - INFO - epoch-414, train_mse_loss-0.0003227, train_kl_loss-0.0000000, val_mse_loss-0.0004135, val_kl_loss-0.0000000
2025-03-05 22:46:03 - INFO - epoch-415, train_mse_loss-0.0003227, train_kl_loss-0.0000000, val_mse_loss-0.0004130, val_kl_loss-0.0000000
2025-03-05 22:50:17 - INFO - epoch-416, train_mse_loss-0.0003227, train_kl_loss-0.0000000, val_mse_loss-0.0004109, val_kl_loss-0.0000000
2025-03-05 22:54:31 - INFO - epoch-417, train_mse_loss-0.0003227, train_kl_loss-0.0000000, val_mse_loss-0.0004124, val_kl_loss-0.0000000
2025-03-05 22:58:47 - INFO - epoch-418, train_mse_loss-0.0003227, train_kl_loss-0.0000000, val_mse_loss-0.0004146, val_kl_loss-0.0000000
2025-03-05 23:03:03 - INFO - epoch-419, train_mse_loss-0.0003227, train_kl_loss-0.0000000, val_mse_loss-0.0004116, val_kl_loss-0.0000000
2025-03-05 23:07:17 - INFO - epoch-420, train_mse_loss-0.0003227, train_kl_loss-0.0000000, val_mse_loss-0.0004117, val_kl_loss-0.0000000
2025-03-05 23:11:32 - INFO - epoch-421, train_mse_loss-0.0003227, train_kl_loss-0.0000000, val_mse_loss-0.0004138, val_kl_loss-0.0000000
2025-03-05 23:15:47 - INFO - epoch-422, train_mse_loss-0.0003227, train_kl_loss-0.0000000, val_mse_loss-0.0004106, val_kl_loss-0.0000000
2025-03-05 23:20:01 - INFO - epoch-423, train_mse_loss-0.0003227, train_kl_loss-0.0000000, val_mse_loss-0.0004098, val_kl_loss-0.0000000
2025-03-05 23:24:16 - INFO - epoch-424, train_mse_loss-0.0003227, train_kl_loss-0.0000000, val_mse_loss-0.0004125, val_kl_loss-0.0000000
2025-03-05 23:28:29 - INFO - epoch-425, train_mse_loss-0.0003227, train_kl_loss-0.0000000, val_mse_loss-0.0004111, val_kl_loss-0.0000000
2025-03-05 23:32:44 - INFO - epoch-426, train_mse_loss-0.0003227, train_kl_loss-0.0000000, val_mse_loss-0.0004114, val_kl_loss-0.0000000
2025-03-05 23:36:59 - INFO - epoch-427, train_mse_loss-0.0003227, train_kl_loss-0.0000000, val_mse_loss-0.0004117, val_kl_loss-0.0000000
2025-03-05 23:41:13 - INFO - epoch-428, train_mse_loss-0.0003226, train_kl_loss-0.0000000, val_mse_loss-0.0004104, val_kl_loss-0.0000000
2025-03-05 23:45:27 - INFO - epoch-429, train_mse_loss-0.0003227, train_kl_loss-0.0000000, val_mse_loss-0.0004103, val_kl_loss-0.0000000
2025-03-05 23:49:42 - INFO - epoch-430, train_mse_loss-0.0003227, train_kl_loss-0.0000000, val_mse_loss-0.0004105, val_kl_loss-0.0000000
2025-03-05 23:53:56 - INFO - epoch-431, train_mse_loss-0.0003227, train_kl_loss-0.0000000, val_mse_loss-0.0004090, val_kl_loss-0.0000000
2025-03-05 23:58:12 - INFO - epoch-432, train_mse_loss-0.0003226, train_kl_loss-0.0000000, val_mse_loss-0.0004122, val_kl_loss-0.0000000
2025-03-06 00:02:31 - INFO - epoch-433, train_mse_loss-0.0003227, train_kl_loss-0.0000000, val_mse_loss-0.0004118, val_kl_loss-0.0000000
2025-03-06 00:06:48 - INFO - epoch-434, train_mse_loss-0.0003227, train_kl_loss-0.0000000, val_mse_loss-0.0004110, val_kl_loss-0.0000000
2025-03-06 00:11:03 - INFO - epoch-435, train_mse_loss-0.0003227, train_kl_loss-0.0000000, val_mse_loss-0.0004120, val_kl_loss-0.0000000
2025-03-06 00:15:17 - INFO - epoch-436, train_mse_loss-0.0003227, train_kl_loss-0.0000000, val_mse_loss-0.0004079, val_kl_loss-0.0000000
2025-03-06 00:19:32 - INFO - epoch-437, train_mse_loss-0.0003227, train_kl_loss-0.0000000, val_mse_loss-0.0004098, val_kl_loss-0.0000000
2025-03-06 00:23:46 - INFO - epoch-438, train_mse_loss-0.0003227, train_kl_loss-0.0000000, val_mse_loss-0.0004085, val_kl_loss-0.0000000
2025-03-06 00:28:00 - INFO - epoch-439, train_mse_loss-0.0003227, train_kl_loss-0.0000000, val_mse_loss-0.0004107, val_kl_loss-0.0000000
2025-03-06 00:32:15 - INFO - epoch-440, train_mse_loss-0.0003227, train_kl_loss-0.0000000, val_mse_loss-0.0004111, val_kl_loss-0.0000000
2025-03-06 00:36:30 - INFO - epoch-441, train_mse_loss-0.0003227, train_kl_loss-0.0000000, val_mse_loss-0.0004092, val_kl_loss-0.0000000
2025-03-06 00:40:46 - INFO - epoch-442, train_mse_loss-0.0003227, train_kl_loss-0.0000000, val_mse_loss-0.0004068, val_kl_loss-0.0000000
2025-03-06 00:45:01 - INFO - epoch-443, train_mse_loss-0.0003226, train_kl_loss-0.0000000, val_mse_loss-0.0004109, val_kl_loss-0.0000000
2025-03-06 00:49:15 - INFO - epoch-444, train_mse_loss-0.0003227, train_kl_loss-0.0000000, val_mse_loss-0.0004099, val_kl_loss-0.0000000
2025-03-06 00:53:29 - INFO - epoch-445, train_mse_loss-0.0003227, train_kl_loss-0.0000000, val_mse_loss-0.0004085, val_kl_loss-0.0000000
2025-03-06 00:57:44 - INFO - epoch-446, train_mse_loss-0.0003226, train_kl_loss-0.0000000, val_mse_loss-0.0004120, val_kl_loss-0.0000000
2025-03-06 01:01:58 - INFO - epoch-447, train_mse_loss-0.0003227, train_kl_loss-0.0000000, val_mse_loss-0.0004100, val_kl_loss-0.0000000
2025-03-06 01:06:14 - INFO - epoch-448, train_mse_loss-0.0003227, train_kl_loss-0.0000000, val_mse_loss-0.0004103, val_kl_loss-0.0000000
2025-03-06 01:10:29 - INFO - epoch-449, train_mse_loss-0.0003227, train_kl_loss-0.0000000, val_mse_loss-0.0004111, val_kl_loss-0.0000000
2025-03-06 01:14:44 - INFO - epoch-450, train_mse_loss-0.0003227, train_kl_loss-0.0000000, val_mse_loss-0.0004099, val_kl_loss-0.0000000
2025-03-06 01:18:59 - INFO - epoch-451, train_mse_loss-0.0003227, train_kl_loss-0.0000000, val_mse_loss-0.0004124, val_kl_loss-0.0000000
2025-03-06 01:23:16 - INFO - epoch-452, train_mse_loss-0.0003227, train_kl_loss-0.0000000, val_mse_loss-0.0004101, val_kl_loss-0.0000000
2025-03-06 01:27:31 - INFO - epoch-453, train_mse_loss-0.0003226, train_kl_loss-0.0000000, val_mse_loss-0.0004112, val_kl_loss-0.0000000
2025-03-06 01:31:45 - INFO - epoch-454, train_mse_loss-0.0003227, train_kl_loss-0.0000000, val_mse_loss-0.0004085, val_kl_loss-0.0000000
2025-03-06 01:36:00 - INFO - epoch-455, train_mse_loss-0.0003227, train_kl_loss-0.0000000, val_mse_loss-0.0004091, val_kl_loss-0.0000000
2025-03-06 01:40:15 - INFO - epoch-456, train_mse_loss-0.0003227, train_kl_loss-0.0000000, val_mse_loss-0.0004100, val_kl_loss-0.0000000
2025-03-06 01:44:30 - INFO - epoch-457, train_mse_loss-0.0003227, train_kl_loss-0.0000000, val_mse_loss-0.0004104, val_kl_loss-0.0000000
2025-03-06 01:48:46 - INFO - epoch-458, train_mse_loss-0.0003227, train_kl_loss-0.0000000, val_mse_loss-0.0004106, val_kl_loss-0.0000000
2025-03-06 01:53:02 - INFO - epoch-459, train_mse_loss-0.0003227, train_kl_loss-0.0000000, val_mse_loss-0.0004097, val_kl_loss-0.0000000
2025-03-06 01:57:17 - INFO - epoch-460, train_mse_loss-0.0003227, train_kl_loss-0.0000000, val_mse_loss-0.0004102, val_kl_loss-0.0000000
2025-03-06 02:01:32 - INFO - epoch-461, train_mse_loss-0.0003227, train_kl_loss-0.0000000, val_mse_loss-0.0004085, val_kl_loss-0.0000000
2025-03-06 02:05:51 - INFO - epoch-462, train_mse_loss-0.0003227, train_kl_loss-0.0000000, val_mse_loss-0.0004124, val_kl_loss-0.0000000
2025-03-06 02:10:08 - INFO - epoch-463, train_mse_loss-0.0003227, train_kl_loss-0.0000000, val_mse_loss-0.0004099, val_kl_loss-0.0000000
2025-03-06 02:14:27 - INFO - epoch-464, train_mse_loss-0.0003227, train_kl_loss-0.0000000, val_mse_loss-0.0004072, val_kl_loss-0.0000000
2025-03-06 02:18:44 - INFO - epoch-465, train_mse_loss-0.0003227, train_kl_loss-0.0000000, val_mse_loss-0.0004094, val_kl_loss-0.0000000
2025-03-06 02:23:01 - INFO - epoch-466, train_mse_loss-0.0003227, train_kl_loss-0.0000000, val_mse_loss-0.0004102, val_kl_loss-0.0000000
2025-03-06 02:27:18 - INFO - epoch-467, train_mse_loss-0.0003227, train_kl_loss-0.0000000, val_mse_loss-0.0004095, val_kl_loss-0.0000000
2025-03-06 02:31:35 - INFO - epoch-468, train_mse_loss-0.0003227, train_kl_loss-0.0000000, val_mse_loss-0.0004048, val_kl_loss-0.0000000
2025-03-06 02:35:51 - INFO - epoch-469, train_mse_loss-0.0003227, train_kl_loss-0.0000000, val_mse_loss-0.0004090, val_kl_loss-0.0000000
2025-03-06 02:40:08 - INFO - epoch-470, train_mse_loss-0.0003227, train_kl_loss-0.0000000, val_mse_loss-0.0004086, val_kl_loss-0.0000000
2025-03-06 02:44:25 - INFO - epoch-471, train_mse_loss-0.0003227, train_kl_loss-0.0000000, val_mse_loss-0.0004092, val_kl_loss-0.0000000
2025-03-06 02:48:42 - INFO - epoch-472, train_mse_loss-0.0003227, train_kl_loss-0.0000000, val_mse_loss-0.0004135, val_kl_loss-0.0000000
2025-03-06 02:52:58 - INFO - epoch-473, train_mse_loss-0.0003227, train_kl_loss-0.0000000, val_mse_loss-0.0004134, val_kl_loss-0.0000000
2025-03-06 02:57:15 - INFO - epoch-474, train_mse_loss-0.0003227, train_kl_loss-0.0000000, val_mse_loss-0.0004128, val_kl_loss-0.0000000
2025-03-06 03:01:32 - INFO - epoch-475, train_mse_loss-0.0003227, train_kl_loss-0.0000000, val_mse_loss-0.0004105, val_kl_loss-0.0000000
2025-03-06 03:05:49 - INFO - epoch-476, train_mse_loss-0.0003227, train_kl_loss-0.0000000, val_mse_loss-0.0004117, val_kl_loss-0.0000000
2025-03-06 03:10:05 - INFO - epoch-477, train_mse_loss-0.0003227, train_kl_loss-0.0000000, val_mse_loss-0.0004118, val_kl_loss-0.0000000
2025-03-06 03:14:22 - INFO - epoch-478, train_mse_loss-0.0003227, train_kl_loss-0.0000000, val_mse_loss-0.0004124, val_kl_loss-0.0000000
2025-03-06 03:18:40 - INFO - epoch-479, train_mse_loss-0.0003227, train_kl_loss-0.0000000, val_mse_loss-0.0004130, val_kl_loss-0.0000000
2025-03-06 03:22:57 - INFO - epoch-480, train_mse_loss-0.0003227, train_kl_loss-0.0000000, val_mse_loss-0.0004130, val_kl_loss-0.0000000
2025-03-06 03:27:13 - INFO - epoch-481, train_mse_loss-0.0003227, train_kl_loss-0.0000000, val_mse_loss-0.0004130, val_kl_loss-0.0000000
2025-03-06 03:31:31 - INFO - epoch-482, train_mse_loss-0.0003227, train_kl_loss-0.0000000, val_mse_loss-0.0004109, val_kl_loss-0.0000000
2025-03-06 03:35:48 - INFO - epoch-483, train_mse_loss-0.0003227, train_kl_loss-0.0000000, val_mse_loss-0.0004111, val_kl_loss-0.0000000
2025-03-06 03:40:04 - INFO - epoch-484, train_mse_loss-0.0003227, train_kl_loss-0.0000000, val_mse_loss-0.0004127, val_kl_loss-0.0000000
2025-03-06 03:44:20 - INFO - epoch-485, train_mse_loss-0.0003227, train_kl_loss-0.0000000, val_mse_loss-0.0004124, val_kl_loss-0.0000000
2025-03-06 03:48:36 - INFO - epoch-486, train_mse_loss-0.0003227, train_kl_loss-0.0000000, val_mse_loss-0.0004081, val_kl_loss-0.0000000
2025-03-06 03:52:53 - INFO - epoch-487, train_mse_loss-0.0003227, train_kl_loss-0.0000000, val_mse_loss-0.0004091, val_kl_loss-0.0000000
2025-03-06 03:57:10 - INFO - epoch-488, train_mse_loss-0.0003227, train_kl_loss-0.0000000, val_mse_loss-0.0004101, val_kl_loss-0.0000000
2025-03-06 04:01:27 - INFO - epoch-489, train_mse_loss-0.0003227, train_kl_loss-0.0000000, val_mse_loss-0.0004134, val_kl_loss-0.0000000
2025-03-06 04:05:46 - INFO - epoch-490, train_mse_loss-0.0003227, train_kl_loss-0.0000000, val_mse_loss-0.0004082, val_kl_loss-0.0000000
2025-03-06 04:10:04 - INFO - epoch-491, train_mse_loss-0.0003226, train_kl_loss-0.0000000, val_mse_loss-0.0004106, val_kl_loss-0.0000000
2025-03-06 04:14:20 - INFO - epoch-492, train_mse_loss-0.0003227, train_kl_loss-0.0000000, val_mse_loss-0.0004104, val_kl_loss-0.0000000
2025-03-06 04:18:36 - INFO - epoch-493, train_mse_loss-0.0003227, train_kl_loss-0.0000000, val_mse_loss-0.0004134, val_kl_loss-0.0000000
2025-03-06 04:22:53 - INFO - epoch-494, train_mse_loss-0.0003227, train_kl_loss-0.0000000, val_mse_loss-0.0004099, val_kl_loss-0.0000000
2025-03-06 04:27:13 - INFO - epoch-495, train_mse_loss-0.0003227, train_kl_loss-0.0000000, val_mse_loss-0.0004097, val_kl_loss-0.0000000
2025-03-06 04:31:29 - INFO - epoch-496, train_mse_loss-0.0003227, train_kl_loss-0.0000000, val_mse_loss-0.0004111, val_kl_loss-0.0000000
2025-03-06 04:35:47 - INFO - epoch-497, train_mse_loss-0.0003227, train_kl_loss-0.0000000, val_mse_loss-0.0004097, val_kl_loss-0.0000000
2025-03-06 04:40:04 - INFO - epoch-498, train_mse_loss-0.0003227, train_kl_loss-0.0000000, val_mse_loss-0.0004085, val_kl_loss-0.0000000
2025-03-06 04:44:21 - INFO - epoch-499, train_mse_loss-0.0003227, train_kl_loss-0.0000000, val_mse_loss-0.0004051, val_kl_loss-0.0000000
