2025-02-25 10:48:21 - INFO - train data: 13259
2025-02-25 10:48:21 - INFO - train unqiue data: 13259
2025-02-25 10:48:21 - INFO - valid data: 1474
2025-02-25 10:48:21 - INFO - valid unqiue data: 1474
2025-02-25 10:52:09 - INFO - Epoch-0, Loss_G: 36.7552757, Loss_D: 0.6491620, Val_MSE: 0.0007570, Val_KL: 43.7991048
2025-02-25 10:52:15 - INFO - Saved new best model at epoch 0 with validation loss 43.7998617
2025-02-25 10:55:55 - INFO - Epoch-1, Loss_G: 45.2421837, Loss_D: 0.0000259, Val_MSE: 0.0005792, Val_KL: 805833.1060622
2025-02-25 10:59:35 - INFO - Epoch-2, Loss_G: 33.3215485, Loss_D: 0.0000663, Val_MSE: 0.0005814, Val_KL: 402.9478419
2025-02-25 11:03:14 - INFO - Epoch-3, Loss_G: 34.1661148, Loss_D: 0.0000248, Val_MSE: 0.0005795, Val_KL: 186.5353658
2025-02-25 11:06:52 - INFO - Epoch-4, Loss_G: 40.1959648, Loss_D: 0.0000166, Val_MSE: 0.0005796, Val_KL: 43.0060394
2025-02-25 11:06:59 - INFO - Saved new best model at epoch 4 with validation loss 43.0066190
2025-02-25 11:10:37 - INFO - Epoch-5, Loss_G: 23.4538422, Loss_D: 0.0000088, Val_MSE: 0.0005795, Val_KL: 22.7113741
2025-02-25 11:10:43 - INFO - Saved new best model at epoch 5 with validation loss 22.7119536
2025-02-25 11:14:22 - INFO - Epoch-6, Loss_G: 39.2784195, Loss_D: 50.0000000, Val_MSE: 0.0005795, Val_KL: 39.7582288
2025-02-25 11:18:02 - INFO - Epoch-7, Loss_G: 31.0015526, Loss_D: 50.0000000, Val_MSE: 0.0005795, Val_KL: 134.5040131
2025-02-25 11:21:41 - INFO - Epoch-8, Loss_G: 16.4036083, Loss_D: 50.0000000, Val_MSE: 0.0005795, Val_KL: 18.1387417
2025-02-25 11:21:47 - INFO - Saved new best model at epoch 8 with validation loss 18.1393212
2025-02-25 11:25:27 - INFO - Epoch-9, Loss_G: 22.1756821, Loss_D: 50.0000000, Val_MSE: 0.0005795, Val_KL: 23.2658107
2025-02-25 11:29:06 - INFO - Epoch-10, Loss_G: 15.4309912, Loss_D: 50.0000000, Val_MSE: 0.0005795, Val_KL: 16.3175085
2025-02-25 11:29:12 - INFO - Saved new best model at epoch 10 with validation loss 16.3180879
2025-02-25 11:32:51 - INFO - Epoch-11, Loss_G: 18.4612789, Loss_D: 50.0000000, Val_MSE: 0.0005795, Val_KL: 18.4710966
2025-02-25 11:36:30 - INFO - Epoch-12, Loss_G: 27.7664413, Loss_D: 50.0000000, Val_MSE: 0.0005795, Val_KL: 29.2123900
2025-02-25 11:40:09 - INFO - Epoch-13, Loss_G: 17.9579735, Loss_D: 50.0000000, Val_MSE: 0.0005795, Val_KL: 18.7112124
2025-02-25 11:43:47 - INFO - Epoch-14, Loss_G: 14.4204140, Loss_D: 50.0000000, Val_MSE: 0.0005795, Val_KL: 15.0764878
2025-02-25 11:43:54 - INFO - Saved new best model at epoch 14 with validation loss 15.0770673
2025-02-25 11:47:34 - INFO - Epoch-15, Loss_G: 14.0324039, Loss_D: 50.0000000, Val_MSE: 0.0005795, Val_KL: 16.5703565
2025-02-25 11:51:13 - INFO - Epoch-16, Loss_G: 11.7572498, Loss_D: 0.0014336, Val_MSE: 0.0005795, Val_KL: 11.8544235
2025-02-25 11:51:19 - INFO - Saved new best model at epoch 16 with validation loss 11.8550029
2025-02-25 11:54:57 - INFO - Epoch-17, Loss_G: 23.0825729, Loss_D: 0.0000114, Val_MSE: 0.0005795, Val_KL: 21.8704685
2025-02-25 11:58:35 - INFO - Epoch-18, Loss_G: 24.8793564, Loss_D: 0.0000010, Val_MSE: 0.0005795, Val_KL: 24.5044139
