2024-12-21 09:13:59 - INFO - /mnt/cephfs/projects/2023110101_Ligand_fitting_to_EM_maps/My_Code/CryoLigate_Github/CryoLigate/GIGN/GIGN_EM/For_Elisei_Nov_2024/CryoLigate_GIGN_Unet/train_example.py
2024-12-21 09:13:59 - INFO - train data: 6809
2024-12-21 09:13:59 - INFO - valid data: 757
2024-12-21 09:14:16 - INFO - Initial_train_loss-0.0038469  Initial_val_loss-0.0038489
2024-12-21 09:14:55 - INFO - epoch-0, train_loss-0.0078378, val_loss-0.0248828
2024-12-21 09:15:34 - INFO - epoch-1, train_loss-0.0007317, val_loss-0.0247417
2024-12-21 09:16:13 - INFO - epoch-2, train_loss-0.0007032, val_loss-0.0227649
2024-12-21 09:16:51 - INFO - epoch-3, train_loss-0.0006886, val_loss-0.0219785
2024-12-21 09:17:29 - INFO - epoch-4, train_loss-0.0006808, val_loss-0.0206021
2024-12-21 09:18:08 - INFO - epoch-5, train_loss-0.0006757, val_loss-0.0199950
2024-12-21 09:18:46 - INFO - epoch-6, train_loss-0.0006723, val_loss-0.0192076
2024-12-21 09:19:24 - INFO - epoch-7, train_loss-0.0006696, val_loss-0.0184776
2024-12-21 09:20:02 - INFO - epoch-8, train_loss-0.0006676, val_loss-0.0182056
2024-12-21 09:20:40 - INFO - epoch-9, train_loss-0.0006662, val_loss-0.0175549
2024-12-21 09:21:18 - INFO - epoch-10, train_loss-0.0006651, val_loss-0.0171354
2024-12-21 09:21:56 - INFO - epoch-11, train_loss-0.0006643, val_loss-0.0163636
2024-12-21 09:22:34 - INFO - epoch-12, train_loss-0.0006636, val_loss-0.0155634
2024-12-21 09:23:12 - INFO - epoch-13, train_loss-0.0006629, val_loss-0.0161001
2024-12-21 09:23:50 - INFO - epoch-14, train_loss-0.0006624, val_loss-0.0153599
2024-12-21 09:24:28 - INFO - epoch-15, train_loss-0.0006619, val_loss-0.0152129
2024-12-21 09:25:06 - INFO - epoch-16, train_loss-0.0006612, val_loss-0.0159530
2024-12-21 09:25:45 - INFO - epoch-17, train_loss-0.0006608, val_loss-0.0150575
2024-12-21 09:26:25 - INFO - epoch-18, train_loss-0.0006603, val_loss-0.0144630
2024-12-21 09:27:03 - INFO - epoch-19, train_loss-0.0006595, val_loss-0.0116332
2024-12-21 09:27:41 - INFO - epoch-20, train_loss-0.0006581, val_loss-0.0121566
2024-12-21 09:28:19 - INFO - epoch-21, train_loss-0.0006575, val_loss-0.0137666
2024-12-21 09:28:57 - INFO - epoch-22, train_loss-0.0006570, val_loss-0.0133885
2024-12-21 09:29:35 - INFO - epoch-23, train_loss-0.0006566, val_loss-0.0130287
2024-12-21 09:30:13 - INFO - epoch-24, train_loss-0.0006561, val_loss-0.0124631
2024-12-21 09:30:51 - INFO - epoch-25, train_loss-0.0006548, val_loss-0.0127780
2024-12-21 09:31:29 - INFO - epoch-26, train_loss-0.0006540, val_loss-0.0122221
2024-12-21 09:32:08 - INFO - epoch-27, train_loss-0.0006534, val_loss-0.0157528
2024-12-21 09:32:46 - INFO - epoch-28, train_loss-0.0006538, val_loss-0.0155047
2024-12-21 09:33:24 - INFO - epoch-29, train_loss-0.0006532, val_loss-0.0118544
2024-12-21 09:34:02 - INFO - epoch-30, train_loss-0.0006535, val_loss-0.0123233
2024-12-21 09:34:40 - INFO - epoch-31, train_loss-0.0006525, val_loss-0.0111712
2024-12-21 09:35:18 - INFO - epoch-32, train_loss-0.0006528, val_loss-0.0106287
2024-12-21 09:35:56 - INFO - epoch-33, train_loss-0.0006522, val_loss-0.0137694
2024-12-21 09:36:34 - INFO - epoch-34, train_loss-0.0006521, val_loss-0.0080825
2024-12-21 09:37:12 - INFO - epoch-35, train_loss-0.0006530, val_loss-0.0087057
2024-12-21 09:37:52 - INFO - epoch-36, train_loss-0.0006522, val_loss-0.0087612
2024-12-21 09:38:31 - INFO - epoch-37, train_loss-0.0006515, val_loss-0.0083902
2024-12-21 09:39:09 - INFO - epoch-38, train_loss-0.0006513, val_loss-0.0066252
2024-12-21 09:39:47 - INFO - epoch-39, train_loss-0.0006510, val_loss-0.0066300
2024-12-21 09:40:25 - INFO - epoch-40, train_loss-0.0006508, val_loss-0.0077655
2024-12-21 09:41:03 - INFO - epoch-41, train_loss-0.0006506, val_loss-0.0065573
2024-12-21 09:41:41 - INFO - epoch-42, train_loss-0.0006511, val_loss-0.0073549
2024-12-21 09:42:20 - INFO - epoch-43, train_loss-0.0006505, val_loss-0.0099874
2024-12-21 09:42:58 - INFO - epoch-44, train_loss-0.0006507, val_loss-0.0068346
2024-12-21 09:43:37 - INFO - epoch-45, train_loss-0.0006506, val_loss-0.0045572
2024-12-21 09:44:15 - INFO - epoch-46, train_loss-0.0006505, val_loss-0.0085487
2024-12-21 09:44:53 - INFO - epoch-47, train_loss-0.0006498, val_loss-0.0069382
2024-12-21 09:45:32 - INFO - epoch-48, train_loss-0.0006495, val_loss-0.0046735
2024-12-21 09:46:11 - INFO - epoch-49, train_loss-0.0006495, val_loss-0.0049396
2024-12-21 09:46:49 - INFO - epoch-50, train_loss-0.0006493, val_loss-0.0034730
2024-12-21 09:47:27 - INFO - epoch-51, train_loss-0.0006497, val_loss-0.0101672
2024-12-21 09:48:04 - INFO - epoch-52, train_loss-0.0006500, val_loss-0.0010583
2024-12-21 09:48:44 - INFO - epoch-53, train_loss-0.0006501, val_loss-0.0051165
2024-12-21 09:49:22 - INFO - epoch-54, train_loss-0.0006494, val_loss-0.0056733
2024-12-21 09:50:01 - INFO - epoch-55, train_loss-0.0006492, val_loss-0.0043545
2024-12-21 09:50:39 - INFO - epoch-56, train_loss-0.0006486, val_loss-0.0055111
2024-12-21 09:51:17 - INFO - epoch-57, train_loss-0.0006485, val_loss-0.0072430
2024-12-21 09:51:55 - INFO - epoch-58, train_loss-0.0006492, val_loss-0.0033878
2024-12-21 09:52:32 - INFO - epoch-59, train_loss-0.0006482, val_loss-0.0112560
2024-12-21 09:53:11 - INFO - epoch-60, train_loss-0.0006476, val_loss-0.0027692
2024-12-21 09:53:49 - INFO - epoch-61, train_loss-0.0006477, val_loss-0.0034776
2024-12-21 09:54:26 - INFO - epoch-62, train_loss-0.0006476, val_loss-0.0018678
2024-12-21 09:55:05 - INFO - epoch-63, train_loss-0.0006557, val_loss-0.5133868
2024-12-21 09:55:42 - INFO - epoch-64, train_loss-0.0006588, val_loss-0.0008699
2024-12-21 09:57:04 - INFO - epoch-65, train_loss-0.0006504, val_loss-0.0008222
2024-12-21 09:59:05 - INFO - epoch-66, train_loss-0.0006494, val_loss-0.0010325
2024-12-21 09:59:43 - INFO - epoch-67, train_loss-0.0006489, val_loss-0.0009829
2024-12-21 10:00:21 - INFO - epoch-68, train_loss-0.0006485, val_loss-0.0010186
2024-12-21 10:00:59 - INFO - epoch-69, train_loss-0.0006481, val_loss-0.0011253
2024-12-21 10:01:37 - INFO - epoch-70, train_loss-0.0006477, val_loss-0.0009210
2024-12-21 10:02:15 - INFO - epoch-71, train_loss-0.0006482, val_loss-0.0008366
2024-12-21 10:02:52 - INFO - epoch-72, train_loss-0.0006476, val_loss-0.0007991
2024-12-21 10:03:30 - INFO - epoch-73, train_loss-0.0006472, val_loss-0.0008479
2024-12-21 10:04:08 - INFO - epoch-74, train_loss-0.0006469, val_loss-0.0007656
2024-12-21 10:04:46 - INFO - epoch-75, train_loss-0.0006470, val_loss-0.0007464
2024-12-21 10:05:24 - INFO - epoch-76, train_loss-0.0006479, val_loss-0.0007128
2024-12-21 10:06:03 - INFO - epoch-77, train_loss-0.0006477, val_loss-0.0007365
2024-12-21 10:06:41 - INFO - epoch-78, train_loss-0.0006466, val_loss-0.0007131
2024-12-21 10:07:19 - INFO - epoch-79, train_loss-0.0006465, val_loss-0.0007170
2024-12-21 10:07:57 - INFO - epoch-80, train_loss-0.0006464, val_loss-0.0007014
2024-12-21 10:08:35 - INFO - epoch-81, train_loss-0.0006473, val_loss-0.0007043
2024-12-21 10:09:13 - INFO - epoch-82, train_loss-0.0006466, val_loss-0.0007136
2024-12-21 10:09:51 - INFO - epoch-83, train_loss-0.0006460, val_loss-0.0007126
2024-12-21 10:10:29 - INFO - epoch-84, train_loss-0.0006459, val_loss-0.0007270
2024-12-21 10:11:07 - INFO - epoch-85, train_loss-0.0006457, val_loss-0.0007279
2024-12-21 10:11:44 - INFO - epoch-86, train_loss-0.0006457, val_loss-0.0007187
2024-12-21 10:12:22 - INFO - epoch-87, train_loss-0.0006460, val_loss-0.0007224
2024-12-21 10:13:00 - INFO - epoch-88, train_loss-0.0006452, val_loss-0.0007369
2024-12-21 10:13:38 - INFO - epoch-89, train_loss-0.0006450, val_loss-0.0007075
2024-12-21 10:14:16 - INFO - epoch-90, train_loss-0.0006450, val_loss-0.0007334
2024-12-21 10:14:54 - INFO - epoch-91, train_loss-0.0006454, val_loss-0.0007158
2024-12-21 10:15:32 - INFO - epoch-92, train_loss-0.0006445, val_loss-0.0007393
2024-12-21 10:16:10 - INFO - epoch-93, train_loss-0.0006446, val_loss-0.0007021
2024-12-21 10:16:49 - INFO - epoch-94, train_loss-0.0006448, val_loss-0.0007193
2024-12-21 10:17:27 - INFO - epoch-95, train_loss-0.0006441, val_loss-0.0007402
2024-12-21 10:18:06 - INFO - epoch-96, train_loss-0.0006447, val_loss-0.0007132
2024-12-21 10:18:44 - INFO - epoch-97, train_loss-0.0006439, val_loss-0.0007205
2024-12-21 10:19:22 - INFO - epoch-98, train_loss-0.0006436, val_loss-0.0007074
2024-12-21 10:20:00 - INFO - epoch-99, train_loss-0.0006438, val_loss-0.0007197
2024-12-21 10:20:38 - INFO - epoch-100, train_loss-0.0006431, val_loss-0.0007419
2024-12-21 10:21:16 - INFO - epoch-101, train_loss-0.0006438, val_loss-0.0007117
2024-12-21 10:21:54 - INFO - epoch-102, train_loss-0.0006429, val_loss-0.0007833
2024-12-21 10:22:33 - INFO - epoch-103, train_loss-0.0006427, val_loss-0.0007743
2024-12-21 10:23:11 - INFO - epoch-104, train_loss-0.0006432, val_loss-0.0010656
2024-12-21 10:23:49 - INFO - epoch-105, train_loss-0.0006424, val_loss-0.0008370
2024-12-21 10:24:27 - INFO - epoch-106, train_loss-0.0006421, val_loss-0.0008259
2024-12-21 10:25:06 - INFO - epoch-107, train_loss-0.0006417, val_loss-0.0008012
2024-12-21 10:25:44 - INFO - epoch-108, train_loss-0.0006423, val_loss-0.0009937
2024-12-21 10:26:22 - INFO - epoch-109, train_loss-0.0006426, val_loss-0.0009085
2024-12-21 10:27:00 - INFO - epoch-110, train_loss-0.0006416, val_loss-0.0008298
2024-12-21 10:27:37 - INFO - epoch-111, train_loss-0.0006415, val_loss-0.0008663
2024-12-21 10:28:15 - INFO - epoch-112, train_loss-0.0006413, val_loss-0.0009874
2024-12-21 10:28:54 - INFO - epoch-113, train_loss-0.0006409, val_loss-0.0008283
2024-12-21 10:29:32 - INFO - epoch-114, train_loss-0.0006557, val_loss-0.0033733
2024-12-21 10:30:10 - INFO - epoch-115, train_loss-0.0006584, val_loss-0.0009761
2024-12-21 10:30:48 - INFO - epoch-116, train_loss-0.0006525, val_loss-0.0008505
2024-12-21 10:31:26 - INFO - epoch-117, train_loss-0.0006519, val_loss-0.0010456
2024-12-21 10:32:03 - INFO - epoch-118, train_loss-0.0006513, val_loss-0.0010312
2024-12-21 10:32:41 - INFO - epoch-119, train_loss-0.0006506, val_loss-0.0009539
2024-12-21 10:33:19 - INFO - epoch-120, train_loss-0.0006505, val_loss-0.0011229
2024-12-21 10:33:57 - INFO - epoch-121, train_loss-0.0006501, val_loss-0.0009442
2024-12-21 10:34:35 - INFO - epoch-122, train_loss-0.0006499, val_loss-0.0008998
2024-12-21 10:35:12 - INFO - epoch-123, train_loss-0.0006496, val_loss-0.0009435
2024-12-21 10:35:50 - INFO - epoch-124, train_loss-0.0006493, val_loss-0.0009026
2024-12-21 10:36:29 - INFO - epoch-125, train_loss-0.0006492, val_loss-0.0007422
2024-12-21 10:37:07 - INFO - epoch-126, train_loss-0.0006490, val_loss-0.0007302
2024-12-21 10:37:44 - INFO - epoch-127, train_loss-0.0006490, val_loss-0.0007455
2024-12-21 10:38:22 - INFO - epoch-128, train_loss-0.0006486, val_loss-0.0007242
2024-12-21 10:39:00 - INFO - epoch-129, train_loss-0.0006483, val_loss-0.0007151
2024-12-21 10:39:38 - INFO - epoch-130, train_loss-0.0006483, val_loss-0.0007333
2024-12-21 10:40:15 - INFO - epoch-131, train_loss-0.0006481, val_loss-0.0007648
2024-12-21 10:40:53 - INFO - epoch-132, train_loss-0.0006479, val_loss-0.0007382
2024-12-21 10:41:31 - INFO - epoch-133, train_loss-0.0006478, val_loss-0.0007484
2024-12-21 10:42:09 - INFO - epoch-134, train_loss-0.0006479, val_loss-0.0007605
2024-12-21 10:42:46 - INFO - epoch-135, train_loss-0.0006478, val_loss-0.0007227
2024-12-21 10:43:24 - INFO - epoch-136, train_loss-0.0006476, val_loss-0.0007606
2024-12-21 10:44:02 - INFO - epoch-137, train_loss-0.0006475, val_loss-0.0007901
2024-12-21 10:44:40 - INFO - epoch-138, train_loss-0.0006473, val_loss-0.0008046
2024-12-21 10:45:17 - INFO - epoch-139, train_loss-0.0006474, val_loss-0.0008322
2024-12-21 10:45:55 - INFO - epoch-140, train_loss-0.0006476, val_loss-0.0007973
2024-12-21 10:46:34 - INFO - epoch-141, train_loss-0.0006563, val_loss-0.0006993
2024-12-21 10:47:12 - INFO - epoch-142, train_loss-0.0006562, val_loss-0.0007315
2024-12-21 10:47:49 - INFO - epoch-143, train_loss-0.0006469, val_loss-0.0007359
2024-12-21 10:48:27 - INFO - epoch-144, train_loss-0.0006467, val_loss-0.0007568
2024-12-21 10:49:05 - INFO - epoch-145, train_loss-0.0006466, val_loss-0.0007465
2024-12-21 10:49:43 - INFO - epoch-146, train_loss-0.0006467, val_loss-0.0007497
2024-12-21 10:51:55 - INFO - epoch-147, train_loss-0.0006464, val_loss-0.0007328
2024-12-21 10:52:49 - INFO - epoch-148, train_loss-0.0006468, val_loss-0.0007570
2024-12-21 10:53:27 - INFO - epoch-149, train_loss-0.0006465, val_loss-0.0007457
2024-12-21 10:54:05 - INFO - epoch-150, train_loss-0.0006465, val_loss-0.0007988
2024-12-21 10:54:43 - INFO - epoch-151, train_loss-0.0006463, val_loss-0.0007249
2024-12-21 10:55:21 - INFO - epoch-152, train_loss-0.0006468, val_loss-0.0007116
2024-12-21 10:55:58 - INFO - epoch-153, train_loss-0.0006785, val_loss-0.0006703
2024-12-21 10:56:36 - INFO - epoch-154, train_loss-0.0006541, val_loss-0.0006849
2024-12-21 10:57:14 - INFO - epoch-155, train_loss-0.0006520, val_loss-0.0006888
2024-12-21 10:57:51 - INFO - epoch-156, train_loss-0.0006511, val_loss-0.0007003
2024-12-21 10:58:30 - INFO - epoch-157, train_loss-0.0006505, val_loss-0.0006986
2024-12-21 10:59:09 - INFO - epoch-158, train_loss-0.0006500, val_loss-0.0006955
2024-12-21 10:59:46 - INFO - epoch-159, train_loss-0.0006496, val_loss-0.0007057
2024-12-21 11:00:24 - INFO - epoch-160, train_loss-0.0006494, val_loss-0.0006930
2024-12-21 11:01:02 - INFO - epoch-161, train_loss-0.0006491, val_loss-0.0007004
2024-12-21 11:01:39 - INFO - epoch-162, train_loss-0.0006487, val_loss-0.0007008
2024-12-21 11:02:17 - INFO - epoch-163, train_loss-0.0006486, val_loss-0.0006959
2024-12-21 11:02:54 - INFO - epoch-164, train_loss-0.0006483, val_loss-0.0007012
2024-12-21 11:03:32 - INFO - epoch-165, train_loss-0.0006481, val_loss-0.0006997
2024-12-21 11:04:09 - INFO - epoch-166, train_loss-0.0006480, val_loss-0.0006916
2024-12-21 11:04:47 - INFO - epoch-167, train_loss-0.0006479, val_loss-0.0006859
2024-12-21 11:05:24 - INFO - epoch-168, train_loss-0.0006477, val_loss-0.0006887
2024-12-21 11:06:02 - INFO - epoch-169, train_loss-0.0006477, val_loss-0.0006821
2024-12-21 11:06:39 - INFO - epoch-170, train_loss-0.0006475, val_loss-0.0006783
2024-12-21 11:07:17 - INFO - epoch-171, train_loss-0.0006476, val_loss-0.0006756
2024-12-21 11:07:54 - INFO - epoch-172, train_loss-0.0006474, val_loss-0.0006785
2024-12-21 11:08:32 - INFO - epoch-173, train_loss-0.0006472, val_loss-0.0006783
2024-12-21 11:09:10 - INFO - epoch-174, train_loss-0.0006470, val_loss-0.0006770
2024-12-21 11:09:47 - INFO - epoch-175, train_loss-0.0006475, val_loss-0.0006811
2024-12-21 11:10:25 - INFO - epoch-176, train_loss-0.0006466, val_loss-0.0006854
2024-12-21 11:11:02 - INFO - epoch-177, train_loss-0.0006467, val_loss-0.0006795
2024-12-21 11:11:40 - INFO - epoch-178, train_loss-0.0006470, val_loss-0.0006774
2024-12-21 11:12:17 - INFO - epoch-179, train_loss-0.0006463, val_loss-0.0006818
2024-12-21 11:12:55 - INFO - epoch-180, train_loss-0.0006467, val_loss-0.0006752
2024-12-21 11:13:32 - INFO - epoch-181, train_loss-0.0006460, val_loss-0.0006766
2024-12-21 11:14:10 - INFO - epoch-182, train_loss-0.0006461, val_loss-0.0006801
2024-12-21 11:14:48 - INFO - epoch-183, train_loss-0.0006461, val_loss-0.0006814
2024-12-21 11:15:25 - INFO - epoch-184, train_loss-0.0006459, val_loss-0.0006751
2024-12-21 11:16:03 - INFO - epoch-185, train_loss-0.0006458, val_loss-0.0006737
2024-12-21 11:16:40 - INFO - epoch-186, train_loss-0.0006458, val_loss-0.0006729
2024-12-21 11:17:18 - INFO - epoch-187, train_loss-0.0006457, val_loss-0.0006754
2024-12-21 11:17:56 - INFO - epoch-188, train_loss-0.0006454, val_loss-0.0006711
2024-12-21 11:18:34 - INFO - epoch-189, train_loss-0.0006479, val_loss-0.0007751
2024-12-21 11:19:11 - INFO - epoch-190, train_loss-0.0006508, val_loss-0.0006754
2024-12-21 11:19:49 - INFO - epoch-191, train_loss-0.0006486, val_loss-0.0006788
2024-12-21 11:20:26 - INFO - epoch-192, train_loss-0.0006475, val_loss-0.0006728
2024-12-21 11:21:04 - INFO - epoch-193, train_loss-0.0006468, val_loss-0.0006755
2024-12-21 11:21:42 - INFO - epoch-194, train_loss-0.0006465, val_loss-0.0006827
2024-12-21 11:22:21 - INFO - epoch-195, train_loss-0.0006461, val_loss-0.0006746
2024-12-21 11:22:59 - INFO - epoch-196, train_loss-0.0006460, val_loss-0.0006736
2024-12-21 11:23:37 - INFO - epoch-197, train_loss-0.0006456, val_loss-0.0006754
2024-12-21 11:24:15 - INFO - epoch-198, train_loss-0.0006453, val_loss-0.0006768
2024-12-21 11:24:52 - INFO - epoch-199, train_loss-0.0006455, val_loss-0.0006760
2024-12-21 11:25:30 - INFO - epoch-200, train_loss-0.0006454, val_loss-0.0006734
2024-12-21 11:26:07 - INFO - epoch-201, train_loss-0.0006452, val_loss-0.0006724
2024-12-21 11:26:45 - INFO - epoch-202, train_loss-0.0006447, val_loss-0.0006746
2024-12-21 11:27:22 - INFO - epoch-203, train_loss-0.0006449, val_loss-0.0006748
2024-12-21 11:28:00 - INFO - epoch-204, train_loss-0.0006449, val_loss-0.0006724
2024-12-21 11:28:38 - INFO - epoch-205, train_loss-0.0006446, val_loss-0.0006742
2024-12-21 11:29:15 - INFO - epoch-206, train_loss-0.0006447, val_loss-0.0006769
2024-12-21 11:29:53 - INFO - epoch-207, train_loss-0.0006454, val_loss-0.0006776
2024-12-21 11:30:31 - INFO - epoch-208, train_loss-0.0006443, val_loss-0.0006769
2024-12-21 11:31:08 - INFO - epoch-209, train_loss-0.0006450, val_loss-0.0006756
2024-12-21 11:31:46 - INFO - epoch-210, train_loss-0.0006442, val_loss-0.0006752
2024-12-21 11:32:24 - INFO - epoch-211, train_loss-0.0006442, val_loss-0.0006738
2024-12-21 11:33:02 - INFO - epoch-212, train_loss-0.0006441, val_loss-0.0006714
2024-12-21 11:33:39 - INFO - epoch-213, train_loss-0.0006439, val_loss-0.0006690
2024-12-21 11:34:17 - INFO - epoch-214, train_loss-0.0006441, val_loss-0.0006736
2024-12-21 11:34:54 - INFO - epoch-215, train_loss-0.0006443, val_loss-0.0006736
2024-12-21 11:35:32 - INFO - epoch-216, train_loss-0.0006442, val_loss-0.0006783
2024-12-21 11:36:09 - INFO - epoch-217, train_loss-0.0006438, val_loss-0.0006794
2024-12-21 11:36:47 - INFO - epoch-218, train_loss-0.0006433, val_loss-0.0006776
2024-12-21 11:37:24 - INFO - epoch-219, train_loss-0.0006433, val_loss-0.0006783
2024-12-21 11:38:02 - INFO - epoch-220, train_loss-0.0006434, val_loss-0.0006783
2024-12-21 11:38:39 - INFO - epoch-221, train_loss-0.0006430, val_loss-0.0006778
2024-12-21 11:39:17 - INFO - epoch-222, train_loss-0.0006434, val_loss-0.0006762
2024-12-21 11:39:54 - INFO - epoch-223, train_loss-0.0006431, val_loss-0.0006779
2024-12-21 11:40:33 - INFO - epoch-224, train_loss-0.0006430, val_loss-0.0006721
2024-12-21 11:41:11 - INFO - epoch-225, train_loss-0.0006429, val_loss-0.0006686
2024-12-21 11:41:49 - INFO - epoch-226, train_loss-0.0006425, val_loss-0.0006780
2024-12-21 11:42:26 - INFO - epoch-227, train_loss-0.0006425, val_loss-0.0006982
2024-12-21 11:43:04 - INFO - epoch-228, train_loss-0.0006421, val_loss-0.0006861
2024-12-21 11:44:12 - INFO - epoch-229, train_loss-0.0006422, val_loss-0.0006942
2024-12-21 11:46:05 - INFO - epoch-230, train_loss-0.0006426, val_loss-0.0006820
2024-12-21 11:46:42 - INFO - epoch-231, train_loss-0.0006428, val_loss-0.0006803
2024-12-21 11:47:19 - INFO - epoch-232, train_loss-0.0006415, val_loss-0.0006865
2024-12-21 11:47:57 - INFO - epoch-233, train_loss-0.0006412, val_loss-0.0006781
2024-12-21 11:48:34 - INFO - epoch-234, train_loss-0.0006419, val_loss-0.0006789
2024-12-21 11:49:12 - INFO - epoch-235, train_loss-0.0006409, val_loss-0.0006774
2024-12-21 11:49:49 - INFO - epoch-236, train_loss-0.0006410, val_loss-0.0006783
2024-12-21 11:50:26 - INFO - epoch-237, train_loss-0.0006425, val_loss-0.0006766
2024-12-21 11:51:04 - INFO - epoch-238, train_loss-0.0006425, val_loss-0.0006755
2024-12-21 11:51:41 - INFO - epoch-239, train_loss-0.0006414, val_loss-0.0006704
2024-12-21 11:52:19 - INFO - epoch-240, train_loss-0.0006426, val_loss-0.0006769
2024-12-21 11:52:57 - INFO - epoch-241, train_loss-0.0006421, val_loss-0.0006755
2024-12-21 11:53:36 - INFO - epoch-242, train_loss-0.0006411, val_loss-0.0006804
2024-12-21 11:54:13 - INFO - epoch-243, train_loss-0.0006410, val_loss-0.0006892
2024-12-21 11:54:51 - INFO - epoch-244, train_loss-0.0006399, val_loss-0.0006856
2024-12-21 11:55:28 - INFO - epoch-245, train_loss-0.0006389, val_loss-0.0006780
2024-12-21 11:56:06 - INFO - epoch-246, train_loss-0.0006384, val_loss-0.0006756
2024-12-21 11:56:44 - INFO - epoch-247, train_loss-0.0006382, val_loss-0.0006752
2024-12-21 11:57:23 - INFO - epoch-248, train_loss-0.0006380, val_loss-0.0006800
2024-12-21 11:58:01 - INFO - epoch-249, train_loss-0.0006386, val_loss-0.0006744
2024-12-21 11:58:38 - INFO - epoch-250, train_loss-0.0006390, val_loss-0.0006752
2024-12-21 11:59:16 - INFO - epoch-251, train_loss-0.0006371, val_loss-0.0006783
2024-12-21 11:59:53 - INFO - epoch-252, train_loss-0.0006369, val_loss-0.0006853
2024-12-21 12:00:30 - INFO - epoch-253, train_loss-0.0006376, val_loss-0.0006797
2024-12-21 12:01:08 - INFO - epoch-254, train_loss-0.0006374, val_loss-0.0006779
2024-12-21 12:01:45 - INFO - epoch-255, train_loss-0.0006368, val_loss-0.0006765
2024-12-21 12:02:22 - INFO - epoch-256, train_loss-0.0006368, val_loss-0.0006782
2024-12-21 12:03:00 - INFO - epoch-257, train_loss-0.0006360, val_loss-0.0006788
2024-12-21 12:03:38 - INFO - epoch-258, train_loss-0.0006382, val_loss-0.0006763
2024-12-21 12:04:16 - INFO - epoch-259, train_loss-0.0006378, val_loss-0.0006742
2024-12-21 12:04:53 - INFO - epoch-260, train_loss-0.0006365, val_loss-0.0006732
2024-12-21 12:05:30 - INFO - epoch-261, train_loss-0.0006346, val_loss-0.0006734
2024-12-21 12:06:09 - INFO - epoch-262, train_loss-0.0006338, val_loss-0.0006759
2024-12-21 12:06:47 - INFO - epoch-263, train_loss-0.0006338, val_loss-0.0006778
2024-12-21 12:07:25 - INFO - epoch-264, train_loss-0.0006364, val_loss-0.0006784
2024-12-21 12:08:02 - INFO - epoch-265, train_loss-0.0006359, val_loss-0.0006756
2024-12-21 12:08:39 - INFO - epoch-266, train_loss-0.0006329, val_loss-0.0006765
2024-12-21 12:09:17 - INFO - epoch-267, train_loss-0.0006313, val_loss-0.0006776
2024-12-21 12:09:54 - INFO - epoch-268, train_loss-0.0006326, val_loss-0.0006782
2024-12-21 12:10:31 - INFO - epoch-269, train_loss-0.0006331, val_loss-0.0006771
2024-12-21 12:11:09 - INFO - epoch-270, train_loss-0.0006343, val_loss-0.0006763
2024-12-21 12:11:46 - INFO - epoch-271, train_loss-0.0006365, val_loss-0.0006768
2024-12-21 12:12:24 - INFO - epoch-272, train_loss-0.0006299, val_loss-0.0006769
2024-12-21 12:13:01 - INFO - epoch-273, train_loss-0.0006303, val_loss-0.0006779
2024-12-21 12:13:38 - INFO - epoch-274, train_loss-0.0006303, val_loss-0.0006811
2024-12-21 12:14:16 - INFO - epoch-275, train_loss-0.0006289, val_loss-0.0006769
2024-12-21 12:14:53 - INFO - epoch-276, train_loss-0.0006280, val_loss-0.0006788
2024-12-21 12:15:30 - INFO - epoch-277, train_loss-0.0006275, val_loss-0.0006777
2024-12-21 12:16:08 - INFO - epoch-278, train_loss-0.0006279, val_loss-0.0006761
2024-12-21 12:16:45 - INFO - epoch-279, train_loss-0.0006273, val_loss-0.0006783
2024-12-21 12:17:23 - INFO - epoch-280, train_loss-0.0006269, val_loss-0.0006724
2024-12-21 12:18:00 - INFO - epoch-281, train_loss-0.0006272, val_loss-0.0006766
2024-12-21 12:18:38 - INFO - epoch-282, train_loss-0.0006285, val_loss-0.0006771
2024-12-21 12:19:16 - INFO - epoch-283, train_loss-0.0006260, val_loss-0.0006779
2024-12-21 12:19:54 - INFO - epoch-284, train_loss-0.0006268, val_loss-0.0006805
2024-12-21 12:20:31 - INFO - epoch-285, train_loss-0.0006262, val_loss-0.0006770
2024-12-21 12:21:10 - INFO - epoch-286, train_loss-0.0006267, val_loss-0.0006787
2024-12-21 12:21:47 - INFO - epoch-287, train_loss-0.0006286, val_loss-0.0006740
2024-12-21 12:22:25 - INFO - epoch-288, train_loss-0.0006403, val_loss-0.0006785
2024-12-21 12:23:02 - INFO - epoch-289, train_loss-0.0006252, val_loss-0.0006789
2024-12-21 12:23:40 - INFO - epoch-290, train_loss-0.0006241, val_loss-0.0006758
2024-12-21 12:24:18 - INFO - epoch-291, train_loss-0.0006239, val_loss-0.0006775
2024-12-21 12:24:55 - INFO - epoch-292, train_loss-0.0006236, val_loss-0.0006788
2024-12-21 12:25:34 - INFO - epoch-293, train_loss-0.0006292, val_loss-0.0006777
2024-12-21 12:26:11 - INFO - epoch-294, train_loss-0.0006219, val_loss-0.0006755
2024-12-21 12:26:48 - INFO - epoch-295, train_loss-0.0006209, val_loss-0.0006764
2024-12-21 12:27:26 - INFO - epoch-296, train_loss-0.0006242, val_loss-0.0006734
2024-12-21 12:28:03 - INFO - epoch-297, train_loss-0.0006250, val_loss-0.0006755
2024-12-21 12:28:40 - INFO - epoch-298, train_loss-0.0006231, val_loss-0.0006707
2024-12-21 12:29:18 - INFO - epoch-299, train_loss-0.0006205, val_loss-0.0006720
