2024-12-19 14:15:36 - INFO - /mnt/cephfs/projects/2023110101_Ligand_fitting_to_EM_maps/My_Code/CryoLigate_Github/CryoLigate/GIGN/GIGN_EM/For_Elisei_Nov_2024/CryoLigate_GIGN_Unet/train_example.py
2024-12-19 14:15:36 - INFO - train data: 6809
2024-12-19 14:15:36 - INFO - valid data: 757
2024-12-19 14:20:21 - INFO - Initial_train_loss-0.0032025  Initial_val_loss-0.0032251
2024-12-19 14:20:45 - INFO - epoch-0, train_loss-0.0775984, val_loss-0.0042424
2024-12-19 14:21:10 - INFO - epoch-1, train_loss-0.0007062, val_loss-0.0038668
2024-12-19 14:21:33 - INFO - epoch-2, train_loss-0.0006784, val_loss-0.0047565
2024-12-19 14:21:57 - INFO - epoch-3, train_loss-0.0006715, val_loss-0.0032837
2024-12-19 14:22:21 - INFO - epoch-4, train_loss-0.0006678, val_loss-0.0028088
2024-12-19 14:22:44 - INFO - epoch-5, train_loss-0.0006665, val_loss-0.0045724
2024-12-19 14:23:07 - INFO - epoch-6, train_loss-0.0006652, val_loss-0.0022514
2024-12-19 14:23:32 - INFO - epoch-7, train_loss-0.0006646, val_loss-0.0033919
2024-12-19 14:23:56 - INFO - epoch-8, train_loss-0.0006640, val_loss-0.0029271
2024-12-19 14:24:19 - INFO - epoch-9, train_loss-0.0006629, val_loss-0.0033094
2024-12-19 14:24:42 - INFO - epoch-10, train_loss-0.0006623, val_loss-0.0028763
2024-12-19 14:25:05 - INFO - epoch-11, train_loss-0.0006615, val_loss-0.0025794
2024-12-19 14:25:29 - INFO - epoch-12, train_loss-0.0006611, val_loss-0.0028018
2024-12-19 14:25:52 - INFO - epoch-13, train_loss-0.0006608, val_loss-0.0037330
2024-12-19 14:26:15 - INFO - epoch-14, train_loss-0.0006598, val_loss-0.0028846
2024-12-19 14:26:38 - INFO - epoch-15, train_loss-0.0006598, val_loss-0.0020292
2024-12-19 14:27:01 - INFO - epoch-16, train_loss-0.0006594, val_loss-0.0022777
2024-12-19 14:27:24 - INFO - epoch-17, train_loss-0.0006587, val_loss-0.0021442
2024-12-19 14:27:48 - INFO - epoch-18, train_loss-0.0006588, val_loss-0.0021361
2024-12-19 14:28:11 - INFO - epoch-19, train_loss-0.0006585, val_loss-0.0026825
2024-12-19 14:28:34 - INFO - epoch-20, train_loss-0.0006584, val_loss-0.0034454
2024-12-19 14:28:58 - INFO - epoch-21, train_loss-0.0006583, val_loss-0.0031333
2024-12-19 14:29:22 - INFO - epoch-22, train_loss-0.0006577, val_loss-0.0025693
2024-12-19 14:29:45 - INFO - epoch-23, train_loss-0.0006574, val_loss-0.0028482
2024-12-19 14:30:08 - INFO - epoch-24, train_loss-0.0006575, val_loss-0.0025209
2024-12-19 14:30:33 - INFO - epoch-25, train_loss-0.0006574, val_loss-0.0031676
2024-12-19 14:30:56 - INFO - epoch-26, train_loss-0.0006572, val_loss-0.0025925
2024-12-19 14:31:19 - INFO - epoch-27, train_loss-0.0006575, val_loss-0.0028079
2024-12-19 14:31:43 - INFO - epoch-28, train_loss-0.0006574, val_loss-0.0026542
2024-12-19 14:32:07 - INFO - epoch-29, train_loss-0.0006573, val_loss-0.0022579
2024-12-19 14:32:30 - INFO - epoch-30, train_loss-0.0006570, val_loss-0.0031971
2024-12-19 14:32:54 - INFO - epoch-31, train_loss-0.0006569, val_loss-0.0019013
2024-12-19 14:33:17 - INFO - epoch-32, train_loss-0.0006566, val_loss-0.0028980
2024-12-19 14:33:40 - INFO - epoch-33, train_loss-0.0006568, val_loss-0.0021020
2024-12-19 14:34:03 - INFO - epoch-34, train_loss-0.0006569, val_loss-0.0022388
2024-12-19 14:34:27 - INFO - epoch-35, train_loss-0.0006568, val_loss-0.0026634
2024-12-19 14:34:50 - INFO - epoch-36, train_loss-0.0006568, val_loss-0.0023009
2024-12-19 14:35:13 - INFO - epoch-37, train_loss-0.0006569, val_loss-0.0030636
2024-12-19 14:35:36 - INFO - epoch-38, train_loss-0.0006571, val_loss-0.0030705
2024-12-19 14:35:59 - INFO - epoch-39, train_loss-0.0006566, val_loss-0.0025544
2024-12-19 14:36:23 - INFO - epoch-40, train_loss-0.0006571, val_loss-0.0027042
2024-12-19 14:36:46 - INFO - epoch-41, train_loss-0.0006568, val_loss-0.0024962
2024-12-19 14:37:09 - INFO - epoch-42, train_loss-0.0006571, val_loss-0.0021625
2024-12-19 14:37:33 - INFO - epoch-43, train_loss-0.0006569, val_loss-0.0020881
2024-12-19 14:37:56 - INFO - epoch-44, train_loss-0.0006567, val_loss-0.0018747
2024-12-19 14:38:19 - INFO - epoch-45, train_loss-0.0006562, val_loss-0.0021190
2024-12-19 14:38:42 - INFO - epoch-46, train_loss-0.0006568, val_loss-0.0024202
2024-12-19 14:39:05 - INFO - epoch-47, train_loss-0.0006574, val_loss-0.0019516
2024-12-19 14:39:28 - INFO - epoch-48, train_loss-0.0006570, val_loss-0.0022194
2024-12-19 14:39:51 - INFO - epoch-49, train_loss-0.0006571, val_loss-0.0030924
2024-12-19 14:40:14 - INFO - epoch-50, train_loss-0.0006585, val_loss-0.0023991
2024-12-19 14:40:38 - INFO - epoch-51, train_loss-0.0006578, val_loss-0.0024074
2024-12-19 14:41:01 - INFO - epoch-52, train_loss-0.0006568, val_loss-0.0026619
2024-12-19 14:41:24 - INFO - epoch-53, train_loss-0.0006586, val_loss-0.0021488
2024-12-19 14:41:47 - INFO - epoch-54, train_loss-0.0006581, val_loss-0.0025467
2024-12-19 14:42:11 - INFO - epoch-55, train_loss-0.0006572, val_loss-0.0020242
2024-12-19 14:42:34 - INFO - epoch-56, train_loss-0.0006573, val_loss-0.0035979
2024-12-19 14:42:57 - INFO - epoch-57, train_loss-0.0006574, val_loss-0.0024212
2024-12-19 14:43:20 - INFO - epoch-58, train_loss-0.0006587, val_loss-0.0033138
2024-12-19 14:43:43 - INFO - epoch-59, train_loss-0.0006603, val_loss-0.0021930
2024-12-19 14:44:08 - INFO - epoch-60, train_loss-0.0006583, val_loss-0.0093296
2024-12-19 14:44:31 - INFO - epoch-61, train_loss-0.0006622, val_loss-0.0013105
2024-12-19 14:44:54 - INFO - epoch-62, train_loss-0.0006741, val_loss-0.0018442
2024-12-19 14:45:17 - INFO - epoch-63, train_loss-0.0006582, val_loss-0.0013969
2024-12-19 14:45:41 - INFO - epoch-64, train_loss-0.0006585, val_loss-0.0016321
2024-12-19 14:46:05 - INFO - epoch-65, train_loss-0.0006590, val_loss-0.0013291
2024-12-19 14:46:28 - INFO - epoch-66, train_loss-0.0006581, val_loss-0.0021481
2024-12-19 14:46:51 - INFO - epoch-67, train_loss-0.0006588, val_loss-0.0017804
2024-12-19 14:47:15 - INFO - epoch-68, train_loss-0.0006592, val_loss-0.0015520
2024-12-19 14:47:38 - INFO - epoch-69, train_loss-0.0006862, val_loss-0.0009707
2024-12-19 14:48:03 - INFO - epoch-70, train_loss-0.0006649, val_loss-0.0009079
2024-12-19 14:48:27 - INFO - epoch-71, train_loss-0.0006581, val_loss-0.0010388
2024-12-19 14:48:50 - INFO - epoch-72, train_loss-0.0006585, val_loss-0.0010522
2024-12-19 14:49:13 - INFO - epoch-73, train_loss-0.0006592, val_loss-0.0010222
2024-12-19 14:49:37 - INFO - epoch-74, train_loss-0.0006613, val_loss-0.0009994
2024-12-19 14:50:00 - INFO - epoch-75, train_loss-0.0006581, val_loss-0.0012327
2024-12-19 14:50:23 - INFO - epoch-76, train_loss-0.0006590, val_loss-0.0011407
2024-12-19 14:50:46 - INFO - epoch-77, train_loss-0.0006589, val_loss-0.0009827
2024-12-19 14:51:10 - INFO - epoch-78, train_loss-0.0006600, val_loss-0.0009561
2024-12-19 14:51:34 - INFO - epoch-79, train_loss-0.0006602, val_loss-0.0009700
2024-12-19 14:51:57 - INFO - epoch-80, train_loss-0.0006593, val_loss-0.0014315
2024-12-19 14:52:20 - INFO - epoch-81, train_loss-0.0006613, val_loss-0.0009775
2024-12-19 14:52:44 - INFO - epoch-82, train_loss-0.0006584, val_loss-0.0013036
2024-12-19 14:53:07 - INFO - epoch-83, train_loss-0.0006582, val_loss-0.0012397
2024-12-19 14:53:30 - INFO - epoch-84, train_loss-0.0006593, val_loss-0.0008884
2024-12-19 14:53:53 - INFO - epoch-85, train_loss-0.0006589, val_loss-0.0008321
2024-12-19 14:54:16 - INFO - epoch-86, train_loss-0.0006592, val_loss-0.0010476
2024-12-19 14:54:39 - INFO - epoch-87, train_loss-0.0006594, val_loss-0.0010628
2024-12-19 14:55:03 - INFO - epoch-88, train_loss-0.0006593, val_loss-0.0009795
2024-12-19 14:55:26 - INFO - epoch-89, train_loss-0.0006600, val_loss-0.0009819
2024-12-19 14:55:49 - INFO - epoch-90, train_loss-0.0006606, val_loss-0.0008416
2024-12-19 14:56:13 - INFO - epoch-91, train_loss-0.0006583, val_loss-0.0008578
2024-12-19 14:56:36 - INFO - epoch-92, train_loss-0.0006589, val_loss-0.0007671
2024-12-19 14:56:59 - INFO - epoch-93, train_loss-0.0006589, val_loss-0.0007576
2024-12-19 14:57:22 - INFO - epoch-94, train_loss-0.0006584, val_loss-0.0008874
2024-12-19 14:57:45 - INFO - epoch-95, train_loss-0.0006585, val_loss-0.0008195
2024-12-19 14:58:09 - INFO - epoch-96, train_loss-0.0006604, val_loss-0.0007981
2024-12-19 14:58:32 - INFO - epoch-97, train_loss-0.0006581, val_loss-0.0010534
2024-12-19 14:58:55 - INFO - epoch-98, train_loss-0.0006587, val_loss-0.0006990
2024-12-19 14:59:18 - INFO - epoch-99, train_loss-0.0006584, val_loss-0.0007217
2024-12-19 14:59:41 - INFO - epoch-100, train_loss-0.0006589, val_loss-0.0009311
2024-12-19 15:00:05 - INFO - epoch-101, train_loss-0.0006582, val_loss-0.0008259
2024-12-19 15:00:28 - INFO - epoch-102, train_loss-0.0006578, val_loss-0.0007825
2024-12-19 15:00:51 - INFO - epoch-103, train_loss-0.0006574, val_loss-0.0007879
2024-12-19 15:01:14 - INFO - epoch-104, train_loss-0.0006579, val_loss-0.0010799
2024-12-19 15:01:37 - INFO - epoch-105, train_loss-0.0006588, val_loss-0.0007734
2024-12-19 15:02:00 - INFO - epoch-106, train_loss-0.0006599, val_loss-0.0007308
2024-12-19 15:02:25 - INFO - epoch-107, train_loss-0.0006580, val_loss-0.0008983
2024-12-19 15:02:48 - INFO - epoch-108, train_loss-0.0006625, val_loss-0.0007731
2024-12-19 15:03:11 - INFO - epoch-109, train_loss-0.0006573, val_loss-0.0007652
2024-12-19 15:03:34 - INFO - epoch-110, train_loss-0.0006575, val_loss-0.0007537
2024-12-19 15:03:58 - INFO - epoch-111, train_loss-0.0006574, val_loss-0.0007497
2024-12-19 15:04:22 - INFO - epoch-112, train_loss-0.0006582, val_loss-0.0007367
2024-12-19 15:04:45 - INFO - epoch-113, train_loss-0.0006580, val_loss-0.0008096
2024-12-19 15:05:08 - INFO - epoch-114, train_loss-0.0006585, val_loss-0.0007673
2024-12-19 15:05:31 - INFO - epoch-115, train_loss-0.0006583, val_loss-0.0008575
2024-12-19 15:05:54 - INFO - epoch-116, train_loss-0.0006595, val_loss-0.0008081
2024-12-19 15:06:17 - INFO - epoch-117, train_loss-0.0006588, val_loss-0.0007546
2024-12-19 15:06:41 - INFO - epoch-118, train_loss-0.0006593, val_loss-0.0009476
2024-12-19 15:07:04 - INFO - epoch-119, train_loss-0.0006578, val_loss-0.0007730
2024-12-19 15:07:27 - INFO - epoch-120, train_loss-0.0006574, val_loss-0.0008602
2024-12-19 15:07:50 - INFO - epoch-121, train_loss-0.0006588, val_loss-0.0008514
2024-12-19 15:08:13 - INFO - epoch-122, train_loss-0.0006585, val_loss-0.0007702
2024-12-19 15:08:37 - INFO - epoch-123, train_loss-0.0006575, val_loss-0.0008382
2024-12-19 15:09:00 - INFO - epoch-124, train_loss-0.0006570, val_loss-0.0008861
2024-12-19 15:09:23 - INFO - epoch-125, train_loss-0.0006576, val_loss-0.0008244
2024-12-19 15:09:46 - INFO - epoch-126, train_loss-0.0006579, val_loss-0.0009760
2024-12-19 15:14:47 - INFO - epoch-127, train_loss-0.0006581, val_loss-0.0010160
2024-12-19 15:15:14 - INFO - epoch-128, train_loss-0.0006592, val_loss-0.0010401
2024-12-19 15:15:38 - INFO - epoch-129, train_loss-0.0006581, val_loss-0.0009964
2024-12-19 15:16:01 - INFO - epoch-130, train_loss-0.0006570, val_loss-0.0010423
2024-12-19 15:16:24 - INFO - epoch-131, train_loss-0.0006572, val_loss-0.0009747
2024-12-19 15:16:48 - INFO - epoch-132, train_loss-0.0006583, val_loss-0.0007364
2024-12-19 15:17:11 - INFO - epoch-133, train_loss-0.0006584, val_loss-0.0007937
2024-12-19 15:17:34 - INFO - epoch-134, train_loss-0.0006577, val_loss-0.0017090
2024-12-19 15:17:57 - INFO - epoch-135, train_loss-0.0006571, val_loss-0.0009382
2024-12-19 15:18:21 - INFO - epoch-136, train_loss-0.0006577, val_loss-0.0011319
2024-12-19 15:18:44 - INFO - epoch-137, train_loss-0.0006577, val_loss-0.0007222
2024-12-19 15:19:07 - INFO - epoch-138, train_loss-0.0006577, val_loss-0.0008480
2024-12-19 15:19:30 - INFO - epoch-139, train_loss-0.0006575, val_loss-0.0014542
2024-12-19 15:19:53 - INFO - epoch-140, train_loss-0.0006591, val_loss-0.0008903
2024-12-19 15:20:17 - INFO - epoch-141, train_loss-0.0006574, val_loss-0.0007268
2024-12-19 15:20:40 - INFO - epoch-142, train_loss-0.0006577, val_loss-0.0007197
2024-12-19 15:21:04 - INFO - epoch-143, train_loss-0.0006575, val_loss-0.0007320
2024-12-19 15:21:27 - INFO - epoch-144, train_loss-0.0006572, val_loss-0.0007012
2024-12-19 15:21:50 - INFO - epoch-145, train_loss-0.0006579, val_loss-0.0007233
2024-12-19 15:22:13 - INFO - epoch-146, train_loss-0.0006579, val_loss-0.0015977
2024-12-19 15:22:36 - INFO - epoch-147, train_loss-0.0006576, val_loss-0.0007497
2024-12-19 15:23:00 - INFO - epoch-148, train_loss-0.0006576, val_loss-0.0007218
2024-12-19 15:23:23 - INFO - epoch-149, train_loss-0.0006571, val_loss-0.0007594
2024-12-19 15:23:46 - INFO - epoch-150, train_loss-0.0006589, val_loss-0.0011904
2024-12-19 15:24:09 - INFO - epoch-151, train_loss-0.0006579, val_loss-0.0007162
2024-12-19 15:24:32 - INFO - epoch-152, train_loss-0.0006572, val_loss-0.0006987
2024-12-19 15:24:55 - INFO - epoch-153, train_loss-0.0006577, val_loss-0.0013243
2024-12-19 15:25:19 - INFO - epoch-154, train_loss-0.0006580, val_loss-0.0009184
2024-12-19 15:25:42 - INFO - epoch-155, train_loss-0.0006579, val_loss-0.0008161
2024-12-19 15:26:05 - INFO - epoch-156, train_loss-0.0006574, val_loss-0.0007274
2024-12-19 15:26:29 - INFO - epoch-157, train_loss-0.0006573, val_loss-0.0010363
2024-12-19 15:26:52 - INFO - epoch-158, train_loss-0.0006571, val_loss-0.0007592
2024-12-19 15:27:15 - INFO - epoch-159, train_loss-0.0006571, val_loss-0.0007482
2024-12-19 15:27:38 - INFO - epoch-160, train_loss-0.0006579, val_loss-0.0007266
2024-12-19 15:28:01 - INFO - epoch-161, train_loss-0.0006577, val_loss-0.0007903
2024-12-19 15:28:24 - INFO - epoch-162, train_loss-0.0006572, val_loss-0.0008288
2024-12-19 15:28:48 - INFO - epoch-163, train_loss-0.0006573, val_loss-0.0007117
2024-12-19 15:29:11 - INFO - epoch-164, train_loss-0.0006580, val_loss-0.0013212
2024-12-19 15:29:34 - INFO - epoch-165, train_loss-0.0006573, val_loss-0.0007392
2024-12-19 15:29:57 - INFO - epoch-166, train_loss-0.0006576, val_loss-0.0009844
2024-12-19 15:30:21 - INFO - epoch-167, train_loss-0.0006579, val_loss-0.0007276
2024-12-19 15:30:44 - INFO - epoch-168, train_loss-0.0006578, val_loss-0.0007153
2024-12-19 15:31:07 - INFO - epoch-169, train_loss-0.0006577, val_loss-0.0008469
2024-12-19 15:31:30 - INFO - epoch-170, train_loss-0.0006575, val_loss-0.0007751
2024-12-19 15:31:53 - INFO - epoch-171, train_loss-0.0006569, val_loss-0.0007263
2024-12-19 15:32:17 - INFO - epoch-172, train_loss-0.0006567, val_loss-0.0007067
2024-12-19 15:32:40 - INFO - epoch-173, train_loss-0.0006567, val_loss-0.0007075
2024-12-19 15:33:03 - INFO - epoch-174, train_loss-0.0006565, val_loss-0.0007370
2024-12-19 15:33:27 - INFO - epoch-175, train_loss-0.0006563, val_loss-0.0007515
2024-12-19 15:33:51 - INFO - epoch-176, train_loss-0.0006567, val_loss-0.0007021
2024-12-19 15:34:15 - INFO - epoch-177, train_loss-0.0006563, val_loss-0.0007077
2024-12-19 15:34:38 - INFO - epoch-178, train_loss-0.0006561, val_loss-0.0007052
2024-12-19 15:35:01 - INFO - epoch-179, train_loss-0.0006562, val_loss-0.0006996
2024-12-19 15:35:25 - INFO - epoch-180, train_loss-0.0006560, val_loss-0.0006969
2024-12-19 15:35:48 - INFO - epoch-181, train_loss-0.0006555, val_loss-0.0007067
2024-12-19 15:36:11 - INFO - epoch-182, train_loss-0.0006561, val_loss-0.0008272
2024-12-19 15:36:34 - INFO - epoch-183, train_loss-0.0006557, val_loss-0.0007006
2024-12-19 15:36:57 - INFO - epoch-184, train_loss-0.0006567, val_loss-0.0007013
2024-12-19 15:37:21 - INFO - epoch-185, train_loss-0.0006564, val_loss-0.0007031
2024-12-19 15:37:45 - INFO - epoch-186, train_loss-0.0006561, val_loss-0.0007008
2024-12-19 15:38:08 - INFO - epoch-187, train_loss-0.0006556, val_loss-0.0007025
2024-12-19 15:38:32 - INFO - epoch-188, train_loss-0.0006556, val_loss-0.0007026
2024-12-19 15:38:55 - INFO - epoch-189, train_loss-0.0006552, val_loss-0.0007146
2024-12-19 15:39:19 - INFO - epoch-190, train_loss-0.0006556, val_loss-0.0007221
2024-12-19 15:39:42 - INFO - epoch-191, train_loss-0.0006552, val_loss-0.0007054
2024-12-19 15:40:05 - INFO - epoch-192, train_loss-0.0006551, val_loss-0.0007037
2024-12-19 15:40:29 - INFO - epoch-193, train_loss-0.0006556, val_loss-0.0007091
2024-12-19 15:40:52 - INFO - epoch-194, train_loss-0.0006553, val_loss-0.0006985
2024-12-19 15:41:15 - INFO - epoch-195, train_loss-0.0006554, val_loss-0.0007070
2024-12-19 15:41:39 - INFO - epoch-196, train_loss-0.0006554, val_loss-0.0007039
2024-12-19 15:42:02 - INFO - epoch-197, train_loss-0.0006554, val_loss-0.0006989
2024-12-19 15:42:25 - INFO - epoch-198, train_loss-0.0006556, val_loss-0.0006945
2024-12-19 15:42:48 - INFO - epoch-199, train_loss-0.0006556, val_loss-0.0006955
2024-12-19 15:43:12 - INFO - epoch-200, train_loss-0.0006561, val_loss-0.0007137
2024-12-19 15:43:36 - INFO - epoch-201, train_loss-0.0006556, val_loss-0.0007782
2024-12-19 15:43:59 - INFO - epoch-202, train_loss-0.0006554, val_loss-0.0006983
2024-12-19 15:44:22 - INFO - epoch-203, train_loss-0.0006552, val_loss-0.0006930
2024-12-19 15:44:45 - INFO - epoch-204, train_loss-0.0006552, val_loss-0.0006985
2024-12-19 15:45:08 - INFO - epoch-205, train_loss-0.0006555, val_loss-0.0006929
2024-12-19 15:45:31 - INFO - epoch-206, train_loss-0.0006554, val_loss-0.0006964
2024-12-19 15:45:55 - INFO - epoch-207, train_loss-0.0006549, val_loss-0.0007315
2024-12-19 15:46:19 - INFO - epoch-208, train_loss-0.0006559, val_loss-0.0007039
2024-12-19 15:46:42 - INFO - epoch-209, train_loss-0.0006554, val_loss-0.0006922
2024-12-19 15:47:06 - INFO - epoch-210, train_loss-0.0006549, val_loss-0.0006980
2024-12-19 15:47:29 - INFO - epoch-211, train_loss-0.0006552, val_loss-0.0006957
2024-12-19 15:47:52 - INFO - epoch-212, train_loss-0.0006548, val_loss-0.0007010
2024-12-19 15:48:16 - INFO - epoch-213, train_loss-0.0006552, val_loss-0.0007775
2024-12-19 15:48:39 - INFO - epoch-214, train_loss-0.0006551, val_loss-0.0007008
2024-12-19 15:49:03 - INFO - epoch-215, train_loss-0.0006553, val_loss-0.0006968
2024-12-19 15:49:26 - INFO - epoch-216, train_loss-0.0006551, val_loss-0.0007004
2024-12-19 15:49:50 - INFO - epoch-217, train_loss-0.0006552, val_loss-0.0007000
2024-12-19 15:50:14 - INFO - epoch-218, train_loss-0.0006550, val_loss-0.0006919
2024-12-19 15:50:39 - INFO - epoch-219, train_loss-0.0006549, val_loss-0.0007417
2024-12-19 15:51:03 - INFO - epoch-220, train_loss-0.0006553, val_loss-0.0006939
2024-12-19 15:51:26 - INFO - epoch-221, train_loss-0.0006548, val_loss-0.0007273
2024-12-19 15:51:49 - INFO - epoch-222, train_loss-0.0006550, val_loss-0.0007632
2024-12-19 15:52:13 - INFO - epoch-223, train_loss-0.0006551, val_loss-0.0006999
2024-12-19 15:52:36 - INFO - epoch-224, train_loss-0.0006549, val_loss-0.0006979
2024-12-19 15:52:59 - INFO - epoch-225, train_loss-0.0006546, val_loss-0.0007002
2024-12-19 15:53:23 - INFO - epoch-226, train_loss-0.0006549, val_loss-0.0007237
2024-12-19 15:53:47 - INFO - epoch-227, train_loss-0.0006547, val_loss-0.0006947
2024-12-19 15:54:10 - INFO - epoch-228, train_loss-0.0006544, val_loss-0.0006949
2024-12-19 15:54:33 - INFO - epoch-229, train_loss-0.0006555, val_loss-0.0006962
2024-12-19 15:54:56 - INFO - epoch-230, train_loss-0.0006547, val_loss-0.0006909
2024-12-19 15:55:19 - INFO - epoch-231, train_loss-0.0006549, val_loss-0.0006912
2024-12-19 15:55:42 - INFO - epoch-232, train_loss-0.0006547, val_loss-0.0006947
2024-12-19 15:56:06 - INFO - epoch-233, train_loss-0.0006546, val_loss-0.0006941
2024-12-19 15:56:29 - INFO - epoch-234, train_loss-0.0006547, val_loss-0.0006939
2024-12-19 15:56:52 - INFO - epoch-235, train_loss-0.0006554, val_loss-0.0007017
2024-12-19 15:57:16 - INFO - epoch-236, train_loss-0.0006549, val_loss-0.0006998
2024-12-19 15:57:40 - INFO - epoch-237, train_loss-0.0006550, val_loss-0.0007220
2024-12-19 15:58:03 - INFO - epoch-238, train_loss-0.0006549, val_loss-0.0006948
2024-12-19 15:58:27 - INFO - epoch-239, train_loss-0.0006552, val_loss-0.0006969
2024-12-19 15:58:51 - INFO - epoch-240, train_loss-0.0006547, val_loss-0.0006955
2024-12-19 15:59:15 - INFO - epoch-241, train_loss-0.0006549, val_loss-0.0006898
2024-12-19 15:59:38 - INFO - epoch-242, train_loss-0.0006545, val_loss-0.0006995
2024-12-19 16:00:01 - INFO - epoch-243, train_loss-0.0006547, val_loss-0.0006904
2024-12-19 16:00:24 - INFO - epoch-244, train_loss-0.0006548, val_loss-0.0006934
2024-12-19 16:00:47 - INFO - epoch-245, train_loss-0.0006553, val_loss-0.0007029
2024-12-19 16:01:11 - INFO - epoch-246, train_loss-0.0006556, val_loss-0.0006923
2024-12-19 16:01:35 - INFO - epoch-247, train_loss-0.0006545, val_loss-0.0006960
2024-12-19 16:01:58 - INFO - epoch-248, train_loss-0.0006552, val_loss-0.0006965
2024-12-19 16:02:21 - INFO - epoch-249, train_loss-0.0006544, val_loss-0.0006915
2024-12-19 16:02:44 - INFO - epoch-250, train_loss-0.0006543, val_loss-0.0006923
2024-12-19 16:03:08 - INFO - epoch-251, train_loss-0.0006548, val_loss-0.0006928
2024-12-19 16:03:32 - INFO - epoch-252, train_loss-0.0006548, val_loss-0.0006953
2024-12-19 16:05:07 - INFO - epoch-253, train_loss-0.0006550, val_loss-0.0006906
2024-12-19 16:08:31 - INFO - epoch-254, train_loss-0.0006546, val_loss-0.0006954
2024-12-19 16:08:56 - INFO - epoch-255, train_loss-0.0006548, val_loss-0.0007195
2024-12-19 16:09:19 - INFO - epoch-256, train_loss-0.0006544, val_loss-0.0006907
2024-12-19 16:09:43 - INFO - epoch-257, train_loss-0.0006550, val_loss-0.0006942
2024-12-19 16:10:06 - INFO - epoch-258, train_loss-0.0006549, val_loss-0.0007348
2024-12-19 16:10:29 - INFO - epoch-259, train_loss-0.0006549, val_loss-0.0006944
2024-12-19 16:10:53 - INFO - epoch-260, train_loss-0.0006548, val_loss-0.0006925
2024-12-19 16:11:18 - INFO - epoch-261, train_loss-0.0006546, val_loss-0.0007083
2024-12-19 16:11:41 - INFO - epoch-262, train_loss-0.0006543, val_loss-0.0006955
2024-12-19 16:12:04 - INFO - epoch-263, train_loss-0.0006545, val_loss-0.0006936
2024-12-19 16:12:27 - INFO - epoch-264, train_loss-0.0006543, val_loss-0.0007003
2024-12-19 16:12:51 - INFO - epoch-265, train_loss-0.0006550, val_loss-0.0006923
2024-12-19 16:13:14 - INFO - epoch-266, train_loss-0.0006547, val_loss-0.0006960
2024-12-19 16:13:37 - INFO - epoch-267, train_loss-0.0006544, val_loss-0.0007005
2024-12-19 16:14:01 - INFO - epoch-268, train_loss-0.0006550, val_loss-0.0006963
2024-12-19 16:14:24 - INFO - epoch-269, train_loss-0.0008276, val_loss-0.0006938
2024-12-19 16:14:49 - INFO - epoch-270, train_loss-0.0006743, val_loss-0.0006938
2024-12-19 16:15:12 - INFO - epoch-271, train_loss-0.0006741, val_loss-0.0006938
2024-12-19 16:15:36 - INFO - epoch-272, train_loss-0.0006742, val_loss-0.0006938
2024-12-19 16:15:59 - INFO - epoch-273, train_loss-0.0006741, val_loss-0.0006938
2024-12-19 16:16:24 - INFO - epoch-274, train_loss-0.0006742, val_loss-0.0006938
2024-12-19 16:16:47 - INFO - epoch-275, train_loss-0.0006742, val_loss-0.0006938
2024-12-19 16:17:11 - INFO - epoch-276, train_loss-0.0006743, val_loss-0.0006938
2024-12-19 16:17:35 - INFO - epoch-277, train_loss-0.0006738, val_loss-0.0006938
2024-12-19 16:17:59 - INFO - epoch-278, train_loss-0.0006742, val_loss-0.0006938
2024-12-19 16:18:22 - INFO - epoch-279, train_loss-0.0006739, val_loss-0.0006938
2024-12-19 16:18:45 - INFO - epoch-280, train_loss-0.0006738, val_loss-0.0006938
2024-12-19 16:19:08 - INFO - epoch-281, train_loss-0.0006737, val_loss-0.0006938
2024-12-19 16:19:32 - INFO - epoch-282, train_loss-0.0006736, val_loss-0.0006938
2024-12-19 16:19:56 - INFO - epoch-283, train_loss-0.0006731, val_loss-0.0006940
2024-12-19 16:20:19 - INFO - epoch-284, train_loss-0.0006690, val_loss-0.0006938
2024-12-19 16:20:42 - INFO - epoch-285, train_loss-0.0006599, val_loss-0.0006938
2024-12-19 16:21:05 - INFO - epoch-286, train_loss-0.0006580, val_loss-0.0006940
2024-12-19 16:21:29 - INFO - epoch-287, train_loss-0.0006574, val_loss-0.0006940
2024-12-19 16:21:52 - INFO - epoch-288, train_loss-0.0006573, val_loss-0.0006942
2024-12-19 16:22:15 - INFO - epoch-289, train_loss-0.0006571, val_loss-0.0006941
2024-12-19 16:22:38 - INFO - epoch-290, train_loss-0.0006570, val_loss-0.0006945
2024-12-19 16:23:02 - INFO - epoch-291, train_loss-0.0006570, val_loss-0.0006950
2024-12-19 16:23:26 - INFO - epoch-292, train_loss-0.0006571, val_loss-0.0006950
2024-12-19 16:23:49 - INFO - epoch-293, train_loss-0.0006570, val_loss-0.0006951
2024-12-19 16:24:12 - INFO - epoch-294, train_loss-0.0006567, val_loss-0.0006952
2024-12-19 16:24:37 - INFO - epoch-295, train_loss-0.0006562, val_loss-0.0006950
2024-12-19 16:25:00 - INFO - epoch-296, train_loss-0.0006563, val_loss-0.0007175
2024-12-19 16:25:23 - INFO - epoch-297, train_loss-0.0006566, val_loss-0.0008693
2024-12-19 16:25:46 - INFO - epoch-298, train_loss-0.0006560, val_loss-0.0010391
2024-12-19 16:26:10 - INFO - epoch-299, train_loss-0.0006556, val_loss-0.0011030
2024-12-19 16:26:33 - INFO - epoch-300, train_loss-0.0006560, val_loss-0.0010284
2024-12-19 16:26:56 - INFO - epoch-301, train_loss-0.0006557, val_loss-0.0008948
2024-12-19 16:27:19 - INFO - epoch-302, train_loss-0.0006557, val_loss-0.0009830
2024-12-19 16:27:42 - INFO - epoch-303, train_loss-0.0006559, val_loss-0.0009564
2024-12-19 16:28:06 - INFO - epoch-304, train_loss-0.0006556, val_loss-0.0007800
2024-12-19 16:28:29 - INFO - epoch-305, train_loss-0.0006555, val_loss-0.0008417
2024-12-19 16:28:53 - INFO - epoch-306, train_loss-0.0006550, val_loss-0.0007738
2024-12-19 16:29:16 - INFO - epoch-307, train_loss-0.0006558, val_loss-0.0007735
2024-12-19 16:29:39 - INFO - epoch-308, train_loss-0.0006552, val_loss-0.0007012
2024-12-19 16:30:03 - INFO - epoch-309, train_loss-0.0006555, val_loss-0.0007354
2024-12-19 16:30:26 - INFO - epoch-310, train_loss-0.0006553, val_loss-0.0007353
2024-12-19 16:30:49 - INFO - epoch-311, train_loss-0.0006551, val_loss-0.0007644
2024-12-19 16:31:13 - INFO - epoch-312, train_loss-0.0006555, val_loss-0.0007790
2024-12-19 16:31:36 - INFO - epoch-313, train_loss-0.0006554, val_loss-0.0007273
2024-12-19 16:31:59 - INFO - epoch-314, train_loss-0.0006551, val_loss-0.0007552
2024-12-19 16:32:23 - INFO - epoch-315, train_loss-0.0006555, val_loss-0.0007122
2024-12-19 16:32:46 - INFO - epoch-316, train_loss-0.0006552, val_loss-0.0007620
2024-12-19 16:33:10 - INFO - epoch-317, train_loss-0.0006551, val_loss-0.0007357
2024-12-19 16:33:33 - INFO - epoch-318, train_loss-0.0006552, val_loss-0.0007898
2024-12-19 16:33:56 - INFO - epoch-319, train_loss-0.0006548, val_loss-0.0007562
2024-12-19 16:34:20 - INFO - epoch-320, train_loss-0.0006553, val_loss-0.0007295
2024-12-19 16:34:43 - INFO - epoch-321, train_loss-0.0006547, val_loss-0.0007589
2024-12-19 16:35:07 - INFO - epoch-322, train_loss-0.0006548, val_loss-0.0007445
2024-12-19 16:35:30 - INFO - epoch-323, train_loss-0.0006551, val_loss-0.0007355
2024-12-19 16:35:53 - INFO - epoch-324, train_loss-0.0006550, val_loss-0.0007784
2024-12-19 16:36:17 - INFO - epoch-325, train_loss-0.0006553, val_loss-0.0007648
2024-12-19 16:36:40 - INFO - epoch-326, train_loss-0.0006552, val_loss-0.0007940
2024-12-19 16:37:03 - INFO - epoch-327, train_loss-0.0006549, val_loss-0.0007601
2024-12-19 16:37:26 - INFO - epoch-328, train_loss-0.0006550, val_loss-0.0007564
2024-12-19 16:37:50 - INFO - epoch-329, train_loss-0.0006551, val_loss-0.0007215
2024-12-19 16:38:13 - INFO - epoch-330, train_loss-0.0006550, val_loss-0.0007371
2024-12-19 16:38:36 - INFO - epoch-331, train_loss-0.0006552, val_loss-0.0007568
2024-12-19 16:38:59 - INFO - epoch-332, train_loss-0.0006551, val_loss-0.0007476
2024-12-19 16:39:22 - INFO - epoch-333, train_loss-0.0006547, val_loss-0.0007788
2024-12-19 16:39:46 - INFO - epoch-334, train_loss-0.0006553, val_loss-0.0007682
2024-12-19 16:40:09 - INFO - epoch-335, train_loss-0.0006551, val_loss-0.0007295
2024-12-19 16:40:32 - INFO - epoch-336, train_loss-0.0006548, val_loss-0.0007227
2024-12-19 16:40:55 - INFO - epoch-337, train_loss-0.0006553, val_loss-0.0007358
2024-12-19 16:41:19 - INFO - epoch-338, train_loss-0.0006548, val_loss-0.0007551
2024-12-19 16:41:42 - INFO - epoch-339, train_loss-0.0006547, val_loss-0.0007319
2024-12-19 16:42:05 - INFO - epoch-340, train_loss-0.0006548, val_loss-0.0007694
2024-12-19 16:42:29 - INFO - epoch-341, train_loss-0.0006549, val_loss-0.0007295
2024-12-19 16:42:54 - INFO - epoch-342, train_loss-0.0006549, val_loss-0.0007397
2024-12-19 16:43:17 - INFO - epoch-343, train_loss-0.0006550, val_loss-0.0007040
2024-12-19 16:43:41 - INFO - epoch-344, train_loss-0.0006546, val_loss-0.0008183
2024-12-19 16:44:04 - INFO - epoch-345, train_loss-0.0006545, val_loss-0.0007834
2024-12-19 16:44:27 - INFO - epoch-346, train_loss-0.0006548, val_loss-0.0006961
2024-12-19 16:44:51 - INFO - epoch-347, train_loss-0.0006548, val_loss-0.0007526
2024-12-19 16:45:14 - INFO - epoch-348, train_loss-0.0006548, val_loss-0.0007109
2024-12-19 16:45:37 - INFO - epoch-349, train_loss-0.0006545, val_loss-0.0007116
2024-12-19 16:46:01 - INFO - epoch-350, train_loss-0.0006551, val_loss-0.0007388
2024-12-19 16:46:24 - INFO - epoch-351, train_loss-0.0006548, val_loss-0.0007026
2024-12-19 16:46:47 - INFO - epoch-352, train_loss-0.0006546, val_loss-0.0007167
2024-12-19 16:47:10 - INFO - epoch-353, train_loss-0.0006545, val_loss-0.0007162
2024-12-19 16:47:33 - INFO - epoch-354, train_loss-0.0006545, val_loss-0.0007607
2024-12-19 16:47:57 - INFO - epoch-355, train_loss-0.0006546, val_loss-0.0006966
2024-12-19 16:48:20 - INFO - epoch-356, train_loss-0.0006548, val_loss-0.0006976
2024-12-19 16:48:43 - INFO - epoch-357, train_loss-0.0006544, val_loss-0.0007170
2024-12-19 16:49:06 - INFO - epoch-358, train_loss-0.0006547, val_loss-0.0007133
2024-12-19 16:49:30 - INFO - epoch-359, train_loss-0.0006548, val_loss-0.0007208
2024-12-19 16:49:53 - INFO - epoch-360, train_loss-0.0006546, val_loss-0.0007341
2024-12-19 16:50:16 - INFO - epoch-361, train_loss-0.0006548, val_loss-0.0006952
2024-12-19 16:50:39 - INFO - epoch-362, train_loss-0.0006547, val_loss-0.0007061
2024-12-19 16:51:03 - INFO - epoch-363, train_loss-0.0006549, val_loss-0.0007249
2024-12-19 16:51:27 - INFO - epoch-364, train_loss-0.0006547, val_loss-0.0006993
2024-12-19 16:51:50 - INFO - epoch-365, train_loss-0.0006547, val_loss-0.0006988
2024-12-19 16:52:13 - INFO - epoch-366, train_loss-0.0006547, val_loss-0.0007076
2024-12-19 16:52:37 - INFO - epoch-367, train_loss-0.0006544, val_loss-0.0006978
2024-12-19 16:53:02 - INFO - epoch-368, train_loss-0.0006546, val_loss-0.0007011
2024-12-19 16:53:25 - INFO - epoch-369, train_loss-0.0006543, val_loss-0.0007063
2024-12-19 16:53:48 - INFO - epoch-370, train_loss-0.0006546, val_loss-0.0007015
2024-12-19 16:54:11 - INFO - epoch-371, train_loss-0.0006547, val_loss-0.0007095
2024-12-19 16:54:35 - INFO - epoch-372, train_loss-0.0006545, val_loss-0.0007114
2024-12-19 16:54:59 - INFO - epoch-373, train_loss-0.0006543, val_loss-0.0006996
2024-12-19 16:55:23 - INFO - epoch-374, train_loss-0.0006546, val_loss-0.0006963
2024-12-19 16:55:46 - INFO - epoch-375, train_loss-0.0006548, val_loss-0.0007117
2024-12-19 16:56:11 - INFO - epoch-376, train_loss-0.0006547, val_loss-0.0007178
2024-12-19 16:56:34 - INFO - epoch-377, train_loss-0.0006545, val_loss-0.0007219
2024-12-19 16:56:57 - INFO - epoch-378, train_loss-0.0006546, val_loss-0.0006950
2024-12-19 16:57:21 - INFO - epoch-379, train_loss-0.0006546, val_loss-0.0006996
2024-12-19 16:57:45 - INFO - epoch-380, train_loss-0.0006547, val_loss-0.0007069
2024-12-19 17:01:08 - INFO - epoch-381, train_loss-0.0006545, val_loss-0.0007075
2024-12-19 17:03:02 - INFO - epoch-382, train_loss-0.0006545, val_loss-0.0007129
2024-12-19 17:03:26 - INFO - epoch-383, train_loss-0.0006540, val_loss-0.0007049
2024-12-19 17:03:49 - INFO - epoch-384, train_loss-0.0006541, val_loss-0.0006991
2024-12-19 17:04:12 - INFO - epoch-385, train_loss-0.0006548, val_loss-0.0006958
2024-12-19 17:04:35 - INFO - epoch-386, train_loss-0.0006546, val_loss-0.0006970
2024-12-19 17:04:58 - INFO - epoch-387, train_loss-0.0006544, val_loss-0.0007136
2024-12-19 17:05:22 - INFO - epoch-388, train_loss-0.0006544, val_loss-0.0006931
2024-12-19 17:05:45 - INFO - epoch-389, train_loss-0.0006544, val_loss-0.0007043
2024-12-19 17:06:08 - INFO - epoch-390, train_loss-0.0006542, val_loss-0.0006993
2024-12-19 17:06:31 - INFO - epoch-391, train_loss-0.0006546, val_loss-0.0006999
2024-12-19 17:06:54 - INFO - epoch-392, train_loss-0.0006547, val_loss-0.0006989
2024-12-19 17:07:18 - INFO - epoch-393, train_loss-0.0006543, val_loss-0.0006933
2024-12-19 17:07:42 - INFO - epoch-394, train_loss-0.0006546, val_loss-0.0006976
2024-12-19 17:08:06 - INFO - epoch-395, train_loss-0.0006545, val_loss-0.0006936
2024-12-19 17:08:30 - INFO - epoch-396, train_loss-0.0006543, val_loss-0.0006931
2024-12-19 17:08:53 - INFO - epoch-397, train_loss-0.0006548, val_loss-0.0006930
2024-12-19 17:09:17 - INFO - epoch-398, train_loss-0.0006544, val_loss-0.0007026
2024-12-19 17:09:40 - INFO - epoch-399, train_loss-0.0006543, val_loss-0.0007020
2024-12-19 17:10:03 - INFO - epoch-400, train_loss-0.0006536, val_loss-0.0007042
2024-12-19 17:10:26 - INFO - epoch-401, train_loss-0.0006541, val_loss-0.0006952
2024-12-19 17:10:50 - INFO - epoch-402, train_loss-0.0006543, val_loss-0.0006928
2024-12-19 17:11:14 - INFO - epoch-403, train_loss-0.0006543, val_loss-0.0006932
2024-12-19 17:11:37 - INFO - epoch-404, train_loss-0.0006543, val_loss-0.0007152
2024-12-19 17:12:00 - INFO - epoch-405, train_loss-0.0006542, val_loss-0.0006932
2024-12-19 17:12:23 - INFO - epoch-406, train_loss-0.0006543, val_loss-0.0006955
2024-12-19 17:12:46 - INFO - epoch-407, train_loss-0.0006544, val_loss-0.0006930
2024-12-19 17:13:09 - INFO - epoch-408, train_loss-0.0006543, val_loss-0.0006953
2024-12-19 17:13:33 - INFO - epoch-409, train_loss-0.0006539, val_loss-0.0007039
2024-12-19 17:13:56 - INFO - epoch-410, train_loss-0.0006539, val_loss-0.0006951
2024-12-19 17:14:21 - INFO - epoch-411, train_loss-0.0006539, val_loss-0.0006949
2024-12-19 17:14:44 - INFO - epoch-412, train_loss-0.0006539, val_loss-0.0006931
2024-12-19 17:15:07 - INFO - epoch-413, train_loss-0.0006541, val_loss-0.0006934
2024-12-19 17:15:30 - INFO - epoch-414, train_loss-0.0006542, val_loss-0.0006926
2024-12-19 17:15:53 - INFO - epoch-415, train_loss-0.0006542, val_loss-0.0006926
2024-12-19 17:16:17 - INFO - epoch-416, train_loss-0.0006543, val_loss-0.0006970
2024-12-19 17:16:40 - INFO - epoch-417, train_loss-0.0006541, val_loss-0.0006927
2024-12-19 17:17:03 - INFO - epoch-418, train_loss-0.0006538, val_loss-0.0006924
2024-12-19 17:17:27 - INFO - epoch-419, train_loss-0.0006540, val_loss-0.0006924
2024-12-19 17:17:50 - INFO - epoch-420, train_loss-0.0006542, val_loss-0.0006947
2024-12-19 17:18:13 - INFO - epoch-421, train_loss-0.0006539, val_loss-0.0006950
2024-12-19 17:18:37 - INFO - epoch-422, train_loss-0.0006540, val_loss-0.0006923
2024-12-19 17:19:00 - INFO - epoch-423, train_loss-0.0006540, val_loss-0.0006925
2024-12-19 17:19:23 - INFO - epoch-424, train_loss-0.0006541, val_loss-0.0006993
2024-12-19 17:19:48 - INFO - epoch-425, train_loss-0.0006540, val_loss-0.0006922
2024-12-19 17:20:11 - INFO - epoch-426, train_loss-0.0006539, val_loss-0.0006947
2024-12-19 17:20:36 - INFO - epoch-427, train_loss-0.0006544, val_loss-0.0006925
2024-12-19 17:20:59 - INFO - epoch-428, train_loss-0.0006539, val_loss-0.0006962
2024-12-19 17:21:22 - INFO - epoch-429, train_loss-0.0006539, val_loss-0.0006938
2024-12-19 17:21:45 - INFO - epoch-430, train_loss-0.0006545, val_loss-0.0006929
2024-12-19 17:22:09 - INFO - epoch-431, train_loss-0.0006540, val_loss-0.0006931
2024-12-19 17:22:32 - INFO - epoch-432, train_loss-0.0006537, val_loss-0.0006922
2024-12-19 17:22:55 - INFO - epoch-433, train_loss-0.0006536, val_loss-0.0006955
2024-12-19 17:23:19 - INFO - epoch-434, train_loss-0.0006541, val_loss-0.0006923
2024-12-19 17:23:42 - INFO - epoch-435, train_loss-0.0006542, val_loss-0.0006955
2024-12-19 17:24:06 - INFO - epoch-436, train_loss-0.0006540, val_loss-0.0006935
2024-12-19 17:24:29 - INFO - epoch-437, train_loss-0.0006539, val_loss-0.0006962
2024-12-19 17:24:53 - INFO - epoch-438, train_loss-0.0006537, val_loss-0.0006959
2024-12-19 17:25:17 - INFO - epoch-439, train_loss-0.0006540, val_loss-0.0006925
2024-12-19 17:25:40 - INFO - epoch-440, train_loss-0.0006534, val_loss-0.0006954
2024-12-19 17:26:03 - INFO - epoch-441, train_loss-0.0006536, val_loss-0.0006966
2024-12-19 17:26:26 - INFO - epoch-442, train_loss-0.0006538, val_loss-0.0006957
2024-12-19 17:26:49 - INFO - epoch-443, train_loss-0.0006534, val_loss-0.0006955
2024-12-19 17:27:12 - INFO - epoch-444, train_loss-0.0006538, val_loss-0.0006947
2024-12-19 17:27:36 - INFO - epoch-445, train_loss-0.0006535, val_loss-0.0006955
2024-12-19 17:28:00 - INFO - epoch-446, train_loss-0.0006533, val_loss-0.0006954
2024-12-19 17:28:24 - INFO - epoch-447, train_loss-0.0006537, val_loss-0.0006968
2024-12-19 17:28:47 - INFO - epoch-448, train_loss-0.0006534, val_loss-0.0006963
2024-12-19 17:29:10 - INFO - epoch-449, train_loss-0.0006534, val_loss-0.0006948
2024-12-19 17:29:34 - INFO - epoch-450, train_loss-0.0006533, val_loss-0.0006962
2024-12-19 17:29:57 - INFO - epoch-451, train_loss-0.0006536, val_loss-0.0006947
2024-12-19 17:30:20 - INFO - epoch-452, train_loss-0.0006533, val_loss-0.0006952
2024-12-19 17:30:44 - INFO - epoch-453, train_loss-0.0006535, val_loss-0.0006948
2024-12-19 17:31:07 - INFO - epoch-454, train_loss-0.0006534, val_loss-0.0006951
2024-12-19 17:31:31 - INFO - epoch-455, train_loss-0.0006535, val_loss-0.0006962
2024-12-19 17:31:54 - INFO - epoch-456, train_loss-0.0006536, val_loss-0.0006966
2024-12-19 17:32:17 - INFO - epoch-457, train_loss-0.0006531, val_loss-0.0006946
2024-12-19 17:32:41 - INFO - epoch-458, train_loss-0.0006534, val_loss-0.0006947
2024-12-19 17:33:04 - INFO - epoch-459, train_loss-0.0006533, val_loss-0.0006951
2024-12-19 17:33:27 - INFO - epoch-460, train_loss-0.0006534, val_loss-0.0006968
2024-12-19 17:33:50 - INFO - epoch-461, train_loss-0.0006535, val_loss-0.0006962
2024-12-19 17:34:13 - INFO - epoch-462, train_loss-0.0006531, val_loss-0.0006958
2024-12-19 17:34:36 - INFO - epoch-463, train_loss-0.0006532, val_loss-0.0006959
2024-12-19 17:34:59 - INFO - epoch-464, train_loss-0.0006532, val_loss-0.0006959
2024-12-19 17:35:22 - INFO - epoch-465, train_loss-0.0006532, val_loss-0.0006957
2024-12-19 17:35:46 - INFO - epoch-466, train_loss-0.0006533, val_loss-0.0006955
2024-12-19 17:36:09 - INFO - epoch-467, train_loss-0.0006533, val_loss-0.0006965
2024-12-19 17:36:32 - INFO - epoch-468, train_loss-0.0006530, val_loss-0.0006959
2024-12-19 17:36:56 - INFO - epoch-469, train_loss-0.0006531, val_loss-0.0006954
2024-12-19 17:37:20 - INFO - epoch-470, train_loss-0.0006533, val_loss-0.0006950
2024-12-19 17:37:43 - INFO - epoch-471, train_loss-0.0006531, val_loss-0.0006970
2024-12-19 17:38:06 - INFO - epoch-472, train_loss-0.0006528, val_loss-0.0006948
2024-12-19 17:38:29 - INFO - epoch-473, train_loss-0.0006532, val_loss-0.0006954
2024-12-19 17:38:52 - INFO - epoch-474, train_loss-0.0006530, val_loss-0.0006944
2024-12-19 17:39:17 - INFO - epoch-475, train_loss-0.0006525, val_loss-0.0006956
2024-12-19 17:39:40 - INFO - epoch-476, train_loss-0.0006532, val_loss-0.0006943
2024-12-19 17:40:03 - INFO - epoch-477, train_loss-0.0006529, val_loss-0.0006962
2024-12-19 17:40:26 - INFO - epoch-478, train_loss-0.0006526, val_loss-0.0006952
2024-12-19 17:40:49 - INFO - epoch-479, train_loss-0.0006525, val_loss-0.0006951
2024-12-19 17:41:12 - INFO - epoch-480, train_loss-0.0006533, val_loss-0.0006967
2024-12-19 17:41:36 - INFO - epoch-481, train_loss-0.0006530, val_loss-0.0006955
2024-12-19 17:41:59 - INFO - epoch-482, train_loss-0.0006529, val_loss-0.0006947
2024-12-19 17:42:22 - INFO - epoch-483, train_loss-0.0006529, val_loss-0.0006951
2024-12-19 17:42:45 - INFO - epoch-484, train_loss-0.0006532, val_loss-0.0006948
2024-12-19 17:43:08 - INFO - epoch-485, train_loss-0.0006530, val_loss-0.0006972
2024-12-19 17:43:32 - INFO - epoch-486, train_loss-0.0006527, val_loss-0.0006967
2024-12-19 17:43:56 - INFO - epoch-487, train_loss-0.0006528, val_loss-0.0006945
2024-12-19 17:44:19 - INFO - epoch-488, train_loss-0.0006525, val_loss-0.0006962
2024-12-19 17:44:42 - INFO - epoch-489, train_loss-0.0006525, val_loss-0.0006954
2024-12-19 17:45:06 - INFO - epoch-490, train_loss-0.0006527, val_loss-0.0006932
2024-12-19 17:45:29 - INFO - epoch-491, train_loss-0.0006527, val_loss-0.0006944
2024-12-19 17:45:52 - INFO - epoch-492, train_loss-0.0006527, val_loss-0.0006927
2024-12-19 17:46:16 - INFO - epoch-493, train_loss-0.0006527, val_loss-0.0006964
2024-12-19 17:46:41 - INFO - epoch-494, train_loss-0.0006526, val_loss-0.0006928
2024-12-19 17:47:04 - INFO - epoch-495, train_loss-0.0006527, val_loss-0.0006940
2024-12-19 17:47:27 - INFO - epoch-496, train_loss-0.0006526, val_loss-0.0006989
2024-12-19 17:47:50 - INFO - epoch-497, train_loss-0.0006527, val_loss-0.0006923
2024-12-19 17:48:13 - INFO - epoch-498, train_loss-0.0006524, val_loss-0.0006926
2024-12-19 17:48:36 - INFO - epoch-499, train_loss-0.0006529, val_loss-0.0006997
2024-12-19 17:49:01 - INFO - epoch-500, train_loss-0.0006527, val_loss-0.0007018
2024-12-19 17:49:24 - INFO - epoch-501, train_loss-0.0006521, val_loss-0.0006930
2024-12-19 17:49:47 - INFO - epoch-502, train_loss-0.0006525, val_loss-0.0006924
2024-12-19 17:50:10 - INFO - epoch-503, train_loss-0.0006523, val_loss-0.0007163
2024-12-19 17:50:34 - INFO - epoch-504, train_loss-0.0006522, val_loss-0.0006924
2024-12-19 17:50:57 - INFO - epoch-505, train_loss-0.0006521, val_loss-0.0006926
2024-12-19 17:51:20 - INFO - epoch-506, train_loss-0.0006519, val_loss-0.0006972
2024-12-19 17:51:43 - INFO - epoch-507, train_loss-0.0006520, val_loss-0.0006946
2024-12-19 17:52:07 - INFO - epoch-508, train_loss-0.0006516, val_loss-0.0006969
2024-12-19 17:54:53 - INFO - epoch-509, train_loss-0.0006520, val_loss-0.0006927
2024-12-19 17:57:36 - INFO - epoch-510, train_loss-0.0006521, val_loss-0.0007014
2024-12-19 17:57:59 - INFO - epoch-511, train_loss-0.0006520, val_loss-0.0006940
2024-12-19 17:58:22 - INFO - epoch-512, train_loss-0.0006521, val_loss-0.0006929
2024-12-19 17:58:46 - INFO - epoch-513, train_loss-0.0006515, val_loss-0.0006949
2024-12-19 17:59:09 - INFO - epoch-514, train_loss-0.0006518, val_loss-0.0006949
2024-12-19 17:59:32 - INFO - epoch-515, train_loss-0.0006518, val_loss-0.0007061
2024-12-19 17:59:55 - INFO - epoch-516, train_loss-0.0006515, val_loss-0.0006932
2024-12-19 18:00:18 - INFO - epoch-517, train_loss-0.0006517, val_loss-0.0006989
2024-12-19 18:00:41 - INFO - epoch-518, train_loss-0.0006512, val_loss-0.0006946
2024-12-19 18:01:05 - INFO - epoch-519, train_loss-0.0006514, val_loss-0.0007273
2024-12-19 18:01:28 - INFO - epoch-520, train_loss-0.0006512, val_loss-0.0006940
2024-12-19 18:01:51 - INFO - epoch-521, train_loss-0.0006512, val_loss-0.0006948
2024-12-19 18:02:14 - INFO - epoch-522, train_loss-0.0006513, val_loss-0.0006927
2024-12-19 18:02:37 - INFO - epoch-523, train_loss-0.0006509, val_loss-0.0007003
2024-12-19 18:03:00 - INFO - epoch-524, train_loss-0.0006511, val_loss-0.0007141
2024-12-19 18:03:23 - INFO - epoch-525, train_loss-0.0006507, val_loss-0.0007163
2024-12-19 18:03:46 - INFO - epoch-526, train_loss-0.0006506, val_loss-0.0007393
2024-12-19 18:04:10 - INFO - epoch-527, train_loss-0.0006509, val_loss-0.0007143
2024-12-19 18:04:33 - INFO - epoch-528, train_loss-0.0006505, val_loss-0.0006958
2024-12-19 18:04:56 - INFO - epoch-529, train_loss-0.0006499, val_loss-0.0007129
2024-12-19 18:05:19 - INFO - epoch-530, train_loss-0.0006512, val_loss-0.0006933
2024-12-19 18:05:42 - INFO - epoch-531, train_loss-0.0006506, val_loss-0.0006937
2024-12-19 18:06:05 - INFO - epoch-532, train_loss-0.0006503, val_loss-0.0006927
2024-12-19 18:06:29 - INFO - epoch-533, train_loss-0.0006503, val_loss-0.0007125
2024-12-19 18:06:53 - INFO - epoch-534, train_loss-0.0006506, val_loss-0.0007040
2024-12-19 18:07:16 - INFO - epoch-535, train_loss-0.0006501, val_loss-0.0006957
2024-12-19 18:07:39 - INFO - epoch-536, train_loss-0.0006500, val_loss-0.0006944
2024-12-19 18:08:02 - INFO - epoch-537, train_loss-0.0006495, val_loss-0.0007163
2024-12-19 18:08:25 - INFO - epoch-538, train_loss-0.0006494, val_loss-0.0007856
2024-12-19 18:08:48 - INFO - epoch-539, train_loss-0.0006498, val_loss-0.0007453
2024-12-19 18:09:12 - INFO - epoch-540, train_loss-0.0006491, val_loss-0.0007530
2024-12-19 18:09:35 - INFO - epoch-541, train_loss-0.0006492, val_loss-0.0007734
2024-12-19 18:09:58 - INFO - epoch-542, train_loss-0.0006490, val_loss-0.0007694
2024-12-19 18:10:21 - INFO - epoch-543, train_loss-0.0006488, val_loss-0.0007423
2024-12-19 18:10:45 - INFO - epoch-544, train_loss-0.0006485, val_loss-0.0007531
2024-12-19 18:11:09 - INFO - epoch-545, train_loss-0.0006493, val_loss-0.0007985
2024-12-19 18:11:32 - INFO - epoch-546, train_loss-0.0006490, val_loss-0.0007344
2024-12-19 18:11:56 - INFO - epoch-547, train_loss-0.0006486, val_loss-0.0007114
2024-12-19 18:12:19 - INFO - epoch-548, train_loss-0.0006479, val_loss-0.0008142
2024-12-19 18:12:44 - INFO - epoch-549, train_loss-0.0006482, val_loss-0.0008519
2024-12-19 18:13:08 - INFO - epoch-550, train_loss-0.0006487, val_loss-0.0007768
2024-12-19 18:13:31 - INFO - epoch-551, train_loss-0.0006486, val_loss-0.0008622
2024-12-19 18:13:55 - INFO - epoch-552, train_loss-0.0006483, val_loss-0.0007473
2024-12-19 18:14:18 - INFO - epoch-553, train_loss-0.0006482, val_loss-0.0009565
2024-12-19 18:14:42 - INFO - epoch-554, train_loss-0.0006482, val_loss-0.0008344
2024-12-19 18:15:05 - INFO - epoch-555, train_loss-0.0006480, val_loss-0.0006875
2024-12-19 18:15:28 - INFO - epoch-556, train_loss-0.0006482, val_loss-0.0006858
2024-12-19 18:15:51 - INFO - epoch-557, train_loss-0.0006483, val_loss-0.0006983
2024-12-19 18:16:15 - INFO - epoch-558, train_loss-0.0006488, val_loss-0.0007186
2024-12-19 18:16:38 - INFO - epoch-559, train_loss-0.0006484, val_loss-0.0007099
2024-12-19 18:17:01 - INFO - epoch-560, train_loss-0.0006478, val_loss-0.0007330
2024-12-19 18:17:24 - INFO - epoch-561, train_loss-0.0006476, val_loss-0.0007307
2024-12-19 18:17:47 - INFO - epoch-562, train_loss-0.0006479, val_loss-0.0006981
2024-12-19 18:18:11 - INFO - epoch-563, train_loss-0.0006480, val_loss-0.0006858
2024-12-19 18:18:34 - INFO - epoch-564, train_loss-0.0006476, val_loss-0.0007379
2024-12-19 18:18:57 - INFO - epoch-565, train_loss-0.0006480, val_loss-0.0006844
2024-12-19 18:19:21 - INFO - epoch-566, train_loss-0.0006475, val_loss-0.0006935
2024-12-19 18:19:45 - INFO - epoch-567, train_loss-0.0006474, val_loss-0.0006862
2024-12-19 18:20:08 - INFO - epoch-568, train_loss-0.0006473, val_loss-0.0007017
2024-12-19 18:20:32 - INFO - epoch-569, train_loss-0.0006476, val_loss-0.0007057
2024-12-19 18:20:56 - INFO - epoch-570, train_loss-0.0006472, val_loss-0.0006854
2024-12-19 18:21:19 - INFO - epoch-571, train_loss-0.0006473, val_loss-0.0007093
2024-12-19 18:21:44 - INFO - epoch-572, train_loss-0.0006474, val_loss-0.0007059
2024-12-19 18:22:07 - INFO - epoch-573, train_loss-0.0006473, val_loss-0.0007121
2024-12-19 18:22:30 - INFO - epoch-574, train_loss-0.0006475, val_loss-0.0006934
2024-12-19 18:22:53 - INFO - epoch-575, train_loss-0.0006476, val_loss-0.0008110
2024-12-19 18:23:16 - INFO - epoch-576, train_loss-0.0006468, val_loss-0.0007846
2024-12-19 18:23:40 - INFO - epoch-577, train_loss-0.0006474, val_loss-0.0007978
2024-12-19 18:24:03 - INFO - epoch-578, train_loss-0.0006474, val_loss-0.0008056
2024-12-19 18:24:26 - INFO - epoch-579, train_loss-0.0006470, val_loss-0.0008074
2024-12-19 18:24:49 - INFO - epoch-580, train_loss-0.0006470, val_loss-0.0007097
2024-12-19 18:25:12 - INFO - epoch-581, train_loss-0.0006469, val_loss-0.0006895
2024-12-19 18:25:35 - INFO - epoch-582, train_loss-0.0006469, val_loss-0.0008574
2024-12-19 18:25:58 - INFO - epoch-583, train_loss-0.0006465, val_loss-0.0008062
2024-12-19 18:26:22 - INFO - epoch-584, train_loss-0.0006461, val_loss-0.0009010
2024-12-19 18:26:46 - INFO - epoch-585, train_loss-0.0006462, val_loss-0.0009686
2024-12-19 18:27:09 - INFO - epoch-586, train_loss-0.0006458, val_loss-0.0010822
2024-12-19 18:27:32 - INFO - epoch-587, train_loss-0.0006460, val_loss-0.0008285
2024-12-19 18:27:56 - INFO - epoch-588, train_loss-0.0006459, val_loss-0.0008869
2024-12-19 18:28:20 - INFO - epoch-589, train_loss-0.0006456, val_loss-0.0008188
2024-12-19 18:28:43 - INFO - epoch-590, train_loss-0.0006463, val_loss-0.0007983
2024-12-19 18:29:07 - INFO - epoch-591, train_loss-0.0006460, val_loss-0.0010419
2024-12-19 18:29:31 - INFO - epoch-592, train_loss-0.0006457, val_loss-0.0008038
2024-12-19 18:29:54 - INFO - epoch-593, train_loss-0.0006459, val_loss-0.0009013
2024-12-19 18:30:17 - INFO - epoch-594, train_loss-0.0006455, val_loss-0.0008669
2024-12-19 18:30:40 - INFO - epoch-595, train_loss-0.0006449, val_loss-0.0009175
2024-12-19 18:31:03 - INFO - epoch-596, train_loss-0.0006451, val_loss-0.0011692
2024-12-19 18:31:27 - INFO - epoch-597, train_loss-0.0006454, val_loss-0.0011252
2024-12-19 18:31:50 - INFO - epoch-598, train_loss-0.0006451, val_loss-0.0009293
2024-12-19 18:32:13 - INFO - epoch-599, train_loss-0.0006453, val_loss-0.0012371
2024-12-19 18:32:36 - INFO - epoch-600, train_loss-0.0006454, val_loss-0.0011603
2024-12-19 18:33:01 - INFO - epoch-601, train_loss-0.0006454, val_loss-0.0011964
2024-12-19 18:33:24 - INFO - epoch-602, train_loss-0.0006453, val_loss-0.0014399
2024-12-19 18:33:47 - INFO - epoch-603, train_loss-0.0006454, val_loss-0.0012889
2024-12-19 18:34:10 - INFO - epoch-604, train_loss-0.0006451, val_loss-0.0011145
2024-12-19 18:34:34 - INFO - epoch-605, train_loss-0.0006445, val_loss-0.0014964
2024-12-19 18:34:58 - INFO - epoch-606, train_loss-0.0006445, val_loss-0.0018456
2024-12-19 18:35:21 - INFO - epoch-607, train_loss-0.0006454, val_loss-0.0015781
2024-12-19 18:35:44 - INFO - epoch-608, train_loss-0.0006447, val_loss-0.0011999
2024-12-19 18:36:07 - INFO - epoch-609, train_loss-0.0006440, val_loss-0.0017432
2024-12-19 18:36:30 - INFO - epoch-610, train_loss-0.0006446, val_loss-0.0014030
2024-12-19 18:36:54 - INFO - epoch-611, train_loss-0.0006452, val_loss-0.0014934
2024-12-19 18:37:17 - INFO - epoch-612, train_loss-0.0006446, val_loss-0.0016302
2024-12-19 18:37:40 - INFO - epoch-613, train_loss-0.0006448, val_loss-0.0020716
2024-12-19 18:38:03 - INFO - epoch-614, train_loss-0.0006454, val_loss-0.0013458
2024-12-19 18:38:26 - INFO - epoch-615, train_loss-0.0006449, val_loss-0.0015851
2024-12-19 18:38:50 - INFO - epoch-616, train_loss-0.0006438, val_loss-0.0012973
2024-12-19 18:39:13 - INFO - epoch-617, train_loss-0.0006435, val_loss-0.0015118
2024-12-19 18:39:37 - INFO - epoch-618, train_loss-0.0006442, val_loss-0.0016497
2024-12-19 18:40:01 - INFO - epoch-619, train_loss-0.0006440, val_loss-0.0017071
2024-12-19 18:40:24 - INFO - epoch-620, train_loss-0.0006438, val_loss-0.0017907
2024-12-19 18:40:47 - INFO - epoch-621, train_loss-0.0006437, val_loss-0.0015544
2024-12-19 18:41:11 - INFO - epoch-622, train_loss-0.0006438, val_loss-0.0015203
2024-12-19 18:41:34 - INFO - epoch-623, train_loss-0.0006435, val_loss-0.0012839
2024-12-19 18:41:57 - INFO - epoch-624, train_loss-0.0006431, val_loss-0.0015229
2024-12-19 18:42:20 - INFO - epoch-625, train_loss-0.0006433, val_loss-0.0014120
2024-12-19 18:42:43 - INFO - epoch-626, train_loss-0.0006428, val_loss-0.0016943
2024-12-19 18:43:07 - INFO - epoch-627, train_loss-0.0006433, val_loss-0.0011639
2024-12-19 18:43:30 - INFO - epoch-628, train_loss-0.0006436, val_loss-0.0015340
2024-12-19 18:43:53 - INFO - epoch-629, train_loss-0.0006433, val_loss-0.0014133
2024-12-19 18:44:16 - INFO - epoch-630, train_loss-0.0006439, val_loss-0.0016743
2024-12-19 18:44:39 - INFO - epoch-631, train_loss-0.0006443, val_loss-0.0013697
2024-12-19 18:45:03 - INFO - epoch-632, train_loss-0.0006434, val_loss-0.0012644
2024-12-19 18:45:26 - INFO - epoch-633, train_loss-0.0006426, val_loss-0.0012737
2024-12-19 18:45:49 - INFO - epoch-634, train_loss-0.0006425, val_loss-0.0016238
2024-12-19 18:46:12 - INFO - epoch-635, train_loss-0.0006422, val_loss-0.0013528
2024-12-19 18:46:36 - INFO - epoch-636, train_loss-0.0006418, val_loss-0.0013113
2024-12-19 18:49:30 - INFO - epoch-637, train_loss-0.0006425, val_loss-0.0013126
2024-12-19 18:51:21 - INFO - epoch-638, train_loss-0.0006424, val_loss-0.0011104
2024-12-19 18:51:44 - INFO - epoch-639, train_loss-0.0006422, val_loss-0.0012106
2024-12-19 18:52:07 - INFO - epoch-640, train_loss-0.0006420, val_loss-0.0013457
2024-12-19 18:52:30 - INFO - epoch-641, train_loss-0.0006419, val_loss-0.0014953
2024-12-19 18:52:54 - INFO - epoch-642, train_loss-0.0006418, val_loss-0.0013402
2024-12-19 18:53:17 - INFO - epoch-643, train_loss-0.0006413, val_loss-0.0016789
2024-12-19 18:53:40 - INFO - epoch-644, train_loss-0.0006422, val_loss-0.0014754
2024-12-19 18:54:03 - INFO - epoch-645, train_loss-0.0006421, val_loss-0.0014573
2024-12-19 18:54:27 - INFO - epoch-646, train_loss-0.0006414, val_loss-0.0016499
2024-12-19 18:54:50 - INFO - epoch-647, train_loss-0.0006415, val_loss-0.0016440
2024-12-19 18:55:14 - INFO - epoch-648, train_loss-0.0006412, val_loss-0.0016176
2024-12-19 18:55:38 - INFO - epoch-649, train_loss-0.0006408, val_loss-0.0016750
2024-12-19 18:56:01 - INFO - epoch-650, train_loss-0.0006408, val_loss-0.0014385
2024-12-19 18:56:24 - INFO - epoch-651, train_loss-0.0006408, val_loss-0.0014402
2024-12-19 18:56:47 - INFO - epoch-652, train_loss-0.0006415, val_loss-0.0013288
2024-12-19 18:57:11 - INFO - epoch-653, train_loss-0.0006412, val_loss-0.0017393
2024-12-19 18:57:34 - INFO - epoch-654, train_loss-0.0006406, val_loss-0.0015798
2024-12-19 18:57:57 - INFO - epoch-655, train_loss-0.0006412, val_loss-0.0012377
2024-12-19 18:58:20 - INFO - epoch-656, train_loss-0.0006405, val_loss-0.0013251
2024-12-19 18:58:44 - INFO - epoch-657, train_loss-0.0006403, val_loss-0.0015187
2024-12-19 18:59:07 - INFO - epoch-658, train_loss-0.0006399, val_loss-0.0016394
2024-12-19 18:59:31 - INFO - epoch-659, train_loss-0.0006404, val_loss-0.0016385
2024-12-19 18:59:55 - INFO - epoch-660, train_loss-0.0006401, val_loss-0.0015321
2024-12-19 19:00:20 - INFO - epoch-661, train_loss-0.0006408, val_loss-0.0015072
2024-12-19 19:00:43 - INFO - epoch-662, train_loss-0.0006407, val_loss-0.0017409
2024-12-19 19:01:06 - INFO - epoch-663, train_loss-0.0006402, val_loss-0.0020421
2024-12-19 19:01:29 - INFO - epoch-664, train_loss-0.0006398, val_loss-0.0016018
2024-12-19 19:01:52 - INFO - epoch-665, train_loss-0.0006395, val_loss-0.0014429
2024-12-19 19:02:16 - INFO - epoch-666, train_loss-0.0006395, val_loss-0.0020045
2024-12-19 19:02:39 - INFO - epoch-667, train_loss-0.0006394, val_loss-0.0015660
2024-12-19 19:03:02 - INFO - epoch-668, train_loss-0.0006390, val_loss-0.0015753
2024-12-19 19:03:26 - INFO - epoch-669, train_loss-0.0006392, val_loss-0.0015238
2024-12-19 19:03:49 - INFO - epoch-670, train_loss-0.0006397, val_loss-0.0018704
2024-12-19 19:04:13 - INFO - epoch-671, train_loss-0.0006386, val_loss-0.0018094
2024-12-19 19:04:36 - INFO - epoch-672, train_loss-0.0006388, val_loss-0.0016396
2024-12-19 19:05:00 - INFO - epoch-673, train_loss-0.0006389, val_loss-0.0016532
2024-12-19 19:05:23 - INFO - epoch-674, train_loss-0.0006380, val_loss-0.0018326
2024-12-19 19:05:46 - INFO - epoch-675, train_loss-0.0006380, val_loss-0.0017918
2024-12-19 19:06:10 - INFO - epoch-676, train_loss-0.0006383, val_loss-0.0014620
2024-12-19 19:06:33 - INFO - epoch-677, train_loss-0.0006376, val_loss-0.0013756
2024-12-19 19:06:56 - INFO - epoch-678, train_loss-0.0006376, val_loss-0.0014944
2024-12-19 19:07:19 - INFO - epoch-679, train_loss-0.0006375, val_loss-0.0015122
2024-12-19 19:07:43 - INFO - epoch-680, train_loss-0.0006374, val_loss-0.0014234
2024-12-19 19:08:06 - INFO - epoch-681, train_loss-0.0006373, val_loss-0.0013226
2024-12-19 19:08:30 - INFO - epoch-682, train_loss-0.0006368, val_loss-0.0012926
2024-12-19 19:08:54 - INFO - epoch-683, train_loss-0.0006367, val_loss-0.0011386
2024-12-19 19:09:19 - INFO - epoch-684, train_loss-0.0006364, val_loss-0.0011061
2024-12-19 19:09:42 - INFO - epoch-685, train_loss-0.0006362, val_loss-0.0011316
2024-12-19 19:10:05 - INFO - epoch-686, train_loss-0.0006366, val_loss-0.0011353
2024-12-19 19:10:28 - INFO - epoch-687, train_loss-0.0006377, val_loss-0.0010364
2024-12-19 19:10:52 - INFO - epoch-688, train_loss-0.0006368, val_loss-0.0013881
2024-12-19 19:11:15 - INFO - epoch-689, train_loss-0.0006361, val_loss-0.0011179
2024-12-19 19:11:38 - INFO - epoch-690, train_loss-0.0006352, val_loss-0.0012629
2024-12-19 19:12:01 - INFO - epoch-691, train_loss-0.0006356, val_loss-0.0008856
2024-12-19 19:12:25 - INFO - epoch-692, train_loss-0.0006347, val_loss-0.0008059
2024-12-19 19:12:49 - INFO - epoch-693, train_loss-0.0006349, val_loss-0.0009039
2024-12-19 19:13:12 - INFO - epoch-694, train_loss-0.0006333, val_loss-0.0007837
2024-12-19 19:13:35 - INFO - epoch-695, train_loss-0.0006335, val_loss-0.0007472
2024-12-19 19:13:58 - INFO - epoch-696, train_loss-0.0006342, val_loss-0.0007127
2024-12-19 19:14:21 - INFO - epoch-697, train_loss-0.0006343, val_loss-0.0007471
2024-12-19 19:14:45 - INFO - epoch-698, train_loss-0.0006328, val_loss-0.0007010
2024-12-19 19:15:08 - INFO - epoch-699, train_loss-0.0006331, val_loss-0.0006956
2024-12-19 19:15:31 - INFO - epoch-700, train_loss-0.0006320, val_loss-0.0006926
2024-12-19 19:15:54 - INFO - epoch-701, train_loss-0.0006306, val_loss-0.0007312
2024-12-19 19:16:19 - INFO - epoch-702, train_loss-0.0006314, val_loss-0.0008076
2024-12-19 19:16:42 - INFO - epoch-703, train_loss-0.0006307, val_loss-0.0007345
2024-12-19 19:17:05 - INFO - epoch-704, train_loss-0.0006304, val_loss-0.0008676
2024-12-19 19:17:28 - INFO - epoch-705, train_loss-0.0006301, val_loss-0.0008835
2024-12-19 19:17:51 - INFO - epoch-706, train_loss-0.0006294, val_loss-0.0008284
2024-12-19 19:18:14 - INFO - epoch-707, train_loss-0.0006298, val_loss-0.0010292
2024-12-19 19:18:37 - INFO - epoch-708, train_loss-0.0006301, val_loss-0.0010169
2024-12-19 19:19:01 - INFO - epoch-709, train_loss-0.0006290, val_loss-0.0012469
2024-12-19 19:19:24 - INFO - epoch-710, train_loss-0.0006289, val_loss-0.0012427
2024-12-19 19:19:48 - INFO - epoch-711, train_loss-0.0006281, val_loss-0.0013568
2024-12-19 19:20:11 - INFO - epoch-712, train_loss-0.0006275, val_loss-0.0012079
2024-12-19 19:20:36 - INFO - epoch-713, train_loss-0.0006281, val_loss-0.0013339
2024-12-19 19:20:59 - INFO - epoch-714, train_loss-0.0006273, val_loss-0.0014137
2024-12-19 19:21:23 - INFO - epoch-715, train_loss-0.0006270, val_loss-0.0016941
2024-12-19 19:21:46 - INFO - epoch-716, train_loss-0.0006262, val_loss-0.0013063
2024-12-19 19:22:09 - INFO - epoch-717, train_loss-0.0006262, val_loss-0.0013567
2024-12-19 19:22:32 - INFO - epoch-718, train_loss-0.0006266, val_loss-0.0009390
2024-12-19 19:22:56 - INFO - epoch-719, train_loss-0.0006264, val_loss-0.0014541
2024-12-19 19:23:19 - INFO - epoch-720, train_loss-0.0006252, val_loss-0.0013298
2024-12-19 19:23:42 - INFO - epoch-721, train_loss-0.0006248, val_loss-0.0014029
2024-12-19 19:24:05 - INFO - epoch-722, train_loss-0.0006255, val_loss-0.0014066
2024-12-19 19:24:28 - INFO - epoch-723, train_loss-0.0006247, val_loss-0.0015648
2024-12-19 19:24:52 - INFO - epoch-724, train_loss-0.0006241, val_loss-0.0017964
2024-12-19 19:25:15 - INFO - epoch-725, train_loss-0.0006241, val_loss-0.0019104
2024-12-19 19:25:38 - INFO - epoch-726, train_loss-0.0006234, val_loss-0.0016235
2024-12-19 19:26:01 - INFO - epoch-727, train_loss-0.0006227, val_loss-0.0023183
2024-12-19 19:26:25 - INFO - epoch-728, train_loss-0.0006226, val_loss-0.0017905
2024-12-19 19:26:48 - INFO - epoch-729, train_loss-0.0006225, val_loss-0.0016501
2024-12-19 19:27:11 - INFO - epoch-730, train_loss-0.0006217, val_loss-0.0023214
2024-12-19 19:27:34 - INFO - epoch-731, train_loss-0.0006219, val_loss-0.0024489
2024-12-19 19:27:58 - INFO - epoch-732, train_loss-0.0006214, val_loss-0.0019425
2024-12-19 19:28:21 - INFO - epoch-733, train_loss-0.0006203, val_loss-0.0020660
2024-12-19 19:28:45 - INFO - epoch-734, train_loss-0.0006206, val_loss-0.0020543
2024-12-19 19:29:08 - INFO - epoch-735, train_loss-0.0006197, val_loss-0.0021238
2024-12-19 19:29:31 - INFO - epoch-736, train_loss-0.0006204, val_loss-0.0018427
2024-12-19 19:29:54 - INFO - epoch-737, train_loss-0.0006203, val_loss-0.0019840
2024-12-19 19:30:18 - INFO - epoch-738, train_loss-0.0006192, val_loss-0.0018395
2024-12-19 19:30:41 - INFO - epoch-739, train_loss-0.0006192, val_loss-0.0012379
2024-12-19 19:31:04 - INFO - epoch-740, train_loss-0.0006193, val_loss-0.0017049
2024-12-19 19:31:27 - INFO - epoch-741, train_loss-0.0006193, val_loss-0.0016941
2024-12-19 19:31:52 - INFO - epoch-742, train_loss-0.0006190, val_loss-0.0020401
2024-12-19 19:32:16 - INFO - epoch-743, train_loss-0.0006180, val_loss-0.0020270
2024-12-19 19:32:39 - INFO - epoch-744, train_loss-0.0006179, val_loss-0.0022062
2024-12-19 19:33:02 - INFO - epoch-745, train_loss-0.0006177, val_loss-0.0025751
2024-12-19 19:33:27 - INFO - epoch-746, train_loss-0.0006178, val_loss-0.0021022
2024-12-19 19:33:50 - INFO - epoch-747, train_loss-0.0006173, val_loss-0.0028946
2024-12-19 19:34:13 - INFO - epoch-748, train_loss-0.0006163, val_loss-0.0019735
2024-12-19 19:34:37 - INFO - epoch-749, train_loss-0.0006178, val_loss-0.0020417
2024-12-19 19:35:01 - INFO - epoch-750, train_loss-0.0006167, val_loss-0.0022573
2024-12-19 19:35:24 - INFO - epoch-751, train_loss-0.0006167, val_loss-0.0017224
2024-12-19 19:35:47 - INFO - epoch-752, train_loss-0.0006161, val_loss-0.0013190
2024-12-19 19:36:10 - INFO - epoch-753, train_loss-0.0006157, val_loss-0.0018187
2024-12-19 19:36:33 - INFO - epoch-754, train_loss-0.0006152, val_loss-0.0019572
2024-12-19 19:36:57 - INFO - epoch-755, train_loss-0.0006157, val_loss-0.0016745
2024-12-19 19:37:20 - INFO - epoch-756, train_loss-0.0006155, val_loss-0.0011757
2024-12-19 19:37:45 - INFO - epoch-757, train_loss-0.0006152, val_loss-0.0024067
2024-12-19 19:38:08 - INFO - epoch-758, train_loss-0.0006153, val_loss-0.0024976
2024-12-19 19:38:31 - INFO - epoch-759, train_loss-0.0006143, val_loss-0.0026761
2024-12-19 19:38:54 - INFO - epoch-760, train_loss-0.0006154, val_loss-0.0022683
2024-12-19 19:39:19 - INFO - epoch-761, train_loss-0.0006146, val_loss-0.0025128
2024-12-19 19:39:43 - INFO - epoch-762, train_loss-0.0006140, val_loss-0.0036505
2024-12-19 19:40:06 - INFO - epoch-763, train_loss-0.0006133, val_loss-0.0030027
2024-12-19 19:40:30 - INFO - epoch-764, train_loss-0.0006137, val_loss-0.0029504
2024-12-19 19:41:13 - INFO - epoch-765, train_loss-0.0006129, val_loss-0.0030170
2024-12-19 19:45:58 - INFO - epoch-766, train_loss-0.0006125, val_loss-0.0029825
2024-12-19 19:46:22 - INFO - epoch-767, train_loss-0.0006126, val_loss-0.0029883
2024-12-19 19:46:46 - INFO - epoch-768, train_loss-0.0006120, val_loss-0.0030420
2024-12-19 19:47:09 - INFO - epoch-769, train_loss-0.0006135, val_loss-0.0027884
2024-12-19 19:47:32 - INFO - epoch-770, train_loss-0.0006123, val_loss-0.0035801
2024-12-19 19:47:55 - INFO - epoch-771, train_loss-0.0006117, val_loss-0.0046045
2024-12-19 19:48:19 - INFO - epoch-772, train_loss-0.0006113, val_loss-0.0035704
2024-12-19 19:48:43 - INFO - epoch-773, train_loss-0.0006109, val_loss-0.0032899
2024-12-19 19:49:07 - INFO - epoch-774, train_loss-0.0006109, val_loss-0.0045834
2024-12-19 19:49:31 - INFO - epoch-775, train_loss-0.0006102, val_loss-0.0051659
2024-12-19 19:49:54 - INFO - epoch-776, train_loss-0.0006099, val_loss-0.0030868
2024-12-19 19:50:17 - INFO - epoch-777, train_loss-0.0006095, val_loss-0.0045073
2024-12-19 19:50:41 - INFO - epoch-778, train_loss-0.0006092, val_loss-0.0055678
2024-12-19 19:51:04 - INFO - epoch-779, train_loss-0.0006094, val_loss-0.0031181
2024-12-19 19:51:27 - INFO - epoch-780, train_loss-0.0006086, val_loss-0.0037861
2024-12-19 19:51:50 - INFO - epoch-781, train_loss-0.0006088, val_loss-0.0038805
2024-12-19 19:52:14 - INFO - epoch-782, train_loss-0.0006082, val_loss-0.0048346
2024-12-19 19:52:37 - INFO - epoch-783, train_loss-0.0006077, val_loss-0.0057238
2024-12-19 19:53:00 - INFO - epoch-784, train_loss-0.0006084, val_loss-0.0057061
2024-12-19 19:53:23 - INFO - epoch-785, train_loss-0.0006076, val_loss-0.0048372
2024-12-19 19:53:46 - INFO - epoch-786, train_loss-0.0006066, val_loss-0.0045251
2024-12-19 19:54:10 - INFO - epoch-787, train_loss-0.0006073, val_loss-0.0057200
2024-12-19 19:54:33 - INFO - epoch-788, train_loss-0.0006069, val_loss-0.0080960
2024-12-19 19:54:56 - INFO - epoch-789, train_loss-0.0006064, val_loss-0.0104496
2024-12-19 19:55:19 - INFO - epoch-790, train_loss-0.0006052, val_loss-0.0142804
2024-12-19 19:55:42 - INFO - epoch-791, train_loss-0.0006048, val_loss-0.0073288
2024-12-19 19:56:05 - INFO - epoch-792, train_loss-0.0006054, val_loss-0.0146630
2024-12-19 19:56:29 - INFO - epoch-793, train_loss-0.0006045, val_loss-0.0146605
2024-12-19 19:56:53 - INFO - epoch-794, train_loss-0.0006043, val_loss-0.0195670
2024-12-19 19:57:16 - INFO - epoch-795, train_loss-0.0006037, val_loss-0.0200709
2024-12-19 19:57:39 - INFO - epoch-796, train_loss-0.0006041, val_loss-0.0130359
2024-12-19 19:58:04 - INFO - epoch-797, train_loss-0.0006028, val_loss-0.0110066
2024-12-19 19:58:27 - INFO - epoch-798, train_loss-0.0006024, val_loss-0.0059516
2024-12-19 19:58:50 - INFO - epoch-799, train_loss-0.0006019, val_loss-0.0093021
2024-12-19 19:59:13 - INFO - epoch-800, train_loss-0.0006024, val_loss-0.0160025
2024-12-19 19:59:36 - INFO - epoch-801, train_loss-0.0006023, val_loss-0.0112344
2024-12-19 19:59:59 - INFO - epoch-802, train_loss-0.0006021, val_loss-0.0131605
2024-12-19 20:00:23 - INFO - epoch-803, train_loss-0.0006014, val_loss-0.0193575
2024-12-19 20:00:46 - INFO - epoch-804, train_loss-0.0006022, val_loss-0.0195240
2024-12-19 20:01:09 - INFO - epoch-805, train_loss-0.0006014, val_loss-0.0257977
2024-12-19 20:01:32 - INFO - epoch-806, train_loss-0.0006005, val_loss-0.0174678
2024-12-19 20:01:56 - INFO - epoch-807, train_loss-0.0005991, val_loss-0.0233438
2024-12-19 20:02:20 - INFO - epoch-808, train_loss-0.0005993, val_loss-0.0206678
2024-12-19 20:02:44 - INFO - epoch-809, train_loss-0.0005984, val_loss-0.0115139
2024-12-19 20:03:07 - INFO - epoch-810, train_loss-0.0005988, val_loss-0.0177325
2024-12-19 20:03:30 - INFO - epoch-811, train_loss-0.0005979, val_loss-0.0244088
2024-12-19 20:03:54 - INFO - epoch-812, train_loss-0.0005980, val_loss-0.0172483
2024-12-19 20:04:18 - INFO - epoch-813, train_loss-0.0005970, val_loss-0.0295407
2024-12-19 20:04:41 - INFO - epoch-814, train_loss-0.0005959, val_loss-0.0236585
2024-12-19 20:05:04 - INFO - epoch-815, train_loss-0.0005961, val_loss-0.0235600
2024-12-19 20:05:27 - INFO - epoch-816, train_loss-0.0005965, val_loss-0.0348981
2024-12-19 20:05:51 - INFO - epoch-817, train_loss-0.0005960, val_loss-0.0335915
2024-12-19 20:06:15 - INFO - epoch-818, train_loss-0.0005956, val_loss-0.0406238
2024-12-19 20:06:38 - INFO - epoch-819, train_loss-0.0005950, val_loss-0.0404527
2024-12-19 20:07:01 - INFO - epoch-820, train_loss-0.0005947, val_loss-0.0307081
2024-12-19 20:07:24 - INFO - epoch-821, train_loss-0.0005944, val_loss-0.0240832
2024-12-19 20:07:47 - INFO - epoch-822, train_loss-0.0005930, val_loss-0.0349338
2024-12-19 20:08:10 - INFO - epoch-823, train_loss-0.0005928, val_loss-0.0446465
2024-12-19 20:08:34 - INFO - epoch-824, train_loss-0.0005926, val_loss-0.0384997
2024-12-19 20:08:57 - INFO - epoch-825, train_loss-0.0005930, val_loss-0.0558930
2024-12-19 20:09:20 - INFO - epoch-826, train_loss-0.0005923, val_loss-0.0551463
2024-12-19 20:09:43 - INFO - epoch-827, train_loss-0.0005920, val_loss-0.0653334
2024-12-19 20:10:06 - INFO - epoch-828, train_loss-0.0005911, val_loss-0.0598806
2024-12-19 20:10:29 - INFO - epoch-829, train_loss-0.0005910, val_loss-0.0473538
2024-12-19 20:10:52 - INFO - epoch-830, train_loss-0.0005913, val_loss-0.0444583
2024-12-19 20:11:15 - INFO - epoch-831, train_loss-0.0005898, val_loss-0.0659999
2024-12-19 20:11:39 - INFO - epoch-832, train_loss-0.0005896, val_loss-0.0396809
2024-12-19 20:12:02 - INFO - epoch-833, train_loss-0.0005915, val_loss-0.0621632
2024-12-19 20:12:25 - INFO - epoch-834, train_loss-0.0005888, val_loss-0.0594482
2024-12-19 20:12:48 - INFO - epoch-835, train_loss-0.0005882, val_loss-0.0532364
2024-12-19 20:13:12 - INFO - epoch-836, train_loss-0.0005879, val_loss-0.0487503
2024-12-19 20:13:35 - INFO - epoch-837, train_loss-0.0005886, val_loss-0.0672134
2024-12-19 20:13:58 - INFO - epoch-838, train_loss-0.0005877, val_loss-0.0450584
2024-12-19 20:14:21 - INFO - epoch-839, train_loss-0.0005861, val_loss-0.0605332
2024-12-19 20:14:44 - INFO - epoch-840, train_loss-0.0005863, val_loss-0.0401122
2024-12-19 20:15:08 - INFO - epoch-841, train_loss-0.0005859, val_loss-0.0582991
2024-12-19 20:15:33 - INFO - epoch-842, train_loss-0.0005855, val_loss-0.0595996
2024-12-19 20:15:56 - INFO - epoch-843, train_loss-0.0005871, val_loss-0.0642120
2024-12-19 20:16:19 - INFO - epoch-844, train_loss-0.0005855, val_loss-0.0632637
2024-12-19 20:16:42 - INFO - epoch-845, train_loss-0.0005845, val_loss-0.0668269
2024-12-19 20:17:05 - INFO - epoch-846, train_loss-0.0005835, val_loss-0.0542782
2024-12-19 20:17:29 - INFO - epoch-847, train_loss-0.0005841, val_loss-0.0569253
2024-12-19 20:17:52 - INFO - epoch-848, train_loss-0.0005832, val_loss-0.0673900
2024-12-19 20:18:15 - INFO - epoch-849, train_loss-0.0005833, val_loss-0.0527328
2024-12-19 20:18:38 - INFO - epoch-850, train_loss-0.0005833, val_loss-0.0491217
2024-12-19 20:19:01 - INFO - epoch-851, train_loss-0.0005821, val_loss-0.0547842
2024-12-19 20:19:25 - INFO - epoch-852, train_loss-0.0005812, val_loss-0.0477011
2024-12-19 20:19:49 - INFO - epoch-853, train_loss-0.0005824, val_loss-0.0598900
2024-12-19 20:20:12 - INFO - epoch-854, train_loss-0.0005807, val_loss-0.0638656
2024-12-19 20:20:36 - INFO - epoch-855, train_loss-0.0005810, val_loss-0.0387221
2024-12-19 20:20:59 - INFO - epoch-856, train_loss-0.0005799, val_loss-0.0311284
2024-12-19 20:21:23 - INFO - epoch-857, train_loss-0.0005794, val_loss-0.0420106
2024-12-19 20:21:46 - INFO - epoch-858, train_loss-0.0005786, val_loss-0.0362962
2024-12-19 20:22:09 - INFO - epoch-859, train_loss-0.0005789, val_loss-0.0407877
2024-12-19 20:22:32 - INFO - epoch-860, train_loss-0.0005795, val_loss-0.0360093
2024-12-19 20:22:57 - INFO - epoch-861, train_loss-0.0005778, val_loss-0.0240206
2024-12-19 20:23:20 - INFO - epoch-862, train_loss-0.0005766, val_loss-0.0308117
2024-12-19 20:23:44 - INFO - epoch-863, train_loss-0.0005761, val_loss-0.0257679
2024-12-19 20:24:07 - INFO - epoch-864, train_loss-0.0005762, val_loss-0.0347050
2024-12-19 20:24:30 - INFO - epoch-865, train_loss-0.0005749, val_loss-0.0404773
2024-12-19 20:24:54 - INFO - epoch-866, train_loss-0.0005756, val_loss-0.0402455
2024-12-19 20:25:17 - INFO - epoch-867, train_loss-0.0005744, val_loss-0.0187177
2024-12-19 20:25:40 - INFO - epoch-868, train_loss-0.0005729, val_loss-0.0204680
2024-12-19 20:26:03 - INFO - epoch-869, train_loss-0.0005723, val_loss-0.0228171
2024-12-19 20:26:26 - INFO - epoch-870, train_loss-0.0005737, val_loss-0.0248120
2024-12-19 20:26:49 - INFO - epoch-871, train_loss-0.0005720, val_loss-0.0369654
2024-12-19 20:27:13 - INFO - epoch-872, train_loss-0.0005723, val_loss-0.0264310
2024-12-19 20:27:37 - INFO - epoch-873, train_loss-0.0005709, val_loss-0.0184220
2024-12-19 20:28:00 - INFO - epoch-874, train_loss-0.0005703, val_loss-0.0304503
2024-12-19 20:28:23 - INFO - epoch-875, train_loss-0.0005693, val_loss-0.0349083
2024-12-19 20:28:47 - INFO - epoch-876, train_loss-0.0005703, val_loss-0.0321484
2024-12-19 20:29:10 - INFO - epoch-877, train_loss-0.0005698, val_loss-0.0379418
2024-12-19 20:29:33 - INFO - epoch-878, train_loss-0.0005686, val_loss-0.0288979
2024-12-19 20:29:57 - INFO - epoch-879, train_loss-0.0005683, val_loss-0.0331136
2024-12-19 20:30:20 - INFO - epoch-880, train_loss-0.0005670, val_loss-0.0258645
2024-12-19 20:30:43 - INFO - epoch-881, train_loss-0.0005666, val_loss-0.0309069
2024-12-19 20:31:07 - INFO - epoch-882, train_loss-0.0005661, val_loss-0.0413872
2024-12-19 20:31:30 - INFO - epoch-883, train_loss-0.0005653, val_loss-0.0293458
2024-12-19 20:31:53 - INFO - epoch-884, train_loss-0.0005656, val_loss-0.0295898
2024-12-19 20:32:16 - INFO - epoch-885, train_loss-0.0005651, val_loss-0.0348597
2024-12-19 20:32:39 - INFO - epoch-886, train_loss-0.0005641, val_loss-0.0312240
2024-12-19 20:33:02 - INFO - epoch-887, train_loss-0.0005637, val_loss-0.0283748
2024-12-19 20:33:26 - INFO - epoch-888, train_loss-0.0005633, val_loss-0.0390396
2024-12-19 20:33:49 - INFO - epoch-889, train_loss-0.0005617, val_loss-0.0431138
2024-12-19 20:34:12 - INFO - epoch-890, train_loss-0.0005625, val_loss-0.0512861
2024-12-19 20:34:35 - INFO - epoch-891, train_loss-0.0005608, val_loss-0.0451924
2024-12-19 20:34:58 - INFO - epoch-892, train_loss-0.0005607, val_loss-0.0321221
2024-12-19 20:37:15 - INFO - epoch-893, train_loss-0.0005596, val_loss-0.0319529
2024-12-19 20:40:22 - INFO - epoch-894, train_loss-0.0005593, val_loss-0.0318421
2024-12-19 20:40:46 - INFO - epoch-895, train_loss-0.0005579, val_loss-0.0266687
2024-12-19 20:41:11 - INFO - epoch-896, train_loss-0.0005571, val_loss-0.0199742
2024-12-19 20:41:34 - INFO - epoch-897, train_loss-0.0005572, val_loss-0.0231205
2024-12-19 20:41:57 - INFO - epoch-898, train_loss-0.0005569, val_loss-0.0233076
2024-12-19 20:42:21 - INFO - epoch-899, train_loss-0.0005560, val_loss-0.0440542
2024-12-19 20:42:46 - INFO - epoch-900, train_loss-0.0005561, val_loss-0.0265447
2024-12-19 20:43:09 - INFO - epoch-901, train_loss-0.0005553, val_loss-0.0264158
2024-12-19 20:43:32 - INFO - epoch-902, train_loss-0.0005542, val_loss-0.0284493
2024-12-19 20:43:56 - INFO - epoch-903, train_loss-0.0005528, val_loss-0.0336879
2024-12-19 20:44:20 - INFO - epoch-904, train_loss-0.0005521, val_loss-0.0294398
2024-12-19 20:44:43 - INFO - epoch-905, train_loss-0.0005529, val_loss-0.0338259
2024-12-19 20:45:07 - INFO - epoch-906, train_loss-0.0005526, val_loss-0.0291503
2024-12-19 20:45:30 - INFO - epoch-907, train_loss-0.0005516, val_loss-0.0273947
2024-12-19 20:45:53 - INFO - epoch-908, train_loss-0.0005489, val_loss-0.0149953
2024-12-19 20:46:16 - INFO - epoch-909, train_loss-0.0005498, val_loss-0.0501790
2024-12-19 20:46:40 - INFO - epoch-910, train_loss-0.0005491, val_loss-0.0257802
2024-12-19 20:47:03 - INFO - epoch-911, train_loss-0.0005475, val_loss-0.0314125
2024-12-19 20:47:26 - INFO - epoch-912, train_loss-0.0005459, val_loss-0.0256636
2024-12-19 20:47:49 - INFO - epoch-913, train_loss-0.0005467, val_loss-0.0387556
2024-12-19 20:48:14 - INFO - epoch-914, train_loss-0.0005470, val_loss-0.0235543
2024-12-19 20:48:37 - INFO - epoch-915, train_loss-0.0005441, val_loss-0.0260834
2024-12-19 20:49:00 - INFO - epoch-916, train_loss-0.0005452, val_loss-0.0401977
2024-12-19 20:49:23 - INFO - epoch-917, train_loss-0.0005438, val_loss-0.0268286
2024-12-19 20:49:46 - INFO - epoch-918, train_loss-0.0005445, val_loss-0.0225279
2024-12-19 20:50:11 - INFO - epoch-919, train_loss-0.0005440, val_loss-0.0295014
2024-12-19 20:50:35 - INFO - epoch-920, train_loss-0.0005429, val_loss-0.0261009
2024-12-19 20:50:58 - INFO - epoch-921, train_loss-0.0005409, val_loss-0.0378667
2024-12-19 20:51:21 - INFO - epoch-922, train_loss-0.0005420, val_loss-0.0274318
2024-12-19 20:51:44 - INFO - epoch-923, train_loss-0.0005383, val_loss-0.0448501
2024-12-19 20:52:09 - INFO - epoch-924, train_loss-0.0005385, val_loss-0.0334973
2024-12-19 20:52:32 - INFO - epoch-925, train_loss-0.0005364, val_loss-0.0372640
2024-12-19 20:52:55 - INFO - epoch-926, train_loss-0.0005368, val_loss-0.0222146
2024-12-19 20:53:18 - INFO - epoch-927, train_loss-0.0005364, val_loss-0.0553165
2024-12-19 20:53:42 - INFO - epoch-928, train_loss-0.0005365, val_loss-0.0364064
2024-12-19 20:54:06 - INFO - epoch-929, train_loss-0.0005362, val_loss-0.0459438
2024-12-19 20:54:29 - INFO - epoch-930, train_loss-0.0005359, val_loss-0.0312267
2024-12-19 20:54:52 - INFO - epoch-931, train_loss-0.0005351, val_loss-0.0334162
2024-12-19 20:55:15 - INFO - epoch-932, train_loss-0.0005345, val_loss-0.0195330
2024-12-19 20:55:39 - INFO - epoch-933, train_loss-0.0005320, val_loss-0.0349579
2024-12-19 20:56:02 - INFO - epoch-934, train_loss-0.0005309, val_loss-0.0333992
2024-12-19 20:56:26 - INFO - epoch-935, train_loss-0.0005304, val_loss-0.0297010
2024-12-19 20:56:49 - INFO - epoch-936, train_loss-0.0005296, val_loss-0.0336882
2024-12-19 20:57:12 - INFO - epoch-937, train_loss-0.0005289, val_loss-0.0249167
2024-12-19 20:57:35 - INFO - epoch-938, train_loss-0.0005278, val_loss-0.0204370
2024-12-19 20:57:58 - INFO - epoch-939, train_loss-0.0005285, val_loss-0.0262594
2024-12-19 20:58:22 - INFO - epoch-940, train_loss-0.0005279, val_loss-0.0218495
2024-12-19 20:58:45 - INFO - epoch-941, train_loss-0.0005255, val_loss-0.0172376
2024-12-19 20:59:08 - INFO - epoch-942, train_loss-0.0005251, val_loss-0.0149068
2024-12-19 20:59:31 - INFO - epoch-943, train_loss-0.0005248, val_loss-0.0084885
2024-12-19 20:59:54 - INFO - epoch-944, train_loss-0.0005237, val_loss-0.0151212
2024-12-19 21:00:17 - INFO - epoch-945, train_loss-0.0005230, val_loss-0.0081131
2024-12-19 21:00:41 - INFO - epoch-946, train_loss-0.0005221, val_loss-0.0145658
2024-12-19 21:01:04 - INFO - epoch-947, train_loss-0.0005211, val_loss-0.0090794
2024-12-19 21:01:27 - INFO - epoch-948, train_loss-0.0005223, val_loss-0.0214735
2024-12-19 21:01:50 - INFO - epoch-949, train_loss-0.0005200, val_loss-0.0238256
2024-12-19 21:02:13 - INFO - epoch-950, train_loss-0.0005190, val_loss-0.0328973
2024-12-19 21:02:37 - INFO - epoch-951, train_loss-0.0005163, val_loss-0.0241371
2024-12-19 21:03:00 - INFO - epoch-952, train_loss-0.0005161, val_loss-0.0272758
2024-12-19 21:03:23 - INFO - epoch-953, train_loss-0.0005162, val_loss-0.0219437
2024-12-19 21:03:46 - INFO - epoch-954, train_loss-0.0005156, val_loss-0.0259795
2024-12-19 21:04:09 - INFO - epoch-955, train_loss-0.0005144, val_loss-0.0347836
2024-12-19 21:04:32 - INFO - epoch-956, train_loss-0.0005124, val_loss-0.0396690
2024-12-19 21:04:56 - INFO - epoch-957, train_loss-0.0005124, val_loss-0.0289865
2024-12-19 21:05:19 - INFO - epoch-958, train_loss-0.0005117, val_loss-0.0301161
2024-12-19 21:05:42 - INFO - epoch-959, train_loss-0.0005115, val_loss-0.0183347
2024-12-19 21:06:06 - INFO - epoch-960, train_loss-0.0005101, val_loss-0.0228693
2024-12-19 21:06:30 - INFO - epoch-961, train_loss-0.0005110, val_loss-0.0340086
2024-12-19 21:06:54 - INFO - epoch-962, train_loss-0.0005086, val_loss-0.0314308
2024-12-19 21:07:18 - INFO - epoch-963, train_loss-0.0005078, val_loss-0.0434373
2024-12-19 21:07:41 - INFO - epoch-964, train_loss-0.0005077, val_loss-0.0221418
2024-12-19 21:08:05 - INFO - epoch-965, train_loss-0.0005071, val_loss-0.0215060
2024-12-19 21:08:28 - INFO - epoch-966, train_loss-0.0005060, val_loss-0.0201278
2024-12-19 21:08:51 - INFO - epoch-967, train_loss-0.0005038, val_loss-0.0214934
2024-12-19 21:09:14 - INFO - epoch-968, train_loss-0.0005035, val_loss-0.0396430
2024-12-19 21:09:37 - INFO - epoch-969, train_loss-0.0005025, val_loss-0.0260123
2024-12-19 21:10:00 - INFO - epoch-970, train_loss-0.0005015, val_loss-0.0222057
2024-12-19 21:10:25 - INFO - epoch-971, train_loss-0.0005006, val_loss-0.0297324
2024-12-19 21:10:48 - INFO - epoch-972, train_loss-0.0004996, val_loss-0.0227826
2024-12-19 21:11:11 - INFO - epoch-973, train_loss-0.0004993, val_loss-0.0214935
2024-12-19 21:11:34 - INFO - epoch-974, train_loss-0.0004975, val_loss-0.0188920
2024-12-19 21:11:59 - INFO - epoch-975, train_loss-0.0004968, val_loss-0.0246471
2024-12-19 21:12:22 - INFO - epoch-976, train_loss-0.0004971, val_loss-0.0219605
2024-12-19 21:12:45 - INFO - epoch-977, train_loss-0.0004954, val_loss-0.0252527
2024-12-19 21:13:08 - INFO - epoch-978, train_loss-0.0004927, val_loss-0.0283445
2024-12-19 21:13:33 - INFO - epoch-979, train_loss-0.0004937, val_loss-0.0274177
2024-12-19 21:13:56 - INFO - epoch-980, train_loss-0.0004909, val_loss-0.0345425
2024-12-19 21:14:19 - INFO - epoch-981, train_loss-0.0004905, val_loss-0.0211604
2024-12-19 21:14:42 - INFO - epoch-982, train_loss-0.0004902, val_loss-0.0230905
2024-12-19 21:15:06 - INFO - epoch-983, train_loss-0.0004901, val_loss-0.0268701
2024-12-19 21:15:31 - INFO - epoch-984, train_loss-0.0004887, val_loss-0.0291960
2024-12-19 21:15:54 - INFO - epoch-985, train_loss-0.0004881, val_loss-0.0226686
2024-12-19 21:16:17 - INFO - epoch-986, train_loss-0.0004867, val_loss-0.0254948
2024-12-19 21:16:40 - INFO - epoch-987, train_loss-0.0004865, val_loss-0.0231950
2024-12-19 21:17:03 - INFO - epoch-988, train_loss-0.0004852, val_loss-0.0170776
2024-12-19 21:17:26 - INFO - epoch-989, train_loss-0.0004843, val_loss-0.0247472
2024-12-19 21:17:50 - INFO - epoch-990, train_loss-0.0004833, val_loss-0.0273993
2024-12-19 21:18:13 - INFO - epoch-991, train_loss-0.0004822, val_loss-0.0139716
2024-12-19 21:18:36 - INFO - epoch-992, train_loss-0.0004817, val_loss-0.0284695
2024-12-19 21:18:59 - INFO - epoch-993, train_loss-0.0004797, val_loss-0.0286430
2024-12-19 21:19:22 - INFO - epoch-994, train_loss-0.0004804, val_loss-0.0199674
2024-12-19 21:19:46 - INFO - epoch-995, train_loss-0.0004788, val_loss-0.0263985
2024-12-19 21:20:09 - INFO - epoch-996, train_loss-0.0004764, val_loss-0.0269422
2024-12-19 21:20:32 - INFO - epoch-997, train_loss-0.0004754, val_loss-0.0228913
2024-12-19 21:20:55 - INFO - epoch-998, train_loss-0.0004743, val_loss-0.0318605
2024-12-19 21:21:18 - INFO - epoch-999, train_loss-0.0004747, val_loss-0.0223367
