2025-02-22 11:15:34 - INFO - train data: 13259
2025-02-22 11:15:34 - INFO - train unqiue data: 13259
2025-02-22 11:15:34 - INFO - valid data: 1474
2025-02-22 11:15:34 - INFO - valid unqiue data: 1474
2025-02-22 11:20:22 - INFO - epoch-0, train_mse_loss-0.0005605, train_kl_loss-6321948373676055552.0000000, val_mse_loss-0.0005795, val_kl_loss-585113663027751.8750000
2025-02-22 11:24:36 - INFO - epoch-1, train_mse_loss-0.0005431, train_kl_loss-6987.5906586, val_mse_loss-0.0020451, val_kl_loss-6.8362188
2025-02-22 11:28:51 - INFO - epoch-2, train_mse_loss-0.0005242, train_kl_loss-1298475155.4078734, val_mse_loss-0.0005525, val_kl_loss-62.4607231
2025-02-22 11:28:57 - INFO - Saved new best model at epoch 2 with validation loss 62.4612756
2025-02-22 11:33:11 - INFO - epoch-3, train_mse_loss-0.0005234, train_kl_loss-458942.7150381, val_mse_loss-0.0005498, val_kl_loss-72.7953335
2025-02-22 11:37:25 - INFO - epoch-4, train_mse_loss-0.0005250, train_kl_loss-24794825712.9241562, val_mse_loss-0.0007045, val_kl_loss-88.6341493
2025-02-22 11:41:39 - INFO - epoch-5, train_mse_loss-0.0005243, train_kl_loss-2480525555459394895872.0000000, val_mse_loss-0.0005781, val_kl_loss-83.6851716
2025-02-22 11:45:51 - INFO - epoch-6, train_mse_loss-nan, train_kl_loss-nan, val_mse_loss-nan, val_kl_loss-nan
2025-02-22 11:50:05 - INFO - epoch-7, train_mse_loss-nan, train_kl_loss-nan, val_mse_loss-nan, val_kl_loss-nan
2025-02-22 11:54:20 - INFO - epoch-8, train_mse_loss-nan, train_kl_loss-nan, val_mse_loss-nan, val_kl_loss-nan
2025-02-22 11:58:34 - INFO - epoch-9, train_mse_loss-nan, train_kl_loss-nan, val_mse_loss-nan, val_kl_loss-nan
2025-02-22 12:02:49 - INFO - epoch-10, train_mse_loss-nan, train_kl_loss-nan, val_mse_loss-nan, val_kl_loss-nan
2025-02-22 12:07:01 - INFO - epoch-11, train_mse_loss-nan, train_kl_loss-nan, val_mse_loss-nan, val_kl_loss-nan
2025-02-22 12:11:15 - INFO - epoch-12, train_mse_loss-nan, train_kl_loss-nan, val_mse_loss-nan, val_kl_loss-nan
2025-02-22 12:15:28 - INFO - epoch-13, train_mse_loss-nan, train_kl_loss-nan, val_mse_loss-nan, val_kl_loss-nan
2025-02-22 12:19:41 - INFO - epoch-14, train_mse_loss-nan, train_kl_loss-nan, val_mse_loss-nan, val_kl_loss-nan
2025-02-22 12:23:58 - INFO - epoch-15, train_mse_loss-nan, train_kl_loss-nan, val_mse_loss-nan, val_kl_loss-nan
2025-02-22 12:28:12 - INFO - epoch-16, train_mse_loss-nan, train_kl_loss-nan, val_mse_loss-nan, val_kl_loss-nan
2025-02-22 12:32:25 - INFO - epoch-17, train_mse_loss-nan, train_kl_loss-nan, val_mse_loss-nan, val_kl_loss-nan
2025-02-22 12:36:38 - INFO - epoch-18, train_mse_loss-nan, train_kl_loss-nan, val_mse_loss-nan, val_kl_loss-nan
2025-02-22 12:40:50 - INFO - epoch-19, train_mse_loss-nan, train_kl_loss-nan, val_mse_loss-nan, val_kl_loss-nan
2025-02-22 12:45:05 - INFO - epoch-20, train_mse_loss-nan, train_kl_loss-nan, val_mse_loss-nan, val_kl_loss-nan
2025-02-22 12:49:18 - INFO - epoch-21, train_mse_loss-nan, train_kl_loss-nan, val_mse_loss-nan, val_kl_loss-nan
2025-02-22 12:53:30 - INFO - epoch-22, train_mse_loss-nan, train_kl_loss-nan, val_mse_loss-nan, val_kl_loss-nan
2025-02-22 12:57:43 - INFO - epoch-23, train_mse_loss-nan, train_kl_loss-nan, val_mse_loss-nan, val_kl_loss-nan
2025-02-22 13:01:57 - INFO - epoch-24, train_mse_loss-nan, train_kl_loss-nan, val_mse_loss-nan, val_kl_loss-nan
2025-02-22 13:06:09 - INFO - epoch-25, train_mse_loss-nan, train_kl_loss-nan, val_mse_loss-nan, val_kl_loss-nan
2025-02-22 13:10:21 - INFO - epoch-26, train_mse_loss-nan, train_kl_loss-nan, val_mse_loss-nan, val_kl_loss-nan
2025-02-22 13:14:35 - INFO - epoch-27, train_mse_loss-nan, train_kl_loss-nan, val_mse_loss-nan, val_kl_loss-nan
2025-02-22 13:18:50 - INFO - epoch-28, train_mse_loss-nan, train_kl_loss-nan, val_mse_loss-nan, val_kl_loss-nan
2025-02-22 13:23:04 - INFO - epoch-29, train_mse_loss-nan, train_kl_loss-nan, val_mse_loss-nan, val_kl_loss-nan
2025-02-22 13:27:17 - INFO - epoch-30, train_mse_loss-nan, train_kl_loss-nan, val_mse_loss-nan, val_kl_loss-nan
2025-02-22 13:31:34 - INFO - epoch-31, train_mse_loss-nan, train_kl_loss-nan, val_mse_loss-nan, val_kl_loss-nan
2025-02-22 13:35:48 - INFO - epoch-32, train_mse_loss-nan, train_kl_loss-nan, val_mse_loss-nan, val_kl_loss-nan
2025-02-22 13:40:01 - INFO - epoch-33, train_mse_loss-nan, train_kl_loss-nan, val_mse_loss-nan, val_kl_loss-nan
2025-02-22 13:44:15 - INFO - epoch-34, train_mse_loss-nan, train_kl_loss-nan, val_mse_loss-nan, val_kl_loss-nan
2025-02-22 13:48:29 - INFO - epoch-35, train_mse_loss-nan, train_kl_loss-nan, val_mse_loss-nan, val_kl_loss-nan
2025-02-22 13:52:43 - INFO - epoch-36, train_mse_loss-nan, train_kl_loss-nan, val_mse_loss-nan, val_kl_loss-nan
2025-02-22 13:56:58 - INFO - epoch-37, train_mse_loss-nan, train_kl_loss-nan, val_mse_loss-nan, val_kl_loss-nan
2025-02-22 14:01:13 - INFO - epoch-38, train_mse_loss-nan, train_kl_loss-nan, val_mse_loss-nan, val_kl_loss-nan
2025-02-22 14:05:28 - INFO - epoch-39, train_mse_loss-nan, train_kl_loss-nan, val_mse_loss-nan, val_kl_loss-nan
2025-02-22 14:09:43 - INFO - epoch-40, train_mse_loss-nan, train_kl_loss-nan, val_mse_loss-nan, val_kl_loss-nan
2025-02-22 14:13:58 - INFO - epoch-41, train_mse_loss-nan, train_kl_loss-nan, val_mse_loss-nan, val_kl_loss-nan
2025-02-22 14:18:12 - INFO - epoch-42, train_mse_loss-nan, train_kl_loss-nan, val_mse_loss-nan, val_kl_loss-nan
2025-02-22 14:22:27 - INFO - epoch-43, train_mse_loss-nan, train_kl_loss-nan, val_mse_loss-nan, val_kl_loss-nan
2025-02-22 14:26:42 - INFO - epoch-44, train_mse_loss-nan, train_kl_loss-nan, val_mse_loss-nan, val_kl_loss-nan
2025-02-22 14:30:58 - INFO - epoch-45, train_mse_loss-nan, train_kl_loss-nan, val_mse_loss-nan, val_kl_loss-nan
2025-02-22 14:35:13 - INFO - epoch-46, train_mse_loss-nan, train_kl_loss-nan, val_mse_loss-nan, val_kl_loss-nan
2025-02-22 14:39:31 - INFO - epoch-47, train_mse_loss-nan, train_kl_loss-nan, val_mse_loss-nan, val_kl_loss-nan
2025-02-22 14:43:46 - INFO - epoch-48, train_mse_loss-nan, train_kl_loss-nan, val_mse_loss-nan, val_kl_loss-nan
2025-02-22 14:47:59 - INFO - epoch-49, train_mse_loss-nan, train_kl_loss-nan, val_mse_loss-nan, val_kl_loss-nan
2025-02-22 14:52:13 - INFO - epoch-50, train_mse_loss-nan, train_kl_loss-nan, val_mse_loss-nan, val_kl_loss-nan
2025-02-22 14:56:27 - INFO - epoch-51, train_mse_loss-nan, train_kl_loss-nan, val_mse_loss-nan, val_kl_loss-nan
2025-02-22 15:00:40 - INFO - epoch-52, train_mse_loss-nan, train_kl_loss-nan, val_mse_loss-nan, val_kl_loss-nan
2025-02-22 15:04:56 - INFO - epoch-53, train_mse_loss-nan, train_kl_loss-nan, val_mse_loss-nan, val_kl_loss-nan
2025-02-22 15:09:10 - INFO - epoch-54, train_mse_loss-nan, train_kl_loss-nan, val_mse_loss-nan, val_kl_loss-nan
2025-02-22 15:13:24 - INFO - epoch-55, train_mse_loss-nan, train_kl_loss-nan, val_mse_loss-nan, val_kl_loss-nan
2025-02-22 15:17:37 - INFO - epoch-56, train_mse_loss-nan, train_kl_loss-nan, val_mse_loss-nan, val_kl_loss-nan
2025-02-22 15:21:52 - INFO - epoch-57, train_mse_loss-nan, train_kl_loss-nan, val_mse_loss-nan, val_kl_loss-nan
2025-02-22 15:26:05 - INFO - epoch-58, train_mse_loss-nan, train_kl_loss-nan, val_mse_loss-nan, val_kl_loss-nan
2025-02-22 15:30:18 - INFO - epoch-59, train_mse_loss-nan, train_kl_loss-nan, val_mse_loss-nan, val_kl_loss-nan
2025-02-22 15:34:34 - INFO - epoch-60, train_mse_loss-nan, train_kl_loss-nan, val_mse_loss-nan, val_kl_loss-nan
2025-02-22 15:38:47 - INFO - epoch-61, train_mse_loss-nan, train_kl_loss-nan, val_mse_loss-nan, val_kl_loss-nan
2025-02-22 15:43:03 - INFO - epoch-62, train_mse_loss-nan, train_kl_loss-nan, val_mse_loss-nan, val_kl_loss-nan
2025-02-22 15:47:20 - INFO - epoch-63, train_mse_loss-nan, train_kl_loss-nan, val_mse_loss-nan, val_kl_loss-nan
2025-02-22 15:51:35 - INFO - epoch-64, train_mse_loss-nan, train_kl_loss-nan, val_mse_loss-nan, val_kl_loss-nan
2025-02-22 15:55:49 - INFO - epoch-65, train_mse_loss-nan, train_kl_loss-nan, val_mse_loss-nan, val_kl_loss-nan
2025-02-22 16:00:03 - INFO - epoch-66, train_mse_loss-nan, train_kl_loss-nan, val_mse_loss-nan, val_kl_loss-nan
2025-02-22 16:04:17 - INFO - epoch-67, train_mse_loss-nan, train_kl_loss-nan, val_mse_loss-nan, val_kl_loss-nan
2025-02-22 16:08:31 - INFO - epoch-68, train_mse_loss-nan, train_kl_loss-nan, val_mse_loss-nan, val_kl_loss-nan
2025-02-22 16:12:46 - INFO - epoch-69, train_mse_loss-nan, train_kl_loss-nan, val_mse_loss-nan, val_kl_loss-nan
2025-02-22 16:17:01 - INFO - epoch-70, train_mse_loss-nan, train_kl_loss-nan, val_mse_loss-nan, val_kl_loss-nan
2025-02-22 16:21:16 - INFO - epoch-71, train_mse_loss-nan, train_kl_loss-nan, val_mse_loss-nan, val_kl_loss-nan
2025-02-22 16:25:32 - INFO - epoch-72, train_mse_loss-nan, train_kl_loss-nan, val_mse_loss-nan, val_kl_loss-nan
2025-02-22 16:29:48 - INFO - epoch-73, train_mse_loss-nan, train_kl_loss-nan, val_mse_loss-nan, val_kl_loss-nan
2025-02-22 16:34:04 - INFO - epoch-74, train_mse_loss-nan, train_kl_loss-nan, val_mse_loss-nan, val_kl_loss-nan
2025-02-22 16:38:19 - INFO - epoch-75, train_mse_loss-nan, train_kl_loss-nan, val_mse_loss-nan, val_kl_loss-nan
2025-02-22 16:42:34 - INFO - epoch-76, train_mse_loss-nan, train_kl_loss-nan, val_mse_loss-nan, val_kl_loss-nan
2025-02-22 16:46:47 - INFO - epoch-77, train_mse_loss-nan, train_kl_loss-nan, val_mse_loss-nan, val_kl_loss-nan
2025-02-22 16:51:02 - INFO - epoch-78, train_mse_loss-nan, train_kl_loss-nan, val_mse_loss-nan, val_kl_loss-nan
2025-02-22 16:55:20 - INFO - epoch-79, train_mse_loss-nan, train_kl_loss-nan, val_mse_loss-nan, val_kl_loss-nan
2025-02-22 16:59:35 - INFO - epoch-80, train_mse_loss-nan, train_kl_loss-nan, val_mse_loss-nan, val_kl_loss-nan
2025-02-22 17:03:49 - INFO - epoch-81, train_mse_loss-nan, train_kl_loss-nan, val_mse_loss-nan, val_kl_loss-nan
2025-02-22 17:08:03 - INFO - epoch-82, train_mse_loss-nan, train_kl_loss-nan, val_mse_loss-nan, val_kl_loss-nan
2025-02-22 17:12:17 - INFO - epoch-83, train_mse_loss-nan, train_kl_loss-nan, val_mse_loss-nan, val_kl_loss-nan
2025-02-22 17:16:31 - INFO - epoch-84, train_mse_loss-nan, train_kl_loss-nan, val_mse_loss-nan, val_kl_loss-nan
2025-02-22 17:20:45 - INFO - epoch-85, train_mse_loss-nan, train_kl_loss-nan, val_mse_loss-nan, val_kl_loss-nan
2025-02-22 17:25:01 - INFO - epoch-86, train_mse_loss-nan, train_kl_loss-nan, val_mse_loss-nan, val_kl_loss-nan
2025-02-22 17:29:15 - INFO - epoch-87, train_mse_loss-nan, train_kl_loss-nan, val_mse_loss-nan, val_kl_loss-nan
2025-02-22 17:33:28 - INFO - epoch-88, train_mse_loss-nan, train_kl_loss-nan, val_mse_loss-nan, val_kl_loss-nan
2025-02-22 17:37:42 - INFO - epoch-89, train_mse_loss-nan, train_kl_loss-nan, val_mse_loss-nan, val_kl_loss-nan
2025-02-22 17:41:57 - INFO - epoch-90, train_mse_loss-nan, train_kl_loss-nan, val_mse_loss-nan, val_kl_loss-nan
2025-02-22 17:46:12 - INFO - epoch-91, train_mse_loss-nan, train_kl_loss-nan, val_mse_loss-nan, val_kl_loss-nan
2025-02-22 17:50:29 - INFO - epoch-92, train_mse_loss-nan, train_kl_loss-nan, val_mse_loss-nan, val_kl_loss-nan
2025-02-22 17:54:44 - INFO - epoch-93, train_mse_loss-nan, train_kl_loss-nan, val_mse_loss-nan, val_kl_loss-nan
2025-02-22 17:59:00 - INFO - epoch-94, train_mse_loss-nan, train_kl_loss-nan, val_mse_loss-nan, val_kl_loss-nan
2025-02-22 18:03:18 - INFO - epoch-95, train_mse_loss-nan, train_kl_loss-nan, val_mse_loss-nan, val_kl_loss-nan
2025-02-22 18:07:35 - INFO - epoch-96, train_mse_loss-nan, train_kl_loss-nan, val_mse_loss-nan, val_kl_loss-nan
2025-02-22 18:11:51 - INFO - epoch-97, train_mse_loss-nan, train_kl_loss-nan, val_mse_loss-nan, val_kl_loss-nan
2025-02-22 18:16:07 - INFO - epoch-98, train_mse_loss-nan, train_kl_loss-nan, val_mse_loss-nan, val_kl_loss-nan
2025-02-22 18:20:22 - INFO - epoch-99, train_mse_loss-nan, train_kl_loss-nan, val_mse_loss-nan, val_kl_loss-nan
2025-02-22 18:24:37 - INFO - epoch-100, train_mse_loss-nan, train_kl_loss-nan, val_mse_loss-nan, val_kl_loss-nan
2025-02-22 18:28:54 - INFO - epoch-101, train_mse_loss-nan, train_kl_loss-nan, val_mse_loss-nan, val_kl_loss-nan
2025-02-22 18:33:09 - INFO - epoch-102, train_mse_loss-nan, train_kl_loss-nan, val_mse_loss-nan, val_kl_loss-nan
2025-02-22 18:37:25 - INFO - epoch-103, train_mse_loss-nan, train_kl_loss-nan, val_mse_loss-nan, val_kl_loss-nan
2025-02-22 18:41:42 - INFO - epoch-104, train_mse_loss-nan, train_kl_loss-nan, val_mse_loss-nan, val_kl_loss-nan
2025-02-22 18:45:57 - INFO - epoch-105, train_mse_loss-nan, train_kl_loss-nan, val_mse_loss-nan, val_kl_loss-nan
2025-02-22 18:50:13 - INFO - epoch-106, train_mse_loss-nan, train_kl_loss-nan, val_mse_loss-nan, val_kl_loss-nan
2025-02-22 18:54:29 - INFO - epoch-107, train_mse_loss-nan, train_kl_loss-nan, val_mse_loss-nan, val_kl_loss-nan
2025-02-22 18:58:45 - INFO - epoch-108, train_mse_loss-nan, train_kl_loss-nan, val_mse_loss-nan, val_kl_loss-nan
2025-02-22 19:03:00 - INFO - epoch-109, train_mse_loss-nan, train_kl_loss-nan, val_mse_loss-nan, val_kl_loss-nan
2025-02-22 19:07:16 - INFO - epoch-110, train_mse_loss-nan, train_kl_loss-nan, val_mse_loss-nan, val_kl_loss-nan
2025-02-22 19:11:36 - INFO - epoch-111, train_mse_loss-nan, train_kl_loss-nan, val_mse_loss-nan, val_kl_loss-nan
2025-02-22 19:15:52 - INFO - epoch-112, train_mse_loss-nan, train_kl_loss-nan, val_mse_loss-nan, val_kl_loss-nan
2025-02-22 19:20:07 - INFO - epoch-113, train_mse_loss-nan, train_kl_loss-nan, val_mse_loss-nan, val_kl_loss-nan
2025-02-22 19:24:22 - INFO - epoch-114, train_mse_loss-nan, train_kl_loss-nan, val_mse_loss-nan, val_kl_loss-nan
2025-02-22 19:28:38 - INFO - epoch-115, train_mse_loss-nan, train_kl_loss-nan, val_mse_loss-nan, val_kl_loss-nan
2025-02-22 19:32:53 - INFO - epoch-116, train_mse_loss-nan, train_kl_loss-nan, val_mse_loss-nan, val_kl_loss-nan
2025-02-22 19:37:09 - INFO - epoch-117, train_mse_loss-nan, train_kl_loss-nan, val_mse_loss-nan, val_kl_loss-nan
2025-02-22 19:41:25 - INFO - epoch-118, train_mse_loss-nan, train_kl_loss-nan, val_mse_loss-nan, val_kl_loss-nan
2025-02-22 19:45:41 - INFO - epoch-119, train_mse_loss-nan, train_kl_loss-nan, val_mse_loss-nan, val_kl_loss-nan
2025-02-22 19:49:57 - INFO - epoch-120, train_mse_loss-nan, train_kl_loss-nan, val_mse_loss-nan, val_kl_loss-nan
2025-02-22 19:54:12 - INFO - epoch-121, train_mse_loss-nan, train_kl_loss-nan, val_mse_loss-nan, val_kl_loss-nan
2025-02-22 19:58:27 - INFO - epoch-122, train_mse_loss-nan, train_kl_loss-nan, val_mse_loss-nan, val_kl_loss-nan
2025-02-22 20:02:42 - INFO - epoch-123, train_mse_loss-nan, train_kl_loss-nan, val_mse_loss-nan, val_kl_loss-nan
2025-02-22 20:06:57 - INFO - epoch-124, train_mse_loss-nan, train_kl_loss-nan, val_mse_loss-nan, val_kl_loss-nan
2025-02-22 20:11:12 - INFO - epoch-125, train_mse_loss-nan, train_kl_loss-nan, val_mse_loss-nan, val_kl_loss-nan
2025-02-22 20:15:30 - INFO - epoch-126, train_mse_loss-nan, train_kl_loss-nan, val_mse_loss-nan, val_kl_loss-nan
2025-02-22 20:19:48 - INFO - epoch-127, train_mse_loss-nan, train_kl_loss-nan, val_mse_loss-nan, val_kl_loss-nan
2025-02-22 20:24:03 - INFO - epoch-128, train_mse_loss-nan, train_kl_loss-nan, val_mse_loss-nan, val_kl_loss-nan
2025-02-22 20:28:18 - INFO - epoch-129, train_mse_loss-nan, train_kl_loss-nan, val_mse_loss-nan, val_kl_loss-nan
2025-02-22 20:32:33 - INFO - epoch-130, train_mse_loss-nan, train_kl_loss-nan, val_mse_loss-nan, val_kl_loss-nan
2025-02-22 20:36:49 - INFO - epoch-131, train_mse_loss-nan, train_kl_loss-nan, val_mse_loss-nan, val_kl_loss-nan
2025-02-22 20:41:05 - INFO - epoch-132, train_mse_loss-nan, train_kl_loss-nan, val_mse_loss-nan, val_kl_loss-nan
2025-02-22 20:45:21 - INFO - epoch-133, train_mse_loss-nan, train_kl_loss-nan, val_mse_loss-nan, val_kl_loss-nan
2025-02-22 20:49:36 - INFO - epoch-134, train_mse_loss-nan, train_kl_loss-nan, val_mse_loss-nan, val_kl_loss-nan
2025-02-22 20:53:52 - INFO - epoch-135, train_mse_loss-nan, train_kl_loss-nan, val_mse_loss-nan, val_kl_loss-nan
2025-02-22 20:58:09 - INFO - epoch-136, train_mse_loss-nan, train_kl_loss-nan, val_mse_loss-nan, val_kl_loss-nan
2025-02-22 21:02:24 - INFO - epoch-137, train_mse_loss-nan, train_kl_loss-nan, val_mse_loss-nan, val_kl_loss-nan
2025-02-22 21:06:39 - INFO - epoch-138, train_mse_loss-nan, train_kl_loss-nan, val_mse_loss-nan, val_kl_loss-nan
2025-02-22 21:10:55 - INFO - epoch-139, train_mse_loss-nan, train_kl_loss-nan, val_mse_loss-nan, val_kl_loss-nan
2025-02-22 21:15:11 - INFO - epoch-140, train_mse_loss-nan, train_kl_loss-nan, val_mse_loss-nan, val_kl_loss-nan
2025-02-22 21:19:27 - INFO - epoch-141, train_mse_loss-nan, train_kl_loss-nan, val_mse_loss-nan, val_kl_loss-nan
2025-02-22 21:23:43 - INFO - epoch-142, train_mse_loss-nan, train_kl_loss-nan, val_mse_loss-nan, val_kl_loss-nan
2025-02-22 21:28:02 - INFO - epoch-143, train_mse_loss-nan, train_kl_loss-nan, val_mse_loss-nan, val_kl_loss-nan
2025-02-22 21:32:18 - INFO - epoch-144, train_mse_loss-nan, train_kl_loss-nan, val_mse_loss-nan, val_kl_loss-nan
2025-02-22 21:36:34 - INFO - epoch-145, train_mse_loss-nan, train_kl_loss-nan, val_mse_loss-nan, val_kl_loss-nan
2025-02-22 21:40:50 - INFO - epoch-146, train_mse_loss-nan, train_kl_loss-nan, val_mse_loss-nan, val_kl_loss-nan
2025-02-22 21:45:06 - INFO - epoch-147, train_mse_loss-nan, train_kl_loss-nan, val_mse_loss-nan, val_kl_loss-nan
2025-02-22 21:49:22 - INFO - epoch-148, train_mse_loss-nan, train_kl_loss-nan, val_mse_loss-nan, val_kl_loss-nan
2025-02-22 21:53:38 - INFO - epoch-149, train_mse_loss-nan, train_kl_loss-nan, val_mse_loss-nan, val_kl_loss-nan
2025-02-22 21:57:54 - INFO - epoch-150, train_mse_loss-nan, train_kl_loss-nan, val_mse_loss-nan, val_kl_loss-nan
2025-02-22 22:02:08 - INFO - epoch-151, train_mse_loss-nan, train_kl_loss-nan, val_mse_loss-nan, val_kl_loss-nan
2025-02-22 22:06:24 - INFO - epoch-152, train_mse_loss-nan, train_kl_loss-nan, val_mse_loss-nan, val_kl_loss-nan
2025-02-22 22:10:39 - INFO - epoch-153, train_mse_loss-nan, train_kl_loss-nan, val_mse_loss-nan, val_kl_loss-nan
2025-02-22 22:14:54 - INFO - epoch-154, train_mse_loss-nan, train_kl_loss-nan, val_mse_loss-nan, val_kl_loss-nan
2025-02-22 22:19:09 - INFO - epoch-155, train_mse_loss-nan, train_kl_loss-nan, val_mse_loss-nan, val_kl_loss-nan
2025-02-22 22:23:23 - INFO - epoch-156, train_mse_loss-nan, train_kl_loss-nan, val_mse_loss-nan, val_kl_loss-nan
2025-02-22 22:27:37 - INFO - epoch-157, train_mse_loss-nan, train_kl_loss-nan, val_mse_loss-nan, val_kl_loss-nan
2025-02-22 22:31:52 - INFO - epoch-158, train_mse_loss-nan, train_kl_loss-nan, val_mse_loss-nan, val_kl_loss-nan
2025-02-22 22:36:11 - INFO - epoch-159, train_mse_loss-nan, train_kl_loss-nan, val_mse_loss-nan, val_kl_loss-nan
2025-02-22 22:40:27 - INFO - epoch-160, train_mse_loss-nan, train_kl_loss-nan, val_mse_loss-nan, val_kl_loss-nan
2025-02-22 22:44:42 - INFO - epoch-161, train_mse_loss-nan, train_kl_loss-nan, val_mse_loss-nan, val_kl_loss-nan
2025-02-22 22:48:59 - INFO - epoch-162, train_mse_loss-nan, train_kl_loss-nan, val_mse_loss-nan, val_kl_loss-nan
2025-02-22 22:53:13 - INFO - epoch-163, train_mse_loss-nan, train_kl_loss-nan, val_mse_loss-nan, val_kl_loss-nan
2025-02-22 22:57:27 - INFO - epoch-164, train_mse_loss-nan, train_kl_loss-nan, val_mse_loss-nan, val_kl_loss-nan
2025-02-22 23:01:42 - INFO - epoch-165, train_mse_loss-nan, train_kl_loss-nan, val_mse_loss-nan, val_kl_loss-nan
2025-02-22 23:05:56 - INFO - epoch-166, train_mse_loss-nan, train_kl_loss-nan, val_mse_loss-nan, val_kl_loss-nan
2025-02-22 23:10:10 - INFO - epoch-167, train_mse_loss-nan, train_kl_loss-nan, val_mse_loss-nan, val_kl_loss-nan
2025-02-22 23:14:24 - INFO - epoch-168, train_mse_loss-nan, train_kl_loss-nan, val_mse_loss-nan, val_kl_loss-nan
2025-02-22 23:18:38 - INFO - epoch-169, train_mse_loss-nan, train_kl_loss-nan, val_mse_loss-nan, val_kl_loss-nan
2025-02-22 23:22:52 - INFO - epoch-170, train_mse_loss-nan, train_kl_loss-nan, val_mse_loss-nan, val_kl_loss-nan
2025-02-22 23:27:06 - INFO - epoch-171, train_mse_loss-nan, train_kl_loss-nan, val_mse_loss-nan, val_kl_loss-nan
2025-02-22 23:31:22 - INFO - epoch-172, train_mse_loss-nan, train_kl_loss-nan, val_mse_loss-nan, val_kl_loss-nan
2025-02-22 23:35:37 - INFO - epoch-173, train_mse_loss-nan, train_kl_loss-nan, val_mse_loss-nan, val_kl_loss-nan
2025-02-22 23:39:52 - INFO - epoch-174, train_mse_loss-nan, train_kl_loss-nan, val_mse_loss-nan, val_kl_loss-nan
2025-02-22 23:44:09 - INFO - epoch-175, train_mse_loss-nan, train_kl_loss-nan, val_mse_loss-nan, val_kl_loss-nan
2025-02-22 23:48:24 - INFO - epoch-176, train_mse_loss-nan, train_kl_loss-nan, val_mse_loss-nan, val_kl_loss-nan
2025-02-22 23:52:38 - INFO - epoch-177, train_mse_loss-nan, train_kl_loss-nan, val_mse_loss-nan, val_kl_loss-nan
2025-02-22 23:56:54 - INFO - epoch-178, train_mse_loss-nan, train_kl_loss-nan, val_mse_loss-nan, val_kl_loss-nan
2025-02-23 00:01:09 - INFO - epoch-179, train_mse_loss-nan, train_kl_loss-nan, val_mse_loss-nan, val_kl_loss-nan
2025-02-23 00:05:24 - INFO - epoch-180, train_mse_loss-nan, train_kl_loss-nan, val_mse_loss-nan, val_kl_loss-nan
2025-02-23 00:09:38 - INFO - epoch-181, train_mse_loss-nan, train_kl_loss-nan, val_mse_loss-nan, val_kl_loss-nan
2025-02-23 00:13:52 - INFO - epoch-182, train_mse_loss-nan, train_kl_loss-nan, val_mse_loss-nan, val_kl_loss-nan
2025-02-23 00:18:07 - INFO - epoch-183, train_mse_loss-nan, train_kl_loss-nan, val_mse_loss-nan, val_kl_loss-nan
2025-02-23 00:22:22 - INFO - epoch-184, train_mse_loss-nan, train_kl_loss-nan, val_mse_loss-nan, val_kl_loss-nan
2025-02-23 00:26:37 - INFO - epoch-185, train_mse_loss-nan, train_kl_loss-nan, val_mse_loss-nan, val_kl_loss-nan
2025-02-23 00:30:52 - INFO - epoch-186, train_mse_loss-nan, train_kl_loss-nan, val_mse_loss-nan, val_kl_loss-nan
2025-02-23 00:35:07 - INFO - epoch-187, train_mse_loss-nan, train_kl_loss-nan, val_mse_loss-nan, val_kl_loss-nan
2025-02-23 00:39:22 - INFO - epoch-188, train_mse_loss-nan, train_kl_loss-nan, val_mse_loss-nan, val_kl_loss-nan
2025-02-23 00:43:36 - INFO - epoch-189, train_mse_loss-nan, train_kl_loss-nan, val_mse_loss-nan, val_kl_loss-nan
2025-02-23 00:47:52 - INFO - epoch-190, train_mse_loss-nan, train_kl_loss-nan, val_mse_loss-nan, val_kl_loss-nan
2025-02-23 00:52:11 - INFO - epoch-191, train_mse_loss-nan, train_kl_loss-nan, val_mse_loss-nan, val_kl_loss-nan
2025-02-23 00:56:27 - INFO - epoch-192, train_mse_loss-nan, train_kl_loss-nan, val_mse_loss-nan, val_kl_loss-nan
2025-02-23 01:00:43 - INFO - epoch-193, train_mse_loss-nan, train_kl_loss-nan, val_mse_loss-nan, val_kl_loss-nan
2025-02-23 01:04:58 - INFO - epoch-194, train_mse_loss-nan, train_kl_loss-nan, val_mse_loss-nan, val_kl_loss-nan
2025-02-23 01:09:13 - INFO - epoch-195, train_mse_loss-nan, train_kl_loss-nan, val_mse_loss-nan, val_kl_loss-nan
2025-02-23 01:13:29 - INFO - epoch-196, train_mse_loss-nan, train_kl_loss-nan, val_mse_loss-nan, val_kl_loss-nan
2025-02-23 01:17:44 - INFO - epoch-197, train_mse_loss-nan, train_kl_loss-nan, val_mse_loss-nan, val_kl_loss-nan
2025-02-23 01:22:01 - INFO - epoch-198, train_mse_loss-nan, train_kl_loss-nan, val_mse_loss-nan, val_kl_loss-nan
2025-02-23 01:26:16 - INFO - epoch-199, train_mse_loss-nan, train_kl_loss-nan, val_mse_loss-nan, val_kl_loss-nan
2025-02-23 01:30:31 - INFO - epoch-200, train_mse_loss-nan, train_kl_loss-nan, val_mse_loss-nan, val_kl_loss-nan
2025-02-23 01:34:46 - INFO - epoch-201, train_mse_loss-nan, train_kl_loss-nan, val_mse_loss-nan, val_kl_loss-nan
2025-02-23 01:39:02 - INFO - epoch-202, train_mse_loss-nan, train_kl_loss-nan, val_mse_loss-nan, val_kl_loss-nan
2025-02-23 01:43:17 - INFO - epoch-203, train_mse_loss-nan, train_kl_loss-nan, val_mse_loss-nan, val_kl_loss-nan
2025-02-23 01:47:34 - INFO - epoch-204, train_mse_loss-nan, train_kl_loss-nan, val_mse_loss-nan, val_kl_loss-nan
2025-02-23 01:51:49 - INFO - epoch-205, train_mse_loss-nan, train_kl_loss-nan, val_mse_loss-nan, val_kl_loss-nan
2025-02-23 01:56:05 - INFO - epoch-206, train_mse_loss-nan, train_kl_loss-nan, val_mse_loss-nan, val_kl_loss-nan
2025-02-23 02:00:23 - INFO - epoch-207, train_mse_loss-nan, train_kl_loss-nan, val_mse_loss-nan, val_kl_loss-nan
2025-02-23 02:04:38 - INFO - epoch-208, train_mse_loss-nan, train_kl_loss-nan, val_mse_loss-nan, val_kl_loss-nan
2025-02-23 02:08:52 - INFO - epoch-209, train_mse_loss-nan, train_kl_loss-nan, val_mse_loss-nan, val_kl_loss-nan
2025-02-23 02:13:07 - INFO - epoch-210, train_mse_loss-nan, train_kl_loss-nan, val_mse_loss-nan, val_kl_loss-nan
2025-02-23 02:17:22 - INFO - epoch-211, train_mse_loss-nan, train_kl_loss-nan, val_mse_loss-nan, val_kl_loss-nan
2025-02-23 02:21:36 - INFO - epoch-212, train_mse_loss-nan, train_kl_loss-nan, val_mse_loss-nan, val_kl_loss-nan
2025-02-23 02:25:52 - INFO - epoch-213, train_mse_loss-nan, train_kl_loss-nan, val_mse_loss-nan, val_kl_loss-nan
2025-02-23 02:30:06 - INFO - epoch-214, train_mse_loss-nan, train_kl_loss-nan, val_mse_loss-nan, val_kl_loss-nan
2025-02-23 02:34:21 - INFO - epoch-215, train_mse_loss-nan, train_kl_loss-nan, val_mse_loss-nan, val_kl_loss-nan
2025-02-23 02:38:35 - INFO - epoch-216, train_mse_loss-nan, train_kl_loss-nan, val_mse_loss-nan, val_kl_loss-nan
2025-02-23 02:42:50 - INFO - epoch-217, train_mse_loss-nan, train_kl_loss-nan, val_mse_loss-nan, val_kl_loss-nan
2025-02-23 02:47:04 - INFO - epoch-218, train_mse_loss-nan, train_kl_loss-nan, val_mse_loss-nan, val_kl_loss-nan
2025-02-23 02:51:26 - INFO - epoch-219, train_mse_loss-nan, train_kl_loss-nan, val_mse_loss-nan, val_kl_loss-nan
2025-02-23 02:55:43 - INFO - epoch-220, train_mse_loss-nan, train_kl_loss-nan, val_mse_loss-nan, val_kl_loss-nan
2025-02-23 02:59:59 - INFO - epoch-221, train_mse_loss-nan, train_kl_loss-nan, val_mse_loss-nan, val_kl_loss-nan
2025-02-23 03:04:14 - INFO - epoch-222, train_mse_loss-nan, train_kl_loss-nan, val_mse_loss-nan, val_kl_loss-nan
2025-02-23 03:08:31 - INFO - epoch-223, train_mse_loss-nan, train_kl_loss-nan, val_mse_loss-nan, val_kl_loss-nan
2025-02-23 03:12:48 - INFO - epoch-224, train_mse_loss-nan, train_kl_loss-nan, val_mse_loss-nan, val_kl_loss-nan
2025-02-23 03:17:08 - INFO - epoch-225, train_mse_loss-nan, train_kl_loss-nan, val_mse_loss-nan, val_kl_loss-nan
2025-02-23 03:21:23 - INFO - epoch-226, train_mse_loss-nan, train_kl_loss-nan, val_mse_loss-nan, val_kl_loss-nan
2025-02-23 03:25:37 - INFO - epoch-227, train_mse_loss-nan, train_kl_loss-nan, val_mse_loss-nan, val_kl_loss-nan
2025-02-23 03:29:52 - INFO - epoch-228, train_mse_loss-nan, train_kl_loss-nan, val_mse_loss-nan, val_kl_loss-nan
2025-02-23 03:34:06 - INFO - epoch-229, train_mse_loss-nan, train_kl_loss-nan, val_mse_loss-nan, val_kl_loss-nan
2025-02-23 03:38:21 - INFO - epoch-230, train_mse_loss-nan, train_kl_loss-nan, val_mse_loss-nan, val_kl_loss-nan
2025-02-23 03:42:38 - INFO - epoch-231, train_mse_loss-nan, train_kl_loss-nan, val_mse_loss-nan, val_kl_loss-nan
2025-02-23 03:46:55 - INFO - epoch-232, train_mse_loss-nan, train_kl_loss-nan, val_mse_loss-nan, val_kl_loss-nan
2025-02-23 03:51:10 - INFO - epoch-233, train_mse_loss-nan, train_kl_loss-nan, val_mse_loss-nan, val_kl_loss-nan
2025-02-23 03:55:26 - INFO - epoch-234, train_mse_loss-nan, train_kl_loss-nan, val_mse_loss-nan, val_kl_loss-nan
2025-02-23 03:59:40 - INFO - epoch-235, train_mse_loss-nan, train_kl_loss-nan, val_mse_loss-nan, val_kl_loss-nan
2025-02-23 04:03:55 - INFO - epoch-236, train_mse_loss-nan, train_kl_loss-nan, val_mse_loss-nan, val_kl_loss-nan
2025-02-23 04:08:10 - INFO - epoch-237, train_mse_loss-nan, train_kl_loss-nan, val_mse_loss-nan, val_kl_loss-nan
2025-02-23 04:12:26 - INFO - epoch-238, train_mse_loss-nan, train_kl_loss-nan, val_mse_loss-nan, val_kl_loss-nan
2025-02-23 04:16:43 - INFO - epoch-239, train_mse_loss-nan, train_kl_loss-nan, val_mse_loss-nan, val_kl_loss-nan
2025-02-23 04:20:58 - INFO - epoch-240, train_mse_loss-nan, train_kl_loss-nan, val_mse_loss-nan, val_kl_loss-nan
2025-02-23 04:25:14 - INFO - epoch-241, train_mse_loss-nan, train_kl_loss-nan, val_mse_loss-nan, val_kl_loss-nan
2025-02-23 04:29:29 - INFO - epoch-242, train_mse_loss-nan, train_kl_loss-nan, val_mse_loss-nan, val_kl_loss-nan
2025-02-23 04:33:44 - INFO - epoch-243, train_mse_loss-nan, train_kl_loss-nan, val_mse_loss-nan, val_kl_loss-nan
2025-02-23 04:37:59 - INFO - epoch-244, train_mse_loss-nan, train_kl_loss-nan, val_mse_loss-nan, val_kl_loss-nan
2025-02-23 04:42:14 - INFO - epoch-245, train_mse_loss-nan, train_kl_loss-nan, val_mse_loss-nan, val_kl_loss-nan
2025-02-23 04:46:29 - INFO - epoch-246, train_mse_loss-nan, train_kl_loss-nan, val_mse_loss-nan, val_kl_loss-nan
2025-02-23 04:50:44 - INFO - epoch-247, train_mse_loss-nan, train_kl_loss-nan, val_mse_loss-nan, val_kl_loss-nan
2025-02-23 04:54:59 - INFO - epoch-248, train_mse_loss-nan, train_kl_loss-nan, val_mse_loss-nan, val_kl_loss-nan
2025-02-23 04:59:14 - INFO - epoch-249, train_mse_loss-nan, train_kl_loss-nan, val_mse_loss-nan, val_kl_loss-nan
2025-02-23 05:03:29 - INFO - epoch-250, train_mse_loss-nan, train_kl_loss-nan, val_mse_loss-nan, val_kl_loss-nan
2025-02-23 05:07:45 - INFO - epoch-251, train_mse_loss-nan, train_kl_loss-nan, val_mse_loss-nan, val_kl_loss-nan
2025-02-23 05:12:00 - INFO - epoch-252, train_mse_loss-nan, train_kl_loss-nan, val_mse_loss-nan, val_kl_loss-nan
2025-02-23 05:16:15 - INFO - epoch-253, train_mse_loss-nan, train_kl_loss-nan, val_mse_loss-nan, val_kl_loss-nan
2025-02-23 05:20:31 - INFO - epoch-254, train_mse_loss-nan, train_kl_loss-nan, val_mse_loss-nan, val_kl_loss-nan
2025-02-23 05:24:49 - INFO - epoch-255, train_mse_loss-nan, train_kl_loss-nan, val_mse_loss-nan, val_kl_loss-nan
2025-02-23 05:29:04 - INFO - epoch-256, train_mse_loss-nan, train_kl_loss-nan, val_mse_loss-nan, val_kl_loss-nan
2025-02-23 05:33:18 - INFO - epoch-257, train_mse_loss-nan, train_kl_loss-nan, val_mse_loss-nan, val_kl_loss-nan
2025-02-23 05:37:33 - INFO - epoch-258, train_mse_loss-nan, train_kl_loss-nan, val_mse_loss-nan, val_kl_loss-nan
2025-02-23 05:41:48 - INFO - epoch-259, train_mse_loss-nan, train_kl_loss-nan, val_mse_loss-nan, val_kl_loss-nan
2025-02-23 05:46:02 - INFO - epoch-260, train_mse_loss-nan, train_kl_loss-nan, val_mse_loss-nan, val_kl_loss-nan
2025-02-23 05:50:17 - INFO - epoch-261, train_mse_loss-nan, train_kl_loss-nan, val_mse_loss-nan, val_kl_loss-nan
2025-02-23 05:54:32 - INFO - epoch-262, train_mse_loss-nan, train_kl_loss-nan, val_mse_loss-nan, val_kl_loss-nan
2025-02-23 05:58:47 - INFO - epoch-263, train_mse_loss-nan, train_kl_loss-nan, val_mse_loss-nan, val_kl_loss-nan
2025-02-23 06:03:02 - INFO - epoch-264, train_mse_loss-nan, train_kl_loss-nan, val_mse_loss-nan, val_kl_loss-nan
2025-02-23 06:07:16 - INFO - epoch-265, train_mse_loss-nan, train_kl_loss-nan, val_mse_loss-nan, val_kl_loss-nan
2025-02-23 06:11:33 - INFO - epoch-266, train_mse_loss-nan, train_kl_loss-nan, val_mse_loss-nan, val_kl_loss-nan
2025-02-23 06:15:50 - INFO - epoch-267, train_mse_loss-nan, train_kl_loss-nan, val_mse_loss-nan, val_kl_loss-nan
2025-02-23 06:20:06 - INFO - epoch-268, train_mse_loss-nan, train_kl_loss-nan, val_mse_loss-nan, val_kl_loss-nan
2025-02-23 06:24:21 - INFO - epoch-269, train_mse_loss-nan, train_kl_loss-nan, val_mse_loss-nan, val_kl_loss-nan
2025-02-23 06:28:37 - INFO - epoch-270, train_mse_loss-nan, train_kl_loss-nan, val_mse_loss-nan, val_kl_loss-nan
2025-02-23 06:32:55 - INFO - epoch-271, train_mse_loss-nan, train_kl_loss-nan, val_mse_loss-nan, val_kl_loss-nan
2025-02-23 06:37:11 - INFO - epoch-272, train_mse_loss-nan, train_kl_loss-nan, val_mse_loss-nan, val_kl_loss-nan
2025-02-23 06:41:27 - INFO - epoch-273, train_mse_loss-nan, train_kl_loss-nan, val_mse_loss-nan, val_kl_loss-nan
2025-02-23 06:45:42 - INFO - epoch-274, train_mse_loss-nan, train_kl_loss-nan, val_mse_loss-nan, val_kl_loss-nan
2025-02-23 06:49:57 - INFO - epoch-275, train_mse_loss-nan, train_kl_loss-nan, val_mse_loss-nan, val_kl_loss-nan
2025-02-23 06:54:12 - INFO - epoch-276, train_mse_loss-nan, train_kl_loss-nan, val_mse_loss-nan, val_kl_loss-nan
2025-02-23 06:58:27 - INFO - epoch-277, train_mse_loss-nan, train_kl_loss-nan, val_mse_loss-nan, val_kl_loss-nan
2025-02-23 07:02:41 - INFO - epoch-278, train_mse_loss-nan, train_kl_loss-nan, val_mse_loss-nan, val_kl_loss-nan
2025-02-23 07:06:56 - INFO - epoch-279, train_mse_loss-nan, train_kl_loss-nan, val_mse_loss-nan, val_kl_loss-nan
2025-02-23 07:11:11 - INFO - epoch-280, train_mse_loss-nan, train_kl_loss-nan, val_mse_loss-nan, val_kl_loss-nan
2025-02-23 07:15:25 - INFO - epoch-281, train_mse_loss-nan, train_kl_loss-nan, val_mse_loss-nan, val_kl_loss-nan
2025-02-23 07:19:40 - INFO - epoch-282, train_mse_loss-nan, train_kl_loss-nan, val_mse_loss-nan, val_kl_loss-nan
2025-02-23 07:23:55 - INFO - epoch-283, train_mse_loss-nan, train_kl_loss-nan, val_mse_loss-nan, val_kl_loss-nan
2025-02-23 07:28:09 - INFO - epoch-284, train_mse_loss-nan, train_kl_loss-nan, val_mse_loss-nan, val_kl_loss-nan
2025-02-23 07:32:23 - INFO - epoch-285, train_mse_loss-nan, train_kl_loss-nan, val_mse_loss-nan, val_kl_loss-nan
2025-02-23 07:36:43 - INFO - epoch-286, train_mse_loss-nan, train_kl_loss-nan, val_mse_loss-nan, val_kl_loss-nan
2025-02-23 07:41:04 - INFO - epoch-287, train_mse_loss-nan, train_kl_loss-nan, val_mse_loss-nan, val_kl_loss-nan
2025-02-23 07:45:19 - INFO - epoch-288, train_mse_loss-nan, train_kl_loss-nan, val_mse_loss-nan, val_kl_loss-nan
2025-02-23 07:49:34 - INFO - epoch-289, train_mse_loss-nan, train_kl_loss-nan, val_mse_loss-nan, val_kl_loss-nan
2025-02-23 07:53:49 - INFO - epoch-290, train_mse_loss-nan, train_kl_loss-nan, val_mse_loss-nan, val_kl_loss-nan
2025-02-23 07:58:04 - INFO - epoch-291, train_mse_loss-nan, train_kl_loss-nan, val_mse_loss-nan, val_kl_loss-nan
2025-02-23 08:02:18 - INFO - epoch-292, train_mse_loss-nan, train_kl_loss-nan, val_mse_loss-nan, val_kl_loss-nan
2025-02-23 08:06:33 - INFO - epoch-293, train_mse_loss-nan, train_kl_loss-nan, val_mse_loss-nan, val_kl_loss-nan
2025-02-23 08:10:47 - INFO - epoch-294, train_mse_loss-nan, train_kl_loss-nan, val_mse_loss-nan, val_kl_loss-nan
2025-02-23 08:15:03 - INFO - epoch-295, train_mse_loss-nan, train_kl_loss-nan, val_mse_loss-nan, val_kl_loss-nan
2025-02-23 08:19:16 - INFO - epoch-296, train_mse_loss-nan, train_kl_loss-nan, val_mse_loss-nan, val_kl_loss-nan
2025-02-23 08:23:31 - INFO - epoch-297, train_mse_loss-nan, train_kl_loss-nan, val_mse_loss-nan, val_kl_loss-nan
2025-02-23 08:27:47 - INFO - epoch-298, train_mse_loss-nan, train_kl_loss-nan, val_mse_loss-nan, val_kl_loss-nan
2025-02-23 08:32:02 - INFO - epoch-299, train_mse_loss-nan, train_kl_loss-nan, val_mse_loss-nan, val_kl_loss-nan
2025-02-23 08:36:16 - INFO - epoch-300, train_mse_loss-nan, train_kl_loss-nan, val_mse_loss-nan, val_kl_loss-nan
2025-02-23 08:40:31 - INFO - epoch-301, train_mse_loss-nan, train_kl_loss-nan, val_mse_loss-nan, val_kl_loss-nan
2025-02-23 08:44:45 - INFO - epoch-302, train_mse_loss-nan, train_kl_loss-nan, val_mse_loss-nan, val_kl_loss-nan
2025-02-23 08:49:02 - INFO - epoch-303, train_mse_loss-nan, train_kl_loss-nan, val_mse_loss-nan, val_kl_loss-nan
2025-02-23 08:53:16 - INFO - epoch-304, train_mse_loss-nan, train_kl_loss-nan, val_mse_loss-nan, val_kl_loss-nan
2025-02-23 08:57:31 - INFO - epoch-305, train_mse_loss-nan, train_kl_loss-nan, val_mse_loss-nan, val_kl_loss-nan
2025-02-23 09:01:46 - INFO - epoch-306, train_mse_loss-nan, train_kl_loss-nan, val_mse_loss-nan, val_kl_loss-nan
2025-02-23 09:05:59 - INFO - epoch-307, train_mse_loss-nan, train_kl_loss-nan, val_mse_loss-nan, val_kl_loss-nan
2025-02-23 09:10:13 - INFO - epoch-308, train_mse_loss-nan, train_kl_loss-nan, val_mse_loss-nan, val_kl_loss-nan
2025-02-23 09:14:27 - INFO - epoch-309, train_mse_loss-nan, train_kl_loss-nan, val_mse_loss-nan, val_kl_loss-nan
2025-02-23 09:18:41 - INFO - epoch-310, train_mse_loss-nan, train_kl_loss-nan, val_mse_loss-nan, val_kl_loss-nan
2025-02-23 09:22:56 - INFO - epoch-311, train_mse_loss-nan, train_kl_loss-nan, val_mse_loss-nan, val_kl_loss-nan
2025-02-23 09:27:11 - INFO - epoch-312, train_mse_loss-nan, train_kl_loss-nan, val_mse_loss-nan, val_kl_loss-nan
2025-02-23 09:31:25 - INFO - epoch-313, train_mse_loss-nan, train_kl_loss-nan, val_mse_loss-nan, val_kl_loss-nan
2025-02-23 09:35:38 - INFO - epoch-314, train_mse_loss-nan, train_kl_loss-nan, val_mse_loss-nan, val_kl_loss-nan
2025-02-23 09:39:52 - INFO - epoch-315, train_mse_loss-nan, train_kl_loss-nan, val_mse_loss-nan, val_kl_loss-nan
2025-02-23 09:44:06 - INFO - epoch-316, train_mse_loss-nan, train_kl_loss-nan, val_mse_loss-nan, val_kl_loss-nan
2025-02-23 09:48:20 - INFO - epoch-317, train_mse_loss-nan, train_kl_loss-nan, val_mse_loss-nan, val_kl_loss-nan
2025-02-23 09:52:33 - INFO - epoch-318, train_mse_loss-nan, train_kl_loss-nan, val_mse_loss-nan, val_kl_loss-nan
2025-02-23 09:56:50 - INFO - epoch-319, train_mse_loss-nan, train_kl_loss-nan, val_mse_loss-nan, val_kl_loss-nan
2025-02-23 10:01:04 - INFO - epoch-320, train_mse_loss-nan, train_kl_loss-nan, val_mse_loss-nan, val_kl_loss-nan
2025-02-23 10:05:18 - INFO - epoch-321, train_mse_loss-nan, train_kl_loss-nan, val_mse_loss-nan, val_kl_loss-nan
2025-02-23 10:09:32 - INFO - epoch-322, train_mse_loss-nan, train_kl_loss-nan, val_mse_loss-nan, val_kl_loss-nan
2025-02-23 10:13:46 - INFO - epoch-323, train_mse_loss-nan, train_kl_loss-nan, val_mse_loss-nan, val_kl_loss-nan
2025-02-23 10:17:59 - INFO - epoch-324, train_mse_loss-nan, train_kl_loss-nan, val_mse_loss-nan, val_kl_loss-nan
2025-02-23 10:22:14 - INFO - epoch-325, train_mse_loss-nan, train_kl_loss-nan, val_mse_loss-nan, val_kl_loss-nan
2025-02-23 10:26:27 - INFO - epoch-326, train_mse_loss-nan, train_kl_loss-nan, val_mse_loss-nan, val_kl_loss-nan
2025-02-23 10:30:41 - INFO - epoch-327, train_mse_loss-nan, train_kl_loss-nan, val_mse_loss-nan, val_kl_loss-nan
2025-02-23 10:34:55 - INFO - epoch-328, train_mse_loss-nan, train_kl_loss-nan, val_mse_loss-nan, val_kl_loss-nan
2025-02-23 10:39:08 - INFO - epoch-329, train_mse_loss-nan, train_kl_loss-nan, val_mse_loss-nan, val_kl_loss-nan
2025-02-23 10:43:22 - INFO - epoch-330, train_mse_loss-nan, train_kl_loss-nan, val_mse_loss-nan, val_kl_loss-nan
2025-02-23 10:47:36 - INFO - epoch-331, train_mse_loss-nan, train_kl_loss-nan, val_mse_loss-nan, val_kl_loss-nan
2025-02-23 10:51:50 - INFO - epoch-332, train_mse_loss-nan, train_kl_loss-nan, val_mse_loss-nan, val_kl_loss-nan
2025-02-23 10:56:04 - INFO - epoch-333, train_mse_loss-nan, train_kl_loss-nan, val_mse_loss-nan, val_kl_loss-nan
2025-02-23 11:00:18 - INFO - epoch-334, train_mse_loss-nan, train_kl_loss-nan, val_mse_loss-nan, val_kl_loss-nan
2025-02-23 11:04:35 - INFO - epoch-335, train_mse_loss-nan, train_kl_loss-nan, val_mse_loss-nan, val_kl_loss-nan
2025-02-23 11:08:50 - INFO - epoch-336, train_mse_loss-nan, train_kl_loss-nan, val_mse_loss-nan, val_kl_loss-nan
2025-02-23 11:13:03 - INFO - epoch-337, train_mse_loss-nan, train_kl_loss-nan, val_mse_loss-nan, val_kl_loss-nan
2025-02-23 11:17:16 - INFO - epoch-338, train_mse_loss-nan, train_kl_loss-nan, val_mse_loss-nan, val_kl_loss-nan
2025-02-23 11:21:30 - INFO - epoch-339, train_mse_loss-nan, train_kl_loss-nan, val_mse_loss-nan, val_kl_loss-nan
2025-02-23 11:25:43 - INFO - epoch-340, train_mse_loss-nan, train_kl_loss-nan, val_mse_loss-nan, val_kl_loss-nan
2025-02-23 11:29:57 - INFO - epoch-341, train_mse_loss-nan, train_kl_loss-nan, val_mse_loss-nan, val_kl_loss-nan
2025-02-23 11:34:11 - INFO - epoch-342, train_mse_loss-nan, train_kl_loss-nan, val_mse_loss-nan, val_kl_loss-nan
2025-02-23 11:38:24 - INFO - epoch-343, train_mse_loss-nan, train_kl_loss-nan, val_mse_loss-nan, val_kl_loss-nan
2025-02-23 11:42:38 - INFO - epoch-344, train_mse_loss-nan, train_kl_loss-nan, val_mse_loss-nan, val_kl_loss-nan
2025-02-23 11:46:51 - INFO - epoch-345, train_mse_loss-nan, train_kl_loss-nan, val_mse_loss-nan, val_kl_loss-nan
2025-02-23 11:51:05 - INFO - epoch-346, train_mse_loss-nan, train_kl_loss-nan, val_mse_loss-nan, val_kl_loss-nan
2025-02-23 11:55:20 - INFO - epoch-347, train_mse_loss-nan, train_kl_loss-nan, val_mse_loss-nan, val_kl_loss-nan
2025-02-23 11:59:34 - INFO - epoch-348, train_mse_loss-nan, train_kl_loss-nan, val_mse_loss-nan, val_kl_loss-nan
2025-02-23 12:03:48 - INFO - epoch-349, train_mse_loss-nan, train_kl_loss-nan, val_mse_loss-nan, val_kl_loss-nan
2025-02-23 12:08:08 - INFO - epoch-350, train_mse_loss-nan, train_kl_loss-nan, val_mse_loss-nan, val_kl_loss-nan
2025-02-23 12:12:38 - INFO - epoch-351, train_mse_loss-nan, train_kl_loss-nan, val_mse_loss-nan, val_kl_loss-nan
2025-02-23 12:16:55 - INFO - epoch-352, train_mse_loss-nan, train_kl_loss-nan, val_mse_loss-nan, val_kl_loss-nan
2025-02-23 12:21:14 - INFO - epoch-353, train_mse_loss-nan, train_kl_loss-nan, val_mse_loss-nan, val_kl_loss-nan
2025-02-23 12:25:32 - INFO - epoch-354, train_mse_loss-nan, train_kl_loss-nan, val_mse_loss-nan, val_kl_loss-nan
2025-02-23 12:29:49 - INFO - epoch-355, train_mse_loss-nan, train_kl_loss-nan, val_mse_loss-nan, val_kl_loss-nan
2025-02-23 12:34:07 - INFO - epoch-356, train_mse_loss-nan, train_kl_loss-nan, val_mse_loss-nan, val_kl_loss-nan
2025-02-23 12:38:25 - INFO - epoch-357, train_mse_loss-nan, train_kl_loss-nan, val_mse_loss-nan, val_kl_loss-nan
2025-02-23 12:42:44 - INFO - epoch-358, train_mse_loss-nan, train_kl_loss-nan, val_mse_loss-nan, val_kl_loss-nan
2025-02-23 12:47:02 - INFO - epoch-359, train_mse_loss-nan, train_kl_loss-nan, val_mse_loss-nan, val_kl_loss-nan
2025-02-23 12:51:20 - INFO - epoch-360, train_mse_loss-nan, train_kl_loss-nan, val_mse_loss-nan, val_kl_loss-nan
2025-02-23 12:55:38 - INFO - epoch-361, train_mse_loss-nan, train_kl_loss-nan, val_mse_loss-nan, val_kl_loss-nan
2025-02-23 12:59:56 - INFO - epoch-362, train_mse_loss-nan, train_kl_loss-nan, val_mse_loss-nan, val_kl_loss-nan
2025-02-23 13:04:13 - INFO - epoch-363, train_mse_loss-nan, train_kl_loss-nan, val_mse_loss-nan, val_kl_loss-nan
2025-02-23 13:08:29 - INFO - epoch-364, train_mse_loss-nan, train_kl_loss-nan, val_mse_loss-nan, val_kl_loss-nan
2025-02-23 13:12:47 - INFO - epoch-365, train_mse_loss-nan, train_kl_loss-nan, val_mse_loss-nan, val_kl_loss-nan
2025-02-23 13:17:05 - INFO - epoch-366, train_mse_loss-nan, train_kl_loss-nan, val_mse_loss-nan, val_kl_loss-nan
2025-02-23 13:21:26 - INFO - epoch-367, train_mse_loss-nan, train_kl_loss-nan, val_mse_loss-nan, val_kl_loss-nan
2025-02-23 13:25:44 - INFO - epoch-368, train_mse_loss-nan, train_kl_loss-nan, val_mse_loss-nan, val_kl_loss-nan
2025-02-23 13:30:02 - INFO - epoch-369, train_mse_loss-nan, train_kl_loss-nan, val_mse_loss-nan, val_kl_loss-nan
2025-02-23 13:34:19 - INFO - epoch-370, train_mse_loss-nan, train_kl_loss-nan, val_mse_loss-nan, val_kl_loss-nan
2025-02-23 13:38:36 - INFO - epoch-371, train_mse_loss-nan, train_kl_loss-nan, val_mse_loss-nan, val_kl_loss-nan
2025-02-23 13:42:53 - INFO - epoch-372, train_mse_loss-nan, train_kl_loss-nan, val_mse_loss-nan, val_kl_loss-nan
2025-02-23 13:47:11 - INFO - epoch-373, train_mse_loss-nan, train_kl_loss-nan, val_mse_loss-nan, val_kl_loss-nan
2025-02-23 13:51:28 - INFO - epoch-374, train_mse_loss-nan, train_kl_loss-nan, val_mse_loss-nan, val_kl_loss-nan
2025-02-23 13:55:45 - INFO - epoch-375, train_mse_loss-nan, train_kl_loss-nan, val_mse_loss-nan, val_kl_loss-nan
2025-02-23 14:00:03 - INFO - epoch-376, train_mse_loss-nan, train_kl_loss-nan, val_mse_loss-nan, val_kl_loss-nan
2025-02-23 14:04:21 - INFO - epoch-377, train_mse_loss-nan, train_kl_loss-nan, val_mse_loss-nan, val_kl_loss-nan
2025-02-23 14:08:38 - INFO - epoch-378, train_mse_loss-nan, train_kl_loss-nan, val_mse_loss-nan, val_kl_loss-nan
2025-02-23 14:12:54 - INFO - epoch-379, train_mse_loss-nan, train_kl_loss-nan, val_mse_loss-nan, val_kl_loss-nan
2025-02-23 14:17:09 - INFO - epoch-380, train_mse_loss-nan, train_kl_loss-nan, val_mse_loss-nan, val_kl_loss-nan
2025-02-23 14:21:25 - INFO - epoch-381, train_mse_loss-nan, train_kl_loss-nan, val_mse_loss-nan, val_kl_loss-nan
2025-02-23 14:25:40 - INFO - epoch-382, train_mse_loss-nan, train_kl_loss-nan, val_mse_loss-nan, val_kl_loss-nan
2025-02-23 14:29:59 - INFO - epoch-383, train_mse_loss-nan, train_kl_loss-nan, val_mse_loss-nan, val_kl_loss-nan
2025-02-23 14:34:14 - INFO - epoch-384, train_mse_loss-nan, train_kl_loss-nan, val_mse_loss-nan, val_kl_loss-nan
2025-02-23 14:38:29 - INFO - epoch-385, train_mse_loss-nan, train_kl_loss-nan, val_mse_loss-nan, val_kl_loss-nan
2025-02-23 14:42:44 - INFO - epoch-386, train_mse_loss-nan, train_kl_loss-nan, val_mse_loss-nan, val_kl_loss-nan
2025-02-23 14:47:00 - INFO - epoch-387, train_mse_loss-nan, train_kl_loss-nan, val_mse_loss-nan, val_kl_loss-nan
2025-02-23 14:51:16 - INFO - epoch-388, train_mse_loss-nan, train_kl_loss-nan, val_mse_loss-nan, val_kl_loss-nan
2025-02-23 14:55:31 - INFO - epoch-389, train_mse_loss-nan, train_kl_loss-nan, val_mse_loss-nan, val_kl_loss-nan
2025-02-23 14:59:46 - INFO - epoch-390, train_mse_loss-nan, train_kl_loss-nan, val_mse_loss-nan, val_kl_loss-nan
2025-02-23 15:04:02 - INFO - epoch-391, train_mse_loss-nan, train_kl_loss-nan, val_mse_loss-nan, val_kl_loss-nan
2025-02-23 15:08:17 - INFO - epoch-392, train_mse_loss-nan, train_kl_loss-nan, val_mse_loss-nan, val_kl_loss-nan
2025-02-23 15:12:31 - INFO - epoch-393, train_mse_loss-nan, train_kl_loss-nan, val_mse_loss-nan, val_kl_loss-nan
2025-02-23 15:16:46 - INFO - epoch-394, train_mse_loss-nan, train_kl_loss-nan, val_mse_loss-nan, val_kl_loss-nan
2025-02-23 15:21:01 - INFO - epoch-395, train_mse_loss-nan, train_kl_loss-nan, val_mse_loss-nan, val_kl_loss-nan
2025-02-23 15:25:16 - INFO - epoch-396, train_mse_loss-nan, train_kl_loss-nan, val_mse_loss-nan, val_kl_loss-nan
2025-02-23 15:29:31 - INFO - epoch-397, train_mse_loss-nan, train_kl_loss-nan, val_mse_loss-nan, val_kl_loss-nan
2025-02-23 15:33:46 - INFO - epoch-398, train_mse_loss-nan, train_kl_loss-nan, val_mse_loss-nan, val_kl_loss-nan
2025-02-23 15:38:04 - INFO - epoch-399, train_mse_loss-nan, train_kl_loss-nan, val_mse_loss-nan, val_kl_loss-nan
2025-02-23 15:42:19 - INFO - epoch-400, train_mse_loss-nan, train_kl_loss-nan, val_mse_loss-nan, val_kl_loss-nan
2025-02-23 15:46:34 - INFO - epoch-401, train_mse_loss-nan, train_kl_loss-nan, val_mse_loss-nan, val_kl_loss-nan
2025-02-23 15:50:49 - INFO - epoch-402, train_mse_loss-nan, train_kl_loss-nan, val_mse_loss-nan, val_kl_loss-nan
2025-02-23 15:55:03 - INFO - epoch-403, train_mse_loss-nan, train_kl_loss-nan, val_mse_loss-nan, val_kl_loss-nan
2025-02-23 15:59:18 - INFO - epoch-404, train_mse_loss-nan, train_kl_loss-nan, val_mse_loss-nan, val_kl_loss-nan
2025-02-23 16:03:33 - INFO - epoch-405, train_mse_loss-nan, train_kl_loss-nan, val_mse_loss-nan, val_kl_loss-nan
2025-02-23 16:07:48 - INFO - epoch-406, train_mse_loss-nan, train_kl_loss-nan, val_mse_loss-nan, val_kl_loss-nan
2025-02-23 16:12:01 - INFO - epoch-407, train_mse_loss-nan, train_kl_loss-nan, val_mse_loss-nan, val_kl_loss-nan
2025-02-23 16:16:16 - INFO - epoch-408, train_mse_loss-nan, train_kl_loss-nan, val_mse_loss-nan, val_kl_loss-nan
2025-02-23 16:20:31 - INFO - epoch-409, train_mse_loss-nan, train_kl_loss-nan, val_mse_loss-nan, val_kl_loss-nan
2025-02-23 16:24:47 - INFO - epoch-410, train_mse_loss-nan, train_kl_loss-nan, val_mse_loss-nan, val_kl_loss-nan
2025-02-23 16:29:01 - INFO - epoch-411, train_mse_loss-nan, train_kl_loss-nan, val_mse_loss-nan, val_kl_loss-nan
2025-02-23 16:33:17 - INFO - epoch-412, train_mse_loss-nan, train_kl_loss-nan, val_mse_loss-nan, val_kl_loss-nan
2025-02-23 16:37:34 - INFO - epoch-413, train_mse_loss-nan, train_kl_loss-nan, val_mse_loss-nan, val_kl_loss-nan
2025-02-23 16:41:49 - INFO - epoch-414, train_mse_loss-nan, train_kl_loss-nan, val_mse_loss-nan, val_kl_loss-nan
2025-02-23 16:46:06 - INFO - epoch-415, train_mse_loss-nan, train_kl_loss-nan, val_mse_loss-nan, val_kl_loss-nan
2025-02-23 16:50:21 - INFO - epoch-416, train_mse_loss-nan, train_kl_loss-nan, val_mse_loss-nan, val_kl_loss-nan
2025-02-23 16:54:37 - INFO - epoch-417, train_mse_loss-nan, train_kl_loss-nan, val_mse_loss-nan, val_kl_loss-nan
2025-02-23 16:58:51 - INFO - epoch-418, train_mse_loss-nan, train_kl_loss-nan, val_mse_loss-nan, val_kl_loss-nan
2025-02-23 17:03:05 - INFO - epoch-419, train_mse_loss-nan, train_kl_loss-nan, val_mse_loss-nan, val_kl_loss-nan
2025-02-23 17:07:20 - INFO - epoch-420, train_mse_loss-nan, train_kl_loss-nan, val_mse_loss-nan, val_kl_loss-nan
2025-02-23 17:11:35 - INFO - epoch-421, train_mse_loss-nan, train_kl_loss-nan, val_mse_loss-nan, val_kl_loss-nan
2025-02-23 17:15:50 - INFO - epoch-422, train_mse_loss-nan, train_kl_loss-nan, val_mse_loss-nan, val_kl_loss-nan
2025-02-23 17:20:05 - INFO - epoch-423, train_mse_loss-nan, train_kl_loss-nan, val_mse_loss-nan, val_kl_loss-nan
2025-02-23 17:24:20 - INFO - epoch-424, train_mse_loss-nan, train_kl_loss-nan, val_mse_loss-nan, val_kl_loss-nan
2025-02-23 17:28:35 - INFO - epoch-425, train_mse_loss-nan, train_kl_loss-nan, val_mse_loss-nan, val_kl_loss-nan
2025-02-23 17:32:50 - INFO - epoch-426, train_mse_loss-nan, train_kl_loss-nan, val_mse_loss-nan, val_kl_loss-nan
2025-02-23 17:37:06 - INFO - epoch-427, train_mse_loss-nan, train_kl_loss-nan, val_mse_loss-nan, val_kl_loss-nan
2025-02-23 17:41:22 - INFO - epoch-428, train_mse_loss-nan, train_kl_loss-nan, val_mse_loss-nan, val_kl_loss-nan
2025-02-23 17:45:38 - INFO - epoch-429, train_mse_loss-nan, train_kl_loss-nan, val_mse_loss-nan, val_kl_loss-nan
2025-02-23 17:49:55 - INFO - epoch-430, train_mse_loss-nan, train_kl_loss-nan, val_mse_loss-nan, val_kl_loss-nan
2025-02-23 17:54:13 - INFO - epoch-431, train_mse_loss-nan, train_kl_loss-nan, val_mse_loss-nan, val_kl_loss-nan
2025-02-23 17:58:28 - INFO - epoch-432, train_mse_loss-nan, train_kl_loss-nan, val_mse_loss-nan, val_kl_loss-nan
2025-02-23 18:02:43 - INFO - epoch-433, train_mse_loss-nan, train_kl_loss-nan, val_mse_loss-nan, val_kl_loss-nan
2025-02-23 18:06:57 - INFO - epoch-434, train_mse_loss-nan, train_kl_loss-nan, val_mse_loss-nan, val_kl_loss-nan
2025-02-23 18:11:11 - INFO - epoch-435, train_mse_loss-nan, train_kl_loss-nan, val_mse_loss-nan, val_kl_loss-nan
2025-02-23 18:15:26 - INFO - epoch-436, train_mse_loss-nan, train_kl_loss-nan, val_mse_loss-nan, val_kl_loss-nan
2025-02-23 18:19:41 - INFO - epoch-437, train_mse_loss-nan, train_kl_loss-nan, val_mse_loss-nan, val_kl_loss-nan
2025-02-23 18:23:57 - INFO - epoch-438, train_mse_loss-nan, train_kl_loss-nan, val_mse_loss-nan, val_kl_loss-nan
2025-02-23 18:28:11 - INFO - epoch-439, train_mse_loss-nan, train_kl_loss-nan, val_mse_loss-nan, val_kl_loss-nan
2025-02-23 18:32:26 - INFO - epoch-440, train_mse_loss-nan, train_kl_loss-nan, val_mse_loss-nan, val_kl_loss-nan
2025-02-23 18:36:41 - INFO - epoch-441, train_mse_loss-nan, train_kl_loss-nan, val_mse_loss-nan, val_kl_loss-nan
2025-02-23 18:40:56 - INFO - epoch-442, train_mse_loss-nan, train_kl_loss-nan, val_mse_loss-nan, val_kl_loss-nan
2025-02-23 18:45:12 - INFO - epoch-443, train_mse_loss-nan, train_kl_loss-nan, val_mse_loss-nan, val_kl_loss-nan
2025-02-23 18:49:27 - INFO - epoch-444, train_mse_loss-nan, train_kl_loss-nan, val_mse_loss-nan, val_kl_loss-nan
2025-02-23 18:53:41 - INFO - epoch-445, train_mse_loss-nan, train_kl_loss-nan, val_mse_loss-nan, val_kl_loss-nan
2025-02-23 18:57:59 - INFO - epoch-446, train_mse_loss-nan, train_kl_loss-nan, val_mse_loss-nan, val_kl_loss-nan
2025-02-23 19:02:25 - INFO - epoch-447, train_mse_loss-nan, train_kl_loss-nan, val_mse_loss-nan, val_kl_loss-nan
2025-02-23 19:06:42 - INFO - epoch-448, train_mse_loss-nan, train_kl_loss-nan, val_mse_loss-nan, val_kl_loss-nan
2025-02-23 19:10:57 - INFO - epoch-449, train_mse_loss-nan, train_kl_loss-nan, val_mse_loss-nan, val_kl_loss-nan
2025-02-23 19:15:13 - INFO - epoch-450, train_mse_loss-nan, train_kl_loss-nan, val_mse_loss-nan, val_kl_loss-nan
2025-02-23 19:19:27 - INFO - epoch-451, train_mse_loss-nan, train_kl_loss-nan, val_mse_loss-nan, val_kl_loss-nan
2025-02-23 19:23:41 - INFO - epoch-452, train_mse_loss-nan, train_kl_loss-nan, val_mse_loss-nan, val_kl_loss-nan
2025-02-23 19:27:55 - INFO - epoch-453, train_mse_loss-nan, train_kl_loss-nan, val_mse_loss-nan, val_kl_loss-nan
2025-02-23 19:32:09 - INFO - epoch-454, train_mse_loss-nan, train_kl_loss-nan, val_mse_loss-nan, val_kl_loss-nan
2025-02-23 19:36:28 - INFO - epoch-455, train_mse_loss-nan, train_kl_loss-nan, val_mse_loss-nan, val_kl_loss-nan
2025-02-23 19:40:41 - INFO - epoch-456, train_mse_loss-nan, train_kl_loss-nan, val_mse_loss-nan, val_kl_loss-nan
2025-02-23 19:44:55 - INFO - epoch-457, train_mse_loss-nan, train_kl_loss-nan, val_mse_loss-nan, val_kl_loss-nan
2025-02-23 19:49:09 - INFO - epoch-458, train_mse_loss-nan, train_kl_loss-nan, val_mse_loss-nan, val_kl_loss-nan
2025-02-23 19:53:24 - INFO - epoch-459, train_mse_loss-nan, train_kl_loss-nan, val_mse_loss-nan, val_kl_loss-nan
2025-02-23 19:57:38 - INFO - epoch-460, train_mse_loss-nan, train_kl_loss-nan, val_mse_loss-nan, val_kl_loss-nan
2025-02-23 20:01:53 - INFO - epoch-461, train_mse_loss-nan, train_kl_loss-nan, val_mse_loss-nan, val_kl_loss-nan
2025-02-23 20:06:08 - INFO - epoch-462, train_mse_loss-nan, train_kl_loss-nan, val_mse_loss-nan, val_kl_loss-nan
2025-02-23 20:10:25 - INFO - epoch-463, train_mse_loss-nan, train_kl_loss-nan, val_mse_loss-nan, val_kl_loss-nan
2025-02-23 20:14:40 - INFO - epoch-464, train_mse_loss-nan, train_kl_loss-nan, val_mse_loss-nan, val_kl_loss-nan
2025-02-23 20:18:54 - INFO - epoch-465, train_mse_loss-nan, train_kl_loss-nan, val_mse_loss-nan, val_kl_loss-nan
2025-02-23 20:23:09 - INFO - epoch-466, train_mse_loss-nan, train_kl_loss-nan, val_mse_loss-nan, val_kl_loss-nan
2025-02-23 20:27:24 - INFO - epoch-467, train_mse_loss-nan, train_kl_loss-nan, val_mse_loss-nan, val_kl_loss-nan
2025-02-23 20:31:39 - INFO - epoch-468, train_mse_loss-nan, train_kl_loss-nan, val_mse_loss-nan, val_kl_loss-nan
2025-02-23 20:35:53 - INFO - epoch-469, train_mse_loss-nan, train_kl_loss-nan, val_mse_loss-nan, val_kl_loss-nan
2025-02-23 20:40:08 - INFO - epoch-470, train_mse_loss-nan, train_kl_loss-nan, val_mse_loss-nan, val_kl_loss-nan
2025-02-23 20:44:21 - INFO - epoch-471, train_mse_loss-nan, train_kl_loss-nan, val_mse_loss-nan, val_kl_loss-nan
2025-02-23 20:48:35 - INFO - epoch-472, train_mse_loss-nan, train_kl_loss-nan, val_mse_loss-nan, val_kl_loss-nan
2025-02-23 20:52:51 - INFO - epoch-473, train_mse_loss-nan, train_kl_loss-nan, val_mse_loss-nan, val_kl_loss-nan
2025-02-23 20:57:06 - INFO - epoch-474, train_mse_loss-nan, train_kl_loss-nan, val_mse_loss-nan, val_kl_loss-nan
2025-02-23 21:01:23 - INFO - epoch-475, train_mse_loss-nan, train_kl_loss-nan, val_mse_loss-nan, val_kl_loss-nan
2025-02-23 21:05:39 - INFO - epoch-476, train_mse_loss-nan, train_kl_loss-nan, val_mse_loss-nan, val_kl_loss-nan
2025-02-23 21:09:52 - INFO - epoch-477, train_mse_loss-nan, train_kl_loss-nan, val_mse_loss-nan, val_kl_loss-nan
2025-02-23 21:14:06 - INFO - epoch-478, train_mse_loss-nan, train_kl_loss-nan, val_mse_loss-nan, val_kl_loss-nan
2025-02-23 21:18:22 - INFO - epoch-479, train_mse_loss-nan, train_kl_loss-nan, val_mse_loss-nan, val_kl_loss-nan
2025-02-23 21:22:36 - INFO - epoch-480, train_mse_loss-nan, train_kl_loss-nan, val_mse_loss-nan, val_kl_loss-nan
2025-02-23 21:26:50 - INFO - epoch-481, train_mse_loss-nan, train_kl_loss-nan, val_mse_loss-nan, val_kl_loss-nan
2025-02-23 21:31:04 - INFO - epoch-482, train_mse_loss-nan, train_kl_loss-nan, val_mse_loss-nan, val_kl_loss-nan
2025-02-23 21:35:18 - INFO - epoch-483, train_mse_loss-nan, train_kl_loss-nan, val_mse_loss-nan, val_kl_loss-nan
2025-02-23 21:39:32 - INFO - epoch-484, train_mse_loss-nan, train_kl_loss-nan, val_mse_loss-nan, val_kl_loss-nan
2025-02-23 21:43:46 - INFO - epoch-485, train_mse_loss-nan, train_kl_loss-nan, val_mse_loss-nan, val_kl_loss-nan
2025-02-23 21:48:00 - INFO - epoch-486, train_mse_loss-nan, train_kl_loss-nan, val_mse_loss-nan, val_kl_loss-nan
2025-02-23 21:52:14 - INFO - epoch-487, train_mse_loss-nan, train_kl_loss-nan, val_mse_loss-nan, val_kl_loss-nan
2025-02-23 21:56:28 - INFO - epoch-488, train_mse_loss-nan, train_kl_loss-nan, val_mse_loss-nan, val_kl_loss-nan
2025-02-23 22:00:42 - INFO - epoch-489, train_mse_loss-nan, train_kl_loss-nan, val_mse_loss-nan, val_kl_loss-nan
2025-02-23 22:04:55 - INFO - epoch-490, train_mse_loss-nan, train_kl_loss-nan, val_mse_loss-nan, val_kl_loss-nan
2025-02-23 22:09:08 - INFO - epoch-491, train_mse_loss-nan, train_kl_loss-nan, val_mse_loss-nan, val_kl_loss-nan
2025-02-23 22:13:21 - INFO - epoch-492, train_mse_loss-nan, train_kl_loss-nan, val_mse_loss-nan, val_kl_loss-nan
2025-02-23 22:17:35 - INFO - epoch-493, train_mse_loss-nan, train_kl_loss-nan, val_mse_loss-nan, val_kl_loss-nan
2025-02-23 22:21:49 - INFO - epoch-494, train_mse_loss-nan, train_kl_loss-nan, val_mse_loss-nan, val_kl_loss-nan
2025-02-23 22:26:05 - INFO - epoch-495, train_mse_loss-nan, train_kl_loss-nan, val_mse_loss-nan, val_kl_loss-nan
2025-02-23 22:30:19 - INFO - epoch-496, train_mse_loss-nan, train_kl_loss-nan, val_mse_loss-nan, val_kl_loss-nan
2025-02-23 22:34:33 - INFO - epoch-497, train_mse_loss-nan, train_kl_loss-nan, val_mse_loss-nan, val_kl_loss-nan
2025-02-23 22:38:47 - INFO - epoch-498, train_mse_loss-nan, train_kl_loss-nan, val_mse_loss-nan, val_kl_loss-nan
2025-02-23 22:43:00 - INFO - epoch-499, train_mse_loss-nan, train_kl_loss-nan, val_mse_loss-nan, val_kl_loss-nan
