2024-12-21 01:17:23 - INFO - /mnt/cephfs/projects/2023110101_Ligand_fitting_to_EM_maps/My_Code/CryoLigate_Github/CryoLigate/GIGN/GIGN_EM/For_Elisei_Nov_2024/CryoLigate_GIGN_Unet/train_example.py
2024-12-21 01:17:23 - INFO - train data: 6809
2024-12-21 01:17:23 - INFO - valid data: 757
2024-12-21 01:17:38 - INFO - Initial_train_loss-0.0028450  Initial_val_loss-0.0028456
2024-12-21 01:18:11 - INFO - epoch-0, train_loss-0.0124322, val_loss-0.0148276
2024-12-21 01:18:44 - INFO - epoch-1, train_loss-0.0008038, val_loss-0.0137097
2024-12-21 01:19:17 - INFO - epoch-2, train_loss-0.0007317, val_loss-0.0136235
2024-12-21 01:19:49 - INFO - epoch-3, train_loss-0.0007036, val_loss-0.0134236
2024-12-21 01:20:22 - INFO - epoch-4, train_loss-0.0006882, val_loss-0.0130895
2024-12-21 01:20:55 - INFO - epoch-5, train_loss-0.0006788, val_loss-0.0128096
2024-12-21 01:21:27 - INFO - epoch-6, train_loss-0.0006726, val_loss-0.0124621
2024-12-21 01:22:00 - INFO - epoch-7, train_loss-0.0006685, val_loss-0.0121119
2024-12-21 01:22:32 - INFO - epoch-8, train_loss-0.0006656, val_loss-0.0117410
2024-12-21 01:23:05 - INFO - epoch-9, train_loss-0.0006632, val_loss-0.0113905
2024-12-21 01:23:37 - INFO - epoch-10, train_loss-0.0006614, val_loss-0.0110378
2024-12-21 01:24:11 - INFO - epoch-11, train_loss-0.0006599, val_loss-0.0107290
2024-12-21 01:24:43 - INFO - epoch-12, train_loss-0.0006586, val_loss-0.0103976
2024-12-21 01:25:16 - INFO - epoch-13, train_loss-0.0006575, val_loss-0.0100776
2024-12-21 01:25:48 - INFO - epoch-14, train_loss-0.0006566, val_loss-0.0097798
2024-12-21 01:26:21 - INFO - epoch-15, train_loss-0.0006558, val_loss-0.0095022
2024-12-21 01:26:53 - INFO - epoch-16, train_loss-0.0006550, val_loss-0.0092528
2024-12-21 01:27:26 - INFO - epoch-17, train_loss-0.0006543, val_loss-0.0089880
2024-12-21 01:27:58 - INFO - epoch-18, train_loss-0.0006536, val_loss-0.0087958
2024-12-21 01:28:31 - INFO - epoch-19, train_loss-0.0006530, val_loss-0.0085682
2024-12-21 01:29:05 - INFO - epoch-20, train_loss-0.0006524, val_loss-0.0083356
2024-12-21 01:29:38 - INFO - epoch-21, train_loss-0.0006519, val_loss-0.0081194
2024-12-21 01:30:12 - INFO - epoch-22, train_loss-0.0006515, val_loss-0.0079201
2024-12-21 01:30:44 - INFO - epoch-23, train_loss-0.0006510, val_loss-0.0077675
2024-12-21 01:31:18 - INFO - epoch-24, train_loss-0.0006506, val_loss-0.0076164
2024-12-21 01:31:51 - INFO - epoch-25, train_loss-0.0006502, val_loss-0.0074690
2024-12-21 01:32:23 - INFO - epoch-26, train_loss-0.0006498, val_loss-0.0073023
2024-12-21 01:32:56 - INFO - epoch-27, train_loss-0.0006496, val_loss-0.0071798
2024-12-21 01:33:28 - INFO - epoch-28, train_loss-0.0006494, val_loss-0.0071220
2024-12-21 01:34:01 - INFO - epoch-29, train_loss-0.0006491, val_loss-0.0070331
2024-12-21 01:34:34 - INFO - epoch-30, train_loss-0.0006490, val_loss-0.0069250
2024-12-21 01:35:06 - INFO - epoch-31, train_loss-0.0006487, val_loss-0.0069263
2024-12-21 01:35:39 - INFO - epoch-32, train_loss-0.0006486, val_loss-0.0068622
2024-12-21 01:36:11 - INFO - epoch-33, train_loss-0.0006484, val_loss-0.0067362
2024-12-21 01:36:44 - INFO - epoch-34, train_loss-0.0006483, val_loss-0.0066443
2024-12-21 01:37:16 - INFO - epoch-35, train_loss-0.0006481, val_loss-0.0065076
2024-12-21 01:37:49 - INFO - epoch-36, train_loss-0.0006480, val_loss-0.0063705
2024-12-21 01:38:21 - INFO - epoch-37, train_loss-0.0006479, val_loss-0.0062361
2024-12-21 01:38:54 - INFO - epoch-38, train_loss-0.0006477, val_loss-0.0061300
2024-12-21 01:39:27 - INFO - epoch-39, train_loss-0.0006475, val_loss-0.0059750
2024-12-21 01:40:00 - INFO - epoch-40, train_loss-0.0006473, val_loss-0.0058459
2024-12-21 01:40:33 - INFO - epoch-41, train_loss-0.0006473, val_loss-0.0055518
2024-12-21 01:41:05 - INFO - epoch-42, train_loss-0.0006469, val_loss-0.0053692
2024-12-21 01:41:38 - INFO - epoch-43, train_loss-0.0006467, val_loss-0.0052169
2024-12-21 01:42:10 - INFO - epoch-44, train_loss-0.0006468, val_loss-0.0050495
2024-12-21 01:42:43 - INFO - epoch-45, train_loss-0.0006466, val_loss-0.0048692
2024-12-21 01:43:17 - INFO - epoch-46, train_loss-0.0006464, val_loss-0.0048688
2024-12-21 01:43:50 - INFO - epoch-47, train_loss-0.0006461, val_loss-0.0047659
2024-12-21 01:44:23 - INFO - epoch-48, train_loss-0.0006458, val_loss-0.0045911
2024-12-21 01:44:55 - INFO - epoch-49, train_loss-0.0006456, val_loss-0.0044608
2024-12-21 01:45:28 - INFO - epoch-50, train_loss-0.0006455, val_loss-0.0043955
2024-12-21 01:46:00 - INFO - epoch-51, train_loss-0.0006452, val_loss-0.0042415
2024-12-21 01:46:33 - INFO - epoch-52, train_loss-0.0006447, val_loss-0.0041833
2024-12-21 01:47:05 - INFO - epoch-53, train_loss-0.0006447, val_loss-0.0041061
2024-12-21 01:47:38 - INFO - epoch-54, train_loss-0.0006444, val_loss-0.0040121
2024-12-21 01:48:11 - INFO - epoch-55, train_loss-0.0006445, val_loss-0.0039020
2024-12-21 01:48:44 - INFO - epoch-56, train_loss-0.0006440, val_loss-0.0038483
2024-12-21 01:49:17 - INFO - epoch-57, train_loss-0.0006435, val_loss-0.0036714
2024-12-21 01:49:49 - INFO - epoch-58, train_loss-0.0006432, val_loss-0.0034942
2024-12-21 01:50:22 - INFO - epoch-59, train_loss-0.0006430, val_loss-0.0033234
2024-12-21 01:50:54 - INFO - epoch-60, train_loss-0.0006427, val_loss-0.0032315
2024-12-21 01:51:27 - INFO - epoch-61, train_loss-0.0006424, val_loss-0.0031129
2024-12-21 01:51:59 - INFO - epoch-62, train_loss-0.0006420, val_loss-0.0029769
2024-12-21 01:52:32 - INFO - epoch-63, train_loss-0.0006420, val_loss-0.0028469
2024-12-21 01:53:04 - INFO - epoch-64, train_loss-0.0006419, val_loss-0.0027772
2024-12-21 01:53:37 - INFO - epoch-65, train_loss-0.0006412, val_loss-0.0026162
2024-12-21 01:54:09 - INFO - epoch-66, train_loss-0.0006412, val_loss-0.0023553
2024-12-21 01:54:42 - INFO - epoch-67, train_loss-0.0006409, val_loss-0.0023438
2024-12-21 01:55:14 - INFO - epoch-68, train_loss-0.0006408, val_loss-0.0022964
2024-12-21 01:55:47 - INFO - epoch-69, train_loss-0.0006403, val_loss-0.0021331
2024-12-21 01:56:19 - INFO - epoch-70, train_loss-0.0006394, val_loss-0.0019893
2024-12-21 01:56:52 - INFO - epoch-71, train_loss-0.0006390, val_loss-0.0019417
2024-12-21 01:57:25 - INFO - epoch-72, train_loss-0.0006395, val_loss-0.0018471
2024-12-21 01:57:57 - INFO - epoch-73, train_loss-0.0006392, val_loss-0.0017891
2024-12-21 01:58:30 - INFO - epoch-74, train_loss-0.0006384, val_loss-0.0016812
2024-12-21 01:59:02 - INFO - epoch-75, train_loss-0.0006379, val_loss-0.0015906
2024-12-21 01:59:35 - INFO - epoch-76, train_loss-0.0006373, val_loss-0.0015070
2024-12-21 02:00:07 - INFO - epoch-77, train_loss-0.0006378, val_loss-0.0015090
2024-12-21 02:00:40 - INFO - epoch-78, train_loss-0.0006380, val_loss-0.0015953
2024-12-21 02:02:38 - INFO - epoch-79, train_loss-0.0006392, val_loss-0.0014172
2024-12-21 02:04:31 - INFO - epoch-80, train_loss-0.0006374, val_loss-0.0013808
2024-12-21 02:05:04 - INFO - epoch-81, train_loss-0.0006370, val_loss-0.0012773
2024-12-21 02:05:36 - INFO - epoch-82, train_loss-0.0006370, val_loss-0.0012144
2024-12-21 02:06:09 - INFO - epoch-83, train_loss-0.0006377, val_loss-0.0013413
2024-12-21 02:06:41 - INFO - epoch-84, train_loss-0.0006369, val_loss-0.0011219
2024-12-21 02:07:14 - INFO - epoch-85, train_loss-0.0006375, val_loss-0.0009960
2024-12-21 02:07:46 - INFO - epoch-86, train_loss-0.0006378, val_loss-0.0010683
2024-12-21 02:08:18 - INFO - epoch-87, train_loss-0.0006365, val_loss-0.0010990
2024-12-21 02:08:52 - INFO - epoch-88, train_loss-0.0006362, val_loss-0.0009515
2024-12-21 02:09:24 - INFO - epoch-89, train_loss-0.0006361, val_loss-0.0009413
2024-12-21 02:09:57 - INFO - epoch-90, train_loss-0.0006365, val_loss-0.0008962
2024-12-21 02:10:29 - INFO - epoch-91, train_loss-0.0006366, val_loss-0.0008714
2024-12-21 02:11:02 - INFO - epoch-92, train_loss-0.0006370, val_loss-0.0008093
2024-12-21 02:11:34 - INFO - epoch-93, train_loss-0.0006352, val_loss-0.0007721
2024-12-21 02:12:07 - INFO - epoch-94, train_loss-0.0006373, val_loss-0.0007492
2024-12-21 02:12:39 - INFO - epoch-95, train_loss-0.0006341, val_loss-0.0007544
2024-12-21 02:13:11 - INFO - epoch-96, train_loss-0.0006341, val_loss-0.0007751
2024-12-21 02:13:44 - INFO - epoch-97, train_loss-0.0006341, val_loss-0.0007093
2024-12-21 02:14:16 - INFO - epoch-98, train_loss-0.0006374, val_loss-0.0007185
2024-12-21 02:14:49 - INFO - epoch-99, train_loss-0.0006301, val_loss-0.0007176
2024-12-21 02:15:22 - INFO - epoch-100, train_loss-0.0006335, val_loss-0.0007107
2024-12-21 02:15:55 - INFO - epoch-101, train_loss-0.0006313, val_loss-0.0007058
2024-12-21 02:16:27 - INFO - epoch-102, train_loss-0.0006317, val_loss-0.0007227
2024-12-21 02:17:01 - INFO - epoch-103, train_loss-0.0006293, val_loss-0.0007481
2024-12-21 02:17:34 - INFO - epoch-104, train_loss-0.0006342, val_loss-0.0007497
2024-12-21 02:18:07 - INFO - epoch-105, train_loss-0.0006339, val_loss-0.0007440
2024-12-21 02:18:39 - INFO - epoch-106, train_loss-0.0006365, val_loss-0.0008180
2024-12-21 02:19:12 - INFO - epoch-107, train_loss-0.0006489, val_loss-0.0017958
2024-12-21 02:19:44 - INFO - epoch-108, train_loss-0.0006279, val_loss-0.0017576
2024-12-21 02:20:17 - INFO - epoch-109, train_loss-0.0006266, val_loss-0.0015898
2024-12-21 02:20:50 - INFO - epoch-110, train_loss-0.0006261, val_loss-0.0014746
2024-12-21 02:21:23 - INFO - epoch-111, train_loss-0.0006247, val_loss-0.0017945
2024-12-21 02:21:55 - INFO - epoch-112, train_loss-0.0006204, val_loss-0.0015533
2024-12-21 02:22:27 - INFO - epoch-113, train_loss-0.0006156, val_loss-0.0013724
2024-12-21 02:23:00 - INFO - epoch-114, train_loss-0.0006123, val_loss-0.0013512
2024-12-21 02:23:32 - INFO - epoch-115, train_loss-0.0006102, val_loss-0.0014032
2024-12-21 02:24:06 - INFO - epoch-116, train_loss-0.0006132, val_loss-0.0012879
2024-12-21 02:24:38 - INFO - epoch-117, train_loss-0.0006122, val_loss-0.0012809
2024-12-21 02:25:10 - INFO - epoch-118, train_loss-0.0006196, val_loss-0.0012106
2024-12-21 02:25:43 - INFO - epoch-119, train_loss-0.0006158, val_loss-0.0011612
2024-12-21 02:26:16 - INFO - epoch-120, train_loss-0.0006394, val_loss-0.0011225
2024-12-21 02:26:48 - INFO - epoch-121, train_loss-0.0006136, val_loss-0.0009995
2024-12-21 02:27:20 - INFO - epoch-122, train_loss-0.0006111, val_loss-0.0009756
2024-12-21 02:27:53 - INFO - epoch-123, train_loss-0.0006284, val_loss-0.0008515
2024-12-21 02:28:25 - INFO - epoch-124, train_loss-0.0006265, val_loss-0.0008034
2024-12-21 02:28:57 - INFO - epoch-125, train_loss-0.0006197, val_loss-0.0007070
2024-12-21 02:29:30 - INFO - epoch-126, train_loss-0.0006111, val_loss-0.0007197
2024-12-21 02:30:02 - INFO - epoch-127, train_loss-0.0006114, val_loss-0.0007198
2024-12-21 02:30:34 - INFO - epoch-128, train_loss-0.0006101, val_loss-0.0007155
2024-12-21 02:31:07 - INFO - epoch-129, train_loss-0.0006099, val_loss-0.0007055
2024-12-21 02:31:39 - INFO - epoch-130, train_loss-0.0006069, val_loss-0.0006991
2024-12-21 02:32:12 - INFO - epoch-131, train_loss-0.0006054, val_loss-0.0006950
2024-12-21 02:32:44 - INFO - epoch-132, train_loss-0.0005999, val_loss-0.0006825
2024-12-21 02:33:16 - INFO - epoch-133, train_loss-0.0005954, val_loss-0.0006804
2024-12-21 02:33:49 - INFO - epoch-134, train_loss-0.0005922, val_loss-0.0006810
2024-12-21 02:34:22 - INFO - epoch-135, train_loss-0.0005871, val_loss-0.0006795
2024-12-21 02:34:55 - INFO - epoch-136, train_loss-0.0005859, val_loss-0.0006816
2024-12-21 02:35:27 - INFO - epoch-137, train_loss-0.0005864, val_loss-0.0006824
2024-12-21 02:35:59 - INFO - epoch-138, train_loss-0.0005833, val_loss-0.0006848
2024-12-21 02:36:32 - INFO - epoch-139, train_loss-0.0005798, val_loss-0.0006870
2024-12-21 02:37:04 - INFO - epoch-140, train_loss-0.0005756, val_loss-0.0006936
2024-12-21 02:37:36 - INFO - epoch-141, train_loss-0.0005734, val_loss-0.0007069
2024-12-21 02:38:09 - INFO - epoch-142, train_loss-0.0005713, val_loss-0.0007116
2024-12-21 02:38:41 - INFO - epoch-143, train_loss-0.0005707, val_loss-0.0007143
2024-12-21 02:39:13 - INFO - epoch-144, train_loss-0.0005693, val_loss-0.0007107
2024-12-21 02:39:46 - INFO - epoch-145, train_loss-0.0005690, val_loss-0.0007175
2024-12-21 02:40:18 - INFO - epoch-146, train_loss-0.0005669, val_loss-0.0007438
2024-12-21 02:40:52 - INFO - epoch-147, train_loss-0.0005654, val_loss-0.0007039
2024-12-21 02:41:24 - INFO - epoch-148, train_loss-0.0005639, val_loss-0.0007242
2024-12-21 02:41:56 - INFO - epoch-149, train_loss-0.0005624, val_loss-0.0007192
2024-12-21 02:42:29 - INFO - epoch-150, train_loss-0.0005598, val_loss-0.0007181
2024-12-21 02:43:01 - INFO - epoch-151, train_loss-0.0005586, val_loss-0.0007140
2024-12-21 02:43:33 - INFO - epoch-152, train_loss-0.0005564, val_loss-0.0007213
2024-12-21 02:44:06 - INFO - epoch-153, train_loss-0.0005551, val_loss-0.0007239
2024-12-21 02:44:39 - INFO - epoch-154, train_loss-0.0005539, val_loss-0.0008875
2024-12-21 02:45:11 - INFO - epoch-155, train_loss-0.0005517, val_loss-0.0007489
2024-12-21 02:45:44 - INFO - epoch-156, train_loss-0.0005500, val_loss-0.0016954
2024-12-21 02:46:16 - INFO - epoch-157, train_loss-0.0005481, val_loss-0.0008338
2024-12-21 02:46:49 - INFO - epoch-158, train_loss-0.0005467, val_loss-0.0007705
2024-12-21 02:47:22 - INFO - epoch-159, train_loss-0.0006055, val_loss-0.0007683
2024-12-21 02:47:54 - INFO - epoch-160, train_loss-0.0005570, val_loss-0.0007765
2024-12-21 02:48:26 - INFO - epoch-161, train_loss-0.0005527, val_loss-0.0007684
2024-12-21 02:49:00 - INFO - epoch-162, train_loss-0.0005512, val_loss-0.0007399
2024-12-21 02:49:32 - INFO - epoch-163, train_loss-0.0005458, val_loss-0.0007265
2024-12-21 02:50:05 - INFO - epoch-164, train_loss-0.0005464, val_loss-0.0007009
2024-12-21 02:50:37 - INFO - epoch-165, train_loss-0.0005446, val_loss-0.0006978
2024-12-21 02:51:09 - INFO - epoch-166, train_loss-0.0005434, val_loss-0.0007002
2024-12-21 02:51:42 - INFO - epoch-167, train_loss-0.0005408, val_loss-0.0006959
2024-12-21 02:52:14 - INFO - epoch-168, train_loss-0.0005386, val_loss-0.0006869
2024-12-21 02:52:46 - INFO - epoch-169, train_loss-0.0005365, val_loss-0.0006830
2024-12-21 02:53:19 - INFO - epoch-170, train_loss-0.0005345, val_loss-0.0006797
2024-12-21 02:53:51 - INFO - epoch-171, train_loss-0.0005345, val_loss-0.0006781
2024-12-21 02:54:23 - INFO - epoch-172, train_loss-0.0005330, val_loss-0.0007007
2024-12-21 02:55:01 - INFO - epoch-173, train_loss-0.0005342, val_loss-0.0006721
2024-12-21 02:58:28 - INFO - epoch-174, train_loss-0.0005344, val_loss-0.0006727
2024-12-21 02:59:00 - INFO - epoch-175, train_loss-0.0005321, val_loss-0.0006756
2024-12-21 02:59:32 - INFO - epoch-176, train_loss-0.0005316, val_loss-0.0006787
2024-12-21 03:00:05 - INFO - epoch-177, train_loss-0.0005283, val_loss-0.0006799
2024-12-21 03:00:37 - INFO - epoch-178, train_loss-0.0005252, val_loss-0.0006856
2024-12-21 03:01:09 - INFO - epoch-179, train_loss-0.0005236, val_loss-0.0006918
2024-12-21 03:01:41 - INFO - epoch-180, train_loss-0.0005208, val_loss-0.0006925
2024-12-21 03:02:15 - INFO - epoch-181, train_loss-0.0005162, val_loss-0.0007121
2024-12-21 03:02:47 - INFO - epoch-182, train_loss-0.0005151, val_loss-0.0007132
2024-12-21 03:03:19 - INFO - epoch-183, train_loss-0.0005139, val_loss-0.0007076
2024-12-21 03:03:52 - INFO - epoch-184, train_loss-0.0005132, val_loss-0.0007172
2024-12-21 03:04:24 - INFO - epoch-185, train_loss-0.0005130, val_loss-0.0007028
2024-12-21 03:04:57 - INFO - epoch-186, train_loss-0.0005106, val_loss-0.0007055
2024-12-21 03:05:31 - INFO - epoch-187, train_loss-0.0005104, val_loss-0.0006885
2024-12-21 03:06:03 - INFO - epoch-188, train_loss-0.0005101, val_loss-0.0006789
2024-12-21 03:06:35 - INFO - epoch-189, train_loss-0.0005084, val_loss-0.0006729
2024-12-21 03:07:08 - INFO - epoch-190, train_loss-0.0005052, val_loss-0.0006746
2024-12-21 03:07:40 - INFO - epoch-191, train_loss-0.0005053, val_loss-0.0006763
2024-12-21 03:08:13 - INFO - epoch-192, train_loss-0.0005030, val_loss-0.0006756
2024-12-21 03:08:45 - INFO - epoch-193, train_loss-0.0005006, val_loss-0.0006808
2024-12-21 03:09:17 - INFO - epoch-194, train_loss-0.0005007, val_loss-0.0006849
2024-12-21 03:09:50 - INFO - epoch-195, train_loss-0.0004979, val_loss-0.0006864
2024-12-21 03:10:23 - INFO - epoch-196, train_loss-0.0004980, val_loss-0.0006766
2024-12-21 03:10:55 - INFO - epoch-197, train_loss-0.0004968, val_loss-0.0006797
2024-12-21 03:11:28 - INFO - epoch-198, train_loss-0.0004963, val_loss-0.0006755
2024-12-21 03:12:00 - INFO - epoch-199, train_loss-0.0004928, val_loss-0.0006726
2024-12-21 03:12:32 - INFO - epoch-200, train_loss-0.0004896, val_loss-0.0006742
2024-12-21 03:13:05 - INFO - epoch-201, train_loss-0.0004872, val_loss-0.0006745
2024-12-21 03:13:37 - INFO - epoch-202, train_loss-0.0004860, val_loss-0.0006795
2024-12-21 03:14:09 - INFO - epoch-203, train_loss-0.0004842, val_loss-0.0006815
2024-12-21 03:14:42 - INFO - epoch-204, train_loss-0.0004818, val_loss-0.0006806
2024-12-21 03:15:14 - INFO - epoch-205, train_loss-0.0004793, val_loss-0.0006817
2024-12-21 03:15:46 - INFO - epoch-206, train_loss-0.0004775, val_loss-0.0006827
2024-12-21 03:16:19 - INFO - epoch-207, train_loss-0.0004776, val_loss-0.0006856
2024-12-21 03:16:51 - INFO - epoch-208, train_loss-0.0004760, val_loss-0.0006841
2024-12-21 03:17:23 - INFO - epoch-209, train_loss-0.0004775, val_loss-0.0006804
2024-12-21 03:17:55 - INFO - epoch-210, train_loss-0.0004761, val_loss-0.0006817
2024-12-21 03:18:28 - INFO - epoch-211, train_loss-0.0004759, val_loss-0.0006813
2024-12-21 03:19:00 - INFO - epoch-212, train_loss-0.0004737, val_loss-0.0006835
2024-12-21 03:19:32 - INFO - epoch-213, train_loss-0.0004708, val_loss-0.0006816
2024-12-21 03:20:04 - INFO - epoch-214, train_loss-0.0004681, val_loss-0.0006844
2024-12-21 03:20:37 - INFO - epoch-215, train_loss-0.0004671, val_loss-0.0006842
2024-12-21 03:21:09 - INFO - epoch-216, train_loss-0.0004681, val_loss-0.0006803
2024-12-21 03:21:41 - INFO - epoch-217, train_loss-0.0004657, val_loss-0.0006837
2024-12-21 03:22:14 - INFO - epoch-218, train_loss-0.0004636, val_loss-0.0006800
2024-12-21 03:22:46 - INFO - epoch-219, train_loss-0.0004636, val_loss-0.0006832
2024-12-21 03:23:18 - INFO - epoch-220, train_loss-0.0004649, val_loss-0.0006800
2024-12-21 03:23:50 - INFO - epoch-221, train_loss-0.0004634, val_loss-0.0006827
2024-12-21 03:24:22 - INFO - epoch-222, train_loss-0.0004621, val_loss-0.0006857
2024-12-21 03:24:56 - INFO - epoch-223, train_loss-0.0004586, val_loss-0.0006820
2024-12-21 03:25:28 - INFO - epoch-224, train_loss-0.0004562, val_loss-0.0006752
2024-12-21 03:26:00 - INFO - epoch-225, train_loss-0.0004550, val_loss-0.0006798
2024-12-21 03:26:33 - INFO - epoch-226, train_loss-0.0004535, val_loss-0.0006831
2024-12-21 03:27:05 - INFO - epoch-227, train_loss-0.0004529, val_loss-0.0006881
2024-12-21 03:27:38 - INFO - epoch-228, train_loss-0.0004528, val_loss-0.0006885
2024-12-21 03:28:11 - INFO - epoch-229, train_loss-0.0004524, val_loss-0.0006914
2024-12-21 03:28:43 - INFO - epoch-230, train_loss-0.0004527, val_loss-0.0006886
2024-12-21 03:29:15 - INFO - epoch-231, train_loss-0.0004518, val_loss-0.0006924
2024-12-21 03:29:47 - INFO - epoch-232, train_loss-0.0004487, val_loss-0.0006952
2024-12-21 03:30:20 - INFO - epoch-233, train_loss-0.0004485, val_loss-0.0006902
2024-12-21 03:30:52 - INFO - epoch-234, train_loss-0.0004496, val_loss-0.0006849
2024-12-21 03:31:24 - INFO - epoch-235, train_loss-0.0004475, val_loss-0.0006829
2024-12-21 03:31:56 - INFO - epoch-236, train_loss-0.0004471, val_loss-0.0006792
2024-12-21 03:32:30 - INFO - epoch-237, train_loss-0.0004435, val_loss-0.0006850
2024-12-21 03:33:02 - INFO - epoch-238, train_loss-0.0004451, val_loss-0.0006816
2024-12-21 03:33:34 - INFO - epoch-239, train_loss-0.0004479, val_loss-0.0006835
2024-12-21 03:34:07 - INFO - epoch-240, train_loss-0.0004490, val_loss-0.0006890
2024-12-21 03:34:39 - INFO - epoch-241, train_loss-0.0004466, val_loss-0.0006866
2024-12-21 03:35:11 - INFO - epoch-242, train_loss-0.0004432, val_loss-0.0006976
2024-12-21 03:35:43 - INFO - epoch-243, train_loss-0.0004414, val_loss-0.0006871
2024-12-21 03:36:17 - INFO - epoch-244, train_loss-0.0004399, val_loss-0.0006841
2024-12-21 03:36:49 - INFO - epoch-245, train_loss-0.0004409, val_loss-0.0006883
2024-12-21 03:37:22 - INFO - epoch-246, train_loss-0.0004376, val_loss-0.0006937
2024-12-21 03:37:56 - INFO - epoch-247, train_loss-0.0004354, val_loss-0.0006928
2024-12-21 03:38:28 - INFO - epoch-248, train_loss-0.0004344, val_loss-0.0006911
2024-12-21 03:39:00 - INFO - epoch-249, train_loss-0.0004353, val_loss-0.0006848
2024-12-21 03:39:32 - INFO - epoch-250, train_loss-0.0004359, val_loss-0.0007133
2024-12-21 03:40:04 - INFO - epoch-251, train_loss-0.0004372, val_loss-0.0006877
2024-12-21 03:40:37 - INFO - epoch-252, train_loss-0.0004370, val_loss-0.0006985
2024-12-21 03:41:09 - INFO - epoch-253, train_loss-0.0004370, val_loss-0.0006996
2024-12-21 03:41:41 - INFO - epoch-254, train_loss-0.0004365, val_loss-0.0006820
2024-12-21 03:42:13 - INFO - epoch-255, train_loss-0.0004348, val_loss-0.0006791
2024-12-21 03:42:46 - INFO - epoch-256, train_loss-0.0004319, val_loss-0.0006815
2024-12-21 03:43:19 - INFO - epoch-257, train_loss-0.0004298, val_loss-0.0006904
2024-12-21 03:43:51 - INFO - epoch-258, train_loss-0.0004294, val_loss-0.0006888
2024-12-21 03:44:24 - INFO - epoch-259, train_loss-0.0004305, val_loss-0.0006862
2024-12-21 03:44:56 - INFO - epoch-260, train_loss-0.0004300, val_loss-0.0006819
2024-12-21 03:45:28 - INFO - epoch-261, train_loss-0.0004276, val_loss-0.0006769
2024-12-21 03:46:00 - INFO - epoch-262, train_loss-0.0004386, val_loss-0.0006885
2024-12-21 03:46:33 - INFO - epoch-263, train_loss-0.0004178, val_loss-0.0007322
2024-12-21 03:47:05 - INFO - epoch-264, train_loss-0.0004159, val_loss-0.0006903
2024-12-21 03:47:38 - INFO - epoch-265, train_loss-0.0004194, val_loss-0.0006776
2024-12-21 03:48:10 - INFO - epoch-266, train_loss-0.0004233, val_loss-0.0006772
2024-12-21 03:48:42 - INFO - epoch-267, train_loss-0.0004304, val_loss-0.0006762
2024-12-21 03:51:11 - INFO - epoch-268, train_loss-0.0004367, val_loss-0.0006764
2024-12-21 03:51:59 - INFO - epoch-269, train_loss-0.0004392, val_loss-0.0006766
2024-12-21 03:52:31 - INFO - epoch-270, train_loss-0.0004332, val_loss-0.0006867
2024-12-21 03:53:03 - INFO - epoch-271, train_loss-0.0004263, val_loss-0.0006806
2024-12-21 03:53:35 - INFO - epoch-272, train_loss-0.0004233, val_loss-0.0006976
2024-12-21 03:54:08 - INFO - epoch-273, train_loss-0.0004221, val_loss-0.0006848
2024-12-21 03:54:40 - INFO - epoch-274, train_loss-0.0004207, val_loss-0.0006816
2024-12-21 03:55:12 - INFO - epoch-275, train_loss-0.0004186, val_loss-0.0007766
2024-12-21 03:55:44 - INFO - epoch-276, train_loss-0.0004172, val_loss-0.0007304
2024-12-21 03:56:17 - INFO - epoch-277, train_loss-0.0004198, val_loss-0.0006893
2024-12-21 03:56:49 - INFO - epoch-278, train_loss-0.0004219, val_loss-0.0006803
2024-12-21 03:57:21 - INFO - epoch-279, train_loss-0.0004223, val_loss-0.0006834
2024-12-21 03:57:53 - INFO - epoch-280, train_loss-0.0004218, val_loss-0.0006813
2024-12-21 03:58:26 - INFO - epoch-281, train_loss-0.0004229, val_loss-0.0006913
2024-12-21 03:58:58 - INFO - epoch-282, train_loss-0.0004183, val_loss-0.0006793
2024-12-21 03:59:30 - INFO - epoch-283, train_loss-0.0004182, val_loss-0.0006866
2024-12-21 04:00:02 - INFO - epoch-284, train_loss-0.0004180, val_loss-0.0006823
2024-12-21 04:00:34 - INFO - epoch-285, train_loss-0.0004177, val_loss-0.0006782
2024-12-21 04:01:07 - INFO - epoch-286, train_loss-0.0004172, val_loss-0.0006884
2024-12-21 04:01:39 - INFO - epoch-287, train_loss-0.0004154, val_loss-0.0006808
2024-12-21 04:02:11 - INFO - epoch-288, train_loss-0.0004163, val_loss-0.0006774
2024-12-21 04:02:43 - INFO - epoch-289, train_loss-0.0004171, val_loss-0.0006784
2024-12-21 04:03:17 - INFO - epoch-290, train_loss-0.0004164, val_loss-0.0006768
2024-12-21 04:03:50 - INFO - epoch-291, train_loss-0.0004157, val_loss-0.0006837
2024-12-21 04:04:22 - INFO - epoch-292, train_loss-0.0004162, val_loss-0.0006789
2024-12-21 04:04:54 - INFO - epoch-293, train_loss-0.0004162, val_loss-0.0006795
2024-12-21 04:05:26 - INFO - epoch-294, train_loss-0.0004118, val_loss-0.0006876
2024-12-21 04:05:58 - INFO - epoch-295, train_loss-0.0004098, val_loss-0.0006785
2024-12-21 04:06:31 - INFO - epoch-296, train_loss-0.0004108, val_loss-0.0006811
2024-12-21 04:07:03 - INFO - epoch-297, train_loss-0.0004107, val_loss-0.0006784
2024-12-21 04:07:36 - INFO - epoch-298, train_loss-0.0004128, val_loss-0.0006778
2024-12-21 04:08:09 - INFO - epoch-299, train_loss-0.0004147, val_loss-0.0006766
