2024-12-17 12:46:39 - INFO - /mnt/cephfs/projects/2023110101_Ligand_fitting_to_EM_maps/My_Code/CryoLigate_Github/CryoLigate/GIGN/GIGN_EM/For_Elisei_Nov_2024/CryoLigate_GIGN_Unet/train_example.py
2024-12-17 12:46:39 - INFO - train data: 6806
2024-12-17 12:46:39 - INFO - valid data: 757
2024-12-17 12:50:27 - INFO - Initial_loss-0.4837
2024-12-17 12:51:05 - INFO - epoch-0, train_loss-0.4802
2024-12-17 12:51:41 - INFO - epoch-1, train_loss-0.4741
2024-12-17 12:52:18 - INFO - epoch-2, train_loss-0.4738
2024-12-17 12:52:54 - INFO - epoch-3, train_loss-0.4736
2024-12-17 12:53:30 - INFO - epoch-4, train_loss-0.4739
2024-12-17 12:54:07 - INFO - epoch-5, train_loss-0.4734
2024-12-17 12:54:43 - INFO - epoch-6, train_loss-0.4734
2024-12-17 12:55:19 - INFO - epoch-7, train_loss-0.4732
2024-12-17 12:55:56 - INFO - epoch-8, train_loss-0.4733
2024-12-17 12:56:32 - INFO - epoch-9, train_loss-0.4729
2024-12-17 12:57:08 - INFO - epoch-10, train_loss-0.4734
2024-12-17 12:57:45 - INFO - epoch-11, train_loss-0.4732
2024-12-17 12:58:21 - INFO - epoch-12, train_loss-0.4733
2024-12-17 12:58:58 - INFO - epoch-13, train_loss-0.4731
2024-12-17 12:59:34 - INFO - epoch-14, train_loss-0.4728
2024-12-17 13:00:10 - INFO - epoch-15, train_loss-0.4724
2024-12-17 13:00:47 - INFO - epoch-16, train_loss-0.4730
2024-12-17 13:01:23 - INFO - epoch-17, train_loss-0.4726
2024-12-17 13:01:59 - INFO - epoch-18, train_loss-0.4727
2024-12-17 13:02:36 - INFO - epoch-19, train_loss-0.4728
2024-12-17 13:03:12 - INFO - epoch-20, train_loss-0.4730
2024-12-17 13:03:49 - INFO - epoch-21, train_loss-0.4726
2024-12-17 13:04:25 - INFO - epoch-22, train_loss-0.4731
2024-12-17 13:05:01 - INFO - epoch-23, train_loss-0.4726
2024-12-17 13:05:38 - INFO - epoch-24, train_loss-0.4727
2024-12-17 13:06:14 - INFO - epoch-25, train_loss-0.4725
2024-12-17 13:06:51 - INFO - epoch-26, train_loss-0.4726
2024-12-17 13:07:27 - INFO - epoch-27, train_loss-0.4720
2024-12-17 13:08:04 - INFO - epoch-28, train_loss-0.4728
2024-12-17 13:08:40 - INFO - epoch-29, train_loss-0.4729
2024-12-17 13:09:16 - INFO - epoch-30, train_loss-0.4728
2024-12-17 13:09:53 - INFO - epoch-31, train_loss-0.4728
2024-12-17 13:10:29 - INFO - epoch-32, train_loss-0.4728
2024-12-17 13:11:06 - INFO - epoch-33, train_loss-0.4723
2024-12-17 13:11:42 - INFO - epoch-34, train_loss-0.4722
2024-12-17 13:12:18 - INFO - epoch-35, train_loss-0.4728
2024-12-17 13:12:55 - INFO - epoch-36, train_loss-0.4727
2024-12-17 13:13:31 - INFO - epoch-37, train_loss-0.4726
2024-12-17 13:14:07 - INFO - epoch-38, train_loss-0.4721
2024-12-17 13:14:44 - INFO - epoch-39, train_loss-0.4722
2024-12-17 13:15:20 - INFO - epoch-40, train_loss-0.4728
2024-12-17 13:15:56 - INFO - epoch-41, train_loss-0.4723
2024-12-17 13:16:33 - INFO - epoch-42, train_loss-0.4722
2024-12-17 13:17:09 - INFO - epoch-43, train_loss-0.4725
2024-12-17 13:17:45 - INFO - epoch-44, train_loss-0.4721
2024-12-17 13:18:22 - INFO - epoch-45, train_loss-0.4722
2024-12-17 13:19:14 - INFO - epoch-46, train_loss-0.4725
2024-12-17 13:21:02 - INFO - epoch-47, train_loss-0.4722
2024-12-17 13:22:08 - INFO - epoch-48, train_loss-0.4720
2024-12-17 13:22:44 - INFO - epoch-49, train_loss-0.4720
2024-12-17 13:23:20 - INFO - epoch-50, train_loss-0.4722
2024-12-17 13:23:57 - INFO - epoch-51, train_loss-0.4710
2024-12-17 13:24:33 - INFO - epoch-52, train_loss-0.4717
2024-12-17 13:25:09 - INFO - epoch-53, train_loss-0.4720
2024-12-17 13:25:46 - INFO - epoch-54, train_loss-0.4719
2024-12-17 13:26:22 - INFO - epoch-55, train_loss-0.4713
2024-12-17 13:26:58 - INFO - epoch-56, train_loss-0.4709
2024-12-17 13:27:35 - INFO - epoch-57, train_loss-0.4713
2024-12-17 13:28:11 - INFO - epoch-58, train_loss-0.4715
2024-12-17 13:28:48 - INFO - epoch-59, train_loss-0.4716
2024-12-17 13:29:24 - INFO - epoch-60, train_loss-0.4711
2024-12-17 13:30:00 - INFO - epoch-61, train_loss-0.4720
2024-12-17 13:30:37 - INFO - epoch-62, train_loss-0.4720
2024-12-17 13:31:13 - INFO - epoch-63, train_loss-0.4711
2024-12-17 13:31:49 - INFO - epoch-64, train_loss-0.4714
2024-12-17 13:32:25 - INFO - epoch-65, train_loss-0.4726
2024-12-17 13:33:02 - INFO - epoch-66, train_loss-0.4721
2024-12-17 13:33:38 - INFO - epoch-67, train_loss-0.4716
2024-12-17 13:34:14 - INFO - epoch-68, train_loss-0.4712
2024-12-17 13:34:51 - INFO - epoch-69, train_loss-0.4713
2024-12-17 13:35:27 - INFO - epoch-70, train_loss-0.4710
2024-12-17 13:36:03 - INFO - epoch-71, train_loss-0.4717
2024-12-17 13:36:39 - INFO - epoch-72, train_loss-0.4713
2024-12-17 13:37:16 - INFO - epoch-73, train_loss-0.4703
2024-12-17 13:37:52 - INFO - epoch-74, train_loss-0.4711
2024-12-17 13:38:29 - INFO - epoch-75, train_loss-0.4718
2024-12-17 13:39:11 - INFO - epoch-76, train_loss-0.4713
2024-12-17 13:42:45 - INFO - epoch-77, train_loss-0.4703
2024-12-17 13:43:22 - INFO - epoch-78, train_loss-0.4735
2024-12-17 13:43:58 - INFO - epoch-79, train_loss-0.4720
2024-12-17 13:44:34 - INFO - epoch-80, train_loss-0.4714
2024-12-17 13:45:10 - INFO - epoch-81, train_loss-0.4709
2024-12-17 13:45:47 - INFO - epoch-82, train_loss-0.4699
2024-12-17 13:46:23 - INFO - epoch-83, train_loss-0.4717
2024-12-17 13:46:59 - INFO - epoch-84, train_loss-0.4712
2024-12-17 13:47:35 - INFO - epoch-85, train_loss-0.4703
2024-12-17 13:48:12 - INFO - epoch-86, train_loss-0.4700
2024-12-17 13:48:48 - INFO - epoch-87, train_loss-0.4688
2024-12-17 13:49:24 - INFO - epoch-88, train_loss-0.4707
2024-12-17 13:50:01 - INFO - epoch-89, train_loss-0.4702
2024-12-17 13:50:37 - INFO - epoch-90, train_loss-0.4708
2024-12-17 13:51:13 - INFO - epoch-91, train_loss-0.4680
2024-12-17 13:51:49 - INFO - epoch-92, train_loss-0.4675
2024-12-17 13:52:26 - INFO - epoch-93, train_loss-0.4680
2024-12-17 13:53:02 - INFO - epoch-94, train_loss-0.4690
2024-12-17 13:53:38 - INFO - epoch-95, train_loss-0.4674
2024-12-17 13:54:15 - INFO - epoch-96, train_loss-0.4670
2024-12-17 13:54:51 - INFO - epoch-97, train_loss-0.4663
2024-12-17 13:55:27 - INFO - epoch-98, train_loss-0.4667
2024-12-17 13:56:04 - INFO - epoch-99, train_loss-0.4664
2024-12-17 13:56:40 - INFO - epoch-100, train_loss-0.4659
2024-12-17 13:57:16 - INFO - epoch-101, train_loss-0.4658
2024-12-17 13:57:52 - INFO - epoch-102, train_loss-0.4647
2024-12-17 13:58:29 - INFO - epoch-103, train_loss-0.4660
2024-12-17 13:59:05 - INFO - epoch-104, train_loss-0.4651
2024-12-17 13:59:41 - INFO - epoch-105, train_loss-0.4648
2024-12-17 14:00:17 - INFO - epoch-106, train_loss-0.4639
2024-12-17 14:00:54 - INFO - epoch-107, train_loss-0.4637
2024-12-17 14:01:30 - INFO - epoch-108, train_loss-0.4667
2024-12-17 14:02:06 - INFO - epoch-109, train_loss-0.4676
2024-12-17 14:02:43 - INFO - epoch-110, train_loss-0.4652
2024-12-17 14:03:19 - INFO - epoch-111, train_loss-0.4647
2024-12-17 14:03:55 - INFO - epoch-112, train_loss-0.4649
2024-12-17 14:04:31 - INFO - epoch-113, train_loss-0.4656
2024-12-17 14:05:08 - INFO - epoch-114, train_loss-0.4659
2024-12-17 14:05:44 - INFO - epoch-115, train_loss-0.4679
2024-12-17 14:06:20 - INFO - epoch-116, train_loss-0.4654
2024-12-17 14:06:56 - INFO - epoch-117, train_loss-0.4655
2024-12-17 14:07:33 - INFO - epoch-118, train_loss-0.4646
2024-12-17 14:08:09 - INFO - epoch-119, train_loss-0.4641
2024-12-17 14:08:45 - INFO - epoch-120, train_loss-0.4634
2024-12-17 14:09:22 - INFO - epoch-121, train_loss-0.4631
2024-12-17 14:09:58 - INFO - epoch-122, train_loss-0.4632
2024-12-17 14:10:35 - INFO - epoch-123, train_loss-0.4633
2024-12-17 14:11:26 - INFO - epoch-124, train_loss-0.4645
2024-12-17 14:12:37 - INFO - epoch-125, train_loss-0.4632
2024-12-17 14:13:39 - INFO - epoch-126, train_loss-0.4627
2024-12-17 14:14:15 - INFO - epoch-127, train_loss-0.4625
2024-12-17 14:14:51 - INFO - epoch-128, train_loss-0.4640
2024-12-17 14:15:27 - INFO - epoch-129, train_loss-0.4634
2024-12-17 14:16:03 - INFO - epoch-130, train_loss-0.4621
2024-12-17 14:16:40 - INFO - epoch-131, train_loss-0.4627
2024-12-17 14:17:16 - INFO - epoch-132, train_loss-0.4645
2024-12-17 14:17:52 - INFO - epoch-133, train_loss-0.4639
2024-12-17 14:18:29 - INFO - epoch-134, train_loss-0.4612
2024-12-17 14:19:05 - INFO - epoch-135, train_loss-0.4614
2024-12-17 14:19:41 - INFO - epoch-136, train_loss-0.4614
2024-12-17 14:20:17 - INFO - epoch-137, train_loss-0.4618
2024-12-17 14:20:54 - INFO - epoch-138, train_loss-0.4608
2024-12-17 14:21:30 - INFO - epoch-139, train_loss-0.4631
2024-12-17 14:22:06 - INFO - epoch-140, train_loss-0.4606
2024-12-17 14:22:43 - INFO - epoch-141, train_loss-0.4599
2024-12-17 14:23:19 - INFO - epoch-142, train_loss-0.4603
2024-12-17 14:23:56 - INFO - epoch-143, train_loss-0.4606
2024-12-17 14:24:32 - INFO - epoch-144, train_loss-0.4599
2024-12-17 14:25:08 - INFO - epoch-145, train_loss-0.4587
2024-12-17 14:25:45 - INFO - epoch-146, train_loss-0.4597
2024-12-17 14:26:21 - INFO - epoch-147, train_loss-0.4601
2024-12-17 14:26:57 - INFO - epoch-148, train_loss-0.4590
2024-12-17 14:27:34 - INFO - epoch-149, train_loss-0.4591
2024-12-17 14:28:10 - INFO - epoch-150, train_loss-0.4593
2024-12-17 14:28:46 - INFO - epoch-151, train_loss-0.4580
2024-12-17 14:29:22 - INFO - epoch-152, train_loss-0.4583
2024-12-17 14:29:59 - INFO - epoch-153, train_loss-0.4573
2024-12-17 14:30:35 - INFO - epoch-154, train_loss-0.4585
2024-12-17 14:31:11 - INFO - epoch-155, train_loss-0.4571
2024-12-17 14:31:47 - INFO - epoch-156, train_loss-0.4575
2024-12-17 14:32:24 - INFO - epoch-157, train_loss-0.4573
2024-12-17 14:33:00 - INFO - epoch-158, train_loss-0.4562
2024-12-17 14:33:37 - INFO - epoch-159, train_loss-0.4579
2024-12-17 14:34:13 - INFO - epoch-160, train_loss-0.4575
2024-12-17 14:34:49 - INFO - epoch-161, train_loss-0.4585
2024-12-17 14:35:26 - INFO - epoch-162, train_loss-0.4568
2024-12-17 14:36:02 - INFO - epoch-163, train_loss-0.4561
2024-12-17 14:36:38 - INFO - epoch-164, train_loss-0.4562
2024-12-17 14:37:14 - INFO - epoch-165, train_loss-0.4572
2024-12-17 14:37:51 - INFO - epoch-166, train_loss-0.4569
2024-12-17 14:38:27 - INFO - epoch-167, train_loss-0.4551
2024-12-17 14:39:03 - INFO - epoch-168, train_loss-0.4555
2024-12-17 14:39:40 - INFO - epoch-169, train_loss-0.4559
2024-12-17 14:40:16 - INFO - epoch-170, train_loss-0.4551
2024-12-17 14:40:52 - INFO - epoch-171, train_loss-0.4548
2024-12-17 14:41:29 - INFO - epoch-172, train_loss-0.4549
2024-12-17 14:42:05 - INFO - epoch-173, train_loss-0.4551
2024-12-17 14:42:41 - INFO - epoch-174, train_loss-0.4545
2024-12-17 14:43:17 - INFO - epoch-175, train_loss-0.4531
2024-12-17 14:43:53 - INFO - epoch-176, train_loss-0.4528
2024-12-17 14:44:30 - INFO - epoch-177, train_loss-0.4528
2024-12-17 14:45:06 - INFO - epoch-178, train_loss-0.4530
2024-12-17 14:45:42 - INFO - epoch-179, train_loss-0.4538
2024-12-17 14:46:18 - INFO - epoch-180, train_loss-0.4537
2024-12-17 14:46:54 - INFO - epoch-181, train_loss-0.4529
2024-12-17 14:47:31 - INFO - epoch-182, train_loss-0.4524
2024-12-17 14:48:07 - INFO - epoch-183, train_loss-0.4529
2024-12-17 14:48:43 - INFO - epoch-184, train_loss-0.4506
2024-12-17 14:49:19 - INFO - epoch-185, train_loss-0.4513
2024-12-17 14:49:55 - INFO - epoch-186, train_loss-0.4512
2024-12-17 14:50:32 - INFO - epoch-187, train_loss-0.4514
2024-12-17 14:51:08 - INFO - epoch-188, train_loss-0.4506
2024-12-17 14:51:44 - INFO - epoch-189, train_loss-0.4504
2024-12-17 14:52:20 - INFO - epoch-190, train_loss-0.4491
2024-12-17 14:52:56 - INFO - epoch-191, train_loss-0.4488
2024-12-17 14:53:33 - INFO - epoch-192, train_loss-0.4501
2024-12-17 14:54:09 - INFO - epoch-193, train_loss-0.4491
2024-12-17 14:54:45 - INFO - epoch-194, train_loss-0.4501
2024-12-17 14:55:22 - INFO - epoch-195, train_loss-0.4555
2024-12-17 14:55:58 - INFO - epoch-196, train_loss-0.4503
2024-12-17 14:56:34 - INFO - epoch-197, train_loss-0.4495
2024-12-17 14:57:10 - INFO - epoch-198, train_loss-0.4479
2024-12-17 15:01:55 - INFO - epoch-199, train_loss-0.4454
