2024-12-17 14:31:15 - INFO - /mnt/cephfs/projects/2023110101_Ligand_fitting_to_EM_maps/My_Code/CryoLigate_Github/CryoLigate/GIGN/GIGN_EM/For_Elisei_Nov_2024/CryoLigate_GIGN_Unet/train_example.py
2024-12-17 14:31:15 - INFO - train data: 6806
2024-12-17 14:31:15 - INFO - valid data: 757
2024-12-17 14:37:08 - INFO - Initial_loss-0.4840
2024-12-17 14:37:32 - INFO - epoch-0, train_loss-0.5435
2024-12-17 14:37:54 - INFO - epoch-1, train_loss-0.4736
2024-12-17 14:38:16 - INFO - epoch-2, train_loss-0.4733
2024-12-17 14:38:39 - INFO - epoch-3, train_loss-0.4729
2024-12-17 14:39:01 - INFO - epoch-4, train_loss-0.4735
2024-12-17 14:39:23 - INFO - epoch-5, train_loss-0.4728
2024-12-17 14:39:46 - INFO - epoch-6, train_loss-0.4735
2024-12-17 14:40:08 - INFO - epoch-7, train_loss-0.4731
2024-12-17 14:40:30 - INFO - epoch-8, train_loss-0.4731
2024-12-17 14:40:53 - INFO - epoch-9, train_loss-0.4732
2024-12-17 14:41:15 - INFO - epoch-10, train_loss-0.4733
2024-12-17 14:41:37 - INFO - epoch-11, train_loss-0.4730
2024-12-17 14:41:59 - INFO - epoch-12, train_loss-0.4727
2024-12-17 14:42:22 - INFO - epoch-13, train_loss-0.4731
2024-12-17 14:42:44 - INFO - epoch-14, train_loss-0.4730
2024-12-17 14:43:06 - INFO - epoch-15, train_loss-0.4726
2024-12-17 14:43:28 - INFO - epoch-16, train_loss-0.4729
2024-12-17 14:43:51 - INFO - epoch-17, train_loss-0.4732
2024-12-17 14:44:13 - INFO - epoch-18, train_loss-0.4727
2024-12-17 14:44:35 - INFO - epoch-19, train_loss-0.4722
2024-12-17 14:44:57 - INFO - epoch-20, train_loss-0.4728
2024-12-17 14:45:20 - INFO - epoch-21, train_loss-0.4719
2024-12-17 14:45:42 - INFO - epoch-22, train_loss-0.4729
2024-12-17 14:46:04 - INFO - epoch-23, train_loss-0.4729
2024-12-17 14:46:27 - INFO - epoch-24, train_loss-0.4723
2024-12-17 14:46:49 - INFO - epoch-25, train_loss-0.4716
2024-12-17 14:47:11 - INFO - epoch-26, train_loss-0.4721
2024-12-17 14:47:33 - INFO - epoch-27, train_loss-0.4722
2024-12-17 14:47:56 - INFO - epoch-28, train_loss-0.4721
2024-12-17 14:48:18 - INFO - epoch-29, train_loss-0.4726
2024-12-17 14:48:40 - INFO - epoch-30, train_loss-0.4725
2024-12-17 14:49:03 - INFO - epoch-31, train_loss-0.4722
2024-12-17 14:49:25 - INFO - epoch-32, train_loss-0.4721
2024-12-17 14:49:47 - INFO - epoch-33, train_loss-0.4722
2024-12-17 14:50:09 - INFO - epoch-34, train_loss-0.4724
2024-12-17 14:50:32 - INFO - epoch-35, train_loss-0.4724
2024-12-17 14:50:54 - INFO - epoch-36, train_loss-0.4717
2024-12-17 14:51:16 - INFO - epoch-37, train_loss-0.4720
2024-12-17 14:51:39 - INFO - epoch-38, train_loss-0.4722
2024-12-17 14:52:01 - INFO - epoch-39, train_loss-0.4719
2024-12-17 14:52:23 - INFO - epoch-40, train_loss-0.4725
2024-12-17 14:52:45 - INFO - epoch-41, train_loss-0.4720
2024-12-17 14:53:08 - INFO - epoch-42, train_loss-0.4721
2024-12-17 14:53:30 - INFO - epoch-43, train_loss-0.4722
2024-12-17 14:53:52 - INFO - epoch-44, train_loss-0.4720
2024-12-17 14:54:14 - INFO - epoch-45, train_loss-0.4723
2024-12-17 14:54:37 - INFO - epoch-46, train_loss-0.4720
2024-12-17 14:54:59 - INFO - epoch-47, train_loss-0.4718
2024-12-17 14:55:21 - INFO - epoch-48, train_loss-0.4717
2024-12-17 14:55:43 - INFO - epoch-49, train_loss-0.4715
2024-12-17 14:56:06 - INFO - epoch-50, train_loss-0.4714
2024-12-17 14:56:28 - INFO - epoch-51, train_loss-0.4713
2024-12-17 14:56:50 - INFO - epoch-52, train_loss-0.4712
2024-12-17 14:57:12 - INFO - epoch-53, train_loss-0.4715
2024-12-17 14:57:34 - INFO - epoch-54, train_loss-0.4716
2024-12-17 14:57:57 - INFO - epoch-55, train_loss-0.4717
2024-12-17 14:58:19 - INFO - epoch-56, train_loss-0.4717
2024-12-17 14:58:41 - INFO - epoch-57, train_loss-0.4713
2024-12-17 14:59:04 - INFO - epoch-58, train_loss-0.4714
2024-12-17 14:59:26 - INFO - epoch-59, train_loss-0.4711
2024-12-17 14:59:48 - INFO - epoch-60, train_loss-0.4714
2024-12-17 15:00:10 - INFO - epoch-61, train_loss-0.4712
2024-12-17 15:00:33 - INFO - epoch-62, train_loss-0.4709
2024-12-17 15:00:55 - INFO - epoch-63, train_loss-0.4711
2024-12-17 15:01:17 - INFO - epoch-64, train_loss-0.4712
2024-12-17 15:01:39 - INFO - epoch-65, train_loss-0.4712
2024-12-17 15:02:02 - INFO - epoch-66, train_loss-0.4711
2024-12-17 15:02:24 - INFO - epoch-67, train_loss-0.4707
2024-12-17 15:02:47 - INFO - epoch-68, train_loss-0.4701
2024-12-17 15:03:09 - INFO - epoch-69, train_loss-0.4706
2024-12-17 15:03:31 - INFO - epoch-70, train_loss-0.4714
2024-12-17 15:03:53 - INFO - epoch-71, train_loss-0.4714
2024-12-17 15:04:16 - INFO - epoch-72, train_loss-0.4713
2024-12-17 15:04:38 - INFO - epoch-73, train_loss-0.4710
2024-12-17 15:05:00 - INFO - epoch-74, train_loss-0.4709
2024-12-17 15:05:22 - INFO - epoch-75, train_loss-0.4708
2024-12-17 15:05:45 - INFO - epoch-76, train_loss-0.4713
2024-12-17 15:06:07 - INFO - epoch-77, train_loss-0.4704
2024-12-17 15:06:29 - INFO - epoch-78, train_loss-0.4701
2024-12-17 15:06:52 - INFO - epoch-79, train_loss-0.4701
2024-12-17 15:07:14 - INFO - epoch-80, train_loss-0.4695
2024-12-17 15:07:36 - INFO - epoch-81, train_loss-0.4709
2024-12-17 15:07:58 - INFO - epoch-82, train_loss-0.4700
2024-12-17 15:08:21 - INFO - epoch-83, train_loss-0.4696
2024-12-17 15:08:43 - INFO - epoch-84, train_loss-0.4699
2024-12-17 15:09:05 - INFO - epoch-85, train_loss-0.4713
2024-12-17 15:09:27 - INFO - epoch-86, train_loss-0.4702
2024-12-17 15:09:50 - INFO - epoch-87, train_loss-0.4704
2024-12-17 15:10:12 - INFO - epoch-88, train_loss-0.4685
2024-12-17 15:10:34 - INFO - epoch-89, train_loss-0.4697
2024-12-17 15:10:57 - INFO - epoch-90, train_loss-0.4694
2024-12-17 15:11:19 - INFO - epoch-91, train_loss-0.4690
2024-12-17 15:11:41 - INFO - epoch-92, train_loss-0.4692
2024-12-17 15:12:03 - INFO - epoch-93, train_loss-0.4684
2024-12-17 15:12:26 - INFO - epoch-94, train_loss-0.4683
2024-12-17 15:12:48 - INFO - epoch-95, train_loss-0.4692
2024-12-17 15:13:10 - INFO - epoch-96, train_loss-0.4662
2024-12-17 15:13:32 - INFO - epoch-97, train_loss-0.4658
2024-12-17 15:13:55 - INFO - epoch-98, train_loss-0.4666
2024-12-17 15:14:17 - INFO - epoch-99, train_loss-0.4647
2024-12-17 15:14:39 - INFO - epoch-100, train_loss-0.4646
2024-12-17 15:15:01 - INFO - epoch-101, train_loss-0.4649
2024-12-17 15:15:24 - INFO - epoch-102, train_loss-0.4666
2024-12-17 15:15:46 - INFO - epoch-103, train_loss-0.4653
2024-12-17 15:16:09 - INFO - epoch-104, train_loss-0.4658
2024-12-17 15:16:31 - INFO - epoch-105, train_loss-0.4663
2024-12-17 15:16:53 - INFO - epoch-106, train_loss-0.4656
2024-12-17 15:17:15 - INFO - epoch-107, train_loss-0.4642
2024-12-17 15:17:38 - INFO - epoch-108, train_loss-0.4644
2024-12-17 15:18:00 - INFO - epoch-109, train_loss-0.4638
2024-12-17 15:18:22 - INFO - epoch-110, train_loss-0.4626
2024-12-17 15:18:44 - INFO - epoch-111, train_loss-0.4639
2024-12-17 15:19:07 - INFO - epoch-112, train_loss-0.4622
2024-12-17 15:19:29 - INFO - epoch-113, train_loss-0.4656
2024-12-17 15:19:51 - INFO - epoch-114, train_loss-0.4677
2024-12-17 15:20:13 - INFO - epoch-115, train_loss-0.4642
2024-12-17 15:20:36 - INFO - epoch-116, train_loss-0.4619
2024-12-17 15:20:58 - INFO - epoch-117, train_loss-0.4611
2024-12-17 15:24:14 - INFO - epoch-118, train_loss-0.4605
2024-12-17 15:26:27 - INFO - epoch-119, train_loss-0.4604
2024-12-17 15:26:49 - INFO - epoch-120, train_loss-0.4625
2024-12-17 15:27:12 - INFO - epoch-121, train_loss-0.4602
2024-12-17 15:27:34 - INFO - epoch-122, train_loss-0.4585
2024-12-17 15:27:56 - INFO - epoch-123, train_loss-0.4579
2024-12-17 15:28:18 - INFO - epoch-124, train_loss-0.4571
2024-12-17 15:28:40 - INFO - epoch-125, train_loss-0.4570
2024-12-17 15:29:02 - INFO - epoch-126, train_loss-0.4577
2024-12-17 15:29:25 - INFO - epoch-127, train_loss-0.4606
2024-12-17 15:29:47 - INFO - epoch-128, train_loss-0.4583
2024-12-17 15:30:09 - INFO - epoch-129, train_loss-0.4575
2024-12-17 15:30:31 - INFO - epoch-130, train_loss-0.4570
2024-12-17 15:30:53 - INFO - epoch-131, train_loss-0.4561
2024-12-17 15:31:15 - INFO - epoch-132, train_loss-0.4564
2024-12-17 15:31:38 - INFO - epoch-133, train_loss-0.4561
2024-12-17 15:32:00 - INFO - epoch-134, train_loss-0.4543
2024-12-17 15:32:22 - INFO - epoch-135, train_loss-0.4553
2024-12-17 15:32:44 - INFO - epoch-136, train_loss-0.4552
2024-12-17 15:33:07 - INFO - epoch-137, train_loss-0.4544
2024-12-17 15:33:29 - INFO - epoch-138, train_loss-0.4534
2024-12-17 15:33:51 - INFO - epoch-139, train_loss-0.4534
2024-12-17 15:34:14 - INFO - epoch-140, train_loss-0.4527
2024-12-17 15:34:36 - INFO - epoch-141, train_loss-0.4525
2024-12-17 15:34:58 - INFO - epoch-142, train_loss-0.4503
2024-12-17 15:35:20 - INFO - epoch-143, train_loss-0.4512
2024-12-17 15:35:43 - INFO - epoch-144, train_loss-0.4517
2024-12-17 15:36:05 - INFO - epoch-145, train_loss-0.4513
2024-12-17 15:36:27 - INFO - epoch-146, train_loss-0.4492
2024-12-17 15:36:50 - INFO - epoch-147, train_loss-0.4489
2024-12-17 15:37:12 - INFO - epoch-148, train_loss-0.4478
2024-12-17 15:37:34 - INFO - epoch-149, train_loss-0.4514
2024-12-17 15:37:57 - INFO - epoch-150, train_loss-0.4571
2024-12-17 15:38:19 - INFO - epoch-151, train_loss-0.4524
2024-12-17 15:38:41 - INFO - epoch-152, train_loss-0.4482
2024-12-17 15:39:04 - INFO - epoch-153, train_loss-0.4466
2024-12-17 15:39:26 - INFO - epoch-154, train_loss-0.4447
2024-12-17 15:39:48 - INFO - epoch-155, train_loss-0.4443
2024-12-17 15:40:11 - INFO - epoch-156, train_loss-0.4440
2024-12-17 15:40:33 - INFO - epoch-157, train_loss-0.4434
2024-12-17 15:40:55 - INFO - epoch-158, train_loss-0.4425
2024-12-17 15:41:18 - INFO - epoch-159, train_loss-0.4419
2024-12-17 15:41:40 - INFO - epoch-160, train_loss-0.4408
2024-12-17 15:42:02 - INFO - epoch-161, train_loss-0.4401
2024-12-17 15:42:25 - INFO - epoch-162, train_loss-0.4445
2024-12-17 15:42:47 - INFO - epoch-163, train_loss-0.4436
2024-12-17 15:43:10 - INFO - epoch-164, train_loss-0.4453
2024-12-17 15:43:32 - INFO - epoch-165, train_loss-0.4409
2024-12-17 15:43:54 - INFO - epoch-166, train_loss-0.4397
2024-12-17 15:44:17 - INFO - epoch-167, train_loss-0.4390
2024-12-17 15:44:39 - INFO - epoch-168, train_loss-0.4402
2024-12-17 15:45:01 - INFO - epoch-169, train_loss-0.4377
2024-12-17 15:45:23 - INFO - epoch-170, train_loss-0.4389
2024-12-17 15:45:46 - INFO - epoch-171, train_loss-0.4363
2024-12-17 15:46:08 - INFO - epoch-172, train_loss-0.4343
2024-12-17 15:46:30 - INFO - epoch-173, train_loss-0.4346
2024-12-17 15:46:53 - INFO - epoch-174, train_loss-0.4342
2024-12-17 15:47:15 - INFO - epoch-175, train_loss-0.4323
2024-12-17 15:47:37 - INFO - epoch-176, train_loss-0.4340
2024-12-17 15:47:59 - INFO - epoch-177, train_loss-0.4329
2024-12-17 15:48:21 - INFO - epoch-178, train_loss-0.4360
2024-12-17 15:48:44 - INFO - epoch-179, train_loss-0.4334
2024-12-17 15:49:06 - INFO - epoch-180, train_loss-0.4293
2024-12-17 15:49:28 - INFO - epoch-181, train_loss-0.4298
2024-12-17 15:49:50 - INFO - epoch-182, train_loss-0.4297
2024-12-17 15:50:12 - INFO - epoch-183, train_loss-0.4286
2024-12-17 15:50:34 - INFO - epoch-184, train_loss-0.4269
2024-12-17 15:50:57 - INFO - epoch-185, train_loss-0.4249
2024-12-17 15:51:19 - INFO - epoch-186, train_loss-0.4238
2024-12-17 15:51:41 - INFO - epoch-187, train_loss-0.4255
2024-12-17 15:52:03 - INFO - epoch-188, train_loss-0.4243
2024-12-17 15:52:25 - INFO - epoch-189, train_loss-0.4249
2024-12-17 15:52:47 - INFO - epoch-190, train_loss-0.4237
2024-12-17 15:53:09 - INFO - epoch-191, train_loss-0.4225
2024-12-17 15:53:32 - INFO - epoch-192, train_loss-0.4208
2024-12-17 15:53:54 - INFO - epoch-193, train_loss-0.4216
2024-12-17 15:54:16 - INFO - epoch-194, train_loss-0.4216
2024-12-17 15:54:39 - INFO - epoch-195, train_loss-0.4205
2024-12-17 15:55:01 - INFO - epoch-196, train_loss-0.4208
2024-12-17 15:55:23 - INFO - epoch-197, train_loss-0.4204
2024-12-17 15:55:46 - INFO - epoch-198, train_loss-0.4194
2024-12-17 15:56:08 - INFO - epoch-199, train_loss-0.4193
