2024-12-22 07:47:34 - INFO - /mnt/cephfs/projects/2023110101_Ligand_fitting_to_EM_maps/My_Code/CryoLigate_Github/CryoLigate/GIGN/GIGN_EM/For_Elisei_Nov_2024/CryoLigate_GIGN_Unet/train_example.py
2024-12-22 07:47:34 - INFO - train data: 6810
2024-12-22 07:47:34 - INFO - valid data: 756
2024-12-22 07:47:59 - INFO - Initial_train_loss-0.0104164  Initial_val_loss-0.0104073
2024-12-22 07:49:05 - INFO - epoch-0, train_loss-0.0079346, val_loss-0.0771801
2024-12-22 07:50:10 - INFO - epoch-1, train_loss-0.0007617, val_loss-0.0740183
2024-12-22 07:51:16 - INFO - epoch-2, train_loss-0.0007212, val_loss-0.0691539
2024-12-22 07:52:21 - INFO - epoch-3, train_loss-0.0007016, val_loss-0.0669309
2024-12-22 07:53:27 - INFO - epoch-4, train_loss-0.0006918, val_loss-0.0653021
2024-12-22 07:54:34 - INFO - epoch-5, train_loss-0.0006858, val_loss-0.0634576
2024-12-22 07:55:39 - INFO - epoch-6, train_loss-0.0006809, val_loss-0.0603704
2024-12-22 07:56:46 - INFO - epoch-7, train_loss-0.0006774, val_loss-0.0584064
2024-12-22 07:57:52 - INFO - epoch-8, train_loss-0.0006747, val_loss-0.0563469
2024-12-22 07:58:57 - INFO - epoch-9, train_loss-0.0006715, val_loss-0.0550041
2024-12-22 08:00:03 - INFO - epoch-10, train_loss-0.0006700, val_loss-0.0533282
2024-12-22 08:01:09 - INFO - epoch-11, train_loss-0.0006674, val_loss-0.0521550
2024-12-22 08:02:14 - INFO - epoch-12, train_loss-0.0006665, val_loss-0.0517362
2024-12-22 08:03:20 - INFO - epoch-13, train_loss-0.0006642, val_loss-0.0509372
2024-12-22 08:04:25 - INFO - epoch-14, train_loss-0.0006630, val_loss-0.0519288
2024-12-22 08:05:31 - INFO - epoch-15, train_loss-0.0006614, val_loss-0.0488134
2024-12-22 08:06:37 - INFO - epoch-16, train_loss-0.0006605, val_loss-0.0485669
2024-12-22 08:07:42 - INFO - epoch-17, train_loss-0.0006588, val_loss-0.0480327
2024-12-22 08:08:48 - INFO - epoch-18, train_loss-0.0006574, val_loss-0.0470943
2024-12-22 08:09:53 - INFO - epoch-19, train_loss-0.0006569, val_loss-0.0465113
2024-12-22 08:10:59 - INFO - epoch-20, train_loss-0.0006560, val_loss-0.0454033
2024-12-22 08:12:05 - INFO - epoch-21, train_loss-0.0006556, val_loss-0.0464602
2024-12-22 08:13:10 - INFO - epoch-22, train_loss-0.0006552, val_loss-0.0443305
2024-12-22 08:14:17 - INFO - epoch-23, train_loss-0.0006543, val_loss-0.0433900
2024-12-22 08:15:23 - INFO - epoch-24, train_loss-0.0006539, val_loss-0.0424193
2024-12-22 08:16:28 - INFO - epoch-25, train_loss-0.0006532, val_loss-0.0418014
2024-12-22 08:17:34 - INFO - epoch-26, train_loss-0.0006528, val_loss-0.0415140
2024-12-22 08:18:39 - INFO - epoch-27, train_loss-0.0006524, val_loss-0.0407273
2024-12-22 08:19:45 - INFO - epoch-28, train_loss-0.0006520, val_loss-0.0400330
2024-12-22 08:20:50 - INFO - epoch-29, train_loss-0.0006518, val_loss-0.0390046
2024-12-22 08:21:57 - INFO - epoch-30, train_loss-0.0006513, val_loss-0.0384091
2024-12-22 08:23:03 - INFO - epoch-31, train_loss-0.0006509, val_loss-0.0407955
2024-12-22 08:24:08 - INFO - epoch-32, train_loss-0.0006507, val_loss-0.0392394
2024-12-22 08:25:15 - INFO - epoch-33, train_loss-0.0006506, val_loss-0.0368251
2024-12-22 08:26:20 - INFO - epoch-34, train_loss-0.0006509, val_loss-0.0344487
2024-12-22 08:27:26 - INFO - epoch-35, train_loss-0.0006510, val_loss-0.0336055
2024-12-22 08:28:31 - INFO - epoch-36, train_loss-0.0006505, val_loss-0.0327870
2024-12-22 08:29:37 - INFO - epoch-37, train_loss-0.0006498, val_loss-0.0309542
2024-12-22 08:30:42 - INFO - epoch-38, train_loss-0.0006496, val_loss-0.0317662
2024-12-22 08:31:48 - INFO - epoch-39, train_loss-0.0006493, val_loss-0.0312413
2024-12-22 08:32:53 - INFO - epoch-40, train_loss-0.0006496, val_loss-0.0301899
2024-12-22 08:33:59 - INFO - epoch-41, train_loss-0.0006493, val_loss-0.0282718
2024-12-22 08:35:04 - INFO - epoch-42, train_loss-0.0006489, val_loss-0.0284533
2024-12-22 08:36:10 - INFO - epoch-43, train_loss-0.0006483, val_loss-0.0276797
2024-12-22 08:37:15 - INFO - epoch-44, train_loss-0.0006484, val_loss-0.0267690
2024-12-22 08:38:21 - INFO - epoch-45, train_loss-0.0006478, val_loss-0.0265613
2024-12-22 08:39:27 - INFO - epoch-46, train_loss-0.0006479, val_loss-0.0251494
2024-12-22 08:42:01 - INFO - epoch-47, train_loss-0.0006474, val_loss-0.0238098
2024-12-22 08:45:17 - INFO - epoch-48, train_loss-0.0006472, val_loss-0.0230915
2024-12-22 08:46:22 - INFO - epoch-49, train_loss-0.0006469, val_loss-0.0207543
2024-12-22 08:47:28 - INFO - epoch-50, train_loss-0.0006465, val_loss-0.0197478
2024-12-22 08:48:33 - INFO - epoch-51, train_loss-0.0006470, val_loss-0.0193986
2024-12-22 08:49:39 - INFO - epoch-52, train_loss-0.0006463, val_loss-0.0168999
2024-12-22 08:50:45 - INFO - epoch-53, train_loss-0.0006461, val_loss-0.0165945
2024-12-22 08:51:50 - INFO - epoch-54, train_loss-0.0006460, val_loss-0.0168214
2024-12-22 08:52:56 - INFO - epoch-55, train_loss-0.0006454, val_loss-0.0152720
2024-12-22 08:54:01 - INFO - epoch-56, train_loss-0.0006455, val_loss-0.0154317
2024-12-22 08:55:06 - INFO - epoch-57, train_loss-0.0006456, val_loss-0.0125734
2024-12-22 08:56:11 - INFO - epoch-58, train_loss-0.0006455, val_loss-0.0129193
2024-12-22 08:57:17 - INFO - epoch-59, train_loss-0.0006449, val_loss-0.0122990
2024-12-22 08:58:22 - INFO - epoch-60, train_loss-0.0006446, val_loss-0.0104738
2024-12-22 08:59:27 - INFO - epoch-61, train_loss-0.0006444, val_loss-0.0107872
2024-12-22 09:00:32 - INFO - epoch-62, train_loss-0.0006442, val_loss-0.0103823
2024-12-22 09:01:37 - INFO - epoch-63, train_loss-0.0006443, val_loss-0.0088744
2024-12-22 09:02:43 - INFO - epoch-64, train_loss-0.0006440, val_loss-0.0078716
2024-12-22 09:03:48 - INFO - epoch-65, train_loss-0.0006438, val_loss-0.0079637
2024-12-22 09:04:53 - INFO - epoch-66, train_loss-0.0006439, val_loss-0.0071425
2024-12-22 09:05:58 - INFO - epoch-67, train_loss-0.0006436, val_loss-0.0062295
2024-12-22 09:07:03 - INFO - epoch-68, train_loss-0.0006433, val_loss-0.0050457
2024-12-22 09:08:08 - INFO - epoch-69, train_loss-0.0006433, val_loss-0.0044195
2024-12-22 09:09:15 - INFO - epoch-70, train_loss-0.0006430, val_loss-0.0045945
2024-12-22 09:10:21 - INFO - epoch-71, train_loss-0.0006427, val_loss-0.0051390
2024-12-22 09:11:26 - INFO - epoch-72, train_loss-0.0006427, val_loss-0.0042551
2024-12-22 09:12:31 - INFO - epoch-73, train_loss-0.0006428, val_loss-0.0039265
2024-12-22 09:13:36 - INFO - epoch-74, train_loss-0.0006425, val_loss-0.0033123
2024-12-22 09:14:41 - INFO - epoch-75, train_loss-0.0006422, val_loss-0.0030197
2024-12-22 09:15:46 - INFO - epoch-76, train_loss-0.0006423, val_loss-0.0027542
2024-12-22 09:16:51 - INFO - epoch-77, train_loss-0.0006422, val_loss-0.0026244
2024-12-22 09:17:56 - INFO - epoch-78, train_loss-0.0006423, val_loss-0.0025960
2024-12-22 09:19:01 - INFO - epoch-79, train_loss-0.0006423, val_loss-0.0026607
2024-12-22 09:20:07 - INFO - epoch-80, train_loss-0.0006421, val_loss-0.0025502
2024-12-22 09:21:12 - INFO - epoch-81, train_loss-0.0006428, val_loss-0.0027498
2024-12-22 09:22:17 - INFO - epoch-82, train_loss-0.0006426, val_loss-0.0030386
2024-12-22 09:23:22 - INFO - epoch-83, train_loss-0.0006421, val_loss-0.0024817
2024-12-22 09:24:27 - INFO - epoch-84, train_loss-0.0006416, val_loss-0.0022116
2024-12-22 09:25:32 - INFO - epoch-85, train_loss-0.0006419, val_loss-0.0020607
2024-12-22 09:26:37 - INFO - epoch-86, train_loss-0.0006419, val_loss-0.0019881
2024-12-22 09:27:42 - INFO - epoch-87, train_loss-0.0006415, val_loss-0.0017708
2024-12-22 09:28:47 - INFO - epoch-88, train_loss-0.0006412, val_loss-0.0016274
2024-12-22 09:29:53 - INFO - epoch-89, train_loss-0.0006408, val_loss-0.0013148
2024-12-22 09:30:58 - INFO - epoch-90, train_loss-0.0006408, val_loss-0.0014650
2024-12-22 09:32:02 - INFO - epoch-91, train_loss-0.0006413, val_loss-0.0011898
2024-12-22 09:33:08 - INFO - epoch-92, train_loss-0.0006419, val_loss-0.0012920
2024-12-22 09:34:13 - INFO - epoch-93, train_loss-0.0006415, val_loss-0.0015585
2024-12-22 09:35:18 - INFO - epoch-94, train_loss-0.0006406, val_loss-0.0011132
2024-12-22 09:36:23 - INFO - epoch-95, train_loss-0.0006407, val_loss-0.0012310
2024-12-22 09:37:28 - INFO - epoch-96, train_loss-0.0006403, val_loss-0.0011888
2024-12-22 09:38:32 - INFO - epoch-97, train_loss-0.0006404, val_loss-0.0011685
2024-12-22 09:39:38 - INFO - epoch-98, train_loss-0.0006405, val_loss-0.0011512
2024-12-22 09:40:43 - INFO - epoch-99, train_loss-0.0006402, val_loss-0.0010005
2024-12-22 09:41:48 - INFO - epoch-100, train_loss-0.0006406, val_loss-0.0011269
2024-12-22 09:42:53 - INFO - epoch-101, train_loss-0.0006410, val_loss-0.0009591
2024-12-22 09:43:57 - INFO - epoch-102, train_loss-0.0006405, val_loss-0.0009358
2024-12-22 09:45:02 - INFO - epoch-103, train_loss-0.0006414, val_loss-0.0008140
2024-12-22 09:46:07 - INFO - epoch-104, train_loss-0.0006422, val_loss-0.0009052
2024-12-22 09:47:11 - INFO - epoch-105, train_loss-0.0006412, val_loss-0.0007267
2024-12-22 09:48:16 - INFO - epoch-106, train_loss-0.0006412, val_loss-0.0006940
2024-12-22 09:49:21 - INFO - epoch-107, train_loss-0.0006420, val_loss-0.0007135
2024-12-22 09:50:25 - INFO - epoch-108, train_loss-0.0006432, val_loss-0.0007021
2024-12-22 09:51:30 - INFO - epoch-109, train_loss-0.0006408, val_loss-0.0006949
2024-12-22 09:52:36 - INFO - epoch-110, train_loss-0.0006417, val_loss-0.0007425
2024-12-22 09:53:41 - INFO - epoch-111, train_loss-0.0006420, val_loss-0.0006900
2024-12-22 09:54:46 - INFO - epoch-112, train_loss-0.0006413, val_loss-0.0006946
2024-12-22 09:55:51 - INFO - epoch-113, train_loss-0.0006435, val_loss-0.0006920
2024-12-22 09:56:56 - INFO - epoch-114, train_loss-0.0006443, val_loss-0.0006726
2024-12-22 09:58:01 - INFO - epoch-115, train_loss-0.0006411, val_loss-0.0006611
2024-12-22 09:59:06 - INFO - epoch-116, train_loss-0.0006404, val_loss-0.0007514
2024-12-22 10:00:10 - INFO - epoch-117, train_loss-0.0006415, val_loss-0.0006781
2024-12-22 10:02:13 - INFO - epoch-118, train_loss-0.0006429, val_loss-0.0006693
2024-12-22 10:05:31 - INFO - epoch-119, train_loss-0.0006432, val_loss-0.0006699
2024-12-22 10:06:35 - INFO - epoch-120, train_loss-0.0006433, val_loss-0.0006810
2024-12-22 10:07:40 - INFO - epoch-121, train_loss-0.0006427, val_loss-0.0006581
2024-12-22 10:08:44 - INFO - epoch-122, train_loss-0.0006450, val_loss-0.0006671
2024-12-22 10:09:49 - INFO - epoch-123, train_loss-0.0006419, val_loss-0.0006842
2024-12-22 10:10:53 - INFO - epoch-124, train_loss-0.0006428, val_loss-0.0006810
2024-12-22 10:11:59 - INFO - epoch-125, train_loss-0.0006454, val_loss-0.0006707
2024-12-22 10:13:03 - INFO - epoch-126, train_loss-0.0006419, val_loss-0.0006885
2024-12-22 10:14:08 - INFO - epoch-127, train_loss-0.0006453, val_loss-0.0006834
2024-12-22 10:15:12 - INFO - epoch-128, train_loss-0.0006425, val_loss-0.0006720
2024-12-22 10:16:17 - INFO - epoch-129, train_loss-0.0006473, val_loss-0.0007565
2024-12-22 10:17:21 - INFO - epoch-130, train_loss-0.0006544, val_loss-0.0007627
2024-12-22 10:18:26 - INFO - epoch-131, train_loss-0.0006492, val_loss-0.0007792
2024-12-22 10:19:30 - INFO - epoch-132, train_loss-0.0006463, val_loss-0.0007605
2024-12-22 10:20:34 - INFO - epoch-133, train_loss-0.0006445, val_loss-0.0007936
2024-12-22 10:21:39 - INFO - epoch-134, train_loss-0.0006433, val_loss-0.0008401
2024-12-22 10:22:44 - INFO - epoch-135, train_loss-0.0006426, val_loss-0.0008110
2024-12-22 10:23:49 - INFO - epoch-136, train_loss-0.0006421, val_loss-0.0008208
2024-12-22 10:24:54 - INFO - epoch-137, train_loss-0.0006418, val_loss-0.0008697
2024-12-22 10:25:58 - INFO - epoch-138, train_loss-0.0006416, val_loss-0.0007831
2024-12-22 10:27:02 - INFO - epoch-139, train_loss-0.0006412, val_loss-0.0008785
2024-12-22 10:28:06 - INFO - epoch-140, train_loss-0.0006412, val_loss-0.0008362
2024-12-22 10:29:11 - INFO - epoch-141, train_loss-0.0006412, val_loss-0.0008254
2024-12-22 10:30:15 - INFO - epoch-142, train_loss-0.0006438, val_loss-0.0007275
2024-12-22 10:31:19 - INFO - epoch-143, train_loss-0.0006421, val_loss-0.0006604
2024-12-22 10:32:23 - INFO - epoch-144, train_loss-0.0006407, val_loss-0.0007355
2024-12-22 10:33:28 - INFO - epoch-145, train_loss-0.0006406, val_loss-0.0006879
2024-12-22 10:34:32 - INFO - epoch-146, train_loss-0.0006412, val_loss-0.0007460
2024-12-22 10:35:36 - INFO - epoch-147, train_loss-0.0006415, val_loss-0.0007141
2024-12-22 10:36:41 - INFO - epoch-148, train_loss-0.0006413, val_loss-0.0007841
2024-12-22 10:37:45 - INFO - epoch-149, train_loss-0.0006405, val_loss-0.0007731
2024-12-22 10:38:49 - INFO - epoch-150, train_loss-0.0006410, val_loss-0.0007265
2024-12-22 10:39:54 - INFO - epoch-151, train_loss-0.0006414, val_loss-0.0007233
2024-12-22 10:40:59 - INFO - epoch-152, train_loss-0.0006428, val_loss-0.0006751
2024-12-22 10:42:03 - INFO - epoch-153, train_loss-0.0006414, val_loss-0.0006623
2024-12-22 10:43:08 - INFO - epoch-154, train_loss-0.0006426, val_loss-0.0006748
2024-12-22 10:44:12 - INFO - epoch-155, train_loss-0.0006428, val_loss-0.0007714
2024-12-22 10:45:17 - INFO - epoch-156, train_loss-0.0006420, val_loss-0.0006586
2024-12-22 10:46:22 - INFO - epoch-157, train_loss-0.0006421, val_loss-0.0006712
2024-12-22 10:47:26 - INFO - epoch-158, train_loss-0.0006433, val_loss-0.0008714
2024-12-22 10:48:30 - INFO - epoch-159, train_loss-0.0006441, val_loss-0.0007614
2024-12-22 10:49:34 - INFO - epoch-160, train_loss-0.0006419, val_loss-0.0007500
2024-12-22 10:50:39 - INFO - epoch-161, train_loss-0.0006430, val_loss-0.0011243
2024-12-22 10:51:44 - INFO - epoch-162, train_loss-0.0006427, val_loss-0.0009788
2024-12-22 10:52:48 - INFO - epoch-163, train_loss-0.0006407, val_loss-0.0007635
2024-12-22 10:53:53 - INFO - epoch-164, train_loss-0.0006407, val_loss-0.0009006
2024-12-22 10:54:57 - INFO - epoch-165, train_loss-0.0006422, val_loss-0.0009718
2024-12-22 10:56:01 - INFO - epoch-166, train_loss-0.0006417, val_loss-0.0011086
2024-12-22 10:57:06 - INFO - epoch-167, train_loss-0.0006423, val_loss-0.0009620
2024-12-22 10:58:10 - INFO - epoch-168, train_loss-0.0006414, val_loss-0.0009980
2024-12-22 10:59:14 - INFO - epoch-169, train_loss-0.0006428, val_loss-0.0009134
2024-12-22 11:00:19 - INFO - epoch-170, train_loss-0.0006419, val_loss-0.0009727
2024-12-22 11:01:23 - INFO - epoch-171, train_loss-0.0006426, val_loss-0.0010025
2024-12-22 11:02:28 - INFO - epoch-172, train_loss-0.0006410, val_loss-0.0009715
2024-12-22 11:03:33 - INFO - epoch-173, train_loss-0.0006413, val_loss-0.0012576
2024-12-22 11:04:37 - INFO - epoch-174, train_loss-0.0006426, val_loss-0.0009601
2024-12-22 11:05:42 - INFO - epoch-175, train_loss-0.0006399, val_loss-0.0010934
2024-12-22 11:06:46 - INFO - epoch-176, train_loss-0.0006412, val_loss-0.0009563
2024-12-22 11:07:51 - INFO - epoch-177, train_loss-0.0006402, val_loss-0.0010711
2024-12-22 11:10:24 - INFO - epoch-178, train_loss-0.0006416, val_loss-0.0008948
2024-12-22 11:12:50 - INFO - epoch-179, train_loss-0.0006426, val_loss-0.0008917
2024-12-22 11:13:55 - INFO - epoch-180, train_loss-0.0006407, val_loss-0.0007447
2024-12-22 11:14:59 - INFO - epoch-181, train_loss-0.0006403, val_loss-0.0011630
2024-12-22 11:16:03 - INFO - epoch-182, train_loss-0.0006393, val_loss-0.0007559
2024-12-22 11:17:07 - INFO - epoch-183, train_loss-0.0006397, val_loss-0.0010974
2024-12-22 11:18:11 - INFO - epoch-184, train_loss-0.0006432, val_loss-0.0007006
2024-12-22 11:19:15 - INFO - epoch-185, train_loss-0.0006390, val_loss-0.0009074
2024-12-22 11:20:20 - INFO - epoch-186, train_loss-0.0006403, val_loss-0.0008537
2024-12-22 11:21:24 - INFO - epoch-187, train_loss-0.0006402, val_loss-0.0010393
2024-12-22 11:22:28 - INFO - epoch-188, train_loss-0.0006404, val_loss-0.0007425
2024-12-22 11:23:33 - INFO - epoch-189, train_loss-0.0006382, val_loss-0.0008746
2024-12-22 11:24:37 - INFO - epoch-190, train_loss-0.0006377, val_loss-0.0006973
2024-12-22 11:25:41 - INFO - epoch-191, train_loss-0.0006407, val_loss-0.0008213
2024-12-22 11:26:45 - INFO - epoch-192, train_loss-0.0006395, val_loss-0.0006931
2024-12-22 11:27:49 - INFO - epoch-193, train_loss-0.0006398, val_loss-0.0008215
2024-12-22 11:28:54 - INFO - epoch-194, train_loss-0.0006385, val_loss-0.0006982
2024-12-22 11:29:58 - INFO - epoch-195, train_loss-0.0006375, val_loss-0.0008197
2024-12-22 11:31:02 - INFO - epoch-196, train_loss-0.0006408, val_loss-0.0007366
2024-12-22 11:32:07 - INFO - epoch-197, train_loss-0.0006383, val_loss-0.0007359
2024-12-22 11:33:11 - INFO - epoch-198, train_loss-0.0006387, val_loss-0.0008133
2024-12-22 11:34:15 - INFO - epoch-199, train_loss-0.0006373, val_loss-0.0006758
2024-12-22 11:35:19 - INFO - epoch-200, train_loss-0.0006371, val_loss-0.0006665
2024-12-22 11:36:23 - INFO - epoch-201, train_loss-0.0006363, val_loss-0.0007100
2024-12-22 11:37:27 - INFO - epoch-202, train_loss-0.0006365, val_loss-0.0006980
2024-12-22 11:38:32 - INFO - epoch-203, train_loss-0.0006357, val_loss-0.0006892
2024-12-22 11:39:37 - INFO - epoch-204, train_loss-0.0006357, val_loss-0.0007332
2024-12-22 11:40:41 - INFO - epoch-205, train_loss-0.0006363, val_loss-0.0006778
2024-12-22 11:41:45 - INFO - epoch-206, train_loss-0.0006358, val_loss-0.0006813
2024-12-22 11:42:49 - INFO - epoch-207, train_loss-0.0006365, val_loss-0.0006727
2024-12-22 11:43:54 - INFO - epoch-208, train_loss-0.0006370, val_loss-0.0006995
2024-12-22 11:44:58 - INFO - epoch-209, train_loss-0.0006353, val_loss-0.0007036
2024-12-22 11:46:02 - INFO - epoch-210, train_loss-0.0006367, val_loss-0.0006668
2024-12-22 11:47:06 - INFO - epoch-211, train_loss-0.0006380, val_loss-0.0006637
2024-12-22 11:48:10 - INFO - epoch-212, train_loss-0.0006369, val_loss-0.0006752
2024-12-22 11:49:14 - INFO - epoch-213, train_loss-0.0006356, val_loss-0.0006835
2024-12-22 11:50:19 - INFO - epoch-214, train_loss-0.0006344, val_loss-0.0006724
2024-12-22 11:51:24 - INFO - epoch-215, train_loss-0.0006348, val_loss-0.0006713
2024-12-22 11:52:28 - INFO - epoch-216, train_loss-0.0006333, val_loss-0.0006747
2024-12-22 11:53:32 - INFO - epoch-217, train_loss-0.0006354, val_loss-0.0006698
2024-12-22 11:54:36 - INFO - epoch-218, train_loss-0.0006340, val_loss-0.0006724
2024-12-22 11:55:40 - INFO - epoch-219, train_loss-0.0006327, val_loss-0.0006715
2024-12-22 11:56:44 - INFO - epoch-220, train_loss-0.0006324, val_loss-0.0006789
2024-12-22 11:57:49 - INFO - epoch-221, train_loss-0.0006332, val_loss-0.0006742
2024-12-22 11:58:53 - INFO - epoch-222, train_loss-0.0006335, val_loss-0.0006957
2024-12-22 11:59:57 - INFO - epoch-223, train_loss-0.0006346, val_loss-0.0006641
2024-12-22 12:01:01 - INFO - epoch-224, train_loss-0.0006330, val_loss-0.0006757
2024-12-22 12:02:05 - INFO - epoch-225, train_loss-0.0006319, val_loss-0.0006832
2024-12-22 12:03:09 - INFO - epoch-226, train_loss-0.0006310, val_loss-0.0006711
2024-12-22 12:04:13 - INFO - epoch-227, train_loss-0.0006312, val_loss-0.0006777
2024-12-22 12:05:17 - INFO - epoch-228, train_loss-0.0006314, val_loss-0.0007168
2024-12-22 12:06:21 - INFO - epoch-229, train_loss-0.0006328, val_loss-0.0007073
2024-12-22 12:07:26 - INFO - epoch-230, train_loss-0.0006351, val_loss-0.0006830
2024-12-22 12:08:30 - INFO - epoch-231, train_loss-0.0006326, val_loss-0.0006647
2024-12-22 12:09:34 - INFO - epoch-232, train_loss-0.0006306, val_loss-0.0006830
2024-12-22 12:10:38 - INFO - epoch-233, train_loss-0.0006298, val_loss-0.0006745
2024-12-22 12:11:42 - INFO - epoch-234, train_loss-0.0006294, val_loss-0.0006722
2024-12-22 12:12:46 - INFO - epoch-235, train_loss-0.0006281, val_loss-0.0006976
2024-12-22 12:13:51 - INFO - epoch-236, train_loss-0.0006290, val_loss-0.0006698
2024-12-22 12:14:55 - INFO - epoch-237, train_loss-0.0006310, val_loss-0.0006833
2024-12-22 12:16:00 - INFO - epoch-238, train_loss-0.0006293, val_loss-0.0006669
2024-12-22 12:17:04 - INFO - epoch-239, train_loss-0.0006294, val_loss-0.0006693
2024-12-22 12:18:48 - INFO - epoch-240, train_loss-0.0006291, val_loss-0.0006710
2024-12-22 12:23:47 - INFO - epoch-241, train_loss-0.0006292, val_loss-0.0007030
2024-12-22 12:24:51 - INFO - epoch-242, train_loss-0.0006303, val_loss-0.0006620
2024-12-22 12:25:55 - INFO - epoch-243, train_loss-0.0006289, val_loss-0.0006681
2024-12-22 12:26:59 - INFO - epoch-244, train_loss-0.0006287, val_loss-0.0006984
2024-12-22 12:28:03 - INFO - epoch-245, train_loss-0.0006285, val_loss-0.0006651
2024-12-22 12:29:09 - INFO - epoch-246, train_loss-0.0006282, val_loss-0.0006672
2024-12-22 12:30:13 - INFO - epoch-247, train_loss-0.0006283, val_loss-0.0006596
2024-12-22 12:31:17 - INFO - epoch-248, train_loss-0.0006275, val_loss-0.0006619
2024-12-22 12:32:21 - INFO - epoch-249, train_loss-0.0006288, val_loss-0.0006748
2024-12-22 12:33:26 - INFO - epoch-250, train_loss-0.0006296, val_loss-0.0006654
2024-12-22 12:34:30 - INFO - epoch-251, train_loss-0.0006272, val_loss-0.0006740
2024-12-22 12:35:34 - INFO - epoch-252, train_loss-0.0006272, val_loss-0.0006546
2024-12-22 12:36:38 - INFO - epoch-253, train_loss-0.0006270, val_loss-0.0006929
2024-12-22 12:37:42 - INFO - epoch-254, train_loss-0.0006277, val_loss-0.0006958
2024-12-22 12:38:47 - INFO - epoch-255, train_loss-0.0006270, val_loss-0.0006826
2024-12-22 12:39:52 - INFO - epoch-256, train_loss-0.0006278, val_loss-0.0007229
2024-12-22 12:40:56 - INFO - epoch-257, train_loss-0.0006259, val_loss-0.0006573
2024-12-22 12:42:00 - INFO - epoch-258, train_loss-0.0006262, val_loss-0.0006661
2024-12-22 12:43:04 - INFO - epoch-259, train_loss-0.0006262, val_loss-0.0006912
2024-12-22 12:44:08 - INFO - epoch-260, train_loss-0.0006252, val_loss-0.0006687
2024-12-22 12:45:14 - INFO - epoch-261, train_loss-0.0006243, val_loss-0.0006886
2024-12-22 12:46:18 - INFO - epoch-262, train_loss-0.0006257, val_loss-0.0006614
2024-12-22 12:47:22 - INFO - epoch-263, train_loss-0.0006263, val_loss-0.0006593
2024-12-22 12:48:26 - INFO - epoch-264, train_loss-0.0006251, val_loss-0.0006542
2024-12-22 12:49:30 - INFO - epoch-265, train_loss-0.0006256, val_loss-0.0006638
2024-12-22 12:50:36 - INFO - epoch-266, train_loss-0.0006245, val_loss-0.0006676
2024-12-22 12:51:40 - INFO - epoch-267, train_loss-0.0006243, val_loss-0.0006594
2024-12-22 12:52:44 - INFO - epoch-268, train_loss-0.0006250, val_loss-0.0006611
2024-12-22 12:53:48 - INFO - epoch-269, train_loss-0.0006253, val_loss-0.0006891
2024-12-22 12:54:52 - INFO - epoch-270, train_loss-0.0006253, val_loss-0.0006632
2024-12-22 12:55:56 - INFO - epoch-271, train_loss-0.0006244, val_loss-0.0007082
2024-12-22 12:57:02 - INFO - epoch-272, train_loss-0.0006238, val_loss-0.0006651
2024-12-22 12:58:06 - INFO - epoch-273, train_loss-0.0006231, val_loss-0.0006607
2024-12-22 12:59:10 - INFO - epoch-274, train_loss-0.0006225, val_loss-0.0006603
2024-12-22 13:00:14 - INFO - epoch-275, train_loss-0.0006222, val_loss-0.0006727
2024-12-22 13:01:18 - INFO - epoch-276, train_loss-0.0006217, val_loss-0.0006627
2024-12-22 13:02:22 - INFO - epoch-277, train_loss-0.0006223, val_loss-0.0006645
2024-12-22 13:03:26 - INFO - epoch-278, train_loss-0.0006224, val_loss-0.0006598
2024-12-22 13:04:30 - INFO - epoch-279, train_loss-0.0006236, val_loss-0.0006641
2024-12-22 13:05:34 - INFO - epoch-280, train_loss-0.0006242, val_loss-0.0006558
2024-12-22 13:06:39 - INFO - epoch-281, train_loss-0.0006230, val_loss-0.0006591
2024-12-22 13:07:44 - INFO - epoch-282, train_loss-0.0006216, val_loss-0.0006718
2024-12-22 13:08:49 - INFO - epoch-283, train_loss-0.0006218, val_loss-0.0006736
2024-12-22 13:09:54 - INFO - epoch-284, train_loss-0.0006208, val_loss-0.0006796
2024-12-22 13:10:58 - INFO - epoch-285, train_loss-0.0006206, val_loss-0.0006646
2024-12-22 13:12:02 - INFO - epoch-286, train_loss-0.0006214, val_loss-0.0006787
2024-12-22 13:13:06 - INFO - epoch-287, train_loss-0.0006209, val_loss-0.0006813
2024-12-22 13:14:10 - INFO - epoch-288, train_loss-0.0006219, val_loss-0.0006687
2024-12-22 13:15:14 - INFO - epoch-289, train_loss-0.0006212, val_loss-0.0006817
2024-12-22 13:16:18 - INFO - epoch-290, train_loss-0.0006199, val_loss-0.0006839
2024-12-22 13:17:22 - INFO - epoch-291, train_loss-0.0006202, val_loss-0.0006677
2024-12-22 13:18:26 - INFO - epoch-292, train_loss-0.0006201, val_loss-0.0006679
2024-12-22 13:19:30 - INFO - epoch-293, train_loss-0.0006214, val_loss-0.0007126
2024-12-22 13:20:34 - INFO - epoch-294, train_loss-0.0006199, val_loss-0.0007059
2024-12-22 13:21:39 - INFO - epoch-295, train_loss-0.0006218, val_loss-0.0006664
2024-12-22 13:22:44 - INFO - epoch-296, train_loss-0.0006226, val_loss-0.0006634
2024-12-22 13:23:48 - INFO - epoch-297, train_loss-0.0006220, val_loss-0.0006554
2024-12-22 13:24:52 - INFO - epoch-298, train_loss-0.0006214, val_loss-0.0006587
2024-12-22 13:25:56 - INFO - epoch-299, train_loss-0.0006206, val_loss-0.0006527
