2025-03-05 08:51:06 - INFO - train data: 13259
2025-03-05 08:51:06 - INFO - train unqiue data: 13259
2025-03-05 08:51:06 - INFO - valid data: 1474
2025-03-05 08:51:06 - INFO - valid unqiue data: 1474
2025-03-05 08:55:46 - INFO - epoch-0, train_mse_loss-0.0003769, train_kl_loss-0.0017285, val_mse_loss-0.0072045, val_kl_loss-0.0000701
2025-03-05 09:00:05 - INFO - epoch-1, train_mse_loss-0.0003363, train_kl_loss-0.0000302, val_mse_loss-0.0030995, val_kl_loss-0.0000137
2025-03-05 09:04:23 - INFO - epoch-2, train_mse_loss-0.0003329, train_kl_loss-0.0000070, val_mse_loss-0.0020359, val_kl_loss-0.0000036
2025-03-05 09:04:31 - INFO - Saved new best model at epoch 2 with validation loss 0.0020394
2025-03-05 09:08:49 - INFO - epoch-3, train_mse_loss-0.0003333, train_kl_loss-0.0000017, val_mse_loss-0.0019451, val_kl_loss-0.0000008
2025-03-05 09:08:56 - INFO - Saved new best model at epoch 3 with validation loss 0.0019460
2025-03-05 09:13:15 - INFO - epoch-4, train_mse_loss-0.0003327, train_kl_loss-0.0000004, val_mse_loss-0.0020213, val_kl_loss-0.0000002
2025-03-05 09:17:32 - INFO - epoch-5, train_mse_loss-0.0003331, train_kl_loss-0.0000001, val_mse_loss-0.0019482, val_kl_loss-0.0000000
2025-03-05 09:21:49 - INFO - epoch-6, train_mse_loss-0.0003315, train_kl_loss-0.0000000, val_mse_loss-0.0011578, val_kl_loss-0.0000000
2025-03-05 09:21:56 - INFO - Saved new best model at epoch 6 with validation loss 0.0011578
2025-03-05 09:26:13 - INFO - epoch-7, train_mse_loss-0.0003314, train_kl_loss-0.0000000, val_mse_loss-0.0008174, val_kl_loss-0.0000000
2025-03-05 09:26:21 - INFO - Saved new best model at epoch 7 with validation loss 0.0008174
2025-03-05 09:30:39 - INFO - epoch-8, train_mse_loss-0.0003312, train_kl_loss--0.0000000, val_mse_loss-0.0007586, val_kl_loss--0.0000000
2025-03-05 09:30:47 - INFO - Saved new best model at epoch 8 with validation loss 0.0007586
2025-03-05 09:35:05 - INFO - epoch-9, train_mse_loss-0.0003311, train_kl_loss--0.0000000, val_mse_loss-0.0003680, val_kl_loss--0.0000000
2025-03-05 09:35:13 - INFO - Saved new best model at epoch 9 with validation loss 0.0003680
2025-03-05 09:39:32 - INFO - epoch-10, train_mse_loss-0.0003303, train_kl_loss--0.0000000, val_mse_loss-0.0006124, val_kl_loss--0.0000000
2025-03-05 09:43:49 - INFO - epoch-11, train_mse_loss-0.0003302, train_kl_loss--0.0000000, val_mse_loss-0.0003635, val_kl_loss-0.0000000
2025-03-05 09:43:57 - INFO - Saved new best model at epoch 11 with validation loss 0.0003635
2025-03-05 09:48:15 - INFO - epoch-12, train_mse_loss-0.0003297, train_kl_loss-0.0000000, val_mse_loss-0.0005034, val_kl_loss-0.0000000
2025-03-05 09:52:32 - INFO - epoch-13, train_mse_loss-0.0003288, train_kl_loss-0.0000000, val_mse_loss-0.0003916, val_kl_loss-0.0000000
2025-03-05 09:56:51 - INFO - epoch-14, train_mse_loss-0.0003282, train_kl_loss-0.0000000, val_mse_loss-0.0003949, val_kl_loss-0.0000000
2025-03-05 10:01:08 - INFO - epoch-15, train_mse_loss-0.0003277, train_kl_loss-0.0000000, val_mse_loss-0.0003595, val_kl_loss-0.0000000
2025-03-05 10:01:16 - INFO - Saved new best model at epoch 15 with validation loss 0.0003595
2025-03-05 10:05:39 - INFO - epoch-16, train_mse_loss-0.0003275, train_kl_loss-0.0000000, val_mse_loss-0.0003619, val_kl_loss-0.0000000
2025-03-05 10:09:56 - INFO - epoch-17, train_mse_loss-0.0003273, train_kl_loss-0.0000000, val_mse_loss-0.0005354, val_kl_loss-0.0000000
2025-03-05 10:14:13 - INFO - epoch-18, train_mse_loss-0.0003269, train_kl_loss-0.0000000, val_mse_loss-0.0004890, val_kl_loss-0.0000000
2025-03-05 10:18:31 - INFO - epoch-19, train_mse_loss-0.0003266, train_kl_loss-0.0000000, val_mse_loss-0.0004357, val_kl_loss-0.0000000
2025-03-05 10:22:47 - INFO - epoch-20, train_mse_loss-0.0003263, train_kl_loss-0.0000000, val_mse_loss-0.0004903, val_kl_loss-0.0000000
2025-03-05 10:27:05 - INFO - epoch-21, train_mse_loss-0.0003261, train_kl_loss-0.0000000, val_mse_loss-0.0004957, val_kl_loss-0.0000000
2025-03-05 10:31:21 - INFO - epoch-22, train_mse_loss-0.0003259, train_kl_loss-0.0000000, val_mse_loss-0.0004904, val_kl_loss-0.0000000
2025-03-05 10:35:39 - INFO - epoch-23, train_mse_loss-0.0003258, train_kl_loss-0.0000000, val_mse_loss-0.0004692, val_kl_loss-0.0000000
2025-03-05 10:39:57 - INFO - epoch-24, train_mse_loss-0.0003258, train_kl_loss-0.0000000, val_mse_loss-0.0004465, val_kl_loss-0.0000000
2025-03-05 10:44:14 - INFO - epoch-25, train_mse_loss-0.0003255, train_kl_loss-0.0000000, val_mse_loss-0.0004164, val_kl_loss-0.0000000
2025-03-05 10:48:32 - INFO - epoch-26, train_mse_loss-0.0003253, train_kl_loss-0.0000000, val_mse_loss-0.0003974, val_kl_loss-0.0000000
2025-03-05 10:52:49 - INFO - epoch-27, train_mse_loss-0.0003251, train_kl_loss-0.0000000, val_mse_loss-0.0003740, val_kl_loss-0.0000000
2025-03-05 10:57:06 - INFO - epoch-28, train_mse_loss-0.0003249, train_kl_loss-0.0000000, val_mse_loss-0.0003501, val_kl_loss-0.0000000
2025-03-05 10:57:14 - INFO - Saved new best model at epoch 28 with validation loss 0.0003501
2025-03-05 11:01:31 - INFO - epoch-29, train_mse_loss-0.0003246, train_kl_loss-0.0000000, val_mse_loss-0.0003379, val_kl_loss-0.0000000
2025-03-05 11:01:39 - INFO - Saved new best model at epoch 29 with validation loss 0.0003379
2025-03-05 11:05:56 - INFO - epoch-30, train_mse_loss-0.0003245, train_kl_loss-0.0000000, val_mse_loss-0.0003424, val_kl_loss-0.0000000
2025-03-05 11:10:13 - INFO - epoch-31, train_mse_loss-0.0003244, train_kl_loss-0.0000000, val_mse_loss-0.0003385, val_kl_loss-0.0000000
2025-03-05 11:14:31 - INFO - epoch-32, train_mse_loss-0.0003245, train_kl_loss-0.0000000, val_mse_loss-0.0003346, val_kl_loss-0.0000000
2025-03-05 11:14:39 - INFO - Saved new best model at epoch 32 with validation loss 0.0003346
2025-03-05 11:18:57 - INFO - epoch-33, train_mse_loss-0.0003244, train_kl_loss-0.0000000, val_mse_loss-0.0003298, val_kl_loss-0.0000000
2025-03-05 11:19:04 - INFO - Saved new best model at epoch 33 with validation loss 0.0003298
2025-03-05 11:23:23 - INFO - epoch-34, train_mse_loss-0.0003243, train_kl_loss-0.0000000, val_mse_loss-0.0003264, val_kl_loss-0.0000000
2025-03-05 11:23:30 - INFO - Saved new best model at epoch 34 with validation loss 0.0003264
2025-03-05 11:27:48 - INFO - epoch-35, train_mse_loss-0.0003243, train_kl_loss-0.0000000, val_mse_loss-0.0003251, val_kl_loss-0.0000000
2025-03-05 11:27:56 - INFO - Saved new best model at epoch 35 with validation loss 0.0003251
2025-03-05 11:32:14 - INFO - epoch-36, train_mse_loss-0.0003244, train_kl_loss-0.0000000, val_mse_loss-0.0003245, val_kl_loss-0.0000000
2025-03-05 11:32:22 - INFO - Saved new best model at epoch 36 with validation loss 0.0003245
2025-03-05 11:36:40 - INFO - epoch-37, train_mse_loss-0.0003244, train_kl_loss-0.0000000, val_mse_loss-0.0003269, val_kl_loss-0.0000000
2025-03-05 11:40:58 - INFO - epoch-38, train_mse_loss-0.0003243, train_kl_loss-0.0000000, val_mse_loss-0.0003308, val_kl_loss-0.0000000
2025-03-05 11:45:16 - INFO - epoch-39, train_mse_loss-0.0003243, train_kl_loss-0.0000000, val_mse_loss-0.0003416, val_kl_loss-0.0000000
2025-03-05 11:49:38 - INFO - epoch-40, train_mse_loss-0.0003243, train_kl_loss-0.0000000, val_mse_loss-0.0003457, val_kl_loss-0.0000000
2025-03-05 11:53:57 - INFO - epoch-41, train_mse_loss-0.0003243, train_kl_loss-0.0000000, val_mse_loss-0.0003480, val_kl_loss-0.0000000
2025-03-05 11:58:15 - INFO - epoch-42, train_mse_loss-0.0003243, train_kl_loss-0.0000000, val_mse_loss-0.0003478, val_kl_loss-0.0000000
2025-03-05 12:02:34 - INFO - epoch-43, train_mse_loss-0.0003243, train_kl_loss-0.0000000, val_mse_loss-0.0003571, val_kl_loss-0.0000000
2025-03-05 12:06:54 - INFO - epoch-44, train_mse_loss-0.0003242, train_kl_loss-0.0000000, val_mse_loss-0.0003421, val_kl_loss-0.0000000
2025-03-05 12:11:11 - INFO - epoch-45, train_mse_loss-0.0003242, train_kl_loss-0.0000000, val_mse_loss-0.0003392, val_kl_loss-0.0000000
2025-03-05 12:15:28 - INFO - epoch-46, train_mse_loss-0.0003242, train_kl_loss-0.0000000, val_mse_loss-0.0003444, val_kl_loss-0.0000000
2025-03-05 12:19:45 - INFO - epoch-47, train_mse_loss-0.0003242, train_kl_loss-0.0000000, val_mse_loss-0.0003383, val_kl_loss-0.0000000
2025-03-05 12:24:03 - INFO - epoch-48, train_mse_loss-0.0003242, train_kl_loss-0.0000000, val_mse_loss-0.0003428, val_kl_loss-0.0000000
2025-03-05 12:28:20 - INFO - epoch-49, train_mse_loss-0.0003242, train_kl_loss-0.0000000, val_mse_loss-0.0003536, val_kl_loss-0.0000000
2025-03-05 12:32:38 - INFO - epoch-50, train_mse_loss-0.0003242, train_kl_loss-0.0000000, val_mse_loss-0.0003471, val_kl_loss-0.0000000
2025-03-05 12:36:56 - INFO - epoch-51, train_mse_loss-0.0003242, train_kl_loss-0.0000000, val_mse_loss-0.0003424, val_kl_loss-0.0000000
2025-03-05 12:41:14 - INFO - epoch-52, train_mse_loss-0.0003242, train_kl_loss-0.0000000, val_mse_loss-0.0003438, val_kl_loss-0.0000000
2025-03-05 12:45:31 - INFO - epoch-53, train_mse_loss-0.0003242, train_kl_loss-0.0000000, val_mse_loss-0.0003376, val_kl_loss-0.0000000
2025-03-05 12:49:49 - INFO - epoch-54, train_mse_loss-0.0003242, train_kl_loss-0.0000000, val_mse_loss-0.0003321, val_kl_loss-0.0000000
2025-03-05 12:54:06 - INFO - epoch-55, train_mse_loss-0.0003243, train_kl_loss-0.0000000, val_mse_loss-0.0003298, val_kl_loss-0.0000000
2025-03-05 12:58:24 - INFO - epoch-56, train_mse_loss-0.0003243, train_kl_loss-0.0000000, val_mse_loss-0.0003281, val_kl_loss-0.0000000
2025-03-05 13:02:42 - INFO - epoch-57, train_mse_loss-0.0003243, train_kl_loss-0.0000000, val_mse_loss-0.0003284, val_kl_loss-0.0000000
2025-03-05 13:06:59 - INFO - epoch-58, train_mse_loss-0.0003243, train_kl_loss-0.0000000, val_mse_loss-0.0003265, val_kl_loss-0.0000000
2025-03-05 13:11:17 - INFO - epoch-59, train_mse_loss-0.0003243, train_kl_loss-0.0000000, val_mse_loss-0.0003261, val_kl_loss-0.0000000
2025-03-05 13:15:33 - INFO - epoch-60, train_mse_loss-0.0003243, train_kl_loss-0.0000000, val_mse_loss-0.0003265, val_kl_loss-0.0000000
2025-03-05 13:19:51 - INFO - epoch-61, train_mse_loss-0.0003243, train_kl_loss-0.0000000, val_mse_loss-0.0003265, val_kl_loss-0.0000000
2025-03-05 13:24:07 - INFO - epoch-62, train_mse_loss-0.0003243, train_kl_loss-0.0000000, val_mse_loss-0.0003267, val_kl_loss-0.0000000
2025-03-05 13:28:24 - INFO - epoch-63, train_mse_loss-0.0003243, train_kl_loss-0.0000000, val_mse_loss-0.0003265, val_kl_loss-0.0000000
2025-03-05 13:32:40 - INFO - epoch-64, train_mse_loss-0.0003243, train_kl_loss-0.0000000, val_mse_loss-0.0003272, val_kl_loss-0.0000000
2025-03-05 13:36:57 - INFO - epoch-65, train_mse_loss-0.0003243, train_kl_loss-0.0000000, val_mse_loss-0.0003268, val_kl_loss-0.0000000
2025-03-05 13:41:13 - INFO - epoch-66, train_mse_loss-0.0003243, train_kl_loss-0.0000000, val_mse_loss-0.0003286, val_kl_loss-0.0000000
2025-03-05 13:45:30 - INFO - epoch-67, train_mse_loss-0.0003243, train_kl_loss-0.0000000, val_mse_loss-0.0003280, val_kl_loss-0.0000000
2025-03-05 13:49:49 - INFO - epoch-68, train_mse_loss-0.0003243, train_kl_loss-0.0000000, val_mse_loss-0.0003274, val_kl_loss-0.0000000
2025-03-05 13:54:08 - INFO - epoch-69, train_mse_loss-0.0003243, train_kl_loss-0.0000000, val_mse_loss-0.0003303, val_kl_loss-0.0000000
2025-03-05 13:58:38 - INFO - epoch-70, train_mse_loss-0.0003243, train_kl_loss-0.0000000, val_mse_loss-0.0003280, val_kl_loss-0.0000000
2025-03-05 14:03:09 - INFO - epoch-71, train_mse_loss-0.0003243, train_kl_loss-0.0000000, val_mse_loss-0.0003285, val_kl_loss-0.0000000
2025-03-05 14:07:35 - INFO - epoch-72, train_mse_loss-0.0003243, train_kl_loss-0.0000000, val_mse_loss-0.0003284, val_kl_loss-0.0000000
2025-03-05 14:12:15 - INFO - epoch-73, train_mse_loss-0.0003243, train_kl_loss-0.0000000, val_mse_loss-0.0003313, val_kl_loss-0.0000000
2025-03-05 14:18:47 - INFO - epoch-74, train_mse_loss-0.0003243, train_kl_loss-0.0000000, val_mse_loss-0.0003294, val_kl_loss-0.0000000
2025-03-05 14:23:43 - INFO - epoch-75, train_mse_loss-0.0003243, train_kl_loss-0.0000000, val_mse_loss-0.0003296, val_kl_loss-0.0000000
2025-03-05 14:28:50 - INFO - epoch-76, train_mse_loss-0.0003243, train_kl_loss-0.0000000, val_mse_loss-0.0003318, val_kl_loss-0.0000000
2025-03-05 14:34:08 - INFO - epoch-77, train_mse_loss-0.0003242, train_kl_loss-0.0000000, val_mse_loss-0.0003318, val_kl_loss-0.0000000
2025-03-05 14:41:39 - INFO - epoch-78, train_mse_loss-0.0003242, train_kl_loss-0.0000000, val_mse_loss-0.0003303, val_kl_loss-0.0000000
2025-03-05 14:47:02 - INFO - epoch-79, train_mse_loss-0.0003242, train_kl_loss-0.0000000, val_mse_loss-0.0003328, val_kl_loss-0.0000000
2025-03-05 14:51:34 - INFO - epoch-80, train_mse_loss-0.0003242, train_kl_loss-0.0000000, val_mse_loss-0.0003353, val_kl_loss-0.0000000
2025-03-05 14:55:53 - INFO - epoch-81, train_mse_loss-0.0003242, train_kl_loss-0.0000000, val_mse_loss-0.0003367, val_kl_loss-0.0000000
2025-03-05 15:00:55 - INFO - epoch-82, train_mse_loss-0.0003242, train_kl_loss-0.0000000, val_mse_loss-0.0003314, val_kl_loss-0.0000000
2025-03-05 15:06:03 - INFO - epoch-83, train_mse_loss-0.0003242, train_kl_loss-0.0000000, val_mse_loss-0.0003422, val_kl_loss-0.0000000
2025-03-05 15:13:12 - INFO - epoch-84, train_mse_loss-0.0003242, train_kl_loss-0.0000000, val_mse_loss-0.0003330, val_kl_loss-0.0000000
2025-03-05 15:18:16 - INFO - epoch-85, train_mse_loss-0.0003242, train_kl_loss-0.0000000, val_mse_loss-0.0003316, val_kl_loss-0.0000000
2025-03-05 15:23:25 - INFO - epoch-86, train_mse_loss-0.0003242, train_kl_loss-0.0000000, val_mse_loss-0.0003312, val_kl_loss-0.0000000
2025-03-05 15:28:32 - INFO - epoch-87, train_mse_loss-0.0003242, train_kl_loss-0.0000000, val_mse_loss-0.0003318, val_kl_loss-0.0000000
2025-03-05 15:35:11 - INFO - epoch-88, train_mse_loss-0.0003242, train_kl_loss-0.0000000, val_mse_loss-0.0003314, val_kl_loss-0.0000000
2025-03-05 15:41:17 - INFO - epoch-89, train_mse_loss-0.0003242, train_kl_loss-0.0000000, val_mse_loss-0.0003309, val_kl_loss-0.0000000
2025-03-05 15:45:54 - INFO - epoch-90, train_mse_loss-0.0003242, train_kl_loss-0.0000000, val_mse_loss-0.0003319, val_kl_loss-0.0000000
2025-03-05 15:50:25 - INFO - epoch-91, train_mse_loss-0.0003242, train_kl_loss-0.0000000, val_mse_loss-0.0003334, val_kl_loss-0.0000000
2025-03-05 15:55:06 - INFO - epoch-92, train_mse_loss-0.0003242, train_kl_loss-0.0000000, val_mse_loss-0.0003317, val_kl_loss-0.0000000
2025-03-05 16:00:21 - INFO - epoch-93, train_mse_loss-0.0003242, train_kl_loss-0.0000000, val_mse_loss-0.0003312, val_kl_loss-0.0000000
2025-03-05 16:06:49 - INFO - epoch-94, train_mse_loss-0.0003242, train_kl_loss-0.0000000, val_mse_loss-0.0003310, val_kl_loss-0.0000000
2025-03-05 16:12:40 - INFO - epoch-95, train_mse_loss-0.0003242, train_kl_loss-0.0000000, val_mse_loss-0.0003339, val_kl_loss-0.0000000
2025-03-05 16:18:20 - INFO - epoch-96, train_mse_loss-0.0003242, train_kl_loss-0.0000000, val_mse_loss-0.0003313, val_kl_loss-0.0000000
2025-03-05 16:24:01 - INFO - epoch-97, train_mse_loss-0.0003242, train_kl_loss-0.0000000, val_mse_loss-0.0003313, val_kl_loss-0.0000000
2025-03-05 16:31:45 - INFO - epoch-98, train_mse_loss-0.0003242, train_kl_loss-0.0000000, val_mse_loss-0.0003329, val_kl_loss-0.0000000
2025-03-05 16:37:54 - INFO - epoch-99, train_mse_loss-0.0003241, train_kl_loss-0.0000000, val_mse_loss-0.0003313, val_kl_loss-0.0000000
2025-03-05 16:42:31 - INFO - epoch-100, train_mse_loss-0.0003241, train_kl_loss-0.0000000, val_mse_loss-0.0003343, val_kl_loss-0.0000000
2025-03-05 16:46:55 - INFO - epoch-101, train_mse_loss-0.0003241, train_kl_loss-0.0000000, val_mse_loss-0.0003347, val_kl_loss-0.0000000
2025-03-05 16:51:32 - INFO - epoch-102, train_mse_loss-0.0003241, train_kl_loss-0.0000000, val_mse_loss-0.0003312, val_kl_loss-0.0000000
2025-03-05 16:55:55 - INFO - epoch-103, train_mse_loss-0.0003241, train_kl_loss-0.0000000, val_mse_loss-0.0003307, val_kl_loss-0.0000000
2025-03-05 17:01:48 - INFO - epoch-104, train_mse_loss-0.0003241, train_kl_loss-0.0000000, val_mse_loss-0.0003326, val_kl_loss-0.0000000
2025-03-05 17:07:50 - INFO - epoch-105, train_mse_loss-0.0003241, train_kl_loss-0.0000000, val_mse_loss-0.0003310, val_kl_loss-0.0000000
2025-03-05 17:13:16 - INFO - epoch-106, train_mse_loss-0.0003241, train_kl_loss-0.0000000, val_mse_loss-0.0003302, val_kl_loss-0.0000000
2025-03-05 17:18:36 - INFO - epoch-107, train_mse_loss-0.0003241, train_kl_loss-0.0000000, val_mse_loss-0.0003296, val_kl_loss-0.0000000
2025-03-05 17:25:23 - INFO - epoch-108, train_mse_loss-0.0003241, train_kl_loss-0.0000000, val_mse_loss-0.0003295, val_kl_loss-0.0000000
2025-03-05 17:32:05 - INFO - epoch-109, train_mse_loss-0.0003241, train_kl_loss-0.0000000, val_mse_loss-0.0003280, val_kl_loss-0.0000000
2025-03-05 17:36:58 - INFO - epoch-110, train_mse_loss-0.0003240, train_kl_loss-0.0000000, val_mse_loss-0.0003284, val_kl_loss-0.0000000
2025-03-05 17:41:31 - INFO - epoch-111, train_mse_loss-0.0003240, train_kl_loss-0.0000000, val_mse_loss-0.0003285, val_kl_loss-0.0000000
2025-03-05 17:46:02 - INFO - epoch-112, train_mse_loss-0.0003240, train_kl_loss-0.0000000, val_mse_loss-0.0003277, val_kl_loss-0.0000000
2025-03-05 17:51:08 - INFO - epoch-113, train_mse_loss-0.0003240, train_kl_loss-0.0000000, val_mse_loss-0.0003286, val_kl_loss-0.0000000
2025-03-05 17:56:18 - INFO - epoch-114, train_mse_loss-0.0003240, train_kl_loss-0.0000000, val_mse_loss-0.0003282, val_kl_loss-0.0000000
2025-03-05 18:02:13 - INFO - epoch-115, train_mse_loss-0.0003240, train_kl_loss-0.0000000, val_mse_loss-0.0003278, val_kl_loss-0.0000000
2025-03-05 18:07:34 - INFO - epoch-116, train_mse_loss-0.0003240, train_kl_loss-0.0000000, val_mse_loss-0.0003280, val_kl_loss-0.0000000
2025-03-05 18:12:45 - INFO - epoch-117, train_mse_loss-0.0003240, train_kl_loss-0.0000000, val_mse_loss-0.0003285, val_kl_loss-0.0000000
2025-03-05 18:18:30 - INFO - epoch-118, train_mse_loss-0.0003240, train_kl_loss-0.0000000, val_mse_loss-0.0003284, val_kl_loss-0.0000000
2025-03-05 18:25:28 - INFO - epoch-119, train_mse_loss-0.0003240, train_kl_loss-0.0000000, val_mse_loss-0.0003288, val_kl_loss-0.0000000
2025-03-05 18:30:27 - INFO - epoch-120, train_mse_loss-0.0003240, train_kl_loss-0.0000000, val_mse_loss-0.0003286, val_kl_loss-0.0000000
2025-03-05 18:34:58 - INFO - epoch-121, train_mse_loss-0.0003240, train_kl_loss-0.0000000, val_mse_loss-0.0003287, val_kl_loss-0.0000000
2025-03-05 18:39:22 - INFO - epoch-122, train_mse_loss-0.0003240, train_kl_loss-0.0000000, val_mse_loss-0.0003290, val_kl_loss-0.0000000
2025-03-05 18:44:29 - INFO - epoch-123, train_mse_loss-0.0003240, train_kl_loss-0.0000000, val_mse_loss-0.0003284, val_kl_loss-0.0000000
2025-03-05 18:49:47 - INFO - epoch-124, train_mse_loss-0.0003240, train_kl_loss-0.0000000, val_mse_loss-0.0003287, val_kl_loss-0.0000000
2025-03-05 18:55:46 - INFO - epoch-125, train_mse_loss-0.0003240, train_kl_loss-0.0000000, val_mse_loss-0.0003291, val_kl_loss-0.0000000
2025-03-05 19:00:41 - INFO - epoch-126, train_mse_loss-0.0003240, train_kl_loss-0.0000000, val_mse_loss-0.0003291, val_kl_loss-0.0000000
2025-03-05 19:05:34 - INFO - epoch-127, train_mse_loss-0.0003240, train_kl_loss-0.0000000, val_mse_loss-0.0003291, val_kl_loss-0.0000000
2025-03-05 19:10:48 - INFO - epoch-128, train_mse_loss-0.0003240, train_kl_loss-0.0000000, val_mse_loss-0.0003297, val_kl_loss-0.0000000
2025-03-05 19:15:38 - INFO - epoch-129, train_mse_loss-0.0003240, train_kl_loss-0.0000000, val_mse_loss-0.0003295, val_kl_loss-0.0000000
2025-03-05 19:19:59 - INFO - epoch-130, train_mse_loss-0.0003240, train_kl_loss-0.0000000, val_mse_loss-0.0003296, val_kl_loss-0.0000000
2025-03-05 19:24:19 - INFO - epoch-131, train_mse_loss-0.0003240, train_kl_loss-0.0000000, val_mse_loss-0.0003304, val_kl_loss-0.0000000
2025-03-05 19:28:36 - INFO - epoch-132, train_mse_loss-0.0003240, train_kl_loss-0.0000000, val_mse_loss-0.0003304, val_kl_loss-0.0000000
2025-03-05 19:33:13 - INFO - epoch-133, train_mse_loss-0.0003240, train_kl_loss-0.0000000, val_mse_loss-0.0003298, val_kl_loss-0.0000000
2025-03-05 19:38:10 - INFO - epoch-134, train_mse_loss-0.0003240, train_kl_loss-0.0000000, val_mse_loss-0.0003304, val_kl_loss-0.0000000
2025-03-05 19:43:07 - INFO - epoch-135, train_mse_loss-0.0003240, train_kl_loss-0.0000000, val_mse_loss-0.0003301, val_kl_loss-0.0000000
2025-03-05 19:47:45 - INFO - epoch-136, train_mse_loss-0.0003240, train_kl_loss-0.0000000, val_mse_loss-0.0003309, val_kl_loss-0.0000000
2025-03-05 19:52:06 - INFO - epoch-137, train_mse_loss-0.0003240, train_kl_loss-0.0000000, val_mse_loss-0.0003302, val_kl_loss-0.0000000
2025-03-05 19:56:24 - INFO - epoch-138, train_mse_loss-0.0003240, train_kl_loss-0.0000000, val_mse_loss-0.0003307, val_kl_loss-0.0000000
2025-03-05 20:00:44 - INFO - epoch-139, train_mse_loss-0.0003240, train_kl_loss-0.0000000, val_mse_loss-0.0003305, val_kl_loss-0.0000000
2025-03-05 20:05:03 - INFO - epoch-140, train_mse_loss-0.0003240, train_kl_loss-0.0000000, val_mse_loss-0.0003314, val_kl_loss-0.0000000
2025-03-05 20:09:24 - INFO - epoch-141, train_mse_loss-0.0003240, train_kl_loss-0.0000000, val_mse_loss-0.0003309, val_kl_loss-0.0000000
2025-03-05 20:13:43 - INFO - epoch-142, train_mse_loss-0.0003240, train_kl_loss-0.0000000, val_mse_loss-0.0003317, val_kl_loss-0.0000000
2025-03-05 20:18:02 - INFO - epoch-143, train_mse_loss-0.0003240, train_kl_loss-0.0000000, val_mse_loss-0.0003311, val_kl_loss-0.0000000
2025-03-05 20:22:21 - INFO - epoch-144, train_mse_loss-0.0003240, train_kl_loss-0.0000000, val_mse_loss-0.0003310, val_kl_loss-0.0000000
2025-03-05 20:26:42 - INFO - epoch-145, train_mse_loss-0.0003240, train_kl_loss-0.0000000, val_mse_loss-0.0003313, val_kl_loss-0.0000000
2025-03-05 20:31:00 - INFO - epoch-146, train_mse_loss-0.0003240, train_kl_loss-0.0000000, val_mse_loss-0.0003315, val_kl_loss-0.0000000
2025-03-05 20:35:19 - INFO - epoch-147, train_mse_loss-0.0003240, train_kl_loss-0.0000000, val_mse_loss-0.0003313, val_kl_loss-0.0000000
2025-03-05 20:39:39 - INFO - epoch-148, train_mse_loss-0.0003240, train_kl_loss-0.0000000, val_mse_loss-0.0003316, val_kl_loss-0.0000000
2025-03-05 20:43:59 - INFO - epoch-149, train_mse_loss-0.0003240, train_kl_loss-0.0000000, val_mse_loss-0.0003309, val_kl_loss-0.0000000
2025-03-05 20:48:20 - INFO - epoch-150, train_mse_loss-0.0003240, train_kl_loss-0.0000000, val_mse_loss-0.0003309, val_kl_loss-0.0000000
2025-03-05 20:52:39 - INFO - epoch-151, train_mse_loss-0.0003240, train_kl_loss-0.0000000, val_mse_loss-0.0003322, val_kl_loss-0.0000000
2025-03-05 20:56:57 - INFO - epoch-152, train_mse_loss-0.0003240, train_kl_loss-0.0000000, val_mse_loss-0.0003328, val_kl_loss-0.0000000
2025-03-05 21:01:16 - INFO - epoch-153, train_mse_loss-0.0003240, train_kl_loss-0.0000000, val_mse_loss-0.0003307, val_kl_loss-0.0000000
2025-03-05 21:05:35 - INFO - epoch-154, train_mse_loss-0.0003240, train_kl_loss-0.0000000, val_mse_loss-0.0003322, val_kl_loss-0.0000000
2025-03-05 21:09:54 - INFO - epoch-155, train_mse_loss-0.0003240, train_kl_loss-0.0000000, val_mse_loss-0.0003312, val_kl_loss-0.0000000
2025-03-05 21:14:13 - INFO - epoch-156, train_mse_loss-0.0003240, train_kl_loss-0.0000000, val_mse_loss-0.0003314, val_kl_loss-0.0000000
2025-03-05 21:18:31 - INFO - epoch-157, train_mse_loss-0.0003240, train_kl_loss-0.0000000, val_mse_loss-0.0003317, val_kl_loss-0.0000000
2025-03-05 21:22:49 - INFO - epoch-158, train_mse_loss-0.0003240, train_kl_loss-0.0000000, val_mse_loss-0.0003322, val_kl_loss-0.0000000
2025-03-05 21:27:07 - INFO - epoch-159, train_mse_loss-0.0003240, train_kl_loss-0.0000000, val_mse_loss-0.0003317, val_kl_loss-0.0000000
2025-03-05 21:31:24 - INFO - epoch-160, train_mse_loss-0.0003240, train_kl_loss-0.0000000, val_mse_loss-0.0003319, val_kl_loss-0.0000000
2025-03-05 21:35:41 - INFO - epoch-161, train_mse_loss-0.0003240, train_kl_loss-0.0000000, val_mse_loss-0.0003323, val_kl_loss-0.0000000
2025-03-05 21:39:58 - INFO - epoch-162, train_mse_loss-0.0003240, train_kl_loss-0.0000000, val_mse_loss-0.0003321, val_kl_loss-0.0000000
2025-03-05 21:44:16 - INFO - epoch-163, train_mse_loss-0.0003240, train_kl_loss-0.0000000, val_mse_loss-0.0003323, val_kl_loss-0.0000000
2025-03-05 21:48:33 - INFO - epoch-164, train_mse_loss-0.0003240, train_kl_loss-0.0000000, val_mse_loss-0.0003318, val_kl_loss-0.0000000
2025-03-05 21:52:52 - INFO - epoch-165, train_mse_loss-0.0003240, train_kl_loss-0.0000000, val_mse_loss-0.0003321, val_kl_loss-0.0000000
2025-03-05 21:57:12 - INFO - epoch-166, train_mse_loss-0.0003240, train_kl_loss-0.0000000, val_mse_loss-0.0003321, val_kl_loss-0.0000000
2025-03-05 22:01:31 - INFO - epoch-167, train_mse_loss-0.0003240, train_kl_loss-0.0000000, val_mse_loss-0.0003324, val_kl_loss-0.0000000
2025-03-05 22:05:50 - INFO - epoch-168, train_mse_loss-0.0003240, train_kl_loss-0.0000000, val_mse_loss-0.0003320, val_kl_loss-0.0000000
2025-03-05 22:10:09 - INFO - epoch-169, train_mse_loss-0.0003240, train_kl_loss-0.0000000, val_mse_loss-0.0003321, val_kl_loss-0.0000000
2025-03-05 22:14:27 - INFO - epoch-170, train_mse_loss-0.0003240, train_kl_loss-0.0000000, val_mse_loss-0.0003331, val_kl_loss-0.0000000
2025-03-05 22:18:48 - INFO - epoch-171, train_mse_loss-0.0003240, train_kl_loss-0.0000000, val_mse_loss-0.0003322, val_kl_loss-0.0000000
2025-03-05 22:23:08 - INFO - epoch-172, train_mse_loss-0.0003240, train_kl_loss-0.0000000, val_mse_loss-0.0003317, val_kl_loss-0.0000000
2025-03-05 22:27:25 - INFO - epoch-173, train_mse_loss-0.0003240, train_kl_loss-0.0000000, val_mse_loss-0.0003316, val_kl_loss-0.0000000
2025-03-05 22:31:47 - INFO - epoch-174, train_mse_loss-0.0003240, train_kl_loss-0.0000000, val_mse_loss-0.0003319, val_kl_loss-0.0000000
2025-03-05 22:36:07 - INFO - epoch-175, train_mse_loss-0.0003240, train_kl_loss-0.0000000, val_mse_loss-0.0003324, val_kl_loss-0.0000000
2025-03-05 22:40:27 - INFO - epoch-176, train_mse_loss-0.0003240, train_kl_loss-0.0000000, val_mse_loss-0.0003314, val_kl_loss-0.0000000
2025-03-05 22:44:45 - INFO - epoch-177, train_mse_loss-0.0003240, train_kl_loss-0.0000000, val_mse_loss-0.0003319, val_kl_loss-0.0000000
2025-03-05 22:49:05 - INFO - epoch-178, train_mse_loss-0.0003240, train_kl_loss-0.0000000, val_mse_loss-0.0003319, val_kl_loss-0.0000000
2025-03-05 22:53:23 - INFO - epoch-179, train_mse_loss-0.0003240, train_kl_loss-0.0000000, val_mse_loss-0.0003319, val_kl_loss-0.0000000
2025-03-05 22:57:42 - INFO - epoch-180, train_mse_loss-0.0003240, train_kl_loss-0.0000000, val_mse_loss-0.0003331, val_kl_loss-0.0000000
2025-03-05 23:02:00 - INFO - epoch-181, train_mse_loss-0.0003240, train_kl_loss-0.0000000, val_mse_loss-0.0003317, val_kl_loss-0.0000000
2025-03-05 23:06:20 - INFO - epoch-182, train_mse_loss-0.0003240, train_kl_loss-0.0000000, val_mse_loss-0.0003326, val_kl_loss-0.0000000
2025-03-05 23:10:38 - INFO - epoch-183, train_mse_loss-0.0003240, train_kl_loss-0.0000000, val_mse_loss-0.0003321, val_kl_loss-0.0000000
2025-03-05 23:14:56 - INFO - epoch-184, train_mse_loss-0.0003240, train_kl_loss-0.0000000, val_mse_loss-0.0003319, val_kl_loss-0.0000000
2025-03-05 23:19:14 - INFO - epoch-185, train_mse_loss-0.0003240, train_kl_loss-0.0000000, val_mse_loss-0.0003315, val_kl_loss-0.0000000
2025-03-05 23:23:32 - INFO - epoch-186, train_mse_loss-0.0003240, train_kl_loss-0.0000000, val_mse_loss-0.0003317, val_kl_loss-0.0000000
2025-03-05 23:27:50 - INFO - epoch-187, train_mse_loss-0.0003240, train_kl_loss-0.0000000, val_mse_loss-0.0003319, val_kl_loss-0.0000000
2025-03-05 23:32:08 - INFO - epoch-188, train_mse_loss-0.0003240, train_kl_loss-0.0000000, val_mse_loss-0.0003320, val_kl_loss-0.0000000
2025-03-05 23:36:26 - INFO - epoch-189, train_mse_loss-0.0003240, train_kl_loss-0.0000000, val_mse_loss-0.0003328, val_kl_loss-0.0000000
2025-03-05 23:40:43 - INFO - epoch-190, train_mse_loss-0.0003240, train_kl_loss-0.0000000, val_mse_loss-0.0003317, val_kl_loss-0.0000000
2025-03-05 23:45:00 - INFO - epoch-191, train_mse_loss-0.0003240, train_kl_loss-0.0000000, val_mse_loss-0.0003326, val_kl_loss-0.0000000
2025-03-05 23:49:16 - INFO - epoch-192, train_mse_loss-0.0003240, train_kl_loss-0.0000000, val_mse_loss-0.0003322, val_kl_loss-0.0000000
2025-03-05 23:53:33 - INFO - epoch-193, train_mse_loss-0.0003240, train_kl_loss-0.0000000, val_mse_loss-0.0003324, val_kl_loss-0.0000000
2025-03-05 23:57:50 - INFO - epoch-194, train_mse_loss-0.0003240, train_kl_loss-0.0000000, val_mse_loss-0.0003320, val_kl_loss-0.0000000
2025-03-06 00:02:08 - INFO - epoch-195, train_mse_loss-0.0003240, train_kl_loss-0.0000000, val_mse_loss-0.0003322, val_kl_loss-0.0000000
2025-03-06 00:06:26 - INFO - epoch-196, train_mse_loss-0.0003240, train_kl_loss-0.0000000, val_mse_loss-0.0003321, val_kl_loss-0.0000000
2025-03-06 00:10:43 - INFO - epoch-197, train_mse_loss-0.0003240, train_kl_loss-0.0000000, val_mse_loss-0.0003332, val_kl_loss-0.0000000
2025-03-06 00:15:01 - INFO - epoch-198, train_mse_loss-0.0003240, train_kl_loss-0.0000000, val_mse_loss-0.0003318, val_kl_loss-0.0000000
2025-03-06 00:19:18 - INFO - epoch-199, train_mse_loss-0.0003240, train_kl_loss-0.0000000, val_mse_loss-0.0003323, val_kl_loss-0.0000000
2025-03-06 00:23:36 - INFO - epoch-200, train_mse_loss-0.0003240, train_kl_loss-0.0000000, val_mse_loss-0.0003328, val_kl_loss-0.0000000
2025-03-06 00:27:53 - INFO - epoch-201, train_mse_loss-0.0003240, train_kl_loss-0.0000000, val_mse_loss-0.0003321, val_kl_loss-0.0000000
2025-03-06 00:32:10 - INFO - epoch-202, train_mse_loss-0.0003240, train_kl_loss-0.0000000, val_mse_loss-0.0003315, val_kl_loss-0.0000000
2025-03-06 00:36:28 - INFO - epoch-203, train_mse_loss-0.0003240, train_kl_loss-0.0000000, val_mse_loss-0.0003328, val_kl_loss-0.0000000
2025-03-06 00:40:45 - INFO - epoch-204, train_mse_loss-0.0003240, train_kl_loss-0.0000000, val_mse_loss-0.0003319, val_kl_loss-0.0000000
2025-03-06 00:45:02 - INFO - epoch-205, train_mse_loss-0.0003240, train_kl_loss-0.0000000, val_mse_loss-0.0003323, val_kl_loss-0.0000000
2025-03-06 00:49:20 - INFO - epoch-206, train_mse_loss-0.0003240, train_kl_loss-0.0000000, val_mse_loss-0.0003330, val_kl_loss-0.0000000
2025-03-06 00:53:37 - INFO - epoch-207, train_mse_loss-0.0003240, train_kl_loss-0.0000000, val_mse_loss-0.0003325, val_kl_loss-0.0000000
2025-03-06 00:57:54 - INFO - epoch-208, train_mse_loss-0.0003240, train_kl_loss-0.0000000, val_mse_loss-0.0003324, val_kl_loss-0.0000000
2025-03-06 01:02:12 - INFO - epoch-209, train_mse_loss-0.0003240, train_kl_loss-0.0000000, val_mse_loss-0.0003321, val_kl_loss-0.0000000
2025-03-06 01:06:30 - INFO - epoch-210, train_mse_loss-0.0003240, train_kl_loss-0.0000000, val_mse_loss-0.0003326, val_kl_loss-0.0000000
2025-03-06 01:10:47 - INFO - epoch-211, train_mse_loss-0.0003240, train_kl_loss-0.0000000, val_mse_loss-0.0003326, val_kl_loss-0.0000000
2025-03-06 01:15:05 - INFO - epoch-212, train_mse_loss-0.0003240, train_kl_loss-0.0000000, val_mse_loss-0.0003317, val_kl_loss-0.0000000
2025-03-06 01:19:23 - INFO - epoch-213, train_mse_loss-0.0003240, train_kl_loss-0.0000000, val_mse_loss-0.0003327, val_kl_loss-0.0000000
2025-03-06 01:23:40 - INFO - epoch-214, train_mse_loss-0.0003240, train_kl_loss-0.0000000, val_mse_loss-0.0003322, val_kl_loss-0.0000000
2025-03-06 01:27:58 - INFO - epoch-215, train_mse_loss-0.0003240, train_kl_loss-0.0000000, val_mse_loss-0.0003325, val_kl_loss-0.0000000
2025-03-06 01:32:14 - INFO - epoch-216, train_mse_loss-0.0003240, train_kl_loss-0.0000000, val_mse_loss-0.0003330, val_kl_loss-0.0000000
2025-03-06 01:36:35 - INFO - epoch-217, train_mse_loss-0.0003240, train_kl_loss-0.0000000, val_mse_loss-0.0003322, val_kl_loss-0.0000000
2025-03-06 01:40:52 - INFO - epoch-218, train_mse_loss-0.0003240, train_kl_loss-0.0000000, val_mse_loss-0.0003323, val_kl_loss-0.0000000
2025-03-06 01:45:10 - INFO - epoch-219, train_mse_loss-0.0003240, train_kl_loss-0.0000000, val_mse_loss-0.0003322, val_kl_loss-0.0000000
2025-03-06 01:49:28 - INFO - epoch-220, train_mse_loss-0.0003240, train_kl_loss-0.0000000, val_mse_loss-0.0003325, val_kl_loss-0.0000000
2025-03-06 01:53:46 - INFO - epoch-221, train_mse_loss-0.0003240, train_kl_loss-0.0000000, val_mse_loss-0.0003318, val_kl_loss-0.0000000
2025-03-06 01:58:05 - INFO - epoch-222, train_mse_loss-0.0003240, train_kl_loss-0.0000000, val_mse_loss-0.0003320, val_kl_loss-0.0000000
2025-03-06 02:02:22 - INFO - epoch-223, train_mse_loss-0.0003240, train_kl_loss-0.0000000, val_mse_loss-0.0003324, val_kl_loss-0.0000000
2025-03-06 02:06:45 - INFO - epoch-224, train_mse_loss-0.0003240, train_kl_loss-0.0000000, val_mse_loss-0.0003321, val_kl_loss-0.0000000
2025-03-06 02:11:04 - INFO - epoch-225, train_mse_loss-0.0003240, train_kl_loss-0.0000000, val_mse_loss-0.0003315, val_kl_loss-0.0000000
2025-03-06 02:15:22 - INFO - epoch-226, train_mse_loss-0.0003240, train_kl_loss-0.0000000, val_mse_loss-0.0003321, val_kl_loss-0.0000000
2025-03-06 02:19:39 - INFO - epoch-227, train_mse_loss-0.0003240, train_kl_loss-0.0000000, val_mse_loss-0.0003329, val_kl_loss-0.0000000
2025-03-06 02:23:58 - INFO - epoch-228, train_mse_loss-0.0003240, train_kl_loss-0.0000000, val_mse_loss-0.0003330, val_kl_loss-0.0000000
2025-03-06 02:28:16 - INFO - epoch-229, train_mse_loss-0.0003240, train_kl_loss-0.0000000, val_mse_loss-0.0003331, val_kl_loss-0.0000000
2025-03-06 02:32:35 - INFO - epoch-230, train_mse_loss-0.0003240, train_kl_loss-0.0000000, val_mse_loss-0.0003320, val_kl_loss-0.0000000
2025-03-06 02:36:53 - INFO - epoch-231, train_mse_loss-0.0003240, train_kl_loss-0.0000000, val_mse_loss-0.0003323, val_kl_loss-0.0000000
2025-03-06 02:41:11 - INFO - epoch-232, train_mse_loss-0.0003240, train_kl_loss-0.0000000, val_mse_loss-0.0003326, val_kl_loss-0.0000000
2025-03-06 02:45:29 - INFO - epoch-233, train_mse_loss-0.0003240, train_kl_loss-0.0000000, val_mse_loss-0.0003319, val_kl_loss-0.0000000
2025-03-06 02:49:48 - INFO - epoch-234, train_mse_loss-0.0003240, train_kl_loss-0.0000000, val_mse_loss-0.0003321, val_kl_loss-0.0000000
2025-03-06 02:54:06 - INFO - epoch-235, train_mse_loss-0.0003240, train_kl_loss-0.0000000, val_mse_loss-0.0003323, val_kl_loss-0.0000000
2025-03-06 02:58:24 - INFO - epoch-236, train_mse_loss-0.0003240, train_kl_loss-0.0000000, val_mse_loss-0.0003320, val_kl_loss-0.0000000
2025-03-06 03:02:42 - INFO - epoch-237, train_mse_loss-0.0003240, train_kl_loss-0.0000000, val_mse_loss-0.0003325, val_kl_loss-0.0000000
2025-03-06 03:07:00 - INFO - epoch-238, train_mse_loss-0.0003240, train_kl_loss-0.0000000, val_mse_loss-0.0003319, val_kl_loss-0.0000000
2025-03-06 03:11:18 - INFO - epoch-239, train_mse_loss-0.0003240, train_kl_loss-0.0000000, val_mse_loss-0.0003324, val_kl_loss-0.0000000
2025-03-06 03:15:39 - INFO - epoch-240, train_mse_loss-0.0003240, train_kl_loss-0.0000000, val_mse_loss-0.0003330, val_kl_loss-0.0000000
2025-03-06 03:19:58 - INFO - epoch-241, train_mse_loss-0.0003240, train_kl_loss-0.0000000, val_mse_loss-0.0003325, val_kl_loss-0.0000000
2025-03-06 03:24:18 - INFO - epoch-242, train_mse_loss-0.0003240, train_kl_loss-0.0000000, val_mse_loss-0.0003317, val_kl_loss-0.0000000
2025-03-06 03:28:36 - INFO - epoch-243, train_mse_loss-0.0003240, train_kl_loss-0.0000000, val_mse_loss-0.0003324, val_kl_loss-0.0000000
2025-03-06 03:32:54 - INFO - epoch-244, train_mse_loss-0.0003241, train_kl_loss-0.0000000, val_mse_loss-0.0003330, val_kl_loss-0.0000000
2025-03-06 03:37:12 - INFO - epoch-245, train_mse_loss-0.0003240, train_kl_loss-0.0000000, val_mse_loss-0.0003321, val_kl_loss-0.0000000
2025-03-06 03:41:30 - INFO - epoch-246, train_mse_loss-0.0003240, train_kl_loss-0.0000000, val_mse_loss-0.0003319, val_kl_loss-0.0000000
2025-03-06 03:45:48 - INFO - epoch-247, train_mse_loss-0.0003240, train_kl_loss-0.0000000, val_mse_loss-0.0003326, val_kl_loss-0.0000000
2025-03-06 03:50:06 - INFO - epoch-248, train_mse_loss-0.0003240, train_kl_loss-0.0000000, val_mse_loss-0.0003321, val_kl_loss-0.0000000
2025-03-06 03:54:25 - INFO - epoch-249, train_mse_loss-0.0003240, train_kl_loss-0.0000000, val_mse_loss-0.0003321, val_kl_loss-0.0000000
2025-03-06 03:58:44 - INFO - epoch-250, train_mse_loss-0.0003240, train_kl_loss-0.0000000, val_mse_loss-0.0003328, val_kl_loss-0.0000000
2025-03-06 04:03:02 - INFO - epoch-251, train_mse_loss-0.0003240, train_kl_loss-0.0000000, val_mse_loss-0.0003322, val_kl_loss-0.0000000
2025-03-06 04:07:21 - INFO - epoch-252, train_mse_loss-0.0003240, train_kl_loss-0.0000000, val_mse_loss-0.0003321, val_kl_loss-0.0000000
2025-03-06 04:11:39 - INFO - epoch-253, train_mse_loss-0.0003240, train_kl_loss-0.0000000, val_mse_loss-0.0003326, val_kl_loss-0.0000000
2025-03-06 04:15:57 - INFO - epoch-254, train_mse_loss-0.0003240, train_kl_loss-0.0000000, val_mse_loss-0.0003322, val_kl_loss-0.0000000
2025-03-06 04:20:16 - INFO - epoch-255, train_mse_loss-0.0003240, train_kl_loss-0.0000000, val_mse_loss-0.0003323, val_kl_loss-0.0000000
2025-03-06 04:24:34 - INFO - epoch-256, train_mse_loss-0.0003241, train_kl_loss-0.0000000, val_mse_loss-0.0003310, val_kl_loss-0.0000000
2025-03-06 04:28:53 - INFO - epoch-257, train_mse_loss-0.0003240, train_kl_loss-0.0000000, val_mse_loss-0.0003319, val_kl_loss-0.0000000
2025-03-06 04:33:10 - INFO - epoch-258, train_mse_loss-0.0003240, train_kl_loss-0.0000000, val_mse_loss-0.0003320, val_kl_loss-0.0000000
2025-03-06 04:37:29 - INFO - epoch-259, train_mse_loss-0.0003241, train_kl_loss-0.0000000, val_mse_loss-0.0003320, val_kl_loss-0.0000000
2025-03-06 04:41:48 - INFO - epoch-260, train_mse_loss-0.0003240, train_kl_loss-0.0000000, val_mse_loss-0.0003319, val_kl_loss-0.0000000
2025-03-06 04:46:07 - INFO - epoch-261, train_mse_loss-0.0003240, train_kl_loss-0.0000000, val_mse_loss-0.0003320, val_kl_loss-0.0000000
2025-03-06 04:50:25 - INFO - epoch-262, train_mse_loss-0.0003241, train_kl_loss-0.0000000, val_mse_loss-0.0003318, val_kl_loss-0.0000000
2025-03-06 04:54:44 - INFO - epoch-263, train_mse_loss-0.0003241, train_kl_loss-0.0000000, val_mse_loss-0.0003310, val_kl_loss-0.0000000
2025-03-06 04:59:07 - INFO - epoch-264, train_mse_loss-0.0003240, train_kl_loss-0.0000000, val_mse_loss-0.0003319, val_kl_loss-0.0000000
2025-03-06 05:03:27 - INFO - epoch-265, train_mse_loss-0.0003240, train_kl_loss-0.0000000, val_mse_loss-0.0003329, val_kl_loss-0.0000000
2025-03-06 05:07:46 - INFO - epoch-266, train_mse_loss-0.0003240, train_kl_loss-0.0000000, val_mse_loss-0.0003312, val_kl_loss-0.0000000
2025-03-06 05:12:06 - INFO - epoch-267, train_mse_loss-0.0003240, train_kl_loss-0.0000000, val_mse_loss-0.0003314, val_kl_loss-0.0000000
2025-03-06 05:16:26 - INFO - epoch-268, train_mse_loss-0.0003240, train_kl_loss-0.0000000, val_mse_loss-0.0003316, val_kl_loss-0.0000000
2025-03-06 05:20:47 - INFO - epoch-269, train_mse_loss-0.0003240, train_kl_loss-0.0000000, val_mse_loss-0.0003318, val_kl_loss-0.0000000
2025-03-06 05:25:06 - INFO - epoch-270, train_mse_loss-0.0003240, train_kl_loss-0.0000000, val_mse_loss-0.0003322, val_kl_loss-0.0000000
2025-03-06 05:29:27 - INFO - epoch-271, train_mse_loss-0.0003240, train_kl_loss-0.0000000, val_mse_loss-0.0003322, val_kl_loss-0.0000000
2025-03-06 05:33:48 - INFO - epoch-272, train_mse_loss-0.0003241, train_kl_loss-0.0000000, val_mse_loss-0.0003316, val_kl_loss-0.0000000
2025-03-06 05:38:09 - INFO - epoch-273, train_mse_loss-0.0003240, train_kl_loss-0.0000000, val_mse_loss-0.0003320, val_kl_loss-0.0000000
2025-03-06 05:42:27 - INFO - epoch-274, train_mse_loss-0.0003240, train_kl_loss-0.0000000, val_mse_loss-0.0003317, val_kl_loss-0.0000000
2025-03-06 05:46:47 - INFO - epoch-275, train_mse_loss-0.0003240, train_kl_loss-0.0000000, val_mse_loss-0.0003315, val_kl_loss-0.0000000
2025-03-06 05:51:07 - INFO - epoch-276, train_mse_loss-0.0003241, train_kl_loss-0.0000000, val_mse_loss-0.0003312, val_kl_loss-0.0000000
2025-03-06 05:55:26 - INFO - epoch-277, train_mse_loss-0.0003241, train_kl_loss-0.0000000, val_mse_loss-0.0003321, val_kl_loss-0.0000000
2025-03-06 05:59:47 - INFO - epoch-278, train_mse_loss-0.0003241, train_kl_loss-0.0000000, val_mse_loss-0.0003315, val_kl_loss-0.0000000
2025-03-06 06:04:05 - INFO - epoch-279, train_mse_loss-0.0003240, train_kl_loss-0.0000000, val_mse_loss-0.0003317, val_kl_loss-0.0000000
2025-03-06 06:08:25 - INFO - epoch-280, train_mse_loss-0.0003240, train_kl_loss-0.0000000, val_mse_loss-0.0003321, val_kl_loss-0.0000000
2025-03-06 06:12:43 - INFO - epoch-281, train_mse_loss-0.0003241, train_kl_loss-0.0000000, val_mse_loss-0.0003319, val_kl_loss-0.0000000
2025-03-06 06:17:04 - INFO - epoch-282, train_mse_loss-0.0003240, train_kl_loss-0.0000000, val_mse_loss-0.0003320, val_kl_loss-0.0000000
2025-03-06 06:21:23 - INFO - epoch-283, train_mse_loss-0.0003241, train_kl_loss-0.0000000, val_mse_loss-0.0003320, val_kl_loss-0.0000000
2025-03-06 06:25:42 - INFO - epoch-284, train_mse_loss-0.0003241, train_kl_loss-0.0000000, val_mse_loss-0.0003309, val_kl_loss-0.0000000
2025-03-06 06:30:00 - INFO - epoch-285, train_mse_loss-0.0003240, train_kl_loss-0.0000000, val_mse_loss-0.0003310, val_kl_loss-0.0000000
2025-03-06 06:34:19 - INFO - epoch-286, train_mse_loss-0.0003240, train_kl_loss-0.0000000, val_mse_loss-0.0003317, val_kl_loss-0.0000000
2025-03-06 06:38:37 - INFO - epoch-287, train_mse_loss-0.0003240, train_kl_loss-0.0000000, val_mse_loss-0.0003320, val_kl_loss-0.0000000
2025-03-06 06:42:57 - INFO - epoch-288, train_mse_loss-0.0003241, train_kl_loss-0.0000000, val_mse_loss-0.0003316, val_kl_loss-0.0000000
2025-03-06 06:47:16 - INFO - epoch-289, train_mse_loss-0.0003241, train_kl_loss-0.0000000, val_mse_loss-0.0003310, val_kl_loss-0.0000000
2025-03-06 06:51:36 - INFO - epoch-290, train_mse_loss-0.0003241, train_kl_loss-0.0000000, val_mse_loss-0.0003317, val_kl_loss-0.0000000
2025-03-06 06:55:54 - INFO - epoch-291, train_mse_loss-0.0003241, train_kl_loss-0.0000000, val_mse_loss-0.0003318, val_kl_loss-0.0000000
2025-03-06 07:00:15 - INFO - epoch-292, train_mse_loss-0.0003240, train_kl_loss-0.0000000, val_mse_loss-0.0003316, val_kl_loss-0.0000000
2025-03-06 07:04:37 - INFO - epoch-293, train_mse_loss-0.0003241, train_kl_loss-0.0000000, val_mse_loss-0.0003316, val_kl_loss-0.0000000
2025-03-06 07:08:56 - INFO - epoch-294, train_mse_loss-0.0003240, train_kl_loss-0.0000000, val_mse_loss-0.0003320, val_kl_loss-0.0000000
2025-03-06 07:13:14 - INFO - epoch-295, train_mse_loss-0.0003240, train_kl_loss-0.0000000, val_mse_loss-0.0003316, val_kl_loss-0.0000000
2025-03-06 07:17:33 - INFO - epoch-296, train_mse_loss-0.0003241, train_kl_loss-0.0000000, val_mse_loss-0.0003316, val_kl_loss-0.0000000
2025-03-06 07:21:52 - INFO - epoch-297, train_mse_loss-0.0003240, train_kl_loss-0.0000000, val_mse_loss-0.0003317, val_kl_loss-0.0000000
2025-03-06 07:26:11 - INFO - epoch-298, train_mse_loss-0.0003241, train_kl_loss-0.0000000, val_mse_loss-0.0003310, val_kl_loss-0.0000000
2025-03-06 07:30:31 - INFO - epoch-299, train_mse_loss-0.0003240, train_kl_loss-0.0000000, val_mse_loss-0.0003323, val_kl_loss-0.0000000
2025-03-06 07:34:50 - INFO - epoch-300, train_mse_loss-0.0003241, train_kl_loss-0.0000000, val_mse_loss-0.0003314, val_kl_loss-0.0000000
2025-03-06 07:39:10 - INFO - epoch-301, train_mse_loss-0.0003241, train_kl_loss-0.0000000, val_mse_loss-0.0003314, val_kl_loss-0.0000000
2025-03-06 07:43:30 - INFO - epoch-302, train_mse_loss-0.0003241, train_kl_loss-0.0000000, val_mse_loss-0.0003315, val_kl_loss-0.0000000
2025-03-06 07:47:51 - INFO - epoch-303, train_mse_loss-0.0003241, train_kl_loss-0.0000000, val_mse_loss-0.0003316, val_kl_loss-0.0000000
2025-03-06 07:52:12 - INFO - epoch-304, train_mse_loss-0.0003241, train_kl_loss-0.0000000, val_mse_loss-0.0003313, val_kl_loss-0.0000000
2025-03-06 07:56:32 - INFO - epoch-305, train_mse_loss-0.0003241, train_kl_loss-0.0000000, val_mse_loss-0.0003323, val_kl_loss-0.0000000
2025-03-06 08:00:55 - INFO - epoch-306, train_mse_loss-0.0003241, train_kl_loss-0.0000000, val_mse_loss-0.0003312, val_kl_loss-0.0000000
2025-03-06 08:05:18 - INFO - epoch-307, train_mse_loss-0.0003241, train_kl_loss-0.0000000, val_mse_loss-0.0003316, val_kl_loss-0.0000000
2025-03-06 08:09:44 - INFO - epoch-308, train_mse_loss-0.0003241, train_kl_loss-0.0000000, val_mse_loss-0.0003309, val_kl_loss-0.0000000
2025-03-06 08:14:08 - INFO - epoch-309, train_mse_loss-0.0003241, train_kl_loss-0.0000000, val_mse_loss-0.0003313, val_kl_loss-0.0000000
2025-03-06 08:18:33 - INFO - epoch-310, train_mse_loss-0.0003241, train_kl_loss-0.0000000, val_mse_loss-0.0003308, val_kl_loss-0.0000000
2025-03-06 08:22:57 - INFO - epoch-311, train_mse_loss-0.0003241, train_kl_loss-0.0000000, val_mse_loss-0.0003317, val_kl_loss-0.0000000
2025-03-06 08:27:21 - INFO - epoch-312, train_mse_loss-0.0003241, train_kl_loss-0.0000000, val_mse_loss-0.0003306, val_kl_loss-0.0000000
2025-03-06 08:31:42 - INFO - epoch-313, train_mse_loss-0.0003241, train_kl_loss-0.0000000, val_mse_loss-0.0003316, val_kl_loss-0.0000000
2025-03-06 08:36:06 - INFO - epoch-314, train_mse_loss-0.0003241, train_kl_loss-0.0000000, val_mse_loss-0.0003313, val_kl_loss-0.0000000
2025-03-06 08:40:29 - INFO - epoch-315, train_mse_loss-0.0003240, train_kl_loss-0.0000000, val_mse_loss-0.0003315, val_kl_loss-0.0000000
2025-03-06 08:44:56 - INFO - epoch-316, train_mse_loss-0.0003241, train_kl_loss-0.0000000, val_mse_loss-0.0003314, val_kl_loss-0.0000000
2025-03-06 08:49:21 - INFO - epoch-317, train_mse_loss-0.0003240, train_kl_loss-0.0000000, val_mse_loss-0.0003307, val_kl_loss-0.0000000
2025-03-06 08:53:45 - INFO - epoch-318, train_mse_loss-0.0003241, train_kl_loss-0.0000000, val_mse_loss-0.0003320, val_kl_loss-0.0000000
2025-03-06 08:58:10 - INFO - epoch-319, train_mse_loss-0.0003241, train_kl_loss-0.0000000, val_mse_loss-0.0003320, val_kl_loss-0.0000000
2025-03-06 09:02:39 - INFO - epoch-320, train_mse_loss-0.0003241, train_kl_loss-0.0000000, val_mse_loss-0.0003314, val_kl_loss-0.0000000
2025-03-06 09:07:19 - INFO - epoch-321, train_mse_loss-0.0003241, train_kl_loss-0.0000000, val_mse_loss-0.0003304, val_kl_loss-0.0000000
2025-03-06 09:11:56 - INFO - epoch-322, train_mse_loss-0.0003241, train_kl_loss-0.0000000, val_mse_loss-0.0003318, val_kl_loss-0.0000000
2025-03-06 09:16:38 - INFO - epoch-323, train_mse_loss-0.0003241, train_kl_loss-0.0000000, val_mse_loss-0.0003318, val_kl_loss-0.0000000
2025-03-06 09:21:09 - INFO - epoch-324, train_mse_loss-0.0003241, train_kl_loss-0.0000000, val_mse_loss-0.0003309, val_kl_loss-0.0000000
2025-03-06 09:25:38 - INFO - epoch-325, train_mse_loss-0.0003240, train_kl_loss-0.0000000, val_mse_loss-0.0003331, val_kl_loss-0.0000000
2025-03-06 09:30:08 - INFO - epoch-326, train_mse_loss-0.0003241, train_kl_loss-0.0000000, val_mse_loss-0.0003316, val_kl_loss-0.0000000
2025-03-06 09:34:35 - INFO - epoch-327, train_mse_loss-0.0003240, train_kl_loss-0.0000000, val_mse_loss-0.0003321, val_kl_loss-0.0000000
2025-03-06 09:38:55 - INFO - epoch-328, train_mse_loss-0.0003240, train_kl_loss-0.0000000, val_mse_loss-0.0003319, val_kl_loss-0.0000000
2025-03-06 09:43:16 - INFO - epoch-329, train_mse_loss-0.0003241, train_kl_loss-0.0000000, val_mse_loss-0.0003321, val_kl_loss-0.0000000
2025-03-06 09:47:37 - INFO - epoch-330, train_mse_loss-0.0003241, train_kl_loss-0.0000000, val_mse_loss-0.0003323, val_kl_loss-0.0000000
2025-03-06 09:51:56 - INFO - epoch-331, train_mse_loss-0.0003241, train_kl_loss-0.0000000, val_mse_loss-0.0003319, val_kl_loss-0.0000000
2025-03-06 09:56:14 - INFO - epoch-332, train_mse_loss-0.0003240, train_kl_loss-0.0000000, val_mse_loss-0.0003315, val_kl_loss-0.0000000
2025-03-06 10:00:33 - INFO - epoch-333, train_mse_loss-0.0003241, train_kl_loss-0.0000000, val_mse_loss-0.0003321, val_kl_loss-0.0000000
2025-03-06 10:04:54 - INFO - epoch-334, train_mse_loss-0.0003241, train_kl_loss-0.0000000, val_mse_loss-0.0003312, val_kl_loss-0.0000000
2025-03-06 10:09:14 - INFO - epoch-335, train_mse_loss-0.0003241, train_kl_loss-0.0000000, val_mse_loss-0.0003313, val_kl_loss-0.0000000
2025-03-06 10:13:32 - INFO - epoch-336, train_mse_loss-0.0003240, train_kl_loss-0.0000000, val_mse_loss-0.0003321, val_kl_loss-0.0000000
2025-03-06 10:17:51 - INFO - epoch-337, train_mse_loss-0.0003241, train_kl_loss-0.0000000, val_mse_loss-0.0003309, val_kl_loss-0.0000000
2025-03-06 10:22:10 - INFO - epoch-338, train_mse_loss-0.0003241, train_kl_loss-0.0000000, val_mse_loss-0.0003311, val_kl_loss-0.0000000
2025-03-06 10:26:30 - INFO - epoch-339, train_mse_loss-0.0003240, train_kl_loss-0.0000000, val_mse_loss-0.0003318, val_kl_loss-0.0000000
2025-03-06 10:30:49 - INFO - epoch-340, train_mse_loss-0.0003241, train_kl_loss-0.0000000, val_mse_loss-0.0003321, val_kl_loss-0.0000000
2025-03-06 10:35:12 - INFO - epoch-341, train_mse_loss-0.0003241, train_kl_loss-0.0000000, val_mse_loss-0.0003316, val_kl_loss-0.0000000
2025-03-06 10:39:32 - INFO - epoch-342, train_mse_loss-0.0003241, train_kl_loss-0.0000000, val_mse_loss-0.0003315, val_kl_loss-0.0000000
2025-03-06 10:43:49 - INFO - epoch-343, train_mse_loss-0.0003241, train_kl_loss-0.0000000, val_mse_loss-0.0003318, val_kl_loss-0.0000000
2025-03-06 10:48:08 - INFO - epoch-344, train_mse_loss-0.0003240, train_kl_loss-0.0000000, val_mse_loss-0.0003317, val_kl_loss-0.0000000
2025-03-06 10:52:27 - INFO - epoch-345, train_mse_loss-0.0003241, train_kl_loss-0.0000000, val_mse_loss-0.0003318, val_kl_loss-0.0000000
2025-03-06 10:56:47 - INFO - epoch-346, train_mse_loss-0.0003241, train_kl_loss-0.0000000, val_mse_loss-0.0003306, val_kl_loss-0.0000000
2025-03-06 11:01:05 - INFO - epoch-347, train_mse_loss-0.0003241, train_kl_loss-0.0000000, val_mse_loss-0.0003322, val_kl_loss-0.0000000
2025-03-06 11:05:24 - INFO - epoch-348, train_mse_loss-0.0003240, train_kl_loss-0.0000000, val_mse_loss-0.0003313, val_kl_loss-0.0000000
2025-03-06 11:09:42 - INFO - epoch-349, train_mse_loss-0.0003241, train_kl_loss-0.0000000, val_mse_loss-0.0003322, val_kl_loss-0.0000000
2025-03-06 11:14:02 - INFO - epoch-350, train_mse_loss-0.0003241, train_kl_loss-0.0000000, val_mse_loss-0.0003318, val_kl_loss-0.0000000
2025-03-06 11:18:21 - INFO - epoch-351, train_mse_loss-0.0003241, train_kl_loss-0.0000000, val_mse_loss-0.0003317, val_kl_loss-0.0000000
2025-03-06 11:22:40 - INFO - epoch-352, train_mse_loss-0.0003241, train_kl_loss-0.0000000, val_mse_loss-0.0003314, val_kl_loss-0.0000000
2025-03-06 11:26:58 - INFO - epoch-353, train_mse_loss-0.0003241, train_kl_loss-0.0000000, val_mse_loss-0.0003321, val_kl_loss-0.0000000
2025-03-06 11:31:18 - INFO - epoch-354, train_mse_loss-0.0003241, train_kl_loss-0.0000000, val_mse_loss-0.0003313, val_kl_loss-0.0000000
2025-03-06 11:35:37 - INFO - epoch-355, train_mse_loss-0.0003241, train_kl_loss-0.0000000, val_mse_loss-0.0003324, val_kl_loss-0.0000000
2025-03-06 11:39:55 - INFO - epoch-356, train_mse_loss-0.0003240, train_kl_loss-0.0000000, val_mse_loss-0.0003323, val_kl_loss-0.0000000
2025-03-06 11:44:14 - INFO - epoch-357, train_mse_loss-0.0003241, train_kl_loss-0.0000000, val_mse_loss-0.0003310, val_kl_loss-0.0000000
2025-03-06 11:48:31 - INFO - epoch-358, train_mse_loss-0.0003241, train_kl_loss-0.0000000, val_mse_loss-0.0003321, val_kl_loss-0.0000000
2025-03-06 11:52:50 - INFO - epoch-359, train_mse_loss-0.0003240, train_kl_loss-0.0000000, val_mse_loss-0.0003320, val_kl_loss-0.0000000
2025-03-06 11:57:08 - INFO - epoch-360, train_mse_loss-0.0003241, train_kl_loss-0.0000000, val_mse_loss-0.0003329, val_kl_loss-0.0000000
2025-03-06 12:01:26 - INFO - epoch-361, train_mse_loss-0.0003241, train_kl_loss-0.0000000, val_mse_loss-0.0003327, val_kl_loss-0.0000000
2025-03-06 12:05:45 - INFO - epoch-362, train_mse_loss-0.0003240, train_kl_loss-0.0000000, val_mse_loss-0.0003320, val_kl_loss-0.0000000
2025-03-06 12:10:02 - INFO - epoch-363, train_mse_loss-0.0003240, train_kl_loss-0.0000000, val_mse_loss-0.0003314, val_kl_loss-0.0000000
2025-03-06 12:14:19 - INFO - epoch-364, train_mse_loss-0.0003240, train_kl_loss-0.0000000, val_mse_loss-0.0003324, val_kl_loss-0.0000000
2025-03-06 12:18:37 - INFO - epoch-365, train_mse_loss-0.0003241, train_kl_loss-0.0000000, val_mse_loss-0.0003318, val_kl_loss-0.0000000
2025-03-06 12:22:54 - INFO - epoch-366, train_mse_loss-0.0003241, train_kl_loss-0.0000000, val_mse_loss-0.0003316, val_kl_loss-0.0000000
2025-03-06 12:27:12 - INFO - epoch-367, train_mse_loss-0.0003241, train_kl_loss-0.0000000, val_mse_loss-0.0003317, val_kl_loss-0.0000000
2025-03-06 12:31:31 - INFO - epoch-368, train_mse_loss-0.0003241, train_kl_loss-0.0000000, val_mse_loss-0.0003323, val_kl_loss-0.0000000
2025-03-06 12:35:49 - INFO - epoch-369, train_mse_loss-0.0003241, train_kl_loss-0.0000000, val_mse_loss-0.0003322, val_kl_loss-0.0000000
2025-03-06 12:40:08 - INFO - epoch-370, train_mse_loss-0.0003240, train_kl_loss-0.0000000, val_mse_loss-0.0003318, val_kl_loss-0.0000000
2025-03-06 12:44:25 - INFO - epoch-371, train_mse_loss-0.0003241, train_kl_loss-0.0000000, val_mse_loss-0.0003321, val_kl_loss-0.0000000
2025-03-06 12:48:43 - INFO - epoch-372, train_mse_loss-0.0003240, train_kl_loss-0.0000000, val_mse_loss-0.0003314, val_kl_loss-0.0000000
2025-03-06 12:53:03 - INFO - epoch-373, train_mse_loss-0.0003240, train_kl_loss-0.0000000, val_mse_loss-0.0003322, val_kl_loss-0.0000000
2025-03-06 12:57:22 - INFO - epoch-374, train_mse_loss-0.0003241, train_kl_loss-0.0000000, val_mse_loss-0.0003315, val_kl_loss-0.0000000
2025-03-06 13:01:39 - INFO - epoch-375, train_mse_loss-0.0003241, train_kl_loss-0.0000000, val_mse_loss-0.0003312, val_kl_loss-0.0000000
2025-03-06 13:05:59 - INFO - epoch-376, train_mse_loss-0.0003240, train_kl_loss-0.0000000, val_mse_loss-0.0003325, val_kl_loss-0.0000000
2025-03-06 13:10:17 - INFO - epoch-377, train_mse_loss-0.0003241, train_kl_loss-0.0000000, val_mse_loss-0.0003312, val_kl_loss-0.0000000
2025-03-06 13:14:34 - INFO - epoch-378, train_mse_loss-0.0003240, train_kl_loss-0.0000000, val_mse_loss-0.0003314, val_kl_loss-0.0000000
2025-03-06 13:18:53 - INFO - epoch-379, train_mse_loss-0.0003240, train_kl_loss-0.0000000, val_mse_loss-0.0003320, val_kl_loss-0.0000000
2025-03-06 13:23:13 - INFO - epoch-380, train_mse_loss-0.0003240, train_kl_loss-0.0000000, val_mse_loss-0.0003317, val_kl_loss-0.0000000
2025-03-06 13:27:32 - INFO - epoch-381, train_mse_loss-0.0003241, train_kl_loss-0.0000000, val_mse_loss-0.0003317, val_kl_loss-0.0000000
2025-03-06 13:31:53 - INFO - epoch-382, train_mse_loss-0.0003241, train_kl_loss-0.0000000, val_mse_loss-0.0003322, val_kl_loss-0.0000000
2025-03-06 13:36:11 - INFO - epoch-383, train_mse_loss-0.0003240, train_kl_loss-0.0000000, val_mse_loss-0.0003316, val_kl_loss-0.0000000
2025-03-06 13:40:30 - INFO - epoch-384, train_mse_loss-0.0003240, train_kl_loss-0.0000000, val_mse_loss-0.0003321, val_kl_loss-0.0000000
2025-03-06 13:44:49 - INFO - epoch-385, train_mse_loss-0.0003240, train_kl_loss-0.0000000, val_mse_loss-0.0003322, val_kl_loss-0.0000000
2025-03-06 13:49:10 - INFO - epoch-386, train_mse_loss-0.0003241, train_kl_loss-0.0000000, val_mse_loss-0.0003318, val_kl_loss-0.0000000
2025-03-06 13:53:30 - INFO - epoch-387, train_mse_loss-0.0003240, train_kl_loss-0.0000000, val_mse_loss-0.0003326, val_kl_loss-0.0000000
2025-03-06 13:57:50 - INFO - epoch-388, train_mse_loss-0.0003241, train_kl_loss-0.0000000, val_mse_loss-0.0003320, val_kl_loss-0.0000000
2025-03-06 14:02:09 - INFO - epoch-389, train_mse_loss-0.0003241, train_kl_loss-0.0000000, val_mse_loss-0.0003313, val_kl_loss-0.0000000
2025-03-06 14:06:29 - INFO - epoch-390, train_mse_loss-0.0003241, train_kl_loss-0.0000000, val_mse_loss-0.0003325, val_kl_loss-0.0000000
2025-03-06 14:10:48 - INFO - epoch-391, train_mse_loss-0.0003240, train_kl_loss-0.0000000, val_mse_loss-0.0003320, val_kl_loss-0.0000000
2025-03-06 14:15:08 - INFO - epoch-392, train_mse_loss-0.0003241, train_kl_loss-0.0000000, val_mse_loss-0.0003315, val_kl_loss-0.0000000
2025-03-06 14:19:28 - INFO - epoch-393, train_mse_loss-0.0003240, train_kl_loss-0.0000000, val_mse_loss-0.0003321, val_kl_loss-0.0000000
2025-03-06 14:23:48 - INFO - epoch-394, train_mse_loss-0.0003240, train_kl_loss-0.0000000, val_mse_loss-0.0003316, val_kl_loss-0.0000000
2025-03-06 14:28:09 - INFO - epoch-395, train_mse_loss-0.0003241, train_kl_loss-0.0000000, val_mse_loss-0.0003319, val_kl_loss-0.0000000
2025-03-06 14:32:28 - INFO - epoch-396, train_mse_loss-0.0003240, train_kl_loss-0.0000000, val_mse_loss-0.0003328, val_kl_loss-0.0000000
2025-03-06 14:36:48 - INFO - epoch-397, train_mse_loss-0.0003240, train_kl_loss-0.0000000, val_mse_loss-0.0003321, val_kl_loss-0.0000000
2025-03-06 14:41:08 - INFO - epoch-398, train_mse_loss-0.0003240, train_kl_loss-0.0000000, val_mse_loss-0.0003319, val_kl_loss-0.0000000
2025-03-06 14:45:29 - INFO - epoch-399, train_mse_loss-0.0003241, train_kl_loss-0.0000000, val_mse_loss-0.0003328, val_kl_loss-0.0000000
2025-03-06 14:49:48 - INFO - epoch-400, train_mse_loss-0.0003241, train_kl_loss-0.0000000, val_mse_loss-0.0003324, val_kl_loss-0.0000000
2025-03-06 14:54:07 - INFO - epoch-401, train_mse_loss-0.0003241, train_kl_loss-0.0000000, val_mse_loss-0.0003324, val_kl_loss-0.0000000
2025-03-06 14:58:27 - INFO - epoch-402, train_mse_loss-0.0003240, train_kl_loss-0.0000000, val_mse_loss-0.0003323, val_kl_loss-0.0000000
2025-03-06 15:02:47 - INFO - epoch-403, train_mse_loss-0.0003240, train_kl_loss-0.0000000, val_mse_loss-0.0003325, val_kl_loss-0.0000000
2025-03-06 15:07:07 - INFO - epoch-404, train_mse_loss-0.0003241, train_kl_loss-0.0000000, val_mse_loss-0.0003324, val_kl_loss-0.0000000
2025-03-06 15:11:27 - INFO - epoch-405, train_mse_loss-0.0003240, train_kl_loss-0.0000000, val_mse_loss-0.0003326, val_kl_loss-0.0000000
2025-03-06 15:15:47 - INFO - epoch-406, train_mse_loss-0.0003240, train_kl_loss-0.0000000, val_mse_loss-0.0003320, val_kl_loss-0.0000000
2025-03-06 15:20:07 - INFO - epoch-407, train_mse_loss-0.0003240, train_kl_loss-0.0000000, val_mse_loss-0.0003313, val_kl_loss-0.0000000
2025-03-06 15:24:28 - INFO - epoch-408, train_mse_loss-0.0003240, train_kl_loss-0.0000000, val_mse_loss-0.0003316, val_kl_loss-0.0000000
2025-03-06 15:28:48 - INFO - epoch-409, train_mse_loss-0.0003240, train_kl_loss-0.0000000, val_mse_loss-0.0003321, val_kl_loss-0.0000000
2025-03-06 15:33:07 - INFO - epoch-410, train_mse_loss-0.0003241, train_kl_loss-0.0000000, val_mse_loss-0.0003312, val_kl_loss-0.0000000
2025-03-06 15:37:27 - INFO - epoch-411, train_mse_loss-0.0003240, train_kl_loss-0.0000000, val_mse_loss-0.0003325, val_kl_loss-0.0000000
2025-03-06 15:41:46 - INFO - epoch-412, train_mse_loss-0.0003241, train_kl_loss-0.0000000, val_mse_loss-0.0003319, val_kl_loss-0.0000000
2025-03-06 15:46:03 - INFO - epoch-413, train_mse_loss-0.0003241, train_kl_loss-0.0000000, val_mse_loss-0.0003308, val_kl_loss-0.0000000
2025-03-06 15:50:22 - INFO - epoch-414, train_mse_loss-0.0003240, train_kl_loss-0.0000000, val_mse_loss-0.0003316, val_kl_loss-0.0000000
2025-03-06 15:54:41 - INFO - epoch-415, train_mse_loss-0.0003240, train_kl_loss-0.0000000, val_mse_loss-0.0003318, val_kl_loss-0.0000000
2025-03-06 15:58:59 - INFO - epoch-416, train_mse_loss-0.0003241, train_kl_loss-0.0000000, val_mse_loss-0.0003322, val_kl_loss-0.0000000
2025-03-06 16:03:17 - INFO - epoch-417, train_mse_loss-0.0003241, train_kl_loss-0.0000000, val_mse_loss-0.0003321, val_kl_loss-0.0000000
2025-03-06 16:07:35 - INFO - epoch-418, train_mse_loss-0.0003240, train_kl_loss-0.0000000, val_mse_loss-0.0003319, val_kl_loss-0.0000000
2025-03-06 16:11:54 - INFO - epoch-419, train_mse_loss-0.0003240, train_kl_loss-0.0000000, val_mse_loss-0.0003330, val_kl_loss-0.0000000
2025-03-06 16:16:12 - INFO - epoch-420, train_mse_loss-0.0003240, train_kl_loss-0.0000000, val_mse_loss-0.0003315, val_kl_loss-0.0000000
2025-03-06 16:20:29 - INFO - epoch-421, train_mse_loss-0.0003241, train_kl_loss-0.0000000, val_mse_loss-0.0003327, val_kl_loss-0.0000000
2025-03-06 16:24:47 - INFO - epoch-422, train_mse_loss-0.0003241, train_kl_loss-0.0000000, val_mse_loss-0.0003314, val_kl_loss-0.0000000
2025-03-06 16:29:05 - INFO - epoch-423, train_mse_loss-0.0003240, train_kl_loss-0.0000000, val_mse_loss-0.0003319, val_kl_loss-0.0000000
2025-03-06 16:33:23 - INFO - epoch-424, train_mse_loss-0.0003240, train_kl_loss-0.0000000, val_mse_loss-0.0003313, val_kl_loss-0.0000000
2025-03-06 16:37:41 - INFO - epoch-425, train_mse_loss-0.0003240, train_kl_loss-0.0000000, val_mse_loss-0.0003316, val_kl_loss-0.0000000
2025-03-06 16:41:59 - INFO - epoch-426, train_mse_loss-0.0003241, train_kl_loss-0.0000000, val_mse_loss-0.0003320, val_kl_loss-0.0000000
2025-03-06 16:46:17 - INFO - epoch-427, train_mse_loss-0.0003241, train_kl_loss-0.0000000, val_mse_loss-0.0003311, val_kl_loss-0.0000000
2025-03-06 16:50:35 - INFO - epoch-428, train_mse_loss-0.0003241, train_kl_loss-0.0000000, val_mse_loss-0.0003308, val_kl_loss-0.0000000
2025-03-06 16:54:53 - INFO - epoch-429, train_mse_loss-0.0003240, train_kl_loss-0.0000000, val_mse_loss-0.0003315, val_kl_loss-0.0000000
2025-03-06 16:59:11 - INFO - epoch-430, train_mse_loss-0.0003241, train_kl_loss-0.0000000, val_mse_loss-0.0003316, val_kl_loss-0.0000000
2025-03-06 17:03:29 - INFO - epoch-431, train_mse_loss-0.0003240, train_kl_loss-0.0000000, val_mse_loss-0.0003323, val_kl_loss-0.0000000
2025-03-06 17:07:47 - INFO - epoch-432, train_mse_loss-0.0003240, train_kl_loss-0.0000000, val_mse_loss-0.0003321, val_kl_loss-0.0000000
2025-03-06 17:12:04 - INFO - epoch-433, train_mse_loss-0.0003241, train_kl_loss-0.0000000, val_mse_loss-0.0003321, val_kl_loss-0.0000000
2025-03-06 17:16:21 - INFO - epoch-434, train_mse_loss-0.0003240, train_kl_loss-0.0000000, val_mse_loss-0.0003317, val_kl_loss-0.0000000
2025-03-06 17:20:41 - INFO - epoch-435, train_mse_loss-0.0003240, train_kl_loss-0.0000000, val_mse_loss-0.0003325, val_kl_loss-0.0000000
2025-03-06 17:25:01 - INFO - epoch-436, train_mse_loss-0.0003240, train_kl_loss-0.0000000, val_mse_loss-0.0003320, val_kl_loss-0.0000000
2025-03-06 17:29:18 - INFO - epoch-437, train_mse_loss-0.0003241, train_kl_loss-0.0000000, val_mse_loss-0.0003323, val_kl_loss-0.0000000
2025-03-06 17:33:36 - INFO - epoch-438, train_mse_loss-0.0003240, train_kl_loss-0.0000000, val_mse_loss-0.0003322, val_kl_loss-0.0000000
2025-03-06 17:37:54 - INFO - epoch-439, train_mse_loss-0.0003240, train_kl_loss-0.0000000, val_mse_loss-0.0003313, val_kl_loss-0.0000000
2025-03-06 17:42:11 - INFO - epoch-440, train_mse_loss-0.0003240, train_kl_loss-0.0000000, val_mse_loss-0.0003312, val_kl_loss-0.0000000
2025-03-06 17:46:30 - INFO - epoch-441, train_mse_loss-0.0003240, train_kl_loss-0.0000000, val_mse_loss-0.0003326, val_kl_loss-0.0000000
2025-03-06 17:50:48 - INFO - epoch-442, train_mse_loss-0.0003240, train_kl_loss-0.0000000, val_mse_loss-0.0003314, val_kl_loss-0.0000000
2025-03-06 17:55:06 - INFO - epoch-443, train_mse_loss-0.0003240, train_kl_loss-0.0000000, val_mse_loss-0.0003326, val_kl_loss-0.0000000
2025-03-06 17:59:23 - INFO - epoch-444, train_mse_loss-0.0003240, train_kl_loss-0.0000000, val_mse_loss-0.0003324, val_kl_loss-0.0000000
2025-03-06 18:03:41 - INFO - epoch-445, train_mse_loss-0.0003241, train_kl_loss-0.0000000, val_mse_loss-0.0003312, val_kl_loss-0.0000000
2025-03-06 18:07:59 - INFO - epoch-446, train_mse_loss-0.0003241, train_kl_loss-0.0000000, val_mse_loss-0.0003317, val_kl_loss-0.0000000
2025-03-06 18:12:16 - INFO - epoch-447, train_mse_loss-0.0003241, train_kl_loss-0.0000000, val_mse_loss-0.0003318, val_kl_loss-0.0000000
2025-03-06 18:16:34 - INFO - epoch-448, train_mse_loss-0.0003240, train_kl_loss-0.0000000, val_mse_loss-0.0003320, val_kl_loss-0.0000000
2025-03-06 18:20:51 - INFO - epoch-449, train_mse_loss-0.0003241, train_kl_loss-0.0000000, val_mse_loss-0.0003319, val_kl_loss-0.0000000
2025-03-06 18:25:10 - INFO - epoch-450, train_mse_loss-0.0003241, train_kl_loss-0.0000000, val_mse_loss-0.0003322, val_kl_loss-0.0000000
2025-03-06 18:29:28 - INFO - epoch-451, train_mse_loss-0.0003240, train_kl_loss-0.0000000, val_mse_loss-0.0003317, val_kl_loss-0.0000000
2025-03-06 18:33:46 - INFO - epoch-452, train_mse_loss-0.0003240, train_kl_loss-0.0000000, val_mse_loss-0.0003314, val_kl_loss-0.0000000
2025-03-06 18:38:04 - INFO - epoch-453, train_mse_loss-0.0003240, train_kl_loss-0.0000000, val_mse_loss-0.0003313, val_kl_loss-0.0000000
2025-03-06 18:42:21 - INFO - epoch-454, train_mse_loss-0.0003241, train_kl_loss-0.0000000, val_mse_loss-0.0003316, val_kl_loss-0.0000000
2025-03-06 18:46:39 - INFO - epoch-455, train_mse_loss-0.0003241, train_kl_loss-0.0000000, val_mse_loss-0.0003318, val_kl_loss-0.0000000
2025-03-06 18:50:57 - INFO - epoch-456, train_mse_loss-0.0003241, train_kl_loss-0.0000000, val_mse_loss-0.0003315, val_kl_loss-0.0000000
2025-03-06 18:55:15 - INFO - epoch-457, train_mse_loss-0.0003241, train_kl_loss-0.0000000, val_mse_loss-0.0003312, val_kl_loss-0.0000000
2025-03-06 18:59:33 - INFO - epoch-458, train_mse_loss-0.0003241, train_kl_loss-0.0000000, val_mse_loss-0.0003315, val_kl_loss-0.0000000
2025-03-06 19:03:50 - INFO - epoch-459, train_mse_loss-0.0003241, train_kl_loss-0.0000000, val_mse_loss-0.0003317, val_kl_loss-0.0000000
2025-03-06 19:08:08 - INFO - epoch-460, train_mse_loss-0.0003240, train_kl_loss-0.0000000, val_mse_loss-0.0003313, val_kl_loss-0.0000000
2025-03-06 19:12:25 - INFO - epoch-461, train_mse_loss-0.0003240, train_kl_loss-0.0000000, val_mse_loss-0.0003324, val_kl_loss-0.0000000
2025-03-06 19:16:43 - INFO - epoch-462, train_mse_loss-0.0003241, train_kl_loss-0.0000000, val_mse_loss-0.0003318, val_kl_loss-0.0000000
2025-03-06 19:21:01 - INFO - epoch-463, train_mse_loss-0.0003240, train_kl_loss-0.0000000, val_mse_loss-0.0003313, val_kl_loss-0.0000000
2025-03-06 19:25:18 - INFO - epoch-464, train_mse_loss-0.0003240, train_kl_loss-0.0000000, val_mse_loss-0.0003326, val_kl_loss-0.0000000
2025-03-06 19:29:36 - INFO - epoch-465, train_mse_loss-0.0003241, train_kl_loss-0.0000000, val_mse_loss-0.0003330, val_kl_loss-0.0000000
2025-03-06 19:33:54 - INFO - epoch-466, train_mse_loss-0.0003240, train_kl_loss-0.0000000, val_mse_loss-0.0003312, val_kl_loss-0.0000000
2025-03-06 19:38:12 - INFO - epoch-467, train_mse_loss-0.0003240, train_kl_loss-0.0000000, val_mse_loss-0.0003330, val_kl_loss-0.0000000
2025-03-06 19:42:30 - INFO - epoch-468, train_mse_loss-0.0003241, train_kl_loss-0.0000000, val_mse_loss-0.0003328, val_kl_loss-0.0000000
2025-03-06 19:46:47 - INFO - epoch-469, train_mse_loss-0.0003240, train_kl_loss-0.0000000, val_mse_loss-0.0003317, val_kl_loss-0.0000000
2025-03-06 19:51:05 - INFO - epoch-470, train_mse_loss-0.0003240, train_kl_loss-0.0000000, val_mse_loss-0.0003314, val_kl_loss-0.0000000
2025-03-06 19:55:22 - INFO - epoch-471, train_mse_loss-0.0003240, train_kl_loss-0.0000000, val_mse_loss-0.0003318, val_kl_loss-0.0000000
2025-03-06 19:59:40 - INFO - epoch-472, train_mse_loss-0.0003241, train_kl_loss-0.0000000, val_mse_loss-0.0003315, val_kl_loss-0.0000000
2025-03-06 20:03:57 - INFO - epoch-473, train_mse_loss-0.0003240, train_kl_loss-0.0000000, val_mse_loss-0.0003317, val_kl_loss-0.0000000
2025-03-06 20:08:16 - INFO - epoch-474, train_mse_loss-0.0003240, train_kl_loss-0.0000000, val_mse_loss-0.0003321, val_kl_loss-0.0000000
2025-03-06 20:12:33 - INFO - epoch-475, train_mse_loss-0.0003240, train_kl_loss-0.0000000, val_mse_loss-0.0003321, val_kl_loss-0.0000000
2025-03-06 20:16:51 - INFO - epoch-476, train_mse_loss-0.0003240, train_kl_loss-0.0000000, val_mse_loss-0.0003326, val_kl_loss-0.0000000
2025-03-06 20:21:09 - INFO - epoch-477, train_mse_loss-0.0003240, train_kl_loss-0.0000000, val_mse_loss-0.0003319, val_kl_loss-0.0000000
2025-03-06 20:25:27 - INFO - epoch-478, train_mse_loss-0.0003241, train_kl_loss-0.0000000, val_mse_loss-0.0003323, val_kl_loss-0.0000000
2025-03-06 20:29:44 - INFO - epoch-479, train_mse_loss-0.0003240, train_kl_loss-0.0000000, val_mse_loss-0.0003328, val_kl_loss-0.0000000
2025-03-06 20:34:01 - INFO - epoch-480, train_mse_loss-0.0003241, train_kl_loss-0.0000000, val_mse_loss-0.0003322, val_kl_loss-0.0000000
2025-03-06 20:38:18 - INFO - epoch-481, train_mse_loss-0.0003240, train_kl_loss-0.0000000, val_mse_loss-0.0003323, val_kl_loss-0.0000000
2025-03-06 20:42:36 - INFO - epoch-482, train_mse_loss-0.0003241, train_kl_loss-0.0000000, val_mse_loss-0.0003322, val_kl_loss-0.0000000
2025-03-06 20:46:53 - INFO - epoch-483, train_mse_loss-0.0003240, train_kl_loss-0.0000000, val_mse_loss-0.0003318, val_kl_loss-0.0000000
2025-03-06 20:51:10 - INFO - epoch-484, train_mse_loss-0.0003240, train_kl_loss-0.0000000, val_mse_loss-0.0003321, val_kl_loss-0.0000000
2025-03-06 20:55:28 - INFO - epoch-485, train_mse_loss-0.0003241, train_kl_loss-0.0000000, val_mse_loss-0.0003314, val_kl_loss-0.0000000
2025-03-06 20:59:45 - INFO - epoch-486, train_mse_loss-0.0003241, train_kl_loss-0.0000000, val_mse_loss-0.0003317, val_kl_loss-0.0000000
2025-03-06 21:04:03 - INFO - epoch-487, train_mse_loss-0.0003240, train_kl_loss-0.0000000, val_mse_loss-0.0003316, val_kl_loss-0.0000000
2025-03-06 21:08:20 - INFO - epoch-488, train_mse_loss-0.0003240, train_kl_loss-0.0000000, val_mse_loss-0.0003313, val_kl_loss-0.0000000
2025-03-06 21:12:37 - INFO - epoch-489, train_mse_loss-0.0003240, train_kl_loss-0.0000000, val_mse_loss-0.0003316, val_kl_loss-0.0000000
2025-03-06 21:16:55 - INFO - epoch-490, train_mse_loss-0.0003240, train_kl_loss-0.0000000, val_mse_loss-0.0003322, val_kl_loss-0.0000000
2025-03-06 21:21:13 - INFO - epoch-491, train_mse_loss-0.0003241, train_kl_loss-0.0000000, val_mse_loss-0.0003321, val_kl_loss-0.0000000
2025-03-06 21:25:30 - INFO - epoch-492, train_mse_loss-0.0003240, train_kl_loss-0.0000000, val_mse_loss-0.0003324, val_kl_loss-0.0000000
2025-03-06 21:29:48 - INFO - epoch-493, train_mse_loss-0.0003240, train_kl_loss-0.0000000, val_mse_loss-0.0003315, val_kl_loss-0.0000000
2025-03-06 21:34:05 - INFO - epoch-494, train_mse_loss-0.0003241, train_kl_loss-0.0000000, val_mse_loss-0.0003312, val_kl_loss-0.0000000
2025-03-06 21:38:23 - INFO - epoch-495, train_mse_loss-0.0003240, train_kl_loss-0.0000000, val_mse_loss-0.0003317, val_kl_loss-0.0000000
2025-03-06 21:42:42 - INFO - epoch-496, train_mse_loss-0.0003240, train_kl_loss-0.0000000, val_mse_loss-0.0003317, val_kl_loss-0.0000000
2025-03-06 21:47:00 - INFO - epoch-497, train_mse_loss-0.0003241, train_kl_loss-0.0000000, val_mse_loss-0.0003318, val_kl_loss-0.0000000
2025-03-06 21:51:18 - INFO - epoch-498, train_mse_loss-0.0003240, train_kl_loss-0.0000000, val_mse_loss-0.0003320, val_kl_loss-0.0000000
2025-03-06 21:55:36 - INFO - epoch-499, train_mse_loss-0.0003240, train_kl_loss-0.0000000, val_mse_loss-0.0003320, val_kl_loss-0.0000000
