2025-02-20 13:34:04 - INFO - train data: 13259
2025-02-20 13:34:04 - INFO - train unqiue data: 13259
2025-02-20 13:34:04 - INFO - valid data: 1474
2025-02-20 13:34:04 - INFO - valid unqiue data: 1474
2025-02-20 13:39:43 - INFO - epoch-0, train_mse_loss-0.0007049, train_ssim_loss-0.3589647, val_mse_loss-0.0004748, val_ssim_loss-0.3553544
2025-02-20 13:44:51 - INFO - epoch-1, train_mse_loss-0.0003762, train_ssim_loss-0.3402471, val_mse_loss-0.0005415, val_ssim_loss-0.3610573
2025-02-20 13:49:57 - INFO - epoch-2, train_mse_loss-0.0003714, train_ssim_loss-0.3360786, val_mse_loss-0.0004469, val_ssim_loss-0.3449618
2025-02-20 13:50:03 - INFO - Saved new best model at epoch 2 with validation loss 0.3454087
2025-02-20 13:55:09 - INFO - epoch-3, train_mse_loss-0.0003695, train_ssim_loss-0.3342031, val_mse_loss-0.0006214, val_ssim_loss-0.3834412
2025-02-20 14:00:16 - INFO - epoch-4, train_mse_loss-0.0003672, train_ssim_loss-0.3321987, val_mse_loss-0.0006867, val_ssim_loss-0.3804158
2025-02-20 14:05:23 - INFO - epoch-5, train_mse_loss-0.0003659, train_ssim_loss-0.3311249, val_mse_loss-0.0003252, val_ssim_loss-0.3498757
2025-02-20 14:10:28 - INFO - epoch-6, train_mse_loss-0.0003653, train_ssim_loss-0.3303947, val_mse_loss-0.0003282, val_ssim_loss-0.3354876
2025-02-20 14:10:34 - INFO - Saved new best model at epoch 6 with validation loss 0.3358158
2025-02-20 14:15:40 - INFO - epoch-7, train_mse_loss-0.0003645, train_ssim_loss-0.3296340, val_mse_loss-0.0004708, val_ssim_loss-0.3414789
2025-02-20 14:20:54 - INFO - epoch-8, train_mse_loss-0.0003637, train_ssim_loss-0.3288964, val_mse_loss-0.0008439, val_ssim_loss-0.4054035
2025-02-20 14:26:05 - INFO - epoch-9, train_mse_loss-0.0003636, train_ssim_loss-0.3285759, val_mse_loss-0.0009785, val_ssim_loss-0.4233813
2025-02-20 14:31:12 - INFO - epoch-10, train_mse_loss-0.0003630, train_ssim_loss-0.3280298, val_mse_loss-0.0008241, val_ssim_loss-0.4005126
2025-02-20 14:36:21 - INFO - epoch-11, train_mse_loss-0.0003627, train_ssim_loss-0.3275947, val_mse_loss-0.0005036, val_ssim_loss-0.3470204
2025-02-20 14:41:31 - INFO - epoch-12, train_mse_loss-0.0003628, train_ssim_loss-0.3275953, val_mse_loss-0.0008445, val_ssim_loss-0.4019625
2025-02-20 14:46:38 - INFO - epoch-13, train_mse_loss-0.0003623, train_ssim_loss-0.3270441, val_mse_loss-0.0006295, val_ssim_loss-0.3711592
2025-02-20 14:51:47 - INFO - epoch-14, train_mse_loss-0.0003620, train_ssim_loss-0.3267695, val_mse_loss-0.0004083, val_ssim_loss-0.3303309
2025-02-20 14:51:53 - INFO - Saved new best model at epoch 14 with validation loss 0.3307392
2025-02-20 14:56:59 - INFO - epoch-15, train_mse_loss-0.0003617, train_ssim_loss-0.3265104, val_mse_loss-0.0006374, val_ssim_loss-0.3670814
2025-02-20 15:02:10 - INFO - epoch-16, train_mse_loss-0.0003617, train_ssim_loss-0.3262585, val_mse_loss-0.0008337, val_ssim_loss-0.3990363
2025-02-20 15:07:17 - INFO - epoch-17, train_mse_loss-0.0003613, train_ssim_loss-0.3261038, val_mse_loss-0.0007414, val_ssim_loss-0.3864105
2025-02-20 15:12:25 - INFO - epoch-18, train_mse_loss-0.0003612, train_ssim_loss-0.3258518, val_mse_loss-0.0008581, val_ssim_loss-0.4019615
2025-02-20 15:17:31 - INFO - epoch-19, train_mse_loss-0.0003610, train_ssim_loss-0.3256730, val_mse_loss-0.0007656, val_ssim_loss-0.3881070
2025-02-20 15:22:38 - INFO - epoch-20, train_mse_loss-0.0003611, train_ssim_loss-0.3255953, val_mse_loss-0.0006382, val_ssim_loss-0.3690309
2025-02-20 15:27:47 - INFO - epoch-21, train_mse_loss-0.0003609, train_ssim_loss-0.3254038, val_mse_loss-0.0007261, val_ssim_loss-0.3831050
2025-02-20 15:32:53 - INFO - epoch-22, train_mse_loss-0.0003607, train_ssim_loss-0.3253044, val_mse_loss-0.0006453, val_ssim_loss-0.3680640
2025-02-20 15:37:59 - INFO - epoch-23, train_mse_loss-0.0003607, train_ssim_loss-0.3251458, val_mse_loss-0.0005521, val_ssim_loss-0.3536705
2025-02-20 15:43:05 - INFO - epoch-24, train_mse_loss-0.0003605, train_ssim_loss-0.3249405, val_mse_loss-0.0006855, val_ssim_loss-0.3736222
2025-02-20 15:48:15 - INFO - epoch-25, train_mse_loss-0.0003603, train_ssim_loss-0.3247387, val_mse_loss-0.0006849, val_ssim_loss-0.3759137
2025-02-20 15:53:27 - INFO - epoch-26, train_mse_loss-0.0003601, train_ssim_loss-0.3246509, val_mse_loss-0.0006868, val_ssim_loss-0.3770124
2025-02-20 15:58:33 - INFO - epoch-27, train_mse_loss-0.0003600, train_ssim_loss-0.3243880, val_mse_loss-0.0006680, val_ssim_loss-0.3711496
2025-02-20 16:03:39 - INFO - epoch-28, train_mse_loss-0.0003596, train_ssim_loss-0.3241810, val_mse_loss-0.0006961, val_ssim_loss-0.3769057
2025-02-20 16:08:47 - INFO - epoch-29, train_mse_loss-0.0003594, train_ssim_loss-0.3240304, val_mse_loss-0.0007179, val_ssim_loss-0.3799683
2025-02-20 16:13:56 - INFO - epoch-30, train_mse_loss-0.0003593, train_ssim_loss-0.3237925, val_mse_loss-0.0006894, val_ssim_loss-0.3757180
2025-02-20 16:19:01 - INFO - epoch-31, train_mse_loss-0.0003595, train_ssim_loss-0.3237057, val_mse_loss-0.0007459, val_ssim_loss-0.3850085
2025-02-20 16:24:08 - INFO - epoch-32, train_mse_loss-0.0003590, train_ssim_loss-0.3234120, val_mse_loss-0.0006778, val_ssim_loss-0.3737666
2025-02-20 16:29:14 - INFO - epoch-33, train_mse_loss-0.0003591, train_ssim_loss-0.3233855, val_mse_loss-0.0007314, val_ssim_loss-0.3833750
2025-02-20 16:34:19 - INFO - epoch-34, train_mse_loss-0.0003589, train_ssim_loss-0.3231933, val_mse_loss-0.0007455, val_ssim_loss-0.3834076
2025-02-20 16:39:24 - INFO - epoch-35, train_mse_loss-0.0003587, train_ssim_loss-0.3228603, val_mse_loss-0.0006965, val_ssim_loss-0.3785483
2025-02-20 16:44:29 - INFO - epoch-36, train_mse_loss-0.0003585, train_ssim_loss-0.3226951, val_mse_loss-0.0006806, val_ssim_loss-0.3765574
2025-02-20 16:49:36 - INFO - epoch-37, train_mse_loss-0.0003584, train_ssim_loss-0.3223208, val_mse_loss-0.0007316, val_ssim_loss-0.3842539
2025-02-20 16:54:44 - INFO - epoch-38, train_mse_loss-0.0003584, train_ssim_loss-0.3221515, val_mse_loss-0.0006393, val_ssim_loss-0.3668479
2025-02-20 16:59:54 - INFO - epoch-39, train_mse_loss-0.0003580, train_ssim_loss-0.3218474, val_mse_loss-0.0006889, val_ssim_loss-0.3756497
2025-02-20 17:05:01 - INFO - epoch-40, train_mse_loss-0.0003581, train_ssim_loss-0.3217149, val_mse_loss-0.0007131, val_ssim_loss-0.3796130
2025-02-20 17:10:08 - INFO - epoch-41, train_mse_loss-0.0003579, train_ssim_loss-0.3214124, val_mse_loss-0.0006629, val_ssim_loss-0.3721313
2025-02-20 17:15:15 - INFO - epoch-42, train_mse_loss-0.0003577, train_ssim_loss-0.3210803, val_mse_loss-0.0006028, val_ssim_loss-0.3613183
2025-02-20 17:20:22 - INFO - epoch-43, train_mse_loss-0.0003575, train_ssim_loss-0.3209687, val_mse_loss-0.0006852, val_ssim_loss-0.3760858
2025-02-20 17:25:28 - INFO - epoch-44, train_mse_loss-0.0003573, train_ssim_loss-0.3206247, val_mse_loss-0.0006596, val_ssim_loss-0.3714583
2025-02-20 17:30:33 - INFO - epoch-45, train_mse_loss-0.0003570, train_ssim_loss-0.3203067, val_mse_loss-0.0006157, val_ssim_loss-0.3652812
2025-02-20 17:35:40 - INFO - epoch-46, train_mse_loss-0.0003570, train_ssim_loss-0.3199850, val_mse_loss-0.0007672, val_ssim_loss-0.3913951
2025-02-20 17:40:46 - INFO - epoch-47, train_mse_loss-0.0003569, train_ssim_loss-0.3198191, val_mse_loss-0.0006515, val_ssim_loss-0.3724995
2025-02-20 17:45:52 - INFO - epoch-48, train_mse_loss-0.0003568, train_ssim_loss-0.3195812, val_mse_loss-0.0006378, val_ssim_loss-0.3674332
2025-02-20 17:50:57 - INFO - epoch-49, train_mse_loss-0.0003567, train_ssim_loss-0.3191750, val_mse_loss-0.0006489, val_ssim_loss-0.3709225
2025-02-20 17:56:03 - INFO - epoch-50, train_mse_loss-0.0003565, train_ssim_loss-0.3188329, val_mse_loss-0.0005410, val_ssim_loss-0.3545821
2025-02-20 18:01:11 - INFO - epoch-51, train_mse_loss-0.0003564, train_ssim_loss-0.3186567, val_mse_loss-0.0006500, val_ssim_loss-0.3713001
2025-02-20 18:06:21 - INFO - epoch-52, train_mse_loss-0.0003563, train_ssim_loss-0.3184459, val_mse_loss-0.0006313, val_ssim_loss-0.3677528
2025-02-20 18:11:27 - INFO - epoch-53, train_mse_loss-0.0003562, train_ssim_loss-0.3182076, val_mse_loss-0.0006023, val_ssim_loss-0.3640138
2025-02-20 18:16:33 - INFO - epoch-54, train_mse_loss-0.0003560, train_ssim_loss-0.3180936, val_mse_loss-0.0005997, val_ssim_loss-0.3625636
2025-02-20 18:21:42 - INFO - epoch-55, train_mse_loss-0.0003558, train_ssim_loss-0.3175524, val_mse_loss-0.0005300, val_ssim_loss-0.3544407
2025-02-20 18:26:49 - INFO - epoch-56, train_mse_loss-0.0003555, train_ssim_loss-0.3174084, val_mse_loss-0.0006143, val_ssim_loss-0.3676885
2025-02-20 18:31:55 - INFO - epoch-57, train_mse_loss-0.0003555, train_ssim_loss-0.3173183, val_mse_loss-0.0005768, val_ssim_loss-0.3616611
2025-02-20 18:37:01 - INFO - epoch-58, train_mse_loss-0.0003554, train_ssim_loss-0.3170932, val_mse_loss-0.0005952, val_ssim_loss-0.3633151
2025-02-20 18:42:07 - INFO - epoch-59, train_mse_loss-0.0003551, train_ssim_loss-0.3167802, val_mse_loss-0.0005775, val_ssim_loss-0.3608418
2025-02-20 18:47:14 - INFO - epoch-60, train_mse_loss-0.0003551, train_ssim_loss-0.3167468, val_mse_loss-0.0005859, val_ssim_loss-0.3637277
2025-02-20 18:52:20 - INFO - epoch-61, train_mse_loss-0.0003549, train_ssim_loss-0.3164311, val_mse_loss-0.0006265, val_ssim_loss-0.3697707
2025-02-20 18:57:27 - INFO - epoch-62, train_mse_loss-0.0003548, train_ssim_loss-0.3162500, val_mse_loss-0.0005774, val_ssim_loss-0.3609549
2025-02-20 19:02:34 - INFO - epoch-63, train_mse_loss-0.0003546, train_ssim_loss-0.3160939, val_mse_loss-0.0006246, val_ssim_loss-0.3671730
2025-02-20 19:07:42 - INFO - epoch-64, train_mse_loss-0.0003546, train_ssim_loss-0.3158518, val_mse_loss-0.0005815, val_ssim_loss-0.3653759
2025-02-20 19:12:49 - INFO - epoch-65, train_mse_loss-0.0003546, train_ssim_loss-0.3158548, val_mse_loss-0.0005671, val_ssim_loss-0.3601058
2025-02-20 19:17:56 - INFO - epoch-66, train_mse_loss-0.0003546, train_ssim_loss-0.3157854, val_mse_loss-0.0006150, val_ssim_loss-0.3671278
2025-02-20 19:23:03 - INFO - epoch-67, train_mse_loss-0.0003543, train_ssim_loss-0.3154374, val_mse_loss-0.0005840, val_ssim_loss-0.3653774
2025-02-20 19:28:10 - INFO - epoch-68, train_mse_loss-0.0003542, train_ssim_loss-0.3154396, val_mse_loss-0.0006993, val_ssim_loss-0.3816603
2025-02-20 19:33:16 - INFO - epoch-69, train_mse_loss-0.0003541, train_ssim_loss-0.3152183, val_mse_loss-0.0006014, val_ssim_loss-0.3661239
2025-02-20 19:38:23 - INFO - epoch-70, train_mse_loss-0.0003543, train_ssim_loss-0.3151171, val_mse_loss-0.0005980, val_ssim_loss-0.3650436
2025-02-20 19:43:29 - INFO - epoch-71, train_mse_loss-0.0003543, train_ssim_loss-0.3152100, val_mse_loss-0.0005961, val_ssim_loss-0.3656534
2025-02-20 19:48:35 - INFO - epoch-72, train_mse_loss-0.0003539, train_ssim_loss-0.3148956, val_mse_loss-0.0005963, val_ssim_loss-0.3670423
2025-02-20 19:53:42 - INFO - epoch-73, train_mse_loss-0.0003538, train_ssim_loss-0.3147921, val_mse_loss-0.0005654, val_ssim_loss-0.3588380
2025-02-20 19:58:48 - INFO - epoch-74, train_mse_loss-0.0003538, train_ssim_loss-0.3146283, val_mse_loss-0.0006117, val_ssim_loss-0.3679866
2025-02-20 20:03:56 - INFO - epoch-75, train_mse_loss-0.0003538, train_ssim_loss-0.3144082, val_mse_loss-0.0006019, val_ssim_loss-0.3673775
2025-02-20 20:09:02 - INFO - epoch-76, train_mse_loss-0.0003537, train_ssim_loss-0.3142725, val_mse_loss-0.0005473, val_ssim_loss-0.3598617
2025-02-20 20:14:09 - INFO - epoch-77, train_mse_loss-0.0003537, train_ssim_loss-0.3144900, val_mse_loss-0.0006357, val_ssim_loss-0.3742157
2025-02-20 20:19:19 - INFO - epoch-78, train_mse_loss-0.0003535, train_ssim_loss-0.3140675, val_mse_loss-0.0005885, val_ssim_loss-0.3634786
2025-02-20 20:24:25 - INFO - epoch-79, train_mse_loss-0.0003534, train_ssim_loss-0.3140121, val_mse_loss-0.0005358, val_ssim_loss-0.3560478
2025-02-20 20:29:34 - INFO - epoch-80, train_mse_loss-0.0003533, train_ssim_loss-0.3138189, val_mse_loss-0.0006385, val_ssim_loss-0.3738003
2025-02-20 20:34:43 - INFO - epoch-81, train_mse_loss-0.0003533, train_ssim_loss-0.3138505, val_mse_loss-0.0005460, val_ssim_loss-0.3604376
2025-02-20 20:39:54 - INFO - epoch-82, train_mse_loss-0.0003530, train_ssim_loss-0.3136869, val_mse_loss-0.0005930, val_ssim_loss-0.3671350
2025-02-20 20:45:02 - INFO - epoch-83, train_mse_loss-0.0003531, train_ssim_loss-0.3135674, val_mse_loss-0.0005539, val_ssim_loss-0.3606096
2025-02-20 20:50:13 - INFO - epoch-84, train_mse_loss-0.0003530, train_ssim_loss-0.3133695, val_mse_loss-0.0006497, val_ssim_loss-0.3780367
2025-02-20 20:55:24 - INFO - epoch-85, train_mse_loss-0.0003528, train_ssim_loss-0.3133431, val_mse_loss-0.0005341, val_ssim_loss-0.3595244
2025-02-20 21:00:32 - INFO - epoch-86, train_mse_loss-0.0003529, train_ssim_loss-0.3132511, val_mse_loss-0.0006673, val_ssim_loss-0.3807262
2025-02-20 21:05:37 - INFO - epoch-87, train_mse_loss-0.0003528, train_ssim_loss-0.3131034, val_mse_loss-0.0005328, val_ssim_loss-0.3575816
2025-02-20 21:10:45 - INFO - epoch-88, train_mse_loss-0.0003530, train_ssim_loss-0.3135099, val_mse_loss-0.0006326, val_ssim_loss-0.3747631
2025-02-20 21:15:53 - INFO - epoch-89, train_mse_loss-0.0003526, train_ssim_loss-0.3128806, val_mse_loss-0.0005883, val_ssim_loss-0.3656883
2025-02-20 21:21:01 - INFO - epoch-90, train_mse_loss-0.0003525, train_ssim_loss-0.3129694, val_mse_loss-0.0005908, val_ssim_loss-0.3670233
2025-02-20 21:26:10 - INFO - epoch-91, train_mse_loss-0.0003528, train_ssim_loss-0.3131530, val_mse_loss-0.0005714, val_ssim_loss-0.3621360
2025-02-20 21:31:17 - INFO - epoch-92, train_mse_loss-0.0003523, train_ssim_loss-0.3127295, val_mse_loss-0.0005286, val_ssim_loss-0.3585544
2025-02-20 21:36:25 - INFO - epoch-93, train_mse_loss-0.0003525, train_ssim_loss-0.3126704, val_mse_loss-0.0005630, val_ssim_loss-0.3624238
2025-02-20 21:41:34 - INFO - epoch-94, train_mse_loss-0.0003522, train_ssim_loss-0.3126359, val_mse_loss-0.0005692, val_ssim_loss-0.3630442
2025-02-20 21:46:42 - INFO - epoch-95, train_mse_loss-0.0003524, train_ssim_loss-0.3127178, val_mse_loss-0.0005472, val_ssim_loss-0.3597061
2025-02-20 21:51:48 - INFO - epoch-96, train_mse_loss-0.0003523, train_ssim_loss-0.3125169, val_mse_loss-0.0005782, val_ssim_loss-0.3623177
2025-02-20 21:56:55 - INFO - epoch-97, train_mse_loss-0.0003522, train_ssim_loss-0.3123967, val_mse_loss-0.0006051, val_ssim_loss-0.3680233
2025-02-20 22:02:03 - INFO - epoch-98, train_mse_loss-0.0003522, train_ssim_loss-0.3122991, val_mse_loss-0.0005170, val_ssim_loss-0.3572132
2025-02-20 22:07:09 - INFO - epoch-99, train_mse_loss-0.0003520, train_ssim_loss-0.3121236, val_mse_loss-0.0005398, val_ssim_loss-0.3580521
2025-02-20 22:12:15 - INFO - epoch-100, train_mse_loss-0.0003522, train_ssim_loss-0.3123198, val_mse_loss-0.0005310, val_ssim_loss-0.3605035
2025-02-20 22:17:21 - INFO - epoch-101, train_mse_loss-0.0003519, train_ssim_loss-0.3120706, val_mse_loss-0.0005547, val_ssim_loss-0.3627112
2025-02-20 22:22:27 - INFO - epoch-102, train_mse_loss-0.0003520, train_ssim_loss-0.3122848, val_mse_loss-0.0004956, val_ssim_loss-0.3566291
2025-02-20 22:27:34 - INFO - epoch-103, train_mse_loss-0.0003518, train_ssim_loss-0.3118895, val_mse_loss-0.0005313, val_ssim_loss-0.3587392
2025-02-20 22:32:44 - INFO - epoch-104, train_mse_loss-0.0003516, train_ssim_loss-0.3116054, val_mse_loss-0.0005289, val_ssim_loss-0.3590431
2025-02-20 22:37:52 - INFO - epoch-105, train_mse_loss-0.0003519, train_ssim_loss-0.3117579, val_mse_loss-0.0005219, val_ssim_loss-0.3574097
2025-02-20 22:42:59 - INFO - epoch-106, train_mse_loss-0.0003517, train_ssim_loss-0.3119022, val_mse_loss-0.0005372, val_ssim_loss-0.3587544
2025-02-20 22:48:06 - INFO - epoch-107, train_mse_loss-0.0003517, train_ssim_loss-0.3116940, val_mse_loss-0.0005548, val_ssim_loss-0.3669844
2025-02-20 22:53:11 - INFO - epoch-108, train_mse_loss-0.0003514, train_ssim_loss-0.3114526, val_mse_loss-0.0005313, val_ssim_loss-0.3617289
2025-02-20 22:58:16 - INFO - epoch-109, train_mse_loss-0.0003514, train_ssim_loss-0.3113160, val_mse_loss-0.0004873, val_ssim_loss-0.3534056
2025-02-20 23:03:22 - INFO - epoch-110, train_mse_loss-0.0003514, train_ssim_loss-0.3113551, val_mse_loss-0.0005157, val_ssim_loss-0.3592282
2025-02-20 23:08:30 - INFO - epoch-111, train_mse_loss-0.0003515, train_ssim_loss-0.3113318, val_mse_loss-0.0004731, val_ssim_loss-0.3534730
2025-02-20 23:13:39 - INFO - epoch-112, train_mse_loss-0.0003512, train_ssim_loss-0.3113129, val_mse_loss-0.0005286, val_ssim_loss-0.3595201
2025-02-20 23:18:47 - INFO - epoch-113, train_mse_loss-0.0003511, train_ssim_loss-0.3111164, val_mse_loss-0.0005795, val_ssim_loss-0.3628176
2025-02-20 23:23:56 - INFO - epoch-114, train_mse_loss-0.0003515, train_ssim_loss-0.3111501, val_mse_loss-0.0005084, val_ssim_loss-0.3607349
2025-02-20 23:29:04 - INFO - epoch-115, train_mse_loss-0.0003511, train_ssim_loss-0.3110284, val_mse_loss-0.0005319, val_ssim_loss-0.3586134
2025-02-20 23:34:17 - INFO - epoch-116, train_mse_loss-0.0003511, train_ssim_loss-0.3110328, val_mse_loss-0.0004966, val_ssim_loss-0.3578654
2025-02-20 23:39:29 - INFO - epoch-117, train_mse_loss-0.0003515, train_ssim_loss-0.3111879, val_mse_loss-0.0005066, val_ssim_loss-0.3584443
2025-02-20 23:44:36 - INFO - epoch-118, train_mse_loss-0.0003511, train_ssim_loss-0.3109614, val_mse_loss-0.0005079, val_ssim_loss-0.3556960
2025-02-20 23:49:42 - INFO - epoch-119, train_mse_loss-0.0003509, train_ssim_loss-0.3107374, val_mse_loss-0.0005320, val_ssim_loss-0.3611376
2025-02-20 23:54:49 - INFO - epoch-120, train_mse_loss-0.0003509, train_ssim_loss-0.3107613, val_mse_loss-0.0004603, val_ssim_loss-0.3524686
2025-02-20 23:59:57 - INFO - epoch-121, train_mse_loss-0.0003509, train_ssim_loss-0.3105099, val_mse_loss-0.0004733, val_ssim_loss-0.3495973
2025-02-21 00:05:06 - INFO - epoch-122, train_mse_loss-0.0003508, train_ssim_loss-0.3104747, val_mse_loss-0.0004674, val_ssim_loss-0.3581897
2025-02-21 00:10:15 - INFO - epoch-123, train_mse_loss-0.0003506, train_ssim_loss-0.3104804, val_mse_loss-0.0004562, val_ssim_loss-0.3547195
2025-02-21 00:15:25 - INFO - epoch-124, train_mse_loss-0.0003506, train_ssim_loss-0.3104121, val_mse_loss-0.0004630, val_ssim_loss-0.3586183
2025-02-21 00:20:35 - INFO - epoch-125, train_mse_loss-0.0003509, train_ssim_loss-0.3106096, val_mse_loss-0.0004737, val_ssim_loss-0.3575245
2025-02-21 00:25:45 - INFO - epoch-126, train_mse_loss-0.0003508, train_ssim_loss-0.3107250, val_mse_loss-0.0004372, val_ssim_loss-0.3545859
2025-02-21 00:30:55 - INFO - epoch-127, train_mse_loss-0.0003507, train_ssim_loss-0.3103510, val_mse_loss-0.0004344, val_ssim_loss-0.3517753
2025-02-21 00:36:06 - INFO - epoch-128, train_mse_loss-0.0003509, train_ssim_loss-0.3103494, val_mse_loss-0.0004480, val_ssim_loss-0.3555335
2025-02-21 00:41:19 - INFO - epoch-129, train_mse_loss-0.0003505, train_ssim_loss-0.3103173, val_mse_loss-0.0003964, val_ssim_loss-0.3494401
2025-02-21 00:46:34 - INFO - epoch-130, train_mse_loss-0.0003507, train_ssim_loss-0.3105257, val_mse_loss-0.0004566, val_ssim_loss-0.3551374
2025-02-21 00:51:41 - INFO - epoch-131, train_mse_loss-0.0003505, train_ssim_loss-0.3102046, val_mse_loss-0.0004293, val_ssim_loss-0.3507235
2025-02-21 00:56:49 - INFO - epoch-132, train_mse_loss-0.0003507, train_ssim_loss-0.3103306, val_mse_loss-0.0004362, val_ssim_loss-0.3563018
2025-02-21 01:01:58 - INFO - epoch-133, train_mse_loss-0.0003504, train_ssim_loss-0.3101826, val_mse_loss-0.0004475, val_ssim_loss-0.3589381
2025-02-21 01:07:07 - INFO - epoch-134, train_mse_loss-0.0003506, train_ssim_loss-0.3103022, val_mse_loss-0.0004881, val_ssim_loss-0.3542443
2025-02-21 01:12:17 - INFO - epoch-135, train_mse_loss-0.0003502, train_ssim_loss-0.3099935, val_mse_loss-0.0004407, val_ssim_loss-0.3524309
2025-02-21 01:17:23 - INFO - epoch-136, train_mse_loss-0.0003503, train_ssim_loss-0.3100237, val_mse_loss-0.0004552, val_ssim_loss-0.3549554
2025-02-21 01:22:30 - INFO - epoch-137, train_mse_loss-0.0003503, train_ssim_loss-0.3098733, val_mse_loss-0.0004348, val_ssim_loss-0.3519901
2025-02-21 01:27:37 - INFO - epoch-138, train_mse_loss-0.0003502, train_ssim_loss-0.3096278, val_mse_loss-0.0004388, val_ssim_loss-0.3527916
2025-02-21 01:32:46 - INFO - epoch-139, train_mse_loss-0.0003504, train_ssim_loss-0.3099599, val_mse_loss-0.0004694, val_ssim_loss-0.3568192
2025-02-21 01:37:55 - INFO - epoch-140, train_mse_loss-0.0003501, train_ssim_loss-0.3096460, val_mse_loss-0.0004430, val_ssim_loss-0.3544941
2025-02-21 01:43:07 - INFO - epoch-141, train_mse_loss-0.0003499, train_ssim_loss-0.3094793, val_mse_loss-0.0004605, val_ssim_loss-0.3554279
2025-02-21 01:48:21 - INFO - epoch-142, train_mse_loss-0.0003500, train_ssim_loss-0.3096764, val_mse_loss-0.0004409, val_ssim_loss-0.3538664
2025-02-21 01:53:33 - INFO - epoch-143, train_mse_loss-0.0003499, train_ssim_loss-0.3094751, val_mse_loss-0.0004676, val_ssim_loss-0.3566327
2025-02-21 01:58:44 - INFO - epoch-144, train_mse_loss-0.0003499, train_ssim_loss-0.3093575, val_mse_loss-0.0004881, val_ssim_loss-0.3562047
2025-02-21 02:03:53 - INFO - epoch-145, train_mse_loss-0.0003498, train_ssim_loss-0.3094973, val_mse_loss-0.0004419, val_ssim_loss-0.3529097
2025-02-21 02:09:01 - INFO - epoch-146, train_mse_loss-0.0003499, train_ssim_loss-0.3095557, val_mse_loss-0.0004636, val_ssim_loss-0.3580609
2025-02-21 02:14:09 - INFO - epoch-147, train_mse_loss-0.0003498, train_ssim_loss-0.3092584, val_mse_loss-0.0004483, val_ssim_loss-0.3561807
2025-02-21 02:19:16 - INFO - epoch-148, train_mse_loss-0.0003497, train_ssim_loss-0.3091657, val_mse_loss-0.0005300, val_ssim_loss-0.3582507
2025-02-21 02:24:23 - INFO - epoch-149, train_mse_loss-0.0003495, train_ssim_loss-0.3089639, val_mse_loss-0.0004729, val_ssim_loss-0.3602856
2025-02-21 02:29:31 - INFO - epoch-150, train_mse_loss-0.0003497, train_ssim_loss-0.3089959, val_mse_loss-0.0004683, val_ssim_loss-0.3651057
2025-02-21 02:34:39 - INFO - epoch-151, train_mse_loss-0.0003498, train_ssim_loss-0.3093946, val_mse_loss-0.0004525, val_ssim_loss-0.3605798
2025-02-21 02:39:49 - INFO - epoch-152, train_mse_loss-0.0003495, train_ssim_loss-0.3090261, val_mse_loss-0.0004676, val_ssim_loss-0.3554429
2025-02-21 02:44:58 - INFO - epoch-153, train_mse_loss-0.0003496, train_ssim_loss-0.3090861, val_mse_loss-0.0004563, val_ssim_loss-0.3552302
2025-02-21 02:50:08 - INFO - epoch-154, train_mse_loss-0.0003491, train_ssim_loss-0.3086091, val_mse_loss-0.0004859, val_ssim_loss-0.3618857
2025-02-21 02:55:18 - INFO - epoch-155, train_mse_loss-0.0003495, train_ssim_loss-0.3089314, val_mse_loss-0.0004331, val_ssim_loss-0.3521204
2025-02-21 03:00:30 - INFO - epoch-156, train_mse_loss-0.0003493, train_ssim_loss-0.3086187, val_mse_loss-0.0004653, val_ssim_loss-0.3583777
2025-02-21 03:05:39 - INFO - epoch-157, train_mse_loss-0.0003495, train_ssim_loss-0.3088591, val_mse_loss-0.0004607, val_ssim_loss-0.3581089
2025-02-21 03:10:49 - INFO - epoch-158, train_mse_loss-0.0003492, train_ssim_loss-0.3084486, val_mse_loss-0.0004321, val_ssim_loss-0.3589213
2025-02-21 03:15:56 - INFO - epoch-159, train_mse_loss-0.0003493, train_ssim_loss-0.3086874, val_mse_loss-0.0004420, val_ssim_loss-0.3574143
2025-02-21 03:21:02 - INFO - epoch-160, train_mse_loss-0.0003493, train_ssim_loss-0.3085770, val_mse_loss-0.0004538, val_ssim_loss-0.3562937
2025-02-21 03:26:10 - INFO - epoch-161, train_mse_loss-0.0003492, train_ssim_loss-0.3084342, val_mse_loss-0.0004392, val_ssim_loss-0.3560985
2025-02-21 03:31:19 - INFO - epoch-162, train_mse_loss-0.0003492, train_ssim_loss-0.3086290, val_mse_loss-0.0004512, val_ssim_loss-0.3556422
2025-02-21 03:36:28 - INFO - epoch-163, train_mse_loss-0.0003490, train_ssim_loss-0.3085065, val_mse_loss-0.0004433, val_ssim_loss-0.3642267
2025-02-21 03:41:37 - INFO - epoch-164, train_mse_loss-0.0003489, train_ssim_loss-0.3086346, val_mse_loss-0.0004548, val_ssim_loss-0.3553892
2025-02-21 03:46:48 - INFO - epoch-165, train_mse_loss-0.0003491, train_ssim_loss-0.3083554, val_mse_loss-0.0004732, val_ssim_loss-0.3562312
2025-02-21 03:51:58 - INFO - epoch-166, train_mse_loss-0.0003490, train_ssim_loss-0.3083343, val_mse_loss-0.0004499, val_ssim_loss-0.3588327
2025-02-21 03:57:08 - INFO - epoch-167, train_mse_loss-0.0003489, train_ssim_loss-0.3082656, val_mse_loss-0.0004599, val_ssim_loss-0.3546213
2025-02-21 04:02:19 - INFO - epoch-168, train_mse_loss-0.0003488, train_ssim_loss-0.3081449, val_mse_loss-0.0004557, val_ssim_loss-0.3565065
2025-02-21 04:07:30 - INFO - epoch-169, train_mse_loss-0.0003488, train_ssim_loss-0.3083431, val_mse_loss-0.0004267, val_ssim_loss-0.3598163
2025-02-21 04:12:39 - INFO - epoch-170, train_mse_loss-0.0003488, train_ssim_loss-0.3079336, val_mse_loss-0.0004478, val_ssim_loss-0.3571600
2025-02-21 04:17:46 - INFO - epoch-171, train_mse_loss-0.0003487, train_ssim_loss-0.3078794, val_mse_loss-0.0004741, val_ssim_loss-0.3544623
2025-02-21 04:22:56 - INFO - epoch-172, train_mse_loss-0.0003487, train_ssim_loss-0.3079596, val_mse_loss-0.0004310, val_ssim_loss-0.3560903
2025-02-21 04:28:05 - INFO - epoch-173, train_mse_loss-0.0003488, train_ssim_loss-0.3081780, val_mse_loss-0.0004227, val_ssim_loss-0.3600534
2025-02-21 04:33:11 - INFO - epoch-174, train_mse_loss-0.0003489, train_ssim_loss-0.3080619, val_mse_loss-0.0004504, val_ssim_loss-0.3576226
2025-02-21 04:38:18 - INFO - epoch-175, train_mse_loss-0.0003484, train_ssim_loss-0.3077056, val_mse_loss-0.0004463, val_ssim_loss-0.3546208
2025-02-21 04:43:25 - INFO - epoch-176, train_mse_loss-0.0003485, train_ssim_loss-0.3076572, val_mse_loss-0.0004218, val_ssim_loss-0.3538266
2025-02-21 04:48:33 - INFO - epoch-177, train_mse_loss-0.0003485, train_ssim_loss-0.3078376, val_mse_loss-0.0004648, val_ssim_loss-0.3580003
2025-02-21 04:53:42 - INFO - epoch-178, train_mse_loss-0.0003491, train_ssim_loss-0.3080442, val_mse_loss-0.0004931, val_ssim_loss-0.3579210
2025-02-21 04:58:51 - INFO - epoch-179, train_mse_loss-0.0003482, train_ssim_loss-0.3073282, val_mse_loss-0.0004224, val_ssim_loss-0.3604545
2025-02-21 05:03:59 - INFO - epoch-180, train_mse_loss-0.0003484, train_ssim_loss-0.3077725, val_mse_loss-0.0004728, val_ssim_loss-0.3573350
2025-02-21 05:09:10 - INFO - epoch-181, train_mse_loss-0.0003484, train_ssim_loss-0.3076414, val_mse_loss-0.0004527, val_ssim_loss-0.3513453
2025-02-21 05:14:21 - INFO - epoch-182, train_mse_loss-0.0003482, train_ssim_loss-0.3074847, val_mse_loss-0.0004589, val_ssim_loss-0.3550031
2025-02-21 05:19:33 - INFO - epoch-183, train_mse_loss-0.0003482, train_ssim_loss-0.3074769, val_mse_loss-0.0004389, val_ssim_loss-0.3556118
2025-02-21 05:24:41 - INFO - epoch-184, train_mse_loss-0.0003481, train_ssim_loss-0.3072398, val_mse_loss-0.0004370, val_ssim_loss-0.3560759
2025-02-21 05:29:48 - INFO - epoch-185, train_mse_loss-0.0003481, train_ssim_loss-0.3072883, val_mse_loss-0.0004368, val_ssim_loss-0.3583381
2025-02-21 05:34:54 - INFO - epoch-186, train_mse_loss-0.0003480, train_ssim_loss-0.3071354, val_mse_loss-0.0004554, val_ssim_loss-0.3621027
2025-02-21 05:40:00 - INFO - epoch-187, train_mse_loss-0.0003484, train_ssim_loss-0.3076203, val_mse_loss-0.0004567, val_ssim_loss-0.3542045
2025-02-21 05:45:06 - INFO - epoch-188, train_mse_loss-0.0003481, train_ssim_loss-0.3072319, val_mse_loss-0.0004477, val_ssim_loss-0.3580776
2025-02-21 05:50:15 - INFO - epoch-189, train_mse_loss-0.0003479, train_ssim_loss-0.3070756, val_mse_loss-0.0004221, val_ssim_loss-0.3582945
2025-02-21 05:55:23 - INFO - epoch-190, train_mse_loss-0.0003478, train_ssim_loss-0.3071642, val_mse_loss-0.0004461, val_ssim_loss-0.3540272
2025-02-21 06:00:30 - INFO - epoch-191, train_mse_loss-0.0003483, train_ssim_loss-0.3073004, val_mse_loss-0.0004521, val_ssim_loss-0.3558942
2025-02-21 06:05:38 - INFO - epoch-192, train_mse_loss-0.0003477, train_ssim_loss-0.3067760, val_mse_loss-0.0004438, val_ssim_loss-0.3549086
2025-02-21 06:10:46 - INFO - epoch-193, train_mse_loss-0.0003481, train_ssim_loss-0.3071766, val_mse_loss-0.0004021, val_ssim_loss-0.3543541
2025-02-21 06:15:56 - INFO - epoch-194, train_mse_loss-0.0003479, train_ssim_loss-0.3071959, val_mse_loss-0.0004812, val_ssim_loss-0.3560295
2025-02-21 06:21:07 - INFO - epoch-195, train_mse_loss-0.0003477, train_ssim_loss-0.3068602, val_mse_loss-0.0004417, val_ssim_loss-0.3523388
2025-02-21 06:26:17 - INFO - epoch-196, train_mse_loss-0.0003477, train_ssim_loss-0.3067649, val_mse_loss-0.0004541, val_ssim_loss-0.3554818
2025-02-21 06:31:26 - INFO - epoch-197, train_mse_loss-0.0003477, train_ssim_loss-0.3068433, val_mse_loss-0.0004410, val_ssim_loss-0.3515318
2025-02-21 06:36:35 - INFO - epoch-198, train_mse_loss-0.0003476, train_ssim_loss-0.3068396, val_mse_loss-0.0004642, val_ssim_loss-0.3540779
2025-02-21 06:41:45 - INFO - epoch-199, train_mse_loss-0.0003477, train_ssim_loss-0.3068354, val_mse_loss-0.0004256, val_ssim_loss-0.3533303
2025-02-21 06:46:54 - INFO - epoch-200, train_mse_loss-0.0003476, train_ssim_loss-0.3067324, val_mse_loss-0.0004411, val_ssim_loss-0.3546738
2025-02-21 06:52:02 - INFO - epoch-201, train_mse_loss-0.0003475, train_ssim_loss-0.3065295, val_mse_loss-0.0004458, val_ssim_loss-0.3519679
2025-02-21 06:57:09 - INFO - epoch-202, train_mse_loss-0.0003474, train_ssim_loss-0.3066575, val_mse_loss-0.0004254, val_ssim_loss-0.3528645
2025-02-21 07:02:16 - INFO - epoch-203, train_mse_loss-0.0003479, train_ssim_loss-0.3068113, val_mse_loss-0.0004055, val_ssim_loss-0.3562968
2025-02-21 07:07:24 - INFO - epoch-204, train_mse_loss-0.0003473, train_ssim_loss-0.3062125, val_mse_loss-0.0004583, val_ssim_loss-0.3503334
2025-02-21 07:12:32 - INFO - epoch-205, train_mse_loss-0.0003476, train_ssim_loss-0.3065261, val_mse_loss-0.0004113, val_ssim_loss-0.3538609
2025-02-21 07:17:40 - INFO - epoch-206, train_mse_loss-0.0003478, train_ssim_loss-0.3067835, val_mse_loss-0.0004148, val_ssim_loss-0.3540559
2025-02-21 07:22:56 - INFO - epoch-207, train_mse_loss-0.0003474, train_ssim_loss-0.3063550, val_mse_loss-0.0004121, val_ssim_loss-0.3571456
2025-02-21 07:28:09 - INFO - epoch-208, train_mse_loss-0.0003475, train_ssim_loss-0.3063949, val_mse_loss-0.0004223, val_ssim_loss-0.3543633
2025-02-21 07:33:19 - INFO - epoch-209, train_mse_loss-0.0003473, train_ssim_loss-0.3061860, val_mse_loss-0.0004329, val_ssim_loss-0.3554448
2025-02-21 07:38:28 - INFO - epoch-210, train_mse_loss-0.0003470, train_ssim_loss-0.3061086, val_mse_loss-0.0004562, val_ssim_loss-0.3533897
2025-02-21 07:43:35 - INFO - epoch-211, train_mse_loss-0.0003470, train_ssim_loss-0.3059533, val_mse_loss-0.0004123, val_ssim_loss-0.3547679
2025-02-21 07:48:45 - INFO - epoch-212, train_mse_loss-0.0003473, train_ssim_loss-0.3062664, val_mse_loss-0.0004291, val_ssim_loss-0.3538209
2025-02-21 07:53:54 - INFO - epoch-213, train_mse_loss-0.0003466, train_ssim_loss-0.3057411, val_mse_loss-0.0004173, val_ssim_loss-0.3571242
2025-02-21 07:59:00 - INFO - epoch-214, train_mse_loss-0.0003472, train_ssim_loss-0.3058699, val_mse_loss-0.0004617, val_ssim_loss-0.3598788
2025-02-21 08:04:07 - INFO - epoch-215, train_mse_loss-0.0003468, train_ssim_loss-0.3059023, val_mse_loss-0.0004543, val_ssim_loss-0.3539584
2025-02-21 08:09:14 - INFO - epoch-216, train_mse_loss-0.0003471, train_ssim_loss-0.3061507, val_mse_loss-0.0004126, val_ssim_loss-0.3533296
2025-02-21 08:14:21 - INFO - epoch-217, train_mse_loss-0.0003471, train_ssim_loss-0.3059233, val_mse_loss-0.0004151, val_ssim_loss-0.3531662
2025-02-21 08:19:27 - INFO - epoch-218, train_mse_loss-0.0003468, train_ssim_loss-0.3055691, val_mse_loss-0.0004083, val_ssim_loss-0.3492046
2025-02-21 08:24:34 - INFO - epoch-219, train_mse_loss-0.0003467, train_ssim_loss-0.3057166, val_mse_loss-0.0004373, val_ssim_loss-0.3532140
2025-02-21 08:29:48 - INFO - epoch-220, train_mse_loss-0.0003469, train_ssim_loss-0.3057459, val_mse_loss-0.0004233, val_ssim_loss-0.3529551
2025-02-21 08:35:02 - INFO - epoch-221, train_mse_loss-0.0003467, train_ssim_loss-0.3055429, val_mse_loss-0.0004207, val_ssim_loss-0.3546358
2025-02-21 08:40:13 - INFO - epoch-222, train_mse_loss-0.0003467, train_ssim_loss-0.3058311, val_mse_loss-0.0004253, val_ssim_loss-0.3579214
2025-02-21 08:45:23 - INFO - epoch-223, train_mse_loss-0.0003465, train_ssim_loss-0.3053326, val_mse_loss-0.0004278, val_ssim_loss-0.3503223
2025-02-21 08:50:31 - INFO - epoch-224, train_mse_loss-0.0003463, train_ssim_loss-0.3052801, val_mse_loss-0.0004120, val_ssim_loss-0.3480867
2025-02-21 08:55:40 - INFO - epoch-225, train_mse_loss-0.0003466, train_ssim_loss-0.3055908, val_mse_loss-0.0003908, val_ssim_loss-0.3549096
2025-02-21 09:00:46 - INFO - epoch-226, train_mse_loss-0.0003466, train_ssim_loss-0.3053536, val_mse_loss-0.0004408, val_ssim_loss-0.3510163
2025-02-21 09:05:54 - INFO - epoch-227, train_mse_loss-0.0003465, train_ssim_loss-0.3053213, val_mse_loss-0.0004181, val_ssim_loss-0.3530148
2025-02-21 09:11:02 - INFO - epoch-228, train_mse_loss-0.0003461, train_ssim_loss-0.3050233, val_mse_loss-0.0004182, val_ssim_loss-0.3567123
2025-02-21 09:16:10 - INFO - epoch-229, train_mse_loss-0.0003463, train_ssim_loss-0.3050870, val_mse_loss-0.0004542, val_ssim_loss-0.3498542
2025-02-21 09:21:18 - INFO - epoch-230, train_mse_loss-0.0003468, train_ssim_loss-0.3054912, val_mse_loss-0.0004130, val_ssim_loss-0.3483234
2025-02-21 09:26:27 - INFO - epoch-231, train_mse_loss-0.0003461, train_ssim_loss-0.3050004, val_mse_loss-0.0004277, val_ssim_loss-0.3560494
2025-02-21 09:31:38 - INFO - epoch-232, train_mse_loss-0.0003465, train_ssim_loss-0.3053254, val_mse_loss-0.0004156, val_ssim_loss-0.3505396
2025-02-21 09:36:48 - INFO - epoch-233, train_mse_loss-0.0003461, train_ssim_loss-0.3047944, val_mse_loss-0.0004182, val_ssim_loss-0.3524023
2025-02-21 09:41:59 - INFO - epoch-234, train_mse_loss-0.0003461, train_ssim_loss-0.3049671, val_mse_loss-0.0004114, val_ssim_loss-0.3497512
2025-02-21 09:47:07 - INFO - epoch-235, train_mse_loss-0.0003461, train_ssim_loss-0.3048555, val_mse_loss-0.0004211, val_ssim_loss-0.3530172
2025-02-21 09:52:13 - INFO - epoch-236, train_mse_loss-0.0003459, train_ssim_loss-0.3047708, val_mse_loss-0.0004635, val_ssim_loss-0.3507092
2025-02-21 09:57:22 - INFO - epoch-237, train_mse_loss-0.0003462, train_ssim_loss-0.3048577, val_mse_loss-0.0003987, val_ssim_loss-0.3514984
2025-02-21 10:02:29 - INFO - epoch-238, train_mse_loss-0.0003460, train_ssim_loss-0.3046459, val_mse_loss-0.0003858, val_ssim_loss-0.3585298
2025-02-21 10:07:36 - INFO - epoch-239, train_mse_loss-0.0003459, train_ssim_loss-0.3045778, val_mse_loss-0.0004020, val_ssim_loss-0.3525774
2025-02-21 10:12:43 - INFO - epoch-240, train_mse_loss-0.0003458, train_ssim_loss-0.3044535, val_mse_loss-0.0004040, val_ssim_loss-0.3501818
2025-02-21 10:17:53 - INFO - epoch-241, train_mse_loss-0.0003460, train_ssim_loss-0.3046532, val_mse_loss-0.0003963, val_ssim_loss-0.3508300
2025-02-21 10:23:01 - INFO - epoch-242, train_mse_loss-0.0003461, train_ssim_loss-0.3047906, val_mse_loss-0.0004163, val_ssim_loss-0.3535754
2025-02-21 10:28:08 - INFO - epoch-243, train_mse_loss-0.0003458, train_ssim_loss-0.3044723, val_mse_loss-0.0003941, val_ssim_loss-0.3611440
2025-02-21 10:33:17 - INFO - epoch-244, train_mse_loss-0.0003460, train_ssim_loss-0.3047360, val_mse_loss-0.0004223, val_ssim_loss-0.3538842
