2024-12-17 17:27:47 - INFO - /mnt/cephfs/projects/2023110101_Ligand_fitting_to_EM_maps/My_Code/CryoLigate_Github/CryoLigate/GIGN/GIGN_EM/For_Elisei_Nov_2024/CryoLigate_GIGN_Unet/train_example.py
2024-12-17 17:27:47 - INFO - train data: 6806
2024-12-17 17:27:47 - INFO - valid data: 757
2024-12-17 17:32:59 - INFO - Initial_loss-0.4848
2024-12-17 17:33:24 - INFO - epoch-0, train_loss-0.5434
2024-12-17 17:33:48 - INFO - epoch-1, train_loss-0.4734
2024-12-17 17:34:11 - INFO - epoch-2, train_loss-0.4741
2024-12-17 17:34:34 - INFO - epoch-3, train_loss-0.4739
2024-12-17 17:34:57 - INFO - epoch-4, train_loss-0.4735
2024-12-17 17:35:20 - INFO - epoch-5, train_loss-0.4739
2024-12-17 17:35:44 - INFO - epoch-6, train_loss-0.4740
2024-12-17 17:36:07 - INFO - epoch-7, train_loss-0.4734
2024-12-17 17:36:30 - INFO - epoch-8, train_loss-0.4738
2024-12-17 17:36:54 - INFO - epoch-9, train_loss-0.4735
2024-12-17 17:37:17 - INFO - epoch-10, train_loss-0.4734
2024-12-17 17:37:40 - INFO - epoch-11, train_loss-0.4736
2024-12-17 17:38:03 - INFO - epoch-12, train_loss-0.4732
2024-12-17 17:38:27 - INFO - epoch-13, train_loss-0.4729
2024-12-17 17:38:50 - INFO - epoch-14, train_loss-0.4734
2024-12-17 17:39:13 - INFO - epoch-15, train_loss-0.4726
2024-12-17 17:39:36 - INFO - epoch-16, train_loss-0.4733
2024-12-17 17:40:00 - INFO - epoch-17, train_loss-0.4727
2024-12-17 17:40:23 - INFO - epoch-18, train_loss-0.4733
2024-12-17 17:40:46 - INFO - epoch-19, train_loss-0.4730
2024-12-17 17:41:09 - INFO - epoch-20, train_loss-0.4732
2024-12-17 17:41:33 - INFO - epoch-21, train_loss-0.4725
2024-12-17 17:41:56 - INFO - epoch-22, train_loss-0.4731
2024-12-17 17:42:19 - INFO - epoch-23, train_loss-0.4726
2024-12-17 17:42:42 - INFO - epoch-24, train_loss-0.4726
2024-12-17 17:43:06 - INFO - epoch-25, train_loss-0.4729
2024-12-17 17:43:29 - INFO - epoch-26, train_loss-0.4728
2024-12-17 17:43:52 - INFO - epoch-27, train_loss-0.4725
2024-12-17 17:44:16 - INFO - epoch-28, train_loss-0.4731
2024-12-17 17:44:39 - INFO - epoch-29, train_loss-0.4729
2024-12-17 17:45:02 - INFO - epoch-30, train_loss-0.4727
2024-12-17 17:45:25 - INFO - epoch-31, train_loss-0.4728
2024-12-17 17:45:49 - INFO - epoch-32, train_loss-0.4727
2024-12-17 17:46:12 - INFO - epoch-33, train_loss-0.4724
2024-12-17 17:46:35 - INFO - epoch-34, train_loss-0.4725
2024-12-17 17:46:58 - INFO - epoch-35, train_loss-0.4728
2024-12-17 17:47:22 - INFO - epoch-36, train_loss-0.4730
2024-12-17 17:47:45 - INFO - epoch-37, train_loss-0.4732
2024-12-17 17:48:08 - INFO - epoch-38, train_loss-0.4725
2024-12-17 17:48:31 - INFO - epoch-39, train_loss-0.4724
2024-12-17 17:48:55 - INFO - epoch-40, train_loss-0.4725
2024-12-17 17:49:18 - INFO - epoch-41, train_loss-0.4721
2024-12-17 17:49:41 - INFO - epoch-42, train_loss-0.4727
2024-12-17 17:50:04 - INFO - epoch-43, train_loss-0.4730
2024-12-17 17:50:28 - INFO - epoch-44, train_loss-0.4723
2024-12-17 17:50:51 - INFO - epoch-45, train_loss-0.4729
2024-12-17 17:51:14 - INFO - epoch-46, train_loss-0.4725
2024-12-17 17:51:37 - INFO - epoch-47, train_loss-0.4725
2024-12-17 17:52:01 - INFO - epoch-48, train_loss-0.4727
2024-12-17 17:52:24 - INFO - epoch-49, train_loss-0.4728
2024-12-17 17:52:47 - INFO - epoch-50, train_loss-0.4728
2024-12-17 17:53:11 - INFO - epoch-51, train_loss-0.4729
2024-12-17 17:53:34 - INFO - epoch-52, train_loss-0.4722
2024-12-17 17:53:57 - INFO - epoch-53, train_loss-0.4725
2024-12-17 17:54:20 - INFO - epoch-54, train_loss-0.4721
2024-12-17 17:54:44 - INFO - epoch-55, train_loss-0.4723
2024-12-17 17:55:07 - INFO - epoch-56, train_loss-0.4725
2024-12-17 17:55:30 - INFO - epoch-57, train_loss-0.4725
2024-12-17 17:55:53 - INFO - epoch-58, train_loss-0.4722
2024-12-17 17:56:17 - INFO - epoch-59, train_loss-0.4709
2024-12-17 17:56:40 - INFO - epoch-60, train_loss-0.4727
2024-12-17 17:57:03 - INFO - epoch-61, train_loss-0.4721
2024-12-17 17:57:26 - INFO - epoch-62, train_loss-0.4724
2024-12-17 17:57:49 - INFO - epoch-63, train_loss-0.4717
2024-12-17 17:58:13 - INFO - epoch-64, train_loss-0.4721
2024-12-17 17:58:36 - INFO - epoch-65, train_loss-0.4723
2024-12-17 17:58:59 - INFO - epoch-66, train_loss-0.4717
2024-12-17 17:59:23 - INFO - epoch-67, train_loss-0.4721
2024-12-17 17:59:46 - INFO - epoch-68, train_loss-0.4726
2024-12-17 18:00:09 - INFO - epoch-69, train_loss-0.4718
2024-12-17 18:00:32 - INFO - epoch-70, train_loss-0.4718
2024-12-17 18:00:56 - INFO - epoch-71, train_loss-0.4719
2024-12-17 18:01:19 - INFO - epoch-72, train_loss-0.4718
2024-12-17 18:01:42 - INFO - epoch-73, train_loss-0.4718
2024-12-17 18:02:05 - INFO - epoch-74, train_loss-0.4712
2024-12-17 18:02:29 - INFO - epoch-75, train_loss-0.4719
2024-12-17 18:02:52 - INFO - epoch-76, train_loss-0.4715
2024-12-17 18:03:15 - INFO - epoch-77, train_loss-0.4717
2024-12-17 18:03:39 - INFO - epoch-78, train_loss-0.4714
2024-12-17 18:04:02 - INFO - epoch-79, train_loss-0.4712
2024-12-17 18:04:25 - INFO - epoch-80, train_loss-0.4709
2024-12-17 18:04:48 - INFO - epoch-81, train_loss-0.4708
2024-12-17 18:05:12 - INFO - epoch-82, train_loss-0.4712
2024-12-17 18:05:34 - INFO - epoch-83, train_loss-0.4709
2024-12-17 18:05:56 - INFO - epoch-84, train_loss-0.4708
2024-12-17 18:06:18 - INFO - epoch-85, train_loss-0.4708
2024-12-17 18:06:40 - INFO - epoch-86, train_loss-0.4720
2024-12-17 18:07:02 - INFO - epoch-87, train_loss-0.4711
2024-12-17 18:07:24 - INFO - epoch-88, train_loss-0.4717
2024-12-17 18:07:47 - INFO - epoch-89, train_loss-0.4712
2024-12-17 18:08:09 - INFO - epoch-90, train_loss-0.4703
2024-12-17 18:08:31 - INFO - epoch-91, train_loss-0.4700
2024-12-17 18:08:53 - INFO - epoch-92, train_loss-0.4717
2024-12-17 18:09:15 - INFO - epoch-93, train_loss-0.4719
2024-12-17 18:09:37 - INFO - epoch-94, train_loss-0.4720
2024-12-17 18:09:59 - INFO - epoch-95, train_loss-0.4706
2024-12-17 18:10:21 - INFO - epoch-96, train_loss-0.4711
2024-12-17 18:10:43 - INFO - epoch-97, train_loss-0.4708
2024-12-17 18:11:05 - INFO - epoch-98, train_loss-0.4710
2024-12-17 18:11:27 - INFO - epoch-99, train_loss-0.4707
2024-12-17 18:11:49 - INFO - epoch-100, train_loss-0.4703
2024-12-17 18:12:11 - INFO - epoch-101, train_loss-0.4711
2024-12-17 18:12:33 - INFO - epoch-102, train_loss-0.4705
2024-12-17 18:12:55 - INFO - epoch-103, train_loss-0.4708
2024-12-17 18:13:17 - INFO - epoch-104, train_loss-0.4683
2024-12-17 18:13:39 - INFO - epoch-105, train_loss-0.4686
2024-12-17 18:14:01 - INFO - epoch-106, train_loss-0.4681
2024-12-17 18:14:24 - INFO - epoch-107, train_loss-0.4696
2024-12-17 18:14:46 - INFO - epoch-108, train_loss-0.4693
2024-12-17 18:15:08 - INFO - epoch-109, train_loss-0.4694
2024-12-17 18:15:30 - INFO - epoch-110, train_loss-0.4688
2024-12-17 18:15:52 - INFO - epoch-111, train_loss-0.4701
2024-12-17 18:16:14 - INFO - epoch-112, train_loss-0.4693
2024-12-17 18:16:36 - INFO - epoch-113, train_loss-0.4682
2024-12-17 18:16:58 - INFO - epoch-114, train_loss-0.4662
2024-12-17 18:17:20 - INFO - epoch-115, train_loss-0.4662
2024-12-17 18:17:42 - INFO - epoch-116, train_loss-0.4659
2024-12-17 18:21:54 - INFO - epoch-117, train_loss-0.4656
2024-12-17 18:22:16 - INFO - epoch-118, train_loss-0.4655
2024-12-17 18:22:38 - INFO - epoch-119, train_loss-0.4651
2024-12-17 18:23:00 - INFO - epoch-120, train_loss-0.4648
2024-12-17 18:23:22 - INFO - epoch-121, train_loss-0.4642
2024-12-17 18:23:44 - INFO - epoch-122, train_loss-0.4670
2024-12-17 18:24:07 - INFO - epoch-123, train_loss-0.4674
2024-12-17 18:24:29 - INFO - epoch-124, train_loss-0.4671
2024-12-17 18:24:51 - INFO - epoch-125, train_loss-0.4667
2024-12-17 18:25:13 - INFO - epoch-126, train_loss-0.4636
2024-12-17 18:25:35 - INFO - epoch-127, train_loss-0.4641
2024-12-17 18:25:57 - INFO - epoch-128, train_loss-0.4635
2024-12-17 18:26:19 - INFO - epoch-129, train_loss-0.4624
2024-12-17 18:26:41 - INFO - epoch-130, train_loss-0.4661
2024-12-17 18:27:03 - INFO - epoch-131, train_loss-0.4632
2024-12-17 18:27:25 - INFO - epoch-132, train_loss-0.4626
2024-12-17 18:27:47 - INFO - epoch-133, train_loss-0.4627
2024-12-17 18:28:09 - INFO - epoch-134, train_loss-0.4620
2024-12-17 18:28:31 - INFO - epoch-135, train_loss-0.4615
2024-12-17 18:28:54 - INFO - epoch-136, train_loss-0.4614
2024-12-17 18:29:16 - INFO - epoch-137, train_loss-0.4615
2024-12-17 18:29:38 - INFO - epoch-138, train_loss-0.4610
2024-12-17 18:30:00 - INFO - epoch-139, train_loss-0.4605
2024-12-17 18:30:22 - INFO - epoch-140, train_loss-0.4607
2024-12-17 18:30:44 - INFO - epoch-141, train_loss-0.4609
2024-12-17 18:31:06 - INFO - epoch-142, train_loss-0.4619
2024-12-17 18:31:28 - INFO - epoch-143, train_loss-0.4614
2024-12-17 18:31:50 - INFO - epoch-144, train_loss-0.4705
2024-12-17 18:32:12 - INFO - epoch-145, train_loss-0.4648
2024-12-17 18:32:34 - INFO - epoch-146, train_loss-0.4632
2024-12-17 18:32:56 - INFO - epoch-147, train_loss-0.4615
2024-12-17 18:33:19 - INFO - epoch-148, train_loss-0.4608
2024-12-17 18:33:41 - INFO - epoch-149, train_loss-0.4611
2024-12-17 18:34:03 - INFO - epoch-150, train_loss-0.4604
2024-12-17 18:34:25 - INFO - epoch-151, train_loss-0.4593
2024-12-17 18:34:47 - INFO - epoch-152, train_loss-0.4602
2024-12-17 18:35:09 - INFO - epoch-153, train_loss-0.4603
2024-12-17 18:35:31 - INFO - epoch-154, train_loss-0.4582
2024-12-17 18:35:53 - INFO - epoch-155, train_loss-0.4582
2024-12-17 18:36:15 - INFO - epoch-156, train_loss-0.4575
2024-12-17 18:36:37 - INFO - epoch-157, train_loss-0.4579
2024-12-17 18:36:59 - INFO - epoch-158, train_loss-0.4575
2024-12-17 18:37:21 - INFO - epoch-159, train_loss-0.4570
2024-12-17 18:37:43 - INFO - epoch-160, train_loss-0.4578
2024-12-17 18:38:05 - INFO - epoch-161, train_loss-0.4655
2024-12-17 18:38:27 - INFO - epoch-162, train_loss-0.4639
2024-12-17 18:38:50 - INFO - epoch-163, train_loss-0.4597
2024-12-17 18:39:12 - INFO - epoch-164, train_loss-0.4605
2024-12-17 18:39:34 - INFO - epoch-165, train_loss-0.4585
2024-12-17 18:39:56 - INFO - epoch-166, train_loss-0.4565
2024-12-17 18:40:18 - INFO - epoch-167, train_loss-0.4564
2024-12-17 18:40:40 - INFO - epoch-168, train_loss-0.4572
2024-12-17 18:41:02 - INFO - epoch-169, train_loss-0.4553
2024-12-17 18:41:24 - INFO - epoch-170, train_loss-0.4546
2024-12-17 18:41:46 - INFO - epoch-171, train_loss-0.4546
2024-12-17 18:42:08 - INFO - epoch-172, train_loss-0.4565
2024-12-17 18:42:31 - INFO - epoch-173, train_loss-0.4588
2024-12-17 18:42:53 - INFO - epoch-174, train_loss-0.4564
2024-12-17 18:43:15 - INFO - epoch-175, train_loss-0.4551
2024-12-17 18:43:37 - INFO - epoch-176, train_loss-0.4549
2024-12-17 18:43:59 - INFO - epoch-177, train_loss-0.4545
2024-12-17 18:44:21 - INFO - epoch-178, train_loss-0.4546
2024-12-17 18:44:43 - INFO - epoch-179, train_loss-0.4546
2024-12-17 18:45:05 - INFO - epoch-180, train_loss-0.4533
2024-12-17 18:45:27 - INFO - epoch-181, train_loss-0.4534
2024-12-17 18:45:49 - INFO - epoch-182, train_loss-0.4555
2024-12-17 18:46:11 - INFO - epoch-183, train_loss-0.4550
2024-12-17 18:46:33 - INFO - epoch-184, train_loss-0.4542
2024-12-17 18:46:56 - INFO - epoch-185, train_loss-0.4547
2024-12-17 18:47:18 - INFO - epoch-186, train_loss-0.4526
2024-12-17 18:47:40 - INFO - epoch-187, train_loss-0.4522
2024-12-17 18:48:02 - INFO - epoch-188, train_loss-0.4525
2024-12-17 18:48:24 - INFO - epoch-189, train_loss-0.4523
2024-12-17 18:48:46 - INFO - epoch-190, train_loss-0.4513
2024-12-17 18:49:08 - INFO - epoch-191, train_loss-0.4515
2024-12-17 18:49:30 - INFO - epoch-192, train_loss-0.4509
2024-12-17 18:49:52 - INFO - epoch-193, train_loss-0.4503
2024-12-17 18:50:14 - INFO - epoch-194, train_loss-0.4503
2024-12-17 18:50:36 - INFO - epoch-195, train_loss-0.4507
2024-12-17 18:50:58 - INFO - epoch-196, train_loss-0.4513
2024-12-17 18:51:21 - INFO - epoch-197, train_loss-0.4511
2024-12-17 18:51:43 - INFO - epoch-198, train_loss-0.4505
2024-12-17 18:52:05 - INFO - epoch-199, train_loss-0.4521
2024-12-17 18:52:29 - INFO - epoch-200, train_loss-0.4515
2024-12-17 18:52:52 - INFO - epoch-201, train_loss-0.4535
2024-12-17 18:53:15 - INFO - epoch-202, train_loss-0.4501
2024-12-17 18:53:38 - INFO - epoch-203, train_loss-0.4509
2024-12-17 18:54:02 - INFO - epoch-204, train_loss-0.4514
2024-12-17 18:54:25 - INFO - epoch-205, train_loss-0.4499
2024-12-17 18:54:48 - INFO - epoch-206, train_loss-0.4510
2024-12-17 18:55:12 - INFO - epoch-207, train_loss-0.4489
2024-12-17 18:55:35 - INFO - epoch-208, train_loss-0.4494
2024-12-17 18:55:58 - INFO - epoch-209, train_loss-0.4520
2024-12-17 18:56:21 - INFO - epoch-210, train_loss-0.4507
2024-12-17 18:56:45 - INFO - epoch-211, train_loss-0.4482
2024-12-17 18:57:08 - INFO - epoch-212, train_loss-0.4468
2024-12-17 18:57:31 - INFO - epoch-213, train_loss-0.4472
2024-12-17 18:57:55 - INFO - epoch-214, train_loss-0.4488
2024-12-17 18:58:18 - INFO - epoch-215, train_loss-0.4476
2024-12-17 18:58:41 - INFO - epoch-216, train_loss-0.4472
2024-12-17 18:59:04 - INFO - epoch-217, train_loss-0.4456
2024-12-17 18:59:28 - INFO - epoch-218, train_loss-0.4446
2024-12-17 18:59:51 - INFO - epoch-219, train_loss-0.4469
2024-12-17 19:00:13 - INFO - epoch-220, train_loss-0.4468
2024-12-17 19:00:35 - INFO - epoch-221, train_loss-0.4454
2024-12-17 19:00:57 - INFO - epoch-222, train_loss-0.4455
2024-12-17 19:01:19 - INFO - epoch-223, train_loss-0.4477
2024-12-17 19:01:42 - INFO - epoch-224, train_loss-0.4458
2024-12-17 19:02:04 - INFO - epoch-225, train_loss-0.4451
2024-12-17 19:02:26 - INFO - epoch-226, train_loss-0.4463
2024-12-17 19:02:48 - INFO - epoch-227, train_loss-0.4493
2024-12-17 19:03:10 - INFO - epoch-228, train_loss-0.4491
2024-12-17 19:03:32 - INFO - epoch-229, train_loss-0.4460
2024-12-17 19:03:54 - INFO - epoch-230, train_loss-0.4437
2024-12-17 19:04:17 - INFO - epoch-231, train_loss-0.4421
2024-12-17 19:04:39 - INFO - epoch-232, train_loss-0.4422
2024-12-17 19:05:01 - INFO - epoch-233, train_loss-0.4435
2024-12-17 19:05:23 - INFO - epoch-234, train_loss-0.4455
2024-12-17 19:05:45 - INFO - epoch-235, train_loss-0.4450
2024-12-17 19:06:08 - INFO - epoch-236, train_loss-0.4439
2024-12-17 19:06:30 - INFO - epoch-237, train_loss-0.4427
2024-12-17 19:06:52 - INFO - epoch-238, train_loss-0.4422
2024-12-17 19:07:14 - INFO - epoch-239, train_loss-0.4406
2024-12-17 19:07:36 - INFO - epoch-240, train_loss-0.4415
2024-12-17 19:07:58 - INFO - epoch-241, train_loss-0.4418
2024-12-17 19:08:20 - INFO - epoch-242, train_loss-0.4420
2024-12-17 19:08:42 - INFO - epoch-243, train_loss-0.4405
2024-12-17 19:09:05 - INFO - epoch-244, train_loss-0.4402
2024-12-17 19:09:27 - INFO - epoch-245, train_loss-0.4401
2024-12-17 19:09:49 - INFO - epoch-246, train_loss-0.4399
2024-12-17 19:10:11 - INFO - epoch-247, train_loss-0.4416
2024-12-17 19:10:33 - INFO - epoch-248, train_loss-0.4433
2024-12-17 19:10:56 - INFO - epoch-249, train_loss-0.4471
2024-12-17 19:12:02 - INFO - epoch-250, train_loss-0.4425
2024-12-17 19:15:27 - INFO - epoch-251, train_loss-0.4398
2024-12-17 19:15:50 - INFO - epoch-252, train_loss-0.4382
2024-12-17 19:16:12 - INFO - epoch-253, train_loss-0.4377
2024-12-17 19:16:34 - INFO - epoch-254, train_loss-0.4371
2024-12-17 19:16:56 - INFO - epoch-255, train_loss-0.4383
2024-12-17 19:17:18 - INFO - epoch-256, train_loss-0.4366
2024-12-17 19:17:40 - INFO - epoch-257, train_loss-0.4350
2024-12-17 19:18:02 - INFO - epoch-258, train_loss-0.4354
2024-12-17 19:18:25 - INFO - epoch-259, train_loss-0.4343
2024-12-17 19:18:47 - INFO - epoch-260, train_loss-0.4345
2024-12-17 19:19:09 - INFO - epoch-261, train_loss-0.4358
2024-12-17 19:19:31 - INFO - epoch-262, train_loss-0.4382
2024-12-17 19:19:53 - INFO - epoch-263, train_loss-0.4379
2024-12-17 19:20:16 - INFO - epoch-264, train_loss-0.4361
2024-12-17 19:20:38 - INFO - epoch-265, train_loss-0.4393
2024-12-17 19:21:00 - INFO - epoch-266, train_loss-0.4381
2024-12-17 19:21:22 - INFO - epoch-267, train_loss-0.4357
2024-12-17 19:21:44 - INFO - epoch-268, train_loss-0.4365
2024-12-17 19:22:06 - INFO - epoch-269, train_loss-0.4371
2024-12-17 19:22:29 - INFO - epoch-270, train_loss-0.4334
2024-12-17 19:22:51 - INFO - epoch-271, train_loss-0.4327
2024-12-17 19:23:13 - INFO - epoch-272, train_loss-0.4316
2024-12-17 19:23:35 - INFO - epoch-273, train_loss-0.4318
2024-12-17 19:23:57 - INFO - epoch-274, train_loss-0.4313
2024-12-17 19:24:19 - INFO - epoch-275, train_loss-0.4305
2024-12-17 19:24:41 - INFO - epoch-276, train_loss-0.4304
2024-12-17 19:25:04 - INFO - epoch-277, train_loss-0.4306
2024-12-17 19:25:26 - INFO - epoch-278, train_loss-0.4299
2024-12-17 19:25:48 - INFO - epoch-279, train_loss-0.4300
2024-12-17 19:26:10 - INFO - epoch-280, train_loss-0.4312
2024-12-17 19:26:32 - INFO - epoch-281, train_loss-0.4303
2024-12-17 19:26:54 - INFO - epoch-282, train_loss-0.4305
2024-12-17 19:27:17 - INFO - epoch-283, train_loss-0.4321
2024-12-17 19:27:39 - INFO - epoch-284, train_loss-0.4292
2024-12-17 19:28:01 - INFO - epoch-285, train_loss-0.4307
2024-12-17 19:28:23 - INFO - epoch-286, train_loss-0.4314
2024-12-17 19:28:45 - INFO - epoch-287, train_loss-0.4291
2024-12-17 19:29:07 - INFO - epoch-288, train_loss-0.4298
2024-12-17 19:29:29 - INFO - epoch-289, train_loss-0.4291
2024-12-17 19:29:52 - INFO - epoch-290, train_loss-0.4292
2024-12-17 19:30:14 - INFO - epoch-291, train_loss-0.4279
2024-12-17 19:30:36 - INFO - epoch-292, train_loss-0.4289
2024-12-17 19:30:58 - INFO - epoch-293, train_loss-0.4308
2024-12-17 19:31:20 - INFO - epoch-294, train_loss-0.4284
2024-12-17 19:31:43 - INFO - epoch-295, train_loss-0.4275
2024-12-17 19:32:05 - INFO - epoch-296, train_loss-0.4282
2024-12-17 19:32:27 - INFO - epoch-297, train_loss-0.4267
2024-12-17 19:32:49 - INFO - epoch-298, train_loss-0.4267
2024-12-17 19:33:11 - INFO - epoch-299, train_loss-0.4274
2024-12-17 19:33:33 - INFO - epoch-300, train_loss-0.4287
2024-12-17 19:33:55 - INFO - epoch-301, train_loss-0.4261
2024-12-17 19:34:18 - INFO - epoch-302, train_loss-0.4273
2024-12-17 19:34:40 - INFO - epoch-303, train_loss-0.4252
2024-12-17 19:35:02 - INFO - epoch-304, train_loss-0.4235
2024-12-17 19:35:24 - INFO - epoch-305, train_loss-0.4222
2024-12-17 19:35:46 - INFO - epoch-306, train_loss-0.4242
2024-12-17 19:36:08 - INFO - epoch-307, train_loss-0.4231
2024-12-17 19:36:30 - INFO - epoch-308, train_loss-0.4228
2024-12-17 19:36:53 - INFO - epoch-309, train_loss-0.4256
2024-12-17 19:37:15 - INFO - epoch-310, train_loss-0.4265
2024-12-17 19:37:37 - INFO - epoch-311, train_loss-0.4256
2024-12-17 19:37:59 - INFO - epoch-312, train_loss-0.4222
2024-12-17 19:38:21 - INFO - epoch-313, train_loss-0.4216
2024-12-17 19:38:44 - INFO - epoch-314, train_loss-0.4218
2024-12-17 19:39:06 - INFO - epoch-315, train_loss-0.4209
2024-12-17 19:39:28 - INFO - epoch-316, train_loss-0.4217
2024-12-17 19:39:50 - INFO - epoch-317, train_loss-0.4233
2024-12-17 19:40:12 - INFO - epoch-318, train_loss-0.4210
2024-12-17 19:40:34 - INFO - epoch-319, train_loss-0.4192
2024-12-17 19:40:57 - INFO - epoch-320, train_loss-0.4170
2024-12-17 19:41:19 - INFO - epoch-321, train_loss-0.4172
2024-12-17 19:41:41 - INFO - epoch-322, train_loss-0.4184
2024-12-17 19:42:03 - INFO - epoch-323, train_loss-0.4184
2024-12-17 19:42:25 - INFO - epoch-324, train_loss-0.4164
2024-12-17 19:42:47 - INFO - epoch-325, train_loss-0.4205
2024-12-17 19:43:10 - INFO - epoch-326, train_loss-0.4207
2024-12-17 19:43:32 - INFO - epoch-327, train_loss-0.4167
2024-12-17 19:43:54 - INFO - epoch-328, train_loss-0.4164
2024-12-17 19:44:16 - INFO - epoch-329, train_loss-0.4154
2024-12-17 19:44:38 - INFO - epoch-330, train_loss-0.4149
2024-12-17 19:45:00 - INFO - epoch-331, train_loss-0.4170
2024-12-17 19:45:23 - INFO - epoch-332, train_loss-0.4149
2024-12-17 19:45:45 - INFO - epoch-333, train_loss-0.4146
2024-12-17 19:46:07 - INFO - epoch-334, train_loss-0.4133
2024-12-17 19:46:29 - INFO - epoch-335, train_loss-0.4143
2024-12-17 19:46:51 - INFO - epoch-336, train_loss-0.4162
2024-12-17 19:47:13 - INFO - epoch-337, train_loss-0.4147
2024-12-17 19:47:35 - INFO - epoch-338, train_loss-0.4129
2024-12-17 19:47:58 - INFO - epoch-339, train_loss-0.4123
2024-12-17 19:48:20 - INFO - epoch-340, train_loss-0.4121
2024-12-17 19:48:42 - INFO - epoch-341, train_loss-0.4107
2024-12-17 19:49:04 - INFO - epoch-342, train_loss-0.4117
2024-12-17 19:49:27 - INFO - epoch-343, train_loss-0.4108
2024-12-17 19:49:49 - INFO - epoch-344, train_loss-0.4110
2024-12-17 19:50:11 - INFO - epoch-345, train_loss-0.4098
2024-12-17 19:50:33 - INFO - epoch-346, train_loss-0.4111
2024-12-17 19:50:55 - INFO - epoch-347, train_loss-0.4111
2024-12-17 19:51:17 - INFO - epoch-348, train_loss-0.4094
2024-12-17 19:51:39 - INFO - epoch-349, train_loss-0.4107
2024-12-17 19:52:02 - INFO - epoch-350, train_loss-0.4106
2024-12-17 19:52:24 - INFO - epoch-351, train_loss-0.4099
2024-12-17 19:52:46 - INFO - epoch-352, train_loss-0.4115
2024-12-17 19:53:08 - INFO - epoch-353, train_loss-0.4107
2024-12-17 19:53:30 - INFO - epoch-354, train_loss-0.4090
2024-12-17 19:53:53 - INFO - epoch-355, train_loss-0.4078
2024-12-17 19:54:15 - INFO - epoch-356, train_loss-0.4080
2024-12-17 19:54:37 - INFO - epoch-357, train_loss-0.4078
2024-12-17 19:54:59 - INFO - epoch-358, train_loss-0.4064
2024-12-17 19:55:21 - INFO - epoch-359, train_loss-0.4075
2024-12-17 19:55:43 - INFO - epoch-360, train_loss-0.4084
2024-12-17 19:56:06 - INFO - epoch-361, train_loss-0.4089
2024-12-17 19:56:28 - INFO - epoch-362, train_loss-0.4080
2024-12-17 19:56:50 - INFO - epoch-363, train_loss-0.4095
2024-12-17 19:57:12 - INFO - epoch-364, train_loss-0.4073
2024-12-17 19:57:34 - INFO - epoch-365, train_loss-0.4070
2024-12-17 19:57:56 - INFO - epoch-366, train_loss-0.4074
2024-12-17 19:58:18 - INFO - epoch-367, train_loss-0.4057
2024-12-17 19:58:41 - INFO - epoch-368, train_loss-0.4058
2024-12-17 19:59:03 - INFO - epoch-369, train_loss-0.4119
2024-12-17 19:59:25 - INFO - epoch-370, train_loss-0.4080
2024-12-17 19:59:47 - INFO - epoch-371, train_loss-0.4044
2024-12-17 20:00:09 - INFO - epoch-372, train_loss-0.4038
2024-12-17 20:00:32 - INFO - epoch-373, train_loss-0.4021
2024-12-17 20:00:54 - INFO - epoch-374, train_loss-0.4016
2024-12-17 20:01:16 - INFO - epoch-375, train_loss-0.4032
2024-12-17 20:01:38 - INFO - epoch-376, train_loss-0.4018
2024-12-17 20:02:00 - INFO - epoch-377, train_loss-0.4014
2024-12-17 20:02:22 - INFO - epoch-378, train_loss-0.4021
2024-12-17 20:02:44 - INFO - epoch-379, train_loss-0.4073
2024-12-17 20:03:07 - INFO - epoch-380, train_loss-0.4118
2024-12-17 20:03:29 - INFO - epoch-381, train_loss-0.4068
2024-12-17 20:03:51 - INFO - epoch-382, train_loss-0.4034
2024-12-17 20:04:13 - INFO - epoch-383, train_loss-0.4017
2024-12-17 20:04:35 - INFO - epoch-384, train_loss-0.4018
2024-12-17 20:08:38 - INFO - epoch-385, train_loss-0.3997
2024-12-17 20:09:02 - INFO - epoch-386, train_loss-0.3968
2024-12-17 20:09:25 - INFO - epoch-387, train_loss-0.3976
2024-12-17 20:09:48 - INFO - epoch-388, train_loss-0.3964
2024-12-17 20:10:11 - INFO - epoch-389, train_loss-0.3957
2024-12-17 20:10:35 - INFO - epoch-390, train_loss-0.3963
2024-12-17 20:10:57 - INFO - epoch-391, train_loss-0.3984
2024-12-17 20:11:20 - INFO - epoch-392, train_loss-0.3969
2024-12-17 20:11:42 - INFO - epoch-393, train_loss-0.3966
2024-12-17 20:12:04 - INFO - epoch-394, train_loss-0.3965
2024-12-17 20:12:26 - INFO - epoch-395, train_loss-0.3971
2024-12-17 20:12:48 - INFO - epoch-396, train_loss-0.3959
2024-12-17 20:13:10 - INFO - epoch-397, train_loss-0.3942
2024-12-17 20:13:32 - INFO - epoch-398, train_loss-0.3944
2024-12-17 20:13:54 - INFO - epoch-399, train_loss-0.3944
2024-12-17 20:14:16 - INFO - epoch-400, train_loss-0.3951
2024-12-17 20:14:38 - INFO - epoch-401, train_loss-0.3956
2024-12-17 20:15:00 - INFO - epoch-402, train_loss-0.3954
2024-12-17 20:15:22 - INFO - epoch-403, train_loss-0.3935
2024-12-17 20:15:44 - INFO - epoch-404, train_loss-0.3940
2024-12-17 20:16:06 - INFO - epoch-405, train_loss-0.3921
2024-12-17 20:16:28 - INFO - epoch-406, train_loss-0.3933
2024-12-17 20:16:50 - INFO - epoch-407, train_loss-0.3931
2024-12-17 20:17:12 - INFO - epoch-408, train_loss-0.3926
2024-12-17 20:17:35 - INFO - epoch-409, train_loss-0.3916
2024-12-17 20:17:57 - INFO - epoch-410, train_loss-0.3910
2024-12-17 20:18:19 - INFO - epoch-411, train_loss-0.3927
2024-12-17 20:18:41 - INFO - epoch-412, train_loss-0.3916
2024-12-17 20:19:03 - INFO - epoch-413, train_loss-0.3913
2024-12-17 20:19:25 - INFO - epoch-414, train_loss-0.3925
2024-12-17 20:19:47 - INFO - epoch-415, train_loss-0.3908
2024-12-17 20:20:09 - INFO - epoch-416, train_loss-0.3899
2024-12-17 20:20:31 - INFO - epoch-417, train_loss-0.3916
2024-12-17 20:20:53 - INFO - epoch-418, train_loss-0.3899
2024-12-17 20:21:16 - INFO - epoch-419, train_loss-0.3891
2024-12-17 20:21:39 - INFO - epoch-420, train_loss-0.3895
2024-12-17 20:22:02 - INFO - epoch-421, train_loss-0.3887
2024-12-17 20:22:26 - INFO - epoch-422, train_loss-0.3888
2024-12-17 20:22:49 - INFO - epoch-423, train_loss-0.3892
2024-12-17 20:23:12 - INFO - epoch-424, train_loss-0.3895
2024-12-17 20:23:35 - INFO - epoch-425, train_loss-0.3894
2024-12-17 20:23:59 - INFO - epoch-426, train_loss-0.3887
2024-12-17 20:24:22 - INFO - epoch-427, train_loss-0.3877
2024-12-17 20:24:45 - INFO - epoch-428, train_loss-0.3886
2024-12-17 20:25:09 - INFO - epoch-429, train_loss-0.3900
2024-12-17 20:25:32 - INFO - epoch-430, train_loss-0.3916
2024-12-17 20:25:55 - INFO - epoch-431, train_loss-0.3937
2024-12-17 20:26:19 - INFO - epoch-432, train_loss-0.3895
2024-12-17 20:26:42 - INFO - epoch-433, train_loss-0.3893
2024-12-17 20:27:05 - INFO - epoch-434, train_loss-0.3867
2024-12-17 20:27:28 - INFO - epoch-435, train_loss-0.3866
2024-12-17 20:27:52 - INFO - epoch-436, train_loss-0.3847
2024-12-17 20:28:15 - INFO - epoch-437, train_loss-0.3843
2024-12-17 20:28:38 - INFO - epoch-438, train_loss-0.3842
2024-12-17 20:29:01 - INFO - epoch-439, train_loss-0.3944
2024-12-17 20:29:25 - INFO - epoch-440, train_loss-0.3890
2024-12-17 20:29:48 - INFO - epoch-441, train_loss-0.3869
2024-12-17 20:30:11 - INFO - epoch-442, train_loss-0.3862
2024-12-17 20:30:35 - INFO - epoch-443, train_loss-0.3840
2024-12-17 20:30:58 - INFO - epoch-444, train_loss-0.3840
2024-12-17 20:31:21 - INFO - epoch-445, train_loss-0.3847
2024-12-17 20:31:44 - INFO - epoch-446, train_loss-0.3839
2024-12-17 20:32:08 - INFO - epoch-447, train_loss-0.3829
2024-12-17 20:32:31 - INFO - epoch-448, train_loss-0.3816
2024-12-17 20:32:54 - INFO - epoch-449, train_loss-0.3819
2024-12-17 20:33:17 - INFO - epoch-450, train_loss-0.3824
2024-12-17 20:33:41 - INFO - epoch-451, train_loss-0.3832
2024-12-17 20:34:04 - INFO - epoch-452, train_loss-0.3813
2024-12-17 20:34:27 - INFO - epoch-453, train_loss-0.3823
2024-12-17 20:34:50 - INFO - epoch-454, train_loss-0.3814
2024-12-17 20:35:13 - INFO - epoch-455, train_loss-0.3820
2024-12-17 20:35:37 - INFO - epoch-456, train_loss-0.3801
2024-12-17 20:36:00 - INFO - epoch-457, train_loss-0.3805
2024-12-17 20:36:22 - INFO - epoch-458, train_loss-0.3821
2024-12-17 20:36:44 - INFO - epoch-459, train_loss-0.3820
2024-12-17 20:37:06 - INFO - epoch-460, train_loss-0.3809
2024-12-17 20:37:28 - INFO - epoch-461, train_loss-0.3808
2024-12-17 20:37:50 - INFO - epoch-462, train_loss-0.3815
2024-12-17 20:38:12 - INFO - epoch-463, train_loss-0.3810
2024-12-17 20:38:34 - INFO - epoch-464, train_loss-0.3818
2024-12-17 20:38:56 - INFO - epoch-465, train_loss-0.3799
2024-12-17 20:39:18 - INFO - epoch-466, train_loss-0.3799
2024-12-17 20:39:40 - INFO - epoch-467, train_loss-0.3800
2024-12-17 20:40:02 - INFO - epoch-468, train_loss-0.3799
2024-12-17 20:40:25 - INFO - epoch-469, train_loss-0.3806
2024-12-17 20:40:47 - INFO - epoch-470, train_loss-0.3792
2024-12-17 20:41:09 - INFO - epoch-471, train_loss-0.3794
2024-12-17 20:41:31 - INFO - epoch-472, train_loss-0.3794
2024-12-17 20:41:53 - INFO - epoch-473, train_loss-0.3806
2024-12-17 20:42:15 - INFO - epoch-474, train_loss-0.3796
2024-12-17 20:42:37 - INFO - epoch-475, train_loss-0.3793
2024-12-17 20:42:59 - INFO - epoch-476, train_loss-0.3799
2024-12-17 20:43:21 - INFO - epoch-477, train_loss-0.3788
2024-12-17 20:43:43 - INFO - epoch-478, train_loss-0.3788
2024-12-17 20:44:05 - INFO - epoch-479, train_loss-0.3805
2024-12-17 20:44:27 - INFO - epoch-480, train_loss-0.3792
2024-12-17 20:44:49 - INFO - epoch-481, train_loss-0.3785
2024-12-17 20:45:12 - INFO - epoch-482, train_loss-0.3794
2024-12-17 20:45:35 - INFO - epoch-483, train_loss-0.3779
2024-12-17 20:45:58 - INFO - epoch-484, train_loss-0.3781
2024-12-17 20:46:21 - INFO - epoch-485, train_loss-0.3767
2024-12-17 20:46:45 - INFO - epoch-486, train_loss-0.3775
2024-12-17 20:47:08 - INFO - epoch-487, train_loss-0.3777
2024-12-17 20:47:31 - INFO - epoch-488, train_loss-0.3765
2024-12-17 20:47:54 - INFO - epoch-489, train_loss-0.3768
2024-12-17 20:48:18 - INFO - epoch-490, train_loss-0.3760
2024-12-17 20:48:41 - INFO - epoch-491, train_loss-0.3761
2024-12-17 20:49:04 - INFO - epoch-492, train_loss-0.3756
2024-12-17 20:49:27 - INFO - epoch-493, train_loss-0.3756
2024-12-17 20:49:51 - INFO - epoch-494, train_loss-0.3756
2024-12-17 20:50:14 - INFO - epoch-495, train_loss-0.3757
2024-12-17 20:50:37 - INFO - epoch-496, train_loss-0.3755
2024-12-17 20:51:00 - INFO - epoch-497, train_loss-0.3758
2024-12-17 20:51:24 - INFO - epoch-498, train_loss-0.3756
2024-12-17 20:51:47 - INFO - epoch-499, train_loss-0.3756
2024-12-17 20:52:10 - INFO - epoch-500, train_loss-0.3749
2024-12-17 20:52:34 - INFO - epoch-501, train_loss-0.3742
2024-12-17 20:52:57 - INFO - epoch-502, train_loss-0.3753
2024-12-17 20:53:20 - INFO - epoch-503, train_loss-0.3757
2024-12-17 20:53:43 - INFO - epoch-504, train_loss-0.3752
2024-12-17 20:54:06 - INFO - epoch-505, train_loss-0.3760
2024-12-17 20:54:30 - INFO - epoch-506, train_loss-0.3748
2024-12-17 20:54:53 - INFO - epoch-507, train_loss-0.3744
2024-12-17 20:55:16 - INFO - epoch-508, train_loss-0.3755
2024-12-17 20:55:39 - INFO - epoch-509, train_loss-0.3773
2024-12-17 20:56:03 - INFO - epoch-510, train_loss-0.3764
2024-12-17 20:56:26 - INFO - epoch-511, train_loss-0.3751
2024-12-17 20:56:49 - INFO - epoch-512, train_loss-0.3745
2024-12-17 20:57:12 - INFO - epoch-513, train_loss-0.3740
2024-12-17 20:57:36 - INFO - epoch-514, train_loss-0.3724
2024-12-17 20:57:59 - INFO - epoch-515, train_loss-0.3730
2024-12-17 21:01:52 - INFO - epoch-516, train_loss-0.3729
2024-12-17 21:02:15 - INFO - epoch-517, train_loss-0.3727
2024-12-17 21:02:37 - INFO - epoch-518, train_loss-0.3724
2024-12-17 21:02:59 - INFO - epoch-519, train_loss-0.3730
2024-12-17 21:03:21 - INFO - epoch-520, train_loss-0.3742
2024-12-17 21:03:43 - INFO - epoch-521, train_loss-0.3755
2024-12-17 21:04:05 - INFO - epoch-522, train_loss-0.3735
2024-12-17 21:04:27 - INFO - epoch-523, train_loss-0.3735
2024-12-17 21:04:49 - INFO - epoch-524, train_loss-0.3734
2024-12-17 21:05:11 - INFO - epoch-525, train_loss-0.3738
2024-12-17 21:05:33 - INFO - epoch-526, train_loss-0.3730
2024-12-17 21:05:55 - INFO - epoch-527, train_loss-0.3719
2024-12-17 21:06:17 - INFO - epoch-528, train_loss-0.3713
2024-12-17 21:06:40 - INFO - epoch-529, train_loss-0.3708
2024-12-17 21:07:02 - INFO - epoch-530, train_loss-0.3711
2024-12-17 21:07:24 - INFO - epoch-531, train_loss-0.3727
2024-12-17 21:07:46 - INFO - epoch-532, train_loss-0.3736
2024-12-17 21:08:08 - INFO - epoch-533, train_loss-0.3733
2024-12-17 21:08:30 - INFO - epoch-534, train_loss-0.3723
2024-12-17 21:08:52 - INFO - epoch-535, train_loss-0.3722
2024-12-17 21:09:14 - INFO - epoch-536, train_loss-0.3714
2024-12-17 21:09:36 - INFO - epoch-537, train_loss-0.3720
2024-12-17 21:09:58 - INFO - epoch-538, train_loss-0.3729
2024-12-17 21:10:20 - INFO - epoch-539, train_loss-0.3729
2024-12-17 21:10:42 - INFO - epoch-540, train_loss-0.3721
2024-12-17 21:11:04 - INFO - epoch-541, train_loss-0.3717
2024-12-17 21:11:26 - INFO - epoch-542, train_loss-0.3708
2024-12-17 21:11:48 - INFO - epoch-543, train_loss-0.3711
2024-12-17 21:12:10 - INFO - epoch-544, train_loss-0.3715
2024-12-17 21:12:32 - INFO - epoch-545, train_loss-0.3702
2024-12-17 21:12:54 - INFO - epoch-546, train_loss-0.3692
2024-12-17 21:13:17 - INFO - epoch-547, train_loss-0.3697
2024-12-17 21:13:39 - INFO - epoch-548, train_loss-0.3706
2024-12-17 21:14:01 - INFO - epoch-549, train_loss-0.3705
2024-12-17 21:14:23 - INFO - epoch-550, train_loss-0.3707
2024-12-17 21:14:45 - INFO - epoch-551, train_loss-0.3727
2024-12-17 21:15:07 - INFO - epoch-552, train_loss-0.3782
2024-12-17 21:15:29 - INFO - epoch-553, train_loss-0.3734
2024-12-17 21:15:51 - INFO - epoch-554, train_loss-0.3729
2024-12-17 21:16:13 - INFO - epoch-555, train_loss-0.3705
2024-12-17 21:16:35 - INFO - epoch-556, train_loss-0.3690
2024-12-17 21:16:57 - INFO - epoch-557, train_loss-0.3691
2024-12-17 21:17:19 - INFO - epoch-558, train_loss-0.3688
2024-12-17 21:17:41 - INFO - epoch-559, train_loss-0.3682
2024-12-17 21:18:03 - INFO - epoch-560, train_loss-0.3681
2024-12-17 21:18:25 - INFO - epoch-561, train_loss-0.3683
2024-12-17 21:18:47 - INFO - epoch-562, train_loss-0.3682
2024-12-17 21:19:09 - INFO - epoch-563, train_loss-0.3691
2024-12-17 21:19:32 - INFO - epoch-564, train_loss-0.3687
2024-12-17 21:19:54 - INFO - epoch-565, train_loss-0.3678
2024-12-17 21:20:16 - INFO - epoch-566, train_loss-0.3681
2024-12-17 21:20:38 - INFO - epoch-567, train_loss-0.3688
2024-12-17 21:21:00 - INFO - epoch-568, train_loss-0.3679
2024-12-17 21:21:22 - INFO - epoch-569, train_loss-0.3676
2024-12-17 21:21:44 - INFO - epoch-570, train_loss-0.3678
2024-12-17 21:22:06 - INFO - epoch-571, train_loss-0.3706
2024-12-17 21:22:28 - INFO - epoch-572, train_loss-0.3774
2024-12-17 21:22:50 - INFO - epoch-573, train_loss-0.3740
2024-12-17 21:23:12 - INFO - epoch-574, train_loss-0.3703
2024-12-17 21:23:34 - INFO - epoch-575, train_loss-0.3690
2024-12-17 21:23:56 - INFO - epoch-576, train_loss-0.3686
2024-12-17 21:24:18 - INFO - epoch-577, train_loss-0.3680
2024-12-17 21:24:41 - INFO - epoch-578, train_loss-0.3681
2024-12-17 21:25:03 - INFO - epoch-579, train_loss-0.3673
2024-12-17 21:25:25 - INFO - epoch-580, train_loss-0.3668
2024-12-17 21:25:47 - INFO - epoch-581, train_loss-0.3667
2024-12-17 21:26:09 - INFO - epoch-582, train_loss-0.3666
2024-12-17 21:26:31 - INFO - epoch-583, train_loss-0.3659
2024-12-17 21:26:53 - INFO - epoch-584, train_loss-0.3671
2024-12-17 21:27:15 - INFO - epoch-585, train_loss-0.3664
2024-12-17 21:27:37 - INFO - epoch-586, train_loss-0.3660
2024-12-17 21:27:59 - INFO - epoch-587, train_loss-0.3663
2024-12-17 21:28:22 - INFO - epoch-588, train_loss-0.3671
2024-12-17 21:28:46 - INFO - epoch-589, train_loss-0.3664
2024-12-17 21:29:09 - INFO - epoch-590, train_loss-0.3666
2024-12-17 21:29:32 - INFO - epoch-591, train_loss-0.3670
2024-12-17 21:29:55 - INFO - epoch-592, train_loss-0.3669
2024-12-17 21:30:19 - INFO - epoch-593, train_loss-0.3665
2024-12-17 21:30:42 - INFO - epoch-594, train_loss-0.3676
2024-12-17 21:31:05 - INFO - epoch-595, train_loss-0.3662
2024-12-17 21:31:28 - INFO - epoch-596, train_loss-0.3661
2024-12-17 21:31:52 - INFO - epoch-597, train_loss-0.3677
2024-12-17 21:32:15 - INFO - epoch-598, train_loss-0.3669
2024-12-17 21:32:38 - INFO - epoch-599, train_loss-0.3693
2024-12-17 21:33:01 - INFO - epoch-600, train_loss-0.3723
2024-12-17 21:33:25 - INFO - epoch-601, train_loss-0.3685
2024-12-17 21:33:48 - INFO - epoch-602, train_loss-0.3670
2024-12-17 21:34:11 - INFO - epoch-603, train_loss-0.3661
2024-12-17 21:34:34 - INFO - epoch-604, train_loss-0.3657
2024-12-17 21:34:58 - INFO - epoch-605, train_loss-0.3665
2024-12-17 21:35:21 - INFO - epoch-606, train_loss-0.3656
2024-12-17 21:35:44 - INFO - epoch-607, train_loss-0.3651
2024-12-17 21:36:08 - INFO - epoch-608, train_loss-0.3642
2024-12-17 21:36:31 - INFO - epoch-609, train_loss-0.3650
2024-12-17 21:36:54 - INFO - epoch-610, train_loss-0.3643
2024-12-17 21:37:17 - INFO - epoch-611, train_loss-0.3641
2024-12-17 21:37:41 - INFO - epoch-612, train_loss-0.3636
2024-12-17 21:38:04 - INFO - epoch-613, train_loss-0.3636
2024-12-17 21:38:27 - INFO - epoch-614, train_loss-0.3635
2024-12-17 21:38:51 - INFO - epoch-615, train_loss-0.3635
2024-12-17 21:39:14 - INFO - epoch-616, train_loss-0.3639
2024-12-17 21:39:37 - INFO - epoch-617, train_loss-0.3631
2024-12-17 21:40:00 - INFO - epoch-618, train_loss-0.3646
2024-12-17 21:40:24 - INFO - epoch-619, train_loss-0.3641
2024-12-17 21:40:47 - INFO - epoch-620, train_loss-0.3645
2024-12-17 21:41:10 - INFO - epoch-621, train_loss-0.3651
2024-12-17 21:41:33 - INFO - epoch-622, train_loss-0.3651
2024-12-17 21:41:57 - INFO - epoch-623, train_loss-0.3642
2024-12-17 21:42:20 - INFO - epoch-624, train_loss-0.3639
2024-12-17 21:42:43 - INFO - epoch-625, train_loss-0.3655
2024-12-17 21:43:06 - INFO - epoch-626, train_loss-0.3680
2024-12-17 21:43:30 - INFO - epoch-627, train_loss-0.3665
2024-12-17 21:43:53 - INFO - epoch-628, train_loss-0.3670
2024-12-17 21:44:16 - INFO - epoch-629, train_loss-0.3662
2024-12-17 21:44:39 - INFO - epoch-630, train_loss-0.3647
2024-12-17 21:45:03 - INFO - epoch-631, train_loss-0.3631
2024-12-17 21:45:26 - INFO - epoch-632, train_loss-0.3623
2024-12-17 21:45:49 - INFO - epoch-633, train_loss-0.3621
2024-12-17 21:46:12 - INFO - epoch-634, train_loss-0.3615
2024-12-17 21:46:36 - INFO - epoch-635, train_loss-0.3612
2024-12-17 21:46:59 - INFO - epoch-636, train_loss-0.3610
2024-12-17 21:47:21 - INFO - epoch-637, train_loss-0.3610
2024-12-17 21:47:44 - INFO - epoch-638, train_loss-0.3603
2024-12-17 21:48:06 - INFO - epoch-639, train_loss-0.3605
2024-12-17 21:48:28 - INFO - epoch-640, train_loss-0.3610
2024-12-17 21:48:50 - INFO - epoch-641, train_loss-0.3606
2024-12-17 21:49:12 - INFO - epoch-642, train_loss-0.3603
2024-12-17 21:49:34 - INFO - epoch-643, train_loss-0.3604
2024-12-17 21:49:57 - INFO - epoch-644, train_loss-0.3606
2024-12-17 21:50:19 - INFO - epoch-645, train_loss-0.3620
2024-12-17 21:50:41 - INFO - epoch-646, train_loss-0.3628
2024-12-17 21:51:03 - INFO - epoch-647, train_loss-0.3623
2024-12-17 21:51:25 - INFO - epoch-648, train_loss-0.3621
2024-12-17 21:54:08 - INFO - epoch-649, train_loss-0.3603
2024-12-17 21:55:21 - INFO - epoch-650, train_loss-0.3587
2024-12-17 21:55:44 - INFO - epoch-651, train_loss-0.3590
2024-12-17 21:56:08 - INFO - epoch-652, train_loss-0.3588
2024-12-17 21:56:31 - INFO - epoch-653, train_loss-0.3587
2024-12-17 21:56:54 - INFO - epoch-654, train_loss-0.3598
2024-12-17 21:57:17 - INFO - epoch-655, train_loss-0.3594
2024-12-17 21:57:41 - INFO - epoch-656, train_loss-0.3596
2024-12-17 21:58:04 - INFO - epoch-657, train_loss-0.3600
2024-12-17 21:58:27 - INFO - epoch-658, train_loss-0.3589
2024-12-17 21:58:50 - INFO - epoch-659, train_loss-0.3594
2024-12-17 21:59:13 - INFO - epoch-660, train_loss-0.3586
2024-12-17 21:59:37 - INFO - epoch-661, train_loss-0.3588
2024-12-17 22:00:00 - INFO - epoch-662, train_loss-0.3585
2024-12-17 22:00:23 - INFO - epoch-663, train_loss-0.3577
2024-12-17 22:00:47 - INFO - epoch-664, train_loss-0.3584
2024-12-17 22:01:10 - INFO - epoch-665, train_loss-0.3600
2024-12-17 22:01:33 - INFO - epoch-666, train_loss-0.3596
2024-12-17 22:01:56 - INFO - epoch-667, train_loss-0.3581
2024-12-17 22:02:19 - INFO - epoch-668, train_loss-0.3585
2024-12-17 22:02:43 - INFO - epoch-669, train_loss-0.3581
2024-12-17 22:03:06 - INFO - epoch-670, train_loss-0.3620
2024-12-17 22:03:29 - INFO - epoch-671, train_loss-0.3587
2024-12-17 22:03:52 - INFO - epoch-672, train_loss-0.3567
2024-12-17 22:04:16 - INFO - epoch-673, train_loss-0.3566
2024-12-17 22:04:39 - INFO - epoch-674, train_loss-0.3561
2024-12-17 22:05:02 - INFO - epoch-675, train_loss-0.3560
2024-12-17 22:05:25 - INFO - epoch-676, train_loss-0.3547
2024-12-17 22:05:49 - INFO - epoch-677, train_loss-0.3549
2024-12-17 22:06:12 - INFO - epoch-678, train_loss-0.3551
2024-12-17 22:06:35 - INFO - epoch-679, train_loss-0.3558
2024-12-17 22:06:58 - INFO - epoch-680, train_loss-0.3558
2024-12-17 22:07:22 - INFO - epoch-681, train_loss-0.3551
2024-12-17 22:07:45 - INFO - epoch-682, train_loss-0.3545
2024-12-17 22:08:08 - INFO - epoch-683, train_loss-0.3533
2024-12-17 22:08:31 - INFO - epoch-684, train_loss-0.3539
2024-12-17 22:08:54 - INFO - epoch-685, train_loss-0.3540
2024-12-17 22:09:18 - INFO - epoch-686, train_loss-0.3542
2024-12-17 22:09:41 - INFO - epoch-687, train_loss-0.3539
2024-12-17 22:10:04 - INFO - epoch-688, train_loss-0.3539
2024-12-17 22:10:27 - INFO - epoch-689, train_loss-0.3537
2024-12-17 22:10:51 - INFO - epoch-690, train_loss-0.3550
2024-12-17 22:11:14 - INFO - epoch-691, train_loss-0.3534
2024-12-17 22:11:37 - INFO - epoch-692, train_loss-0.3524
2024-12-17 22:12:00 - INFO - epoch-693, train_loss-0.3525
2024-12-17 22:12:24 - INFO - epoch-694, train_loss-0.3505
2024-12-17 22:12:47 - INFO - epoch-695, train_loss-0.3515
2024-12-17 22:13:10 - INFO - epoch-696, train_loss-0.3518
2024-12-17 22:13:33 - INFO - epoch-697, train_loss-0.3513
2024-12-17 22:13:56 - INFO - epoch-698, train_loss-0.3518
2024-12-17 22:14:20 - INFO - epoch-699, train_loss-0.3514
2024-12-17 22:14:43 - INFO - epoch-700, train_loss-0.3509
2024-12-17 22:15:06 - INFO - epoch-701, train_loss-0.3511
2024-12-17 22:15:29 - INFO - epoch-702, train_loss-0.3514
2024-12-17 22:15:53 - INFO - epoch-703, train_loss-0.3501
2024-12-17 22:16:16 - INFO - epoch-704, train_loss-0.3487
2024-12-17 22:16:39 - INFO - epoch-705, train_loss-0.3485
2024-12-17 22:17:02 - INFO - epoch-706, train_loss-0.3497
2024-12-17 22:17:24 - INFO - epoch-707, train_loss-0.3497
2024-12-17 22:17:47 - INFO - epoch-708, train_loss-0.3490
2024-12-17 22:18:09 - INFO - epoch-709, train_loss-0.3477
2024-12-17 22:18:32 - INFO - epoch-710, train_loss-0.3490
2024-12-17 22:18:55 - INFO - epoch-711, train_loss-0.3493
2024-12-17 22:19:19 - INFO - epoch-712, train_loss-0.3475
2024-12-17 22:19:42 - INFO - epoch-713, train_loss-0.3472
2024-12-17 22:20:05 - INFO - epoch-714, train_loss-0.3463
2024-12-17 22:20:28 - INFO - epoch-715, train_loss-0.3452
2024-12-17 22:20:52 - INFO - epoch-716, train_loss-0.3448
2024-12-17 22:21:15 - INFO - epoch-717, train_loss-0.3443
2024-12-17 22:21:38 - INFO - epoch-718, train_loss-0.3437
2024-12-17 22:22:01 - INFO - epoch-719, train_loss-0.3427
2024-12-17 22:22:25 - INFO - epoch-720, train_loss-0.3420
2024-12-17 22:22:48 - INFO - epoch-721, train_loss-0.3424
2024-12-17 22:23:11 - INFO - epoch-722, train_loss-0.3418
2024-12-17 22:23:34 - INFO - epoch-723, train_loss-0.3416
2024-12-17 22:23:58 - INFO - epoch-724, train_loss-0.3410
2024-12-17 22:24:21 - INFO - epoch-725, train_loss-0.3408
2024-12-17 22:24:43 - INFO - epoch-726, train_loss-0.3412
2024-12-17 22:25:05 - INFO - epoch-727, train_loss-0.3414
2024-12-17 22:25:27 - INFO - epoch-728, train_loss-0.3410
2024-12-17 22:25:49 - INFO - epoch-729, train_loss-0.3394
2024-12-17 22:26:12 - INFO - epoch-730, train_loss-0.3399
2024-12-17 22:26:34 - INFO - epoch-731, train_loss-0.3389
2024-12-17 22:26:56 - INFO - epoch-732, train_loss-0.3381
2024-12-17 22:27:18 - INFO - epoch-733, train_loss-0.3381
2024-12-17 22:27:40 - INFO - epoch-734, train_loss-0.3374
2024-12-17 22:28:02 - INFO - epoch-735, train_loss-0.3368
2024-12-17 22:28:24 - INFO - epoch-736, train_loss-0.3364
2024-12-17 22:28:47 - INFO - epoch-737, train_loss-0.3357
2024-12-17 22:29:09 - INFO - epoch-738, train_loss-0.3362
2024-12-17 22:29:31 - INFO - epoch-739, train_loss-0.3353
2024-12-17 22:29:53 - INFO - epoch-740, train_loss-0.3348
2024-12-17 22:30:15 - INFO - epoch-741, train_loss-0.3337
2024-12-17 22:30:37 - INFO - epoch-742, train_loss-0.3338
2024-12-17 22:30:59 - INFO - epoch-743, train_loss-0.3341
2024-12-17 22:31:22 - INFO - epoch-744, train_loss-0.3322
2024-12-17 22:31:44 - INFO - epoch-745, train_loss-0.3323
2024-12-17 22:32:06 - INFO - epoch-746, train_loss-0.3318
2024-12-17 22:32:28 - INFO - epoch-747, train_loss-0.3319
2024-12-17 22:32:50 - INFO - epoch-748, train_loss-0.3342
2024-12-17 22:33:12 - INFO - epoch-749, train_loss-0.3307
2024-12-17 22:33:34 - INFO - epoch-750, train_loss-0.3284
2024-12-17 22:33:56 - INFO - epoch-751, train_loss-0.3270
2024-12-17 22:34:19 - INFO - epoch-752, train_loss-0.3263
2024-12-17 22:34:41 - INFO - epoch-753, train_loss-0.3259
2024-12-17 22:35:03 - INFO - epoch-754, train_loss-0.3247
2024-12-17 22:35:25 - INFO - epoch-755, train_loss-0.3243
2024-12-17 22:35:47 - INFO - epoch-756, train_loss-0.3243
2024-12-17 22:36:09 - INFO - epoch-757, train_loss-0.3235
2024-12-17 22:36:31 - INFO - epoch-758, train_loss-0.3239
2024-12-17 22:36:54 - INFO - epoch-759, train_loss-0.3230
2024-12-17 22:37:16 - INFO - epoch-760, train_loss-0.3221
2024-12-17 22:37:38 - INFO - epoch-761, train_loss-0.3214
2024-12-17 22:38:00 - INFO - epoch-762, train_loss-0.3187
2024-12-17 22:38:22 - INFO - epoch-763, train_loss-0.3189
2024-12-17 22:38:45 - INFO - epoch-764, train_loss-0.3200
2024-12-17 22:39:07 - INFO - epoch-765, train_loss-0.3191
2024-12-17 22:39:29 - INFO - epoch-766, train_loss-0.3184
2024-12-17 22:39:51 - INFO - epoch-767, train_loss-0.3167
2024-12-17 22:40:13 - INFO - epoch-768, train_loss-0.3148
2024-12-17 22:40:36 - INFO - epoch-769, train_loss-0.3143
2024-12-17 22:40:58 - INFO - epoch-770, train_loss-0.3133
2024-12-17 22:41:20 - INFO - epoch-771, train_loss-0.3123
2024-12-17 22:41:42 - INFO - epoch-772, train_loss-0.3116
2024-12-17 22:42:04 - INFO - epoch-773, train_loss-0.3122
2024-12-17 22:42:26 - INFO - epoch-774, train_loss-0.3119
2024-12-17 22:42:49 - INFO - epoch-775, train_loss-0.3111
2024-12-17 22:43:11 - INFO - epoch-776, train_loss-0.3123
2024-12-17 22:43:33 - INFO - epoch-777, train_loss-0.3095
2024-12-17 22:43:55 - INFO - epoch-778, train_loss-0.3078
2024-12-17 22:44:17 - INFO - epoch-779, train_loss-0.3067
2024-12-17 22:44:39 - INFO - epoch-780, train_loss-0.3058
2024-12-17 22:46:55 - INFO - epoch-781, train_loss-0.3038
2024-12-17 22:48:38 - INFO - epoch-782, train_loss-0.3040
2024-12-17 22:49:00 - INFO - epoch-783, train_loss-0.3030
2024-12-17 22:49:22 - INFO - epoch-784, train_loss-0.3016
2024-12-17 22:49:44 - INFO - epoch-785, train_loss-0.3008
2024-12-17 22:50:06 - INFO - epoch-786, train_loss-0.3001
2024-12-17 22:50:28 - INFO - epoch-787, train_loss-0.3000
2024-12-17 22:50:50 - INFO - epoch-788, train_loss-0.2976
2024-12-17 22:51:13 - INFO - epoch-789, train_loss-0.2974
2024-12-17 22:51:35 - INFO - epoch-790, train_loss-0.2967
2024-12-17 22:51:57 - INFO - epoch-791, train_loss-0.2958
2024-12-17 22:52:19 - INFO - epoch-792, train_loss-0.2947
2024-12-17 22:52:41 - INFO - epoch-793, train_loss-0.2947
2024-12-17 22:53:03 - INFO - epoch-794, train_loss-0.2928
2024-12-17 22:53:25 - INFO - epoch-795, train_loss-0.2923
2024-12-17 22:53:47 - INFO - epoch-796, train_loss-0.2916
2024-12-17 22:54:09 - INFO - epoch-797, train_loss-0.2915
2024-12-17 22:54:32 - INFO - epoch-798, train_loss-0.2929
2024-12-17 22:54:54 - INFO - epoch-799, train_loss-0.2900
