2025-01-06 16:05:43 - INFO - /proj/berzelius-2022-haloi/users/x_elima/CryoLigate_GIGN_Unet/train_example_berzilius.py
2025-01-06 16:05:43 - INFO - train data: 16027
2025-01-06 16:05:43 - INFO - train unqiue data: 16027
2025-01-06 16:05:43 - INFO - valid data: 1781
2025-01-06 16:05:43 - INFO - valid unqiue data: 1781
2025-01-06 16:12:41 - INFO - epoch-0, train_loss-0.0074443, val_loss-0.1229245
2025-01-06 16:19:34 - INFO - epoch-1, train_loss-0.0004634, val_loss-0.1074383
2025-01-06 16:26:26 - INFO - epoch-2, train_loss-0.0004448, val_loss-0.1043620
2025-01-06 16:26:28 - INFO - Saved new best model at epoch 2 with validation loss 0.1043620
2025-01-06 16:33:20 - INFO - epoch-3, train_loss-0.0004342, val_loss-0.1087482
2025-01-06 16:40:12 - INFO - epoch-4, train_loss-0.0004297, val_loss-0.1074877
2025-01-06 16:47:05 - INFO - epoch-5, train_loss-0.0004275, val_loss-0.1121849
2025-01-06 16:53:56 - INFO - epoch-6, train_loss-0.0004254, val_loss-0.0989490
2025-01-06 16:53:59 - INFO - Saved new best model at epoch 6 with validation loss 0.0989490
2025-01-06 17:00:51 - INFO - epoch-7, train_loss-0.0004242, val_loss-0.0900566
2025-01-06 17:00:54 - INFO - Saved new best model at epoch 7 with validation loss 0.0900566
2025-01-06 17:07:46 - INFO - epoch-8, train_loss-0.0004231, val_loss-0.0782529
2025-01-06 17:07:48 - INFO - Saved new best model at epoch 8 with validation loss 0.0782529
2025-01-06 17:14:41 - INFO - epoch-9, train_loss-0.0004240, val_loss-0.0740704
2025-01-06 17:14:43 - INFO - Saved new best model at epoch 9 with validation loss 0.0740704
2025-01-06 17:21:36 - INFO - epoch-10, train_loss-0.0004221, val_loss-0.0856375
2025-01-06 17:28:28 - INFO - epoch-11, train_loss-0.0004208, val_loss-0.0490203
2025-01-06 17:28:30 - INFO - Saved new best model at epoch 11 with validation loss 0.0490203
2025-01-06 17:35:22 - INFO - epoch-12, train_loss-0.0004200, val_loss-0.0358824
2025-01-06 17:35:24 - INFO - Saved new best model at epoch 12 with validation loss 0.0358824
2025-01-06 17:42:16 - INFO - epoch-13, train_loss-0.0004416, val_loss-0.0167532
2025-01-06 17:42:18 - INFO - Saved new best model at epoch 13 with validation loss 0.0167532
2025-01-06 17:49:11 - INFO - epoch-14, train_loss-0.0006750, val_loss-0.0155151
2025-01-06 17:49:13 - INFO - Saved new best model at epoch 14 with validation loss 0.0155151
2025-01-06 17:56:05 - INFO - epoch-15, train_loss-0.0006744, val_loss-0.0145222
2025-01-06 17:56:08 - INFO - Saved new best model at epoch 15 with validation loss 0.0145222
2025-01-06 18:03:00 - INFO - epoch-16, train_loss-0.0006744, val_loss-0.0125593
2025-01-06 18:03:02 - INFO - Saved new best model at epoch 16 with validation loss 0.0125593
2025-01-06 18:09:55 - INFO - epoch-17, train_loss-0.0006744, val_loss-0.0125853
2025-01-06 18:16:49 - INFO - epoch-18, train_loss-0.0006744, val_loss-0.0158255
2025-01-06 18:23:41 - INFO - epoch-19, train_loss-0.0006745, val_loss-0.0186042
2025-01-06 18:30:34 - INFO - epoch-20, train_loss-0.0006744, val_loss-0.0227588
2025-01-06 18:37:26 - INFO - epoch-21, train_loss-0.0006744, val_loss-0.0118993
2025-01-06 18:37:28 - INFO - Saved new best model at epoch 21 with validation loss 0.0118993
2025-01-06 18:44:21 - INFO - epoch-22, train_loss-0.0006744, val_loss-0.0131686
2025-01-06 18:51:14 - INFO - epoch-23, train_loss-0.0007508, val_loss-0.0006767
2025-01-06 18:51:17 - INFO - Saved new best model at epoch 23 with validation loss 0.0006767
2025-01-06 18:58:07 - INFO - epoch-24, train_loss-0.0006744, val_loss-0.0006767
2025-01-06 19:04:58 - INFO - epoch-25, train_loss-0.0006744, val_loss-0.0006767
2025-01-06 19:11:49 - INFO - epoch-26, train_loss-0.0006744, val_loss-0.0006767
2025-01-06 19:18:40 - INFO - epoch-27, train_loss-0.0006744, val_loss-0.0006767
2025-01-06 19:25:32 - INFO - epoch-28, train_loss-0.0006744, val_loss-0.0006767
2025-01-06 19:32:24 - INFO - epoch-29, train_loss-0.0006740, val_loss-0.0006767
2025-01-06 19:39:15 - INFO - epoch-30, train_loss-0.0006744, val_loss-0.0006767
2025-01-06 19:46:06 - INFO - epoch-31, train_loss-0.0006744, val_loss-0.0006767
2025-01-06 19:52:57 - INFO - epoch-32, train_loss-0.0006744, val_loss-0.0006767
2025-01-06 19:59:47 - INFO - epoch-33, train_loss-0.0006744, val_loss-0.0006767
2025-01-06 20:06:37 - INFO - epoch-34, train_loss-0.0006744, val_loss-0.0006767
2025-01-06 20:13:28 - INFO - epoch-35, train_loss-0.0006743, val_loss-0.0006767
2025-01-06 20:20:18 - INFO - epoch-36, train_loss-0.0006742, val_loss-0.0006819
2025-01-06 20:27:08 - INFO - epoch-37, train_loss-0.0006734, val_loss-0.0010077
2025-01-06 20:33:58 - INFO - epoch-38, train_loss-0.0006744, val_loss-0.0006767
2025-01-06 20:40:49 - INFO - epoch-39, train_loss-0.0006744, val_loss-0.0006773
2025-01-06 20:47:39 - INFO - epoch-40, train_loss-0.0006795, val_loss-0.0006767
2025-01-06 20:54:29 - INFO - epoch-41, train_loss-0.0006744, val_loss-0.0006767
2025-01-06 21:01:20 - INFO - epoch-42, train_loss-0.0006744, val_loss-0.0006767
2025-01-06 21:08:10 - INFO - epoch-43, train_loss-0.0006744, val_loss-0.0006767
2025-01-06 21:15:00 - INFO - epoch-44, train_loss-0.0006744, val_loss-0.0006768
2025-01-06 21:21:50 - INFO - epoch-45, train_loss-0.0006744, val_loss-0.0007345
2025-01-06 21:28:40 - INFO - epoch-46, train_loss-0.0006743, val_loss-0.0007099
2025-01-06 21:35:31 - INFO - epoch-47, train_loss-0.0006973, val_loss-0.0017741
2025-01-06 21:42:22 - INFO - epoch-48, train_loss-0.0006744, val_loss-0.0006767
2025-01-06 21:49:14 - INFO - epoch-49, train_loss-0.0006744, val_loss-0.0006770
2025-01-06 21:56:05 - INFO - epoch-50, train_loss-0.0006744, val_loss-0.0006786
2025-01-06 22:02:55 - INFO - epoch-51, train_loss-0.0006744, val_loss-0.0006814
2025-01-06 22:09:46 - INFO - epoch-52, train_loss-0.0006744, val_loss-0.0006784
2025-01-06 22:16:38 - INFO - epoch-53, train_loss-0.0006744, val_loss-0.0006818
2025-01-06 22:23:29 - INFO - epoch-54, train_loss-0.0005051, val_loss-0.0006810
2025-01-06 22:30:20 - INFO - epoch-55, train_loss-0.0004180, val_loss-0.0006768
2025-01-06 22:37:11 - INFO - epoch-56, train_loss-0.0004150, val_loss-0.0006852
2025-01-06 22:44:02 - INFO - epoch-57, train_loss-0.0004136, val_loss-0.0006850
2025-01-06 22:50:54 - INFO - epoch-58, train_loss-0.0004134, val_loss-0.0006787
2025-01-06 22:57:47 - INFO - epoch-59, train_loss-0.0004121, val_loss-0.0006849
2025-01-06 23:05:22 - INFO - epoch-60, train_loss-0.0004113, val_loss-0.0006777
2025-01-06 23:12:19 - INFO - epoch-61, train_loss-0.0004174, val_loss-0.0007383
2025-01-06 23:19:09 - INFO - epoch-62, train_loss-0.0004164, val_loss-0.0007528
2025-01-06 23:25:59 - INFO - epoch-63, train_loss-0.0004144, val_loss-0.0007092
2025-01-06 23:33:02 - INFO - epoch-64, train_loss-0.0004137, val_loss-0.0011884
2025-01-06 23:41:32 - INFO - epoch-65, train_loss-0.0004132, val_loss-0.0005659
2025-01-06 23:41:34 - INFO - Saved new best model at epoch 65 with validation loss 0.0005659
2025-01-06 23:48:31 - INFO - epoch-66, train_loss-0.0004126, val_loss-0.0006931
2025-01-06 23:55:21 - INFO - epoch-67, train_loss-0.0004123, val_loss-0.0021981
2025-01-07 00:02:12 - INFO - epoch-68, train_loss-0.0004123, val_loss-0.0008289
2025-01-07 00:09:07 - INFO - epoch-69, train_loss-0.0004119, val_loss-0.0005512
2025-01-07 00:09:09 - INFO - Saved new best model at epoch 69 with validation loss 0.0005512
2025-01-07 00:16:02 - INFO - epoch-70, train_loss-0.0004114, val_loss-0.0004743
2025-01-07 00:16:04 - INFO - Saved new best model at epoch 70 with validation loss 0.0004743
2025-01-07 00:22:54 - INFO - epoch-71, train_loss-0.0004113, val_loss-0.0006455
2025-01-07 00:29:45 - INFO - epoch-72, train_loss-0.0004108, val_loss-0.0006163
2025-01-07 00:36:36 - INFO - epoch-73, train_loss-0.0004107, val_loss-0.0005790
2025-01-07 00:44:16 - INFO - epoch-74, train_loss-0.0004103, val_loss-0.0005643
2025-01-07 00:51:15 - INFO - epoch-75, train_loss-0.0004102, val_loss-0.0005513
2025-01-07 00:58:05 - INFO - epoch-76, train_loss-0.0004099, val_loss-0.0005458
2025-01-07 01:04:55 - INFO - epoch-77, train_loss-0.0004094, val_loss-0.0005356
2025-01-07 01:11:47 - INFO - epoch-78, train_loss-0.0004095, val_loss-0.0005415
2025-01-07 01:18:39 - INFO - epoch-79, train_loss-0.0004093, val_loss-0.0005225
2025-01-07 01:25:31 - INFO - epoch-80, train_loss-0.0004089, val_loss-0.0005300
2025-01-07 01:32:21 - INFO - epoch-81, train_loss-0.0004093, val_loss-0.0005682
2025-01-07 01:39:11 - INFO - epoch-82, train_loss-0.0004087, val_loss-0.0005559
2025-01-07 01:46:01 - INFO - epoch-83, train_loss-0.0004084, val_loss-0.0005644
2025-01-07 01:52:52 - INFO - epoch-84, train_loss-0.0004086, val_loss-0.0005087
2025-01-07 01:59:43 - INFO - epoch-85, train_loss-0.0004083, val_loss-0.0005079
2025-01-07 02:06:39 - INFO - epoch-86, train_loss-0.0004082, val_loss-0.0004976
2025-01-07 02:13:30 - INFO - epoch-87, train_loss-0.0004081, val_loss-0.0004886
2025-01-07 02:20:21 - INFO - epoch-88, train_loss-0.0004081, val_loss-0.0004704
2025-01-07 02:20:25 - INFO - Saved new best model at epoch 88 with validation loss 0.0004704
2025-01-07 02:27:18 - INFO - epoch-89, train_loss-0.0004079, val_loss-0.0004639
2025-01-07 02:27:23 - INFO - Saved new best model at epoch 89 with validation loss 0.0004639
2025-01-07 02:34:16 - INFO - epoch-90, train_loss-0.0004082, val_loss-0.0004551
2025-01-07 02:34:22 - INFO - Saved new best model at epoch 90 with validation loss 0.0004551
2025-01-07 02:41:13 - INFO - epoch-91, train_loss-0.0004080, val_loss-0.0004293
2025-01-07 02:41:19 - INFO - Saved new best model at epoch 91 with validation loss 0.0004293
2025-01-07 02:48:09 - INFO - epoch-92, train_loss-0.0004078, val_loss-0.0004205
2025-01-07 02:48:13 - INFO - Saved new best model at epoch 92 with validation loss 0.0004205
2025-01-07 02:55:04 - INFO - epoch-93, train_loss-0.0004078, val_loss-0.0004206
2025-01-07 03:01:53 - INFO - epoch-94, train_loss-0.0004077, val_loss-0.0004468
2025-01-07 03:08:44 - INFO - epoch-95, train_loss-0.0004077, val_loss-0.0004729
2025-01-07 03:15:35 - INFO - epoch-96, train_loss-0.0004076, val_loss-0.0005250
2025-01-07 03:22:26 - INFO - epoch-97, train_loss-0.0004076, val_loss-0.0006117
2025-01-07 03:29:17 - INFO - epoch-98, train_loss-0.0004076, val_loss-0.0006505
2025-01-07 03:36:07 - INFO - epoch-99, train_loss-0.0004077, val_loss-0.0007441
2025-01-07 03:42:58 - INFO - epoch-100, train_loss-0.0004077, val_loss-0.0006683
2025-01-07 03:49:48 - INFO - epoch-101, train_loss-0.0004077, val_loss-0.0006245
2025-01-07 03:56:38 - INFO - epoch-102, train_loss-0.0004077, val_loss-0.0006217
2025-01-07 04:03:28 - INFO - epoch-103, train_loss-0.0004077, val_loss-0.0005833
2025-01-07 04:10:18 - INFO - epoch-104, train_loss-0.0004076, val_loss-0.0006030
2025-01-07 04:17:09 - INFO - epoch-105, train_loss-0.0004077, val_loss-0.0006379
2025-01-07 04:24:00 - INFO - epoch-106, train_loss-0.0004076, val_loss-0.0006220
2025-01-07 04:30:51 - INFO - epoch-107, train_loss-0.0004077, val_loss-0.0006289
2025-01-07 04:37:41 - INFO - epoch-108, train_loss-0.0004077, val_loss-0.0005875
2025-01-07 04:44:34 - INFO - epoch-109, train_loss-0.0004076, val_loss-0.0006291
2025-01-07 04:52:08 - INFO - epoch-110, train_loss-0.0004076, val_loss-0.0005502
2025-01-07 04:59:23 - INFO - epoch-111, train_loss-0.0004075, val_loss-0.0005824
2025-01-07 05:06:18 - INFO - epoch-112, train_loss-0.0004075, val_loss-0.0005583
2025-01-07 05:13:09 - INFO - epoch-113, train_loss-0.0004076, val_loss-0.0006264
2025-01-07 05:19:59 - INFO - epoch-114, train_loss-0.0004076, val_loss-0.0005931
2025-01-07 05:26:49 - INFO - epoch-115, train_loss-0.0004075, val_loss-0.0005443
2025-01-07 05:33:40 - INFO - epoch-116, train_loss-0.0004074, val_loss-0.0006067
2025-01-07 05:40:31 - INFO - epoch-117, train_loss-0.0004075, val_loss-0.0005953
2025-01-07 05:47:21 - INFO - epoch-118, train_loss-0.0004073, val_loss-0.0006734
2025-01-07 05:54:14 - INFO - epoch-119, train_loss-0.0004075, val_loss-0.0007635
2025-01-07 06:01:06 - INFO - epoch-120, train_loss-0.0004076, val_loss-0.0006693
2025-01-07 06:07:59 - INFO - epoch-121, train_loss-0.0004075, val_loss-0.0006309
2025-01-07 06:14:51 - INFO - epoch-122, train_loss-0.0004074, val_loss-0.0006090
2025-01-07 06:21:41 - INFO - epoch-123, train_loss-0.0004076, val_loss-0.0007061
2025-01-07 06:28:32 - INFO - epoch-124, train_loss-0.0004076, val_loss-0.0005977
2025-01-07 06:35:22 - INFO - epoch-125, train_loss-0.0004074, val_loss-0.0007709
2025-01-07 06:42:12 - INFO - epoch-126, train_loss-0.0004075, val_loss-0.0006359
2025-01-07 06:49:03 - INFO - epoch-127, train_loss-0.0004074, val_loss-0.0006532
2025-01-07 06:55:53 - INFO - epoch-128, train_loss-0.0004074, val_loss-0.0006171
2025-01-07 07:02:45 - INFO - epoch-129, train_loss-0.0004073, val_loss-0.0005860
2025-01-07 07:09:36 - INFO - epoch-130, train_loss-0.0004076, val_loss-0.0007320
2025-01-07 07:16:29 - INFO - epoch-131, train_loss-0.0004077, val_loss-0.0006554
2025-01-07 07:23:18 - INFO - epoch-132, train_loss-0.0004074, val_loss-0.0005493
2025-01-07 07:30:08 - INFO - epoch-133, train_loss-0.0004074, val_loss-0.0006209
2025-01-07 07:36:57 - INFO - epoch-134, train_loss-0.0004074, val_loss-0.0007195
2025-01-07 07:43:47 - INFO - epoch-135, train_loss-0.0004075, val_loss-0.0005663
2025-01-07 07:50:38 - INFO - epoch-136, train_loss-0.0004075, val_loss-0.0006640
2025-01-07 07:57:28 - INFO - epoch-137, train_loss-0.0004075, val_loss-0.0005712
2025-01-07 08:04:18 - INFO - epoch-138, train_loss-0.0004073, val_loss-0.0005970
2025-01-07 08:11:11 - INFO - epoch-139, train_loss-0.0004074, val_loss-0.0005782
2025-01-07 08:18:02 - INFO - epoch-140, train_loss-0.0004075, val_loss-0.0005146
2025-01-07 08:24:53 - INFO - epoch-141, train_loss-0.0004074, val_loss-0.0005113
2025-01-07 08:31:43 - INFO - epoch-142, train_loss-0.0004074, val_loss-0.0005612
2025-01-07 08:38:34 - INFO - epoch-143, train_loss-0.0004073, val_loss-0.0005517
2025-01-07 08:45:25 - INFO - epoch-144, train_loss-0.0004075, val_loss-0.0006320
2025-01-07 08:52:15 - INFO - epoch-145, train_loss-0.0004073, val_loss-0.0005541
2025-01-07 08:59:06 - INFO - epoch-146, train_loss-0.0004074, val_loss-0.0006120
2025-01-07 09:05:56 - INFO - epoch-147, train_loss-0.0004073, val_loss-0.0005725
2025-01-07 09:12:46 - INFO - epoch-148, train_loss-0.0004074, val_loss-0.0006200
2025-01-07 09:19:40 - INFO - epoch-149, train_loss-0.0004073, val_loss-0.0005659
2025-01-07 09:26:31 - INFO - epoch-150, train_loss-0.0004073, val_loss-0.0006604
2025-01-07 09:33:25 - INFO - epoch-151, train_loss-0.0004075, val_loss-0.0006430
2025-01-07 09:40:15 - INFO - epoch-152, train_loss-0.0004073, val_loss-0.0005683
2025-01-07 09:47:05 - INFO - epoch-153, train_loss-0.0004074, val_loss-0.0005170
2025-01-07 09:53:56 - INFO - epoch-154, train_loss-0.0004073, val_loss-0.0006045
2025-01-07 10:00:46 - INFO - epoch-155, train_loss-0.0004073, val_loss-0.0005762
2025-01-07 10:07:41 - INFO - epoch-156, train_loss-0.0004073, val_loss-0.0005686
2025-01-07 10:14:31 - INFO - epoch-157, train_loss-0.0004073, val_loss-0.0008026
2025-01-07 10:21:23 - INFO - epoch-158, train_loss-0.0004073, val_loss-0.0005645
2025-01-07 10:28:16 - INFO - epoch-159, train_loss-0.0004073, val_loss-0.0006809
2025-01-07 10:35:07 - INFO - epoch-160, train_loss-0.0004073, val_loss-0.0007100
2025-01-07 10:41:59 - INFO - epoch-161, train_loss-0.0004072, val_loss-0.0006223
2025-01-07 10:48:50 - INFO - epoch-162, train_loss-0.0004072, val_loss-0.0006110
2025-01-07 10:55:40 - INFO - epoch-163, train_loss-0.0004072, val_loss-0.0005942
2025-01-07 11:02:30 - INFO - epoch-164, train_loss-0.0004074, val_loss-0.0006292
2025-01-07 11:09:21 - INFO - epoch-165, train_loss-0.0004073, val_loss-0.0005998
2025-01-07 11:16:10 - INFO - epoch-166, train_loss-0.0004073, val_loss-0.0007274
2025-01-07 11:23:01 - INFO - epoch-167, train_loss-0.0004073, val_loss-0.0006601
2025-01-07 11:29:53 - INFO - epoch-168, train_loss-0.0004073, val_loss-0.0006895
2025-01-07 11:36:45 - INFO - epoch-169, train_loss-0.0004072, val_loss-0.0006387
2025-01-07 11:43:37 - INFO - epoch-170, train_loss-0.0004072, val_loss-0.0005750
2025-01-07 11:50:28 - INFO - epoch-171, train_loss-0.0004074, val_loss-0.0005562
2025-01-07 11:57:18 - INFO - epoch-172, train_loss-0.0004072, val_loss-0.0006028
2025-01-07 12:04:09 - INFO - epoch-173, train_loss-0.0004072, val_loss-0.0006173
2025-01-07 12:10:58 - INFO - epoch-174, train_loss-0.0004073, val_loss-0.0006111
2025-01-07 12:17:47 - INFO - epoch-175, train_loss-0.0004074, val_loss-0.0006821
2025-01-07 12:24:37 - INFO - epoch-176, train_loss-0.0004071, val_loss-0.0006497
2025-01-07 12:31:28 - INFO - epoch-177, train_loss-0.0004073, val_loss-0.0006162
2025-01-07 12:38:19 - INFO - epoch-178, train_loss-0.0004073, val_loss-0.0006794
2025-01-07 12:45:22 - INFO - epoch-179, train_loss-0.0004076, val_loss-0.0007707
2025-01-07 12:52:34 - INFO - epoch-180, train_loss-0.0004073, val_loss-0.0005773
2025-01-07 12:59:35 - INFO - epoch-181, train_loss-0.0004073, val_loss-0.0006260
2025-01-07 13:06:25 - INFO - epoch-182, train_loss-0.0004073, val_loss-0.0006545
2025-01-07 13:13:27 - INFO - epoch-183, train_loss-0.0004072, val_loss-0.0006507
2025-01-07 13:20:29 - INFO - epoch-184, train_loss-0.0004073, val_loss-0.0006747
2025-01-07 13:27:21 - INFO - epoch-185, train_loss-0.0004075, val_loss-0.0005920
2025-01-07 13:34:12 - INFO - epoch-186, train_loss-0.0004072, val_loss-0.0006192
2025-01-07 13:41:04 - INFO - epoch-187, train_loss-0.0004072, val_loss-0.0006012
2025-01-07 13:47:55 - INFO - epoch-188, train_loss-0.0004073, val_loss-0.0006945
2025-01-07 13:54:49 - INFO - epoch-189, train_loss-0.0004073, val_loss-0.0006317
2025-01-07 14:01:41 - INFO - epoch-190, train_loss-0.0004074, val_loss-0.0007403
2025-01-07 14:09:00 - INFO - epoch-191, train_loss-0.0004072, val_loss-0.0005928
2025-01-07 14:16:36 - INFO - epoch-192, train_loss-0.0004071, val_loss-0.0005683
2025-01-07 14:23:40 - INFO - epoch-193, train_loss-0.0004074, val_loss-0.0006663
2025-01-07 14:30:37 - INFO - epoch-194, train_loss-0.0004074, val_loss-0.0006176
2025-01-07 14:37:37 - INFO - epoch-195, train_loss-0.0004073, val_loss-0.0005842
2025-01-07 14:44:34 - INFO - epoch-196, train_loss-0.0004071, val_loss-0.0005549
2025-01-07 14:51:27 - INFO - epoch-197, train_loss-0.0004073, val_loss-0.0007812
2025-01-07 14:58:21 - INFO - epoch-198, train_loss-0.0004072, val_loss-0.0006271
2025-01-07 15:05:16 - INFO - epoch-199, train_loss-0.0004073, val_loss-0.0007007
2025-01-07 15:12:11 - INFO - epoch-200, train_loss-0.0004072, val_loss-0.0006290
2025-01-07 15:19:05 - INFO - epoch-201, train_loss-0.0004078, val_loss-0.0006064
2025-01-07 15:26:04 - INFO - epoch-202, train_loss-0.0004075, val_loss-0.0006283
2025-01-07 15:33:22 - INFO - epoch-203, train_loss-0.0004074, val_loss-0.0006844
2025-01-07 15:40:41 - INFO - epoch-204, train_loss-0.0004072, val_loss-0.0006872
2025-01-07 15:48:05 - INFO - epoch-205, train_loss-0.0004073, val_loss-0.0006091
2025-01-07 15:55:11 - INFO - epoch-206, train_loss-0.0004073, val_loss-0.0006269
2025-01-07 16:02:05 - INFO - epoch-207, train_loss-0.0004074, val_loss-0.0006218
2025-01-07 16:09:06 - INFO - epoch-208, train_loss-0.0004073, val_loss-0.0006110
2025-01-07 16:16:13 - INFO - epoch-209, train_loss-0.0004072, val_loss-0.0006138
2025-01-07 16:23:22 - INFO - epoch-210, train_loss-0.0004074, val_loss-0.0006295
2025-01-07 16:30:23 - INFO - epoch-211, train_loss-0.0004073, val_loss-0.0006938
2025-01-07 16:37:21 - INFO - epoch-212, train_loss-0.0004073, val_loss-0.0005720
2025-01-07 16:44:22 - INFO - epoch-213, train_loss-0.0004073, val_loss-0.0006317
2025-01-07 16:51:27 - INFO - epoch-214, train_loss-0.0004073, val_loss-0.0006719
2025-01-07 16:58:24 - INFO - epoch-215, train_loss-0.0004073, val_loss-0.0006470
2025-01-07 17:05:19 - INFO - epoch-216, train_loss-0.0004073, val_loss-0.0006799
2025-01-07 17:12:19 - INFO - epoch-217, train_loss-0.0004072, val_loss-0.0006403
2025-01-07 17:19:29 - INFO - epoch-218, train_loss-0.0004073, val_loss-0.0007788
2025-01-07 17:26:46 - INFO - epoch-219, train_loss-0.0004072, val_loss-0.0006180
2025-01-07 17:34:05 - INFO - epoch-220, train_loss-0.0004073, val_loss-0.0006974
2025-01-07 17:41:17 - INFO - epoch-221, train_loss-0.0004073, val_loss-0.0005603
2025-01-07 17:48:30 - INFO - epoch-222, train_loss-0.0004072, val_loss-0.0005627
2025-01-07 17:55:52 - INFO - epoch-223, train_loss-0.0004073, val_loss-0.0006321
2025-01-07 18:03:06 - INFO - epoch-224, train_loss-0.0004072, val_loss-0.0005958
2025-01-07 18:10:28 - INFO - epoch-225, train_loss-0.0004073, val_loss-0.0006485
2025-01-07 18:17:41 - INFO - epoch-226, train_loss-0.0004072, val_loss-0.0006282
2025-01-07 18:25:05 - INFO - epoch-227, train_loss-0.0004073, val_loss-0.0006742
2025-01-07 18:32:22 - INFO - epoch-228, train_loss-0.0004072, val_loss-0.0007891
2025-01-07 18:39:37 - INFO - epoch-229, train_loss-0.0004073, val_loss-0.0006109
2025-01-07 18:46:58 - INFO - epoch-230, train_loss-0.0004072, val_loss-0.0005873
2025-01-07 18:54:10 - INFO - epoch-231, train_loss-0.0004072, val_loss-0.0006349
2025-01-07 19:01:33 - INFO - epoch-232, train_loss-0.0004073, val_loss-0.0006010
2025-01-07 19:08:43 - INFO - epoch-233, train_loss-0.0004072, val_loss-0.0006306
2025-01-07 19:16:06 - INFO - epoch-234, train_loss-0.0004073, val_loss-0.0007011
2025-01-07 19:23:20 - INFO - epoch-235, train_loss-0.0004073, val_loss-0.0006407
2025-01-07 19:30:44 - INFO - epoch-236, train_loss-0.0004072, val_loss-0.0005899
2025-01-07 19:37:58 - INFO - epoch-237, train_loss-0.0004073, val_loss-0.0005881
2025-01-07 19:45:16 - INFO - epoch-238, train_loss-0.0004073, val_loss-0.0006238
2025-01-07 19:52:34 - INFO - epoch-239, train_loss-0.0004073, val_loss-0.0006135
2025-01-07 19:59:46 - INFO - epoch-240, train_loss-0.0004072, val_loss-0.0005985
2025-01-07 20:07:09 - INFO - epoch-241, train_loss-0.0004072, val_loss-0.0005837
2025-01-07 20:14:19 - INFO - epoch-242, train_loss-0.0004073, val_loss-0.0005941
2025-01-07 20:21:45 - INFO - epoch-243, train_loss-0.0004073, val_loss-0.0005472
2025-01-07 20:28:57 - INFO - epoch-244, train_loss-0.0004073, val_loss-0.0006446
2025-01-07 20:36:25 - INFO - epoch-245, train_loss-0.0004072, val_loss-0.0005365
2025-01-07 20:43:48 - INFO - epoch-246, train_loss-0.0004072, val_loss-0.0005854
2025-01-07 20:51:09 - INFO - epoch-247, train_loss-0.0004073, val_loss-0.0005511
2025-01-07 20:58:45 - INFO - epoch-248, train_loss-0.0004072, val_loss-0.0006048
2025-01-07 21:05:57 - INFO - epoch-249, train_loss-0.0004073, val_loss-0.0006339
2025-01-07 21:13:11 - INFO - epoch-250, train_loss-0.0004073, val_loss-0.0006136
2025-01-07 21:20:19 - INFO - epoch-251, train_loss-0.0004072, val_loss-0.0005746
2025-01-07 21:27:29 - INFO - epoch-252, train_loss-0.0004072, val_loss-0.0005807
2025-01-07 21:34:33 - INFO - epoch-253, train_loss-0.0004073, val_loss-0.0005969
2025-01-07 21:41:27 - INFO - epoch-254, train_loss-0.0004073, val_loss-0.0005992
2025-01-07 21:48:19 - INFO - epoch-255, train_loss-0.0004072, val_loss-0.0005952
2025-01-07 21:55:13 - INFO - epoch-256, train_loss-0.0004073, val_loss-0.0006497
2025-01-07 22:02:15 - INFO - epoch-257, train_loss-0.0004072, val_loss-0.0006743
2025-01-07 22:09:28 - INFO - epoch-258, train_loss-0.0004072, val_loss-0.0006766
2025-01-07 22:16:24 - INFO - epoch-259, train_loss-0.0004072, val_loss-0.0005962
2025-01-07 22:23:15 - INFO - epoch-260, train_loss-0.0004072, val_loss-0.0006462
2025-01-07 22:30:06 - INFO - epoch-261, train_loss-0.0004072, val_loss-0.0006590
2025-01-07 22:36:59 - INFO - epoch-262, train_loss-0.0004072, val_loss-0.0006387
2025-01-07 22:43:50 - INFO - epoch-263, train_loss-0.0004073, val_loss-0.0006031
2025-01-07 22:50:41 - INFO - epoch-264, train_loss-0.0004072, val_loss-0.0005829
2025-01-07 22:57:31 - INFO - epoch-265, train_loss-0.0004073, val_loss-0.0005672
2025-01-07 23:04:25 - INFO - epoch-266, train_loss-0.0004072, val_loss-0.0006484
2025-01-07 23:11:17 - INFO - epoch-267, train_loss-0.0004072, val_loss-0.0006259
2025-01-07 23:18:10 - INFO - epoch-268, train_loss-0.0004073, val_loss-0.0006060
2025-01-07 23:25:01 - INFO - epoch-269, train_loss-0.0004073, val_loss-0.0006125
2025-01-07 23:31:54 - INFO - epoch-270, train_loss-0.0004072, val_loss-0.0005853
2025-01-07 23:38:45 - INFO - epoch-271, train_loss-0.0004073, val_loss-0.0006213
2025-01-07 23:45:38 - INFO - epoch-272, train_loss-0.0004072, val_loss-0.0005974
2025-01-07 23:52:31 - INFO - epoch-273, train_loss-0.0004072, val_loss-0.0005615
2025-01-07 23:59:23 - INFO - epoch-274, train_loss-0.0004073, val_loss-0.0006710
2025-01-08 00:06:15 - INFO - epoch-275, train_loss-0.0004072, val_loss-0.0006362
2025-01-08 00:13:09 - INFO - epoch-276, train_loss-0.0004072, val_loss-0.0005872
2025-01-08 00:20:02 - INFO - epoch-277, train_loss-0.0004072, val_loss-0.0006037
2025-01-08 00:26:54 - INFO - epoch-278, train_loss-0.0004072, val_loss-0.0005869
2025-01-08 00:33:46 - INFO - epoch-279, train_loss-0.0004073, val_loss-0.0006846
2025-01-08 00:40:38 - INFO - epoch-280, train_loss-0.0004073, val_loss-0.0006597
2025-01-08 00:47:29 - INFO - epoch-281, train_loss-0.0004071, val_loss-0.0005895
2025-01-08 00:54:21 - INFO - epoch-282, train_loss-0.0004074, val_loss-0.0005557
2025-01-08 01:01:15 - INFO - epoch-283, train_loss-0.0004072, val_loss-0.0006062
2025-01-08 01:08:06 - INFO - epoch-284, train_loss-0.0004073, val_loss-0.0005883
2025-01-08 01:14:58 - INFO - epoch-285, train_loss-0.0004073, val_loss-0.0006328
2025-01-08 01:21:53 - INFO - epoch-286, train_loss-0.0004073, val_loss-0.0006285
2025-01-08 01:28:46 - INFO - epoch-287, train_loss-0.0004072, val_loss-0.0006317
2025-01-08 01:35:37 - INFO - epoch-288, train_loss-0.0004073, val_loss-0.0005710
2025-01-08 01:42:30 - INFO - epoch-289, train_loss-0.0004072, val_loss-0.0005774
2025-01-08 01:49:21 - INFO - epoch-290, train_loss-0.0004073, val_loss-0.0005960
2025-01-08 01:56:37 - INFO - epoch-291, train_loss-0.0004072, val_loss-0.0006023
2025-01-08 02:03:30 - INFO - epoch-292, train_loss-0.0004072, val_loss-0.0006490
2025-01-08 02:10:21 - INFO - epoch-293, train_loss-0.0004072, val_loss-0.0005955
2025-01-08 02:17:12 - INFO - epoch-294, train_loss-0.0004072, val_loss-0.0005973
2025-01-08 02:24:03 - INFO - epoch-295, train_loss-0.0004072, val_loss-0.0005791
2025-01-08 02:30:56 - INFO - epoch-296, train_loss-0.0004073, val_loss-0.0006642
2025-01-08 02:37:48 - INFO - epoch-297, train_loss-0.0004072, val_loss-0.0006272
2025-01-08 02:44:40 - INFO - epoch-298, train_loss-0.0004072, val_loss-0.0005931
2025-01-08 02:51:30 - INFO - epoch-299, train_loss-0.0004072, val_loss-0.0006102
