2025-03-19 15:07:01 - INFO - train data: 13259
2025-03-19 15:07:01 - INFO - train unqiue data: 13259
2025-03-19 15:07:01 - INFO - valid data: 1474
2025-03-19 15:07:01 - INFO - valid unqiue data: 1474
<<<<<<< HEAD
2025-03-19 15:11:51 - INFO - epoch-0, train_mse_loss-0.0004623, train_kl_loss-0.0032471, train_diff_loss-0.9144638, val_mse_loss-0.0028116, val_kl_loss-0.0015135, val_diff_loss-0.8056231
2025-03-19 15:16:13 - INFO - epoch-1, train_mse_loss-0.0003363, train_kl_loss-0.0026936, train_diff_loss-0.7204939, val_mse_loss-0.0003500, val_kl_loss-0.0030291, val_diff_loss-0.6445658
2025-03-19 15:20:36 - INFO - epoch-2, train_mse_loss-0.0003342, train_kl_loss-0.0048852, train_diff_loss-0.5802993, val_mse_loss-0.0007800, val_kl_loss-0.0064190, val_diff_loss-0.5316258
2025-03-19 15:20:57 - INFO - Saved new best model at epoch 2 with validation loss 0.5388248
2025-03-19 15:25:19 - INFO - epoch-3, train_mse_loss-0.0003342, train_kl_loss-0.0081450, train_diff_loss-0.4920668, val_mse_loss-0.0008315, val_kl_loss-0.0084138, val_diff_loss-0.4439697
2025-03-19 15:25:28 - INFO - Saved new best model at epoch 3 with validation loss 0.4532149
2025-03-19 15:29:50 - INFO - epoch-4, train_mse_loss-0.0003337, train_kl_loss-0.0115860, train_diff_loss-0.4365377, val_mse_loss-0.0005362, val_kl_loss-0.0141431, val_diff_loss-0.4101172
2025-03-19 15:29:57 - INFO - Saved new best model at epoch 4 with validation loss 0.4247965
2025-03-19 15:34:18 - INFO - epoch-5, train_mse_loss-0.0003347, train_kl_loss-0.0141353, train_diff_loss-0.3991899, val_mse_loss-0.0003420, val_kl_loss-0.0147583, val_diff_loss-0.4081571
2025-03-19 15:34:26 - INFO - Saved new best model at epoch 5 with validation loss 0.4232575
2025-03-19 15:38:47 - INFO - epoch-6, train_mse_loss-0.0003348, train_kl_loss-0.0166352, train_diff_loss-0.3823635, val_mse_loss-0.0003605, val_kl_loss-0.0158998, val_diff_loss-0.3917607
2025-03-19 15:38:54 - INFO - Saved new best model at epoch 6 with validation loss 0.4080209
2025-03-19 15:43:14 - INFO - epoch-7, train_mse_loss-0.0003353, train_kl_loss-0.0177977, train_diff_loss-0.3745594, val_mse_loss-0.0004480, val_kl_loss-0.0172959, val_diff_loss-0.3763587
2025-03-19 15:43:22 - INFO - Saved new best model at epoch 7 with validation loss 0.3941026
2025-03-19 15:47:42 - INFO - epoch-8, train_mse_loss-0.0003354, train_kl_loss-0.0183614, train_diff_loss-0.3657127, val_mse_loss-0.0003708, val_kl_loss-0.0192526, val_diff_loss-0.3806718
2025-03-19 15:52:02 - INFO - epoch-9, train_mse_loss-0.0003354, train_kl_loss-0.0190916, train_diff_loss-0.3644093, val_mse_loss-0.0005719, val_kl_loss-0.0167521, val_diff_loss-0.3542814
2025-03-19 15:52:09 - INFO - Saved new best model at epoch 9 with validation loss 0.3716055
2025-03-19 15:56:28 - INFO - epoch-10, train_mse_loss-0.0003360, train_kl_loss-0.0192545, train_diff_loss-0.3632903, val_mse_loss-0.0003831, val_kl_loss-0.0197721, val_diff_loss-0.3592836
2025-03-19 16:00:47 - INFO - epoch-11, train_mse_loss-0.0003353, train_kl_loss-0.0193905, train_diff_loss-0.3607809, val_mse_loss-0.0006841, val_kl_loss-0.0188368, val_diff_loss-0.3681431
2025-03-19 16:05:07 - INFO - epoch-12, train_mse_loss-0.0003346, train_kl_loss-0.0197433, train_diff_loss-0.3595793, val_mse_loss-0.0003791, val_kl_loss-0.0164254, val_diff_loss-0.3541198
2025-03-19 16:05:14 - INFO - Saved new best model at epoch 12 with validation loss 0.3709243
2025-03-19 16:09:34 - INFO - epoch-13, train_mse_loss-0.0003335, train_kl_loss-0.0186734, train_diff_loss-0.3485287, val_mse_loss-0.0004038, val_kl_loss-0.0183070, val_diff_loss-0.3428175
2025-03-19 16:09:41 - INFO - Saved new best model at epoch 13 with validation loss 0.3615283
2025-03-19 16:14:02 - INFO - epoch-14, train_mse_loss-0.0003329, train_kl_loss-0.0190898, train_diff_loss-0.3499302, val_mse_loss-0.0005015, val_kl_loss-0.0197613, val_diff_loss-0.3376715
2025-03-19 16:14:09 - INFO - Saved new best model at epoch 14 with validation loss 0.3579343
2025-03-19 16:18:29 - INFO - epoch-15, train_mse_loss-0.0003321, train_kl_loss-0.0193368, train_diff_loss-0.3492962, val_mse_loss-0.0005478, val_kl_loss-0.0200550, val_diff_loss-0.3668574
2025-03-19 16:22:50 - INFO - epoch-16, train_mse_loss-0.0003307, train_kl_loss-0.0187856, train_diff_loss-0.3439525, val_mse_loss-0.0005795, val_kl_loss-0.0162734, val_diff_loss-0.3481794
2025-03-19 16:27:09 - INFO - epoch-17, train_mse_loss-0.0003300, train_kl_loss-0.0185566, train_diff_loss-0.3403968, val_mse_loss-0.0005795, val_kl_loss-0.0198341, val_diff_loss-0.3468099
2025-03-19 16:31:29 - INFO - epoch-18, train_mse_loss-0.0003293, train_kl_loss-0.0192723, train_diff_loss-0.3459754, val_mse_loss-0.0005795, val_kl_loss-0.0177967, val_diff_loss-0.3527896
2025-03-19 16:35:50 - INFO - epoch-19, train_mse_loss-0.0003288, train_kl_loss-0.0186662, train_diff_loss-0.3379407, val_mse_loss-0.0005795, val_kl_loss-0.0189321, val_diff_loss-0.3236327
2025-03-19 16:35:58 - INFO - Saved new best model at epoch 19 with validation loss 0.3431443
2025-03-19 16:40:19 - INFO - epoch-20, train_mse_loss-0.0003285, train_kl_loss-0.0194674, train_diff_loss-0.3393675, val_mse_loss-0.0005795, val_kl_loss-0.0188127, val_diff_loss-0.3337197
2025-03-19 16:44:39 - INFO - epoch-21, train_mse_loss-0.0003282, train_kl_loss-0.0190906, train_diff_loss-0.3368409, val_mse_loss-0.0005794, val_kl_loss-0.0185354, val_diff_loss-0.3395964
2025-03-19 16:48:59 - INFO - epoch-22, train_mse_loss-0.0003278, train_kl_loss-0.0188406, train_diff_loss-0.3352273, val_mse_loss-0.0005778, val_kl_loss-0.0215549, val_diff_loss-0.3308543
2025-03-19 16:53:19 - INFO - epoch-23, train_mse_loss-0.0003275, train_kl_loss-0.0190340, train_diff_loss-0.3340863, val_mse_loss-0.0005668, val_kl_loss-0.0211236, val_diff_loss-0.3410002
2025-03-19 16:57:41 - INFO - epoch-24, train_mse_loss-0.0003270, train_kl_loss-0.0194606, train_diff_loss-0.3362252, val_mse_loss-0.0005373, val_kl_loss-0.0191834, val_diff_loss-0.3482325
2025-03-19 17:02:00 - INFO - epoch-25, train_mse_loss-0.0003263, train_kl_loss-0.0187155, train_diff_loss-0.3296037, val_mse_loss-0.0004985, val_kl_loss-0.0206234, val_diff_loss-0.3280988
2025-03-19 17:06:21 - INFO - epoch-26, train_mse_loss-0.0003257, train_kl_loss-0.0193549, train_diff_loss-0.3283114, val_mse_loss-0.0004464, val_kl_loss-0.0191400, val_diff_loss-0.3443034
2025-03-19 17:10:40 - INFO - epoch-27, train_mse_loss-0.0003250, train_kl_loss-0.0193954, train_diff_loss-0.3293539, val_mse_loss-0.0004330, val_kl_loss-0.0184534, val_diff_loss-0.3370114
2025-03-19 17:15:00 - INFO - epoch-28, train_mse_loss-0.0003244, train_kl_loss-0.0189959, train_diff_loss-0.3276092, val_mse_loss-0.0003662, val_kl_loss-0.0186616, val_diff_loss-0.3479012
2025-03-19 17:19:21 - INFO - epoch-29, train_mse_loss-0.0003240, train_kl_loss-0.0192401, train_diff_loss-0.3267351, val_mse_loss-0.0003586, val_kl_loss-0.0252108, val_diff_loss-0.3273206
2025-03-19 17:23:41 - INFO - epoch-30, train_mse_loss-0.0003238, train_kl_loss-0.0192920, train_diff_loss-0.3260803, val_mse_loss-0.0003434, val_kl_loss-0.0198319, val_diff_loss-0.3232231
2025-03-19 17:28:01 - INFO - epoch-31, train_mse_loss-0.0003237, train_kl_loss-0.0201161, train_diff_loss-0.3298401, val_mse_loss-0.0003366, val_kl_loss-0.0202258, val_diff_loss-0.3240651
2025-03-19 17:32:21 - INFO - epoch-32, train_mse_loss-0.0003236, train_kl_loss-0.0202641, train_diff_loss-0.3343064, val_mse_loss-0.0003305, val_kl_loss-0.0185013, val_diff_loss-0.3372850
2025-03-19 17:36:42 - INFO - epoch-33, train_mse_loss-0.0003235, train_kl_loss-0.0195023, train_diff_loss-0.3288485, val_mse_loss-0.0003571, val_kl_loss-0.0185032, val_diff_loss-0.3405639
2025-03-19 17:41:03 - INFO - epoch-34, train_mse_loss-0.0003234, train_kl_loss-0.0195441, train_diff_loss-0.3279133, val_mse_loss-0.0003784, val_kl_loss-0.0198731, val_diff_loss-0.3249904
2025-03-19 17:45:24 - INFO - epoch-35, train_mse_loss-0.0003234, train_kl_loss-0.0196433, train_diff_loss-0.3262225, val_mse_loss-0.0004002, val_kl_loss-0.0196973, val_diff_loss-0.3091440
2025-03-19 17:45:33 - INFO - Saved new best model at epoch 35 with validation loss 0.3292415
2025-03-19 17:49:55 - INFO - epoch-36, train_mse_loss-0.0003234, train_kl_loss-0.0195203, train_diff_loss-0.3248536, val_mse_loss-0.0004016, val_kl_loss-0.0174843, val_diff_loss-0.3363331
2025-03-19 17:54:16 - INFO - epoch-37, train_mse_loss-0.0003234, train_kl_loss-0.0195772, train_diff_loss-0.3243716, val_mse_loss-0.0003848, val_kl_loss-0.0212430, val_diff_loss-0.3122265
2025-03-19 17:58:46 - INFO - epoch-38, train_mse_loss-0.0003233, train_kl_loss-0.0208143, train_diff_loss-0.3333472, val_mse_loss-0.0003603, val_kl_loss-0.0212230, val_diff_loss-0.3209557
2025-03-19 18:03:29 - INFO - epoch-39, train_mse_loss-0.0003233, train_kl_loss-0.0202999, train_diff_loss-0.3295565, val_mse_loss-0.0003516, val_kl_loss-0.0201319, val_diff_loss-0.3298454
2025-03-19 18:07:59 - INFO - epoch-40, train_mse_loss-0.0003233, train_kl_loss-0.0199236, train_diff_loss-0.3248615, val_mse_loss-0.0003477, val_kl_loss-0.0187118, val_diff_loss-0.3139512
2025-03-19 18:12:25 - INFO - epoch-41, train_mse_loss-0.0003233, train_kl_loss-0.0193321, train_diff_loss-0.3186574, val_mse_loss-0.0003500, val_kl_loss-0.0190652, val_diff_loss-0.3095018
2025-03-19 18:12:37 - INFO - Saved new best model at epoch 41 with validation loss 0.3289170
2025-03-19 18:17:04 - INFO - epoch-42, train_mse_loss-0.0003233, train_kl_loss-0.0195812, train_diff_loss-0.3228790, val_mse_loss-0.0003656, val_kl_loss-0.0218330, val_diff_loss-0.3246640
2025-03-19 18:21:29 - INFO - epoch-43, train_mse_loss-0.0003233, train_kl_loss-0.0202324, train_diff_loss-0.3236576, val_mse_loss-0.0003701, val_kl_loss-0.0191794, val_diff_loss-0.3289710
2025-03-19 18:25:55 - INFO - epoch-44, train_mse_loss-0.0003233, train_kl_loss-0.0196440, train_diff_loss-0.3194542, val_mse_loss-0.0003798, val_kl_loss-0.0200252, val_diff_loss-0.3333901
2025-03-19 18:30:32 - INFO - epoch-45, train_mse_loss-0.0003233, train_kl_loss-0.0203322, train_diff_loss-0.3244007, val_mse_loss-0.0003736, val_kl_loss-0.0190843, val_diff_loss-0.3110643
2025-03-19 18:35:13 - INFO - epoch-46, train_mse_loss-0.0003233, train_kl_loss-0.0204866, train_diff_loss-0.3265041, val_mse_loss-0.0003675, val_kl_loss-0.0181521, val_diff_loss-0.3254840
2025-03-19 18:39:33 - INFO - epoch-47, train_mse_loss-0.0003233, train_kl_loss-0.0199507, train_diff_loss-0.3226526, val_mse_loss-0.0003749, val_kl_loss-0.0192581, val_diff_loss-0.3371935
2025-03-19 18:43:52 - INFO - epoch-48, train_mse_loss-0.0003233, train_kl_loss-0.0207047, train_diff_loss-0.3283217, val_mse_loss-0.0003766, val_kl_loss-0.0207714, val_diff_loss-0.3181741
2025-03-19 18:48:12 - INFO - epoch-49, train_mse_loss-0.0003232, train_kl_loss-0.0201571, train_diff_loss-0.3236090, val_mse_loss-0.0003780, val_kl_loss-0.0207493, val_diff_loss-0.3220328
2025-03-19 18:52:33 - INFO - epoch-50, train_mse_loss-0.0003232, train_kl_loss-0.0203366, train_diff_loss-0.3253899, val_mse_loss-0.0003767, val_kl_loss-0.0207107, val_diff_loss-0.3242100
2025-03-19 18:56:53 - INFO - epoch-51, train_mse_loss-0.0003232, train_kl_loss-0.0206349, train_diff_loss-0.3280658, val_mse_loss-0.0003755, val_kl_loss-0.0206264, val_diff_loss-0.3367967
2025-03-19 19:01:12 - INFO - epoch-52, train_mse_loss-0.0003232, train_kl_loss-0.0205996, train_diff_loss-0.3275319, val_mse_loss-0.0003789, val_kl_loss-0.0168718, val_diff_loss-0.3444164
2025-03-19 19:05:32 - INFO - epoch-53, train_mse_loss-0.0003232, train_kl_loss-0.0203322, train_diff_loss-0.3256461, val_mse_loss-0.0003741, val_kl_loss-0.0193398, val_diff_loss-0.3284868
2025-03-19 19:09:53 - INFO - epoch-54, train_mse_loss-0.0003232, train_kl_loss-0.0202673, train_diff_loss-0.3227217, val_mse_loss-0.0003678, val_kl_loss-0.0193348, val_diff_loss-0.3217139
2025-03-19 19:14:12 - INFO - epoch-55, train_mse_loss-0.0003232, train_kl_loss-0.0200218, train_diff_loss-0.3210507, val_mse_loss-0.0003669, val_kl_loss-0.0189528, val_diff_loss-0.3154152
2025-03-19 19:18:31 - INFO - epoch-56, train_mse_loss-0.0003232, train_kl_loss-0.0203678, train_diff_loss-0.3218410, val_mse_loss-0.0003632, val_kl_loss-0.0212207, val_diff_loss-0.3137873
2025-03-19 19:22:49 - INFO - epoch-57, train_mse_loss-0.0003232, train_kl_loss-0.0202662, train_diff_loss-0.3223378, val_mse_loss-0.0003642, val_kl_loss-0.0197722, val_diff_loss-0.3168593
2025-03-19 19:27:09 - INFO - epoch-58, train_mse_loss-0.0003232, train_kl_loss-0.0199046, train_diff_loss-0.3214730, val_mse_loss-0.0003654, val_kl_loss-0.0193644, val_diff_loss-0.3361335
2025-03-19 19:31:28 - INFO - epoch-59, train_mse_loss-0.0003231, train_kl_loss-0.0199507, train_diff_loss-0.3200110, val_mse_loss-0.0003596, val_kl_loss-0.0187401, val_diff_loss-0.3099513
2025-03-19 19:35:48 - INFO - epoch-60, train_mse_loss-0.0003231, train_kl_loss-0.0204324, train_diff_loss-0.3236834, val_mse_loss-0.0003596, val_kl_loss-0.0198185, val_diff_loss-0.3242223
2025-03-19 19:40:07 - INFO - epoch-61, train_mse_loss-0.0003231, train_kl_loss-0.0203764, train_diff_loss-0.3210910, val_mse_loss-0.0003599, val_kl_loss-0.0191307, val_diff_loss-0.3262343
2025-03-19 19:44:27 - INFO - epoch-62, train_mse_loss-0.0003231, train_kl_loss-0.0204606, train_diff_loss-0.3235400, val_mse_loss-0.0003585, val_kl_loss-0.0208921, val_diff_loss-0.3205473
2025-03-19 19:48:47 - INFO - epoch-63, train_mse_loss-0.0003231, train_kl_loss-0.0201855, train_diff_loss-0.3214120, val_mse_loss-0.0003632, val_kl_loss-0.0204227, val_diff_loss-0.3299644
2025-03-19 19:53:07 - INFO - epoch-64, train_mse_loss-0.0003231, train_kl_loss-0.0202121, train_diff_loss-0.3209118, val_mse_loss-0.0003615, val_kl_loss-0.0191653, val_diff_loss-0.3062329
2025-03-19 19:53:18 - INFO - Saved new best model at epoch 64 with validation loss 0.3257596
2025-03-19 19:57:38 - INFO - epoch-65, train_mse_loss-0.0003231, train_kl_loss-0.0201919, train_diff_loss-0.3212868, val_mse_loss-0.0003615, val_kl_loss-0.0180883, val_diff_loss-0.3339855
2025-03-19 20:01:57 - INFO - epoch-66, train_mse_loss-0.0003231, train_kl_loss-0.0206035, train_diff_loss-0.3291058, val_mse_loss-0.0003612, val_kl_loss-0.0216624, val_diff_loss-0.3135790
2025-03-19 20:06:17 - INFO - epoch-67, train_mse_loss-0.0003231, train_kl_loss-0.0202494, train_diff_loss-0.3209523, val_mse_loss-0.0003571, val_kl_loss-0.0208916, val_diff_loss-0.3295739
2025-03-19 20:10:36 - INFO - epoch-68, train_mse_loss-0.0003231, train_kl_loss-0.0204372, train_diff_loss-0.3238438, val_mse_loss-0.0003585, val_kl_loss-0.0193342, val_diff_loss-0.3440916
2025-03-19 20:14:56 - INFO - epoch-69, train_mse_loss-0.0003231, train_kl_loss-0.0203285, train_diff_loss-0.3209233, val_mse_loss-0.0003582, val_kl_loss-0.0191139, val_diff_loss-0.3154775
2025-03-19 20:19:16 - INFO - epoch-70, train_mse_loss-0.0003231, train_kl_loss-0.0204406, train_diff_loss-0.3209072, val_mse_loss-0.0003564, val_kl_loss-0.0209508, val_diff_loss-0.3132428
2025-03-19 20:23:35 - INFO - epoch-71, train_mse_loss-0.0003231, train_kl_loss-0.0207153, train_diff_loss-0.3253933, val_mse_loss-0.0003630, val_kl_loss-0.0202356, val_diff_loss-0.3237963
2025-03-19 20:27:54 - INFO - epoch-72, train_mse_loss-0.0003231, train_kl_loss-0.0212917, train_diff_loss-0.3307438, val_mse_loss-0.0003651, val_kl_loss-0.0211792, val_diff_loss-0.3272899
2025-03-19 20:32:15 - INFO - epoch-73, train_mse_loss-0.0003231, train_kl_loss-0.0209418, train_diff_loss-0.3274246, val_mse_loss-0.0003608, val_kl_loss-0.0193312, val_diff_loss-0.3029045
2025-03-19 20:32:22 - INFO - Saved new best model at epoch 73 with validation loss 0.3225965
2025-03-19 20:36:43 - INFO - epoch-74, train_mse_loss-0.0003231, train_kl_loss-0.0198644, train_diff_loss-0.3208968, val_mse_loss-0.0003578, val_kl_loss-0.0215792, val_diff_loss-0.3299861
2025-03-19 20:41:06 - INFO - epoch-75, train_mse_loss-0.0003231, train_kl_loss-0.0204025, train_diff_loss-0.3242765, val_mse_loss-0.0003640, val_kl_loss-0.0209087, val_diff_loss-0.3131709
2025-03-19 20:45:25 - INFO - epoch-76, train_mse_loss-0.0003231, train_kl_loss-0.0201270, train_diff_loss-0.3208379, val_mse_loss-0.0003553, val_kl_loss-0.0203724, val_diff_loss-0.3330493
2025-03-19 20:49:45 - INFO - epoch-77, train_mse_loss-0.0003231, train_kl_loss-0.0200929, train_diff_loss-0.3201798, val_mse_loss-0.0003628, val_kl_loss-0.0198688, val_diff_loss-0.3169922
2025-03-19 20:54:05 - INFO - epoch-78, train_mse_loss-0.0003231, train_kl_loss-0.0204583, train_diff_loss-0.3210045, val_mse_loss-0.0003594, val_kl_loss-0.0195184, val_diff_loss-0.3322123
2025-03-19 20:58:25 - INFO - epoch-79, train_mse_loss-0.0003231, train_kl_loss-0.0203401, train_diff_loss-0.3258131, val_mse_loss-0.0003567, val_kl_loss-0.0229752, val_diff_loss-0.3149595
2025-03-19 21:02:44 - INFO - epoch-80, train_mse_loss-0.0003231, train_kl_loss-0.0208877, train_diff_loss-0.3247276, val_mse_loss-0.0003578, val_kl_loss-0.0184505, val_diff_loss-0.3331109
2025-03-19 21:07:04 - INFO - epoch-81, train_mse_loss-0.0003231, train_kl_loss-0.0197269, train_diff_loss-0.3159398, val_mse_loss-0.0003571, val_kl_loss-0.0198598, val_diff_loss-0.3333892
2025-03-19 21:11:24 - INFO - epoch-82, train_mse_loss-0.0003231, train_kl_loss-0.0207015, train_diff_loss-0.3261910, val_mse_loss-0.0003630, val_kl_loss-0.0216213, val_diff_loss-0.3142753
2025-03-19 21:15:44 - INFO - epoch-83, train_mse_loss-0.0003231, train_kl_loss-0.0201374, train_diff_loss-0.3209600, val_mse_loss-0.0003592, val_kl_loss-0.0221676, val_diff_loss-0.3209441
2025-03-19 21:20:05 - INFO - epoch-84, train_mse_loss-0.0003231, train_kl_loss-0.0208375, train_diff_loss-0.3250405, val_mse_loss-0.0003569, val_kl_loss-0.0213784, val_diff_loss-0.3276675
2025-03-19 21:24:25 - INFO - epoch-85, train_mse_loss-0.0003231, train_kl_loss-0.0207245, train_diff_loss-0.3280042, val_mse_loss-0.0003602, val_kl_loss-0.0223182, val_diff_loss-0.3207846
2025-03-19 21:28:45 - INFO - epoch-86, train_mse_loss-0.0003231, train_kl_loss-0.0205608, train_diff_loss-0.3230580, val_mse_loss-0.0003593, val_kl_loss-0.0202984, val_diff_loss-0.3244631
2025-03-19 21:33:04 - INFO - epoch-87, train_mse_loss-0.0003231, train_kl_loss-0.0199767, train_diff_loss-0.3176352, val_mse_loss-0.0003570, val_kl_loss-0.0211071, val_diff_loss-0.3181822
2025-03-19 21:37:24 - INFO - epoch-88, train_mse_loss-0.0003231, train_kl_loss-0.0210522, train_diff_loss-0.3263055, val_mse_loss-0.0003601, val_kl_loss-0.0207650, val_diff_loss-0.3087688
2025-03-19 21:41:46 - INFO - epoch-89, train_mse_loss-0.0003231, train_kl_loss-0.0208040, train_diff_loss-0.3266049, val_mse_loss-0.0003581, val_kl_loss-0.0192951, val_diff_loss-0.3168084
2025-03-19 21:46:08 - INFO - epoch-90, train_mse_loss-0.0003230, train_kl_loss-0.0207833, train_diff_loss-0.3275742, val_mse_loss-0.0003560, val_kl_loss-0.0195113, val_diff_loss-0.3119889
2025-03-19 21:50:28 - INFO - epoch-91, train_mse_loss-0.0003231, train_kl_loss-0.0199007, train_diff_loss-0.3209068, val_mse_loss-0.0003602, val_kl_loss-0.0210808, val_diff_loss-0.3058898
2025-03-19 21:54:48 - INFO - epoch-92, train_mse_loss-0.0003231, train_kl_loss-0.0206567, train_diff_loss-0.3253343, val_mse_loss-0.0003565, val_kl_loss-0.0210018, val_diff_loss-0.3357450
2025-03-19 21:59:08 - INFO - epoch-93, train_mse_loss-0.0003230, train_kl_loss-0.0203175, train_diff_loss-0.3198979, val_mse_loss-0.0003570, val_kl_loss-0.0199836, val_diff_loss-0.3072939
2025-03-19 22:03:28 - INFO - epoch-94, train_mse_loss-0.0003230, train_kl_loss-0.0206757, train_diff_loss-0.3250474, val_mse_loss-0.0003571, val_kl_loss-0.0202290, val_diff_loss-0.3174971
2025-03-19 22:07:48 - INFO - epoch-95, train_mse_loss-0.0003231, train_kl_loss-0.0204448, train_diff_loss-0.3223998, val_mse_loss-0.0003595, val_kl_loss-0.0214519, val_diff_loss-0.3353698
2025-03-19 22:12:06 - INFO - epoch-96, train_mse_loss-0.0003230, train_kl_loss-0.0200440, train_diff_loss-0.3197481, val_mse_loss-0.0003599, val_kl_loss-0.0209804, val_diff_loss-0.3297429
2025-03-19 22:16:26 - INFO - epoch-97, train_mse_loss-0.0003230, train_kl_loss-0.0205744, train_diff_loss-0.3227277, val_mse_loss-0.0003594, val_kl_loss-0.0215101, val_diff_loss-0.3359649
2025-03-19 22:20:45 - INFO - epoch-98, train_mse_loss-0.0003230, train_kl_loss-0.0203409, train_diff_loss-0.3190636, val_mse_loss-0.0003585, val_kl_loss-0.0217169, val_diff_loss-0.3306574
2025-03-19 22:25:04 - INFO - epoch-99, train_mse_loss-0.0003230, train_kl_loss-0.0203612, train_diff_loss-0.3213385, val_mse_loss-0.0003603, val_kl_loss-0.0214651, val_diff_loss-0.3415743
2025-03-19 22:29:23 - INFO - epoch-100, train_mse_loss-0.0003231, train_kl_loss-0.0203764, train_diff_loss-0.3207482, val_mse_loss-0.0003606, val_kl_loss-0.0196162, val_diff_loss-0.3162077
2025-03-19 22:33:43 - INFO - epoch-101, train_mse_loss-0.0003231, train_kl_loss-0.0198367, train_diff_loss-0.3156047, val_mse_loss-0.0003561, val_kl_loss-0.0199395, val_diff_loss-0.3394478
2025-03-19 22:38:02 - INFO - epoch-102, train_mse_loss-0.0003231, train_kl_loss-0.0204817, train_diff_loss-0.3237419, val_mse_loss-0.0003516, val_kl_loss-0.0199335, val_diff_loss-0.3284099
2025-03-19 22:42:21 - INFO - epoch-103, train_mse_loss-0.0003231, train_kl_loss-0.0206546, train_diff_loss-0.3221466, val_mse_loss-0.0003590, val_kl_loss-0.0187457, val_diff_loss-0.3246550
2025-03-19 22:46:41 - INFO - epoch-104, train_mse_loss-0.0003231, train_kl_loss-0.0204496, train_diff_loss-0.3195877, val_mse_loss-0.0003540, val_kl_loss-0.0186990, val_diff_loss-0.3224192
2025-03-19 22:51:00 - INFO - epoch-105, train_mse_loss-0.0003231, train_kl_loss-0.0202718, train_diff_loss-0.3218034, val_mse_loss-0.0003537, val_kl_loss-0.0202009, val_diff_loss-0.3031876
2025-03-19 22:55:19 - INFO - epoch-106, train_mse_loss-0.0003231, train_kl_loss-0.0207431, train_diff_loss-0.3239178, val_mse_loss-0.0003524, val_kl_loss-0.0212072, val_diff_loss-0.3134043
2025-03-19 22:59:38 - INFO - epoch-107, train_mse_loss-0.0003231, train_kl_loss-0.0204629, train_diff_loss-0.3225987, val_mse_loss-0.0003485, val_kl_loss-0.0234755, val_diff_loss-0.3269009
2025-03-19 23:03:57 - INFO - epoch-108, train_mse_loss-0.0003231, train_kl_loss-0.0208288, train_diff_loss-0.3225675, val_mse_loss-0.0003510, val_kl_loss-0.0204759, val_diff_loss-0.3268812
2025-03-19 23:08:16 - INFO - epoch-109, train_mse_loss-0.0003231, train_kl_loss-0.0197079, train_diff_loss-0.3180718, val_mse_loss-0.0003474, val_kl_loss-0.0218137, val_diff_loss-0.3310809
2025-03-19 23:12:35 - INFO - epoch-110, train_mse_loss-0.0003231, train_kl_loss-0.0210624, train_diff_loss-0.3262408, val_mse_loss-0.0003474, val_kl_loss-0.0198677, val_diff_loss-0.3204003
2025-03-19 23:16:54 - INFO - epoch-111, train_mse_loss-0.0003231, train_kl_loss-0.0201100, train_diff_loss-0.3207827, val_mse_loss-0.0003495, val_kl_loss-0.0197115, val_diff_loss-0.3217053
2025-03-19 23:21:13 - INFO - epoch-112, train_mse_loss-0.0003231, train_kl_loss-0.0203599, train_diff_loss-0.3214483, val_mse_loss-0.0003498, val_kl_loss-0.0202612, val_diff_loss-0.3246899
2025-03-19 23:25:32 - INFO - epoch-113, train_mse_loss-0.0003231, train_kl_loss-0.0201811, train_diff_loss-0.3205196, val_mse_loss-0.0003458, val_kl_loss-0.0196436, val_diff_loss-0.3226805
2025-03-19 23:29:51 - INFO - epoch-114, train_mse_loss-0.0003231, train_kl_loss-0.0204788, train_diff_loss-0.3209487, val_mse_loss-0.0003504, val_kl_loss-0.0205299, val_diff_loss-0.3267395
2025-03-19 23:34:10 - INFO - epoch-115, train_mse_loss-0.0003231, train_kl_loss-0.0209903, train_diff_loss-0.3279567, val_mse_loss-0.0003479, val_kl_loss-0.0213462, val_diff_loss-0.3172381
2025-03-19 23:38:29 - INFO - epoch-116, train_mse_loss-0.0003231, train_kl_loss-0.0197798, train_diff_loss-0.3172729, val_mse_loss-0.0003447, val_kl_loss-0.0196381, val_diff_loss-0.3164219
2025-03-19 23:42:48 - INFO - epoch-117, train_mse_loss-0.0003231, train_kl_loss-0.0213720, train_diff_loss-0.3302352, val_mse_loss-0.0003461, val_kl_loss-0.0215588, val_diff_loss-0.3042142
2025-03-19 23:47:07 - INFO - epoch-118, train_mse_loss-0.0003231, train_kl_loss-0.0205278, train_diff_loss-0.3244680, val_mse_loss-0.0003470, val_kl_loss-0.0195674, val_diff_loss-0.3222059
2025-03-19 23:51:26 - INFO - epoch-119, train_mse_loss-0.0003231, train_kl_loss-0.0203349, train_diff_loss-0.3218909, val_mse_loss-0.0003533, val_kl_loss-0.0210570, val_diff_loss-0.3053403
2025-03-19 23:55:45 - INFO - epoch-120, train_mse_loss-0.0003231, train_kl_loss-0.0209029, train_diff_loss-0.3265562, val_mse_loss-0.0003512, val_kl_loss-0.0215433, val_diff_loss-0.3176747
2025-03-20 00:00:06 - INFO - epoch-121, train_mse_loss-0.0003231, train_kl_loss-0.0207092, train_diff_loss-0.3269822, val_mse_loss-0.0003511, val_kl_loss-0.0204933, val_diff_loss-0.3284429
2025-03-20 00:04:25 - INFO - epoch-122, train_mse_loss-0.0003231, train_kl_loss-0.0200698, train_diff_loss-0.3191037, val_mse_loss-0.0003494, val_kl_loss-0.0190802, val_diff_loss-0.3062650
2025-03-20 00:08:44 - INFO - epoch-123, train_mse_loss-0.0003231, train_kl_loss-0.0199491, train_diff_loss-0.3189699, val_mse_loss-0.0003478, val_kl_loss-0.0206151, val_diff_loss-0.3314564
2025-03-20 00:13:03 - INFO - epoch-124, train_mse_loss-0.0003231, train_kl_loss-0.0209085, train_diff_loss-0.3249478, val_mse_loss-0.0003503, val_kl_loss-0.0199834, val_diff_loss-0.3120411
2025-03-20 00:17:22 - INFO - epoch-125, train_mse_loss-0.0003231, train_kl_loss-0.0206605, train_diff_loss-0.3217186, val_mse_loss-0.0003537, val_kl_loss-0.0201387, val_diff_loss-0.3105166
2025-03-20 00:21:40 - INFO - epoch-126, train_mse_loss-0.0003231, train_kl_loss-0.0208179, train_diff_loss-0.3252900, val_mse_loss-0.0003494, val_kl_loss-0.0206146, val_diff_loss-0.3271057
2025-03-20 00:25:59 - INFO - epoch-127, train_mse_loss-0.0003231, train_kl_loss-0.0196422, train_diff_loss-0.3202688, val_mse_loss-0.0003487, val_kl_loss-0.0215546, val_diff_loss-0.3230186
2025-03-20 00:30:17 - INFO - epoch-128, train_mse_loss-0.0003231, train_kl_loss-0.0212049, train_diff_loss-0.3278387, val_mse_loss-0.0003494, val_kl_loss-0.0209112, val_diff_loss-0.3218002
2025-03-20 00:34:39 - INFO - epoch-129, train_mse_loss-0.0003231, train_kl_loss-0.0206611, train_diff_loss-0.3236080, val_mse_loss-0.0003493, val_kl_loss-0.0203277, val_diff_loss-0.3112070
2025-03-20 00:38:57 - INFO - epoch-130, train_mse_loss-0.0003231, train_kl_loss-0.0206889, train_diff_loss-0.3233747, val_mse_loss-0.0003478, val_kl_loss-0.0215812, val_diff_loss-0.3357514
2025-03-20 00:43:16 - INFO - epoch-131, train_mse_loss-0.0003231, train_kl_loss-0.0207226, train_diff_loss-0.3232218, val_mse_loss-0.0003490, val_kl_loss-0.0207904, val_diff_loss-0.3262621
2025-03-20 00:47:35 - INFO - epoch-132, train_mse_loss-0.0003231, train_kl_loss-0.0206795, train_diff_loss-0.3255562, val_mse_loss-0.0003527, val_kl_loss-0.0208063, val_diff_loss-0.3305410
2025-03-20 00:51:54 - INFO - epoch-133, train_mse_loss-0.0003231, train_kl_loss-0.0205420, train_diff_loss-0.3252023, val_mse_loss-0.0003515, val_kl_loss-0.0195912, val_diff_loss-0.3333559
2025-03-20 00:56:12 - INFO - epoch-134, train_mse_loss-0.0003231, train_kl_loss-0.0205791, train_diff_loss-0.3242380, val_mse_loss-0.0003504, val_kl_loss-0.0203071, val_diff_loss-0.3257480
2025-03-20 01:00:32 - INFO - epoch-135, train_mse_loss-0.0003231, train_kl_loss-0.0199135, train_diff_loss-0.3154717, val_mse_loss-0.0003504, val_kl_loss-0.0191290, val_diff_loss-0.3163274
2025-03-20 01:04:52 - INFO - epoch-136, train_mse_loss-0.0003231, train_kl_loss-0.0203545, train_diff_loss-0.3213327, val_mse_loss-0.0003475, val_kl_loss-0.0199590, val_diff_loss-0.3291834
2025-03-20 01:09:11 - INFO - epoch-137, train_mse_loss-0.0003231, train_kl_loss-0.0201456, train_diff_loss-0.3190925, val_mse_loss-0.0003474, val_kl_loss-0.0196144, val_diff_loss-0.3099483
2025-03-20 01:13:30 - INFO - epoch-138, train_mse_loss-0.0003231, train_kl_loss-0.0203428, train_diff_loss-0.3211917, val_mse_loss-0.0003490, val_kl_loss-0.0219454, val_diff_loss-0.3403689
2025-03-20 01:17:49 - INFO - epoch-139, train_mse_loss-0.0003231, train_kl_loss-0.0205328, train_diff_loss-0.3214594, val_mse_loss-0.0003486, val_kl_loss-0.0199897, val_diff_loss-0.3200576
2025-03-20 01:22:08 - INFO - epoch-140, train_mse_loss-0.0003231, train_kl_loss-0.0207187, train_diff_loss-0.3292760, val_mse_loss-0.0003483, val_kl_loss-0.0216639, val_diff_loss-0.3232034
2025-03-20 01:26:27 - INFO - epoch-141, train_mse_loss-0.0003231, train_kl_loss-0.0209677, train_diff_loss-0.3281716, val_mse_loss-0.0003497, val_kl_loss-0.0199913, val_diff_loss-0.3205840
2025-03-20 01:30:45 - INFO - epoch-142, train_mse_loss-0.0003231, train_kl_loss-0.0203863, train_diff_loss-0.3240293, val_mse_loss-0.0003490, val_kl_loss-0.0196696, val_diff_loss-0.3007532
2025-03-20 01:30:53 - INFO - Saved new best model at epoch 142 with validation loss 0.3207718
2025-03-20 01:35:14 - INFO - epoch-143, train_mse_loss-0.0003231, train_kl_loss-0.0198646, train_diff_loss-0.3206181, val_mse_loss-0.0003526, val_kl_loss-0.0230631, val_diff_loss-0.3327304
2025-03-20 01:39:33 - INFO - epoch-144, train_mse_loss-0.0003231, train_kl_loss-0.0203887, train_diff_loss-0.3192485, val_mse_loss-0.0003497, val_kl_loss-0.0107758, val_diff_loss-0.3373995
2025-03-20 01:43:52 - INFO - epoch-145, train_mse_loss-0.0003231, train_kl_loss-0.0202599, train_diff_loss-0.3202362, val_mse_loss-0.0003527, val_kl_loss-0.0210283, val_diff_loss-0.3218858
2025-03-20 01:48:11 - INFO - epoch-146, train_mse_loss-0.0003231, train_kl_loss-0.0205462, train_diff_loss-0.3229261, val_mse_loss-0.0003515, val_kl_loss-0.0200429, val_diff_loss-0.3168748
2025-03-20 01:52:29 - INFO - epoch-147, train_mse_loss-0.0003231, train_kl_loss-0.0209747, train_diff_loss-0.3300759, val_mse_loss-0.0003495, val_kl_loss-0.0223919, val_diff_loss-0.3219982
2025-03-20 01:56:50 - INFO - epoch-148, train_mse_loss-0.0003231, train_kl_loss-0.0206445, train_diff_loss-0.3248563, val_mse_loss-0.0003510, val_kl_loss-0.0198612, val_diff_loss-0.3195753
2025-03-20 02:01:08 - INFO - epoch-149, train_mse_loss-0.0003231, train_kl_loss-0.0205296, train_diff_loss-0.3228763, val_mse_loss-0.0003518, val_kl_loss-0.0215744, val_diff_loss-0.3255054
2025-03-20 02:05:30 - INFO - epoch-150, train_mse_loss-0.0003231, train_kl_loss-0.0212024, train_diff_loss-0.3295250, val_mse_loss-0.0003528, val_kl_loss-0.0201911, val_diff_loss-0.3308651
2025-03-20 02:09:48 - INFO - epoch-151, train_mse_loss-0.0003231, train_kl_loss-0.0208967, train_diff_loss-0.3275460, val_mse_loss-0.0003517, val_kl_loss-0.0197264, val_diff_loss-0.3198506
2025-03-20 02:14:07 - INFO - epoch-152, train_mse_loss-0.0003231, train_kl_loss-0.0212577, train_diff_loss-0.3310740, val_mse_loss-0.0003513, val_kl_loss-0.0192055, val_diff_loss-0.3183552
2025-03-20 02:18:25 - INFO - epoch-153, train_mse_loss-0.0003231, train_kl_loss-0.0200238, train_diff_loss-0.3192610, val_mse_loss-0.0003521, val_kl_loss-0.0196296, val_diff_loss-0.3345930
2025-03-20 02:22:44 - INFO - epoch-154, train_mse_loss-0.0003231, train_kl_loss-0.0201924, train_diff_loss-0.3183170, val_mse_loss-0.0003490, val_kl_loss-0.0189977, val_diff_loss-0.3291036
2025-03-20 02:27:02 - INFO - epoch-155, train_mse_loss-0.0003231, train_kl_loss-0.0205784, train_diff_loss-0.3262525, val_mse_loss-0.0003514, val_kl_loss-0.0217769, val_diff_loss-0.3325322
2025-03-20 02:31:20 - INFO - epoch-156, train_mse_loss-0.0003231, train_kl_loss-0.0206684, train_diff_loss-0.3251656, val_mse_loss-0.0003519, val_kl_loss-0.0211384, val_diff_loss-0.3028641
2025-03-20 02:35:39 - INFO - epoch-157, train_mse_loss-0.0003231, train_kl_loss-0.0201980, train_diff_loss-0.3212346, val_mse_loss-0.0003520, val_kl_loss-0.0197493, val_diff_loss-0.3266912
2025-03-20 02:39:57 - INFO - epoch-158, train_mse_loss-0.0003231, train_kl_loss-0.0207963, train_diff_loss-0.3236232, val_mse_loss-0.0003498, val_kl_loss-0.0202417, val_diff_loss-0.3260160
2025-03-20 02:44:16 - INFO - epoch-159, train_mse_loss-0.0003231, train_kl_loss-0.0198736, train_diff_loss-0.3179801, val_mse_loss-0.0003493, val_kl_loss-0.0210867, val_diff_loss-0.3197486
2025-03-20 02:48:36 - INFO - epoch-160, train_mse_loss-0.0003231, train_kl_loss-0.0216395, train_diff_loss-0.3311875, val_mse_loss-0.0003489, val_kl_loss-0.0223304, val_diff_loss-0.3200636
2025-03-20 02:52:59 - INFO - epoch-161, train_mse_loss-0.0003231, train_kl_loss-0.0200224, train_diff_loss-0.3180775, val_mse_loss-0.0003521, val_kl_loss-0.0201211, val_diff_loss-0.3134018
2025-03-20 02:57:49 - INFO - epoch-162, train_mse_loss-0.0003231, train_kl_loss-0.0204004, train_diff_loss-0.3232923, val_mse_loss-0.0003491, val_kl_loss-0.0204485, val_diff_loss-0.3149164
2025-03-20 03:03:46 - INFO - epoch-163, train_mse_loss-0.0003231, train_kl_loss-0.0200246, train_diff_loss-0.3172649, val_mse_loss-0.0003490, val_kl_loss-0.0202641, val_diff_loss-0.3216999
2025-03-20 03:09:22 - INFO - epoch-164, train_mse_loss-0.0003231, train_kl_loss-0.0204730, train_diff_loss-0.3228247, val_mse_loss-0.0003509, val_kl_loss-0.0214776, val_diff_loss-0.3166081
2025-03-20 03:13:50 - INFO - epoch-165, train_mse_loss-0.0003231, train_kl_loss-0.0201682, train_diff_loss-0.3176048, val_mse_loss-0.0003501, val_kl_loss-0.0203905, val_diff_loss-0.3322816
2025-03-20 03:18:25 - INFO - epoch-166, train_mse_loss-0.0003231, train_kl_loss-0.0208012, train_diff_loss-0.3221309, val_mse_loss-0.0003508, val_kl_loss-0.0197173, val_diff_loss-0.3386264
2025-03-20 03:23:14 - INFO - epoch-167, train_mse_loss-0.0003231, train_kl_loss-0.0204235, train_diff_loss-0.3198645, val_mse_loss-0.0003524, val_kl_loss-0.0201475, val_diff_loss-0.3141234
2025-03-20 03:28:43 - INFO - epoch-168, train_mse_loss-0.0003231, train_kl_loss-0.0205294, train_diff_loss-0.3244456, val_mse_loss-0.0003499, val_kl_loss-0.0219080, val_diff_loss-0.3271654
2025-03-20 03:33:30 - INFO - epoch-169, train_mse_loss-0.0003231, train_kl_loss-0.0204566, train_diff_loss-0.3212695, val_mse_loss-0.0003512, val_kl_loss-0.0202535, val_diff_loss-0.3150100
2025-03-20 03:38:16 - INFO - epoch-170, train_mse_loss-0.0003231, train_kl_loss-0.0204453, train_diff_loss-0.3201220, val_mse_loss-0.0003531, val_kl_loss-0.0207771, val_diff_loss-0.3320722
2025-03-20 03:43:07 - INFO - epoch-171, train_mse_loss-0.0003231, train_kl_loss-0.0204356, train_diff_loss-0.3214673, val_mse_loss-0.0003501, val_kl_loss-0.0211147, val_diff_loss-0.3176748
2025-03-20 03:47:27 - INFO - epoch-172, train_mse_loss-0.0003231, train_kl_loss-0.0199200, train_diff_loss-0.3176764, val_mse_loss-0.0003508, val_kl_loss-0.0203244, val_diff_loss-0.3222754
2025-03-20 03:51:46 - INFO - epoch-173, train_mse_loss-0.0003231, train_kl_loss-0.0201204, train_diff_loss-0.3210992, val_mse_loss-0.0003495, val_kl_loss-0.0212331, val_diff_loss-0.3168291
2025-03-20 03:56:05 - INFO - epoch-174, train_mse_loss-0.0003231, train_kl_loss-0.0202075, train_diff_loss-0.3171608, val_mse_loss-0.0003485, val_kl_loss-0.0201149, val_diff_loss-0.3093866
2025-03-20 04:00:23 - INFO - epoch-175, train_mse_loss-0.0003231, train_kl_loss-0.0207045, train_diff_loss-0.3238573, val_mse_loss-0.0003517, val_kl_loss-0.0209335, val_diff_loss-0.3276745
2025-03-20 04:04:42 - INFO - epoch-176, train_mse_loss-0.0003231, train_kl_loss-0.0202897, train_diff_loss-0.3220887, val_mse_loss-0.0003498, val_kl_loss-0.0205433, val_diff_loss-0.3207252
2025-03-20 04:09:01 - INFO - epoch-177, train_mse_loss-0.0003231, train_kl_loss-0.0205399, train_diff_loss-0.3258964, val_mse_loss-0.0003518, val_kl_loss-0.0203571, val_diff_loss-0.3297652
2025-03-20 04:13:20 - INFO - epoch-178, train_mse_loss-0.0003231, train_kl_loss-0.0201374, train_diff_loss-0.3177685, val_mse_loss-0.0003510, val_kl_loss-0.0215999, val_diff_loss-0.3097151
2025-03-20 04:17:39 - INFO - epoch-179, train_mse_loss-0.0003231, train_kl_loss-0.0204716, train_diff_loss-0.3235615, val_mse_loss-0.0003522, val_kl_loss-0.0212328, val_diff_loss-0.3185960
2025-03-20 04:21:57 - INFO - epoch-180, train_mse_loss-0.0003231, train_kl_loss-0.0195899, train_diff_loss-0.3133602, val_mse_loss-0.0003507, val_kl_loss-0.0202095, val_diff_loss-0.3172261
2025-03-20 04:26:16 - INFO - epoch-181, train_mse_loss-0.0003231, train_kl_loss-0.0205634, train_diff_loss-0.3271312, val_mse_loss-0.0003484, val_kl_loss-0.0218589, val_diff_loss-0.3228680
2025-03-20 04:30:36 - INFO - epoch-182, train_mse_loss-0.0003231, train_kl_loss-0.0203415, train_diff_loss-0.3180043, val_mse_loss-0.0003513, val_kl_loss-0.0185049, val_diff_loss-0.3393085
2025-03-20 04:34:55 - INFO - epoch-183, train_mse_loss-0.0003231, train_kl_loss-0.0198790, train_diff_loss-0.3128281, val_mse_loss-0.0003525, val_kl_loss-0.0186689, val_diff_loss-0.3161841
2025-03-20 04:39:14 - INFO - epoch-184, train_mse_loss-0.0003231, train_kl_loss-0.0212716, train_diff_loss-0.3309663, val_mse_loss-0.0003514, val_kl_loss-0.0215260, val_diff_loss-0.3357846
2025-03-20 04:43:34 - INFO - epoch-185, train_mse_loss-0.0003231, train_kl_loss-0.0208428, train_diff_loss-0.3243687, val_mse_loss-0.0003504, val_kl_loss-0.0208519, val_diff_loss-0.3282079
2025-03-20 04:47:53 - INFO - epoch-186, train_mse_loss-0.0003231, train_kl_loss-0.0207255, train_diff_loss-0.3257044, val_mse_loss-0.0003514, val_kl_loss-0.0214898, val_diff_loss-0.3252416
2025-03-20 04:52:12 - INFO - epoch-187, train_mse_loss-0.0003231, train_kl_loss-0.0206064, train_diff_loss-0.3253946, val_mse_loss-0.0003501, val_kl_loss-0.0222952, val_diff_loss-0.3285010
2025-03-20 04:56:32 - INFO - epoch-188, train_mse_loss-0.0003231, train_kl_loss-0.0206376, train_diff_loss-0.3240982, val_mse_loss-0.0003490, val_kl_loss-0.0209178, val_diff_loss-0.3110699
2025-03-20 05:00:52 - INFO - epoch-189, train_mse_loss-0.0003231, train_kl_loss-0.0204338, train_diff_loss-0.3225843, val_mse_loss-0.0003525, val_kl_loss-0.0197391, val_diff_loss-0.3201430
2025-03-20 05:05:12 - INFO - epoch-190, train_mse_loss-0.0003231, train_kl_loss-0.0201158, train_diff_loss-0.3215511, val_mse_loss-0.0003521, val_kl_loss-0.0222075, val_diff_loss-0.3283997
2025-03-20 05:09:32 - INFO - epoch-191, train_mse_loss-0.0003231, train_kl_loss-0.0206484, train_diff_loss-0.3233746, val_mse_loss-0.0003512, val_kl_loss-0.0200096, val_diff_loss-0.3326363
2025-03-20 05:13:50 - INFO - epoch-192, train_mse_loss-0.0003231, train_kl_loss-0.0207724, train_diff_loss-0.3260998, val_mse_loss-0.0003496, val_kl_loss-0.0210630, val_diff_loss-0.3238058
2025-03-20 05:18:09 - INFO - epoch-193, train_mse_loss-0.0003231, train_kl_loss-0.0203902, train_diff_loss-0.3229892, val_mse_loss-0.0003511, val_kl_loss-0.0206758, val_diff_loss-0.3240560
2025-03-20 05:22:28 - INFO - epoch-194, train_mse_loss-0.0003231, train_kl_loss-0.0208265, train_diff_loss-0.3259540, val_mse_loss-0.0003514, val_kl_loss-0.0145678, val_diff_loss-0.3263180
2025-03-20 05:26:49 - INFO - epoch-195, train_mse_loss-0.0003231, train_kl_loss-0.0201006, train_diff_loss-0.3187631, val_mse_loss-0.0003525, val_kl_loss-0.0216374, val_diff_loss-0.3424553
2025-03-20 05:31:08 - INFO - epoch-196, train_mse_loss-0.0003231, train_kl_loss-0.0214124, train_diff_loss-0.3305162, val_mse_loss-0.0003532, val_kl_loss-0.0208691, val_diff_loss-0.3370293
2025-03-20 05:35:27 - INFO - epoch-197, train_mse_loss-0.0003231, train_kl_loss-0.0205189, train_diff_loss-0.3249943, val_mse_loss-0.0003526, val_kl_loss-0.0186787, val_diff_loss-0.3192216
2025-03-20 05:39:46 - INFO - epoch-198, train_mse_loss-0.0003231, train_kl_loss-0.0207689, train_diff_loss-0.3251186, val_mse_loss-0.0003504, val_kl_loss-0.0201099, val_diff_loss-0.3213432
2025-03-20 05:44:05 - INFO - epoch-199, train_mse_loss-0.0003231, train_kl_loss-0.0203450, train_diff_loss-0.3238095, val_mse_loss-0.0003528, val_kl_loss-0.0222626, val_diff_loss-0.3141198
2025-03-20 05:48:25 - INFO - epoch-200, train_mse_loss-0.0003231, train_kl_loss-0.0210109, train_diff_loss-0.3256014, val_mse_loss-0.0003501, val_kl_loss-0.0213200, val_diff_loss-0.3224754
2025-03-20 05:52:45 - INFO - epoch-201, train_mse_loss-0.0003231, train_kl_loss-0.0204016, train_diff_loss-0.3254823, val_mse_loss-0.0003501, val_kl_loss-0.0227083, val_diff_loss-0.3222760
2025-03-20 05:57:05 - INFO - epoch-202, train_mse_loss-0.0003231, train_kl_loss-0.0208911, train_diff_loss-0.3259756, val_mse_loss-0.0003509, val_kl_loss-0.0204073, val_diff_loss-0.3137742
2025-03-20 06:01:23 - INFO - epoch-203, train_mse_loss-0.0003231, train_kl_loss-0.0201503, train_diff_loss-0.3201982, val_mse_loss-0.0003493, val_kl_loss-0.0199266, val_diff_loss-0.3216915
2025-03-20 06:05:44 - INFO - epoch-204, train_mse_loss-0.0003231, train_kl_loss-0.0201373, train_diff_loss-0.3199177, val_mse_loss-0.0003494, val_kl_loss-0.0213153, val_diff_loss-0.3145308
2025-03-20 06:10:03 - INFO - epoch-205, train_mse_loss-0.0003231, train_kl_loss-0.0206297, train_diff_loss-0.3228178, val_mse_loss-0.0003526, val_kl_loss-0.0208310, val_diff_loss-0.3235146
2025-03-20 06:14:23 - INFO - epoch-206, train_mse_loss-0.0003231, train_kl_loss-0.0202703, train_diff_loss-0.3213440, val_mse_loss-0.0003502, val_kl_loss-0.0217184, val_diff_loss-0.3156177
2025-03-20 06:18:42 - INFO - epoch-207, train_mse_loss-0.0003231, train_kl_loss-0.0203362, train_diff_loss-0.3217625, val_mse_loss-0.0003502, val_kl_loss-0.0214887, val_diff_loss-0.3295249
2025-03-20 06:23:01 - INFO - epoch-208, train_mse_loss-0.0003231, train_kl_loss-0.0202175, train_diff_loss-0.3192552, val_mse_loss-0.0003522, val_kl_loss-0.0203333, val_diff_loss-0.3363513
2025-03-20 06:27:21 - INFO - epoch-209, train_mse_loss-0.0003231, train_kl_loss-0.0199759, train_diff_loss-0.3184685, val_mse_loss-0.0003503, val_kl_loss-0.0165530, val_diff_loss-0.3245971
2025-03-20 06:31:41 - INFO - epoch-210, train_mse_loss-0.0003231, train_kl_loss-0.0206562, train_diff_loss-0.3224504, val_mse_loss-0.0003502, val_kl_loss-0.0205208, val_diff_loss-0.3266125
2025-03-20 06:36:00 - INFO - epoch-211, train_mse_loss-0.0003231, train_kl_loss-0.0208623, train_diff_loss-0.3245926, val_mse_loss-0.0003518, val_kl_loss-0.0203375, val_diff_loss-0.3362447
2025-03-20 06:40:19 - INFO - epoch-212, train_mse_loss-0.0003231, train_kl_loss-0.0203757, train_diff_loss-0.3220939, val_mse_loss-0.0003505, val_kl_loss-0.0207749, val_diff_loss-0.3195534
2025-03-20 06:44:38 - INFO - epoch-213, train_mse_loss-0.0003231, train_kl_loss-0.0202605, train_diff_loss-0.3229346, val_mse_loss-0.0003505, val_kl_loss-0.0210968, val_diff_loss-0.3271236
2025-03-20 06:48:58 - INFO - epoch-214, train_mse_loss-0.0003231, train_kl_loss-0.0206864, train_diff_loss-0.3216324, val_mse_loss-0.0003518, val_kl_loss-0.0212454, val_diff_loss-0.3289080
2025-03-20 06:53:17 - INFO - epoch-215, train_mse_loss-0.0003231, train_kl_loss-0.0205744, train_diff_loss-0.3225779, val_mse_loss-0.0003508, val_kl_loss-0.0173320, val_diff_loss-0.3325312
2025-03-20 06:57:36 - INFO - epoch-216, train_mse_loss-0.0003231, train_kl_loss-0.0208146, train_diff_loss-0.3248204, val_mse_loss-0.0003485, val_kl_loss-0.0213684, val_diff_loss-0.3140971
2025-03-20 07:01:54 - INFO - epoch-217, train_mse_loss-0.0003231, train_kl_loss-0.0205599, train_diff_loss-0.3237396, val_mse_loss-0.0003500, val_kl_loss-0.0199476, val_diff_loss-0.3274431
2025-03-20 07:06:14 - INFO - epoch-218, train_mse_loss-0.0003231, train_kl_loss-0.0205755, train_diff_loss-0.3252041, val_mse_loss-0.0003483, val_kl_loss-0.0215354, val_diff_loss-0.3172729
2025-03-20 07:10:33 - INFO - epoch-219, train_mse_loss-0.0003231, train_kl_loss-0.0207151, train_diff_loss-0.3238675, val_mse_loss-0.0003527, val_kl_loss-0.0191275, val_diff_loss-0.3215042
2025-03-20 07:14:52 - INFO - epoch-220, train_mse_loss-0.0003231, train_kl_loss-0.0205751, train_diff_loss-0.3243927, val_mse_loss-0.0003502, val_kl_loss-0.0209218, val_diff_loss-0.3285384
2025-03-20 07:19:12 - INFO - epoch-221, train_mse_loss-0.0003231, train_kl_loss-0.0207113, train_diff_loss-0.3249148, val_mse_loss-0.0003507, val_kl_loss-0.0197096, val_diff_loss-0.3361874
2025-03-20 07:23:32 - INFO - epoch-222, train_mse_loss-0.0003231, train_kl_loss-0.0208019, train_diff_loss-0.3275947, val_mse_loss-0.0003512, val_kl_loss-0.0223014, val_diff_loss-0.3369389
2025-03-20 07:27:51 - INFO - epoch-223, train_mse_loss-0.0003231, train_kl_loss-0.0202487, train_diff_loss-0.3238025, val_mse_loss-0.0003530, val_kl_loss-0.0200846, val_diff_loss-0.3386630
2025-03-20 07:32:11 - INFO - epoch-224, train_mse_loss-0.0003231, train_kl_loss-0.0203154, train_diff_loss-0.3201346, val_mse_loss-0.0003512, val_kl_loss-0.0203683, val_diff_loss-0.3310654
2025-03-20 07:36:30 - INFO - epoch-225, train_mse_loss-0.0003231, train_kl_loss-0.0209418, train_diff_loss-0.3256944, val_mse_loss-0.0003542, val_kl_loss-0.0217823, val_diff_loss-0.3347202
2025-03-20 07:40:51 - INFO - epoch-226, train_mse_loss-0.0003231, train_kl_loss-0.0204539, train_diff_loss-0.3242222, val_mse_loss-0.0003500, val_kl_loss-0.0211233, val_diff_loss-0.3093706
2025-03-20 07:45:11 - INFO - epoch-227, train_mse_loss-0.0003231, train_kl_loss-0.0204740, train_diff_loss-0.3228437, val_mse_loss-0.0003522, val_kl_loss-0.0208137, val_diff_loss-0.3292830
2025-03-20 07:49:31 - INFO - epoch-228, train_mse_loss-0.0003231, train_kl_loss-0.0206459, train_diff_loss-0.3238299, val_mse_loss-0.0003506, val_kl_loss-0.0217969, val_diff_loss-0.3327838
2025-03-20 07:53:50 - INFO - epoch-229, train_mse_loss-0.0003231, train_kl_loss-0.0202642, train_diff_loss-0.3156461, val_mse_loss-0.0003489, val_kl_loss-0.0193234, val_diff_loss-0.3318420
2025-03-20 07:58:10 - INFO - epoch-230, train_mse_loss-0.0003231, train_kl_loss-0.0210504, train_diff_loss-0.3287489, val_mse_loss-0.0003473, val_kl_loss-0.0214221, val_diff_loss-0.3124100
2025-03-20 08:02:30 - INFO - epoch-231, train_mse_loss-0.0003231, train_kl_loss-0.0208197, train_diff_loss-0.3251148, val_mse_loss-0.0003501, val_kl_loss-0.0219339, val_diff_loss-0.3198833
2025-03-20 08:06:49 - INFO - epoch-232, train_mse_loss-0.0003231, train_kl_loss-0.0203899, train_diff_loss-0.3184459, val_mse_loss-0.0003502, val_kl_loss-0.0214397, val_diff_loss-0.3312239
2025-03-20 08:11:09 - INFO - epoch-233, train_mse_loss-0.0003231, train_kl_loss-0.0206506, train_diff_loss-0.3248065, val_mse_loss-0.0003520, val_kl_loss-0.0198263, val_diff_loss-0.3290403
2025-03-20 08:15:29 - INFO - epoch-234, train_mse_loss-0.0003231, train_kl_loss-0.0206132, train_diff_loss-0.3211545, val_mse_loss-0.0003521, val_kl_loss-0.0209361, val_diff_loss-0.2960987
2025-03-20 08:15:37 - INFO - Saved new best model at epoch 234 with validation loss 0.3173869
2025-03-20 08:19:56 - INFO - epoch-235, train_mse_loss-0.0003231, train_kl_loss-0.0202652, train_diff_loss-0.3229826, val_mse_loss-0.0003513, val_kl_loss-0.0200437, val_diff_loss-0.3366319
2025-03-20 08:24:15 - INFO - epoch-236, train_mse_loss-0.0003231, train_kl_loss-0.0204726, train_diff_loss-0.3196789, val_mse_loss-0.0003522, val_kl_loss-0.0191029, val_diff_loss-0.3223225
2025-03-20 08:28:35 - INFO - epoch-237, train_mse_loss-0.0003231, train_kl_loss-0.0205132, train_diff_loss-0.3242639, val_mse_loss-0.0003506, val_kl_loss-0.0218694, val_diff_loss-0.3273030
2025-03-20 08:32:55 - INFO - epoch-238, train_mse_loss-0.0003231, train_kl_loss-0.0210580, train_diff_loss-0.3258227, val_mse_loss-0.0003527, val_kl_loss-0.0202177, val_diff_loss-0.3321743
2025-03-20 08:37:14 - INFO - epoch-239, train_mse_loss-0.0003231, train_kl_loss-0.0208659, train_diff_loss-0.3291665, val_mse_loss-0.0003520, val_kl_loss-0.0221423, val_diff_loss-0.3240044
2025-03-20 08:41:33 - INFO - epoch-240, train_mse_loss-0.0003231, train_kl_loss-0.0202552, train_diff_loss-0.3184191, val_mse_loss-0.0003536, val_kl_loss-0.0196269, val_diff_loss-0.3327213
2025-03-20 08:45:52 - INFO - epoch-241, train_mse_loss-0.0003231, train_kl_loss-0.0206919, train_diff_loss-0.3235275, val_mse_loss-0.0003506, val_kl_loss-0.0220390, val_diff_loss-0.3224380
2025-03-20 08:50:11 - INFO - epoch-242, train_mse_loss-0.0003231, train_kl_loss-0.0201373, train_diff_loss-0.3164846, val_mse_loss-0.0003511, val_kl_loss-0.0212065, val_diff_loss-0.3164924
2025-03-20 08:54:31 - INFO - epoch-243, train_mse_loss-0.0003231, train_kl_loss-0.0205355, train_diff_loss-0.3229387, val_mse_loss-0.0003515, val_kl_loss-0.0216624, val_diff_loss-0.3263953
2025-03-20 08:58:50 - INFO - epoch-244, train_mse_loss-0.0003231, train_kl_loss-0.0209197, train_diff_loss-0.3240571, val_mse_loss-0.0003515, val_kl_loss-0.0210039, val_diff_loss-0.3308114
2025-03-20 09:03:09 - INFO - epoch-245, train_mse_loss-0.0003231, train_kl_loss-0.0204123, train_diff_loss-0.3215541, val_mse_loss-0.0003372, val_kl_loss-0.0197929, val_diff_loss-0.3363830
2025-03-20 09:07:28 - INFO - epoch-246, train_mse_loss-0.0003231, train_kl_loss-0.0201337, train_diff_loss-0.3177664, val_mse_loss-0.0003507, val_kl_loss-0.0177290, val_diff_loss-0.3201132
2025-03-20 09:11:47 - INFO - epoch-247, train_mse_loss-0.0003231, train_kl_loss-0.0207566, train_diff_loss-0.3251093, val_mse_loss-0.0003481, val_kl_loss-0.0223364, val_diff_loss-0.3125987
2025-03-20 09:16:08 - INFO - epoch-248, train_mse_loss-0.0003231, train_kl_loss-0.0203001, train_diff_loss-0.3186166, val_mse_loss-0.0003500, val_kl_loss-0.0202112, val_diff_loss-0.3208300
2025-03-20 09:20:28 - INFO - epoch-249, train_mse_loss-0.0003231, train_kl_loss-0.0206012, train_diff_loss-0.3249423, val_mse_loss-0.0003511, val_kl_loss-0.0212884, val_diff_loss-0.3100786
2025-03-20 09:24:49 - INFO - epoch-250, train_mse_loss-0.0003231, train_kl_loss-0.0205885, train_diff_loss-0.3234421, val_mse_loss-0.0003510, val_kl_loss-0.0198500, val_diff_loss-0.3259384
2025-03-20 09:29:09 - INFO - epoch-251, train_mse_loss-0.0003231, train_kl_loss-0.0207306, train_diff_loss-0.3251450, val_mse_loss-0.0003473, val_kl_loss-0.0208109, val_diff_loss-0.3250362
2025-03-20 09:33:29 - INFO - epoch-252, train_mse_loss-0.0003231, train_kl_loss-0.0202708, train_diff_loss-0.3201727, val_mse_loss-0.0003501, val_kl_loss-0.0206101, val_diff_loss-0.3181231
2025-03-20 09:37:51 - INFO - epoch-253, train_mse_loss-0.0003231, train_kl_loss-0.0207536, train_diff_loss-0.3262911, val_mse_loss-0.0003502, val_kl_loss-0.0213873, val_diff_loss-0.3341754
2025-03-20 09:42:12 - INFO - epoch-254, train_mse_loss-0.0003231, train_kl_loss-0.0206074, train_diff_loss-0.3212008, val_mse_loss-0.0003511, val_kl_loss-0.0207735, val_diff_loss-0.3217808
2025-03-20 09:46:34 - INFO - epoch-255, train_mse_loss-0.0003231, train_kl_loss-0.0201989, train_diff_loss-0.3209840, val_mse_loss-0.0003519, val_kl_loss-0.0205715, val_diff_loss-0.3209867
2025-03-20 09:50:55 - INFO - epoch-256, train_mse_loss-0.0003231, train_kl_loss-0.0202287, train_diff_loss-0.3196530, val_mse_loss-0.0003569, val_kl_loss-0.0209891, val_diff_loss-0.3387478
2025-03-20 09:55:16 - INFO - epoch-257, train_mse_loss-0.0003231, train_kl_loss-0.0200877, train_diff_loss-0.3190015, val_mse_loss-0.0003529, val_kl_loss-0.0195745, val_diff_loss-0.3286872
2025-03-20 09:59:36 - INFO - epoch-258, train_mse_loss-0.0003231, train_kl_loss-0.0204004, train_diff_loss-0.3212458, val_mse_loss-0.0003484, val_kl_loss-0.0214787, val_diff_loss-0.3204821
2025-03-20 10:03:57 - INFO - epoch-259, train_mse_loss-0.0003231, train_kl_loss-0.0208876, train_diff_loss-0.3222578, val_mse_loss-0.0003527, val_kl_loss-0.0196050, val_diff_loss-0.3193503
2025-03-20 10:08:18 - INFO - epoch-260, train_mse_loss-0.0003231, train_kl_loss-0.0202588, train_diff_loss-0.3218295, val_mse_loss-0.0003488, val_kl_loss-0.0194051, val_diff_loss-0.3417905
2025-03-20 10:12:39 - INFO - epoch-261, train_mse_loss-0.0003231, train_kl_loss-0.0202853, train_diff_loss-0.3225567, val_mse_loss-0.0003508, val_kl_loss-0.0214805, val_diff_loss-0.3018312
2025-03-20 10:17:00 - INFO - epoch-262, train_mse_loss-0.0003231, train_kl_loss-0.0200215, train_diff_loss-0.3221365, val_mse_loss-0.0003515, val_kl_loss-0.0222326, val_diff_loss-0.3193673
2025-03-20 10:21:22 - INFO - epoch-263, train_mse_loss-0.0003231, train_kl_loss-0.0206644, train_diff_loss-0.3227039, val_mse_loss-0.0003533, val_kl_loss-0.0186832, val_diff_loss-0.3368873
2025-03-20 10:25:42 - INFO - epoch-264, train_mse_loss-0.0003231, train_kl_loss-0.0204246, train_diff_loss-0.3196719, val_mse_loss-0.0003517, val_kl_loss-0.0200683, val_diff_loss-0.3195423
2025-03-20 10:30:03 - INFO - epoch-265, train_mse_loss-0.0003231, train_kl_loss-0.0200355, train_diff_loss-0.3172511, val_mse_loss-0.0003514, val_kl_loss-0.0198818, val_diff_loss-0.3039590
2025-03-20 10:34:23 - INFO - epoch-266, train_mse_loss-0.0003231, train_kl_loss-0.0209158, train_diff_loss-0.3263754, val_mse_loss-0.0003535, val_kl_loss-0.0208718, val_diff_loss-0.3153009
2025-03-20 10:38:44 - INFO - epoch-267, train_mse_loss-0.0003231, train_kl_loss-0.0208944, train_diff_loss-0.3252090, val_mse_loss-0.0003512, val_kl_loss-0.0209795, val_diff_loss-0.3197483
2025-03-20 10:43:06 - INFO - epoch-268, train_mse_loss-0.0003231, train_kl_loss-0.0201675, train_diff_loss-0.3207302, val_mse_loss-0.0003532, val_kl_loss-0.0179746, val_diff_loss-0.3292855
2025-03-20 10:47:27 - INFO - epoch-269, train_mse_loss-0.0003231, train_kl_loss-0.0206950, train_diff_loss-0.3230192, val_mse_loss-0.0003539, val_kl_loss-0.0206411, val_diff_loss-0.3197470
2025-03-20 10:51:47 - INFO - epoch-270, train_mse_loss-0.0003231, train_kl_loss-0.0206049, train_diff_loss-0.3223395, val_mse_loss-0.0003561, val_kl_loss-0.0215640, val_diff_loss-0.3207962
2025-03-20 10:56:08 - INFO - epoch-271, train_mse_loss-0.0003231, train_kl_loss-0.0208395, train_diff_loss-0.3273069, val_mse_loss-0.0003571, val_kl_loss-0.0198046, val_diff_loss-0.3091488
2025-03-20 11:00:29 - INFO - epoch-272, train_mse_loss-0.0003231, train_kl_loss-0.0204302, train_diff_loss-0.3206836, val_mse_loss-0.0003545, val_kl_loss-0.0203366, val_diff_loss-0.3104641
2025-03-20 11:04:48 - INFO - epoch-273, train_mse_loss-0.0003231, train_kl_loss-0.0202590, train_diff_loss-0.3191857, val_mse_loss-0.0003577, val_kl_loss-0.0221893, val_diff_loss-0.3119964
2025-03-20 11:09:09 - INFO - epoch-274, train_mse_loss-0.0003231, train_kl_loss-0.0201866, train_diff_loss-0.3191646, val_mse_loss-0.0003603, val_kl_loss-0.0204568, val_diff_loss-0.3144340
2025-03-20 11:13:29 - INFO - epoch-275, train_mse_loss-0.0003231, train_kl_loss-0.0204576, train_diff_loss-0.3215223, val_mse_loss-0.0003597, val_kl_loss-0.0194884, val_diff_loss-0.3060544
2025-03-20 11:17:49 - INFO - epoch-276, train_mse_loss-0.0003231, train_kl_loss-0.0199482, train_diff_loss-0.3170938, val_mse_loss-0.0003550, val_kl_loss-0.0196331, val_diff_loss-0.3223041
2025-03-20 11:22:09 - INFO - epoch-277, train_mse_loss-0.0003231, train_kl_loss-0.0207690, train_diff_loss-0.3249573, val_mse_loss-0.0003578, val_kl_loss-0.0205453, val_diff_loss-0.3132112
2025-03-20 11:26:29 - INFO - epoch-278, train_mse_loss-0.0003231, train_kl_loss-0.0209216, train_diff_loss-0.3248730, val_mse_loss-0.0003578, val_kl_loss-0.0197522, val_diff_loss-0.3187852
2025-03-20 11:30:50 - INFO - epoch-279, train_mse_loss-0.0003231, train_kl_loss-0.0207716, train_diff_loss-0.3232004, val_mse_loss-0.0003601, val_kl_loss-0.0198418, val_diff_loss-0.3249069
2025-03-20 11:35:11 - INFO - epoch-280, train_mse_loss-0.0003231, train_kl_loss-0.0204140, train_diff_loss-0.3209046, val_mse_loss-0.0003549, val_kl_loss-0.0207302, val_diff_loss-0.3269853
2025-03-20 11:39:31 - INFO - epoch-281, train_mse_loss-0.0003231, train_kl_loss-0.0199221, train_diff_loss-0.3184747, val_mse_loss-0.0003574, val_kl_loss-0.0208606, val_diff_loss-0.3315081
2025-03-20 11:43:52 - INFO - epoch-282, train_mse_loss-0.0003231, train_kl_loss-0.0208664, train_diff_loss-0.3226467, val_mse_loss-0.0003549, val_kl_loss-0.0200193, val_diff_loss-0.2993581
2025-03-20 11:48:13 - INFO - epoch-283, train_mse_loss-0.0003231, train_kl_loss-0.0201618, train_diff_loss-0.3213306, val_mse_loss-0.0003561, val_kl_loss-0.0210858, val_diff_loss-0.3321547
2025-03-20 11:52:33 - INFO - epoch-284, train_mse_loss-0.0003231, train_kl_loss-0.0198386, train_diff_loss-0.3183359, val_mse_loss-0.0003559, val_kl_loss-0.0199495, val_diff_loss-0.3278539
2025-03-20 11:56:55 - INFO - epoch-285, train_mse_loss-0.0003231, train_kl_loss-0.0200178, train_diff_loss-0.3157525, val_mse_loss-0.0003531, val_kl_loss-0.0204687, val_diff_loss-0.3042043
2025-03-20 12:01:15 - INFO - epoch-286, train_mse_loss-0.0003231, train_kl_loss-0.0206764, train_diff_loss-0.3232995, val_mse_loss-0.0003535, val_kl_loss-0.0200136, val_diff_loss-0.3137849
2025-03-20 12:05:35 - INFO - epoch-287, train_mse_loss-0.0003231, train_kl_loss-0.0206351, train_diff_loss-0.3224609, val_mse_loss-0.0003543, val_kl_loss-0.0208299, val_diff_loss-0.3070602
2025-03-20 12:09:55 - INFO - epoch-288, train_mse_loss-0.0003231, train_kl_loss-0.0207942, train_diff_loss-0.3238572, val_mse_loss-0.0003542, val_kl_loss-0.0188072, val_diff_loss-0.3345660
2025-03-20 12:14:16 - INFO - epoch-289, train_mse_loss-0.0003231, train_kl_loss-0.0203135, train_diff_loss-0.3224444, val_mse_loss-0.0003504, val_kl_loss-0.0210824, val_diff_loss-0.3218521
2025-03-20 12:18:37 - INFO - epoch-290, train_mse_loss-0.0003231, train_kl_loss-0.0204342, train_diff_loss-0.3200356, val_mse_loss-0.0003547, val_kl_loss-0.0199375, val_diff_loss-0.3193760
2025-03-20 12:22:57 - INFO - epoch-291, train_mse_loss-0.0003231, train_kl_loss-0.0203262, train_diff_loss-0.3210103, val_mse_loss-0.0003524, val_kl_loss-0.0207977, val_diff_loss-0.3219555
2025-03-20 12:27:19 - INFO - epoch-292, train_mse_loss-0.0003231, train_kl_loss-0.0207096, train_diff_loss-0.3230884, val_mse_loss-0.0003502, val_kl_loss-0.0221217, val_diff_loss-0.3304069
2025-03-20 12:31:40 - INFO - epoch-293, train_mse_loss-0.0003231, train_kl_loss-0.0206996, train_diff_loss-0.3241242, val_mse_loss-0.0003515, val_kl_loss-0.0203012, val_diff_loss-0.3204821
2025-03-20 12:36:01 - INFO - epoch-294, train_mse_loss-0.0003231, train_kl_loss-0.0202448, train_diff_loss-0.3204650, val_mse_loss-0.0003526, val_kl_loss-0.0211874, val_diff_loss-0.3518661
2025-03-20 12:40:22 - INFO - epoch-295, train_mse_loss-0.0003231, train_kl_loss-0.0201423, train_diff_loss-0.3209427, val_mse_loss-0.0003522, val_kl_loss-0.0212026, val_diff_loss-0.3257489
2025-03-20 12:44:42 - INFO - epoch-296, train_mse_loss-0.0003231, train_kl_loss-0.0200905, train_diff_loss-0.3167526, val_mse_loss-0.0003512, val_kl_loss-0.0186242, val_diff_loss-0.3400601
2025-03-20 12:49:04 - INFO - epoch-297, train_mse_loss-0.0003231, train_kl_loss-0.0206874, train_diff_loss-0.3244403, val_mse_loss-0.0003503, val_kl_loss-0.0224677, val_diff_loss-0.3259608
2025-03-20 12:53:24 - INFO - epoch-298, train_mse_loss-0.0003231, train_kl_loss-0.0211030, train_diff_loss-0.3287546, val_mse_loss-0.0003531, val_kl_loss-0.0192673, val_diff_loss-0.3229201
2025-03-20 12:57:45 - INFO - epoch-299, train_mse_loss-0.0003231, train_kl_loss-0.0208271, train_diff_loss-0.3253420, val_mse_loss-0.0003514, val_kl_loss-0.0202179, val_diff_loss-0.3143361
2025-03-20 13:02:06 - INFO - epoch-300, train_mse_loss-0.0003231, train_kl_loss-0.0206585, train_diff_loss-0.3267471, val_mse_loss-0.0003492, val_kl_loss-0.0212460, val_diff_loss-0.3324792
2025-03-20 13:06:27 - INFO - epoch-301, train_mse_loss-0.0003231, train_kl_loss-0.0200048, train_diff_loss-0.3151119, val_mse_loss-0.0003498, val_kl_loss-0.0190517, val_diff_loss-0.3340858
2025-03-20 13:10:49 - INFO - epoch-302, train_mse_loss-0.0003231, train_kl_loss-0.0211001, train_diff_loss-0.3261095, val_mse_loss-0.0003501, val_kl_loss-0.0194341, val_diff_loss-0.3359504
2025-03-20 13:15:09 - INFO - epoch-303, train_mse_loss-0.0003231, train_kl_loss-0.0204726, train_diff_loss-0.3239339, val_mse_loss-0.0003502, val_kl_loss-0.0205284, val_diff_loss-0.3201218
2025-03-20 13:19:29 - INFO - epoch-304, train_mse_loss-0.0003231, train_kl_loss-0.0205071, train_diff_loss-0.3235197, val_mse_loss-0.0003513, val_kl_loss-0.0214336, val_diff_loss-0.3275893
2025-03-20 13:23:50 - INFO - epoch-305, train_mse_loss-0.0003231, train_kl_loss-0.0206932, train_diff_loss-0.3246481, val_mse_loss-0.0003507, val_kl_loss-0.0213349, val_diff_loss-0.3015850
2025-03-20 13:28:11 - INFO - epoch-306, train_mse_loss-0.0003231, train_kl_loss-0.0200081, train_diff_loss-0.3189831, val_mse_loss-0.0003519, val_kl_loss-0.0232645, val_diff_loss-0.3259381
2025-03-20 13:32:32 - INFO - epoch-307, train_mse_loss-0.0003231, train_kl_loss-0.0205905, train_diff_loss-0.3228005, val_mse_loss-0.0003492, val_kl_loss-0.0212483, val_diff_loss-0.3162289
2025-03-20 13:36:53 - INFO - epoch-308, train_mse_loss-0.0003231, train_kl_loss-0.0205994, train_diff_loss-0.3235678, val_mse_loss-0.0003514, val_kl_loss-0.0201464, val_diff_loss-0.3244774
2025-03-20 13:41:13 - INFO - epoch-309, train_mse_loss-0.0003231, train_kl_loss-0.0211212, train_diff_loss-0.3284978, val_mse_loss-0.0003497, val_kl_loss-0.0221248, val_diff_loss-0.3264380
2025-03-20 13:45:33 - INFO - epoch-310, train_mse_loss-0.0003231, train_kl_loss-0.0205060, train_diff_loss-0.3238355, val_mse_loss-0.0003502, val_kl_loss-0.0218122, val_diff_loss-0.3307308
2025-03-20 13:49:54 - INFO - epoch-311, train_mse_loss-0.0003231, train_kl_loss-0.0201173, train_diff_loss-0.3196564, val_mse_loss-0.0003496, val_kl_loss-0.0204361, val_diff_loss-0.3338419
2025-03-20 13:54:16 - INFO - epoch-312, train_mse_loss-0.0003231, train_kl_loss-0.0205722, train_diff_loss-0.3241053, val_mse_loss-0.0003513, val_kl_loss-0.0208907, val_diff_loss-0.3108870
2025-03-20 13:58:38 - INFO - epoch-313, train_mse_loss-0.0003231, train_kl_loss-0.0206235, train_diff_loss-0.3219384, val_mse_loss-0.0003510, val_kl_loss-0.0201647, val_diff_loss-0.3214567
2025-03-20 14:02:58 - INFO - epoch-314, train_mse_loss-0.0003231, train_kl_loss-0.0202425, train_diff_loss-0.3216188, val_mse_loss-0.0003511, val_kl_loss-0.0209448, val_diff_loss-0.3189613
2025-03-20 14:07:21 - INFO - epoch-315, train_mse_loss-0.0003231, train_kl_loss-0.0209628, train_diff_loss-0.3259358, val_mse_loss-0.0003515, val_kl_loss-0.0219661, val_diff_loss-0.3139042
2025-03-20 14:11:43 - INFO - epoch-316, train_mse_loss-0.0003231, train_kl_loss-0.0209216, train_diff_loss-0.3242233, val_mse_loss-0.0003506, val_kl_loss-0.0201643, val_diff_loss-0.3308534
2025-03-20 14:16:03 - INFO - epoch-317, train_mse_loss-0.0003231, train_kl_loss-0.0202500, train_diff_loss-0.3203314, val_mse_loss-0.0003485, val_kl_loss-0.0202450, val_diff_loss-0.3368688
2025-03-20 14:20:23 - INFO - epoch-318, train_mse_loss-0.0003231, train_kl_loss-0.0207748, train_diff_loss-0.3228526, val_mse_loss-0.0003504, val_kl_loss-0.0191740, val_diff_loss-0.3206102
2025-03-20 14:24:43 - INFO - epoch-319, train_mse_loss-0.0003231, train_kl_loss-0.0198857, train_diff_loss-0.3183192, val_mse_loss-0.0003471, val_kl_loss-0.0198459, val_diff_loss-0.3281981
2025-03-20 14:29:04 - INFO - epoch-320, train_mse_loss-0.0003231, train_kl_loss-0.0202087, train_diff_loss-0.3182269, val_mse_loss-0.0003475, val_kl_loss-0.0210875, val_diff_loss-0.3336781
2025-03-20 14:33:25 - INFO - epoch-321, train_mse_loss-0.0003231, train_kl_loss-0.0204101, train_diff_loss-0.3222150, val_mse_loss-0.0003490, val_kl_loss-0.0217393, val_diff_loss-0.3378778
2025-03-20 14:37:46 - INFO - epoch-322, train_mse_loss-0.0003231, train_kl_loss-0.0213961, train_diff_loss-0.3273581, val_mse_loss-0.0003476, val_kl_loss-0.0191457, val_diff_loss-0.3430616
2025-03-20 14:42:07 - INFO - epoch-323, train_mse_loss-0.0003231, train_kl_loss-0.0197128, train_diff_loss-0.3165057, val_mse_loss-0.0003497, val_kl_loss-0.0206247, val_diff_loss-0.3097469
2025-03-20 14:46:28 - INFO - epoch-324, train_mse_loss-0.0003230, train_kl_loss-0.0209142, train_diff_loss-0.3280704, val_mse_loss-0.0003521, val_kl_loss-0.0206931, val_diff_loss-0.3283864
2025-03-20 14:50:49 - INFO - epoch-325, train_mse_loss-0.0003231, train_kl_loss-0.0205008, train_diff_loss-0.3240181, val_mse_loss-0.0003522, val_kl_loss-0.0209582, val_diff_loss-0.3244006
2025-03-20 14:55:11 - INFO - epoch-326, train_mse_loss-0.0003231, train_kl_loss-0.0205070, train_diff_loss-0.3215813, val_mse_loss-0.0003506, val_kl_loss-0.0205292, val_diff_loss-0.3196321
2025-03-20 14:59:32 - INFO - epoch-327, train_mse_loss-0.0003230, train_kl_loss-0.0203080, train_diff_loss-0.3233351, val_mse_loss-0.0003492, val_kl_loss-0.0197982, val_diff_loss-0.3199448
2025-03-20 15:03:54 - INFO - epoch-328, train_mse_loss-0.0003230, train_kl_loss-0.0205188, train_diff_loss-0.3239759, val_mse_loss-0.0003528, val_kl_loss-0.0200956, val_diff_loss-0.3292626
2025-03-20 15:08:15 - INFO - epoch-329, train_mse_loss-0.0003230, train_kl_loss-0.0200515, train_diff_loss-0.3200638, val_mse_loss-0.0003514, val_kl_loss-0.0203276, val_diff_loss-0.3135771
2025-03-20 15:12:37 - INFO - epoch-330, train_mse_loss-0.0003230, train_kl_loss-0.0198057, train_diff_loss-0.3179331, val_mse_loss-0.0003488, val_kl_loss-0.0201418, val_diff_loss-0.3138696
2025-03-20 15:16:58 - INFO - epoch-331, train_mse_loss-0.0003230, train_kl_loss-0.0206040, train_diff_loss-0.3230386, val_mse_loss-0.0003491, val_kl_loss-0.0203787, val_diff_loss-0.3384018
2025-03-20 15:21:20 - INFO - epoch-332, train_mse_loss-0.0003230, train_kl_loss-0.0202455, train_diff_loss-0.3174264, val_mse_loss-0.0003519, val_kl_loss-0.0199705, val_diff_loss-0.3104364
2025-03-20 15:25:42 - INFO - epoch-333, train_mse_loss-0.0003230, train_kl_loss-0.0207836, train_diff_loss-0.3242120, val_mse_loss-0.0003528, val_kl_loss-0.0211802, val_diff_loss-0.3184218
2025-03-20 15:30:03 - INFO - epoch-334, train_mse_loss-0.0003230, train_kl_loss-0.0204737, train_diff_loss-0.3260957, val_mse_loss-0.0003524, val_kl_loss-0.0212865, val_diff_loss-0.3048028
2025-03-20 15:34:24 - INFO - epoch-335, train_mse_loss-0.0003230, train_kl_loss-0.0209311, train_diff_loss-0.3277139, val_mse_loss-0.0003499, val_kl_loss-0.0211534, val_diff_loss-0.3103147
2025-03-20 15:38:45 - INFO - epoch-336, train_mse_loss-0.0003230, train_kl_loss-0.0203302, train_diff_loss-0.3209474, val_mse_loss-0.0003509, val_kl_loss-0.0204940, val_diff_loss-0.3155512
2025-03-20 15:43:07 - INFO - epoch-337, train_mse_loss-0.0003230, train_kl_loss-0.0200578, train_diff_loss-0.3219322, val_mse_loss-0.0003519, val_kl_loss-0.0212917, val_diff_loss-0.3218183
2025-03-20 15:47:29 - INFO - epoch-338, train_mse_loss-0.0003230, train_kl_loss-0.0201487, train_diff_loss-0.3194534, val_mse_loss-0.0003540, val_kl_loss-0.0205405, val_diff_loss-0.3135866
2025-03-20 15:51:51 - INFO - epoch-339, train_mse_loss-0.0003230, train_kl_loss-0.0208840, train_diff_loss-0.3251183, val_mse_loss-0.0003541, val_kl_loss-0.0199206, val_diff_loss-0.3268968
2025-03-20 15:56:11 - INFO - epoch-340, train_mse_loss-0.0003230, train_kl_loss-0.0202732, train_diff_loss-0.3207282, val_mse_loss-0.0003543, val_kl_loss-0.0200848, val_diff_loss-0.3305052
2025-03-20 16:00:33 - INFO - epoch-341, train_mse_loss-0.0003230, train_kl_loss-0.0199168, train_diff_loss-0.3198455, val_mse_loss-0.0003573, val_kl_loss-0.0217569, val_diff_loss-0.3098874
2025-03-20 16:04:54 - INFO - epoch-342, train_mse_loss-0.0003230, train_kl_loss-0.0206521, train_diff_loss-0.3195854, val_mse_loss-0.0003530, val_kl_loss-0.0208193, val_diff_loss-0.3344134
2025-03-20 16:09:15 - INFO - epoch-343, train_mse_loss-0.0003230, train_kl_loss-0.0200843, train_diff_loss-0.3190866, val_mse_loss-0.0003539, val_kl_loss-0.0208416, val_diff_loss-0.3238888
2025-03-20 16:13:37 - INFO - epoch-344, train_mse_loss-0.0003230, train_kl_loss-0.0205496, train_diff_loss-0.3239500, val_mse_loss-0.0003555, val_kl_loss-0.0199238, val_diff_loss-0.3144972
2025-03-20 16:17:57 - INFO - epoch-345, train_mse_loss-0.0003230, train_kl_loss-0.0204638, train_diff_loss-0.3211487, val_mse_loss-0.0003550, val_kl_loss-0.0225376, val_diff_loss-0.3266870
2025-03-20 16:22:19 - INFO - epoch-346, train_mse_loss-0.0003230, train_kl_loss-0.0204257, train_diff_loss-0.3192570, val_mse_loss-0.0003545, val_kl_loss-0.0210450, val_diff_loss-0.3244480
2025-03-20 16:26:39 - INFO - epoch-347, train_mse_loss-0.0003231, train_kl_loss-0.0207178, train_diff_loss-0.3234435, val_mse_loss-0.0003567, val_kl_loss-0.0202060, val_diff_loss-0.3191377
2025-03-20 16:31:00 - INFO - epoch-348, train_mse_loss-0.0003231, train_kl_loss-0.0207052, train_diff_loss-0.3232113, val_mse_loss-0.0003555, val_kl_loss-0.0196337, val_diff_loss-0.3208884
2025-03-20 16:35:22 - INFO - epoch-349, train_mse_loss-0.0003231, train_kl_loss-0.0201233, train_diff_loss-0.3210574, val_mse_loss-0.0003537, val_kl_loss-0.0194293, val_diff_loss-0.3276612
2025-03-20 16:39:42 - INFO - epoch-350, train_mse_loss-0.0003231, train_kl_loss-0.0206546, train_diff_loss-0.3228607, val_mse_loss-0.0003525, val_kl_loss-0.0200352, val_diff_loss-0.3210876
2025-03-20 16:44:02 - INFO - epoch-351, train_mse_loss-0.0003231, train_kl_loss-0.0207041, train_diff_loss-0.3260737, val_mse_loss-0.0003529, val_kl_loss-0.0208666, val_diff_loss-0.3145694
2025-03-20 16:48:22 - INFO - epoch-352, train_mse_loss-0.0003231, train_kl_loss-0.0212011, train_diff_loss-0.3301550, val_mse_loss-0.0003562, val_kl_loss-0.0210680, val_diff_loss-0.3315429
2025-03-20 16:52:43 - INFO - epoch-353, train_mse_loss-0.0003231, train_kl_loss-0.0202750, train_diff_loss-0.3239485, val_mse_loss-0.0003548, val_kl_loss-0.0214117, val_diff_loss-0.3348002
2025-03-20 16:57:02 - INFO - epoch-354, train_mse_loss-0.0003231, train_kl_loss-0.0201737, train_diff_loss-0.3213083, val_mse_loss-0.0003541, val_kl_loss-0.0200769, val_diff_loss-0.3182626
2025-03-20 17:01:22 - INFO - epoch-355, train_mse_loss-0.0003231, train_kl_loss-0.0204584, train_diff_loss-0.3228766, val_mse_loss-0.0003536, val_kl_loss-0.0212971, val_diff_loss-0.3197363
2025-03-20 17:05:43 - INFO - epoch-356, train_mse_loss-0.0003231, train_kl_loss-0.0200240, train_diff_loss-0.3167687, val_mse_loss-0.0003524, val_kl_loss-0.0210414, val_diff_loss-0.3326364
2025-03-20 17:10:03 - INFO - epoch-357, train_mse_loss-0.0003231, train_kl_loss-0.0204326, train_diff_loss-0.3220721, val_mse_loss-0.0003556, val_kl_loss-0.0197952, val_diff_loss-0.3313668
2025-03-20 17:14:24 - INFO - epoch-358, train_mse_loss-0.0003231, train_kl_loss-0.0200417, train_diff_loss-0.3174019, val_mse_loss-0.0003542, val_kl_loss-0.0203501, val_diff_loss-0.3391652
2025-03-20 17:18:45 - INFO - epoch-359, train_mse_loss-0.0003231, train_kl_loss-0.0202755, train_diff_loss-0.3231246, val_mse_loss-0.0003529, val_kl_loss-0.0195154, val_diff_loss-0.3223533
2025-03-20 17:23:06 - INFO - epoch-360, train_mse_loss-0.0003231, train_kl_loss-0.0207147, train_diff_loss-0.3204902, val_mse_loss-0.0003543, val_kl_loss-0.0189067, val_diff_loss-0.3241913
2025-03-20 17:27:28 - INFO - epoch-361, train_mse_loss-0.0003231, train_kl_loss-0.0204945, train_diff_loss-0.3229127, val_mse_loss-0.0003540, val_kl_loss-0.0209459, val_diff_loss-0.3214876
2025-03-20 17:31:52 - INFO - epoch-362, train_mse_loss-0.0003231, train_kl_loss-0.0202065, train_diff_loss-0.3194531, val_mse_loss-0.0003534, val_kl_loss-0.0200968, val_diff_loss-0.3230935
2025-03-20 17:36:13 - INFO - epoch-363, train_mse_loss-0.0003231, train_kl_loss-0.0204922, train_diff_loss-0.3229732, val_mse_loss-0.0003538, val_kl_loss-0.0218580, val_diff_loss-0.3218008
2025-03-20 17:40:38 - INFO - epoch-364, train_mse_loss-0.0003231, train_kl_loss-0.0212483, train_diff_loss-0.3317610, val_mse_loss-0.0003554, val_kl_loss-0.0213110, val_diff_loss-0.3145175
2025-03-20 17:45:00 - INFO - epoch-365, train_mse_loss-0.0003231, train_kl_loss-0.0211116, train_diff_loss-0.3276285, val_mse_loss-0.0003529, val_kl_loss-0.0215209, val_diff_loss-0.3223225
2025-03-20 17:49:21 - INFO - epoch-366, train_mse_loss-0.0003231, train_kl_loss-0.0202637, train_diff_loss-0.3222123, val_mse_loss-0.0003536, val_kl_loss-0.0199955, val_diff_loss-0.3013525
2025-03-20 17:53:42 - INFO - epoch-367, train_mse_loss-0.0003231, train_kl_loss-0.0205999, train_diff_loss-0.3300585, val_mse_loss-0.0003529, val_kl_loss-0.0154236, val_diff_loss-0.3228671
2025-03-20 17:58:04 - INFO - epoch-368, train_mse_loss-0.0003231, train_kl_loss-0.0206735, train_diff_loss-0.3255198, val_mse_loss-0.0003535, val_kl_loss-0.0214929, val_diff_loss-0.3268315
2025-03-20 18:02:24 - INFO - epoch-369, train_mse_loss-0.0003231, train_kl_loss-0.0204538, train_diff_loss-0.3188887, val_mse_loss-0.0003543, val_kl_loss-0.0198063, val_diff_loss-0.3265552
2025-03-20 18:06:46 - INFO - epoch-370, train_mse_loss-0.0003231, train_kl_loss-0.0198625, train_diff_loss-0.3164021, val_mse_loss-0.0003532, val_kl_loss-0.0193763, val_diff_loss-0.3160211
2025-03-20 18:11:07 - INFO - epoch-371, train_mse_loss-0.0003231, train_kl_loss-0.0197047, train_diff_loss-0.3191642, val_mse_loss-0.0003516, val_kl_loss-0.0219791, val_diff_loss-0.3306739
2025-03-20 18:15:28 - INFO - epoch-372, train_mse_loss-0.0003231, train_kl_loss-0.0205629, train_diff_loss-0.3207804, val_mse_loss-0.0003534, val_kl_loss-0.0216999, val_diff_loss-0.3253593
2025-03-20 18:19:47 - INFO - epoch-373, train_mse_loss-0.0003231, train_kl_loss-0.0202528, train_diff_loss-0.3177370, val_mse_loss-0.0003518, val_kl_loss-0.0226856, val_diff_loss-0.3029019
2025-03-20 18:24:06 - INFO - epoch-374, train_mse_loss-0.0003231, train_kl_loss-0.0206277, train_diff_loss-0.3198118, val_mse_loss-0.0003549, val_kl_loss-0.0205570, val_diff_loss-0.3226160
2025-03-20 18:28:27 - INFO - epoch-375, train_mse_loss-0.0003231, train_kl_loss-0.0208423, train_diff_loss-0.3231681, val_mse_loss-0.0003526, val_kl_loss-0.0210229, val_diff_loss-0.3255041
2025-03-20 18:32:47 - INFO - epoch-376, train_mse_loss-0.0003231, train_kl_loss-0.0210336, train_diff_loss-0.3269483, val_mse_loss-0.0003518, val_kl_loss-0.0221852, val_diff_loss-0.3217297
2025-03-20 18:37:06 - INFO - epoch-377, train_mse_loss-0.0003231, train_kl_loss-0.0206599, train_diff_loss-0.3217071, val_mse_loss-0.0003521, val_kl_loss-0.0204593, val_diff_loss-0.3303928
2025-03-20 18:41:25 - INFO - epoch-378, train_mse_loss-0.0003231, train_kl_loss-0.0209724, train_diff_loss-0.3266824, val_mse_loss-0.0003521, val_kl_loss-0.0206469, val_diff_loss-0.3221794
2025-03-20 18:45:44 - INFO - epoch-379, train_mse_loss-0.0003231, train_kl_loss-0.0197436, train_diff_loss-0.3169579, val_mse_loss-0.0003540, val_kl_loss-0.0209677, val_diff_loss-0.3410296
2025-03-20 18:50:03 - INFO - epoch-380, train_mse_loss-0.0003231, train_kl_loss-0.0200843, train_diff_loss-0.3172321, val_mse_loss-0.0003518, val_kl_loss-0.0194631, val_diff_loss-0.3098762
2025-03-20 18:54:22 - INFO - epoch-381, train_mse_loss-0.0003231, train_kl_loss-0.0204525, train_diff_loss-0.3212189, val_mse_loss-0.0003552, val_kl_loss-0.0209608, val_diff_loss-0.3162617
2025-03-20 18:58:41 - INFO - epoch-382, train_mse_loss-0.0003231, train_kl_loss-0.0202400, train_diff_loss-0.3212575, val_mse_loss-0.0003523, val_kl_loss-0.0212598, val_diff_loss-0.3350833
2025-03-20 19:03:00 - INFO - epoch-383, train_mse_loss-0.0003231, train_kl_loss-0.0201452, train_diff_loss-0.3178167, val_mse_loss-0.0003546, val_kl_loss-0.0212606, val_diff_loss-0.3312682
2025-03-20 19:07:20 - INFO - epoch-384, train_mse_loss-0.0003231, train_kl_loss-0.0210913, train_diff_loss-0.3253217, val_mse_loss-0.0003516, val_kl_loss-0.0208416, val_diff_loss-0.3117437
2025-03-20 19:11:39 - INFO - epoch-385, train_mse_loss-0.0003231, train_kl_loss-0.0199080, train_diff_loss-0.3171387, val_mse_loss-0.0003539, val_kl_loss-0.0207569, val_diff_loss-0.3335225
2025-03-20 19:15:59 - INFO - epoch-386, train_mse_loss-0.0003231, train_kl_loss-0.0207381, train_diff_loss-0.3231725, val_mse_loss-0.0003522, val_kl_loss-0.0212928, val_diff_loss-0.3162627
2025-03-20 19:20:17 - INFO - epoch-387, train_mse_loss-0.0003231, train_kl_loss-0.0201472, train_diff_loss-0.3169372, val_mse_loss-0.0003516, val_kl_loss-0.0193912, val_diff_loss-0.3152977
2025-03-20 19:24:36 - INFO - epoch-388, train_mse_loss-0.0003231, train_kl_loss-0.0206359, train_diff_loss-0.3252673, val_mse_loss-0.0003518, val_kl_loss-0.0216166, val_diff_loss-0.3175238
2025-03-20 19:28:56 - INFO - epoch-389, train_mse_loss-0.0003231, train_kl_loss-0.0209686, train_diff_loss-0.3279447, val_mse_loss-0.0003521, val_kl_loss-0.0206859, val_diff_loss-0.3372514
2025-03-20 19:33:17 - INFO - epoch-390, train_mse_loss-0.0003231, train_kl_loss-0.0208388, train_diff_loss-0.3251357, val_mse_loss-0.0003428, val_kl_loss-0.0208854, val_diff_loss-0.3045351
2025-03-20 19:37:38 - INFO - epoch-391, train_mse_loss-0.0003231, train_kl_loss-0.0206767, train_diff_loss-0.3234785, val_mse_loss-0.0003516, val_kl_loss-0.0200134, val_diff_loss-0.3183179
2025-03-20 19:41:58 - INFO - epoch-392, train_mse_loss-0.0003231, train_kl_loss-0.0209645, train_diff_loss-0.3271380, val_mse_loss-0.0003515, val_kl_loss-0.0210547, val_diff_loss-0.3026959
2025-03-20 19:46:17 - INFO - epoch-393, train_mse_loss-0.0003231, train_kl_loss-0.0204513, train_diff_loss-0.3216434, val_mse_loss-0.0003512, val_kl_loss-0.0211153, val_diff_loss-0.3285669
2025-03-20 19:50:35 - INFO - epoch-394, train_mse_loss-0.0003231, train_kl_loss-0.0207887, train_diff_loss-0.3267984, val_mse_loss-0.0003526, val_kl_loss-0.0214619, val_diff_loss-0.3336195
2025-03-20 19:54:53 - INFO - epoch-395, train_mse_loss-0.0003231, train_kl_loss-0.0207692, train_diff_loss-0.3229489, val_mse_loss-0.0003544, val_kl_loss-0.0203714, val_diff_loss-0.3299777
2025-03-20 19:59:12 - INFO - epoch-396, train_mse_loss-0.0003231, train_kl_loss-0.0203897, train_diff_loss-0.3228764, val_mse_loss-0.0003532, val_kl_loss-0.0200717, val_diff_loss-0.3266638
2025-03-20 20:03:31 - INFO - epoch-397, train_mse_loss-0.0003231, train_kl_loss-0.0205206, train_diff_loss-0.3183122, val_mse_loss-0.0003513, val_kl_loss-0.0193930, val_diff_loss-0.3084891
2025-03-20 20:07:50 - INFO - epoch-398, train_mse_loss-0.0003231, train_kl_loss-0.0203277, train_diff_loss-0.3207690, val_mse_loss-0.0003527, val_kl_loss-0.0211499, val_diff_loss-0.3210358
2025-03-20 20:12:08 - INFO - epoch-399, train_mse_loss-0.0003231, train_kl_loss-0.0208527, train_diff_loss-0.3221634, val_mse_loss-0.0003554, val_kl_loss-0.0183983, val_diff_loss-0.3218139
2025-03-20 20:16:28 - INFO - epoch-400, train_mse_loss-0.0003231, train_kl_loss-0.0203164, train_diff_loss-0.3225100, val_mse_loss-0.0003524, val_kl_loss-0.0215763, val_diff_loss-0.3356462
2025-03-20 20:20:46 - INFO - epoch-401, train_mse_loss-0.0003231, train_kl_loss-0.0207404, train_diff_loss-0.3243596, val_mse_loss-0.0003549, val_kl_loss-0.0215087, val_diff_loss-0.3152803
2025-03-20 20:25:07 - INFO - epoch-402, train_mse_loss-0.0003231, train_kl_loss-0.0205162, train_diff_loss-0.3212398, val_mse_loss-0.0003526, val_kl_loss-0.0209251, val_diff_loss-0.3061213
2025-03-20 20:29:25 - INFO - epoch-403, train_mse_loss-0.0003231, train_kl_loss-0.0208493, train_diff_loss-0.3226071, val_mse_loss-0.0003519, val_kl_loss-0.0206695, val_diff_loss-0.3317134
2025-03-20 20:33:43 - INFO - epoch-404, train_mse_loss-0.0003231, train_kl_loss-0.0201486, train_diff_loss-0.3180871, val_mse_loss-0.0003513, val_kl_loss-0.0197820, val_diff_loss-0.3146461
2025-03-20 20:38:02 - INFO - epoch-405, train_mse_loss-0.0003231, train_kl_loss-0.0199974, train_diff_loss-0.3200597, val_mse_loss-0.0003544, val_kl_loss-0.0192922, val_diff_loss-0.3264742
2025-03-20 20:42:21 - INFO - epoch-406, train_mse_loss-0.0003231, train_kl_loss-0.0202378, train_diff_loss-0.3192417, val_mse_loss-0.0003501, val_kl_loss-0.0201833, val_diff_loss-0.3251650
2025-03-20 20:46:40 - INFO - epoch-407, train_mse_loss-0.0003231, train_kl_loss-0.0211310, train_diff_loss-0.3298949, val_mse_loss-0.0003522, val_kl_loss-0.0218569, val_diff_loss-0.3346060
2025-03-20 20:50:58 - INFO - epoch-408, train_mse_loss-0.0003231, train_kl_loss-0.0201025, train_diff_loss-0.3225424, val_mse_loss-0.0003527, val_kl_loss-0.0206114, val_diff_loss-0.3115841
2025-03-20 20:55:17 - INFO - epoch-409, train_mse_loss-0.0003231, train_kl_loss-0.0207427, train_diff_loss-0.3252938, val_mse_loss-0.0003515, val_kl_loss-0.0214506, val_diff_loss-0.3150592
2025-03-20 20:59:36 - INFO - epoch-410, train_mse_loss-0.0003231, train_kl_loss-0.0208767, train_diff_loss-0.3232234, val_mse_loss-0.0003478, val_kl_loss-0.0196514, val_diff_loss-0.3286742
2025-03-20 21:03:54 - INFO - epoch-411, train_mse_loss-0.0003231, train_kl_loss-0.0200095, train_diff_loss-0.3226429, val_mse_loss-0.0003513, val_kl_loss-0.0208845, val_diff_loss-0.3432931
2025-03-20 21:08:13 - INFO - epoch-412, train_mse_loss-0.0003231, train_kl_loss-0.0205702, train_diff_loss-0.3208856, val_mse_loss-0.0003528, val_kl_loss-0.0217003, val_diff_loss-0.3100582
2025-03-20 21:12:31 - INFO - epoch-413, train_mse_loss-0.0003231, train_kl_loss-0.0208596, train_diff_loss-0.3266347, val_mse_loss-0.0003530, val_kl_loss-0.0207094, val_diff_loss-0.3194396
2025-03-20 21:16:50 - INFO - epoch-414, train_mse_loss-0.0003231, train_kl_loss-0.0210528, train_diff_loss-0.3259488, val_mse_loss-0.0003526, val_kl_loss-0.0202050, val_diff_loss-0.3088169
2025-03-20 21:21:08 - INFO - epoch-415, train_mse_loss-0.0003231, train_kl_loss-0.0202942, train_diff_loss-0.3221384, val_mse_loss-0.0003520, val_kl_loss-0.0209828, val_diff_loss-0.3234283
2025-03-20 21:25:27 - INFO - epoch-416, train_mse_loss-0.0003231, train_kl_loss-0.0202808, train_diff_loss-0.3231736, val_mse_loss-0.0003549, val_kl_loss-0.0210048, val_diff_loss-0.3269399
2025-03-20 21:29:45 - INFO - epoch-417, train_mse_loss-0.0003231, train_kl_loss-0.0204874, train_diff_loss-0.3222547, val_mse_loss-0.0003522, val_kl_loss-0.0213549, val_diff_loss-0.2979059
2025-03-20 21:34:04 - INFO - epoch-418, train_mse_loss-0.0003231, train_kl_loss-0.0209781, train_diff_loss-0.3249565, val_mse_loss-0.0003545, val_kl_loss-0.0211267, val_diff_loss-0.3265992
2025-03-20 21:38:22 - INFO - epoch-419, train_mse_loss-0.0003231, train_kl_loss-0.0207583, train_diff_loss-0.3241592, val_mse_loss-0.0003453, val_kl_loss-0.0201092, val_diff_loss-0.3322234
2025-03-20 21:42:40 - INFO - epoch-420, train_mse_loss-0.0003231, train_kl_loss-0.0202529, train_diff_loss-0.3197659, val_mse_loss-0.0003500, val_kl_loss-0.0192580, val_diff_loss-0.3229547
2025-03-20 21:46:59 - INFO - epoch-421, train_mse_loss-0.0003231, train_kl_loss-0.0201950, train_diff_loss-0.3224807, val_mse_loss-0.0003540, val_kl_loss-0.0205563, val_diff_loss-0.3247520
2025-03-20 21:51:17 - INFO - epoch-422, train_mse_loss-0.0003231, train_kl_loss-0.0207501, train_diff_loss-0.3266530, val_mse_loss-0.0003514, val_kl_loss-0.0208017, val_diff_loss-0.3190121
2025-03-20 21:55:34 - INFO - epoch-423, train_mse_loss-0.0003231, train_kl_loss-0.0200703, train_diff_loss-0.3199550, val_mse_loss-0.0003518, val_kl_loss-0.0197560, val_diff_loss-0.3435145
2025-03-20 21:59:52 - INFO - epoch-424, train_mse_loss-0.0003231, train_kl_loss-0.0211933, train_diff_loss-0.3242974, val_mse_loss-0.0003533, val_kl_loss-0.0202802, val_diff_loss-0.3151106
2025-03-20 22:04:11 - INFO - epoch-425, train_mse_loss-0.0003231, train_kl_loss-0.0203538, train_diff_loss-0.3226296, val_mse_loss-0.0003503, val_kl_loss-0.0214422, val_diff_loss-0.3208744
2025-03-20 22:08:30 - INFO - epoch-426, train_mse_loss-0.0003231, train_kl_loss-0.0203362, train_diff_loss-0.3184301, val_mse_loss-0.0003517, val_kl_loss-0.0201857, val_diff_loss-0.3156109
2025-03-20 22:12:48 - INFO - epoch-427, train_mse_loss-0.0003231, train_kl_loss-0.0200848, train_diff_loss-0.3181717, val_mse_loss-0.0003500, val_kl_loss-0.0202970, val_diff_loss-0.3113034
2025-03-20 22:17:06 - INFO - epoch-428, train_mse_loss-0.0003231, train_kl_loss-0.0207171, train_diff_loss-0.3250043, val_mse_loss-0.0003518, val_kl_loss-0.0211777, val_diff_loss-0.3094513
2025-03-20 22:21:26 - INFO - epoch-429, train_mse_loss-0.0003231, train_kl_loss-0.0204262, train_diff_loss-0.3208481, val_mse_loss-0.0003516, val_kl_loss-0.0204451, val_diff_loss-0.3315584
2025-03-20 22:25:45 - INFO - epoch-430, train_mse_loss-0.0003231, train_kl_loss-0.0211491, train_diff_loss-0.3314452, val_mse_loss-0.0003523, val_kl_loss-0.0206887, val_diff_loss-0.3200409
2025-03-20 22:30:03 - INFO - epoch-431, train_mse_loss-0.0003231, train_kl_loss-0.0205207, train_diff_loss-0.3241856, val_mse_loss-0.0003526, val_kl_loss-0.0203564, val_diff_loss-0.3042792
2025-03-20 22:34:22 - INFO - epoch-432, train_mse_loss-0.0003231, train_kl_loss-0.0205657, train_diff_loss-0.3225495, val_mse_loss-0.0003496, val_kl_loss-0.0196355, val_diff_loss-0.3088293
2025-03-20 22:38:40 - INFO - epoch-433, train_mse_loss-0.0003231, train_kl_loss-0.0199932, train_diff_loss-0.3181830, val_mse_loss-0.0003516, val_kl_loss-0.0200990, val_diff_loss-0.3243857
2025-03-20 22:42:58 - INFO - epoch-434, train_mse_loss-0.0003231, train_kl_loss-0.0199972, train_diff_loss-0.3160566, val_mse_loss-0.0003520, val_kl_loss-0.0204862, val_diff_loss-0.3295106
2025-03-20 22:47:18 - INFO - epoch-435, train_mse_loss-0.0003231, train_kl_loss-0.0201664, train_diff_loss-0.3198630, val_mse_loss-0.0003516, val_kl_loss-0.0203130, val_diff_loss-0.3446432
2025-03-20 22:51:36 - INFO - epoch-436, train_mse_loss-0.0003231, train_kl_loss-0.0209183, train_diff_loss-0.3245859, val_mse_loss-0.0003514, val_kl_loss-0.0209125, val_diff_loss-0.3122460
2025-03-20 22:55:54 - INFO - epoch-437, train_mse_loss-0.0003231, train_kl_loss-0.0202539, train_diff_loss-0.3180559, val_mse_loss-0.0003548, val_kl_loss-0.0208672, val_diff_loss-0.3315263
2025-03-20 23:00:12 - INFO - epoch-438, train_mse_loss-0.0003231, train_kl_loss-0.0206230, train_diff_loss-0.3221892, val_mse_loss-0.0003506, val_kl_loss-0.0209394, val_diff_loss-0.3210777
2025-03-20 23:04:32 - INFO - epoch-439, train_mse_loss-0.0003231, train_kl_loss-0.0206156, train_diff_loss-0.3225841, val_mse_loss-0.0003520, val_kl_loss-0.0211838, val_diff_loss-0.3195599
2025-03-20 23:08:51 - INFO - epoch-440, train_mse_loss-0.0003231, train_kl_loss-0.0207876, train_diff_loss-0.3251732, val_mse_loss-0.0003522, val_kl_loss-0.0211065, val_diff_loss-0.3184644
2025-03-20 23:13:09 - INFO - epoch-441, train_mse_loss-0.0003231, train_kl_loss-0.0210658, train_diff_loss-0.3264289, val_mse_loss-0.0003513, val_kl_loss-0.0204211, val_diff_loss-0.3215078
2025-03-20 23:17:28 - INFO - epoch-442, train_mse_loss-0.0003231, train_kl_loss-0.0210962, train_diff_loss-0.3309108, val_mse_loss-0.0003526, val_kl_loss-0.0198598, val_diff_loss-0.3204263
2025-03-20 23:21:46 - INFO - epoch-443, train_mse_loss-0.0003231, train_kl_loss-0.0205453, train_diff_loss-0.3235009, val_mse_loss-0.0003490, val_kl_loss-0.0204996, val_diff_loss-0.3437736
2025-03-20 23:26:04 - INFO - epoch-444, train_mse_loss-0.0003231, train_kl_loss-0.0205719, train_diff_loss-0.3251840, val_mse_loss-0.0003520, val_kl_loss-0.0221790, val_diff_loss-0.3257982
2025-03-20 23:30:24 - INFO - epoch-445, train_mse_loss-0.0003231, train_kl_loss-0.0204709, train_diff_loss-0.3218214, val_mse_loss-0.0003512, val_kl_loss-0.0199197, val_diff_loss-0.3150793
2025-03-20 23:34:44 - INFO - epoch-446, train_mse_loss-0.0003231, train_kl_loss-0.0205018, train_diff_loss-0.3228330, val_mse_loss-0.0003518, val_kl_loss-0.0210000, val_diff_loss-0.3328084
2025-03-20 23:39:02 - INFO - epoch-447, train_mse_loss-0.0003231, train_kl_loss-0.0211640, train_diff_loss-0.3314927, val_mse_loss-0.0003505, val_kl_loss-0.0217537, val_diff_loss-0.3128623
2025-03-20 23:43:21 - INFO - epoch-448, train_mse_loss-0.0003231, train_kl_loss-0.0202708, train_diff_loss-0.3229013, val_mse_loss-0.0003518, val_kl_loss-0.0212757, val_diff_loss-0.3076280
2025-03-20 23:47:39 - INFO - epoch-449, train_mse_loss-0.0003231, train_kl_loss-0.0204772, train_diff_loss-0.3210944, val_mse_loss-0.0003508, val_kl_loss-0.0215988, val_diff_loss-0.3085697
2025-03-20 23:51:58 - INFO - epoch-450, train_mse_loss-0.0003231, train_kl_loss-0.0206789, train_diff_loss-0.3221489, val_mse_loss-0.0003533, val_kl_loss-0.0213949, val_diff_loss-0.3089666
2025-03-20 23:56:19 - INFO - epoch-451, train_mse_loss-0.0003231, train_kl_loss-0.0202869, train_diff_loss-0.3215930, val_mse_loss-0.0003517, val_kl_loss-0.0202365, val_diff_loss-0.3226983
2025-03-21 00:00:39 - INFO - epoch-452, train_mse_loss-0.0003231, train_kl_loss-0.0203616, train_diff_loss-0.3244081, val_mse_loss-0.0003529, val_kl_loss-0.0226252, val_diff_loss-0.3245758
2025-03-21 00:04:59 - INFO - epoch-453, train_mse_loss-0.0003231, train_kl_loss-0.0205641, train_diff_loss-0.3232421, val_mse_loss-0.0003515, val_kl_loss-0.0213795, val_diff_loss-0.3299344
2025-03-21 00:09:18 - INFO - epoch-454, train_mse_loss-0.0003231, train_kl_loss-0.0203475, train_diff_loss-0.3186232, val_mse_loss-0.0003513, val_kl_loss-0.0198950, val_diff_loss-0.3160484
2025-03-21 00:13:37 - INFO - epoch-455, train_mse_loss-0.0003231, train_kl_loss-0.0206886, train_diff_loss-0.3237108, val_mse_loss-0.0003535, val_kl_loss-0.0203764, val_diff_loss-0.3164324
2025-03-21 00:17:55 - INFO - epoch-456, train_mse_loss-0.0003231, train_kl_loss-0.0205978, train_diff_loss-0.3272165, val_mse_loss-0.0003510, val_kl_loss-0.0231169, val_diff_loss-0.3089001
2025-03-21 00:22:14 - INFO - epoch-457, train_mse_loss-0.0003231, train_kl_loss-0.0206154, train_diff_loss-0.3219342, val_mse_loss-0.0003516, val_kl_loss-0.0204273, val_diff_loss-0.3219113
2025-03-21 00:26:32 - INFO - epoch-458, train_mse_loss-0.0003231, train_kl_loss-0.0210775, train_diff_loss-0.3283754, val_mse_loss-0.0003497, val_kl_loss-0.0220940, val_diff_loss-0.3217642
2025-03-21 00:30:51 - INFO - epoch-459, train_mse_loss-0.0003231, train_kl_loss-0.0203045, train_diff_loss-0.3195306, val_mse_loss-0.0003396, val_kl_loss-0.0184249, val_diff_loss-0.3196511
2025-03-21 00:35:09 - INFO - epoch-460, train_mse_loss-0.0003231, train_kl_loss-0.0202798, train_diff_loss-0.3220782, val_mse_loss-0.0003507, val_kl_loss-0.0207754, val_diff_loss-0.3275489
2025-03-21 00:39:26 - INFO - epoch-461, train_mse_loss-0.0003231, train_kl_loss-0.0204678, train_diff_loss-0.3237807, val_mse_loss-0.0003535, val_kl_loss-0.0206908, val_diff_loss-0.3205201
2025-03-21 00:43:45 - INFO - epoch-462, train_mse_loss-0.0003231, train_kl_loss-0.0207833, train_diff_loss-0.3238798, val_mse_loss-0.0003527, val_kl_loss-0.0213799, val_diff_loss-0.3268377
2025-03-21 00:48:03 - INFO - epoch-463, train_mse_loss-0.0003231, train_kl_loss-0.0205838, train_diff_loss-0.3261680, val_mse_loss-0.0003534, val_kl_loss-0.0202119, val_diff_loss-0.3386187
2025-03-21 00:52:20 - INFO - epoch-464, train_mse_loss-0.0003231, train_kl_loss-0.0207784, train_diff_loss-0.3260540, val_mse_loss-0.0003523, val_kl_loss-0.0203366, val_diff_loss-0.3136910
2025-03-21 00:56:38 - INFO - epoch-465, train_mse_loss-0.0003231, train_kl_loss-0.0202814, train_diff_loss-0.3203251, val_mse_loss-0.0003527, val_kl_loss-0.0201005, val_diff_loss-0.3207122
2025-03-21 01:00:56 - INFO - epoch-466, train_mse_loss-0.0003231, train_kl_loss-0.0202200, train_diff_loss-0.3220619, val_mse_loss-0.0003536, val_kl_loss-0.0206511, val_diff_loss-0.3212216
2025-03-21 01:05:14 - INFO - epoch-467, train_mse_loss-0.0003231, train_kl_loss-0.0204130, train_diff_loss-0.3245782, val_mse_loss-0.0003503, val_kl_loss-0.0219047, val_diff_loss-0.3004137
2025-03-21 01:09:32 - INFO - epoch-468, train_mse_loss-0.0003231, train_kl_loss-0.0211363, train_diff_loss-0.3266496, val_mse_loss-0.0003499, val_kl_loss-0.0205408, val_diff_loss-0.3115242
2025-03-21 01:13:50 - INFO - epoch-469, train_mse_loss-0.0003231, train_kl_loss-0.0205487, train_diff_loss-0.3201480, val_mse_loss-0.0003529, val_kl_loss-0.0195546, val_diff_loss-0.3274784
2025-03-21 01:18:09 - INFO - epoch-470, train_mse_loss-0.0003231, train_kl_loss-0.0207399, train_diff_loss-0.3248755, val_mse_loss-0.0003534, val_kl_loss-0.0204546, val_diff_loss-0.3238461
2025-03-21 01:22:26 - INFO - epoch-471, train_mse_loss-0.0003231, train_kl_loss-0.0208214, train_diff_loss-0.3248978, val_mse_loss-0.0003561, val_kl_loss-0.0203637, val_diff_loss-0.3266378
2025-03-21 01:26:44 - INFO - epoch-472, train_mse_loss-0.0003231, train_kl_loss-0.0202610, train_diff_loss-0.3241932, val_mse_loss-0.0003516, val_kl_loss-0.0208185, val_diff_loss-0.3265906
2025-03-21 01:31:02 - INFO - epoch-473, train_mse_loss-0.0003231, train_kl_loss-0.0201735, train_diff_loss-0.3205022, val_mse_loss-0.0003530, val_kl_loss-0.0209962, val_diff_loss-0.3012939
2025-03-21 01:35:20 - INFO - epoch-474, train_mse_loss-0.0003231, train_kl_loss-0.0207731, train_diff_loss-0.3230992, val_mse_loss-0.0003551, val_kl_loss-0.0193160, val_diff_loss-0.3255529
2025-03-21 01:39:38 - INFO - epoch-475, train_mse_loss-0.0003231, train_kl_loss-0.0202004, train_diff_loss-0.3191167, val_mse_loss-0.0003558, val_kl_loss-0.0194695, val_diff_loss-0.3080244
2025-03-21 01:43:56 - INFO - epoch-476, train_mse_loss-0.0003231, train_kl_loss-0.0202056, train_diff_loss-0.3205903, val_mse_loss-0.0003515, val_kl_loss-0.0218274, val_diff_loss-0.3154426
2025-03-21 01:48:14 - INFO - epoch-477, train_mse_loss-0.0003231, train_kl_loss-0.0205499, train_diff_loss-0.3229603, val_mse_loss-0.0003431, val_kl_loss-0.0203919, val_diff_loss-0.3394375
2025-03-21 01:52:31 - INFO - epoch-478, train_mse_loss-0.0003231, train_kl_loss-0.0204849, train_diff_loss-0.3195597, val_mse_loss-0.0003549, val_kl_loss-0.0208510, val_diff_loss-0.3231701
2025-03-21 01:56:49 - INFO - epoch-479, train_mse_loss-0.0003230, train_kl_loss-0.0207759, train_diff_loss-0.3231213, val_mse_loss-0.0003559, val_kl_loss-0.0204138, val_diff_loss-0.3047939
2025-03-21 02:01:06 - INFO - epoch-480, train_mse_loss-0.0003231, train_kl_loss-0.0201093, train_diff_loss-0.3165177, val_mse_loss-0.0003540, val_kl_loss-0.0196433, val_diff_loss-0.3122699
2025-03-21 02:05:25 - INFO - epoch-481, train_mse_loss-0.0003231, train_kl_loss-0.0199898, train_diff_loss-0.3193517, val_mse_loss-0.0003550, val_kl_loss-0.0216626, val_diff_loss-0.3185176
2025-03-21 02:09:43 - INFO - epoch-482, train_mse_loss-0.0003231, train_kl_loss-0.0205011, train_diff_loss-0.3197223, val_mse_loss-0.0003539, val_kl_loss-0.0206370, val_diff_loss-0.3164826
2025-03-21 02:14:00 - INFO - epoch-483, train_mse_loss-0.0003231, train_kl_loss-0.0206514, train_diff_loss-0.3223231, val_mse_loss-0.0003550, val_kl_loss-0.0197048, val_diff_loss-0.3403245
2025-03-21 02:18:18 - INFO - epoch-484, train_mse_loss-0.0003231, train_kl_loss-0.0208317, train_diff_loss-0.3237097, val_mse_loss-0.0003547, val_kl_loss-0.0199096, val_diff_loss-0.3196550
2025-03-21 02:22:35 - INFO - epoch-485, train_mse_loss-0.0003231, train_kl_loss-0.0208896, train_diff_loss-0.3242810, val_mse_loss-0.0003569, val_kl_loss-0.0197546, val_diff_loss-0.3137236
2025-03-21 02:26:53 - INFO - epoch-486, train_mse_loss-0.0003231, train_kl_loss-0.0204649, train_diff_loss-0.3209730, val_mse_loss-0.0003590, val_kl_loss-0.0218068, val_diff_loss-0.3288004
2025-03-21 02:31:11 - INFO - epoch-487, train_mse_loss-0.0003231, train_kl_loss-0.0205729, train_diff_loss-0.3221894, val_mse_loss-0.0003584, val_kl_loss-0.0207557, val_diff_loss-0.3100607
2025-03-21 02:35:29 - INFO - epoch-488, train_mse_loss-0.0003231, train_kl_loss-0.0207952, train_diff_loss-0.3254449, val_mse_loss-0.0003591, val_kl_loss-0.0201888, val_diff_loss-0.3301401
2025-03-21 02:39:47 - INFO - epoch-489, train_mse_loss-0.0003231, train_kl_loss-0.0206565, train_diff_loss-0.3242225, val_mse_loss-0.0003619, val_kl_loss-0.0209848, val_diff_loss-0.3150099
2025-03-21 02:44:05 - INFO - epoch-490, train_mse_loss-0.0003231, train_kl_loss-0.0206724, train_diff_loss-0.3227687, val_mse_loss-0.0003578, val_kl_loss-0.0207631, val_diff_loss-0.3179117
2025-03-21 02:48:23 - INFO - epoch-491, train_mse_loss-0.0003231, train_kl_loss-0.0204625, train_diff_loss-0.3244694, val_mse_loss-0.0003584, val_kl_loss-0.0217709, val_diff_loss-0.2979424
2025-03-21 02:52:41 - INFO - epoch-492, train_mse_loss-0.0003231, train_kl_loss-0.0211473, train_diff_loss-0.3274375, val_mse_loss-0.0003585, val_kl_loss-0.0226295, val_diff_loss-0.3226309
2025-03-21 02:56:59 - INFO - epoch-493, train_mse_loss-0.0003231, train_kl_loss-0.0202525, train_diff_loss-0.3167793, val_mse_loss-0.0003578, val_kl_loss-0.0205790, val_diff_loss-0.3313355
2025-03-21 03:01:17 - INFO - epoch-494, train_mse_loss-0.0003231, train_kl_loss-0.0201857, train_diff_loss-0.3222115, val_mse_loss-0.0003558, val_kl_loss-0.0211591, val_diff_loss-0.3013962
2025-03-21 03:05:35 - INFO - epoch-495, train_mse_loss-0.0003231, train_kl_loss-0.0205044, train_diff_loss-0.3214725, val_mse_loss-0.0003563, val_kl_loss-0.0208977, val_diff_loss-0.3265256
2025-03-21 03:09:53 - INFO - epoch-496, train_mse_loss-0.0003231, train_kl_loss-0.0203752, train_diff_loss-0.3223524, val_mse_loss-0.0003562, val_kl_loss-0.0218312, val_diff_loss-0.3156997
2025-03-21 03:14:10 - INFO - epoch-497, train_mse_loss-0.0003231, train_kl_loss-0.0204944, train_diff_loss-0.3232768, val_mse_loss-0.0003571, val_kl_loss-0.0223015, val_diff_loss-0.2980674
2025-03-21 03:18:29 - INFO - epoch-498, train_mse_loss-0.0003231, train_kl_loss-0.0209543, train_diff_loss-0.3253027, val_mse_loss-0.0003546, val_kl_loss-0.0200219, val_diff_loss-0.3200097
2025-03-21 03:22:47 - INFO - epoch-499, train_mse_loss-0.0003231, train_kl_loss-0.0203498, train_diff_loss-0.3207915, val_mse_loss-0.0003549, val_kl_loss-0.0208562, val_diff_loss-0.3128764
=======
>>>>>>> 276e8a8d297e2d3032d43656c072e4505f40cf1d
