2024-12-21 04:08:23 - INFO - /mnt/cephfs/projects/2023110101_Ligand_fitting_to_EM_maps/My_Code/CryoLigate_Github/CryoLigate/GIGN/GIGN_EM/For_Elisei_Nov_2024/CryoLigate_GIGN_Unet/train_example.py
2024-12-21 04:08:23 - INFO - train data: 6809
2024-12-21 04:08:23 - INFO - valid data: 757
2024-12-21 04:08:39 - INFO - Initial_train_loss-0.0061706  Initial_val_loss-0.0061651
2024-12-21 04:09:12 - INFO - epoch-0, train_loss-0.0229749, val_loss-0.0085992
2024-12-21 04:09:45 - INFO - epoch-1, train_loss-0.0008536, val_loss-0.0082255
2024-12-21 04:10:17 - INFO - epoch-2, train_loss-0.0007542, val_loss-0.0076630
2024-12-21 04:10:50 - INFO - epoch-3, train_loss-0.0007180, val_loss-0.0070485
2024-12-21 04:11:23 - INFO - epoch-4, train_loss-0.0006995, val_loss-0.0064200
2024-12-21 04:11:56 - INFO - epoch-5, train_loss-0.0006883, val_loss-0.0058686
2024-12-21 04:12:28 - INFO - epoch-6, train_loss-0.0006807, val_loss-0.0054140
2024-12-21 04:13:02 - INFO - epoch-7, train_loss-0.0006754, val_loss-0.0050639
2024-12-21 04:13:35 - INFO - epoch-8, train_loss-0.0006715, val_loss-0.0047938
2024-12-21 04:14:07 - INFO - epoch-9, train_loss-0.0006685, val_loss-0.0045687
2024-12-21 04:14:39 - INFO - epoch-10, train_loss-0.0006660, val_loss-0.0043710
2024-12-21 04:15:12 - INFO - epoch-11, train_loss-0.0006640, val_loss-0.0041936
2024-12-21 04:15:45 - INFO - epoch-12, train_loss-0.0006622, val_loss-0.0040338
2024-12-21 04:16:17 - INFO - epoch-13, train_loss-0.0006608, val_loss-0.0038813
2024-12-21 04:16:50 - INFO - epoch-14, train_loss-0.0006596, val_loss-0.0037320
2024-12-21 04:17:23 - INFO - epoch-15, train_loss-0.0006586, val_loss-0.0036015
2024-12-21 04:17:56 - INFO - epoch-16, train_loss-0.0006577, val_loss-0.0034798
2024-12-21 04:18:29 - INFO - epoch-17, train_loss-0.0006569, val_loss-0.0033705
2024-12-21 04:19:01 - INFO - epoch-18, train_loss-0.0006562, val_loss-0.0032777
2024-12-21 04:19:35 - INFO - epoch-19, train_loss-0.0006556, val_loss-0.0032011
2024-12-21 04:20:07 - INFO - epoch-20, train_loss-0.0006551, val_loss-0.0031353
2024-12-21 04:20:40 - INFO - epoch-21, train_loss-0.0006546, val_loss-0.0030871
2024-12-21 04:21:13 - INFO - epoch-22, train_loss-0.0006543, val_loss-0.0030498
2024-12-21 04:21:46 - INFO - epoch-23, train_loss-0.0006539, val_loss-0.0030280
2024-12-21 04:22:18 - INFO - epoch-24, train_loss-0.0006536, val_loss-0.0030181
2024-12-21 04:22:51 - INFO - epoch-25, train_loss-0.0006533, val_loss-0.0030205
2024-12-21 04:23:23 - INFO - epoch-26, train_loss-0.0006530, val_loss-0.0030294
2024-12-21 04:23:56 - INFO - epoch-27, train_loss-0.0006527, val_loss-0.0030380
2024-12-21 04:24:29 - INFO - epoch-28, train_loss-0.0006524, val_loss-0.0030467
2024-12-21 04:25:01 - INFO - epoch-29, train_loss-0.0006521, val_loss-0.0030426
2024-12-21 04:25:34 - INFO - epoch-30, train_loss-0.0006519, val_loss-0.0030517
2024-12-21 04:26:06 - INFO - epoch-31, train_loss-0.0006516, val_loss-0.0030682
2024-12-21 04:26:39 - INFO - epoch-32, train_loss-0.0006513, val_loss-0.0030868
2024-12-21 04:27:11 - INFO - epoch-33, train_loss-0.0006510, val_loss-0.0031088
2024-12-21 04:27:44 - INFO - epoch-34, train_loss-0.0006508, val_loss-0.0031496
2024-12-21 04:28:17 - INFO - epoch-35, train_loss-0.0006507, val_loss-0.0032140
2024-12-21 04:28:49 - INFO - epoch-36, train_loss-0.0006506, val_loss-0.0033025
2024-12-21 04:29:22 - INFO - epoch-37, train_loss-0.0006505, val_loss-0.0034152
2024-12-21 04:29:55 - INFO - epoch-38, train_loss-0.0006503, val_loss-0.0034915
2024-12-21 04:30:28 - INFO - epoch-39, train_loss-0.0006502, val_loss-0.0036239
2024-12-21 04:31:01 - INFO - epoch-40, train_loss-0.0006499, val_loss-0.0037318
2024-12-21 04:31:34 - INFO - epoch-41, train_loss-0.0006498, val_loss-0.0038548
2024-12-21 04:32:07 - INFO - epoch-42, train_loss-0.0006495, val_loss-0.0040222
2024-12-21 04:32:39 - INFO - epoch-43, train_loss-0.0006493, val_loss-0.0041648
2024-12-21 04:33:11 - INFO - epoch-44, train_loss-0.0006491, val_loss-0.0043214
2024-12-21 04:33:44 - INFO - epoch-45, train_loss-0.0006488, val_loss-0.0044391
2024-12-21 04:34:17 - INFO - epoch-46, train_loss-0.0006486, val_loss-0.0045617
2024-12-21 04:34:49 - INFO - epoch-47, train_loss-0.0006484, val_loss-0.0047037
2024-12-21 04:35:22 - INFO - epoch-48, train_loss-0.0006484, val_loss-0.0048199
2024-12-21 04:35:54 - INFO - epoch-49, train_loss-0.0006482, val_loss-0.0049985
2024-12-21 04:36:27 - INFO - epoch-50, train_loss-0.0006479, val_loss-0.0051332
2024-12-21 04:37:00 - INFO - epoch-51, train_loss-0.0006477, val_loss-0.0052398
2024-12-21 04:37:33 - INFO - epoch-52, train_loss-0.0006475, val_loss-0.0053156
2024-12-21 04:38:06 - INFO - epoch-53, train_loss-0.0006473, val_loss-0.0053691
2024-12-21 04:38:38 - INFO - epoch-54, train_loss-0.0006472, val_loss-0.0053197
2024-12-21 04:39:11 - INFO - epoch-55, train_loss-0.0006468, val_loss-0.0053878
2024-12-21 04:39:44 - INFO - epoch-56, train_loss-0.0006459, val_loss-0.0053808
2024-12-21 04:40:16 - INFO - epoch-57, train_loss-0.0006455, val_loss-0.0052798
2024-12-21 04:40:49 - INFO - epoch-58, train_loss-0.0006452, val_loss-0.0052489
2024-12-21 04:41:21 - INFO - epoch-59, train_loss-0.0006454, val_loss-0.0052309
2024-12-21 04:41:54 - INFO - epoch-60, train_loss-0.0006446, val_loss-0.0052312
2024-12-21 04:42:26 - INFO - epoch-61, train_loss-0.0006444, val_loss-0.0053407
2024-12-21 04:42:59 - INFO - epoch-62, train_loss-0.0006442, val_loss-0.0052522
2024-12-21 04:43:31 - INFO - epoch-63, train_loss-0.0006440, val_loss-0.0052842
2024-12-21 04:44:04 - INFO - epoch-64, train_loss-0.0006435, val_loss-0.0052528
2024-12-21 04:44:37 - INFO - epoch-65, train_loss-0.0006431, val_loss-0.0051464
2024-12-21 04:45:09 - INFO - epoch-66, train_loss-0.0006429, val_loss-0.0050632
2024-12-21 04:45:42 - INFO - epoch-67, train_loss-0.0006429, val_loss-0.0049327
2024-12-21 04:46:14 - INFO - epoch-68, train_loss-0.0006427, val_loss-0.0047837
2024-12-21 04:46:48 - INFO - epoch-69, train_loss-0.0006426, val_loss-0.0046238
2024-12-21 04:47:20 - INFO - epoch-70, train_loss-0.0006417, val_loss-0.0044707
2024-12-21 04:47:53 - INFO - epoch-71, train_loss-0.0006411, val_loss-0.0042329
2024-12-21 04:48:25 - INFO - epoch-72, train_loss-0.0006410, val_loss-0.0040827
2024-12-21 04:48:58 - INFO - epoch-73, train_loss-0.0006411, val_loss-0.0039025
2024-12-21 04:49:31 - INFO - epoch-74, train_loss-0.0006404, val_loss-0.0036762
2024-12-21 04:50:04 - INFO - epoch-75, train_loss-0.0006398, val_loss-0.0034532
2024-12-21 04:50:37 - INFO - epoch-76, train_loss-0.0006390, val_loss-0.0032535
2024-12-21 04:51:10 - INFO - epoch-77, train_loss-0.0006387, val_loss-0.0030544
2024-12-21 04:51:43 - INFO - epoch-78, train_loss-0.0006386, val_loss-0.0029135
2024-12-21 04:54:16 - INFO - epoch-79, train_loss-0.0006378, val_loss-0.0026724
2024-12-21 04:55:15 - INFO - epoch-80, train_loss-0.0006377, val_loss-0.0024963
2024-12-21 04:55:48 - INFO - epoch-81, train_loss-0.0006372, val_loss-0.0023475
2024-12-21 04:56:20 - INFO - epoch-82, train_loss-0.0006371, val_loss-0.0021752
2024-12-21 04:56:54 - INFO - epoch-83, train_loss-0.0006368, val_loss-0.0020346
2024-12-21 04:57:26 - INFO - epoch-84, train_loss-0.0006357, val_loss-0.0019281
2024-12-21 04:57:59 - INFO - epoch-85, train_loss-0.0006353, val_loss-0.0018560
2024-12-21 04:58:31 - INFO - epoch-86, train_loss-0.0006343, val_loss-0.0017326
2024-12-21 04:59:04 - INFO - epoch-87, train_loss-0.0006354, val_loss-0.0016871
2024-12-21 04:59:36 - INFO - epoch-88, train_loss-0.0006347, val_loss-0.0015313
2024-12-21 05:00:10 - INFO - epoch-89, train_loss-0.0006341, val_loss-0.0014796
2024-12-21 05:00:42 - INFO - epoch-90, train_loss-0.0006351, val_loss-0.0015319
2024-12-21 05:01:15 - INFO - epoch-91, train_loss-0.0006364, val_loss-0.0016660
2024-12-21 05:01:47 - INFO - epoch-92, train_loss-0.0006352, val_loss-0.0019419
2024-12-21 05:02:20 - INFO - epoch-93, train_loss-0.0006363, val_loss-0.0019561
2024-12-21 05:02:52 - INFO - epoch-94, train_loss-0.0006342, val_loss-0.0014888
2024-12-21 05:03:25 - INFO - epoch-95, train_loss-0.0006348, val_loss-0.0013919
2024-12-21 05:03:58 - INFO - epoch-96, train_loss-0.0006386, val_loss-0.0014737
2024-12-21 05:04:30 - INFO - epoch-97, train_loss-0.0006354, val_loss-0.0011453
2024-12-21 05:05:03 - INFO - epoch-98, train_loss-0.0006374, val_loss-0.0010726
2024-12-21 05:05:35 - INFO - epoch-99, train_loss-0.0006371, val_loss-0.0012038
2024-12-21 05:06:07 - INFO - epoch-100, train_loss-0.0006350, val_loss-0.0010278
2024-12-21 05:06:40 - INFO - epoch-101, train_loss-0.0006310, val_loss-0.0008876
2024-12-21 05:07:12 - INFO - epoch-102, train_loss-0.0006315, val_loss-0.0010937
2024-12-21 05:07:45 - INFO - epoch-103, train_loss-0.0006402, val_loss-0.0012397
2024-12-21 05:08:17 - INFO - epoch-104, train_loss-0.0006281, val_loss-0.0016988
2024-12-21 05:08:50 - INFO - epoch-105, train_loss-0.0006243, val_loss-0.0018946
2024-12-21 05:09:22 - INFO - epoch-106, train_loss-0.0006272, val_loss-0.0015579
2024-12-21 05:09:55 - INFO - epoch-107, train_loss-0.0006311, val_loss-0.0015704
2024-12-21 05:10:28 - INFO - epoch-108, train_loss-0.0006333, val_loss-0.0014473
2024-12-21 05:11:02 - INFO - epoch-109, train_loss-0.0006303, val_loss-0.0013320
2024-12-21 05:11:34 - INFO - epoch-110, train_loss-0.0006255, val_loss-0.0012666
2024-12-21 05:12:07 - INFO - epoch-111, train_loss-0.0006255, val_loss-0.0011711
2024-12-21 05:12:40 - INFO - epoch-112, train_loss-0.0006215, val_loss-0.0013421
2024-12-21 05:13:12 - INFO - epoch-113, train_loss-0.0006319, val_loss-0.0010369
2024-12-21 05:13:46 - INFO - epoch-114, train_loss-0.0006285, val_loss-0.0010574
2024-12-21 05:14:18 - INFO - epoch-115, train_loss-0.0006265, val_loss-0.0009242
2024-12-21 05:14:51 - INFO - epoch-116, train_loss-0.0006263, val_loss-0.0010773
2024-12-21 05:15:24 - INFO - epoch-117, train_loss-0.0006201, val_loss-0.0009895
2024-12-21 05:15:57 - INFO - epoch-118, train_loss-0.0006212, val_loss-0.0009523
2024-12-21 05:16:29 - INFO - epoch-119, train_loss-0.0006112, val_loss-0.0008022
2024-12-21 05:17:01 - INFO - epoch-120, train_loss-0.0006118, val_loss-0.0007966
2024-12-21 05:17:34 - INFO - epoch-121, train_loss-0.0006061, val_loss-0.0007090
2024-12-21 05:18:06 - INFO - epoch-122, train_loss-0.0006045, val_loss-0.0007064
2024-12-21 05:18:38 - INFO - epoch-123, train_loss-0.0005976, val_loss-0.0007185
2024-12-21 05:19:11 - INFO - epoch-124, train_loss-0.0006044, val_loss-0.0007295
2024-12-21 05:19:43 - INFO - epoch-125, train_loss-0.0006028, val_loss-0.0007638
2024-12-21 05:20:16 - INFO - epoch-126, train_loss-0.0005994, val_loss-0.0006895
2024-12-21 05:20:48 - INFO - epoch-127, train_loss-0.0006001, val_loss-0.0007066
2024-12-21 05:21:20 - INFO - epoch-128, train_loss-0.0005935, val_loss-0.0007130
2024-12-21 05:21:53 - INFO - epoch-129, train_loss-0.0005914, val_loss-0.0007061
2024-12-21 05:22:25 - INFO - epoch-130, train_loss-0.0005870, val_loss-0.0007278
2024-12-21 05:22:58 - INFO - epoch-131, train_loss-0.0005807, val_loss-0.0007147
2024-12-21 05:23:30 - INFO - epoch-132, train_loss-0.0005748, val_loss-0.0007310
2024-12-21 05:24:03 - INFO - epoch-133, train_loss-0.0005723, val_loss-0.0007384
2024-12-21 05:24:35 - INFO - epoch-134, train_loss-0.0005733, val_loss-0.0007367
2024-12-21 05:25:08 - INFO - epoch-135, train_loss-0.0005712, val_loss-0.0007420
2024-12-21 05:25:40 - INFO - epoch-136, train_loss-0.0005670, val_loss-0.0007465
2024-12-21 05:26:12 - INFO - epoch-137, train_loss-0.0005651, val_loss-0.0007588
2024-12-21 05:26:45 - INFO - epoch-138, train_loss-0.0005615, val_loss-0.0007377
2024-12-21 05:27:17 - INFO - epoch-139, train_loss-0.0005584, val_loss-0.0007363
2024-12-21 05:27:50 - INFO - epoch-140, train_loss-0.0005584, val_loss-0.0007616
2024-12-21 05:28:22 - INFO - epoch-141, train_loss-0.0005540, val_loss-0.0007437
2024-12-21 05:28:54 - INFO - epoch-142, train_loss-0.0005517, val_loss-0.0007512
2024-12-21 05:29:27 - INFO - epoch-143, train_loss-0.0005474, val_loss-0.0007445
2024-12-21 05:29:59 - INFO - epoch-144, train_loss-0.0005445, val_loss-0.0007443
2024-12-21 05:30:32 - INFO - epoch-145, train_loss-0.0005432, val_loss-0.0007377
2024-12-21 05:31:04 - INFO - epoch-146, train_loss-0.0005401, val_loss-0.0007395
2024-12-21 05:31:36 - INFO - epoch-147, train_loss-0.0005373, val_loss-0.0007273
2024-12-21 05:32:09 - INFO - epoch-148, train_loss-0.0005352, val_loss-0.0007292
2024-12-21 05:32:41 - INFO - epoch-149, train_loss-0.0005351, val_loss-0.0007434
2024-12-21 05:33:14 - INFO - epoch-150, train_loss-0.0005328, val_loss-0.0007272
2024-12-21 05:33:46 - INFO - epoch-151, train_loss-0.0005303, val_loss-0.0007098
2024-12-21 05:34:19 - INFO - epoch-152, train_loss-0.0005291, val_loss-0.0007437
2024-12-21 05:34:51 - INFO - epoch-153, train_loss-0.0005287, val_loss-0.0007747
2024-12-21 05:35:24 - INFO - epoch-154, train_loss-0.0005277, val_loss-0.0007546
2024-12-21 05:35:56 - INFO - epoch-155, train_loss-0.0005264, val_loss-0.0007512
2024-12-21 05:36:29 - INFO - epoch-156, train_loss-0.0005259, val_loss-0.0007581
2024-12-21 05:37:01 - INFO - epoch-157, train_loss-0.0005246, val_loss-0.0007534
2024-12-21 05:37:33 - INFO - epoch-158, train_loss-0.0005214, val_loss-0.0007263
2024-12-21 05:38:06 - INFO - epoch-159, train_loss-0.0005209, val_loss-0.0007480
2024-12-21 05:38:39 - INFO - epoch-160, train_loss-0.0005195, val_loss-0.0007535
2024-12-21 05:39:13 - INFO - epoch-161, train_loss-0.0005172, val_loss-0.0007412
2024-12-21 05:39:45 - INFO - epoch-162, train_loss-0.0005168, val_loss-0.0007409
2024-12-21 05:40:17 - INFO - epoch-163, train_loss-0.0005158, val_loss-0.0007335
2024-12-21 05:40:50 - INFO - epoch-164, train_loss-0.0005127, val_loss-0.0007307
2024-12-21 05:41:22 - INFO - epoch-165, train_loss-0.0005120, val_loss-0.0007349
2024-12-21 05:41:55 - INFO - epoch-166, train_loss-0.0005102, val_loss-0.0007333
2024-12-21 05:42:27 - INFO - epoch-167, train_loss-0.0005077, val_loss-0.0006912
2024-12-21 05:42:59 - INFO - epoch-168, train_loss-0.0005059, val_loss-0.0007223
2024-12-21 05:43:32 - INFO - epoch-169, train_loss-0.0005044, val_loss-0.0007254
2024-12-21 05:44:04 - INFO - epoch-170, train_loss-0.0005042, val_loss-0.0007393
2024-12-21 05:44:37 - INFO - epoch-171, train_loss-0.0005060, val_loss-0.0007196
2024-12-21 05:45:09 - INFO - epoch-172, train_loss-0.0005073, val_loss-0.0006994
2024-12-21 05:46:00 - INFO - epoch-173, train_loss-0.0005048, val_loss-0.0007120
2024-12-21 05:49:08 - INFO - epoch-174, train_loss-0.0005040, val_loss-0.0007053
2024-12-21 05:49:40 - INFO - epoch-175, train_loss-0.0005017, val_loss-0.0006940
2024-12-21 05:50:12 - INFO - epoch-176, train_loss-0.0005016, val_loss-0.0006951
2024-12-21 05:50:45 - INFO - epoch-177, train_loss-0.0005008, val_loss-0.0006962
2024-12-21 05:51:18 - INFO - epoch-178, train_loss-0.0004992, val_loss-0.0007015
2024-12-21 05:51:51 - INFO - epoch-179, train_loss-0.0004995, val_loss-0.0006859
2024-12-21 05:52:23 - INFO - epoch-180, train_loss-0.0004978, val_loss-0.0006962
2024-12-21 05:52:55 - INFO - epoch-181, train_loss-0.0004968, val_loss-0.0007039
2024-12-21 05:53:27 - INFO - epoch-182, train_loss-0.0004954, val_loss-0.0007028
2024-12-21 05:54:01 - INFO - epoch-183, train_loss-0.0004945, val_loss-0.0007006
2024-12-21 05:54:33 - INFO - epoch-184, train_loss-0.0004947, val_loss-0.0006998
2024-12-21 05:55:06 - INFO - epoch-185, train_loss-0.0004938, val_loss-0.0006985
2024-12-21 05:55:38 - INFO - epoch-186, train_loss-0.0004927, val_loss-0.0006924
2024-12-21 05:56:11 - INFO - epoch-187, train_loss-0.0004921, val_loss-0.0006932
2024-12-21 05:56:43 - INFO - epoch-188, train_loss-0.0004914, val_loss-0.0006878
2024-12-21 05:57:17 - INFO - epoch-189, train_loss-0.0004897, val_loss-0.0006921
2024-12-21 05:57:49 - INFO - epoch-190, train_loss-0.0004887, val_loss-0.0006762
2024-12-21 05:58:22 - INFO - epoch-191, train_loss-0.0004888, val_loss-0.0006903
2024-12-21 05:58:54 - INFO - epoch-192, train_loss-0.0004872, val_loss-0.0006823
2024-12-21 05:59:26 - INFO - epoch-193, train_loss-0.0004855, val_loss-0.0006835
2024-12-21 05:59:59 - INFO - epoch-194, train_loss-0.0004837, val_loss-0.0006861
2024-12-21 06:00:31 - INFO - epoch-195, train_loss-0.0004838, val_loss-0.0006879
2024-12-21 06:01:03 - INFO - epoch-196, train_loss-0.0004836, val_loss-0.0006916
2024-12-21 06:01:35 - INFO - epoch-197, train_loss-0.0004836, val_loss-0.0006888
2024-12-21 06:02:08 - INFO - epoch-198, train_loss-0.0004829, val_loss-0.0006850
2024-12-21 06:02:40 - INFO - epoch-199, train_loss-0.0004827, val_loss-0.0006859
2024-12-21 06:03:12 - INFO - epoch-200, train_loss-0.0004828, val_loss-0.0006836
2024-12-21 06:03:45 - INFO - epoch-201, train_loss-0.0004827, val_loss-0.0006910
2024-12-21 06:04:17 - INFO - epoch-202, train_loss-0.0004810, val_loss-0.0006842
2024-12-21 06:04:49 - INFO - epoch-203, train_loss-0.0004792, val_loss-0.0006848
2024-12-21 06:05:22 - INFO - epoch-204, train_loss-0.0004777, val_loss-0.0006782
2024-12-21 06:05:54 - INFO - epoch-205, train_loss-0.0004772, val_loss-0.0006831
2024-12-21 06:06:27 - INFO - epoch-206, train_loss-0.0004786, val_loss-0.0006797
2024-12-21 06:06:59 - INFO - epoch-207, train_loss-0.0004787, val_loss-0.0006794
2024-12-21 06:07:32 - INFO - epoch-208, train_loss-0.0004759, val_loss-0.0006805
2024-12-21 06:08:04 - INFO - epoch-209, train_loss-0.0004724, val_loss-0.0006765
2024-12-21 06:08:37 - INFO - epoch-210, train_loss-0.0004706, val_loss-0.0006763
2024-12-21 06:09:09 - INFO - epoch-211, train_loss-0.0004693, val_loss-0.0006842
2024-12-21 06:09:41 - INFO - epoch-212, train_loss-0.0004688, val_loss-0.0006792
2024-12-21 06:10:14 - INFO - epoch-213, train_loss-0.0004696, val_loss-0.0006818
2024-12-21 06:10:46 - INFO - epoch-214, train_loss-0.0004697, val_loss-0.0006799
2024-12-21 06:11:18 - INFO - epoch-215, train_loss-0.0004697, val_loss-0.0006815
2024-12-21 06:11:51 - INFO - epoch-216, train_loss-0.0004687, val_loss-0.0006792
2024-12-21 06:12:23 - INFO - epoch-217, train_loss-0.0004686, val_loss-0.0006788
2024-12-21 06:12:56 - INFO - epoch-218, train_loss-0.0004675, val_loss-0.0006793
2024-12-21 06:13:29 - INFO - epoch-219, train_loss-0.0004663, val_loss-0.0006765
2024-12-21 06:14:01 - INFO - epoch-220, train_loss-0.0004668, val_loss-0.0006736
2024-12-21 06:14:33 - INFO - epoch-221, train_loss-0.0004651, val_loss-0.0006789
2024-12-21 06:15:05 - INFO - epoch-222, train_loss-0.0004637, val_loss-0.0006795
2024-12-21 06:15:38 - INFO - epoch-223, train_loss-0.0004620, val_loss-0.0006768
2024-12-21 06:16:11 - INFO - epoch-224, train_loss-0.0004622, val_loss-0.0006781
2024-12-21 06:16:43 - INFO - epoch-225, train_loss-0.0004639, val_loss-0.0006779
2024-12-21 06:17:15 - INFO - epoch-226, train_loss-0.0004633, val_loss-0.0006779
2024-12-21 06:17:49 - INFO - epoch-227, train_loss-0.0004654, val_loss-0.0006772
2024-12-21 06:18:21 - INFO - epoch-228, train_loss-0.0004643, val_loss-0.0006755
2024-12-21 06:18:53 - INFO - epoch-229, train_loss-0.0004617, val_loss-0.0006774
2024-12-21 06:19:26 - INFO - epoch-230, train_loss-0.0004594, val_loss-0.0006773
2024-12-21 06:19:59 - INFO - epoch-231, train_loss-0.0004583, val_loss-0.0006755
2024-12-21 06:20:31 - INFO - epoch-232, train_loss-0.0004576, val_loss-0.0006748
2024-12-21 06:21:04 - INFO - epoch-233, train_loss-0.0004566, val_loss-0.0006751
2024-12-21 06:21:37 - INFO - epoch-234, train_loss-0.0004522, val_loss-0.0006756
2024-12-21 06:22:09 - INFO - epoch-235, train_loss-0.0004536, val_loss-0.0006770
2024-12-21 06:22:41 - INFO - epoch-236, train_loss-0.0004526, val_loss-0.0006765
2024-12-21 06:23:14 - INFO - epoch-237, train_loss-0.0004518, val_loss-0.0006731
2024-12-21 06:23:46 - INFO - epoch-238, train_loss-0.0004536, val_loss-0.0006755
2024-12-21 06:24:19 - INFO - epoch-239, train_loss-0.0004517, val_loss-0.0006780
2024-12-21 06:24:52 - INFO - epoch-240, train_loss-0.0004495, val_loss-0.0006729
2024-12-21 06:25:25 - INFO - epoch-241, train_loss-0.0004487, val_loss-0.0006728
2024-12-21 06:25:57 - INFO - epoch-242, train_loss-0.0004451, val_loss-0.0006738
2024-12-21 06:26:30 - INFO - epoch-243, train_loss-0.0004420, val_loss-0.0006732
2024-12-21 06:27:02 - INFO - epoch-244, train_loss-0.0004381, val_loss-0.0006731
2024-12-21 06:27:34 - INFO - epoch-245, train_loss-0.0004364, val_loss-0.0006754
2024-12-21 06:28:06 - INFO - epoch-246, train_loss-0.0004385, val_loss-0.0006743
2024-12-21 06:28:39 - INFO - epoch-247, train_loss-0.0004429, val_loss-0.0006723
2024-12-21 06:29:11 - INFO - epoch-248, train_loss-0.0004359, val_loss-0.0006728
2024-12-21 06:29:43 - INFO - epoch-249, train_loss-0.0004272, val_loss-0.0006747
2024-12-21 06:30:16 - INFO - epoch-250, train_loss-0.0004221, val_loss-0.0006750
2024-12-21 06:30:48 - INFO - epoch-251, train_loss-0.0004223, val_loss-0.0006762
2024-12-21 06:31:20 - INFO - epoch-252, train_loss-0.0004230, val_loss-0.0006750
2024-12-21 06:31:52 - INFO - epoch-253, train_loss-0.0004264, val_loss-0.0006730
2024-12-21 06:32:24 - INFO - epoch-254, train_loss-0.0004273, val_loss-0.0006750
2024-12-21 06:32:57 - INFO - epoch-255, train_loss-0.0004233, val_loss-0.0006743
2024-12-21 06:33:29 - INFO - epoch-256, train_loss-0.0004206, val_loss-0.0006756
2024-12-21 06:34:01 - INFO - epoch-257, train_loss-0.0004248, val_loss-0.0006766
2024-12-21 06:34:34 - INFO - epoch-258, train_loss-0.0004209, val_loss-0.0006741
2024-12-21 06:35:06 - INFO - epoch-259, train_loss-0.0004199, val_loss-0.0006736
2024-12-21 06:35:38 - INFO - epoch-260, train_loss-0.0004201, val_loss-0.0006745
2024-12-21 06:36:10 - INFO - epoch-261, train_loss-0.0004157, val_loss-0.0006755
2024-12-21 06:36:42 - INFO - epoch-262, train_loss-0.0004103, val_loss-0.0006751
2024-12-21 06:37:16 - INFO - epoch-263, train_loss-0.0004099, val_loss-0.0006749
2024-12-21 06:37:48 - INFO - epoch-264, train_loss-0.0004067, val_loss-0.0006754
2024-12-21 06:38:20 - INFO - epoch-265, train_loss-0.0004012, val_loss-0.0006746
2024-12-21 06:38:52 - INFO - epoch-266, train_loss-0.0003979, val_loss-0.0006748
2024-12-21 06:39:25 - INFO - epoch-267, train_loss-0.0003974, val_loss-0.0006749
2024-12-21 06:42:18 - INFO - epoch-268, train_loss-0.0003997, val_loss-0.0006760
2024-12-21 06:42:57 - INFO - epoch-269, train_loss-0.0004009, val_loss-0.0006758
2024-12-21 06:43:29 - INFO - epoch-270, train_loss-0.0004035, val_loss-0.0006769
2024-12-21 06:44:01 - INFO - epoch-271, train_loss-0.0004033, val_loss-0.0006752
2024-12-21 06:44:33 - INFO - epoch-272, train_loss-0.0004049, val_loss-0.0006746
2024-12-21 06:45:06 - INFO - epoch-273, train_loss-0.0003993, val_loss-0.0006754
2024-12-21 06:45:39 - INFO - epoch-274, train_loss-0.0003904, val_loss-0.0006750
2024-12-21 06:46:11 - INFO - epoch-275, train_loss-0.0003856, val_loss-0.0006754
2024-12-21 06:46:43 - INFO - epoch-276, train_loss-0.0003863, val_loss-0.0006744
2024-12-21 06:47:17 - INFO - epoch-277, train_loss-0.0003859, val_loss-0.0006744
2024-12-21 06:47:49 - INFO - epoch-278, train_loss-0.0003887, val_loss-0.0006750
2024-12-21 06:48:21 - INFO - epoch-279, train_loss-0.0003885, val_loss-0.0006750
2024-12-21 06:48:53 - INFO - epoch-280, train_loss-0.0003882, val_loss-0.0006742
2024-12-21 06:49:26 - INFO - epoch-281, train_loss-0.0003913, val_loss-0.0006746
2024-12-21 06:49:58 - INFO - epoch-282, train_loss-0.0003906, val_loss-0.0006764
2024-12-21 06:50:30 - INFO - epoch-283, train_loss-0.0003896, val_loss-0.0006751
2024-12-21 06:51:02 - INFO - epoch-284, train_loss-0.0003884, val_loss-0.0006757
2024-12-21 06:51:35 - INFO - epoch-285, train_loss-0.0003877, val_loss-0.0006782
2024-12-21 06:52:07 - INFO - epoch-286, train_loss-0.0003839, val_loss-0.0006757
2024-12-21 06:52:39 - INFO - epoch-287, train_loss-0.0003816, val_loss-0.0006760
2024-12-21 06:53:12 - INFO - epoch-288, train_loss-0.0003786, val_loss-0.0006752
2024-12-21 06:53:45 - INFO - epoch-289, train_loss-0.0003768, val_loss-0.0006751
2024-12-21 06:54:17 - INFO - epoch-290, train_loss-0.0003789, val_loss-0.0006755
2024-12-21 06:54:49 - INFO - epoch-291, train_loss-0.0003820, val_loss-0.0006752
2024-12-21 06:55:21 - INFO - epoch-292, train_loss-0.0003821, val_loss-0.0006751
2024-12-21 06:55:53 - INFO - epoch-293, train_loss-0.0003783, val_loss-0.0006756
2024-12-21 06:56:25 - INFO - epoch-294, train_loss-0.0003779, val_loss-0.0006753
2024-12-21 06:56:58 - INFO - epoch-295, train_loss-0.0003783, val_loss-0.0006757
2024-12-21 06:57:30 - INFO - epoch-296, train_loss-0.0003785, val_loss-0.0006759
2024-12-21 06:58:02 - INFO - epoch-297, train_loss-0.0003781, val_loss-0.0006767
2024-12-21 06:58:35 - INFO - epoch-298, train_loss-0.0003729, val_loss-0.0006831
2024-12-21 06:59:08 - INFO - epoch-299, train_loss-0.0003697, val_loss-0.0006767
