2025-03-04 17:13:12 - INFO - train data: 13259
2025-03-04 17:13:12 - INFO - train unqiue data: 13259
2025-03-04 17:13:12 - INFO - valid data: 1474
2025-03-04 17:13:12 - INFO - valid unqiue data: 1474
2025-03-04 17:17:58 - INFO - epoch-0, train_mse_loss-0.0004263, train_kl_loss-0.0633507, val_mse_loss-0.0010333, val_kl_loss-0.0003982
2025-03-04 17:22:11 - INFO - epoch-1, train_mse_loss-0.0003369, train_kl_loss-0.0015361, val_mse_loss-0.0007216, val_kl_loss-0.0210436
2025-03-04 17:26:26 - INFO - epoch-2, train_mse_loss-0.0003983, train_kl_loss-0.5416085, val_mse_loss-0.0005901, val_kl_loss-0.8725266
2025-03-04 17:26:32 - INFO - Saved new best model at epoch 2 with validation loss 0.8731167
2025-03-04 17:30:45 - INFO - epoch-3, train_mse_loss-0.0004420, train_kl_loss-0.7264131, val_mse_loss-0.0005143, val_kl_loss-0.5695430
2025-03-04 17:30:51 - INFO - Saved new best model at epoch 3 with validation loss 0.5700573
2025-03-04 17:35:04 - INFO - epoch-4, train_mse_loss-0.0004248, train_kl_loss-0.5299863, val_mse_loss-0.0026829, val_kl_loss-0.4063431
2025-03-04 17:35:10 - INFO - Saved new best model at epoch 4 with validation loss 0.4090260
2025-03-04 17:39:22 - INFO - epoch-5, train_mse_loss-0.0004161, train_kl_loss-0.4017514, val_mse_loss-0.0005195, val_kl_loss-0.3878297
2025-03-04 17:39:28 - INFO - Saved new best model at epoch 5 with validation loss 0.3883492
2025-03-04 17:43:41 - INFO - epoch-6, train_mse_loss-0.0004019, train_kl_loss-0.3736293, val_mse_loss-0.0005542, val_kl_loss-0.3186209
2025-03-04 17:43:47 - INFO - Saved new best model at epoch 6 with validation loss 0.3191750
2025-03-04 17:47:59 - INFO - epoch-7, train_mse_loss-0.0004117, train_kl_loss-0.3863168, val_mse_loss-0.0005787, val_kl_loss-0.4039489
2025-03-04 17:52:12 - INFO - epoch-8, train_mse_loss-0.0004424, train_kl_loss-0.1274024, val_mse_loss-0.0005349, val_kl_loss-0.0002507
2025-03-04 17:52:18 - INFO - Saved new best model at epoch 8 with validation loss 0.0007856
2025-03-04 17:56:31 - INFO - epoch-9, train_mse_loss-0.0004091, train_kl_loss-0.0002077, val_mse_loss-0.0009215, val_kl_loss-0.0001925
2025-03-04 18:00:43 - INFO - epoch-10, train_mse_loss-0.0003686, train_kl_loss-0.0001331, val_mse_loss-0.0005401, val_kl_loss-0.0001362
2025-03-04 18:00:49 - INFO - Saved new best model at epoch 10 with validation loss 0.0006764
2025-03-04 18:05:01 - INFO - epoch-11, train_mse_loss-0.0003574, train_kl_loss-0.0004251, val_mse_loss-0.0004255, val_kl_loss-0.0005081
2025-03-04 18:09:13 - INFO - epoch-12, train_mse_loss-0.0004387, train_kl_loss-0.0298771, val_mse_loss-0.0005933, val_kl_loss-0.0002834
2025-03-04 18:13:25 - INFO - epoch-13, train_mse_loss-0.0003661, train_kl_loss-0.0001541, val_mse_loss-0.0004215, val_kl_loss-0.0000624
2025-03-04 18:13:31 - INFO - Saved new best model at epoch 13 with validation loss 0.0004838
2025-03-04 18:17:43 - INFO - epoch-14, train_mse_loss-0.0003502, train_kl_loss-0.0000592, val_mse_loss-0.0004131, val_kl_loss-0.0000541
2025-03-04 18:17:49 - INFO - Saved new best model at epoch 14 with validation loss 0.0004672
2025-03-04 18:22:05 - INFO - epoch-15, train_mse_loss-0.0003455, train_kl_loss-0.0000720, val_mse_loss-0.0003793, val_kl_loss-0.0000432
2025-03-04 18:22:11 - INFO - Saved new best model at epoch 15 with validation loss 0.0004225
2025-03-04 18:26:23 - INFO - epoch-16, train_mse_loss-0.0003415, train_kl_loss-0.0000706, val_mse_loss-0.0004565, val_kl_loss-0.0001016
2025-03-04 18:30:36 - INFO - epoch-17, train_mse_loss-0.0003400, train_kl_loss-0.0001709, val_mse_loss-0.0004741, val_kl_loss-0.0001579
2025-03-04 18:34:54 - INFO - epoch-18, train_mse_loss-0.0003365, train_kl_loss-0.0000469, val_mse_loss-0.0005204, val_kl_loss-0.0000469
2025-03-04 18:39:15 - INFO - epoch-19, train_mse_loss-0.0003630, train_kl_loss-0.0048657, val_mse_loss-0.0004867, val_kl_loss-0.0001758
2025-03-04 18:43:27 - INFO - epoch-20, train_mse_loss-0.0003670, train_kl_loss-0.0000427, val_mse_loss-0.0005744, val_kl_loss-0.0000153
2025-03-04 18:47:42 - INFO - epoch-21, train_mse_loss-0.0003468, train_kl_loss-0.0000176, val_mse_loss-0.0005141, val_kl_loss-0.0000050
2025-03-04 18:51:55 - INFO - epoch-22, train_mse_loss-0.0003384, train_kl_loss-0.0000106, val_mse_loss-0.0004816, val_kl_loss-0.0000016
2025-03-04 18:56:08 - INFO - epoch-23, train_mse_loss-0.0003327, train_kl_loss-0.0000083, val_mse_loss-0.0004907, val_kl_loss-0.0000007
2025-03-04 19:00:21 - INFO - epoch-24, train_mse_loss-0.0003566, train_kl_loss-0.0148964, val_mse_loss-0.0005460, val_kl_loss-0.0000155
2025-03-04 19:04:33 - INFO - epoch-25, train_mse_loss-0.0003435, train_kl_loss-0.0000276, val_mse_loss-0.0005025, val_kl_loss-0.0000047
2025-03-04 19:08:47 - INFO - epoch-26, train_mse_loss-0.0003392, train_kl_loss-0.0000163, val_mse_loss-0.0005402, val_kl_loss-0.0000044
2025-03-04 19:12:59 - INFO - epoch-27, train_mse_loss-0.0003367, train_kl_loss-0.0000094, val_mse_loss-0.0005370, val_kl_loss-0.0000027
2025-03-04 19:17:11 - INFO - epoch-28, train_mse_loss-0.0003347, train_kl_loss-0.0000068, val_mse_loss-0.0005053, val_kl_loss-0.0000019
2025-03-04 19:21:23 - INFO - epoch-29, train_mse_loss-0.0003330, train_kl_loss-0.0000047, val_mse_loss-0.0005218, val_kl_loss-0.0000039
2025-03-04 19:25:36 - INFO - epoch-30, train_mse_loss-0.0003318, train_kl_loss-0.0000070, val_mse_loss-0.0005112, val_kl_loss-0.0000036
2025-03-04 19:29:51 - INFO - epoch-31, train_mse_loss-0.0003309, train_kl_loss-0.0000894, val_mse_loss-0.0005363, val_kl_loss-0.0017006
2025-03-04 19:34:03 - INFO - epoch-32, train_mse_loss-0.0003321, train_kl_loss-0.0000096, val_mse_loss-0.0005148, val_kl_loss-0.0000000
2025-03-04 19:38:15 - INFO - epoch-33, train_mse_loss-0.0003295, train_kl_loss-0.0000029, val_mse_loss-0.0004907, val_kl_loss-0.0000001
2025-03-04 19:42:27 - INFO - epoch-34, train_mse_loss-0.0003318, train_kl_loss-0.0001377, val_mse_loss-0.0005121, val_kl_loss-0.0000001
2025-03-04 19:46:40 - INFO - epoch-35, train_mse_loss-0.0003307, train_kl_loss-0.0000011, val_mse_loss-0.0003836, val_kl_loss-0.0000006
2025-03-04 19:46:46 - INFO - Saved new best model at epoch 35 with validation loss 0.0003841
2025-03-04 19:50:58 - INFO - epoch-36, train_mse_loss-0.0003303, train_kl_loss-0.0000418, val_mse_loss-0.0003939, val_kl_loss-0.0000000
2025-03-04 19:55:11 - INFO - epoch-37, train_mse_loss-0.0003297, train_kl_loss-0.0000000, val_mse_loss-0.0003978, val_kl_loss-0.0000000
2025-03-04 19:59:23 - INFO - epoch-38, train_mse_loss-0.0003280, train_kl_loss-0.0000000, val_mse_loss-0.0004245, val_kl_loss-0.0000000
2025-03-04 20:03:35 - INFO - epoch-39, train_mse_loss-0.0003272, train_kl_loss-0.0000001, val_mse_loss-0.0004094, val_kl_loss-0.0000000
2025-03-04 20:07:48 - INFO - epoch-40, train_mse_loss-0.0003268, train_kl_loss-0.0000000, val_mse_loss-0.0003907, val_kl_loss-0.0000000
2025-03-04 20:12:00 - INFO - epoch-41, train_mse_loss-0.0003264, train_kl_loss-0.0000000, val_mse_loss-0.0003649, val_kl_loss-0.0000000
2025-03-04 20:12:06 - INFO - Saved new best model at epoch 41 with validation loss 0.0003649
2025-03-04 20:16:19 - INFO - epoch-42, train_mse_loss-0.0003262, train_kl_loss--0.0000000, val_mse_loss-0.0003657, val_kl_loss-0.0000000
2025-03-04 20:20:32 - INFO - epoch-43, train_mse_loss-0.0003262, train_kl_loss-0.0000000, val_mse_loss-0.0003451, val_kl_loss-0.0000000
2025-03-04 20:20:38 - INFO - Saved new best model at epoch 43 with validation loss 0.0003451
2025-03-04 20:24:49 - INFO - epoch-44, train_mse_loss-0.0003259, train_kl_loss-0.0000000, val_mse_loss-0.0004012, val_kl_loss-0.0000000
2025-03-04 20:29:01 - INFO - epoch-45, train_mse_loss-0.0003261, train_kl_loss-0.0000000, val_mse_loss-0.0004473, val_kl_loss-0.0000000
2025-03-04 20:33:14 - INFO - epoch-46, train_mse_loss-0.0003258, train_kl_loss-0.0000000, val_mse_loss-0.0004776, val_kl_loss-0.0000000
2025-03-04 20:37:28 - INFO - epoch-47, train_mse_loss-0.0003256, train_kl_loss-0.0000000, val_mse_loss-0.0005863, val_kl_loss-0.0000000
2025-03-04 20:41:41 - INFO - epoch-48, train_mse_loss-0.0003255, train_kl_loss-0.0000000, val_mse_loss-0.0006388, val_kl_loss-0.0000000
2025-03-04 20:45:54 - INFO - epoch-49, train_mse_loss-0.0003252, train_kl_loss-0.0000000, val_mse_loss-0.0006841, val_kl_loss-0.0000000
2025-03-04 20:50:06 - INFO - epoch-50, train_mse_loss-0.0003251, train_kl_loss-0.0000000, val_mse_loss-0.0006223, val_kl_loss-0.0000000
2025-03-04 20:54:18 - INFO - epoch-51, train_mse_loss-0.0003250, train_kl_loss-0.0000000, val_mse_loss-0.0005222, val_kl_loss-0.0000000
2025-03-04 20:58:31 - INFO - epoch-52, train_mse_loss-0.0003249, train_kl_loss-0.0000000, val_mse_loss-0.0006170, val_kl_loss-0.0000000
2025-03-04 21:02:42 - INFO - epoch-53, train_mse_loss-0.0003248, train_kl_loss-0.0000000, val_mse_loss-0.0005702, val_kl_loss-0.0000000
2025-03-04 21:06:54 - INFO - epoch-54, train_mse_loss-0.0003247, train_kl_loss-0.0000000, val_mse_loss-0.0005521, val_kl_loss-0.0000000
2025-03-04 21:11:08 - INFO - epoch-55, train_mse_loss-0.0003246, train_kl_loss-0.0000000, val_mse_loss-0.0005725, val_kl_loss-0.0000000
2025-03-04 21:15:20 - INFO - epoch-56, train_mse_loss-0.0003246, train_kl_loss-0.0000000, val_mse_loss-0.0005516, val_kl_loss-0.0000000
2025-03-04 21:19:32 - INFO - epoch-57, train_mse_loss-0.0003245, train_kl_loss-0.0000000, val_mse_loss-0.0005780, val_kl_loss-0.0000000
2025-03-04 21:23:46 - INFO - epoch-58, train_mse_loss-0.0003245, train_kl_loss-0.0000000, val_mse_loss-0.0005247, val_kl_loss-0.0000000
2025-03-04 21:27:59 - INFO - epoch-59, train_mse_loss-0.0003244, train_kl_loss-0.0000000, val_mse_loss-0.0005534, val_kl_loss-0.0000000
2025-03-04 21:32:12 - INFO - epoch-60, train_mse_loss-0.0003244, train_kl_loss-0.0000000, val_mse_loss-0.0005509, val_kl_loss-0.0000000
2025-03-04 21:36:25 - INFO - epoch-61, train_mse_loss-0.0003244, train_kl_loss-0.0000000, val_mse_loss-0.0005405, val_kl_loss-0.0000000
2025-03-04 21:40:38 - INFO - epoch-62, train_mse_loss-0.0003243, train_kl_loss-0.0000000, val_mse_loss-0.0005188, val_kl_loss-0.0000000
2025-03-04 21:44:53 - INFO - epoch-63, train_mse_loss-0.0003243, train_kl_loss-0.0000000, val_mse_loss-0.0005517, val_kl_loss-0.0000000
2025-03-04 21:49:07 - INFO - epoch-64, train_mse_loss-0.0003243, train_kl_loss-0.0000000, val_mse_loss-0.0005416, val_kl_loss-0.0000000
2025-03-04 21:53:18 - INFO - epoch-65, train_mse_loss-0.0003243, train_kl_loss-0.0000000, val_mse_loss-0.0005740, val_kl_loss-0.0000000
2025-03-04 21:57:30 - INFO - epoch-66, train_mse_loss-0.0003243, train_kl_loss-0.0000000, val_mse_loss-0.0005945, val_kl_loss-0.0000000
2025-03-04 22:01:50 - INFO - epoch-67, train_mse_loss-0.0003243, train_kl_loss-0.0000000, val_mse_loss-0.0005969, val_kl_loss-0.0000000
2025-03-04 22:06:08 - INFO - epoch-68, train_mse_loss-0.0003243, train_kl_loss-0.0000000, val_mse_loss-0.0005837, val_kl_loss-0.0000000
2025-03-04 22:10:21 - INFO - epoch-69, train_mse_loss-0.0003243, train_kl_loss-0.0000000, val_mse_loss-0.0005907, val_kl_loss-0.0000000
2025-03-04 22:14:38 - INFO - epoch-70, train_mse_loss-0.0003243, train_kl_loss-0.0000000, val_mse_loss-0.0005713, val_kl_loss-0.0000000
2025-03-04 22:18:51 - INFO - epoch-71, train_mse_loss-0.0003243, train_kl_loss-0.0000000, val_mse_loss-0.0005811, val_kl_loss-0.0000000
2025-03-04 22:23:03 - INFO - epoch-72, train_mse_loss-0.0003243, train_kl_loss-0.0000000, val_mse_loss-0.0005733, val_kl_loss-0.0000000
2025-03-04 22:27:15 - INFO - epoch-73, train_mse_loss-0.0003242, train_kl_loss-0.0000000, val_mse_loss-0.0005687, val_kl_loss-0.0000000
2025-03-04 22:31:28 - INFO - epoch-74, train_mse_loss-0.0003242, train_kl_loss-0.0000000, val_mse_loss-0.0005797, val_kl_loss-0.0000000
2025-03-04 22:35:42 - INFO - epoch-75, train_mse_loss-0.0003242, train_kl_loss-0.0000000, val_mse_loss-0.0005781, val_kl_loss-0.0000000
2025-03-04 22:39:54 - INFO - epoch-76, train_mse_loss-0.0003242, train_kl_loss-0.0000000, val_mse_loss-0.0005929, val_kl_loss-0.0000000
2025-03-04 22:44:07 - INFO - epoch-77, train_mse_loss-0.0003242, train_kl_loss-0.0000000, val_mse_loss-0.0005900, val_kl_loss-0.0000000
2025-03-04 22:48:21 - INFO - epoch-78, train_mse_loss-0.0003242, train_kl_loss-0.0000000, val_mse_loss-0.0005698, val_kl_loss-0.0000000
2025-03-04 22:52:38 - INFO - epoch-79, train_mse_loss-0.0003242, train_kl_loss-0.0000000, val_mse_loss-0.0005834, val_kl_loss-0.0000000
2025-03-04 22:56:51 - INFO - epoch-80, train_mse_loss-0.0003242, train_kl_loss-0.0000000, val_mse_loss-0.0005798, val_kl_loss-0.0000000
2025-03-04 23:01:05 - INFO - epoch-81, train_mse_loss-0.0003242, train_kl_loss-0.0000000, val_mse_loss-0.0005794, val_kl_loss-0.0000000
2025-03-04 23:05:19 - INFO - epoch-82, train_mse_loss-0.0003242, train_kl_loss-0.0000000, val_mse_loss-0.0005668, val_kl_loss-0.0000000
2025-03-04 23:09:32 - INFO - epoch-83, train_mse_loss-0.0003242, train_kl_loss-0.0000000, val_mse_loss-0.0005922, val_kl_loss-0.0000000
2025-03-04 23:13:45 - INFO - epoch-84, train_mse_loss-0.0003242, train_kl_loss-0.0000000, val_mse_loss-0.0005909, val_kl_loss-0.0000000
2025-03-04 23:18:00 - INFO - epoch-85, train_mse_loss-0.0003242, train_kl_loss-0.0000000, val_mse_loss-0.0005923, val_kl_loss-0.0000000
2025-03-04 23:22:14 - INFO - epoch-86, train_mse_loss-0.0003242, train_kl_loss-0.0000000, val_mse_loss-0.0005746, val_kl_loss-0.0000000
2025-03-04 23:26:29 - INFO - epoch-87, train_mse_loss-0.0003242, train_kl_loss-0.0000000, val_mse_loss-0.0005825, val_kl_loss-0.0000000
2025-03-04 23:30:42 - INFO - epoch-88, train_mse_loss-0.0003242, train_kl_loss-0.0000000, val_mse_loss-0.0005969, val_kl_loss-0.0000000
2025-03-04 23:34:56 - INFO - epoch-89, train_mse_loss-0.0003242, train_kl_loss-0.0000000, val_mse_loss-0.0005657, val_kl_loss-0.0000000
2025-03-04 23:39:11 - INFO - epoch-90, train_mse_loss-0.0003242, train_kl_loss-0.0000000, val_mse_loss-0.0005799, val_kl_loss-0.0000000
2025-03-04 23:43:26 - INFO - epoch-91, train_mse_loss-0.0003242, train_kl_loss-0.0000000, val_mse_loss-0.0005806, val_kl_loss-0.0000000
2025-03-04 23:47:40 - INFO - epoch-92, train_mse_loss-0.0003242, train_kl_loss-0.0000000, val_mse_loss-0.0005683, val_kl_loss-0.0000000
2025-03-04 23:51:52 - INFO - epoch-93, train_mse_loss-0.0003242, train_kl_loss-0.0000000, val_mse_loss-0.0005713, val_kl_loss-0.0000000
2025-03-04 23:56:07 - INFO - epoch-94, train_mse_loss-0.0003242, train_kl_loss-0.0000000, val_mse_loss-0.0005897, val_kl_loss-0.0000000
2025-03-05 00:00:24 - INFO - epoch-95, train_mse_loss-0.0003242, train_kl_loss-0.0000000, val_mse_loss-0.0005849, val_kl_loss-0.0000000
2025-03-05 00:04:38 - INFO - epoch-96, train_mse_loss-0.0003242, train_kl_loss-0.0000000, val_mse_loss-0.0005834, val_kl_loss-0.0000000
2025-03-05 00:08:52 - INFO - epoch-97, train_mse_loss-0.0003242, train_kl_loss-0.0000000, val_mse_loss-0.0005853, val_kl_loss-0.0000000
2025-03-05 00:13:05 - INFO - epoch-98, train_mse_loss-0.0003242, train_kl_loss-0.0000000, val_mse_loss-0.0005919, val_kl_loss-0.0000000
2025-03-05 00:17:20 - INFO - epoch-99, train_mse_loss-0.0003242, train_kl_loss-0.0000000, val_mse_loss-0.0005684, val_kl_loss-0.0000000
2025-03-05 00:21:34 - INFO - epoch-100, train_mse_loss-0.0003242, train_kl_loss-0.0000000, val_mse_loss-0.0005852, val_kl_loss-0.0000000
2025-03-05 00:25:47 - INFO - epoch-101, train_mse_loss-0.0003242, train_kl_loss-0.0000000, val_mse_loss-0.0005747, val_kl_loss-0.0000000
2025-03-05 00:30:01 - INFO - epoch-102, train_mse_loss-0.0003242, train_kl_loss-0.0000000, val_mse_loss-0.0005764, val_kl_loss-0.0000000
2025-03-05 00:34:15 - INFO - epoch-103, train_mse_loss-0.0003242, train_kl_loss-0.0000000, val_mse_loss-0.0005883, val_kl_loss-0.0000000
2025-03-05 00:38:28 - INFO - epoch-104, train_mse_loss-0.0003242, train_kl_loss-0.0000000, val_mse_loss-0.0005887, val_kl_loss-0.0000000
2025-03-05 00:42:41 - INFO - epoch-105, train_mse_loss-0.0003242, train_kl_loss-0.0000000, val_mse_loss-0.0005824, val_kl_loss-0.0000000
2025-03-05 00:46:53 - INFO - epoch-106, train_mse_loss-0.0003242, train_kl_loss-0.0000000, val_mse_loss-0.0005842, val_kl_loss-0.0000000
2025-03-05 00:51:05 - INFO - epoch-107, train_mse_loss-0.0003242, train_kl_loss-0.0000000, val_mse_loss-0.0005940, val_kl_loss-0.0000000
2025-03-05 00:55:20 - INFO - epoch-108, train_mse_loss-0.0003242, train_kl_loss-0.0000000, val_mse_loss-0.0005864, val_kl_loss-0.0000000
2025-03-05 00:59:33 - INFO - epoch-109, train_mse_loss-0.0003242, train_kl_loss-0.0000000, val_mse_loss-0.0005774, val_kl_loss-0.0000000
2025-03-05 01:03:47 - INFO - epoch-110, train_mse_loss-0.0003243, train_kl_loss-0.0000000, val_mse_loss-0.0005790, val_kl_loss-0.0000000
2025-03-05 01:08:05 - INFO - epoch-111, train_mse_loss-0.0003243, train_kl_loss-0.0000000, val_mse_loss-0.0005834, val_kl_loss-0.0000000
2025-03-05 01:12:19 - INFO - epoch-112, train_mse_loss-0.0003243, train_kl_loss-0.0000000, val_mse_loss-0.0005795, val_kl_loss-0.0000000
2025-03-05 01:16:33 - INFO - epoch-113, train_mse_loss-0.0003243, train_kl_loss-0.0000000, val_mse_loss-0.0006221, val_kl_loss-0.0000000
2025-03-05 01:20:46 - INFO - epoch-114, train_mse_loss-0.0003243, train_kl_loss-0.0000000, val_mse_loss-0.0005942, val_kl_loss-0.0000000
2025-03-05 01:25:00 - INFO - epoch-115, train_mse_loss-0.0003243, train_kl_loss-0.0000000, val_mse_loss-0.0006066, val_kl_loss-0.0000000
2025-03-05 01:29:12 - INFO - epoch-116, train_mse_loss-0.0003243, train_kl_loss-0.0000000, val_mse_loss-0.0005919, val_kl_loss-0.0000000
2025-03-05 01:33:25 - INFO - epoch-117, train_mse_loss-0.0003243, train_kl_loss-0.0000000, val_mse_loss-0.0005883, val_kl_loss-0.0000000
2025-03-05 01:37:39 - INFO - epoch-118, train_mse_loss-0.0003243, train_kl_loss-0.0000000, val_mse_loss-0.0006062, val_kl_loss-0.0000000
2025-03-05 01:41:52 - INFO - epoch-119, train_mse_loss-0.0003243, train_kl_loss-0.0000000, val_mse_loss-0.0006029, val_kl_loss-0.0000000
2025-03-05 01:46:06 - INFO - epoch-120, train_mse_loss-0.0003243, train_kl_loss-0.0000000, val_mse_loss-0.0005945, val_kl_loss-0.0000000
2025-03-05 01:50:21 - INFO - epoch-121, train_mse_loss-0.0003243, train_kl_loss-0.0000000, val_mse_loss-0.0005923, val_kl_loss-0.0000000
2025-03-05 01:54:33 - INFO - epoch-122, train_mse_loss-0.0003243, train_kl_loss-0.0000000, val_mse_loss-0.0006065, val_kl_loss-0.0000000
2025-03-05 01:58:45 - INFO - epoch-123, train_mse_loss-0.0003243, train_kl_loss-0.0000000, val_mse_loss-0.0005686, val_kl_loss-0.0000000
2025-03-05 02:02:57 - INFO - epoch-124, train_mse_loss-0.0003243, train_kl_loss-0.0000000, val_mse_loss-0.0005514, val_kl_loss-0.0000000
2025-03-05 02:07:15 - INFO - epoch-125, train_mse_loss-0.0003243, train_kl_loss-0.0000000, val_mse_loss-0.0006035, val_kl_loss-0.0000000
2025-03-05 02:11:28 - INFO - epoch-126, train_mse_loss-0.0003243, train_kl_loss-0.0000000, val_mse_loss-0.0006019, val_kl_loss-0.0000000
2025-03-05 02:15:43 - INFO - epoch-127, train_mse_loss-0.0003243, train_kl_loss-0.0000000, val_mse_loss-0.0005999, val_kl_loss-0.0000000
2025-03-05 02:19:57 - INFO - epoch-128, train_mse_loss-0.0003243, train_kl_loss-0.0000000, val_mse_loss-0.0005965, val_kl_loss-0.0000000
2025-03-05 02:24:10 - INFO - epoch-129, train_mse_loss-0.0003243, train_kl_loss-0.0000000, val_mse_loss-0.0005893, val_kl_loss-0.0000000
2025-03-05 02:28:23 - INFO - epoch-130, train_mse_loss-0.0003242, train_kl_loss-0.0000000, val_mse_loss-0.0005995, val_kl_loss-0.0000000
2025-03-05 02:32:35 - INFO - epoch-131, train_mse_loss-0.0003242, train_kl_loss-0.0000000, val_mse_loss-0.0005841, val_kl_loss-0.0000000
2025-03-05 02:36:47 - INFO - epoch-132, train_mse_loss-0.0003242, train_kl_loss-0.0000000, val_mse_loss-0.0006008, val_kl_loss-0.0000000
2025-03-05 02:41:00 - INFO - epoch-133, train_mse_loss-0.0003242, train_kl_loss-0.0000000, val_mse_loss-0.0005828, val_kl_loss-0.0000000
2025-03-05 02:45:14 - INFO - epoch-134, train_mse_loss-0.0003242, train_kl_loss-0.0000000, val_mse_loss-0.0005869, val_kl_loss-0.0000000
2025-03-05 02:49:27 - INFO - epoch-135, train_mse_loss-0.0003242, train_kl_loss-0.0000000, val_mse_loss-0.0005903, val_kl_loss-0.0000000
2025-03-05 02:53:39 - INFO - epoch-136, train_mse_loss-0.0003242, train_kl_loss-0.0000000, val_mse_loss-0.0005637, val_kl_loss-0.0000000
2025-03-05 02:57:54 - INFO - epoch-137, train_mse_loss-0.0003242, train_kl_loss-0.0000000, val_mse_loss-0.0005901, val_kl_loss-0.0000000
2025-03-05 03:02:07 - INFO - epoch-138, train_mse_loss-0.0003242, train_kl_loss-0.0000000, val_mse_loss-0.0005764, val_kl_loss-0.0000000
2025-03-05 03:06:19 - INFO - epoch-139, train_mse_loss-0.0003242, train_kl_loss-0.0000000, val_mse_loss-0.0005695, val_kl_loss-0.0000000
2025-03-05 03:10:32 - INFO - epoch-140, train_mse_loss-0.0003242, train_kl_loss-0.0000000, val_mse_loss-0.0005726, val_kl_loss-0.0000000
2025-03-05 03:14:44 - INFO - epoch-141, train_mse_loss-0.0003242, train_kl_loss-0.0000000, val_mse_loss-0.0005741, val_kl_loss-0.0000000
2025-03-05 03:18:56 - INFO - epoch-142, train_mse_loss-0.0003242, train_kl_loss-0.0000000, val_mse_loss-0.0005698, val_kl_loss-0.0000000
2025-03-05 03:23:12 - INFO - epoch-143, train_mse_loss-0.0003242, train_kl_loss-0.0000000, val_mse_loss-0.0005746, val_kl_loss-0.0000000
2025-03-05 03:27:25 - INFO - epoch-144, train_mse_loss-0.0003242, train_kl_loss-0.0000000, val_mse_loss-0.0005699, val_kl_loss-0.0000000
2025-03-05 03:31:36 - INFO - epoch-145, train_mse_loss-0.0003242, train_kl_loss-0.0000000, val_mse_loss-0.0005729, val_kl_loss-0.0000000
2025-03-05 03:35:49 - INFO - epoch-146, train_mse_loss-0.0003242, train_kl_loss-0.0000000, val_mse_loss-0.0005744, val_kl_loss-0.0000000
2025-03-05 03:40:01 - INFO - epoch-147, train_mse_loss-0.0003242, train_kl_loss-0.0000000, val_mse_loss-0.0005562, val_kl_loss-0.0000000
2025-03-05 03:44:12 - INFO - epoch-148, train_mse_loss-0.0003242, train_kl_loss-0.0000000, val_mse_loss-0.0005627, val_kl_loss-0.0000000
2025-03-05 03:48:24 - INFO - epoch-149, train_mse_loss-0.0003242, train_kl_loss-0.0000000, val_mse_loss-0.0005909, val_kl_loss-0.0000000
2025-03-05 03:52:35 - INFO - epoch-150, train_mse_loss-0.0003242, train_kl_loss-0.0000000, val_mse_loss-0.0005672, val_kl_loss-0.0000000
2025-03-05 03:56:47 - INFO - epoch-151, train_mse_loss-0.0003242, train_kl_loss-0.0000000, val_mse_loss-0.0005552, val_kl_loss-0.0000000
2025-03-05 04:01:00 - INFO - epoch-152, train_mse_loss-0.0003242, train_kl_loss-0.0000000, val_mse_loss-0.0005692, val_kl_loss-0.0000000
2025-03-05 04:05:12 - INFO - epoch-153, train_mse_loss-0.0003242, train_kl_loss-0.0000000, val_mse_loss-0.0005894, val_kl_loss-0.0000000
2025-03-05 04:09:26 - INFO - epoch-154, train_mse_loss-0.0003242, train_kl_loss-0.0000000, val_mse_loss-0.0005680, val_kl_loss-0.0000000
2025-03-05 04:13:39 - INFO - epoch-155, train_mse_loss-0.0003242, train_kl_loss-0.0000000, val_mse_loss-0.0005691, val_kl_loss-0.0000000
2025-03-05 04:17:52 - INFO - epoch-156, train_mse_loss-0.0003242, train_kl_loss-0.0000000, val_mse_loss-0.0005646, val_kl_loss-0.0000000
2025-03-05 04:22:05 - INFO - epoch-157, train_mse_loss-0.0003242, train_kl_loss-0.0000000, val_mse_loss-0.0005574, val_kl_loss-0.0000000
2025-03-05 04:26:18 - INFO - epoch-158, train_mse_loss-0.0003242, train_kl_loss-0.0000000, val_mse_loss-0.0005434, val_kl_loss-0.0000000
2025-03-05 04:30:33 - INFO - epoch-159, train_mse_loss-0.0003242, train_kl_loss-0.0000000, val_mse_loss-0.0005440, val_kl_loss-0.0000000
2025-03-05 04:34:46 - INFO - epoch-160, train_mse_loss-0.0003242, train_kl_loss-0.0000000, val_mse_loss-0.0005542, val_kl_loss-0.0000000
2025-03-05 04:38:58 - INFO - epoch-161, train_mse_loss-0.0003242, train_kl_loss-0.0000000, val_mse_loss-0.0005691, val_kl_loss-0.0000000
2025-03-05 04:43:10 - INFO - epoch-162, train_mse_loss-0.0003242, train_kl_loss-0.0000000, val_mse_loss-0.0005568, val_kl_loss-0.0000000
2025-03-05 04:47:22 - INFO - epoch-163, train_mse_loss-0.0003242, train_kl_loss-0.0000000, val_mse_loss-0.0005474, val_kl_loss-0.0000000
2025-03-05 04:51:34 - INFO - epoch-164, train_mse_loss-0.0003242, train_kl_loss-0.0000000, val_mse_loss-0.0005535, val_kl_loss-0.0000000
2025-03-05 04:55:46 - INFO - epoch-165, train_mse_loss-0.0003242, train_kl_loss-0.0000000, val_mse_loss-0.0005641, val_kl_loss-0.0000000
2025-03-05 04:59:57 - INFO - epoch-166, train_mse_loss-0.0003242, train_kl_loss-0.0000000, val_mse_loss-0.0005840, val_kl_loss-0.0000000
2025-03-05 05:04:09 - INFO - epoch-167, train_mse_loss-0.0003242, train_kl_loss-0.0000000, val_mse_loss-0.0005646, val_kl_loss-0.0000000
2025-03-05 05:08:21 - INFO - epoch-168, train_mse_loss-0.0003242, train_kl_loss-0.0000000, val_mse_loss-0.0005343, val_kl_loss-0.0000000
2025-03-05 05:12:33 - INFO - epoch-169, train_mse_loss-0.0003242, train_kl_loss-0.0000000, val_mse_loss-0.0005611, val_kl_loss-0.0000000
2025-03-05 05:16:45 - INFO - epoch-170, train_mse_loss-0.0003242, train_kl_loss-0.0000000, val_mse_loss-0.0005412, val_kl_loss-0.0000000
2025-03-05 05:20:57 - INFO - epoch-171, train_mse_loss-0.0003242, train_kl_loss-0.0000000, val_mse_loss-0.0005578, val_kl_loss-0.0000000
2025-03-05 05:25:09 - INFO - epoch-172, train_mse_loss-0.0003242, train_kl_loss-0.0000000, val_mse_loss-0.0006166, val_kl_loss-0.0000000
2025-03-05 05:29:20 - INFO - epoch-173, train_mse_loss-0.0003242, train_kl_loss-0.0000000, val_mse_loss-0.0006048, val_kl_loss-0.0000000
2025-03-05 05:33:32 - INFO - epoch-174, train_mse_loss-0.0003242, train_kl_loss-0.0000000, val_mse_loss-0.0005836, val_kl_loss-0.0000000
2025-03-05 05:37:46 - INFO - epoch-175, train_mse_loss-0.0003242, train_kl_loss-0.0000000, val_mse_loss-0.0005909, val_kl_loss-0.0000000
2025-03-05 05:41:58 - INFO - epoch-176, train_mse_loss-0.0003242, train_kl_loss-0.0000000, val_mse_loss-0.0006004, val_kl_loss-0.0000000
2025-03-05 05:46:09 - INFO - epoch-177, train_mse_loss-0.0003242, train_kl_loss-0.0000000, val_mse_loss-0.0005995, val_kl_loss-0.0000000
2025-03-05 05:50:22 - INFO - epoch-178, train_mse_loss-0.0003242, train_kl_loss-0.0000000, val_mse_loss-0.0005898, val_kl_loss-0.0000000
2025-03-05 05:54:33 - INFO - epoch-179, train_mse_loss-0.0003242, train_kl_loss-0.0000000, val_mse_loss-0.0005776, val_kl_loss-0.0000000
2025-03-05 05:58:44 - INFO - epoch-180, train_mse_loss-0.0003242, train_kl_loss-0.0000000, val_mse_loss-0.0005818, val_kl_loss-0.0000000
2025-03-05 06:02:55 - INFO - epoch-181, train_mse_loss-0.0003242, train_kl_loss-0.0000000, val_mse_loss-0.0005884, val_kl_loss-0.0000000
2025-03-05 06:07:07 - INFO - epoch-182, train_mse_loss-0.0003242, train_kl_loss-0.0000000, val_mse_loss-0.0005850, val_kl_loss-0.0000000
2025-03-05 06:11:19 - INFO - epoch-183, train_mse_loss-0.0003242, train_kl_loss-0.0000000, val_mse_loss-0.0005751, val_kl_loss-0.0000000
2025-03-05 06:15:31 - INFO - epoch-184, train_mse_loss-0.0003242, train_kl_loss-0.0000000, val_mse_loss-0.0005870, val_kl_loss-0.0000000
2025-03-05 06:19:43 - INFO - epoch-185, train_mse_loss-0.0003242, train_kl_loss-0.0000000, val_mse_loss-0.0005618, val_kl_loss-0.0000000
2025-03-05 06:23:54 - INFO - epoch-186, train_mse_loss-0.0003242, train_kl_loss-0.0000000, val_mse_loss-0.0005675, val_kl_loss-0.0000000
2025-03-05 06:28:06 - INFO - epoch-187, train_mse_loss-0.0003242, train_kl_loss-0.0000000, val_mse_loss-0.0005637, val_kl_loss-0.0000000
2025-03-05 06:32:17 - INFO - epoch-188, train_mse_loss-0.0003242, train_kl_loss-0.0000000, val_mse_loss-0.0005684, val_kl_loss-0.0000000
2025-03-05 06:36:28 - INFO - epoch-189, train_mse_loss-0.0003242, train_kl_loss-0.0000000, val_mse_loss-0.0005602, val_kl_loss-0.0000000
2025-03-05 06:40:39 - INFO - epoch-190, train_mse_loss-0.0003242, train_kl_loss-0.0000000, val_mse_loss-0.0005686, val_kl_loss-0.0000000
2025-03-05 06:44:54 - INFO - epoch-191, train_mse_loss-0.0003242, train_kl_loss-0.0000000, val_mse_loss-0.0005658, val_kl_loss-0.0000000
2025-03-05 06:49:06 - INFO - epoch-192, train_mse_loss-0.0003242, train_kl_loss-0.0000000, val_mse_loss-0.0005454, val_kl_loss-0.0000000
2025-03-05 06:53:17 - INFO - epoch-193, train_mse_loss-0.0003242, train_kl_loss-0.0000000, val_mse_loss-0.0005689, val_kl_loss-0.0000000
2025-03-05 06:57:29 - INFO - epoch-194, train_mse_loss-0.0003242, train_kl_loss-0.0000000, val_mse_loss-0.0005542, val_kl_loss-0.0000000
2025-03-05 07:01:41 - INFO - epoch-195, train_mse_loss-0.0003242, train_kl_loss-0.0000000, val_mse_loss-0.0005496, val_kl_loss-0.0000000
2025-03-05 07:05:53 - INFO - epoch-196, train_mse_loss-0.0003242, train_kl_loss-0.0000000, val_mse_loss-0.0005590, val_kl_loss-0.0000000
2025-03-05 07:10:04 - INFO - epoch-197, train_mse_loss-0.0003242, train_kl_loss-0.0000000, val_mse_loss-0.0005544, val_kl_loss-0.0000000
2025-03-05 07:14:16 - INFO - epoch-198, train_mse_loss-0.0003242, train_kl_loss-0.0000000, val_mse_loss-0.0005326, val_kl_loss-0.0000000
2025-03-05 07:18:27 - INFO - epoch-199, train_mse_loss-0.0003242, train_kl_loss-0.0000000, val_mse_loss-0.0005613, val_kl_loss-0.0000000
2025-03-05 07:22:38 - INFO - epoch-200, train_mse_loss-0.0003242, train_kl_loss-0.0000000, val_mse_loss-0.0005626, val_kl_loss-0.0000000
2025-03-05 07:26:50 - INFO - epoch-201, train_mse_loss-0.0003242, train_kl_loss-0.0000000, val_mse_loss-0.0005503, val_kl_loss-0.0000000
2025-03-05 07:31:02 - INFO - epoch-202, train_mse_loss-0.0003242, train_kl_loss-0.0000000, val_mse_loss-0.0005567, val_kl_loss-0.0000000
2025-03-05 07:35:13 - INFO - epoch-203, train_mse_loss-0.0003242, train_kl_loss-0.0000000, val_mse_loss-0.0005529, val_kl_loss-0.0000000
2025-03-05 07:39:24 - INFO - epoch-204, train_mse_loss-0.0003242, train_kl_loss-0.0000000, val_mse_loss-0.0005653, val_kl_loss-0.0000000
2025-03-05 07:43:36 - INFO - epoch-205, train_mse_loss-0.0003242, train_kl_loss-0.0000000, val_mse_loss-0.0005620, val_kl_loss-0.0000000
2025-03-05 07:47:47 - INFO - epoch-206, train_mse_loss-0.0003242, train_kl_loss-0.0000000, val_mse_loss-0.0005708, val_kl_loss-0.0000000
2025-03-05 07:52:02 - INFO - epoch-207, train_mse_loss-0.0003241, train_kl_loss-0.0000000, val_mse_loss-0.0005588, val_kl_loss-0.0000000
2025-03-05 07:56:14 - INFO - epoch-208, train_mse_loss-0.0003241, train_kl_loss-0.0000000, val_mse_loss-0.0005639, val_kl_loss-0.0000000
2025-03-05 08:00:26 - INFO - epoch-209, train_mse_loss-0.0003241, train_kl_loss-0.0000000, val_mse_loss-0.0005422, val_kl_loss-0.0000000
2025-03-05 08:04:38 - INFO - epoch-210, train_mse_loss-0.0003242, train_kl_loss-0.0000000, val_mse_loss-0.0005578, val_kl_loss-0.0000000
2025-03-05 08:08:49 - INFO - epoch-211, train_mse_loss-0.0003242, train_kl_loss-0.0000000, val_mse_loss-0.0005698, val_kl_loss-0.0000000
2025-03-05 08:13:00 - INFO - epoch-212, train_mse_loss-0.0003241, train_kl_loss-0.0000000, val_mse_loss-0.0005583, val_kl_loss-0.0000000
2025-03-05 08:17:11 - INFO - epoch-213, train_mse_loss-0.0003241, train_kl_loss-0.0000000, val_mse_loss-0.0005625, val_kl_loss-0.0000000
2025-03-05 08:21:22 - INFO - epoch-214, train_mse_loss-0.0003241, train_kl_loss-0.0000000, val_mse_loss-0.0005627, val_kl_loss-0.0000000
2025-03-05 08:25:34 - INFO - epoch-215, train_mse_loss-0.0003241, train_kl_loss-0.0000000, val_mse_loss-0.0005672, val_kl_loss-0.0000000
2025-03-05 08:29:46 - INFO - epoch-216, train_mse_loss-0.0003241, train_kl_loss-0.0000000, val_mse_loss-0.0005578, val_kl_loss-0.0000000
2025-03-05 08:33:57 - INFO - epoch-217, train_mse_loss-0.0003241, train_kl_loss-0.0000000, val_mse_loss-0.0005729, val_kl_loss-0.0000000
2025-03-05 08:38:09 - INFO - epoch-218, train_mse_loss-0.0003241, train_kl_loss-0.0000000, val_mse_loss-0.0005630, val_kl_loss-0.0000000
2025-03-05 08:42:20 - INFO - epoch-219, train_mse_loss-0.0003241, train_kl_loss-0.0000000, val_mse_loss-0.0005690, val_kl_loss-0.0000000
2025-03-05 08:46:30 - INFO - epoch-220, train_mse_loss-0.0003241, train_kl_loss-0.0000000, val_mse_loss-0.0005619, val_kl_loss-0.0000000
2025-03-05 08:50:41 - INFO - epoch-221, train_mse_loss-0.0003241, train_kl_loss-0.0000000, val_mse_loss-0.0005623, val_kl_loss-0.0000000
2025-03-05 08:54:53 - INFO - epoch-222, train_mse_loss-0.0003241, train_kl_loss-0.0000000, val_mse_loss-0.0005646, val_kl_loss-0.0000000
2025-03-05 08:59:07 - INFO - epoch-223, train_mse_loss-0.0003241, train_kl_loss-0.0000000, val_mse_loss-0.0005671, val_kl_loss-0.0000000
2025-03-05 09:03:19 - INFO - epoch-224, train_mse_loss-0.0003241, train_kl_loss-0.0000000, val_mse_loss-0.0005641, val_kl_loss-0.0000000
2025-03-05 09:07:30 - INFO - epoch-225, train_mse_loss-0.0003241, train_kl_loss-0.0000000, val_mse_loss-0.0005703, val_kl_loss-0.0000000
2025-03-05 09:11:41 - INFO - epoch-226, train_mse_loss-0.0003241, train_kl_loss-0.0000000, val_mse_loss-0.0005586, val_kl_loss-0.0000000
2025-03-05 09:15:53 - INFO - epoch-227, train_mse_loss-0.0003241, train_kl_loss-0.0000000, val_mse_loss-0.0005725, val_kl_loss-0.0000000
2025-03-05 09:20:04 - INFO - epoch-228, train_mse_loss-0.0003241, train_kl_loss-0.0000000, val_mse_loss-0.0005540, val_kl_loss-0.0000000
2025-03-05 09:24:14 - INFO - epoch-229, train_mse_loss-0.0003241, train_kl_loss-0.0000000, val_mse_loss-0.0005616, val_kl_loss-0.0000000
2025-03-05 09:28:26 - INFO - epoch-230, train_mse_loss-0.0003241, train_kl_loss-0.0000000, val_mse_loss-0.0005655, val_kl_loss-0.0000000
2025-03-05 09:32:36 - INFO - epoch-231, train_mse_loss-0.0003241, train_kl_loss-0.0000000, val_mse_loss-0.0005769, val_kl_loss-0.0000000
2025-03-05 09:36:47 - INFO - epoch-232, train_mse_loss-0.0003241, train_kl_loss-0.0000000, val_mse_loss-0.0005652, val_kl_loss-0.0000000
2025-03-05 09:40:59 - INFO - epoch-233, train_mse_loss-0.0003241, train_kl_loss-0.0000000, val_mse_loss-0.0005647, val_kl_loss-0.0000000
2025-03-05 09:45:10 - INFO - epoch-234, train_mse_loss-0.0003241, train_kl_loss-0.0000000, val_mse_loss-0.0005493, val_kl_loss-0.0000000
2025-03-05 09:49:21 - INFO - epoch-235, train_mse_loss-0.0003241, train_kl_loss-0.0000000, val_mse_loss-0.0005631, val_kl_loss-0.0000000
2025-03-05 09:53:46 - INFO - epoch-236, train_mse_loss-0.0003241, train_kl_loss-0.0000000, val_mse_loss-0.0005595, val_kl_loss-0.0000000
2025-03-05 09:58:00 - INFO - epoch-237, train_mse_loss-0.0003241, train_kl_loss-0.0000000, val_mse_loss-0.0005598, val_kl_loss-0.0000000
2025-03-05 10:02:11 - INFO - epoch-238, train_mse_loss-0.0003241, train_kl_loss-0.0000000, val_mse_loss-0.0005660, val_kl_loss-0.0000000
2025-03-05 10:06:26 - INFO - epoch-239, train_mse_loss-0.0003241, train_kl_loss-0.0000000, val_mse_loss-0.0005671, val_kl_loss-0.0000000
2025-03-05 10:10:37 - INFO - epoch-240, train_mse_loss-0.0003241, train_kl_loss-0.0000000, val_mse_loss-0.0005556, val_kl_loss-0.0000000
2025-03-05 10:14:48 - INFO - epoch-241, train_mse_loss-0.0003241, train_kl_loss-0.0000000, val_mse_loss-0.0005678, val_kl_loss-0.0000000
2025-03-05 10:18:59 - INFO - epoch-242, train_mse_loss-0.0003241, train_kl_loss-0.0000000, val_mse_loss-0.0005593, val_kl_loss-0.0000000
2025-03-05 10:23:11 - INFO - epoch-243, train_mse_loss-0.0003241, train_kl_loss-0.0000000, val_mse_loss-0.0005740, val_kl_loss-0.0000000
2025-03-05 10:27:21 - INFO - epoch-244, train_mse_loss-0.0003241, train_kl_loss-0.0000000, val_mse_loss-0.0005657, val_kl_loss-0.0000000
2025-03-05 10:31:32 - INFO - epoch-245, train_mse_loss-0.0003241, train_kl_loss-0.0000000, val_mse_loss-0.0005587, val_kl_loss-0.0000000
2025-03-05 10:35:43 - INFO - epoch-246, train_mse_loss-0.0003241, train_kl_loss-0.0000000, val_mse_loss-0.0005536, val_kl_loss-0.0000000
2025-03-05 10:39:54 - INFO - epoch-247, train_mse_loss-0.0003241, train_kl_loss-0.0000000, val_mse_loss-0.0005692, val_kl_loss-0.0000000
2025-03-05 10:44:05 - INFO - epoch-248, train_mse_loss-0.0003241, train_kl_loss-0.0000000, val_mse_loss-0.0005591, val_kl_loss-0.0000000
2025-03-05 10:48:18 - INFO - epoch-249, train_mse_loss-0.0003242, train_kl_loss-0.0000000, val_mse_loss-0.0005573, val_kl_loss-0.0000000
2025-03-05 10:52:31 - INFO - epoch-250, train_mse_loss-0.0003241, train_kl_loss-0.0000000, val_mse_loss-0.0005660, val_kl_loss-0.0000000
2025-03-05 10:56:44 - INFO - epoch-251, train_mse_loss-0.0003242, train_kl_loss-0.0000000, val_mse_loss-0.0005556, val_kl_loss-0.0000000
2025-03-05 11:00:58 - INFO - epoch-252, train_mse_loss-0.0003242, train_kl_loss-0.0000000, val_mse_loss-0.0005670, val_kl_loss-0.0000000
2025-03-05 11:05:11 - INFO - epoch-253, train_mse_loss-0.0003241, train_kl_loss-0.0000000, val_mse_loss-0.0005679, val_kl_loss-0.0000000
2025-03-05 11:09:24 - INFO - epoch-254, train_mse_loss-0.0003242, train_kl_loss-0.0000000, val_mse_loss-0.0005586, val_kl_loss-0.0000000
2025-03-05 11:13:41 - INFO - epoch-255, train_mse_loss-0.0003241, train_kl_loss-0.0000000, val_mse_loss-0.0005639, val_kl_loss-0.0000000
2025-03-05 11:17:55 - INFO - epoch-256, train_mse_loss-0.0003241, train_kl_loss-0.0000000, val_mse_loss-0.0005518, val_kl_loss-0.0000000
2025-03-05 11:22:07 - INFO - epoch-257, train_mse_loss-0.0003242, train_kl_loss-0.0000000, val_mse_loss-0.0005654, val_kl_loss-0.0000000
2025-03-05 11:26:21 - INFO - epoch-258, train_mse_loss-0.0003241, train_kl_loss-0.0000000, val_mse_loss-0.0005651, val_kl_loss-0.0000000
2025-03-05 11:30:34 - INFO - epoch-259, train_mse_loss-0.0003241, train_kl_loss-0.0000000, val_mse_loss-0.0005734, val_kl_loss-0.0000000
2025-03-05 11:34:48 - INFO - epoch-260, train_mse_loss-0.0003241, train_kl_loss-0.0000000, val_mse_loss-0.0005581, val_kl_loss-0.0000000
2025-03-05 11:39:03 - INFO - epoch-261, train_mse_loss-0.0003241, train_kl_loss-0.0000000, val_mse_loss-0.0005561, val_kl_loss-0.0000000
2025-03-05 11:43:15 - INFO - epoch-262, train_mse_loss-0.0003241, train_kl_loss-0.0000000, val_mse_loss-0.0005700, val_kl_loss-0.0000000
2025-03-05 11:47:28 - INFO - epoch-263, train_mse_loss-0.0003241, train_kl_loss-0.0000000, val_mse_loss-0.0005570, val_kl_loss-0.0000000
2025-03-05 11:51:41 - INFO - epoch-264, train_mse_loss-0.0003241, train_kl_loss-0.0000000, val_mse_loss-0.0005624, val_kl_loss-0.0000000
2025-03-05 11:55:54 - INFO - epoch-265, train_mse_loss-0.0003242, train_kl_loss-0.0000000, val_mse_loss-0.0005652, val_kl_loss-0.0000000
2025-03-05 12:00:08 - INFO - epoch-266, train_mse_loss-0.0003242, train_kl_loss-0.0000000, val_mse_loss-0.0005596, val_kl_loss-0.0000000
2025-03-05 12:04:19 - INFO - epoch-267, train_mse_loss-0.0003242, train_kl_loss-0.0000000, val_mse_loss-0.0005598, val_kl_loss-0.0000000
2025-03-05 12:08:31 - INFO - epoch-268, train_mse_loss-0.0003241, train_kl_loss-0.0000000, val_mse_loss-0.0005572, val_kl_loss-0.0000000
2025-03-05 12:12:42 - INFO - epoch-269, train_mse_loss-0.0003241, train_kl_loss-0.0000000, val_mse_loss-0.0005593, val_kl_loss-0.0000000
2025-03-05 12:16:54 - INFO - epoch-270, train_mse_loss-0.0003241, train_kl_loss-0.0000000, val_mse_loss-0.0005547, val_kl_loss-0.0000000
2025-03-05 12:21:09 - INFO - epoch-271, train_mse_loss-0.0003241, train_kl_loss-0.0000000, val_mse_loss-0.0005594, val_kl_loss-0.0000000
2025-03-05 12:25:21 - INFO - epoch-272, train_mse_loss-0.0003241, train_kl_loss-0.0000000, val_mse_loss-0.0005448, val_kl_loss-0.0000000
2025-03-05 12:29:32 - INFO - epoch-273, train_mse_loss-0.0003241, train_kl_loss-0.0000000, val_mse_loss-0.0005505, val_kl_loss-0.0000000
2025-03-05 12:33:44 - INFO - epoch-274, train_mse_loss-0.0003241, train_kl_loss-0.0000000, val_mse_loss-0.0005547, val_kl_loss-0.0000000
2025-03-05 12:37:55 - INFO - epoch-275, train_mse_loss-0.0003241, train_kl_loss-0.0000000, val_mse_loss-0.0005669, val_kl_loss-0.0000000
2025-03-05 12:42:06 - INFO - epoch-276, train_mse_loss-0.0003241, train_kl_loss-0.0000000, val_mse_loss-0.0005418, val_kl_loss-0.0000000
2025-03-05 12:46:17 - INFO - epoch-277, train_mse_loss-0.0003241, train_kl_loss-0.0000000, val_mse_loss-0.0005625, val_kl_loss-0.0000000
2025-03-05 12:50:29 - INFO - epoch-278, train_mse_loss-0.0003241, train_kl_loss-0.0000000, val_mse_loss-0.0005428, val_kl_loss-0.0000000
2025-03-05 12:54:40 - INFO - epoch-279, train_mse_loss-0.0003242, train_kl_loss-0.0000000, val_mse_loss-0.0005577, val_kl_loss-0.0000000
2025-03-05 12:58:51 - INFO - epoch-280, train_mse_loss-0.0003241, train_kl_loss-0.0000000, val_mse_loss-0.0005610, val_kl_loss-0.0000000
2025-03-05 13:03:03 - INFO - epoch-281, train_mse_loss-0.0003241, train_kl_loss-0.0000000, val_mse_loss-0.0005677, val_kl_loss-0.0000000
2025-03-05 13:07:14 - INFO - epoch-282, train_mse_loss-0.0003241, train_kl_loss-0.0000000, val_mse_loss-0.0005543, val_kl_loss-0.0000000
2025-03-05 13:11:25 - INFO - epoch-283, train_mse_loss-0.0003241, train_kl_loss-0.0000000, val_mse_loss-0.0005725, val_kl_loss-0.0000000
2025-03-05 13:15:35 - INFO - epoch-284, train_mse_loss-0.0003241, train_kl_loss-0.0000000, val_mse_loss-0.0005496, val_kl_loss-0.0000000
2025-03-05 13:19:46 - INFO - epoch-285, train_mse_loss-0.0003241, train_kl_loss-0.0000000, val_mse_loss-0.0005575, val_kl_loss-0.0000000
2025-03-05 13:23:57 - INFO - epoch-286, train_mse_loss-0.0003241, train_kl_loss-0.0000000, val_mse_loss-0.0005744, val_kl_loss-0.0000000
2025-03-05 13:28:12 - INFO - epoch-287, train_mse_loss-0.0003241, train_kl_loss-0.0000000, val_mse_loss-0.0005511, val_kl_loss-0.0000000
2025-03-05 13:32:24 - INFO - epoch-288, train_mse_loss-0.0003241, train_kl_loss-0.0000000, val_mse_loss-0.0005413, val_kl_loss-0.0000000
2025-03-05 13:36:36 - INFO - epoch-289, train_mse_loss-0.0003241, train_kl_loss-0.0000000, val_mse_loss-0.0005590, val_kl_loss-0.0000000
2025-03-05 13:40:50 - INFO - epoch-290, train_mse_loss-0.0003241, train_kl_loss-0.0000000, val_mse_loss-0.0005606, val_kl_loss-0.0000000
2025-03-05 13:45:21 - INFO - epoch-291, train_mse_loss-0.0003241, train_kl_loss-0.0000000, val_mse_loss-0.0005727, val_kl_loss-0.0000000
2025-03-05 13:49:35 - INFO - epoch-292, train_mse_loss-0.0003241, train_kl_loss-0.0000000, val_mse_loss-0.0005479, val_kl_loss-0.0000000
2025-03-05 13:53:49 - INFO - epoch-293, train_mse_loss-0.0003241, train_kl_loss-0.0000000, val_mse_loss-0.0005690, val_kl_loss-0.0000000
2025-03-05 13:58:06 - INFO - epoch-294, train_mse_loss-0.0003241, train_kl_loss-0.0000000, val_mse_loss-0.0005665, val_kl_loss-0.0000000
2025-03-05 14:02:17 - INFO - epoch-295, train_mse_loss-0.0003241, train_kl_loss-0.0000000, val_mse_loss-0.0005595, val_kl_loss-0.0000000
2025-03-05 14:06:29 - INFO - epoch-296, train_mse_loss-0.0003241, train_kl_loss-0.0000000, val_mse_loss-0.0005545, val_kl_loss-0.0000000
2025-03-05 14:10:42 - INFO - epoch-297, train_mse_loss-0.0003241, train_kl_loss-0.0000000, val_mse_loss-0.0005617, val_kl_loss-0.0000000
2025-03-05 14:14:55 - INFO - epoch-298, train_mse_loss-0.0003241, train_kl_loss-0.0000000, val_mse_loss-0.0005655, val_kl_loss-0.0000000
2025-03-05 14:19:28 - INFO - epoch-299, train_mse_loss-0.0003241, train_kl_loss-0.0000000, val_mse_loss-0.0005503, val_kl_loss-0.0000000
2025-03-05 14:23:49 - INFO - epoch-300, train_mse_loss-0.0003241, train_kl_loss-0.0000000, val_mse_loss-0.0005758, val_kl_loss-0.0000000
2025-03-05 14:28:02 - INFO - epoch-301, train_mse_loss-0.0003241, train_kl_loss-0.0000000, val_mse_loss-0.0005653, val_kl_loss-0.0000000
2025-03-05 14:32:15 - INFO - epoch-302, train_mse_loss-0.0003241, train_kl_loss-0.0000000, val_mse_loss-0.0005558, val_kl_loss-0.0000000
2025-03-05 14:36:31 - INFO - epoch-303, train_mse_loss-0.0003241, train_kl_loss-0.0000000, val_mse_loss-0.0005466, val_kl_loss-0.0000000
2025-03-05 14:40:44 - INFO - epoch-304, train_mse_loss-0.0003241, train_kl_loss-0.0000000, val_mse_loss-0.0005460, val_kl_loss-0.0000000
2025-03-05 14:45:05 - INFO - epoch-305, train_mse_loss-0.0003242, train_kl_loss-0.0000000, val_mse_loss-0.0005584, val_kl_loss-0.0000000
2025-03-05 14:49:21 - INFO - epoch-306, train_mse_loss-0.0003241, train_kl_loss-0.0000000, val_mse_loss-0.0005597, val_kl_loss-0.0000000
2025-03-05 14:53:36 - INFO - epoch-307, train_mse_loss-0.0003241, train_kl_loss-0.0000000, val_mse_loss-0.0005605, val_kl_loss-0.0000000
2025-03-05 14:57:49 - INFO - epoch-308, train_mse_loss-0.0003241, train_kl_loss-0.0000000, val_mse_loss-0.0005600, val_kl_loss-0.0000000
2025-03-05 15:02:00 - INFO - epoch-309, train_mse_loss-0.0003241, train_kl_loss-0.0000000, val_mse_loss-0.0005522, val_kl_loss-0.0000000
2025-03-05 15:06:14 - INFO - epoch-310, train_mse_loss-0.0003241, train_kl_loss-0.0000000, val_mse_loss-0.0005665, val_kl_loss-0.0000000
2025-03-05 15:10:30 - INFO - epoch-311, train_mse_loss-0.0003241, train_kl_loss-0.0000000, val_mse_loss-0.0005567, val_kl_loss-0.0000000
2025-03-05 15:14:45 - INFO - epoch-312, train_mse_loss-0.0003241, train_kl_loss-0.0000000, val_mse_loss-0.0005511, val_kl_loss-0.0000000
2025-03-05 15:19:07 - INFO - epoch-313, train_mse_loss-0.0003241, train_kl_loss-0.0000000, val_mse_loss-0.0005574, val_kl_loss-0.0000000
2025-03-05 15:23:21 - INFO - epoch-314, train_mse_loss-0.0003241, train_kl_loss-0.0000000, val_mse_loss-0.0005511, val_kl_loss-0.0000000
2025-03-05 15:27:35 - INFO - epoch-315, train_mse_loss-0.0003241, train_kl_loss-0.0000000, val_mse_loss-0.0005553, val_kl_loss-0.0000000
2025-03-05 15:31:48 - INFO - epoch-316, train_mse_loss-0.0003241, train_kl_loss-0.0000000, val_mse_loss-0.0005464, val_kl_loss-0.0000000
2025-03-05 15:36:02 - INFO - epoch-317, train_mse_loss-0.0003241, train_kl_loss-0.0000000, val_mse_loss-0.0005521, val_kl_loss-0.0000000
2025-03-05 15:40:25 - INFO - epoch-318, train_mse_loss-0.0003241, train_kl_loss-0.0000000, val_mse_loss-0.0005683, val_kl_loss-0.0000000
2025-03-05 15:45:03 - INFO - epoch-319, train_mse_loss-0.0003241, train_kl_loss-0.0000000, val_mse_loss-0.0005643, val_kl_loss-0.0000000
2025-03-05 15:49:22 - INFO - epoch-320, train_mse_loss-0.0003241, train_kl_loss-0.0000000, val_mse_loss-0.0005626, val_kl_loss-0.0000000
2025-03-05 15:53:37 - INFO - epoch-321, train_mse_loss-0.0003241, train_kl_loss-0.0000000, val_mse_loss-0.0005626, val_kl_loss-0.0000000
2025-03-05 15:57:50 - INFO - epoch-322, train_mse_loss-0.0003241, train_kl_loss-0.0000000, val_mse_loss-0.0005710, val_kl_loss-0.0000000
2025-03-05 16:02:05 - INFO - epoch-323, train_mse_loss-0.0003241, train_kl_loss-0.0000000, val_mse_loss-0.0005540, val_kl_loss-0.0000000
2025-03-05 16:06:19 - INFO - epoch-324, train_mse_loss-0.0003241, train_kl_loss-0.0000000, val_mse_loss-0.0005622, val_kl_loss-0.0000000
2025-03-05 16:10:40 - INFO - epoch-325, train_mse_loss-0.0003241, train_kl_loss-0.0000000, val_mse_loss-0.0005531, val_kl_loss-0.0000000
2025-03-05 16:14:54 - INFO - epoch-326, train_mse_loss-0.0003241, train_kl_loss-0.0000000, val_mse_loss-0.0005590, val_kl_loss-0.0000000
2025-03-05 16:19:08 - INFO - epoch-327, train_mse_loss-0.0003241, train_kl_loss-0.0000000, val_mse_loss-0.0005453, val_kl_loss-0.0000000
2025-03-05 16:23:20 - INFO - epoch-328, train_mse_loss-0.0003241, train_kl_loss-0.0000000, val_mse_loss-0.0005557, val_kl_loss-0.0000000
2025-03-05 16:27:38 - INFO - epoch-329, train_mse_loss-0.0003241, train_kl_loss-0.0000000, val_mse_loss-0.0005608, val_kl_loss-0.0000000
2025-03-05 16:31:52 - INFO - epoch-330, train_mse_loss-0.0003241, train_kl_loss-0.0000000, val_mse_loss-0.0005662, val_kl_loss-0.0000000
2025-03-05 16:36:07 - INFO - epoch-331, train_mse_loss-0.0003241, train_kl_loss-0.0000000, val_mse_loss-0.0005470, val_kl_loss-0.0000000
2025-03-05 16:40:22 - INFO - epoch-332, train_mse_loss-0.0003241, train_kl_loss-0.0000000, val_mse_loss-0.0005610, val_kl_loss-0.0000000
2025-03-05 16:44:35 - INFO - epoch-333, train_mse_loss-0.0003241, train_kl_loss-0.0000000, val_mse_loss-0.0005603, val_kl_loss-0.0000000
2025-03-05 16:48:47 - INFO - epoch-334, train_mse_loss-0.0003241, train_kl_loss-0.0000000, val_mse_loss-0.0005672, val_kl_loss-0.0000000
2025-03-05 16:53:01 - INFO - epoch-335, train_mse_loss-0.0003241, train_kl_loss-0.0000000, val_mse_loss-0.0005569, val_kl_loss-0.0000000
2025-03-05 16:57:13 - INFO - epoch-336, train_mse_loss-0.0003241, train_kl_loss-0.0000000, val_mse_loss-0.0005606, val_kl_loss-0.0000000
2025-03-05 17:01:25 - INFO - epoch-337, train_mse_loss-0.0003241, train_kl_loss-0.0000000, val_mse_loss-0.0005592, val_kl_loss-0.0000000
2025-03-05 17:05:38 - INFO - epoch-338, train_mse_loss-0.0003241, train_kl_loss-0.0000000, val_mse_loss-0.0005582, val_kl_loss-0.0000000
2025-03-05 17:09:50 - INFO - epoch-339, train_mse_loss-0.0003241, train_kl_loss-0.0000000, val_mse_loss-0.0005497, val_kl_loss-0.0000000
2025-03-05 17:14:03 - INFO - epoch-340, train_mse_loss-0.0003241, train_kl_loss-0.0000000, val_mse_loss-0.0005570, val_kl_loss-0.0000000
2025-03-05 17:18:19 - INFO - epoch-341, train_mse_loss-0.0003241, train_kl_loss-0.0000000, val_mse_loss-0.0005577, val_kl_loss-0.0000000
2025-03-05 17:22:30 - INFO - epoch-342, train_mse_loss-0.0003241, train_kl_loss-0.0000000, val_mse_loss-0.0005535, val_kl_loss-0.0000000
2025-03-05 17:26:43 - INFO - epoch-343, train_mse_loss-0.0003241, train_kl_loss-0.0000000, val_mse_loss-0.0005566, val_kl_loss-0.0000000
2025-03-05 17:30:54 - INFO - epoch-344, train_mse_loss-0.0003241, train_kl_loss-0.0000000, val_mse_loss-0.0005476, val_kl_loss-0.0000000
2025-03-05 17:35:06 - INFO - epoch-345, train_mse_loss-0.0003241, train_kl_loss-0.0000000, val_mse_loss-0.0005605, val_kl_loss-0.0000000
2025-03-05 17:39:18 - INFO - epoch-346, train_mse_loss-0.0003241, train_kl_loss-0.0000000, val_mse_loss-0.0005545, val_kl_loss-0.0000000
2025-03-05 17:43:32 - INFO - epoch-347, train_mse_loss-0.0003241, train_kl_loss-0.0000000, val_mse_loss-0.0005601, val_kl_loss-0.0000000
2025-03-05 17:47:44 - INFO - epoch-348, train_mse_loss-0.0003241, train_kl_loss-0.0000000, val_mse_loss-0.0005540, val_kl_loss-0.0000000
2025-03-05 17:51:55 - INFO - epoch-349, train_mse_loss-0.0003241, train_kl_loss-0.0000000, val_mse_loss-0.0005576, val_kl_loss-0.0000000
2025-03-05 17:56:07 - INFO - epoch-350, train_mse_loss-0.0003241, train_kl_loss-0.0000000, val_mse_loss-0.0005517, val_kl_loss-0.0000000
2025-03-05 18:00:22 - INFO - epoch-351, train_mse_loss-0.0003241, train_kl_loss-0.0000000, val_mse_loss-0.0005482, val_kl_loss-0.0000000
2025-03-05 18:04:36 - INFO - epoch-352, train_mse_loss-0.0003241, train_kl_loss-0.0000000, val_mse_loss-0.0005507, val_kl_loss-0.0000000
2025-03-05 18:08:50 - INFO - epoch-353, train_mse_loss-0.0003241, train_kl_loss-0.0000000, val_mse_loss-0.0005484, val_kl_loss-0.0000000
2025-03-05 18:13:02 - INFO - epoch-354, train_mse_loss-0.0003241, train_kl_loss-0.0000000, val_mse_loss-0.0005584, val_kl_loss-0.0000000
2025-03-05 18:17:14 - INFO - epoch-355, train_mse_loss-0.0003241, train_kl_loss-0.0000000, val_mse_loss-0.0005596, val_kl_loss-0.0000000
2025-03-05 18:21:28 - INFO - epoch-356, train_mse_loss-0.0003241, train_kl_loss-0.0000000, val_mse_loss-0.0005556, val_kl_loss-0.0000000
2025-03-05 18:25:43 - INFO - epoch-357, train_mse_loss-0.0003241, train_kl_loss-0.0000000, val_mse_loss-0.0005551, val_kl_loss-0.0000000
2025-03-05 18:29:58 - INFO - epoch-358, train_mse_loss-0.0003241, train_kl_loss-0.0000000, val_mse_loss-0.0005685, val_kl_loss-0.0000000
2025-03-05 18:34:12 - INFO - epoch-359, train_mse_loss-0.0003241, train_kl_loss-0.0000000, val_mse_loss-0.0005537, val_kl_loss-0.0000000
2025-03-05 18:38:25 - INFO - epoch-360, train_mse_loss-0.0003241, train_kl_loss-0.0000000, val_mse_loss-0.0005609, val_kl_loss-0.0000000
2025-03-05 18:42:38 - INFO - epoch-361, train_mse_loss-0.0003241, train_kl_loss-0.0000000, val_mse_loss-0.0005658, val_kl_loss-0.0000000
2025-03-05 18:46:52 - INFO - epoch-362, train_mse_loss-0.0003241, train_kl_loss-0.0000000, val_mse_loss-0.0005483, val_kl_loss-0.0000000
2025-03-05 18:51:07 - INFO - epoch-363, train_mse_loss-0.0003241, train_kl_loss-0.0000000, val_mse_loss-0.0005682, val_kl_loss-0.0000000
2025-03-05 18:55:22 - INFO - epoch-364, train_mse_loss-0.0003241, train_kl_loss-0.0000000, val_mse_loss-0.0005608, val_kl_loss-0.0000000
2025-03-05 18:59:36 - INFO - epoch-365, train_mse_loss-0.0003241, train_kl_loss-0.0000000, val_mse_loss-0.0005665, val_kl_loss-0.0000000
2025-03-05 19:03:50 - INFO - epoch-366, train_mse_loss-0.0003241, train_kl_loss-0.0000000, val_mse_loss-0.0005531, val_kl_loss-0.0000000
2025-03-05 19:08:07 - INFO - epoch-367, train_mse_loss-0.0003241, train_kl_loss-0.0000000, val_mse_loss-0.0005546, val_kl_loss-0.0000000
2025-03-05 19:12:21 - INFO - epoch-368, train_mse_loss-0.0003241, train_kl_loss-0.0000000, val_mse_loss-0.0005552, val_kl_loss-0.0000000
2025-03-05 19:16:36 - INFO - epoch-369, train_mse_loss-0.0003241, train_kl_loss-0.0000000, val_mse_loss-0.0005703, val_kl_loss-0.0000000
2025-03-05 19:20:51 - INFO - epoch-370, train_mse_loss-0.0003241, train_kl_loss-0.0000000, val_mse_loss-0.0005573, val_kl_loss-0.0000000
2025-03-05 19:25:07 - INFO - epoch-371, train_mse_loss-0.0003241, train_kl_loss-0.0000000, val_mse_loss-0.0005650, val_kl_loss-0.0000000
2025-03-05 19:29:22 - INFO - epoch-372, train_mse_loss-0.0003241, train_kl_loss-0.0000000, val_mse_loss-0.0005528, val_kl_loss-0.0000000
2025-03-05 19:33:38 - INFO - epoch-373, train_mse_loss-0.0003241, train_kl_loss-0.0000000, val_mse_loss-0.0005651, val_kl_loss-0.0000000
2025-03-05 19:37:51 - INFO - epoch-374, train_mse_loss-0.0003241, train_kl_loss-0.0000000, val_mse_loss-0.0005634, val_kl_loss-0.0000000
2025-03-05 19:42:05 - INFO - epoch-375, train_mse_loss-0.0003241, train_kl_loss-0.0000000, val_mse_loss-0.0005610, val_kl_loss-0.0000000
2025-03-05 19:46:19 - INFO - epoch-376, train_mse_loss-0.0003241, train_kl_loss-0.0000000, val_mse_loss-0.0005659, val_kl_loss-0.0000000
2025-03-05 19:50:33 - INFO - epoch-377, train_mse_loss-0.0003241, train_kl_loss-0.0000000, val_mse_loss-0.0005644, val_kl_loss-0.0000000
2025-03-05 19:54:47 - INFO - epoch-378, train_mse_loss-0.0003241, train_kl_loss-0.0000000, val_mse_loss-0.0005586, val_kl_loss-0.0000000
2025-03-05 19:59:01 - INFO - epoch-379, train_mse_loss-0.0003241, train_kl_loss-0.0000000, val_mse_loss-0.0005580, val_kl_loss-0.0000000
2025-03-05 20:03:16 - INFO - epoch-380, train_mse_loss-0.0003241, train_kl_loss-0.0000000, val_mse_loss-0.0005596, val_kl_loss-0.0000000
2025-03-05 20:07:31 - INFO - epoch-381, train_mse_loss-0.0003241, train_kl_loss-0.0000000, val_mse_loss-0.0005730, val_kl_loss-0.0000000
2025-03-05 20:11:48 - INFO - epoch-382, train_mse_loss-0.0003241, train_kl_loss-0.0000000, val_mse_loss-0.0005501, val_kl_loss-0.0000000
2025-03-05 20:16:07 - INFO - epoch-383, train_mse_loss-0.0003241, train_kl_loss-0.0000000, val_mse_loss-0.0005722, val_kl_loss-0.0000000
2025-03-05 20:20:23 - INFO - epoch-384, train_mse_loss-0.0003241, train_kl_loss-0.0000000, val_mse_loss-0.0005611, val_kl_loss-0.0000000
2025-03-05 20:24:38 - INFO - epoch-385, train_mse_loss-0.0003241, train_kl_loss-0.0000000, val_mse_loss-0.0005672, val_kl_loss-0.0000000
2025-03-05 20:28:53 - INFO - epoch-386, train_mse_loss-0.0003241, train_kl_loss-0.0000000, val_mse_loss-0.0005596, val_kl_loss-0.0000000
2025-03-05 20:33:09 - INFO - epoch-387, train_mse_loss-0.0003241, train_kl_loss-0.0000000, val_mse_loss-0.0005692, val_kl_loss-0.0000000
2025-03-05 20:37:23 - INFO - epoch-388, train_mse_loss-0.0003241, train_kl_loss-0.0000000, val_mse_loss-0.0005688, val_kl_loss-0.0000000
2025-03-05 20:41:36 - INFO - epoch-389, train_mse_loss-0.0003241, train_kl_loss-0.0000000, val_mse_loss-0.0005706, val_kl_loss-0.0000000
2025-03-05 20:45:48 - INFO - epoch-390, train_mse_loss-0.0003241, train_kl_loss-0.0000000, val_mse_loss-0.0005648, val_kl_loss-0.0000000
2025-03-05 20:50:04 - INFO - epoch-391, train_mse_loss-0.0003241, train_kl_loss-0.0000000, val_mse_loss-0.0005556, val_kl_loss-0.0000000
2025-03-05 20:54:20 - INFO - epoch-392, train_mse_loss-0.0003241, train_kl_loss-0.0000000, val_mse_loss-0.0005549, val_kl_loss-0.0000000
2025-03-05 20:58:34 - INFO - epoch-393, train_mse_loss-0.0003241, train_kl_loss-0.0000000, val_mse_loss-0.0005579, val_kl_loss-0.0000000
2025-03-05 21:02:48 - INFO - epoch-394, train_mse_loss-0.0003241, train_kl_loss-0.0000000, val_mse_loss-0.0005678, val_kl_loss-0.0000000
2025-03-05 21:07:02 - INFO - epoch-395, train_mse_loss-0.0003241, train_kl_loss-0.0000000, val_mse_loss-0.0005530, val_kl_loss-0.0000000
2025-03-05 21:11:16 - INFO - epoch-396, train_mse_loss-0.0003241, train_kl_loss-0.0000000, val_mse_loss-0.0005692, val_kl_loss-0.0000000
2025-03-05 21:15:33 - INFO - epoch-397, train_mse_loss-0.0003241, train_kl_loss-0.0000000, val_mse_loss-0.0005590, val_kl_loss-0.0000000
2025-03-05 21:19:47 - INFO - epoch-398, train_mse_loss-0.0003241, train_kl_loss-0.0000000, val_mse_loss-0.0005667, val_kl_loss-0.0000000
2025-03-05 21:24:02 - INFO - epoch-399, train_mse_loss-0.0003241, train_kl_loss-0.0000000, val_mse_loss-0.0005575, val_kl_loss-0.0000000
2025-03-05 21:28:14 - INFO - epoch-400, train_mse_loss-0.0003241, train_kl_loss-0.0000000, val_mse_loss-0.0005712, val_kl_loss-0.0000000
2025-03-05 21:32:27 - INFO - epoch-401, train_mse_loss-0.0003241, train_kl_loss-0.0000000, val_mse_loss-0.0005461, val_kl_loss-0.0000000
2025-03-05 21:36:39 - INFO - epoch-402, train_mse_loss-0.0003241, train_kl_loss-0.0000000, val_mse_loss-0.0005583, val_kl_loss-0.0000000
2025-03-05 21:40:51 - INFO - epoch-403, train_mse_loss-0.0003241, train_kl_loss-0.0000000, val_mse_loss-0.0005611, val_kl_loss-0.0000000
2025-03-05 21:45:06 - INFO - epoch-404, train_mse_loss-0.0003241, train_kl_loss-0.0000000, val_mse_loss-0.0005677, val_kl_loss-0.0000000
2025-03-05 21:49:22 - INFO - epoch-405, train_mse_loss-0.0003241, train_kl_loss-0.0000000, val_mse_loss-0.0005708, val_kl_loss-0.0000000
2025-03-05 21:53:45 - INFO - epoch-406, train_mse_loss-0.0003241, train_kl_loss-0.0000000, val_mse_loss-0.0005523, val_kl_loss-0.0000000
2025-03-05 21:58:09 - INFO - epoch-407, train_mse_loss-0.0003241, train_kl_loss-0.0000000, val_mse_loss-0.0005543, val_kl_loss-0.0000000
2025-03-05 22:02:32 - INFO - epoch-408, train_mse_loss-0.0003241, train_kl_loss-0.0000000, val_mse_loss-0.0005557, val_kl_loss-0.0000000
2025-03-05 22:06:55 - INFO - epoch-409, train_mse_loss-0.0003241, train_kl_loss-0.0000000, val_mse_loss-0.0005574, val_kl_loss-0.0000000
2025-03-05 22:11:18 - INFO - epoch-410, train_mse_loss-0.0003241, train_kl_loss-0.0000000, val_mse_loss-0.0005545, val_kl_loss-0.0000000
2025-03-05 22:15:43 - INFO - epoch-411, train_mse_loss-0.0003241, train_kl_loss-0.0000000, val_mse_loss-0.0005560, val_kl_loss-0.0000000
2025-03-05 22:20:08 - INFO - epoch-412, train_mse_loss-0.0003241, train_kl_loss-0.0000000, val_mse_loss-0.0005607, val_kl_loss-0.0000000
2025-03-05 22:24:34 - INFO - epoch-413, train_mse_loss-0.0003241, train_kl_loss-0.0000000, val_mse_loss-0.0005493, val_kl_loss-0.0000000
2025-03-05 22:28:58 - INFO - epoch-414, train_mse_loss-0.0003241, train_kl_loss-0.0000000, val_mse_loss-0.0005626, val_kl_loss-0.0000000
2025-03-05 22:33:22 - INFO - epoch-415, train_mse_loss-0.0003241, train_kl_loss-0.0000000, val_mse_loss-0.0005596, val_kl_loss-0.0000000
2025-03-05 22:37:47 - INFO - epoch-416, train_mse_loss-0.0003241, train_kl_loss-0.0000000, val_mse_loss-0.0005531, val_kl_loss-0.0000000
2025-03-05 22:42:13 - INFO - epoch-417, train_mse_loss-0.0003241, train_kl_loss-0.0000000, val_mse_loss-0.0005563, val_kl_loss-0.0000000
2025-03-05 22:46:37 - INFO - epoch-418, train_mse_loss-0.0003241, train_kl_loss-0.0000000, val_mse_loss-0.0005601, val_kl_loss-0.0000000
2025-03-05 22:50:58 - INFO - epoch-419, train_mse_loss-0.0003241, train_kl_loss-0.0000000, val_mse_loss-0.0005641, val_kl_loss-0.0000000
2025-03-05 22:55:22 - INFO - epoch-420, train_mse_loss-0.0003241, train_kl_loss-0.0000000, val_mse_loss-0.0005561, val_kl_loss-0.0000000
2025-03-05 22:59:47 - INFO - epoch-421, train_mse_loss-0.0003241, train_kl_loss-0.0000000, val_mse_loss-0.0005674, val_kl_loss-0.0000000
2025-03-05 23:04:11 - INFO - epoch-422, train_mse_loss-0.0003241, train_kl_loss-0.0000000, val_mse_loss-0.0005526, val_kl_loss-0.0000000
2025-03-05 23:08:34 - INFO - epoch-423, train_mse_loss-0.0003241, train_kl_loss-0.0000000, val_mse_loss-0.0005664, val_kl_loss-0.0000000
2025-03-05 23:12:56 - INFO - epoch-424, train_mse_loss-0.0003241, train_kl_loss-0.0000000, val_mse_loss-0.0005587, val_kl_loss-0.0000000
2025-03-05 23:17:14 - INFO - epoch-425, train_mse_loss-0.0003241, train_kl_loss-0.0000000, val_mse_loss-0.0005654, val_kl_loss-0.0000000
2025-03-05 23:21:26 - INFO - epoch-426, train_mse_loss-0.0003241, train_kl_loss-0.0000000, val_mse_loss-0.0005484, val_kl_loss-0.0000000
2025-03-05 23:25:37 - INFO - epoch-427, train_mse_loss-0.0003241, train_kl_loss-0.0000000, val_mse_loss-0.0005623, val_kl_loss-0.0000000
2025-03-05 23:29:48 - INFO - epoch-428, train_mse_loss-0.0003241, train_kl_loss-0.0000000, val_mse_loss-0.0005600, val_kl_loss-0.0000000
2025-03-05 23:34:00 - INFO - epoch-429, train_mse_loss-0.0003241, train_kl_loss-0.0000000, val_mse_loss-0.0005527, val_kl_loss-0.0000000
2025-03-05 23:38:14 - INFO - epoch-430, train_mse_loss-0.0003241, train_kl_loss-0.0000000, val_mse_loss-0.0005618, val_kl_loss-0.0000000
2025-03-05 23:42:29 - INFO - epoch-431, train_mse_loss-0.0003241, train_kl_loss-0.0000000, val_mse_loss-0.0005600, val_kl_loss-0.0000000
2025-03-05 23:46:41 - INFO - epoch-432, train_mse_loss-0.0003241, train_kl_loss-0.0000000, val_mse_loss-0.0005608, val_kl_loss-0.0000000
2025-03-05 23:50:54 - INFO - epoch-433, train_mse_loss-0.0003241, train_kl_loss-0.0000000, val_mse_loss-0.0005647, val_kl_loss-0.0000000
2025-03-05 23:55:07 - INFO - epoch-434, train_mse_loss-0.0003241, train_kl_loss-0.0000000, val_mse_loss-0.0005583, val_kl_loss-0.0000000
2025-03-05 23:59:19 - INFO - epoch-435, train_mse_loss-0.0003241, train_kl_loss-0.0000000, val_mse_loss-0.0005631, val_kl_loss-0.0000000
2025-03-06 00:03:33 - INFO - epoch-436, train_mse_loss-0.0003241, train_kl_loss-0.0000000, val_mse_loss-0.0005538, val_kl_loss-0.0000000
2025-03-06 00:07:47 - INFO - epoch-437, train_mse_loss-0.0003241, train_kl_loss-0.0000000, val_mse_loss-0.0005634, val_kl_loss-0.0000000
2025-03-06 00:12:00 - INFO - epoch-438, train_mse_loss-0.0003241, train_kl_loss-0.0000000, val_mse_loss-0.0005588, val_kl_loss-0.0000000
2025-03-06 00:16:12 - INFO - epoch-439, train_mse_loss-0.0003241, train_kl_loss-0.0000000, val_mse_loss-0.0005666, val_kl_loss-0.0000000
2025-03-06 00:20:24 - INFO - epoch-440, train_mse_loss-0.0003241, train_kl_loss-0.0000000, val_mse_loss-0.0005489, val_kl_loss-0.0000000
2025-03-06 00:24:36 - INFO - epoch-441, train_mse_loss-0.0003241, train_kl_loss-0.0000000, val_mse_loss-0.0005559, val_kl_loss-0.0000000
2025-03-06 00:28:49 - INFO - epoch-442, train_mse_loss-0.0003241, train_kl_loss-0.0000000, val_mse_loss-0.0005596, val_kl_loss-0.0000000
2025-03-06 00:33:02 - INFO - epoch-443, train_mse_loss-0.0003241, train_kl_loss-0.0000000, val_mse_loss-0.0005638, val_kl_loss-0.0000000
2025-03-06 00:37:15 - INFO - epoch-444, train_mse_loss-0.0003241, train_kl_loss-0.0000000, val_mse_loss-0.0005563, val_kl_loss-0.0000000
2025-03-06 00:41:27 - INFO - epoch-445, train_mse_loss-0.0003241, train_kl_loss-0.0000000, val_mse_loss-0.0005515, val_kl_loss-0.0000000
2025-03-06 00:45:40 - INFO - epoch-446, train_mse_loss-0.0003241, train_kl_loss-0.0000000, val_mse_loss-0.0005561, val_kl_loss-0.0000000
2025-03-06 00:49:56 - INFO - epoch-447, train_mse_loss-0.0003241, train_kl_loss-0.0000000, val_mse_loss-0.0005587, val_kl_loss-0.0000000
2025-03-06 00:54:10 - INFO - epoch-448, train_mse_loss-0.0003241, train_kl_loss-0.0000000, val_mse_loss-0.0005564, val_kl_loss-0.0000000
2025-03-06 00:58:22 - INFO - epoch-449, train_mse_loss-0.0003241, train_kl_loss-0.0000000, val_mse_loss-0.0005627, val_kl_loss-0.0000000
2025-03-06 01:02:35 - INFO - epoch-450, train_mse_loss-0.0003241, train_kl_loss-0.0000000, val_mse_loss-0.0005666, val_kl_loss-0.0000000
2025-03-06 01:06:48 - INFO - epoch-451, train_mse_loss-0.0003241, train_kl_loss-0.0000000, val_mse_loss-0.0005622, val_kl_loss-0.0000000
2025-03-06 01:11:02 - INFO - epoch-452, train_mse_loss-0.0003241, train_kl_loss-0.0000000, val_mse_loss-0.0005596, val_kl_loss-0.0000000
2025-03-06 01:15:13 - INFO - epoch-453, train_mse_loss-0.0003241, train_kl_loss-0.0000000, val_mse_loss-0.0005617, val_kl_loss-0.0000000
2025-03-06 01:19:26 - INFO - epoch-454, train_mse_loss-0.0003241, train_kl_loss-0.0000000, val_mse_loss-0.0005608, val_kl_loss-0.0000000
2025-03-06 01:23:38 - INFO - epoch-455, train_mse_loss-0.0003241, train_kl_loss-0.0000000, val_mse_loss-0.0005606, val_kl_loss-0.0000000
2025-03-06 01:27:50 - INFO - epoch-456, train_mse_loss-0.0003241, train_kl_loss-0.0000000, val_mse_loss-0.0005525, val_kl_loss-0.0000000
2025-03-06 01:32:03 - INFO - epoch-457, train_mse_loss-0.0003241, train_kl_loss-0.0000000, val_mse_loss-0.0005658, val_kl_loss-0.0000000
2025-03-06 01:36:16 - INFO - epoch-458, train_mse_loss-0.0003241, train_kl_loss-0.0000000, val_mse_loss-0.0005599, val_kl_loss-0.0000000
2025-03-06 01:40:28 - INFO - epoch-459, train_mse_loss-0.0003241, train_kl_loss-0.0000000, val_mse_loss-0.0005498, val_kl_loss-0.0000000
2025-03-06 01:44:40 - INFO - epoch-460, train_mse_loss-0.0003241, train_kl_loss-0.0000000, val_mse_loss-0.0005563, val_kl_loss-0.0000000
2025-03-06 01:48:52 - INFO - epoch-461, train_mse_loss-0.0003241, train_kl_loss-0.0000000, val_mse_loss-0.0005656, val_kl_loss-0.0000000
2025-03-06 01:53:05 - INFO - epoch-462, train_mse_loss-0.0003241, train_kl_loss-0.0000000, val_mse_loss-0.0005669, val_kl_loss-0.0000000
2025-03-06 01:57:21 - INFO - epoch-463, train_mse_loss-0.0003241, train_kl_loss-0.0000000, val_mse_loss-0.0005569, val_kl_loss-0.0000000
2025-03-06 02:01:39 - INFO - epoch-464, train_mse_loss-0.0003241, train_kl_loss-0.0000000, val_mse_loss-0.0005553, val_kl_loss-0.0000000
2025-03-06 02:05:52 - INFO - epoch-465, train_mse_loss-0.0003241, train_kl_loss-0.0000000, val_mse_loss-0.0005654, val_kl_loss-0.0000000
2025-03-06 02:10:04 - INFO - epoch-466, train_mse_loss-0.0003241, train_kl_loss-0.0000000, val_mse_loss-0.0005662, val_kl_loss-0.0000000
2025-03-06 02:14:17 - INFO - epoch-467, train_mse_loss-0.0003241, train_kl_loss-0.0000000, val_mse_loss-0.0005580, val_kl_loss-0.0000000
2025-03-06 02:18:31 - INFO - epoch-468, train_mse_loss-0.0003241, train_kl_loss-0.0000000, val_mse_loss-0.0005787, val_kl_loss-0.0000000
2025-03-06 02:22:43 - INFO - epoch-469, train_mse_loss-0.0003241, train_kl_loss-0.0000000, val_mse_loss-0.0005581, val_kl_loss-0.0000000
2025-03-06 02:26:57 - INFO - epoch-470, train_mse_loss-0.0003241, train_kl_loss-0.0000000, val_mse_loss-0.0005633, val_kl_loss-0.0000000
2025-03-06 02:31:10 - INFO - epoch-471, train_mse_loss-0.0003241, train_kl_loss-0.0000000, val_mse_loss-0.0005688, val_kl_loss-0.0000000
2025-03-06 02:35:23 - INFO - epoch-472, train_mse_loss-0.0003241, train_kl_loss-0.0000000, val_mse_loss-0.0005707, val_kl_loss-0.0000000
2025-03-06 02:39:37 - INFO - epoch-473, train_mse_loss-0.0003241, train_kl_loss-0.0000000, val_mse_loss-0.0005620, val_kl_loss-0.0000000
2025-03-06 02:43:50 - INFO - epoch-474, train_mse_loss-0.0003241, train_kl_loss-0.0000000, val_mse_loss-0.0005665, val_kl_loss-0.0000000
2025-03-06 02:48:04 - INFO - epoch-475, train_mse_loss-0.0003241, train_kl_loss-0.0000000, val_mse_loss-0.0005667, val_kl_loss-0.0000000
2025-03-06 02:52:17 - INFO - epoch-476, train_mse_loss-0.0003241, train_kl_loss-0.0000000, val_mse_loss-0.0005621, val_kl_loss-0.0000000
2025-03-06 02:56:31 - INFO - epoch-477, train_mse_loss-0.0003241, train_kl_loss-0.0000000, val_mse_loss-0.0005620, val_kl_loss-0.0000000
2025-03-06 03:00:45 - INFO - epoch-478, train_mse_loss-0.0003241, train_kl_loss-0.0000000, val_mse_loss-0.0005566, val_kl_loss-0.0000000
2025-03-06 03:05:01 - INFO - epoch-479, train_mse_loss-0.0003241, train_kl_loss-0.0000000, val_mse_loss-0.0005643, val_kl_loss-0.0000000
2025-03-06 03:09:14 - INFO - epoch-480, train_mse_loss-0.0003241, train_kl_loss-0.0000000, val_mse_loss-0.0005608, val_kl_loss-0.0000000
2025-03-06 03:13:27 - INFO - epoch-481, train_mse_loss-0.0003241, train_kl_loss-0.0000000, val_mse_loss-0.0005673, val_kl_loss-0.0000000
2025-03-06 03:17:40 - INFO - epoch-482, train_mse_loss-0.0003241, train_kl_loss-0.0000000, val_mse_loss-0.0005683, val_kl_loss-0.0000000
2025-03-06 03:21:53 - INFO - epoch-483, train_mse_loss-0.0003241, train_kl_loss-0.0000000, val_mse_loss-0.0005477, val_kl_loss-0.0000000
2025-03-06 03:26:07 - INFO - epoch-484, train_mse_loss-0.0003241, train_kl_loss-0.0000000, val_mse_loss-0.0005555, val_kl_loss-0.0000000
2025-03-06 03:30:21 - INFO - epoch-485, train_mse_loss-0.0003241, train_kl_loss-0.0000000, val_mse_loss-0.0005626, val_kl_loss-0.0000000
2025-03-06 03:34:34 - INFO - epoch-486, train_mse_loss-0.0003241, train_kl_loss-0.0000000, val_mse_loss-0.0005500, val_kl_loss-0.0000000
2025-03-06 03:38:48 - INFO - epoch-487, train_mse_loss-0.0003241, train_kl_loss-0.0000000, val_mse_loss-0.0005668, val_kl_loss-0.0000000
2025-03-06 03:43:00 - INFO - epoch-488, train_mse_loss-0.0003241, train_kl_loss-0.0000000, val_mse_loss-0.0005561, val_kl_loss-0.0000000
2025-03-06 03:47:14 - INFO - epoch-489, train_mse_loss-0.0003241, train_kl_loss-0.0000000, val_mse_loss-0.0005641, val_kl_loss-0.0000000
2025-03-06 03:51:28 - INFO - epoch-490, train_mse_loss-0.0003241, train_kl_loss-0.0000000, val_mse_loss-0.0005696, val_kl_loss-0.0000000
2025-03-06 03:55:41 - INFO - epoch-491, train_mse_loss-0.0003241, train_kl_loss-0.0000000, val_mse_loss-0.0005661, val_kl_loss-0.0000000
2025-03-06 03:59:56 - INFO - epoch-492, train_mse_loss-0.0003241, train_kl_loss-0.0000000, val_mse_loss-0.0005451, val_kl_loss-0.0000000
2025-03-06 04:04:10 - INFO - epoch-493, train_mse_loss-0.0003241, train_kl_loss-0.0000000, val_mse_loss-0.0005586, val_kl_loss-0.0000000
2025-03-06 04:08:26 - INFO - epoch-494, train_mse_loss-0.0003241, train_kl_loss-0.0000000, val_mse_loss-0.0005650, val_kl_loss-0.0000000
2025-03-06 04:12:46 - INFO - epoch-495, train_mse_loss-0.0003241, train_kl_loss-0.0000000, val_mse_loss-0.0005681, val_kl_loss-0.0000000
2025-03-06 04:17:00 - INFO - epoch-496, train_mse_loss-0.0003241, train_kl_loss-0.0000000, val_mse_loss-0.0005584, val_kl_loss-0.0000000
2025-03-06 04:21:13 - INFO - epoch-497, train_mse_loss-0.0003241, train_kl_loss-0.0000000, val_mse_loss-0.0005484, val_kl_loss-0.0000000
2025-03-06 04:25:28 - INFO - epoch-498, train_mse_loss-0.0003241, train_kl_loss-0.0000000, val_mse_loss-0.0005581, val_kl_loss-0.0000000
2025-03-06 04:29:42 - INFO - epoch-499, train_mse_loss-0.0003241, train_kl_loss-0.0000000, val_mse_loss-0.0005666, val_kl_loss-0.0000000
