2024-12-20 19:37:37 - INFO - /mnt/cephfs/projects/2023110101_Ligand_fitting_to_EM_maps/My_Code/CryoLigate_Github/CryoLigate/GIGN/GIGN_EM/For_Elisei_Nov_2024/CryoLigate_GIGN_Unet/train_example.py
2024-12-20 19:37:37 - INFO - train data: 6809
2024-12-20 19:37:37 - INFO - valid data: 757
2024-12-20 19:37:52 - INFO - Initial_train_loss-0.0069752  Initial_val_loss-0.0069728
2024-12-20 19:38:24 - INFO - epoch-0, train_loss-0.0136582, val_loss-0.0149866
2024-12-20 19:38:57 - INFO - epoch-1, train_loss-0.0007976, val_loss-0.0157518
2024-12-20 19:39:29 - INFO - epoch-2, train_loss-0.0007386, val_loss-0.0161730
2024-12-20 19:40:02 - INFO - epoch-3, train_loss-0.0007114, val_loss-0.0163972
2024-12-20 19:40:35 - INFO - epoch-4, train_loss-0.0006961, val_loss-0.0165202
2024-12-20 19:41:08 - INFO - epoch-5, train_loss-0.0006864, val_loss-0.0166828
2024-12-20 19:41:40 - INFO - epoch-6, train_loss-0.0006797, val_loss-0.0168686
2024-12-20 19:42:13 - INFO - epoch-7, train_loss-0.0006750, val_loss-0.0169247
2024-12-20 19:42:46 - INFO - epoch-8, train_loss-0.0006715, val_loss-0.0170362
2024-12-20 19:43:18 - INFO - epoch-9, train_loss-0.0006687, val_loss-0.0172798
2024-12-20 19:43:52 - INFO - epoch-10, train_loss-0.0006664, val_loss-0.0175612
2024-12-20 19:44:25 - INFO - epoch-11, train_loss-0.0006648, val_loss-0.0178133
2024-12-20 19:44:57 - INFO - epoch-12, train_loss-0.0006635, val_loss-0.0180034
2024-12-20 19:45:29 - INFO - epoch-13, train_loss-0.0006624, val_loss-0.0181536
2024-12-20 19:46:02 - INFO - epoch-14, train_loss-0.0006615, val_loss-0.0182739
2024-12-20 19:46:35 - INFO - epoch-15, train_loss-0.0006607, val_loss-0.0184456
2024-12-20 19:47:07 - INFO - epoch-16, train_loss-0.0006600, val_loss-0.0186042
2024-12-20 19:47:40 - INFO - epoch-17, train_loss-0.0006594, val_loss-0.0187099
2024-12-20 19:48:12 - INFO - epoch-18, train_loss-0.0006589, val_loss-0.0188287
2024-12-20 19:48:45 - INFO - epoch-19, train_loss-0.0006584, val_loss-0.0189215
2024-12-20 19:49:18 - INFO - epoch-20, train_loss-0.0006579, val_loss-0.0190528
2024-12-20 19:49:51 - INFO - epoch-21, train_loss-0.0006575, val_loss-0.0190659
2024-12-20 19:50:24 - INFO - epoch-22, train_loss-0.0006570, val_loss-0.0191465
2024-12-20 19:50:57 - INFO - epoch-23, train_loss-0.0006568, val_loss-0.0191462
2024-12-20 19:51:29 - INFO - epoch-24, train_loss-0.0006566, val_loss-0.0191045
2024-12-20 19:52:03 - INFO - epoch-25, train_loss-0.0006563, val_loss-0.0189243
2024-12-20 19:52:36 - INFO - epoch-26, train_loss-0.0006561, val_loss-0.0188228
2024-12-20 19:53:09 - INFO - epoch-27, train_loss-0.0006558, val_loss-0.0185125
2024-12-20 19:53:43 - INFO - epoch-28, train_loss-0.0006555, val_loss-0.0183011
2024-12-20 19:54:15 - INFO - epoch-29, train_loss-0.0006553, val_loss-0.0178445
2024-12-20 19:54:48 - INFO - epoch-30, train_loss-0.0006550, val_loss-0.0174329
2024-12-20 19:55:20 - INFO - epoch-31, train_loss-0.0006549, val_loss-0.0169285
2024-12-20 19:55:53 - INFO - epoch-32, train_loss-0.0006547, val_loss-0.0164972
2024-12-20 19:56:26 - INFO - epoch-33, train_loss-0.0006545, val_loss-0.0159606
2024-12-20 19:56:59 - INFO - epoch-34, train_loss-0.0006543, val_loss-0.0152121
2024-12-20 19:57:31 - INFO - epoch-35, train_loss-0.0006541, val_loss-0.0149122
2024-12-20 19:58:04 - INFO - epoch-36, train_loss-0.0006539, val_loss-0.0144925
2024-12-20 19:58:36 - INFO - epoch-37, train_loss-0.0006537, val_loss-0.0141029
2024-12-20 19:59:09 - INFO - epoch-38, train_loss-0.0006534, val_loss-0.0137317
2024-12-20 19:59:41 - INFO - epoch-39, train_loss-0.0006532, val_loss-0.0133976
2024-12-20 20:00:14 - INFO - epoch-40, train_loss-0.0006529, val_loss-0.0127359
2024-12-20 20:00:46 - INFO - epoch-41, train_loss-0.0006526, val_loss-0.0122930
2024-12-20 20:01:19 - INFO - epoch-42, train_loss-0.0006523, val_loss-0.0116823
2024-12-20 20:01:51 - INFO - epoch-43, train_loss-0.0006521, val_loss-0.0113548
2024-12-20 20:02:25 - INFO - epoch-44, train_loss-0.0006517, val_loss-0.0110209
2024-12-20 20:02:58 - INFO - epoch-45, train_loss-0.0006515, val_loss-0.0104058
2024-12-20 20:03:30 - INFO - epoch-46, train_loss-0.0006513, val_loss-0.0098564
2024-12-20 20:04:03 - INFO - epoch-47, train_loss-0.0006511, val_loss-0.0095699
2024-12-20 20:04:35 - INFO - epoch-48, train_loss-0.0006508, val_loss-0.0090992
2024-12-20 20:05:08 - INFO - epoch-49, train_loss-0.0006506, val_loss-0.0087411
2024-12-20 20:05:40 - INFO - epoch-50, train_loss-0.0006502, val_loss-0.0080904
2024-12-20 20:06:13 - INFO - epoch-51, train_loss-0.0006502, val_loss-0.0073481
2024-12-20 20:06:46 - INFO - epoch-52, train_loss-0.0006500, val_loss-0.0068714
2024-12-20 20:07:19 - INFO - epoch-53, train_loss-0.0006500, val_loss-0.0065556
2024-12-20 20:07:51 - INFO - epoch-54, train_loss-0.0006497, val_loss-0.0060710
2024-12-20 20:08:24 - INFO - epoch-55, train_loss-0.0006496, val_loss-0.0060628
2024-12-20 20:08:56 - INFO - epoch-56, train_loss-0.0006490, val_loss-0.0054990
2024-12-20 20:09:29 - INFO - epoch-57, train_loss-0.0006487, val_loss-0.0051457
2024-12-20 20:10:01 - INFO - epoch-58, train_loss-0.0006485, val_loss-0.0045597
2024-12-20 20:10:34 - INFO - epoch-59, train_loss-0.0006481, val_loss-0.0041349
2024-12-20 20:11:06 - INFO - epoch-60, train_loss-0.0006475, val_loss-0.0037675
2024-12-20 20:11:39 - INFO - epoch-61, train_loss-0.0006471, val_loss-0.0033961
2024-12-20 20:12:11 - INFO - epoch-62, train_loss-0.0006465, val_loss-0.0030979
2024-12-20 20:12:45 - INFO - epoch-63, train_loss-0.0006463, val_loss-0.0028048
2024-12-20 20:13:17 - INFO - epoch-64, train_loss-0.0006456, val_loss-0.0024946
2024-12-20 20:13:50 - INFO - epoch-65, train_loss-0.0006459, val_loss-0.0022086
2024-12-20 20:14:23 - INFO - epoch-66, train_loss-0.0006456, val_loss-0.0021013
2024-12-20 20:14:56 - INFO - epoch-67, train_loss-0.0006451, val_loss-0.0018896
2024-12-20 20:15:28 - INFO - epoch-68, train_loss-0.0006451, val_loss-0.0016980
2024-12-20 20:16:01 - INFO - epoch-69, train_loss-0.0006445, val_loss-0.0015754
2024-12-20 20:16:33 - INFO - epoch-70, train_loss-0.0006441, val_loss-0.0014551
2024-12-20 20:17:06 - INFO - epoch-71, train_loss-0.0006442, val_loss-0.0013435
2024-12-20 20:17:39 - INFO - epoch-72, train_loss-0.0006437, val_loss-0.0012263
2024-12-20 20:18:11 - INFO - epoch-73, train_loss-0.0006437, val_loss-0.0011259
2024-12-20 20:18:44 - INFO - epoch-74, train_loss-0.0006429, val_loss-0.0010298
2024-12-20 20:19:16 - INFO - epoch-75, train_loss-0.0006426, val_loss-0.0009663
2024-12-20 20:19:49 - INFO - epoch-76, train_loss-0.0006424, val_loss-0.0009115
2024-12-20 20:20:21 - INFO - epoch-77, train_loss-0.0006415, val_loss-0.0008653
2024-12-20 20:20:53 - INFO - epoch-78, train_loss-0.0006412, val_loss-0.0008147
2024-12-20 20:21:26 - INFO - epoch-79, train_loss-0.0006410, val_loss-0.0007807
2024-12-20 20:23:24 - INFO - epoch-80, train_loss-0.0006407, val_loss-0.0007633
2024-12-20 20:25:06 - INFO - epoch-81, train_loss-0.0006404, val_loss-0.0007560
2024-12-20 20:25:38 - INFO - epoch-82, train_loss-0.0006403, val_loss-0.0007451
2024-12-20 20:26:11 - INFO - epoch-83, train_loss-0.0006398, val_loss-0.0007597
2024-12-20 20:26:43 - INFO - epoch-84, train_loss-0.0006388, val_loss-0.0007870
2024-12-20 20:27:16 - INFO - epoch-85, train_loss-0.0006382, val_loss-0.0007821
2024-12-20 20:27:48 - INFO - epoch-86, train_loss-0.0006390, val_loss-0.0007774
2024-12-20 20:28:21 - INFO - epoch-87, train_loss-0.0006376, val_loss-0.0008228
2024-12-20 20:28:53 - INFO - epoch-88, train_loss-0.0006363, val_loss-0.0008760
2024-12-20 20:29:26 - INFO - epoch-89, train_loss-0.0006388, val_loss-0.0008136
2024-12-20 20:29:59 - INFO - epoch-90, train_loss-0.0006390, val_loss-0.0008780
2024-12-20 20:30:32 - INFO - epoch-91, train_loss-0.0006393, val_loss-0.0008928
2024-12-20 20:31:04 - INFO - epoch-92, train_loss-0.0006389, val_loss-0.0009620
2024-12-20 20:31:36 - INFO - epoch-93, train_loss-0.0006390, val_loss-0.0008908
2024-12-20 20:32:09 - INFO - epoch-94, train_loss-0.0006361, val_loss-0.0008127
2024-12-20 20:32:42 - INFO - epoch-95, train_loss-0.0006358, val_loss-0.0007666
2024-12-20 20:33:15 - INFO - epoch-96, train_loss-0.0006374, val_loss-0.0007902
2024-12-20 20:33:47 - INFO - epoch-97, train_loss-0.0006346, val_loss-0.0008786
2024-12-20 20:34:20 - INFO - epoch-98, train_loss-0.0006333, val_loss-0.0009108
2024-12-20 20:34:52 - INFO - epoch-99, train_loss-0.0006303, val_loss-0.0009138
2024-12-20 20:35:26 - INFO - epoch-100, train_loss-0.0006358, val_loss-0.0009574
2024-12-20 20:35:58 - INFO - epoch-101, train_loss-0.0006340, val_loss-0.0011329
2024-12-20 20:36:30 - INFO - epoch-102, train_loss-0.0006265, val_loss-0.0013062
2024-12-20 20:37:03 - INFO - epoch-103, train_loss-0.0006289, val_loss-0.0012068
2024-12-20 20:37:35 - INFO - epoch-104, train_loss-0.0006318, val_loss-0.0011642
2024-12-20 20:38:08 - INFO - epoch-105, train_loss-0.0006323, val_loss-0.0011024
2024-12-20 20:38:41 - INFO - epoch-106, train_loss-0.0006298, val_loss-0.0010967
2024-12-20 20:39:14 - INFO - epoch-107, train_loss-0.0006319, val_loss-0.0010133
2024-12-20 20:39:46 - INFO - epoch-108, train_loss-0.0006323, val_loss-0.0008781
2024-12-20 20:40:18 - INFO - epoch-109, train_loss-0.0006253, val_loss-0.0008608
2024-12-20 20:40:51 - INFO - epoch-110, train_loss-0.0006293, val_loss-0.0008912
2024-12-20 20:41:23 - INFO - epoch-111, train_loss-0.0006269, val_loss-0.0009451
2024-12-20 20:41:56 - INFO - epoch-112, train_loss-0.0006294, val_loss-0.0008126
2024-12-20 20:42:28 - INFO - epoch-113, train_loss-0.0006480, val_loss-0.0008421
2024-12-20 20:43:01 - INFO - epoch-114, train_loss-0.0006285, val_loss-0.0007984
2024-12-20 20:43:34 - INFO - epoch-115, train_loss-0.0006252, val_loss-0.0008242
2024-12-20 20:44:07 - INFO - epoch-116, train_loss-0.0006252, val_loss-0.0008131
2024-12-20 20:44:39 - INFO - epoch-117, train_loss-0.0006199, val_loss-0.0008269
2024-12-20 20:45:11 - INFO - epoch-118, train_loss-0.0006160, val_loss-0.0007360
2024-12-20 20:45:44 - INFO - epoch-119, train_loss-0.0006196, val_loss-0.0008412
2024-12-20 20:46:16 - INFO - epoch-120, train_loss-0.0006203, val_loss-0.0007578
2024-12-20 20:46:49 - INFO - epoch-121, train_loss-0.0006201, val_loss-0.0008558
2024-12-20 20:47:21 - INFO - epoch-122, train_loss-0.0006220, val_loss-0.0007263
2024-12-20 20:47:53 - INFO - epoch-123, train_loss-0.0006191, val_loss-0.0007379
2024-12-20 20:48:26 - INFO - epoch-124, train_loss-0.0006148, val_loss-0.0007375
2024-12-20 20:48:58 - INFO - epoch-125, train_loss-0.0006063, val_loss-0.0007662
2024-12-20 20:49:32 - INFO - epoch-126, train_loss-0.0006059, val_loss-0.0007460
2024-12-20 20:50:04 - INFO - epoch-127, train_loss-0.0006055, val_loss-0.0007488
2024-12-20 20:50:37 - INFO - epoch-128, train_loss-0.0006085, val_loss-0.0007528
2024-12-20 20:51:09 - INFO - epoch-129, train_loss-0.0006021, val_loss-0.0007737
2024-12-20 20:51:41 - INFO - epoch-130, train_loss-0.0005956, val_loss-0.0007640
2024-12-20 20:52:14 - INFO - epoch-131, train_loss-0.0005937, val_loss-0.0007468
2024-12-20 20:52:46 - INFO - epoch-132, train_loss-0.0005898, val_loss-0.0007660
2024-12-20 20:53:19 - INFO - epoch-133, train_loss-0.0005852, val_loss-0.0007836
2024-12-20 20:53:52 - INFO - epoch-134, train_loss-0.0005836, val_loss-0.0007974
2024-12-20 20:54:25 - INFO - epoch-135, train_loss-0.0005804, val_loss-0.0007708
2024-12-20 20:54:57 - INFO - epoch-136, train_loss-0.0005776, val_loss-0.0007751
2024-12-20 20:55:29 - INFO - epoch-137, train_loss-0.0005781, val_loss-0.0007730
2024-12-20 20:56:02 - INFO - epoch-138, train_loss-0.0005776, val_loss-0.0007664
2024-12-20 20:56:34 - INFO - epoch-139, train_loss-0.0005751, val_loss-0.0007561
2024-12-20 20:57:07 - INFO - epoch-140, train_loss-0.0005734, val_loss-0.0007546
2024-12-20 20:57:39 - INFO - epoch-141, train_loss-0.0005705, val_loss-0.0007597
2024-12-20 20:58:11 - INFO - epoch-142, train_loss-0.0005678, val_loss-0.0007551
2024-12-20 20:58:44 - INFO - epoch-143, train_loss-0.0005656, val_loss-0.0007613
2024-12-20 20:59:16 - INFO - epoch-144, train_loss-0.0005630, val_loss-0.0007643
2024-12-20 20:59:48 - INFO - epoch-145, train_loss-0.0005665, val_loss-0.0006892
2024-12-20 21:00:21 - INFO - epoch-146, train_loss-0.0005595, val_loss-0.0006932
2024-12-20 21:00:53 - INFO - epoch-147, train_loss-0.0005601, val_loss-0.0006894
2024-12-20 21:01:27 - INFO - epoch-148, train_loss-0.0005590, val_loss-0.0006832
2024-12-20 21:02:00 - INFO - epoch-149, train_loss-0.0005576, val_loss-0.0007016
2024-12-20 21:02:32 - INFO - epoch-150, train_loss-0.0005598, val_loss-0.0007213
2024-12-20 21:03:04 - INFO - epoch-151, train_loss-0.0005599, val_loss-0.0007213
2024-12-20 21:03:37 - INFO - epoch-152, train_loss-0.0005557, val_loss-0.0007130
2024-12-20 21:04:09 - INFO - epoch-153, train_loss-0.0005526, val_loss-0.0007107
2024-12-20 21:04:41 - INFO - epoch-154, train_loss-0.0005494, val_loss-0.0007191
2024-12-20 21:05:14 - INFO - epoch-155, train_loss-0.0005488, val_loss-0.0007147
2024-12-20 21:05:46 - INFO - epoch-156, train_loss-0.0005476, val_loss-0.0007396
2024-12-20 21:06:19 - INFO - epoch-157, train_loss-0.0005451, val_loss-0.0007071
2024-12-20 21:06:53 - INFO - epoch-158, train_loss-0.0005421, val_loss-0.0007131
2024-12-20 21:07:25 - INFO - epoch-159, train_loss-0.0005410, val_loss-0.0006970
2024-12-20 21:07:58 - INFO - epoch-160, train_loss-0.0005364, val_loss-0.0006976
2024-12-20 21:08:30 - INFO - epoch-161, train_loss-0.0005346, val_loss-0.0006931
2024-12-20 21:09:02 - INFO - epoch-162, train_loss-0.0005322, val_loss-0.0007030
2024-12-20 21:09:36 - INFO - epoch-163, train_loss-0.0005305, val_loss-0.0006895
2024-12-20 21:10:08 - INFO - epoch-164, train_loss-0.0005316, val_loss-0.0006906
2024-12-20 21:10:40 - INFO - epoch-165, train_loss-0.0005283, val_loss-0.0006741
2024-12-20 21:11:14 - INFO - epoch-166, train_loss-0.0005267, val_loss-0.0006901
2024-12-20 21:11:46 - INFO - epoch-167, train_loss-0.0005255, val_loss-0.0006850
2024-12-20 21:12:19 - INFO - epoch-168, train_loss-0.0005230, val_loss-0.0006780
2024-12-20 21:12:51 - INFO - epoch-169, train_loss-0.0005583, val_loss-0.0011037
2024-12-20 21:13:23 - INFO - epoch-170, train_loss-0.0005183, val_loss-0.0011313
2024-12-20 21:13:56 - INFO - epoch-171, train_loss-0.0005189, val_loss-0.0011297
2024-12-20 21:14:28 - INFO - epoch-172, train_loss-0.0005167, val_loss-0.0011191
2024-12-20 21:15:01 - INFO - epoch-173, train_loss-0.0005137, val_loss-0.0010984
2024-12-20 21:15:46 - INFO - epoch-174, train_loss-0.0005135, val_loss-0.0011213
2024-12-20 21:18:20 - INFO - epoch-175, train_loss-0.0005110, val_loss-0.0011773
2024-12-20 21:18:52 - INFO - epoch-176, train_loss-0.0005090, val_loss-0.0012130
2024-12-20 21:19:24 - INFO - epoch-177, train_loss-0.0005079, val_loss-0.0012164
2024-12-20 21:19:56 - INFO - epoch-178, train_loss-0.0005067, val_loss-0.0011860
2024-12-20 21:20:29 - INFO - epoch-179, train_loss-0.0005061, val_loss-0.0012669
2024-12-20 21:21:01 - INFO - epoch-180, train_loss-0.0005018, val_loss-0.0014987
2024-12-20 21:21:33 - INFO - epoch-181, train_loss-0.0005000, val_loss-0.0011738
2024-12-20 21:22:06 - INFO - epoch-182, train_loss-0.0004986, val_loss-0.0012062
2024-12-20 21:22:38 - INFO - epoch-183, train_loss-0.0004983, val_loss-0.0010457
2024-12-20 21:23:10 - INFO - epoch-184, train_loss-0.0004962, val_loss-0.0009688
2024-12-20 21:23:43 - INFO - epoch-185, train_loss-0.0004948, val_loss-0.0010464
2024-12-20 21:24:15 - INFO - epoch-186, train_loss-0.0004912, val_loss-0.0010292
2024-12-20 21:24:47 - INFO - epoch-187, train_loss-0.0004874, val_loss-0.0010119
2024-12-20 21:25:20 - INFO - epoch-188, train_loss-0.0004881, val_loss-0.0010006
2024-12-20 21:25:52 - INFO - epoch-189, train_loss-0.0004862, val_loss-0.0010242
2024-12-20 21:26:24 - INFO - epoch-190, train_loss-0.0004856, val_loss-0.0008899
2024-12-20 21:26:56 - INFO - epoch-191, train_loss-0.0004852, val_loss-0.0008764
2024-12-20 21:27:29 - INFO - epoch-192, train_loss-0.0004823, val_loss-0.0008847
2024-12-20 21:28:01 - INFO - epoch-193, train_loss-0.0004783, val_loss-0.0008674
2024-12-20 21:28:33 - INFO - epoch-194, train_loss-0.0004770, val_loss-0.0008426
2024-12-20 21:29:06 - INFO - epoch-195, train_loss-0.0004744, val_loss-0.0008007
2024-12-20 21:29:38 - INFO - epoch-196, train_loss-0.0004727, val_loss-0.0007858
2024-12-20 21:30:10 - INFO - epoch-197, train_loss-0.0004717, val_loss-0.0007779
2024-12-20 21:30:42 - INFO - epoch-198, train_loss-0.0004750, val_loss-0.0007391
2024-12-20 21:31:15 - INFO - epoch-199, train_loss-0.0004730, val_loss-0.0007428
2024-12-20 21:31:47 - INFO - epoch-200, train_loss-0.0004717, val_loss-0.0007425
2024-12-20 21:32:19 - INFO - epoch-201, train_loss-0.0004710, val_loss-0.0007182
2024-12-20 21:32:52 - INFO - epoch-202, train_loss-0.0004676, val_loss-0.0006943
2024-12-20 21:33:24 - INFO - epoch-203, train_loss-0.0004665, val_loss-0.0006937
2024-12-20 21:33:56 - INFO - epoch-204, train_loss-0.0004653, val_loss-0.0006932
2024-12-20 21:34:28 - INFO - epoch-205, train_loss-0.0004639, val_loss-0.0006875
2024-12-20 21:35:01 - INFO - epoch-206, train_loss-0.0004618, val_loss-0.0006967
2024-12-20 21:35:34 - INFO - epoch-207, train_loss-0.0004612, val_loss-0.0006883
2024-12-20 21:36:06 - INFO - epoch-208, train_loss-0.0004595, val_loss-0.0006961
2024-12-20 21:36:38 - INFO - epoch-209, train_loss-0.0004581, val_loss-0.0006845
2024-12-20 21:37:11 - INFO - epoch-210, train_loss-0.0004579, val_loss-0.0006943
2024-12-20 21:37:43 - INFO - epoch-211, train_loss-0.0004581, val_loss-0.0006932
2024-12-20 21:38:15 - INFO - epoch-212, train_loss-0.0004551, val_loss-0.0006864
2024-12-20 21:38:48 - INFO - epoch-213, train_loss-0.0004554, val_loss-0.0006923
2024-12-20 21:39:20 - INFO - epoch-214, train_loss-0.0004544, val_loss-0.0006954
2024-12-20 21:39:52 - INFO - epoch-215, train_loss-0.0004519, val_loss-0.0006833
2024-12-20 21:40:24 - INFO - epoch-216, train_loss-0.0004513, val_loss-0.0006872
2024-12-20 21:40:58 - INFO - epoch-217, train_loss-0.0004483, val_loss-0.0006928
2024-12-20 21:41:31 - INFO - epoch-218, train_loss-0.0004473, val_loss-0.0006857
2024-12-20 21:42:03 - INFO - epoch-219, train_loss-0.0004471, val_loss-0.0006900
2024-12-20 21:42:36 - INFO - epoch-220, train_loss-0.0004465, val_loss-0.0006798
2024-12-20 21:43:08 - INFO - epoch-221, train_loss-0.0004453, val_loss-0.0006862
2024-12-20 21:43:41 - INFO - epoch-222, train_loss-0.0004435, val_loss-0.0006789
2024-12-20 21:44:13 - INFO - epoch-223, train_loss-0.0004443, val_loss-0.0006778
2024-12-20 21:44:46 - INFO - epoch-224, train_loss-0.0004422, val_loss-0.0006778
2024-12-20 21:45:19 - INFO - epoch-225, train_loss-0.0004399, val_loss-0.0006750
2024-12-20 21:45:51 - INFO - epoch-226, train_loss-0.0004380, val_loss-0.0006711
2024-12-20 21:46:23 - INFO - epoch-227, train_loss-0.0004381, val_loss-0.0006732
2024-12-20 21:46:55 - INFO - epoch-228, train_loss-0.0004372, val_loss-0.0006770
2024-12-20 21:47:27 - INFO - epoch-229, train_loss-0.0004366, val_loss-0.0006772
2024-12-20 21:48:00 - INFO - epoch-230, train_loss-0.0004383, val_loss-0.0006831
2024-12-20 21:48:32 - INFO - epoch-231, train_loss-0.0004381, val_loss-0.0006719
2024-12-20 21:49:04 - INFO - epoch-232, train_loss-0.0004376, val_loss-0.0006781
2024-12-20 21:49:36 - INFO - epoch-233, train_loss-0.0004373, val_loss-0.0006841
2024-12-20 21:50:10 - INFO - epoch-234, train_loss-0.0004369, val_loss-0.0006791
2024-12-20 21:50:42 - INFO - epoch-235, train_loss-0.0004376, val_loss-0.0006943
2024-12-20 21:51:14 - INFO - epoch-236, train_loss-0.0004375, val_loss-0.0006835
2024-12-20 21:51:46 - INFO - epoch-237, train_loss-0.0004353, val_loss-0.0006846
2024-12-20 21:52:19 - INFO - epoch-238, train_loss-0.0004339, val_loss-0.0007062
2024-12-20 21:52:52 - INFO - epoch-239, train_loss-0.0004327, val_loss-0.0006908
2024-12-20 21:53:24 - INFO - epoch-240, train_loss-0.0004321, val_loss-0.0006959
2024-12-20 21:53:57 - INFO - epoch-241, train_loss-0.0004312, val_loss-0.0006903
2024-12-20 21:54:29 - INFO - epoch-242, train_loss-0.0004306, val_loss-0.0006968
2024-12-20 21:55:01 - INFO - epoch-243, train_loss-0.0004308, val_loss-0.0006845
2024-12-20 21:55:33 - INFO - epoch-244, train_loss-0.0004305, val_loss-0.0006942
2024-12-20 21:56:05 - INFO - epoch-245, train_loss-0.0004335, val_loss-0.0006863
2024-12-20 21:56:38 - INFO - epoch-246, train_loss-0.0004317, val_loss-0.0006894
2024-12-20 21:57:10 - INFO - epoch-247, train_loss-0.0004315, val_loss-0.0006881
2024-12-20 21:57:42 - INFO - epoch-248, train_loss-0.0004270, val_loss-0.0006860
2024-12-20 21:58:14 - INFO - epoch-249, train_loss-0.0004234, val_loss-0.0006836
2024-12-20 21:58:46 - INFO - epoch-250, train_loss-0.0004233, val_loss-0.0006862
2024-12-20 21:59:18 - INFO - epoch-251, train_loss-0.0004240, val_loss-0.0006840
2024-12-20 21:59:51 - INFO - epoch-252, train_loss-0.0004226, val_loss-0.0006916
2024-12-20 22:00:23 - INFO - epoch-253, train_loss-0.0004205, val_loss-0.0006824
2024-12-20 22:00:55 - INFO - epoch-254, train_loss-0.0004201, val_loss-0.0006799
2024-12-20 22:01:27 - INFO - epoch-255, train_loss-0.0004209, val_loss-0.0006809
2024-12-20 22:01:59 - INFO - epoch-256, train_loss-0.0004224, val_loss-0.0006808
2024-12-20 22:02:32 - INFO - epoch-257, train_loss-0.0004211, val_loss-0.0006906
2024-12-20 22:03:04 - INFO - epoch-258, train_loss-0.0004195, val_loss-0.0006799
2024-12-20 22:03:36 - INFO - epoch-259, train_loss-0.0004184, val_loss-0.0006792
2024-12-20 22:04:08 - INFO - epoch-260, train_loss-0.0004204, val_loss-0.0006834
2024-12-20 22:04:41 - INFO - epoch-261, train_loss-0.0004208, val_loss-0.0006841
2024-12-20 22:05:13 - INFO - epoch-262, train_loss-0.0004211, val_loss-0.0006821
2024-12-20 22:05:45 - INFO - epoch-263, train_loss-0.0004191, val_loss-0.0006828
2024-12-20 22:06:17 - INFO - epoch-264, train_loss-0.0004166, val_loss-0.0006788
2024-12-20 22:06:49 - INFO - epoch-265, train_loss-0.0004132, val_loss-0.0006802
2024-12-20 22:07:22 - INFO - epoch-266, train_loss-0.0004110, val_loss-0.0006785
2024-12-20 22:07:54 - INFO - epoch-267, train_loss-0.0004081, val_loss-0.0006797
2024-12-20 22:08:26 - INFO - epoch-268, train_loss-0.0004095, val_loss-0.0006807
2024-12-20 22:08:58 - INFO - epoch-269, train_loss-0.0004075, val_loss-0.0006801
2024-12-20 22:12:05 - INFO - epoch-270, train_loss-0.0004076, val_loss-0.0006792
2024-12-20 22:12:37 - INFO - epoch-271, train_loss-0.0004092, val_loss-0.0006817
2024-12-20 22:13:10 - INFO - epoch-272, train_loss-0.0004109, val_loss-0.0006782
2024-12-20 22:13:42 - INFO - epoch-273, train_loss-0.0004139, val_loss-0.0006789
2024-12-20 22:14:14 - INFO - epoch-274, train_loss-0.0004151, val_loss-0.0006782
2024-12-20 22:14:47 - INFO - epoch-275, train_loss-0.0004134, val_loss-0.0006806
2024-12-20 22:15:19 - INFO - epoch-276, train_loss-0.0004102, val_loss-0.0006813
2024-12-20 22:15:51 - INFO - epoch-277, train_loss-0.0004050, val_loss-0.0006862
2024-12-20 22:16:23 - INFO - epoch-278, train_loss-0.0004046, val_loss-0.0006816
2024-12-20 22:16:55 - INFO - epoch-279, train_loss-0.0004033, val_loss-0.0006790
2024-12-20 22:17:28 - INFO - epoch-280, train_loss-0.0004032, val_loss-0.0006854
2024-12-20 22:18:00 - INFO - epoch-281, train_loss-0.0004038, val_loss-0.0006829
2024-12-20 22:18:32 - INFO - epoch-282, train_loss-0.0004023, val_loss-0.0006826
2024-12-20 22:19:04 - INFO - epoch-283, train_loss-0.0004012, val_loss-0.0006844
2024-12-20 22:19:36 - INFO - epoch-284, train_loss-0.0004021, val_loss-0.0006800
2024-12-20 22:20:10 - INFO - epoch-285, train_loss-0.0004055, val_loss-0.0006791
2024-12-20 22:20:42 - INFO - epoch-286, train_loss-0.0004051, val_loss-0.0006793
2024-12-20 22:21:14 - INFO - epoch-287, train_loss-0.0004055, val_loss-0.0006805
2024-12-20 22:21:46 - INFO - epoch-288, train_loss-0.0004088, val_loss-0.0006788
2024-12-20 22:22:19 - INFO - epoch-289, train_loss-0.0004074, val_loss-0.0006876
2024-12-20 22:22:52 - INFO - epoch-290, train_loss-0.0004030, val_loss-0.0006829
2024-12-20 22:23:24 - INFO - epoch-291, train_loss-0.0003995, val_loss-0.0006801
2024-12-20 22:23:56 - INFO - epoch-292, train_loss-0.0004002, val_loss-0.0006792
2024-12-20 22:24:28 - INFO - epoch-293, train_loss-0.0003993, val_loss-0.0006805
2024-12-20 22:25:00 - INFO - epoch-294, train_loss-0.0003953, val_loss-0.0007104
2024-12-20 22:25:33 - INFO - epoch-295, train_loss-0.0003940, val_loss-0.0006879
2024-12-20 22:26:05 - INFO - epoch-296, train_loss-0.0003958, val_loss-0.0006898
2024-12-20 22:26:37 - INFO - epoch-297, train_loss-0.0003963, val_loss-0.0006841
2024-12-20 22:27:09 - INFO - epoch-298, train_loss-0.0003955, val_loss-0.0006776
2024-12-20 22:27:41 - INFO - epoch-299, train_loss-0.0003946, val_loss-0.0006786
