2024-12-26 12:13:21 - INFO - /mnt/cephfs/projects/2023110101_Ligand_fitting_to_EM_maps/My_Code/CryoLigate_Github/CryoLigate/GIGN/GIGN_EM/For_Elisei_Nov_2024/CryoLigate_GIGN_Unet/train_example.py
2024-12-26 12:13:21 - INFO - train data: 6809
2024-12-26 12:13:21 - INFO - valid data: 757
2024-12-26 12:16:17 - INFO - epoch-0, train_loss-0.2113359, val_loss-0.2073488
2024-12-26 12:16:57 - INFO - epoch-1, train_loss-0.2045005, val_loss-0.2077363
2024-12-26 12:17:35 - INFO - epoch-2, train_loss-0.2034147, val_loss-0.2070664
2024-12-26 12:18:14 - INFO - epoch-3, train_loss-0.2026798, val_loss-0.2065660
2024-12-26 12:18:53 - INFO - epoch-4, train_loss-0.2022236, val_loss-0.2055883
2024-12-26 12:19:31 - INFO - epoch-5, train_loss-0.2017954, val_loss-0.2056923
2024-12-26 12:20:10 - INFO - epoch-6, train_loss-0.2012959, val_loss-0.2054328
2024-12-26 12:20:48 - INFO - epoch-7, train_loss-0.2010083, val_loss-0.2062663
2024-12-26 12:21:27 - INFO - epoch-8, train_loss-0.2005277, val_loss-0.2047743
2024-12-26 12:22:05 - INFO - epoch-9, train_loss-0.2000491, val_loss-0.2040649
2024-12-26 12:22:44 - INFO - epoch-10, train_loss-0.1989698, val_loss-0.2036342
2024-12-26 12:23:24 - INFO - epoch-11, train_loss-0.1985918, val_loss-0.2050594
2024-12-26 12:24:02 - INFO - epoch-12, train_loss-0.1978133, val_loss-0.2034972
2024-12-26 12:24:41 - INFO - epoch-13, train_loss-0.1965211, val_loss-0.2034865
2024-12-26 12:25:19 - INFO - epoch-14, train_loss-0.1949027, val_loss-0.2023012
2024-12-26 12:25:58 - INFO - epoch-15, train_loss-0.1938088, val_loss-0.2038045
2024-12-26 12:26:37 - INFO - epoch-16, train_loss-0.1909276, val_loss-0.2026403
2024-12-26 12:27:15 - INFO - epoch-17, train_loss-0.1899725, val_loss-0.2018956
2024-12-26 12:27:53 - INFO - epoch-18, train_loss-0.1861649, val_loss-0.2003636
2024-12-26 12:28:33 - INFO - epoch-19, train_loss-0.1821085, val_loss-0.2020441
2024-12-26 12:29:12 - INFO - epoch-20, train_loss-0.1760157, val_loss-0.2007553
2024-12-26 12:29:52 - INFO - epoch-21, train_loss-0.1700003, val_loss-0.2048768
2024-12-26 12:30:30 - INFO - epoch-22, train_loss-0.1614859, val_loss-0.2023541
2024-12-26 12:31:09 - INFO - epoch-23, train_loss-0.1518847, val_loss-0.2043413
2024-12-26 12:31:47 - INFO - epoch-24, train_loss-0.1400995, val_loss-0.2047062
2024-12-26 12:32:26 - INFO - epoch-25, train_loss-0.1288613, val_loss-0.2087895
2024-12-26 12:33:04 - INFO - epoch-26, train_loss-0.1170495, val_loss-0.2172085
2024-12-26 12:33:43 - INFO - epoch-27, train_loss-0.1025694, val_loss-0.2125804
2024-12-26 12:34:21 - INFO - epoch-28, train_loss-0.0910700, val_loss-0.2142817
2024-12-26 12:35:00 - INFO - epoch-29, train_loss-0.0795127, val_loss-0.2181962
2024-12-26 12:35:39 - INFO - epoch-30, train_loss-0.0703707, val_loss-0.2168273
2024-12-26 12:36:17 - INFO - epoch-31, train_loss-0.0624578, val_loss-0.2229424
2024-12-26 12:36:56 - INFO - epoch-32, train_loss-0.0564462, val_loss-0.2217925
2024-12-26 12:37:34 - INFO - epoch-33, train_loss-0.0521686, val_loss-0.2303800
2024-12-26 12:38:13 - INFO - epoch-34, train_loss-0.0509869, val_loss-0.2195781
2024-12-26 12:38:51 - INFO - epoch-35, train_loss-0.0444508, val_loss-0.2287103
2024-12-26 12:39:30 - INFO - epoch-36, train_loss-0.0421360, val_loss-0.2256782
2024-12-26 12:40:08 - INFO - epoch-37, train_loss-0.0389507, val_loss-0.2289966
2024-12-26 12:40:47 - INFO - epoch-38, train_loss-0.0362752, val_loss-0.2316457
2024-12-26 12:41:25 - INFO - epoch-39, train_loss-0.0328938, val_loss-0.2190232
2024-12-26 12:42:04 - INFO - epoch-40, train_loss-0.0315264, val_loss-0.2251601
2024-12-26 12:42:43 - INFO - epoch-41, train_loss-0.0286874, val_loss-0.2272255
2024-12-26 12:43:21 - INFO - epoch-42, train_loss-0.0289355, val_loss-0.2296093
2024-12-26 12:44:00 - INFO - epoch-43, train_loss-0.0301717, val_loss-0.2297338
2024-12-26 12:44:38 - INFO - epoch-44, train_loss-0.0280839, val_loss-0.2306076
2024-12-26 12:45:17 - INFO - epoch-45, train_loss-0.0278368, val_loss-0.2273831
2024-12-26 12:45:55 - INFO - epoch-46, train_loss-0.0257978, val_loss-0.2372392
2024-12-26 12:46:34 - INFO - epoch-47, train_loss-0.0249270, val_loss-0.2384955
2024-12-26 12:47:12 - INFO - epoch-48, train_loss-0.0246681, val_loss-0.2394569
2024-12-26 12:47:51 - INFO - epoch-49, train_loss-0.0226585, val_loss-0.2347407
2024-12-26 12:48:30 - INFO - epoch-50, train_loss-0.0219019, val_loss-0.2320591
2024-12-26 12:49:08 - INFO - epoch-51, train_loss-0.0209242, val_loss-0.2322994
2024-12-26 12:49:47 - INFO - epoch-52, train_loss-0.0217230, val_loss-0.2200908
2024-12-26 12:50:25 - INFO - epoch-53, train_loss-0.0208404, val_loss-0.2294489
2024-12-26 12:51:04 - INFO - epoch-54, train_loss-0.0195519, val_loss-0.2417376
2024-12-26 12:51:42 - INFO - epoch-55, train_loss-0.0183027, val_loss-0.2302383
2024-12-26 12:52:21 - INFO - epoch-56, train_loss-0.0178242, val_loss-0.2285658
2024-12-26 12:52:59 - INFO - epoch-57, train_loss-0.0168710, val_loss-0.2285178
2024-12-26 12:53:38 - INFO - epoch-58, train_loss-0.0168950, val_loss-0.2317394
2024-12-26 12:54:16 - INFO - epoch-59, train_loss-0.0181817, val_loss-0.2285270
2024-12-26 12:54:55 - INFO - epoch-60, train_loss-0.0180113, val_loss-0.2261815
2024-12-26 12:55:33 - INFO - epoch-61, train_loss-0.0169411, val_loss-0.2336956
2024-12-26 12:56:12 - INFO - epoch-62, train_loss-0.0169981, val_loss-0.2259152
2024-12-26 12:56:51 - INFO - epoch-63, train_loss-0.0177393, val_loss-0.2326150
2024-12-26 12:57:30 - INFO - epoch-64, train_loss-0.0172477, val_loss-0.2272356
2024-12-26 12:58:08 - INFO - epoch-65, train_loss-0.0165710, val_loss-0.2247003
2024-12-26 12:58:48 - INFO - epoch-66, train_loss-0.0169700, val_loss-0.2274247
2024-12-26 12:59:27 - INFO - epoch-67, train_loss-0.0168088, val_loss-0.2237841
2024-12-26 13:00:05 - INFO - epoch-68, train_loss-0.0180181, val_loss-0.2253306
2024-12-26 13:00:43 - INFO - epoch-69, train_loss-0.0159917, val_loss-0.2302191
2024-12-26 13:01:22 - INFO - epoch-70, train_loss-0.0151892, val_loss-0.2313167
2024-12-26 13:02:00 - INFO - epoch-71, train_loss-0.0152306, val_loss-0.2283222
2024-12-26 13:02:39 - INFO - epoch-72, train_loss-0.0140485, val_loss-0.2270140
2024-12-26 13:03:19 - INFO - epoch-73, train_loss-0.0136518, val_loss-0.2260548
2024-12-26 13:08:16 - INFO - epoch-74, train_loss-0.0133659, val_loss-0.2233244
2024-12-26 13:08:58 - INFO - epoch-75, train_loss-0.0144493, val_loss-0.2281687
2024-12-26 13:09:37 - INFO - epoch-76, train_loss-0.0158517, val_loss-0.2254697
2024-12-26 13:10:15 - INFO - epoch-77, train_loss-0.0171340, val_loss-0.2267578
2024-12-26 13:10:54 - INFO - epoch-78, train_loss-0.0173393, val_loss-0.2219018
2024-12-26 13:11:32 - INFO - epoch-79, train_loss-0.0156495, val_loss-0.2254557
2024-12-26 13:12:11 - INFO - epoch-80, train_loss-0.0145858, val_loss-0.2286675
2024-12-26 13:12:49 - INFO - epoch-81, train_loss-0.0142385, val_loss-0.2237904
2024-12-26 13:13:27 - INFO - epoch-82, train_loss-0.0143370, val_loss-0.2221488
2024-12-26 13:14:06 - INFO - epoch-83, train_loss-0.0146734, val_loss-0.2260281
2024-12-26 13:14:45 - INFO - epoch-84, train_loss-0.0133830, val_loss-0.2246642
2024-12-26 13:15:23 - INFO - epoch-85, train_loss-0.0120199, val_loss-0.2264449
2024-12-26 13:16:02 - INFO - epoch-86, train_loss-0.0109959, val_loss-0.2227305
2024-12-26 13:16:40 - INFO - epoch-87, train_loss-0.0110523, val_loss-0.2220823
2024-12-26 13:17:18 - INFO - epoch-88, train_loss-0.0129341, val_loss-0.2224275
2024-12-26 13:17:57 - INFO - epoch-89, train_loss-0.0121817, val_loss-0.2236058
2024-12-26 13:18:35 - INFO - epoch-90, train_loss-0.0108881, val_loss-0.2238109
2024-12-26 13:19:14 - INFO - epoch-91, train_loss-0.0111996, val_loss-0.2224106
2024-12-26 13:19:52 - INFO - epoch-92, train_loss-0.0116999, val_loss-0.2217324
2024-12-26 13:20:32 - INFO - epoch-93, train_loss-0.0132429, val_loss-0.2214062
2024-12-26 13:21:11 - INFO - epoch-94, train_loss-0.0127720, val_loss-0.2230249
2024-12-26 13:21:49 - INFO - epoch-95, train_loss-0.0118920, val_loss-0.2240042
2024-12-26 13:22:27 - INFO - epoch-96, train_loss-0.0121056, val_loss-0.2280341
2024-12-26 13:23:06 - INFO - epoch-97, train_loss-0.0121534, val_loss-0.2244464
2024-12-26 13:23:44 - INFO - epoch-98, train_loss-0.0105547, val_loss-0.2240276
2024-12-26 13:24:23 - INFO - epoch-99, train_loss-0.0109359, val_loss-0.2214771
2024-12-26 13:25:05 - INFO - epoch-100, train_loss-0.0133436, val_loss-0.2218213
2024-12-26 13:25:44 - INFO - epoch-101, train_loss-0.0128782, val_loss-0.2211019
2024-12-26 13:26:22 - INFO - epoch-102, train_loss-0.0123360, val_loss-0.2247833
2024-12-26 13:27:03 - INFO - epoch-103, train_loss-0.0131085, val_loss-0.2217036
2024-12-26 13:27:43 - INFO - epoch-104, train_loss-0.0146977, val_loss-0.2205667
2024-12-26 13:28:24 - INFO - epoch-105, train_loss-0.0127477, val_loss-0.2213485
2024-12-26 13:29:05 - INFO - epoch-106, train_loss-0.0113028, val_loss-0.2230949
2024-12-26 13:29:44 - INFO - epoch-107, train_loss-0.0105226, val_loss-0.2220285
2024-12-26 13:30:22 - INFO - epoch-108, train_loss-0.0106707, val_loss-0.2184541
2024-12-26 13:31:00 - INFO - epoch-109, train_loss-0.0093982, val_loss-0.2189923
2024-12-26 13:31:39 - INFO - epoch-110, train_loss-0.0086051, val_loss-0.2201128
2024-12-26 13:32:19 - INFO - epoch-111, train_loss-0.0087010, val_loss-0.2181733
2024-12-26 13:32:57 - INFO - epoch-112, train_loss-0.0087828, val_loss-0.2186528
2024-12-26 13:33:35 - INFO - epoch-113, train_loss-0.0094755, val_loss-0.2159003
2024-12-26 13:34:14 - INFO - epoch-114, train_loss-0.0114044, val_loss-0.2174042
2024-12-26 13:34:52 - INFO - epoch-115, train_loss-0.0127098, val_loss-0.2192291
2024-12-26 13:35:31 - INFO - epoch-116, train_loss-0.0110507, val_loss-0.2202183
2024-12-26 13:36:09 - INFO - epoch-117, train_loss-0.0104027, val_loss-0.2169656
2024-12-26 13:36:48 - INFO - epoch-118, train_loss-0.0104025, val_loss-0.2191094
2024-12-26 13:37:27 - INFO - epoch-119, train_loss-0.0098219, val_loss-0.2206251
2024-12-26 13:38:05 - INFO - epoch-120, train_loss-0.0092028, val_loss-0.2172234
2024-12-26 13:38:43 - INFO - epoch-121, train_loss-0.0113619, val_loss-0.2164988
2024-12-26 13:39:22 - INFO - epoch-122, train_loss-0.0123844, val_loss-0.2151794
2024-12-26 13:40:00 - INFO - epoch-123, train_loss-0.0100008, val_loss-0.2195583
2024-12-26 13:40:39 - INFO - epoch-124, train_loss-0.0097940, val_loss-0.2170625
2024-12-26 13:41:18 - INFO - epoch-125, train_loss-0.0098531, val_loss-0.2192047
2024-12-26 13:41:56 - INFO - epoch-126, train_loss-0.0099756, val_loss-0.2167323
2024-12-26 13:42:35 - INFO - epoch-127, train_loss-0.0087114, val_loss-0.2158305
2024-12-26 13:43:14 - INFO - epoch-128, train_loss-0.0079182, val_loss-0.2176247
2024-12-26 13:43:53 - INFO - epoch-129, train_loss-0.0085067, val_loss-0.2164511
2024-12-26 13:44:33 - INFO - epoch-130, train_loss-0.0087021, val_loss-0.2166070
2024-12-26 13:45:14 - INFO - epoch-131, train_loss-0.0094197, val_loss-0.2209561
2024-12-26 13:45:53 - INFO - epoch-132, train_loss-0.0099443, val_loss-0.2152460
2024-12-26 13:46:32 - INFO - epoch-133, train_loss-0.0106208, val_loss-0.2152901
2024-12-26 13:47:11 - INFO - epoch-134, train_loss-0.0108813, val_loss-0.2140086
2024-12-26 13:47:49 - INFO - epoch-135, train_loss-0.0107977, val_loss-0.2131230
2024-12-26 13:48:28 - INFO - epoch-136, train_loss-0.0111119, val_loss-0.2161280
2024-12-26 13:49:06 - INFO - epoch-137, train_loss-0.0111858, val_loss-0.2154523
2024-12-26 13:49:46 - INFO - epoch-138, train_loss-0.0113521, val_loss-0.2144173
2024-12-26 13:50:27 - INFO - epoch-139, train_loss-0.0094837, val_loss-0.2156594
2024-12-26 13:51:07 - INFO - epoch-140, train_loss-0.0086750, val_loss-0.2201459
2024-12-26 13:51:47 - INFO - epoch-141, train_loss-0.0093060, val_loss-0.2128229
2024-12-26 13:52:29 - INFO - epoch-142, train_loss-0.0102004, val_loss-0.2131756
2024-12-26 13:53:11 - INFO - epoch-143, train_loss-0.0100494, val_loss-0.2150745
2024-12-26 13:53:51 - INFO - epoch-144, train_loss-0.0084705, val_loss-0.2210115
2024-12-26 13:54:32 - INFO - epoch-145, train_loss-0.0072964, val_loss-0.2114964
2024-12-26 13:55:11 - INFO - epoch-146, train_loss-0.0062594, val_loss-0.2132112
2024-12-26 13:55:51 - INFO - epoch-147, train_loss-0.0051459, val_loss-0.2126538
2024-12-26 13:56:31 - INFO - epoch-148, train_loss-0.0058546, val_loss-0.2137583
2024-12-26 13:57:10 - INFO - epoch-149, train_loss-0.0067713, val_loss-0.2144605
2024-12-26 13:57:52 - INFO - epoch-150, train_loss-0.0075650, val_loss-0.2167404
2024-12-26 13:58:32 - INFO - epoch-151, train_loss-0.0077743, val_loss-0.2129322
2024-12-26 13:59:12 - INFO - epoch-152, train_loss-0.0091915, val_loss-0.2148080
2024-12-26 13:59:52 - INFO - epoch-153, train_loss-0.0103625, val_loss-0.2209382
2024-12-26 14:00:32 - INFO - epoch-154, train_loss-0.0103839, val_loss-0.2192504
2024-12-26 14:01:12 - INFO - epoch-155, train_loss-0.0113315, val_loss-0.2154904
2024-12-26 14:01:52 - INFO - epoch-156, train_loss-0.0099795, val_loss-0.2180279
2024-12-26 14:02:35 - INFO - epoch-157, train_loss-0.0084575, val_loss-0.2163988
2024-12-26 14:03:19 - INFO - epoch-158, train_loss-0.0087884, val_loss-0.2170513
2024-12-26 14:03:59 - INFO - epoch-159, train_loss-0.0086902, val_loss-0.2168896
2024-12-26 14:04:39 - INFO - epoch-160, train_loss-0.0094057, val_loss-0.2178340
2024-12-26 14:05:19 - INFO - epoch-161, train_loss-0.0082177, val_loss-0.2133934
2024-12-26 14:05:59 - INFO - epoch-162, train_loss-0.0075344, val_loss-0.2149998
2024-12-26 14:06:39 - INFO - epoch-163, train_loss-0.0064532, val_loss-0.2133411
2024-12-26 14:07:18 - INFO - epoch-164, train_loss-0.0080950, val_loss-0.2204918
2024-12-26 14:07:58 - INFO - epoch-165, train_loss-0.0087426, val_loss-0.2170842
2024-12-26 14:08:39 - INFO - epoch-166, train_loss-0.0081638, val_loss-0.2152962
2024-12-26 14:09:19 - INFO - epoch-167, train_loss-0.0063517, val_loss-0.2134765
2024-12-26 14:09:59 - INFO - epoch-168, train_loss-0.0066835, val_loss-0.2095004
2024-12-26 14:10:40 - INFO - epoch-169, train_loss-0.0067385, val_loss-0.2123705
2024-12-26 14:11:21 - INFO - epoch-170, train_loss-0.0070962, val_loss-0.2129797
2024-12-26 14:12:02 - INFO - epoch-171, train_loss-0.0085000, val_loss-0.2118177
2024-12-26 14:12:43 - INFO - epoch-172, train_loss-0.0106078, val_loss-0.2130805
2024-12-26 14:13:23 - INFO - epoch-173, train_loss-0.0093212, val_loss-0.2147580
2024-12-26 14:14:03 - INFO - epoch-174, train_loss-0.0092246, val_loss-0.2109840
2024-12-26 14:14:44 - INFO - epoch-175, train_loss-0.0095912, val_loss-0.2128127
2024-12-26 14:15:26 - INFO - epoch-176, train_loss-0.0104022, val_loss-0.2137732
2024-12-26 14:16:06 - INFO - epoch-177, train_loss-0.0107258, val_loss-0.2119020
2024-12-26 14:16:46 - INFO - epoch-178, train_loss-0.0089842, val_loss-0.2139468
2024-12-26 14:17:28 - INFO - epoch-179, train_loss-0.0080332, val_loss-0.2116824
2024-12-26 14:18:09 - INFO - epoch-180, train_loss-0.0075249, val_loss-0.2133136
2024-12-26 14:18:49 - INFO - epoch-181, train_loss-0.0060654, val_loss-0.2133173
2024-12-26 14:19:30 - INFO - epoch-182, train_loss-0.0048118, val_loss-0.2124113
2024-12-26 14:20:10 - INFO - epoch-183, train_loss-0.0046785, val_loss-0.2121987
2024-12-26 14:20:53 - INFO - epoch-184, train_loss-0.0046189, val_loss-0.2131476
2024-12-26 14:21:34 - INFO - epoch-185, train_loss-0.0050001, val_loss-0.2134678
2024-12-26 14:22:14 - INFO - epoch-186, train_loss-0.0053201, val_loss-0.2103680
2024-12-26 14:22:54 - INFO - epoch-187, train_loss-0.0053728, val_loss-0.2110826
2024-12-26 14:23:34 - INFO - epoch-188, train_loss-0.0052987, val_loss-0.2132981
2024-12-26 14:24:16 - INFO - epoch-189, train_loss-0.0053592, val_loss-0.2105944
2024-12-26 14:25:00 - INFO - epoch-190, train_loss-0.0101994, val_loss-0.2167550
2024-12-26 14:25:44 - INFO - epoch-191, train_loss-0.0110998, val_loss-0.2140174
2024-12-26 14:26:28 - INFO - epoch-192, train_loss-0.0111217, val_loss-0.2127856
2024-12-26 14:27:11 - INFO - epoch-193, train_loss-0.0133591, val_loss-0.2122894
2024-12-26 14:27:56 - INFO - epoch-194, train_loss-0.0124756, val_loss-0.2119508
2024-12-26 14:28:39 - INFO - epoch-195, train_loss-0.0103896, val_loss-0.2120343
2024-12-26 14:29:21 - INFO - epoch-196, train_loss-0.0072513, val_loss-0.2132028
2024-12-26 14:30:00 - INFO - epoch-197, train_loss-0.0055200, val_loss-0.2118479
2024-12-26 14:30:40 - INFO - epoch-198, train_loss-0.0053656, val_loss-0.2120760
2024-12-26 14:31:21 - INFO - epoch-199, train_loss-0.0046920, val_loss-0.2122628
2024-12-26 14:32:01 - INFO - epoch-200, train_loss-0.0047080, val_loss-0.2145914
2024-12-26 14:32:42 - INFO - epoch-201, train_loss-0.0053204, val_loss-0.2114718
2024-12-26 14:33:22 - INFO - epoch-202, train_loss-0.0055281, val_loss-0.2164555
2024-12-26 14:34:02 - INFO - epoch-203, train_loss-0.0064434, val_loss-0.2130553
2024-12-26 14:34:42 - INFO - epoch-204, train_loss-0.0068466, val_loss-0.2143584
2024-12-26 14:35:23 - INFO - epoch-205, train_loss-0.0069062, val_loss-0.2143245
2024-12-26 14:36:07 - INFO - epoch-206, train_loss-0.0081236, val_loss-0.2105020
2024-12-26 14:36:51 - INFO - epoch-207, train_loss-0.0076896, val_loss-0.2156062
2024-12-26 14:37:35 - INFO - epoch-208, train_loss-0.0081395, val_loss-0.2146898
2024-12-26 14:38:16 - INFO - epoch-209, train_loss-0.0077460, val_loss-0.2142993
2024-12-26 14:38:56 - INFO - epoch-210, train_loss-0.0069145, val_loss-0.2120550
2024-12-26 14:39:40 - INFO - epoch-211, train_loss-0.0069989, val_loss-0.2118347
2024-12-26 14:40:20 - INFO - epoch-212, train_loss-0.0065984, val_loss-0.2109170
2024-12-26 14:41:00 - INFO - epoch-213, train_loss-0.0058866, val_loss-0.2120683
2024-12-26 14:41:38 - INFO - epoch-214, train_loss-0.0053616, val_loss-0.2100232
2024-12-26 14:42:17 - INFO - epoch-215, train_loss-0.0055915, val_loss-0.2109607
2024-12-26 14:42:55 - INFO - epoch-216, train_loss-0.0064752, val_loss-0.2117569
2024-12-26 14:43:33 - INFO - epoch-217, train_loss-0.0068164, val_loss-0.2155240
2024-12-26 14:44:13 - INFO - epoch-218, train_loss-0.0068784, val_loss-0.2111531
2024-12-26 14:44:53 - INFO - epoch-219, train_loss-0.0068324, val_loss-0.2133403
2024-12-26 14:45:31 - INFO - epoch-220, train_loss-0.0058489, val_loss-0.2116734
2024-12-26 14:46:09 - INFO - epoch-221, train_loss-0.0047644, val_loss-0.2100547
2024-12-26 14:46:48 - INFO - epoch-222, train_loss-0.0061566, val_loss-0.2090041
2024-12-26 14:47:27 - INFO - epoch-223, train_loss-0.0067858, val_loss-0.2106222
2024-12-26 14:48:05 - INFO - epoch-224, train_loss-0.0065595, val_loss-0.2088733
2024-12-26 14:48:43 - INFO - epoch-225, train_loss-0.0092732, val_loss-0.2143812
2024-12-26 14:49:22 - INFO - epoch-226, train_loss-0.0095019, val_loss-0.2131936
2024-12-26 14:50:00 - INFO - epoch-227, train_loss-0.0087500, val_loss-0.2129320
2024-12-26 14:50:51 - INFO - epoch-228, train_loss-0.0080951, val_loss-0.2128950
2024-12-26 14:54:13 - INFO - epoch-229, train_loss-0.0066828, val_loss-0.2114614
2024-12-26 14:54:52 - INFO - epoch-230, train_loss-0.0057621, val_loss-0.2101247
2024-12-26 14:55:30 - INFO - epoch-231, train_loss-0.0057435, val_loss-0.2114823
2024-12-26 14:56:08 - INFO - epoch-232, train_loss-0.0051800, val_loss-0.2111649
2024-12-26 14:56:47 - INFO - epoch-233, train_loss-0.0045695, val_loss-0.2132526
2024-12-26 14:57:25 - INFO - epoch-234, train_loss-0.0045052, val_loss-0.2102292
2024-12-26 14:58:04 - INFO - epoch-235, train_loss-0.0040646, val_loss-0.2109687
2024-12-26 14:58:42 - INFO - epoch-236, train_loss-0.0047483, val_loss-0.2117201
2024-12-26 14:59:21 - INFO - epoch-237, train_loss-0.0046248, val_loss-0.2123731
2024-12-26 14:59:59 - INFO - epoch-238, train_loss-0.0065526, val_loss-0.2135808
2024-12-26 15:00:39 - INFO - epoch-239, train_loss-0.0079701, val_loss-0.2109028
2024-12-26 15:01:17 - INFO - epoch-240, train_loss-0.0088555, val_loss-0.2084659
2024-12-26 15:01:56 - INFO - epoch-241, train_loss-0.0084826, val_loss-0.2093854
2024-12-26 15:02:34 - INFO - epoch-242, train_loss-0.0082696, val_loss-0.2098500
2024-12-26 15:03:14 - INFO - epoch-243, train_loss-0.0090932, val_loss-0.2108993
2024-12-26 15:03:52 - INFO - epoch-244, train_loss-0.0082537, val_loss-0.2139234
2024-12-26 15:04:31 - INFO - epoch-245, train_loss-0.0067677, val_loss-0.2106688
2024-12-26 15:05:09 - INFO - epoch-246, train_loss-0.0063888, val_loss-0.2107132
2024-12-26 15:06:05 - INFO - epoch-247, train_loss-0.0056027, val_loss-0.2103927
2024-12-26 15:08:11 - INFO - epoch-248, train_loss-0.0053300, val_loss-0.2116438
2024-12-26 15:09:00 - INFO - epoch-249, train_loss-0.0054620, val_loss-0.2103363
2024-12-26 15:09:38 - INFO - epoch-250, train_loss-0.0056985, val_loss-0.2106890
2024-12-26 15:10:17 - INFO - epoch-251, train_loss-0.0068203, val_loss-0.2113424
2024-12-26 15:10:56 - INFO - epoch-252, train_loss-0.0058836, val_loss-0.2100221
2024-12-26 15:11:37 - INFO - epoch-253, train_loss-0.0054034, val_loss-0.2125071
2024-12-26 15:13:57 - INFO - epoch-254, train_loss-0.0063487, val_loss-0.2109510
2024-12-26 15:14:36 - INFO - epoch-255, train_loss-0.0076837, val_loss-0.2113962
2024-12-26 15:15:14 - INFO - epoch-256, train_loss-0.0091102, val_loss-0.2108661
2024-12-26 15:15:53 - INFO - epoch-257, train_loss-0.0084484, val_loss-0.2148535
2024-12-26 15:16:31 - INFO - epoch-258, train_loss-0.0073726, val_loss-0.2106507
2024-12-26 15:17:10 - INFO - epoch-259, train_loss-0.0057756, val_loss-0.2108932
2024-12-26 15:17:48 - INFO - epoch-260, train_loss-0.0054788, val_loss-0.2111090
2024-12-26 15:18:26 - INFO - epoch-261, train_loss-0.0048435, val_loss-0.2143843
2024-12-26 15:19:23 - INFO - epoch-262, train_loss-0.0039693, val_loss-0.2120294
2024-12-26 15:21:18 - INFO - epoch-263, train_loss-0.0040592, val_loss-0.2125696
2024-12-26 15:21:58 - INFO - epoch-264, train_loss-0.0040397, val_loss-0.2111991
2024-12-26 15:22:37 - INFO - epoch-265, train_loss-0.0037296, val_loss-0.2131992
2024-12-26 15:23:15 - INFO - epoch-266, train_loss-0.0033689, val_loss-0.2114355
2024-12-26 15:23:53 - INFO - epoch-267, train_loss-0.0031241, val_loss-0.2124333
2024-12-26 15:24:32 - INFO - epoch-268, train_loss-0.0032173, val_loss-0.2125455
2024-12-26 15:25:10 - INFO - epoch-269, train_loss-0.0038173, val_loss-0.2128316
2024-12-26 15:25:49 - INFO - epoch-270, train_loss-0.0066382, val_loss-0.2117526
2024-12-26 15:26:27 - INFO - epoch-271, train_loss-0.0092488, val_loss-0.2101129
2024-12-26 15:27:05 - INFO - epoch-272, train_loss-0.0108544, val_loss-0.2139039
2024-12-26 15:27:44 - INFO - epoch-273, train_loss-0.0101181, val_loss-0.2137170
2024-12-26 15:28:22 - INFO - epoch-274, train_loss-0.0087290, val_loss-0.2145331
2024-12-26 15:29:02 - INFO - epoch-275, train_loss-0.0072260, val_loss-0.2100378
2024-12-26 15:29:40 - INFO - epoch-276, train_loss-0.0059319, val_loss-0.2107781
2024-12-26 15:30:20 - INFO - epoch-277, train_loss-0.0052206, val_loss-0.2097726
2024-12-26 15:30:59 - INFO - epoch-278, train_loss-0.0042194, val_loss-0.2117837
2024-12-26 15:31:37 - INFO - epoch-279, train_loss-0.0031463, val_loss-0.2122372
2024-12-26 15:32:17 - INFO - epoch-280, train_loss-0.0028716, val_loss-0.2129167
2024-12-26 15:32:59 - INFO - epoch-281, train_loss-0.0027598, val_loss-0.2092603
2024-12-26 15:33:40 - INFO - epoch-282, train_loss-0.0032925, val_loss-0.2145265
2024-12-26 15:34:19 - INFO - epoch-283, train_loss-0.0034645, val_loss-0.2139648
2024-12-26 15:34:57 - INFO - epoch-284, train_loss-0.0044129, val_loss-0.2137721
2024-12-26 15:35:35 - INFO - epoch-285, train_loss-0.0044078, val_loss-0.2175566
2024-12-26 15:36:15 - INFO - epoch-286, train_loss-0.0047503, val_loss-0.2122144
2024-12-26 15:36:55 - INFO - epoch-287, train_loss-0.0073744, val_loss-0.2139887
2024-12-26 15:37:33 - INFO - epoch-288, train_loss-0.0087687, val_loss-0.2120687
2024-12-26 15:38:12 - INFO - epoch-289, train_loss-0.0128714, val_loss-0.2125375
2024-12-26 15:38:50 - INFO - epoch-290, train_loss-0.0121670, val_loss-0.2073329
2024-12-26 15:39:29 - INFO - epoch-291, train_loss-0.0094109, val_loss-0.2109586
2024-12-26 15:40:09 - INFO - epoch-292, train_loss-0.0081607, val_loss-0.2148181
2024-12-26 15:40:48 - INFO - epoch-293, train_loss-0.0089151, val_loss-0.2109892
2024-12-26 15:41:27 - INFO - epoch-294, train_loss-0.0064313, val_loss-0.2119150
2024-12-26 15:42:06 - INFO - epoch-295, train_loss-0.0046870, val_loss-0.2101230
2024-12-26 15:42:44 - INFO - epoch-296, train_loss-0.0034587, val_loss-0.2137912
2024-12-26 15:43:22 - INFO - epoch-297, train_loss-0.0030377, val_loss-0.2156443
2024-12-26 15:44:01 - INFO - epoch-298, train_loss-0.0025118, val_loss-0.2125575
2024-12-26 15:44:39 - INFO - epoch-299, train_loss-0.0023362, val_loss-0.2134935
2024-12-26 15:45:18 - INFO - epoch-300, train_loss-0.0030974, val_loss-0.2132700
2024-12-26 15:45:56 - INFO - epoch-301, train_loss-0.0038016, val_loss-0.2148257
2024-12-26 15:46:35 - INFO - epoch-302, train_loss-0.0059625, val_loss-0.2149610
2024-12-26 15:47:14 - INFO - epoch-303, train_loss-0.0073916, val_loss-0.2155718
2024-12-26 15:47:54 - INFO - epoch-304, train_loss-0.0073789, val_loss-0.2146282
2024-12-26 15:48:32 - INFO - epoch-305, train_loss-0.0068901, val_loss-0.2137789
2024-12-26 15:49:11 - INFO - epoch-306, train_loss-0.0056179, val_loss-0.2135928
2024-12-26 15:49:49 - INFO - epoch-307, train_loss-0.0043687, val_loss-0.2197085
2024-12-26 15:50:27 - INFO - epoch-308, train_loss-0.0044705, val_loss-0.2140913
2024-12-26 15:51:06 - INFO - epoch-309, train_loss-0.0043317, val_loss-0.2184166
2024-12-26 15:51:44 - INFO - epoch-310, train_loss-0.0041568, val_loss-0.2172036
2024-12-26 15:52:23 - INFO - epoch-311, train_loss-0.0038539, val_loss-0.2200171
2024-12-26 15:53:01 - INFO - epoch-312, train_loss-0.0069244, val_loss-0.2142711
2024-12-26 15:53:40 - INFO - epoch-313, train_loss-0.0094163, val_loss-0.2159954
2024-12-26 15:54:21 - INFO - epoch-314, train_loss-0.0088009, val_loss-0.2215136
2024-12-26 15:55:00 - INFO - epoch-315, train_loss-0.0081234, val_loss-0.2189000
2024-12-26 15:55:38 - INFO - epoch-316, train_loss-0.0068458, val_loss-0.2167318
2024-12-26 15:56:17 - INFO - epoch-317, train_loss-0.0058885, val_loss-0.2139349
2024-12-26 15:56:55 - INFO - epoch-318, train_loss-0.0045913, val_loss-0.2158107
2024-12-26 15:57:34 - INFO - epoch-319, train_loss-0.0042657, val_loss-0.2152818
2024-12-26 15:58:12 - INFO - epoch-320, train_loss-0.0038695, val_loss-0.2161307
2024-12-26 15:58:51 - INFO - epoch-321, train_loss-0.0037946, val_loss-0.2179729
2024-12-26 15:59:29 - INFO - epoch-322, train_loss-0.0038771, val_loss-0.2181626
2024-12-26 16:00:07 - INFO - epoch-323, train_loss-0.0042124, val_loss-0.2168562
2024-12-26 16:00:46 - INFO - epoch-324, train_loss-0.0043369, val_loss-0.2125748
2024-12-26 16:01:25 - INFO - epoch-325, train_loss-0.0047005, val_loss-0.2122568
2024-12-26 16:02:04 - INFO - epoch-326, train_loss-0.0055326, val_loss-0.2135295
2024-12-26 16:02:42 - INFO - epoch-327, train_loss-0.0066182, val_loss-0.2128938
2024-12-26 16:03:21 - INFO - epoch-328, train_loss-0.0069164, val_loss-0.2139266
2024-12-26 16:03:59 - INFO - epoch-329, train_loss-0.0058110, val_loss-0.2183889
2024-12-26 16:04:38 - INFO - epoch-330, train_loss-0.0067303, val_loss-0.2117886
2024-12-26 16:05:16 - INFO - epoch-331, train_loss-0.0071056, val_loss-0.2141450
2024-12-26 16:05:54 - INFO - epoch-332, train_loss-0.0087968, val_loss-0.2180524
2024-12-26 16:06:33 - INFO - epoch-333, train_loss-0.0073107, val_loss-0.2100210
2024-12-26 16:07:11 - INFO - epoch-334, train_loss-0.0056661, val_loss-0.2146732
2024-12-26 16:07:49 - INFO - epoch-335, train_loss-0.0042556, val_loss-0.2127607
2024-12-26 16:08:28 - INFO - epoch-336, train_loss-0.0034018, val_loss-0.2117362
2024-12-26 16:09:06 - INFO - epoch-337, train_loss-0.0033162, val_loss-0.2128168
2024-12-26 16:09:45 - INFO - epoch-338, train_loss-0.0044204, val_loss-0.2151554
2024-12-26 16:10:23 - INFO - epoch-339, train_loss-0.0046922, val_loss-0.2154393
2024-12-26 16:11:01 - INFO - epoch-340, train_loss-0.0050276, val_loss-0.2117327
2024-12-26 16:11:40 - INFO - epoch-341, train_loss-0.0057816, val_loss-0.2139943
2024-12-26 16:12:19 - INFO - epoch-342, train_loss-0.0048231, val_loss-0.2128872
2024-12-26 16:12:59 - INFO - epoch-343, train_loss-0.0041560, val_loss-0.2148679
2024-12-26 16:13:37 - INFO - epoch-344, train_loss-0.0052637, val_loss-0.2189561
2024-12-26 16:14:16 - INFO - epoch-345, train_loss-0.0074762, val_loss-0.2154859
2024-12-26 16:14:54 - INFO - epoch-346, train_loss-0.0083641, val_loss-0.2163435
2024-12-26 16:15:33 - INFO - epoch-347, train_loss-0.0076269, val_loss-0.2148271
2024-12-26 16:16:11 - INFO - epoch-348, train_loss-0.0055301, val_loss-0.2138480
2024-12-26 16:16:50 - INFO - epoch-349, train_loss-0.0040764, val_loss-0.2158968
2024-12-26 16:19:48 - INFO - epoch-350, train_loss-0.0036323, val_loss-0.2154424
2024-12-26 16:20:46 - INFO - epoch-351, train_loss-0.0028433, val_loss-0.2155722
2024-12-26 16:21:25 - INFO - epoch-352, train_loss-0.0025550, val_loss-0.2163782
2024-12-26 16:22:03 - INFO - epoch-353, train_loss-0.0028621, val_loss-0.2202222
2024-12-26 16:22:42 - INFO - epoch-354, train_loss-0.0036835, val_loss-0.2183779
2024-12-26 16:23:20 - INFO - epoch-355, train_loss-0.0039261, val_loss-0.2170174
2024-12-26 16:24:00 - INFO - epoch-356, train_loss-0.0044630, val_loss-0.2180689
2024-12-26 16:24:39 - INFO - epoch-357, train_loss-0.0043027, val_loss-0.2150673
2024-12-26 16:25:18 - INFO - epoch-358, train_loss-0.0037776, val_loss-0.2152315
2024-12-26 16:25:56 - INFO - epoch-359, train_loss-0.0041947, val_loss-0.2126741
2024-12-26 16:26:36 - INFO - epoch-360, train_loss-0.0044869, val_loss-0.2152056
2024-12-26 16:27:14 - INFO - epoch-361, train_loss-0.0068532, val_loss-0.2216222
2024-12-26 16:27:53 - INFO - epoch-362, train_loss-0.0088107, val_loss-0.2105342
2024-12-26 16:28:31 - INFO - epoch-363, train_loss-0.0089984, val_loss-0.2148356
2024-12-26 16:29:10 - INFO - epoch-364, train_loss-0.0080599, val_loss-0.2139335
2024-12-26 16:29:48 - INFO - epoch-365, train_loss-0.0066023, val_loss-0.2179702
2024-12-26 16:30:27 - INFO - epoch-366, train_loss-0.0067140, val_loss-0.2145961
2024-12-26 16:31:05 - INFO - epoch-367, train_loss-0.0065422, val_loss-0.2147805
2024-12-26 16:31:44 - INFO - epoch-368, train_loss-0.0063233, val_loss-0.2170490
2024-12-26 16:32:22 - INFO - epoch-369, train_loss-0.0061437, val_loss-0.2152476
2024-12-26 16:33:00 - INFO - epoch-370, train_loss-0.0058949, val_loss-0.2086115
2024-12-26 16:33:39 - INFO - epoch-371, train_loss-0.0053439, val_loss-0.2111542
2024-12-26 16:34:17 - INFO - epoch-372, train_loss-0.0053437, val_loss-0.2124440
2024-12-26 16:34:55 - INFO - epoch-373, train_loss-0.0080602, val_loss-0.2162283
2024-12-26 16:35:34 - INFO - epoch-374, train_loss-0.0077515, val_loss-0.2175448
2024-12-26 16:36:13 - INFO - epoch-375, train_loss-0.0086751, val_loss-0.2096534
2024-12-26 16:36:51 - INFO - epoch-376, train_loss-0.0067276, val_loss-0.2131064
2024-12-26 16:37:30 - INFO - epoch-377, train_loss-0.0063262, val_loss-0.2132172
2024-12-26 16:38:09 - INFO - epoch-378, train_loss-0.0045815, val_loss-0.2147922
2024-12-26 16:38:48 - INFO - epoch-379, train_loss-0.0036473, val_loss-0.2128357
2024-12-26 16:39:26 - INFO - epoch-380, train_loss-0.0039407, val_loss-0.2130106
2024-12-26 16:40:05 - INFO - epoch-381, train_loss-0.0034293, val_loss-0.2127143
2024-12-26 16:40:43 - INFO - epoch-382, train_loss-0.0026816, val_loss-0.2140007
2024-12-26 16:41:21 - INFO - epoch-383, train_loss-0.0026842, val_loss-0.2123257
2024-12-26 16:42:00 - INFO - epoch-384, train_loss-0.0029351, val_loss-0.2137230
2024-12-26 16:42:38 - INFO - epoch-385, train_loss-0.0032039, val_loss-0.2122363
2024-12-26 16:43:17 - INFO - epoch-386, train_loss-0.0033953, val_loss-0.2153351
2024-12-26 16:43:56 - INFO - epoch-387, train_loss-0.0037620, val_loss-0.2091249
2024-12-26 16:44:35 - INFO - epoch-388, train_loss-0.0034343, val_loss-0.2109317
2024-12-26 16:45:13 - INFO - epoch-389, train_loss-0.0037738, val_loss-0.2116337
2024-12-26 16:45:52 - INFO - epoch-390, train_loss-0.0040769, val_loss-0.2113064
2024-12-26 16:46:30 - INFO - epoch-391, train_loss-0.0049150, val_loss-0.2252500
2024-12-26 16:47:10 - INFO - epoch-392, train_loss-0.0059146, val_loss-0.2176151
2024-12-26 16:47:48 - INFO - epoch-393, train_loss-0.0071815, val_loss-0.2168560
2024-12-26 16:48:27 - INFO - epoch-394, train_loss-0.0072493, val_loss-0.2149982
2024-12-26 16:49:05 - INFO - epoch-395, train_loss-0.0063119, val_loss-0.2135518
2024-12-26 16:49:44 - INFO - epoch-396, train_loss-0.0054712, val_loss-0.2142046
2024-12-26 16:50:22 - INFO - epoch-397, train_loss-0.0046839, val_loss-0.2135440
2024-12-26 16:51:01 - INFO - epoch-398, train_loss-0.0042550, val_loss-0.2093943
2024-12-26 16:51:39 - INFO - epoch-399, train_loss-0.0040904, val_loss-0.2167866
2024-12-26 16:52:17 - INFO - epoch-400, train_loss-0.0041810, val_loss-0.2120489
2024-12-26 16:52:56 - INFO - epoch-401, train_loss-0.0041002, val_loss-0.2120338
2024-12-26 16:53:34 - INFO - epoch-402, train_loss-0.0038893, val_loss-0.2126095
2024-12-26 16:54:13 - INFO - epoch-403, train_loss-0.0042386, val_loss-0.2114684
2024-12-26 16:54:51 - INFO - epoch-404, train_loss-0.0049889, val_loss-0.2119219
2024-12-26 16:55:29 - INFO - epoch-405, train_loss-0.0052165, val_loss-0.2124251
2024-12-26 16:56:09 - INFO - epoch-406, train_loss-0.0056949, val_loss-0.2110507
2024-12-26 16:56:48 - INFO - epoch-407, train_loss-0.0056478, val_loss-0.2157390
2024-12-26 16:57:26 - INFO - epoch-408, train_loss-0.0047584, val_loss-0.2095277
2024-12-26 16:58:06 - INFO - epoch-409, train_loss-0.0036227, val_loss-0.2130393
2024-12-26 16:58:44 - INFO - epoch-410, train_loss-0.0030199, val_loss-0.2116183
2024-12-26 16:59:23 - INFO - epoch-411, train_loss-0.0026012, val_loss-0.2187943
2024-12-26 17:00:02 - INFO - epoch-412, train_loss-0.0022382, val_loss-0.2129987
2024-12-26 17:00:42 - INFO - epoch-413, train_loss-0.0027025, val_loss-0.2174576
2024-12-26 17:01:20 - INFO - epoch-414, train_loss-0.0031007, val_loss-0.2148399
2024-12-26 17:01:58 - INFO - epoch-415, train_loss-0.0035521, val_loss-0.2178185
2024-12-26 17:02:37 - INFO - epoch-416, train_loss-0.0040328, val_loss-0.2086724
2024-12-26 17:03:15 - INFO - epoch-417, train_loss-0.0071200, val_loss-0.2222275
2024-12-26 17:03:54 - INFO - epoch-418, train_loss-0.0111668, val_loss-0.2358659
2024-12-26 17:04:32 - INFO - epoch-419, train_loss-0.0126663, val_loss-0.2462994
2024-12-26 17:05:10 - INFO - epoch-420, train_loss-0.0120517, val_loss-0.2369564
2024-12-26 17:05:49 - INFO - epoch-421, train_loss-0.0081761, val_loss-0.2486553
2024-12-26 17:06:27 - INFO - epoch-422, train_loss-0.0055612, val_loss-0.2299351
2024-12-26 17:07:06 - INFO - epoch-423, train_loss-0.0041437, val_loss-0.2243081
2024-12-26 17:07:44 - INFO - epoch-424, train_loss-0.0033875, val_loss-0.2237936
2024-12-26 17:08:22 - INFO - epoch-425, train_loss-0.0039881, val_loss-0.2231783
2024-12-26 17:09:01 - INFO - epoch-426, train_loss-0.0033381, val_loss-0.2173831
2024-12-26 17:09:40 - INFO - epoch-427, train_loss-0.0028094, val_loss-0.2146648
2024-12-26 17:10:18 - INFO - epoch-428, train_loss-0.0028379, val_loss-0.2155322
2024-12-26 17:10:57 - INFO - epoch-429, train_loss-0.0030840, val_loss-0.2158607
2024-12-26 17:14:06 - INFO - epoch-430, train_loss-0.0033520, val_loss-0.2149040
2024-12-26 17:15:50 - INFO - epoch-431, train_loss-0.0045767, val_loss-0.2117737
2024-12-26 17:16:29 - INFO - epoch-432, train_loss-0.0061106, val_loss-0.2181833
2024-12-26 17:17:07 - INFO - epoch-433, train_loss-0.0052377, val_loss-0.2148345
2024-12-26 17:17:45 - INFO - epoch-434, train_loss-0.0045934, val_loss-0.2204343
2024-12-26 17:18:24 - INFO - epoch-435, train_loss-0.0040470, val_loss-0.2371777
2024-12-26 17:19:02 - INFO - epoch-436, train_loss-0.0035200, val_loss-0.2177369
2024-12-26 17:19:41 - INFO - epoch-437, train_loss-0.0028377, val_loss-0.2258086
2024-12-26 17:20:19 - INFO - epoch-438, train_loss-0.0025484, val_loss-0.2115999
2024-12-26 17:20:58 - INFO - epoch-439, train_loss-0.0023353, val_loss-0.2152261
2024-12-26 17:21:36 - INFO - epoch-440, train_loss-0.0030254, val_loss-0.2151039
2024-12-26 17:22:15 - INFO - epoch-441, train_loss-0.0031828, val_loss-0.2152252
2024-12-26 17:22:53 - INFO - epoch-442, train_loss-0.0035873, val_loss-0.2202586
2024-12-26 17:23:31 - INFO - epoch-443, train_loss-0.0065210, val_loss-0.2196145
2024-12-26 17:24:11 - INFO - epoch-444, train_loss-0.0094472, val_loss-0.2235697
2024-12-26 17:24:49 - INFO - epoch-445, train_loss-0.0132047, val_loss-0.2585870
2024-12-26 17:25:28 - INFO - epoch-446, train_loss-0.0109150, val_loss-0.2291104
2024-12-26 17:26:06 - INFO - epoch-447, train_loss-0.0082386, val_loss-0.2308533
2024-12-26 17:26:45 - INFO - epoch-448, train_loss-0.0082108, val_loss-0.2260182
2024-12-26 17:27:24 - INFO - epoch-449, train_loss-0.0060705, val_loss-0.2234844
2024-12-26 17:28:03 - INFO - epoch-450, train_loss-0.0047417, val_loss-0.2167230
2024-12-26 17:28:41 - INFO - epoch-451, train_loss-0.0037306, val_loss-0.2244038
2024-12-26 17:29:20 - INFO - epoch-452, train_loss-0.0033051, val_loss-0.2169583
2024-12-26 17:29:58 - INFO - epoch-453, train_loss-0.0033553, val_loss-0.2196549
2024-12-26 17:30:37 - INFO - epoch-454, train_loss-0.0029765, val_loss-0.2191907
2024-12-26 17:31:16 - INFO - epoch-455, train_loss-0.0023112, val_loss-0.2214427
2024-12-26 17:31:56 - INFO - epoch-456, train_loss-0.0020722, val_loss-0.2407060
2024-12-26 17:32:34 - INFO - epoch-457, train_loss-0.0026481, val_loss-0.2172291
2024-12-26 17:33:14 - INFO - epoch-458, train_loss-0.0028410, val_loss-0.2188848
2024-12-26 17:33:52 - INFO - epoch-459, train_loss-0.0033513, val_loss-0.2196621
2024-12-26 17:34:31 - INFO - epoch-460, train_loss-0.0034261, val_loss-0.2172932
2024-12-26 17:35:09 - INFO - epoch-461, train_loss-0.0042066, val_loss-0.2248115
2024-12-26 17:35:49 - INFO - epoch-462, train_loss-0.0050850, val_loss-0.2142541
2024-12-26 17:36:27 - INFO - epoch-463, train_loss-0.0063289, val_loss-0.2432138
2024-12-26 17:37:05 - INFO - epoch-464, train_loss-0.0063364, val_loss-0.2145693
2024-12-26 17:37:44 - INFO - epoch-465, train_loss-0.0073835, val_loss-0.2342098
2024-12-26 17:38:23 - INFO - epoch-466, train_loss-0.0083400, val_loss-0.2484688
2024-12-26 17:39:02 - INFO - epoch-467, train_loss-0.0078213, val_loss-0.2282906
2024-12-26 17:39:40 - INFO - epoch-468, train_loss-0.0060624, val_loss-0.2358914
2024-12-26 17:40:19 - INFO - epoch-469, train_loss-0.0044380, val_loss-0.2256602
2024-12-26 17:40:57 - INFO - epoch-470, train_loss-0.0038047, val_loss-0.2257667
2024-12-26 17:41:35 - INFO - epoch-471, train_loss-0.0031099, val_loss-0.2165363
2024-12-26 17:42:14 - INFO - epoch-472, train_loss-0.0028861, val_loss-0.2137116
2024-12-26 17:42:53 - INFO - epoch-473, train_loss-0.0025761, val_loss-0.2136442
2024-12-26 17:43:33 - INFO - epoch-474, train_loss-0.0026041, val_loss-0.2179467
2024-12-26 17:44:11 - INFO - epoch-475, train_loss-0.0040522, val_loss-0.2248285
2024-12-26 17:44:50 - INFO - epoch-476, train_loss-0.0057348, val_loss-0.2288739
2024-12-26 17:45:28 - INFO - epoch-477, train_loss-0.0065114, val_loss-0.2336770
2024-12-26 17:46:07 - INFO - epoch-478, train_loss-0.0063223, val_loss-0.2207287
2024-12-26 17:46:45 - INFO - epoch-479, train_loss-0.0077084, val_loss-0.2383807
2024-12-26 17:47:25 - INFO - epoch-480, train_loss-0.0077484, val_loss-0.2280254
2024-12-26 17:48:03 - INFO - epoch-481, train_loss-0.0074046, val_loss-0.2304337
2024-12-26 17:48:41 - INFO - epoch-482, train_loss-0.0067547, val_loss-0.2304004
2024-12-26 17:49:20 - INFO - epoch-483, train_loss-0.0050394, val_loss-0.2618341
2024-12-26 17:49:58 - INFO - epoch-484, train_loss-0.0037109, val_loss-0.2399719
2024-12-26 17:50:37 - INFO - epoch-485, train_loss-0.0029383, val_loss-0.2344705
2024-12-26 17:51:15 - INFO - epoch-486, train_loss-0.0023410, val_loss-0.2225167
2024-12-26 17:51:54 - INFO - epoch-487, train_loss-0.0018470, val_loss-0.2190959
2024-12-26 17:52:32 - INFO - epoch-488, train_loss-0.0016823, val_loss-0.2126278
2024-12-26 17:53:10 - INFO - epoch-489, train_loss-0.0018153, val_loss-0.2184862
2024-12-26 17:53:49 - INFO - epoch-490, train_loss-0.0017787, val_loss-0.2121809
2024-12-26 17:54:29 - INFO - epoch-491, train_loss-0.0019147, val_loss-0.2137609
2024-12-26 17:55:07 - INFO - epoch-492, train_loss-0.0018536, val_loss-0.2164007
2024-12-26 17:55:45 - INFO - epoch-493, train_loss-0.0020225, val_loss-0.2217206
2024-12-26 17:56:24 - INFO - epoch-494, train_loss-0.0027714, val_loss-0.2161505
2024-12-26 17:57:02 - INFO - epoch-495, train_loss-0.0037077, val_loss-0.2180220
2024-12-26 17:57:41 - INFO - epoch-496, train_loss-0.0050633, val_loss-0.2475281
2024-12-26 17:58:20 - INFO - epoch-497, train_loss-0.0058408, val_loss-0.2264049
2024-12-26 17:58:58 - INFO - epoch-498, train_loss-0.0084409, val_loss-0.2490616
2024-12-26 17:59:37 - INFO - epoch-499, train_loss-0.0086755, val_loss-0.2587771
2024-12-26 18:00:15 - INFO - epoch-500, train_loss-0.0093006, val_loss-0.2868618
2024-12-26 18:00:54 - INFO - epoch-501, train_loss-0.0092527, val_loss-0.3216433
2024-12-26 18:01:32 - INFO - epoch-502, train_loss-0.0072100, val_loss-0.3174917
2024-12-26 18:02:11 - INFO - epoch-503, train_loss-0.0051996, val_loss-0.2564140
2024-12-26 18:02:49 - INFO - epoch-504, train_loss-0.0042164, val_loss-0.2881655
2024-12-26 18:03:28 - INFO - epoch-505, train_loss-0.0033355, val_loss-0.2457586
2024-12-26 18:04:06 - INFO - epoch-506, train_loss-0.0026465, val_loss-0.2618225
2024-12-26 18:04:45 - INFO - epoch-507, train_loss-0.0026710, val_loss-0.2543685
2024-12-26 18:05:23 - INFO - epoch-508, train_loss-0.0029915, val_loss-0.2595757
2024-12-26 18:06:34 - INFO - epoch-509, train_loss-0.0031425, val_loss-0.2532564
2024-12-26 18:09:30 - INFO - epoch-510, train_loss-0.0027680, val_loss-0.2515421
2024-12-26 18:10:09 - INFO - epoch-511, train_loss-0.0025769, val_loss-0.2649280
2024-12-26 18:10:48 - INFO - epoch-512, train_loss-0.0028997, val_loss-0.2433266
2024-12-26 18:11:26 - INFO - epoch-513, train_loss-0.0027686, val_loss-0.2342855
2024-12-26 18:12:06 - INFO - epoch-514, train_loss-0.0027393, val_loss-0.2623055
2024-12-26 18:12:44 - INFO - epoch-515, train_loss-0.0029435, val_loss-0.2546316
2024-12-26 18:13:23 - INFO - epoch-516, train_loss-0.0026739, val_loss-0.2550155
2024-12-26 18:14:01 - INFO - epoch-517, train_loss-0.0027571, val_loss-0.2480032
2024-12-26 18:14:40 - INFO - epoch-518, train_loss-0.0027461, val_loss-0.2604296
2024-12-26 18:15:18 - INFO - epoch-519, train_loss-0.0042236, val_loss-0.2646203
2024-12-26 18:15:56 - INFO - epoch-520, train_loss-0.0074213, val_loss-0.2730336
2024-12-26 18:16:35 - INFO - epoch-521, train_loss-0.0099385, val_loss-0.2896287
2024-12-26 18:17:13 - INFO - epoch-522, train_loss-0.0097034, val_loss-0.3717740
2024-12-26 18:17:51 - INFO - epoch-523, train_loss-0.0089755, val_loss-0.3669736
2024-12-26 18:18:30 - INFO - epoch-524, train_loss-0.0072415, val_loss-0.3471894
2024-12-26 18:19:08 - INFO - epoch-525, train_loss-0.0047724, val_loss-0.3624942
2024-12-26 18:19:47 - INFO - epoch-526, train_loss-0.0043505, val_loss-0.3242942
2024-12-26 18:20:25 - INFO - epoch-527, train_loss-0.0040899, val_loss-0.3278508
2024-12-26 18:21:04 - INFO - epoch-528, train_loss-0.0037935, val_loss-0.2866386
2024-12-26 18:21:42 - INFO - epoch-529, train_loss-0.0043300, val_loss-0.3471421
2024-12-26 18:22:21 - INFO - epoch-530, train_loss-0.0037571, val_loss-0.3106557
2024-12-26 18:23:00 - INFO - epoch-531, train_loss-0.0034157, val_loss-0.2927433
2024-12-26 18:23:39 - INFO - epoch-532, train_loss-0.0030551, val_loss-0.2540662
2024-12-26 18:24:17 - INFO - epoch-533, train_loss-0.0028008, val_loss-0.2838674
2024-12-26 18:24:55 - INFO - epoch-534, train_loss-0.0025227, val_loss-0.2629171
2024-12-26 18:25:34 - INFO - epoch-535, train_loss-0.0022756, val_loss-0.2567843
2024-12-26 18:26:12 - INFO - epoch-536, train_loss-0.0023277, val_loss-0.2674812
2024-12-26 18:26:50 - INFO - epoch-537, train_loss-0.0022554, val_loss-0.2652458
2024-12-26 18:27:29 - INFO - epoch-538, train_loss-0.0022983, val_loss-0.2460700
2024-12-26 18:28:07 - INFO - epoch-539, train_loss-0.0023334, val_loss-0.2472029
2024-12-26 18:28:46 - INFO - epoch-540, train_loss-0.0033985, val_loss-0.2483392
2024-12-26 18:29:24 - INFO - epoch-541, train_loss-0.0052504, val_loss-0.2868712
2024-12-26 18:30:02 - INFO - epoch-542, train_loss-0.0072241, val_loss-0.3619749
2024-12-26 18:30:41 - INFO - epoch-543, train_loss-0.0094460, val_loss-0.3202454
2024-12-26 18:31:19 - INFO - epoch-544, train_loss-0.0097039, val_loss-0.3545274
2024-12-26 18:31:58 - INFO - epoch-545, train_loss-0.0094995, val_loss-0.4399699
2024-12-26 18:32:36 - INFO - epoch-546, train_loss-0.0078248, val_loss-0.4145282
2024-12-26 18:33:16 - INFO - epoch-547, train_loss-0.0059314, val_loss-0.3926763
2024-12-26 18:33:54 - INFO - epoch-548, train_loss-0.0044474, val_loss-0.3373349
2024-12-26 18:34:33 - INFO - epoch-549, train_loss-0.0039489, val_loss-0.3373501
2024-12-26 18:35:11 - INFO - epoch-550, train_loss-0.0044684, val_loss-0.2830029
2024-12-26 18:35:49 - INFO - epoch-551, train_loss-0.0034812, val_loss-0.3263061
2024-12-26 18:36:28 - INFO - epoch-552, train_loss-0.0026741, val_loss-0.3199477
2024-12-26 18:37:06 - INFO - epoch-553, train_loss-0.0026554, val_loss-0.2783396
2024-12-26 18:37:45 - INFO - epoch-554, train_loss-0.0027746, val_loss-0.2900473
2024-12-26 18:38:23 - INFO - epoch-555, train_loss-0.0025373, val_loss-0.3111617
2024-12-26 18:39:01 - INFO - epoch-556, train_loss-0.0031738, val_loss-0.2732032
2024-12-26 18:39:41 - INFO - epoch-557, train_loss-0.0035529, val_loss-0.3513084
2024-12-26 18:40:19 - INFO - epoch-558, train_loss-0.0029251, val_loss-0.3322388
2024-12-26 18:40:58 - INFO - epoch-559, train_loss-0.0029511, val_loss-0.2989158
2024-12-26 18:41:36 - INFO - epoch-560, train_loss-0.0029935, val_loss-0.2710418
2024-12-26 18:42:14 - INFO - epoch-561, train_loss-0.0029413, val_loss-0.3119335
2024-12-26 18:42:53 - INFO - epoch-562, train_loss-0.0066149, val_loss-0.2959628
2024-12-26 18:43:31 - INFO - epoch-563, train_loss-0.0107234, val_loss-0.5829609
2024-12-26 18:44:10 - INFO - epoch-564, train_loss-0.0106115, val_loss-0.5497051
2024-12-26 18:44:48 - INFO - epoch-565, train_loss-0.0089080, val_loss-0.4578662
2024-12-26 18:45:27 - INFO - epoch-566, train_loss-0.0061382, val_loss-0.4565690
2024-12-26 18:46:05 - INFO - epoch-567, train_loss-0.0040587, val_loss-0.4193941
2024-12-26 18:46:43 - INFO - epoch-568, train_loss-0.0033338, val_loss-0.3945053
2024-12-26 18:47:22 - INFO - epoch-569, train_loss-0.0026634, val_loss-0.3940510
2024-12-26 18:48:00 - INFO - epoch-570, train_loss-0.0021509, val_loss-0.3410696
2024-12-26 18:48:39 - INFO - epoch-571, train_loss-0.0018317, val_loss-0.3702555
2024-12-26 18:49:17 - INFO - epoch-572, train_loss-0.0020101, val_loss-0.3367703
2024-12-26 18:49:55 - INFO - epoch-573, train_loss-0.0016366, val_loss-0.3302828
2024-12-26 18:50:34 - INFO - epoch-574, train_loss-0.0014691, val_loss-0.3146093
2024-12-26 18:51:12 - INFO - epoch-575, train_loss-0.0013473, val_loss-0.3022411
2024-12-26 18:51:50 - INFO - epoch-576, train_loss-0.0015027, val_loss-0.2936786
2024-12-26 18:52:29 - INFO - epoch-577, train_loss-0.0016859, val_loss-0.2921049
2024-12-26 18:53:07 - INFO - epoch-578, train_loss-0.0021609, val_loss-0.2775352
2024-12-26 18:53:46 - INFO - epoch-579, train_loss-0.0024550, val_loss-0.2768875
2024-12-26 18:54:24 - INFO - epoch-580, train_loss-0.0031952, val_loss-0.3153362
2024-12-26 18:55:02 - INFO - epoch-581, train_loss-0.0040489, val_loss-0.3517022
2024-12-26 18:55:41 - INFO - epoch-582, train_loss-0.0095302, val_loss-0.3957796
2024-12-26 18:56:19 - INFO - epoch-583, train_loss-0.0141642, val_loss-0.4018955
2024-12-26 18:56:57 - INFO - epoch-584, train_loss-0.0129308, val_loss-0.5108362
2024-12-26 18:57:36 - INFO - epoch-585, train_loss-0.0097775, val_loss-0.5194568
2024-12-26 18:58:14 - INFO - epoch-586, train_loss-0.0065436, val_loss-0.3854436
2024-12-26 18:58:54 - INFO - epoch-587, train_loss-0.0053306, val_loss-0.4134661
2024-12-26 18:59:33 - INFO - epoch-588, train_loss-0.0041771, val_loss-0.3984936
2024-12-26 19:00:45 - INFO - epoch-589, train_loss-0.0032809, val_loss-0.3879078
2024-12-26 19:03:22 - INFO - epoch-590, train_loss-0.0031201, val_loss-0.4171541
2024-12-26 19:04:01 - INFO - epoch-591, train_loss-0.0024486, val_loss-0.3375941
2024-12-26 19:04:39 - INFO - epoch-592, train_loss-0.0021259, val_loss-0.3201240
2024-12-26 19:05:17 - INFO - epoch-593, train_loss-0.0016739, val_loss-0.2974449
2024-12-26 19:05:57 - INFO - epoch-594, train_loss-0.0014380, val_loss-0.2902152
2024-12-26 19:06:37 - INFO - epoch-595, train_loss-0.0011818, val_loss-0.2959268
2024-12-26 19:07:15 - INFO - epoch-596, train_loss-0.0012735, val_loss-0.2805751
2024-12-26 19:07:53 - INFO - epoch-597, train_loss-0.0017147, val_loss-0.3007465
2024-12-26 19:08:31 - INFO - epoch-598, train_loss-0.0032935, val_loss-0.3538920
2024-12-26 19:09:10 - INFO - epoch-599, train_loss-0.0078071, val_loss-0.4378273
2024-12-26 19:09:49 - INFO - epoch-600, train_loss-0.0085585, val_loss-0.4946523
2024-12-26 19:10:28 - INFO - epoch-601, train_loss-0.0068733, val_loss-0.5181472
2024-12-26 19:11:06 - INFO - epoch-602, train_loss-0.0059536, val_loss-0.5298365
2024-12-26 19:11:44 - INFO - epoch-603, train_loss-0.0044009, val_loss-0.5653431
2024-12-26 19:12:23 - INFO - epoch-604, train_loss-0.0032621, val_loss-0.5630251
2024-12-26 19:13:01 - INFO - epoch-605, train_loss-0.0027969, val_loss-0.4754756
2024-12-26 19:13:39 - INFO - epoch-606, train_loss-0.0027436, val_loss-0.4791118
2024-12-26 19:14:18 - INFO - epoch-607, train_loss-0.0023160, val_loss-0.3607096
2024-12-26 19:14:56 - INFO - epoch-608, train_loss-0.0027235, val_loss-0.3709428
2024-12-26 19:15:36 - INFO - epoch-609, train_loss-0.0031172, val_loss-0.3669676
2024-12-26 19:16:14 - INFO - epoch-610, train_loss-0.0028415, val_loss-0.3789624
2024-12-26 19:16:52 - INFO - epoch-611, train_loss-0.0025492, val_loss-0.3345677
2024-12-26 19:17:32 - INFO - epoch-612, train_loss-0.0029444, val_loss-0.3588460
2024-12-26 19:18:12 - INFO - epoch-613, train_loss-0.0039842, val_loss-0.4358978
2024-12-26 19:18:50 - INFO - epoch-614, train_loss-0.0038540, val_loss-0.4176541
2024-12-26 19:19:29 - INFO - epoch-615, train_loss-0.0046160, val_loss-0.4475307
2024-12-26 19:20:09 - INFO - epoch-616, train_loss-0.0056897, val_loss-0.4167567
2024-12-26 19:20:47 - INFO - epoch-617, train_loss-0.0060624, val_loss-0.5516314
2024-12-26 19:21:25 - INFO - epoch-618, train_loss-0.0061882, val_loss-0.4314839
2024-12-26 19:22:04 - INFO - epoch-619, train_loss-0.0057547, val_loss-0.5112074
2024-12-26 19:22:42 - INFO - epoch-620, train_loss-0.0051528, val_loss-0.4497468
2024-12-26 19:23:21 - INFO - epoch-621, train_loss-0.0042378, val_loss-0.4940483
2024-12-26 19:23:59 - INFO - epoch-622, train_loss-0.0041579, val_loss-0.4561185
2024-12-26 19:24:37 - INFO - epoch-623, train_loss-0.0034485, val_loss-0.4059722
2024-12-26 19:25:16 - INFO - epoch-624, train_loss-0.0036341, val_loss-0.4483242
2024-12-26 19:25:55 - INFO - epoch-625, train_loss-0.0038174, val_loss-0.4155663
2024-12-26 19:26:34 - INFO - epoch-626, train_loss-0.0040436, val_loss-0.3713519
2024-12-26 19:27:12 - INFO - epoch-627, train_loss-0.0041825, val_loss-0.3868154
2024-12-26 19:27:50 - INFO - epoch-628, train_loss-0.0040295, val_loss-0.3690484
2024-12-26 19:28:29 - INFO - epoch-629, train_loss-0.0036641, val_loss-0.4043418
2024-12-26 19:29:07 - INFO - epoch-630, train_loss-0.0033901, val_loss-0.3766567
2024-12-26 19:29:47 - INFO - epoch-631, train_loss-0.0030930, val_loss-0.3754173
2024-12-26 19:30:25 - INFO - epoch-632, train_loss-0.0030338, val_loss-0.3488853
2024-12-26 19:31:04 - INFO - epoch-633, train_loss-0.0032540, val_loss-0.4418262
2024-12-26 19:31:42 - INFO - epoch-634, train_loss-0.0033295, val_loss-0.3532525
2024-12-26 19:32:21 - INFO - epoch-635, train_loss-0.0035846, val_loss-0.3134901
2024-12-26 19:32:59 - INFO - epoch-636, train_loss-0.0034293, val_loss-0.3961808
2024-12-26 19:33:37 - INFO - epoch-637, train_loss-0.0039667, val_loss-0.4284327
2024-12-26 19:34:16 - INFO - epoch-638, train_loss-0.0055460, val_loss-0.6321806
2024-12-26 19:34:54 - INFO - epoch-639, train_loss-0.0073975, val_loss-0.5359549
2024-12-26 19:35:34 - INFO - epoch-640, train_loss-0.0099616, val_loss-0.4444605
2024-12-26 19:36:12 - INFO - epoch-641, train_loss-0.0102140, val_loss-0.6193415
2024-12-26 19:36:51 - INFO - epoch-642, train_loss-0.0086316, val_loss-0.6157205
2024-12-26 19:37:29 - INFO - epoch-643, train_loss-0.0066763, val_loss-0.6771481
2024-12-26 19:38:08 - INFO - epoch-644, train_loss-0.0053634, val_loss-0.5827248
2024-12-26 19:38:46 - INFO - epoch-645, train_loss-0.0039755, val_loss-0.5616739
2024-12-26 19:39:25 - INFO - epoch-646, train_loss-0.0030631, val_loss-0.4772628
2024-12-26 19:40:04 - INFO - epoch-647, train_loss-0.0025961, val_loss-0.4222000
2024-12-26 19:40:42 - INFO - epoch-648, train_loss-0.0027285, val_loss-0.4199529
2024-12-26 19:41:21 - INFO - epoch-649, train_loss-0.0023260, val_loss-0.3726781
2024-12-26 19:41:59 - INFO - epoch-650, train_loss-0.0027979, val_loss-0.3115494
2024-12-26 19:42:37 - INFO - epoch-651, train_loss-0.0048778, val_loss-0.3409722
2024-12-26 19:43:16 - INFO - epoch-652, train_loss-0.0054625, val_loss-0.4109611
2024-12-26 19:43:55 - INFO - epoch-653, train_loss-0.0061605, val_loss-0.4502867
2024-12-26 19:44:35 - INFO - epoch-654, train_loss-0.0060767, val_loss-0.5786945
2024-12-26 19:45:13 - INFO - epoch-655, train_loss-0.0046347, val_loss-0.5456578
2024-12-26 19:45:52 - INFO - epoch-656, train_loss-0.0043425, val_loss-0.5421193
2024-12-26 19:46:30 - INFO - epoch-657, train_loss-0.0038157, val_loss-0.5043325
2024-12-26 19:47:08 - INFO - epoch-658, train_loss-0.0032737, val_loss-0.4754776
2024-12-26 19:47:47 - INFO - epoch-659, train_loss-0.0030056, val_loss-0.4448901
2024-12-26 19:48:26 - INFO - epoch-660, train_loss-0.0027728, val_loss-0.4591159
2024-12-26 19:49:06 - INFO - epoch-661, train_loss-0.0025526, val_loss-0.3525951
2024-12-26 19:49:44 - INFO - epoch-662, train_loss-0.0026484, val_loss-0.3249033
2024-12-26 19:50:23 - INFO - epoch-663, train_loss-0.0051217, val_loss-0.3567613
2024-12-26 19:51:01 - INFO - epoch-664, train_loss-0.0072616, val_loss-0.4215733
2024-12-26 19:51:40 - INFO - epoch-665, train_loss-0.0077569, val_loss-0.5901508
2024-12-26 19:52:18 - INFO - epoch-666, train_loss-0.0061673, val_loss-0.4713039
2024-12-26 19:52:57 - INFO - epoch-667, train_loss-0.0047472, val_loss-0.5100965
2024-12-26 19:53:35 - INFO - epoch-668, train_loss-0.0038777, val_loss-0.5293144
2024-12-26 19:54:43 - INFO - epoch-669, train_loss-0.0037730, val_loss-0.5553084
2024-12-26 19:57:13 - INFO - epoch-670, train_loss-0.0034909, val_loss-0.4488508
2024-12-26 19:57:53 - INFO - epoch-671, train_loss-0.0027807, val_loss-0.4543673
2024-12-26 19:58:31 - INFO - epoch-672, train_loss-0.0027335, val_loss-0.3728580
2024-12-26 19:59:09 - INFO - epoch-673, train_loss-0.0028927, val_loss-0.3813363
2024-12-26 19:59:48 - INFO - epoch-674, train_loss-0.0026049, val_loss-0.3322908
2024-12-26 20:00:26 - INFO - epoch-675, train_loss-0.0022087, val_loss-0.3772738
2024-12-26 20:01:04 - INFO - epoch-676, train_loss-0.0022094, val_loss-0.3247229
2024-12-26 20:01:44 - INFO - epoch-677, train_loss-0.0036718, val_loss-0.3484211
2024-12-26 20:02:22 - INFO - epoch-678, train_loss-0.0052712, val_loss-0.5165582
2024-12-26 20:03:02 - INFO - epoch-679, train_loss-0.0054804, val_loss-0.4735242
2024-12-26 20:03:40 - INFO - epoch-680, train_loss-0.0060243, val_loss-0.5148907
2024-12-26 20:04:19 - INFO - epoch-681, train_loss-0.0061081, val_loss-0.5523145
2024-12-26 20:04:57 - INFO - epoch-682, train_loss-0.0061979, val_loss-0.5663085
2024-12-26 20:05:37 - INFO - epoch-683, train_loss-0.0061743, val_loss-0.5014733
2024-12-26 20:06:15 - INFO - epoch-684, train_loss-0.0051347, val_loss-0.5596376
2024-12-26 20:06:53 - INFO - epoch-685, train_loss-0.0049727, val_loss-0.5786429
2024-12-26 20:07:32 - INFO - epoch-686, train_loss-0.0039101, val_loss-0.5329228
2024-12-26 20:08:10 - INFO - epoch-687, train_loss-0.0036728, val_loss-0.3933219
2024-12-26 20:08:48 - INFO - epoch-688, train_loss-0.0032724, val_loss-0.5041023
2024-12-26 20:09:27 - INFO - epoch-689, train_loss-0.0031032, val_loss-0.4964137
2024-12-26 20:10:06 - INFO - epoch-690, train_loss-0.0026115, val_loss-0.4855563
2024-12-26 20:10:45 - INFO - epoch-691, train_loss-0.0025179, val_loss-0.4261866
2024-12-26 20:11:23 - INFO - epoch-692, train_loss-0.0022107, val_loss-0.4192776
2024-12-26 20:12:02 - INFO - epoch-693, train_loss-0.0021236, val_loss-0.4315621
2024-12-26 20:12:40 - INFO - epoch-694, train_loss-0.0025368, val_loss-0.3783465
2024-12-26 20:13:18 - INFO - epoch-695, train_loss-0.0040067, val_loss-0.5088368
2024-12-26 20:13:57 - INFO - epoch-696, train_loss-0.0044193, val_loss-0.5255144
2024-12-26 20:14:35 - INFO - epoch-697, train_loss-0.0048080, val_loss-0.6011687
2024-12-26 20:15:14 - INFO - epoch-698, train_loss-0.0049407, val_loss-0.5839927
2024-12-26 20:15:53 - INFO - epoch-699, train_loss-0.0053737, val_loss-0.5717003
2024-12-26 20:16:31 - INFO - epoch-700, train_loss-0.0049564, val_loss-0.6104989
2024-12-26 20:17:09 - INFO - epoch-701, train_loss-0.0045573, val_loss-0.7040812
2024-12-26 20:17:48 - INFO - epoch-702, train_loss-0.0038171, val_loss-0.6774578
2024-12-26 20:18:26 - INFO - epoch-703, train_loss-0.0028371, val_loss-0.5456849
2024-12-26 20:19:04 - INFO - epoch-704, train_loss-0.0022898, val_loss-0.5672965
2024-12-26 20:19:43 - INFO - epoch-705, train_loss-0.0025300, val_loss-0.4733500
2024-12-26 20:20:21 - INFO - epoch-706, train_loss-0.0026121, val_loss-0.4942945
2024-12-26 20:20:59 - INFO - epoch-707, train_loss-0.0036329, val_loss-0.4818483
2024-12-26 20:21:38 - INFO - epoch-708, train_loss-0.0058415, val_loss-0.5684741
2024-12-26 20:22:16 - INFO - epoch-709, train_loss-0.0100172, val_loss-0.5814149
2024-12-26 20:22:55 - INFO - epoch-710, train_loss-0.0091513, val_loss-0.6844335
2024-12-26 20:23:33 - INFO - epoch-711, train_loss-0.0084936, val_loss-0.6763429
2024-12-26 20:24:11 - INFO - epoch-712, train_loss-0.0063782, val_loss-0.6896084
2024-12-26 20:24:50 - INFO - epoch-713, train_loss-0.0044267, val_loss-0.7072413
2024-12-26 20:25:29 - INFO - epoch-714, train_loss-0.0031793, val_loss-0.7449314
2024-12-26 20:26:07 - INFO - epoch-715, train_loss-0.0039891, val_loss-0.7273237
2024-12-26 20:26:45 - INFO - epoch-716, train_loss-0.0034710, val_loss-0.8219248
2024-12-26 20:27:24 - INFO - epoch-717, train_loss-0.0027072, val_loss-0.7951858
2024-12-26 20:28:02 - INFO - epoch-718, train_loss-0.0024911, val_loss-0.6762233
2024-12-26 20:28:40 - INFO - epoch-719, train_loss-0.0021264, val_loss-0.7545745
2024-12-26 20:29:19 - INFO - epoch-720, train_loss-0.0019603, val_loss-0.5727957
2024-12-26 20:29:57 - INFO - epoch-721, train_loss-0.0017139, val_loss-0.5716494
2024-12-26 20:30:35 - INFO - epoch-722, train_loss-0.0016573, val_loss-0.5107694
2024-12-26 20:31:14 - INFO - epoch-723, train_loss-0.0018332, val_loss-0.5166485
2024-12-26 20:31:53 - INFO - epoch-724, train_loss-0.0022194, val_loss-0.5771311
2024-12-26 20:32:31 - INFO - epoch-725, train_loss-0.0024063, val_loss-0.6227749
2024-12-26 20:33:10 - INFO - epoch-726, train_loss-0.0028070, val_loss-0.6234850
2024-12-26 20:33:48 - INFO - epoch-727, train_loss-0.0023436, val_loss-0.5964722
2024-12-26 20:34:27 - INFO - epoch-728, train_loss-0.0026867, val_loss-0.5483925
2024-12-26 20:35:05 - INFO - epoch-729, train_loss-0.0041720, val_loss-0.5719250
2024-12-26 20:35:43 - INFO - epoch-730, train_loss-0.0045387, val_loss-0.5994842
2024-12-26 20:36:23 - INFO - epoch-731, train_loss-0.0046850, val_loss-0.5222158
2024-12-26 20:37:01 - INFO - epoch-732, train_loss-0.0051272, val_loss-0.6442654
2024-12-26 20:37:40 - INFO - epoch-733, train_loss-0.0047542, val_loss-0.5860614
2024-12-26 20:38:18 - INFO - epoch-734, train_loss-0.0055293, val_loss-0.5733523
2024-12-26 20:38:57 - INFO - epoch-735, train_loss-0.0052347, val_loss-0.6201183
2024-12-26 20:39:35 - INFO - epoch-736, train_loss-0.0056215, val_loss-0.6993204
2024-12-26 20:40:13 - INFO - epoch-737, train_loss-0.0055189, val_loss-0.6296391
2024-12-26 20:40:52 - INFO - epoch-738, train_loss-0.0043888, val_loss-0.6656566
2024-12-26 20:41:31 - INFO - epoch-739, train_loss-0.0033071, val_loss-0.7514788
2024-12-26 20:42:10 - INFO - epoch-740, train_loss-0.0026165, val_loss-0.6384907
2024-12-26 20:42:49 - INFO - epoch-741, train_loss-0.0020342, val_loss-0.5936840
2024-12-26 20:43:28 - INFO - epoch-742, train_loss-0.0020327, val_loss-0.4837583
2024-12-26 20:44:07 - INFO - epoch-743, train_loss-0.0017750, val_loss-0.4651918
2024-12-26 20:44:45 - INFO - epoch-744, train_loss-0.0015192, val_loss-0.4801213
2024-12-26 20:45:24 - INFO - epoch-745, train_loss-0.0015060, val_loss-0.4964664
2024-12-26 20:46:02 - INFO - epoch-746, train_loss-0.0015943, val_loss-0.4700935
2024-12-26 20:46:42 - INFO - epoch-747, train_loss-0.0044161, val_loss-0.5241257
2024-12-26 20:47:20 - INFO - epoch-748, train_loss-0.0071116, val_loss-0.5406844
2024-12-26 20:47:59 - INFO - epoch-749, train_loss-0.0121133, val_loss-0.6105156
2024-12-26 20:51:36 - INFO - epoch-750, train_loss-0.0119440, val_loss-1.0048536
2024-12-26 20:52:15 - INFO - epoch-751, train_loss-0.0085621, val_loss-0.6832429
2024-12-26 20:52:53 - INFO - epoch-752, train_loss-0.0066609, val_loss-0.7046396
2024-12-26 20:53:32 - INFO - epoch-753, train_loss-0.0045446, val_loss-0.7610348
2024-12-26 20:54:10 - INFO - epoch-754, train_loss-0.0030029, val_loss-0.7721576
2024-12-26 20:54:48 - INFO - epoch-755, train_loss-0.0021022, val_loss-0.6466122
2024-12-26 20:55:27 - INFO - epoch-756, train_loss-0.0016350, val_loss-0.6139572
2024-12-26 20:56:05 - INFO - epoch-757, train_loss-0.0016309, val_loss-0.5161284
2024-12-26 20:56:43 - INFO - epoch-758, train_loss-0.0017655, val_loss-0.5314645
2024-12-26 20:57:22 - INFO - epoch-759, train_loss-0.0016856, val_loss-0.4988930
2024-12-26 20:58:00 - INFO - epoch-760, train_loss-0.0018269, val_loss-0.4688860
2024-12-26 20:58:38 - INFO - epoch-761, train_loss-0.0022497, val_loss-0.4891983
2024-12-26 20:59:17 - INFO - epoch-762, train_loss-0.0037030, val_loss-0.3946574
2024-12-26 20:59:55 - INFO - epoch-763, train_loss-0.0038170, val_loss-0.5041745
2024-12-26 21:00:33 - INFO - epoch-764, train_loss-0.0046698, val_loss-0.5255727
2024-12-26 21:01:12 - INFO - epoch-765, train_loss-0.0067481, val_loss-0.4782766
2024-12-26 21:01:50 - INFO - epoch-766, train_loss-0.0078258, val_loss-0.6706005
2024-12-26 21:02:30 - INFO - epoch-767, train_loss-0.0072153, val_loss-0.7370953
2024-12-26 21:03:08 - INFO - epoch-768, train_loss-0.0057605, val_loss-0.7416114
2024-12-26 21:03:47 - INFO - epoch-769, train_loss-0.0047295, val_loss-0.7238254
2024-12-26 21:04:26 - INFO - epoch-770, train_loss-0.0032120, val_loss-0.6453379
2024-12-26 21:05:05 - INFO - epoch-771, train_loss-0.0024525, val_loss-0.6062558
2024-12-26 21:05:43 - INFO - epoch-772, train_loss-0.0020424, val_loss-0.5995692
2024-12-26 21:06:21 - INFO - epoch-773, train_loss-0.0016314, val_loss-0.6070612
2024-12-26 21:07:01 - INFO - epoch-774, train_loss-0.0015099, val_loss-0.5282594
2024-12-26 21:07:41 - INFO - epoch-775, train_loss-0.0012841, val_loss-0.5168781
2024-12-26 21:08:19 - INFO - epoch-776, train_loss-0.0012695, val_loss-0.4751617
2024-12-26 21:08:58 - INFO - epoch-777, train_loss-0.0016399, val_loss-0.4832162
2024-12-26 21:09:36 - INFO - epoch-778, train_loss-0.0020290, val_loss-0.4733666
2024-12-26 21:10:14 - INFO - epoch-779, train_loss-0.0023305, val_loss-0.5044693
2024-12-26 21:10:53 - INFO - epoch-780, train_loss-0.0033470, val_loss-0.6177312
2024-12-26 21:11:31 - INFO - epoch-781, train_loss-0.0052928, val_loss-0.6186678
2024-12-26 21:12:09 - INFO - epoch-782, train_loss-0.0059458, val_loss-0.6720145
2024-12-26 21:12:48 - INFO - epoch-783, train_loss-0.0062067, val_loss-0.6190263
2024-12-26 21:13:26 - INFO - epoch-784, train_loss-0.0055317, val_loss-0.6631051
2024-12-26 21:14:04 - INFO - epoch-785, train_loss-0.0050028, val_loss-0.7239324
2024-12-26 21:14:42 - INFO - epoch-786, train_loss-0.0042466, val_loss-0.5985245
2024-12-26 21:15:21 - INFO - epoch-787, train_loss-0.0036688, val_loss-0.7241439
2024-12-26 21:15:59 - INFO - epoch-788, train_loss-0.0032710, val_loss-0.5972795
2024-12-26 21:16:37 - INFO - epoch-789, train_loss-0.0031781, val_loss-0.5609005
2024-12-26 21:17:17 - INFO - epoch-790, train_loss-0.0037846, val_loss-0.5674828
2024-12-26 21:17:55 - INFO - epoch-791, train_loss-0.0041373, val_loss-0.6388821
2024-12-26 21:18:35 - INFO - epoch-792, train_loss-0.0053361, val_loss-0.6282657
2024-12-26 21:19:13 - INFO - epoch-793, train_loss-0.0050448, val_loss-0.6593710
2024-12-26 21:19:53 - INFO - epoch-794, train_loss-0.0045534, val_loss-0.6310400
2024-12-26 21:20:31 - INFO - epoch-795, train_loss-0.0047439, val_loss-0.6016059
2024-12-26 21:21:10 - INFO - epoch-796, train_loss-0.0049710, val_loss-0.7017520
2024-12-26 21:21:49 - INFO - epoch-797, train_loss-0.0048018, val_loss-0.7102162
2024-12-26 21:22:27 - INFO - epoch-798, train_loss-0.0057064, val_loss-0.9504434
2024-12-26 21:23:05 - INFO - epoch-799, train_loss-0.0051052, val_loss-0.7761017
2024-12-26 21:23:44 - INFO - epoch-800, train_loss-0.0044743, val_loss-0.7527421
2024-12-26 21:24:22 - INFO - epoch-801, train_loss-0.0039467, val_loss-0.7417814
2024-12-26 21:25:00 - INFO - epoch-802, train_loss-0.0042089, val_loss-0.7911863
2024-12-26 21:25:39 - INFO - epoch-803, train_loss-0.0034585, val_loss-0.6364660
2024-12-26 21:26:17 - INFO - epoch-804, train_loss-0.0037006, val_loss-0.6072652
2024-12-26 21:26:55 - INFO - epoch-805, train_loss-0.0037642, val_loss-0.6300050
2024-12-26 21:27:34 - INFO - epoch-806, train_loss-0.0032590, val_loss-0.6416025
2024-12-26 21:28:13 - INFO - epoch-807, train_loss-0.0028422, val_loss-0.5840535
2024-12-26 21:28:53 - INFO - epoch-808, train_loss-0.0030085, val_loss-0.6143202
2024-12-26 21:29:33 - INFO - epoch-809, train_loss-0.0027310, val_loss-0.5143147
2024-12-26 21:30:11 - INFO - epoch-810, train_loss-0.0024759, val_loss-0.5248733
2024-12-26 21:30:49 - INFO - epoch-811, train_loss-0.0023220, val_loss-0.5400856
2024-12-26 21:31:28 - INFO - epoch-812, train_loss-0.0020154, val_loss-0.4877274
2024-12-26 21:32:06 - INFO - epoch-813, train_loss-0.0018416, val_loss-0.5210745
2024-12-26 21:32:45 - INFO - epoch-814, train_loss-0.0020898, val_loss-0.5628464
2024-12-26 21:33:23 - INFO - epoch-815, train_loss-0.0019212, val_loss-0.5799706
2024-12-26 21:34:02 - INFO - epoch-816, train_loss-0.0022651, val_loss-0.6853013
2024-12-26 21:34:40 - INFO - epoch-817, train_loss-0.0025295, val_loss-0.5787556
2024-12-26 21:35:18 - INFO - epoch-818, train_loss-0.0029717, val_loss-0.5667028
2024-12-26 21:35:57 - INFO - epoch-819, train_loss-0.0036367, val_loss-0.5046110
2024-12-26 21:36:35 - INFO - epoch-820, train_loss-0.0067244, val_loss-0.5489305
2024-12-26 21:37:13 - INFO - epoch-821, train_loss-0.0091340, val_loss-0.7784852
2024-12-26 21:37:52 - INFO - epoch-822, train_loss-0.0094852, val_loss-0.9057889
2024-12-26 21:38:30 - INFO - epoch-823, train_loss-0.0076578, val_loss-0.9414565
2024-12-26 21:39:09 - INFO - epoch-824, train_loss-0.0061634, val_loss-0.7350627
2024-12-26 21:39:47 - INFO - epoch-825, train_loss-0.0041577, val_loss-0.8940414
2024-12-26 21:40:25 - INFO - epoch-826, train_loss-0.0031143, val_loss-0.9322393
2024-12-26 21:41:04 - INFO - epoch-827, train_loss-0.0027670, val_loss-0.7336908
2024-12-26 21:41:42 - INFO - epoch-828, train_loss-0.0024903, val_loss-0.7647808
2024-12-26 21:42:20 - INFO - epoch-829, train_loss-0.0020877, val_loss-0.7060866
2024-12-26 21:45:16 - INFO - epoch-830, train_loss-0.0020158, val_loss-0.6623666
2024-12-26 21:46:43 - INFO - epoch-831, train_loss-0.0022523, val_loss-0.5867437
2024-12-26 21:47:22 - INFO - epoch-832, train_loss-0.0027496, val_loss-0.6786481
2024-12-26 21:48:00 - INFO - epoch-833, train_loss-0.0022703, val_loss-0.5441158
2024-12-26 21:48:38 - INFO - epoch-834, train_loss-0.0022254, val_loss-0.5569716
2024-12-26 21:49:18 - INFO - epoch-835, train_loss-0.0033906, val_loss-0.5838489
2024-12-26 21:49:56 - INFO - epoch-836, train_loss-0.0037948, val_loss-0.6951322
2024-12-26 21:50:35 - INFO - epoch-837, train_loss-0.0045507, val_loss-0.7387243
2024-12-26 21:51:13 - INFO - epoch-838, train_loss-0.0048378, val_loss-0.6258915
2024-12-26 21:51:51 - INFO - epoch-839, train_loss-0.0051958, val_loss-0.5796054
2024-12-26 21:52:30 - INFO - epoch-840, train_loss-0.0058409, val_loss-0.5641981
2024-12-26 21:53:08 - INFO - epoch-841, train_loss-0.0057053, val_loss-0.5330975
2024-12-26 21:53:46 - INFO - epoch-842, train_loss-0.0047642, val_loss-0.5847501
2024-12-26 21:54:26 - INFO - epoch-843, train_loss-0.0036257, val_loss-0.5935923
2024-12-26 21:55:04 - INFO - epoch-844, train_loss-0.0033384, val_loss-0.6122639
2024-12-26 21:55:43 - INFO - epoch-845, train_loss-0.0029668, val_loss-0.6574322
2024-12-26 21:56:21 - INFO - epoch-846, train_loss-0.0028406, val_loss-0.5976328
2024-12-26 21:57:00 - INFO - epoch-847, train_loss-0.0032359, val_loss-0.6291550
2024-12-26 21:57:38 - INFO - epoch-848, train_loss-0.0033890, val_loss-0.6230155
2024-12-26 21:58:16 - INFO - epoch-849, train_loss-0.0035560, val_loss-0.6348601
2024-12-26 21:58:55 - INFO - epoch-850, train_loss-0.0035069, val_loss-0.5976030
2024-12-26 21:59:33 - INFO - epoch-851, train_loss-0.0039952, val_loss-0.5123719
2024-12-26 22:00:11 - INFO - epoch-852, train_loss-0.0040927, val_loss-0.6348789
2024-12-26 22:00:50 - INFO - epoch-853, train_loss-0.0042741, val_loss-0.5714468
2024-12-26 22:01:28 - INFO - epoch-854, train_loss-0.0037371, val_loss-0.6179766
2024-12-26 22:02:07 - INFO - epoch-855, train_loss-0.0039168, val_loss-0.6992701
2024-12-26 22:02:45 - INFO - epoch-856, train_loss-0.0060920, val_loss-0.6212097
2024-12-26 22:03:23 - INFO - epoch-857, train_loss-0.0064899, val_loss-0.8246189
2024-12-26 22:04:02 - INFO - epoch-858, train_loss-0.0053181, val_loss-0.7626182
2024-12-26 22:04:40 - INFO - epoch-859, train_loss-0.0047925, val_loss-0.8590438
2024-12-26 22:05:18 - INFO - epoch-860, train_loss-0.0040298, val_loss-0.8699530
2024-12-26 22:05:57 - INFO - epoch-861, train_loss-0.0029764, val_loss-0.8351347
2024-12-26 22:06:35 - INFO - epoch-862, train_loss-0.0022945, val_loss-0.8158186
2024-12-26 22:07:13 - INFO - epoch-863, train_loss-0.0016698, val_loss-0.6762728
2024-12-26 22:07:52 - INFO - epoch-864, train_loss-0.0013751, val_loss-0.7259302
2024-12-26 22:08:32 - INFO - epoch-865, train_loss-0.0011026, val_loss-0.5438835
2024-12-26 22:09:10 - INFO - epoch-866, train_loss-0.0010863, val_loss-0.5793930
2024-12-26 22:09:48 - INFO - epoch-867, train_loss-0.0010723, val_loss-0.5473360
2024-12-26 22:10:27 - INFO - epoch-868, train_loss-0.0010691, val_loss-0.5155074
2024-12-26 22:11:05 - INFO - epoch-869, train_loss-0.0010169, val_loss-0.5297135
2024-12-26 22:11:43 - INFO - epoch-870, train_loss-0.0011140, val_loss-0.5180724
2024-12-26 22:12:22 - INFO - epoch-871, train_loss-0.0011634, val_loss-0.5587738
2024-12-26 22:13:00 - INFO - epoch-872, train_loss-0.0012942, val_loss-0.5559352
2024-12-26 22:13:38 - INFO - epoch-873, train_loss-0.0014745, val_loss-0.7028868
2024-12-26 22:14:17 - INFO - epoch-874, train_loss-0.0021263, val_loss-0.5433807
2024-12-26 22:14:55 - INFO - epoch-875, train_loss-0.0052702, val_loss-0.7301981
2024-12-26 22:15:35 - INFO - epoch-876, train_loss-0.0129671, val_loss-0.6888021
2024-12-26 22:16:13 - INFO - epoch-877, train_loss-0.0174832, val_loss-0.9040596
2024-12-26 22:16:52 - INFO - epoch-878, train_loss-0.0154305, val_loss-0.7279125
2024-12-26 22:17:30 - INFO - epoch-879, train_loss-0.0097356, val_loss-1.0735190
2024-12-26 22:18:08 - INFO - epoch-880, train_loss-0.0059279, val_loss-0.9795004
2024-12-26 22:18:47 - INFO - epoch-881, train_loss-0.0037388, val_loss-1.0141505
2024-12-26 22:19:25 - INFO - epoch-882, train_loss-0.0028120, val_loss-0.7919521
2024-12-26 22:20:04 - INFO - epoch-883, train_loss-0.0022448, val_loss-0.7355936
2024-12-26 22:20:42 - INFO - epoch-884, train_loss-0.0018444, val_loss-0.7167188
2024-12-26 22:21:20 - INFO - epoch-885, train_loss-0.0017613, val_loss-0.6594505
2024-12-26 22:22:00 - INFO - epoch-886, train_loss-0.0017308, val_loss-0.6271919
2024-12-26 22:22:38 - INFO - epoch-887, train_loss-0.0014694, val_loss-0.7016258
2024-12-26 22:23:16 - INFO - epoch-888, train_loss-0.0013140, val_loss-0.6600240
2024-12-26 22:23:55 - INFO - epoch-889, train_loss-0.0010256, val_loss-0.7205301
2024-12-26 22:24:33 - INFO - epoch-890, train_loss-0.0010130, val_loss-0.5991865
2024-12-26 22:25:12 - INFO - epoch-891, train_loss-0.0011807, val_loss-0.5729944
2024-12-26 22:25:50 - INFO - epoch-892, train_loss-0.0013269, val_loss-0.6293703
2024-12-26 22:26:29 - INFO - epoch-893, train_loss-0.0027033, val_loss-0.6170399
2024-12-26 22:27:07 - INFO - epoch-894, train_loss-0.0066469, val_loss-0.6192016
2024-12-26 22:27:45 - INFO - epoch-895, train_loss-0.0090121, val_loss-0.6343164
2024-12-26 22:28:23 - INFO - epoch-896, train_loss-0.0084030, val_loss-0.7777280
2024-12-26 22:29:02 - INFO - epoch-897, train_loss-0.0061665, val_loss-0.6414088
2024-12-26 22:29:40 - INFO - epoch-898, train_loss-0.0045540, val_loss-0.6358012
2024-12-26 22:30:18 - INFO - epoch-899, train_loss-0.0035178, val_loss-0.6620842
2024-12-26 22:30:57 - INFO - epoch-900, train_loss-0.0023939, val_loss-0.5925384
2024-12-26 22:31:35 - INFO - epoch-901, train_loss-0.0016819, val_loss-0.6684622
2024-12-26 22:32:13 - INFO - epoch-902, train_loss-0.0014773, val_loss-0.5944920
2024-12-26 22:32:52 - INFO - epoch-903, train_loss-0.0011884, val_loss-0.5164851
2024-12-26 22:33:30 - INFO - epoch-904, train_loss-0.0010715, val_loss-0.5278502
2024-12-26 22:34:09 - INFO - epoch-905, train_loss-0.0010628, val_loss-0.5139397
2024-12-26 22:34:47 - INFO - epoch-906, train_loss-0.0012820, val_loss-0.4941268
2024-12-26 22:35:25 - INFO - epoch-907, train_loss-0.0019028, val_loss-0.5030379
2024-12-26 22:36:04 - INFO - epoch-908, train_loss-0.0021981, val_loss-0.5024596
2024-12-26 22:36:42 - INFO - epoch-909, train_loss-0.0036249, val_loss-0.4815916
2024-12-26 22:39:13 - INFO - epoch-910, train_loss-0.0038751, val_loss-0.4960097
2024-12-26 22:41:20 - INFO - epoch-911, train_loss-0.0088086, val_loss-0.5498730
2024-12-26 22:41:58 - INFO - epoch-912, train_loss-0.0095662, val_loss-0.6499088
2024-12-26 22:42:36 - INFO - epoch-913, train_loss-0.0074201, val_loss-0.8126361
2024-12-26 22:43:15 - INFO - epoch-914, train_loss-0.0052330, val_loss-0.8894011
2024-12-26 22:43:53 - INFO - epoch-915, train_loss-0.0033990, val_loss-0.7801401
2024-12-26 22:44:31 - INFO - epoch-916, train_loss-0.0025405, val_loss-0.9011229
2024-12-26 22:45:10 - INFO - epoch-917, train_loss-0.0022425, val_loss-0.7400747
2024-12-26 22:45:48 - INFO - epoch-918, train_loss-0.0021356, val_loss-0.7442635
2024-12-26 22:46:26 - INFO - epoch-919, train_loss-0.0020234, val_loss-0.6717743
2024-12-26 22:47:05 - INFO - epoch-920, train_loss-0.0017279, val_loss-0.6518969
2024-12-26 22:47:43 - INFO - epoch-921, train_loss-0.0019952, val_loss-0.6573570
2024-12-26 22:48:22 - INFO - epoch-922, train_loss-0.0032892, val_loss-0.5391320
2024-12-26 22:49:00 - INFO - epoch-923, train_loss-0.0053887, val_loss-0.5358616
2024-12-26 22:49:38 - INFO - epoch-924, train_loss-0.0063148, val_loss-0.6202183
2024-12-26 22:50:17 - INFO - epoch-925, train_loss-0.0054083, val_loss-0.7040058
2024-12-26 22:50:55 - INFO - epoch-926, train_loss-0.0050611, val_loss-0.7316246
2024-12-26 22:51:33 - INFO - epoch-927, train_loss-0.0039245, val_loss-0.6359986
2024-12-26 22:52:12 - INFO - epoch-928, train_loss-0.0033655, val_loss-0.5784025
2024-12-26 22:52:50 - INFO - epoch-929, train_loss-0.0027272, val_loss-0.6486083
2024-12-26 22:53:29 - INFO - epoch-930, train_loss-0.0020692, val_loss-0.6274556
2024-12-26 22:54:07 - INFO - epoch-931, train_loss-0.0018390, val_loss-0.6601496
2024-12-26 22:54:46 - INFO - epoch-932, train_loss-0.0018399, val_loss-0.5879349
2024-12-26 22:55:25 - INFO - epoch-933, train_loss-0.0022250, val_loss-0.5848723
2024-12-26 22:56:05 - INFO - epoch-934, train_loss-0.0024769, val_loss-0.4986261
2024-12-26 22:56:44 - INFO - epoch-935, train_loss-0.0042368, val_loss-0.6726275
2024-12-26 22:57:23 - INFO - epoch-936, train_loss-0.0072145, val_loss-0.4900662
2024-12-26 22:58:01 - INFO - epoch-937, train_loss-0.0078165, val_loss-0.7450354
2024-12-26 22:58:39 - INFO - epoch-938, train_loss-0.0074508, val_loss-0.7925256
2024-12-26 22:59:18 - INFO - epoch-939, train_loss-0.0062929, val_loss-0.7438945
2024-12-26 22:59:56 - INFO - epoch-940, train_loss-0.0051778, val_loss-0.8617689
2024-12-26 23:00:35 - INFO - epoch-941, train_loss-0.0040660, val_loss-0.7560161
2024-12-26 23:01:13 - INFO - epoch-942, train_loss-0.0034684, val_loss-0.6809117
2024-12-26 23:01:53 - INFO - epoch-943, train_loss-0.0026377, val_loss-0.6339041
2024-12-26 23:02:32 - INFO - epoch-944, train_loss-0.0020324, val_loss-0.7375151
2024-12-26 23:03:11 - INFO - epoch-945, train_loss-0.0016601, val_loss-0.6676297
2024-12-26 23:03:49 - INFO - epoch-946, train_loss-0.0014520, val_loss-0.6299700
2024-12-26 23:04:27 - INFO - epoch-947, train_loss-0.0012264, val_loss-0.6754440
2024-12-26 23:05:06 - INFO - epoch-948, train_loss-0.0013039, val_loss-0.5764292
2024-12-26 23:05:44 - INFO - epoch-949, train_loss-0.0012985, val_loss-0.6916597
2024-12-26 23:06:23 - INFO - epoch-950, train_loss-0.0013233, val_loss-0.5533743
2024-12-26 23:07:01 - INFO - epoch-951, train_loss-0.0012014, val_loss-0.6310965
2024-12-26 23:07:39 - INFO - epoch-952, train_loss-0.0011825, val_loss-0.5514681
2024-12-26 23:08:18 - INFO - epoch-953, train_loss-0.0014304, val_loss-0.5844664
2024-12-26 23:08:56 - INFO - epoch-954, train_loss-0.0022445, val_loss-0.6705782
2024-12-26 23:09:34 - INFO - epoch-955, train_loss-0.0046304, val_loss-0.5796966
2024-12-26 23:10:13 - INFO - epoch-956, train_loss-0.0086552, val_loss-0.6172309
2024-12-26 23:10:51 - INFO - epoch-957, train_loss-0.0123072, val_loss-0.8133969
2024-12-26 23:11:30 - INFO - epoch-958, train_loss-0.0129081, val_loss-0.9072206
2024-12-26 23:12:09 - INFO - epoch-959, train_loss-0.0090772, val_loss-0.8159949
2024-12-26 23:12:47 - INFO - epoch-960, train_loss-0.0056478, val_loss-1.0129503
2024-12-26 23:13:26 - INFO - epoch-961, train_loss-0.0038560, val_loss-0.7440964
2024-12-26 23:14:05 - INFO - epoch-962, train_loss-0.0033536, val_loss-0.8014851
2024-12-26 23:14:44 - INFO - epoch-963, train_loss-0.0025699, val_loss-0.7892253
2024-12-26 23:15:23 - INFO - epoch-964, train_loss-0.0026475, val_loss-0.7047354
2024-12-26 23:16:02 - INFO - epoch-965, train_loss-0.0020302, val_loss-0.7236327
2024-12-26 23:16:40 - INFO - epoch-966, train_loss-0.0017032, val_loss-0.6782553
2024-12-26 23:17:18 - INFO - epoch-967, train_loss-0.0014657, val_loss-0.6219658
2024-12-26 23:17:58 - INFO - epoch-968, train_loss-0.0013033, val_loss-0.5932511
2024-12-26 23:18:37 - INFO - epoch-969, train_loss-0.0012088, val_loss-0.5218781
2024-12-26 23:19:16 - INFO - epoch-970, train_loss-0.0010652, val_loss-0.5660393
2024-12-26 23:19:54 - INFO - epoch-971, train_loss-0.0010776, val_loss-0.4914729
2024-12-26 23:20:32 - INFO - epoch-972, train_loss-0.0016856, val_loss-0.5031660
2024-12-26 23:21:11 - INFO - epoch-973, train_loss-0.0026156, val_loss-0.5771696
2024-12-26 23:21:49 - INFO - epoch-974, train_loss-0.0033389, val_loss-0.5858524
2024-12-26 23:22:28 - INFO - epoch-975, train_loss-0.0077617, val_loss-0.5538018
2024-12-26 23:23:06 - INFO - epoch-976, train_loss-0.0112350, val_loss-0.7245621
2024-12-26 23:23:44 - INFO - epoch-977, train_loss-0.0102852, val_loss-0.9422800
2024-12-26 23:24:23 - INFO - epoch-978, train_loss-0.0071206, val_loss-0.9536241
2024-12-26 23:25:01 - INFO - epoch-979, train_loss-0.0047446, val_loss-0.8920271
2024-12-26 23:25:40 - INFO - epoch-980, train_loss-0.0031439, val_loss-0.7148984
2024-12-26 23:26:18 - INFO - epoch-981, train_loss-0.0023302, val_loss-0.7311308
2024-12-26 23:26:56 - INFO - epoch-982, train_loss-0.0019957, val_loss-0.7007769
2024-12-26 23:27:35 - INFO - epoch-983, train_loss-0.0016660, val_loss-0.6439730
2024-12-26 23:28:13 - INFO - epoch-984, train_loss-0.0014861, val_loss-0.6125869
2024-12-26 23:28:51 - INFO - epoch-985, train_loss-0.0013226, val_loss-0.5681471
2024-12-26 23:29:30 - INFO - epoch-986, train_loss-0.0014664, val_loss-0.6722333
2024-12-26 23:30:08 - INFO - epoch-987, train_loss-0.0016219, val_loss-0.5540123
2024-12-26 23:30:46 - INFO - epoch-988, train_loss-0.0015687, val_loss-0.4682766
2024-12-26 23:31:25 - INFO - epoch-989, train_loss-0.0015310, val_loss-0.5275217
2024-12-26 23:34:42 - INFO - epoch-990, train_loss-0.0015687, val_loss-0.5469922
2024-12-26 23:35:43 - INFO - epoch-991, train_loss-0.0016307, val_loss-0.6104991
2024-12-26 23:36:21 - INFO - epoch-992, train_loss-0.0015565, val_loss-0.5330043
2024-12-26 23:36:59 - INFO - epoch-993, train_loss-0.0016237, val_loss-0.5033314
2024-12-26 23:37:38 - INFO - epoch-994, train_loss-0.0031662, val_loss-0.5745836
2024-12-26 23:38:17 - INFO - epoch-995, train_loss-0.0045637, val_loss-0.6005177
2024-12-26 23:38:56 - INFO - epoch-996, train_loss-0.0056310, val_loss-0.5766294
2024-12-26 23:39:34 - INFO - epoch-997, train_loss-0.0072402, val_loss-0.8299694
2024-12-26 23:40:12 - INFO - epoch-998, train_loss-0.0084353, val_loss-0.8423854
2024-12-26 23:40:51 - INFO - epoch-999, train_loss-0.0091267, val_loss-0.8114866
