2024-12-22 13:26:11 - INFO - /mnt/cephfs/projects/2023110101_Ligand_fitting_to_EM_maps/My_Code/CryoLigate_Github/CryoLigate/GIGN/GIGN_EM/For_Elisei_Nov_2024/CryoLigate_GIGN_Unet/train_example.py
2024-12-22 13:26:11 - INFO - train data: 6810
2024-12-22 13:26:11 - INFO - valid data: 756
2024-12-22 13:26:37 - INFO - Initial_train_loss-0.0012711  Initial_val_loss-0.0012750
2024-12-22 13:27:43 - INFO - epoch-0, train_loss-0.0207715, val_loss-0.0315104
2024-12-22 13:28:50 - INFO - epoch-1, train_loss-0.0008134, val_loss-0.0267511
2024-12-22 13:29:56 - INFO - epoch-2, train_loss-0.0007628, val_loss-0.0232552
2024-12-22 13:31:01 - INFO - epoch-3, train_loss-0.0007416, val_loss-0.0206658
2024-12-22 13:32:07 - INFO - epoch-4, train_loss-0.0007245, val_loss-0.0192039
2024-12-22 13:33:13 - INFO - epoch-5, train_loss-0.0007111, val_loss-0.0182270
2024-12-22 13:34:19 - INFO - epoch-6, train_loss-0.0007024, val_loss-0.0175273
2024-12-22 13:35:24 - INFO - epoch-7, train_loss-0.0006930, val_loss-0.0168146
2024-12-22 13:36:30 - INFO - epoch-8, train_loss-0.0006871, val_loss-0.0166487
2024-12-22 13:37:37 - INFO - epoch-9, train_loss-0.0006820, val_loss-0.0160931
2024-12-22 13:38:42 - INFO - epoch-10, train_loss-0.0006768, val_loss-0.0158216
2024-12-22 13:39:49 - INFO - epoch-11, train_loss-0.0006735, val_loss-0.0153268
2024-12-22 13:40:55 - INFO - epoch-12, train_loss-0.0006705, val_loss-0.0146380
2024-12-22 13:42:00 - INFO - epoch-13, train_loss-0.0006681, val_loss-0.0138243
2024-12-22 13:43:07 - INFO - epoch-14, train_loss-0.0006662, val_loss-0.0135420
2024-12-22 13:44:13 - INFO - epoch-15, train_loss-0.0006643, val_loss-0.0130072
2024-12-22 13:45:18 - INFO - epoch-16, train_loss-0.0006628, val_loss-0.0123530
2024-12-22 13:46:24 - INFO - epoch-17, train_loss-0.0006612, val_loss-0.0120920
2024-12-22 13:47:30 - INFO - epoch-18, train_loss-0.0006598, val_loss-0.0114900
2024-12-22 13:48:35 - INFO - epoch-19, train_loss-0.0006587, val_loss-0.0110737
2024-12-22 13:49:41 - INFO - epoch-20, train_loss-0.0006580, val_loss-0.0107978
2024-12-22 13:50:47 - INFO - epoch-21, train_loss-0.0006569, val_loss-0.0102368
2024-12-22 13:51:52 - INFO - epoch-22, train_loss-0.0006563, val_loss-0.0099951
2024-12-22 13:52:58 - INFO - epoch-23, train_loss-0.0006557, val_loss-0.0099278
2024-12-22 13:54:03 - INFO - epoch-24, train_loss-0.0006552, val_loss-0.0094424
2024-12-22 13:55:09 - INFO - epoch-25, train_loss-0.0006548, val_loss-0.0093572
2024-12-22 13:56:15 - INFO - epoch-26, train_loss-0.0006544, val_loss-0.0088670
2024-12-22 13:57:20 - INFO - epoch-27, train_loss-0.0006538, val_loss-0.0085714
2024-12-22 13:58:26 - INFO - epoch-28, train_loss-0.0006533, val_loss-0.0086084
2024-12-22 13:59:32 - INFO - epoch-29, train_loss-0.0006527, val_loss-0.0083046
2024-12-22 14:00:39 - INFO - epoch-30, train_loss-0.0006523, val_loss-0.0081987
2024-12-22 14:01:44 - INFO - epoch-31, train_loss-0.0006522, val_loss-0.0083417
2024-12-22 14:02:50 - INFO - epoch-32, train_loss-0.0006516, val_loss-0.0081456
2024-12-22 14:03:55 - INFO - epoch-33, train_loss-0.0006512, val_loss-0.0079498
2024-12-22 14:05:01 - INFO - epoch-34, train_loss-0.0006510, val_loss-0.0076999
2024-12-22 14:06:07 - INFO - epoch-35, train_loss-0.0006509, val_loss-0.0075918
2024-12-22 14:07:12 - INFO - epoch-36, train_loss-0.0006503, val_loss-0.0071976
2024-12-22 14:08:18 - INFO - epoch-37, train_loss-0.0006501, val_loss-0.0070050
2024-12-22 14:09:23 - INFO - epoch-38, train_loss-0.0006499, val_loss-0.0066215
2024-12-22 14:10:29 - INFO - epoch-39, train_loss-0.0006495, val_loss-0.0065423
2024-12-22 14:11:35 - INFO - epoch-40, train_loss-0.0006493, val_loss-0.0063474
2024-12-22 14:12:40 - INFO - epoch-41, train_loss-0.0006488, val_loss-0.0061615
2024-12-22 14:13:46 - INFO - epoch-42, train_loss-0.0006487, val_loss-0.0059394
2024-12-22 14:14:51 - INFO - epoch-43, train_loss-0.0006482, val_loss-0.0057523
2024-12-22 14:15:57 - INFO - epoch-44, train_loss-0.0006480, val_loss-0.0054695
2024-12-22 14:17:02 - INFO - epoch-45, train_loss-0.0006480, val_loss-0.0052908
2024-12-22 14:18:08 - INFO - epoch-46, train_loss-0.0006476, val_loss-0.0053297
2024-12-22 14:20:50 - INFO - epoch-47, train_loss-0.0006475, val_loss-0.0051149
2024-12-22 14:24:43 - INFO - epoch-48, train_loss-0.0006471, val_loss-0.0048952
2024-12-22 14:25:49 - INFO - epoch-49, train_loss-0.0006469, val_loss-0.0044386
2024-12-22 14:26:54 - INFO - epoch-50, train_loss-0.0006466, val_loss-0.0044977
2024-12-22 14:28:00 - INFO - epoch-51, train_loss-0.0006466, val_loss-0.0042541
2024-12-22 14:29:05 - INFO - epoch-52, train_loss-0.0006460, val_loss-0.0042229
2024-12-22 14:30:11 - INFO - epoch-53, train_loss-0.0006458, val_loss-0.0040072
2024-12-22 14:31:16 - INFO - epoch-54, train_loss-0.0006455, val_loss-0.0038123
2024-12-22 14:32:21 - INFO - epoch-55, train_loss-0.0006453, val_loss-0.0033888
2024-12-22 14:33:27 - INFO - epoch-56, train_loss-0.0006451, val_loss-0.0033917
2024-12-22 14:34:32 - INFO - epoch-57, train_loss-0.0006451, val_loss-0.0032845
2024-12-22 14:35:38 - INFO - epoch-58, train_loss-0.0006447, val_loss-0.0032689
2024-12-22 14:36:43 - INFO - epoch-59, train_loss-0.0006445, val_loss-0.0029911
2024-12-22 14:37:48 - INFO - epoch-60, train_loss-0.0006448, val_loss-0.0030152
2024-12-22 14:38:54 - INFO - epoch-61, train_loss-0.0006444, val_loss-0.0028325
2024-12-22 14:39:59 - INFO - epoch-62, train_loss-0.0006442, val_loss-0.0026421
2024-12-22 14:41:05 - INFO - epoch-63, train_loss-0.0006439, val_loss-0.0026789
2024-12-22 14:42:11 - INFO - epoch-64, train_loss-0.0006441, val_loss-0.0025692
2024-12-22 14:43:17 - INFO - epoch-65, train_loss-0.0006442, val_loss-0.0023633
2024-12-22 14:44:22 - INFO - epoch-66, train_loss-0.0006434, val_loss-0.0023657
2024-12-22 14:45:28 - INFO - epoch-67, train_loss-0.0006432, val_loss-0.0023530
2024-12-22 14:46:33 - INFO - epoch-68, train_loss-0.0006433, val_loss-0.0023334
2024-12-22 14:47:38 - INFO - epoch-69, train_loss-0.0006436, val_loss-0.0022374
2024-12-22 14:48:43 - INFO - epoch-70, train_loss-0.0006431, val_loss-0.0019486
2024-12-22 14:49:49 - INFO - epoch-71, train_loss-0.0006431, val_loss-0.0017839
2024-12-22 14:50:54 - INFO - epoch-72, train_loss-0.0006429, val_loss-0.0019460
2024-12-22 14:51:59 - INFO - epoch-73, train_loss-0.0006428, val_loss-0.0018825
2024-12-22 14:53:04 - INFO - epoch-74, train_loss-0.0006426, val_loss-0.0018712
2024-12-22 14:54:10 - INFO - epoch-75, train_loss-0.0006433, val_loss-0.0015648
2024-12-22 14:55:16 - INFO - epoch-76, train_loss-0.0006422, val_loss-0.0014741
2024-12-22 14:56:21 - INFO - epoch-77, train_loss-0.0006422, val_loss-0.0014356
2024-12-22 14:57:27 - INFO - epoch-78, train_loss-0.0006421, val_loss-0.0015108
2024-12-22 14:58:32 - INFO - epoch-79, train_loss-0.0006424, val_loss-0.0014627
2024-12-22 14:59:37 - INFO - epoch-80, train_loss-0.0006419, val_loss-0.0014457
2024-12-22 15:00:42 - INFO - epoch-81, train_loss-0.0006415, val_loss-0.0012633
2024-12-22 15:01:47 - INFO - epoch-82, train_loss-0.0006422, val_loss-0.0014135
2024-12-22 15:02:54 - INFO - epoch-83, train_loss-0.0006433, val_loss-0.0013882
2024-12-22 15:04:00 - INFO - epoch-84, train_loss-0.0006430, val_loss-0.0016826
2024-12-22 15:05:05 - INFO - epoch-85, train_loss-0.0006427, val_loss-0.0015742
2024-12-22 15:06:10 - INFO - epoch-86, train_loss-0.0006418, val_loss-0.0013926
2024-12-22 15:07:15 - INFO - epoch-87, train_loss-0.0006415, val_loss-0.0012295
2024-12-22 15:08:20 - INFO - epoch-88, train_loss-0.0006405, val_loss-0.0012146
2024-12-22 15:09:27 - INFO - epoch-89, train_loss-0.0006405, val_loss-0.0011836
2024-12-22 15:10:32 - INFO - epoch-90, train_loss-0.0006413, val_loss-0.0011307
2024-12-22 15:11:37 - INFO - epoch-91, train_loss-0.0006410, val_loss-0.0010598
2024-12-22 15:12:42 - INFO - epoch-92, train_loss-0.0006415, val_loss-0.0012803
2024-12-22 15:13:47 - INFO - epoch-93, train_loss-0.0006422, val_loss-0.0010670
2024-12-22 15:14:52 - INFO - epoch-94, train_loss-0.0006628, val_loss-0.0014922
2024-12-22 15:15:57 - INFO - epoch-95, train_loss-0.0006484, val_loss-0.0012852
2024-12-22 15:17:02 - INFO - epoch-96, train_loss-0.0006450, val_loss-0.0013773
2024-12-22 15:18:07 - INFO - epoch-97, train_loss-0.0006435, val_loss-0.0013506
2024-12-22 15:19:12 - INFO - epoch-98, train_loss-0.0006426, val_loss-0.0014845
2024-12-22 15:20:17 - INFO - epoch-99, train_loss-0.0006424, val_loss-0.0013544
2024-12-22 15:21:22 - INFO - epoch-100, train_loss-0.0006419, val_loss-0.0010537
2024-12-22 15:22:27 - INFO - epoch-101, train_loss-0.0006417, val_loss-0.0011591
2024-12-22 15:23:32 - INFO - epoch-102, train_loss-0.0006412, val_loss-0.0010185
2024-12-22 15:24:38 - INFO - epoch-103, train_loss-0.0006410, val_loss-0.0009186
2024-12-22 15:25:43 - INFO - epoch-104, train_loss-0.0006416, val_loss-0.0010796
2024-12-22 15:26:49 - INFO - epoch-105, train_loss-0.0006412, val_loss-0.0009135
2024-12-22 15:27:54 - INFO - epoch-106, train_loss-0.0006402, val_loss-0.0008990
2024-12-22 15:28:58 - INFO - epoch-107, train_loss-0.0006411, val_loss-0.0009822
2024-12-22 15:30:03 - INFO - epoch-108, train_loss-0.0006400, val_loss-0.0009482
2024-12-22 15:31:08 - INFO - epoch-109, train_loss-0.0006412, val_loss-0.0009250
2024-12-22 15:32:13 - INFO - epoch-110, train_loss-0.0006403, val_loss-0.0008586
2024-12-22 15:33:18 - INFO - epoch-111, train_loss-0.0006403, val_loss-0.0007813
2024-12-22 15:34:23 - INFO - epoch-112, train_loss-0.0006403, val_loss-0.0007517
2024-12-22 15:35:27 - INFO - epoch-113, train_loss-0.0006402, val_loss-0.0008343
2024-12-22 15:36:32 - INFO - epoch-114, train_loss-0.0006404, val_loss-0.0008182
2024-12-22 15:37:37 - INFO - epoch-115, train_loss-0.0006407, val_loss-0.0007534
2024-12-22 15:38:42 - INFO - epoch-116, train_loss-0.0006401, val_loss-0.0007673
2024-12-22 15:39:46 - INFO - epoch-117, train_loss-0.0006403, val_loss-0.0008880
2024-12-22 15:40:51 - INFO - epoch-118, train_loss-0.0006410, val_loss-0.0007808
2024-12-22 15:43:53 - INFO - epoch-119, train_loss-0.0006403, val_loss-0.0007703
2024-12-22 15:45:34 - INFO - epoch-120, train_loss-0.0006401, val_loss-0.0007924
2024-12-22 15:46:39 - INFO - epoch-121, train_loss-0.0006420, val_loss-0.0007588
2024-12-22 15:47:43 - INFO - epoch-122, train_loss-0.0006402, val_loss-0.0007308
2024-12-22 15:48:48 - INFO - epoch-123, train_loss-0.0006400, val_loss-0.0008904
2024-12-22 15:49:53 - INFO - epoch-124, train_loss-0.0006392, val_loss-0.0008472
2024-12-22 15:50:57 - INFO - epoch-125, train_loss-0.0006399, val_loss-0.0008835
2024-12-22 15:52:03 - INFO - epoch-126, train_loss-0.0006397, val_loss-0.0007624
2024-12-22 15:53:09 - INFO - epoch-127, train_loss-0.0006401, val_loss-0.0007215
2024-12-22 15:54:13 - INFO - epoch-128, train_loss-0.0006408, val_loss-0.0007069
2024-12-22 15:55:18 - INFO - epoch-129, train_loss-0.0006398, val_loss-0.0007233
2024-12-22 15:56:22 - INFO - epoch-130, train_loss-0.0006394, val_loss-0.0007647
2024-12-22 15:57:27 - INFO - epoch-131, train_loss-0.0006393, val_loss-0.0008668
2024-12-22 15:58:31 - INFO - epoch-132, train_loss-0.0006398, val_loss-0.0007966
2024-12-22 15:59:37 - INFO - epoch-133, train_loss-0.0006391, val_loss-0.0008040
2024-12-22 16:00:42 - INFO - epoch-134, train_loss-0.0006407, val_loss-0.0008274
2024-12-22 16:01:47 - INFO - epoch-135, train_loss-0.0006379, val_loss-0.0007595
2024-12-22 16:02:52 - INFO - epoch-136, train_loss-0.0006400, val_loss-0.0008179
2024-12-22 16:03:56 - INFO - epoch-137, train_loss-0.0008186, val_loss-0.0006926
2024-12-22 16:05:01 - INFO - epoch-138, train_loss-0.0006599, val_loss-0.0006801
2024-12-22 16:06:05 - INFO - epoch-139, train_loss-0.0006592, val_loss-0.0006824
2024-12-22 16:07:10 - INFO - epoch-140, train_loss-0.0006572, val_loss-0.0006929
2024-12-22 16:08:14 - INFO - epoch-141, train_loss-0.0006526, val_loss-0.0007753
2024-12-22 16:09:19 - INFO - epoch-142, train_loss-0.0006508, val_loss-0.0009222
2024-12-22 16:10:23 - INFO - epoch-143, train_loss-0.0006500, val_loss-0.0011504
2024-12-22 16:11:28 - INFO - epoch-144, train_loss-0.0006496, val_loss-0.0012710
2024-12-22 16:12:32 - INFO - epoch-145, train_loss-0.0006492, val_loss-0.0014461
2024-12-22 16:13:36 - INFO - epoch-146, train_loss-0.0006486, val_loss-0.0018263
2024-12-22 16:14:41 - INFO - epoch-147, train_loss-0.0006480, val_loss-0.0017938
2024-12-22 16:15:45 - INFO - epoch-148, train_loss-0.0006469, val_loss-0.0026860
2024-12-22 16:16:50 - INFO - epoch-149, train_loss-0.0006459, val_loss-0.0041627
2024-12-22 16:17:54 - INFO - epoch-150, train_loss-0.0006451, val_loss-0.0049775
2024-12-22 16:18:58 - INFO - epoch-151, train_loss-0.0006444, val_loss-0.0049739
2024-12-22 16:20:03 - INFO - epoch-152, train_loss-0.0006437, val_loss-0.0066872
2024-12-22 16:21:07 - INFO - epoch-153, train_loss-0.0006434, val_loss-0.0062477
2024-12-22 16:22:12 - INFO - epoch-154, train_loss-0.0006429, val_loss-0.0048385
2024-12-22 16:23:17 - INFO - epoch-155, train_loss-0.0006426, val_loss-0.0043924
2024-12-22 16:24:22 - INFO - epoch-156, train_loss-0.0006423, val_loss-0.0035669
2024-12-22 16:25:26 - INFO - epoch-157, train_loss-0.0006422, val_loss-0.0043216
2024-12-22 16:26:31 - INFO - epoch-158, train_loss-0.0006423, val_loss-0.0012678
2024-12-22 16:27:35 - INFO - epoch-159, train_loss-0.0006422, val_loss-0.0014768
2024-12-22 16:28:40 - INFO - epoch-160, train_loss-0.0006419, val_loss-0.0010206
2024-12-22 16:29:44 - INFO - epoch-161, train_loss-0.0006420, val_loss-0.0008642
2024-12-22 16:30:48 - INFO - epoch-162, train_loss-0.0006422, val_loss-0.0010902
2024-12-22 16:31:54 - INFO - epoch-163, train_loss-0.0006420, val_loss-0.0010649
2024-12-22 16:32:58 - INFO - epoch-164, train_loss-0.0006426, val_loss-0.0009037
2024-12-22 16:34:03 - INFO - epoch-165, train_loss-0.0006435, val_loss-0.0011852
2024-12-22 16:35:07 - INFO - epoch-166, train_loss-0.0006414, val_loss-0.0009349
