2025-01-01 14:16:33 - INFO - /proj/berzelius-2022-haloi/users/x_elima/CryoLigate_GIGN_Unet/train_example_berzilius.py
2025-01-01 14:16:33 - INFO - train data: 16027
2025-01-01 14:16:33 - INFO - train unqiue data: 16027
2025-01-01 14:16:33 - INFO - valid data: 1781
2025-01-01 14:16:33 - INFO - valid unqiue data: 1781
2025-01-01 14:23:32 - INFO - epoch-0, train_loss-0.0245756, val_loss-0.0350192
2025-01-01 14:23:34 - INFO - Saved model at epoch 0
2025-01-01 14:30:27 - INFO - epoch-1, train_loss-0.0184320, val_loss-0.0360883
2025-01-01 14:37:21 - INFO - epoch-2, train_loss-0.0182252, val_loss-0.0385459
2025-01-01 14:44:14 - INFO - epoch-3, train_loss-0.0181789, val_loss-0.0367245
2025-01-01 14:51:08 - INFO - epoch-4, train_loss-0.0181194, val_loss-0.0368749
2025-01-01 14:58:08 - INFO - epoch-5, train_loss-0.0181077, val_loss-0.0386422
2025-01-01 15:05:07 - INFO - epoch-6, train_loss-0.0180780, val_loss-0.0333665
2025-01-01 15:12:04 - INFO - epoch-7, train_loss-0.0180417, val_loss-0.0329070
2025-01-01 15:18:59 - INFO - epoch-8, train_loss-0.0180376, val_loss-0.0318143
2025-01-01 15:25:55 - INFO - epoch-9, train_loss-0.0180264, val_loss-0.0297436
2025-01-01 15:32:49 - INFO - epoch-10, train_loss-0.0179904, val_loss-0.0319988
2025-01-01 15:39:48 - INFO - epoch-11, train_loss-0.0180067, val_loss-0.0300645
2025-01-01 15:46:46 - INFO - epoch-12, train_loss-0.0179964, val_loss-0.0261210
2025-01-01 15:53:39 - INFO - epoch-13, train_loss-0.0179765, val_loss-0.0269387
2025-01-01 16:00:34 - INFO - epoch-14, train_loss-0.0179604, val_loss-0.0269382
2025-01-01 16:07:33 - INFO - epoch-15, train_loss-0.0179356, val_loss-0.0280872
2025-01-01 16:14:29 - INFO - epoch-16, train_loss-0.0179090, val_loss-0.0257871
2025-01-01 16:21:31 - INFO - epoch-17, train_loss-0.0178824, val_loss-0.0243916
2025-01-01 16:28:26 - INFO - epoch-18, train_loss-0.0178567, val_loss-0.0256465
2025-01-01 16:35:21 - INFO - epoch-19, train_loss-0.0178321, val_loss-0.0268275
2025-01-01 16:42:19 - INFO - epoch-20, train_loss-0.0177846, val_loss-0.0240070
2025-01-01 16:42:21 - INFO - Saved model at epoch 20
2025-01-01 16:49:20 - INFO - epoch-21, train_loss-0.0177819, val_loss-0.0220439
2025-01-01 16:56:15 - INFO - epoch-22, train_loss-0.0177753, val_loss-0.0224472
2025-01-01 17:03:11 - INFO - epoch-23, train_loss-0.0177253, val_loss-0.0241012
2025-01-01 17:10:09 - INFO - epoch-24, train_loss-0.0177697, val_loss-0.0216393
2025-01-01 17:17:07 - INFO - epoch-25, train_loss-0.0177252, val_loss-0.0230061
2025-01-01 17:24:05 - INFO - epoch-26, train_loss-0.0176927, val_loss-0.0217823
2025-01-01 17:31:05 - INFO - epoch-27, train_loss-0.0176804, val_loss-0.0226293
2025-01-01 17:38:02 - INFO - epoch-28, train_loss-0.0176552, val_loss-0.0215999
2025-01-01 17:44:55 - INFO - epoch-29, train_loss-0.0176572, val_loss-0.0210868
2025-01-01 17:51:50 - INFO - epoch-30, train_loss-0.0176419, val_loss-0.0229998
2025-01-01 17:58:43 - INFO - epoch-31, train_loss-0.0176423, val_loss-0.0220883
2025-01-01 18:05:40 - INFO - epoch-32, train_loss-0.0176441, val_loss-0.0225282
2025-01-01 18:12:38 - INFO - epoch-33, train_loss-0.0176344, val_loss-0.0226899
2025-01-01 18:19:35 - INFO - epoch-34, train_loss-0.0176325, val_loss-0.0224253
2025-01-01 18:26:34 - INFO - epoch-35, train_loss-0.0176016, val_loss-0.0215258
2025-01-01 18:33:32 - INFO - epoch-36, train_loss-0.0176044, val_loss-0.0234487
2025-01-01 18:40:27 - INFO - epoch-37, train_loss-0.0176103, val_loss-0.0235628
2025-01-01 18:47:21 - INFO - epoch-38, train_loss-0.0175725, val_loss-0.0238038
2025-01-01 18:54:33 - INFO - epoch-39, train_loss-0.0175560, val_loss-0.0241163
2025-01-01 19:01:35 - INFO - epoch-40, train_loss-0.0175512, val_loss-0.0239945
2025-01-01 19:01:37 - INFO - Saved model at epoch 40
2025-01-01 19:08:31 - INFO - epoch-41, train_loss-0.0175518, val_loss-0.0248253
2025-01-01 19:15:26 - INFO - epoch-42, train_loss-0.0175440, val_loss-0.0230176
2025-01-01 19:22:23 - INFO - epoch-43, train_loss-0.0175397, val_loss-0.0229322
2025-01-01 19:29:19 - INFO - epoch-44, train_loss-0.0175060, val_loss-0.0246222
2025-01-01 19:37:28 - INFO - epoch-45, train_loss-0.0175135, val_loss-0.0241146
2025-01-01 19:44:34 - INFO - epoch-46, train_loss-0.0175163, val_loss-0.0231473
2025-01-01 19:51:27 - INFO - epoch-47, train_loss-0.0174942, val_loss-0.0214612
2025-01-01 19:58:21 - INFO - epoch-48, train_loss-0.0174895, val_loss-0.0215818
2025-01-01 20:05:15 - INFO - epoch-49, train_loss-0.0174756, val_loss-0.0230066
2025-01-01 20:12:10 - INFO - epoch-50, train_loss-0.0174960, val_loss-0.0240458
2025-01-01 20:19:05 - INFO - epoch-51, train_loss-0.0174677, val_loss-0.0221776
2025-01-01 20:26:01 - INFO - epoch-52, train_loss-0.0174596, val_loss-0.0232483
2025-01-01 20:32:57 - INFO - epoch-53, train_loss-0.0174568, val_loss-0.0239677
2025-01-01 20:39:53 - INFO - epoch-54, train_loss-0.0174578, val_loss-0.0227500
2025-01-01 20:46:49 - INFO - epoch-55, train_loss-0.0174569, val_loss-0.0237338
2025-01-01 20:53:45 - INFO - epoch-56, train_loss-0.0174269, val_loss-0.0206924
2025-01-01 21:00:39 - INFO - epoch-57, train_loss-0.0174403, val_loss-0.0254128
2025-01-01 21:07:33 - INFO - epoch-58, train_loss-0.0174056, val_loss-0.0267737
2025-01-01 21:14:25 - INFO - epoch-59, train_loss-0.0174114, val_loss-0.0253848
2025-01-01 21:21:20 - INFO - epoch-60, train_loss-0.0174174, val_loss-0.0268746
2025-01-01 21:21:22 - INFO - Saved model at epoch 60
2025-01-01 21:28:18 - INFO - epoch-61, train_loss-0.0174011, val_loss-0.0280513
2025-01-01 21:35:12 - INFO - epoch-62, train_loss-0.0173920, val_loss-0.0279059
2025-01-01 21:42:06 - INFO - epoch-63, train_loss-0.0173912, val_loss-0.0261736
2025-01-01 21:49:01 - INFO - epoch-64, train_loss-0.0173657, val_loss-0.0283455
2025-01-01 21:56:03 - INFO - epoch-65, train_loss-0.0173691, val_loss-0.0271782
2025-01-01 22:02:58 - INFO - epoch-66, train_loss-0.0173704, val_loss-0.0263051
2025-01-01 22:09:53 - INFO - epoch-67, train_loss-0.0173693, val_loss-0.0282834
2025-01-01 22:16:47 - INFO - epoch-68, train_loss-0.0173544, val_loss-0.0251357
2025-01-01 22:23:41 - INFO - epoch-69, train_loss-0.0173407, val_loss-0.0264727
2025-01-01 22:30:35 - INFO - epoch-70, train_loss-0.0173253, val_loss-0.0231919
2025-01-01 22:37:30 - INFO - epoch-71, train_loss-0.0173129, val_loss-0.0238452
2025-01-01 22:44:26 - INFO - epoch-72, train_loss-0.0173210, val_loss-0.0276553
2025-01-01 22:51:21 - INFO - epoch-73, train_loss-0.0173087, val_loss-0.0242511
2025-01-01 22:58:15 - INFO - epoch-74, train_loss-0.0173170, val_loss-0.0241293
2025-01-01 23:05:11 - INFO - epoch-75, train_loss-0.0172858, val_loss-0.0231696
2025-01-01 23:12:07 - INFO - epoch-76, train_loss-0.0172796, val_loss-0.0236304
2025-01-01 23:19:00 - INFO - epoch-77, train_loss-0.0172746, val_loss-0.0253002
2025-01-01 23:25:50 - INFO - epoch-78, train_loss-0.0172550, val_loss-0.0257662
2025-01-01 23:32:42 - INFO - epoch-79, train_loss-0.0172561, val_loss-0.0256689
2025-01-01 23:39:36 - INFO - epoch-80, train_loss-0.0172312, val_loss-0.0235272
2025-01-01 23:39:37 - INFO - Saved model at epoch 80
2025-01-01 23:46:30 - INFO - epoch-81, train_loss-0.0172574, val_loss-0.0272057
2025-01-01 23:53:22 - INFO - epoch-82, train_loss-0.0172166, val_loss-0.0246326
2025-01-02 00:00:17 - INFO - epoch-83, train_loss-0.0172154, val_loss-0.0258437
2025-01-02 00:07:12 - INFO - epoch-84, train_loss-0.0172243, val_loss-0.0272884
2025-01-02 00:14:08 - INFO - epoch-85, train_loss-0.0172264, val_loss-0.0238502
2025-01-02 00:21:00 - INFO - epoch-86, train_loss-0.0171910, val_loss-0.0235555
2025-01-02 00:27:52 - INFO - epoch-87, train_loss-0.0171875, val_loss-0.0228113
2025-01-02 00:34:44 - INFO - epoch-88, train_loss-0.0171686, val_loss-0.0234226
2025-01-02 00:41:36 - INFO - epoch-89, train_loss-0.0171588, val_loss-0.0231573
2025-01-02 00:48:28 - INFO - epoch-90, train_loss-0.0171537, val_loss-0.0238252
2025-01-02 00:55:20 - INFO - epoch-91, train_loss-0.0171837, val_loss-0.0245850
2025-01-02 01:02:14 - INFO - epoch-92, train_loss-0.0171394, val_loss-0.0231266
2025-01-02 01:09:06 - INFO - epoch-93, train_loss-0.0171504, val_loss-0.0256356
2025-01-02 01:15:59 - INFO - epoch-94, train_loss-0.0171240, val_loss-0.0249806
2025-01-02 01:22:53 - INFO - epoch-95, train_loss-0.0171237, val_loss-0.0242550
2025-01-02 01:29:46 - INFO - epoch-96, train_loss-0.0171128, val_loss-0.0232477
2025-01-02 01:36:39 - INFO - epoch-97, train_loss-0.0171403, val_loss-0.0262625
2025-01-02 01:43:31 - INFO - epoch-98, train_loss-0.0170888, val_loss-0.0252200
2025-01-02 01:50:22 - INFO - epoch-99, train_loss-0.0170803, val_loss-0.0252600
2025-01-02 01:57:13 - INFO - epoch-100, train_loss-0.0170784, val_loss-0.0229270
2025-01-02 01:57:15 - INFO - Saved model at epoch 100
2025-01-02 02:04:06 - INFO - epoch-101, train_loss-0.0170594, val_loss-0.0244165
2025-01-02 02:11:00 - INFO - epoch-102, train_loss-0.0170579, val_loss-0.0278309
2025-01-02 02:17:51 - INFO - epoch-103, train_loss-0.0170858, val_loss-0.0248372
2025-01-02 02:24:44 - INFO - epoch-104, train_loss-0.0170532, val_loss-0.0240150
2025-01-02 02:31:38 - INFO - epoch-105, train_loss-0.0170591, val_loss-0.0228778
2025-01-02 02:38:30 - INFO - epoch-106, train_loss-0.0170271, val_loss-0.0259325
2025-01-02 02:45:21 - INFO - epoch-107, train_loss-0.0170086, val_loss-0.0254818
2025-01-02 02:52:12 - INFO - epoch-108, train_loss-0.0170313, val_loss-0.0263858
2025-01-02 02:59:08 - INFO - epoch-109, train_loss-0.0169937, val_loss-0.0264028
2025-01-02 03:06:00 - INFO - epoch-110, train_loss-0.0170184, val_loss-0.0269249
2025-01-02 03:12:51 - INFO - epoch-111, train_loss-0.0170000, val_loss-0.0238798
2025-01-02 03:19:43 - INFO - epoch-112, train_loss-0.0169921, val_loss-0.0266597
2025-01-02 03:26:34 - INFO - epoch-113, train_loss-0.0169739, val_loss-0.0266564
2025-01-02 03:33:26 - INFO - epoch-114, train_loss-0.0169783, val_loss-0.0260745
2025-01-02 03:40:19 - INFO - epoch-115, train_loss-0.0169335, val_loss-0.0259017
2025-01-02 03:47:11 - INFO - epoch-116, train_loss-0.0169751, val_loss-0.0251028
2025-01-02 03:54:02 - INFO - epoch-117, train_loss-0.0169565, val_loss-0.0272021
2025-01-02 04:00:53 - INFO - epoch-118, train_loss-0.0169273, val_loss-0.0245796
2025-01-02 04:07:45 - INFO - epoch-119, train_loss-0.0169236, val_loss-0.0275027
2025-01-02 04:14:36 - INFO - epoch-120, train_loss-0.0169486, val_loss-0.0261126
2025-01-02 04:14:38 - INFO - Saved model at epoch 120
2025-01-02 04:21:32 - INFO - epoch-121, train_loss-0.0169158, val_loss-0.0259142
2025-01-02 04:28:23 - INFO - epoch-122, train_loss-0.0169325, val_loss-0.0251299
2025-01-02 04:35:15 - INFO - epoch-123, train_loss-0.0168887, val_loss-0.0266160
2025-01-02 04:42:07 - INFO - epoch-124, train_loss-0.0169216, val_loss-0.0241918
2025-01-02 04:48:59 - INFO - epoch-125, train_loss-0.0169323, val_loss-0.0267482
2025-01-02 04:55:51 - INFO - epoch-126, train_loss-0.0169034, val_loss-0.0234083
2025-01-02 05:02:42 - INFO - epoch-127, train_loss-0.0168802, val_loss-0.0255410
2025-01-02 05:09:33 - INFO - epoch-128, train_loss-0.0168607, val_loss-0.0256570
2025-01-02 05:16:25 - INFO - epoch-129, train_loss-0.0168495, val_loss-0.0253437
2025-01-02 05:23:16 - INFO - epoch-130, train_loss-0.0168292, val_loss-0.0242391
2025-01-02 05:30:07 - INFO - epoch-131, train_loss-0.0168498, val_loss-0.0246356
2025-01-02 05:36:58 - INFO - epoch-132, train_loss-0.0168703, val_loss-0.0254406
2025-01-02 05:43:50 - INFO - epoch-133, train_loss-0.0168637, val_loss-0.0265469
2025-01-02 05:50:42 - INFO - epoch-134, train_loss-0.0168480, val_loss-0.0250627
2025-01-02 05:57:34 - INFO - epoch-135, train_loss-0.0168235, val_loss-0.0259285
2025-01-02 06:04:27 - INFO - epoch-136, train_loss-0.0168703, val_loss-0.0271441
2025-01-02 06:11:19 - INFO - epoch-137, train_loss-0.0168263, val_loss-0.0237043
2025-01-02 06:18:10 - INFO - epoch-138, train_loss-0.0168133, val_loss-0.0249330
2025-01-02 06:25:02 - INFO - epoch-139, train_loss-0.0168672, val_loss-0.0252250
2025-01-02 06:31:53 - INFO - epoch-140, train_loss-0.0168064, val_loss-0.0256589
2025-01-02 06:31:55 - INFO - Saved model at epoch 140
2025-01-02 06:38:48 - INFO - epoch-141, train_loss-0.0167953, val_loss-0.0245117
2025-01-02 06:45:39 - INFO - epoch-142, train_loss-0.0168139, val_loss-0.0254510
2025-01-02 06:52:30 - INFO - epoch-143, train_loss-0.0168256, val_loss-0.0252622
2025-01-02 06:59:21 - INFO - epoch-144, train_loss-0.0167939, val_loss-0.0262019
2025-01-02 07:06:14 - INFO - epoch-145, train_loss-0.0167972, val_loss-0.0249255
2025-01-02 07:13:06 - INFO - epoch-146, train_loss-0.0167882, val_loss-0.0257818
2025-01-02 07:19:57 - INFO - epoch-147, train_loss-0.0167746, val_loss-0.0269827
2025-01-02 07:26:50 - INFO - epoch-148, train_loss-0.0167437, val_loss-0.0252944
2025-01-02 07:33:42 - INFO - epoch-149, train_loss-0.0168122, val_loss-0.0254346
2025-01-02 07:40:32 - INFO - epoch-150, train_loss-0.0167546, val_loss-0.0246649
2025-01-02 07:47:23 - INFO - epoch-151, train_loss-0.0167837, val_loss-0.0261330
2025-01-02 07:54:14 - INFO - epoch-152, train_loss-0.0167622, val_loss-0.0256977
2025-01-02 08:01:06 - INFO - epoch-153, train_loss-0.0167105, val_loss-0.0260303
2025-01-02 08:07:58 - INFO - epoch-154, train_loss-0.0167449, val_loss-0.0264574
2025-01-02 08:14:52 - INFO - epoch-155, train_loss-0.0167542, val_loss-0.0259869
2025-01-02 08:21:44 - INFO - epoch-156, train_loss-0.0167553, val_loss-0.0259149
2025-01-02 08:28:41 - INFO - epoch-157, train_loss-0.0167136, val_loss-0.0279759
2025-01-02 08:35:33 - INFO - epoch-158, train_loss-0.0167169, val_loss-0.0249815
2025-01-02 08:42:31 - INFO - epoch-159, train_loss-0.0167252, val_loss-0.0249387
2025-01-02 08:49:23 - INFO - epoch-160, train_loss-0.0167371, val_loss-0.0249371
2025-01-02 08:49:25 - INFO - Saved model at epoch 160
2025-01-02 08:56:19 - INFO - epoch-161, train_loss-0.0166855, val_loss-0.0254617
2025-01-02 09:03:11 - INFO - epoch-162, train_loss-0.0167020, val_loss-0.0266889
2025-01-02 09:10:06 - INFO - epoch-163, train_loss-0.0166775, val_loss-0.0247383
2025-01-02 09:17:02 - INFO - epoch-164, train_loss-0.0167057, val_loss-0.0273135
2025-01-02 09:23:56 - INFO - epoch-165, train_loss-0.0167016, val_loss-0.0257889
2025-01-02 09:30:49 - INFO - epoch-166, train_loss-0.0167197, val_loss-0.0254113
2025-01-02 09:37:45 - INFO - epoch-167, train_loss-0.0166999, val_loss-0.0253040
2025-01-02 09:44:37 - INFO - epoch-168, train_loss-0.0167187, val_loss-0.0258910
2025-01-02 09:51:29 - INFO - epoch-169, train_loss-0.0166745, val_loss-0.0268452
2025-01-02 09:58:21 - INFO - epoch-170, train_loss-0.0166979, val_loss-0.0258148
2025-01-02 10:05:13 - INFO - epoch-171, train_loss-0.0166757, val_loss-0.0277738
2025-01-02 10:12:05 - INFO - epoch-172, train_loss-0.0166974, val_loss-0.0250557
2025-01-02 10:18:57 - INFO - epoch-173, train_loss-0.0166344, val_loss-0.0255610
2025-01-02 10:25:50 - INFO - epoch-174, train_loss-0.0166674, val_loss-0.0252839
2025-01-02 10:32:43 - INFO - epoch-175, train_loss-0.0166877, val_loss-0.0235312
2025-01-02 10:39:35 - INFO - epoch-176, train_loss-0.0166428, val_loss-0.0252021
2025-01-02 10:46:29 - INFO - epoch-177, train_loss-0.0166302, val_loss-0.0253050
2025-01-02 10:53:20 - INFO - epoch-178, train_loss-0.0166380, val_loss-0.0262876
2025-01-02 11:00:14 - INFO - epoch-179, train_loss-0.0166426, val_loss-0.0239845
2025-01-02 11:07:12 - INFO - epoch-180, train_loss-0.0166567, val_loss-0.0266318
2025-01-02 11:07:14 - INFO - Saved model at epoch 180
2025-01-02 11:14:07 - INFO - epoch-181, train_loss-0.0166298, val_loss-0.0249586
2025-01-02 11:20:59 - INFO - epoch-182, train_loss-0.0166461, val_loss-0.0254986
2025-01-02 11:27:51 - INFO - epoch-183, train_loss-0.0166236, val_loss-0.0232454
2025-01-02 11:34:45 - INFO - epoch-184, train_loss-0.0166308, val_loss-0.0253770
2025-01-02 11:41:40 - INFO - epoch-185, train_loss-0.0165948, val_loss-0.0248377
2025-01-02 11:48:35 - INFO - epoch-186, train_loss-0.0165919, val_loss-0.0254725
2025-01-02 11:55:27 - INFO - epoch-187, train_loss-0.0166178, val_loss-0.0253790
2025-01-02 12:02:19 - INFO - epoch-188, train_loss-0.0166091, val_loss-0.0250485
2025-01-02 12:09:13 - INFO - epoch-189, train_loss-0.0166057, val_loss-0.0250338
2025-01-02 12:16:06 - INFO - epoch-190, train_loss-0.0166212, val_loss-0.0241346
2025-01-02 12:22:58 - INFO - epoch-191, train_loss-0.0166037, val_loss-0.0247933
2025-01-02 12:29:50 - INFO - epoch-192, train_loss-0.0165747, val_loss-0.0251202
2025-01-02 12:36:43 - INFO - epoch-193, train_loss-0.0165835, val_loss-0.0269587
2025-01-02 12:43:35 - INFO - epoch-194, train_loss-0.0165808, val_loss-0.0232611
2025-01-02 12:50:31 - INFO - epoch-195, train_loss-0.0166092, val_loss-0.0260297
2025-01-02 12:57:25 - INFO - epoch-196, train_loss-0.0165766, val_loss-0.0253287
2025-01-02 13:04:17 - INFO - epoch-197, train_loss-0.0165840, val_loss-0.0251328
2025-01-02 13:11:10 - INFO - epoch-198, train_loss-0.0166015, val_loss-0.0246862
2025-01-02 13:18:02 - INFO - epoch-199, train_loss-0.0165634, val_loss-0.0256357
2025-01-02 13:24:58 - INFO - epoch-200, train_loss-0.0165433, val_loss-0.0243501
2025-01-02 13:25:00 - INFO - Saved model at epoch 200
2025-01-02 13:31:54 - INFO - epoch-201, train_loss-0.0165619, val_loss-0.0266231
2025-01-02 13:38:48 - INFO - epoch-202, train_loss-0.0165606, val_loss-0.0266070
2025-01-02 13:46:03 - INFO - epoch-203, train_loss-0.0165687, val_loss-0.0246466
2025-01-02 13:53:24 - INFO - epoch-204, train_loss-0.0165796, val_loss-0.0241164
2025-01-02 14:00:33 - INFO - epoch-205, train_loss-0.0165373, val_loss-0.0262030
2025-01-02 14:07:31 - INFO - epoch-206, train_loss-0.0165563, val_loss-0.0261636
2025-01-02 14:14:26 - INFO - epoch-207, train_loss-0.0165310, val_loss-0.0233417
2025-01-02 14:21:21 - INFO - epoch-208, train_loss-0.0165211, val_loss-0.0239354
2025-01-02 14:28:25 - INFO - epoch-209, train_loss-0.0165262, val_loss-0.0261285
2025-01-02 14:35:57 - INFO - epoch-210, train_loss-0.0165499, val_loss-0.0236769
2025-01-02 14:43:31 - INFO - epoch-211, train_loss-0.0165144, val_loss-0.0234047
2025-01-02 14:50:46 - INFO - epoch-212, train_loss-0.0165519, val_loss-0.0248822
2025-01-02 14:58:15 - INFO - epoch-213, train_loss-0.0165681, val_loss-0.0237200
2025-01-02 15:05:57 - INFO - epoch-214, train_loss-0.0165474, val_loss-0.0253103
2025-01-02 15:13:27 - INFO - epoch-215, train_loss-0.0164959, val_loss-0.0234024
2025-01-02 15:21:14 - INFO - epoch-216, train_loss-0.0165061, val_loss-0.0243991
2025-01-02 15:28:49 - INFO - epoch-217, train_loss-0.0165422, val_loss-0.0234594
2025-01-02 15:36:21 - INFO - epoch-218, train_loss-0.0165392, val_loss-0.0230691
2025-01-02 15:43:49 - INFO - epoch-219, train_loss-0.0164920, val_loss-0.0255510
2025-01-02 15:51:04 - INFO - epoch-220, train_loss-0.0165253, val_loss-0.0251062
2025-01-02 15:51:08 - INFO - Saved model at epoch 220
2025-01-02 15:58:18 - INFO - epoch-221, train_loss-0.0165247, val_loss-0.0251401
2025-01-02 16:05:27 - INFO - epoch-222, train_loss-0.0165162, val_loss-0.0261263
2025-01-02 16:13:10 - INFO - epoch-223, train_loss-0.0165058, val_loss-0.0256633
2025-01-02 16:20:39 - INFO - epoch-224, train_loss-0.0165061, val_loss-0.0256079
2025-01-02 16:27:51 - INFO - epoch-225, train_loss-0.0165160, val_loss-0.0239659
2025-01-02 16:34:56 - INFO - epoch-226, train_loss-0.0164918, val_loss-0.0262275
2025-01-02 16:42:20 - INFO - epoch-227, train_loss-0.0164559, val_loss-0.0257857
2025-01-02 16:49:32 - INFO - epoch-228, train_loss-0.0164872, val_loss-0.0258029
2025-01-02 16:56:28 - INFO - epoch-229, train_loss-0.0164853, val_loss-0.0223506
2025-01-02 17:03:22 - INFO - epoch-230, train_loss-0.0164566, val_loss-0.0250471
2025-01-02 17:10:16 - INFO - epoch-231, train_loss-0.0164699, val_loss-0.0263081
2025-01-02 17:17:10 - INFO - epoch-232, train_loss-0.0164920, val_loss-0.0241038
2025-01-02 17:24:03 - INFO - epoch-233, train_loss-0.0164636, val_loss-0.0240915
2025-01-02 17:30:56 - INFO - epoch-234, train_loss-0.0165046, val_loss-0.0256453
2025-01-02 17:37:50 - INFO - epoch-235, train_loss-0.0164879, val_loss-0.0230165
2025-01-02 17:44:42 - INFO - epoch-236, train_loss-0.0164802, val_loss-0.0242779
2025-01-02 17:51:34 - INFO - epoch-237, train_loss-0.0164799, val_loss-0.0250695
2025-01-02 17:58:25 - INFO - epoch-238, train_loss-0.0164535, val_loss-0.0238546
2025-01-02 18:05:16 - INFO - epoch-239, train_loss-0.0164664, val_loss-0.0236797
2025-01-02 18:12:07 - INFO - epoch-240, train_loss-0.0164727, val_loss-0.0253643
2025-01-02 18:12:10 - INFO - Saved model at epoch 240
2025-01-02 18:19:01 - INFO - epoch-241, train_loss-0.0164817, val_loss-0.0273657
2025-01-02 18:25:52 - INFO - epoch-242, train_loss-0.0164586, val_loss-0.0221838
2025-01-02 18:32:43 - INFO - epoch-243, train_loss-0.0164891, val_loss-0.0236150
2025-01-02 18:39:35 - INFO - epoch-244, train_loss-0.0164767, val_loss-0.0238599
2025-01-02 18:46:27 - INFO - epoch-245, train_loss-0.0164715, val_loss-0.0285326
2025-01-02 18:53:19 - INFO - epoch-246, train_loss-0.0164125, val_loss-0.0272011
2025-01-02 19:00:13 - INFO - epoch-247, train_loss-0.0164294, val_loss-0.0248952
2025-01-02 19:07:06 - INFO - epoch-248, train_loss-0.0164478, val_loss-0.0236944
2025-01-02 19:14:01 - INFO - epoch-249, train_loss-0.0164267, val_loss-0.0234123
2025-01-02 19:20:54 - INFO - epoch-250, train_loss-0.0164202, val_loss-0.0248428
2025-01-02 19:27:47 - INFO - epoch-251, train_loss-0.0164358, val_loss-0.0260822
2025-01-02 19:34:40 - INFO - epoch-252, train_loss-0.0164616, val_loss-0.0255520
2025-01-02 19:41:34 - INFO - epoch-253, train_loss-0.0164718, val_loss-0.0248984
2025-01-02 19:48:27 - INFO - epoch-254, train_loss-0.0164405, val_loss-0.0240432
2025-01-02 19:55:21 - INFO - epoch-255, train_loss-0.0164450, val_loss-0.0249570
2025-01-02 20:02:16 - INFO - epoch-256, train_loss-0.0164108, val_loss-0.0241423
2025-01-02 20:09:09 - INFO - epoch-257, train_loss-0.0164438, val_loss-0.0241322
2025-01-02 20:16:03 - INFO - epoch-258, train_loss-0.0164154, val_loss-0.0246359
2025-01-02 20:22:58 - INFO - epoch-259, train_loss-0.0164324, val_loss-0.0247591
2025-01-02 20:29:53 - INFO - epoch-260, train_loss-0.0164330, val_loss-0.0269609
2025-01-02 20:29:56 - INFO - Saved model at epoch 260
2025-01-02 20:36:50 - INFO - epoch-261, train_loss-0.0164416, val_loss-0.0306420
2025-01-02 20:43:48 - INFO - epoch-262, train_loss-0.0164737, val_loss-0.0271528
2025-01-02 20:50:48 - INFO - epoch-263, train_loss-0.0164040, val_loss-0.0246199
2025-01-02 20:57:42 - INFO - epoch-264, train_loss-0.0163996, val_loss-0.0246735
2025-01-02 21:04:42 - INFO - epoch-265, train_loss-0.0164376, val_loss-0.0242786
2025-01-02 21:12:08 - INFO - epoch-266, train_loss-0.0164547, val_loss-0.0262406
2025-01-02 21:19:24 - INFO - epoch-267, train_loss-0.0164083, val_loss-0.0236696
2025-01-02 21:26:34 - INFO - epoch-268, train_loss-0.0164232, val_loss-0.0246663
2025-01-02 21:33:38 - INFO - epoch-269, train_loss-0.0164261, val_loss-0.0234112
2025-01-02 21:40:57 - INFO - epoch-270, train_loss-0.0163747, val_loss-0.0255189
2025-01-02 21:48:18 - INFO - epoch-271, train_loss-0.0164205, val_loss-0.0232295
2025-01-02 21:55:38 - INFO - epoch-272, train_loss-0.0164056, val_loss-0.0257311
2025-01-02 22:03:07 - INFO - epoch-273, train_loss-0.0164457, val_loss-0.0216649
2025-01-02 22:10:47 - INFO - epoch-274, train_loss-0.0164076, val_loss-0.0249711
2025-01-02 22:18:22 - INFO - epoch-275, train_loss-0.0163758, val_loss-0.0283515
2025-01-02 22:25:28 - INFO - epoch-276, train_loss-0.0163979, val_loss-0.0300848
2025-01-02 22:32:21 - INFO - epoch-277, train_loss-0.0163857, val_loss-0.0263830
2025-01-02 22:39:13 - INFO - epoch-278, train_loss-0.0164015, val_loss-0.0264825
2025-01-02 22:46:09 - INFO - epoch-279, train_loss-0.0163652, val_loss-0.0281340
2025-01-02 22:53:31 - INFO - epoch-280, train_loss-0.0163506, val_loss-0.0293106
2025-01-02 22:53:35 - INFO - Saved model at epoch 280
2025-01-02 23:01:08 - INFO - epoch-281, train_loss-0.0164117, val_loss-0.0288577
2025-01-02 23:08:10 - INFO - epoch-282, train_loss-0.0163899, val_loss-0.0294811
2025-01-02 23:15:13 - INFO - epoch-283, train_loss-0.0163933, val_loss-0.0275724
2025-01-02 23:22:07 - INFO - epoch-284, train_loss-0.0163782, val_loss-0.0302855
2025-01-02 23:29:15 - INFO - epoch-285, train_loss-0.0164461, val_loss-0.0322588
2025-01-02 23:36:48 - INFO - epoch-286, train_loss-0.0163856, val_loss-0.0284015
2025-01-02 23:44:24 - INFO - epoch-287, train_loss-0.0164029, val_loss-0.0284466
2025-01-02 23:51:26 - INFO - epoch-288, train_loss-0.0163931, val_loss-0.0330843
2025-01-02 23:58:22 - INFO - epoch-289, train_loss-0.0163522, val_loss-0.0311001
2025-01-03 00:05:40 - INFO - epoch-290, train_loss-0.0164009, val_loss-0.0282128
2025-01-03 00:13:35 - INFO - epoch-291, train_loss-0.0163579, val_loss-0.0318134
2025-01-03 00:20:42 - INFO - epoch-292, train_loss-0.0163999, val_loss-0.0291872
2025-01-03 00:27:42 - INFO - epoch-293, train_loss-0.0163757, val_loss-0.0299162
2025-01-03 00:34:36 - INFO - epoch-294, train_loss-0.0163643, val_loss-0.0271595
2025-01-03 00:41:29 - INFO - epoch-295, train_loss-0.0163414, val_loss-0.0306941
2025-01-03 00:48:23 - INFO - epoch-296, train_loss-0.0164119, val_loss-0.0297630
2025-01-03 00:55:16 - INFO - epoch-297, train_loss-0.0163486, val_loss-0.0285955
2025-01-03 01:02:09 - INFO - epoch-298, train_loss-0.0164046, val_loss-0.0263138
2025-01-03 01:09:39 - INFO - epoch-299, train_loss-0.0163358, val_loss-0.0267477
2025-01-03 01:16:59 - INFO - epoch-300, train_loss-0.0163008, val_loss-0.0282000
2025-01-03 01:17:02 - INFO - Saved model at epoch 300
2025-01-03 01:23:59 - INFO - epoch-301, train_loss-0.0163405, val_loss-0.0288772
2025-01-03 01:30:53 - INFO - epoch-302, train_loss-0.0163733, val_loss-0.0296003
2025-01-03 01:37:48 - INFO - epoch-303, train_loss-0.0163465, val_loss-0.0314614
2025-01-03 01:44:43 - INFO - epoch-304, train_loss-0.0163899, val_loss-0.0434438
2025-01-03 01:51:38 - INFO - epoch-305, train_loss-0.0163519, val_loss-0.0320778
2025-01-03 01:58:32 - INFO - epoch-306, train_loss-0.0163572, val_loss-0.0327186
2025-01-03 02:05:28 - INFO - epoch-307, train_loss-0.0163567, val_loss-0.0467220
2025-01-03 02:12:21 - INFO - epoch-308, train_loss-0.0163422, val_loss-0.0547386
2025-01-03 02:19:17 - INFO - epoch-309, train_loss-0.0163131, val_loss-0.0571117
2025-01-03 02:26:13 - INFO - epoch-310, train_loss-0.0162892, val_loss-0.0355225
2025-01-03 02:33:07 - INFO - epoch-311, train_loss-0.0163688, val_loss-0.0600277
2025-01-03 02:40:00 - INFO - epoch-312, train_loss-0.0163766, val_loss-0.0320721
2025-01-03 02:46:53 - INFO - epoch-313, train_loss-0.0163194, val_loss-0.0466681
2025-01-03 02:53:47 - INFO - epoch-314, train_loss-0.0163448, val_loss-0.0372105
2025-01-03 03:00:40 - INFO - epoch-315, train_loss-0.0163152, val_loss-0.0284612
2025-01-03 03:07:32 - INFO - epoch-316, train_loss-0.0163164, val_loss-0.0426259
2025-01-03 03:14:26 - INFO - epoch-317, train_loss-0.0163254, val_loss-0.0373966
2025-01-03 03:21:18 - INFO - epoch-318, train_loss-0.0163081, val_loss-0.0534134
2025-01-03 03:28:11 - INFO - epoch-319, train_loss-0.0163096, val_loss-0.0586471
2025-01-03 03:35:03 - INFO - epoch-320, train_loss-0.0163518, val_loss-0.0332969
2025-01-03 03:35:06 - INFO - Saved model at epoch 320
2025-01-03 03:41:58 - INFO - epoch-321, train_loss-0.0163230, val_loss-0.0365237
2025-01-03 03:48:52 - INFO - epoch-322, train_loss-0.0162951, val_loss-0.0512025
2025-01-03 03:55:45 - INFO - epoch-323, train_loss-0.0163079, val_loss-0.0532053
2025-01-03 04:02:38 - INFO - epoch-324, train_loss-0.0162982, val_loss-0.0300807
2025-01-03 04:09:30 - INFO - epoch-325, train_loss-0.0163278, val_loss-0.0281575
2025-01-03 04:16:23 - INFO - epoch-326, train_loss-0.0163306, val_loss-0.0808338
2025-01-03 04:23:15 - INFO - epoch-327, train_loss-0.0162980, val_loss-0.0677385
2025-01-03 04:30:08 - INFO - epoch-328, train_loss-0.0163076, val_loss-0.0516957
2025-01-03 04:37:00 - INFO - epoch-329, train_loss-0.0162907, val_loss-0.0511972
2025-01-03 04:43:54 - INFO - epoch-330, train_loss-0.0163325, val_loss-0.0643347
2025-01-03 04:50:47 - INFO - epoch-331, train_loss-0.0162838, val_loss-0.0411873
2025-01-03 04:57:40 - INFO - epoch-332, train_loss-0.0163221, val_loss-0.0381474
2025-01-03 05:04:32 - INFO - epoch-333, train_loss-0.0163148, val_loss-0.0552757
2025-01-03 05:11:26 - INFO - epoch-334, train_loss-0.0162804, val_loss-0.0825183
2025-01-03 05:18:18 - INFO - epoch-335, train_loss-0.0163578, val_loss-0.0719681
2025-01-03 05:25:11 - INFO - epoch-336, train_loss-0.0163389, val_loss-0.1348850
2025-01-03 05:32:03 - INFO - epoch-337, train_loss-0.0162565, val_loss-0.1543432
2025-01-03 05:38:56 - INFO - epoch-338, train_loss-0.0162605, val_loss-0.0683243
2025-01-03 05:45:49 - INFO - epoch-339, train_loss-0.0162902, val_loss-0.0420529
2025-01-03 05:52:41 - INFO - epoch-340, train_loss-0.0163313, val_loss-0.0551359
2025-01-03 05:52:44 - INFO - Saved model at epoch 340
2025-01-03 05:59:37 - INFO - epoch-341, train_loss-0.0162938, val_loss-0.0704260
2025-01-03 06:06:30 - INFO - epoch-342, train_loss-0.0162706, val_loss-0.0459846
2025-01-03 06:13:23 - INFO - epoch-343, train_loss-0.0162666, val_loss-0.0572973
2025-01-03 06:20:15 - INFO - epoch-344, train_loss-0.0162905, val_loss-0.0354768
2025-01-03 06:27:07 - INFO - epoch-345, train_loss-0.0163344, val_loss-0.0428322
2025-01-03 06:34:00 - INFO - epoch-346, train_loss-0.0162932, val_loss-0.0916568
2025-01-03 06:40:53 - INFO - epoch-347, train_loss-0.0162632, val_loss-0.0584337
2025-01-03 06:47:46 - INFO - epoch-348, train_loss-0.0162900, val_loss-0.0990148
2025-01-03 06:54:38 - INFO - epoch-349, train_loss-0.0162678, val_loss-0.0483722
2025-01-03 07:01:31 - INFO - epoch-350, train_loss-0.0162754, val_loss-0.1081096
2025-01-03 07:08:23 - INFO - epoch-351, train_loss-0.0162943, val_loss-0.1163732
2025-01-03 07:15:16 - INFO - epoch-352, train_loss-0.0163289, val_loss-0.2128000
2025-01-03 07:22:09 - INFO - epoch-353, train_loss-0.0163000, val_loss-0.0590305
2025-01-03 07:29:01 - INFO - epoch-354, train_loss-0.0163038, val_loss-0.0572992
2025-01-03 07:35:54 - INFO - epoch-355, train_loss-0.0162770, val_loss-0.0651526
2025-01-03 07:42:46 - INFO - epoch-356, train_loss-0.0162544, val_loss-0.0993141
2025-01-03 07:49:38 - INFO - epoch-357, train_loss-0.0162700, val_loss-0.0773383
2025-01-03 07:56:31 - INFO - epoch-358, train_loss-0.0162937, val_loss-0.0419789
2025-01-03 08:03:50 - INFO - epoch-359, train_loss-0.0163390, val_loss-0.0870403
2025-01-03 08:11:04 - INFO - epoch-360, train_loss-0.0162611, val_loss-0.1074804
2025-01-03 08:11:07 - INFO - Saved model at epoch 360
2025-01-03 08:18:02 - INFO - epoch-361, train_loss-0.0162181, val_loss-0.1128525
2025-01-03 08:24:58 - INFO - epoch-362, train_loss-0.0162654, val_loss-0.0521179
2025-01-03 08:31:55 - INFO - epoch-363, train_loss-0.0162380, val_loss-0.0836925
2025-01-03 08:38:50 - INFO - epoch-364, train_loss-0.0162987, val_loss-0.0722507
2025-01-03 08:45:46 - INFO - epoch-365, train_loss-0.0162613, val_loss-0.0440387
2025-01-03 08:52:41 - INFO - epoch-366, train_loss-0.0162751, val_loss-0.1908030
2025-01-03 08:59:37 - INFO - epoch-367, train_loss-0.0162558, val_loss-0.0878796
2025-01-03 09:06:31 - INFO - epoch-368, train_loss-0.0162478, val_loss-0.1381216
2025-01-03 09:13:26 - INFO - epoch-369, train_loss-0.0162410, val_loss-0.0717847
2025-01-03 09:20:35 - INFO - epoch-370, train_loss-0.0163166, val_loss-0.0455606
2025-01-03 09:27:42 - INFO - epoch-371, train_loss-0.0162925, val_loss-0.1015574
2025-01-03 09:34:35 - INFO - epoch-372, train_loss-0.0162920, val_loss-0.1825787
2025-01-03 09:41:29 - INFO - epoch-373, train_loss-0.0162821, val_loss-0.1547049
2025-01-03 09:48:22 - INFO - epoch-374, train_loss-0.0162058, val_loss-0.1300272
2025-01-03 09:55:16 - INFO - epoch-375, train_loss-0.0162566, val_loss-0.0538873
2025-01-03 10:02:10 - INFO - epoch-376, train_loss-0.0162478, val_loss-0.1733511
2025-01-03 10:09:03 - INFO - epoch-377, train_loss-0.0162547, val_loss-0.0869370
2025-01-03 10:15:56 - INFO - epoch-378, train_loss-0.0162399, val_loss-0.1129580
2025-01-03 10:22:50 - INFO - epoch-379, train_loss-0.0162509, val_loss-0.1438776
2025-01-03 10:29:43 - INFO - epoch-380, train_loss-0.0162442, val_loss-0.1361687
2025-01-03 10:29:47 - INFO - Saved model at epoch 380
2025-01-03 10:36:41 - INFO - epoch-381, train_loss-0.0162668, val_loss-0.2501926
2025-01-03 10:43:35 - INFO - epoch-382, train_loss-0.0162579, val_loss-0.1180208
2025-01-03 10:50:28 - INFO - epoch-383, train_loss-0.0162448, val_loss-0.2535389
2025-01-03 10:57:21 - INFO - epoch-384, train_loss-0.0163028, val_loss-0.0709129
2025-01-03 11:04:15 - INFO - epoch-385, train_loss-0.0162878, val_loss-0.0400610
2025-01-03 11:11:11 - INFO - epoch-386, train_loss-0.0162419, val_loss-0.2112864
2025-01-03 11:18:07 - INFO - epoch-387, train_loss-0.0162419, val_loss-0.0948405
2025-01-03 11:25:04 - INFO - epoch-388, train_loss-0.0162360, val_loss-0.2700364
2025-01-03 11:31:58 - INFO - epoch-389, train_loss-0.0162124, val_loss-0.0588752
2025-01-03 11:38:54 - INFO - epoch-390, train_loss-0.0162454, val_loss-0.1909200
2025-01-03 11:45:49 - INFO - epoch-391, train_loss-0.0162461, val_loss-0.1203537
2025-01-03 11:52:43 - INFO - epoch-392, train_loss-0.0162184, val_loss-0.0488436
2025-01-03 11:59:37 - INFO - epoch-393, train_loss-0.0162323, val_loss-0.0896513
2025-01-03 12:06:31 - INFO - epoch-394, train_loss-0.0162374, val_loss-0.0790968
2025-01-03 12:13:24 - INFO - epoch-395, train_loss-0.0162331, val_loss-0.1877193
2025-01-03 12:20:17 - INFO - epoch-396, train_loss-0.0162350, val_loss-0.2614426
2025-01-03 12:27:19 - INFO - epoch-397, train_loss-0.0162210, val_loss-0.1870253
2025-01-03 12:34:37 - INFO - epoch-398, train_loss-0.0162338, val_loss-0.2204097
2025-01-03 12:41:32 - INFO - epoch-399, train_loss-0.0162537, val_loss-0.1118129
2025-01-03 12:48:26 - INFO - epoch-400, train_loss-0.0162174, val_loss-0.2168438
2025-01-03 12:48:29 - INFO - Saved model at epoch 400
2025-01-03 12:55:23 - INFO - epoch-401, train_loss-0.0162456, val_loss-0.2677501
2025-01-03 13:02:16 - INFO - epoch-402, train_loss-0.0162209, val_loss-0.0910834
2025-01-03 13:11:09 - INFO - epoch-403, train_loss-0.0162116, val_loss-0.2604705
2025-01-03 13:18:18 - INFO - epoch-404, train_loss-0.0162472, val_loss-0.2306139
2025-01-03 13:25:10 - INFO - epoch-405, train_loss-0.0162729, val_loss-0.1261411
2025-01-03 13:32:05 - INFO - epoch-406, train_loss-0.0162220, val_loss-0.2083692
2025-01-03 13:38:59 - INFO - epoch-407, train_loss-0.0162304, val_loss-0.1666168
2025-01-03 13:45:50 - INFO - epoch-408, train_loss-0.0161945, val_loss-0.1836717
2025-01-03 13:52:41 - INFO - epoch-409, train_loss-0.0162089, val_loss-0.2153917
2025-01-03 13:59:32 - INFO - epoch-410, train_loss-0.0162429, val_loss-0.0993082
2025-01-03 14:06:24 - INFO - epoch-411, train_loss-0.0162092, val_loss-0.1376488
2025-01-03 14:13:17 - INFO - epoch-412, train_loss-0.0162215, val_loss-0.1808649
2025-01-03 14:20:11 - INFO - epoch-413, train_loss-0.0162134, val_loss-0.1773097
2025-01-03 14:27:02 - INFO - epoch-414, train_loss-0.0162062, val_loss-0.2440243
2025-01-03 14:33:55 - INFO - epoch-415, train_loss-0.0161977, val_loss-0.1219585
2025-01-03 14:40:49 - INFO - epoch-416, train_loss-0.0162208, val_loss-0.1355636
2025-01-03 14:47:42 - INFO - epoch-417, train_loss-0.0162456, val_loss-0.1811002
2025-01-03 14:54:34 - INFO - epoch-418, train_loss-0.0162515, val_loss-0.3524693
2025-01-03 15:01:25 - INFO - epoch-419, train_loss-0.0162217, val_loss-0.4153141
2025-01-03 15:08:19 - INFO - epoch-420, train_loss-0.0162421, val_loss-0.5636501
2025-01-03 15:08:21 - INFO - Saved model at epoch 420
2025-01-03 15:15:15 - INFO - epoch-421, train_loss-0.0161828, val_loss-0.3490974
2025-01-03 15:22:09 - INFO - epoch-422, train_loss-0.0162454, val_loss-0.3245892
2025-01-03 15:29:04 - INFO - epoch-423, train_loss-0.0162261, val_loss-0.3734614
2025-01-03 15:35:59 - INFO - epoch-424, train_loss-0.0162180, val_loss-0.2974558
2025-01-03 15:42:54 - INFO - epoch-425, train_loss-0.0162002, val_loss-0.4565287
2025-01-03 15:49:47 - INFO - epoch-426, train_loss-0.0161882, val_loss-0.2117334
2025-01-03 15:56:39 - INFO - epoch-427, train_loss-0.0162017, val_loss-0.4837548
2025-01-03 16:03:32 - INFO - epoch-428, train_loss-0.0162211, val_loss-0.4294407
2025-01-03 16:10:26 - INFO - epoch-429, train_loss-0.0161902, val_loss-0.2646540
2025-01-03 16:17:20 - INFO - epoch-430, train_loss-0.0162169, val_loss-0.3311726
2025-01-03 16:24:12 - INFO - epoch-431, train_loss-0.0162526, val_loss-0.2914261
2025-01-03 16:31:05 - INFO - epoch-432, train_loss-0.0162027, val_loss-0.2179745
2025-01-03 16:37:59 - INFO - epoch-433, train_loss-0.0161790, val_loss-0.4179158
2025-01-03 16:44:52 - INFO - epoch-434, train_loss-0.0161771, val_loss-0.2831554
2025-01-03 16:51:49 - INFO - epoch-435, train_loss-0.0162061, val_loss-0.4170813
2025-01-03 16:58:44 - INFO - epoch-436, train_loss-0.0162147, val_loss-0.4207692
2025-01-03 17:05:40 - INFO - epoch-437, train_loss-0.0162143, val_loss-0.3256161
2025-01-03 17:12:35 - INFO - epoch-438, train_loss-0.0161811, val_loss-0.4245040
2025-01-03 17:19:33 - INFO - epoch-439, train_loss-0.0162102, val_loss-0.6763464
2025-01-03 17:26:33 - INFO - epoch-440, train_loss-0.0161824, val_loss-0.3845120
2025-01-03 17:26:35 - INFO - Saved model at epoch 440
2025-01-03 17:33:36 - INFO - epoch-441, train_loss-0.0162079, val_loss-0.3528698
2025-01-03 17:40:35 - INFO - epoch-442, train_loss-0.0161949, val_loss-0.5875104
2025-01-03 17:47:40 - INFO - epoch-443, train_loss-0.0162268, val_loss-0.6915793
2025-01-03 17:54:42 - INFO - epoch-444, train_loss-0.0161871, val_loss-0.5197591
2025-01-03 18:01:47 - INFO - epoch-445, train_loss-0.0161791, val_loss-0.5836219
2025-01-03 18:08:53 - INFO - epoch-446, train_loss-0.0161832, val_loss-0.5236641
2025-01-03 18:15:59 - INFO - epoch-447, train_loss-0.0162080, val_loss-0.3370361
2025-01-03 18:23:07 - INFO - epoch-448, train_loss-0.0162597, val_loss-0.4178864
2025-01-03 18:30:18 - INFO - epoch-449, train_loss-0.0161872, val_loss-0.5413214
2025-01-03 18:37:26 - INFO - epoch-450, train_loss-0.0161779, val_loss-0.5411678
2025-01-03 18:44:35 - INFO - epoch-451, train_loss-0.0162249, val_loss-0.2960693
2025-01-03 18:51:42 - INFO - epoch-452, train_loss-0.0162320, val_loss-0.3758362
2025-01-03 18:58:51 - INFO - epoch-453, train_loss-0.0161870, val_loss-0.7351918
2025-01-03 19:06:00 - INFO - epoch-454, train_loss-0.0161663, val_loss-0.5005522
2025-01-03 19:13:09 - INFO - epoch-455, train_loss-0.0161641, val_loss-0.7652051
2025-01-03 19:20:19 - INFO - epoch-456, train_loss-0.0161839, val_loss-0.7735371
2025-01-03 19:27:29 - INFO - epoch-457, train_loss-0.0161760, val_loss-1.2600651
2025-01-03 19:34:36 - INFO - epoch-458, train_loss-0.0162187, val_loss-0.6406161
2025-01-03 19:41:47 - INFO - epoch-459, train_loss-0.0162284, val_loss-0.4041608
2025-01-03 19:48:57 - INFO - epoch-460, train_loss-0.0161927, val_loss-0.6351818
2025-01-03 19:48:59 - INFO - Saved model at epoch 460
2025-01-03 19:56:10 - INFO - epoch-461, train_loss-0.0161509, val_loss-0.6515519
2025-01-03 20:03:22 - INFO - epoch-462, train_loss-0.0161813, val_loss-0.3931122
2025-01-03 20:10:22 - INFO - epoch-463, train_loss-0.0161781, val_loss-0.6636786
2025-01-03 20:17:16 - INFO - epoch-464, train_loss-0.0162004, val_loss-0.5969977
2025-01-03 20:24:09 - INFO - epoch-465, train_loss-0.0162094, val_loss-0.9114821
2025-01-03 20:31:04 - INFO - epoch-466, train_loss-0.0161991, val_loss-0.6743381
2025-01-03 20:37:57 - INFO - epoch-467, train_loss-0.0162041, val_loss-0.6590372
2025-01-03 20:44:50 - INFO - epoch-468, train_loss-0.0161531, val_loss-0.7560075
2025-01-03 20:51:44 - INFO - epoch-469, train_loss-0.0161595, val_loss-0.7510006
2025-01-03 20:58:36 - INFO - epoch-470, train_loss-0.0162653, val_loss-0.4200770
2025-01-03 21:05:28 - INFO - epoch-471, train_loss-0.0161925, val_loss-0.5572462
2025-01-03 21:12:21 - INFO - epoch-472, train_loss-0.0161310, val_loss-0.4242572
2025-01-03 21:19:14 - INFO - epoch-473, train_loss-0.0161669, val_loss-0.2486229
2025-01-03 21:26:08 - INFO - epoch-474, train_loss-0.0161420, val_loss-0.4108970
2025-01-03 21:33:00 - INFO - epoch-475, train_loss-0.0162168, val_loss-0.5516812
2025-01-03 21:39:52 - INFO - epoch-476, train_loss-0.0161714, val_loss-0.5996099
2025-01-03 21:48:45 - INFO - epoch-477, train_loss-0.0161769, val_loss-0.3727908
2025-01-03 21:56:02 - INFO - epoch-478, train_loss-0.0161988, val_loss-0.4582192
2025-01-03 22:02:55 - INFO - epoch-479, train_loss-0.0162167, val_loss-0.6986682
2025-01-03 22:09:57 - INFO - epoch-480, train_loss-0.0161246, val_loss-0.9294219
2025-01-03 22:09:59 - INFO - Saved model at epoch 480
2025-01-03 22:17:31 - INFO - epoch-481, train_loss-0.0161305, val_loss-0.3701564
2025-01-03 22:24:50 - INFO - epoch-482, train_loss-0.0161576, val_loss-0.9522253
2025-01-03 22:31:42 - INFO - epoch-483, train_loss-0.0161916, val_loss-0.4688353
2025-01-03 22:38:34 - INFO - epoch-484, train_loss-0.0161624, val_loss-0.7770643
2025-01-03 22:45:26 - INFO - epoch-485, train_loss-0.0161638, val_loss-0.4167988
2025-01-03 22:52:18 - INFO - epoch-486, train_loss-0.0161438, val_loss-0.9162713
2025-01-03 22:59:10 - INFO - epoch-487, train_loss-0.0161810, val_loss-0.6849277
2025-01-03 23:06:25 - INFO - epoch-488, train_loss-0.0161557, val_loss-0.8792500
2025-01-03 23:13:47 - INFO - epoch-489, train_loss-0.0161324, val_loss-1.1830628
2025-01-03 23:20:39 - INFO - epoch-490, train_loss-0.0162073, val_loss-1.5879013
2025-01-03 23:27:33 - INFO - epoch-491, train_loss-0.0161786, val_loss-0.5141481
2025-01-03 23:34:25 - INFO - epoch-492, train_loss-0.0161525, val_loss-0.8103465
2025-01-03 23:43:01 - INFO - epoch-493, train_loss-0.0161441, val_loss-1.0610218
2025-01-03 23:50:28 - INFO - epoch-494, train_loss-0.0161558, val_loss-1.2692645
2025-01-03 23:57:33 - INFO - epoch-495, train_loss-0.0161642, val_loss-0.8854415
2025-01-04 00:04:34 - INFO - epoch-496, train_loss-0.0161598, val_loss-1.0110724
2025-01-04 00:11:33 - INFO - epoch-497, train_loss-0.0162149, val_loss-1.1399069
2025-01-04 00:18:33 - INFO - epoch-498, train_loss-0.0162034, val_loss-0.7038396
2025-01-04 00:25:32 - INFO - epoch-499, train_loss-0.0161575, val_loss-1.0185920
2025-01-04 00:32:36 - INFO - epoch-500, train_loss-0.0161279, val_loss-0.7723710
2025-01-04 00:32:38 - INFO - Saved model at epoch 500
2025-01-04 00:39:37 - INFO - epoch-501, train_loss-0.0161195, val_loss-1.2502634
2025-01-04 00:46:38 - INFO - epoch-502, train_loss-0.0161410, val_loss-0.8981111
2025-01-04 00:53:39 - INFO - epoch-503, train_loss-0.0161678, val_loss-1.0405405
2025-01-04 01:00:30 - INFO - epoch-504, train_loss-0.0161552, val_loss-0.1635771
2025-01-04 01:07:23 - INFO - epoch-505, train_loss-0.0161424, val_loss-0.1070939
2025-01-04 01:14:15 - INFO - epoch-506, train_loss-0.0161825, val_loss-0.0949158
2025-01-04 01:21:07 - INFO - epoch-507, train_loss-0.0161794, val_loss-0.4309529
2025-01-04 01:27:59 - INFO - epoch-508, train_loss-0.0161300, val_loss-0.5320179
2025-01-04 01:34:52 - INFO - epoch-509, train_loss-0.0161705, val_loss-0.5923044
2025-01-04 01:41:44 - INFO - epoch-510, train_loss-0.0161595, val_loss-0.4130910
2025-01-04 01:48:36 - INFO - epoch-511, train_loss-0.0161379, val_loss-0.4350693
2025-01-04 01:55:28 - INFO - epoch-512, train_loss-0.0161583, val_loss-0.5704194
2025-01-04 02:02:20 - INFO - epoch-513, train_loss-0.0161254, val_loss-0.8210211
2025-01-04 02:09:12 - INFO - epoch-514, train_loss-0.0161186, val_loss-1.0997669
2025-01-04 02:16:03 - INFO - epoch-515, train_loss-0.0161554, val_loss-0.3643179
2025-01-04 02:22:55 - INFO - epoch-516, train_loss-0.0161731, val_loss-1.5086962
2025-01-04 02:29:47 - INFO - epoch-517, train_loss-0.0161534, val_loss-0.6682775
2025-01-04 02:36:40 - INFO - epoch-518, train_loss-0.0161695, val_loss-0.5107018
2025-01-04 02:43:32 - INFO - epoch-519, train_loss-0.0161419, val_loss-0.4614631
2025-01-04 02:50:23 - INFO - epoch-520, train_loss-0.0161199, val_loss-1.0709270
2025-01-04 02:50:25 - INFO - Saved model at epoch 520
2025-01-04 02:57:16 - INFO - epoch-521, train_loss-0.0161412, val_loss-0.5716678
2025-01-04 03:04:07 - INFO - epoch-522, train_loss-0.0161583, val_loss-0.6266305
2025-01-04 03:10:59 - INFO - epoch-523, train_loss-0.0161326, val_loss-0.8933568
2025-01-04 03:17:50 - INFO - epoch-524, train_loss-0.0161255, val_loss-1.0253660
2025-01-04 03:24:42 - INFO - epoch-525, train_loss-0.0161060, val_loss-1.5817585
2025-01-04 03:31:34 - INFO - epoch-526, train_loss-0.0161547, val_loss-1.3708272
2025-01-04 03:38:25 - INFO - epoch-527, train_loss-0.0161436, val_loss-1.0372888
2025-01-04 03:45:17 - INFO - epoch-528, train_loss-0.0161546, val_loss-0.5769172
2025-01-04 03:52:22 - INFO - epoch-529, train_loss-0.0161327, val_loss-0.8218520
2025-01-04 03:59:33 - INFO - epoch-530, train_loss-0.0161083, val_loss-1.1193830
2025-01-04 04:06:25 - INFO - epoch-531, train_loss-0.0161019, val_loss-0.5819925
2025-01-04 04:13:16 - INFO - epoch-532, train_loss-0.0161304, val_loss-1.2192345
2025-01-04 04:20:07 - INFO - epoch-533, train_loss-0.0161613, val_loss-1.3137920
2025-01-04 04:26:58 - INFO - epoch-534, train_loss-0.0161566, val_loss-0.7245855
2025-01-04 04:33:50 - INFO - epoch-535, train_loss-0.0161826, val_loss-0.9221384
2025-01-04 04:40:42 - INFO - epoch-536, train_loss-0.0161481, val_loss-1.4914663
2025-01-04 04:47:32 - INFO - epoch-537, train_loss-0.0160847, val_loss-1.1688646
2025-01-04 04:54:23 - INFO - epoch-538, train_loss-0.0161333, val_loss-2.9778156
2025-01-04 05:01:15 - INFO - epoch-539, train_loss-0.0161657, val_loss-1.8535197
2025-01-04 05:08:07 - INFO - epoch-540, train_loss-0.0161219, val_loss-1.6351481
2025-01-04 05:08:09 - INFO - Saved model at epoch 540
2025-01-04 05:15:00 - INFO - epoch-541, train_loss-0.0161374, val_loss-0.7322703
2025-01-04 05:21:53 - INFO - epoch-542, train_loss-0.0161647, val_loss-1.1637950
2025-01-04 05:28:44 - INFO - epoch-543, train_loss-0.0161094, val_loss-0.7249062
2025-01-04 05:35:36 - INFO - epoch-544, train_loss-0.0161198, val_loss-1.7288601
2025-01-04 05:42:27 - INFO - epoch-545, train_loss-0.0161722, val_loss-2.0287110
2025-01-04 05:49:18 - INFO - epoch-546, train_loss-0.0161207, val_loss-1.3848070
2025-01-04 05:56:10 - INFO - epoch-547, train_loss-0.0161381, val_loss-1.5246007
2025-01-04 06:03:01 - INFO - epoch-548, train_loss-0.0161594, val_loss-1.2741727
2025-01-04 06:09:53 - INFO - epoch-549, train_loss-0.0161205, val_loss-0.4076571
2025-01-04 06:16:44 - INFO - epoch-550, train_loss-0.0161188, val_loss-1.2235269
2025-01-04 06:23:35 - INFO - epoch-551, train_loss-0.0160917, val_loss-1.2092820
2025-01-04 06:30:26 - INFO - epoch-552, train_loss-0.0161147, val_loss-0.9571505
2025-01-04 06:37:18 - INFO - epoch-553, train_loss-0.0161266, val_loss-0.8616854
2025-01-04 06:44:10 - INFO - epoch-554, train_loss-0.0160822, val_loss-1.0089969
2025-01-04 06:51:00 - INFO - epoch-555, train_loss-0.0161086, val_loss-0.6972876
2025-01-04 06:57:51 - INFO - epoch-556, train_loss-0.0161356, val_loss-1.4287099
2025-01-04 07:04:43 - INFO - epoch-557, train_loss-0.0161365, val_loss-1.0149759
2025-01-04 07:11:35 - INFO - epoch-558, train_loss-0.0161071, val_loss-0.7464765
2025-01-04 07:20:06 - INFO - epoch-559, train_loss-0.0161146, val_loss-0.8164800
2025-01-04 07:27:59 - INFO - epoch-560, train_loss-0.0161319, val_loss-2.1492264
2025-01-04 07:28:02 - INFO - Saved model at epoch 560
2025-01-04 07:35:10 - INFO - epoch-561, train_loss-0.0161095, val_loss-1.6005526
2025-01-04 07:42:09 - INFO - epoch-562, train_loss-0.0161552, val_loss-1.8753494
2025-01-04 07:49:06 - INFO - epoch-563, train_loss-0.0161042, val_loss-1.0916381
2025-01-04 07:56:02 - INFO - epoch-564, train_loss-0.0160928, val_loss-1.2252229
2025-01-04 08:02:58 - INFO - epoch-565, train_loss-0.0161217, val_loss-1.0616952
2025-01-04 08:09:54 - INFO - epoch-566, train_loss-0.0161300, val_loss-1.6347077
2025-01-04 08:16:53 - INFO - epoch-567, train_loss-0.0161344, val_loss-1.4877229
2025-01-04 08:24:06 - INFO - epoch-568, train_loss-0.0161680, val_loss-1.1186144
2025-01-04 08:31:35 - INFO - epoch-569, train_loss-0.0161406, val_loss-1.0386676
2025-01-04 08:38:41 - INFO - epoch-570, train_loss-0.0160886, val_loss-1.0225201
2025-01-04 08:45:34 - INFO - epoch-571, train_loss-0.0160861, val_loss-0.7569525
2025-01-04 08:52:27 - INFO - epoch-572, train_loss-0.0161053, val_loss-1.1506587
2025-01-04 08:59:20 - INFO - epoch-573, train_loss-0.0161202, val_loss-1.3656936
2025-01-04 09:07:15 - INFO - epoch-574, train_loss-0.0160829, val_loss-0.5188733
2025-01-04 09:15:41 - INFO - epoch-575, train_loss-0.0160977, val_loss-1.2886907
2025-01-04 09:22:59 - INFO - epoch-576, train_loss-0.0161441, val_loss-1.3809260
2025-01-04 09:29:59 - INFO - epoch-577, train_loss-0.0161367, val_loss-0.8049953
2025-01-04 09:36:57 - INFO - epoch-578, train_loss-0.0161227, val_loss-0.7237941
2025-01-04 09:43:55 - INFO - epoch-579, train_loss-0.0161126, val_loss-1.3186665
2025-01-04 09:50:53 - INFO - epoch-580, train_loss-0.0160625, val_loss-1.0563598
2025-01-04 09:50:55 - INFO - Saved model at epoch 580
2025-01-04 09:57:56 - INFO - epoch-581, train_loss-0.0161090, val_loss-1.5173481
2025-01-04 10:04:58 - INFO - epoch-582, train_loss-0.0160796, val_loss-2.2533312
2025-01-04 10:12:03 - INFO - epoch-583, train_loss-0.0161333, val_loss-1.1625127
2025-01-04 10:20:19 - INFO - epoch-584, train_loss-0.0160948, val_loss-1.2244345
2025-01-04 10:27:38 - INFO - epoch-585, train_loss-0.0161310, val_loss-1.6322922
2025-01-04 10:34:29 - INFO - epoch-586, train_loss-0.0161016, val_loss-2.2360977
2025-01-04 10:41:19 - INFO - epoch-587, train_loss-0.0160938, val_loss-1.6449978
2025-01-04 10:48:14 - INFO - epoch-588, train_loss-0.0160846, val_loss-1.6236144
2025-01-04 10:56:32 - INFO - epoch-589, train_loss-0.0161255, val_loss-1.3367011
2025-01-04 11:03:51 - INFO - epoch-590, train_loss-0.0161381, val_loss-1.4761782
2025-01-04 11:10:48 - INFO - epoch-591, train_loss-0.0160974, val_loss-0.7514999
2025-01-04 11:17:45 - INFO - epoch-592, train_loss-0.0160675, val_loss-0.7650901
2025-01-04 11:24:40 - INFO - epoch-593, train_loss-0.0161167, val_loss-1.7698836
2025-01-04 11:31:38 - INFO - epoch-594, train_loss-0.0160997, val_loss-1.8983205
2025-01-04 11:38:42 - INFO - epoch-595, train_loss-0.0161142, val_loss-0.3170853
2025-01-04 11:45:48 - INFO - epoch-596, train_loss-0.0160956, val_loss-0.6409112
2025-01-04 11:52:49 - INFO - epoch-597, train_loss-0.0160945, val_loss-1.1845531
2025-01-04 11:59:47 - INFO - epoch-598, train_loss-0.0160902, val_loss-1.1330659
2025-01-04 12:06:45 - INFO - epoch-599, train_loss-0.0160940, val_loss-0.9628064
2025-01-04 12:13:43 - INFO - epoch-600, train_loss-0.0161482, val_loss-0.7274764
2025-01-04 12:13:45 - INFO - Saved model at epoch 600
2025-01-04 12:20:45 - INFO - epoch-601, train_loss-0.0160602, val_loss-1.7756837
2025-01-04 12:27:45 - INFO - epoch-602, train_loss-0.0160785, val_loss-1.2268826
2025-01-04 12:34:44 - INFO - epoch-603, train_loss-0.0160835, val_loss-0.9612775
2025-01-04 12:41:45 - INFO - epoch-604, train_loss-0.0160903, val_loss-1.4513688
2025-01-04 12:48:46 - INFO - epoch-605, train_loss-0.0160866, val_loss-1.3297188
2025-01-04 12:55:47 - INFO - epoch-606, train_loss-0.0160857, val_loss-1.5001206
2025-01-04 13:02:48 - INFO - epoch-607, train_loss-0.0160862, val_loss-0.6359471
2025-01-04 13:09:51 - INFO - epoch-608, train_loss-0.0160872, val_loss-0.8757042
2025-01-04 13:17:11 - INFO - epoch-609, train_loss-0.0161054, val_loss-0.9530553
2025-01-04 13:24:35 - INFO - epoch-610, train_loss-0.0161074, val_loss-1.4913176
2025-01-04 13:31:32 - INFO - epoch-611, train_loss-0.0160909, val_loss-0.8458095
2025-01-04 13:38:29 - INFO - epoch-612, train_loss-0.0160439, val_loss-0.9189159
2025-01-04 13:45:21 - INFO - epoch-613, train_loss-0.0161173, val_loss-1.1730074
2025-01-04 13:52:13 - INFO - epoch-614, train_loss-0.0161007, val_loss-1.6117004
2025-01-04 13:59:05 - INFO - epoch-615, train_loss-0.0160853, val_loss-1.2557908
2025-01-04 14:05:58 - INFO - epoch-616, train_loss-0.0160974, val_loss-1.1094858
2025-01-04 14:12:50 - INFO - epoch-617, train_loss-0.0160733, val_loss-1.6913411
