2025-03-19 14:34:29 - INFO - train data: 13259
2025-03-19 14:34:29 - INFO - train unqiue data: 13259
2025-03-19 14:34:29 - INFO - valid data: 1474
2025-03-19 14:34:29 - INFO - valid unqiue data: 1474
2025-03-19 14:38:53 - INFO - epoch-0, train_mse_loss-0.0004448, train_kl_loss-0.0020517, train_diff_loss-0.9169938, val_mse_loss-0.0016546, val_kl_loss-0.0003181, val_diff_loss-0.8131843
2025-03-19 14:43:11 - INFO - epoch-1, train_mse_loss-0.0003339, train_kl_loss-0.0003914, train_diff_loss-0.7352690, val_mse_loss-0.0003657, val_kl_loss-0.0004583, val_diff_loss-0.6630993
2025-03-19 14:47:30 - INFO - epoch-2, train_mse_loss-0.0003323, train_kl_loss-0.0005591, train_diff_loss-0.6112689, val_mse_loss-0.0003354, val_kl_loss-0.0006648, val_diff_loss-0.5603099
2025-03-19 14:47:38 - INFO - Saved new best model at epoch 2 with validation loss 0.5613100
2025-03-19 14:51:55 - INFO - epoch-3, train_mse_loss-0.0003319, train_kl_loss-0.0006945, train_diff_loss-0.5231496, val_mse_loss-0.0003385, val_kl_loss-0.0011119, val_diff_loss-0.5009579
2025-03-19 14:52:03 - INFO - Saved new best model at epoch 3 with validation loss 0.5024083
2025-03-19 14:56:21 - INFO - epoch-4, train_mse_loss-0.0003326, train_kl_loss-0.0008231, train_diff_loss-0.4718379, val_mse_loss-0.0003343, val_kl_loss-0.0008623, val_diff_loss-0.4438636
2025-03-19 14:56:29 - INFO - Saved new best model at epoch 4 with validation loss 0.4450602
2025-03-19 15:00:46 - INFO - epoch-5, train_mse_loss-0.0003337, train_kl_loss-0.0008992, train_diff_loss-0.4346701, val_mse_loss-0.0003331, val_kl_loss-0.0008329, val_diff_loss-0.4359469
2025-03-19 15:00:54 - INFO - Saved new best model at epoch 5 with validation loss 0.4371129
2025-03-19 15:05:10 - INFO - epoch-6, train_mse_loss-0.0003355, train_kl_loss-0.0009853, train_diff_loss-0.4197519, val_mse_loss-0.0003459, val_kl_loss-0.0011429, val_diff_loss-0.4191898
2025-03-19 15:05:18 - INFO - Saved new best model at epoch 6 with validation loss 0.4206785
<<<<<<< HEAD
2025-03-19 15:09:36 - INFO - epoch-7, train_mse_loss-0.0003336, train_kl_loss-0.0010244, train_diff_loss-0.4136296, val_mse_loss-0.0003761, val_kl_loss-0.0011935, val_diff_loss-0.4040312
2025-03-19 15:09:44 - INFO - Saved new best model at epoch 7 with validation loss 0.4056008
2025-03-19 15:14:02 - INFO - epoch-8, train_mse_loss-0.0003328, train_kl_loss-0.0010150, train_diff_loss-0.4044754, val_mse_loss-0.0003454, val_kl_loss-0.0009250, val_diff_loss-0.3925399
2025-03-19 15:14:10 - INFO - Saved new best model at epoch 8 with validation loss 0.3938104
2025-03-19 15:18:27 - INFO - epoch-9, train_mse_loss-0.0003325, train_kl_loss-0.0010182, train_diff_loss-0.4013753, val_mse_loss-0.0003605, val_kl_loss-0.0008833, val_diff_loss-0.3936354
2025-03-19 15:22:44 - INFO - epoch-10, train_mse_loss-0.0003321, train_kl_loss-0.0010455, train_diff_loss-0.4019516, val_mse_loss-0.0003378, val_kl_loss-0.0010690, val_diff_loss-0.4031895
2025-03-19 15:27:02 - INFO - epoch-11, train_mse_loss-0.0003309, train_kl_loss-0.0010038, train_diff_loss-0.3981025, val_mse_loss-0.0003419, val_kl_loss-0.0009911, val_diff_loss-0.3980072
2025-03-19 15:31:19 - INFO - epoch-12, train_mse_loss-0.0003306, train_kl_loss-0.0009476, train_diff_loss-0.3924625, val_mse_loss-0.0003684, val_kl_loss-0.0010698, val_diff_loss-0.3896616
2025-03-19 15:31:27 - INFO - Saved new best model at epoch 12 with validation loss 0.3910998
2025-03-19 15:35:46 - INFO - epoch-13, train_mse_loss-0.0003298, train_kl_loss-0.0009392, train_diff_loss-0.3902885, val_mse_loss-0.0004183, val_kl_loss-0.0011533, val_diff_loss-0.3875518
2025-03-19 15:35:54 - INFO - Saved new best model at epoch 13 with validation loss 0.3891234
2025-03-19 15:40:13 - INFO - epoch-14, train_mse_loss-0.0003288, train_kl_loss-0.0009266, train_diff_loss-0.3873828, val_mse_loss-0.0004956, val_kl_loss-0.0011137, val_diff_loss-0.3907005
2025-03-19 15:44:30 - INFO - epoch-15, train_mse_loss-0.0003285, train_kl_loss-0.0009022, train_diff_loss-0.3843805, val_mse_loss-0.0005232, val_kl_loss-0.0008424, val_diff_loss-0.3881134
2025-03-19 15:48:47 - INFO - epoch-16, train_mse_loss-0.0003278, train_kl_loss-0.0009218, train_diff_loss-0.3920848, val_mse_loss-0.0005381, val_kl_loss-0.0007426, val_diff_loss-0.3974683
2025-03-19 15:53:05 - INFO - epoch-17, train_mse_loss-0.0003275, train_kl_loss-0.0008896, train_diff_loss-0.3876030, val_mse_loss-0.0005529, val_kl_loss-0.0007032, val_diff_loss-0.3780374
2025-03-19 15:53:14 - INFO - Saved new best model at epoch 17 with validation loss 0.3792935
2025-03-19 15:57:34 - INFO - epoch-18, train_mse_loss-0.0003271, train_kl_loss-0.0008839, train_diff_loss-0.3857756, val_mse_loss-0.0005570, val_kl_loss-0.0009186, val_diff_loss-0.3889490
2025-03-19 16:01:53 - INFO - epoch-19, train_mse_loss-0.0003269, train_kl_loss-0.0008802, train_diff_loss-0.3815713, val_mse_loss-0.0005509, val_kl_loss-0.0008860, val_diff_loss-0.3780516
2025-03-19 16:06:15 - INFO - epoch-20, train_mse_loss-0.0003265, train_kl_loss-0.0009274, train_diff_loss-0.3909024, val_mse_loss-0.0005449, val_kl_loss-0.0008763, val_diff_loss-0.3742794
2025-03-19 16:06:24 - INFO - Saved new best model at epoch 20 with validation loss 0.3757006
2025-03-19 16:10:43 - INFO - epoch-21, train_mse_loss-0.0003266, train_kl_loss-0.0009113, train_diff_loss-0.3882540, val_mse_loss-0.0005359, val_kl_loss-0.0010522, val_diff_loss-0.3861962
2025-03-19 16:15:04 - INFO - epoch-22, train_mse_loss-0.0003264, train_kl_loss-0.0008965, train_diff_loss-0.3839708, val_mse_loss-0.0005191, val_kl_loss-0.0008536, val_diff_loss-0.3706083
2025-03-19 16:15:12 - INFO - Saved new best model at epoch 22 with validation loss 0.3719810
2025-03-19 16:19:32 - INFO - epoch-23, train_mse_loss-0.0003262, train_kl_loss-0.0008860, train_diff_loss-0.3806313, val_mse_loss-0.0005007, val_kl_loss-0.0008838, val_diff_loss-0.4043666
2025-03-19 16:23:51 - INFO - epoch-24, train_mse_loss-0.0003263, train_kl_loss-0.0009042, train_diff_loss-0.3848820, val_mse_loss-0.0004851, val_kl_loss-0.0009461, val_diff_loss-0.3796167
2025-03-19 16:28:08 - INFO - epoch-25, train_mse_loss-0.0003261, train_kl_loss-0.0008957, train_diff_loss-0.3844483, val_mse_loss-0.0004640, val_kl_loss-0.0009602, val_diff_loss-0.3881217
2025-03-19 16:32:26 - INFO - epoch-26, train_mse_loss-0.0003258, train_kl_loss-0.0008665, train_diff_loss-0.3748033, val_mse_loss-0.0004323, val_kl_loss-0.0008339, val_diff_loss-0.3726253
2025-03-19 16:36:44 - INFO - epoch-27, train_mse_loss-0.0003254, train_kl_loss-0.0009240, train_diff_loss-0.3835523, val_mse_loss-0.0003960, val_kl_loss-0.0010424, val_diff_loss-0.3852756
2025-03-19 16:41:04 - INFO - epoch-28, train_mse_loss-0.0003251, train_kl_loss-0.0009338, train_diff_loss-0.3868321, val_mse_loss-0.0003590, val_kl_loss-0.0009886, val_diff_loss-0.3787889
2025-03-19 16:45:22 - INFO - epoch-29, train_mse_loss-0.0003249, train_kl_loss-0.0009261, train_diff_loss-0.3825714, val_mse_loss-0.0003620, val_kl_loss-0.0007023, val_diff_loss-0.3882851
2025-03-19 16:49:42 - INFO - epoch-30, train_mse_loss-0.0003248, train_kl_loss-0.0008707, train_diff_loss-0.3792397, val_mse_loss-0.0003253, val_kl_loss-0.0009281, val_diff_loss-0.3920161
2025-03-19 16:54:00 - INFO - epoch-31, train_mse_loss-0.0003246, train_kl_loss-0.0008963, train_diff_loss-0.3755953, val_mse_loss-0.0003229, val_kl_loss-0.0009584, val_diff_loss-0.3856136
2025-03-19 16:58:44 - INFO - epoch-32, train_mse_loss-0.0003245, train_kl_loss-0.0008886, train_diff_loss-0.3764900, val_mse_loss-0.0003234, val_kl_loss-0.0009360, val_diff_loss-0.3963209
2025-03-19 17:03:13 - INFO - epoch-33, train_mse_loss-0.0003244, train_kl_loss-0.0009013, train_diff_loss-0.3764732, val_mse_loss-0.0003235, val_kl_loss-0.0009376, val_diff_loss-0.3841330
2025-03-19 17:07:30 - INFO - epoch-34, train_mse_loss-0.0003243, train_kl_loss-0.0009256, train_diff_loss-0.3828114, val_mse_loss-0.0003258, val_kl_loss-0.0008064, val_diff_loss-0.3903713
2025-03-19 17:11:48 - INFO - epoch-35, train_mse_loss-0.0003242, train_kl_loss-0.0008970, train_diff_loss-0.3759721, val_mse_loss-0.0003281, val_kl_loss-0.0008268, val_diff_loss-0.3652927
2025-03-19 17:11:58 - INFO - Saved new best model at epoch 35 with validation loss 0.3664476
2025-03-19 17:16:16 - INFO - epoch-36, train_mse_loss-0.0003241, train_kl_loss-0.0008842, train_diff_loss-0.3757096, val_mse_loss-0.0003352, val_kl_loss-0.0004149, val_diff_loss-0.3642068
2025-03-19 17:16:23 - INFO - Saved new best model at epoch 36 with validation loss 0.3649569
2025-03-19 17:20:43 - INFO - epoch-37, train_mse_loss-0.0003240, train_kl_loss-0.0008974, train_diff_loss-0.3770323, val_mse_loss-0.0003507, val_kl_loss-0.0009162, val_diff_loss-0.3659127
2025-03-19 17:25:02 - INFO - epoch-38, train_mse_loss-0.0003240, train_kl_loss-0.0009342, train_diff_loss-0.3817554, val_mse_loss-0.0003541, val_kl_loss-0.0009401, val_diff_loss-0.4005659
2025-03-19 17:29:20 - INFO - epoch-39, train_mse_loss-0.0003240, train_kl_loss-0.0008961, train_diff_loss-0.3762768, val_mse_loss-0.0003528, val_kl_loss-0.0009113, val_diff_loss-0.3947271
2025-03-19 17:33:38 - INFO - epoch-40, train_mse_loss-0.0003240, train_kl_loss-0.0009206, train_diff_loss-0.3832877, val_mse_loss-0.0003566, val_kl_loss-0.0009931, val_diff_loss-0.3845387
2025-03-19 17:37:57 - INFO - epoch-41, train_mse_loss-0.0003240, train_kl_loss-0.0008746, train_diff_loss-0.3734784, val_mse_loss-0.0003507, val_kl_loss-0.0009734, val_diff_loss-0.3755896
2025-03-19 17:42:16 - INFO - epoch-42, train_mse_loss-0.0003239, train_kl_loss-0.0009202, train_diff_loss-0.3788035, val_mse_loss-0.0003484, val_kl_loss-0.0008418, val_diff_loss-0.3762610
2025-03-19 17:46:39 - INFO - epoch-43, train_mse_loss-0.0003239, train_kl_loss-0.0009113, train_diff_loss-0.3771814, val_mse_loss-0.0003484, val_kl_loss-0.0008877, val_diff_loss-0.3924620
2025-03-19 17:51:29 - INFO - epoch-44, train_mse_loss-0.0003239, train_kl_loss-0.0009275, train_diff_loss-0.3812155, val_mse_loss-0.0003540, val_kl_loss-0.0009253, val_diff_loss-0.3891380
2025-03-19 17:55:51 - INFO - epoch-45, train_mse_loss-0.0003239, train_kl_loss-0.0009385, train_diff_loss-0.3810919, val_mse_loss-0.0003509, val_kl_loss-0.0008301, val_diff_loss-0.3722488
2025-03-19 18:00:17 - INFO - epoch-46, train_mse_loss-0.0003239, train_kl_loss-0.0008993, train_diff_loss-0.3761921, val_mse_loss-0.0003465, val_kl_loss-0.0008606, val_diff_loss-0.3870331
2025-03-19 18:04:50 - INFO - epoch-47, train_mse_loss-0.0003239, train_kl_loss-0.0009087, train_diff_loss-0.3772621, val_mse_loss-0.0003502, val_kl_loss-0.0008648, val_diff_loss-0.4021501
2025-03-19 18:09:08 - INFO - epoch-48, train_mse_loss-0.0003239, train_kl_loss-0.0009191, train_diff_loss-0.3785193, val_mse_loss-0.0003655, val_kl_loss-0.0009082, val_diff_loss-0.3906691
2025-03-19 18:13:26 - INFO - epoch-49, train_mse_loss-0.0003239, train_kl_loss-0.0009105, train_diff_loss-0.3758428, val_mse_loss-0.0003560, val_kl_loss-0.0009789, val_diff_loss-0.3934149
2025-03-19 18:17:44 - INFO - epoch-50, train_mse_loss-0.0003239, train_kl_loss-0.0009259, train_diff_loss-0.3780436, val_mse_loss-0.0003633, val_kl_loss-0.0009592, val_diff_loss-0.3941499
2025-03-19 18:22:01 - INFO - epoch-51, train_mse_loss-0.0003239, train_kl_loss-0.0009242, train_diff_loss-0.3798162, val_mse_loss-0.0003672, val_kl_loss-0.0009768, val_diff_loss-0.3721888
2025-03-19 18:26:19 - INFO - epoch-52, train_mse_loss-0.0003238, train_kl_loss-0.0009081, train_diff_loss-0.3770479, val_mse_loss-0.0003714, val_kl_loss-0.0009769, val_diff_loss-0.3989019
2025-03-19 18:30:36 - INFO - epoch-53, train_mse_loss-0.0003238, train_kl_loss-0.0009164, train_diff_loss-0.3780698, val_mse_loss-0.0003742, val_kl_loss-0.0009179, val_diff_loss-0.3720689
2025-03-19 18:34:55 - INFO - epoch-54, train_mse_loss-0.0003238, train_kl_loss-0.0009071, train_diff_loss-0.3784708, val_mse_loss-0.0003777, val_kl_loss-0.0009596, val_diff_loss-0.3788970
2025-03-19 18:39:15 - INFO - epoch-55, train_mse_loss-0.0003238, train_kl_loss-0.0009101, train_diff_loss-0.3746273, val_mse_loss-0.0003755, val_kl_loss-0.0008981, val_diff_loss-0.3960687
2025-03-19 18:43:39 - INFO - epoch-56, train_mse_loss-0.0003237, train_kl_loss-0.0009072, train_diff_loss-0.3747263, val_mse_loss-0.0003696, val_kl_loss-0.0009563, val_diff_loss-0.3797633
2025-03-19 18:48:06 - INFO - epoch-57, train_mse_loss-0.0003237, train_kl_loss-0.0008782, train_diff_loss-0.3719325, val_mse_loss-0.0003625, val_kl_loss-0.0008418, val_diff_loss-0.3698964
2025-03-19 18:52:37 - INFO - epoch-58, train_mse_loss-0.0003237, train_kl_loss-0.0009362, train_diff_loss-0.3792811, val_mse_loss-0.0003541, val_kl_loss-0.0009383, val_diff_loss-0.3898857
2025-03-19 18:57:10 - INFO - epoch-59, train_mse_loss-0.0003237, train_kl_loss-0.0009483, train_diff_loss-0.3826656, val_mse_loss-0.0003613, val_kl_loss-0.0008709, val_diff_loss-0.3702585
2025-03-19 19:01:30 - INFO - epoch-60, train_mse_loss-0.0003237, train_kl_loss-0.0009069, train_diff_loss-0.3784009, val_mse_loss-0.0003716, val_kl_loss-0.0009200, val_diff_loss-0.3747841
2025-03-19 19:05:47 - INFO - epoch-61, train_mse_loss-0.0003236, train_kl_loss-0.0009300, train_diff_loss-0.3806051, val_mse_loss-0.0003669, val_kl_loss-0.0009552, val_diff_loss-0.3867502
2025-03-19 19:10:11 - INFO - epoch-62, train_mse_loss-0.0003236, train_kl_loss-0.0009257, train_diff_loss-0.3808681, val_mse_loss-0.0003668, val_kl_loss-0.0008760, val_diff_loss-0.3765769
2025-03-19 19:14:39 - INFO - epoch-63, train_mse_loss-0.0003236, train_kl_loss-0.0008971, train_diff_loss-0.3773896, val_mse_loss-0.0003624, val_kl_loss-0.0008778, val_diff_loss-0.3768432
2025-03-19 19:18:58 - INFO - epoch-64, train_mse_loss-0.0003236, train_kl_loss-0.0009351, train_diff_loss-0.3802220, val_mse_loss-0.0003626, val_kl_loss-0.0009408, val_diff_loss-0.3945632
2025-03-19 19:23:22 - INFO - epoch-65, train_mse_loss-0.0003236, train_kl_loss-0.0009291, train_diff_loss-0.3809522, val_mse_loss-0.0003564, val_kl_loss-0.0008540, val_diff_loss-0.3823057
2025-03-19 19:27:52 - INFO - epoch-66, train_mse_loss-0.0003236, train_kl_loss-0.0009101, train_diff_loss-0.3769677, val_mse_loss-0.0003537, val_kl_loss-0.0008934, val_diff_loss-0.3680665
2025-03-19 19:32:24 - INFO - epoch-67, train_mse_loss-0.0003236, train_kl_loss-0.0008903, train_diff_loss-0.3715172, val_mse_loss-0.0003488, val_kl_loss-0.0008891, val_diff_loss-0.3741336
2025-03-19 19:36:59 - INFO - epoch-68, train_mse_loss-0.0003236, train_kl_loss-0.0009344, train_diff_loss-0.3852964, val_mse_loss-0.0003459, val_kl_loss-0.0011364, val_diff_loss-0.3853276
2025-03-19 19:41:31 - INFO - epoch-69, train_mse_loss-0.0003236, train_kl_loss-0.0009143, train_diff_loss-0.3763114, val_mse_loss-0.0003428, val_kl_loss-0.0009358, val_diff_loss-0.3680157
2025-03-19 19:46:10 - INFO - epoch-70, train_mse_loss-0.0003236, train_kl_loss-0.0009319, train_diff_loss-0.3815988, val_mse_loss-0.0003331, val_kl_loss-0.0008743, val_diff_loss-0.3793803
2025-03-19 19:50:43 - INFO - epoch-71, train_mse_loss-0.0003236, train_kl_loss-0.0009106, train_diff_loss-0.3783408, val_mse_loss-0.0003322, val_kl_loss-0.0008515, val_diff_loss-0.3688554
2025-03-19 19:55:10 - INFO - epoch-72, train_mse_loss-0.0003236, train_kl_loss-0.0009229, train_diff_loss-0.3783046, val_mse_loss-0.0003357, val_kl_loss-0.0009322, val_diff_loss-0.3802359
2025-03-19 19:59:32 - INFO - epoch-73, train_mse_loss-0.0003236, train_kl_loss-0.0008880, train_diff_loss-0.3728017, val_mse_loss-0.0003393, val_kl_loss-0.0009802, val_diff_loss-0.3729575
2025-03-19 20:03:52 - INFO - epoch-74, train_mse_loss-0.0003236, train_kl_loss-0.0009162, train_diff_loss-0.3755321, val_mse_loss-0.0003409, val_kl_loss-0.0009818, val_diff_loss-0.3788546
2025-03-19 20:08:11 - INFO - epoch-75, train_mse_loss-0.0003236, train_kl_loss-0.0009264, train_diff_loss-0.3799104, val_mse_loss-0.0003445, val_kl_loss-0.0008864, val_diff_loss-0.3669790
2025-03-19 20:12:30 - INFO - epoch-76, train_mse_loss-0.0003236, train_kl_loss-0.0009288, train_diff_loss-0.3797027, val_mse_loss-0.0003401, val_kl_loss-0.0009162, val_diff_loss-0.3802300
2025-03-19 20:16:49 - INFO - epoch-77, train_mse_loss-0.0003236, train_kl_loss-0.0009138, train_diff_loss-0.3766193, val_mse_loss-0.0003417, val_kl_loss-0.0008498, val_diff_loss-0.3826100
2025-03-19 20:21:07 - INFO - epoch-78, train_mse_loss-0.0003236, train_kl_loss-0.0009306, train_diff_loss-0.3801942, val_mse_loss-0.0003449, val_kl_loss-0.0009694, val_diff_loss-0.3609979
2025-03-19 20:21:16 - INFO - Saved new best model at epoch 78 with validation loss 0.3623123
2025-03-19 20:25:37 - INFO - epoch-79, train_mse_loss-0.0003236, train_kl_loss-0.0009353, train_diff_loss-0.3806018, val_mse_loss-0.0003339, val_kl_loss-0.0009662, val_diff_loss-0.3889187
2025-03-19 20:29:57 - INFO - epoch-80, train_mse_loss-0.0003236, train_kl_loss-0.0009299, train_diff_loss-0.3829865, val_mse_loss-0.0003375, val_kl_loss-0.0009888, val_diff_loss-0.3762734
2025-03-19 20:34:18 - INFO - epoch-81, train_mse_loss-0.0003236, train_kl_loss-0.0009188, train_diff_loss-0.3796067, val_mse_loss-0.0003380, val_kl_loss-0.0006637, val_diff_loss-0.3848362
2025-03-19 20:38:37 - INFO - epoch-82, train_mse_loss-0.0003236, train_kl_loss-0.0008940, train_diff_loss-0.3777766, val_mse_loss-0.0003390, val_kl_loss-0.0008118, val_diff_loss-0.3828693
2025-03-19 20:42:57 - INFO - epoch-83, train_mse_loss-0.0003236, train_kl_loss-0.0008845, train_diff_loss-0.3731037, val_mse_loss-0.0003455, val_kl_loss-0.0009052, val_diff_loss-0.3712614
2025-03-19 20:47:18 - INFO - epoch-84, train_mse_loss-0.0003236, train_kl_loss-0.0009130, train_diff_loss-0.3742609, val_mse_loss-0.0003541, val_kl_loss-0.0008854, val_diff_loss-0.3750859
2025-03-19 20:51:36 - INFO - epoch-85, train_mse_loss-0.0003236, train_kl_loss-0.0009486, train_diff_loss-0.3848627, val_mse_loss-0.0003464, val_kl_loss-0.0009483, val_diff_loss-0.3740839
2025-03-19 20:55:56 - INFO - epoch-86, train_mse_loss-0.0003236, train_kl_loss-0.0009359, train_diff_loss-0.3850610, val_mse_loss-0.0003546, val_kl_loss-0.0009573, val_diff_loss-0.3819056
2025-03-19 21:00:16 - INFO - epoch-87, train_mse_loss-0.0003236, train_kl_loss-0.0009177, train_diff_loss-0.3780534, val_mse_loss-0.0003469, val_kl_loss-0.0008955, val_diff_loss-0.3653171
2025-03-19 21:04:38 - INFO - epoch-88, train_mse_loss-0.0003235, train_kl_loss-0.0008906, train_diff_loss-0.3739596, val_mse_loss-0.0003562, val_kl_loss-0.0008909, val_diff_loss-0.3665765
2025-03-19 21:09:00 - INFO - epoch-89, train_mse_loss-0.0003235, train_kl_loss-0.0009221, train_diff_loss-0.3788668, val_mse_loss-0.0003712, val_kl_loss-0.0009276, val_diff_loss-0.3813251
2025-03-19 21:13:19 - INFO - epoch-90, train_mse_loss-0.0003235, train_kl_loss-0.0009270, train_diff_loss-0.3803767, val_mse_loss-0.0003565, val_kl_loss-0.0008681, val_diff_loss-0.3925675
2025-03-19 21:17:37 - INFO - epoch-91, train_mse_loss-0.0003235, train_kl_loss-0.0008726, train_diff_loss-0.3741463, val_mse_loss-0.0003810, val_kl_loss-0.0009297, val_diff_loss-0.3654276
2025-03-19 21:21:56 - INFO - epoch-92, train_mse_loss-0.0003235, train_kl_loss-0.0009447, train_diff_loss-0.3826539, val_mse_loss-0.0003684, val_kl_loss-0.0010382, val_diff_loss-0.3759533
2025-03-19 21:26:28 - INFO - epoch-93, train_mse_loss-0.0003235, train_kl_loss-0.0009332, train_diff_loss-0.3787167, val_mse_loss-0.0003709, val_kl_loss-0.0009291, val_diff_loss-0.3789630
2025-03-19 21:30:45 - INFO - epoch-94, train_mse_loss-0.0003235, train_kl_loss-0.0009481, train_diff_loss-0.3843672, val_mse_loss-0.0003681, val_kl_loss-0.0010078, val_diff_loss-0.3725236
2025-03-19 21:35:04 - INFO - epoch-95, train_mse_loss-0.0003235, train_kl_loss-0.0009217, train_diff_loss-0.3782505, val_mse_loss-0.0003827, val_kl_loss-0.0009117, val_diff_loss-0.3745420
2025-03-19 21:39:24 - INFO - epoch-96, train_mse_loss-0.0003236, train_kl_loss-0.0009146, train_diff_loss-0.3801301, val_mse_loss-0.0003659, val_kl_loss-0.0008822, val_diff_loss-0.3869741
2025-03-19 21:43:43 - INFO - epoch-97, train_mse_loss-0.0003236, train_kl_loss-0.0009293, train_diff_loss-0.3815955, val_mse_loss-0.0003575, val_kl_loss-0.0009453, val_diff_loss-0.3681798
2025-03-19 21:48:02 - INFO - epoch-98, train_mse_loss-0.0003235, train_kl_loss-0.0009291, train_diff_loss-0.3831048, val_mse_loss-0.0003516, val_kl_loss-0.0009606, val_diff_loss-0.3628145
2025-03-19 21:52:19 - INFO - epoch-99, train_mse_loss-0.0003235, train_kl_loss-0.0009354, train_diff_loss-0.3802830, val_mse_loss-0.0003929, val_kl_loss-0.0008773, val_diff_loss-0.3767298
2025-03-19 21:56:40 - INFO - epoch-100, train_mse_loss-0.0003235, train_kl_loss-0.0009220, train_diff_loss-0.3773379, val_mse_loss-0.0003768, val_kl_loss-0.0008581, val_diff_loss-0.3857654
2025-03-19 22:00:59 - INFO - epoch-101, train_mse_loss-0.0003235, train_kl_loss-0.0009186, train_diff_loss-0.3768039, val_mse_loss-0.0003752, val_kl_loss-0.0007646, val_diff_loss-0.3854866
2025-03-19 22:05:19 - INFO - epoch-102, train_mse_loss-0.0003235, train_kl_loss-0.0009186, train_diff_loss-0.3824981, val_mse_loss-0.0003633, val_kl_loss-0.0016930, val_diff_loss-0.3676538
2025-03-19 22:09:38 - INFO - epoch-103, train_mse_loss-0.0003235, train_kl_loss-0.0009125, train_diff_loss-0.3769883, val_mse_loss-0.0003672, val_kl_loss-0.0008810, val_diff_loss-0.3751621
2025-03-19 22:13:57 - INFO - epoch-104, train_mse_loss-0.0003235, train_kl_loss-0.0009083, train_diff_loss-0.3757410, val_mse_loss-0.0003480, val_kl_loss-0.0008838, val_diff_loss-0.3650522
2025-03-19 22:18:15 - INFO - epoch-105, train_mse_loss-0.0003235, train_kl_loss-0.0009136, train_diff_loss-0.3752555, val_mse_loss-0.0003663, val_kl_loss-0.0009730, val_diff_loss-0.3726355
2025-03-19 22:22:40 - INFO - epoch-106, train_mse_loss-0.0003235, train_kl_loss-0.0009338, train_diff_loss-0.3808023, val_mse_loss-0.0003515, val_kl_loss-0.0009864, val_diff_loss-0.3677253
2025-03-19 22:26:59 - INFO - epoch-107, train_mse_loss-0.0003235, train_kl_loss-0.0009053, train_diff_loss-0.3711512, val_mse_loss-0.0003592, val_kl_loss-0.0008849, val_diff_loss-0.3836221
2025-03-19 22:31:18 - INFO - epoch-108, train_mse_loss-0.0003235, train_kl_loss-0.0009316, train_diff_loss-0.3784118, val_mse_loss-0.0003876, val_kl_loss-0.0008860, val_diff_loss-0.3880013
2025-03-19 22:35:38 - INFO - epoch-109, train_mse_loss-0.0003235, train_kl_loss-0.0009157, train_diff_loss-0.3783009, val_mse_loss-0.0003722, val_kl_loss-0.0008982, val_diff_loss-0.3859439
2025-03-19 22:39:57 - INFO - epoch-110, train_mse_loss-0.0003235, train_kl_loss-0.0009319, train_diff_loss-0.3792884, val_mse_loss-0.0003728, val_kl_loss-0.0008983, val_diff_loss-0.3916381
2025-03-19 22:44:14 - INFO - epoch-111, train_mse_loss-0.0003235, train_kl_loss-0.0009194, train_diff_loss-0.3773179, val_mse_loss-0.0003761, val_kl_loss-0.0009101, val_diff_loss-0.3906515
2025-03-19 22:48:32 - INFO - epoch-112, train_mse_loss-0.0003234, train_kl_loss-0.0009273, train_diff_loss-0.3835229, val_mse_loss-0.0003662, val_kl_loss-0.0009193, val_diff_loss-0.3875928
2025-03-19 22:52:50 - INFO - epoch-113, train_mse_loss-0.0003234, train_kl_loss-0.0008937, train_diff_loss-0.3736145, val_mse_loss-0.0003798, val_kl_loss-0.0009521, val_diff_loss-0.4017113
2025-03-19 22:57:07 - INFO - epoch-114, train_mse_loss-0.0003234, train_kl_loss-0.0009132, train_diff_loss-0.3764082, val_mse_loss-0.0003655, val_kl_loss-0.0009286, val_diff_loss-0.3859551
2025-03-19 23:01:27 - INFO - epoch-115, train_mse_loss-0.0003234, train_kl_loss-0.0009329, train_diff_loss-0.3817922, val_mse_loss-0.0003806, val_kl_loss-0.0009710, val_diff_loss-0.3723688
2025-03-19 23:05:45 - INFO - epoch-116, train_mse_loss-0.0003234, train_kl_loss-0.0009115, train_diff_loss-0.3771730, val_mse_loss-0.0003858, val_kl_loss-0.0009225, val_diff_loss-0.3810779
2025-03-19 23:10:03 - INFO - epoch-117, train_mse_loss-0.0003234, train_kl_loss-0.0009133, train_diff_loss-0.3768032, val_mse_loss-0.0003547, val_kl_loss-0.0009288, val_diff_loss-0.3676878
2025-03-19 23:14:23 - INFO - epoch-118, train_mse_loss-0.0003234, train_kl_loss-0.0009212, train_diff_loss-0.3782341, val_mse_loss-0.0003762, val_kl_loss-0.0009317, val_diff_loss-0.3844327
2025-03-19 23:18:41 - INFO - epoch-119, train_mse_loss-0.0003234, train_kl_loss-0.0008936, train_diff_loss-0.3805249, val_mse_loss-0.0003705, val_kl_loss-0.0011899, val_diff_loss-0.3694638
2025-03-19 23:23:02 - INFO - epoch-120, train_mse_loss-0.0003234, train_kl_loss-0.0009255, train_diff_loss-0.3776234, val_mse_loss-0.0003954, val_kl_loss-0.0009139, val_diff_loss-0.3769279
2025-03-19 23:27:22 - INFO - epoch-121, train_mse_loss-0.0003234, train_kl_loss-0.0009199, train_diff_loss-0.3801161, val_mse_loss-0.0003777, val_kl_loss-0.0009711, val_diff_loss-0.3955988
2025-03-19 23:31:43 - INFO - epoch-122, train_mse_loss-0.0003234, train_kl_loss-0.0009205, train_diff_loss-0.3770103, val_mse_loss-0.0003784, val_kl_loss-0.0009690, val_diff_loss-0.3760204
2025-03-19 23:36:02 - INFO - epoch-123, train_mse_loss-0.0003234, train_kl_loss-0.0009223, train_diff_loss-0.3782424, val_mse_loss-0.0004016, val_kl_loss-0.0009209, val_diff_loss-0.3700855
2025-03-19 23:40:21 - INFO - epoch-124, train_mse_loss-0.0003234, train_kl_loss-0.0009260, train_diff_loss-0.3803110, val_mse_loss-0.0003703, val_kl_loss-0.0009380, val_diff_loss-0.3992495
2025-03-19 23:44:38 - INFO - epoch-125, train_mse_loss-0.0003234, train_kl_loss-0.0009460, train_diff_loss-0.3863285, val_mse_loss-0.0003813, val_kl_loss-0.0010220, val_diff_loss-0.3781553
2025-03-19 23:48:55 - INFO - epoch-126, train_mse_loss-0.0003234, train_kl_loss-0.0009006, train_diff_loss-0.3753607, val_mse_loss-0.0003747, val_kl_loss-0.0008960, val_diff_loss-0.3951903
2025-03-19 23:53:14 - INFO - epoch-127, train_mse_loss-0.0003234, train_kl_loss-0.0009197, train_diff_loss-0.3805668, val_mse_loss-0.0003706, val_kl_loss-0.0008741, val_diff_loss-0.3688344
2025-03-19 23:57:31 - INFO - epoch-128, train_mse_loss-0.0003234, train_kl_loss-0.0009147, train_diff_loss-0.3796690, val_mse_loss-0.0003925, val_kl_loss-0.0008881, val_diff_loss-0.3780593
2025-03-20 00:01:49 - INFO - epoch-129, train_mse_loss-0.0003234, train_kl_loss-0.0009494, train_diff_loss-0.3869837, val_mse_loss-0.0003774, val_kl_loss-0.0009348, val_diff_loss-0.3609809
2025-03-20 00:02:00 - INFO - Saved new best model at epoch 129 with validation loss 0.3622931
2025-03-20 00:06:18 - INFO - epoch-130, train_mse_loss-0.0003234, train_kl_loss-0.0009188, train_diff_loss-0.3806313, val_mse_loss-0.0003519, val_kl_loss-0.0008935, val_diff_loss-0.3801268
2025-03-20 00:10:35 - INFO - epoch-131, train_mse_loss-0.0003234, train_kl_loss-0.0008918, train_diff_loss-0.3758645, val_mse_loss-0.0003852, val_kl_loss-0.0009809, val_diff_loss-0.3974904
2025-03-20 00:14:52 - INFO - epoch-132, train_mse_loss-0.0003234, train_kl_loss-0.0009210, train_diff_loss-0.3765239, val_mse_loss-0.0003594, val_kl_loss-0.0009570, val_diff_loss-0.3756061
2025-03-20 00:19:11 - INFO - epoch-133, train_mse_loss-0.0003234, train_kl_loss-0.0008954, train_diff_loss-0.3704867, val_mse_loss-0.0003941, val_kl_loss-0.0009097, val_diff_loss-0.3774222
2025-03-20 00:23:29 - INFO - epoch-134, train_mse_loss-0.0003234, train_kl_loss-0.0009219, train_diff_loss-0.3747794, val_mse_loss-0.0003885, val_kl_loss-0.0008750, val_diff_loss-0.3674010
2025-03-20 00:27:48 - INFO - epoch-135, train_mse_loss-0.0003234, train_kl_loss-0.0009325, train_diff_loss-0.3812691, val_mse_loss-0.0003809, val_kl_loss-0.0009239, val_diff_loss-0.3723658
2025-03-20 00:32:05 - INFO - epoch-136, train_mse_loss-0.0003234, train_kl_loss-0.0009511, train_diff_loss-0.3838109, val_mse_loss-0.0003804, val_kl_loss-0.0009347, val_diff_loss-0.3717631
2025-03-20 00:36:22 - INFO - epoch-137, train_mse_loss-0.0003234, train_kl_loss-0.0009024, train_diff_loss-0.3772827, val_mse_loss-0.0003554, val_kl_loss-0.0009140, val_diff_loss-0.3848643
2025-03-20 00:40:40 - INFO - epoch-138, train_mse_loss-0.0003234, train_kl_loss-0.0009216, train_diff_loss-0.3791016, val_mse_loss-0.0003643, val_kl_loss-0.0008880, val_diff_loss-0.3742301
2025-03-20 00:44:59 - INFO - epoch-139, train_mse_loss-0.0003234, train_kl_loss-0.0009007, train_diff_loss-0.3762048, val_mse_loss-0.0003794, val_kl_loss-0.0009476, val_diff_loss-0.3851606
2025-03-20 00:49:17 - INFO - epoch-140, train_mse_loss-0.0003234, train_kl_loss-0.0009287, train_diff_loss-0.3796015, val_mse_loss-0.0003848, val_kl_loss-0.0009575, val_diff_loss-0.3726022
2025-03-20 00:53:35 - INFO - epoch-141, train_mse_loss-0.0003234, train_kl_loss-0.0009015, train_diff_loss-0.3771387, val_mse_loss-0.0003952, val_kl_loss-0.0009031, val_diff_loss-0.3783492
2025-03-20 00:57:54 - INFO - epoch-142, train_mse_loss-0.0003234, train_kl_loss-0.0009132, train_diff_loss-0.3769883, val_mse_loss-0.0003941, val_kl_loss-0.0008858, val_diff_loss-0.3916804
2025-03-20 01:02:12 - INFO - epoch-143, train_mse_loss-0.0003234, train_kl_loss-0.0009169, train_diff_loss-0.3781149, val_mse_loss-0.0003715, val_kl_loss-0.0008564, val_diff_loss-0.3882535
2025-03-20 01:06:30 - INFO - epoch-144, train_mse_loss-0.0003234, train_kl_loss-0.0009338, train_diff_loss-0.3809420, val_mse_loss-0.0003806, val_kl_loss-0.0009714, val_diff_loss-0.3724744
2025-03-20 01:10:47 - INFO - epoch-145, train_mse_loss-0.0003233, train_kl_loss-0.0009231, train_diff_loss-0.3806085, val_mse_loss-0.0003779, val_kl_loss-0.0009371, val_diff_loss-0.3856347
2025-03-20 01:15:04 - INFO - epoch-146, train_mse_loss-0.0003234, train_kl_loss-0.0009280, train_diff_loss-0.3791744, val_mse_loss-0.0003657, val_kl_loss-0.0008992, val_diff_loss-0.3948344
2025-03-20 01:19:22 - INFO - epoch-147, train_mse_loss-0.0003234, train_kl_loss-0.0009536, train_diff_loss-0.3827027, val_mse_loss-0.0004042, val_kl_loss-0.0008740, val_diff_loss-0.3894712
2025-03-20 01:23:40 - INFO - epoch-148, train_mse_loss-0.0003233, train_kl_loss-0.0008946, train_diff_loss-0.3752519, val_mse_loss-0.0003845, val_kl_loss-0.0009039, val_diff_loss-0.3728192
2025-03-20 01:27:57 - INFO - epoch-149, train_mse_loss-0.0003233, train_kl_loss-0.0009281, train_diff_loss-0.3798040, val_mse_loss-0.0003660, val_kl_loss-0.0009344, val_diff_loss-0.3744685
2025-03-20 01:32:18 - INFO - epoch-150, train_mse_loss-0.0003233, train_kl_loss-0.0008900, train_diff_loss-0.3725481, val_mse_loss-0.0003913, val_kl_loss-0.0009518, val_diff_loss-0.3868796
2025-03-20 01:36:36 - INFO - epoch-151, train_mse_loss-0.0003233, train_kl_loss-0.0009515, train_diff_loss-0.3842800, val_mse_loss-0.0003583, val_kl_loss-0.0009934, val_diff_loss-0.3833691
2025-03-20 01:40:53 - INFO - epoch-152, train_mse_loss-0.0003233, train_kl_loss-0.0009257, train_diff_loss-0.3812718, val_mse_loss-0.0003662, val_kl_loss-0.0008945, val_diff_loss-0.3702934
2025-03-20 01:45:11 - INFO - epoch-153, train_mse_loss-0.0003233, train_kl_loss-0.0009608, train_diff_loss-0.3899554, val_mse_loss-0.0003786, val_kl_loss-0.0009945, val_diff_loss-0.3597712
2025-03-20 01:45:19 - INFO - Saved new best model at epoch 153 with validation loss 0.3611443
2025-03-20 01:49:37 - INFO - epoch-154, train_mse_loss-0.0003233, train_kl_loss-0.0009231, train_diff_loss-0.3818468, val_mse_loss-0.0003769, val_kl_loss-0.0008960, val_diff_loss-0.3940520
2025-03-20 01:53:56 - INFO - epoch-155, train_mse_loss-0.0003233, train_kl_loss-0.0008961, train_diff_loss-0.3802668, val_mse_loss-0.0003799, val_kl_loss-0.0009756, val_diff_loss-0.3745567
2025-03-20 01:58:16 - INFO - epoch-156, train_mse_loss-0.0003233, train_kl_loss-0.0009099, train_diff_loss-0.3754792, val_mse_loss-0.0003921, val_kl_loss-0.0008687, val_diff_loss-0.3805539
2025-03-20 02:02:34 - INFO - epoch-157, train_mse_loss-0.0003233, train_kl_loss-0.0009146, train_diff_loss-0.3777670, val_mse_loss-0.0003602, val_kl_loss-0.0009380, val_diff_loss-0.3625207
2025-03-20 02:06:52 - INFO - epoch-158, train_mse_loss-0.0003233, train_kl_loss-0.0009329, train_diff_loss-0.3801532, val_mse_loss-0.0003737, val_kl_loss-0.0009676, val_diff_loss-0.3973759
2025-03-20 02:11:09 - INFO - epoch-159, train_mse_loss-0.0003233, train_kl_loss-0.0009264, train_diff_loss-0.3795752, val_mse_loss-0.0003700, val_kl_loss-0.0008820, val_diff_loss-0.3738240
2025-03-20 02:15:27 - INFO - epoch-160, train_mse_loss-0.0003233, train_kl_loss-0.0008655, train_diff_loss-0.3676795, val_mse_loss-0.0003748, val_kl_loss-0.0009322, val_diff_loss-0.3618032
2025-03-20 02:19:47 - INFO - epoch-161, train_mse_loss-0.0003233, train_kl_loss-0.0009252, train_diff_loss-0.3803353, val_mse_loss-0.0003723, val_kl_loss-0.0005043, val_diff_loss-0.3711225
2025-03-20 02:24:06 - INFO - epoch-162, train_mse_loss-0.0003233, train_kl_loss-0.0008818, train_diff_loss-0.3713502, val_mse_loss-0.0003761, val_kl_loss-0.0008300, val_diff_loss-0.3660950
2025-03-20 02:28:23 - INFO - epoch-163, train_mse_loss-0.0003233, train_kl_loss-0.0008999, train_diff_loss-0.3736084, val_mse_loss-0.0003448, val_kl_loss-0.0008829, val_diff_loss-0.3799775
2025-03-20 02:32:42 - INFO - epoch-164, train_mse_loss-0.0003233, train_kl_loss-0.0009151, train_diff_loss-0.3766138, val_mse_loss-0.0003670, val_kl_loss-0.0008989, val_diff_loss-0.3819024
2025-03-20 02:37:01 - INFO - epoch-165, train_mse_loss-0.0003233, train_kl_loss-0.0009180, train_diff_loss-0.3749007, val_mse_loss-0.0003939, val_kl_loss-0.0009047, val_diff_loss-0.3856363
2025-03-20 02:41:18 - INFO - epoch-166, train_mse_loss-0.0003233, train_kl_loss-0.0009084, train_diff_loss-0.3766497, val_mse_loss-0.0003532, val_kl_loss-0.0008589, val_diff_loss-0.3736532
2025-03-20 02:45:36 - INFO - epoch-167, train_mse_loss-0.0003233, train_kl_loss-0.0009358, train_diff_loss-0.3815834, val_mse_loss-0.0003594, val_kl_loss-0.0010139, val_diff_loss-0.3873906
2025-03-20 02:49:54 - INFO - epoch-168, train_mse_loss-0.0003233, train_kl_loss-0.0009491, train_diff_loss-0.3838364, val_mse_loss-0.0003536, val_kl_loss-0.0010035, val_diff_loss-0.3692772
2025-03-20 02:54:12 - INFO - epoch-169, train_mse_loss-0.0003233, train_kl_loss-0.0009176, train_diff_loss-0.3814483, val_mse_loss-0.0003752, val_kl_loss-0.0009650, val_diff_loss-0.4018059
2025-03-20 02:58:32 - INFO - epoch-170, train_mse_loss-0.0003233, train_kl_loss-0.0009128, train_diff_loss-0.3790333, val_mse_loss-0.0003536, val_kl_loss-0.0008586, val_diff_loss-0.3700925
2025-03-20 03:02:51 - INFO - epoch-171, train_mse_loss-0.0003233, train_kl_loss-0.0009007, train_diff_loss-0.3758387, val_mse_loss-0.0003917, val_kl_loss-0.0009414, val_diff_loss-0.3743496
2025-03-20 03:07:11 - INFO - epoch-172, train_mse_loss-0.0003233, train_kl_loss-0.0009449, train_diff_loss-0.3799721, val_mse_loss-0.0003908, val_kl_loss-0.0009375, val_diff_loss-0.3752285
2025-03-20 03:11:28 - INFO - epoch-173, train_mse_loss-0.0003233, train_kl_loss-0.0008955, train_diff_loss-0.3744524, val_mse_loss-0.0004026, val_kl_loss-0.0009481, val_diff_loss-0.3910715
2025-03-20 03:15:47 - INFO - epoch-174, train_mse_loss-0.0003233, train_kl_loss-0.0009205, train_diff_loss-0.3764109, val_mse_loss-0.0003612, val_kl_loss-0.0009306, val_diff_loss-0.3642909
2025-03-20 03:20:07 - INFO - epoch-175, train_mse_loss-0.0003233, train_kl_loss-0.0009237, train_diff_loss-0.3788889, val_mse_loss-0.0003767, val_kl_loss-0.0009511, val_diff_loss-0.3736043
2025-03-20 03:24:29 - INFO - epoch-176, train_mse_loss-0.0003233, train_kl_loss-0.0009375, train_diff_loss-0.3787941, val_mse_loss-0.0003545, val_kl_loss-0.0009280, val_diff_loss-0.3725356
2025-03-20 03:28:46 - INFO - epoch-177, train_mse_loss-0.0003233, train_kl_loss-0.0009185, train_diff_loss-0.3781298, val_mse_loss-0.0003680, val_kl_loss-0.0008337, val_diff_loss-0.3673344
2025-03-20 03:33:06 - INFO - epoch-178, train_mse_loss-0.0003233, train_kl_loss-0.0008992, train_diff_loss-0.3776340, val_mse_loss-0.0003884, val_kl_loss-0.0008875, val_diff_loss-0.4035113
2025-03-20 03:37:25 - INFO - epoch-179, train_mse_loss-0.0003233, train_kl_loss-0.0009389, train_diff_loss-0.3795545, val_mse_loss-0.0004095, val_kl_loss-0.0008973, val_diff_loss-0.3698461
2025-03-20 03:41:43 - INFO - epoch-180, train_mse_loss-0.0003233, train_kl_loss-0.0009154, train_diff_loss-0.3759061, val_mse_loss-0.0003922, val_kl_loss-0.0008602, val_diff_loss-0.3771157
2025-03-20 03:46:02 - INFO - epoch-181, train_mse_loss-0.0003233, train_kl_loss-0.0009480, train_diff_loss-0.3825729, val_mse_loss-0.0003860, val_kl_loss-0.0008876, val_diff_loss-0.3830158
2025-03-20 03:50:21 - INFO - epoch-182, train_mse_loss-0.0003233, train_kl_loss-0.0009345, train_diff_loss-0.3836783, val_mse_loss-0.0003957, val_kl_loss-0.0009123, val_diff_loss-0.3814077
2025-03-20 03:54:39 - INFO - epoch-183, train_mse_loss-0.0003233, train_kl_loss-0.0009189, train_diff_loss-0.3794686, val_mse_loss-0.0003667, val_kl_loss-0.0009020, val_diff_loss-0.3830756
2025-03-20 03:58:57 - INFO - epoch-184, train_mse_loss-0.0003233, train_kl_loss-0.0008977, train_diff_loss-0.3781566, val_mse_loss-0.0003828, val_kl_loss-0.0009761, val_diff_loss-0.3744881
2025-03-20 04:03:16 - INFO - epoch-185, train_mse_loss-0.0003233, train_kl_loss-0.0009297, train_diff_loss-0.3803851, val_mse_loss-0.0003847, val_kl_loss-0.0009124, val_diff_loss-0.3858622
2025-03-20 04:07:37 - INFO - epoch-186, train_mse_loss-0.0003233, train_kl_loss-0.0009467, train_diff_loss-0.3842200, val_mse_loss-0.0003939, val_kl_loss-0.0009064, val_diff_loss-0.3640890
2025-03-20 04:11:56 - INFO - epoch-187, train_mse_loss-0.0003233, train_kl_loss-0.0009176, train_diff_loss-0.3795694, val_mse_loss-0.0004028, val_kl_loss-0.0009110, val_diff_loss-0.3839945
2025-03-20 04:16:17 - INFO - epoch-188, train_mse_loss-0.0003233, train_kl_loss-0.0009054, train_diff_loss-0.3785855, val_mse_loss-0.0003930, val_kl_loss-0.0009726, val_diff_loss-0.3793205
2025-03-20 04:20:36 - INFO - epoch-189, train_mse_loss-0.0003233, train_kl_loss-0.0009272, train_diff_loss-0.3816597, val_mse_loss-0.0004047, val_kl_loss-0.0009840, val_diff_loss-0.3864516
2025-03-20 04:24:54 - INFO - epoch-190, train_mse_loss-0.0003233, train_kl_loss-0.0009341, train_diff_loss-0.3824458, val_mse_loss-0.0004124, val_kl_loss-0.0009132, val_diff_loss-0.3802802
2025-03-20 04:29:12 - INFO - epoch-191, train_mse_loss-0.0003233, train_kl_loss-0.0009174, train_diff_loss-0.3818857, val_mse_loss-0.0003945, val_kl_loss-0.0008947, val_diff_loss-0.3867531
2025-03-20 04:33:30 - INFO - epoch-192, train_mse_loss-0.0003233, train_kl_loss-0.0009087, train_diff_loss-0.3788572, val_mse_loss-0.0003990, val_kl_loss-0.0009027, val_diff_loss-0.3831569
2025-03-20 04:37:49 - INFO - epoch-193, train_mse_loss-0.0003233, train_kl_loss-0.0009138, train_diff_loss-0.3780872, val_mse_loss-0.0004224, val_kl_loss-0.0009276, val_diff_loss-0.3807549
2025-03-20 04:42:09 - INFO - epoch-194, train_mse_loss-0.0003233, train_kl_loss-0.0009219, train_diff_loss-0.3801472, val_mse_loss-0.0003877, val_kl_loss-0.0009529, val_diff_loss-0.3907595
2025-03-20 04:46:30 - INFO - epoch-195, train_mse_loss-0.0003233, train_kl_loss-0.0009276, train_diff_loss-0.3794481, val_mse_loss-0.0003927, val_kl_loss-0.0008281, val_diff_loss-0.3915802
2025-03-20 04:50:49 - INFO - epoch-196, train_mse_loss-0.0003233, train_kl_loss-0.0008930, train_diff_loss-0.3749190, val_mse_loss-0.0004092, val_kl_loss-0.0008992, val_diff_loss-0.3699376
2025-03-20 04:55:08 - INFO - epoch-197, train_mse_loss-0.0003233, train_kl_loss-0.0009156, train_diff_loss-0.3789137, val_mse_loss-0.0003695, val_kl_loss-0.0009322, val_diff_loss-0.3787149
2025-03-20 04:59:27 - INFO - epoch-198, train_mse_loss-0.0003233, train_kl_loss-0.0009184, train_diff_loss-0.3793436, val_mse_loss-0.0004273, val_kl_loss-0.0009340, val_diff_loss-0.3824262
2025-03-20 05:03:46 - INFO - epoch-199, train_mse_loss-0.0003233, train_kl_loss-0.0009114, train_diff_loss-0.3770227, val_mse_loss-0.0003959, val_kl_loss-0.0008372, val_diff_loss-0.3777712
2025-03-20 05:08:04 - INFO - epoch-200, train_mse_loss-0.0003233, train_kl_loss-0.0009235, train_diff_loss-0.3802887, val_mse_loss-0.0003631, val_kl_loss-0.0008945, val_diff_loss-0.4000746
2025-03-20 05:12:25 - INFO - epoch-201, train_mse_loss-0.0003233, train_kl_loss-0.0009072, train_diff_loss-0.3762868, val_mse_loss-0.0003925, val_kl_loss-0.0009993, val_diff_loss-0.3902683
2025-03-20 05:16:42 - INFO - epoch-202, train_mse_loss-0.0003233, train_kl_loss-0.0009159, train_diff_loss-0.3743734, val_mse_loss-0.0003670, val_kl_loss-0.0009599, val_diff_loss-0.3799882
2025-03-20 05:21:06 - INFO - epoch-203, train_mse_loss-0.0003233, train_kl_loss-0.0009608, train_diff_loss-0.3822483, val_mse_loss-0.0004149, val_kl_loss-0.0009615, val_diff_loss-0.3747136
2025-03-20 05:25:24 - INFO - epoch-204, train_mse_loss-0.0003233, train_kl_loss-0.0009483, train_diff_loss-0.3836057, val_mse_loss-0.0003833, val_kl_loss-0.0009063, val_diff_loss-0.3697174
2025-03-20 05:29:44 - INFO - epoch-205, train_mse_loss-0.0003233, train_kl_loss-0.0009267, train_diff_loss-0.3816324, val_mse_loss-0.0004455, val_kl_loss-0.0009176, val_diff_loss-0.3878049
2025-03-20 05:34:02 - INFO - epoch-206, train_mse_loss-0.0003233, train_kl_loss-0.0009274, train_diff_loss-0.3800415, val_mse_loss-0.0003959, val_kl_loss-0.0009160, val_diff_loss-0.3802777
2025-03-20 05:38:24 - INFO - epoch-207, train_mse_loss-0.0003233, train_kl_loss-0.0009230, train_diff_loss-0.3802557, val_mse_loss-0.0004142, val_kl_loss-0.0009284, val_diff_loss-0.3720432
2025-03-20 05:42:43 - INFO - epoch-208, train_mse_loss-0.0003233, train_kl_loss-0.0008957, train_diff_loss-0.3739764, val_mse_loss-0.0004350, val_kl_loss-0.0008765, val_diff_loss-0.3738554
2025-03-20 05:47:02 - INFO - epoch-209, train_mse_loss-0.0003233, train_kl_loss-0.0009021, train_diff_loss-0.3743909, val_mse_loss-0.0003593, val_kl_loss-0.0009285, val_diff_loss-0.4019571
2025-03-20 05:51:22 - INFO - epoch-210, train_mse_loss-0.0003233, train_kl_loss-0.0009150, train_diff_loss-0.3769889, val_mse_loss-0.0003760, val_kl_loss-0.0009637, val_diff_loss-0.3930897
2025-03-20 05:55:40 - INFO - epoch-211, train_mse_loss-0.0003233, train_kl_loss-0.0009166, train_diff_loss-0.3743179, val_mse_loss-0.0003882, val_kl_loss-0.0009315, val_diff_loss-0.3843226
2025-03-20 05:59:58 - INFO - epoch-212, train_mse_loss-0.0003233, train_kl_loss-0.0009215, train_diff_loss-0.3788831, val_mse_loss-0.0004070, val_kl_loss-0.0009129, val_diff_loss-0.3737354
2025-03-20 06:04:19 - INFO - epoch-213, train_mse_loss-0.0003233, train_kl_loss-0.0008988, train_diff_loss-0.3746201, val_mse_loss-0.0003741, val_kl_loss-0.0008459, val_diff_loss-0.3923587
2025-03-20 06:08:38 - INFO - epoch-214, train_mse_loss-0.0003233, train_kl_loss-0.0009194, train_diff_loss-0.3775907, val_mse_loss-0.0003960, val_kl_loss-0.0008984, val_diff_loss-0.3899018
2025-03-20 06:12:58 - INFO - epoch-215, train_mse_loss-0.0003233, train_kl_loss-0.0009388, train_diff_loss-0.3806569, val_mse_loss-0.0003915, val_kl_loss-0.0009292, val_diff_loss-0.3874367
2025-03-20 06:17:18 - INFO - epoch-216, train_mse_loss-0.0003233, train_kl_loss-0.0009026, train_diff_loss-0.3740442, val_mse_loss-0.0004107, val_kl_loss-0.0008644, val_diff_loss-0.4037048
2025-03-20 06:21:39 - INFO - epoch-217, train_mse_loss-0.0003233, train_kl_loss-0.0009200, train_diff_loss-0.3770597, val_mse_loss-0.0004401, val_kl_loss-0.0008422, val_diff_loss-0.3856438
2025-03-20 06:25:57 - INFO - epoch-218, train_mse_loss-0.0003233, train_kl_loss-0.0009185, train_diff_loss-0.3795242, val_mse_loss-0.0003909, val_kl_loss-0.0009485, val_diff_loss-0.3709184
2025-03-20 06:30:16 - INFO - epoch-219, train_mse_loss-0.0003233, train_kl_loss-0.0009229, train_diff_loss-0.3783272, val_mse_loss-0.0004055, val_kl_loss-0.0008528, val_diff_loss-0.3836856
2025-03-20 06:34:35 - INFO - epoch-220, train_mse_loss-0.0003233, train_kl_loss-0.0009492, train_diff_loss-0.3852047, val_mse_loss-0.0004092, val_kl_loss-0.0009557, val_diff_loss-0.3681344
2025-03-20 06:38:55 - INFO - epoch-221, train_mse_loss-0.0003233, train_kl_loss-0.0009102, train_diff_loss-0.3772137, val_mse_loss-0.0003953, val_kl_loss-0.0008785, val_diff_loss-0.3792898
2025-03-20 06:43:14 - INFO - epoch-222, train_mse_loss-0.0003233, train_kl_loss-0.0008914, train_diff_loss-0.3750076, val_mse_loss-0.0003637, val_kl_loss-0.0009505, val_diff_loss-0.3959916
2025-03-20 06:47:33 - INFO - epoch-223, train_mse_loss-0.0003233, train_kl_loss-0.0008900, train_diff_loss-0.3727180, val_mse_loss-0.0004038, val_kl_loss-0.0009177, val_diff_loss-0.3776952
2025-03-20 06:51:51 - INFO - epoch-224, train_mse_loss-0.0003233, train_kl_loss-0.0009243, train_diff_loss-0.3788184, val_mse_loss-0.0003674, val_kl_loss-0.0009415, val_diff_loss-0.3797210
2025-03-20 06:56:08 - INFO - epoch-225, train_mse_loss-0.0003233, train_kl_loss-0.0009445, train_diff_loss-0.3819607, val_mse_loss-0.0003952, val_kl_loss-0.0008946, val_diff_loss-0.3725908
2025-03-20 07:00:26 - INFO - epoch-226, train_mse_loss-0.0003233, train_kl_loss-0.0009551, train_diff_loss-0.3855853, val_mse_loss-0.0004009, val_kl_loss-0.0008750, val_diff_loss-0.3964077
2025-03-20 07:04:43 - INFO - epoch-227, train_mse_loss-0.0003233, train_kl_loss-0.0008963, train_diff_loss-0.3790657, val_mse_loss-0.0004321, val_kl_loss-0.0009365, val_diff_loss-0.3831341
2025-03-20 07:08:59 - INFO - epoch-228, train_mse_loss-0.0003233, train_kl_loss-0.0008968, train_diff_loss-0.3752471, val_mse_loss-0.0004244, val_kl_loss-0.0009478, val_diff_loss-0.3885778
2025-03-20 07:13:16 - INFO - epoch-229, train_mse_loss-0.0003233, train_kl_loss-0.0009179, train_diff_loss-0.3791888, val_mse_loss-0.0003805, val_kl_loss-0.0008626, val_diff_loss-0.3706154
2025-03-20 07:17:33 - INFO - epoch-230, train_mse_loss-0.0003233, train_kl_loss-0.0009301, train_diff_loss-0.3808615, val_mse_loss-0.0004358, val_kl_loss-0.0009226, val_diff_loss-0.3763848
2025-03-20 07:21:53 - INFO - epoch-231, train_mse_loss-0.0003234, train_kl_loss-0.0009099, train_diff_loss-0.3766692, val_mse_loss-0.0004509, val_kl_loss-0.0009938, val_diff_loss-0.3700054
2025-03-20 07:26:10 - INFO - epoch-232, train_mse_loss-0.0003233, train_kl_loss-0.0008962, train_diff_loss-0.3746835, val_mse_loss-0.0003981, val_kl_loss-0.0009394, val_diff_loss-0.3695194
2025-03-20 07:30:27 - INFO - epoch-233, train_mse_loss-0.0003234, train_kl_loss-0.0009112, train_diff_loss-0.3747786, val_mse_loss-0.0004212, val_kl_loss-0.0009006, val_diff_loss-0.3758612
2025-03-20 07:34:44 - INFO - epoch-234, train_mse_loss-0.0003234, train_kl_loss-0.0009390, train_diff_loss-0.3837361, val_mse_loss-0.0003986, val_kl_loss-0.0009879, val_diff_loss-0.3888612
2025-03-20 07:39:00 - INFO - epoch-235, train_mse_loss-0.0003234, train_kl_loss-0.0009369, train_diff_loss-0.3803745, val_mse_loss-0.0003471, val_kl_loss-0.0009737, val_diff_loss-0.3748665
2025-03-20 07:43:17 - INFO - epoch-236, train_mse_loss-0.0003234, train_kl_loss-0.0009173, train_diff_loss-0.3790855, val_mse_loss-0.0004307, val_kl_loss-0.0009979, val_diff_loss-0.3652577
2025-03-20 07:47:35 - INFO - epoch-237, train_mse_loss-0.0003234, train_kl_loss-0.0009288, train_diff_loss-0.3806870, val_mse_loss-0.0003622, val_kl_loss-0.0009189, val_diff_loss-0.3708976
2025-03-20 07:51:51 - INFO - epoch-238, train_mse_loss-0.0003234, train_kl_loss-0.0009130, train_diff_loss-0.3777213, val_mse_loss-0.0004134, val_kl_loss-0.0008658, val_diff_loss-0.3856767
2025-03-20 07:56:08 - INFO - epoch-239, train_mse_loss-0.0003234, train_kl_loss-0.0009345, train_diff_loss-0.3835063, val_mse_loss-0.0004016, val_kl_loss-0.0009286, val_diff_loss-0.3750898
2025-03-20 08:00:24 - INFO - epoch-240, train_mse_loss-0.0003234, train_kl_loss-0.0009058, train_diff_loss-0.3752738, val_mse_loss-0.0004355, val_kl_loss-0.0008746, val_diff_loss-0.3720046
2025-03-20 08:04:41 - INFO - epoch-241, train_mse_loss-0.0003234, train_kl_loss-0.0008983, train_diff_loss-0.3750650, val_mse_loss-0.0004315, val_kl_loss-0.0009987, val_diff_loss-0.3715308
2025-03-20 08:09:00 - INFO - epoch-242, train_mse_loss-0.0003234, train_kl_loss-0.0009250, train_diff_loss-0.3760317, val_mse_loss-0.0003875, val_kl_loss-0.0009312, val_diff_loss-0.3937676
2025-03-20 08:13:18 - INFO - epoch-243, train_mse_loss-0.0003234, train_kl_loss-0.0009183, train_diff_loss-0.3798479, val_mse_loss-0.0004310, val_kl_loss-0.0008701, val_diff_loss-0.3629630
2025-03-20 08:17:37 - INFO - epoch-244, train_mse_loss-0.0003234, train_kl_loss-0.0009194, train_diff_loss-0.3790664, val_mse_loss-0.0004555, val_kl_loss-0.0009843, val_diff_loss-0.3718440
2025-03-20 08:22:04 - INFO - epoch-245, train_mse_loss-0.0003234, train_kl_loss-0.0009384, train_diff_loss-0.3812694, val_mse_loss-0.0004114, val_kl_loss-0.0009604, val_diff_loss-0.3780787
2025-03-20 08:26:23 - INFO - epoch-246, train_mse_loss-0.0003234, train_kl_loss-0.0009291, train_diff_loss-0.3806292, val_mse_loss-0.0003879, val_kl_loss-0.0009386, val_diff_loss-0.3892610
2025-03-20 08:30:42 - INFO - epoch-247, train_mse_loss-0.0003234, train_kl_loss-0.0009206, train_diff_loss-0.3796274, val_mse_loss-0.0004300, val_kl_loss-0.0009234, val_diff_loss-0.3797318
2025-03-20 08:35:01 - INFO - epoch-248, train_mse_loss-0.0003234, train_kl_loss-0.0009272, train_diff_loss-0.3815513, val_mse_loss-0.0004272, val_kl_loss-0.0009171, val_diff_loss-0.3915166
2025-03-20 08:39:18 - INFO - epoch-249, train_mse_loss-0.0003234, train_kl_loss-0.0009278, train_diff_loss-0.3807137, val_mse_loss-0.0004095, val_kl_loss-0.0009149, val_diff_loss-0.3644354
2025-03-20 08:43:35 - INFO - epoch-250, train_mse_loss-0.0003234, train_kl_loss-0.0009225, train_diff_loss-0.3801461, val_mse_loss-0.0004278, val_kl_loss-0.0008965, val_diff_loss-0.3671373
2025-03-20 08:47:53 - INFO - epoch-251, train_mse_loss-0.0003234, train_kl_loss-0.0009309, train_diff_loss-0.3805138, val_mse_loss-0.0004251, val_kl_loss-0.0008937, val_diff_loss-0.3854950
2025-03-20 08:52:11 - INFO - epoch-252, train_mse_loss-0.0003234, train_kl_loss-0.0008930, train_diff_loss-0.3760826, val_mse_loss-0.0004244, val_kl_loss-0.0009132, val_diff_loss-0.3729834
2025-03-20 08:56:28 - INFO - epoch-253, train_mse_loss-0.0003234, train_kl_loss-0.0009098, train_diff_loss-0.3770685, val_mse_loss-0.0003982, val_kl_loss-0.0009084, val_diff_loss-0.3630131
2025-03-20 09:00:48 - INFO - epoch-254, train_mse_loss-0.0003234, train_kl_loss-0.0009238, train_diff_loss-0.3795672, val_mse_loss-0.0004062, val_kl_loss-0.0009168, val_diff_loss-0.3823487
2025-03-20 09:05:08 - INFO - epoch-255, train_mse_loss-0.0003234, train_kl_loss-0.0008889, train_diff_loss-0.3719072, val_mse_loss-0.0004238, val_kl_loss-0.0009087, val_diff_loss-0.3860435
2025-03-20 09:09:29 - INFO - epoch-256, train_mse_loss-0.0003234, train_kl_loss-0.0008973, train_diff_loss-0.3707709, val_mse_loss-0.0004159, val_kl_loss-0.0009081, val_diff_loss-0.3677094
2025-03-20 09:13:50 - INFO - epoch-257, train_mse_loss-0.0003234, train_kl_loss-0.0009689, train_diff_loss-0.3856618, val_mse_loss-0.0004406, val_kl_loss-0.0009398, val_diff_loss-0.3657072
2025-03-20 09:18:13 - INFO - epoch-258, train_mse_loss-0.0003234, train_kl_loss-0.0009207, train_diff_loss-0.3811560, val_mse_loss-0.0004317, val_kl_loss-0.0009519, val_diff_loss-0.3785743
2025-03-20 09:22:33 - INFO - epoch-259, train_mse_loss-0.0003234, train_kl_loss-0.0008887, train_diff_loss-0.3777979, val_mse_loss-0.0004100, val_kl_loss-0.0009134, val_diff_loss-0.3743251
2025-03-20 09:26:52 - INFO - epoch-260, train_mse_loss-0.0003234, train_kl_loss-0.0009266, train_diff_loss-0.3797610, val_mse_loss-0.0003793, val_kl_loss-0.0009392, val_diff_loss-0.3787823
2025-03-20 09:31:11 - INFO - epoch-261, train_mse_loss-0.0003234, train_kl_loss-0.0008947, train_diff_loss-0.3752562, val_mse_loss-0.0004323, val_kl_loss-0.0008957, val_diff_loss-0.3598759
2025-03-20 09:35:31 - INFO - epoch-262, train_mse_loss-0.0003234, train_kl_loss-0.0009092, train_diff_loss-0.3749061, val_mse_loss-0.0003639, val_kl_loss-0.0009051, val_diff_loss-0.3772262
2025-03-20 09:39:50 - INFO - epoch-263, train_mse_loss-0.0003234, train_kl_loss-0.0009133, train_diff_loss-0.3764902, val_mse_loss-0.0004154, val_kl_loss-0.0008887, val_diff_loss-0.3762776
2025-03-20 09:44:09 - INFO - epoch-264, train_mse_loss-0.0003234, train_kl_loss-0.0009159, train_diff_loss-0.3774414, val_mse_loss-0.0004239, val_kl_loss-0.0008800, val_diff_loss-0.3716285
2025-03-20 09:48:27 - INFO - epoch-265, train_mse_loss-0.0003234, train_kl_loss-0.0009220, train_diff_loss-0.3782925, val_mse_loss-0.0003760, val_kl_loss-0.0009167, val_diff_loss-0.3809045
2025-03-20 09:52:47 - INFO - epoch-266, train_mse_loss-0.0003234, train_kl_loss-0.0009380, train_diff_loss-0.3833181, val_mse_loss-0.0003941, val_kl_loss-0.0009600, val_diff_loss-0.3633457
2025-03-20 09:57:07 - INFO - epoch-267, train_mse_loss-0.0003234, train_kl_loss-0.0009288, train_diff_loss-0.3795481, val_mse_loss-0.0003511, val_kl_loss-0.0009089, val_diff_loss-0.3887059
2025-03-20 10:01:27 - INFO - epoch-268, train_mse_loss-0.0003234, train_kl_loss-0.0009325, train_diff_loss-0.3837172, val_mse_loss-0.0004719, val_kl_loss-0.0009102, val_diff_loss-0.3780527
2025-03-20 10:05:47 - INFO - epoch-269, train_mse_loss-0.0003234, train_kl_loss-0.0009050, train_diff_loss-0.3775593, val_mse_loss-0.0004262, val_kl_loss-0.0008308, val_diff_loss-0.3847142
2025-03-20 10:10:08 - INFO - epoch-270, train_mse_loss-0.0003234, train_kl_loss-0.0009176, train_diff_loss-0.3810687, val_mse_loss-0.0003858, val_kl_loss-0.0010007, val_diff_loss-0.3750198
2025-03-20 10:14:31 - INFO - epoch-271, train_mse_loss-0.0003234, train_kl_loss-0.0008865, train_diff_loss-0.3671499, val_mse_loss-0.0003370, val_kl_loss-0.0009340, val_diff_loss-0.3775946
2025-03-20 10:18:53 - INFO - epoch-272, train_mse_loss-0.0003233, train_kl_loss-0.0009340, train_diff_loss-0.3793928, val_mse_loss-0.0003784, val_kl_loss-0.0009231, val_diff_loss-0.3914273
2025-03-20 10:23:15 - INFO - epoch-273, train_mse_loss-0.0003233, train_kl_loss-0.0009078, train_diff_loss-0.3745420, val_mse_loss-0.0003772, val_kl_loss-0.0009197, val_diff_loss-0.3781696
2025-03-20 10:27:34 - INFO - epoch-274, train_mse_loss-0.0003234, train_kl_loss-0.0009055, train_diff_loss-0.3731375, val_mse_loss-0.0003398, val_kl_loss-0.0009292, val_diff_loss-0.3674861
2025-03-20 10:31:54 - INFO - epoch-275, train_mse_loss-0.0003233, train_kl_loss-0.0009355, train_diff_loss-0.3779352, val_mse_loss-0.0003536, val_kl_loss-0.0008891, val_diff_loss-0.3774633
2025-03-20 10:36:15 - INFO - epoch-276, train_mse_loss-0.0003233, train_kl_loss-0.0008968, train_diff_loss-0.3762225, val_mse_loss-0.0003945, val_kl_loss-0.0009434, val_diff_loss-0.3728160
2025-03-20 10:40:35 - INFO - epoch-277, train_mse_loss-0.0003233, train_kl_loss-0.0009295, train_diff_loss-0.3789002, val_mse_loss-0.0003513, val_kl_loss-0.0009275, val_diff_loss-0.3787079
2025-03-20 10:44:54 - INFO - epoch-278, train_mse_loss-0.0003233, train_kl_loss-0.0009332, train_diff_loss-0.3819943, val_mse_loss-0.0003653, val_kl_loss-0.0009439, val_diff_loss-0.3789654
2025-03-20 10:49:15 - INFO - epoch-279, train_mse_loss-0.0003233, train_kl_loss-0.0008956, train_diff_loss-0.3754919, val_mse_loss-0.0003419, val_kl_loss-0.0009038, val_diff_loss-0.3873329
2025-03-20 10:53:33 - INFO - epoch-280, train_mse_loss-0.0003233, train_kl_loss-0.0009175, train_diff_loss-0.3758155, val_mse_loss-0.0003648, val_kl_loss-0.0009403, val_diff_loss-0.3867134
2025-03-20 10:57:54 - INFO - epoch-281, train_mse_loss-0.0003233, train_kl_loss-0.0009285, train_diff_loss-0.3789735, val_mse_loss-0.0003880, val_kl_loss-0.0009277, val_diff_loss-0.3851661
2025-03-20 11:02:14 - INFO - epoch-282, train_mse_loss-0.0003233, train_kl_loss-0.0009406, train_diff_loss-0.3817990, val_mse_loss-0.0003423, val_kl_loss-0.0009737, val_diff_loss-0.3759171
2025-03-20 11:06:34 - INFO - epoch-283, train_mse_loss-0.0003233, train_kl_loss-0.0009156, train_diff_loss-0.3780055, val_mse_loss-0.0003715, val_kl_loss-0.0009618, val_diff_loss-0.3847204
2025-03-20 11:10:59 - INFO - epoch-284, train_mse_loss-0.0003233, train_kl_loss-0.0009110, train_diff_loss-0.3747146, val_mse_loss-0.0003685, val_kl_loss-0.0008656, val_diff_loss-0.3776424
2025-03-20 11:15:19 - INFO - epoch-285, train_mse_loss-0.0003233, train_kl_loss-0.0009190, train_diff_loss-0.3764472, val_mse_loss-0.0003436, val_kl_loss-0.0007669, val_diff_loss-0.3998735
2025-03-20 11:19:49 - INFO - epoch-286, train_mse_loss-0.0003233, train_kl_loss-0.0009233, train_diff_loss-0.3780426, val_mse_loss-0.0003977, val_kl_loss-0.0008763, val_diff_loss-0.3821030
2025-03-20 11:24:23 - INFO - epoch-287, train_mse_loss-0.0003233, train_kl_loss-0.0009055, train_diff_loss-0.3741856, val_mse_loss-0.0003609, val_kl_loss-0.0009700, val_diff_loss-0.3709159
2025-03-20 11:28:58 - INFO - epoch-288, train_mse_loss-0.0003233, train_kl_loss-0.0009375, train_diff_loss-0.3798948, val_mse_loss-0.0003464, val_kl_loss-0.0009484, val_diff_loss-0.3685681
2025-03-20 11:33:25 - INFO - epoch-289, train_mse_loss-0.0003233, train_kl_loss-0.0009299, train_diff_loss-0.3807501, val_mse_loss-0.0003597, val_kl_loss-0.0010325, val_diff_loss-0.3680027
2025-03-20 11:37:55 - INFO - epoch-290, train_mse_loss-0.0003233, train_kl_loss-0.0009228, train_diff_loss-0.3763322, val_mse_loss-0.0003565, val_kl_loss-0.0009032, val_diff_loss-0.3702461
2025-03-20 11:42:16 - INFO - epoch-291, train_mse_loss-0.0003233, train_kl_loss-0.0008688, train_diff_loss-0.3675739, val_mse_loss-0.0003573, val_kl_loss-0.0008797, val_diff_loss-0.3758030
2025-03-20 11:46:36 - INFO - epoch-292, train_mse_loss-0.0003233, train_kl_loss-0.0009048, train_diff_loss-0.3725893, val_mse_loss-0.0003502, val_kl_loss-0.0008881, val_diff_loss-0.3629638
2025-03-20 11:50:59 - INFO - epoch-293, train_mse_loss-0.0003233, train_kl_loss-0.0009281, train_diff_loss-0.3758588, val_mse_loss-0.0003621, val_kl_loss-0.0009310, val_diff_loss-0.3792927
2025-03-20 11:55:20 - INFO - epoch-294, train_mse_loss-0.0003233, train_kl_loss-0.0009001, train_diff_loss-0.3749126, val_mse_loss-0.0003274, val_kl_loss-0.0009751, val_diff_loss-0.3652982
2025-03-20 11:59:46 - INFO - epoch-295, train_mse_loss-0.0003233, train_kl_loss-0.0009048, train_diff_loss-0.3738989, val_mse_loss-0.0003653, val_kl_loss-0.0009979, val_diff_loss-0.3759475
2025-03-20 12:04:11 - INFO - epoch-296, train_mse_loss-0.0003233, train_kl_loss-0.0008974, train_diff_loss-0.3716150, val_mse_loss-0.0003729, val_kl_loss-0.0008423, val_diff_loss-0.3741162
2025-03-20 12:08:31 - INFO - epoch-297, train_mse_loss-0.0003233, train_kl_loss-0.0009304, train_diff_loss-0.3813485, val_mse_loss-0.0003461, val_kl_loss-0.0009107, val_diff_loss-0.3785817
2025-03-20 12:12:50 - INFO - epoch-298, train_mse_loss-0.0003233, train_kl_loss-0.0009076, train_diff_loss-0.3745975, val_mse_loss-0.0003478, val_kl_loss-0.0008932, val_diff_loss-0.3812239
2025-03-20 12:17:08 - INFO - epoch-299, train_mse_loss-0.0003233, train_kl_loss-0.0009310, train_diff_loss-0.3787391, val_mse_loss-0.0004509, val_kl_loss-0.0009441, val_diff_loss-0.3846714
2025-03-20 12:21:26 - INFO - epoch-300, train_mse_loss-0.0003233, train_kl_loss-0.0009029, train_diff_loss-0.3750255, val_mse_loss-0.0003308, val_kl_loss-0.0009273, val_diff_loss-0.3829901
2025-03-20 12:25:44 - INFO - epoch-301, train_mse_loss-0.0003233, train_kl_loss-0.0009429, train_diff_loss-0.3790752, val_mse_loss-0.0003638, val_kl_loss-0.0009268, val_diff_loss-0.3780468
2025-03-20 12:30:03 - INFO - epoch-302, train_mse_loss-0.0003233, train_kl_loss-0.0009401, train_diff_loss-0.3844170, val_mse_loss-0.0003376, val_kl_loss-0.0009252, val_diff_loss-0.3891788
2025-03-20 12:34:22 - INFO - epoch-303, train_mse_loss-0.0003233, train_kl_loss-0.0008898, train_diff_loss-0.3724999, val_mse_loss-0.0003711, val_kl_loss-0.0009325, val_diff_loss-0.3829845
2025-03-20 12:38:40 - INFO - epoch-304, train_mse_loss-0.0003233, train_kl_loss-0.0009079, train_diff_loss-0.3741769, val_mse_loss-0.0004211, val_kl_loss-0.0008896, val_diff_loss-0.3813347
2025-03-20 12:42:57 - INFO - epoch-305, train_mse_loss-0.0003233, train_kl_loss-0.0009213, train_diff_loss-0.3798151, val_mse_loss-0.0003321, val_kl_loss-0.0009294, val_diff_loss-0.3576024
2025-03-20 12:43:09 - INFO - Saved new best model at epoch 305 with validation loss 0.3588639
2025-03-20 12:47:26 - INFO - epoch-306, train_mse_loss-0.0003233, train_kl_loss-0.0008976, train_diff_loss-0.3711708, val_mse_loss-0.0003321, val_kl_loss-0.0008950, val_diff_loss-0.3956587
2025-03-20 12:51:45 - INFO - epoch-307, train_mse_loss-0.0003233, train_kl_loss-0.0009263, train_diff_loss-0.3782123, val_mse_loss-0.0003625, val_kl_loss-0.0009078, val_diff_loss-0.3799724
2025-03-20 12:56:03 - INFO - epoch-308, train_mse_loss-0.0003233, train_kl_loss-0.0009175, train_diff_loss-0.3800612, val_mse_loss-0.0003896, val_kl_loss-0.0009588, val_diff_loss-0.3879882
2025-03-20 13:00:20 - INFO - epoch-309, train_mse_loss-0.0003233, train_kl_loss-0.0009329, train_diff_loss-0.3794269, val_mse_loss-0.0003497, val_kl_loss-0.0009326, val_diff_loss-0.3858740
2025-03-20 13:04:37 - INFO - epoch-310, train_mse_loss-0.0003233, train_kl_loss-0.0008798, train_diff_loss-0.3700475, val_mse_loss-0.0003715, val_kl_loss-0.0009398, val_diff_loss-0.3901696
2025-03-20 13:08:55 - INFO - epoch-311, train_mse_loss-0.0003233, train_kl_loss-0.0009619, train_diff_loss-0.3858997, val_mse_loss-0.0003325, val_kl_loss-0.0009631, val_diff_loss-0.3779218
2025-03-20 13:13:14 - INFO - epoch-312, train_mse_loss-0.0003233, train_kl_loss-0.0009326, train_diff_loss-0.3814943, val_mse_loss-0.0003583, val_kl_loss-0.0009421, val_diff_loss-0.3787658
2025-03-20 13:17:33 - INFO - epoch-313, train_mse_loss-0.0003233, train_kl_loss-0.0009189, train_diff_loss-0.3776438, val_mse_loss-0.0003594, val_kl_loss-0.0008172, val_diff_loss-0.3742234
2025-03-20 13:21:51 - INFO - epoch-314, train_mse_loss-0.0003233, train_kl_loss-0.0009206, train_diff_loss-0.3824399, val_mse_loss-0.0003651, val_kl_loss-0.0009560, val_diff_loss-0.3666270
2025-03-20 13:26:08 - INFO - epoch-315, train_mse_loss-0.0003233, train_kl_loss-0.0009208, train_diff_loss-0.3792537, val_mse_loss-0.0003768, val_kl_loss-0.0009088, val_diff_loss-0.3798413
2025-03-20 13:30:27 - INFO - epoch-316, train_mse_loss-0.0003233, train_kl_loss-0.0009082, train_diff_loss-0.3760132, val_mse_loss-0.0003551, val_kl_loss-0.0008995, val_diff_loss-0.3911728
2025-03-20 13:34:49 - INFO - epoch-317, train_mse_loss-0.0003233, train_kl_loss-0.0009301, train_diff_loss-0.3802878, val_mse_loss-0.0003300, val_kl_loss-0.0009572, val_diff_loss-0.3766752
2025-03-20 13:39:07 - INFO - epoch-318, train_mse_loss-0.0003233, train_kl_loss-0.0009001, train_diff_loss-0.3752548, val_mse_loss-0.0003665, val_kl_loss-0.0009370, val_diff_loss-0.3890338
2025-03-20 13:43:25 - INFO - epoch-319, train_mse_loss-0.0003233, train_kl_loss-0.0009126, train_diff_loss-0.3760669, val_mse_loss-0.0003325, val_kl_loss-0.0009212, val_diff_loss-0.3748066
2025-03-20 13:47:44 - INFO - epoch-320, train_mse_loss-0.0003233, train_kl_loss-0.0009272, train_diff_loss-0.3791497, val_mse_loss-0.0003656, val_kl_loss-0.0009181, val_diff_loss-0.3748262
2025-03-20 13:52:04 - INFO - epoch-321, train_mse_loss-0.0003233, train_kl_loss-0.0008986, train_diff_loss-0.3727387, val_mse_loss-0.0003840, val_kl_loss-0.0009407, val_diff_loss-0.3697673
2025-03-20 13:56:22 - INFO - epoch-322, train_mse_loss-0.0003233, train_kl_loss-0.0009045, train_diff_loss-0.3739243, val_mse_loss-0.0003542, val_kl_loss-0.0009795, val_diff_loss-0.3768008
2025-03-20 14:00:40 - INFO - epoch-323, train_mse_loss-0.0003233, train_kl_loss-0.0009214, train_diff_loss-0.3753484, val_mse_loss-0.0003531, val_kl_loss-0.0007758, val_diff_loss-0.3728126
2025-03-20 14:05:01 - INFO - epoch-324, train_mse_loss-0.0003233, train_kl_loss-0.0009099, train_diff_loss-0.3789383, val_mse_loss-0.0003863, val_kl_loss-0.0009445, val_diff_loss-0.3782767
2025-03-20 14:09:18 - INFO - epoch-325, train_mse_loss-0.0003233, train_kl_loss-0.0009066, train_diff_loss-0.3761360, val_mse_loss-0.0003727, val_kl_loss-0.0008889, val_diff_loss-0.3908432
2025-03-20 14:13:37 - INFO - epoch-326, train_mse_loss-0.0003233, train_kl_loss-0.0009003, train_diff_loss-0.3747038, val_mse_loss-0.0003652, val_kl_loss-0.0008616, val_diff_loss-0.3772373
2025-03-20 14:17:55 - INFO - epoch-327, train_mse_loss-0.0003233, train_kl_loss-0.0009063, train_diff_loss-0.3751263, val_mse_loss-0.0003555, val_kl_loss-0.0008667, val_diff_loss-0.3740187
2025-03-20 14:22:13 - INFO - epoch-328, train_mse_loss-0.0003233, train_kl_loss-0.0009252, train_diff_loss-0.3783082, val_mse_loss-0.0003443, val_kl_loss-0.0009802, val_diff_loss-0.3610844
2025-03-20 14:26:31 - INFO - epoch-329, train_mse_loss-0.0003233, train_kl_loss-0.0009235, train_diff_loss-0.3786107, val_mse_loss-0.0003413, val_kl_loss-0.0009614, val_diff_loss-0.3809150
2025-03-20 14:30:49 - INFO - epoch-330, train_mse_loss-0.0003233, train_kl_loss-0.0009078, train_diff_loss-0.3737391, val_mse_loss-0.0003591, val_kl_loss-0.0008937, val_diff_loss-0.3828462
2025-03-20 14:35:09 - INFO - epoch-331, train_mse_loss-0.0003233, train_kl_loss-0.0009323, train_diff_loss-0.3799789, val_mse_loss-0.0003731, val_kl_loss-0.0008585, val_diff_loss-0.3754929
2025-03-20 14:39:29 - INFO - epoch-332, train_mse_loss-0.0003233, train_kl_loss-0.0009057, train_diff_loss-0.3764820, val_mse_loss-0.0003541, val_kl_loss-0.0008815, val_diff_loss-0.3967031
2025-03-20 14:43:47 - INFO - epoch-333, train_mse_loss-0.0003233, train_kl_loss-0.0009430, train_diff_loss-0.3829953, val_mse_loss-0.0003401, val_kl_loss-0.0009559, val_diff_loss-0.3673701
2025-03-20 14:48:05 - INFO - epoch-334, train_mse_loss-0.0003233, train_kl_loss-0.0009575, train_diff_loss-0.3856944, val_mse_loss-0.0003309, val_kl_loss-0.0009487, val_diff_loss-0.3689466
2025-03-20 14:52:23 - INFO - epoch-335, train_mse_loss-0.0003233, train_kl_loss-0.0009075, train_diff_loss-0.3781573, val_mse_loss-0.0003691, val_kl_loss-0.0009740, val_diff_loss-0.3769826
2025-03-20 14:56:42 - INFO - epoch-336, train_mse_loss-0.0003233, train_kl_loss-0.0009002, train_diff_loss-0.3732858, val_mse_loss-0.0003815, val_kl_loss-0.0008537, val_diff_loss-0.3690926
2025-03-20 15:01:00 - INFO - epoch-337, train_mse_loss-0.0003233, train_kl_loss-0.0009087, train_diff_loss-0.3760049, val_mse_loss-0.0004037, val_kl_loss-0.0009254, val_diff_loss-0.3874067
2025-03-20 15:05:19 - INFO - epoch-338, train_mse_loss-0.0003233, train_kl_loss-0.0009237, train_diff_loss-0.3773725, val_mse_loss-0.0003373, val_kl_loss-0.0008994, val_diff_loss-0.3823251
2025-03-20 15:09:38 - INFO - epoch-339, train_mse_loss-0.0003233, train_kl_loss-0.0009176, train_diff_loss-0.3789190, val_mse_loss-0.0003551, val_kl_loss-0.0008680, val_diff_loss-0.3892586
2025-03-20 15:13:57 - INFO - epoch-340, train_mse_loss-0.0003233, train_kl_loss-0.0009165, train_diff_loss-0.3780287, val_mse_loss-0.0003853, val_kl_loss-0.0008460, val_diff_loss-0.3594613
2025-03-20 15:18:14 - INFO - epoch-341, train_mse_loss-0.0003233, train_kl_loss-0.0009161, train_diff_loss-0.3780314, val_mse_loss-0.0003381, val_kl_loss-0.0009369, val_diff_loss-0.3734488
2025-03-20 15:22:33 - INFO - epoch-342, train_mse_loss-0.0003233, train_kl_loss-0.0009171, train_diff_loss-0.3770077, val_mse_loss-0.0003447, val_kl_loss-0.0009179, val_diff_loss-0.3738157
2025-03-20 15:26:52 - INFO - epoch-343, train_mse_loss-0.0003233, train_kl_loss-0.0009225, train_diff_loss-0.3778516, val_mse_loss-0.0003796, val_kl_loss-0.0009411, val_diff_loss-0.3973231
2025-03-20 15:31:11 - INFO - epoch-344, train_mse_loss-0.0003233, train_kl_loss-0.0009486, train_diff_loss-0.3833503, val_mse_loss-0.0003717, val_kl_loss-0.0009569, val_diff_loss-0.3871727
2025-03-20 15:35:33 - INFO - epoch-345, train_mse_loss-0.0003233, train_kl_loss-0.0009415, train_diff_loss-0.3828935, val_mse_loss-0.0003729, val_kl_loss-0.0009266, val_diff_loss-0.3791718
2025-03-20 15:39:54 - INFO - epoch-346, train_mse_loss-0.0003233, train_kl_loss-0.0008945, train_diff_loss-0.3769112, val_mse_loss-0.0003327, val_kl_loss-0.0008974, val_diff_loss-0.3879292
2025-03-20 15:44:12 - INFO - epoch-347, train_mse_loss-0.0003233, train_kl_loss-0.0009103, train_diff_loss-0.3773021, val_mse_loss-0.0003322, val_kl_loss-0.0009452, val_diff_loss-0.3688659
2025-03-20 15:48:32 - INFO - epoch-348, train_mse_loss-0.0003233, train_kl_loss-0.0008791, train_diff_loss-0.3720641, val_mse_loss-0.0003495, val_kl_loss-0.0008641, val_diff_loss-0.3639550
2025-03-20 15:52:50 - INFO - epoch-349, train_mse_loss-0.0003233, train_kl_loss-0.0009042, train_diff_loss-0.3743398, val_mse_loss-0.0003490, val_kl_loss-0.0009530, val_diff_loss-0.3956024
2025-03-20 15:57:08 - INFO - epoch-350, train_mse_loss-0.0003233, train_kl_loss-0.0009287, train_diff_loss-0.3783458, val_mse_loss-0.0003728, val_kl_loss-0.0009085, val_diff_loss-0.3841033
2025-03-20 16:01:26 - INFO - epoch-351, train_mse_loss-0.0003233, train_kl_loss-0.0009113, train_diff_loss-0.3805086, val_mse_loss-0.0003526, val_kl_loss-0.0010020, val_diff_loss-0.3699262
2025-03-20 16:05:44 - INFO - epoch-352, train_mse_loss-0.0003233, train_kl_loss-0.0009336, train_diff_loss-0.3803053, val_mse_loss-0.0004406, val_kl_loss-0.0009514, val_diff_loss-0.3811993
2025-03-20 16:10:02 - INFO - epoch-353, train_mse_loss-0.0003233, train_kl_loss-0.0009230, train_diff_loss-0.3784923, val_mse_loss-0.0003494, val_kl_loss-0.0008904, val_diff_loss-0.3978376
2025-03-20 16:14:19 - INFO - epoch-354, train_mse_loss-0.0003233, train_kl_loss-0.0009046, train_diff_loss-0.3779123, val_mse_loss-0.0003794, val_kl_loss-0.0009623, val_diff_loss-0.3786700
2025-03-20 16:18:37 - INFO - epoch-355, train_mse_loss-0.0003233, train_kl_loss-0.0009367, train_diff_loss-0.3837376, val_mse_loss-0.0004074, val_kl_loss-0.0009412, val_diff_loss-0.3807343
2025-03-20 16:22:56 - INFO - epoch-356, train_mse_loss-0.0003233, train_kl_loss-0.0009172, train_diff_loss-0.3777413, val_mse_loss-0.0003549, val_kl_loss-0.0008888, val_diff_loss-0.3730826
2025-03-20 16:27:16 - INFO - epoch-357, train_mse_loss-0.0003233, train_kl_loss-0.0009455, train_diff_loss-0.3859770, val_mse_loss-0.0003371, val_kl_loss-0.0009547, val_diff_loss-0.3806856
2025-03-20 16:31:34 - INFO - epoch-358, train_mse_loss-0.0003233, train_kl_loss-0.0009196, train_diff_loss-0.3824631, val_mse_loss-0.0003322, val_kl_loss-0.0009823, val_diff_loss-0.3703692
2025-03-20 16:35:52 - INFO - epoch-359, train_mse_loss-0.0003233, train_kl_loss-0.0009598, train_diff_loss-0.3888500, val_mse_loss-0.0003768, val_kl_loss-0.0009559, val_diff_loss-0.3887175
2025-03-20 16:40:09 - INFO - epoch-360, train_mse_loss-0.0003233, train_kl_loss-0.0009154, train_diff_loss-0.3807541, val_mse_loss-0.0003632, val_kl_loss-0.0008904, val_diff_loss-0.3738834
2025-03-20 16:44:27 - INFO - epoch-361, train_mse_loss-0.0003233, train_kl_loss-0.0009102, train_diff_loss-0.3785511, val_mse_loss-0.0003615, val_kl_loss-0.0008732, val_diff_loss-0.3697333
2025-03-20 16:48:49 - INFO - epoch-362, train_mse_loss-0.0003233, train_kl_loss-0.0009008, train_diff_loss-0.3755456, val_mse_loss-0.0003569, val_kl_loss-0.0009204, val_diff_loss-0.3757914
2025-03-20 16:53:09 - INFO - epoch-363, train_mse_loss-0.0003233, train_kl_loss-0.0009357, train_diff_loss-0.3803770, val_mse_loss-0.0003853, val_kl_loss-0.0008834, val_diff_loss-0.3740412
2025-03-20 16:57:28 - INFO - epoch-364, train_mse_loss-0.0003233, train_kl_loss-0.0009081, train_diff_loss-0.3776808, val_mse_loss-0.0003402, val_kl_loss-0.0009044, val_diff_loss-0.3791170
2025-03-20 17:01:45 - INFO - epoch-365, train_mse_loss-0.0003233, train_kl_loss-0.0009139, train_diff_loss-0.3789786, val_mse_loss-0.0003590, val_kl_loss-0.0009366, val_diff_loss-0.3691518
2025-03-20 17:06:04 - INFO - epoch-366, train_mse_loss-0.0003233, train_kl_loss-0.0009156, train_diff_loss-0.3779546, val_mse_loss-0.0003350, val_kl_loss-0.0009344, val_diff_loss-0.3955973
2025-03-20 17:10:26 - INFO - epoch-367, train_mse_loss-0.0003233, train_kl_loss-0.0009464, train_diff_loss-0.3816544, val_mse_loss-0.0003924, val_kl_loss-0.0009097, val_diff_loss-0.3712210
2025-03-20 17:14:44 - INFO - epoch-368, train_mse_loss-0.0003233, train_kl_loss-0.0009210, train_diff_loss-0.3785549, val_mse_loss-0.0003757, val_kl_loss-0.0007467, val_diff_loss-0.3673264
2025-03-20 17:19:01 - INFO - epoch-369, train_mse_loss-0.0003233, train_kl_loss-0.0008719, train_diff_loss-0.3716326, val_mse_loss-0.0003929, val_kl_loss-0.0008540, val_diff_loss-0.3603539
2025-03-20 17:23:20 - INFO - epoch-370, train_mse_loss-0.0003233, train_kl_loss-0.0009230, train_diff_loss-0.3794639, val_mse_loss-0.0003484, val_kl_loss-0.0010179, val_diff_loss-0.3741966
2025-03-20 17:27:38 - INFO - epoch-371, train_mse_loss-0.0003233, train_kl_loss-0.0009247, train_diff_loss-0.3792845, val_mse_loss-0.0003650, val_kl_loss-0.0008348, val_diff_loss-0.3973593
2025-03-20 17:31:56 - INFO - epoch-372, train_mse_loss-0.0003233, train_kl_loss-0.0009355, train_diff_loss-0.3801242, val_mse_loss-0.0003886, val_kl_loss-0.0008816, val_diff_loss-0.3679858
2025-03-20 17:36:15 - INFO - epoch-373, train_mse_loss-0.0003233, train_kl_loss-0.0009284, train_diff_loss-0.3835188, val_mse_loss-0.0003821, val_kl_loss-0.0009137, val_diff_loss-0.3813796
2025-03-20 17:40:33 - INFO - epoch-374, train_mse_loss-0.0003233, train_kl_loss-0.0009207, train_diff_loss-0.3829541, val_mse_loss-0.0003510, val_kl_loss-0.0009528, val_diff_loss-0.3700432
2025-03-20 17:44:52 - INFO - epoch-375, train_mse_loss-0.0003233, train_kl_loss-0.0009074, train_diff_loss-0.3767538, val_mse_loss-0.0003898, val_kl_loss-0.0008645, val_diff_loss-0.3768281
2025-03-20 17:49:11 - INFO - epoch-376, train_mse_loss-0.0003233, train_kl_loss-0.0009225, train_diff_loss-0.3801317, val_mse_loss-0.0003755, val_kl_loss-0.0009362, val_diff_loss-0.3626231
2025-03-20 17:53:31 - INFO - epoch-377, train_mse_loss-0.0003233, train_kl_loss-0.0009137, train_diff_loss-0.3761454, val_mse_loss-0.0003581, val_kl_loss-0.0009398, val_diff_loss-0.3647527
2025-03-20 17:57:50 - INFO - epoch-378, train_mse_loss-0.0003233, train_kl_loss-0.0009217, train_diff_loss-0.3795108, val_mse_loss-0.0003486, val_kl_loss-0.0008772, val_diff_loss-0.3784116
2025-03-20 18:02:25 - INFO - epoch-379, train_mse_loss-0.0003233, train_kl_loss-0.0008965, train_diff_loss-0.3753850, val_mse_loss-0.0003468, val_kl_loss-0.0009021, val_diff_loss-0.3794772
2025-03-20 18:07:34 - INFO - epoch-380, train_mse_loss-0.0003233, train_kl_loss-0.0009134, train_diff_loss-0.3782147, val_mse_loss-0.0003672, val_kl_loss-0.0009064, val_diff_loss-0.3679390
2025-03-20 18:12:08 - INFO - epoch-381, train_mse_loss-0.0003233, train_kl_loss-0.0009373, train_diff_loss-0.3799146, val_mse_loss-0.0003607, val_kl_loss-0.0008974, val_diff_loss-0.3722319
2025-03-20 18:16:39 - INFO - epoch-382, train_mse_loss-0.0003233, train_kl_loss-0.0009153, train_diff_loss-0.3803391, val_mse_loss-0.0003364, val_kl_loss-0.0009331, val_diff_loss-0.3789419
2025-03-20 18:21:09 - INFO - epoch-383, train_mse_loss-0.0003233, train_kl_loss-0.0008992, train_diff_loss-0.3736860, val_mse_loss-0.0003543, val_kl_loss-0.0008603, val_diff_loss-0.3888116
2025-03-20 18:25:35 - INFO - epoch-384, train_mse_loss-0.0003233, train_kl_loss-0.0009111, train_diff_loss-0.3788376, val_mse_loss-0.0003317, val_kl_loss-0.0009260, val_diff_loss-0.3831519
2025-03-20 18:30:05 - INFO - epoch-385, train_mse_loss-0.0003233, train_kl_loss-0.0009396, train_diff_loss-0.3839747, val_mse_loss-0.0004146, val_kl_loss-0.0009267, val_diff_loss-0.3747203
2025-03-20 18:34:33 - INFO - epoch-386, train_mse_loss-0.0003233, train_kl_loss-0.0008975, train_diff_loss-0.3739157, val_mse_loss-0.0003540, val_kl_loss-0.0009142, val_diff_loss-0.3910120
2025-03-20 18:38:57 - INFO - epoch-387, train_mse_loss-0.0003233, train_kl_loss-0.0009069, train_diff_loss-0.3782101, val_mse_loss-0.0003550, val_kl_loss-0.0009572, val_diff_loss-0.3761643
2025-03-20 18:43:26 - INFO - epoch-388, train_mse_loss-0.0003233, train_kl_loss-0.0009169, train_diff_loss-0.3746285, val_mse_loss-0.0003412, val_kl_loss-0.0008901, val_diff_loss-0.3814470
2025-03-20 18:47:57 - INFO - epoch-389, train_mse_loss-0.0003233, train_kl_loss-0.0009243, train_diff_loss-0.3798937, val_mse_loss-0.0003475, val_kl_loss-0.0009425, val_diff_loss-0.3759414
2025-03-20 18:52:14 - INFO - epoch-390, train_mse_loss-0.0003233, train_kl_loss-0.0009365, train_diff_loss-0.3801517, val_mse_loss-0.0003726, val_kl_loss-0.0008836, val_diff_loss-0.3844575
2025-03-20 18:56:31 - INFO - epoch-391, train_mse_loss-0.0003233, train_kl_loss-0.0009184, train_diff_loss-0.3800017, val_mse_loss-0.0003677, val_kl_loss-0.0008926, val_diff_loss-0.3608266
2025-03-20 19:00:49 - INFO - epoch-392, train_mse_loss-0.0003233, train_kl_loss-0.0009344, train_diff_loss-0.3815893, val_mse_loss-0.0004060, val_kl_loss-0.0008731, val_diff_loss-0.3743216
2025-03-20 19:05:06 - INFO - epoch-393, train_mse_loss-0.0003233, train_kl_loss-0.0009157, train_diff_loss-0.3813350, val_mse_loss-0.0003514, val_kl_loss-0.0009160, val_diff_loss-0.3781369
2025-03-20 19:09:23 - INFO - epoch-394, train_mse_loss-0.0003233, train_kl_loss-0.0009158, train_diff_loss-0.3776009, val_mse_loss-0.0003770, val_kl_loss-0.0009463, val_diff_loss-0.3889192
2025-03-20 19:13:40 - INFO - epoch-395, train_mse_loss-0.0003233, train_kl_loss-0.0009211, train_diff_loss-0.3790873, val_mse_loss-0.0003427, val_kl_loss-0.0009605, val_diff_loss-0.3836812
2025-03-20 19:17:56 - INFO - epoch-396, train_mse_loss-0.0003233, train_kl_loss-0.0009329, train_diff_loss-0.3807893, val_mse_loss-0.0003557, val_kl_loss-0.0009525, val_diff_loss-0.3706183
2025-03-20 19:22:13 - INFO - epoch-397, train_mse_loss-0.0003233, train_kl_loss-0.0009248, train_diff_loss-0.3805293, val_mse_loss-0.0003399, val_kl_loss-0.0009005, val_diff_loss-0.3784520
2025-03-20 19:26:29 - INFO - epoch-398, train_mse_loss-0.0003233, train_kl_loss-0.0009109, train_diff_loss-0.3780839, val_mse_loss-0.0003854, val_kl_loss-0.0009424, val_diff_loss-0.3803786
2025-03-20 19:30:46 - INFO - epoch-399, train_mse_loss-0.0003233, train_kl_loss-0.0009202, train_diff_loss-0.3779524, val_mse_loss-0.0003876, val_kl_loss-0.0008958, val_diff_loss-0.3913842
2025-03-20 19:35:02 - INFO - epoch-400, train_mse_loss-0.0003233, train_kl_loss-0.0009038, train_diff_loss-0.3761481, val_mse_loss-0.0003574, val_kl_loss-0.0008758, val_diff_loss-0.3681035
2025-03-20 19:39:19 - INFO - epoch-401, train_mse_loss-0.0003233, train_kl_loss-0.0009157, train_diff_loss-0.3758461, val_mse_loss-0.0003343, val_kl_loss-0.0008814, val_diff_loss-0.3808441
2025-03-20 19:43:35 - INFO - epoch-402, train_mse_loss-0.0003233, train_kl_loss-0.0009251, train_diff_loss-0.3796025, val_mse_loss-0.0003957, val_kl_loss-0.0009269, val_diff_loss-0.3749775
2025-03-20 19:47:51 - INFO - epoch-403, train_mse_loss-0.0003233, train_kl_loss-0.0009211, train_diff_loss-0.3766025, val_mse_loss-0.0003435, val_kl_loss-0.0009004, val_diff_loss-0.3780607
2025-03-20 19:52:07 - INFO - epoch-404, train_mse_loss-0.0003233, train_kl_loss-0.0008926, train_diff_loss-0.3712859, val_mse_loss-0.0003454, val_kl_loss-0.0009331, val_diff_loss-0.3919588
2025-03-20 19:56:24 - INFO - epoch-405, train_mse_loss-0.0003233, train_kl_loss-0.0009258, train_diff_loss-0.3744856, val_mse_loss-0.0003548, val_kl_loss-0.0009033, val_diff_loss-0.3792523
2025-03-20 20:00:40 - INFO - epoch-406, train_mse_loss-0.0003233, train_kl_loss-0.0009233, train_diff_loss-0.3772173, val_mse_loss-0.0003365, val_kl_loss-0.0009362, val_diff_loss-0.3878527
2025-03-20 20:04:59 - INFO - epoch-407, train_mse_loss-0.0003233, train_kl_loss-0.0009248, train_diff_loss-0.3779251, val_mse_loss-0.0003861, val_kl_loss-0.0009013, val_diff_loss-0.3619354
2025-03-20 20:09:17 - INFO - epoch-408, train_mse_loss-0.0003233, train_kl_loss-0.0008840, train_diff_loss-0.3696748, val_mse_loss-0.0003437, val_kl_loss-0.0008586, val_diff_loss-0.3964072
2025-03-20 20:13:33 - INFO - epoch-409, train_mse_loss-0.0003233, train_kl_loss-0.0009301, train_diff_loss-0.3780515, val_mse_loss-0.0003582, val_kl_loss-0.0009544, val_diff_loss-0.3608515
2025-03-20 20:17:49 - INFO - epoch-410, train_mse_loss-0.0003233, train_kl_loss-0.0009271, train_diff_loss-0.3777083, val_mse_loss-0.0003593, val_kl_loss-0.0009605, val_diff_loss-0.3922366
2025-03-20 20:22:05 - INFO - epoch-411, train_mse_loss-0.0003233, train_kl_loss-0.0009064, train_diff_loss-0.3768884, val_mse_loss-0.0003440, val_kl_loss-0.0008775, val_diff_loss-0.3779007
2025-03-20 20:26:22 - INFO - epoch-412, train_mse_loss-0.0003233, train_kl_loss-0.0009127, train_diff_loss-0.3762672, val_mse_loss-0.0003812, val_kl_loss-0.0008843, val_diff_loss-0.3600969
2025-03-20 20:30:39 - INFO - epoch-413, train_mse_loss-0.0003233, train_kl_loss-0.0009229, train_diff_loss-0.3783125, val_mse_loss-0.0003376, val_kl_loss-0.0008933, val_diff_loss-0.3711388
2025-03-20 20:34:56 - INFO - epoch-414, train_mse_loss-0.0003233, train_kl_loss-0.0009266, train_diff_loss-0.3789365, val_mse_loss-0.0004060, val_kl_loss-0.0008998, val_diff_loss-0.3836807
2025-03-20 20:39:12 - INFO - epoch-415, train_mse_loss-0.0003233, train_kl_loss-0.0009193, train_diff_loss-0.3798754, val_mse_loss-0.0003710, val_kl_loss-0.0008807, val_diff_loss-0.3898054
2025-03-20 20:43:28 - INFO - epoch-416, train_mse_loss-0.0003233, train_kl_loss-0.0009029, train_diff_loss-0.3735914, val_mse_loss-0.0003673, val_kl_loss-0.0008826, val_diff_loss-0.3866350
2025-03-20 20:47:44 - INFO - epoch-417, train_mse_loss-0.0003233, train_kl_loss-0.0009180, train_diff_loss-0.3760504, val_mse_loss-0.0003397, val_kl_loss-0.0009263, val_diff_loss-0.3945987
2025-03-20 20:52:00 - INFO - epoch-418, train_mse_loss-0.0003233, train_kl_loss-0.0009346, train_diff_loss-0.3824948, val_mse_loss-0.0003520, val_kl_loss-0.0009898, val_diff_loss-0.3746776
2025-03-20 20:56:16 - INFO - epoch-419, train_mse_loss-0.0003233, train_kl_loss-0.0009089, train_diff_loss-0.3740058, val_mse_loss-0.0003729, val_kl_loss-0.0006650, val_diff_loss-0.3760980
2025-03-20 21:00:32 - INFO - epoch-420, train_mse_loss-0.0003233, train_kl_loss-0.0009108, train_diff_loss-0.3769444, val_mse_loss-0.0003501, val_kl_loss-0.0009198, val_diff_loss-0.3764891
2025-03-20 21:04:47 - INFO - epoch-421, train_mse_loss-0.0003233, train_kl_loss-0.0009289, train_diff_loss-0.3806047, val_mse_loss-0.0003365, val_kl_loss-0.0009730, val_diff_loss-0.3693673
2025-03-20 21:09:03 - INFO - epoch-422, train_mse_loss-0.0003233, train_kl_loss-0.0009122, train_diff_loss-0.3757219, val_mse_loss-0.0003366, val_kl_loss-0.0008743, val_diff_loss-0.3774220
2025-03-20 21:13:20 - INFO - epoch-423, train_mse_loss-0.0003233, train_kl_loss-0.0008969, train_diff_loss-0.3728422, val_mse_loss-0.0003422, val_kl_loss-0.0009346, val_diff_loss-0.3644179
2025-03-20 21:17:36 - INFO - epoch-424, train_mse_loss-0.0003233, train_kl_loss-0.0009059, train_diff_loss-0.3734660, val_mse_loss-0.0003791, val_kl_loss-0.0008361, val_diff_loss-0.3698864
2025-03-20 21:21:52 - INFO - epoch-425, train_mse_loss-0.0003233, train_kl_loss-0.0009163, train_diff_loss-0.3775076, val_mse_loss-0.0003521, val_kl_loss-0.0009457, val_diff_loss-0.3766234
2025-03-20 21:26:08 - INFO - epoch-426, train_mse_loss-0.0003233, train_kl_loss-0.0009092, train_diff_loss-0.3747240, val_mse_loss-0.0003287, val_kl_loss-0.0009031, val_diff_loss-0.3720835
2025-03-20 21:30:24 - INFO - epoch-427, train_mse_loss-0.0003233, train_kl_loss-0.0009052, train_diff_loss-0.3763254, val_mse_loss-0.0003599, val_kl_loss-0.0008917, val_diff_loss-0.3743547
2025-03-20 21:34:40 - INFO - epoch-428, train_mse_loss-0.0003233, train_kl_loss-0.0009193, train_diff_loss-0.3789407, val_mse_loss-0.0003460, val_kl_loss-0.0009282, val_diff_loss-0.3623227
2025-03-20 21:38:57 - INFO - epoch-429, train_mse_loss-0.0003233, train_kl_loss-0.0009298, train_diff_loss-0.3825618, val_mse_loss-0.0003664, val_kl_loss-0.0009329, val_diff_loss-0.3686585
2025-03-20 21:43:13 - INFO - epoch-430, train_mse_loss-0.0003233, train_kl_loss-0.0009092, train_diff_loss-0.3764976, val_mse_loss-0.0003718, val_kl_loss-0.0009586, val_diff_loss-0.3757715
2025-03-20 21:47:29 - INFO - epoch-431, train_mse_loss-0.0003233, train_kl_loss-0.0009339, train_diff_loss-0.3817568, val_mse_loss-0.0003611, val_kl_loss-0.0009213, val_diff_loss-0.3851379
2025-03-20 21:51:44 - INFO - epoch-432, train_mse_loss-0.0003233, train_kl_loss-0.0009099, train_diff_loss-0.3785829, val_mse_loss-0.0003784, val_kl_loss-0.0008840, val_diff_loss-0.3917771
2025-03-20 21:56:00 - INFO - epoch-433, train_mse_loss-0.0003233, train_kl_loss-0.0009318, train_diff_loss-0.3822690, val_mse_loss-0.0003335, val_kl_loss-0.0009102, val_diff_loss-0.3955203
2025-03-20 22:00:17 - INFO - epoch-434, train_mse_loss-0.0003233, train_kl_loss-0.0009068, train_diff_loss-0.3769553, val_mse_loss-0.0003747, val_kl_loss-0.0009825, val_diff_loss-0.3745131
2025-03-20 22:04:33 - INFO - epoch-435, train_mse_loss-0.0003233, train_kl_loss-0.0009210, train_diff_loss-0.3753851, val_mse_loss-0.0004117, val_kl_loss-0.0008939, val_diff_loss-0.3837556
2025-03-20 22:08:50 - INFO - epoch-436, train_mse_loss-0.0003233, train_kl_loss-0.0009542, train_diff_loss-0.3852598, val_mse_loss-0.0003368, val_kl_loss-0.0009697, val_diff_loss-0.3851653
2025-03-20 22:13:07 - INFO - epoch-437, train_mse_loss-0.0003233, train_kl_loss-0.0009226, train_diff_loss-0.3800389, val_mse_loss-0.0003941, val_kl_loss-0.0009047, val_diff_loss-0.3799957
2025-03-20 22:17:25 - INFO - epoch-438, train_mse_loss-0.0003233, train_kl_loss-0.0008794, train_diff_loss-0.3734926, val_mse_loss-0.0003331, val_kl_loss-0.0009528, val_diff_loss-0.3894062
2025-03-20 22:21:44 - INFO - epoch-439, train_mse_loss-0.0003233, train_kl_loss-0.0009183, train_diff_loss-0.3762633, val_mse_loss-0.0003555, val_kl_loss-0.0009190, val_diff_loss-0.3672906
2025-03-20 22:26:01 - INFO - epoch-440, train_mse_loss-0.0003233, train_kl_loss-0.0009240, train_diff_loss-0.3789328, val_mse_loss-0.0003468, val_kl_loss-0.0009327, val_diff_loss-0.3719715
2025-03-20 22:30:17 - INFO - epoch-441, train_mse_loss-0.0003233, train_kl_loss-0.0009189, train_diff_loss-0.3798067, val_mse_loss-0.0003616, val_kl_loss-0.0009911, val_diff_loss-0.3866134
2025-03-20 22:34:34 - INFO - epoch-442, train_mse_loss-0.0003233, train_kl_loss-0.0009362, train_diff_loss-0.3793856, val_mse_loss-0.0003460, val_kl_loss-0.0009496, val_diff_loss-0.3841195
2025-03-20 22:38:51 - INFO - epoch-443, train_mse_loss-0.0003233, train_kl_loss-0.0009370, train_diff_loss-0.3831891, val_mse_loss-0.0003388, val_kl_loss-0.0009192, val_diff_loss-0.3784453
2025-03-20 22:43:08 - INFO - epoch-444, train_mse_loss-0.0003233, train_kl_loss-0.0008977, train_diff_loss-0.3739909, val_mse_loss-0.0003581, val_kl_loss-0.0009269, val_diff_loss-0.3808287
2025-03-20 22:47:24 - INFO - epoch-445, train_mse_loss-0.0003233, train_kl_loss-0.0009062, train_diff_loss-0.3776999, val_mse_loss-0.0003403, val_kl_loss-0.0009651, val_diff_loss-0.3755281
2025-03-20 22:51:41 - INFO - epoch-446, train_mse_loss-0.0003233, train_kl_loss-0.0009199, train_diff_loss-0.3782496, val_mse_loss-0.0003376, val_kl_loss-0.0009480, val_diff_loss-0.3734978
2025-03-20 22:55:58 - INFO - epoch-447, train_mse_loss-0.0003233, train_kl_loss-0.0008928, train_diff_loss-0.3727196, val_mse_loss-0.0003270, val_kl_loss-0.0009029, val_diff_loss-0.3737076
2025-03-20 23:00:15 - INFO - epoch-448, train_mse_loss-0.0003233, train_kl_loss-0.0009231, train_diff_loss-0.3756696, val_mse_loss-0.0003557, val_kl_loss-0.0009204, val_diff_loss-0.3811850
2025-03-20 23:04:32 - INFO - epoch-449, train_mse_loss-0.0003233, train_kl_loss-0.0009259, train_diff_loss-0.3761794, val_mse_loss-0.0003531, val_kl_loss-0.0008722, val_diff_loss-0.3823518
2025-03-20 23:08:48 - INFO - epoch-450, train_mse_loss-0.0003233, train_kl_loss-0.0009256, train_diff_loss-0.3779625, val_mse_loss-0.0003855, val_kl_loss-0.0009485, val_diff_loss-0.3793141
2025-03-20 23:13:06 - INFO - epoch-451, train_mse_loss-0.0003233, train_kl_loss-0.0009257, train_diff_loss-0.3782379, val_mse_loss-0.0003399, val_kl_loss-0.0009221, val_diff_loss-0.3586962
2025-03-20 23:17:23 - INFO - epoch-452, train_mse_loss-0.0003233, train_kl_loss-0.0008989, train_diff_loss-0.3749971, val_mse_loss-0.0003291, val_kl_loss-0.0009793, val_diff_loss-0.3693024
2025-03-20 23:21:40 - INFO - epoch-453, train_mse_loss-0.0003233, train_kl_loss-0.0009176, train_diff_loss-0.3768966, val_mse_loss-0.0003267, val_kl_loss-0.0009445, val_diff_loss-0.3840740
2025-03-20 23:25:57 - INFO - epoch-454, train_mse_loss-0.0003233, train_kl_loss-0.0008954, train_diff_loss-0.3705508, val_mse_loss-0.0003712, val_kl_loss-0.0008883, val_diff_loss-0.3733545
2025-03-20 23:30:14 - INFO - epoch-455, train_mse_loss-0.0003233, train_kl_loss-0.0009226, train_diff_loss-0.3739753, val_mse_loss-0.0003581, val_kl_loss-0.0009398, val_diff_loss-0.3763405
2025-03-20 23:34:33 - INFO - epoch-456, train_mse_loss-0.0003233, train_kl_loss-0.0009339, train_diff_loss-0.3763426, val_mse_loss-0.0003421, val_kl_loss-0.0009915, val_diff_loss-0.3772567
2025-03-20 23:38:51 - INFO - epoch-457, train_mse_loss-0.0003233, train_kl_loss-0.0009310, train_diff_loss-0.3777575, val_mse_loss-0.0003512, val_kl_loss-0.0009889, val_diff_loss-0.3738365
2025-03-20 23:43:08 - INFO - epoch-458, train_mse_loss-0.0003233, train_kl_loss-0.0009465, train_diff_loss-0.3815279, val_mse_loss-0.0003634, val_kl_loss-0.0009410, val_diff_loss-0.3885123
2025-03-20 23:47:25 - INFO - epoch-459, train_mse_loss-0.0003233, train_kl_loss-0.0009350, train_diff_loss-0.3822694, val_mse_loss-0.0003660, val_kl_loss-0.0009369, val_diff_loss-0.3837023
2025-03-20 23:51:42 - INFO - epoch-460, train_mse_loss-0.0003233, train_kl_loss-0.0009043, train_diff_loss-0.3767651, val_mse_loss-0.0003736, val_kl_loss-0.0008877, val_diff_loss-0.3926233
2025-03-20 23:56:00 - INFO - epoch-461, train_mse_loss-0.0003233, train_kl_loss-0.0009019, train_diff_loss-0.3739851, val_mse_loss-0.0003312, val_kl_loss-0.0009346, val_diff_loss-0.3595669
2025-03-21 00:00:18 - INFO - epoch-462, train_mse_loss-0.0003233, train_kl_loss-0.0009183, train_diff_loss-0.3774631, val_mse_loss-0.0003519, val_kl_loss-0.0009058, val_diff_loss-0.3818691
2025-03-21 00:04:35 - INFO - epoch-463, train_mse_loss-0.0003233, train_kl_loss-0.0009288, train_diff_loss-0.3801238, val_mse_loss-0.0003598, val_kl_loss-0.0009359, val_diff_loss-0.3669247
2025-03-21 00:08:52 - INFO - epoch-464, train_mse_loss-0.0003233, train_kl_loss-0.0009412, train_diff_loss-0.3814117, val_mse_loss-0.0003517, val_kl_loss-0.0007901, val_diff_loss-0.3885379
2025-03-21 00:13:09 - INFO - epoch-465, train_mse_loss-0.0003233, train_kl_loss-0.0009321, train_diff_loss-0.3817326, val_mse_loss-0.0003441, val_kl_loss-0.0009368, val_diff_loss-0.3810045
2025-03-21 00:17:27 - INFO - epoch-466, train_mse_loss-0.0003233, train_kl_loss-0.0009333, train_diff_loss-0.3813442, val_mse_loss-0.0003833, val_kl_loss-0.0008900, val_diff_loss-0.3941504
2025-03-21 00:21:48 - INFO - epoch-467, train_mse_loss-0.0003233, train_kl_loss-0.0009156, train_diff_loss-0.3803146, val_mse_loss-0.0003416, val_kl_loss-0.0008705, val_diff_loss-0.3841771
2025-03-21 00:26:05 - INFO - epoch-468, train_mse_loss-0.0003233, train_kl_loss-0.0009029, train_diff_loss-0.3782324, val_mse_loss-0.0003365, val_kl_loss-0.0009442, val_diff_loss-0.3652652
2025-03-21 00:30:22 - INFO - epoch-469, train_mse_loss-0.0003233, train_kl_loss-0.0009084, train_diff_loss-0.3764383, val_mse_loss-0.0003495, val_kl_loss-0.0008976, val_diff_loss-0.3888796
2025-03-21 00:34:40 - INFO - epoch-470, train_mse_loss-0.0003233, train_kl_loss-0.0009093, train_diff_loss-0.3759813, val_mse_loss-0.0003997, val_kl_loss-0.0008751, val_diff_loss-0.3633250
2025-03-21 00:38:58 - INFO - epoch-471, train_mse_loss-0.0003233, train_kl_loss-0.0009048, train_diff_loss-0.3756004, val_mse_loss-0.0003898, val_kl_loss-0.0009325, val_diff_loss-0.3778925
2025-03-21 00:43:14 - INFO - epoch-472, train_mse_loss-0.0003233, train_kl_loss-0.0009276, train_diff_loss-0.3801900, val_mse_loss-0.0003570, val_kl_loss-0.0009339, val_diff_loss-0.3787924
2025-03-21 00:47:31 - INFO - epoch-473, train_mse_loss-0.0003233, train_kl_loss-0.0009176, train_diff_loss-0.3769623, val_mse_loss-0.0003785, val_kl_loss-0.0007694, val_diff_loss-0.3722547
2025-03-21 00:51:49 - INFO - epoch-474, train_mse_loss-0.0003233, train_kl_loss-0.0009121, train_diff_loss-0.3784107, val_mse_loss-0.0003523, val_kl_loss-0.0008815, val_diff_loss-0.3858348
2025-03-21 00:56:05 - INFO - epoch-475, train_mse_loss-0.0003233, train_kl_loss-0.0009288, train_diff_loss-0.3823573, val_mse_loss-0.0003548, val_kl_loss-0.0010384, val_diff_loss-0.3719809
2025-03-21 01:00:23 - INFO - epoch-476, train_mse_loss-0.0003233, train_kl_loss-0.0009336, train_diff_loss-0.3820333, val_mse_loss-0.0003579, val_kl_loss-0.0009463, val_diff_loss-0.3649360
2025-03-21 01:04:41 - INFO - epoch-477, train_mse_loss-0.0003233, train_kl_loss-0.0009081, train_diff_loss-0.3753438, val_mse_loss-0.0003387, val_kl_loss-0.0008778, val_diff_loss-0.3723799
2025-03-21 01:08:58 - INFO - epoch-478, train_mse_loss-0.0003233, train_kl_loss-0.0009143, train_diff_loss-0.3778706, val_mse_loss-0.0003727, val_kl_loss-0.0009065, val_diff_loss-0.3924937
2025-03-21 01:13:16 - INFO - epoch-479, train_mse_loss-0.0003233, train_kl_loss-0.0009182, train_diff_loss-0.3770535, val_mse_loss-0.0003520, val_kl_loss-0.0009280, val_diff_loss-0.3831834
2025-03-21 01:17:34 - INFO - epoch-480, train_mse_loss-0.0003233, train_kl_loss-0.0009007, train_diff_loss-0.3748857, val_mse_loss-0.0003469, val_kl_loss-0.0009310, val_diff_loss-0.3762362
2025-03-21 01:21:54 - INFO - epoch-481, train_mse_loss-0.0003233, train_kl_loss-0.0009155, train_diff_loss-0.3779344, val_mse_loss-0.0003436, val_kl_loss-0.0009535, val_diff_loss-0.3813762
2025-03-21 01:26:11 - INFO - epoch-482, train_mse_loss-0.0003233, train_kl_loss-0.0009390, train_diff_loss-0.3820762, val_mse_loss-0.0003499, val_kl_loss-0.0009685, val_diff_loss-0.3808444
2025-03-21 01:30:27 - INFO - epoch-483, train_mse_loss-0.0003233, train_kl_loss-0.0009171, train_diff_loss-0.3753922, val_mse_loss-0.0003477, val_kl_loss-0.0009120, val_diff_loss-0.3752192
2025-03-21 01:34:45 - INFO - epoch-484, train_mse_loss-0.0003233, train_kl_loss-0.0009084, train_diff_loss-0.3768272, val_mse_loss-0.0003732, val_kl_loss-0.0009330, val_diff_loss-0.3692452
2025-03-21 01:39:02 - INFO - epoch-485, train_mse_loss-0.0003233, train_kl_loss-0.0009284, train_diff_loss-0.3806050, val_mse_loss-0.0003725, val_kl_loss-0.0009903, val_diff_loss-0.3886439
2025-03-21 01:43:19 - INFO - epoch-486, train_mse_loss-0.0003233, train_kl_loss-0.0009422, train_diff_loss-0.3811330, val_mse_loss-0.0003287, val_kl_loss-0.0009673, val_diff_loss-0.3778097
2025-03-21 01:47:36 - INFO - epoch-487, train_mse_loss-0.0003233, train_kl_loss-0.0009195, train_diff_loss-0.3782442, val_mse_loss-0.0003441, val_kl_loss-0.0008643, val_diff_loss-0.3660512
2025-03-21 01:51:53 - INFO - epoch-488, train_mse_loss-0.0003233, train_kl_loss-0.0009072, train_diff_loss-0.3778303, val_mse_loss-0.0003526, val_kl_loss-0.0008776, val_diff_loss-0.3798565
2025-03-21 01:56:10 - INFO - epoch-489, train_mse_loss-0.0003233, train_kl_loss-0.0009163, train_diff_loss-0.3785989, val_mse_loss-0.0003683, val_kl_loss-0.0009254, val_diff_loss-0.3650625
2025-03-21 02:00:28 - INFO - epoch-490, train_mse_loss-0.0003233, train_kl_loss-0.0009174, train_diff_loss-0.3752238, val_mse_loss-0.0003710, val_kl_loss-0.0009158, val_diff_loss-0.3691476
2025-03-21 02:04:47 - INFO - epoch-491, train_mse_loss-0.0003233, train_kl_loss-0.0009117, train_diff_loss-0.3782223, val_mse_loss-0.0003273, val_kl_loss-0.0009685, val_diff_loss-0.3722216
2025-03-21 02:09:05 - INFO - epoch-492, train_mse_loss-0.0003233, train_kl_loss-0.0009263, train_diff_loss-0.3794967, val_mse_loss-0.0003647, val_kl_loss-0.0009443, val_diff_loss-0.3763120
2025-03-21 02:13:23 - INFO - epoch-493, train_mse_loss-0.0003233, train_kl_loss-0.0009103, train_diff_loss-0.3773219, val_mse_loss-0.0004320, val_kl_loss-0.0008532, val_diff_loss-0.3898299
2025-03-21 02:17:42 - INFO - epoch-494, train_mse_loss-0.0003233, train_kl_loss-0.0009157, train_diff_loss-0.3793212, val_mse_loss-0.0004182, val_kl_loss-0.0009676, val_diff_loss-0.3807608
2025-03-21 02:22:01 - INFO - epoch-495, train_mse_loss-0.0003233, train_kl_loss-0.0009362, train_diff_loss-0.3818864, val_mse_loss-0.0003465, val_kl_loss-0.0009495, val_diff_loss-0.3614033
2025-03-21 02:26:20 - INFO - epoch-496, train_mse_loss-0.0003233, train_kl_loss-0.0009027, train_diff_loss-0.3730912, val_mse_loss-0.0003546, val_kl_loss-0.0009101, val_diff_loss-0.3609009
2025-03-21 02:30:38 - INFO - epoch-497, train_mse_loss-0.0003233, train_kl_loss-0.0009127, train_diff_loss-0.3763262, val_mse_loss-0.0003328, val_kl_loss-0.0009510, val_diff_loss-0.3880376
2025-03-21 02:34:56 - INFO - epoch-498, train_mse_loss-0.0003233, train_kl_loss-0.0009264, train_diff_loss-0.3811577, val_mse_loss-0.0003713, val_kl_loss-0.0010162, val_diff_loss-0.3652203
2025-03-21 02:39:14 - INFO - epoch-499, train_mse_loss-0.0003233, train_kl_loss-0.0009225, train_diff_loss-0.3777734, val_mse_loss-0.0003473, val_kl_loss-0.0008676, val_diff_loss-0.3605869
=======
>>>>>>> 276e8a8d297e2d3032d43656c072e4505f40cf1d
