2024-12-28 12:04:37 - INFO - /mnt/cephfs/projects/2023110101_Ligand_fitting_to_EM_maps/My_Code/CryoLigate_Github/CryoLigate/GIGN/GIGN_EM/For_Elisei_Nov_2024/CryoLigate_GIGN_Unet/train_example.py
2024-12-28 12:04:37 - INFO - train data: 6799
2024-12-28 12:04:37 - INFO - train unqiue data: 6799
2024-12-28 12:04:37 - INFO - valid data: 755
2024-12-28 12:04:37 - INFO - valid unqiue data: 755
2024-12-28 12:11:22 - INFO - epoch-0, train_loss-0.0023115, val_loss-0.0018708
2024-12-28 12:14:50 - INFO - epoch-1, train_loss-0.0012725, val_loss-0.0016921
2024-12-28 12:18:16 - INFO - epoch-2, train_loss-0.0012255, val_loss-0.0016257
2024-12-28 12:21:42 - INFO - epoch-3, train_loss-0.0012174, val_loss-0.0015850
2024-12-28 12:25:08 - INFO - epoch-4, train_loss-0.0012105, val_loss-0.0015838
2024-12-28 12:28:33 - INFO - epoch-5, train_loss-0.0012028, val_loss-0.0015827
2024-12-28 12:31:57 - INFO - epoch-6, train_loss-0.0011998, val_loss-0.0015842
2024-12-28 12:35:22 - INFO - epoch-7, train_loss-0.0011863, val_loss-0.0015842
2024-12-28 12:38:47 - INFO - epoch-8, train_loss-0.0011837, val_loss-0.0015842
2024-12-28 12:42:11 - INFO - epoch-9, train_loss-0.0011751, val_loss-0.0015842
2024-12-28 12:45:35 - INFO - epoch-10, train_loss-0.0011657, val_loss-0.0015842
2024-12-28 12:45:38 - INFO - Saved new best model at epoch 10 with validation loss 0.0015842
2024-12-28 12:49:03 - INFO - epoch-11, train_loss-0.0011699, val_loss-0.0015842
2024-12-28 12:49:06 - INFO - Saved new best model at epoch 11 with validation loss 0.0015842
2024-12-28 12:52:31 - INFO - epoch-12, train_loss-0.0011599, val_loss-0.0015842
2024-12-28 12:55:54 - INFO - epoch-13, train_loss-0.0011577, val_loss-0.0015842
2024-12-28 12:59:18 - INFO - epoch-14, train_loss-0.0011544, val_loss-0.0014603
2024-12-28 12:59:22 - INFO - Saved new best model at epoch 14 with validation loss 0.0014603
2024-12-28 13:02:45 - INFO - epoch-15, train_loss-0.0011543, val_loss-0.0014348
2024-12-28 13:02:48 - INFO - Saved new best model at epoch 15 with validation loss 0.0014348
2024-12-28 13:06:12 - INFO - epoch-16, train_loss-0.0011517, val_loss-0.0013289
2024-12-28 13:06:15 - INFO - Saved new best model at epoch 16 with validation loss 0.0013289
2024-12-28 13:09:39 - INFO - epoch-17, train_loss-0.0011429, val_loss-0.0014131
2024-12-28 13:13:02 - INFO - epoch-18, train_loss-0.0011439, val_loss-0.0013022
2024-12-28 13:13:05 - INFO - Saved new best model at epoch 18 with validation loss 0.0013022
2024-12-28 13:16:29 - INFO - epoch-19, train_loss-0.0011440, val_loss-0.0012834
2024-12-28 13:16:32 - INFO - Saved new best model at epoch 19 with validation loss 0.0012834
2024-12-28 13:19:55 - INFO - epoch-20, train_loss-0.0011401, val_loss-0.0011966
2024-12-28 13:19:58 - INFO - Saved new best model at epoch 20 with validation loss 0.0011966
2024-12-28 13:23:21 - INFO - epoch-21, train_loss-0.0011388, val_loss-0.0012227
2024-12-28 13:26:44 - INFO - epoch-22, train_loss-0.0011366, val_loss-0.0012865
2024-12-28 13:30:07 - INFO - epoch-23, train_loss-0.0011358, val_loss-0.0012051
2024-12-28 13:33:31 - INFO - epoch-24, train_loss-0.0011317, val_loss-0.0013163
2024-12-28 13:36:54 - INFO - epoch-25, train_loss-0.0011304, val_loss-0.0012788
2024-12-28 13:40:17 - INFO - epoch-26, train_loss-0.0011278, val_loss-0.0013731
2024-12-28 13:43:39 - INFO - epoch-27, train_loss-0.0011319, val_loss-0.0018778
2024-12-28 13:47:02 - INFO - epoch-28, train_loss-0.0011233, val_loss-0.0012781
2024-12-28 13:50:24 - INFO - epoch-29, train_loss-0.0011264, val_loss-0.0014286
2024-12-28 13:53:47 - INFO - epoch-30, train_loss-0.0011230, val_loss-0.0013060
2024-12-28 13:57:09 - INFO - epoch-31, train_loss-0.0011199, val_loss-0.0013218
2024-12-28 14:00:31 - INFO - epoch-32, train_loss-0.0011160, val_loss-0.0013561
2024-12-28 14:03:53 - INFO - epoch-33, train_loss-0.0011166, val_loss-0.0013194
2024-12-28 14:07:15 - INFO - epoch-34, train_loss-0.0011143, val_loss-0.0017655
2024-12-28 14:10:37 - INFO - epoch-35, train_loss-0.0011124, val_loss-0.0014287
2024-12-28 14:14:00 - INFO - epoch-36, train_loss-0.0011112, val_loss-0.0017594
2024-12-28 14:17:22 - INFO - epoch-37, train_loss-0.0011073, val_loss-0.0013359
2024-12-28 14:20:43 - INFO - epoch-38, train_loss-0.0011071, val_loss-0.0034522
2024-12-28 14:24:04 - INFO - epoch-39, train_loss-0.0011056, val_loss-0.0015424
2024-12-28 14:27:26 - INFO - epoch-40, train_loss-0.0011021, val_loss-0.0015624
2024-12-28 14:30:47 - INFO - epoch-41, train_loss-0.0011026, val_loss-0.0015834
2024-12-28 14:34:08 - INFO - epoch-42, train_loss-0.0011012, val_loss-0.0014340
2024-12-28 14:37:29 - INFO - epoch-43, train_loss-0.0011003, val_loss-0.0015808
2024-12-28 14:40:50 - INFO - epoch-44, train_loss-0.0010957, val_loss-0.0015669
2024-12-28 14:44:11 - INFO - epoch-45, train_loss-0.0010961, val_loss-0.0015767
2024-12-28 14:47:32 - INFO - epoch-46, train_loss-0.0010934, val_loss-0.0015815
2024-12-28 14:50:53 - INFO - epoch-47, train_loss-0.0010916, val_loss-0.0015662
2024-12-28 14:54:14 - INFO - epoch-48, train_loss-0.0010898, val_loss-0.0015821
2024-12-28 14:57:34 - INFO - epoch-49, train_loss-0.0010887, val_loss-0.0015842
2024-12-28 15:00:55 - INFO - epoch-50, train_loss-0.0010861, val_loss-0.0015839
2024-12-28 15:04:15 - INFO - epoch-51, train_loss-0.0010870, val_loss-0.0015842
2024-12-28 15:07:36 - INFO - epoch-52, train_loss-0.0010814, val_loss-0.0015839
2024-12-28 15:10:56 - INFO - epoch-53, train_loss-0.0010809, val_loss-0.0015837
2024-12-28 15:14:17 - INFO - epoch-54, train_loss-0.0010818, val_loss-0.0015830
2024-12-28 15:17:37 - INFO - epoch-55, train_loss-0.0010792, val_loss-0.0015842
2024-12-28 15:20:58 - INFO - epoch-56, train_loss-0.0010761, val_loss-0.0015836
2024-12-28 15:24:18 - INFO - epoch-57, train_loss-0.0010740, val_loss-0.0015842
2024-12-28 15:27:39 - INFO - epoch-58, train_loss-0.0010721, val_loss-0.0015842
2024-12-28 15:30:59 - INFO - epoch-59, train_loss-0.0010683, val_loss-0.0015842
2024-12-28 15:34:19 - INFO - epoch-60, train_loss-0.0010705, val_loss-0.0015842
2024-12-28 15:37:39 - INFO - epoch-61, train_loss-0.0010701, val_loss-0.0015842
2024-12-28 15:41:00 - INFO - epoch-62, train_loss-0.0010669, val_loss-0.0015842
2024-12-28 15:44:22 - INFO - epoch-63, train_loss-0.0010691, val_loss-0.0015842
2024-12-28 15:47:42 - INFO - epoch-64, train_loss-0.0010630, val_loss-0.0015842
2024-12-28 15:51:02 - INFO - epoch-65, train_loss-0.0010617, val_loss-0.0015842
2024-12-28 15:54:23 - INFO - epoch-66, train_loss-0.0010605, val_loss-0.0015842
2024-12-28 15:57:43 - INFO - epoch-67, train_loss-0.0010588, val_loss-0.0015842
2024-12-28 16:01:03 - INFO - epoch-68, train_loss-0.0010581, val_loss-0.0015842
2024-12-28 16:04:24 - INFO - epoch-69, train_loss-0.0010553, val_loss-0.0015842
2024-12-28 16:07:44 - INFO - epoch-70, train_loss-0.0010554, val_loss-0.0015842
2024-12-28 16:11:06 - INFO - epoch-71, train_loss-0.0010542, val_loss-0.0015842
2024-12-28 16:14:26 - INFO - epoch-72, train_loss-0.0010553, val_loss-0.0015842
2024-12-28 16:17:46 - INFO - epoch-73, train_loss-0.0010493, val_loss-0.0015842
2024-12-28 16:21:06 - INFO - epoch-74, train_loss-0.0010545, val_loss-0.0015842
2024-12-28 16:24:26 - INFO - epoch-75, train_loss-0.0010482, val_loss-0.0015842
2024-12-28 16:27:47 - INFO - epoch-76, train_loss-0.0010469, val_loss-0.0015842
2024-12-28 16:31:08 - INFO - epoch-77, train_loss-0.0010449, val_loss-0.0015842
2024-12-28 16:34:28 - INFO - epoch-78, train_loss-0.0010435, val_loss-0.0015842
2024-12-28 16:37:48 - INFO - epoch-79, train_loss-0.0010455, val_loss-0.0015842
2024-12-28 16:41:08 - INFO - epoch-80, train_loss-0.0010409, val_loss-0.0015842
2024-12-28 16:44:29 - INFO - epoch-81, train_loss-0.0010429, val_loss-0.0015842
2024-12-28 16:47:49 - INFO - epoch-82, train_loss-0.0010431, val_loss-0.0015842
2024-12-28 16:51:10 - INFO - epoch-83, train_loss-0.0010388, val_loss-0.0015842
2024-12-28 16:54:30 - INFO - epoch-84, train_loss-0.0010394, val_loss-0.0015842
2024-12-28 16:57:50 - INFO - epoch-85, train_loss-0.0010379, val_loss-0.0015842
2024-12-28 17:01:10 - INFO - epoch-86, train_loss-0.0010357, val_loss-0.0015842
2024-12-28 17:04:30 - INFO - epoch-87, train_loss-0.0010359, val_loss-0.0015842
2024-12-28 17:07:50 - INFO - epoch-88, train_loss-0.0010380, val_loss-0.0015842
2024-12-28 17:11:10 - INFO - epoch-89, train_loss-0.0010351, val_loss-0.0015842
2024-12-28 17:14:29 - INFO - epoch-90, train_loss-0.0010349, val_loss-0.0015842
2024-12-28 17:17:49 - INFO - epoch-91, train_loss-0.0010319, val_loss-0.0015842
2024-12-28 17:21:09 - INFO - epoch-92, train_loss-0.0010301, val_loss-0.0015842
2024-12-28 17:24:29 - INFO - epoch-93, train_loss-0.0010298, val_loss-0.0015842
2024-12-28 17:27:49 - INFO - epoch-94, train_loss-0.0010295, val_loss-0.0015842
2024-12-28 17:31:09 - INFO - epoch-95, train_loss-0.0010283, val_loss-0.0015842
2024-12-28 17:34:29 - INFO - epoch-96, train_loss-0.0010278, val_loss-0.0015842
2024-12-28 17:37:48 - INFO - epoch-97, train_loss-0.0010273, val_loss-0.0015842
2024-12-28 17:41:08 - INFO - epoch-98, train_loss-0.0010264, val_loss-0.0015842
2024-12-28 17:44:28 - INFO - epoch-99, train_loss-0.0010263, val_loss-0.0015842
2024-12-28 17:47:47 - INFO - epoch-100, train_loss-0.0010231, val_loss-0.0015842
2024-12-28 17:51:07 - INFO - epoch-101, train_loss-0.0010236, val_loss-0.0015842
2024-12-28 17:54:27 - INFO - epoch-102, train_loss-0.0010240, val_loss-0.0015842
2024-12-28 17:57:47 - INFO - epoch-103, train_loss-0.0010226, val_loss-0.0015842
2024-12-28 18:01:06 - INFO - epoch-104, train_loss-0.0010221, val_loss-0.0015842
2024-12-28 18:04:26 - INFO - epoch-105, train_loss-0.0010173, val_loss-0.0015842
2024-12-28 18:07:46 - INFO - epoch-106, train_loss-0.0010186, val_loss-0.0015842
2024-12-28 18:11:06 - INFO - epoch-107, train_loss-0.0010188, val_loss-0.0015842
2024-12-28 18:14:25 - INFO - epoch-108, train_loss-0.0010201, val_loss-0.0015842
2024-12-28 18:17:45 - INFO - epoch-109, train_loss-0.0010173, val_loss-0.0015842
2024-12-28 18:21:05 - INFO - epoch-110, train_loss-0.0010178, val_loss-0.0015842
2024-12-28 18:24:24 - INFO - epoch-111, train_loss-0.0010145, val_loss-0.0015842
2024-12-28 18:27:44 - INFO - epoch-112, train_loss-0.0010175, val_loss-0.0015842
2024-12-28 18:31:04 - INFO - epoch-113, train_loss-0.0010116, val_loss-0.0015842
2024-12-28 18:34:23 - INFO - epoch-114, train_loss-0.0010110, val_loss-0.0015842
2024-12-28 18:37:43 - INFO - epoch-115, train_loss-0.0010138, val_loss-0.0015842
2024-12-28 18:41:03 - INFO - epoch-116, train_loss-0.0010128, val_loss-0.0015842
2024-12-28 18:44:22 - INFO - epoch-117, train_loss-0.0010128, val_loss-0.0015842
2024-12-28 18:47:42 - INFO - epoch-118, train_loss-0.0010115, val_loss-0.0015842
2024-12-28 18:51:02 - INFO - epoch-119, train_loss-0.0010093, val_loss-0.0015842
2024-12-28 18:54:22 - INFO - epoch-120, train_loss-0.0010107, val_loss-0.0015842
2024-12-28 18:57:42 - INFO - epoch-121, train_loss-0.0010124, val_loss-0.0015842
2024-12-28 19:01:03 - INFO - epoch-122, train_loss-0.0010095, val_loss-0.0015842
2024-12-28 19:04:22 - INFO - epoch-123, train_loss-0.0010081, val_loss-0.0015842
2024-12-28 19:07:42 - INFO - epoch-124, train_loss-0.0010061, val_loss-0.0015842
2024-12-28 19:11:01 - INFO - epoch-125, train_loss-0.0010090, val_loss-0.0015842
2024-12-28 19:14:21 - INFO - epoch-126, train_loss-0.0010093, val_loss-0.0015842
2024-12-28 19:17:40 - INFO - epoch-127, train_loss-0.0010069, val_loss-0.0015842
2024-12-28 19:21:00 - INFO - epoch-128, train_loss-0.0010045, val_loss-0.0015842
2024-12-28 19:24:20 - INFO - epoch-129, train_loss-0.0010043, val_loss-0.0015842
2024-12-28 19:27:39 - INFO - epoch-130, train_loss-0.0010059, val_loss-0.0015842
2024-12-28 19:30:59 - INFO - epoch-131, train_loss-0.0010024, val_loss-0.0015842
2024-12-28 19:34:18 - INFO - epoch-132, train_loss-0.0010044, val_loss-0.0015842
2024-12-28 19:37:38 - INFO - epoch-133, train_loss-0.0010026, val_loss-0.0015842
2024-12-28 19:40:57 - INFO - epoch-134, train_loss-0.0010017, val_loss-0.0015842
2024-12-28 19:44:18 - INFO - epoch-135, train_loss-0.0010016, val_loss-0.0015842
2024-12-28 19:47:38 - INFO - epoch-136, train_loss-0.0010016, val_loss-0.0015842
2024-12-28 19:50:57 - INFO - epoch-137, train_loss-0.0010013, val_loss-0.0015842
2024-12-28 19:54:17 - INFO - epoch-138, train_loss-0.0009981, val_loss-0.0015842
2024-12-28 19:57:36 - INFO - epoch-139, train_loss-0.0009982, val_loss-0.0015842
2024-12-28 20:00:55 - INFO - epoch-140, train_loss-0.0009978, val_loss-0.0015842
2024-12-28 20:04:15 - INFO - epoch-141, train_loss-0.0010000, val_loss-0.0015842
2024-12-28 20:07:34 - INFO - epoch-142, train_loss-0.0009987, val_loss-0.0015842
2024-12-28 20:10:53 - INFO - epoch-143, train_loss-0.0009977, val_loss-0.0015842
2024-12-28 20:14:13 - INFO - epoch-144, train_loss-0.0009958, val_loss-0.0015842
2024-12-28 20:17:32 - INFO - epoch-145, train_loss-0.0009965, val_loss-0.0015842
2024-12-28 20:20:51 - INFO - epoch-146, train_loss-0.0009952, val_loss-0.0015842
2024-12-28 20:24:10 - INFO - epoch-147, train_loss-0.0009960, val_loss-0.0015842
2024-12-28 20:27:30 - INFO - epoch-148, train_loss-0.0009933, val_loss-0.0015842
2024-12-28 20:30:49 - INFO - epoch-149, train_loss-0.0009948, val_loss-0.0015842
2024-12-28 20:34:08 - INFO - epoch-150, train_loss-0.0009941, val_loss-0.0015842
2024-12-28 20:37:27 - INFO - epoch-151, train_loss-0.0009915, val_loss-0.0015842
2024-12-28 20:40:47 - INFO - epoch-152, train_loss-0.0009921, val_loss-0.0015842
2024-12-28 20:44:06 - INFO - epoch-153, train_loss-0.0009934, val_loss-0.0015842
2024-12-28 20:47:26 - INFO - epoch-154, train_loss-0.0009918, val_loss-0.0015842
2024-12-28 20:50:45 - INFO - epoch-155, train_loss-0.0009912, val_loss-0.0015842
2024-12-28 20:54:04 - INFO - epoch-156, train_loss-0.0009888, val_loss-0.0015842
2024-12-28 20:57:25 - INFO - epoch-157, train_loss-0.0009895, val_loss-0.0015842
2024-12-28 21:00:44 - INFO - epoch-158, train_loss-0.0009916, val_loss-0.0015842
2024-12-28 21:04:03 - INFO - epoch-159, train_loss-0.0009896, val_loss-0.0015842
2024-12-28 21:07:24 - INFO - epoch-160, train_loss-0.0009895, val_loss-0.0015842
2024-12-28 21:10:44 - INFO - epoch-161, train_loss-0.0009890, val_loss-0.0015842
2024-12-28 21:14:03 - INFO - epoch-162, train_loss-0.0009894, val_loss-0.0015842
2024-12-28 21:17:22 - INFO - epoch-163, train_loss-0.0009906, val_loss-0.0015842
2024-12-28 21:20:42 - INFO - epoch-164, train_loss-0.0009883, val_loss-0.0015842
2024-12-28 21:24:01 - INFO - epoch-165, train_loss-0.0009863, val_loss-0.0015842
2024-12-28 21:27:20 - INFO - epoch-166, train_loss-0.0009889, val_loss-0.0015842
2024-12-28 21:30:39 - INFO - epoch-167, train_loss-0.0009870, val_loss-0.0015842
2024-12-28 21:33:58 - INFO - epoch-168, train_loss-0.0009854, val_loss-0.0015842
2024-12-28 21:37:18 - INFO - epoch-169, train_loss-0.0009861, val_loss-0.0015842
2024-12-28 21:40:37 - INFO - epoch-170, train_loss-0.0009845, val_loss-0.0015842
2024-12-28 21:43:58 - INFO - epoch-171, train_loss-0.0009858, val_loss-0.0015842
2024-12-28 21:47:17 - INFO - epoch-172, train_loss-0.0009839, val_loss-0.0015842
2024-12-28 21:50:36 - INFO - epoch-173, train_loss-0.0009883, val_loss-0.0015786
2024-12-28 21:53:55 - INFO - epoch-174, train_loss-0.0009833, val_loss-0.0015842
2024-12-28 21:57:15 - INFO - epoch-175, train_loss-0.0009823, val_loss-0.0015842
2024-12-28 22:00:34 - INFO - epoch-176, train_loss-0.0009838, val_loss-0.0015842
2024-12-28 22:03:53 - INFO - epoch-177, train_loss-0.0009814, val_loss-0.0015842
2024-12-28 22:07:12 - INFO - epoch-178, train_loss-0.0009837, val_loss-0.0015842
2024-12-28 22:10:33 - INFO - epoch-179, train_loss-0.0009854, val_loss-0.0015842
2024-12-28 22:13:52 - INFO - epoch-180, train_loss-0.0009803, val_loss-0.0015842
2024-12-28 22:17:12 - INFO - epoch-181, train_loss-0.0009804, val_loss-0.0015842
2024-12-28 22:20:31 - INFO - epoch-182, train_loss-0.0009813, val_loss-0.0015842
2024-12-28 22:23:50 - INFO - epoch-183, train_loss-0.0009813, val_loss-0.0015842
2024-12-28 22:27:09 - INFO - epoch-184, train_loss-0.0009827, val_loss-0.0015836
2024-12-28 22:30:28 - INFO - epoch-185, train_loss-0.0009797, val_loss-0.0015842
2024-12-28 22:33:48 - INFO - epoch-186, train_loss-0.0009802, val_loss-0.0015842
2024-12-28 22:37:07 - INFO - epoch-187, train_loss-0.0009769, val_loss-0.0015842
2024-12-28 22:40:26 - INFO - epoch-188, train_loss-0.0009764, val_loss-0.0015842
2024-12-28 22:43:46 - INFO - epoch-189, train_loss-0.0009815, val_loss-0.0015805
2024-12-28 22:47:05 - INFO - epoch-190, train_loss-0.0009788, val_loss-0.0015724
2024-12-28 22:50:24 - INFO - epoch-191, train_loss-0.0009783, val_loss-0.0015724
2024-12-28 22:53:43 - INFO - epoch-192, train_loss-0.0009759, val_loss-0.0015807
2024-12-28 22:57:04 - INFO - epoch-193, train_loss-0.0009771, val_loss-0.0015836
2024-12-28 23:00:23 - INFO - epoch-194, train_loss-0.0009776, val_loss-0.0015808
2024-12-28 23:03:42 - INFO - epoch-195, train_loss-0.0009789, val_loss-0.0015321
2024-12-28 23:07:02 - INFO - epoch-196, train_loss-0.0009750, val_loss-0.0014982
2024-12-28 23:10:21 - INFO - epoch-197, train_loss-0.0009762, val_loss-0.0014698
2024-12-28 23:13:40 - INFO - epoch-198, train_loss-0.0009741, val_loss-0.0014508
2024-12-28 23:16:59 - INFO - epoch-199, train_loss-0.0009759, val_loss-0.0014732
2024-12-28 23:20:18 - INFO - epoch-200, train_loss-0.0009758, val_loss-0.0015733
2024-12-28 23:23:37 - INFO - epoch-201, train_loss-0.0009752, val_loss-0.0015744
2024-12-28 23:26:57 - INFO - epoch-202, train_loss-0.0009757, val_loss-0.0015841
2024-12-28 23:30:16 - INFO - epoch-203, train_loss-0.0009766, val_loss-0.0015842
2024-12-28 23:33:35 - INFO - epoch-204, train_loss-0.0009745, val_loss-0.0015842
2024-12-28 23:36:54 - INFO - epoch-205, train_loss-0.0009731, val_loss-0.0015566
2024-12-28 23:40:13 - INFO - epoch-206, train_loss-0.0009718, val_loss-0.0015749
2024-12-28 23:43:33 - INFO - epoch-207, train_loss-0.0009740, val_loss-0.0015842
2024-12-28 23:46:52 - INFO - epoch-208, train_loss-0.0009750, val_loss-0.0015842
2024-12-28 23:50:11 - INFO - epoch-209, train_loss-0.0009767, val_loss-0.0015842
2024-12-28 23:53:31 - INFO - epoch-210, train_loss-0.0009712, val_loss-0.0015842
2024-12-28 23:56:50 - INFO - epoch-211, train_loss-0.0009728, val_loss-0.0015842
2024-12-29 00:00:11 - INFO - epoch-212, train_loss-0.0009711, val_loss-0.0015842
2024-12-29 00:03:30 - INFO - epoch-213, train_loss-0.0009722, val_loss-0.0015842
2024-12-29 00:06:49 - INFO - epoch-214, train_loss-0.0009713, val_loss-0.0015842
2024-12-29 00:10:08 - INFO - epoch-215, train_loss-0.0009699, val_loss-0.0015842
2024-12-29 00:13:28 - INFO - epoch-216, train_loss-0.0009713, val_loss-0.0015842
2024-12-29 00:16:47 - INFO - epoch-217, train_loss-0.0009714, val_loss-0.0015842
2024-12-29 00:20:06 - INFO - epoch-218, train_loss-0.0009725, val_loss-0.0015842
2024-12-29 00:23:25 - INFO - epoch-219, train_loss-0.0009720, val_loss-0.0015842
2024-12-29 00:26:44 - INFO - epoch-220, train_loss-0.0009701, val_loss-0.0015842
2024-12-29 00:30:03 - INFO - epoch-221, train_loss-0.0009701, val_loss-0.0015842
2024-12-29 00:33:22 - INFO - epoch-222, train_loss-0.0009704, val_loss-0.0015842
2024-12-29 00:36:42 - INFO - epoch-223, train_loss-0.0009692, val_loss-0.0015841
2024-12-29 00:40:01 - INFO - epoch-224, train_loss-0.0009703, val_loss-0.0015842
2024-12-29 00:43:20 - INFO - epoch-225, train_loss-0.0009698, val_loss-0.0015842
2024-12-29 00:46:39 - INFO - epoch-226, train_loss-0.0009693, val_loss-0.0015842
2024-12-29 00:49:58 - INFO - epoch-227, train_loss-0.0009683, val_loss-0.0015842
2024-12-29 00:53:18 - INFO - epoch-228, train_loss-0.0009681, val_loss-0.0015842
2024-12-29 00:56:37 - INFO - epoch-229, train_loss-0.0009670, val_loss-0.0015842
2024-12-29 00:59:56 - INFO - epoch-230, train_loss-0.0009691, val_loss-0.0015842
2024-12-29 01:03:15 - INFO - epoch-231, train_loss-0.0009674, val_loss-0.0015840
2024-12-29 01:06:34 - INFO - epoch-232, train_loss-0.0009692, val_loss-0.0015842
2024-12-29 01:09:53 - INFO - epoch-233, train_loss-0.0009705, val_loss-0.0015831
2024-12-29 01:13:12 - INFO - epoch-234, train_loss-0.0009682, val_loss-0.0015841
2024-12-29 01:16:30 - INFO - epoch-235, train_loss-0.0009694, val_loss-0.0015836
2024-12-29 01:19:49 - INFO - epoch-236, train_loss-0.0009687, val_loss-0.0015810
2024-12-29 01:23:08 - INFO - epoch-237, train_loss-0.0009665, val_loss-0.0015763
2024-12-29 01:26:27 - INFO - epoch-238, train_loss-0.0009651, val_loss-0.0015745
2024-12-29 01:29:46 - INFO - epoch-239, train_loss-0.0009674, val_loss-0.0015832
2024-12-29 01:33:07 - INFO - epoch-240, train_loss-0.0009666, val_loss-0.0015841
2024-12-29 01:36:27 - INFO - epoch-241, train_loss-0.0009660, val_loss-0.0015839
2024-12-29 01:39:45 - INFO - epoch-242, train_loss-0.0009671, val_loss-0.0015840
2024-12-29 01:43:04 - INFO - epoch-243, train_loss-0.0009676, val_loss-0.0015842
2024-12-29 01:46:23 - INFO - epoch-244, train_loss-0.0009681, val_loss-0.0015796
2024-12-29 01:49:43 - INFO - epoch-245, train_loss-0.0009662, val_loss-0.0015841
2024-12-29 01:53:02 - INFO - epoch-246, train_loss-0.0009657, val_loss-0.0015842
2024-12-29 01:56:22 - INFO - epoch-247, train_loss-0.0009629, val_loss-0.0015817
2024-12-29 01:59:42 - INFO - epoch-248, train_loss-0.0009631, val_loss-0.0015839
2024-12-29 02:03:00 - INFO - epoch-249, train_loss-0.0009656, val_loss-0.0015841
2024-12-29 02:06:19 - INFO - epoch-250, train_loss-0.0009667, val_loss-0.0015842
2024-12-29 02:09:38 - INFO - epoch-251, train_loss-0.0009625, val_loss-0.0015825
2024-12-29 02:12:57 - INFO - epoch-252, train_loss-0.0009642, val_loss-0.0015842
2024-12-29 02:16:17 - INFO - epoch-253, train_loss-0.0009685, val_loss-0.0015837
2024-12-29 02:19:36 - INFO - epoch-254, train_loss-0.0009645, val_loss-0.0015841
2024-12-29 02:22:54 - INFO - epoch-255, train_loss-0.0009639, val_loss-0.0015840
2024-12-29 02:26:13 - INFO - epoch-256, train_loss-0.0009634, val_loss-0.0015840
2024-12-29 02:29:32 - INFO - epoch-257, train_loss-0.0009630, val_loss-0.0015841
2024-12-29 02:32:53 - INFO - epoch-258, train_loss-0.0009645, val_loss-0.0015833
2024-12-29 02:36:11 - INFO - epoch-259, train_loss-0.0009630, val_loss-0.0015840
2024-12-29 02:39:30 - INFO - epoch-260, train_loss-0.0009640, val_loss-0.0015837
2024-12-29 02:42:49 - INFO - epoch-261, train_loss-0.0009638, val_loss-0.0015842
2024-12-29 02:46:08 - INFO - epoch-262, train_loss-0.0009605, val_loss-0.0015842
2024-12-29 02:49:27 - INFO - epoch-263, train_loss-0.0009627, val_loss-0.0015791
2024-12-29 02:52:46 - INFO - epoch-264, train_loss-0.0009632, val_loss-0.0015842
2024-12-29 02:56:05 - INFO - epoch-265, train_loss-0.0009618, val_loss-0.0015832
2024-12-29 02:59:25 - INFO - epoch-266, train_loss-0.0009622, val_loss-0.0015842
2024-12-29 03:02:44 - INFO - epoch-267, train_loss-0.0009627, val_loss-0.0015840
2024-12-29 03:06:02 - INFO - epoch-268, train_loss-0.0009604, val_loss-0.0015823
2024-12-29 03:09:21 - INFO - epoch-269, train_loss-0.0009638, val_loss-0.0015831
2024-12-29 03:12:40 - INFO - epoch-270, train_loss-0.0009622, val_loss-0.0015837
2024-12-29 03:16:00 - INFO - epoch-271, train_loss-0.0009583, val_loss-0.0015825
2024-12-29 03:19:20 - INFO - epoch-272, train_loss-0.0009607, val_loss-0.0015823
2024-12-29 03:22:39 - INFO - epoch-273, train_loss-0.0009595, val_loss-0.0015732
2024-12-29 03:25:58 - INFO - epoch-274, train_loss-0.0009613, val_loss-0.0015836
2024-12-29 03:29:17 - INFO - epoch-275, train_loss-0.0009630, val_loss-0.0015624
2024-12-29 03:32:36 - INFO - epoch-276, train_loss-0.0009624, val_loss-0.0015722
2024-12-29 03:35:55 - INFO - epoch-277, train_loss-0.0009602, val_loss-0.0015730
2024-12-29 03:39:14 - INFO - epoch-278, train_loss-0.0009621, val_loss-0.0015766
2024-12-29 03:42:34 - INFO - epoch-279, train_loss-0.0009633, val_loss-0.0015829
2024-12-29 03:45:53 - INFO - epoch-280, train_loss-0.0009591, val_loss-0.0015444
2024-12-29 03:49:13 - INFO - epoch-281, train_loss-0.0009589, val_loss-0.0015541
2024-12-29 03:52:32 - INFO - epoch-282, train_loss-0.0009628, val_loss-0.0015815
2024-12-29 03:55:51 - INFO - epoch-283, train_loss-0.0009597, val_loss-0.0015820
2024-12-29 03:59:09 - INFO - epoch-284, train_loss-0.0009589, val_loss-0.0015839
2024-12-29 04:02:28 - INFO - epoch-285, train_loss-0.0009612, val_loss-0.0015780
2024-12-29 04:05:47 - INFO - epoch-286, train_loss-0.0009614, val_loss-0.0015766
2024-12-29 04:09:06 - INFO - epoch-287, train_loss-0.0009564, val_loss-0.0015759
2024-12-29 04:12:25 - INFO - epoch-288, train_loss-0.0009588, val_loss-0.0015718
2024-12-29 04:15:44 - INFO - epoch-289, train_loss-0.0009569, val_loss-0.0015758
2024-12-29 04:19:03 - INFO - epoch-290, train_loss-0.0009586, val_loss-0.0015565
2024-12-29 04:22:22 - INFO - epoch-291, train_loss-0.0009582, val_loss-0.0015702
2024-12-29 04:25:41 - INFO - epoch-292, train_loss-0.0009600, val_loss-0.0015533
2024-12-29 04:29:00 - INFO - epoch-293, train_loss-0.0009560, val_loss-0.0015619
2024-12-29 04:32:18 - INFO - epoch-294, train_loss-0.0009577, val_loss-0.0015330
2024-12-29 04:35:37 - INFO - epoch-295, train_loss-0.0009572, val_loss-0.0015563
2024-12-29 04:38:56 - INFO - epoch-296, train_loss-0.0009593, val_loss-0.0015542
2024-12-29 04:42:15 - INFO - epoch-297, train_loss-0.0009568, val_loss-0.0015025
2024-12-29 04:45:34 - INFO - epoch-298, train_loss-0.0009598, val_loss-0.0015106
2024-12-29 04:48:52 - INFO - epoch-299, train_loss-0.0009570, val_loss-0.0015315
