2024-12-20 20:01:44 - INFO - /mnt/cephfs/projects/2023110101_Ligand_fitting_to_EM_maps/My_Code/CryoLigate_Github/CryoLigate/GIGN/GIGN_EM/For_Elisei_Nov_2024/CryoLigate_GIGN_Unet/train_example.py
2024-12-20 20:01:44 - INFO - train data: 6809
2024-12-20 20:01:44 - INFO - valid data: 757
2024-12-20 20:02:01 - INFO - Initial_train_loss-0.0068000  Initial_val_loss-0.0067981
2024-12-20 20:02:39 - INFO - epoch-0, train_loss-0.0197092, val_loss-0.0332865
2024-12-20 20:03:17 - INFO - epoch-1, train_loss-0.0008267, val_loss-0.0231615
2024-12-20 20:03:55 - INFO - epoch-2, train_loss-0.0007321, val_loss-0.0205309
2024-12-20 20:04:33 - INFO - epoch-3, train_loss-0.0007025, val_loss-0.0192865
2024-12-20 20:05:11 - INFO - epoch-4, train_loss-0.0006908, val_loss-0.0180708
2024-12-20 20:05:49 - INFO - epoch-5, train_loss-0.0006873, val_loss-0.0171508
2024-12-20 20:06:27 - INFO - epoch-6, train_loss-0.0006905, val_loss-0.0157332
2024-12-20 20:07:05 - INFO - epoch-7, train_loss-0.0006834, val_loss-0.0152326
2024-12-20 20:07:43 - INFO - epoch-8, train_loss-0.0007028, val_loss-0.0142942
2024-12-20 20:08:21 - INFO - epoch-9, train_loss-0.0006714, val_loss-0.0133115
2024-12-20 20:08:59 - INFO - epoch-10, train_loss-0.0006758, val_loss-0.0127136
2024-12-20 20:09:37 - INFO - epoch-11, train_loss-0.0006985, val_loss-0.0126544
2024-12-20 20:10:16 - INFO - epoch-12, train_loss-0.0006779, val_loss-0.0111247
2024-12-20 20:10:54 - INFO - epoch-13, train_loss-0.0006662, val_loss-0.0105346
2024-12-20 20:11:32 - INFO - epoch-14, train_loss-0.0006676, val_loss-0.0102569
2024-12-20 20:12:10 - INFO - epoch-15, train_loss-0.0006736, val_loss-0.0101069
2024-12-20 20:12:48 - INFO - epoch-16, train_loss-0.0006786, val_loss-0.0096367
2024-12-20 20:13:26 - INFO - epoch-17, train_loss-0.0006707, val_loss-0.0091262
2024-12-20 20:14:04 - INFO - epoch-18, train_loss-0.0006735, val_loss-0.0087780
2024-12-20 20:14:42 - INFO - epoch-19, train_loss-0.0006751, val_loss-0.0094134
2024-12-20 20:15:20 - INFO - epoch-20, train_loss-0.0006736, val_loss-0.0077162
2024-12-20 20:16:00 - INFO - epoch-21, train_loss-0.0006689, val_loss-0.0078530
2024-12-20 20:16:38 - INFO - epoch-22, train_loss-0.0006734, val_loss-0.0075756
2024-12-20 20:17:16 - INFO - epoch-23, train_loss-0.0006714, val_loss-0.0072238
2024-12-20 20:17:54 - INFO - epoch-24, train_loss-0.0006686, val_loss-0.0069974
2024-12-20 20:18:32 - INFO - epoch-25, train_loss-0.0006704, val_loss-0.0069440
2024-12-20 20:19:10 - INFO - epoch-26, train_loss-0.0006679, val_loss-0.0066790
2024-12-20 20:19:50 - INFO - epoch-27, train_loss-0.0006676, val_loss-0.0064825
2024-12-20 20:20:28 - INFO - epoch-28, train_loss-0.0006656, val_loss-0.0062328
2024-12-20 20:21:06 - INFO - epoch-29, train_loss-0.0006652, val_loss-0.0058934
2024-12-20 20:21:44 - INFO - epoch-30, train_loss-0.0006656, val_loss-0.0056844
2024-12-20 20:22:22 - INFO - epoch-31, train_loss-0.0006644, val_loss-0.0053260
2024-12-20 20:23:00 - INFO - epoch-32, train_loss-0.0006639, val_loss-0.0051633
2024-12-20 20:23:38 - INFO - epoch-33, train_loss-0.0006632, val_loss-0.0050065
2024-12-20 20:24:16 - INFO - epoch-34, train_loss-0.0006629, val_loss-0.0047203
2024-12-20 20:24:54 - INFO - epoch-35, train_loss-0.0006623, val_loss-0.0045433
2024-12-20 20:25:32 - INFO - epoch-36, train_loss-0.0006618, val_loss-0.0042562
2024-12-20 20:26:10 - INFO - epoch-37, train_loss-0.0006614, val_loss-0.0040383
2024-12-20 20:26:49 - INFO - epoch-38, train_loss-0.0006609, val_loss-0.0039000
2024-12-20 20:27:26 - INFO - epoch-39, train_loss-0.0006605, val_loss-0.0037628
2024-12-20 20:28:05 - INFO - epoch-40, train_loss-0.0006604, val_loss-0.0035713
2024-12-20 20:28:43 - INFO - epoch-41, train_loss-0.0006601, val_loss-0.0034374
2024-12-20 20:29:21 - INFO - epoch-42, train_loss-0.0006591, val_loss-0.0033049
2024-12-20 20:29:59 - INFO - epoch-43, train_loss-0.0006589, val_loss-0.0033081
2024-12-20 20:30:37 - INFO - epoch-44, train_loss-0.0006596, val_loss-0.0031325
2024-12-20 20:31:15 - INFO - epoch-45, train_loss-0.0006576, val_loss-0.0030742
2024-12-20 20:31:53 - INFO - epoch-46, train_loss-0.0006581, val_loss-0.0029379
2024-12-20 20:32:31 - INFO - epoch-47, train_loss-0.0006566, val_loss-0.0029144
2024-12-20 20:33:09 - INFO - epoch-48, train_loss-0.0006606, val_loss-0.0029127
2024-12-20 20:33:47 - INFO - epoch-49, train_loss-0.0006559, val_loss-0.0027626
2024-12-20 20:34:25 - INFO - epoch-50, train_loss-0.0006561, val_loss-0.0028835
2024-12-20 20:35:04 - INFO - epoch-51, train_loss-0.0006571, val_loss-0.0027538
2024-12-20 20:35:43 - INFO - epoch-52, train_loss-0.0006551, val_loss-0.0027688
2024-12-20 20:36:22 - INFO - epoch-53, train_loss-0.0006574, val_loss-0.0028301
2024-12-20 20:37:00 - INFO - epoch-54, train_loss-0.0006546, val_loss-0.0026745
2024-12-20 20:37:39 - INFO - epoch-55, train_loss-0.0006548, val_loss-0.0027340
2024-12-20 20:38:17 - INFO - epoch-56, train_loss-0.0006541, val_loss-0.0027523
2024-12-20 20:38:56 - INFO - epoch-57, train_loss-0.0006554, val_loss-0.0028151
2024-12-20 20:39:35 - INFO - epoch-58, train_loss-0.0006535, val_loss-0.0028044
2024-12-20 20:40:13 - INFO - epoch-59, train_loss-0.0006534, val_loss-0.0027946
2024-12-20 20:40:52 - INFO - epoch-60, train_loss-0.0006527, val_loss-0.0029087
2024-12-20 20:41:30 - INFO - epoch-61, train_loss-0.0006531, val_loss-0.0029049
2024-12-20 20:42:08 - INFO - epoch-62, train_loss-0.0006524, val_loss-0.0028048
2024-12-20 20:42:46 - INFO - epoch-63, train_loss-0.0006506, val_loss-0.0028316
2024-12-20 20:43:26 - INFO - epoch-64, train_loss-0.0006502, val_loss-0.0028706
2024-12-20 20:44:42 - INFO - epoch-65, train_loss-0.0006504, val_loss-0.0028785
2024-12-20 20:47:07 - INFO - epoch-66, train_loss-0.0006496, val_loss-0.0029037
2024-12-20 20:47:45 - INFO - epoch-67, train_loss-0.0006488, val_loss-0.0030309
2024-12-20 20:48:23 - INFO - epoch-68, train_loss-0.0006483, val_loss-0.0029461
2024-12-20 20:49:01 - INFO - epoch-69, train_loss-0.0006478, val_loss-0.0032244
2024-12-20 20:49:40 - INFO - epoch-70, train_loss-0.0006475, val_loss-0.0032556
2024-12-20 20:50:18 - INFO - epoch-71, train_loss-0.0006472, val_loss-0.0032382
2024-12-20 20:50:56 - INFO - epoch-72, train_loss-0.0006465, val_loss-0.0034139
2024-12-20 20:51:34 - INFO - epoch-73, train_loss-0.0006467, val_loss-0.0033885
2024-12-20 20:52:12 - INFO - epoch-74, train_loss-0.0006457, val_loss-0.0032378
2024-12-20 20:52:50 - INFO - epoch-75, train_loss-0.0006453, val_loss-0.0033595
2024-12-20 20:53:28 - INFO - epoch-76, train_loss-0.0006450, val_loss-0.0032737
2024-12-20 20:54:06 - INFO - epoch-77, train_loss-0.0006453, val_loss-0.0033105
2024-12-20 20:54:44 - INFO - epoch-78, train_loss-0.0006447, val_loss-0.0032444
2024-12-20 20:55:22 - INFO - epoch-79, train_loss-0.0006442, val_loss-0.0032932
2024-12-20 20:56:01 - INFO - epoch-80, train_loss-0.0006434, val_loss-0.0032459
2024-12-20 20:56:40 - INFO - epoch-81, train_loss-0.0006431, val_loss-0.0033816
2024-12-20 20:57:19 - INFO - epoch-82, train_loss-0.0006423, val_loss-0.0032673
2024-12-20 20:57:57 - INFO - epoch-83, train_loss-0.0006420, val_loss-0.0034546
2024-12-20 20:58:35 - INFO - epoch-84, train_loss-0.0006422, val_loss-0.0034463
2024-12-20 20:59:13 - INFO - epoch-85, train_loss-0.0006415, val_loss-0.0031364
2024-12-20 20:59:51 - INFO - epoch-86, train_loss-0.0006406, val_loss-0.0031372
2024-12-20 21:00:29 - INFO - epoch-87, train_loss-0.0006402, val_loss-0.0028338
2024-12-20 21:01:07 - INFO - epoch-88, train_loss-0.0006400, val_loss-0.0027329
2024-12-20 21:01:45 - INFO - epoch-89, train_loss-0.0006403, val_loss-0.0025023
2024-12-20 21:02:23 - INFO - epoch-90, train_loss-0.0006393, val_loss-0.0025052
2024-12-20 21:03:01 - INFO - epoch-91, train_loss-0.0006386, val_loss-0.0023615
2024-12-20 21:03:39 - INFO - epoch-92, train_loss-0.0006382, val_loss-0.0021485
2024-12-20 21:04:18 - INFO - epoch-93, train_loss-0.0006375, val_loss-0.0020705
2024-12-20 21:04:56 - INFO - epoch-94, train_loss-0.0006371, val_loss-0.0019231
2024-12-20 21:05:34 - INFO - epoch-95, train_loss-0.0006367, val_loss-0.0019042
2024-12-20 21:06:13 - INFO - epoch-96, train_loss-0.0006864, val_loss-0.0027921
2024-12-20 21:06:51 - INFO - epoch-97, train_loss-0.0006362, val_loss-0.0025428
2024-12-20 21:07:29 - INFO - epoch-98, train_loss-0.0006327, val_loss-0.0023948
2024-12-20 21:08:07 - INFO - epoch-99, train_loss-0.0006328, val_loss-0.0022233
2024-12-20 21:08:46 - INFO - epoch-100, train_loss-0.0006330, val_loss-0.0021122
2024-12-20 21:09:25 - INFO - epoch-101, train_loss-0.0006321, val_loss-0.0020224
2024-12-20 21:10:03 - INFO - epoch-102, train_loss-0.0006322, val_loss-0.0020435
2024-12-20 21:10:41 - INFO - epoch-103, train_loss-0.0006322, val_loss-0.0019300
2024-12-20 21:11:20 - INFO - epoch-104, train_loss-0.0006314, val_loss-0.0018489
2024-12-20 21:11:58 - INFO - epoch-105, train_loss-0.0006309, val_loss-0.0018785
2024-12-20 21:12:36 - INFO - epoch-106, train_loss-0.0006282, val_loss-0.0017316
2024-12-20 21:13:14 - INFO - epoch-107, train_loss-0.0006274, val_loss-0.0016069
2024-12-20 21:13:52 - INFO - epoch-108, train_loss-0.0006263, val_loss-0.0015548
2024-12-20 21:14:29 - INFO - epoch-109, train_loss-0.0006261, val_loss-0.0015374
2024-12-20 21:15:07 - INFO - epoch-110, train_loss-0.0006241, val_loss-0.0014745
2024-12-20 21:15:45 - INFO - epoch-111, train_loss-0.0006261, val_loss-0.0013977
2024-12-20 21:16:23 - INFO - epoch-112, train_loss-0.0006216, val_loss-0.0013769
2024-12-20 21:17:01 - INFO - epoch-113, train_loss-0.0006191, val_loss-0.0013713
2024-12-20 21:17:39 - INFO - epoch-114, train_loss-0.0006205, val_loss-0.0012999
2024-12-20 21:18:17 - INFO - epoch-115, train_loss-0.0006167, val_loss-0.0012821
2024-12-20 21:18:55 - INFO - epoch-116, train_loss-0.0006125, val_loss-0.0011489
2024-12-20 21:19:34 - INFO - epoch-117, train_loss-0.0006135, val_loss-0.0011688
2024-12-20 21:20:12 - INFO - epoch-118, train_loss-0.0006131, val_loss-0.0011885
2024-12-20 21:20:49 - INFO - epoch-119, train_loss-0.0006609, val_loss-0.0013506
2024-12-20 21:21:27 - INFO - epoch-120, train_loss-0.0006093, val_loss-0.0011806
2024-12-20 21:22:05 - INFO - epoch-121, train_loss-0.0006059, val_loss-0.0011455
2024-12-20 21:22:43 - INFO - epoch-122, train_loss-0.0006021, val_loss-0.0011160
2024-12-20 21:23:21 - INFO - epoch-123, train_loss-0.0005999, val_loss-0.0011295
2024-12-20 21:23:59 - INFO - epoch-124, train_loss-0.0005994, val_loss-0.0011376
2024-12-20 21:24:37 - INFO - epoch-125, train_loss-0.0005984, val_loss-0.0011709
2024-12-20 21:25:15 - INFO - epoch-126, train_loss-0.0005973, val_loss-0.0011455
2024-12-20 21:25:53 - INFO - epoch-127, train_loss-0.0005958, val_loss-0.0011518
2024-12-20 21:26:30 - INFO - epoch-128, train_loss-0.0005929, val_loss-0.0011138
2024-12-20 21:27:09 - INFO - epoch-129, train_loss-0.0005936, val_loss-0.0011383
2024-12-20 21:27:46 - INFO - epoch-130, train_loss-0.0005920, val_loss-0.0011764
2024-12-20 21:28:24 - INFO - epoch-131, train_loss-0.0005890, val_loss-0.0011829
2024-12-20 21:29:03 - INFO - epoch-132, train_loss-0.0005907, val_loss-0.0011110
2024-12-20 21:29:41 - INFO - epoch-133, train_loss-0.0005866, val_loss-0.0011171
2024-12-20 21:30:19 - INFO - epoch-134, train_loss-0.0005914, val_loss-0.0010987
2024-12-20 21:30:57 - INFO - epoch-135, train_loss-0.0005831, val_loss-0.0010881
2024-12-20 21:31:35 - INFO - epoch-136, train_loss-0.0005822, val_loss-0.0010794
2024-12-20 21:32:13 - INFO - epoch-137, train_loss-0.0005834, val_loss-0.0011025
2024-12-20 21:32:52 - INFO - epoch-138, train_loss-0.0005778, val_loss-0.0011032
2024-12-20 21:33:29 - INFO - epoch-139, train_loss-0.0005769, val_loss-0.0010551
2024-12-20 21:34:07 - INFO - epoch-140, train_loss-0.0005705, val_loss-0.0010562
2024-12-20 21:34:45 - INFO - epoch-141, train_loss-0.0005714, val_loss-0.0010876
2024-12-20 21:35:23 - INFO - epoch-142, train_loss-0.0005680, val_loss-0.0010807
2024-12-20 21:36:01 - INFO - epoch-143, train_loss-0.0005650, val_loss-0.0010831
2024-12-20 21:36:40 - INFO - epoch-144, train_loss-0.0005618, val_loss-0.0010995
2024-12-20 21:37:18 - INFO - epoch-145, train_loss-0.0005587, val_loss-0.0011290
2024-12-20 21:38:40 - INFO - epoch-146, train_loss-0.0005571, val_loss-0.0011545
2024-12-20 21:40:32 - INFO - epoch-147, train_loss-0.0005544, val_loss-0.0011450
2024-12-20 21:41:10 - INFO - epoch-148, train_loss-0.0005523, val_loss-0.0011624
2024-12-20 21:41:48 - INFO - epoch-149, train_loss-0.0005525, val_loss-0.0011902
2024-12-20 21:42:26 - INFO - epoch-150, train_loss-0.0005498, val_loss-0.0011743
2024-12-20 21:43:04 - INFO - epoch-151, train_loss-0.0005510, val_loss-0.0011983
2024-12-20 21:43:42 - INFO - epoch-152, train_loss-0.0005450, val_loss-0.0012046
2024-12-20 21:44:19 - INFO - epoch-153, train_loss-0.0005433, val_loss-0.0011780
2024-12-20 21:44:57 - INFO - epoch-154, train_loss-0.0005425, val_loss-0.0012184
2024-12-20 21:45:35 - INFO - epoch-155, train_loss-0.0005407, val_loss-0.0012217
2024-12-20 21:46:13 - INFO - epoch-156, train_loss-0.0005397, val_loss-0.0012217
2024-12-20 21:46:51 - INFO - epoch-157, train_loss-0.0005390, val_loss-0.0012334
2024-12-20 21:47:29 - INFO - epoch-158, train_loss-0.0005365, val_loss-0.0012306
2024-12-20 21:48:07 - INFO - epoch-159, train_loss-0.0005339, val_loss-0.0012234
2024-12-20 21:48:45 - INFO - epoch-160, train_loss-0.0005335, val_loss-0.0012053
2024-12-20 21:49:22 - INFO - epoch-161, train_loss-0.0005323, val_loss-0.0012525
2024-12-20 21:50:00 - INFO - epoch-162, train_loss-0.0005305, val_loss-0.0012275
2024-12-20 21:50:39 - INFO - epoch-163, train_loss-0.0005271, val_loss-0.0012698
2024-12-20 21:51:17 - INFO - epoch-164, train_loss-0.0005258, val_loss-0.0012834
2024-12-20 21:51:55 - INFO - epoch-165, train_loss-0.0005235, val_loss-0.0013297
2024-12-20 21:52:34 - INFO - epoch-166, train_loss-0.0005200, val_loss-0.0013030
2024-12-20 21:53:12 - INFO - epoch-167, train_loss-0.0005366, val_loss-0.0013685
2024-12-20 21:53:51 - INFO - epoch-168, train_loss-0.0005156, val_loss-0.0013186
2024-12-20 21:54:29 - INFO - epoch-169, train_loss-0.0005115, val_loss-0.0013030
2024-12-20 21:55:07 - INFO - epoch-170, train_loss-0.0005112, val_loss-0.0012781
2024-12-20 21:55:45 - INFO - epoch-171, train_loss-0.0005093, val_loss-0.0013123
2024-12-20 21:56:23 - INFO - epoch-172, train_loss-0.0005061, val_loss-0.0013343
2024-12-20 21:57:00 - INFO - epoch-173, train_loss-0.0005069, val_loss-0.0012494
2024-12-20 21:57:38 - INFO - epoch-174, train_loss-0.0005043, val_loss-0.0012516
2024-12-20 21:58:16 - INFO - epoch-175, train_loss-0.0005016, val_loss-0.0012868
2024-12-20 21:58:54 - INFO - epoch-176, train_loss-0.0004978, val_loss-0.0012824
2024-12-20 21:59:32 - INFO - epoch-177, train_loss-0.0004951, val_loss-0.0012536
2024-12-20 22:00:10 - INFO - epoch-178, train_loss-0.0004936, val_loss-0.0013160
2024-12-20 22:00:48 - INFO - epoch-179, train_loss-0.0004929, val_loss-0.0012431
2024-12-20 22:01:26 - INFO - epoch-180, train_loss-0.0004912, val_loss-0.0012670
2024-12-20 22:02:04 - INFO - epoch-181, train_loss-0.0004854, val_loss-0.0012418
2024-12-20 22:02:42 - INFO - epoch-182, train_loss-0.0004896, val_loss-0.0012558
2024-12-20 22:03:19 - INFO - epoch-183, train_loss-0.0004802, val_loss-0.0012368
2024-12-20 22:03:57 - INFO - epoch-184, train_loss-0.0004730, val_loss-0.0011690
2024-12-20 22:04:35 - INFO - epoch-185, train_loss-0.0004703, val_loss-0.0011134
2024-12-20 22:05:13 - INFO - epoch-186, train_loss-0.0004693, val_loss-0.0011325
2024-12-20 22:05:51 - INFO - epoch-187, train_loss-0.0004648, val_loss-0.0010873
2024-12-20 22:06:29 - INFO - epoch-188, train_loss-0.0004619, val_loss-0.0010964
2024-12-20 22:07:07 - INFO - epoch-189, train_loss-0.0004605, val_loss-0.0010468
2024-12-20 22:07:46 - INFO - epoch-190, train_loss-0.0004605, val_loss-0.0011245
2024-12-20 22:08:24 - INFO - epoch-191, train_loss-0.0004558, val_loss-0.0010737
2024-12-20 22:09:02 - INFO - epoch-192, train_loss-0.0004529, val_loss-0.0011701
2024-12-20 22:09:41 - INFO - epoch-193, train_loss-0.0004528, val_loss-0.0010563
2024-12-20 22:10:19 - INFO - epoch-194, train_loss-0.0004514, val_loss-0.0011126
2024-12-20 22:10:57 - INFO - epoch-195, train_loss-0.0004479, val_loss-0.0010691
2024-12-20 22:11:34 - INFO - epoch-196, train_loss-0.0004438, val_loss-0.0010514
2024-12-20 22:12:12 - INFO - epoch-197, train_loss-0.0004392, val_loss-0.0009949
2024-12-20 22:12:51 - INFO - epoch-198, train_loss-0.0004383, val_loss-0.0010528
2024-12-20 22:13:29 - INFO - epoch-199, train_loss-0.0004366, val_loss-0.0010890
2024-12-20 22:14:07 - INFO - epoch-200, train_loss-0.0004315, val_loss-0.0010433
2024-12-20 22:14:45 - INFO - epoch-201, train_loss-0.0004282, val_loss-0.0010573
2024-12-20 22:15:23 - INFO - epoch-202, train_loss-0.0004263, val_loss-0.0010816
2024-12-20 22:16:02 - INFO - epoch-203, train_loss-0.0004264, val_loss-0.0010991
2024-12-20 22:16:40 - INFO - epoch-204, train_loss-0.0004264, val_loss-0.0010834
2024-12-20 22:17:17 - INFO - epoch-205, train_loss-0.0004278, val_loss-0.0010773
2024-12-20 22:17:55 - INFO - epoch-206, train_loss-0.0004254, val_loss-0.0010872
2024-12-20 22:18:33 - INFO - epoch-207, train_loss-0.0004279, val_loss-0.0010468
2024-12-20 22:19:11 - INFO - epoch-208, train_loss-0.0004254, val_loss-0.0010573
2024-12-20 22:19:49 - INFO - epoch-209, train_loss-0.0004232, val_loss-0.0010842
2024-12-20 22:20:27 - INFO - epoch-210, train_loss-0.0004170, val_loss-0.0010712
2024-12-20 22:21:06 - INFO - epoch-211, train_loss-0.0004256, val_loss-0.0011822
2024-12-20 22:21:44 - INFO - epoch-212, train_loss-0.0004167, val_loss-0.0011695
2024-12-20 22:22:22 - INFO - epoch-213, train_loss-0.0004091, val_loss-0.0011474
2024-12-20 22:22:59 - INFO - epoch-214, train_loss-0.0004063, val_loss-0.0009997
2024-12-20 22:23:37 - INFO - epoch-215, train_loss-0.0004037, val_loss-0.0011146
2024-12-20 22:24:15 - INFO - epoch-216, train_loss-0.0004065, val_loss-0.0011590
2024-12-20 22:24:53 - INFO - epoch-217, train_loss-0.0004079, val_loss-0.0011235
2024-12-20 22:25:31 - INFO - epoch-218, train_loss-0.0004086, val_loss-0.0011850
2024-12-20 22:26:10 - INFO - epoch-219, train_loss-0.0004112, val_loss-0.0011751
2024-12-20 22:26:48 - INFO - epoch-220, train_loss-0.0004069, val_loss-0.0012687
2024-12-20 22:27:25 - INFO - epoch-221, train_loss-0.0004029, val_loss-0.0011443
2024-12-20 22:28:03 - INFO - epoch-222, train_loss-0.0004025, val_loss-0.0011495
2024-12-20 22:28:41 - INFO - epoch-223, train_loss-0.0006643, val_loss-0.0010145
2024-12-20 22:29:20 - INFO - epoch-224, train_loss-0.0004514, val_loss-0.0009891
2024-12-20 22:29:58 - INFO - epoch-225, train_loss-0.0004416, val_loss-0.0009520
2024-12-20 22:30:36 - INFO - epoch-226, train_loss-0.0004314, val_loss-0.0009496
2024-12-20 22:31:14 - INFO - epoch-227, train_loss-0.0004250, val_loss-0.0009587
2024-12-20 22:32:55 - INFO - epoch-228, train_loss-0.0004264, val_loss-0.0009770
2024-12-20 22:34:45 - INFO - epoch-229, train_loss-0.0004236, val_loss-0.0009831
2024-12-20 22:35:23 - INFO - epoch-230, train_loss-0.0004152, val_loss-0.0009900
2024-12-20 22:36:01 - INFO - epoch-231, train_loss-0.0004129, val_loss-0.0009960
2024-12-20 22:36:39 - INFO - epoch-232, train_loss-0.0004111, val_loss-0.0010035
2024-12-20 22:37:16 - INFO - epoch-233, train_loss-0.0004084, val_loss-0.0009978
2024-12-20 22:37:54 - INFO - epoch-234, train_loss-0.0004035, val_loss-0.0009994
2024-12-20 22:38:32 - INFO - epoch-235, train_loss-0.0004033, val_loss-0.0010006
2024-12-20 22:39:10 - INFO - epoch-236, train_loss-0.0004009, val_loss-0.0010201
2024-12-20 22:39:48 - INFO - epoch-237, train_loss-0.0004014, val_loss-0.0010665
2024-12-20 22:40:26 - INFO - epoch-238, train_loss-0.0004016, val_loss-0.0010793
2024-12-20 22:41:04 - INFO - epoch-239, train_loss-0.0003982, val_loss-0.0010760
2024-12-20 22:41:42 - INFO - epoch-240, train_loss-0.0003957, val_loss-0.0010433
2024-12-20 22:42:20 - INFO - epoch-241, train_loss-0.0003952, val_loss-0.0010425
2024-12-20 22:42:57 - INFO - epoch-242, train_loss-0.0003956, val_loss-0.0011493
2024-12-20 22:43:35 - INFO - epoch-243, train_loss-0.0003951, val_loss-0.0010991
2024-12-20 22:44:13 - INFO - epoch-244, train_loss-0.0003932, val_loss-0.0010704
2024-12-20 22:44:51 - INFO - epoch-245, train_loss-0.0003926, val_loss-0.0011041
2024-12-20 22:45:29 - INFO - epoch-246, train_loss-0.0003931, val_loss-0.0012160
2024-12-20 22:46:07 - INFO - epoch-247, train_loss-0.0003933, val_loss-0.0013414
2024-12-20 22:46:44 - INFO - epoch-248, train_loss-0.0003939, val_loss-0.0013462
2024-12-20 22:47:22 - INFO - epoch-249, train_loss-0.0003908, val_loss-0.0011460
2024-12-20 22:48:00 - INFO - epoch-250, train_loss-0.0003878, val_loss-0.0012092
2024-12-20 22:48:38 - INFO - epoch-251, train_loss-0.0003885, val_loss-0.0010736
2024-12-20 22:49:16 - INFO - epoch-252, train_loss-0.0003876, val_loss-0.0012626
2024-12-20 22:49:53 - INFO - epoch-253, train_loss-0.0003864, val_loss-0.0014742
2024-12-20 22:50:31 - INFO - epoch-254, train_loss-0.0003840, val_loss-0.0012144
2024-12-20 22:51:10 - INFO - epoch-255, train_loss-0.0003828, val_loss-0.0011624
2024-12-20 22:51:49 - INFO - epoch-256, train_loss-0.0003817, val_loss-0.0011189
2024-12-20 22:52:27 - INFO - epoch-257, train_loss-0.0003806, val_loss-0.0012395
2024-12-20 22:53:05 - INFO - epoch-258, train_loss-0.0003800, val_loss-0.0012170
2024-12-20 22:53:44 - INFO - epoch-259, train_loss-0.0003830, val_loss-0.0013130
2024-12-20 22:54:22 - INFO - epoch-260, train_loss-0.0003823, val_loss-0.0013435
2024-12-20 22:54:59 - INFO - epoch-261, train_loss-0.0003845, val_loss-0.0012235
2024-12-20 22:55:37 - INFO - epoch-262, train_loss-0.0003820, val_loss-0.0015562
2024-12-20 22:56:15 - INFO - epoch-263, train_loss-0.0003786, val_loss-0.0013025
2024-12-20 22:56:53 - INFO - epoch-264, train_loss-0.0003891, val_loss-0.0014137
2024-12-20 22:57:31 - INFO - epoch-265, train_loss-0.0003676, val_loss-0.0012797
2024-12-20 22:58:09 - INFO - epoch-266, train_loss-0.0003682, val_loss-0.0011747
2024-12-20 22:58:46 - INFO - epoch-267, train_loss-0.0003710, val_loss-0.0012722
2024-12-20 22:59:24 - INFO - epoch-268, train_loss-0.0003729, val_loss-0.0012340
2024-12-20 23:00:02 - INFO - epoch-269, train_loss-0.0004361, val_loss-0.0015456
2024-12-20 23:00:40 - INFO - epoch-270, train_loss-0.0003617, val_loss-0.0015296
2024-12-20 23:01:18 - INFO - epoch-271, train_loss-0.0003603, val_loss-0.0014357
2024-12-20 23:01:57 - INFO - epoch-272, train_loss-0.0003681, val_loss-0.0014938
2024-12-20 23:02:34 - INFO - epoch-273, train_loss-0.0003801, val_loss-0.0014672
2024-12-20 23:03:12 - INFO - epoch-274, train_loss-0.0003795, val_loss-0.0014625
2024-12-20 23:03:50 - INFO - epoch-275, train_loss-0.0003769, val_loss-0.0015221
2024-12-20 23:04:28 - INFO - epoch-276, train_loss-0.0003733, val_loss-0.0014506
2024-12-20 23:05:06 - INFO - epoch-277, train_loss-0.0003694, val_loss-0.0014163
2024-12-20 23:05:44 - INFO - epoch-278, train_loss-0.0003701, val_loss-0.0014381
2024-12-20 23:06:21 - INFO - epoch-279, train_loss-0.0003720, val_loss-0.0015058
2024-12-20 23:06:59 - INFO - epoch-280, train_loss-0.0003742, val_loss-0.0013695
2024-12-20 23:07:37 - INFO - epoch-281, train_loss-0.0003734, val_loss-0.0017481
2024-12-20 23:08:15 - INFO - epoch-282, train_loss-0.0003742, val_loss-0.0023015
2024-12-20 23:08:53 - INFO - epoch-283, train_loss-0.0003715, val_loss-0.0030013
2024-12-20 23:09:31 - INFO - epoch-284, train_loss-0.0003670, val_loss-0.0036655
2024-12-20 23:10:10 - INFO - epoch-285, train_loss-0.0003660, val_loss-0.0017648
2024-12-20 23:10:47 - INFO - epoch-286, train_loss-0.0012114, val_loss-0.0009563
2024-12-20 23:11:25 - INFO - epoch-287, train_loss-0.0006538, val_loss-0.0009236
2024-12-20 23:12:03 - INFO - epoch-288, train_loss-0.0006519, val_loss-0.0009107
2024-12-20 23:12:40 - INFO - epoch-289, train_loss-0.0006509, val_loss-0.0009053
2024-12-20 23:13:19 - INFO - epoch-290, train_loss-0.0006503, val_loss-0.0009015
2024-12-20 23:13:57 - INFO - epoch-291, train_loss-0.0006500, val_loss-0.0008811
2024-12-20 23:14:34 - INFO - epoch-292, train_loss-0.0006497, val_loss-0.0008751
2024-12-20 23:15:13 - INFO - epoch-293, train_loss-0.0006494, val_loss-0.0008775
2024-12-20 23:15:51 - INFO - epoch-294, train_loss-0.0006492, val_loss-0.0008827
2024-12-20 23:16:28 - INFO - epoch-295, train_loss-0.0006489, val_loss-0.0008899
2024-12-20 23:17:06 - INFO - epoch-296, train_loss-0.0006487, val_loss-0.0008955
2024-12-20 23:17:44 - INFO - epoch-297, train_loss-0.0006485, val_loss-0.0008977
2024-12-20 23:18:21 - INFO - epoch-298, train_loss-0.0006482, val_loss-0.0009062
2024-12-20 23:18:59 - INFO - epoch-299, train_loss-0.0006480, val_loss-0.0009041
